[2025-10-29T07:39:06.060+0700] {local_task_job_runner.py:120} INFO - ::group::Pre task execution logs
[2025-10-29T07:39:06.070+0700] {taskinstance.py:2073} INFO - Dependencies all met for dep_context=non-requeueable deps ti=<TaskInstance: absa_streaming_lifecycle_demo1.monitor_stream scheduled__2025-10-28T23:00:00+00:00 [queued]>
[2025-10-29T07:39:06.074+0700] {taskinstance.py:2073} INFO - Dependencies all met for dep_context=requeueable deps ti=<TaskInstance: absa_streaming_lifecycle_demo1.monitor_stream scheduled__2025-10-28T23:00:00+00:00 [queued]>
[2025-10-29T07:39:06.074+0700] {taskinstance.py:2303} INFO - Starting attempt 1 of 3
[2025-10-29T07:39:06.081+0700] {taskinstance.py:2327} INFO - Executing <Task(PythonOperator): monitor_stream> on 2025-10-28 23:00:00+00:00
[2025-10-29T07:39:06.086+0700] {warnings.py:110} WARNING - /home/***/.local/lib/python3.12/site-packages/***/task/task_runner/standard_task_runner.py:61: DeprecationWarning: This process (pid=23339) is multi-threaded, use of fork() may lead to deadlocks in the child.
  pid = os.fork()

[2025-10-29T07:39:06.087+0700] {standard_task_runner.py:63} INFO - Started process 23341 to run task
[2025-10-29T07:39:06.088+0700] {standard_task_runner.py:90} INFO - Running: ['***', 'tasks', 'run', 'absa_streaming_lifecycle_demo1', 'monitor_stream', 'scheduled__2025-10-28T23:00:00+00:00', '--job-id', '29', '--raw', '--subdir', 'DAGS_FOLDER/absa_streaming_lifecycle_dag1.py', '--cfg-path', '/tmp/tmpev2gcsr_']
[2025-10-29T07:39:06.089+0700] {standard_task_runner.py:91} INFO - Job 29: Subtask monitor_stream
[2025-10-29T07:39:06.111+0700] {task_command.py:426} INFO - Running <TaskInstance: absa_streaming_lifecycle_demo1.monitor_stream scheduled__2025-10-28T23:00:00+00:00 [running]> on host 6f0586100d56
[2025-10-29T07:39:06.154+0700] {taskinstance.py:2644} INFO - Exporting env vars: AIRFLOW_CTX_DAG_OWNER='***' AIRFLOW_CTX_DAG_ID='absa_streaming_lifecycle_demo1' AIRFLOW_CTX_TASK_ID='monitor_stream' AIRFLOW_CTX_EXECUTION_DATE='2025-10-28T23:00:00+00:00' AIRFLOW_CTX_TRY_NUMBER='1' AIRFLOW_CTX_DAG_RUN_ID='scheduled__2025-10-28T23:00:00+00:00'
[2025-10-29T07:39:06.155+0700] {taskinstance.py:430} INFO - ::endgroup::
[2025-10-29T07:39:06.155+0700] {logging_mixin.py:188} INFO - [Monitor] Checking streaming job checkpoint...
[2025-10-29T07:39:06.158+0700] {logging_mixin.py:188} INFO - [Monitor] Checkpoint exists (748K) → job running normally.
[2025-10-29T07:39:06.158+0700] {python.py:237} INFO - Done. Returned value was: None
[2025-10-29T07:39:06.158+0700] {taskinstance.py:441} INFO - ::group::Post task execution logs
[2025-10-29T07:39:06.162+0700] {taskinstance.py:1205} INFO - Marking task as SUCCESS. dag_id=absa_streaming_lifecycle_demo1, task_id=monitor_stream, execution_date=20251028T230000, start_date=20251029T003906, end_date=20251029T003906
[2025-10-29T07:39:06.180+0700] {local_task_job_runner.py:240} INFO - Task exited with return code 0
[2025-10-29T07:39:06.191+0700] {taskinstance.py:3482} INFO - 1 downstream tasks scheduled from follow-on schedule check
[2025-10-29T07:39:06.192+0700] {local_task_job_runner.py:222} INFO - ::endgroup::
