[2025-10-29T03:15:48.381+0700] {local_task_job_runner.py:120} INFO - ::group::Pre task execution logs
[2025-10-29T03:15:48.406+0700] {taskinstance.py:2073} INFO - Dependencies all met for dep_context=non-requeueable deps ti=<TaskInstance: absa_streaming_lifecycle_demo1.deploy_consumer scheduled__2025-10-28T19:00:00+00:00 [queued]>
[2025-10-29T03:15:48.416+0700] {taskinstance.py:2073} INFO - Dependencies all met for dep_context=requeueable deps ti=<TaskInstance: absa_streaming_lifecycle_demo1.deploy_consumer scheduled__2025-10-28T19:00:00+00:00 [queued]>
[2025-10-29T03:15:48.417+0700] {taskinstance.py:2303} INFO - Starting attempt 5 of 10
[2025-10-29T03:15:48.446+0700] {taskinstance.py:2327} INFO - Executing <Task(BashOperator): deploy_consumer> on 2025-10-28 19:00:00+00:00
[2025-10-29T03:15:48.461+0700] {warnings.py:110} WARNING - /home/***/.local/lib/python3.12/site-packages/***/task/task_runner/standard_task_runner.py:61: DeprecationWarning: This process (pid=3536) is multi-threaded, use of fork() may lead to deadlocks in the child.
  pid = os.fork()

[2025-10-29T03:15:48.462+0700] {standard_task_runner.py:63} INFO - Started process 3581 to run task
[2025-10-29T03:15:48.462+0700] {standard_task_runner.py:90} INFO - Running: ['***', 'tasks', 'run', 'absa_streaming_lifecycle_demo1', 'deploy_consumer', 'scheduled__2025-10-28T19:00:00+00:00', '--job-id', '14', '--raw', '--subdir', 'DAGS_FOLDER/absa_streaming_lifecycle_dag1.py', '--cfg-path', '/tmp/tmp5u_g7ijd']
[2025-10-29T03:15:48.465+0700] {standard_task_runner.py:91} INFO - Job 14: Subtask deploy_consumer
[2025-10-29T03:15:48.525+0700] {task_command.py:426} INFO - Running <TaskInstance: absa_streaming_lifecycle_demo1.deploy_consumer scheduled__2025-10-28T19:00:00+00:00 [running]> on host dfeadd712fc3
[2025-10-29T03:15:48.634+0700] {taskinstance.py:2644} INFO - Exporting env vars: AIRFLOW_CTX_DAG_OWNER='***' AIRFLOW_CTX_DAG_ID='absa_streaming_lifecycle_demo1' AIRFLOW_CTX_TASK_ID='deploy_consumer' AIRFLOW_CTX_EXECUTION_DATE='2025-10-28T19:00:00+00:00' AIRFLOW_CTX_TRY_NUMBER='5' AIRFLOW_CTX_DAG_RUN_ID='scheduled__2025-10-28T19:00:00+00:00'
[2025-10-29T03:15:48.636+0700] {taskinstance.py:430} INFO - ::endgroup::
[2025-10-29T03:15:48.638+0700] {subprocess.py:63} INFO - Tmp dir root location: /tmp
[2025-10-29T03:15:48.638+0700] {subprocess.py:75} INFO - Running command: ['/usr/bin/bash', '-c', 'bash -c "timeout 45m /opt/***/projects/absa_streaming/scripts/run_consumer.sh"']
[2025-10-29T03:15:48.659+0700] {subprocess.py:86} INFO - Output:
[2025-10-29T03:15:48.668+0700] {subprocess.py:93} INFO - [Consumer] Starting Spark Structured Streaming job...
[2025-10-29T03:15:48.718+0700] {subprocess.py:93} INFO - /home/***/.local/lib/python3.12/site-packages/pyspark/bin/load-spark-env.sh: line 68: ps: command not found
[2025-10-29T03:15:49.830+0700] {subprocess.py:93} INFO - :: loading settings :: url = jar:file:/home/***/.local/lib/python3.12/site-packages/pyspark/jars/ivy-2.5.1.jar!/org/apache/ivy/core/settings/ivysettings.xml
[2025-10-29T03:15:49.887+0700] {subprocess.py:93} INFO - Ivy Default Cache set to: /home/***/.ivy2/cache
[2025-10-29T03:15:49.887+0700] {subprocess.py:93} INFO - The jars for the packages stored in: /home/***/.ivy2/jars
[2025-10-29T03:15:49.890+0700] {subprocess.py:93} INFO - org.apache.spark#spark-sql-kafka-0-10_2.12 added as a dependency
[2025-10-29T03:15:49.890+0700] {subprocess.py:93} INFO - org.postgresql#postgresql added as a dependency
[2025-10-29T03:15:49.891+0700] {subprocess.py:93} INFO - :: resolving dependencies :: org.apache.spark#spark-submit-parent-7e43d3e3-8ddc-4456-9c1a-42247a755698;1.0
[2025-10-29T03:15:49.891+0700] {subprocess.py:93} INFO - 	confs: [default]
[2025-10-29T03:15:50.061+0700] {subprocess.py:93} INFO - 	found org.apache.spark#spark-sql-kafka-0-10_2.12;3.5.1 in central
[2025-10-29T03:15:50.122+0700] {subprocess.py:93} INFO - 	found org.apache.spark#spark-token-provider-kafka-0-10_2.12;3.5.1 in central
[2025-10-29T03:15:50.151+0700] {subprocess.py:93} INFO - 	found org.apache.kafka#kafka-clients;3.4.1 in central
[2025-10-29T03:15:50.175+0700] {subprocess.py:93} INFO - 	found org.lz4#lz4-java;1.8.0 in central
[2025-10-29T03:15:50.196+0700] {subprocess.py:93} INFO - 	found org.xerial.snappy#snappy-java;1.1.10.3 in central
[2025-10-29T03:15:50.223+0700] {subprocess.py:93} INFO - 	found org.slf4j#slf4j-api;2.0.7 in central
[2025-10-29T03:15:50.250+0700] {subprocess.py:93} INFO - 	found org.apache.hadoop#hadoop-client-runtime;3.3.4 in central
[2025-10-29T03:15:50.281+0700] {subprocess.py:93} INFO - 	found org.apache.hadoop#hadoop-client-api;3.3.4 in central
[2025-10-29T03:15:50.313+0700] {subprocess.py:93} INFO - 	found commons-logging#commons-logging;1.1.3 in central
[2025-10-29T03:15:50.335+0700] {subprocess.py:93} INFO - 	found com.google.code.findbugs#jsr305;3.0.0 in central
[2025-10-29T03:15:50.352+0700] {subprocess.py:93} INFO - 	found org.apache.commons#commons-pool2;2.11.1 in central
[2025-10-29T03:15:50.366+0700] {subprocess.py:93} INFO - 	found org.postgresql#postgresql;42.6.0 in central
[2025-10-29T03:15:50.380+0700] {subprocess.py:93} INFO - 	found org.checkerframework#checker-qual;3.31.0 in central
[2025-10-29T03:15:50.411+0700] {subprocess.py:93} INFO - :: resolution report :: resolve 503ms :: artifacts dl 17ms
[2025-10-29T03:15:50.412+0700] {subprocess.py:93} INFO - 	:: modules in use:
[2025-10-29T03:15:50.412+0700] {subprocess.py:93} INFO - 	com.google.code.findbugs#jsr305;3.0.0 from central in [default]
[2025-10-29T03:15:50.412+0700] {subprocess.py:93} INFO - 	commons-logging#commons-logging;1.1.3 from central in [default]
[2025-10-29T03:15:50.413+0700] {subprocess.py:93} INFO - 	org.apache.commons#commons-pool2;2.11.1 from central in [default]
[2025-10-29T03:15:50.413+0700] {subprocess.py:93} INFO - 	org.apache.hadoop#hadoop-client-api;3.3.4 from central in [default]
[2025-10-29T03:15:50.413+0700] {subprocess.py:93} INFO - 	org.apache.hadoop#hadoop-client-runtime;3.3.4 from central in [default]
[2025-10-29T03:15:50.414+0700] {subprocess.py:93} INFO - 	org.apache.kafka#kafka-clients;3.4.1 from central in [default]
[2025-10-29T03:15:50.414+0700] {subprocess.py:93} INFO - 	org.apache.spark#spark-sql-kafka-0-10_2.12;3.5.1 from central in [default]
[2025-10-29T03:15:50.414+0700] {subprocess.py:93} INFO - 	org.apache.spark#spark-token-provider-kafka-0-10_2.12;3.5.1 from central in [default]
[2025-10-29T03:15:50.414+0700] {subprocess.py:93} INFO - 	org.checkerframework#checker-qual;3.31.0 from central in [default]
[2025-10-29T03:15:50.414+0700] {subprocess.py:93} INFO - 	org.lz4#lz4-java;1.8.0 from central in [default]
[2025-10-29T03:15:50.414+0700] {subprocess.py:93} INFO - 	org.postgresql#postgresql;42.6.0 from central in [default]
[2025-10-29T03:15:50.415+0700] {subprocess.py:93} INFO - 	org.slf4j#slf4j-api;2.0.7 from central in [default]
[2025-10-29T03:15:50.415+0700] {subprocess.py:93} INFO - 	org.xerial.snappy#snappy-java;1.1.10.3 from central in [default]
[2025-10-29T03:15:50.415+0700] {subprocess.py:93} INFO - 	---------------------------------------------------------------------
[2025-10-29T03:15:50.416+0700] {subprocess.py:93} INFO - 	|                  |            modules            ||   artifacts   |
[2025-10-29T03:15:50.416+0700] {subprocess.py:93} INFO - 	|       conf       | number| search|dwnlded|evicted|| number|dwnlded|
[2025-10-29T03:15:50.416+0700] {subprocess.py:93} INFO - 	---------------------------------------------------------------------
[2025-10-29T03:15:50.417+0700] {subprocess.py:93} INFO - 	|      default     |   13  |   0   |   0   |   0   ||   13  |   0   |
[2025-10-29T03:15:50.417+0700] {subprocess.py:93} INFO - 	---------------------------------------------------------------------
[2025-10-29T03:15:50.419+0700] {subprocess.py:93} INFO - :: retrieving :: org.apache.spark#spark-submit-parent-7e43d3e3-8ddc-4456-9c1a-42247a755698
[2025-10-29T03:15:50.419+0700] {subprocess.py:93} INFO - 	confs: [default]
[2025-10-29T03:15:50.430+0700] {subprocess.py:93} INFO - 	0 artifacts copied, 13 already retrieved (0kB/11ms)
[2025-10-29T03:15:50.601+0700] {subprocess.py:93} INFO - 25/10/29 03:15:50 WARN NativeCodeLoader: Unable to load native-hadoop library for your platform... using builtin-java classes where applicable
[2025-10-29T03:15:54.537+0700] {subprocess.py:93} INFO - There was a problem when trying to write in your cache folder (/home/***/.cache/huggingface/hub). You should set the environment variable TRANSFORMERS_CACHE to a writable directory.
[2025-10-29T03:15:54.682+0700] {subprocess.py:93} INFO - 25/10/29 03:15:54 INFO SparkContext: Running Spark version 3.5.1
[2025-10-29T03:15:54.682+0700] {subprocess.py:93} INFO - 25/10/29 03:15:54 INFO SparkContext: OS info Linux, 6.14.0-33-generic, amd64
[2025-10-29T03:15:54.683+0700] {subprocess.py:93} INFO - 25/10/29 03:15:54 INFO SparkContext: Java version 17.0.17
[2025-10-29T03:15:54.699+0700] {subprocess.py:93} INFO - 25/10/29 03:15:54 INFO ResourceUtils: ==============================================================
[2025-10-29T03:15:54.700+0700] {subprocess.py:93} INFO - 25/10/29 03:15:54 INFO ResourceUtils: No custom resources configured for spark.driver.
[2025-10-29T03:15:54.700+0700] {subprocess.py:93} INFO - 25/10/29 03:15:54 INFO ResourceUtils: ==============================================================
[2025-10-29T03:15:54.700+0700] {subprocess.py:93} INFO - 25/10/29 03:15:54 INFO SparkContext: Submitted application: Kafka_ABSA_Postgres
[2025-10-29T03:15:54.716+0700] {subprocess.py:93} INFO - 25/10/29 03:15:54 INFO ResourceProfile: Default ResourceProfile created, executor resources: Map(cores -> name: cores, amount: 1, script: , vendor: , memory -> name: memory, amount: 1024, script: , vendor: , offHeap -> name: offHeap, amount: 0, script: , vendor: ), task resources: Map(cpus -> name: cpus, amount: 1.0)
[2025-10-29T03:15:54.723+0700] {subprocess.py:93} INFO - 25/10/29 03:15:54 INFO ResourceProfile: Limiting resource is cpu
[2025-10-29T03:15:54.723+0700] {subprocess.py:93} INFO - 25/10/29 03:15:54 INFO ResourceProfileManager: Added ResourceProfile id: 0
[2025-10-29T03:15:54.763+0700] {subprocess.py:93} INFO - 25/10/29 03:15:54 INFO SecurityManager: Changing view acls to: default
[2025-10-29T03:15:54.763+0700] {subprocess.py:93} INFO - 25/10/29 03:15:54 INFO SecurityManager: Changing modify acls to: default
[2025-10-29T03:15:54.764+0700] {subprocess.py:93} INFO - 25/10/29 03:15:54 INFO SecurityManager: Changing view acls groups to:
[2025-10-29T03:15:54.764+0700] {subprocess.py:93} INFO - 25/10/29 03:15:54 INFO SecurityManager: Changing modify acls groups to:
[2025-10-29T03:15:54.764+0700] {subprocess.py:93} INFO - 25/10/29 03:15:54 INFO SecurityManager: SecurityManager: authentication disabled; ui acls disabled; users with view permissions: default; groups with view permissions: EMPTY; users with modify permissions: default; groups with modify permissions: EMPTY
[2025-10-29T03:15:54.906+0700] {subprocess.py:93} INFO - 25/10/29 03:15:54 INFO Utils: Successfully started service 'sparkDriver' on port 39067.
[2025-10-29T03:15:54.926+0700] {subprocess.py:93} INFO - 25/10/29 03:15:54 INFO SparkEnv: Registering MapOutputTracker
[2025-10-29T03:15:54.949+0700] {subprocess.py:93} INFO - 25/10/29 03:15:54 INFO SparkEnv: Registering BlockManagerMaster
[2025-10-29T03:15:54.961+0700] {subprocess.py:93} INFO - 25/10/29 03:15:54 INFO BlockManagerMasterEndpoint: Using org.apache.spark.storage.DefaultTopologyMapper for getting topology information
[2025-10-29T03:15:54.962+0700] {subprocess.py:93} INFO - 25/10/29 03:15:54 INFO BlockManagerMasterEndpoint: BlockManagerMasterEndpoint up
[2025-10-29T03:15:54.964+0700] {subprocess.py:93} INFO - 25/10/29 03:15:54 INFO SparkEnv: Registering BlockManagerMasterHeartbeat
[2025-10-29T03:15:54.979+0700] {subprocess.py:93} INFO - 25/10/29 03:15:54 INFO DiskBlockManager: Created local directory at /tmp/blockmgr-868bbe09-3070-4bca-b4f7-33d3b6343bad
[2025-10-29T03:15:54.990+0700] {subprocess.py:93} INFO - 25/10/29 03:15:54 INFO MemoryStore: MemoryStore started with capacity 434.4 MiB
[2025-10-29T03:15:55.003+0700] {subprocess.py:93} INFO - 25/10/29 03:15:55 INFO SparkEnv: Registering OutputCommitCoordinator
[2025-10-29T03:15:55.097+0700] {subprocess.py:93} INFO - 25/10/29 03:15:55 INFO JettyUtils: Start Jetty 0.0.0.0:4040 for SparkUI
[2025-10-29T03:15:55.135+0700] {subprocess.py:93} INFO - 25/10/29 03:15:55 WARN Utils: Service 'SparkUI' could not bind on port 4040. Attempting port 4041.
[2025-10-29T03:15:55.141+0700] {subprocess.py:93} INFO - 25/10/29 03:15:55 INFO Utils: Successfully started service 'SparkUI' on port 4041.
[2025-10-29T03:15:55.170+0700] {subprocess.py:93} INFO - 25/10/29 03:15:55 INFO SparkContext: Added JAR file:///home/***/.ivy2/jars/org.apache.spark_spark-sql-kafka-0-10_2.12-3.5.1.jar at spark://dfeadd712fc3:39067/jars/org.apache.spark_spark-sql-kafka-0-10_2.12-3.5.1.jar with timestamp 1761682554677
[2025-10-29T03:15:55.170+0700] {subprocess.py:93} INFO - 25/10/29 03:15:55 INFO SparkContext: Added JAR file:///home/***/.ivy2/jars/org.postgresql_postgresql-42.6.0.jar at spark://dfeadd712fc3:39067/jars/org.postgresql_postgresql-42.6.0.jar with timestamp 1761682554677
[2025-10-29T03:15:55.171+0700] {subprocess.py:93} INFO - 25/10/29 03:15:55 INFO SparkContext: Added JAR file:///home/***/.ivy2/jars/org.apache.spark_spark-token-provider-kafka-0-10_2.12-3.5.1.jar at spark://dfeadd712fc3:39067/jars/org.apache.spark_spark-token-provider-kafka-0-10_2.12-3.5.1.jar with timestamp 1761682554677
[2025-10-29T03:15:55.171+0700] {subprocess.py:93} INFO - 25/10/29 03:15:55 INFO SparkContext: Added JAR file:///home/***/.ivy2/jars/org.apache.kafka_kafka-clients-3.4.1.jar at spark://dfeadd712fc3:39067/jars/org.apache.kafka_kafka-clients-3.4.1.jar with timestamp 1761682554677
[2025-10-29T03:15:55.172+0700] {subprocess.py:93} INFO - 25/10/29 03:15:55 INFO SparkContext: Added JAR file:///home/***/.ivy2/jars/com.google.code.findbugs_jsr305-3.0.0.jar at spark://dfeadd712fc3:39067/jars/com.google.code.findbugs_jsr305-3.0.0.jar with timestamp 1761682554677
[2025-10-29T03:15:55.172+0700] {subprocess.py:93} INFO - 25/10/29 03:15:55 INFO SparkContext: Added JAR file:///home/***/.ivy2/jars/org.apache.commons_commons-pool2-2.11.1.jar at spark://dfeadd712fc3:39067/jars/org.apache.commons_commons-pool2-2.11.1.jar with timestamp 1761682554677
[2025-10-29T03:15:55.172+0700] {subprocess.py:93} INFO - 25/10/29 03:15:55 INFO SparkContext: Added JAR file:///home/***/.ivy2/jars/org.apache.hadoop_hadoop-client-runtime-3.3.4.jar at spark://dfeadd712fc3:39067/jars/org.apache.hadoop_hadoop-client-runtime-3.3.4.jar with timestamp 1761682554677
[2025-10-29T03:15:55.172+0700] {subprocess.py:93} INFO - 25/10/29 03:15:55 INFO SparkContext: Added JAR file:///home/***/.ivy2/jars/org.lz4_lz4-java-1.8.0.jar at spark://dfeadd712fc3:39067/jars/org.lz4_lz4-java-1.8.0.jar with timestamp 1761682554677
[2025-10-29T03:15:55.173+0700] {subprocess.py:93} INFO - 25/10/29 03:15:55 INFO SparkContext: Added JAR file:///home/***/.ivy2/jars/org.xerial.snappy_snappy-java-1.1.10.3.jar at spark://dfeadd712fc3:39067/jars/org.xerial.snappy_snappy-java-1.1.10.3.jar with timestamp 1761682554677
[2025-10-29T03:15:55.173+0700] {subprocess.py:93} INFO - 25/10/29 03:15:55 INFO SparkContext: Added JAR file:///home/***/.ivy2/jars/org.slf4j_slf4j-api-2.0.7.jar at spark://dfeadd712fc3:39067/jars/org.slf4j_slf4j-api-2.0.7.jar with timestamp 1761682554677
[2025-10-29T03:15:55.173+0700] {subprocess.py:93} INFO - 25/10/29 03:15:55 INFO SparkContext: Added JAR file:///home/***/.ivy2/jars/org.apache.hadoop_hadoop-client-api-3.3.4.jar at spark://dfeadd712fc3:39067/jars/org.apache.hadoop_hadoop-client-api-3.3.4.jar with timestamp 1761682554677
[2025-10-29T03:15:55.173+0700] {subprocess.py:93} INFO - 25/10/29 03:15:55 INFO SparkContext: Added JAR file:///home/***/.ivy2/jars/commons-logging_commons-logging-1.1.3.jar at spark://dfeadd712fc3:39067/jars/commons-logging_commons-logging-1.1.3.jar with timestamp 1761682554677
[2025-10-29T03:15:55.174+0700] {subprocess.py:93} INFO - 25/10/29 03:15:55 INFO SparkContext: Added JAR file:///home/***/.ivy2/jars/org.checkerframework_checker-qual-3.31.0.jar at spark://dfeadd712fc3:39067/jars/org.checkerframework_checker-qual-3.31.0.jar with timestamp 1761682554677
[2025-10-29T03:15:55.174+0700] {subprocess.py:93} INFO - 25/10/29 03:15:55 INFO SparkContext: Added file file:///home/***/.ivy2/jars/org.apache.spark_spark-sql-kafka-0-10_2.12-3.5.1.jar at file:///home/***/.ivy2/jars/org.apache.spark_spark-sql-kafka-0-10_2.12-3.5.1.jar with timestamp 1761682554677
[2025-10-29T03:15:55.174+0700] {subprocess.py:93} INFO - 25/10/29 03:15:55 INFO Utils: Copying /home/***/.ivy2/jars/org.apache.spark_spark-sql-kafka-0-10_2.12-3.5.1.jar to /tmp/spark-a44431a4-d686-4d63-af70-9645f2a19cfd/userFiles-d12a221c-e1d4-474b-88b4-502db6fbf675/org.apache.spark_spark-sql-kafka-0-10_2.12-3.5.1.jar
[2025-10-29T03:15:55.183+0700] {subprocess.py:93} INFO - 25/10/29 03:15:55 INFO SparkContext: Added file file:///home/***/.ivy2/jars/org.postgresql_postgresql-42.6.0.jar at file:///home/***/.ivy2/jars/org.postgresql_postgresql-42.6.0.jar with timestamp 1761682554677
[2025-10-29T03:15:55.183+0700] {subprocess.py:93} INFO - 25/10/29 03:15:55 INFO Utils: Copying /home/***/.ivy2/jars/org.postgresql_postgresql-42.6.0.jar to /tmp/spark-a44431a4-d686-4d63-af70-9645f2a19cfd/userFiles-d12a221c-e1d4-474b-88b4-502db6fbf675/org.postgresql_postgresql-42.6.0.jar
[2025-10-29T03:15:55.188+0700] {subprocess.py:93} INFO - 25/10/29 03:15:55 INFO SparkContext: Added file file:///home/***/.ivy2/jars/org.apache.spark_spark-token-provider-kafka-0-10_2.12-3.5.1.jar at file:///home/***/.ivy2/jars/org.apache.spark_spark-token-provider-kafka-0-10_2.12-3.5.1.jar with timestamp 1761682554677
[2025-10-29T03:15:55.189+0700] {subprocess.py:93} INFO - 25/10/29 03:15:55 INFO Utils: Copying /home/***/.ivy2/jars/org.apache.spark_spark-token-provider-kafka-0-10_2.12-3.5.1.jar to /tmp/spark-a44431a4-d686-4d63-af70-9645f2a19cfd/userFiles-d12a221c-e1d4-474b-88b4-502db6fbf675/org.apache.spark_spark-token-provider-kafka-0-10_2.12-3.5.1.jar
[2025-10-29T03:15:55.193+0700] {subprocess.py:93} INFO - 25/10/29 03:15:55 INFO SparkContext: Added file file:///home/***/.ivy2/jars/org.apache.kafka_kafka-clients-3.4.1.jar at file:///home/***/.ivy2/jars/org.apache.kafka_kafka-clients-3.4.1.jar with timestamp 1761682554677
[2025-10-29T03:15:55.193+0700] {subprocess.py:93} INFO - 25/10/29 03:15:55 INFO Utils: Copying /home/***/.ivy2/jars/org.apache.kafka_kafka-clients-3.4.1.jar to /tmp/spark-a44431a4-d686-4d63-af70-9645f2a19cfd/userFiles-d12a221c-e1d4-474b-88b4-502db6fbf675/org.apache.kafka_kafka-clients-3.4.1.jar
[2025-10-29T03:15:55.201+0700] {subprocess.py:93} INFO - 25/10/29 03:15:55 INFO SparkContext: Added file file:///home/***/.ivy2/jars/com.google.code.findbugs_jsr305-3.0.0.jar at file:///home/***/.ivy2/jars/com.google.code.findbugs_jsr305-3.0.0.jar with timestamp 1761682554677
[2025-10-29T03:15:55.202+0700] {subprocess.py:93} INFO - 25/10/29 03:15:55 INFO Utils: Copying /home/***/.ivy2/jars/com.google.code.findbugs_jsr305-3.0.0.jar to /tmp/spark-a44431a4-d686-4d63-af70-9645f2a19cfd/userFiles-d12a221c-e1d4-474b-88b4-502db6fbf675/com.google.code.findbugs_jsr305-3.0.0.jar
[2025-10-29T03:15:55.206+0700] {subprocess.py:93} INFO - 25/10/29 03:15:55 INFO SparkContext: Added file file:///home/***/.ivy2/jars/org.apache.commons_commons-pool2-2.11.1.jar at file:///home/***/.ivy2/jars/org.apache.commons_commons-pool2-2.11.1.jar with timestamp 1761682554677
[2025-10-29T03:15:55.207+0700] {subprocess.py:93} INFO - 25/10/29 03:15:55 INFO Utils: Copying /home/***/.ivy2/jars/org.apache.commons_commons-pool2-2.11.1.jar to /tmp/spark-a44431a4-d686-4d63-af70-9645f2a19cfd/userFiles-d12a221c-e1d4-474b-88b4-502db6fbf675/org.apache.commons_commons-pool2-2.11.1.jar
[2025-10-29T03:15:55.211+0700] {subprocess.py:93} INFO - 25/10/29 03:15:55 INFO SparkContext: Added file file:///home/***/.ivy2/jars/org.apache.hadoop_hadoop-client-runtime-3.3.4.jar at file:///home/***/.ivy2/jars/org.apache.hadoop_hadoop-client-runtime-3.3.4.jar with timestamp 1761682554677
[2025-10-29T03:15:55.211+0700] {subprocess.py:93} INFO - 25/10/29 03:15:55 INFO Utils: Copying /home/***/.ivy2/jars/org.apache.hadoop_hadoop-client-runtime-3.3.4.jar to /tmp/spark-a44431a4-d686-4d63-af70-9645f2a19cfd/userFiles-d12a221c-e1d4-474b-88b4-502db6fbf675/org.apache.hadoop_hadoop-client-runtime-3.3.4.jar
[2025-10-29T03:15:55.230+0700] {subprocess.py:93} INFO - 25/10/29 03:15:55 INFO SparkContext: Added file file:///home/***/.ivy2/jars/org.lz4_lz4-java-1.8.0.jar at file:///home/***/.ivy2/jars/org.lz4_lz4-java-1.8.0.jar with timestamp 1761682554677
[2025-10-29T03:15:55.231+0700] {subprocess.py:93} INFO - 25/10/29 03:15:55 INFO Utils: Copying /home/***/.ivy2/jars/org.lz4_lz4-java-1.8.0.jar to /tmp/spark-a44431a4-d686-4d63-af70-9645f2a19cfd/userFiles-d12a221c-e1d4-474b-88b4-502db6fbf675/org.lz4_lz4-java-1.8.0.jar
[2025-10-29T03:15:55.236+0700] {subprocess.py:93} INFO - 25/10/29 03:15:55 INFO SparkContext: Added file file:///home/***/.ivy2/jars/org.xerial.snappy_snappy-java-1.1.10.3.jar at file:///home/***/.ivy2/jars/org.xerial.snappy_snappy-java-1.1.10.3.jar with timestamp 1761682554677
[2025-10-29T03:15:55.236+0700] {subprocess.py:93} INFO - 25/10/29 03:15:55 INFO Utils: Copying /home/***/.ivy2/jars/org.xerial.snappy_snappy-java-1.1.10.3.jar to /tmp/spark-a44431a4-d686-4d63-af70-9645f2a19cfd/userFiles-d12a221c-e1d4-474b-88b4-502db6fbf675/org.xerial.snappy_snappy-java-1.1.10.3.jar
[2025-10-29T03:15:55.240+0700] {subprocess.py:93} INFO - 25/10/29 03:15:55 INFO SparkContext: Added file file:///home/***/.ivy2/jars/org.slf4j_slf4j-api-2.0.7.jar at file:///home/***/.ivy2/jars/org.slf4j_slf4j-api-2.0.7.jar with timestamp 1761682554677
[2025-10-29T03:15:55.241+0700] {subprocess.py:93} INFO - 25/10/29 03:15:55 INFO Utils: Copying /home/***/.ivy2/jars/org.slf4j_slf4j-api-2.0.7.jar to /tmp/spark-a44431a4-d686-4d63-af70-9645f2a19cfd/userFiles-d12a221c-e1d4-474b-88b4-502db6fbf675/org.slf4j_slf4j-api-2.0.7.jar
[2025-10-29T03:15:55.244+0700] {subprocess.py:93} INFO - 25/10/29 03:15:55 INFO SparkContext: Added file file:///home/***/.ivy2/jars/org.apache.hadoop_hadoop-client-api-3.3.4.jar at file:///home/***/.ivy2/jars/org.apache.hadoop_hadoop-client-api-3.3.4.jar with timestamp 1761682554677
[2025-10-29T03:15:55.244+0700] {subprocess.py:93} INFO - 25/10/29 03:15:55 INFO Utils: Copying /home/***/.ivy2/jars/org.apache.hadoop_hadoop-client-api-3.3.4.jar to /tmp/spark-a44431a4-d686-4d63-af70-9645f2a19cfd/userFiles-d12a221c-e1d4-474b-88b4-502db6fbf675/org.apache.hadoop_hadoop-client-api-3.3.4.jar
[2025-10-29T03:15:55.259+0700] {subprocess.py:93} INFO - 25/10/29 03:15:55 INFO SparkContext: Added file file:///home/***/.ivy2/jars/commons-logging_commons-logging-1.1.3.jar at file:///home/***/.ivy2/jars/commons-logging_commons-logging-1.1.3.jar with timestamp 1761682554677
[2025-10-29T03:15:55.259+0700] {subprocess.py:93} INFO - 25/10/29 03:15:55 INFO Utils: Copying /home/***/.ivy2/jars/commons-logging_commons-logging-1.1.3.jar to /tmp/spark-a44431a4-d686-4d63-af70-9645f2a19cfd/userFiles-d12a221c-e1d4-474b-88b4-502db6fbf675/commons-logging_commons-logging-1.1.3.jar
[2025-10-29T03:15:55.264+0700] {subprocess.py:93} INFO - 25/10/29 03:15:55 INFO SparkContext: Added file file:///home/***/.ivy2/jars/org.checkerframework_checker-qual-3.31.0.jar at file:///home/***/.ivy2/jars/org.checkerframework_checker-qual-3.31.0.jar with timestamp 1761682554677
[2025-10-29T03:15:55.264+0700] {subprocess.py:93} INFO - 25/10/29 03:15:55 INFO Utils: Copying /home/***/.ivy2/jars/org.checkerframework_checker-qual-3.31.0.jar to /tmp/spark-a44431a4-d686-4d63-af70-9645f2a19cfd/userFiles-d12a221c-e1d4-474b-88b4-502db6fbf675/org.checkerframework_checker-qual-3.31.0.jar
[2025-10-29T03:15:55.315+0700] {subprocess.py:93} INFO - 25/10/29 03:15:55 INFO Executor: Starting executor ID driver on host dfeadd712fc3
[2025-10-29T03:15:55.315+0700] {subprocess.py:93} INFO - 25/10/29 03:15:55 INFO Executor: OS info Linux, 6.14.0-33-generic, amd64
[2025-10-29T03:15:55.315+0700] {subprocess.py:93} INFO - 25/10/29 03:15:55 INFO Executor: Java version 17.0.17
[2025-10-29T03:15:55.320+0700] {subprocess.py:93} INFO - 25/10/29 03:15:55 INFO Executor: Starting executor with user classpath (userClassPathFirst = false): ''
[2025-10-29T03:15:55.321+0700] {subprocess.py:93} INFO - 25/10/29 03:15:55 INFO Executor: Created or updated repl class loader org.apache.spark.util.MutableURLClassLoader@4b98e0f3 for default.
[2025-10-29T03:15:55.328+0700] {subprocess.py:93} INFO - 25/10/29 03:15:55 INFO Executor: Fetching file:///home/***/.ivy2/jars/org.apache.spark_spark-sql-kafka-0-10_2.12-3.5.1.jar with timestamp 1761682554677
[2025-10-29T03:15:55.345+0700] {subprocess.py:93} INFO - 25/10/29 03:15:55 INFO Utils: /home/***/.ivy2/jars/org.apache.spark_spark-sql-kafka-0-10_2.12-3.5.1.jar has been previously copied to /tmp/spark-a44431a4-d686-4d63-af70-9645f2a19cfd/userFiles-d12a221c-e1d4-474b-88b4-502db6fbf675/org.apache.spark_spark-sql-kafka-0-10_2.12-3.5.1.jar
[2025-10-29T03:15:55.349+0700] {subprocess.py:93} INFO - 25/10/29 03:15:55 INFO Executor: Fetching file:///home/***/.ivy2/jars/org.apache.hadoop_hadoop-client-runtime-3.3.4.jar with timestamp 1761682554677
[2025-10-29T03:15:55.368+0700] {subprocess.py:93} INFO - 25/10/29 03:15:55 INFO Utils: /home/***/.ivy2/jars/org.apache.hadoop_hadoop-client-runtime-3.3.4.jar has been previously copied to /tmp/spark-a44431a4-d686-4d63-af70-9645f2a19cfd/userFiles-d12a221c-e1d4-474b-88b4-502db6fbf675/org.apache.hadoop_hadoop-client-runtime-3.3.4.jar
[2025-10-29T03:15:55.372+0700] {subprocess.py:93} INFO - 25/10/29 03:15:55 INFO Executor: Fetching file:///home/***/.ivy2/jars/org.apache.hadoop_hadoop-client-api-3.3.4.jar with timestamp 1761682554677
[2025-10-29T03:15:55.385+0700] {subprocess.py:93} INFO - 25/10/29 03:15:55 INFO Utils: /home/***/.ivy2/jars/org.apache.hadoop_hadoop-client-api-3.3.4.jar has been previously copied to /tmp/spark-a44431a4-d686-4d63-af70-9645f2a19cfd/userFiles-d12a221c-e1d4-474b-88b4-502db6fbf675/org.apache.hadoop_hadoop-client-api-3.3.4.jar
[2025-10-29T03:15:55.389+0700] {subprocess.py:93} INFO - 25/10/29 03:15:55 INFO Executor: Fetching file:///home/***/.ivy2/jars/org.apache.spark_spark-token-provider-kafka-0-10_2.12-3.5.1.jar with timestamp 1761682554677
[2025-10-29T03:15:55.390+0700] {subprocess.py:93} INFO - 25/10/29 03:15:55 INFO Utils: /home/***/.ivy2/jars/org.apache.spark_spark-token-provider-kafka-0-10_2.12-3.5.1.jar has been previously copied to /tmp/spark-a44431a4-d686-4d63-af70-9645f2a19cfd/userFiles-d12a221c-e1d4-474b-88b4-502db6fbf675/org.apache.spark_spark-token-provider-kafka-0-10_2.12-3.5.1.jar
[2025-10-29T03:15:55.393+0700] {subprocess.py:93} INFO - 25/10/29 03:15:55 INFO Executor: Fetching file:///home/***/.ivy2/jars/com.google.code.findbugs_jsr305-3.0.0.jar with timestamp 1761682554677
[2025-10-29T03:15:55.394+0700] {subprocess.py:93} INFO - 25/10/29 03:15:55 INFO Utils: /home/***/.ivy2/jars/com.google.code.findbugs_jsr305-3.0.0.jar has been previously copied to /tmp/spark-a44431a4-d686-4d63-af70-9645f2a19cfd/userFiles-d12a221c-e1d4-474b-88b4-502db6fbf675/com.google.code.findbugs_jsr305-3.0.0.jar
[2025-10-29T03:15:55.398+0700] {subprocess.py:93} INFO - 25/10/29 03:15:55 INFO Executor: Fetching file:///home/***/.ivy2/jars/org.lz4_lz4-java-1.8.0.jar with timestamp 1761682554677
[2025-10-29T03:15:55.399+0700] {subprocess.py:93} INFO - 25/10/29 03:15:55 INFO Utils: /home/***/.ivy2/jars/org.lz4_lz4-java-1.8.0.jar has been previously copied to /tmp/spark-a44431a4-d686-4d63-af70-9645f2a19cfd/userFiles-d12a221c-e1d4-474b-88b4-502db6fbf675/org.lz4_lz4-java-1.8.0.jar
[2025-10-29T03:15:55.403+0700] {subprocess.py:93} INFO - 25/10/29 03:15:55 INFO Executor: Fetching file:///home/***/.ivy2/jars/org.slf4j_slf4j-api-2.0.7.jar with timestamp 1761682554677
[2025-10-29T03:15:55.403+0700] {subprocess.py:93} INFO - 25/10/29 03:15:55 INFO Utils: /home/***/.ivy2/jars/org.slf4j_slf4j-api-2.0.7.jar has been previously copied to /tmp/spark-a44431a4-d686-4d63-af70-9645f2a19cfd/userFiles-d12a221c-e1d4-474b-88b4-502db6fbf675/org.slf4j_slf4j-api-2.0.7.jar
[2025-10-29T03:15:55.407+0700] {subprocess.py:93} INFO - 25/10/29 03:15:55 INFO Executor: Fetching file:///home/***/.ivy2/jars/org.checkerframework_checker-qual-3.31.0.jar with timestamp 1761682554677
[2025-10-29T03:15:55.407+0700] {subprocess.py:93} INFO - 25/10/29 03:15:55 INFO Utils: /home/***/.ivy2/jars/org.checkerframework_checker-qual-3.31.0.jar has been previously copied to /tmp/spark-a44431a4-d686-4d63-af70-9645f2a19cfd/userFiles-d12a221c-e1d4-474b-88b4-502db6fbf675/org.checkerframework_checker-qual-3.31.0.jar
[2025-10-29T03:15:55.411+0700] {subprocess.py:93} INFO - 25/10/29 03:15:55 INFO Executor: Fetching file:///home/***/.ivy2/jars/org.apache.commons_commons-pool2-2.11.1.jar with timestamp 1761682554677
[2025-10-29T03:15:55.412+0700] {subprocess.py:93} INFO - 25/10/29 03:15:55 INFO Utils: /home/***/.ivy2/jars/org.apache.commons_commons-pool2-2.11.1.jar has been previously copied to /tmp/spark-a44431a4-d686-4d63-af70-9645f2a19cfd/userFiles-d12a221c-e1d4-474b-88b4-502db6fbf675/org.apache.commons_commons-pool2-2.11.1.jar
[2025-10-29T03:15:55.415+0700] {subprocess.py:93} INFO - 25/10/29 03:15:55 INFO Executor: Fetching file:///home/***/.ivy2/jars/commons-logging_commons-logging-1.1.3.jar with timestamp 1761682554677
[2025-10-29T03:15:55.416+0700] {subprocess.py:93} INFO - 25/10/29 03:15:55 INFO Utils: /home/***/.ivy2/jars/commons-logging_commons-logging-1.1.3.jar has been previously copied to /tmp/spark-a44431a4-d686-4d63-af70-9645f2a19cfd/userFiles-d12a221c-e1d4-474b-88b4-502db6fbf675/commons-logging_commons-logging-1.1.3.jar
[2025-10-29T03:15:55.419+0700] {subprocess.py:93} INFO - 25/10/29 03:15:55 INFO Executor: Fetching file:///home/***/.ivy2/jars/org.xerial.snappy_snappy-java-1.1.10.3.jar with timestamp 1761682554677
[2025-10-29T03:15:55.421+0700] {subprocess.py:93} INFO - 25/10/29 03:15:55 INFO Utils: /home/***/.ivy2/jars/org.xerial.snappy_snappy-java-1.1.10.3.jar has been previously copied to /tmp/spark-a44431a4-d686-4d63-af70-9645f2a19cfd/userFiles-d12a221c-e1d4-474b-88b4-502db6fbf675/org.xerial.snappy_snappy-java-1.1.10.3.jar
[2025-10-29T03:15:55.425+0700] {subprocess.py:93} INFO - 25/10/29 03:15:55 INFO Executor: Fetching file:///home/***/.ivy2/jars/org.postgresql_postgresql-42.6.0.jar with timestamp 1761682554677
[2025-10-29T03:15:55.426+0700] {subprocess.py:93} INFO - 25/10/29 03:15:55 INFO Utils: /home/***/.ivy2/jars/org.postgresql_postgresql-42.6.0.jar has been previously copied to /tmp/spark-a44431a4-d686-4d63-af70-9645f2a19cfd/userFiles-d12a221c-e1d4-474b-88b4-502db6fbf675/org.postgresql_postgresql-42.6.0.jar
[2025-10-29T03:15:55.430+0700] {subprocess.py:93} INFO - 25/10/29 03:15:55 INFO Executor: Fetching file:///home/***/.ivy2/jars/org.apache.kafka_kafka-clients-3.4.1.jar with timestamp 1761682554677
[2025-10-29T03:15:55.435+0700] {subprocess.py:93} INFO - 25/10/29 03:15:55 INFO Utils: /home/***/.ivy2/jars/org.apache.kafka_kafka-clients-3.4.1.jar has been previously copied to /tmp/spark-a44431a4-d686-4d63-af70-9645f2a19cfd/userFiles-d12a221c-e1d4-474b-88b4-502db6fbf675/org.apache.kafka_kafka-clients-3.4.1.jar
[2025-10-29T03:15:55.441+0700] {subprocess.py:93} INFO - 25/10/29 03:15:55 INFO Executor: Fetching spark://dfeadd712fc3:39067/jars/org.slf4j_slf4j-api-2.0.7.jar with timestamp 1761682554677
[2025-10-29T03:15:55.470+0700] {subprocess.py:93} INFO - 25/10/29 03:15:55 INFO TransportClientFactory: Successfully created connection to dfeadd712fc3/172.18.0.6:39067 after 20 ms (0 ms spent in bootstraps)
[2025-10-29T03:15:55.479+0700] {subprocess.py:93} INFO - 25/10/29 03:15:55 INFO Utils: Fetching spark://dfeadd712fc3:39067/jars/org.slf4j_slf4j-api-2.0.7.jar to /tmp/spark-a44431a4-d686-4d63-af70-9645f2a19cfd/userFiles-d12a221c-e1d4-474b-88b4-502db6fbf675/fetchFileTemp16815588115528341290.tmp
[2025-10-29T03:15:55.496+0700] {subprocess.py:93} INFO - 25/10/29 03:15:55 INFO Utils: /tmp/spark-a44431a4-d686-4d63-af70-9645f2a19cfd/userFiles-d12a221c-e1d4-474b-88b4-502db6fbf675/fetchFileTemp16815588115528341290.tmp has been previously copied to /tmp/spark-a44431a4-d686-4d63-af70-9645f2a19cfd/userFiles-d12a221c-e1d4-474b-88b4-502db6fbf675/org.slf4j_slf4j-api-2.0.7.jar
[2025-10-29T03:15:55.506+0700] {subprocess.py:93} INFO - 25/10/29 03:15:55 INFO Executor: Adding file:/tmp/spark-a44431a4-d686-4d63-af70-9645f2a19cfd/userFiles-d12a221c-e1d4-474b-88b4-502db6fbf675/org.slf4j_slf4j-api-2.0.7.jar to class loader default
[2025-10-29T03:15:55.507+0700] {subprocess.py:93} INFO - 25/10/29 03:15:55 INFO Executor: Fetching spark://dfeadd712fc3:39067/jars/org.apache.kafka_kafka-clients-3.4.1.jar with timestamp 1761682554677
[2025-10-29T03:15:55.507+0700] {subprocess.py:93} INFO - 25/10/29 03:15:55 INFO Utils: Fetching spark://dfeadd712fc3:39067/jars/org.apache.kafka_kafka-clients-3.4.1.jar to /tmp/spark-a44431a4-d686-4d63-af70-9645f2a19cfd/userFiles-d12a221c-e1d4-474b-88b4-502db6fbf675/fetchFileTemp12056364796944922984.tmp
[2025-10-29T03:15:55.522+0700] {subprocess.py:93} INFO - 25/10/29 03:15:55 INFO Utils: /tmp/spark-a44431a4-d686-4d63-af70-9645f2a19cfd/userFiles-d12a221c-e1d4-474b-88b4-502db6fbf675/fetchFileTemp12056364796944922984.tmp has been previously copied to /tmp/spark-a44431a4-d686-4d63-af70-9645f2a19cfd/userFiles-d12a221c-e1d4-474b-88b4-502db6fbf675/org.apache.kafka_kafka-clients-3.4.1.jar
[2025-10-29T03:15:55.613+0700] {subprocess.py:93} INFO - 25/10/29 03:15:55 INFO Executor: Adding file:/tmp/spark-a44431a4-d686-4d63-af70-9645f2a19cfd/userFiles-d12a221c-e1d4-474b-88b4-502db6fbf675/org.apache.kafka_kafka-clients-3.4.1.jar to class loader default
[2025-10-29T03:15:55.614+0700] {subprocess.py:93} INFO - 25/10/29 03:15:55 INFO Executor: Fetching spark://dfeadd712fc3:39067/jars/org.apache.spark_spark-token-provider-kafka-0-10_2.12-3.5.1.jar with timestamp 1761682554677
[2025-10-29T03:15:55.614+0700] {subprocess.py:93} INFO - 25/10/29 03:15:55 INFO Utils: Fetching spark://dfeadd712fc3:39067/jars/org.apache.spark_spark-token-provider-kafka-0-10_2.12-3.5.1.jar to /tmp/spark-a44431a4-d686-4d63-af70-9645f2a19cfd/userFiles-d12a221c-e1d4-474b-88b4-502db6fbf675/fetchFileTemp2569206389860083558.tmp
[2025-10-29T03:15:55.615+0700] {subprocess.py:93} INFO - 25/10/29 03:15:55 INFO Utils: /tmp/spark-a44431a4-d686-4d63-af70-9645f2a19cfd/userFiles-d12a221c-e1d4-474b-88b4-502db6fbf675/fetchFileTemp2569206389860083558.tmp has been previously copied to /tmp/spark-a44431a4-d686-4d63-af70-9645f2a19cfd/userFiles-d12a221c-e1d4-474b-88b4-502db6fbf675/org.apache.spark_spark-token-provider-kafka-0-10_2.12-3.5.1.jar
[2025-10-29T03:15:55.629+0700] {subprocess.py:93} INFO - 25/10/29 03:15:55 INFO Executor: Adding file:/tmp/spark-a44431a4-d686-4d63-af70-9645f2a19cfd/userFiles-d12a221c-e1d4-474b-88b4-502db6fbf675/org.apache.spark_spark-token-provider-kafka-0-10_2.12-3.5.1.jar to class loader default
[2025-10-29T03:15:55.629+0700] {subprocess.py:93} INFO - 25/10/29 03:15:55 INFO Executor: Fetching spark://dfeadd712fc3:39067/jars/org.lz4_lz4-java-1.8.0.jar with timestamp 1761682554677
[2025-10-29T03:15:55.630+0700] {subprocess.py:93} INFO - 25/10/29 03:15:55 INFO Utils: Fetching spark://dfeadd712fc3:39067/jars/org.lz4_lz4-java-1.8.0.jar to /tmp/spark-a44431a4-d686-4d63-af70-9645f2a19cfd/userFiles-d12a221c-e1d4-474b-88b4-502db6fbf675/fetchFileTemp1812103637112851685.tmp
[2025-10-29T03:15:55.631+0700] {subprocess.py:93} INFO - 25/10/29 03:15:55 INFO Utils: /tmp/spark-a44431a4-d686-4d63-af70-9645f2a19cfd/userFiles-d12a221c-e1d4-474b-88b4-502db6fbf675/fetchFileTemp1812103637112851685.tmp has been previously copied to /tmp/spark-a44431a4-d686-4d63-af70-9645f2a19cfd/userFiles-d12a221c-e1d4-474b-88b4-502db6fbf675/org.lz4_lz4-java-1.8.0.jar
[2025-10-29T03:15:55.653+0700] {subprocess.py:93} INFO - 25/10/29 03:15:55 INFO Executor: Adding file:/tmp/spark-a44431a4-d686-4d63-af70-9645f2a19cfd/userFiles-d12a221c-e1d4-474b-88b4-502db6fbf675/org.lz4_lz4-java-1.8.0.jar to class loader default
[2025-10-29T03:15:55.653+0700] {subprocess.py:93} INFO - 25/10/29 03:15:55 INFO Executor: Fetching spark://dfeadd712fc3:39067/jars/org.xerial.snappy_snappy-java-1.1.10.3.jar with timestamp 1761682554677
[2025-10-29T03:15:55.653+0700] {subprocess.py:93} INFO - 25/10/29 03:15:55 INFO Utils: Fetching spark://dfeadd712fc3:39067/jars/org.xerial.snappy_snappy-java-1.1.10.3.jar to /tmp/spark-a44431a4-d686-4d63-af70-9645f2a19cfd/userFiles-d12a221c-e1d4-474b-88b4-502db6fbf675/fetchFileTemp12168141602799453702.tmp
[2025-10-29T03:15:55.659+0700] {subprocess.py:93} INFO - 25/10/29 03:15:55 INFO Utils: /tmp/spark-a44431a4-d686-4d63-af70-9645f2a19cfd/userFiles-d12a221c-e1d4-474b-88b4-502db6fbf675/fetchFileTemp12168141602799453702.tmp has been previously copied to /tmp/spark-a44431a4-d686-4d63-af70-9645f2a19cfd/userFiles-d12a221c-e1d4-474b-88b4-502db6fbf675/org.xerial.snappy_snappy-java-1.1.10.3.jar
[2025-10-29T03:15:55.698+0700] {subprocess.py:93} INFO - 25/10/29 03:15:55 INFO Executor: Adding file:/tmp/spark-a44431a4-d686-4d63-af70-9645f2a19cfd/userFiles-d12a221c-e1d4-474b-88b4-502db6fbf675/org.xerial.snappy_snappy-java-1.1.10.3.jar to class loader default
[2025-10-29T03:15:55.698+0700] {subprocess.py:93} INFO - 25/10/29 03:15:55 INFO Executor: Fetching spark://dfeadd712fc3:39067/jars/com.google.code.findbugs_jsr305-3.0.0.jar with timestamp 1761682554677
[2025-10-29T03:15:55.698+0700] {subprocess.py:93} INFO - 25/10/29 03:15:55 INFO Utils: Fetching spark://dfeadd712fc3:39067/jars/com.google.code.findbugs_jsr305-3.0.0.jar to /tmp/spark-a44431a4-d686-4d63-af70-9645f2a19cfd/userFiles-d12a221c-e1d4-474b-88b4-502db6fbf675/fetchFileTemp1718831360056960378.tmp
[2025-10-29T03:15:55.699+0700] {subprocess.py:93} INFO - 25/10/29 03:15:55 INFO Utils: /tmp/spark-a44431a4-d686-4d63-af70-9645f2a19cfd/userFiles-d12a221c-e1d4-474b-88b4-502db6fbf675/fetchFileTemp1718831360056960378.tmp has been previously copied to /tmp/spark-a44431a4-d686-4d63-af70-9645f2a19cfd/userFiles-d12a221c-e1d4-474b-88b4-502db6fbf675/com.google.code.findbugs_jsr305-3.0.0.jar
[2025-10-29T03:15:55.702+0700] {subprocess.py:93} INFO - 25/10/29 03:15:55 INFO Executor: Adding file:/tmp/spark-a44431a4-d686-4d63-af70-9645f2a19cfd/userFiles-d12a221c-e1d4-474b-88b4-502db6fbf675/com.google.code.findbugs_jsr305-3.0.0.jar to class loader default
[2025-10-29T03:15:55.703+0700] {subprocess.py:93} INFO - 25/10/29 03:15:55 INFO Executor: Fetching spark://dfeadd712fc3:39067/jars/org.apache.hadoop_hadoop-client-runtime-3.3.4.jar with timestamp 1761682554677
[2025-10-29T03:15:55.703+0700] {subprocess.py:93} INFO - 25/10/29 03:15:55 INFO Utils: Fetching spark://dfeadd712fc3:39067/jars/org.apache.hadoop_hadoop-client-runtime-3.3.4.jar to /tmp/spark-a44431a4-d686-4d63-af70-9645f2a19cfd/userFiles-d12a221c-e1d4-474b-88b4-502db6fbf675/fetchFileTemp11856542471088719514.tmp
[2025-10-29T03:15:56.123+0700] {subprocess.py:93} INFO - 25/10/29 03:15:56 INFO Utils: /tmp/spark-a44431a4-d686-4d63-af70-9645f2a19cfd/userFiles-d12a221c-e1d4-474b-88b4-502db6fbf675/fetchFileTemp11856542471088719514.tmp has been previously copied to /tmp/spark-a44431a4-d686-4d63-af70-9645f2a19cfd/userFiles-d12a221c-e1d4-474b-88b4-502db6fbf675/org.apache.hadoop_hadoop-client-runtime-3.3.4.jar
[2025-10-29T03:15:56.186+0700] {subprocess.py:93} INFO - 25/10/29 03:15:56 INFO Executor: Adding file:/tmp/spark-a44431a4-d686-4d63-af70-9645f2a19cfd/userFiles-d12a221c-e1d4-474b-88b4-502db6fbf675/org.apache.hadoop_hadoop-client-runtime-3.3.4.jar to class loader default
[2025-10-29T03:15:56.187+0700] {subprocess.py:93} INFO - 25/10/29 03:15:56 INFO Executor: Fetching spark://dfeadd712fc3:39067/jars/org.apache.hadoop_hadoop-client-api-3.3.4.jar with timestamp 1761682554677
[2025-10-29T03:15:56.187+0700] {subprocess.py:93} INFO - 25/10/29 03:15:56 INFO Utils: Fetching spark://dfeadd712fc3:39067/jars/org.apache.hadoop_hadoop-client-api-3.3.4.jar to /tmp/spark-a44431a4-d686-4d63-af70-9645f2a19cfd/userFiles-d12a221c-e1d4-474b-88b4-502db6fbf675/fetchFileTemp13666614949299505857.tmp
[2025-10-29T03:15:56.520+0700] {subprocess.py:93} INFO - 25/10/29 03:15:56 INFO Utils: /tmp/spark-a44431a4-d686-4d63-af70-9645f2a19cfd/userFiles-d12a221c-e1d4-474b-88b4-502db6fbf675/fetchFileTemp13666614949299505857.tmp has been previously copied to /tmp/spark-a44431a4-d686-4d63-af70-9645f2a19cfd/userFiles-d12a221c-e1d4-474b-88b4-502db6fbf675/org.apache.hadoop_hadoop-client-api-3.3.4.jar
[2025-10-29T03:15:56.597+0700] {subprocess.py:93} INFO - 25/10/29 03:15:56 INFO Executor: Adding file:/tmp/spark-a44431a4-d686-4d63-af70-9645f2a19cfd/userFiles-d12a221c-e1d4-474b-88b4-502db6fbf675/org.apache.hadoop_hadoop-client-api-3.3.4.jar to class loader default
[2025-10-29T03:15:56.597+0700] {subprocess.py:93} INFO - 25/10/29 03:15:56 INFO Executor: Fetching spark://dfeadd712fc3:39067/jars/org.postgresql_postgresql-42.6.0.jar with timestamp 1761682554677
[2025-10-29T03:15:56.597+0700] {subprocess.py:93} INFO - 25/10/29 03:15:56 INFO Utils: Fetching spark://dfeadd712fc3:39067/jars/org.postgresql_postgresql-42.6.0.jar to /tmp/spark-a44431a4-d686-4d63-af70-9645f2a19cfd/userFiles-d12a221c-e1d4-474b-88b4-502db6fbf675/fetchFileTemp11983201543777980804.tmp
[2025-10-29T03:15:56.600+0700] {subprocess.py:93} INFO - 25/10/29 03:15:56 INFO Utils: /tmp/spark-a44431a4-d686-4d63-af70-9645f2a19cfd/userFiles-d12a221c-e1d4-474b-88b4-502db6fbf675/fetchFileTemp11983201543777980804.tmp has been previously copied to /tmp/spark-a44431a4-d686-4d63-af70-9645f2a19cfd/userFiles-d12a221c-e1d4-474b-88b4-502db6fbf675/org.postgresql_postgresql-42.6.0.jar
[2025-10-29T03:15:56.638+0700] {subprocess.py:93} INFO - 25/10/29 03:15:56 INFO Executor: Adding file:/tmp/spark-a44431a4-d686-4d63-af70-9645f2a19cfd/userFiles-d12a221c-e1d4-474b-88b4-502db6fbf675/org.postgresql_postgresql-42.6.0.jar to class loader default
[2025-10-29T03:15:56.638+0700] {subprocess.py:93} INFO - 25/10/29 03:15:56 INFO Executor: Fetching spark://dfeadd712fc3:39067/jars/commons-logging_commons-logging-1.1.3.jar with timestamp 1761682554677
[2025-10-29T03:15:56.639+0700] {subprocess.py:93} INFO - 25/10/29 03:15:56 INFO Utils: Fetching spark://dfeadd712fc3:39067/jars/commons-logging_commons-logging-1.1.3.jar to /tmp/spark-a44431a4-d686-4d63-af70-9645f2a19cfd/userFiles-d12a221c-e1d4-474b-88b4-502db6fbf675/fetchFileTemp6886867480492524343.tmp
[2025-10-29T03:15:56.640+0700] {subprocess.py:93} INFO - 25/10/29 03:15:56 INFO Utils: /tmp/spark-a44431a4-d686-4d63-af70-9645f2a19cfd/userFiles-d12a221c-e1d4-474b-88b4-502db6fbf675/fetchFileTemp6886867480492524343.tmp has been previously copied to /tmp/spark-a44431a4-d686-4d63-af70-9645f2a19cfd/userFiles-d12a221c-e1d4-474b-88b4-502db6fbf675/commons-logging_commons-logging-1.1.3.jar
[2025-10-29T03:15:56.644+0700] {subprocess.py:93} INFO - 25/10/29 03:15:56 INFO Executor: Adding file:/tmp/spark-a44431a4-d686-4d63-af70-9645f2a19cfd/userFiles-d12a221c-e1d4-474b-88b4-502db6fbf675/commons-logging_commons-logging-1.1.3.jar to class loader default
[2025-10-29T03:15:56.644+0700] {subprocess.py:93} INFO - 25/10/29 03:15:56 INFO Executor: Fetching spark://dfeadd712fc3:39067/jars/org.checkerframework_checker-qual-3.31.0.jar with timestamp 1761682554677
[2025-10-29T03:15:56.644+0700] {subprocess.py:93} INFO - 25/10/29 03:15:56 INFO Utils: Fetching spark://dfeadd712fc3:39067/jars/org.checkerframework_checker-qual-3.31.0.jar to /tmp/spark-a44431a4-d686-4d63-af70-9645f2a19cfd/userFiles-d12a221c-e1d4-474b-88b4-502db6fbf675/fetchFileTemp14500618331032661980.tmp
[2025-10-29T03:15:56.646+0700] {subprocess.py:93} INFO - 25/10/29 03:15:56 INFO Utils: /tmp/spark-a44431a4-d686-4d63-af70-9645f2a19cfd/userFiles-d12a221c-e1d4-474b-88b4-502db6fbf675/fetchFileTemp14500618331032661980.tmp has been previously copied to /tmp/spark-a44431a4-d686-4d63-af70-9645f2a19cfd/userFiles-d12a221c-e1d4-474b-88b4-502db6fbf675/org.checkerframework_checker-qual-3.31.0.jar
[2025-10-29T03:15:56.650+0700] {subprocess.py:93} INFO - 25/10/29 03:15:56 INFO Executor: Adding file:/tmp/spark-a44431a4-d686-4d63-af70-9645f2a19cfd/userFiles-d12a221c-e1d4-474b-88b4-502db6fbf675/org.checkerframework_checker-qual-3.31.0.jar to class loader default
[2025-10-29T03:15:56.650+0700] {subprocess.py:93} INFO - 25/10/29 03:15:56 INFO Executor: Fetching spark://dfeadd712fc3:39067/jars/org.apache.spark_spark-sql-kafka-0-10_2.12-3.5.1.jar with timestamp 1761682554677
[2025-10-29T03:15:56.651+0700] {subprocess.py:93} INFO - 25/10/29 03:15:56 INFO Utils: Fetching spark://dfeadd712fc3:39067/jars/org.apache.spark_spark-sql-kafka-0-10_2.12-3.5.1.jar to /tmp/spark-a44431a4-d686-4d63-af70-9645f2a19cfd/userFiles-d12a221c-e1d4-474b-88b4-502db6fbf675/fetchFileTemp15067624809626979272.tmp
[2025-10-29T03:15:56.652+0700] {subprocess.py:93} INFO - 25/10/29 03:15:56 INFO Utils: /tmp/spark-a44431a4-d686-4d63-af70-9645f2a19cfd/userFiles-d12a221c-e1d4-474b-88b4-502db6fbf675/fetchFileTemp15067624809626979272.tmp has been previously copied to /tmp/spark-a44431a4-d686-4d63-af70-9645f2a19cfd/userFiles-d12a221c-e1d4-474b-88b4-502db6fbf675/org.apache.spark_spark-sql-kafka-0-10_2.12-3.5.1.jar
[2025-10-29T03:15:56.656+0700] {subprocess.py:93} INFO - 25/10/29 03:15:56 INFO Executor: Adding file:/tmp/spark-a44431a4-d686-4d63-af70-9645f2a19cfd/userFiles-d12a221c-e1d4-474b-88b4-502db6fbf675/org.apache.spark_spark-sql-kafka-0-10_2.12-3.5.1.jar to class loader default
[2025-10-29T03:15:56.657+0700] {subprocess.py:93} INFO - 25/10/29 03:15:56 INFO Executor: Fetching spark://dfeadd712fc3:39067/jars/org.apache.commons_commons-pool2-2.11.1.jar with timestamp 1761682554677
[2025-10-29T03:15:56.657+0700] {subprocess.py:93} INFO - 25/10/29 03:15:56 INFO Utils: Fetching spark://dfeadd712fc3:39067/jars/org.apache.commons_commons-pool2-2.11.1.jar to /tmp/spark-a44431a4-d686-4d63-af70-9645f2a19cfd/userFiles-d12a221c-e1d4-474b-88b4-502db6fbf675/fetchFileTemp7439726847437084794.tmp
[2025-10-29T03:15:56.658+0700] {subprocess.py:93} INFO - 25/10/29 03:15:56 INFO Utils: /tmp/spark-a44431a4-d686-4d63-af70-9645f2a19cfd/userFiles-d12a221c-e1d4-474b-88b4-502db6fbf675/fetchFileTemp7439726847437084794.tmp has been previously copied to /tmp/spark-a44431a4-d686-4d63-af70-9645f2a19cfd/userFiles-d12a221c-e1d4-474b-88b4-502db6fbf675/org.apache.commons_commons-pool2-2.11.1.jar
[2025-10-29T03:15:56.673+0700] {subprocess.py:93} INFO - 25/10/29 03:15:56 INFO Executor: Adding file:/tmp/spark-a44431a4-d686-4d63-af70-9645f2a19cfd/userFiles-d12a221c-e1d4-474b-88b4-502db6fbf675/org.apache.commons_commons-pool2-2.11.1.jar to class loader default
[2025-10-29T03:15:56.679+0700] {subprocess.py:93} INFO - 25/10/29 03:15:56 INFO Utils: Successfully started service 'org.apache.spark.network.netty.NettyBlockTransferService' on port 34175.
[2025-10-29T03:15:56.679+0700] {subprocess.py:93} INFO - 25/10/29 03:15:56 INFO NettyBlockTransferService: Server created on dfeadd712fc3:34175
[2025-10-29T03:15:56.680+0700] {subprocess.py:93} INFO - 25/10/29 03:15:56 INFO BlockManager: Using org.apache.spark.storage.RandomBlockReplicationPolicy for block replication policy
[2025-10-29T03:15:56.683+0700] {subprocess.py:93} INFO - 25/10/29 03:15:56 INFO BlockManagerMaster: Registering BlockManager BlockManagerId(driver, dfeadd712fc3, 34175, None)
[2025-10-29T03:15:56.686+0700] {subprocess.py:93} INFO - 25/10/29 03:15:56 INFO BlockManagerMasterEndpoint: Registering block manager dfeadd712fc3:34175 with 434.4 MiB RAM, BlockManagerId(driver, dfeadd712fc3, 34175, None)
[2025-10-29T03:15:56.687+0700] {subprocess.py:93} INFO - 25/10/29 03:15:56 INFO BlockManagerMaster: Registered BlockManager BlockManagerId(driver, dfeadd712fc3, 34175, None)
[2025-10-29T03:15:56.687+0700] {subprocess.py:93} INFO - 25/10/29 03:15:56 INFO BlockManager: Initialized BlockManager: BlockManagerId(driver, dfeadd712fc3, 34175, None)
[2025-10-29T03:15:58.920+0700] {subprocess.py:93} INFO - 25/10/29 03:15:58 WARN ResolveWriteToStream: spark.sql.adaptive.enabled is not supported in streaming DataFrames/Datasets and will be disabled.
[2025-10-29T03:15:59.036+0700] {subprocess.py:93} INFO - 🚀 Streaming job started — đang lắng nghe dữ liệu từ Kafka...
[2025-10-29T03:15:59.172+0700] {subprocess.py:93} INFO - 25/10/29 03:15:59 WARN AdminClientConfig: These configurations '[key.deserializer, value.deserializer, enable.auto.commit, max.poll.records, auto.offset.reset]' were supplied but are not used yet.
[2025-10-29T03:16:00.576+0700] {subprocess.py:93} INFO - [Batch 0] ⚠️ Không có dữ liệu mới.
[2025-10-29T03:16:02.047+0700] {subprocess.py:93} INFO - 25/10/29 03:16:02 WARN KafkaDataConsumer: KafkaDataConsumer is not running in UninterruptibleThread. It may hang when KafkaDataConsumer's methods are interrupted because of KAFKA-1894
[2025-10-29T03:16:02.205+0700] {subprocess.py:93} INFO - 25/10/29 03:16:02 WARN KafkaDataConsumer: KafkaDataConsumer is not running in UninterruptibleThread. It may hang when KafkaDataConsumer's methods are interrupted because of KAFKA-1894
[2025-10-29T03:16:02.206+0700] {subprocess.py:93} INFO - 25/10/29 03:16:02 WARN KafkaDataConsumer: KafkaDataConsumer is not running in UninterruptibleThread. It may hang when KafkaDataConsumer's methods are interrupted because of KAFKA-1894
[2025-10-29T03:16:04.621+0700] {subprocess.py:93} INFO - There was a problem when trying to write in your cache folder (/home/***/.cache/huggingface/hub). You should set the environment variable TRANSFORMERS_CACHE to a writable directory.
[2025-10-29T03:16:05.175+0700] {subprocess.py:93} INFO - 25/10/29 03:16:05 ERROR Executor: Exception in task 0.0 in stage 2.0 (TID 1)
[2025-10-29T03:16:05.176+0700] {subprocess.py:93} INFO - org.apache.spark.api.python.PythonException: Traceback (most recent call last):
[2025-10-29T03:16:05.176+0700] {subprocess.py:93} INFO -   File "/opt/***/projects/absa_streaming/scripts/consumer_postgres_streaming.py", line 73, in absa_infer_udf
[2025-10-29T03:16:05.176+0700] {subprocess.py:93} INFO -     _tokenizer = AutoTokenizer.from_pretrained(MODEL_NAME, use_fast=True)
[2025-10-29T03:16:05.176+0700] {subprocess.py:93} INFO -                  ^^^^^^^^^^^^^^^^^^^^^^^^^^^^^^^^^^^^^^^^^^^^^^^^^^^^^^^^
[2025-10-29T03:16:05.177+0700] {subprocess.py:93} INFO -   File "/home/***/.local/lib/python3.12/site-packages/transformers/models/auto/tokenization_auto.py", line 817, in from_pretrained
[2025-10-29T03:16:05.177+0700] {subprocess.py:93} INFO -     tokenizer_config = get_tokenizer_config(pretrained_model_name_or_path, **kwargs)
[2025-10-29T03:16:05.177+0700] {subprocess.py:93} INFO -                        ^^^^^^^^^^^^^^^^^^^^^^^^^^^^^^^^^^^^^^^^^^^^^^^^^^^^^^^^^^^^^
[2025-10-29T03:16:05.177+0700] {subprocess.py:93} INFO -   File "/home/***/.local/lib/python3.12/site-packages/transformers/models/auto/tokenization_auto.py", line 649, in get_tokenizer_config
[2025-10-29T03:16:05.177+0700] {subprocess.py:93} INFO -     resolved_config_file = cached_file(
[2025-10-29T03:16:05.177+0700] {subprocess.py:93} INFO -                            ^^^^^^^^^^^^
[2025-10-29T03:16:05.177+0700] {subprocess.py:93} INFO -   File "/home/***/.local/lib/python3.12/site-packages/transformers/utils/hub.py", line 462, in cached_file
[2025-10-29T03:16:05.178+0700] {subprocess.py:93} INFO -     except HFValidationError as e:
[2025-10-29T03:16:05.178+0700] {subprocess.py:93} INFO -   File "/home/***/.local/lib/python3.12/site-packages/huggingface_hub/utils/_validators.py", line 114, in _inner_fn
[2025-10-29T03:16:05.178+0700] {subprocess.py:93} INFO -     return fn(*args, **kwargs)
[2025-10-29T03:16:05.178+0700] {subprocess.py:93} INFO -            ^^^^^^^^^^^^^^^^^^^
[2025-10-29T03:16:05.178+0700] {subprocess.py:93} INFO -   File "/home/***/.local/lib/python3.12/site-packages/huggingface_hub/file_download.py", line 1007, in hf_hub_download
[2025-10-29T03:16:05.179+0700] {subprocess.py:93} INFO -     return _hf_hub_download_to_cache_dir(
[2025-10-29T03:16:05.179+0700] {subprocess.py:93} INFO -            ^^^^^^^^^^^^^^^^^^^^^^^^^^^^^^
[2025-10-29T03:16:05.179+0700] {subprocess.py:93} INFO -   File "/home/***/.local/lib/python3.12/site-packages/huggingface_hub/file_download.py", line 1124, in _hf_hub_download_to_cache_dir
[2025-10-29T03:16:05.179+0700] {subprocess.py:93} INFO -     os.makedirs(os.path.dirname(blob_path), exist_ok=True)
[2025-10-29T03:16:05.179+0700] {subprocess.py:93} INFO -   File "<frozen os>", line 216, in makedirs
[2025-10-29T03:16:05.180+0700] {subprocess.py:93} INFO -   File "<frozen os>", line 216, in makedirs
[2025-10-29T03:16:05.180+0700] {subprocess.py:93} INFO -   File "<frozen os>", line 216, in makedirs
[2025-10-29T03:16:05.180+0700] {subprocess.py:93} INFO -   File "<frozen os>", line 230, in makedirs
[2025-10-29T03:16:05.180+0700] {subprocess.py:93} INFO - PermissionError: [Errno 13] Permission denied: '/home/***/.cache/huggingface'
[2025-10-29T03:16:05.180+0700] {subprocess.py:93} INFO - 
[2025-10-29T03:16:05.180+0700] {subprocess.py:93} INFO - 	at org.apache.spark.api.python.BasePythonRunner$ReaderIterator.handlePythonException(PythonRunner.scala:572)
[2025-10-29T03:16:05.180+0700] {subprocess.py:93} INFO - 	at org.apache.spark.sql.execution.python.PythonArrowOutput$$anon$1.read(PythonArrowOutput.scala:118)
[2025-10-29T03:16:05.181+0700] {subprocess.py:93} INFO - 	at org.apache.spark.api.python.BasePythonRunner$ReaderIterator.hasNext(PythonRunner.scala:525)
[2025-10-29T03:16:05.181+0700] {subprocess.py:93} INFO - 	at org.apache.spark.InterruptibleIterator.hasNext(InterruptibleIterator.scala:37)
[2025-10-29T03:16:05.181+0700] {subprocess.py:93} INFO - 	at scala.collection.Iterator$$anon$11.hasNext(Iterator.scala:491)
[2025-10-29T03:16:05.181+0700] {subprocess.py:93} INFO - 	at scala.collection.Iterator$$anon$10.hasNext(Iterator.scala:460)
[2025-10-29T03:16:05.181+0700] {subprocess.py:93} INFO - 	at scala.collection.Iterator$$anon$10.hasNext(Iterator.scala:460)
[2025-10-29T03:16:05.181+0700] {subprocess.py:93} INFO - 	at org.apache.spark.sql.catalyst.expressions.GeneratedClass$GeneratedIteratorForCodegenStage1.hashAgg_doAggregateWithoutKey_0$(Unknown Source)
[2025-10-29T03:16:05.181+0700] {subprocess.py:93} INFO - 	at org.apache.spark.sql.catalyst.expressions.GeneratedClass$GeneratedIteratorForCodegenStage1.processNext(Unknown Source)
[2025-10-29T03:16:05.181+0700] {subprocess.py:93} INFO - 	at org.apache.spark.sql.execution.BufferedRowIterator.hasNext(BufferedRowIterator.java:43)
[2025-10-29T03:16:05.181+0700] {subprocess.py:93} INFO - 	at org.apache.spark.sql.execution.WholeStageCodegenEvaluatorFactory$WholeStageCodegenPartitionEvaluator$$anon$1.hasNext(WholeStageCodegenEvaluatorFactory.scala:43)
[2025-10-29T03:16:05.181+0700] {subprocess.py:93} INFO - 	at scala.collection.Iterator$$anon$10.hasNext(Iterator.scala:460)
[2025-10-29T03:16:05.181+0700] {subprocess.py:93} INFO - 	at org.apache.spark.shuffle.sort.BypassMergeSortShuffleWriter.write(BypassMergeSortShuffleWriter.java:140)
[2025-10-29T03:16:05.182+0700] {subprocess.py:93} INFO - 	at org.apache.spark.shuffle.ShuffleWriteProcessor.write(ShuffleWriteProcessor.scala:59)
[2025-10-29T03:16:05.182+0700] {subprocess.py:93} INFO - 	at org.apache.spark.scheduler.ShuffleMapTask.runTask(ShuffleMapTask.scala:104)
[2025-10-29T03:16:05.182+0700] {subprocess.py:93} INFO - 	at org.apache.spark.scheduler.ShuffleMapTask.runTask(ShuffleMapTask.scala:54)
[2025-10-29T03:16:05.182+0700] {subprocess.py:93} INFO - 	at org.apache.spark.TaskContext.runTaskWithListeners(TaskContext.scala:166)
[2025-10-29T03:16:05.182+0700] {subprocess.py:93} INFO - 	at org.apache.spark.scheduler.Task.run(Task.scala:141)
[2025-10-29T03:16:05.182+0700] {subprocess.py:93} INFO - 	at org.apache.spark.executor.Executor$TaskRunner.$anonfun$run$4(Executor.scala:620)
[2025-10-29T03:16:05.182+0700] {subprocess.py:93} INFO - 	at org.apache.spark.util.SparkErrorUtils.tryWithSafeFinally(SparkErrorUtils.scala:64)
[2025-10-29T03:16:05.182+0700] {subprocess.py:93} INFO - 	at org.apache.spark.util.SparkErrorUtils.tryWithSafeFinally$(SparkErrorUtils.scala:61)
[2025-10-29T03:16:05.182+0700] {subprocess.py:93} INFO - 	at org.apache.spark.util.Utils$.tryWithSafeFinally(Utils.scala:94)
[2025-10-29T03:16:05.182+0700] {subprocess.py:93} INFO - 	at org.apache.spark.executor.Executor$TaskRunner.run(Executor.scala:623)
[2025-10-29T03:16:05.182+0700] {subprocess.py:93} INFO - 	at java.base/java.util.concurrent.ThreadPoolExecutor.runWorker(ThreadPoolExecutor.java:1136)
[2025-10-29T03:16:05.183+0700] {subprocess.py:93} INFO - 	at java.base/java.util.concurrent.ThreadPoolExecutor$Worker.run(ThreadPoolExecutor.java:635)
[2025-10-29T03:16:05.183+0700] {subprocess.py:93} INFO - 	at java.base/java.lang.Thread.run(Thread.java:840)
[2025-10-29T03:16:05.185+0700] {subprocess.py:93} INFO - 25/10/29 03:16:05 WARN TaskSetManager: Lost task 0.0 in stage 2.0 (TID 1) (dfeadd712fc3 executor driver): org.apache.spark.api.python.PythonException: Traceback (most recent call last):
[2025-10-29T03:16:05.185+0700] {subprocess.py:93} INFO -   File "/opt/***/projects/absa_streaming/scripts/consumer_postgres_streaming.py", line 73, in absa_infer_udf
[2025-10-29T03:16:05.185+0700] {subprocess.py:93} INFO -     _tokenizer = AutoTokenizer.from_pretrained(MODEL_NAME, use_fast=True)
[2025-10-29T03:16:05.186+0700] {subprocess.py:93} INFO -                  ^^^^^^^^^^^^^^^^^^^^^^^^^^^^^^^^^^^^^^^^^^^^^^^^^^^^^^^^
[2025-10-29T03:16:05.186+0700] {subprocess.py:93} INFO -   File "/home/***/.local/lib/python3.12/site-packages/transformers/models/auto/tokenization_auto.py", line 817, in from_pretrained
[2025-10-29T03:16:05.186+0700] {subprocess.py:93} INFO -     tokenizer_config = get_tokenizer_config(pretrained_model_name_or_path, **kwargs)
[2025-10-29T03:16:05.187+0700] {subprocess.py:93} INFO -                        ^^^^^^^^^^^^^^^^^^^^^^^^^^^^^^^^^^^^^^^^^^^^^^^^^^^^^^^^^^^^^
[2025-10-29T03:16:05.187+0700] {subprocess.py:93} INFO -   File "/home/***/.local/lib/python3.12/site-packages/transformers/models/auto/tokenization_auto.py", line 649, in get_tokenizer_config
[2025-10-29T03:16:05.187+0700] {subprocess.py:93} INFO -     resolved_config_file = cached_file(
[2025-10-29T03:16:05.188+0700] {subprocess.py:93} INFO -                            ^^^^^^^^^^^^
[2025-10-29T03:16:05.188+0700] {subprocess.py:93} INFO -   File "/home/***/.local/lib/python3.12/site-packages/transformers/utils/hub.py", line 462, in cached_file
[2025-10-29T03:16:05.188+0700] {subprocess.py:93} INFO -     except HFValidationError as e:
[2025-10-29T03:16:05.188+0700] {subprocess.py:93} INFO -   File "/home/***/.local/lib/python3.12/site-packages/huggingface_hub/utils/_validators.py", line 114, in _inner_fn
[2025-10-29T03:16:05.188+0700] {subprocess.py:93} INFO -     return fn(*args, **kwargs)
[2025-10-29T03:16:05.188+0700] {subprocess.py:93} INFO -            ^^^^^^^^^^^^^^^^^^^
[2025-10-29T03:16:05.189+0700] {subprocess.py:93} INFO -   File "/home/***/.local/lib/python3.12/site-packages/huggingface_hub/file_download.py", line 1007, in hf_hub_download
[2025-10-29T03:16:05.189+0700] {subprocess.py:93} INFO -     return _hf_hub_download_to_cache_dir(
[2025-10-29T03:16:05.189+0700] {subprocess.py:93} INFO -            ^^^^^^^^^^^^^^^^^^^^^^^^^^^^^^
[2025-10-29T03:16:05.189+0700] {subprocess.py:93} INFO -   File "/home/***/.local/lib/python3.12/site-packages/huggingface_hub/file_download.py", line 1124, in _hf_hub_download_to_cache_dir
[2025-10-29T03:16:05.189+0700] {subprocess.py:93} INFO -     os.makedirs(os.path.dirname(blob_path), exist_ok=True)
[2025-10-29T03:16:05.190+0700] {subprocess.py:93} INFO -   File "<frozen os>", line 216, in makedirs
[2025-10-29T03:16:05.190+0700] {subprocess.py:93} INFO -   File "<frozen os>", line 216, in makedirs
[2025-10-29T03:16:05.190+0700] {subprocess.py:93} INFO -   File "<frozen os>", line 216, in makedirs
[2025-10-29T03:16:05.190+0700] {subprocess.py:93} INFO -   File "<frozen os>", line 230, in makedirs
[2025-10-29T03:16:05.190+0700] {subprocess.py:93} INFO - PermissionError: [Errno 13] Permission denied: '/home/***/.cache/huggingface'
[2025-10-29T03:16:05.190+0700] {subprocess.py:93} INFO - 
[2025-10-29T03:16:05.191+0700] {subprocess.py:93} INFO - 	at org.apache.spark.api.python.BasePythonRunner$ReaderIterator.handlePythonException(PythonRunner.scala:572)
[2025-10-29T03:16:05.191+0700] {subprocess.py:93} INFO - 	at org.apache.spark.sql.execution.python.PythonArrowOutput$$anon$1.read(PythonArrowOutput.scala:118)
[2025-10-29T03:16:05.191+0700] {subprocess.py:93} INFO - 	at org.apache.spark.api.python.BasePythonRunner$ReaderIterator.hasNext(PythonRunner.scala:525)
[2025-10-29T03:16:05.191+0700] {subprocess.py:93} INFO - 	at org.apache.spark.InterruptibleIterator.hasNext(InterruptibleIterator.scala:37)
[2025-10-29T03:16:05.191+0700] {subprocess.py:93} INFO - 	at scala.collection.Iterator$$anon$11.hasNext(Iterator.scala:491)
[2025-10-29T03:16:05.191+0700] {subprocess.py:93} INFO - 	at scala.collection.Iterator$$anon$10.hasNext(Iterator.scala:460)
[2025-10-29T03:16:05.191+0700] {subprocess.py:93} INFO - 	at scala.collection.Iterator$$anon$10.hasNext(Iterator.scala:460)
[2025-10-29T03:16:05.191+0700] {subprocess.py:93} INFO - 	at org.apache.spark.sql.catalyst.expressions.GeneratedClass$GeneratedIteratorForCodegenStage1.hashAgg_doAggregateWithoutKey_0$(Unknown Source)
[2025-10-29T03:16:05.192+0700] {subprocess.py:93} INFO - 	at org.apache.spark.sql.catalyst.expressions.GeneratedClass$GeneratedIteratorForCodegenStage1.processNext(Unknown Source)
[2025-10-29T03:16:05.192+0700] {subprocess.py:93} INFO - 	at org.apache.spark.sql.execution.BufferedRowIterator.hasNext(BufferedRowIterator.java:43)
[2025-10-29T03:16:05.192+0700] {subprocess.py:93} INFO - 	at org.apache.spark.sql.execution.WholeStageCodegenEvaluatorFactory$WholeStageCodegenPartitionEvaluator$$anon$1.hasNext(WholeStageCodegenEvaluatorFactory.scala:43)
[2025-10-29T03:16:05.192+0700] {subprocess.py:93} INFO - 	at scala.collection.Iterator$$anon$10.hasNext(Iterator.scala:460)
[2025-10-29T03:16:05.192+0700] {subprocess.py:93} INFO - 	at org.apache.spark.shuffle.sort.BypassMergeSortShuffleWriter.write(BypassMergeSortShuffleWriter.java:140)
[2025-10-29T03:16:05.192+0700] {subprocess.py:93} INFO - 	at org.apache.spark.shuffle.ShuffleWriteProcessor.write(ShuffleWriteProcessor.scala:59)
[2025-10-29T03:16:05.192+0700] {subprocess.py:93} INFO - 	at org.apache.spark.scheduler.ShuffleMapTask.runTask(ShuffleMapTask.scala:104)
[2025-10-29T03:16:05.192+0700] {subprocess.py:93} INFO - 	at org.apache.spark.scheduler.ShuffleMapTask.runTask(ShuffleMapTask.scala:54)
[2025-10-29T03:16:05.192+0700] {subprocess.py:93} INFO - 	at org.apache.spark.TaskContext.runTaskWithListeners(TaskContext.scala:166)
[2025-10-29T03:16:05.192+0700] {subprocess.py:93} INFO - 	at org.apache.spark.scheduler.Task.run(Task.scala:141)
[2025-10-29T03:16:05.193+0700] {subprocess.py:93} INFO - 	at org.apache.spark.executor.Executor$TaskRunner.$anonfun$run$4(Executor.scala:620)
[2025-10-29T03:16:05.193+0700] {subprocess.py:93} INFO - 	at org.apache.spark.util.SparkErrorUtils.tryWithSafeFinally(SparkErrorUtils.scala:64)
[2025-10-29T03:16:05.193+0700] {subprocess.py:93} INFO - 	at org.apache.spark.util.SparkErrorUtils.tryWithSafeFinally$(SparkErrorUtils.scala:61)
[2025-10-29T03:16:05.193+0700] {subprocess.py:93} INFO - 	at org.apache.spark.util.Utils$.tryWithSafeFinally(Utils.scala:94)
[2025-10-29T03:16:05.193+0700] {subprocess.py:93} INFO - 	at org.apache.spark.executor.Executor$TaskRunner.run(Executor.scala:623)
[2025-10-29T03:16:05.193+0700] {subprocess.py:93} INFO - 	at java.base/java.util.concurrent.ThreadPoolExecutor.runWorker(ThreadPoolExecutor.java:1136)
[2025-10-29T03:16:05.193+0700] {subprocess.py:93} INFO - 	at java.base/java.util.concurrent.ThreadPoolExecutor$Worker.run(ThreadPoolExecutor.java:635)
[2025-10-29T03:16:05.193+0700] {subprocess.py:93} INFO - 	at java.base/java.lang.Thread.run(Thread.java:840)
[2025-10-29T03:16:05.194+0700] {subprocess.py:93} INFO - 
[2025-10-29T03:16:05.194+0700] {subprocess.py:93} INFO - 25/10/29 03:16:05 ERROR TaskSetManager: Task 0 in stage 2.0 failed 1 times; aborting job
[2025-10-29T03:16:05.252+0700] {subprocess.py:93} INFO - 25/10/29 03:16:05 ERROR MicroBatchExecution: Query [id = 4aae16a0-70d3-494e-bbca-17faa2ff505a, runId = 46b38fb6-46ca-4086-998b-c873078b828a] terminated with error
[2025-10-29T03:16:05.253+0700] {subprocess.py:93} INFO - py4j.Py4JException: An exception was raised by the Python Proxy. Return Message: Traceback (most recent call last):
[2025-10-29T03:16:05.253+0700] {subprocess.py:93} INFO -   File "/home/***/.local/lib/python3.12/site-packages/pyspark/python/lib/py4j-0.10.9.7-src.zip/py4j/clientserver.py", line 617, in _call_proxy
[2025-10-29T03:16:05.253+0700] {subprocess.py:93} INFO -     return_value = getattr(self.pool[obj_id], method)(*params)
[2025-10-29T03:16:05.254+0700] {subprocess.py:93} INFO -                    ^^^^^^^^^^^^^^^^^^^^^^^^^^^^^^^^^^^^^^^^^^^
[2025-10-29T03:16:05.254+0700] {subprocess.py:93} INFO -   File "/home/***/.local/lib/python3.12/site-packages/pyspark/python/lib/pyspark.zip/pyspark/sql/utils.py", line 120, in call
[2025-10-29T03:16:05.254+0700] {subprocess.py:93} INFO -     raise e
[2025-10-29T03:16:05.254+0700] {subprocess.py:93} INFO -   File "/home/***/.local/lib/python3.12/site-packages/pyspark/python/lib/pyspark.zip/pyspark/sql/utils.py", line 117, in call
[2025-10-29T03:16:05.254+0700] {subprocess.py:93} INFO -     self.func(DataFrame(jdf, wrapped_session_jdf), batch_id)
[2025-10-29T03:16:05.255+0700] {subprocess.py:93} INFO -   File "/opt/***/projects/absa_streaming/scripts/consumer_postgres_streaming.py", line 125, in write_to_postgres
[2025-10-29T03:16:05.255+0700] {subprocess.py:93} INFO -     total_rows = batch_df.count()
[2025-10-29T03:16:05.255+0700] {subprocess.py:93} INFO -                  ^^^^^^^^^^^^^^^^
[2025-10-29T03:16:05.255+0700] {subprocess.py:93} INFO -   File "/home/***/.local/lib/python3.12/site-packages/pyspark/python/lib/pyspark.zip/pyspark/sql/dataframe.py", line 1238, in count
[2025-10-29T03:16:05.255+0700] {subprocess.py:93} INFO -     return int(self._jdf.count())
[2025-10-29T03:16:05.255+0700] {subprocess.py:93} INFO -                ^^^^^^^^^^^^^^^^^
[2025-10-29T03:16:05.255+0700] {subprocess.py:93} INFO -   File "/home/***/.local/lib/python3.12/site-packages/pyspark/python/lib/py4j-0.10.9.7-src.zip/py4j/java_gateway.py", line 1322, in __call__
[2025-10-29T03:16:05.256+0700] {subprocess.py:93} INFO -     return_value = get_return_value(
[2025-10-29T03:16:05.256+0700] {subprocess.py:93} INFO -                    ^^^^^^^^^^^^^^^^^
[2025-10-29T03:16:05.256+0700] {subprocess.py:93} INFO -   File "/home/***/.local/lib/python3.12/site-packages/pyspark/python/lib/pyspark.zip/pyspark/errors/exceptions/captured.py", line 185, in deco
[2025-10-29T03:16:05.256+0700] {subprocess.py:93} INFO -     raise converted from None
[2025-10-29T03:16:05.256+0700] {subprocess.py:93} INFO - pyspark.errors.exceptions.captured.PythonException:
[2025-10-29T03:16:05.257+0700] {subprocess.py:93} INFO -   An exception was thrown from the Python worker. Please see the stack trace below.
[2025-10-29T03:16:05.257+0700] {subprocess.py:93} INFO - Traceback (most recent call last):
[2025-10-29T03:16:05.257+0700] {subprocess.py:93} INFO -   File "/opt/***/projects/absa_streaming/scripts/consumer_postgres_streaming.py", line 73, in absa_infer_udf
[2025-10-29T03:16:05.257+0700] {subprocess.py:93} INFO -     _tokenizer = AutoTokenizer.from_pretrained(MODEL_NAME, use_fast=True)
[2025-10-29T03:16:05.257+0700] {subprocess.py:93} INFO -                  ^^^^^^^^^^^^^^^^^^^^^^^^^^^^^^^^^^^^^^^^^^^^^^^^^^^^^^^^
[2025-10-29T03:16:05.257+0700] {subprocess.py:93} INFO -   File "/home/***/.local/lib/python3.12/site-packages/transformers/models/auto/tokenization_auto.py", line 817, in from_pretrained
[2025-10-29T03:16:05.257+0700] {subprocess.py:93} INFO -     tokenizer_config = get_tokenizer_config(pretrained_model_name_or_path, **kwargs)
[2025-10-29T03:16:05.257+0700] {subprocess.py:93} INFO -                        ^^^^^^^^^^^^^^^^^^^^^^^^^^^^^^^^^^^^^^^^^^^^^^^^^^^^^^^^^^^^^
[2025-10-29T03:16:05.257+0700] {subprocess.py:93} INFO -   File "/home/***/.local/lib/python3.12/site-packages/transformers/models/auto/tokenization_auto.py", line 649, in get_tokenizer_config
[2025-10-29T03:16:05.257+0700] {subprocess.py:93} INFO -     resolved_config_file = cached_file(
[2025-10-29T03:16:05.258+0700] {subprocess.py:93} INFO -                            ^^^^^^^^^^^^
[2025-10-29T03:16:05.258+0700] {subprocess.py:93} INFO -   File "/home/***/.local/lib/python3.12/site-packages/transformers/utils/hub.py", line 462, in cached_file
[2025-10-29T03:16:05.258+0700] {subprocess.py:93} INFO -     except HFValidationError as e:
[2025-10-29T03:16:05.258+0700] {subprocess.py:93} INFO -   File "/home/***/.local/lib/python3.12/site-packages/huggingface_hub/utils/_validators.py", line 114, in _inner_fn
[2025-10-29T03:16:05.258+0700] {subprocess.py:93} INFO -     return fn(*args, **kwargs)
[2025-10-29T03:16:05.258+0700] {subprocess.py:93} INFO -            ^^^^^^^^^^^^^^^^^^^
[2025-10-29T03:16:05.258+0700] {subprocess.py:93} INFO -   File "/home/***/.local/lib/python3.12/site-packages/huggingface_hub/file_download.py", line 1007, in hf_hub_download
[2025-10-29T03:16:05.258+0700] {subprocess.py:93} INFO -     return _hf_hub_download_to_cache_dir(
[2025-10-29T03:16:05.258+0700] {subprocess.py:93} INFO -            ^^^^^^^^^^^^^^^^^^^^^^^^^^^^^^
[2025-10-29T03:16:05.259+0700] {subprocess.py:93} INFO -   File "/home/***/.local/lib/python3.12/site-packages/huggingface_hub/file_download.py", line 1124, in _hf_hub_download_to_cache_dir
[2025-10-29T03:16:05.259+0700] {subprocess.py:93} INFO -     os.makedirs(os.path.dirname(blob_path), exist_ok=True)
[2025-10-29T03:16:05.259+0700] {subprocess.py:93} INFO -   File "<frozen os>", line 216, in makedirs
[2025-10-29T03:16:05.259+0700] {subprocess.py:93} INFO -   File "<frozen os>", line 216, in makedirs
[2025-10-29T03:16:05.259+0700] {subprocess.py:93} INFO -   File "<frozen os>", line 216, in makedirs
[2025-10-29T03:16:05.259+0700] {subprocess.py:93} INFO -   File "<frozen os>", line 230, in makedirs
[2025-10-29T03:16:05.259+0700] {subprocess.py:93} INFO - PermissionError: [Errno 13] Permission denied: '/home/***/.cache/huggingface'
[2025-10-29T03:16:05.259+0700] {subprocess.py:93} INFO - 
[2025-10-29T03:16:05.259+0700] {subprocess.py:93} INFO - 
[2025-10-29T03:16:05.259+0700] {subprocess.py:93} INFO - 	at py4j.Protocol.getReturnValue(Protocol.java:476)
[2025-10-29T03:16:05.260+0700] {subprocess.py:93} INFO - 	at py4j.reflection.PythonProxyHandler.invoke(PythonProxyHandler.java:108)
[2025-10-29T03:16:05.260+0700] {subprocess.py:93} INFO - 	at jdk.proxy3/jdk.proxy3.$Proxy32.call(Unknown Source)
[2025-10-29T03:16:05.260+0700] {subprocess.py:93} INFO - 	at org.apache.spark.sql.execution.streaming.sources.PythonForeachBatchHelper$.$anonfun$callForeachBatch$1(ForeachBatchSink.scala:53)
[2025-10-29T03:16:05.260+0700] {subprocess.py:93} INFO - 	at org.apache.spark.sql.execution.streaming.sources.PythonForeachBatchHelper$.$anonfun$callForeachBatch$1$adapted(ForeachBatchSink.scala:53)
[2025-10-29T03:16:05.260+0700] {subprocess.py:93} INFO - 	at org.apache.spark.sql.execution.streaming.sources.ForeachBatchSink.addBatch(ForeachBatchSink.scala:34)
[2025-10-29T03:16:05.260+0700] {subprocess.py:93} INFO - 	at org.apache.spark.sql.execution.streaming.MicroBatchExecution.$anonfun$runBatch$17(MicroBatchExecution.scala:732)
[2025-10-29T03:16:05.260+0700] {subprocess.py:93} INFO - 	at org.apache.spark.sql.execution.SQLExecution$.$anonfun$withNewExecutionId$6(SQLExecution.scala:125)
[2025-10-29T03:16:05.260+0700] {subprocess.py:93} INFO - 	at org.apache.spark.sql.execution.SQLExecution$.withSQLConfPropagated(SQLExecution.scala:201)
[2025-10-29T03:16:05.260+0700] {subprocess.py:93} INFO - 	at org.apache.spark.sql.execution.SQLExecution$.$anonfun$withNewExecutionId$1(SQLExecution.scala:108)
[2025-10-29T03:16:05.260+0700] {subprocess.py:93} INFO - 	at org.apache.spark.sql.SparkSession.withActive(SparkSession.scala:900)
[2025-10-29T03:16:05.261+0700] {subprocess.py:93} INFO - 	at org.apache.spark.sql.execution.SQLExecution$.withNewExecutionId(SQLExecution.scala:66)
[2025-10-29T03:16:05.261+0700] {subprocess.py:93} INFO - 	at org.apache.spark.sql.execution.streaming.MicroBatchExecution.$anonfun$runBatch$16(MicroBatchExecution.scala:729)
[2025-10-29T03:16:05.261+0700] {subprocess.py:93} INFO - 	at org.apache.spark.sql.execution.streaming.ProgressReporter.reportTimeTaken(ProgressReporter.scala:427)
[2025-10-29T03:16:05.261+0700] {subprocess.py:93} INFO - 	at org.apache.spark.sql.execution.streaming.ProgressReporter.reportTimeTaken$(ProgressReporter.scala:425)
[2025-10-29T03:16:05.261+0700] {subprocess.py:93} INFO - 	at org.apache.spark.sql.execution.streaming.StreamExecution.reportTimeTaken(StreamExecution.scala:67)
[2025-10-29T03:16:05.261+0700] {subprocess.py:93} INFO - 	at org.apache.spark.sql.execution.streaming.MicroBatchExecution.runBatch(MicroBatchExecution.scala:729)
[2025-10-29T03:16:05.261+0700] {subprocess.py:93} INFO - 	at org.apache.spark.sql.execution.streaming.MicroBatchExecution.$anonfun$runActivatedStream$2(MicroBatchExecution.scala:286)
[2025-10-29T03:16:05.261+0700] {subprocess.py:93} INFO - 	at scala.runtime.java8.JFunction0$mcV$sp.apply(JFunction0$mcV$sp.java:23)
[2025-10-29T03:16:05.261+0700] {subprocess.py:93} INFO - 	at org.apache.spark.sql.execution.streaming.ProgressReporter.reportTimeTaken(ProgressReporter.scala:427)
[2025-10-29T03:16:05.262+0700] {subprocess.py:93} INFO - 	at org.apache.spark.sql.execution.streaming.ProgressReporter.reportTimeTaken$(ProgressReporter.scala:425)
[2025-10-29T03:16:05.262+0700] {subprocess.py:93} INFO - 	at org.apache.spark.sql.execution.streaming.StreamExecution.reportTimeTaken(StreamExecution.scala:67)
[2025-10-29T03:16:05.262+0700] {subprocess.py:93} INFO - 	at org.apache.spark.sql.execution.streaming.MicroBatchExecution.$anonfun$runActivatedStream$1(MicroBatchExecution.scala:249)
[2025-10-29T03:16:05.262+0700] {subprocess.py:93} INFO - 	at org.apache.spark.sql.execution.streaming.ProcessingTimeExecutor.execute(TriggerExecutor.scala:67)
[2025-10-29T03:16:05.262+0700] {subprocess.py:93} INFO - 	at org.apache.spark.sql.execution.streaming.MicroBatchExecution.runActivatedStream(MicroBatchExecution.scala:239)
[2025-10-29T03:16:05.262+0700] {subprocess.py:93} INFO - 	at org.apache.spark.sql.execution.streaming.StreamExecution.$anonfun$runStream$1(StreamExecution.scala:311)
[2025-10-29T03:16:05.262+0700] {subprocess.py:93} INFO - 	at scala.runtime.java8.JFunction0$mcV$sp.apply(JFunction0$mcV$sp.java:23)
[2025-10-29T03:16:05.262+0700] {subprocess.py:93} INFO - 	at org.apache.spark.sql.SparkSession.withActive(SparkSession.scala:900)
[2025-10-29T03:16:05.262+0700] {subprocess.py:93} INFO - 	at org.apache.spark.sql.execution.streaming.StreamExecution.org$apache$spark$sql$execution$streaming$StreamExecution$$runStream(StreamExecution.scala:289)
[2025-10-29T03:16:05.263+0700] {subprocess.py:93} INFO - 	at org.apache.spark.sql.execution.streaming.StreamExecution$$anon$1.$anonfun$run$1(StreamExecution.scala:211)
[2025-10-29T03:16:05.263+0700] {subprocess.py:93} INFO - 	at scala.runtime.java8.JFunction0$mcV$sp.apply(JFunction0$mcV$sp.java:23)
[2025-10-29T03:16:05.263+0700] {subprocess.py:93} INFO - 	at org.apache.spark.JobArtifactSet$.withActiveJobArtifactState(JobArtifactSet.scala:94)
[2025-10-29T03:16:05.263+0700] {subprocess.py:93} INFO - 	at org.apache.spark.sql.execution.streaming.StreamExecution$$anon$1.run(StreamExecution.scala:211)
[2025-10-29T03:16:05.314+0700] {subprocess.py:93} INFO - Traceback (most recent call last):
[2025-10-29T03:16:05.315+0700] {subprocess.py:93} INFO -   File "/opt/***/projects/absa_streaming/scripts/consumer_postgres_streaming.py", line 175, in <module>
[2025-10-29T03:16:05.315+0700] {subprocess.py:93} INFO -     query.awaitTermination()
[2025-10-29T03:16:05.315+0700] {subprocess.py:93} INFO -   File "/home/***/.local/lib/python3.12/site-packages/pyspark/python/lib/pyspark.zip/pyspark/sql/streaming/query.py", line 221, in awaitTermination
[2025-10-29T03:16:05.315+0700] {subprocess.py:93} INFO -   File "/home/***/.local/lib/python3.12/site-packages/pyspark/python/lib/py4j-0.10.9.7-src.zip/py4j/java_gateway.py", line 1322, in __call__
[2025-10-29T03:16:05.315+0700] {subprocess.py:93} INFO -   File "/home/***/.local/lib/python3.12/site-packages/pyspark/python/lib/pyspark.zip/pyspark/errors/exceptions/captured.py", line 185, in deco
[2025-10-29T03:16:05.316+0700] {subprocess.py:93} INFO - pyspark.errors.exceptions.captured.StreamingQueryException: [STREAM_FAILED] Query [id = 4aae16a0-70d3-494e-bbca-17faa2ff505a, runId = 46b38fb6-46ca-4086-998b-c873078b828a] terminated with exception: An exception was raised by the Python Proxy. Return Message: Traceback (most recent call last):
[2025-10-29T03:16:05.317+0700] {subprocess.py:93} INFO -   File "/home/***/.local/lib/python3.12/site-packages/pyspark/python/lib/py4j-0.10.9.7-src.zip/py4j/clientserver.py", line 617, in _call_proxy
[2025-10-29T03:16:05.317+0700] {subprocess.py:93} INFO -     return_value = getattr(self.pool[obj_id], method)(*params)
[2025-10-29T03:16:05.317+0700] {subprocess.py:93} INFO -                    ^^^^^^^^^^^^^^^^^^^^^^^^^^^^^^^^^^^^^^^^^^^
[2025-10-29T03:16:05.317+0700] {subprocess.py:93} INFO -   File "/home/***/.local/lib/python3.12/site-packages/pyspark/python/lib/pyspark.zip/pyspark/sql/utils.py", line 120, in call
[2025-10-29T03:16:05.317+0700] {subprocess.py:93} INFO -     raise e
[2025-10-29T03:16:05.317+0700] {subprocess.py:93} INFO -   File "/home/***/.local/lib/python3.12/site-packages/pyspark/python/lib/pyspark.zip/pyspark/sql/utils.py", line 117, in call
[2025-10-29T03:16:05.318+0700] {subprocess.py:93} INFO -     self.func(DataFrame(jdf, wrapped_session_jdf), batch_id)
[2025-10-29T03:16:05.318+0700] {subprocess.py:93} INFO -   File "/opt/***/projects/absa_streaming/scripts/consumer_postgres_streaming.py", line 125, in write_to_postgres
[2025-10-29T03:16:05.318+0700] {subprocess.py:93} INFO -     total_rows = batch_df.count()
[2025-10-29T03:16:05.318+0700] {subprocess.py:93} INFO -                  ^^^^^^^^^^^^^^^^
[2025-10-29T03:16:05.318+0700] {subprocess.py:93} INFO -   File "/home/***/.local/lib/python3.12/site-packages/pyspark/python/lib/pyspark.zip/pyspark/sql/dataframe.py", line 1238, in count
[2025-10-29T03:16:05.319+0700] {subprocess.py:93} INFO -     return int(self._jdf.count())
[2025-10-29T03:16:05.319+0700] {subprocess.py:93} INFO -                ^^^^^^^^^^^^^^^^^
[2025-10-29T03:16:05.319+0700] {subprocess.py:93} INFO -   File "/home/***/.local/lib/python3.12/site-packages/pyspark/python/lib/py4j-0.10.9.7-src.zip/py4j/java_gateway.py", line 1322, in __call__
[2025-10-29T03:16:05.319+0700] {subprocess.py:93} INFO -     return_value = get_return_value(
[2025-10-29T03:16:05.319+0700] {subprocess.py:93} INFO -                    ^^^^^^^^^^^^^^^^^
[2025-10-29T03:16:05.319+0700] {subprocess.py:93} INFO -   File "/home/***/.local/lib/python3.12/site-packages/pyspark/python/lib/pyspark.zip/pyspark/errors/exceptions/captured.py", line 185, in deco
[2025-10-29T03:16:05.320+0700] {subprocess.py:93} INFO -     raise converted from None
[2025-10-29T03:16:05.320+0700] {subprocess.py:93} INFO - pyspark.errors.exceptions.captured.PythonException:
[2025-10-29T03:16:05.320+0700] {subprocess.py:93} INFO -   An exception was thrown from the Python worker. Please see the stack trace below.
[2025-10-29T03:16:05.320+0700] {subprocess.py:93} INFO - Traceback (most recent call last):
[2025-10-29T03:16:05.320+0700] {subprocess.py:93} INFO -   File "/opt/***/projects/absa_streaming/scripts/consumer_postgres_streaming.py", line 73, in absa_infer_udf
[2025-10-29T03:16:05.321+0700] {subprocess.py:93} INFO -     _tokenizer = AutoTokenizer.from_pretrained(MODEL_NAME, use_fast=True)
[2025-10-29T03:16:05.321+0700] {subprocess.py:93} INFO -                  ^^^^^^^^^^^^^^^^^^^^^^^^^^^^^^^^^^^^^^^^^^^^^^^^^^^^^^^^
[2025-10-29T03:16:05.321+0700] {subprocess.py:93} INFO -   File "/home/***/.local/lib/python3.12/site-packages/transformers/models/auto/tokenization_auto.py", line 817, in from_pretrained
[2025-10-29T03:16:05.321+0700] {subprocess.py:93} INFO -     tokenizer_config = get_tokenizer_config(pretrained_model_name_or_path, **kwargs)
[2025-10-29T03:16:05.321+0700] {subprocess.py:93} INFO -                        ^^^^^^^^^^^^^^^^^^^^^^^^^^^^^^^^^^^^^^^^^^^^^^^^^^^^^^^^^^^^^
[2025-10-29T03:16:05.321+0700] {subprocess.py:93} INFO -   File "/home/***/.local/lib/python3.12/site-packages/transformers/models/auto/tokenization_auto.py", line 649, in get_tokenizer_config
[2025-10-29T03:16:05.322+0700] {subprocess.py:93} INFO -     resolved_config_file = cached_file(
[2025-10-29T03:16:05.322+0700] {subprocess.py:93} INFO -                            ^^^^^^^^^^^^
[2025-10-29T03:16:05.322+0700] {subprocess.py:93} INFO -   File "/home/***/.local/lib/python3.12/site-packages/transformers/utils/hub.py", line 462, in cached_file
[2025-10-29T03:16:05.322+0700] {subprocess.py:93} INFO -     except HFValidationError as e:
[2025-10-29T03:16:05.322+0700] {subprocess.py:93} INFO -   File "/home/***/.local/lib/python3.12/site-packages/huggingface_hub/utils/_validators.py", line 114, in _inner_fn
[2025-10-29T03:16:05.323+0700] {subprocess.py:93} INFO -     return fn(*args, **kwargs)
[2025-10-29T03:16:05.323+0700] {subprocess.py:93} INFO -            ^^^^^^^^^^^^^^^^^^^
[2025-10-29T03:16:05.323+0700] {subprocess.py:93} INFO -   File "/home/***/.local/lib/python3.12/site-packages/huggingface_hub/file_download.py", line 1007, in hf_hub_download
[2025-10-29T03:16:05.323+0700] {subprocess.py:93} INFO -     return _hf_hub_download_to_cache_dir(
[2025-10-29T03:16:05.323+0700] {subprocess.py:93} INFO -            ^^^^^^^^^^^^^^^^^^^^^^^^^^^^^^
[2025-10-29T03:16:05.323+0700] {subprocess.py:93} INFO -   File "/home/***/.local/lib/python3.12/site-packages/huggingface_hub/file_download.py", line 1124, in _hf_hub_download_to_cache_dir
[2025-10-29T03:16:05.324+0700] {subprocess.py:93} INFO -     os.makedirs(os.path.dirname(blob_path), exist_ok=True)
[2025-10-29T03:16:05.324+0700] {subprocess.py:93} INFO -   File "<frozen os>", line 216, in makedirs
[2025-10-29T03:16:05.324+0700] {subprocess.py:93} INFO -   File "<frozen os>", line 216, in makedirs
[2025-10-29T03:16:05.324+0700] {subprocess.py:93} INFO -   File "<frozen os>", line 216, in makedirs
[2025-10-29T03:16:05.324+0700] {subprocess.py:93} INFO -   File "<frozen os>", line 230, in makedirs
[2025-10-29T03:16:05.324+0700] {subprocess.py:93} INFO - PermissionError: [Errno 13] Permission denied: '/home/***/.cache/huggingface'
[2025-10-29T03:16:05.325+0700] {subprocess.py:93} INFO - 
[2025-10-29T03:16:05.325+0700] {subprocess.py:93} INFO - 
[2025-10-29T03:16:05.741+0700] {subprocess.py:97} INFO - Command exited with return code 1
[2025-10-29T03:16:05.742+0700] {taskinstance.py:441} INFO - ::group::Post task execution logs
[2025-10-29T03:16:05.748+0700] {taskinstance.py:2890} ERROR - Task failed with exception
Traceback (most recent call last):
  File "/home/airflow/.local/lib/python3.12/site-packages/airflow/models/taskinstance.py", line 460, in _execute_task
    result = _execute_callable(context=context, **execute_callable_kwargs)
             ^^^^^^^^^^^^^^^^^^^^^^^^^^^^^^^^^^^^^^^^^^^^^^^^^^^^^^^^^^^^^
  File "/home/airflow/.local/lib/python3.12/site-packages/airflow/models/taskinstance.py", line 432, in _execute_callable
    return execute_callable(context=context, **execute_callable_kwargs)
           ^^^^^^^^^^^^^^^^^^^^^^^^^^^^^^^^^^^^^^^^^^^^^^^^^^^^^^^^^^^^
  File "/home/airflow/.local/lib/python3.12/site-packages/airflow/models/baseoperator.py", line 400, in wrapper
    return func(self, *args, **kwargs)
           ^^^^^^^^^^^^^^^^^^^^^^^^^^^
  File "/home/airflow/.local/lib/python3.12/site-packages/airflow/operators/bash.py", line 243, in execute
    raise AirflowException(
airflow.exceptions.AirflowException: Bash command failed. The command returned a non-zero exit code 1.
[2025-10-29T03:16:05.751+0700] {taskinstance.py:1205} INFO - Marking task as UP_FOR_RETRY. dag_id=absa_streaming_lifecycle_demo1, task_id=deploy_consumer, execution_date=20251028T190000, start_date=20251028T201548, end_date=20251028T201605
[2025-10-29T03:16:05.788+0700] {standard_task_runner.py:110} ERROR - Failed to execute job 14 for task deploy_consumer (Bash command failed. The command returned a non-zero exit code 1.; 3581)
[2025-10-29T03:16:05.797+0700] {local_task_job_runner.py:240} INFO - Task exited with return code 1
[2025-10-29T03:16:05.809+0700] {taskinstance.py:3482} INFO - 0 downstream tasks scheduled from follow-on schedule check
[2025-10-29T03:16:05.833+0700] {local_task_job_runner.py:222} INFO - ::endgroup::
