[2025-10-29T03:24:25.016+0700] {local_task_job_runner.py:120} INFO - ::group::Pre task execution logs
[2025-10-29T03:24:25.034+0700] {taskinstance.py:2073} INFO - Dependencies all met for dep_context=non-requeueable deps ti=<TaskInstance: absa_streaming_lifecycle_demo1.deploy_consumer scheduled__2025-10-28T19:00:00+00:00 [queued]>
[2025-10-29T03:24:25.039+0700] {taskinstance.py:2073} INFO - Dependencies all met for dep_context=requeueable deps ti=<TaskInstance: absa_streaming_lifecycle_demo1.deploy_consumer scheduled__2025-10-28T19:00:00+00:00 [queued]>
[2025-10-29T03:24:25.040+0700] {taskinstance.py:2303} INFO - Starting attempt 9 of 14
[2025-10-29T03:24:25.066+0700] {taskinstance.py:2327} INFO - Executing <Task(BashOperator): deploy_consumer> on 2025-10-28 19:00:00+00:00
[2025-10-29T03:24:25.076+0700] {warnings.py:110} WARNING - /home/***/.local/lib/python3.12/site-packages/***/task/task_runner/standard_task_runner.py:61: DeprecationWarning: This process (pid=7459) is multi-threaded, use of fork() may lead to deadlocks in the child.
  pid = os.fork()

[2025-10-29T03:24:25.077+0700] {standard_task_runner.py:63} INFO - Started process 7505 to run task
[2025-10-29T03:24:25.077+0700] {standard_task_runner.py:90} INFO - Running: ['***', 'tasks', 'run', 'absa_streaming_lifecycle_demo1', 'deploy_consumer', 'scheduled__2025-10-28T19:00:00+00:00', '--job-id', '23', '--raw', '--subdir', 'DAGS_FOLDER/absa_streaming_lifecycle_dag1.py', '--cfg-path', '/tmp/tmp9bxygrsp']
[2025-10-29T03:24:25.079+0700] {standard_task_runner.py:91} INFO - Job 23: Subtask deploy_consumer
[2025-10-29T03:24:25.137+0700] {task_command.py:426} INFO - Running <TaskInstance: absa_streaming_lifecycle_demo1.deploy_consumer scheduled__2025-10-28T19:00:00+00:00 [running]> on host dfeadd712fc3
[2025-10-29T03:24:25.239+0700] {taskinstance.py:2644} INFO - Exporting env vars: AIRFLOW_CTX_DAG_OWNER='***' AIRFLOW_CTX_DAG_ID='absa_streaming_lifecycle_demo1' AIRFLOW_CTX_TASK_ID='deploy_consumer' AIRFLOW_CTX_EXECUTION_DATE='2025-10-28T19:00:00+00:00' AIRFLOW_CTX_TRY_NUMBER='9' AIRFLOW_CTX_DAG_RUN_ID='scheduled__2025-10-28T19:00:00+00:00'
[2025-10-29T03:24:25.241+0700] {taskinstance.py:430} INFO - ::endgroup::
[2025-10-29T03:24:25.242+0700] {subprocess.py:63} INFO - Tmp dir root location: /tmp
[2025-10-29T03:24:25.243+0700] {subprocess.py:75} INFO - Running command: ['/usr/bin/bash', '-c', 'bash -c "timeout 45m /opt/***/projects/absa_streaming/scripts/run_consumer.sh"']
[2025-10-29T03:24:25.261+0700] {subprocess.py:86} INFO - Output:
[2025-10-29T03:24:25.267+0700] {subprocess.py:93} INFO - [Consumer] Starting Spark Structured Streaming job...
[2025-10-29T03:24:25.314+0700] {subprocess.py:93} INFO - /home/***/.local/lib/python3.12/site-packages/pyspark/bin/load-spark-env.sh: line 68: ps: command not found
[2025-10-29T03:24:26.389+0700] {subprocess.py:93} INFO - :: loading settings :: url = jar:file:/home/***/.local/lib/python3.12/site-packages/pyspark/jars/ivy-2.5.1.jar!/org/apache/ivy/core/settings/ivysettings.xml
[2025-10-29T03:24:26.468+0700] {subprocess.py:93} INFO - Ivy Default Cache set to: /home/***/.ivy2/cache
[2025-10-29T03:24:26.469+0700] {subprocess.py:93} INFO - The jars for the packages stored in: /home/***/.ivy2/jars
[2025-10-29T03:24:26.474+0700] {subprocess.py:93} INFO - org.apache.spark#spark-sql-kafka-0-10_2.12 added as a dependency
[2025-10-29T03:24:26.474+0700] {subprocess.py:93} INFO - org.postgresql#postgresql added as a dependency
[2025-10-29T03:24:26.475+0700] {subprocess.py:93} INFO - :: resolving dependencies :: org.apache.spark#spark-submit-parent-fb90616a-40b3-4f55-9ed3-a28eae41f260;1.0
[2025-10-29T03:24:26.475+0700] {subprocess.py:93} INFO - 	confs: [default]
[2025-10-29T03:24:26.688+0700] {subprocess.py:93} INFO - 	found org.apache.spark#spark-sql-kafka-0-10_2.12;3.5.1 in central
[2025-10-29T03:24:26.735+0700] {subprocess.py:93} INFO - 	found org.apache.spark#spark-token-provider-kafka-0-10_2.12;3.5.1 in central
[2025-10-29T03:24:26.767+0700] {subprocess.py:93} INFO - 	found org.apache.kafka#kafka-clients;3.4.1 in central
[2025-10-29T03:24:26.800+0700] {subprocess.py:93} INFO - 	found org.lz4#lz4-java;1.8.0 in central
[2025-10-29T03:24:26.829+0700] {subprocess.py:93} INFO - 	found org.xerial.snappy#snappy-java;1.1.10.3 in central
[2025-10-29T03:24:26.852+0700] {subprocess.py:93} INFO - 	found org.slf4j#slf4j-api;2.0.7 in central
[2025-10-29T03:24:26.876+0700] {subprocess.py:93} INFO - 	found org.apache.hadoop#hadoop-client-runtime;3.3.4 in central
[2025-10-29T03:24:26.906+0700] {subprocess.py:93} INFO - 	found org.apache.hadoop#hadoop-client-api;3.3.4 in central
[2025-10-29T03:24:26.932+0700] {subprocess.py:93} INFO - 	found commons-logging#commons-logging;1.1.3 in central
[2025-10-29T03:24:26.952+0700] {subprocess.py:93} INFO - 	found com.google.code.findbugs#jsr305;3.0.0 in central
[2025-10-29T03:24:26.971+0700] {subprocess.py:93} INFO - 	found org.apache.commons#commons-pool2;2.11.1 in central
[2025-10-29T03:24:26.985+0700] {subprocess.py:93} INFO - 	found org.postgresql#postgresql;42.6.0 in central
[2025-10-29T03:24:26.997+0700] {subprocess.py:93} INFO - 	found org.checkerframework#checker-qual;3.31.0 in central
[2025-10-29T03:24:27.026+0700] {subprocess.py:93} INFO - :: resolution report :: resolve 536ms :: artifacts dl 14ms
[2025-10-29T03:24:27.026+0700] {subprocess.py:93} INFO - 	:: modules in use:
[2025-10-29T03:24:27.027+0700] {subprocess.py:93} INFO - 	com.google.code.findbugs#jsr305;3.0.0 from central in [default]
[2025-10-29T03:24:27.027+0700] {subprocess.py:93} INFO - 	commons-logging#commons-logging;1.1.3 from central in [default]
[2025-10-29T03:24:27.027+0700] {subprocess.py:93} INFO - 	org.apache.commons#commons-pool2;2.11.1 from central in [default]
[2025-10-29T03:24:27.027+0700] {subprocess.py:93} INFO - 	org.apache.hadoop#hadoop-client-api;3.3.4 from central in [default]
[2025-10-29T03:24:27.028+0700] {subprocess.py:93} INFO - 	org.apache.hadoop#hadoop-client-runtime;3.3.4 from central in [default]
[2025-10-29T03:24:27.028+0700] {subprocess.py:93} INFO - 	org.apache.kafka#kafka-clients;3.4.1 from central in [default]
[2025-10-29T03:24:27.028+0700] {subprocess.py:93} INFO - 	org.apache.spark#spark-sql-kafka-0-10_2.12;3.5.1 from central in [default]
[2025-10-29T03:24:27.028+0700] {subprocess.py:93} INFO - 	org.apache.spark#spark-token-provider-kafka-0-10_2.12;3.5.1 from central in [default]
[2025-10-29T03:24:27.029+0700] {subprocess.py:93} INFO - 	org.checkerframework#checker-qual;3.31.0 from central in [default]
[2025-10-29T03:24:27.029+0700] {subprocess.py:93} INFO - 	org.lz4#lz4-java;1.8.0 from central in [default]
[2025-10-29T03:24:27.029+0700] {subprocess.py:93} INFO - 	org.postgresql#postgresql;42.6.0 from central in [default]
[2025-10-29T03:24:27.030+0700] {subprocess.py:93} INFO - 	org.slf4j#slf4j-api;2.0.7 from central in [default]
[2025-10-29T03:24:27.030+0700] {subprocess.py:93} INFO - 	org.xerial.snappy#snappy-java;1.1.10.3 from central in [default]
[2025-10-29T03:24:27.030+0700] {subprocess.py:93} INFO - 	---------------------------------------------------------------------
[2025-10-29T03:24:27.031+0700] {subprocess.py:93} INFO - 	|                  |            modules            ||   artifacts   |
[2025-10-29T03:24:27.031+0700] {subprocess.py:93} INFO - 	|       conf       | number| search|dwnlded|evicted|| number|dwnlded|
[2025-10-29T03:24:27.031+0700] {subprocess.py:93} INFO - 	---------------------------------------------------------------------
[2025-10-29T03:24:27.031+0700] {subprocess.py:93} INFO - 	|      default     |   13  |   0   |   0   |   0   ||   13  |   0   |
[2025-10-29T03:24:27.032+0700] {subprocess.py:93} INFO - 	---------------------------------------------------------------------
[2025-10-29T03:24:27.033+0700] {subprocess.py:93} INFO - :: retrieving :: org.apache.spark#spark-submit-parent-fb90616a-40b3-4f55-9ed3-a28eae41f260
[2025-10-29T03:24:27.033+0700] {subprocess.py:93} INFO - 	confs: [default]
[2025-10-29T03:24:27.041+0700] {subprocess.py:93} INFO - 	0 artifacts copied, 13 already retrieved (0kB/8ms)
[2025-10-29T03:24:27.195+0700] {subprocess.py:93} INFO - 25/10/29 03:24:27 WARN NativeCodeLoader: Unable to load native-hadoop library for your platform... using builtin-java classes where applicable
[2025-10-29T03:24:31.069+0700] {subprocess.py:93} INFO - There was a problem when trying to write in your cache folder (/home/***/.cache/huggingface/hub). You should set the environment variable TRANSFORMERS_CACHE to a writable directory.
[2025-10-29T03:24:31.187+0700] {subprocess.py:93} INFO - 25/10/29 03:24:31 INFO SparkContext: Running Spark version 3.5.1
[2025-10-29T03:24:31.187+0700] {subprocess.py:93} INFO - 25/10/29 03:24:31 INFO SparkContext: OS info Linux, 6.14.0-33-generic, amd64
[2025-10-29T03:24:31.188+0700] {subprocess.py:93} INFO - 25/10/29 03:24:31 INFO SparkContext: Java version 17.0.17
[2025-10-29T03:24:31.204+0700] {subprocess.py:93} INFO - 25/10/29 03:24:31 INFO ResourceUtils: ==============================================================
[2025-10-29T03:24:31.205+0700] {subprocess.py:93} INFO - 25/10/29 03:24:31 INFO ResourceUtils: No custom resources configured for spark.driver.
[2025-10-29T03:24:31.205+0700] {subprocess.py:93} INFO - 25/10/29 03:24:31 INFO ResourceUtils: ==============================================================
[2025-10-29T03:24:31.206+0700] {subprocess.py:93} INFO - 25/10/29 03:24:31 INFO SparkContext: Submitted application: Kafka_ABSA_Postgres
[2025-10-29T03:24:31.222+0700] {subprocess.py:93} INFO - 25/10/29 03:24:31 INFO ResourceProfile: Default ResourceProfile created, executor resources: Map(cores -> name: cores, amount: 1, script: , vendor: , memory -> name: memory, amount: 1024, script: , vendor: , offHeap -> name: offHeap, amount: 0, script: , vendor: ), task resources: Map(cpus -> name: cpus, amount: 1.0)
[2025-10-29T03:24:31.229+0700] {subprocess.py:93} INFO - 25/10/29 03:24:31 INFO ResourceProfile: Limiting resource is cpu
[2025-10-29T03:24:31.229+0700] {subprocess.py:93} INFO - 25/10/29 03:24:31 INFO ResourceProfileManager: Added ResourceProfile id: 0
[2025-10-29T03:24:31.270+0700] {subprocess.py:93} INFO - 25/10/29 03:24:31 INFO SecurityManager: Changing view acls to: default
[2025-10-29T03:24:31.270+0700] {subprocess.py:93} INFO - 25/10/29 03:24:31 INFO SecurityManager: Changing modify acls to: default
[2025-10-29T03:24:31.271+0700] {subprocess.py:93} INFO - 25/10/29 03:24:31 INFO SecurityManager: Changing view acls groups to:
[2025-10-29T03:24:31.271+0700] {subprocess.py:93} INFO - 25/10/29 03:24:31 INFO SecurityManager: Changing modify acls groups to:
[2025-10-29T03:24:31.271+0700] {subprocess.py:93} INFO - 25/10/29 03:24:31 INFO SecurityManager: SecurityManager: authentication disabled; ui acls disabled; users with view permissions: default; groups with view permissions: EMPTY; users with modify permissions: default; groups with modify permissions: EMPTY
[2025-10-29T03:24:31.419+0700] {subprocess.py:93} INFO - 25/10/29 03:24:31 INFO Utils: Successfully started service 'sparkDriver' on port 35465.
[2025-10-29T03:24:31.452+0700] {subprocess.py:93} INFO - 25/10/29 03:24:31 INFO SparkEnv: Registering MapOutputTracker
[2025-10-29T03:24:31.488+0700] {subprocess.py:93} INFO - 25/10/29 03:24:31 INFO SparkEnv: Registering BlockManagerMaster
[2025-10-29T03:24:31.502+0700] {subprocess.py:93} INFO - 25/10/29 03:24:31 INFO BlockManagerMasterEndpoint: Using org.apache.spark.storage.DefaultTopologyMapper for getting topology information
[2025-10-29T03:24:31.502+0700] {subprocess.py:93} INFO - 25/10/29 03:24:31 INFO BlockManagerMasterEndpoint: BlockManagerMasterEndpoint up
[2025-10-29T03:24:31.505+0700] {subprocess.py:93} INFO - 25/10/29 03:24:31 INFO SparkEnv: Registering BlockManagerMasterHeartbeat
[2025-10-29T03:24:31.522+0700] {subprocess.py:93} INFO - 25/10/29 03:24:31 INFO DiskBlockManager: Created local directory at /tmp/blockmgr-63f04ceb-763c-447d-a79d-efa784f2cfed
[2025-10-29T03:24:31.534+0700] {subprocess.py:93} INFO - 25/10/29 03:24:31 INFO MemoryStore: MemoryStore started with capacity 434.4 MiB
[2025-10-29T03:24:31.552+0700] {subprocess.py:93} INFO - 25/10/29 03:24:31 INFO SparkEnv: Registering OutputCommitCoordinator
[2025-10-29T03:24:31.667+0700] {subprocess.py:93} INFO - 25/10/29 03:24:31 INFO JettyUtils: Start Jetty 0.0.0.0:4040 for SparkUI
[2025-10-29T03:24:31.711+0700] {subprocess.py:93} INFO - 25/10/29 03:24:31 INFO Utils: Successfully started service 'SparkUI' on port 4040.
[2025-10-29T03:24:31.743+0700] {subprocess.py:93} INFO - 25/10/29 03:24:31 INFO SparkContext: Added JAR file:///home/***/.ivy2/jars/org.apache.spark_spark-sql-kafka-0-10_2.12-3.5.1.jar at spark://dfeadd712fc3:35465/jars/org.apache.spark_spark-sql-kafka-0-10_2.12-3.5.1.jar with timestamp 1761683071183
[2025-10-29T03:24:31.744+0700] {subprocess.py:93} INFO - 25/10/29 03:24:31 INFO SparkContext: Added JAR file:///home/***/.ivy2/jars/org.postgresql_postgresql-42.6.0.jar at spark://dfeadd712fc3:35465/jars/org.postgresql_postgresql-42.6.0.jar with timestamp 1761683071183
[2025-10-29T03:24:31.744+0700] {subprocess.py:93} INFO - 25/10/29 03:24:31 INFO SparkContext: Added JAR file:///home/***/.ivy2/jars/org.apache.spark_spark-token-provider-kafka-0-10_2.12-3.5.1.jar at spark://dfeadd712fc3:35465/jars/org.apache.spark_spark-token-provider-kafka-0-10_2.12-3.5.1.jar with timestamp 1761683071183
[2025-10-29T03:24:31.745+0700] {subprocess.py:93} INFO - 25/10/29 03:24:31 INFO SparkContext: Added JAR file:///home/***/.ivy2/jars/org.apache.kafka_kafka-clients-3.4.1.jar at spark://dfeadd712fc3:35465/jars/org.apache.kafka_kafka-clients-3.4.1.jar with timestamp 1761683071183
[2025-10-29T03:24:31.745+0700] {subprocess.py:93} INFO - 25/10/29 03:24:31 INFO SparkContext: Added JAR file:///home/***/.ivy2/jars/com.google.code.findbugs_jsr305-3.0.0.jar at spark://dfeadd712fc3:35465/jars/com.google.code.findbugs_jsr305-3.0.0.jar with timestamp 1761683071183
[2025-10-29T03:24:31.745+0700] {subprocess.py:93} INFO - 25/10/29 03:24:31 INFO SparkContext: Added JAR file:///home/***/.ivy2/jars/org.apache.commons_commons-pool2-2.11.1.jar at spark://dfeadd712fc3:35465/jars/org.apache.commons_commons-pool2-2.11.1.jar with timestamp 1761683071183
[2025-10-29T03:24:31.745+0700] {subprocess.py:93} INFO - 25/10/29 03:24:31 INFO SparkContext: Added JAR file:///home/***/.ivy2/jars/org.apache.hadoop_hadoop-client-runtime-3.3.4.jar at spark://dfeadd712fc3:35465/jars/org.apache.hadoop_hadoop-client-runtime-3.3.4.jar with timestamp 1761683071183
[2025-10-29T03:24:31.745+0700] {subprocess.py:93} INFO - 25/10/29 03:24:31 INFO SparkContext: Added JAR file:///home/***/.ivy2/jars/org.lz4_lz4-java-1.8.0.jar at spark://dfeadd712fc3:35465/jars/org.lz4_lz4-java-1.8.0.jar with timestamp 1761683071183
[2025-10-29T03:24:31.745+0700] {subprocess.py:93} INFO - 25/10/29 03:24:31 INFO SparkContext: Added JAR file:///home/***/.ivy2/jars/org.xerial.snappy_snappy-java-1.1.10.3.jar at spark://dfeadd712fc3:35465/jars/org.xerial.snappy_snappy-java-1.1.10.3.jar with timestamp 1761683071183
[2025-10-29T03:24:31.746+0700] {subprocess.py:93} INFO - 25/10/29 03:24:31 INFO SparkContext: Added JAR file:///home/***/.ivy2/jars/org.slf4j_slf4j-api-2.0.7.jar at spark://dfeadd712fc3:35465/jars/org.slf4j_slf4j-api-2.0.7.jar with timestamp 1761683071183
[2025-10-29T03:24:31.746+0700] {subprocess.py:93} INFO - 25/10/29 03:24:31 INFO SparkContext: Added JAR file:///home/***/.ivy2/jars/org.apache.hadoop_hadoop-client-api-3.3.4.jar at spark://dfeadd712fc3:35465/jars/org.apache.hadoop_hadoop-client-api-3.3.4.jar with timestamp 1761683071183
[2025-10-29T03:24:31.746+0700] {subprocess.py:93} INFO - 25/10/29 03:24:31 INFO SparkContext: Added JAR file:///home/***/.ivy2/jars/commons-logging_commons-logging-1.1.3.jar at spark://dfeadd712fc3:35465/jars/commons-logging_commons-logging-1.1.3.jar with timestamp 1761683071183
[2025-10-29T03:24:31.746+0700] {subprocess.py:93} INFO - 25/10/29 03:24:31 INFO SparkContext: Added JAR file:///home/***/.ivy2/jars/org.checkerframework_checker-qual-3.31.0.jar at spark://dfeadd712fc3:35465/jars/org.checkerframework_checker-qual-3.31.0.jar with timestamp 1761683071183
[2025-10-29T03:24:31.748+0700] {subprocess.py:93} INFO - 25/10/29 03:24:31 INFO SparkContext: Added file file:///home/***/.ivy2/jars/org.apache.spark_spark-sql-kafka-0-10_2.12-3.5.1.jar at file:///home/***/.ivy2/jars/org.apache.spark_spark-sql-kafka-0-10_2.12-3.5.1.jar with timestamp 1761683071183
[2025-10-29T03:24:31.749+0700] {subprocess.py:93} INFO - 25/10/29 03:24:31 INFO Utils: Copying /home/***/.ivy2/jars/org.apache.spark_spark-sql-kafka-0-10_2.12-3.5.1.jar to /tmp/spark-a1db4bbe-110d-4e9f-adaf-b8f1d886c2ef/userFiles-ee1ff480-9ca5-4079-bd27-31d9153292cd/org.apache.spark_spark-sql-kafka-0-10_2.12-3.5.1.jar
[2025-10-29T03:24:31.759+0700] {subprocess.py:93} INFO - 25/10/29 03:24:31 INFO SparkContext: Added file file:///home/***/.ivy2/jars/org.postgresql_postgresql-42.6.0.jar at file:///home/***/.ivy2/jars/org.postgresql_postgresql-42.6.0.jar with timestamp 1761683071183
[2025-10-29T03:24:31.760+0700] {subprocess.py:93} INFO - 25/10/29 03:24:31 INFO Utils: Copying /home/***/.ivy2/jars/org.postgresql_postgresql-42.6.0.jar to /tmp/spark-a1db4bbe-110d-4e9f-adaf-b8f1d886c2ef/userFiles-ee1ff480-9ca5-4079-bd27-31d9153292cd/org.postgresql_postgresql-42.6.0.jar
[2025-10-29T03:24:31.765+0700] {subprocess.py:93} INFO - 25/10/29 03:24:31 INFO SparkContext: Added file file:///home/***/.ivy2/jars/org.apache.spark_spark-token-provider-kafka-0-10_2.12-3.5.1.jar at file:///home/***/.ivy2/jars/org.apache.spark_spark-token-provider-kafka-0-10_2.12-3.5.1.jar with timestamp 1761683071183
[2025-10-29T03:24:31.765+0700] {subprocess.py:93} INFO - 25/10/29 03:24:31 INFO Utils: Copying /home/***/.ivy2/jars/org.apache.spark_spark-token-provider-kafka-0-10_2.12-3.5.1.jar to /tmp/spark-a1db4bbe-110d-4e9f-adaf-b8f1d886c2ef/userFiles-ee1ff480-9ca5-4079-bd27-31d9153292cd/org.apache.spark_spark-token-provider-kafka-0-10_2.12-3.5.1.jar
[2025-10-29T03:24:31.770+0700] {subprocess.py:93} INFO - 25/10/29 03:24:31 INFO SparkContext: Added file file:///home/***/.ivy2/jars/org.apache.kafka_kafka-clients-3.4.1.jar at file:///home/***/.ivy2/jars/org.apache.kafka_kafka-clients-3.4.1.jar with timestamp 1761683071183
[2025-10-29T03:24:31.770+0700] {subprocess.py:93} INFO - 25/10/29 03:24:31 INFO Utils: Copying /home/***/.ivy2/jars/org.apache.kafka_kafka-clients-3.4.1.jar to /tmp/spark-a1db4bbe-110d-4e9f-adaf-b8f1d886c2ef/userFiles-ee1ff480-9ca5-4079-bd27-31d9153292cd/org.apache.kafka_kafka-clients-3.4.1.jar
[2025-10-29T03:24:31.778+0700] {subprocess.py:93} INFO - 25/10/29 03:24:31 INFO SparkContext: Added file file:///home/***/.ivy2/jars/com.google.code.findbugs_jsr305-3.0.0.jar at file:///home/***/.ivy2/jars/com.google.code.findbugs_jsr305-3.0.0.jar with timestamp 1761683071183
[2025-10-29T03:24:31.779+0700] {subprocess.py:93} INFO - 25/10/29 03:24:31 INFO Utils: Copying /home/***/.ivy2/jars/com.google.code.findbugs_jsr305-3.0.0.jar to /tmp/spark-a1db4bbe-110d-4e9f-adaf-b8f1d886c2ef/userFiles-ee1ff480-9ca5-4079-bd27-31d9153292cd/com.google.code.findbugs_jsr305-3.0.0.jar
[2025-10-29T03:24:31.783+0700] {subprocess.py:93} INFO - 25/10/29 03:24:31 INFO SparkContext: Added file file:///home/***/.ivy2/jars/org.apache.commons_commons-pool2-2.11.1.jar at file:///home/***/.ivy2/jars/org.apache.commons_commons-pool2-2.11.1.jar with timestamp 1761683071183
[2025-10-29T03:24:31.783+0700] {subprocess.py:93} INFO - 25/10/29 03:24:31 INFO Utils: Copying /home/***/.ivy2/jars/org.apache.commons_commons-pool2-2.11.1.jar to /tmp/spark-a1db4bbe-110d-4e9f-adaf-b8f1d886c2ef/userFiles-ee1ff480-9ca5-4079-bd27-31d9153292cd/org.apache.commons_commons-pool2-2.11.1.jar
[2025-10-29T03:24:31.787+0700] {subprocess.py:93} INFO - 25/10/29 03:24:31 INFO SparkContext: Added file file:///home/***/.ivy2/jars/org.apache.hadoop_hadoop-client-runtime-3.3.4.jar at file:///home/***/.ivy2/jars/org.apache.hadoop_hadoop-client-runtime-3.3.4.jar with timestamp 1761683071183
[2025-10-29T03:24:31.788+0700] {subprocess.py:93} INFO - 25/10/29 03:24:31 INFO Utils: Copying /home/***/.ivy2/jars/org.apache.hadoop_hadoop-client-runtime-3.3.4.jar to /tmp/spark-a1db4bbe-110d-4e9f-adaf-b8f1d886c2ef/userFiles-ee1ff480-9ca5-4079-bd27-31d9153292cd/org.apache.hadoop_hadoop-client-runtime-3.3.4.jar
[2025-10-29T03:24:31.809+0700] {subprocess.py:93} INFO - 25/10/29 03:24:31 INFO SparkContext: Added file file:///home/***/.ivy2/jars/org.lz4_lz4-java-1.8.0.jar at file:///home/***/.ivy2/jars/org.lz4_lz4-java-1.8.0.jar with timestamp 1761683071183
[2025-10-29T03:24:31.809+0700] {subprocess.py:93} INFO - 25/10/29 03:24:31 INFO Utils: Copying /home/***/.ivy2/jars/org.lz4_lz4-java-1.8.0.jar to /tmp/spark-a1db4bbe-110d-4e9f-adaf-b8f1d886c2ef/userFiles-ee1ff480-9ca5-4079-bd27-31d9153292cd/org.lz4_lz4-java-1.8.0.jar
[2025-10-29T03:24:31.813+0700] {subprocess.py:93} INFO - 25/10/29 03:24:31 INFO SparkContext: Added file file:///home/***/.ivy2/jars/org.xerial.snappy_snappy-java-1.1.10.3.jar at file:///home/***/.ivy2/jars/org.xerial.snappy_snappy-java-1.1.10.3.jar with timestamp 1761683071183
[2025-10-29T03:24:31.813+0700] {subprocess.py:93} INFO - 25/10/29 03:24:31 INFO Utils: Copying /home/***/.ivy2/jars/org.xerial.snappy_snappy-java-1.1.10.3.jar to /tmp/spark-a1db4bbe-110d-4e9f-adaf-b8f1d886c2ef/userFiles-ee1ff480-9ca5-4079-bd27-31d9153292cd/org.xerial.snappy_snappy-java-1.1.10.3.jar
[2025-10-29T03:24:31.818+0700] {subprocess.py:93} INFO - 25/10/29 03:24:31 INFO SparkContext: Added file file:///home/***/.ivy2/jars/org.slf4j_slf4j-api-2.0.7.jar at file:///home/***/.ivy2/jars/org.slf4j_slf4j-api-2.0.7.jar with timestamp 1761683071183
[2025-10-29T03:24:31.818+0700] {subprocess.py:93} INFO - 25/10/29 03:24:31 INFO Utils: Copying /home/***/.ivy2/jars/org.slf4j_slf4j-api-2.0.7.jar to /tmp/spark-a1db4bbe-110d-4e9f-adaf-b8f1d886c2ef/userFiles-ee1ff480-9ca5-4079-bd27-31d9153292cd/org.slf4j_slf4j-api-2.0.7.jar
[2025-10-29T03:24:31.822+0700] {subprocess.py:93} INFO - 25/10/29 03:24:31 INFO SparkContext: Added file file:///home/***/.ivy2/jars/org.apache.hadoop_hadoop-client-api-3.3.4.jar at file:///home/***/.ivy2/jars/org.apache.hadoop_hadoop-client-api-3.3.4.jar with timestamp 1761683071183
[2025-10-29T03:24:31.822+0700] {subprocess.py:93} INFO - 25/10/29 03:24:31 INFO Utils: Copying /home/***/.ivy2/jars/org.apache.hadoop_hadoop-client-api-3.3.4.jar to /tmp/spark-a1db4bbe-110d-4e9f-adaf-b8f1d886c2ef/userFiles-ee1ff480-9ca5-4079-bd27-31d9153292cd/org.apache.hadoop_hadoop-client-api-3.3.4.jar
[2025-10-29T03:24:31.836+0700] {subprocess.py:93} INFO - 25/10/29 03:24:31 INFO SparkContext: Added file file:///home/***/.ivy2/jars/commons-logging_commons-logging-1.1.3.jar at file:///home/***/.ivy2/jars/commons-logging_commons-logging-1.1.3.jar with timestamp 1761683071183
[2025-10-29T03:24:31.836+0700] {subprocess.py:93} INFO - 25/10/29 03:24:31 INFO Utils: Copying /home/***/.ivy2/jars/commons-logging_commons-logging-1.1.3.jar to /tmp/spark-a1db4bbe-110d-4e9f-adaf-b8f1d886c2ef/userFiles-ee1ff480-9ca5-4079-bd27-31d9153292cd/commons-logging_commons-logging-1.1.3.jar
[2025-10-29T03:24:31.839+0700] {subprocess.py:93} INFO - 25/10/29 03:24:31 INFO SparkContext: Added file file:///home/***/.ivy2/jars/org.checkerframework_checker-qual-3.31.0.jar at file:///home/***/.ivy2/jars/org.checkerframework_checker-qual-3.31.0.jar with timestamp 1761683071183
[2025-10-29T03:24:31.839+0700] {subprocess.py:93} INFO - 25/10/29 03:24:31 INFO Utils: Copying /home/***/.ivy2/jars/org.checkerframework_checker-qual-3.31.0.jar to /tmp/spark-a1db4bbe-110d-4e9f-adaf-b8f1d886c2ef/userFiles-ee1ff480-9ca5-4079-bd27-31d9153292cd/org.checkerframework_checker-qual-3.31.0.jar
[2025-10-29T03:24:31.874+0700] {subprocess.py:93} INFO - 25/10/29 03:24:31 INFO Executor: Starting executor ID driver on host dfeadd712fc3
[2025-10-29T03:24:31.875+0700] {subprocess.py:93} INFO - 25/10/29 03:24:31 INFO Executor: OS info Linux, 6.14.0-33-generic, amd64
[2025-10-29T03:24:31.875+0700] {subprocess.py:93} INFO - 25/10/29 03:24:31 INFO Executor: Java version 17.0.17
[2025-10-29T03:24:31.879+0700] {subprocess.py:93} INFO - 25/10/29 03:24:31 INFO Executor: Starting executor with user classpath (userClassPathFirst = false): ''
[2025-10-29T03:24:31.879+0700] {subprocess.py:93} INFO - 25/10/29 03:24:31 INFO Executor: Created or updated repl class loader org.apache.spark.util.MutableURLClassLoader@200c19a2 for default.
[2025-10-29T03:24:31.886+0700] {subprocess.py:93} INFO - 25/10/29 03:24:31 INFO Executor: Fetching file:///home/***/.ivy2/jars/org.apache.spark_spark-sql-kafka-0-10_2.12-3.5.1.jar with timestamp 1761683071183
[2025-10-29T03:24:31.900+0700] {subprocess.py:93} INFO - 25/10/29 03:24:31 INFO Utils: /home/***/.ivy2/jars/org.apache.spark_spark-sql-kafka-0-10_2.12-3.5.1.jar has been previously copied to /tmp/spark-a1db4bbe-110d-4e9f-adaf-b8f1d886c2ef/userFiles-ee1ff480-9ca5-4079-bd27-31d9153292cd/org.apache.spark_spark-sql-kafka-0-10_2.12-3.5.1.jar
[2025-10-29T03:24:31.917+0700] {subprocess.py:93} INFO - 25/10/29 03:24:31 INFO Executor: Fetching file:///home/***/.ivy2/jars/org.apache.hadoop_hadoop-client-runtime-3.3.4.jar with timestamp 1761683071183
[2025-10-29T03:24:31.939+0700] {subprocess.py:93} INFO - 25/10/29 03:24:31 INFO Utils: /home/***/.ivy2/jars/org.apache.hadoop_hadoop-client-runtime-3.3.4.jar has been previously copied to /tmp/spark-a1db4bbe-110d-4e9f-adaf-b8f1d886c2ef/userFiles-ee1ff480-9ca5-4079-bd27-31d9153292cd/org.apache.hadoop_hadoop-client-runtime-3.3.4.jar
[2025-10-29T03:24:31.943+0700] {subprocess.py:93} INFO - 25/10/29 03:24:31 INFO Executor: Fetching file:///home/***/.ivy2/jars/org.apache.hadoop_hadoop-client-api-3.3.4.jar with timestamp 1761683071183
[2025-10-29T03:24:31.959+0700] {subprocess.py:93} INFO - 25/10/29 03:24:31 INFO Utils: /home/***/.ivy2/jars/org.apache.hadoop_hadoop-client-api-3.3.4.jar has been previously copied to /tmp/spark-a1db4bbe-110d-4e9f-adaf-b8f1d886c2ef/userFiles-ee1ff480-9ca5-4079-bd27-31d9153292cd/org.apache.hadoop_hadoop-client-api-3.3.4.jar
[2025-10-29T03:24:31.963+0700] {subprocess.py:93} INFO - 25/10/29 03:24:31 INFO Executor: Fetching file:///home/***/.ivy2/jars/org.apache.spark_spark-token-provider-kafka-0-10_2.12-3.5.1.jar with timestamp 1761683071183
[2025-10-29T03:24:31.963+0700] {subprocess.py:93} INFO - 25/10/29 03:24:31 INFO Utils: /home/***/.ivy2/jars/org.apache.spark_spark-token-provider-kafka-0-10_2.12-3.5.1.jar has been previously copied to /tmp/spark-a1db4bbe-110d-4e9f-adaf-b8f1d886c2ef/userFiles-ee1ff480-9ca5-4079-bd27-31d9153292cd/org.apache.spark_spark-token-provider-kafka-0-10_2.12-3.5.1.jar
[2025-10-29T03:24:31.966+0700] {subprocess.py:93} INFO - 25/10/29 03:24:31 INFO Executor: Fetching file:///home/***/.ivy2/jars/com.google.code.findbugs_jsr305-3.0.0.jar with timestamp 1761683071183
[2025-10-29T03:24:31.967+0700] {subprocess.py:93} INFO - 25/10/29 03:24:31 INFO Utils: /home/***/.ivy2/jars/com.google.code.findbugs_jsr305-3.0.0.jar has been previously copied to /tmp/spark-a1db4bbe-110d-4e9f-adaf-b8f1d886c2ef/userFiles-ee1ff480-9ca5-4079-bd27-31d9153292cd/com.google.code.findbugs_jsr305-3.0.0.jar
[2025-10-29T03:24:31.971+0700] {subprocess.py:93} INFO - 25/10/29 03:24:31 INFO Executor: Fetching file:///home/***/.ivy2/jars/org.lz4_lz4-java-1.8.0.jar with timestamp 1761683071183
[2025-10-29T03:24:31.972+0700] {subprocess.py:93} INFO - 25/10/29 03:24:31 INFO Utils: /home/***/.ivy2/jars/org.lz4_lz4-java-1.8.0.jar has been previously copied to /tmp/spark-a1db4bbe-110d-4e9f-adaf-b8f1d886c2ef/userFiles-ee1ff480-9ca5-4079-bd27-31d9153292cd/org.lz4_lz4-java-1.8.0.jar
[2025-10-29T03:24:31.976+0700] {subprocess.py:93} INFO - 25/10/29 03:24:31 INFO Executor: Fetching file:///home/***/.ivy2/jars/org.slf4j_slf4j-api-2.0.7.jar with timestamp 1761683071183
[2025-10-29T03:24:31.976+0700] {subprocess.py:93} INFO - 25/10/29 03:24:31 INFO Utils: /home/***/.ivy2/jars/org.slf4j_slf4j-api-2.0.7.jar has been previously copied to /tmp/spark-a1db4bbe-110d-4e9f-adaf-b8f1d886c2ef/userFiles-ee1ff480-9ca5-4079-bd27-31d9153292cd/org.slf4j_slf4j-api-2.0.7.jar
[2025-10-29T03:24:31.980+0700] {subprocess.py:93} INFO - 25/10/29 03:24:31 INFO Executor: Fetching file:///home/***/.ivy2/jars/org.checkerframework_checker-qual-3.31.0.jar with timestamp 1761683071183
[2025-10-29T03:24:31.980+0700] {subprocess.py:93} INFO - 25/10/29 03:24:31 INFO Utils: /home/***/.ivy2/jars/org.checkerframework_checker-qual-3.31.0.jar has been previously copied to /tmp/spark-a1db4bbe-110d-4e9f-adaf-b8f1d886c2ef/userFiles-ee1ff480-9ca5-4079-bd27-31d9153292cd/org.checkerframework_checker-qual-3.31.0.jar
[2025-10-29T03:24:31.983+0700] {subprocess.py:93} INFO - 25/10/29 03:24:31 INFO Executor: Fetching file:///home/***/.ivy2/jars/org.apache.commons_commons-pool2-2.11.1.jar with timestamp 1761683071183
[2025-10-29T03:24:31.984+0700] {subprocess.py:93} INFO - 25/10/29 03:24:31 INFO Utils: /home/***/.ivy2/jars/org.apache.commons_commons-pool2-2.11.1.jar has been previously copied to /tmp/spark-a1db4bbe-110d-4e9f-adaf-b8f1d886c2ef/userFiles-ee1ff480-9ca5-4079-bd27-31d9153292cd/org.apache.commons_commons-pool2-2.11.1.jar
[2025-10-29T03:24:31.988+0700] {subprocess.py:93} INFO - 25/10/29 03:24:31 INFO Executor: Fetching file:///home/***/.ivy2/jars/commons-logging_commons-logging-1.1.3.jar with timestamp 1761683071183
[2025-10-29T03:24:31.988+0700] {subprocess.py:93} INFO - 25/10/29 03:24:31 INFO Utils: /home/***/.ivy2/jars/commons-logging_commons-logging-1.1.3.jar has been previously copied to /tmp/spark-a1db4bbe-110d-4e9f-adaf-b8f1d886c2ef/userFiles-ee1ff480-9ca5-4079-bd27-31d9153292cd/commons-logging_commons-logging-1.1.3.jar
[2025-10-29T03:24:31.991+0700] {subprocess.py:93} INFO - 25/10/29 03:24:31 INFO Executor: Fetching file:///home/***/.ivy2/jars/org.xerial.snappy_snappy-java-1.1.10.3.jar with timestamp 1761683071183
[2025-10-29T03:24:31.993+0700] {subprocess.py:93} INFO - 25/10/29 03:24:31 INFO Utils: /home/***/.ivy2/jars/org.xerial.snappy_snappy-java-1.1.10.3.jar has been previously copied to /tmp/spark-a1db4bbe-110d-4e9f-adaf-b8f1d886c2ef/userFiles-ee1ff480-9ca5-4079-bd27-31d9153292cd/org.xerial.snappy_snappy-java-1.1.10.3.jar
[2025-10-29T03:24:31.996+0700] {subprocess.py:93} INFO - 25/10/29 03:24:31 INFO Executor: Fetching file:///home/***/.ivy2/jars/org.postgresql_postgresql-42.6.0.jar with timestamp 1761683071183
[2025-10-29T03:24:31.997+0700] {subprocess.py:93} INFO - 25/10/29 03:24:31 INFO Utils: /home/***/.ivy2/jars/org.postgresql_postgresql-42.6.0.jar has been previously copied to /tmp/spark-a1db4bbe-110d-4e9f-adaf-b8f1d886c2ef/userFiles-ee1ff480-9ca5-4079-bd27-31d9153292cd/org.postgresql_postgresql-42.6.0.jar
[2025-10-29T03:24:32.000+0700] {subprocess.py:93} INFO - 25/10/29 03:24:31 INFO Executor: Fetching file:///home/***/.ivy2/jars/org.apache.kafka_kafka-clients-3.4.1.jar with timestamp 1761683071183
[2025-10-29T03:24:32.004+0700] {subprocess.py:93} INFO - 25/10/29 03:24:32 INFO Utils: /home/***/.ivy2/jars/org.apache.kafka_kafka-clients-3.4.1.jar has been previously copied to /tmp/spark-a1db4bbe-110d-4e9f-adaf-b8f1d886c2ef/userFiles-ee1ff480-9ca5-4079-bd27-31d9153292cd/org.apache.kafka_kafka-clients-3.4.1.jar
[2025-10-29T03:24:32.009+0700] {subprocess.py:93} INFO - 25/10/29 03:24:32 INFO Executor: Fetching spark://dfeadd712fc3:35465/jars/org.apache.spark_spark-sql-kafka-0-10_2.12-3.5.1.jar with timestamp 1761683071183
[2025-10-29T03:24:32.033+0700] {subprocess.py:93} INFO - 25/10/29 03:24:32 INFO TransportClientFactory: Successfully created connection to dfeadd712fc3/172.18.0.6:35465 after 16 ms (0 ms spent in bootstraps)
[2025-10-29T03:24:32.037+0700] {subprocess.py:93} INFO - 25/10/29 03:24:32 INFO Utils: Fetching spark://dfeadd712fc3:35465/jars/org.apache.spark_spark-sql-kafka-0-10_2.12-3.5.1.jar to /tmp/spark-a1db4bbe-110d-4e9f-adaf-b8f1d886c2ef/userFiles-ee1ff480-9ca5-4079-bd27-31d9153292cd/fetchFileTemp12753639334995602604.tmp
[2025-10-29T03:24:32.058+0700] {subprocess.py:93} INFO - 25/10/29 03:24:32 INFO Utils: /tmp/spark-a1db4bbe-110d-4e9f-adaf-b8f1d886c2ef/userFiles-ee1ff480-9ca5-4079-bd27-31d9153292cd/fetchFileTemp12753639334995602604.tmp has been previously copied to /tmp/spark-a1db4bbe-110d-4e9f-adaf-b8f1d886c2ef/userFiles-ee1ff480-9ca5-4079-bd27-31d9153292cd/org.apache.spark_spark-sql-kafka-0-10_2.12-3.5.1.jar
[2025-10-29T03:24:32.062+0700] {subprocess.py:93} INFO - 25/10/29 03:24:32 INFO Executor: Adding file:/tmp/spark-a1db4bbe-110d-4e9f-adaf-b8f1d886c2ef/userFiles-ee1ff480-9ca5-4079-bd27-31d9153292cd/org.apache.spark_spark-sql-kafka-0-10_2.12-3.5.1.jar to class loader default
[2025-10-29T03:24:32.063+0700] {subprocess.py:93} INFO - 25/10/29 03:24:32 INFO Executor: Fetching spark://dfeadd712fc3:35465/jars/org.postgresql_postgresql-42.6.0.jar with timestamp 1761683071183
[2025-10-29T03:24:32.063+0700] {subprocess.py:93} INFO - 25/10/29 03:24:32 INFO Utils: Fetching spark://dfeadd712fc3:35465/jars/org.postgresql_postgresql-42.6.0.jar to /tmp/spark-a1db4bbe-110d-4e9f-adaf-b8f1d886c2ef/userFiles-ee1ff480-9ca5-4079-bd27-31d9153292cd/fetchFileTemp7531655467073835479.tmp
[2025-10-29T03:24:32.070+0700] {subprocess.py:93} INFO - 25/10/29 03:24:32 INFO Utils: /tmp/spark-a1db4bbe-110d-4e9f-adaf-b8f1d886c2ef/userFiles-ee1ff480-9ca5-4079-bd27-31d9153292cd/fetchFileTemp7531655467073835479.tmp has been previously copied to /tmp/spark-a1db4bbe-110d-4e9f-adaf-b8f1d886c2ef/userFiles-ee1ff480-9ca5-4079-bd27-31d9153292cd/org.postgresql_postgresql-42.6.0.jar
[2025-10-29T03:24:32.099+0700] {subprocess.py:93} INFO - 25/10/29 03:24:32 INFO Executor: Adding file:/tmp/spark-a1db4bbe-110d-4e9f-adaf-b8f1d886c2ef/userFiles-ee1ff480-9ca5-4079-bd27-31d9153292cd/org.postgresql_postgresql-42.6.0.jar to class loader default
[2025-10-29T03:24:32.100+0700] {subprocess.py:93} INFO - 25/10/29 03:24:32 INFO Executor: Fetching spark://dfeadd712fc3:35465/jars/org.apache.spark_spark-token-provider-kafka-0-10_2.12-3.5.1.jar with timestamp 1761683071183
[2025-10-29T03:24:32.100+0700] {subprocess.py:93} INFO - 25/10/29 03:24:32 INFO Utils: Fetching spark://dfeadd712fc3:35465/jars/org.apache.spark_spark-token-provider-kafka-0-10_2.12-3.5.1.jar to /tmp/spark-a1db4bbe-110d-4e9f-adaf-b8f1d886c2ef/userFiles-ee1ff480-9ca5-4079-bd27-31d9153292cd/fetchFileTemp18013212783825708182.tmp
[2025-10-29T03:24:32.101+0700] {subprocess.py:93} INFO - 25/10/29 03:24:32 INFO Utils: /tmp/spark-a1db4bbe-110d-4e9f-adaf-b8f1d886c2ef/userFiles-ee1ff480-9ca5-4079-bd27-31d9153292cd/fetchFileTemp18013212783825708182.tmp has been previously copied to /tmp/spark-a1db4bbe-110d-4e9f-adaf-b8f1d886c2ef/userFiles-ee1ff480-9ca5-4079-bd27-31d9153292cd/org.apache.spark_spark-token-provider-kafka-0-10_2.12-3.5.1.jar
[2025-10-29T03:24:32.115+0700] {subprocess.py:93} INFO - 25/10/29 03:24:32 INFO Executor: Adding file:/tmp/spark-a1db4bbe-110d-4e9f-adaf-b8f1d886c2ef/userFiles-ee1ff480-9ca5-4079-bd27-31d9153292cd/org.apache.spark_spark-token-provider-kafka-0-10_2.12-3.5.1.jar to class loader default
[2025-10-29T03:24:32.116+0700] {subprocess.py:93} INFO - 25/10/29 03:24:32 INFO Executor: Fetching spark://dfeadd712fc3:35465/jars/org.checkerframework_checker-qual-3.31.0.jar with timestamp 1761683071183
[2025-10-29T03:24:32.116+0700] {subprocess.py:93} INFO - 25/10/29 03:24:32 INFO Utils: Fetching spark://dfeadd712fc3:35465/jars/org.checkerframework_checker-qual-3.31.0.jar to /tmp/spark-a1db4bbe-110d-4e9f-adaf-b8f1d886c2ef/userFiles-ee1ff480-9ca5-4079-bd27-31d9153292cd/fetchFileTemp3856251213671766891.tmp
[2025-10-29T03:24:32.118+0700] {subprocess.py:93} INFO - 25/10/29 03:24:32 INFO Utils: /tmp/spark-a1db4bbe-110d-4e9f-adaf-b8f1d886c2ef/userFiles-ee1ff480-9ca5-4079-bd27-31d9153292cd/fetchFileTemp3856251213671766891.tmp has been previously copied to /tmp/spark-a1db4bbe-110d-4e9f-adaf-b8f1d886c2ef/userFiles-ee1ff480-9ca5-4079-bd27-31d9153292cd/org.checkerframework_checker-qual-3.31.0.jar
[2025-10-29T03:24:32.138+0700] {subprocess.py:93} INFO - 25/10/29 03:24:32 INFO Executor: Adding file:/tmp/spark-a1db4bbe-110d-4e9f-adaf-b8f1d886c2ef/userFiles-ee1ff480-9ca5-4079-bd27-31d9153292cd/org.checkerframework_checker-qual-3.31.0.jar to class loader default
[2025-10-29T03:24:32.139+0700] {subprocess.py:93} INFO - 25/10/29 03:24:32 INFO Executor: Fetching spark://dfeadd712fc3:35465/jars/org.apache.kafka_kafka-clients-3.4.1.jar with timestamp 1761683071183
[2025-10-29T03:24:32.139+0700] {subprocess.py:93} INFO - 25/10/29 03:24:32 INFO Utils: Fetching spark://dfeadd712fc3:35465/jars/org.apache.kafka_kafka-clients-3.4.1.jar to /tmp/spark-a1db4bbe-110d-4e9f-adaf-b8f1d886c2ef/userFiles-ee1ff480-9ca5-4079-bd27-31d9153292cd/fetchFileTemp3087529274413872393.tmp
[2025-10-29T03:24:32.151+0700] {subprocess.py:93} INFO - 25/10/29 03:24:32 INFO Utils: /tmp/spark-a1db4bbe-110d-4e9f-adaf-b8f1d886c2ef/userFiles-ee1ff480-9ca5-4079-bd27-31d9153292cd/fetchFileTemp3087529274413872393.tmp has been previously copied to /tmp/spark-a1db4bbe-110d-4e9f-adaf-b8f1d886c2ef/userFiles-ee1ff480-9ca5-4079-bd27-31d9153292cd/org.apache.kafka_kafka-clients-3.4.1.jar
[2025-10-29T03:24:32.247+0700] {subprocess.py:93} INFO - 25/10/29 03:24:32 INFO Executor: Adding file:/tmp/spark-a1db4bbe-110d-4e9f-adaf-b8f1d886c2ef/userFiles-ee1ff480-9ca5-4079-bd27-31d9153292cd/org.apache.kafka_kafka-clients-3.4.1.jar to class loader default
[2025-10-29T03:24:32.247+0700] {subprocess.py:93} INFO - 25/10/29 03:24:32 INFO Executor: Fetching spark://dfeadd712fc3:35465/jars/org.xerial.snappy_snappy-java-1.1.10.3.jar with timestamp 1761683071183
[2025-10-29T03:24:32.247+0700] {subprocess.py:93} INFO - 25/10/29 03:24:32 INFO Utils: Fetching spark://dfeadd712fc3:35465/jars/org.xerial.snappy_snappy-java-1.1.10.3.jar to /tmp/spark-a1db4bbe-110d-4e9f-adaf-b8f1d886c2ef/userFiles-ee1ff480-9ca5-4079-bd27-31d9153292cd/fetchFileTemp12080078858485675840.tmp
[2025-10-29T03:24:32.252+0700] {subprocess.py:93} INFO - 25/10/29 03:24:32 INFO Utils: /tmp/spark-a1db4bbe-110d-4e9f-adaf-b8f1d886c2ef/userFiles-ee1ff480-9ca5-4079-bd27-31d9153292cd/fetchFileTemp12080078858485675840.tmp has been previously copied to /tmp/spark-a1db4bbe-110d-4e9f-adaf-b8f1d886c2ef/userFiles-ee1ff480-9ca5-4079-bd27-31d9153292cd/org.xerial.snappy_snappy-java-1.1.10.3.jar
[2025-10-29T03:24:32.275+0700] {subprocess.py:93} INFO - 25/10/29 03:24:32 INFO Executor: Adding file:/tmp/spark-a1db4bbe-110d-4e9f-adaf-b8f1d886c2ef/userFiles-ee1ff480-9ca5-4079-bd27-31d9153292cd/org.xerial.snappy_snappy-java-1.1.10.3.jar to class loader default
[2025-10-29T03:24:32.275+0700] {subprocess.py:93} INFO - 25/10/29 03:24:32 INFO Executor: Fetching spark://dfeadd712fc3:35465/jars/org.apache.hadoop_hadoop-client-api-3.3.4.jar with timestamp 1761683071183
[2025-10-29T03:24:32.275+0700] {subprocess.py:93} INFO - 25/10/29 03:24:32 INFO Utils: Fetching spark://dfeadd712fc3:35465/jars/org.apache.hadoop_hadoop-client-api-3.3.4.jar to /tmp/spark-a1db4bbe-110d-4e9f-adaf-b8f1d886c2ef/userFiles-ee1ff480-9ca5-4079-bd27-31d9153292cd/fetchFileTemp2437863977932681405.tmp
[2025-10-29T03:24:32.617+0700] {subprocess.py:93} INFO - 25/10/29 03:24:32 INFO Utils: /tmp/spark-a1db4bbe-110d-4e9f-adaf-b8f1d886c2ef/userFiles-ee1ff480-9ca5-4079-bd27-31d9153292cd/fetchFileTemp2437863977932681405.tmp has been previously copied to /tmp/spark-a1db4bbe-110d-4e9f-adaf-b8f1d886c2ef/userFiles-ee1ff480-9ca5-4079-bd27-31d9153292cd/org.apache.hadoop_hadoop-client-api-3.3.4.jar
[2025-10-29T03:24:32.679+0700] {subprocess.py:93} INFO - 25/10/29 03:24:32 INFO Executor: Adding file:/tmp/spark-a1db4bbe-110d-4e9f-adaf-b8f1d886c2ef/userFiles-ee1ff480-9ca5-4079-bd27-31d9153292cd/org.apache.hadoop_hadoop-client-api-3.3.4.jar to class loader default
[2025-10-29T03:24:32.679+0700] {subprocess.py:93} INFO - 25/10/29 03:24:32 INFO Executor: Fetching spark://dfeadd712fc3:35465/jars/com.google.code.findbugs_jsr305-3.0.0.jar with timestamp 1761683071183
[2025-10-29T03:24:32.679+0700] {subprocess.py:93} INFO - 25/10/29 03:24:32 INFO Utils: Fetching spark://dfeadd712fc3:35465/jars/com.google.code.findbugs_jsr305-3.0.0.jar to /tmp/spark-a1db4bbe-110d-4e9f-adaf-b8f1d886c2ef/userFiles-ee1ff480-9ca5-4079-bd27-31d9153292cd/fetchFileTemp344722738397071604.tmp
[2025-10-29T03:24:32.680+0700] {subprocess.py:93} INFO - 25/10/29 03:24:32 INFO Utils: /tmp/spark-a1db4bbe-110d-4e9f-adaf-b8f1d886c2ef/userFiles-ee1ff480-9ca5-4079-bd27-31d9153292cd/fetchFileTemp344722738397071604.tmp has been previously copied to /tmp/spark-a1db4bbe-110d-4e9f-adaf-b8f1d886c2ef/userFiles-ee1ff480-9ca5-4079-bd27-31d9153292cd/com.google.code.findbugs_jsr305-3.0.0.jar
[2025-10-29T03:24:32.695+0700] {subprocess.py:93} INFO - 25/10/29 03:24:32 INFO Executor: Adding file:/tmp/spark-a1db4bbe-110d-4e9f-adaf-b8f1d886c2ef/userFiles-ee1ff480-9ca5-4079-bd27-31d9153292cd/com.google.code.findbugs_jsr305-3.0.0.jar to class loader default
[2025-10-29T03:24:32.696+0700] {subprocess.py:93} INFO - 25/10/29 03:24:32 INFO Executor: Fetching spark://dfeadd712fc3:35465/jars/org.slf4j_slf4j-api-2.0.7.jar with timestamp 1761683071183
[2025-10-29T03:24:32.696+0700] {subprocess.py:93} INFO - 25/10/29 03:24:32 INFO Utils: Fetching spark://dfeadd712fc3:35465/jars/org.slf4j_slf4j-api-2.0.7.jar to /tmp/spark-a1db4bbe-110d-4e9f-adaf-b8f1d886c2ef/userFiles-ee1ff480-9ca5-4079-bd27-31d9153292cd/fetchFileTemp18197283873914555387.tmp
[2025-10-29T03:24:32.697+0700] {subprocess.py:93} INFO - 25/10/29 03:24:32 INFO Utils: /tmp/spark-a1db4bbe-110d-4e9f-adaf-b8f1d886c2ef/userFiles-ee1ff480-9ca5-4079-bd27-31d9153292cd/fetchFileTemp18197283873914555387.tmp has been previously copied to /tmp/spark-a1db4bbe-110d-4e9f-adaf-b8f1d886c2ef/userFiles-ee1ff480-9ca5-4079-bd27-31d9153292cd/org.slf4j_slf4j-api-2.0.7.jar
[2025-10-29T03:24:32.712+0700] {subprocess.py:93} INFO - 25/10/29 03:24:32 INFO Executor: Adding file:/tmp/spark-a1db4bbe-110d-4e9f-adaf-b8f1d886c2ef/userFiles-ee1ff480-9ca5-4079-bd27-31d9153292cd/org.slf4j_slf4j-api-2.0.7.jar to class loader default
[2025-10-29T03:24:32.713+0700] {subprocess.py:93} INFO - 25/10/29 03:24:32 INFO Executor: Fetching spark://dfeadd712fc3:35465/jars/commons-logging_commons-logging-1.1.3.jar with timestamp 1761683071183
[2025-10-29T03:24:32.713+0700] {subprocess.py:93} INFO - 25/10/29 03:24:32 INFO Utils: Fetching spark://dfeadd712fc3:35465/jars/commons-logging_commons-logging-1.1.3.jar to /tmp/spark-a1db4bbe-110d-4e9f-adaf-b8f1d886c2ef/userFiles-ee1ff480-9ca5-4079-bd27-31d9153292cd/fetchFileTemp2524090004067370859.tmp
[2025-10-29T03:24:32.714+0700] {subprocess.py:93} INFO - 25/10/29 03:24:32 INFO Utils: /tmp/spark-a1db4bbe-110d-4e9f-adaf-b8f1d886c2ef/userFiles-ee1ff480-9ca5-4079-bd27-31d9153292cd/fetchFileTemp2524090004067370859.tmp has been previously copied to /tmp/spark-a1db4bbe-110d-4e9f-adaf-b8f1d886c2ef/userFiles-ee1ff480-9ca5-4079-bd27-31d9153292cd/commons-logging_commons-logging-1.1.3.jar
[2025-10-29T03:24:32.729+0700] {subprocess.py:93} INFO - 25/10/29 03:24:32 INFO Executor: Adding file:/tmp/spark-a1db4bbe-110d-4e9f-adaf-b8f1d886c2ef/userFiles-ee1ff480-9ca5-4079-bd27-31d9153292cd/commons-logging_commons-logging-1.1.3.jar to class loader default
[2025-10-29T03:24:32.729+0700] {subprocess.py:93} INFO - 25/10/29 03:24:32 INFO Executor: Fetching spark://dfeadd712fc3:35465/jars/org.apache.commons_commons-pool2-2.11.1.jar with timestamp 1761683071183
[2025-10-29T03:24:32.729+0700] {subprocess.py:93} INFO - 25/10/29 03:24:32 INFO Utils: Fetching spark://dfeadd712fc3:35465/jars/org.apache.commons_commons-pool2-2.11.1.jar to /tmp/spark-a1db4bbe-110d-4e9f-adaf-b8f1d886c2ef/userFiles-ee1ff480-9ca5-4079-bd27-31d9153292cd/fetchFileTemp7064398558761433788.tmp
[2025-10-29T03:24:32.731+0700] {subprocess.py:93} INFO - 25/10/29 03:24:32 INFO Utils: /tmp/spark-a1db4bbe-110d-4e9f-adaf-b8f1d886c2ef/userFiles-ee1ff480-9ca5-4079-bd27-31d9153292cd/fetchFileTemp7064398558761433788.tmp has been previously copied to /tmp/spark-a1db4bbe-110d-4e9f-adaf-b8f1d886c2ef/userFiles-ee1ff480-9ca5-4079-bd27-31d9153292cd/org.apache.commons_commons-pool2-2.11.1.jar
[2025-10-29T03:24:32.746+0700] {subprocess.py:93} INFO - 25/10/29 03:24:32 INFO Executor: Adding file:/tmp/spark-a1db4bbe-110d-4e9f-adaf-b8f1d886c2ef/userFiles-ee1ff480-9ca5-4079-bd27-31d9153292cd/org.apache.commons_commons-pool2-2.11.1.jar to class loader default
[2025-10-29T03:24:32.746+0700] {subprocess.py:93} INFO - 25/10/29 03:24:32 INFO Executor: Fetching spark://dfeadd712fc3:35465/jars/org.apache.hadoop_hadoop-client-runtime-3.3.4.jar with timestamp 1761683071183
[2025-10-29T03:24:32.747+0700] {subprocess.py:93} INFO - 25/10/29 03:24:32 INFO Utils: Fetching spark://dfeadd712fc3:35465/jars/org.apache.hadoop_hadoop-client-runtime-3.3.4.jar to /tmp/spark-a1db4bbe-110d-4e9f-adaf-b8f1d886c2ef/userFiles-ee1ff480-9ca5-4079-bd27-31d9153292cd/fetchFileTemp14183001690026083466.tmp
[2025-10-29T03:24:33.161+0700] {subprocess.py:93} INFO - 25/10/29 03:24:33 INFO Utils: /tmp/spark-a1db4bbe-110d-4e9f-adaf-b8f1d886c2ef/userFiles-ee1ff480-9ca5-4079-bd27-31d9153292cd/fetchFileTemp14183001690026083466.tmp has been previously copied to /tmp/spark-a1db4bbe-110d-4e9f-adaf-b8f1d886c2ef/userFiles-ee1ff480-9ca5-4079-bd27-31d9153292cd/org.apache.hadoop_hadoop-client-runtime-3.3.4.jar
[2025-10-29T03:24:33.237+0700] {subprocess.py:93} INFO - 25/10/29 03:24:33 INFO Executor: Adding file:/tmp/spark-a1db4bbe-110d-4e9f-adaf-b8f1d886c2ef/userFiles-ee1ff480-9ca5-4079-bd27-31d9153292cd/org.apache.hadoop_hadoop-client-runtime-3.3.4.jar to class loader default
[2025-10-29T03:24:33.238+0700] {subprocess.py:93} INFO - 25/10/29 03:24:33 INFO Executor: Fetching spark://dfeadd712fc3:35465/jars/org.lz4_lz4-java-1.8.0.jar with timestamp 1761683071183
[2025-10-29T03:24:33.238+0700] {subprocess.py:93} INFO - 25/10/29 03:24:33 INFO Utils: Fetching spark://dfeadd712fc3:35465/jars/org.lz4_lz4-java-1.8.0.jar to /tmp/spark-a1db4bbe-110d-4e9f-adaf-b8f1d886c2ef/userFiles-ee1ff480-9ca5-4079-bd27-31d9153292cd/fetchFileTemp9445737389584885524.tmp
[2025-10-29T03:24:33.240+0700] {subprocess.py:93} INFO - 25/10/29 03:24:33 INFO Utils: /tmp/spark-a1db4bbe-110d-4e9f-adaf-b8f1d886c2ef/userFiles-ee1ff480-9ca5-4079-bd27-31d9153292cd/fetchFileTemp9445737389584885524.tmp has been previously copied to /tmp/spark-a1db4bbe-110d-4e9f-adaf-b8f1d886c2ef/userFiles-ee1ff480-9ca5-4079-bd27-31d9153292cd/org.lz4_lz4-java-1.8.0.jar
[2025-10-29T03:24:33.255+0700] {subprocess.py:93} INFO - 25/10/29 03:24:33 INFO Executor: Adding file:/tmp/spark-a1db4bbe-110d-4e9f-adaf-b8f1d886c2ef/userFiles-ee1ff480-9ca5-4079-bd27-31d9153292cd/org.lz4_lz4-java-1.8.0.jar to class loader default
[2025-10-29T03:24:33.262+0700] {subprocess.py:93} INFO - 25/10/29 03:24:33 INFO Utils: Successfully started service 'org.apache.spark.network.netty.NettyBlockTransferService' on port 42197.
[2025-10-29T03:24:33.263+0700] {subprocess.py:93} INFO - 25/10/29 03:24:33 INFO NettyBlockTransferService: Server created on dfeadd712fc3:42197
[2025-10-29T03:24:33.264+0700] {subprocess.py:93} INFO - 25/10/29 03:24:33 INFO BlockManager: Using org.apache.spark.storage.RandomBlockReplicationPolicy for block replication policy
[2025-10-29T03:24:33.268+0700] {subprocess.py:93} INFO - 25/10/29 03:24:33 INFO BlockManagerMaster: Registering BlockManager BlockManagerId(driver, dfeadd712fc3, 42197, None)
[2025-10-29T03:24:33.270+0700] {subprocess.py:93} INFO - 25/10/29 03:24:33 INFO BlockManagerMasterEndpoint: Registering block manager dfeadd712fc3:42197 with 434.4 MiB RAM, BlockManagerId(driver, dfeadd712fc3, 42197, None)
[2025-10-29T03:24:33.272+0700] {subprocess.py:93} INFO - 25/10/29 03:24:33 INFO BlockManagerMaster: Registered BlockManager BlockManagerId(driver, dfeadd712fc3, 42197, None)
[2025-10-29T03:24:33.273+0700] {subprocess.py:93} INFO - 25/10/29 03:24:33 INFO BlockManager: Initialized BlockManager: BlockManagerId(driver, dfeadd712fc3, 42197, None)
[2025-10-29T03:24:35.272+0700] {subprocess.py:93} INFO - 25/10/29 03:24:35 WARN ResolveWriteToStream: spark.sql.adaptive.enabled is not supported in streaming DataFrames/Datasets and will be disabled.
[2025-10-29T03:24:35.377+0700] {subprocess.py:93} INFO - 🚀 Streaming job started — đang lắng nghe dữ liệu từ Kafka...
[2025-10-29T03:24:35.481+0700] {subprocess.py:93} INFO - 25/10/29 03:24:35 WARN AdminClientConfig: These configurations '[key.deserializer, value.deserializer, enable.auto.commit, max.poll.records, auto.offset.reset]' were supplied but are not used yet.
[2025-10-29T03:24:36.925+0700] {subprocess.py:93} INFO - [Batch 0] ⚠️ Không có dữ liệu mới.
[2025-10-29T03:24:41.549+0700] {subprocess.py:93} INFO - 25/10/29 03:24:41 WARN KafkaDataConsumer: KafkaDataConsumer is not running in UninterruptibleThread. It may hang when KafkaDataConsumer's methods are interrupted because of KAFKA-1894
[2025-10-29T03:24:41.964+0700] {subprocess.py:93} INFO - 25/10/29 03:24:41 WARN KafkaDataConsumer: KafkaDataConsumer is not running in UninterruptibleThread. It may hang when KafkaDataConsumer's methods are interrupted because of KAFKA-1894
[2025-10-29T03:24:41.965+0700] {subprocess.py:93} INFO - 25/10/29 03:24:41 WARN KafkaDataConsumer: KafkaDataConsumer is not running in UninterruptibleThread. It may hang when KafkaDataConsumer's methods are interrupted because of KAFKA-1894
[2025-10-29T03:24:41.965+0700] {subprocess.py:93} INFO - 25/10/29 03:24:41 WARN KafkaDataConsumer: KafkaDataConsumer is not running in UninterruptibleThread. It may hang when KafkaDataConsumer's methods are interrupted because of KAFKA-1894
[2025-10-29T03:24:41.965+0700] {subprocess.py:93} INFO - 25/10/29 03:24:41 WARN KafkaDataConsumer: KafkaDataConsumer is not running in UninterruptibleThread. It may hang when KafkaDataConsumer's methods are interrupted because of KAFKA-1894
[2025-10-29T03:24:41.966+0700] {subprocess.py:93} INFO - 25/10/29 03:24:41 WARN KafkaDataConsumer: KafkaDataConsumer is not running in UninterruptibleThread. It may hang when KafkaDataConsumer's methods are interrupted because of KAFKA-1894
[2025-10-29T03:24:41.966+0700] {subprocess.py:93} INFO - 25/10/29 03:24:41 WARN KafkaDataConsumer: KafkaDataConsumer is not running in UninterruptibleThread. It may hang when KafkaDataConsumer's methods are interrupted because of KAFKA-1894
[2025-10-29T03:24:41.966+0700] {subprocess.py:93} INFO - 25/10/29 03:24:41 WARN KafkaDataConsumer: KafkaDataConsumer is not running in UninterruptibleThread. It may hang when KafkaDataConsumer's methods are interrupted because of KAFKA-1894
[2025-10-29T03:24:41.966+0700] {subprocess.py:93} INFO - 25/10/29 03:24:41 WARN KafkaDataConsumer: KafkaDataConsumer is not running in UninterruptibleThread. It may hang when KafkaDataConsumer's methods are interrupted because of KAFKA-1894
[2025-10-29T03:24:44.241+0700] {subprocess.py:93} INFO - There was a problem when trying to write in your cache folder (/home/***/.cache/huggingface/hub). You should set the environment variable TRANSFORMERS_CACHE to a writable directory.
[2025-10-29T03:24:44.792+0700] {subprocess.py:93} INFO - 25/10/29 03:24:44 ERROR Executor: Exception in task 0.0 in stage 2.0 (TID 1)
[2025-10-29T03:24:44.792+0700] {subprocess.py:93} INFO - org.apache.spark.api.python.PythonException: Traceback (most recent call last):
[2025-10-29T03:24:44.792+0700] {subprocess.py:93} INFO -   File "/opt/***/projects/absa_streaming/scripts/consumer_postgres_streaming.py", line 73, in absa_infer_udf
[2025-10-29T03:24:44.792+0700] {subprocess.py:93} INFO -     _tokenizer = AutoTokenizer.from_pretrained(MODEL_NAME, use_fast=True)
[2025-10-29T03:24:44.792+0700] {subprocess.py:93} INFO -                  ^^^^^^^^^^^^^^^^^^^^^^^^^^^^^^^^^^^^^^^^^^^^^^^^^^^^^^^^
[2025-10-29T03:24:44.793+0700] {subprocess.py:93} INFO -   File "/home/***/.local/lib/python3.12/site-packages/transformers/models/auto/tokenization_auto.py", line 817, in from_pretrained
[2025-10-29T03:24:44.793+0700] {subprocess.py:93} INFO -     tokenizer_config = get_tokenizer_config(pretrained_model_name_or_path, **kwargs)
[2025-10-29T03:24:44.793+0700] {subprocess.py:93} INFO -                        ^^^^^^^^^^^^^^^^^^^^^^^^^^^^^^^^^^^^^^^^^^^^^^^^^^^^^^^^^^^^^
[2025-10-29T03:24:44.793+0700] {subprocess.py:93} INFO -   File "/home/***/.local/lib/python3.12/site-packages/transformers/models/auto/tokenization_auto.py", line 649, in get_tokenizer_config
[2025-10-29T03:24:44.793+0700] {subprocess.py:93} INFO -     resolved_config_file = cached_file(
[2025-10-29T03:24:44.793+0700] {subprocess.py:93} INFO -                            ^^^^^^^^^^^^
[2025-10-29T03:24:44.793+0700] {subprocess.py:93} INFO -   File "/home/***/.local/lib/python3.12/site-packages/transformers/utils/hub.py", line 462, in cached_file
[2025-10-29T03:24:44.793+0700] {subprocess.py:93} INFO -     except HFValidationError as e:
[2025-10-29T03:24:44.793+0700] {subprocess.py:93} INFO -   File "/home/***/.local/lib/python3.12/site-packages/huggingface_hub/utils/_validators.py", line 114, in _inner_fn
[2025-10-29T03:24:44.793+0700] {subprocess.py:93} INFO -     return fn(*args, **kwargs)
[2025-10-29T03:24:44.794+0700] {subprocess.py:93} INFO -            ^^^^^^^^^^^^^^^^^^^
[2025-10-29T03:24:44.794+0700] {subprocess.py:93} INFO -   File "/home/***/.local/lib/python3.12/site-packages/huggingface_hub/file_download.py", line 1007, in hf_hub_download
[2025-10-29T03:24:44.794+0700] {subprocess.py:93} INFO -     return _hf_hub_download_to_cache_dir(
[2025-10-29T03:24:44.794+0700] {subprocess.py:93} INFO -            ^^^^^^^^^^^^^^^^^^^^^^^^^^^^^^
[2025-10-29T03:24:44.794+0700] {subprocess.py:93} INFO -   File "/home/***/.local/lib/python3.12/site-packages/huggingface_hub/file_download.py", line 1124, in _hf_hub_download_to_cache_dir
[2025-10-29T03:24:44.794+0700] {subprocess.py:93} INFO -     os.makedirs(os.path.dirname(blob_path), exist_ok=True)
[2025-10-29T03:24:44.794+0700] {subprocess.py:93} INFO -   File "<frozen os>", line 216, in makedirs
[2025-10-29T03:24:44.794+0700] {subprocess.py:93} INFO -   File "<frozen os>", line 216, in makedirs
[2025-10-29T03:24:44.794+0700] {subprocess.py:93} INFO -   File "<frozen os>", line 216, in makedirs
[2025-10-29T03:24:44.794+0700] {subprocess.py:93} INFO -   File "<frozen os>", line 230, in makedirs
[2025-10-29T03:24:44.794+0700] {subprocess.py:93} INFO - PermissionError: [Errno 13] Permission denied: '/home/***/.cache/huggingface'
[2025-10-29T03:24:44.795+0700] {subprocess.py:93} INFO - 
[2025-10-29T03:24:44.795+0700] {subprocess.py:93} INFO - 	at org.apache.spark.api.python.BasePythonRunner$ReaderIterator.handlePythonException(PythonRunner.scala:572)
[2025-10-29T03:24:44.795+0700] {subprocess.py:93} INFO - 	at org.apache.spark.sql.execution.python.PythonArrowOutput$$anon$1.read(PythonArrowOutput.scala:118)
[2025-10-29T03:24:44.795+0700] {subprocess.py:93} INFO - 	at org.apache.spark.api.python.BasePythonRunner$ReaderIterator.hasNext(PythonRunner.scala:525)
[2025-10-29T03:24:44.795+0700] {subprocess.py:93} INFO - 	at org.apache.spark.InterruptibleIterator.hasNext(InterruptibleIterator.scala:37)
[2025-10-29T03:24:44.795+0700] {subprocess.py:93} INFO - 	at scala.collection.Iterator$$anon$11.hasNext(Iterator.scala:491)
[2025-10-29T03:24:44.795+0700] {subprocess.py:93} INFO - 	at scala.collection.Iterator$$anon$10.hasNext(Iterator.scala:460)
[2025-10-29T03:24:44.795+0700] {subprocess.py:93} INFO - 	at scala.collection.Iterator$$anon$10.hasNext(Iterator.scala:460)
[2025-10-29T03:24:44.795+0700] {subprocess.py:93} INFO - 	at org.apache.spark.sql.catalyst.expressions.GeneratedClass$GeneratedIteratorForCodegenStage1.hashAgg_doAggregateWithoutKey_0$(Unknown Source)
[2025-10-29T03:24:44.795+0700] {subprocess.py:93} INFO - 	at org.apache.spark.sql.catalyst.expressions.GeneratedClass$GeneratedIteratorForCodegenStage1.processNext(Unknown Source)
[2025-10-29T03:24:44.796+0700] {subprocess.py:93} INFO - 	at org.apache.spark.sql.execution.BufferedRowIterator.hasNext(BufferedRowIterator.java:43)
[2025-10-29T03:24:44.796+0700] {subprocess.py:93} INFO - 	at org.apache.spark.sql.execution.WholeStageCodegenEvaluatorFactory$WholeStageCodegenPartitionEvaluator$$anon$1.hasNext(WholeStageCodegenEvaluatorFactory.scala:43)
[2025-10-29T03:24:44.796+0700] {subprocess.py:93} INFO - 	at scala.collection.Iterator$$anon$10.hasNext(Iterator.scala:460)
[2025-10-29T03:24:44.796+0700] {subprocess.py:93} INFO - 	at org.apache.spark.shuffle.sort.BypassMergeSortShuffleWriter.write(BypassMergeSortShuffleWriter.java:140)
[2025-10-29T03:24:44.796+0700] {subprocess.py:93} INFO - 	at org.apache.spark.shuffle.ShuffleWriteProcessor.write(ShuffleWriteProcessor.scala:59)
[2025-10-29T03:24:44.796+0700] {subprocess.py:93} INFO - 	at org.apache.spark.scheduler.ShuffleMapTask.runTask(ShuffleMapTask.scala:104)
[2025-10-29T03:24:44.796+0700] {subprocess.py:93} INFO - 	at org.apache.spark.scheduler.ShuffleMapTask.runTask(ShuffleMapTask.scala:54)
[2025-10-29T03:24:44.796+0700] {subprocess.py:93} INFO - 	at org.apache.spark.TaskContext.runTaskWithListeners(TaskContext.scala:166)
[2025-10-29T03:24:44.796+0700] {subprocess.py:93} INFO - 	at org.apache.spark.scheduler.Task.run(Task.scala:141)
[2025-10-29T03:24:44.796+0700] {subprocess.py:93} INFO - 	at org.apache.spark.executor.Executor$TaskRunner.$anonfun$run$4(Executor.scala:620)
[2025-10-29T03:24:44.797+0700] {subprocess.py:93} INFO - 	at org.apache.spark.util.SparkErrorUtils.tryWithSafeFinally(SparkErrorUtils.scala:64)
[2025-10-29T03:24:44.797+0700] {subprocess.py:93} INFO - 	at org.apache.spark.util.SparkErrorUtils.tryWithSafeFinally$(SparkErrorUtils.scala:61)
[2025-10-29T03:24:44.797+0700] {subprocess.py:93} INFO - 	at org.apache.spark.util.Utils$.tryWithSafeFinally(Utils.scala:94)
[2025-10-29T03:24:44.797+0700] {subprocess.py:93} INFO - 	at org.apache.spark.executor.Executor$TaskRunner.run(Executor.scala:623)
[2025-10-29T03:24:44.797+0700] {subprocess.py:93} INFO - 	at java.base/java.util.concurrent.ThreadPoolExecutor.runWorker(ThreadPoolExecutor.java:1136)
[2025-10-29T03:24:44.797+0700] {subprocess.py:93} INFO - 	at java.base/java.util.concurrent.ThreadPoolExecutor$Worker.run(ThreadPoolExecutor.java:635)
[2025-10-29T03:24:44.797+0700] {subprocess.py:93} INFO - 	at java.base/java.lang.Thread.run(Thread.java:840)
[2025-10-29T03:24:44.800+0700] {subprocess.py:93} INFO - 25/10/29 03:24:44 WARN TaskSetManager: Lost task 0.0 in stage 2.0 (TID 1) (dfeadd712fc3 executor driver): org.apache.spark.api.python.PythonException: Traceback (most recent call last):
[2025-10-29T03:24:44.801+0700] {subprocess.py:93} INFO -   File "/opt/***/projects/absa_streaming/scripts/consumer_postgres_streaming.py", line 73, in absa_infer_udf
[2025-10-29T03:24:44.801+0700] {subprocess.py:93} INFO -     _tokenizer = AutoTokenizer.from_pretrained(MODEL_NAME, use_fast=True)
[2025-10-29T03:24:44.801+0700] {subprocess.py:93} INFO -                  ^^^^^^^^^^^^^^^^^^^^^^^^^^^^^^^^^^^^^^^^^^^^^^^^^^^^^^^^
[2025-10-29T03:24:44.801+0700] {subprocess.py:93} INFO -   File "/home/***/.local/lib/python3.12/site-packages/transformers/models/auto/tokenization_auto.py", line 817, in from_pretrained
[2025-10-29T03:24:44.801+0700] {subprocess.py:93} INFO -     tokenizer_config = get_tokenizer_config(pretrained_model_name_or_path, **kwargs)
[2025-10-29T03:24:44.801+0700] {subprocess.py:93} INFO -                        ^^^^^^^^^^^^^^^^^^^^^^^^^^^^^^^^^^^^^^^^^^^^^^^^^^^^^^^^^^^^^
[2025-10-29T03:24:44.801+0700] {subprocess.py:93} INFO -   File "/home/***/.local/lib/python3.12/site-packages/transformers/models/auto/tokenization_auto.py", line 649, in get_tokenizer_config
[2025-10-29T03:24:44.802+0700] {subprocess.py:93} INFO -     resolved_config_file = cached_file(
[2025-10-29T03:24:44.802+0700] {subprocess.py:93} INFO -                            ^^^^^^^^^^^^
[2025-10-29T03:24:44.802+0700] {subprocess.py:93} INFO -   File "/home/***/.local/lib/python3.12/site-packages/transformers/utils/hub.py", line 462, in cached_file
[2025-10-29T03:24:44.802+0700] {subprocess.py:93} INFO -     except HFValidationError as e:
[2025-10-29T03:24:44.802+0700] {subprocess.py:93} INFO -   File "/home/***/.local/lib/python3.12/site-packages/huggingface_hub/utils/_validators.py", line 114, in _inner_fn
[2025-10-29T03:24:44.802+0700] {subprocess.py:93} INFO -     return fn(*args, **kwargs)
[2025-10-29T03:24:44.802+0700] {subprocess.py:93} INFO -            ^^^^^^^^^^^^^^^^^^^
[2025-10-29T03:24:44.802+0700] {subprocess.py:93} INFO -   File "/home/***/.local/lib/python3.12/site-packages/huggingface_hub/file_download.py", line 1007, in hf_hub_download
[2025-10-29T03:24:44.803+0700] {subprocess.py:93} INFO -     return _hf_hub_download_to_cache_dir(
[2025-10-29T03:24:44.803+0700] {subprocess.py:93} INFO -            ^^^^^^^^^^^^^^^^^^^^^^^^^^^^^^
[2025-10-29T03:24:44.803+0700] {subprocess.py:93} INFO -   File "/home/***/.local/lib/python3.12/site-packages/huggingface_hub/file_download.py", line 1124, in _hf_hub_download_to_cache_dir
[2025-10-29T03:24:44.803+0700] {subprocess.py:93} INFO -     os.makedirs(os.path.dirname(blob_path), exist_ok=True)
[2025-10-29T03:24:44.803+0700] {subprocess.py:93} INFO -   File "<frozen os>", line 216, in makedirs
[2025-10-29T03:24:44.803+0700] {subprocess.py:93} INFO -   File "<frozen os>", line 216, in makedirs
[2025-10-29T03:24:44.803+0700] {subprocess.py:93} INFO -   File "<frozen os>", line 216, in makedirs
[2025-10-29T03:24:44.803+0700] {subprocess.py:93} INFO -   File "<frozen os>", line 230, in makedirs
[2025-10-29T03:24:44.804+0700] {subprocess.py:93} INFO - PermissionError: [Errno 13] Permission denied: '/home/***/.cache/huggingface'
[2025-10-29T03:24:44.804+0700] {subprocess.py:93} INFO - 
[2025-10-29T03:24:44.804+0700] {subprocess.py:93} INFO - 	at org.apache.spark.api.python.BasePythonRunner$ReaderIterator.handlePythonException(PythonRunner.scala:572)
[2025-10-29T03:24:44.804+0700] {subprocess.py:93} INFO - 	at org.apache.spark.sql.execution.python.PythonArrowOutput$$anon$1.read(PythonArrowOutput.scala:118)
[2025-10-29T03:24:44.804+0700] {subprocess.py:93} INFO - 	at org.apache.spark.api.python.BasePythonRunner$ReaderIterator.hasNext(PythonRunner.scala:525)
[2025-10-29T03:24:44.804+0700] {subprocess.py:93} INFO - 	at org.apache.spark.InterruptibleIterator.hasNext(InterruptibleIterator.scala:37)
[2025-10-29T03:24:44.804+0700] {subprocess.py:93} INFO - 	at scala.collection.Iterator$$anon$11.hasNext(Iterator.scala:491)
[2025-10-29T03:24:44.804+0700] {subprocess.py:93} INFO - 	at scala.collection.Iterator$$anon$10.hasNext(Iterator.scala:460)
[2025-10-29T03:24:44.805+0700] {subprocess.py:93} INFO - 	at scala.collection.Iterator$$anon$10.hasNext(Iterator.scala:460)
[2025-10-29T03:24:44.805+0700] {subprocess.py:93} INFO - 	at org.apache.spark.sql.catalyst.expressions.GeneratedClass$GeneratedIteratorForCodegenStage1.hashAgg_doAggregateWithoutKey_0$(Unknown Source)
[2025-10-29T03:24:44.805+0700] {subprocess.py:93} INFO - 	at org.apache.spark.sql.catalyst.expressions.GeneratedClass$GeneratedIteratorForCodegenStage1.processNext(Unknown Source)
[2025-10-29T03:24:44.805+0700] {subprocess.py:93} INFO - 	at org.apache.spark.sql.execution.BufferedRowIterator.hasNext(BufferedRowIterator.java:43)
[2025-10-29T03:24:44.805+0700] {subprocess.py:93} INFO - 	at org.apache.spark.sql.execution.WholeStageCodegenEvaluatorFactory$WholeStageCodegenPartitionEvaluator$$anon$1.hasNext(WholeStageCodegenEvaluatorFactory.scala:43)
[2025-10-29T03:24:44.805+0700] {subprocess.py:93} INFO - 	at scala.collection.Iterator$$anon$10.hasNext(Iterator.scala:460)
[2025-10-29T03:24:44.805+0700] {subprocess.py:93} INFO - 	at org.apache.spark.shuffle.sort.BypassMergeSortShuffleWriter.write(BypassMergeSortShuffleWriter.java:140)
[2025-10-29T03:24:44.806+0700] {subprocess.py:93} INFO - 	at org.apache.spark.shuffle.ShuffleWriteProcessor.write(ShuffleWriteProcessor.scala:59)
[2025-10-29T03:24:44.806+0700] {subprocess.py:93} INFO - 	at org.apache.spark.scheduler.ShuffleMapTask.runTask(ShuffleMapTask.scala:104)
[2025-10-29T03:24:44.806+0700] {subprocess.py:93} INFO - 	at org.apache.spark.scheduler.ShuffleMapTask.runTask(ShuffleMapTask.scala:54)
[2025-10-29T03:24:44.806+0700] {subprocess.py:93} INFO - 	at org.apache.spark.TaskContext.runTaskWithListeners(TaskContext.scala:166)
[2025-10-29T03:24:44.806+0700] {subprocess.py:93} INFO - 	at org.apache.spark.scheduler.Task.run(Task.scala:141)
[2025-10-29T03:24:44.806+0700] {subprocess.py:93} INFO - 	at org.apache.spark.executor.Executor$TaskRunner.$anonfun$run$4(Executor.scala:620)
[2025-10-29T03:24:44.806+0700] {subprocess.py:93} INFO - 	at org.apache.spark.util.SparkErrorUtils.tryWithSafeFinally(SparkErrorUtils.scala:64)
[2025-10-29T03:24:44.806+0700] {subprocess.py:93} INFO - 	at org.apache.spark.util.SparkErrorUtils.tryWithSafeFinally$(SparkErrorUtils.scala:61)
[2025-10-29T03:24:44.806+0700] {subprocess.py:93} INFO - 	at org.apache.spark.util.Utils$.tryWithSafeFinally(Utils.scala:94)
[2025-10-29T03:24:44.807+0700] {subprocess.py:93} INFO - 	at org.apache.spark.executor.Executor$TaskRunner.run(Executor.scala:623)
[2025-10-29T03:24:44.807+0700] {subprocess.py:93} INFO - 	at java.base/java.util.concurrent.ThreadPoolExecutor.runWorker(ThreadPoolExecutor.java:1136)
[2025-10-29T03:24:44.807+0700] {subprocess.py:93} INFO - 	at java.base/java.util.concurrent.ThreadPoolExecutor$Worker.run(ThreadPoolExecutor.java:635)
[2025-10-29T03:24:44.807+0700] {subprocess.py:93} INFO - 	at java.base/java.lang.Thread.run(Thread.java:840)
[2025-10-29T03:24:44.807+0700] {subprocess.py:93} INFO - 
[2025-10-29T03:24:44.807+0700] {subprocess.py:93} INFO - 25/10/29 03:24:44 ERROR TaskSetManager: Task 0 in stage 2.0 failed 1 times; aborting job
[2025-10-29T03:24:44.871+0700] {subprocess.py:93} INFO - 25/10/29 03:24:44 ERROR MicroBatchExecution: Query [id = 1950f2fc-f56c-42db-ba56-2f2723bc0772, runId = f8023851-0bda-4f12-bec1-df17dfb13802] terminated with error
[2025-10-29T03:24:44.871+0700] {subprocess.py:93} INFO - py4j.Py4JException: An exception was raised by the Python Proxy. Return Message: Traceback (most recent call last):
[2025-10-29T03:24:44.871+0700] {subprocess.py:93} INFO -   File "/home/***/.local/lib/python3.12/site-packages/pyspark/python/lib/py4j-0.10.9.7-src.zip/py4j/clientserver.py", line 617, in _call_proxy
[2025-10-29T03:24:44.872+0700] {subprocess.py:93} INFO -     return_value = getattr(self.pool[obj_id], method)(*params)
[2025-10-29T03:24:44.872+0700] {subprocess.py:93} INFO -                    ^^^^^^^^^^^^^^^^^^^^^^^^^^^^^^^^^^^^^^^^^^^
[2025-10-29T03:24:44.872+0700] {subprocess.py:93} INFO -   File "/home/***/.local/lib/python3.12/site-packages/pyspark/python/lib/pyspark.zip/pyspark/sql/utils.py", line 120, in call
[2025-10-29T03:24:44.872+0700] {subprocess.py:93} INFO -     raise e
[2025-10-29T03:24:44.872+0700] {subprocess.py:93} INFO -   File "/home/***/.local/lib/python3.12/site-packages/pyspark/python/lib/pyspark.zip/pyspark/sql/utils.py", line 117, in call
[2025-10-29T03:24:44.872+0700] {subprocess.py:93} INFO -     self.func(DataFrame(jdf, wrapped_session_jdf), batch_id)
[2025-10-29T03:24:44.872+0700] {subprocess.py:93} INFO -   File "/opt/***/projects/absa_streaming/scripts/consumer_postgres_streaming.py", line 125, in write_to_postgres
[2025-10-29T03:24:44.872+0700] {subprocess.py:93} INFO -     total_rows = batch_df.count()
[2025-10-29T03:24:44.873+0700] {subprocess.py:93} INFO -                  ^^^^^^^^^^^^^^^^
[2025-10-29T03:24:44.873+0700] {subprocess.py:93} INFO -   File "/home/***/.local/lib/python3.12/site-packages/pyspark/python/lib/pyspark.zip/pyspark/sql/dataframe.py", line 1238, in count
[2025-10-29T03:24:44.873+0700] {subprocess.py:93} INFO -     return int(self._jdf.count())
[2025-10-29T03:24:44.873+0700] {subprocess.py:93} INFO -                ^^^^^^^^^^^^^^^^^
[2025-10-29T03:24:44.873+0700] {subprocess.py:93} INFO -   File "/home/***/.local/lib/python3.12/site-packages/pyspark/python/lib/py4j-0.10.9.7-src.zip/py4j/java_gateway.py", line 1322, in __call__
[2025-10-29T03:24:44.873+0700] {subprocess.py:93} INFO -     return_value = get_return_value(
[2025-10-29T03:24:44.873+0700] {subprocess.py:93} INFO -                    ^^^^^^^^^^^^^^^^^
[2025-10-29T03:24:44.873+0700] {subprocess.py:93} INFO -   File "/home/***/.local/lib/python3.12/site-packages/pyspark/python/lib/pyspark.zip/pyspark/errors/exceptions/captured.py", line 185, in deco
[2025-10-29T03:24:44.874+0700] {subprocess.py:93} INFO -     raise converted from None
[2025-10-29T03:24:44.874+0700] {subprocess.py:93} INFO - pyspark.errors.exceptions.captured.PythonException:
[2025-10-29T03:24:44.874+0700] {subprocess.py:93} INFO -   An exception was thrown from the Python worker. Please see the stack trace below.
[2025-10-29T03:24:44.874+0700] {subprocess.py:93} INFO - Traceback (most recent call last):
[2025-10-29T03:24:44.874+0700] {subprocess.py:93} INFO -   File "/opt/***/projects/absa_streaming/scripts/consumer_postgres_streaming.py", line 73, in absa_infer_udf
[2025-10-29T03:24:44.874+0700] {subprocess.py:93} INFO -     _tokenizer = AutoTokenizer.from_pretrained(MODEL_NAME, use_fast=True)
[2025-10-29T03:24:44.874+0700] {subprocess.py:93} INFO -                  ^^^^^^^^^^^^^^^^^^^^^^^^^^^^^^^^^^^^^^^^^^^^^^^^^^^^^^^^
[2025-10-29T03:24:44.874+0700] {subprocess.py:93} INFO -   File "/home/***/.local/lib/python3.12/site-packages/transformers/models/auto/tokenization_auto.py", line 817, in from_pretrained
[2025-10-29T03:24:44.874+0700] {subprocess.py:93} INFO -     tokenizer_config = get_tokenizer_config(pretrained_model_name_or_path, **kwargs)
[2025-10-29T03:24:44.874+0700] {subprocess.py:93} INFO -                        ^^^^^^^^^^^^^^^^^^^^^^^^^^^^^^^^^^^^^^^^^^^^^^^^^^^^^^^^^^^^^
[2025-10-29T03:24:44.875+0700] {subprocess.py:93} INFO -   File "/home/***/.local/lib/python3.12/site-packages/transformers/models/auto/tokenization_auto.py", line 649, in get_tokenizer_config
[2025-10-29T03:24:44.875+0700] {subprocess.py:93} INFO -     resolved_config_file = cached_file(
[2025-10-29T03:24:44.875+0700] {subprocess.py:93} INFO -                            ^^^^^^^^^^^^
[2025-10-29T03:24:44.875+0700] {subprocess.py:93} INFO -   File "/home/***/.local/lib/python3.12/site-packages/transformers/utils/hub.py", line 462, in cached_file
[2025-10-29T03:24:44.875+0700] {subprocess.py:93} INFO -     except HFValidationError as e:
[2025-10-29T03:24:44.875+0700] {subprocess.py:93} INFO -   File "/home/***/.local/lib/python3.12/site-packages/huggingface_hub/utils/_validators.py", line 114, in _inner_fn
[2025-10-29T03:24:44.875+0700] {subprocess.py:93} INFO -     return fn(*args, **kwargs)
[2025-10-29T03:24:44.875+0700] {subprocess.py:93} INFO -            ^^^^^^^^^^^^^^^^^^^
[2025-10-29T03:24:44.875+0700] {subprocess.py:93} INFO -   File "/home/***/.local/lib/python3.12/site-packages/huggingface_hub/file_download.py", line 1007, in hf_hub_download
[2025-10-29T03:24:44.876+0700] {subprocess.py:93} INFO -     return _hf_hub_download_to_cache_dir(
[2025-10-29T03:24:44.876+0700] {subprocess.py:93} INFO -            ^^^^^^^^^^^^^^^^^^^^^^^^^^^^^^
[2025-10-29T03:24:44.876+0700] {subprocess.py:93} INFO -   File "/home/***/.local/lib/python3.12/site-packages/huggingface_hub/file_download.py", line 1124, in _hf_hub_download_to_cache_dir
[2025-10-29T03:24:44.876+0700] {subprocess.py:93} INFO -     os.makedirs(os.path.dirname(blob_path), exist_ok=True)
[2025-10-29T03:24:44.876+0700] {subprocess.py:93} INFO -   File "<frozen os>", line 216, in makedirs
[2025-10-29T03:24:44.876+0700] {subprocess.py:93} INFO -   File "<frozen os>", line 216, in makedirs
[2025-10-29T03:24:44.876+0700] {subprocess.py:93} INFO -   File "<frozen os>", line 216, in makedirs
[2025-10-29T03:24:44.876+0700] {subprocess.py:93} INFO -   File "<frozen os>", line 230, in makedirs
[2025-10-29T03:24:44.876+0700] {subprocess.py:93} INFO - PermissionError: [Errno 13] Permission denied: '/home/***/.cache/huggingface'
[2025-10-29T03:24:44.876+0700] {subprocess.py:93} INFO - 
[2025-10-29T03:24:44.877+0700] {subprocess.py:93} INFO - 
[2025-10-29T03:24:44.877+0700] {subprocess.py:93} INFO - 	at py4j.Protocol.getReturnValue(Protocol.java:476)
[2025-10-29T03:24:44.877+0700] {subprocess.py:93} INFO - 	at py4j.reflection.PythonProxyHandler.invoke(PythonProxyHandler.java:108)
[2025-10-29T03:24:44.877+0700] {subprocess.py:93} INFO - 	at jdk.proxy3/jdk.proxy3.$Proxy32.call(Unknown Source)
[2025-10-29T03:24:44.877+0700] {subprocess.py:93} INFO - 	at org.apache.spark.sql.execution.streaming.sources.PythonForeachBatchHelper$.$anonfun$callForeachBatch$1(ForeachBatchSink.scala:53)
[2025-10-29T03:24:44.877+0700] {subprocess.py:93} INFO - 	at org.apache.spark.sql.execution.streaming.sources.PythonForeachBatchHelper$.$anonfun$callForeachBatch$1$adapted(ForeachBatchSink.scala:53)
[2025-10-29T03:24:44.877+0700] {subprocess.py:93} INFO - 	at org.apache.spark.sql.execution.streaming.sources.ForeachBatchSink.addBatch(ForeachBatchSink.scala:34)
[2025-10-29T03:24:44.877+0700] {subprocess.py:93} INFO - 	at org.apache.spark.sql.execution.streaming.MicroBatchExecution.$anonfun$runBatch$17(MicroBatchExecution.scala:732)
[2025-10-29T03:24:44.877+0700] {subprocess.py:93} INFO - 	at org.apache.spark.sql.execution.SQLExecution$.$anonfun$withNewExecutionId$6(SQLExecution.scala:125)
[2025-10-29T03:24:44.877+0700] {subprocess.py:93} INFO - 	at org.apache.spark.sql.execution.SQLExecution$.withSQLConfPropagated(SQLExecution.scala:201)
[2025-10-29T03:24:44.878+0700] {subprocess.py:93} INFO - 	at org.apache.spark.sql.execution.SQLExecution$.$anonfun$withNewExecutionId$1(SQLExecution.scala:108)
[2025-10-29T03:24:44.878+0700] {subprocess.py:93} INFO - 	at org.apache.spark.sql.SparkSession.withActive(SparkSession.scala:900)
[2025-10-29T03:24:44.878+0700] {subprocess.py:93} INFO - 	at org.apache.spark.sql.execution.SQLExecution$.withNewExecutionId(SQLExecution.scala:66)
[2025-10-29T03:24:44.878+0700] {subprocess.py:93} INFO - 	at org.apache.spark.sql.execution.streaming.MicroBatchExecution.$anonfun$runBatch$16(MicroBatchExecution.scala:729)
[2025-10-29T03:24:44.878+0700] {subprocess.py:93} INFO - 	at org.apache.spark.sql.execution.streaming.ProgressReporter.reportTimeTaken(ProgressReporter.scala:427)
[2025-10-29T03:24:44.878+0700] {subprocess.py:93} INFO - 	at org.apache.spark.sql.execution.streaming.ProgressReporter.reportTimeTaken$(ProgressReporter.scala:425)
[2025-10-29T03:24:44.878+0700] {subprocess.py:93} INFO - 	at org.apache.spark.sql.execution.streaming.StreamExecution.reportTimeTaken(StreamExecution.scala:67)
[2025-10-29T03:24:44.878+0700] {subprocess.py:93} INFO - 	at org.apache.spark.sql.execution.streaming.MicroBatchExecution.runBatch(MicroBatchExecution.scala:729)
[2025-10-29T03:24:44.878+0700] {subprocess.py:93} INFO - 	at org.apache.spark.sql.execution.streaming.MicroBatchExecution.$anonfun$runActivatedStream$2(MicroBatchExecution.scala:286)
[2025-10-29T03:24:44.878+0700] {subprocess.py:93} INFO - 	at scala.runtime.java8.JFunction0$mcV$sp.apply(JFunction0$mcV$sp.java:23)
[2025-10-29T03:24:44.879+0700] {subprocess.py:93} INFO - 	at org.apache.spark.sql.execution.streaming.ProgressReporter.reportTimeTaken(ProgressReporter.scala:427)
[2025-10-29T03:24:44.879+0700] {subprocess.py:93} INFO - 	at org.apache.spark.sql.execution.streaming.ProgressReporter.reportTimeTaken$(ProgressReporter.scala:425)
[2025-10-29T03:24:44.879+0700] {subprocess.py:93} INFO - 	at org.apache.spark.sql.execution.streaming.StreamExecution.reportTimeTaken(StreamExecution.scala:67)
[2025-10-29T03:24:44.879+0700] {subprocess.py:93} INFO - 	at org.apache.spark.sql.execution.streaming.MicroBatchExecution.$anonfun$runActivatedStream$1(MicroBatchExecution.scala:249)
[2025-10-29T03:24:44.879+0700] {subprocess.py:93} INFO - 	at org.apache.spark.sql.execution.streaming.ProcessingTimeExecutor.execute(TriggerExecutor.scala:67)
[2025-10-29T03:24:44.879+0700] {subprocess.py:93} INFO - 	at org.apache.spark.sql.execution.streaming.MicroBatchExecution.runActivatedStream(MicroBatchExecution.scala:239)
[2025-10-29T03:24:44.879+0700] {subprocess.py:93} INFO - 	at org.apache.spark.sql.execution.streaming.StreamExecution.$anonfun$runStream$1(StreamExecution.scala:311)
[2025-10-29T03:24:44.879+0700] {subprocess.py:93} INFO - 	at scala.runtime.java8.JFunction0$mcV$sp.apply(JFunction0$mcV$sp.java:23)
[2025-10-29T03:24:44.879+0700] {subprocess.py:93} INFO - 	at org.apache.spark.sql.SparkSession.withActive(SparkSession.scala:900)
[2025-10-29T03:24:44.879+0700] {subprocess.py:93} INFO - 	at org.apache.spark.sql.execution.streaming.StreamExecution.org$apache$spark$sql$execution$streaming$StreamExecution$$runStream(StreamExecution.scala:289)
[2025-10-29T03:24:44.880+0700] {subprocess.py:93} INFO - 	at org.apache.spark.sql.execution.streaming.StreamExecution$$anon$1.$anonfun$run$1(StreamExecution.scala:211)
[2025-10-29T03:24:44.880+0700] {subprocess.py:93} INFO - 	at scala.runtime.java8.JFunction0$mcV$sp.apply(JFunction0$mcV$sp.java:23)
[2025-10-29T03:24:44.880+0700] {subprocess.py:93} INFO - 	at org.apache.spark.JobArtifactSet$.withActiveJobArtifactState(JobArtifactSet.scala:94)
[2025-10-29T03:24:44.880+0700] {subprocess.py:93} INFO - 	at org.apache.spark.sql.execution.streaming.StreamExecution$$anon$1.run(StreamExecution.scala:211)
[2025-10-29T03:24:44.934+0700] {subprocess.py:93} INFO - Traceback (most recent call last):
[2025-10-29T03:24:44.934+0700] {subprocess.py:93} INFO -   File "/opt/***/projects/absa_streaming/scripts/consumer_postgres_streaming.py", line 175, in <module>
[2025-10-29T03:24:44.935+0700] {subprocess.py:93} INFO -     query.awaitTermination()
[2025-10-29T03:24:44.935+0700] {subprocess.py:93} INFO -   File "/home/***/.local/lib/python3.12/site-packages/pyspark/python/lib/pyspark.zip/pyspark/sql/streaming/query.py", line 221, in awaitTermination
[2025-10-29T03:24:44.935+0700] {subprocess.py:93} INFO -   File "/home/***/.local/lib/python3.12/site-packages/pyspark/python/lib/py4j-0.10.9.7-src.zip/py4j/java_gateway.py", line 1322, in __call__
[2025-10-29T03:24:44.935+0700] {subprocess.py:93} INFO -   File "/home/***/.local/lib/python3.12/site-packages/pyspark/python/lib/pyspark.zip/pyspark/errors/exceptions/captured.py", line 185, in deco
[2025-10-29T03:24:44.937+0700] {subprocess.py:93} INFO - pyspark.errors.exceptions.captured.StreamingQueryException: [STREAM_FAILED] Query [id = 1950f2fc-f56c-42db-ba56-2f2723bc0772, runId = f8023851-0bda-4f12-bec1-df17dfb13802] terminated with exception: An exception was raised by the Python Proxy. Return Message: Traceback (most recent call last):
[2025-10-29T03:24:44.937+0700] {subprocess.py:93} INFO -   File "/home/***/.local/lib/python3.12/site-packages/pyspark/python/lib/py4j-0.10.9.7-src.zip/py4j/clientserver.py", line 617, in _call_proxy
[2025-10-29T03:24:44.937+0700] {subprocess.py:93} INFO -     return_value = getattr(self.pool[obj_id], method)(*params)
[2025-10-29T03:24:44.937+0700] {subprocess.py:93} INFO -                    ^^^^^^^^^^^^^^^^^^^^^^^^^^^^^^^^^^^^^^^^^^^
[2025-10-29T03:24:44.938+0700] {subprocess.py:93} INFO -   File "/home/***/.local/lib/python3.12/site-packages/pyspark/python/lib/pyspark.zip/pyspark/sql/utils.py", line 120, in call
[2025-10-29T03:24:44.938+0700] {subprocess.py:93} INFO -     raise e
[2025-10-29T03:24:44.938+0700] {subprocess.py:93} INFO -   File "/home/***/.local/lib/python3.12/site-packages/pyspark/python/lib/pyspark.zip/pyspark/sql/utils.py", line 117, in call
[2025-10-29T03:24:44.938+0700] {subprocess.py:93} INFO -     self.func(DataFrame(jdf, wrapped_session_jdf), batch_id)
[2025-10-29T03:24:44.938+0700] {subprocess.py:93} INFO -   File "/opt/***/projects/absa_streaming/scripts/consumer_postgres_streaming.py", line 125, in write_to_postgres
[2025-10-29T03:24:44.938+0700] {subprocess.py:93} INFO -     total_rows = batch_df.count()
[2025-10-29T03:24:44.939+0700] {subprocess.py:93} INFO -                  ^^^^^^^^^^^^^^^^
[2025-10-29T03:24:44.939+0700] {subprocess.py:93} INFO -   File "/home/***/.local/lib/python3.12/site-packages/pyspark/python/lib/pyspark.zip/pyspark/sql/dataframe.py", line 1238, in count
[2025-10-29T03:24:44.939+0700] {subprocess.py:93} INFO -     return int(self._jdf.count())
[2025-10-29T03:24:44.939+0700] {subprocess.py:93} INFO -                ^^^^^^^^^^^^^^^^^
[2025-10-29T03:24:44.939+0700] {subprocess.py:93} INFO -   File "/home/***/.local/lib/python3.12/site-packages/pyspark/python/lib/py4j-0.10.9.7-src.zip/py4j/java_gateway.py", line 1322, in __call__
[2025-10-29T03:24:44.939+0700] {subprocess.py:93} INFO -     return_value = get_return_value(
[2025-10-29T03:24:44.940+0700] {subprocess.py:93} INFO -                    ^^^^^^^^^^^^^^^^^
[2025-10-29T03:24:44.940+0700] {subprocess.py:93} INFO -   File "/home/***/.local/lib/python3.12/site-packages/pyspark/python/lib/pyspark.zip/pyspark/errors/exceptions/captured.py", line 185, in deco
[2025-10-29T03:24:44.940+0700] {subprocess.py:93} INFO -     raise converted from None
[2025-10-29T03:24:44.940+0700] {subprocess.py:93} INFO - pyspark.errors.exceptions.captured.PythonException:
[2025-10-29T03:24:44.940+0700] {subprocess.py:93} INFO -   An exception was thrown from the Python worker. Please see the stack trace below.
[2025-10-29T03:24:44.940+0700] {subprocess.py:93} INFO - Traceback (most recent call last):
[2025-10-29T03:24:44.940+0700] {subprocess.py:93} INFO -   File "/opt/***/projects/absa_streaming/scripts/consumer_postgres_streaming.py", line 73, in absa_infer_udf
[2025-10-29T03:24:44.941+0700] {subprocess.py:93} INFO -     _tokenizer = AutoTokenizer.from_pretrained(MODEL_NAME, use_fast=True)
[2025-10-29T03:24:44.941+0700] {subprocess.py:93} INFO -                  ^^^^^^^^^^^^^^^^^^^^^^^^^^^^^^^^^^^^^^^^^^^^^^^^^^^^^^^^
[2025-10-29T03:24:44.941+0700] {subprocess.py:93} INFO -   File "/home/***/.local/lib/python3.12/site-packages/transformers/models/auto/tokenization_auto.py", line 817, in from_pretrained
[2025-10-29T03:24:44.941+0700] {subprocess.py:93} INFO -     tokenizer_config = get_tokenizer_config(pretrained_model_name_or_path, **kwargs)
[2025-10-29T03:24:44.941+0700] {subprocess.py:93} INFO -                        ^^^^^^^^^^^^^^^^^^^^^^^^^^^^^^^^^^^^^^^^^^^^^^^^^^^^^^^^^^^^^
[2025-10-29T03:24:44.942+0700] {subprocess.py:93} INFO -   File "/home/***/.local/lib/python3.12/site-packages/transformers/models/auto/tokenization_auto.py", line 649, in get_tokenizer_config
[2025-10-29T03:24:44.942+0700] {subprocess.py:93} INFO -     resolved_config_file = cached_file(
[2025-10-29T03:24:44.942+0700] {subprocess.py:93} INFO -                            ^^^^^^^^^^^^
[2025-10-29T03:24:44.942+0700] {subprocess.py:93} INFO -   File "/home/***/.local/lib/python3.12/site-packages/transformers/utils/hub.py", line 462, in cached_file
[2025-10-29T03:24:44.942+0700] {subprocess.py:93} INFO -     except HFValidationError as e:
[2025-10-29T03:24:44.942+0700] {subprocess.py:93} INFO -   File "/home/***/.local/lib/python3.12/site-packages/huggingface_hub/utils/_validators.py", line 114, in _inner_fn
[2025-10-29T03:24:44.943+0700] {subprocess.py:93} INFO -     return fn(*args, **kwargs)
[2025-10-29T03:24:44.943+0700] {subprocess.py:93} INFO -            ^^^^^^^^^^^^^^^^^^^
[2025-10-29T03:24:44.943+0700] {subprocess.py:93} INFO -   File "/home/***/.local/lib/python3.12/site-packages/huggingface_hub/file_download.py", line 1007, in hf_hub_download
[2025-10-29T03:24:44.943+0700] {subprocess.py:93} INFO -     return _hf_hub_download_to_cache_dir(
[2025-10-29T03:24:44.943+0700] {subprocess.py:93} INFO -            ^^^^^^^^^^^^^^^^^^^^^^^^^^^^^^
[2025-10-29T03:24:44.943+0700] {subprocess.py:93} INFO -   File "/home/***/.local/lib/python3.12/site-packages/huggingface_hub/file_download.py", line 1124, in _hf_hub_download_to_cache_dir
[2025-10-29T03:24:44.944+0700] {subprocess.py:93} INFO -     os.makedirs(os.path.dirname(blob_path), exist_ok=True)
[2025-10-29T03:24:44.944+0700] {subprocess.py:93} INFO -   File "<frozen os>", line 216, in makedirs
[2025-10-29T03:24:44.944+0700] {subprocess.py:93} INFO -   File "<frozen os>", line 216, in makedirs
[2025-10-29T03:24:44.944+0700] {subprocess.py:93} INFO -   File "<frozen os>", line 216, in makedirs
[2025-10-29T03:24:44.944+0700] {subprocess.py:93} INFO -   File "<frozen os>", line 230, in makedirs
[2025-10-29T03:24:44.944+0700] {subprocess.py:93} INFO - PermissionError: [Errno 13] Permission denied: '/home/***/.cache/huggingface'
[2025-10-29T03:24:44.944+0700] {subprocess.py:93} INFO - 
[2025-10-29T03:24:44.945+0700] {subprocess.py:93} INFO - 
[2025-10-29T03:24:45.643+0700] {subprocess.py:97} INFO - Command exited with return code 1
[2025-10-29T03:24:45.644+0700] {taskinstance.py:441} INFO - ::group::Post task execution logs
[2025-10-29T03:24:45.651+0700] {taskinstance.py:2890} ERROR - Task failed with exception
Traceback (most recent call last):
  File "/home/airflow/.local/lib/python3.12/site-packages/airflow/models/taskinstance.py", line 460, in _execute_task
    result = _execute_callable(context=context, **execute_callable_kwargs)
             ^^^^^^^^^^^^^^^^^^^^^^^^^^^^^^^^^^^^^^^^^^^^^^^^^^^^^^^^^^^^^
  File "/home/airflow/.local/lib/python3.12/site-packages/airflow/models/taskinstance.py", line 432, in _execute_callable
    return execute_callable(context=context, **execute_callable_kwargs)
           ^^^^^^^^^^^^^^^^^^^^^^^^^^^^^^^^^^^^^^^^^^^^^^^^^^^^^^^^^^^^
  File "/home/airflow/.local/lib/python3.12/site-packages/airflow/models/baseoperator.py", line 400, in wrapper
    return func(self, *args, **kwargs)
           ^^^^^^^^^^^^^^^^^^^^^^^^^^^
  File "/home/airflow/.local/lib/python3.12/site-packages/airflow/operators/bash.py", line 243, in execute
    raise AirflowException(
airflow.exceptions.AirflowException: Bash command failed. The command returned a non-zero exit code 1.
[2025-10-29T03:24:45.654+0700] {taskinstance.py:1205} INFO - Marking task as UP_FOR_RETRY. dag_id=absa_streaming_lifecycle_demo1, task_id=deploy_consumer, execution_date=20251028T190000, start_date=20251028T202425, end_date=20251028T202445
[2025-10-29T03:24:45.664+0700] {standard_task_runner.py:110} ERROR - Failed to execute job 23 for task deploy_consumer (Bash command failed. The command returned a non-zero exit code 1.; 7505)
[2025-10-29T03:24:45.695+0700] {local_task_job_runner.py:240} INFO - Task exited with return code 1
[2025-10-29T03:24:45.709+0700] {taskinstance.py:3482} INFO - 0 downstream tasks scheduled from follow-on schedule check
[2025-10-29T03:24:45.710+0700] {local_task_job_runner.py:222} INFO - ::endgroup::
