[2025-10-29T03:39:52.936+0700] {local_task_job_runner.py:120} INFO - ::group::Pre task execution logs
[2025-10-29T03:39:52.946+0700] {taskinstance.py:2073} INFO - Dependencies all met for dep_context=non-requeueable deps ti=<TaskInstance: absa_streaming_lifecycle_demo1.deploy_consumer scheduled__2025-10-28T19:00:00+00:00 [queued]>
[2025-10-29T03:39:52.950+0700] {taskinstance.py:2073} INFO - Dependencies all met for dep_context=requeueable deps ti=<TaskInstance: absa_streaming_lifecycle_demo1.deploy_consumer scheduled__2025-10-28T19:00:00+00:00 [queued]>
[2025-10-29T03:39:52.950+0700] {taskinstance.py:2303} INFO - Starting attempt 16 of 17
[2025-10-29T03:39:52.957+0700] {taskinstance.py:2327} INFO - Executing <Task(BashOperator): deploy_consumer> on 2025-10-28 19:00:00+00:00
[2025-10-29T03:39:52.963+0700] {warnings.py:110} WARNING - /home/***/.local/lib/python3.12/site-packages/***/task/task_runner/standard_task_runner.py:61: DeprecationWarning: This process (pid=12042) is multi-threaded, use of fork() may lead to deadlocks in the child.
  pid = os.fork()

[2025-10-29T03:39:52.964+0700] {standard_task_runner.py:63} INFO - Started process 12044 to run task
[2025-10-29T03:39:52.964+0700] {standard_task_runner.py:90} INFO - Running: ['***', 'tasks', 'run', 'absa_streaming_lifecycle_demo1', 'deploy_consumer', 'scheduled__2025-10-28T19:00:00+00:00', '--job-id', '34', '--raw', '--subdir', 'DAGS_FOLDER/absa_streaming_lifecycle_dag1.py', '--cfg-path', '/tmp/tmp7b9kp2na']
[2025-10-29T03:39:52.965+0700] {standard_task_runner.py:91} INFO - Job 34: Subtask deploy_consumer
[2025-10-29T03:39:52.987+0700] {task_command.py:426} INFO - Running <TaskInstance: absa_streaming_lifecycle_demo1.deploy_consumer scheduled__2025-10-28T19:00:00+00:00 [running]> on host dfeadd712fc3
[2025-10-29T03:39:53.025+0700] {taskinstance.py:2644} INFO - Exporting env vars: AIRFLOW_CTX_DAG_OWNER='***' AIRFLOW_CTX_DAG_ID='absa_streaming_lifecycle_demo1' AIRFLOW_CTX_TASK_ID='deploy_consumer' AIRFLOW_CTX_EXECUTION_DATE='2025-10-28T19:00:00+00:00' AIRFLOW_CTX_TRY_NUMBER='16' AIRFLOW_CTX_DAG_RUN_ID='scheduled__2025-10-28T19:00:00+00:00'
[2025-10-29T03:39:53.026+0700] {taskinstance.py:430} INFO - ::endgroup::
[2025-10-29T03:39:53.027+0700] {subprocess.py:63} INFO - Tmp dir root location: /tmp
[2025-10-29T03:39:53.027+0700] {subprocess.py:75} INFO - Running command: ['/usr/bin/bash', '-c', 'bash -c "timeout 45m /opt/***/projects/absa_streaming/scripts/run_consumer.sh"']
[2025-10-29T03:39:53.038+0700] {subprocess.py:86} INFO - Output:
[2025-10-29T03:39:53.042+0700] {subprocess.py:93} INFO - [Consumer] Starting Spark Structured Streaming job...
[2025-10-29T03:39:53.072+0700] {subprocess.py:93} INFO - /home/***/.local/lib/python3.12/site-packages/pyspark/bin/load-spark-env.sh: line 68: ps: command not found
[2025-10-29T03:39:53.801+0700] {subprocess.py:93} INFO - :: loading settings :: url = jar:file:/home/***/.local/lib/python3.12/site-packages/pyspark/jars/ivy-2.5.1.jar!/org/apache/ivy/core/settings/ivysettings.xml
[2025-10-29T03:39:53.838+0700] {subprocess.py:93} INFO - Ivy Default Cache set to: /home/***/.ivy2/cache
[2025-10-29T03:39:53.839+0700] {subprocess.py:93} INFO - The jars for the packages stored in: /home/***/.ivy2/jars
[2025-10-29T03:39:53.841+0700] {subprocess.py:93} INFO - org.apache.spark#spark-sql-kafka-0-10_2.12 added as a dependency
[2025-10-29T03:39:53.841+0700] {subprocess.py:93} INFO - org.postgresql#postgresql added as a dependency
[2025-10-29T03:39:53.841+0700] {subprocess.py:93} INFO - :: resolving dependencies :: org.apache.spark#spark-submit-parent-70a8d91e-403e-4c7b-bc0d-1a0531bbef72;1.0
[2025-10-29T03:39:53.842+0700] {subprocess.py:93} INFO - 	confs: [default]
[2025-10-29T03:39:53.933+0700] {subprocess.py:93} INFO - 	found org.apache.spark#spark-sql-kafka-0-10_2.12;3.5.1 in central
[2025-10-29T03:39:53.970+0700] {subprocess.py:93} INFO - 	found org.apache.spark#spark-token-provider-kafka-0-10_2.12;3.5.1 in central
[2025-10-29T03:39:53.987+0700] {subprocess.py:93} INFO - 	found org.apache.kafka#kafka-clients;3.4.1 in central
[2025-10-29T03:39:54.003+0700] {subprocess.py:93} INFO - 	found org.lz4#lz4-java;1.8.0 in central
[2025-10-29T03:39:54.016+0700] {subprocess.py:93} INFO - 	found org.xerial.snappy#snappy-java;1.1.10.3 in central
[2025-10-29T03:39:54.029+0700] {subprocess.py:93} INFO - 	found org.slf4j#slf4j-api;2.0.7 in central
[2025-10-29T03:39:54.045+0700] {subprocess.py:93} INFO - 	found org.apache.hadoop#hadoop-client-runtime;3.3.4 in central
[2025-10-29T03:39:54.066+0700] {subprocess.py:93} INFO - 	found org.apache.hadoop#hadoop-client-api;3.3.4 in central
[2025-10-29T03:39:54.080+0700] {subprocess.py:93} INFO - 	found commons-logging#commons-logging;1.1.3 in central
[2025-10-29T03:39:54.092+0700] {subprocess.py:93} INFO - 	found com.google.code.findbugs#jsr305;3.0.0 in central
[2025-10-29T03:39:54.103+0700] {subprocess.py:93} INFO - 	found org.apache.commons#commons-pool2;2.11.1 in central
[2025-10-29T03:39:54.112+0700] {subprocess.py:93} INFO - 	found org.postgresql#postgresql;42.6.0 in central
[2025-10-29T03:39:54.119+0700] {subprocess.py:93} INFO - 	found org.checkerframework#checker-qual;3.31.0 in central
[2025-10-29T03:39:54.143+0700] {subprocess.py:93} INFO - :: resolution report :: resolve 290ms :: artifacts dl 12ms
[2025-10-29T03:39:54.144+0700] {subprocess.py:93} INFO - 	:: modules in use:
[2025-10-29T03:39:54.144+0700] {subprocess.py:93} INFO - 	com.google.code.findbugs#jsr305;3.0.0 from central in [default]
[2025-10-29T03:39:54.144+0700] {subprocess.py:93} INFO - 	commons-logging#commons-logging;1.1.3 from central in [default]
[2025-10-29T03:39:54.144+0700] {subprocess.py:93} INFO - 	org.apache.commons#commons-pool2;2.11.1 from central in [default]
[2025-10-29T03:39:54.144+0700] {subprocess.py:93} INFO - 	org.apache.hadoop#hadoop-client-api;3.3.4 from central in [default]
[2025-10-29T03:39:54.144+0700] {subprocess.py:93} INFO - 	org.apache.hadoop#hadoop-client-runtime;3.3.4 from central in [default]
[2025-10-29T03:39:54.145+0700] {subprocess.py:93} INFO - 	org.apache.kafka#kafka-clients;3.4.1 from central in [default]
[2025-10-29T03:39:54.145+0700] {subprocess.py:93} INFO - 	org.apache.spark#spark-sql-kafka-0-10_2.12;3.5.1 from central in [default]
[2025-10-29T03:39:54.145+0700] {subprocess.py:93} INFO - 	org.apache.spark#spark-token-provider-kafka-0-10_2.12;3.5.1 from central in [default]
[2025-10-29T03:39:54.145+0700] {subprocess.py:93} INFO - 	org.checkerframework#checker-qual;3.31.0 from central in [default]
[2025-10-29T03:39:54.145+0700] {subprocess.py:93} INFO - 	org.lz4#lz4-java;1.8.0 from central in [default]
[2025-10-29T03:39:54.145+0700] {subprocess.py:93} INFO - 	org.postgresql#postgresql;42.6.0 from central in [default]
[2025-10-29T03:39:54.145+0700] {subprocess.py:93} INFO - 	org.slf4j#slf4j-api;2.0.7 from central in [default]
[2025-10-29T03:39:54.145+0700] {subprocess.py:93} INFO - 	org.xerial.snappy#snappy-java;1.1.10.3 from central in [default]
[2025-10-29T03:39:54.145+0700] {subprocess.py:93} INFO - 	---------------------------------------------------------------------
[2025-10-29T03:39:54.146+0700] {subprocess.py:93} INFO - 	|                  |            modules            ||   artifacts   |
[2025-10-29T03:39:54.146+0700] {subprocess.py:93} INFO - 	|       conf       | number| search|dwnlded|evicted|| number|dwnlded|
[2025-10-29T03:39:54.146+0700] {subprocess.py:93} INFO - 	---------------------------------------------------------------------
[2025-10-29T03:39:54.146+0700] {subprocess.py:93} INFO - 	|      default     |   13  |   0   |   0   |   0   ||   13  |   0   |
[2025-10-29T03:39:54.146+0700] {subprocess.py:93} INFO - 	---------------------------------------------------------------------
[2025-10-29T03:39:54.148+0700] {subprocess.py:93} INFO - :: retrieving :: org.apache.spark#spark-submit-parent-70a8d91e-403e-4c7b-bc0d-1a0531bbef72
[2025-10-29T03:39:54.148+0700] {subprocess.py:93} INFO - 	confs: [default]
[2025-10-29T03:39:54.153+0700] {subprocess.py:93} INFO - 	0 artifacts copied, 13 already retrieved (0kB/5ms)
[2025-10-29T03:39:54.279+0700] {subprocess.py:93} INFO - 25/10/29 03:39:54 WARN NativeCodeLoader: Unable to load native-hadoop library for your platform... using builtin-java classes where applicable
[2025-10-29T03:39:57.373+0700] {subprocess.py:93} INFO - There was a problem when trying to write in your cache folder (/home/***/.cache/huggingface/hub). You should set the environment variable TRANSFORMERS_CACHE to a writable directory.
[2025-10-29T03:39:57.472+0700] {subprocess.py:93} INFO - 25/10/29 03:39:57 INFO SparkContext: Running Spark version 3.5.1
[2025-10-29T03:39:57.473+0700] {subprocess.py:93} INFO - 25/10/29 03:39:57 INFO SparkContext: OS info Linux, 6.14.0-33-generic, amd64
[2025-10-29T03:39:57.473+0700] {subprocess.py:93} INFO - 25/10/29 03:39:57 INFO SparkContext: Java version 17.0.17
[2025-10-29T03:39:57.484+0700] {subprocess.py:93} INFO - 25/10/29 03:39:57 INFO ResourceUtils: ==============================================================
[2025-10-29T03:39:57.484+0700] {subprocess.py:93} INFO - 25/10/29 03:39:57 INFO ResourceUtils: No custom resources configured for spark.driver.
[2025-10-29T03:39:57.484+0700] {subprocess.py:93} INFO - 25/10/29 03:39:57 INFO ResourceUtils: ==============================================================
[2025-10-29T03:39:57.484+0700] {subprocess.py:93} INFO - 25/10/29 03:39:57 INFO SparkContext: Submitted application: Kafka_ABSA_Postgres
[2025-10-29T03:39:57.495+0700] {subprocess.py:93} INFO - 25/10/29 03:39:57 INFO ResourceProfile: Default ResourceProfile created, executor resources: Map(cores -> name: cores, amount: 1, script: , vendor: , memory -> name: memory, amount: 1024, script: , vendor: , offHeap -> name: offHeap, amount: 0, script: , vendor: ), task resources: Map(cpus -> name: cpus, amount: 1.0)
[2025-10-29T03:39:57.500+0700] {subprocess.py:93} INFO - 25/10/29 03:39:57 INFO ResourceProfile: Limiting resource is cpu
[2025-10-29T03:39:57.500+0700] {subprocess.py:93} INFO - 25/10/29 03:39:57 INFO ResourceProfileManager: Added ResourceProfile id: 0
[2025-10-29T03:39:57.527+0700] {subprocess.py:93} INFO - 25/10/29 03:39:57 INFO SecurityManager: Changing view acls to: default
[2025-10-29T03:39:57.527+0700] {subprocess.py:93} INFO - 25/10/29 03:39:57 INFO SecurityManager: Changing modify acls to: default
[2025-10-29T03:39:57.527+0700] {subprocess.py:93} INFO - 25/10/29 03:39:57 INFO SecurityManager: Changing view acls groups to:
[2025-10-29T03:39:57.528+0700] {subprocess.py:93} INFO - 25/10/29 03:39:57 INFO SecurityManager: Changing modify acls groups to:
[2025-10-29T03:39:57.528+0700] {subprocess.py:93} INFO - 25/10/29 03:39:57 INFO SecurityManager: SecurityManager: authentication disabled; ui acls disabled; users with view permissions: default; groups with view permissions: EMPTY; users with modify permissions: default; groups with modify permissions: EMPTY
[2025-10-29T03:39:57.638+0700] {subprocess.py:93} INFO - 25/10/29 03:39:57 INFO Utils: Successfully started service 'sparkDriver' on port 33739.
[2025-10-29T03:39:57.657+0700] {subprocess.py:93} INFO - 25/10/29 03:39:57 INFO SparkEnv: Registering MapOutputTracker
[2025-10-29T03:39:57.677+0700] {subprocess.py:93} INFO - 25/10/29 03:39:57 INFO SparkEnv: Registering BlockManagerMaster
[2025-10-29T03:39:57.686+0700] {subprocess.py:93} INFO - 25/10/29 03:39:57 INFO BlockManagerMasterEndpoint: Using org.apache.spark.storage.DefaultTopologyMapper for getting topology information
[2025-10-29T03:39:57.687+0700] {subprocess.py:93} INFO - 25/10/29 03:39:57 INFO BlockManagerMasterEndpoint: BlockManagerMasterEndpoint up
[2025-10-29T03:39:57.689+0700] {subprocess.py:93} INFO - 25/10/29 03:39:57 INFO SparkEnv: Registering BlockManagerMasterHeartbeat
[2025-10-29T03:39:57.701+0700] {subprocess.py:93} INFO - 25/10/29 03:39:57 INFO DiskBlockManager: Created local directory at /tmp/blockmgr-67be9c21-5801-4b29-93c1-515a9618d18e
[2025-10-29T03:39:57.709+0700] {subprocess.py:93} INFO - 25/10/29 03:39:57 INFO MemoryStore: MemoryStore started with capacity 434.4 MiB
[2025-10-29T03:39:57.718+0700] {subprocess.py:93} INFO - 25/10/29 03:39:57 INFO SparkEnv: Registering OutputCommitCoordinator
[2025-10-29T03:39:57.789+0700] {subprocess.py:93} INFO - 25/10/29 03:39:57 INFO JettyUtils: Start Jetty 0.0.0.0:4040 for SparkUI
[2025-10-29T03:39:57.823+0700] {subprocess.py:93} INFO - 25/10/29 03:39:57 INFO Utils: Successfully started service 'SparkUI' on port 4040.
[2025-10-29T03:39:57.846+0700] {subprocess.py:93} INFO - 25/10/29 03:39:57 INFO SparkContext: Added JAR file:///home/***/.ivy2/jars/org.apache.spark_spark-sql-kafka-0-10_2.12-3.5.1.jar at spark://dfeadd712fc3:33739/jars/org.apache.spark_spark-sql-kafka-0-10_2.12-3.5.1.jar with timestamp 1761683997469
[2025-10-29T03:39:57.846+0700] {subprocess.py:93} INFO - 25/10/29 03:39:57 INFO SparkContext: Added JAR file:///home/***/.ivy2/jars/org.postgresql_postgresql-42.6.0.jar at spark://dfeadd712fc3:33739/jars/org.postgresql_postgresql-42.6.0.jar with timestamp 1761683997469
[2025-10-29T03:39:57.847+0700] {subprocess.py:93} INFO - 25/10/29 03:39:57 INFO SparkContext: Added JAR file:///home/***/.ivy2/jars/org.apache.spark_spark-token-provider-kafka-0-10_2.12-3.5.1.jar at spark://dfeadd712fc3:33739/jars/org.apache.spark_spark-token-provider-kafka-0-10_2.12-3.5.1.jar with timestamp 1761683997469
[2025-10-29T03:39:57.847+0700] {subprocess.py:93} INFO - 25/10/29 03:39:57 INFO SparkContext: Added JAR file:///home/***/.ivy2/jars/org.apache.kafka_kafka-clients-3.4.1.jar at spark://dfeadd712fc3:33739/jars/org.apache.kafka_kafka-clients-3.4.1.jar with timestamp 1761683997469
[2025-10-29T03:39:57.847+0700] {subprocess.py:93} INFO - 25/10/29 03:39:57 INFO SparkContext: Added JAR file:///home/***/.ivy2/jars/com.google.code.findbugs_jsr305-3.0.0.jar at spark://dfeadd712fc3:33739/jars/com.google.code.findbugs_jsr305-3.0.0.jar with timestamp 1761683997469
[2025-10-29T03:39:57.847+0700] {subprocess.py:93} INFO - 25/10/29 03:39:57 INFO SparkContext: Added JAR file:///home/***/.ivy2/jars/org.apache.commons_commons-pool2-2.11.1.jar at spark://dfeadd712fc3:33739/jars/org.apache.commons_commons-pool2-2.11.1.jar with timestamp 1761683997469
[2025-10-29T03:39:57.848+0700] {subprocess.py:93} INFO - 25/10/29 03:39:57 INFO SparkContext: Added JAR file:///home/***/.ivy2/jars/org.apache.hadoop_hadoop-client-runtime-3.3.4.jar at spark://dfeadd712fc3:33739/jars/org.apache.hadoop_hadoop-client-runtime-3.3.4.jar with timestamp 1761683997469
[2025-10-29T03:39:57.848+0700] {subprocess.py:93} INFO - 25/10/29 03:39:57 INFO SparkContext: Added JAR file:///home/***/.ivy2/jars/org.lz4_lz4-java-1.8.0.jar at spark://dfeadd712fc3:33739/jars/org.lz4_lz4-java-1.8.0.jar with timestamp 1761683997469
[2025-10-29T03:39:57.848+0700] {subprocess.py:93} INFO - 25/10/29 03:39:57 INFO SparkContext: Added JAR file:///home/***/.ivy2/jars/org.xerial.snappy_snappy-java-1.1.10.3.jar at spark://dfeadd712fc3:33739/jars/org.xerial.snappy_snappy-java-1.1.10.3.jar with timestamp 1761683997469
[2025-10-29T03:39:57.848+0700] {subprocess.py:93} INFO - 25/10/29 03:39:57 INFO SparkContext: Added JAR file:///home/***/.ivy2/jars/org.slf4j_slf4j-api-2.0.7.jar at spark://dfeadd712fc3:33739/jars/org.slf4j_slf4j-api-2.0.7.jar with timestamp 1761683997469
[2025-10-29T03:39:57.849+0700] {subprocess.py:93} INFO - 25/10/29 03:39:57 INFO SparkContext: Added JAR file:///home/***/.ivy2/jars/org.apache.hadoop_hadoop-client-api-3.3.4.jar at spark://dfeadd712fc3:33739/jars/org.apache.hadoop_hadoop-client-api-3.3.4.jar with timestamp 1761683997469
[2025-10-29T03:39:57.849+0700] {subprocess.py:93} INFO - 25/10/29 03:39:57 INFO SparkContext: Added JAR file:///home/***/.ivy2/jars/commons-logging_commons-logging-1.1.3.jar at spark://dfeadd712fc3:33739/jars/commons-logging_commons-logging-1.1.3.jar with timestamp 1761683997469
[2025-10-29T03:39:57.849+0700] {subprocess.py:93} INFO - 25/10/29 03:39:57 INFO SparkContext: Added JAR file:///home/***/.ivy2/jars/org.checkerframework_checker-qual-3.31.0.jar at spark://dfeadd712fc3:33739/jars/org.checkerframework_checker-qual-3.31.0.jar with timestamp 1761683997469
[2025-10-29T03:39:57.849+0700] {subprocess.py:93} INFO - 25/10/29 03:39:57 INFO SparkContext: Added file file:///home/***/.ivy2/jars/org.apache.spark_spark-sql-kafka-0-10_2.12-3.5.1.jar at file:///home/***/.ivy2/jars/org.apache.spark_spark-sql-kafka-0-10_2.12-3.5.1.jar with timestamp 1761683997469
[2025-10-29T03:39:57.850+0700] {subprocess.py:93} INFO - 25/10/29 03:39:57 INFO Utils: Copying /home/***/.ivy2/jars/org.apache.spark_spark-sql-kafka-0-10_2.12-3.5.1.jar to /tmp/spark-6658348f-1b11-4306-bace-5c22fc5bc8bf/userFiles-5bb65257-013e-4439-a6b7-e28d51354b0f/org.apache.spark_spark-sql-kafka-0-10_2.12-3.5.1.jar
[2025-10-29T03:39:57.856+0700] {subprocess.py:93} INFO - 25/10/29 03:39:57 INFO SparkContext: Added file file:///home/***/.ivy2/jars/org.postgresql_postgresql-42.6.0.jar at file:///home/***/.ivy2/jars/org.postgresql_postgresql-42.6.0.jar with timestamp 1761683997469
[2025-10-29T03:39:57.857+0700] {subprocess.py:93} INFO - 25/10/29 03:39:57 INFO Utils: Copying /home/***/.ivy2/jars/org.postgresql_postgresql-42.6.0.jar to /tmp/spark-6658348f-1b11-4306-bace-5c22fc5bc8bf/userFiles-5bb65257-013e-4439-a6b7-e28d51354b0f/org.postgresql_postgresql-42.6.0.jar
[2025-10-29T03:39:57.860+0700] {subprocess.py:93} INFO - 25/10/29 03:39:57 INFO SparkContext: Added file file:///home/***/.ivy2/jars/org.apache.spark_spark-token-provider-kafka-0-10_2.12-3.5.1.jar at file:///home/***/.ivy2/jars/org.apache.spark_spark-token-provider-kafka-0-10_2.12-3.5.1.jar with timestamp 1761683997469
[2025-10-29T03:39:57.860+0700] {subprocess.py:93} INFO - 25/10/29 03:39:57 INFO Utils: Copying /home/***/.ivy2/jars/org.apache.spark_spark-token-provider-kafka-0-10_2.12-3.5.1.jar to /tmp/spark-6658348f-1b11-4306-bace-5c22fc5bc8bf/userFiles-5bb65257-013e-4439-a6b7-e28d51354b0f/org.apache.spark_spark-token-provider-kafka-0-10_2.12-3.5.1.jar
[2025-10-29T03:39:57.863+0700] {subprocess.py:93} INFO - 25/10/29 03:39:57 INFO SparkContext: Added file file:///home/***/.ivy2/jars/org.apache.kafka_kafka-clients-3.4.1.jar at file:///home/***/.ivy2/jars/org.apache.kafka_kafka-clients-3.4.1.jar with timestamp 1761683997469
[2025-10-29T03:39:57.863+0700] {subprocess.py:93} INFO - 25/10/29 03:39:57 INFO Utils: Copying /home/***/.ivy2/jars/org.apache.kafka_kafka-clients-3.4.1.jar to /tmp/spark-6658348f-1b11-4306-bace-5c22fc5bc8bf/userFiles-5bb65257-013e-4439-a6b7-e28d51354b0f/org.apache.kafka_kafka-clients-3.4.1.jar
[2025-10-29T03:39:57.868+0700] {subprocess.py:93} INFO - 25/10/29 03:39:57 INFO SparkContext: Added file file:///home/***/.ivy2/jars/com.google.code.findbugs_jsr305-3.0.0.jar at file:///home/***/.ivy2/jars/com.google.code.findbugs_jsr305-3.0.0.jar with timestamp 1761683997469
[2025-10-29T03:39:57.868+0700] {subprocess.py:93} INFO - 25/10/29 03:39:57 INFO Utils: Copying /home/***/.ivy2/jars/com.google.code.findbugs_jsr305-3.0.0.jar to /tmp/spark-6658348f-1b11-4306-bace-5c22fc5bc8bf/userFiles-5bb65257-013e-4439-a6b7-e28d51354b0f/com.google.code.findbugs_jsr305-3.0.0.jar
[2025-10-29T03:39:57.871+0700] {subprocess.py:93} INFO - 25/10/29 03:39:57 INFO SparkContext: Added file file:///home/***/.ivy2/jars/org.apache.commons_commons-pool2-2.11.1.jar at file:///home/***/.ivy2/jars/org.apache.commons_commons-pool2-2.11.1.jar with timestamp 1761683997469
[2025-10-29T03:39:57.871+0700] {subprocess.py:93} INFO - 25/10/29 03:39:57 INFO Utils: Copying /home/***/.ivy2/jars/org.apache.commons_commons-pool2-2.11.1.jar to /tmp/spark-6658348f-1b11-4306-bace-5c22fc5bc8bf/userFiles-5bb65257-013e-4439-a6b7-e28d51354b0f/org.apache.commons_commons-pool2-2.11.1.jar
[2025-10-29T03:39:57.874+0700] {subprocess.py:93} INFO - 25/10/29 03:39:57 INFO SparkContext: Added file file:///home/***/.ivy2/jars/org.apache.hadoop_hadoop-client-runtime-3.3.4.jar at file:///home/***/.ivy2/jars/org.apache.hadoop_hadoop-client-runtime-3.3.4.jar with timestamp 1761683997469
[2025-10-29T03:39:57.874+0700] {subprocess.py:93} INFO - 25/10/29 03:39:57 INFO Utils: Copying /home/***/.ivy2/jars/org.apache.hadoop_hadoop-client-runtime-3.3.4.jar to /tmp/spark-6658348f-1b11-4306-bace-5c22fc5bc8bf/userFiles-5bb65257-013e-4439-a6b7-e28d51354b0f/org.apache.hadoop_hadoop-client-runtime-3.3.4.jar
[2025-10-29T03:39:57.888+0700] {subprocess.py:93} INFO - 25/10/29 03:39:57 INFO SparkContext: Added file file:///home/***/.ivy2/jars/org.lz4_lz4-java-1.8.0.jar at file:///home/***/.ivy2/jars/org.lz4_lz4-java-1.8.0.jar with timestamp 1761683997469
[2025-10-29T03:39:57.889+0700] {subprocess.py:93} INFO - 25/10/29 03:39:57 INFO Utils: Copying /home/***/.ivy2/jars/org.lz4_lz4-java-1.8.0.jar to /tmp/spark-6658348f-1b11-4306-bace-5c22fc5bc8bf/userFiles-5bb65257-013e-4439-a6b7-e28d51354b0f/org.lz4_lz4-java-1.8.0.jar
[2025-10-29T03:39:57.892+0700] {subprocess.py:93} INFO - 25/10/29 03:39:57 INFO SparkContext: Added file file:///home/***/.ivy2/jars/org.xerial.snappy_snappy-java-1.1.10.3.jar at file:///home/***/.ivy2/jars/org.xerial.snappy_snappy-java-1.1.10.3.jar with timestamp 1761683997469
[2025-10-29T03:39:57.892+0700] {subprocess.py:93} INFO - 25/10/29 03:39:57 INFO Utils: Copying /home/***/.ivy2/jars/org.xerial.snappy_snappy-java-1.1.10.3.jar to /tmp/spark-6658348f-1b11-4306-bace-5c22fc5bc8bf/userFiles-5bb65257-013e-4439-a6b7-e28d51354b0f/org.xerial.snappy_snappy-java-1.1.10.3.jar
[2025-10-29T03:39:57.895+0700] {subprocess.py:93} INFO - 25/10/29 03:39:57 INFO SparkContext: Added file file:///home/***/.ivy2/jars/org.slf4j_slf4j-api-2.0.7.jar at file:///home/***/.ivy2/jars/org.slf4j_slf4j-api-2.0.7.jar with timestamp 1761683997469
[2025-10-29T03:39:57.895+0700] {subprocess.py:93} INFO - 25/10/29 03:39:57 INFO Utils: Copying /home/***/.ivy2/jars/org.slf4j_slf4j-api-2.0.7.jar to /tmp/spark-6658348f-1b11-4306-bace-5c22fc5bc8bf/userFiles-5bb65257-013e-4439-a6b7-e28d51354b0f/org.slf4j_slf4j-api-2.0.7.jar
[2025-10-29T03:39:57.898+0700] {subprocess.py:93} INFO - 25/10/29 03:39:57 INFO SparkContext: Added file file:///home/***/.ivy2/jars/org.apache.hadoop_hadoop-client-api-3.3.4.jar at file:///home/***/.ivy2/jars/org.apache.hadoop_hadoop-client-api-3.3.4.jar with timestamp 1761683997469
[2025-10-29T03:39:57.898+0700] {subprocess.py:93} INFO - 25/10/29 03:39:57 INFO Utils: Copying /home/***/.ivy2/jars/org.apache.hadoop_hadoop-client-api-3.3.4.jar to /tmp/spark-6658348f-1b11-4306-bace-5c22fc5bc8bf/userFiles-5bb65257-013e-4439-a6b7-e28d51354b0f/org.apache.hadoop_hadoop-client-api-3.3.4.jar
[2025-10-29T03:39:57.909+0700] {subprocess.py:93} INFO - 25/10/29 03:39:57 INFO SparkContext: Added file file:///home/***/.ivy2/jars/commons-logging_commons-logging-1.1.3.jar at file:///home/***/.ivy2/jars/commons-logging_commons-logging-1.1.3.jar with timestamp 1761683997469
[2025-10-29T03:39:57.909+0700] {subprocess.py:93} INFO - 25/10/29 03:39:57 INFO Utils: Copying /home/***/.ivy2/jars/commons-logging_commons-logging-1.1.3.jar to /tmp/spark-6658348f-1b11-4306-bace-5c22fc5bc8bf/userFiles-5bb65257-013e-4439-a6b7-e28d51354b0f/commons-logging_commons-logging-1.1.3.jar
[2025-10-29T03:39:57.912+0700] {subprocess.py:93} INFO - 25/10/29 03:39:57 INFO SparkContext: Added file file:///home/***/.ivy2/jars/org.checkerframework_checker-qual-3.31.0.jar at file:///home/***/.ivy2/jars/org.checkerframework_checker-qual-3.31.0.jar with timestamp 1761683997469
[2025-10-29T03:39:57.912+0700] {subprocess.py:93} INFO - 25/10/29 03:39:57 INFO Utils: Copying /home/***/.ivy2/jars/org.checkerframework_checker-qual-3.31.0.jar to /tmp/spark-6658348f-1b11-4306-bace-5c22fc5bc8bf/userFiles-5bb65257-013e-4439-a6b7-e28d51354b0f/org.checkerframework_checker-qual-3.31.0.jar
[2025-10-29T03:39:57.950+0700] {subprocess.py:93} INFO - 25/10/29 03:39:57 INFO Executor: Starting executor ID driver on host dfeadd712fc3
[2025-10-29T03:39:57.950+0700] {subprocess.py:93} INFO - 25/10/29 03:39:57 INFO Executor: OS info Linux, 6.14.0-33-generic, amd64
[2025-10-29T03:39:57.950+0700] {subprocess.py:93} INFO - 25/10/29 03:39:57 INFO Executor: Java version 17.0.17
[2025-10-29T03:39:57.953+0700] {subprocess.py:93} INFO - 25/10/29 03:39:57 INFO Executor: Starting executor with user classpath (userClassPathFirst = false): ''
[2025-10-29T03:39:57.954+0700] {subprocess.py:93} INFO - 25/10/29 03:39:57 INFO Executor: Created or updated repl class loader org.apache.spark.util.MutableURLClassLoader@2ad4931 for default.
[2025-10-29T03:39:57.960+0700] {subprocess.py:93} INFO - 25/10/29 03:39:57 INFO Executor: Fetching file:///home/***/.ivy2/jars/org.apache.spark_spark-sql-kafka-0-10_2.12-3.5.1.jar with timestamp 1761683997469
[2025-10-29T03:39:57.974+0700] {subprocess.py:93} INFO - 25/10/29 03:39:57 INFO Utils: /home/***/.ivy2/jars/org.apache.spark_spark-sql-kafka-0-10_2.12-3.5.1.jar has been previously copied to /tmp/spark-6658348f-1b11-4306-bace-5c22fc5bc8bf/userFiles-5bb65257-013e-4439-a6b7-e28d51354b0f/org.apache.spark_spark-sql-kafka-0-10_2.12-3.5.1.jar
[2025-10-29T03:39:57.977+0700] {subprocess.py:93} INFO - 25/10/29 03:39:57 INFO Executor: Fetching file:///home/***/.ivy2/jars/org.apache.hadoop_hadoop-client-runtime-3.3.4.jar with timestamp 1761683997469
[2025-10-29T03:39:57.993+0700] {subprocess.py:93} INFO - 25/10/29 03:39:57 INFO Utils: /home/***/.ivy2/jars/org.apache.hadoop_hadoop-client-runtime-3.3.4.jar has been previously copied to /tmp/spark-6658348f-1b11-4306-bace-5c22fc5bc8bf/userFiles-5bb65257-013e-4439-a6b7-e28d51354b0f/org.apache.hadoop_hadoop-client-runtime-3.3.4.jar
[2025-10-29T03:39:57.996+0700] {subprocess.py:93} INFO - 25/10/29 03:39:57 INFO Executor: Fetching file:///home/***/.ivy2/jars/org.apache.hadoop_hadoop-client-api-3.3.4.jar with timestamp 1761683997469
[2025-10-29T03:39:58.007+0700] {subprocess.py:93} INFO - 25/10/29 03:39:58 INFO Utils: /home/***/.ivy2/jars/org.apache.hadoop_hadoop-client-api-3.3.4.jar has been previously copied to /tmp/spark-6658348f-1b11-4306-bace-5c22fc5bc8bf/userFiles-5bb65257-013e-4439-a6b7-e28d51354b0f/org.apache.hadoop_hadoop-client-api-3.3.4.jar
[2025-10-29T03:39:58.010+0700] {subprocess.py:93} INFO - 25/10/29 03:39:58 INFO Executor: Fetching file:///home/***/.ivy2/jars/org.apache.spark_spark-token-provider-kafka-0-10_2.12-3.5.1.jar with timestamp 1761683997469
[2025-10-29T03:39:58.011+0700] {subprocess.py:93} INFO - 25/10/29 03:39:58 INFO Utils: /home/***/.ivy2/jars/org.apache.spark_spark-token-provider-kafka-0-10_2.12-3.5.1.jar has been previously copied to /tmp/spark-6658348f-1b11-4306-bace-5c22fc5bc8bf/userFiles-5bb65257-013e-4439-a6b7-e28d51354b0f/org.apache.spark_spark-token-provider-kafka-0-10_2.12-3.5.1.jar
[2025-10-29T03:39:58.013+0700] {subprocess.py:93} INFO - 25/10/29 03:39:58 INFO Executor: Fetching file:///home/***/.ivy2/jars/com.google.code.findbugs_jsr305-3.0.0.jar with timestamp 1761683997469
[2025-10-29T03:39:58.013+0700] {subprocess.py:93} INFO - 25/10/29 03:39:58 INFO Utils: /home/***/.ivy2/jars/com.google.code.findbugs_jsr305-3.0.0.jar has been previously copied to /tmp/spark-6658348f-1b11-4306-bace-5c22fc5bc8bf/userFiles-5bb65257-013e-4439-a6b7-e28d51354b0f/com.google.code.findbugs_jsr305-3.0.0.jar
[2025-10-29T03:39:58.016+0700] {subprocess.py:93} INFO - 25/10/29 03:39:58 INFO Executor: Fetching file:///home/***/.ivy2/jars/org.lz4_lz4-java-1.8.0.jar with timestamp 1761683997469
[2025-10-29T03:39:58.016+0700] {subprocess.py:93} INFO - 25/10/29 03:39:58 INFO Utils: /home/***/.ivy2/jars/org.lz4_lz4-java-1.8.0.jar has been previously copied to /tmp/spark-6658348f-1b11-4306-bace-5c22fc5bc8bf/userFiles-5bb65257-013e-4439-a6b7-e28d51354b0f/org.lz4_lz4-java-1.8.0.jar
[2025-10-29T03:39:58.019+0700] {subprocess.py:93} INFO - 25/10/29 03:39:58 INFO Executor: Fetching file:///home/***/.ivy2/jars/org.slf4j_slf4j-api-2.0.7.jar with timestamp 1761683997469
[2025-10-29T03:39:58.019+0700] {subprocess.py:93} INFO - 25/10/29 03:39:58 INFO Utils: /home/***/.ivy2/jars/org.slf4j_slf4j-api-2.0.7.jar has been previously copied to /tmp/spark-6658348f-1b11-4306-bace-5c22fc5bc8bf/userFiles-5bb65257-013e-4439-a6b7-e28d51354b0f/org.slf4j_slf4j-api-2.0.7.jar
[2025-10-29T03:39:58.022+0700] {subprocess.py:93} INFO - 25/10/29 03:39:58 INFO Executor: Fetching file:///home/***/.ivy2/jars/org.checkerframework_checker-qual-3.31.0.jar with timestamp 1761683997469
[2025-10-29T03:39:58.022+0700] {subprocess.py:93} INFO - 25/10/29 03:39:58 INFO Utils: /home/***/.ivy2/jars/org.checkerframework_checker-qual-3.31.0.jar has been previously copied to /tmp/spark-6658348f-1b11-4306-bace-5c22fc5bc8bf/userFiles-5bb65257-013e-4439-a6b7-e28d51354b0f/org.checkerframework_checker-qual-3.31.0.jar
[2025-10-29T03:39:58.024+0700] {subprocess.py:93} INFO - 25/10/29 03:39:58 INFO Executor: Fetching file:///home/***/.ivy2/jars/org.apache.commons_commons-pool2-2.11.1.jar with timestamp 1761683997469
[2025-10-29T03:39:58.025+0700] {subprocess.py:93} INFO - 25/10/29 03:39:58 INFO Utils: /home/***/.ivy2/jars/org.apache.commons_commons-pool2-2.11.1.jar has been previously copied to /tmp/spark-6658348f-1b11-4306-bace-5c22fc5bc8bf/userFiles-5bb65257-013e-4439-a6b7-e28d51354b0f/org.apache.commons_commons-pool2-2.11.1.jar
[2025-10-29T03:39:58.027+0700] {subprocess.py:93} INFO - 25/10/29 03:39:58 INFO Executor: Fetching file:///home/***/.ivy2/jars/commons-logging_commons-logging-1.1.3.jar with timestamp 1761683997469
[2025-10-29T03:39:58.027+0700] {subprocess.py:93} INFO - 25/10/29 03:39:58 INFO Utils: /home/***/.ivy2/jars/commons-logging_commons-logging-1.1.3.jar has been previously copied to /tmp/spark-6658348f-1b11-4306-bace-5c22fc5bc8bf/userFiles-5bb65257-013e-4439-a6b7-e28d51354b0f/commons-logging_commons-logging-1.1.3.jar
[2025-10-29T03:39:58.030+0700] {subprocess.py:93} INFO - 25/10/29 03:39:58 INFO Executor: Fetching file:///home/***/.ivy2/jars/org.xerial.snappy_snappy-java-1.1.10.3.jar with timestamp 1761683997469
[2025-10-29T03:39:58.031+0700] {subprocess.py:93} INFO - 25/10/29 03:39:58 INFO Utils: /home/***/.ivy2/jars/org.xerial.snappy_snappy-java-1.1.10.3.jar has been previously copied to /tmp/spark-6658348f-1b11-4306-bace-5c22fc5bc8bf/userFiles-5bb65257-013e-4439-a6b7-e28d51354b0f/org.xerial.snappy_snappy-java-1.1.10.3.jar
[2025-10-29T03:39:58.033+0700] {subprocess.py:93} INFO - 25/10/29 03:39:58 INFO Executor: Fetching file:///home/***/.ivy2/jars/org.postgresql_postgresql-42.6.0.jar with timestamp 1761683997469
[2025-10-29T03:39:58.034+0700] {subprocess.py:93} INFO - 25/10/29 03:39:58 INFO Utils: /home/***/.ivy2/jars/org.postgresql_postgresql-42.6.0.jar has been previously copied to /tmp/spark-6658348f-1b11-4306-bace-5c22fc5bc8bf/userFiles-5bb65257-013e-4439-a6b7-e28d51354b0f/org.postgresql_postgresql-42.6.0.jar
[2025-10-29T03:39:58.036+0700] {subprocess.py:93} INFO - 25/10/29 03:39:58 INFO Executor: Fetching file:///home/***/.ivy2/jars/org.apache.kafka_kafka-clients-3.4.1.jar with timestamp 1761683997469
[2025-10-29T03:39:58.039+0700] {subprocess.py:93} INFO - 25/10/29 03:39:58 INFO Utils: /home/***/.ivy2/jars/org.apache.kafka_kafka-clients-3.4.1.jar has been previously copied to /tmp/spark-6658348f-1b11-4306-bace-5c22fc5bc8bf/userFiles-5bb65257-013e-4439-a6b7-e28d51354b0f/org.apache.kafka_kafka-clients-3.4.1.jar
[2025-10-29T03:39:58.043+0700] {subprocess.py:93} INFO - 25/10/29 03:39:58 INFO Executor: Fetching spark://dfeadd712fc3:33739/jars/org.apache.commons_commons-pool2-2.11.1.jar with timestamp 1761683997469
[2025-10-29T03:39:58.063+0700] {subprocess.py:93} INFO - 25/10/29 03:39:58 INFO TransportClientFactory: Successfully created connection to dfeadd712fc3/172.18.0.6:33739 after 13 ms (0 ms spent in bootstraps)
[2025-10-29T03:39:58.066+0700] {subprocess.py:93} INFO - 25/10/29 03:39:58 INFO Utils: Fetching spark://dfeadd712fc3:33739/jars/org.apache.commons_commons-pool2-2.11.1.jar to /tmp/spark-6658348f-1b11-4306-bace-5c22fc5bc8bf/userFiles-5bb65257-013e-4439-a6b7-e28d51354b0f/fetchFileTemp14272432171368387718.tmp
[2025-10-29T03:39:58.082+0700] {subprocess.py:93} INFO - 25/10/29 03:39:58 INFO Utils: /tmp/spark-6658348f-1b11-4306-bace-5c22fc5bc8bf/userFiles-5bb65257-013e-4439-a6b7-e28d51354b0f/fetchFileTemp14272432171368387718.tmp has been previously copied to /tmp/spark-6658348f-1b11-4306-bace-5c22fc5bc8bf/userFiles-5bb65257-013e-4439-a6b7-e28d51354b0f/org.apache.commons_commons-pool2-2.11.1.jar
[2025-10-29T03:39:58.085+0700] {subprocess.py:93} INFO - 25/10/29 03:39:58 INFO Executor: Adding file:/tmp/spark-6658348f-1b11-4306-bace-5c22fc5bc8bf/userFiles-5bb65257-013e-4439-a6b7-e28d51354b0f/org.apache.commons_commons-pool2-2.11.1.jar to class loader default
[2025-10-29T03:39:58.085+0700] {subprocess.py:93} INFO - 25/10/29 03:39:58 INFO Executor: Fetching spark://dfeadd712fc3:33739/jars/org.apache.hadoop_hadoop-client-runtime-3.3.4.jar with timestamp 1761683997469
[2025-10-29T03:39:58.086+0700] {subprocess.py:93} INFO - 25/10/29 03:39:58 INFO Utils: Fetching spark://dfeadd712fc3:33739/jars/org.apache.hadoop_hadoop-client-runtime-3.3.4.jar to /tmp/spark-6658348f-1b11-4306-bace-5c22fc5bc8bf/userFiles-5bb65257-013e-4439-a6b7-e28d51354b0f/fetchFileTemp8807018820771351335.tmp
[2025-10-29T03:39:58.198+0700] {subprocess.py:93} INFO - 25/10/29 03:39:58 INFO Utils: /tmp/spark-6658348f-1b11-4306-bace-5c22fc5bc8bf/userFiles-5bb65257-013e-4439-a6b7-e28d51354b0f/fetchFileTemp8807018820771351335.tmp has been previously copied to /tmp/spark-6658348f-1b11-4306-bace-5c22fc5bc8bf/userFiles-5bb65257-013e-4439-a6b7-e28d51354b0f/org.apache.hadoop_hadoop-client-runtime-3.3.4.jar
[2025-10-29T03:39:58.204+0700] {subprocess.py:93} INFO - 25/10/29 03:39:58 INFO Executor: Adding file:/tmp/spark-6658348f-1b11-4306-bace-5c22fc5bc8bf/userFiles-5bb65257-013e-4439-a6b7-e28d51354b0f/org.apache.hadoop_hadoop-client-runtime-3.3.4.jar to class loader default
[2025-10-29T03:39:58.205+0700] {subprocess.py:93} INFO - 25/10/29 03:39:58 INFO Executor: Fetching spark://dfeadd712fc3:33739/jars/org.lz4_lz4-java-1.8.0.jar with timestamp 1761683997469
[2025-10-29T03:39:58.205+0700] {subprocess.py:93} INFO - 25/10/29 03:39:58 INFO Utils: Fetching spark://dfeadd712fc3:33739/jars/org.lz4_lz4-java-1.8.0.jar to /tmp/spark-6658348f-1b11-4306-bace-5c22fc5bc8bf/userFiles-5bb65257-013e-4439-a6b7-e28d51354b0f/fetchFileTemp16666104394549208287.tmp
[2025-10-29T03:39:58.207+0700] {subprocess.py:93} INFO - 25/10/29 03:39:58 INFO Utils: /tmp/spark-6658348f-1b11-4306-bace-5c22fc5bc8bf/userFiles-5bb65257-013e-4439-a6b7-e28d51354b0f/fetchFileTemp16666104394549208287.tmp has been previously copied to /tmp/spark-6658348f-1b11-4306-bace-5c22fc5bc8bf/userFiles-5bb65257-013e-4439-a6b7-e28d51354b0f/org.lz4_lz4-java-1.8.0.jar
[2025-10-29T03:39:58.211+0700] {subprocess.py:93} INFO - 25/10/29 03:39:58 INFO Executor: Adding file:/tmp/spark-6658348f-1b11-4306-bace-5c22fc5bc8bf/userFiles-5bb65257-013e-4439-a6b7-e28d51354b0f/org.lz4_lz4-java-1.8.0.jar to class loader default
[2025-10-29T03:39:58.211+0700] {subprocess.py:93} INFO - 25/10/29 03:39:58 INFO Executor: Fetching spark://dfeadd712fc3:33739/jars/org.apache.spark_spark-sql-kafka-0-10_2.12-3.5.1.jar with timestamp 1761683997469
[2025-10-29T03:39:58.212+0700] {subprocess.py:93} INFO - 25/10/29 03:39:58 INFO Utils: Fetching spark://dfeadd712fc3:33739/jars/org.apache.spark_spark-sql-kafka-0-10_2.12-3.5.1.jar to /tmp/spark-6658348f-1b11-4306-bace-5c22fc5bc8bf/userFiles-5bb65257-013e-4439-a6b7-e28d51354b0f/fetchFileTemp15275597528165720444.tmp
[2025-10-29T03:39:58.213+0700] {subprocess.py:93} INFO - 25/10/29 03:39:58 INFO Utils: /tmp/spark-6658348f-1b11-4306-bace-5c22fc5bc8bf/userFiles-5bb65257-013e-4439-a6b7-e28d51354b0f/fetchFileTemp15275597528165720444.tmp has been previously copied to /tmp/spark-6658348f-1b11-4306-bace-5c22fc5bc8bf/userFiles-5bb65257-013e-4439-a6b7-e28d51354b0f/org.apache.spark_spark-sql-kafka-0-10_2.12-3.5.1.jar
[2025-10-29T03:39:58.217+0700] {subprocess.py:93} INFO - 25/10/29 03:39:58 INFO Executor: Adding file:/tmp/spark-6658348f-1b11-4306-bace-5c22fc5bc8bf/userFiles-5bb65257-013e-4439-a6b7-e28d51354b0f/org.apache.spark_spark-sql-kafka-0-10_2.12-3.5.1.jar to class loader default
[2025-10-29T03:39:58.217+0700] {subprocess.py:93} INFO - 25/10/29 03:39:58 INFO Executor: Fetching spark://dfeadd712fc3:33739/jars/com.google.code.findbugs_jsr305-3.0.0.jar with timestamp 1761683997469
[2025-10-29T03:39:58.217+0700] {subprocess.py:93} INFO - 25/10/29 03:39:58 INFO Utils: Fetching spark://dfeadd712fc3:33739/jars/com.google.code.findbugs_jsr305-3.0.0.jar to /tmp/spark-6658348f-1b11-4306-bace-5c22fc5bc8bf/userFiles-5bb65257-013e-4439-a6b7-e28d51354b0f/fetchFileTemp5474412496572719813.tmp
[2025-10-29T03:39:58.218+0700] {subprocess.py:93} INFO - 25/10/29 03:39:58 INFO Utils: /tmp/spark-6658348f-1b11-4306-bace-5c22fc5bc8bf/userFiles-5bb65257-013e-4439-a6b7-e28d51354b0f/fetchFileTemp5474412496572719813.tmp has been previously copied to /tmp/spark-6658348f-1b11-4306-bace-5c22fc5bc8bf/userFiles-5bb65257-013e-4439-a6b7-e28d51354b0f/com.google.code.findbugs_jsr305-3.0.0.jar
[2025-10-29T03:39:58.221+0700] {subprocess.py:93} INFO - 25/10/29 03:39:58 INFO Executor: Adding file:/tmp/spark-6658348f-1b11-4306-bace-5c22fc5bc8bf/userFiles-5bb65257-013e-4439-a6b7-e28d51354b0f/com.google.code.findbugs_jsr305-3.0.0.jar to class loader default
[2025-10-29T03:39:58.222+0700] {subprocess.py:93} INFO - 25/10/29 03:39:58 INFO Executor: Fetching spark://dfeadd712fc3:33739/jars/org.apache.kafka_kafka-clients-3.4.1.jar with timestamp 1761683997469
[2025-10-29T03:39:58.222+0700] {subprocess.py:93} INFO - 25/10/29 03:39:58 INFO Utils: Fetching spark://dfeadd712fc3:33739/jars/org.apache.kafka_kafka-clients-3.4.1.jar to /tmp/spark-6658348f-1b11-4306-bace-5c22fc5bc8bf/userFiles-5bb65257-013e-4439-a6b7-e28d51354b0f/fetchFileTemp5974331107047607804.tmp
[2025-10-29T03:39:58.232+0700] {subprocess.py:93} INFO - 25/10/29 03:39:58 INFO Utils: /tmp/spark-6658348f-1b11-4306-bace-5c22fc5bc8bf/userFiles-5bb65257-013e-4439-a6b7-e28d51354b0f/fetchFileTemp5974331107047607804.tmp has been previously copied to /tmp/spark-6658348f-1b11-4306-bace-5c22fc5bc8bf/userFiles-5bb65257-013e-4439-a6b7-e28d51354b0f/org.apache.kafka_kafka-clients-3.4.1.jar
[2025-10-29T03:39:58.244+0700] {subprocess.py:93} INFO - 25/10/29 03:39:58 INFO Executor: Adding file:/tmp/spark-6658348f-1b11-4306-bace-5c22fc5bc8bf/userFiles-5bb65257-013e-4439-a6b7-e28d51354b0f/org.apache.kafka_kafka-clients-3.4.1.jar to class loader default
[2025-10-29T03:39:58.244+0700] {subprocess.py:93} INFO - 25/10/29 03:39:58 INFO Executor: Fetching spark://dfeadd712fc3:33739/jars/org.checkerframework_checker-qual-3.31.0.jar with timestamp 1761683997469
[2025-10-29T03:39:58.244+0700] {subprocess.py:93} INFO - 25/10/29 03:39:58 INFO Utils: Fetching spark://dfeadd712fc3:33739/jars/org.checkerframework_checker-qual-3.31.0.jar to /tmp/spark-6658348f-1b11-4306-bace-5c22fc5bc8bf/userFiles-5bb65257-013e-4439-a6b7-e28d51354b0f/fetchFileTemp7613868110121494528.tmp
[2025-10-29T03:39:58.245+0700] {subprocess.py:93} INFO - 25/10/29 03:39:58 INFO Utils: /tmp/spark-6658348f-1b11-4306-bace-5c22fc5bc8bf/userFiles-5bb65257-013e-4439-a6b7-e28d51354b0f/fetchFileTemp7613868110121494528.tmp has been previously copied to /tmp/spark-6658348f-1b11-4306-bace-5c22fc5bc8bf/userFiles-5bb65257-013e-4439-a6b7-e28d51354b0f/org.checkerframework_checker-qual-3.31.0.jar
[2025-10-29T03:39:58.249+0700] {subprocess.py:93} INFO - 25/10/29 03:39:58 INFO Executor: Adding file:/tmp/spark-6658348f-1b11-4306-bace-5c22fc5bc8bf/userFiles-5bb65257-013e-4439-a6b7-e28d51354b0f/org.checkerframework_checker-qual-3.31.0.jar to class loader default
[2025-10-29T03:39:58.249+0700] {subprocess.py:93} INFO - 25/10/29 03:39:58 INFO Executor: Fetching spark://dfeadd712fc3:33739/jars/commons-logging_commons-logging-1.1.3.jar with timestamp 1761683997469
[2025-10-29T03:39:58.249+0700] {subprocess.py:93} INFO - 25/10/29 03:39:58 INFO Utils: Fetching spark://dfeadd712fc3:33739/jars/commons-logging_commons-logging-1.1.3.jar to /tmp/spark-6658348f-1b11-4306-bace-5c22fc5bc8bf/userFiles-5bb65257-013e-4439-a6b7-e28d51354b0f/fetchFileTemp4903510771616202367.tmp
[2025-10-29T03:39:58.250+0700] {subprocess.py:93} INFO - 25/10/29 03:39:58 INFO Utils: /tmp/spark-6658348f-1b11-4306-bace-5c22fc5bc8bf/userFiles-5bb65257-013e-4439-a6b7-e28d51354b0f/fetchFileTemp4903510771616202367.tmp has been previously copied to /tmp/spark-6658348f-1b11-4306-bace-5c22fc5bc8bf/userFiles-5bb65257-013e-4439-a6b7-e28d51354b0f/commons-logging_commons-logging-1.1.3.jar
[2025-10-29T03:39:58.253+0700] {subprocess.py:93} INFO - 25/10/29 03:39:58 INFO Executor: Adding file:/tmp/spark-6658348f-1b11-4306-bace-5c22fc5bc8bf/userFiles-5bb65257-013e-4439-a6b7-e28d51354b0f/commons-logging_commons-logging-1.1.3.jar to class loader default
[2025-10-29T03:39:58.254+0700] {subprocess.py:93} INFO - 25/10/29 03:39:58 INFO Executor: Fetching spark://dfeadd712fc3:33739/jars/org.xerial.snappy_snappy-java-1.1.10.3.jar with timestamp 1761683997469
[2025-10-29T03:39:58.254+0700] {subprocess.py:93} INFO - 25/10/29 03:39:58 INFO Utils: Fetching spark://dfeadd712fc3:33739/jars/org.xerial.snappy_snappy-java-1.1.10.3.jar to /tmp/spark-6658348f-1b11-4306-bace-5c22fc5bc8bf/userFiles-5bb65257-013e-4439-a6b7-e28d51354b0f/fetchFileTemp15640399442592007365.tmp
[2025-10-29T03:39:58.258+0700] {subprocess.py:93} INFO - 25/10/29 03:39:58 INFO Utils: /tmp/spark-6658348f-1b11-4306-bace-5c22fc5bc8bf/userFiles-5bb65257-013e-4439-a6b7-e28d51354b0f/fetchFileTemp15640399442592007365.tmp has been previously copied to /tmp/spark-6658348f-1b11-4306-bace-5c22fc5bc8bf/userFiles-5bb65257-013e-4439-a6b7-e28d51354b0f/org.xerial.snappy_snappy-java-1.1.10.3.jar
[2025-10-29T03:39:58.323+0700] {subprocess.py:93} INFO - 25/10/29 03:39:58 INFO Executor: Adding file:/tmp/spark-6658348f-1b11-4306-bace-5c22fc5bc8bf/userFiles-5bb65257-013e-4439-a6b7-e28d51354b0f/org.xerial.snappy_snappy-java-1.1.10.3.jar to class loader default
[2025-10-29T03:39:58.323+0700] {subprocess.py:93} INFO - 25/10/29 03:39:58 INFO Executor: Fetching spark://dfeadd712fc3:33739/jars/org.slf4j_slf4j-api-2.0.7.jar with timestamp 1761683997469
[2025-10-29T03:39:58.323+0700] {subprocess.py:93} INFO - 25/10/29 03:39:58 INFO Utils: Fetching spark://dfeadd712fc3:33739/jars/org.slf4j_slf4j-api-2.0.7.jar to /tmp/spark-6658348f-1b11-4306-bace-5c22fc5bc8bf/userFiles-5bb65257-013e-4439-a6b7-e28d51354b0f/fetchFileTemp18038497299263635872.tmp
[2025-10-29T03:39:58.324+0700] {subprocess.py:93} INFO - 25/10/29 03:39:58 INFO Utils: /tmp/spark-6658348f-1b11-4306-bace-5c22fc5bc8bf/userFiles-5bb65257-013e-4439-a6b7-e28d51354b0f/fetchFileTemp18038497299263635872.tmp has been previously copied to /tmp/spark-6658348f-1b11-4306-bace-5c22fc5bc8bf/userFiles-5bb65257-013e-4439-a6b7-e28d51354b0f/org.slf4j_slf4j-api-2.0.7.jar
[2025-10-29T03:39:58.328+0700] {subprocess.py:93} INFO - 25/10/29 03:39:58 INFO Executor: Adding file:/tmp/spark-6658348f-1b11-4306-bace-5c22fc5bc8bf/userFiles-5bb65257-013e-4439-a6b7-e28d51354b0f/org.slf4j_slf4j-api-2.0.7.jar to class loader default
[2025-10-29T03:39:58.328+0700] {subprocess.py:93} INFO - 25/10/29 03:39:58 INFO Executor: Fetching spark://dfeadd712fc3:33739/jars/org.apache.spark_spark-token-provider-kafka-0-10_2.12-3.5.1.jar with timestamp 1761683997469
[2025-10-29T03:39:58.328+0700] {subprocess.py:93} INFO - 25/10/29 03:39:58 INFO Utils: Fetching spark://dfeadd712fc3:33739/jars/org.apache.spark_spark-token-provider-kafka-0-10_2.12-3.5.1.jar to /tmp/spark-6658348f-1b11-4306-bace-5c22fc5bc8bf/userFiles-5bb65257-013e-4439-a6b7-e28d51354b0f/fetchFileTemp4547155128607269014.tmp
[2025-10-29T03:39:58.329+0700] {subprocess.py:93} INFO - 25/10/29 03:39:58 INFO Utils: /tmp/spark-6658348f-1b11-4306-bace-5c22fc5bc8bf/userFiles-5bb65257-013e-4439-a6b7-e28d51354b0f/fetchFileTemp4547155128607269014.tmp has been previously copied to /tmp/spark-6658348f-1b11-4306-bace-5c22fc5bc8bf/userFiles-5bb65257-013e-4439-a6b7-e28d51354b0f/org.apache.spark_spark-token-provider-kafka-0-10_2.12-3.5.1.jar
[2025-10-29T03:39:58.332+0700] {subprocess.py:93} INFO - 25/10/29 03:39:58 INFO Executor: Adding file:/tmp/spark-6658348f-1b11-4306-bace-5c22fc5bc8bf/userFiles-5bb65257-013e-4439-a6b7-e28d51354b0f/org.apache.spark_spark-token-provider-kafka-0-10_2.12-3.5.1.jar to class loader default
[2025-10-29T03:39:58.333+0700] {subprocess.py:93} INFO - 25/10/29 03:39:58 INFO Executor: Fetching spark://dfeadd712fc3:33739/jars/org.postgresql_postgresql-42.6.0.jar with timestamp 1761683997469
[2025-10-29T03:39:58.333+0700] {subprocess.py:93} INFO - 25/10/29 03:39:58 INFO Utils: Fetching spark://dfeadd712fc3:33739/jars/org.postgresql_postgresql-42.6.0.jar to /tmp/spark-6658348f-1b11-4306-bace-5c22fc5bc8bf/userFiles-5bb65257-013e-4439-a6b7-e28d51354b0f/fetchFileTemp10595789776024629329.tmp
[2025-10-29T03:39:58.335+0700] {subprocess.py:93} INFO - 25/10/29 03:39:58 INFO Utils: /tmp/spark-6658348f-1b11-4306-bace-5c22fc5bc8bf/userFiles-5bb65257-013e-4439-a6b7-e28d51354b0f/fetchFileTemp10595789776024629329.tmp has been previously copied to /tmp/spark-6658348f-1b11-4306-bace-5c22fc5bc8bf/userFiles-5bb65257-013e-4439-a6b7-e28d51354b0f/org.postgresql_postgresql-42.6.0.jar
[2025-10-29T03:39:58.341+0700] {subprocess.py:93} INFO - 25/10/29 03:39:58 INFO Executor: Adding file:/tmp/spark-6658348f-1b11-4306-bace-5c22fc5bc8bf/userFiles-5bb65257-013e-4439-a6b7-e28d51354b0f/org.postgresql_postgresql-42.6.0.jar to class loader default
[2025-10-29T03:39:58.341+0700] {subprocess.py:93} INFO - 25/10/29 03:39:58 INFO Executor: Fetching spark://dfeadd712fc3:33739/jars/org.apache.hadoop_hadoop-client-api-3.3.4.jar with timestamp 1761683997469
[2025-10-29T03:39:58.341+0700] {subprocess.py:93} INFO - 25/10/29 03:39:58 INFO Utils: Fetching spark://dfeadd712fc3:33739/jars/org.apache.hadoop_hadoop-client-api-3.3.4.jar to /tmp/spark-6658348f-1b11-4306-bace-5c22fc5bc8bf/userFiles-5bb65257-013e-4439-a6b7-e28d51354b0f/fetchFileTemp13010484280108862354.tmp
[2025-10-29T03:39:58.404+0700] {subprocess.py:93} INFO - 25/10/29 03:39:58 INFO Utils: /tmp/spark-6658348f-1b11-4306-bace-5c22fc5bc8bf/userFiles-5bb65257-013e-4439-a6b7-e28d51354b0f/fetchFileTemp13010484280108862354.tmp has been previously copied to /tmp/spark-6658348f-1b11-4306-bace-5c22fc5bc8bf/userFiles-5bb65257-013e-4439-a6b7-e28d51354b0f/org.apache.hadoop_hadoop-client-api-3.3.4.jar
[2025-10-29T03:39:58.411+0700] {subprocess.py:93} INFO - 25/10/29 03:39:58 INFO Executor: Adding file:/tmp/spark-6658348f-1b11-4306-bace-5c22fc5bc8bf/userFiles-5bb65257-013e-4439-a6b7-e28d51354b0f/org.apache.hadoop_hadoop-client-api-3.3.4.jar to class loader default
[2025-10-29T03:39:58.417+0700] {subprocess.py:93} INFO - 25/10/29 03:39:58 INFO Utils: Successfully started service 'org.apache.spark.network.netty.NettyBlockTransferService' on port 46393.
[2025-10-29T03:39:58.418+0700] {subprocess.py:93} INFO - 25/10/29 03:39:58 INFO NettyBlockTransferService: Server created on dfeadd712fc3:46393
[2025-10-29T03:39:58.419+0700] {subprocess.py:93} INFO - 25/10/29 03:39:58 INFO BlockManager: Using org.apache.spark.storage.RandomBlockReplicationPolicy for block replication policy
[2025-10-29T03:39:58.422+0700] {subprocess.py:93} INFO - 25/10/29 03:39:58 INFO BlockManagerMaster: Registering BlockManager BlockManagerId(driver, dfeadd712fc3, 46393, None)
[2025-10-29T03:39:58.425+0700] {subprocess.py:93} INFO - 25/10/29 03:39:58 INFO BlockManagerMasterEndpoint: Registering block manager dfeadd712fc3:46393 with 434.4 MiB RAM, BlockManagerId(driver, dfeadd712fc3, 46393, None)
[2025-10-29T03:39:58.426+0700] {subprocess.py:93} INFO - 25/10/29 03:39:58 INFO BlockManagerMaster: Registered BlockManager BlockManagerId(driver, dfeadd712fc3, 46393, None)
[2025-10-29T03:39:58.427+0700] {subprocess.py:93} INFO - 25/10/29 03:39:58 INFO BlockManager: Initialized BlockManager: BlockManagerId(driver, dfeadd712fc3, 46393, None)
[2025-10-29T03:40:00.467+0700] {subprocess.py:93} INFO - 25/10/29 03:40:00 WARN ResolveWriteToStream: spark.sql.adaptive.enabled is not supported in streaming DataFrames/Datasets and will be disabled.
[2025-10-29T03:40:00.571+0700] {subprocess.py:93} INFO - 🚀 Streaming job started — đang lắng nghe dữ liệu từ Kafka...
[2025-10-29T03:40:00.653+0700] {subprocess.py:93} INFO - 25/10/29 03:40:00 WARN AdminClientConfig: These configurations '[key.deserializer, value.deserializer, enable.auto.commit, max.poll.records, auto.offset.reset]' were supplied but are not used yet.
[2025-10-29T03:40:01.942+0700] {subprocess.py:93} INFO - [Batch 0] ⚠️ Không có dữ liệu mới.
[2025-10-29T03:40:06.256+0700] {subprocess.py:93} INFO - 25/10/29 03:40:06 WARN KafkaDataConsumer: KafkaDataConsumer is not running in UninterruptibleThread. It may hang when KafkaDataConsumer's methods are interrupted because of KAFKA-1894
[2025-10-29T03:40:06.618+0700] {subprocess.py:93} INFO - 25/10/29 03:40:06 WARN KafkaDataConsumer: KafkaDataConsumer is not running in UninterruptibleThread. It may hang when KafkaDataConsumer's methods are interrupted because of KAFKA-1894
[2025-10-29T03:40:06.619+0700] {subprocess.py:93} INFO - 25/10/29 03:40:06 WARN KafkaDataConsumer: KafkaDataConsumer is not running in UninterruptibleThread. It may hang when KafkaDataConsumer's methods are interrupted because of KAFKA-1894
[2025-10-29T03:40:06.619+0700] {subprocess.py:93} INFO - 25/10/29 03:40:06 WARN KafkaDataConsumer: KafkaDataConsumer is not running in UninterruptibleThread. It may hang when KafkaDataConsumer's methods are interrupted because of KAFKA-1894
[2025-10-29T03:40:06.619+0700] {subprocess.py:93} INFO - 25/10/29 03:40:06 WARN KafkaDataConsumer: KafkaDataConsumer is not running in UninterruptibleThread. It may hang when KafkaDataConsumer's methods are interrupted because of KAFKA-1894
[2025-10-29T03:40:06.620+0700] {subprocess.py:93} INFO - 25/10/29 03:40:06 WARN KafkaDataConsumer: KafkaDataConsumer is not running in UninterruptibleThread. It may hang when KafkaDataConsumer's methods are interrupted because of KAFKA-1894
[2025-10-29T03:40:06.620+0700] {subprocess.py:93} INFO - 25/10/29 03:40:06 WARN KafkaDataConsumer: KafkaDataConsumer is not running in UninterruptibleThread. It may hang when KafkaDataConsumer's methods are interrupted because of KAFKA-1894
[2025-10-29T03:40:06.620+0700] {subprocess.py:93} INFO - 25/10/29 03:40:06 WARN KafkaDataConsumer: KafkaDataConsumer is not running in UninterruptibleThread. It may hang when KafkaDataConsumer's methods are interrupted because of KAFKA-1894
[2025-10-29T03:40:08.698+0700] {subprocess.py:93} INFO - There was a problem when trying to write in your cache folder (/home/***/.cache/huggingface/hub). You should set the environment variable TRANSFORMERS_CACHE to a writable directory.
[2025-10-29T03:40:09.310+0700] {subprocess.py:93} INFO - 25/10/29 03:40:09 ERROR Executor: Exception in task 0.0 in stage 2.0 (TID 1)
[2025-10-29T03:40:09.311+0700] {subprocess.py:93} INFO - org.apache.spark.api.python.PythonException: Traceback (most recent call last):
[2025-10-29T03:40:09.312+0700] {subprocess.py:93} INFO -   File "/opt/***/projects/absa_streaming/scripts/consumer_postgres_streaming.py", line 73, in absa_infer_udf
[2025-10-29T03:40:09.312+0700] {subprocess.py:93} INFO -     _tokenizer = AutoTokenizer.from_pretrained(MODEL_NAME, use_fast=True)
[2025-10-29T03:40:09.312+0700] {subprocess.py:93} INFO -                  ^^^^^^^^^^^^^^^^^^^^^^^^^^^^^^^^^^^^^^^^^^^^^^^^^^^^^^^^
[2025-10-29T03:40:09.313+0700] {subprocess.py:93} INFO -   File "/home/***/.local/lib/python3.12/site-packages/transformers/models/auto/tokenization_auto.py", line 817, in from_pretrained
[2025-10-29T03:40:09.313+0700] {subprocess.py:93} INFO -     tokenizer_config = get_tokenizer_config(pretrained_model_name_or_path, **kwargs)
[2025-10-29T03:40:09.313+0700] {subprocess.py:93} INFO -                        ^^^^^^^^^^^^^^^^^^^^^^^^^^^^^^^^^^^^^^^^^^^^^^^^^^^^^^^^^^^^^
[2025-10-29T03:40:09.313+0700] {subprocess.py:93} INFO -   File "/home/***/.local/lib/python3.12/site-packages/transformers/models/auto/tokenization_auto.py", line 649, in get_tokenizer_config
[2025-10-29T03:40:09.313+0700] {subprocess.py:93} INFO -     resolved_config_file = cached_file(
[2025-10-29T03:40:09.313+0700] {subprocess.py:93} INFO -                            ^^^^^^^^^^^^
[2025-10-29T03:40:09.313+0700] {subprocess.py:93} INFO -   File "/home/***/.local/lib/python3.12/site-packages/transformers/utils/hub.py", line 462, in cached_file
[2025-10-29T03:40:09.314+0700] {subprocess.py:93} INFO -     except HFValidationError as e:
[2025-10-29T03:40:09.314+0700] {subprocess.py:93} INFO -   File "/home/***/.local/lib/python3.12/site-packages/huggingface_hub/utils/_validators.py", line 114, in _inner_fn
[2025-10-29T03:40:09.314+0700] {subprocess.py:93} INFO -     return fn(*args, **kwargs)
[2025-10-29T03:40:09.314+0700] {subprocess.py:93} INFO -            ^^^^^^^^^^^^^^^^^^^
[2025-10-29T03:40:09.314+0700] {subprocess.py:93} INFO -   File "/home/***/.local/lib/python3.12/site-packages/huggingface_hub/file_download.py", line 1007, in hf_hub_download
[2025-10-29T03:40:09.314+0700] {subprocess.py:93} INFO -     return _hf_hub_download_to_cache_dir(
[2025-10-29T03:40:09.315+0700] {subprocess.py:93} INFO -            ^^^^^^^^^^^^^^^^^^^^^^^^^^^^^^
[2025-10-29T03:40:09.315+0700] {subprocess.py:93} INFO -   File "/home/***/.local/lib/python3.12/site-packages/huggingface_hub/file_download.py", line 1124, in _hf_hub_download_to_cache_dir
[2025-10-29T03:40:09.315+0700] {subprocess.py:93} INFO -     os.makedirs(os.path.dirname(blob_path), exist_ok=True)
[2025-10-29T03:40:09.315+0700] {subprocess.py:93} INFO -   File "<frozen os>", line 216, in makedirs
[2025-10-29T03:40:09.315+0700] {subprocess.py:93} INFO -   File "<frozen os>", line 216, in makedirs
[2025-10-29T03:40:09.315+0700] {subprocess.py:93} INFO -   File "<frozen os>", line 216, in makedirs
[2025-10-29T03:40:09.315+0700] {subprocess.py:93} INFO -   File "<frozen os>", line 230, in makedirs
[2025-10-29T03:40:09.315+0700] {subprocess.py:93} INFO - PermissionError: [Errno 13] Permission denied: '/home/***/.cache/huggingface'
[2025-10-29T03:40:09.315+0700] {subprocess.py:93} INFO - 
[2025-10-29T03:40:09.315+0700] {subprocess.py:93} INFO - 	at org.apache.spark.api.python.BasePythonRunner$ReaderIterator.handlePythonException(PythonRunner.scala:572)
[2025-10-29T03:40:09.316+0700] {subprocess.py:93} INFO - 	at org.apache.spark.sql.execution.python.PythonArrowOutput$$anon$1.read(PythonArrowOutput.scala:118)
[2025-10-29T03:40:09.316+0700] {subprocess.py:93} INFO - 	at org.apache.spark.api.python.BasePythonRunner$ReaderIterator.hasNext(PythonRunner.scala:525)
[2025-10-29T03:40:09.316+0700] {subprocess.py:93} INFO - 	at org.apache.spark.InterruptibleIterator.hasNext(InterruptibleIterator.scala:37)
[2025-10-29T03:40:09.316+0700] {subprocess.py:93} INFO - 	at scala.collection.Iterator$$anon$11.hasNext(Iterator.scala:491)
[2025-10-29T03:40:09.316+0700] {subprocess.py:93} INFO - 	at scala.collection.Iterator$$anon$10.hasNext(Iterator.scala:460)
[2025-10-29T03:40:09.316+0700] {subprocess.py:93} INFO - 	at scala.collection.Iterator$$anon$10.hasNext(Iterator.scala:460)
[2025-10-29T03:40:09.316+0700] {subprocess.py:93} INFO - 	at org.apache.spark.sql.catalyst.expressions.GeneratedClass$GeneratedIteratorForCodegenStage1.hashAgg_doAggregateWithoutKey_0$(Unknown Source)
[2025-10-29T03:40:09.316+0700] {subprocess.py:93} INFO - 	at org.apache.spark.sql.catalyst.expressions.GeneratedClass$GeneratedIteratorForCodegenStage1.processNext(Unknown Source)
[2025-10-29T03:40:09.316+0700] {subprocess.py:93} INFO - 	at org.apache.spark.sql.execution.BufferedRowIterator.hasNext(BufferedRowIterator.java:43)
[2025-10-29T03:40:09.316+0700] {subprocess.py:93} INFO - 	at org.apache.spark.sql.execution.WholeStageCodegenEvaluatorFactory$WholeStageCodegenPartitionEvaluator$$anon$1.hasNext(WholeStageCodegenEvaluatorFactory.scala:43)
[2025-10-29T03:40:09.316+0700] {subprocess.py:93} INFO - 	at scala.collection.Iterator$$anon$10.hasNext(Iterator.scala:460)
[2025-10-29T03:40:09.316+0700] {subprocess.py:93} INFO - 	at org.apache.spark.shuffle.sort.BypassMergeSortShuffleWriter.write(BypassMergeSortShuffleWriter.java:140)
[2025-10-29T03:40:09.317+0700] {subprocess.py:93} INFO - 	at org.apache.spark.shuffle.ShuffleWriteProcessor.write(ShuffleWriteProcessor.scala:59)
[2025-10-29T03:40:09.317+0700] {subprocess.py:93} INFO - 	at org.apache.spark.scheduler.ShuffleMapTask.runTask(ShuffleMapTask.scala:104)
[2025-10-29T03:40:09.317+0700] {subprocess.py:93} INFO - 	at org.apache.spark.scheduler.ShuffleMapTask.runTask(ShuffleMapTask.scala:54)
[2025-10-29T03:40:09.317+0700] {subprocess.py:93} INFO - 	at org.apache.spark.TaskContext.runTaskWithListeners(TaskContext.scala:166)
[2025-10-29T03:40:09.317+0700] {subprocess.py:93} INFO - 	at org.apache.spark.scheduler.Task.run(Task.scala:141)
[2025-10-29T03:40:09.317+0700] {subprocess.py:93} INFO - 	at org.apache.spark.executor.Executor$TaskRunner.$anonfun$run$4(Executor.scala:620)
[2025-10-29T03:40:09.317+0700] {subprocess.py:93} INFO - 	at org.apache.spark.util.SparkErrorUtils.tryWithSafeFinally(SparkErrorUtils.scala:64)
[2025-10-29T03:40:09.317+0700] {subprocess.py:93} INFO - 	at org.apache.spark.util.SparkErrorUtils.tryWithSafeFinally$(SparkErrorUtils.scala:61)
[2025-10-29T03:40:09.317+0700] {subprocess.py:93} INFO - 	at org.apache.spark.util.Utils$.tryWithSafeFinally(Utils.scala:94)
[2025-10-29T03:40:09.317+0700] {subprocess.py:93} INFO - 	at org.apache.spark.executor.Executor$TaskRunner.run(Executor.scala:623)
[2025-10-29T03:40:09.317+0700] {subprocess.py:93} INFO - 	at java.base/java.util.concurrent.ThreadPoolExecutor.runWorker(ThreadPoolExecutor.java:1136)
[2025-10-29T03:40:09.317+0700] {subprocess.py:93} INFO - 	at java.base/java.util.concurrent.ThreadPoolExecutor$Worker.run(ThreadPoolExecutor.java:635)
[2025-10-29T03:40:09.318+0700] {subprocess.py:93} INFO - 	at java.base/java.lang.Thread.run(Thread.java:840)
[2025-10-29T03:40:09.319+0700] {subprocess.py:93} INFO - 25/10/29 03:40:09 WARN TaskSetManager: Lost task 0.0 in stage 2.0 (TID 1) (dfeadd712fc3 executor driver): org.apache.spark.api.python.PythonException: Traceback (most recent call last):
[2025-10-29T03:40:09.319+0700] {subprocess.py:93} INFO -   File "/opt/***/projects/absa_streaming/scripts/consumer_postgres_streaming.py", line 73, in absa_infer_udf
[2025-10-29T03:40:09.319+0700] {subprocess.py:93} INFO -     _tokenizer = AutoTokenizer.from_pretrained(MODEL_NAME, use_fast=True)
[2025-10-29T03:40:09.320+0700] {subprocess.py:93} INFO -                  ^^^^^^^^^^^^^^^^^^^^^^^^^^^^^^^^^^^^^^^^^^^^^^^^^^^^^^^^
[2025-10-29T03:40:09.320+0700] {subprocess.py:93} INFO -   File "/home/***/.local/lib/python3.12/site-packages/transformers/models/auto/tokenization_auto.py", line 817, in from_pretrained
[2025-10-29T03:40:09.320+0700] {subprocess.py:93} INFO -     tokenizer_config = get_tokenizer_config(pretrained_model_name_or_path, **kwargs)
[2025-10-29T03:40:09.320+0700] {subprocess.py:93} INFO -                        ^^^^^^^^^^^^^^^^^^^^^^^^^^^^^^^^^^^^^^^^^^^^^^^^^^^^^^^^^^^^^
[2025-10-29T03:40:09.320+0700] {subprocess.py:93} INFO -   File "/home/***/.local/lib/python3.12/site-packages/transformers/models/auto/tokenization_auto.py", line 649, in get_tokenizer_config
[2025-10-29T03:40:09.320+0700] {subprocess.py:93} INFO -     resolved_config_file = cached_file(
[2025-10-29T03:40:09.320+0700] {subprocess.py:93} INFO -                            ^^^^^^^^^^^^
[2025-10-29T03:40:09.320+0700] {subprocess.py:93} INFO -   File "/home/***/.local/lib/python3.12/site-packages/transformers/utils/hub.py", line 462, in cached_file
[2025-10-29T03:40:09.320+0700] {subprocess.py:93} INFO -     except HFValidationError as e:
[2025-10-29T03:40:09.320+0700] {subprocess.py:93} INFO -   File "/home/***/.local/lib/python3.12/site-packages/huggingface_hub/utils/_validators.py", line 114, in _inner_fn
[2025-10-29T03:40:09.321+0700] {subprocess.py:93} INFO -     return fn(*args, **kwargs)
[2025-10-29T03:40:09.321+0700] {subprocess.py:93} INFO -            ^^^^^^^^^^^^^^^^^^^
[2025-10-29T03:40:09.321+0700] {subprocess.py:93} INFO -   File "/home/***/.local/lib/python3.12/site-packages/huggingface_hub/file_download.py", line 1007, in hf_hub_download
[2025-10-29T03:40:09.321+0700] {subprocess.py:93} INFO -     return _hf_hub_download_to_cache_dir(
[2025-10-29T03:40:09.321+0700] {subprocess.py:93} INFO -            ^^^^^^^^^^^^^^^^^^^^^^^^^^^^^^
[2025-10-29T03:40:09.321+0700] {subprocess.py:93} INFO -   File "/home/***/.local/lib/python3.12/site-packages/huggingface_hub/file_download.py", line 1124, in _hf_hub_download_to_cache_dir
[2025-10-29T03:40:09.321+0700] {subprocess.py:93} INFO -     os.makedirs(os.path.dirname(blob_path), exist_ok=True)
[2025-10-29T03:40:09.321+0700] {subprocess.py:93} INFO -   File "<frozen os>", line 216, in makedirs
[2025-10-29T03:40:09.321+0700] {subprocess.py:93} INFO -   File "<frozen os>", line 216, in makedirs
[2025-10-29T03:40:09.321+0700] {subprocess.py:93} INFO -   File "<frozen os>", line 216, in makedirs
[2025-10-29T03:40:09.321+0700] {subprocess.py:93} INFO -   File "<frozen os>", line 230, in makedirs
[2025-10-29T03:40:09.322+0700] {subprocess.py:93} INFO - PermissionError: [Errno 13] Permission denied: '/home/***/.cache/huggingface'
[2025-10-29T03:40:09.322+0700] {subprocess.py:93} INFO - 
[2025-10-29T03:40:09.322+0700] {subprocess.py:93} INFO - 	at org.apache.spark.api.python.BasePythonRunner$ReaderIterator.handlePythonException(PythonRunner.scala:572)
[2025-10-29T03:40:09.322+0700] {subprocess.py:93} INFO - 	at org.apache.spark.sql.execution.python.PythonArrowOutput$$anon$1.read(PythonArrowOutput.scala:118)
[2025-10-29T03:40:09.322+0700] {subprocess.py:93} INFO - 	at org.apache.spark.api.python.BasePythonRunner$ReaderIterator.hasNext(PythonRunner.scala:525)
[2025-10-29T03:40:09.322+0700] {subprocess.py:93} INFO - 	at org.apache.spark.InterruptibleIterator.hasNext(InterruptibleIterator.scala:37)
[2025-10-29T03:40:09.322+0700] {subprocess.py:93} INFO - 	at scala.collection.Iterator$$anon$11.hasNext(Iterator.scala:491)
[2025-10-29T03:40:09.322+0700] {subprocess.py:93} INFO - 	at scala.collection.Iterator$$anon$10.hasNext(Iterator.scala:460)
[2025-10-29T03:40:09.322+0700] {subprocess.py:93} INFO - 	at scala.collection.Iterator$$anon$10.hasNext(Iterator.scala:460)
[2025-10-29T03:40:09.323+0700] {subprocess.py:93} INFO - 	at org.apache.spark.sql.catalyst.expressions.GeneratedClass$GeneratedIteratorForCodegenStage1.hashAgg_doAggregateWithoutKey_0$(Unknown Source)
[2025-10-29T03:40:09.323+0700] {subprocess.py:93} INFO - 	at org.apache.spark.sql.catalyst.expressions.GeneratedClass$GeneratedIteratorForCodegenStage1.processNext(Unknown Source)
[2025-10-29T03:40:09.323+0700] {subprocess.py:93} INFO - 	at org.apache.spark.sql.execution.BufferedRowIterator.hasNext(BufferedRowIterator.java:43)
[2025-10-29T03:40:09.323+0700] {subprocess.py:93} INFO - 	at org.apache.spark.sql.execution.WholeStageCodegenEvaluatorFactory$WholeStageCodegenPartitionEvaluator$$anon$1.hasNext(WholeStageCodegenEvaluatorFactory.scala:43)
[2025-10-29T03:40:09.323+0700] {subprocess.py:93} INFO - 	at scala.collection.Iterator$$anon$10.hasNext(Iterator.scala:460)
[2025-10-29T03:40:09.323+0700] {subprocess.py:93} INFO - 	at org.apache.spark.shuffle.sort.BypassMergeSortShuffleWriter.write(BypassMergeSortShuffleWriter.java:140)
[2025-10-29T03:40:09.323+0700] {subprocess.py:93} INFO - 	at org.apache.spark.shuffle.ShuffleWriteProcessor.write(ShuffleWriteProcessor.scala:59)
[2025-10-29T03:40:09.323+0700] {subprocess.py:93} INFO - 	at org.apache.spark.scheduler.ShuffleMapTask.runTask(ShuffleMapTask.scala:104)
[2025-10-29T03:40:09.323+0700] {subprocess.py:93} INFO - 	at org.apache.spark.scheduler.ShuffleMapTask.runTask(ShuffleMapTask.scala:54)
[2025-10-29T03:40:09.323+0700] {subprocess.py:93} INFO - 	at org.apache.spark.TaskContext.runTaskWithListeners(TaskContext.scala:166)
[2025-10-29T03:40:09.324+0700] {subprocess.py:93} INFO - 	at org.apache.spark.scheduler.Task.run(Task.scala:141)
[2025-10-29T03:40:09.324+0700] {subprocess.py:93} INFO - 	at org.apache.spark.executor.Executor$TaskRunner.$anonfun$run$4(Executor.scala:620)
[2025-10-29T03:40:09.324+0700] {subprocess.py:93} INFO - 	at org.apache.spark.util.SparkErrorUtils.tryWithSafeFinally(SparkErrorUtils.scala:64)
[2025-10-29T03:40:09.324+0700] {subprocess.py:93} INFO - 	at org.apache.spark.util.SparkErrorUtils.tryWithSafeFinally$(SparkErrorUtils.scala:61)
[2025-10-29T03:40:09.324+0700] {subprocess.py:93} INFO - 	at org.apache.spark.util.Utils$.tryWithSafeFinally(Utils.scala:94)
[2025-10-29T03:40:09.324+0700] {subprocess.py:93} INFO - 	at org.apache.spark.executor.Executor$TaskRunner.run(Executor.scala:623)
[2025-10-29T03:40:09.324+0700] {subprocess.py:93} INFO - 	at java.base/java.util.concurrent.ThreadPoolExecutor.runWorker(ThreadPoolExecutor.java:1136)
[2025-10-29T03:40:09.324+0700] {subprocess.py:93} INFO - 	at java.base/java.util.concurrent.ThreadPoolExecutor$Worker.run(ThreadPoolExecutor.java:635)
[2025-10-29T03:40:09.324+0700] {subprocess.py:93} INFO - 	at java.base/java.lang.Thread.run(Thread.java:840)
[2025-10-29T03:40:09.324+0700] {subprocess.py:93} INFO - 
[2025-10-29T03:40:09.325+0700] {subprocess.py:93} INFO - 25/10/29 03:40:09 ERROR TaskSetManager: Task 0 in stage 2.0 failed 1 times; aborting job
[2025-10-29T03:40:09.412+0700] {subprocess.py:93} INFO - 25/10/29 03:40:09 ERROR MicroBatchExecution: Query [id = 01140e6d-882f-47bd-bfec-8005c050b20d, runId = 559cc214-81ab-4127-bcd5-84e7d233e73c] terminated with error
[2025-10-29T03:40:09.412+0700] {subprocess.py:93} INFO - py4j.Py4JException: An exception was raised by the Python Proxy. Return Message: Traceback (most recent call last):
[2025-10-29T03:40:09.413+0700] {subprocess.py:93} INFO -   File "/home/***/.local/lib/python3.12/site-packages/pyspark/python/lib/py4j-0.10.9.7-src.zip/py4j/clientserver.py", line 617, in _call_proxy
[2025-10-29T03:40:09.413+0700] {subprocess.py:93} INFO -     return_value = getattr(self.pool[obj_id], method)(*params)
[2025-10-29T03:40:09.413+0700] {subprocess.py:93} INFO -                    ^^^^^^^^^^^^^^^^^^^^^^^^^^^^^^^^^^^^^^^^^^^
[2025-10-29T03:40:09.414+0700] {subprocess.py:93} INFO -   File "/home/***/.local/lib/python3.12/site-packages/pyspark/python/lib/pyspark.zip/pyspark/sql/utils.py", line 120, in call
[2025-10-29T03:40:09.414+0700] {subprocess.py:93} INFO -     raise e
[2025-10-29T03:40:09.414+0700] {subprocess.py:93} INFO -   File "/home/***/.local/lib/python3.12/site-packages/pyspark/python/lib/pyspark.zip/pyspark/sql/utils.py", line 117, in call
[2025-10-29T03:40:09.414+0700] {subprocess.py:93} INFO -     self.func(DataFrame(jdf, wrapped_session_jdf), batch_id)
[2025-10-29T03:40:09.415+0700] {subprocess.py:93} INFO -   File "/opt/***/projects/absa_streaming/scripts/consumer_postgres_streaming.py", line 125, in write_to_postgres
[2025-10-29T03:40:09.415+0700] {subprocess.py:93} INFO -     total_rows = batch_df.count()
[2025-10-29T03:40:09.415+0700] {subprocess.py:93} INFO -                  ^^^^^^^^^^^^^^^^
[2025-10-29T03:40:09.415+0700] {subprocess.py:93} INFO -   File "/home/***/.local/lib/python3.12/site-packages/pyspark/python/lib/pyspark.zip/pyspark/sql/dataframe.py", line 1238, in count
[2025-10-29T03:40:09.416+0700] {subprocess.py:93} INFO -     return int(self._jdf.count())
[2025-10-29T03:40:09.416+0700] {subprocess.py:93} INFO -                ^^^^^^^^^^^^^^^^^
[2025-10-29T03:40:09.416+0700] {subprocess.py:93} INFO -   File "/home/***/.local/lib/python3.12/site-packages/pyspark/python/lib/py4j-0.10.9.7-src.zip/py4j/java_gateway.py", line 1322, in __call__
[2025-10-29T03:40:09.416+0700] {subprocess.py:93} INFO -     return_value = get_return_value(
[2025-10-29T03:40:09.417+0700] {subprocess.py:93} INFO -                    ^^^^^^^^^^^^^^^^^
[2025-10-29T03:40:09.417+0700] {subprocess.py:93} INFO -   File "/home/***/.local/lib/python3.12/site-packages/pyspark/python/lib/pyspark.zip/pyspark/errors/exceptions/captured.py", line 185, in deco
[2025-10-29T03:40:09.417+0700] {subprocess.py:93} INFO -     raise converted from None
[2025-10-29T03:40:09.417+0700] {subprocess.py:93} INFO - pyspark.errors.exceptions.captured.PythonException:
[2025-10-29T03:40:09.417+0700] {subprocess.py:93} INFO -   An exception was thrown from the Python worker. Please see the stack trace below.
[2025-10-29T03:40:09.418+0700] {subprocess.py:93} INFO - Traceback (most recent call last):
[2025-10-29T03:40:09.418+0700] {subprocess.py:93} INFO -   File "/opt/***/projects/absa_streaming/scripts/consumer_postgres_streaming.py", line 73, in absa_infer_udf
[2025-10-29T03:40:09.418+0700] {subprocess.py:93} INFO -     _tokenizer = AutoTokenizer.from_pretrained(MODEL_NAME, use_fast=True)
[2025-10-29T03:40:09.418+0700] {subprocess.py:93} INFO -                  ^^^^^^^^^^^^^^^^^^^^^^^^^^^^^^^^^^^^^^^^^^^^^^^^^^^^^^^^
[2025-10-29T03:40:09.418+0700] {subprocess.py:93} INFO -   File "/home/***/.local/lib/python3.12/site-packages/transformers/models/auto/tokenization_auto.py", line 817, in from_pretrained
[2025-10-29T03:40:09.418+0700] {subprocess.py:93} INFO -     tokenizer_config = get_tokenizer_config(pretrained_model_name_or_path, **kwargs)
[2025-10-29T03:40:09.418+0700] {subprocess.py:93} INFO -                        ^^^^^^^^^^^^^^^^^^^^^^^^^^^^^^^^^^^^^^^^^^^^^^^^^^^^^^^^^^^^^
[2025-10-29T03:40:09.418+0700] {subprocess.py:93} INFO -   File "/home/***/.local/lib/python3.12/site-packages/transformers/models/auto/tokenization_auto.py", line 649, in get_tokenizer_config
[2025-10-29T03:40:09.418+0700] {subprocess.py:93} INFO -     resolved_config_file = cached_file(
[2025-10-29T03:40:09.418+0700] {subprocess.py:93} INFO -                            ^^^^^^^^^^^^
[2025-10-29T03:40:09.419+0700] {subprocess.py:93} INFO -   File "/home/***/.local/lib/python3.12/site-packages/transformers/utils/hub.py", line 462, in cached_file
[2025-10-29T03:40:09.419+0700] {subprocess.py:93} INFO -     except HFValidationError as e:
[2025-10-29T03:40:09.419+0700] {subprocess.py:93} INFO -   File "/home/***/.local/lib/python3.12/site-packages/huggingface_hub/utils/_validators.py", line 114, in _inner_fn
[2025-10-29T03:40:09.419+0700] {subprocess.py:93} INFO -     return fn(*args, **kwargs)
[2025-10-29T03:40:09.419+0700] {subprocess.py:93} INFO -            ^^^^^^^^^^^^^^^^^^^
[2025-10-29T03:40:09.419+0700] {subprocess.py:93} INFO -   File "/home/***/.local/lib/python3.12/site-packages/huggingface_hub/file_download.py", line 1007, in hf_hub_download
[2025-10-29T03:40:09.420+0700] {subprocess.py:93} INFO -     return _hf_hub_download_to_cache_dir(
[2025-10-29T03:40:09.420+0700] {subprocess.py:93} INFO -            ^^^^^^^^^^^^^^^^^^^^^^^^^^^^^^
[2025-10-29T03:40:09.420+0700] {subprocess.py:93} INFO -   File "/home/***/.local/lib/python3.12/site-packages/huggingface_hub/file_download.py", line 1124, in _hf_hub_download_to_cache_dir
[2025-10-29T03:40:09.420+0700] {subprocess.py:93} INFO -     os.makedirs(os.path.dirname(blob_path), exist_ok=True)
[2025-10-29T03:40:09.420+0700] {subprocess.py:93} INFO -   File "<frozen os>", line 216, in makedirs
[2025-10-29T03:40:09.420+0700] {subprocess.py:93} INFO -   File "<frozen os>", line 216, in makedirs
[2025-10-29T03:40:09.420+0700] {subprocess.py:93} INFO -   File "<frozen os>", line 216, in makedirs
[2025-10-29T03:40:09.420+0700] {subprocess.py:93} INFO -   File "<frozen os>", line 230, in makedirs
[2025-10-29T03:40:09.420+0700] {subprocess.py:93} INFO - PermissionError: [Errno 13] Permission denied: '/home/***/.cache/huggingface'
[2025-10-29T03:40:09.420+0700] {subprocess.py:93} INFO - 
[2025-10-29T03:40:09.421+0700] {subprocess.py:93} INFO - 
[2025-10-29T03:40:09.421+0700] {subprocess.py:93} INFO - 	at py4j.Protocol.getReturnValue(Protocol.java:476)
[2025-10-29T03:40:09.421+0700] {subprocess.py:93} INFO - 	at py4j.reflection.PythonProxyHandler.invoke(PythonProxyHandler.java:108)
[2025-10-29T03:40:09.421+0700] {subprocess.py:93} INFO - 	at jdk.proxy3/jdk.proxy3.$Proxy32.call(Unknown Source)
[2025-10-29T03:40:09.421+0700] {subprocess.py:93} INFO - 	at org.apache.spark.sql.execution.streaming.sources.PythonForeachBatchHelper$.$anonfun$callForeachBatch$1(ForeachBatchSink.scala:53)
[2025-10-29T03:40:09.421+0700] {subprocess.py:93} INFO - 	at org.apache.spark.sql.execution.streaming.sources.PythonForeachBatchHelper$.$anonfun$callForeachBatch$1$adapted(ForeachBatchSink.scala:53)
[2025-10-29T03:40:09.421+0700] {subprocess.py:93} INFO - 	at org.apache.spark.sql.execution.streaming.sources.ForeachBatchSink.addBatch(ForeachBatchSink.scala:34)
[2025-10-29T03:40:09.421+0700] {subprocess.py:93} INFO - 	at org.apache.spark.sql.execution.streaming.MicroBatchExecution.$anonfun$runBatch$17(MicroBatchExecution.scala:732)
[2025-10-29T03:40:09.421+0700] {subprocess.py:93} INFO - 	at org.apache.spark.sql.execution.SQLExecution$.$anonfun$withNewExecutionId$6(SQLExecution.scala:125)
[2025-10-29T03:40:09.421+0700] {subprocess.py:93} INFO - 	at org.apache.spark.sql.execution.SQLExecution$.withSQLConfPropagated(SQLExecution.scala:201)
[2025-10-29T03:40:09.422+0700] {subprocess.py:93} INFO - 	at org.apache.spark.sql.execution.SQLExecution$.$anonfun$withNewExecutionId$1(SQLExecution.scala:108)
[2025-10-29T03:40:09.422+0700] {subprocess.py:93} INFO - 	at org.apache.spark.sql.SparkSession.withActive(SparkSession.scala:900)
[2025-10-29T03:40:09.422+0700] {subprocess.py:93} INFO - 	at org.apache.spark.sql.execution.SQLExecution$.withNewExecutionId(SQLExecution.scala:66)
[2025-10-29T03:40:09.422+0700] {subprocess.py:93} INFO - 	at org.apache.spark.sql.execution.streaming.MicroBatchExecution.$anonfun$runBatch$16(MicroBatchExecution.scala:729)
[2025-10-29T03:40:09.422+0700] {subprocess.py:93} INFO - 	at org.apache.spark.sql.execution.streaming.ProgressReporter.reportTimeTaken(ProgressReporter.scala:427)
[2025-10-29T03:40:09.422+0700] {subprocess.py:93} INFO - 	at org.apache.spark.sql.execution.streaming.ProgressReporter.reportTimeTaken$(ProgressReporter.scala:425)
[2025-10-29T03:40:09.422+0700] {subprocess.py:93} INFO - 	at org.apache.spark.sql.execution.streaming.StreamExecution.reportTimeTaken(StreamExecution.scala:67)
[2025-10-29T03:40:09.422+0700] {subprocess.py:93} INFO - 	at org.apache.spark.sql.execution.streaming.MicroBatchExecution.runBatch(MicroBatchExecution.scala:729)
[2025-10-29T03:40:09.423+0700] {subprocess.py:93} INFO - 	at org.apache.spark.sql.execution.streaming.MicroBatchExecution.$anonfun$runActivatedStream$2(MicroBatchExecution.scala:286)
[2025-10-29T03:40:09.423+0700] {subprocess.py:93} INFO - 	at scala.runtime.java8.JFunction0$mcV$sp.apply(JFunction0$mcV$sp.java:23)
[2025-10-29T03:40:09.423+0700] {subprocess.py:93} INFO - 	at org.apache.spark.sql.execution.streaming.ProgressReporter.reportTimeTaken(ProgressReporter.scala:427)
[2025-10-29T03:40:09.423+0700] {subprocess.py:93} INFO - 	at org.apache.spark.sql.execution.streaming.ProgressReporter.reportTimeTaken$(ProgressReporter.scala:425)
[2025-10-29T03:40:09.423+0700] {subprocess.py:93} INFO - 	at org.apache.spark.sql.execution.streaming.StreamExecution.reportTimeTaken(StreamExecution.scala:67)
[2025-10-29T03:40:09.423+0700] {subprocess.py:93} INFO - 	at org.apache.spark.sql.execution.streaming.MicroBatchExecution.$anonfun$runActivatedStream$1(MicroBatchExecution.scala:249)
[2025-10-29T03:40:09.423+0700] {subprocess.py:93} INFO - 	at org.apache.spark.sql.execution.streaming.ProcessingTimeExecutor.execute(TriggerExecutor.scala:67)
[2025-10-29T03:40:09.424+0700] {subprocess.py:93} INFO - 	at org.apache.spark.sql.execution.streaming.MicroBatchExecution.runActivatedStream(MicroBatchExecution.scala:239)
[2025-10-29T03:40:09.424+0700] {subprocess.py:93} INFO - 	at org.apache.spark.sql.execution.streaming.StreamExecution.$anonfun$runStream$1(StreamExecution.scala:311)
[2025-10-29T03:40:09.424+0700] {subprocess.py:93} INFO - 	at scala.runtime.java8.JFunction0$mcV$sp.apply(JFunction0$mcV$sp.java:23)
[2025-10-29T03:40:09.424+0700] {subprocess.py:93} INFO - 	at org.apache.spark.sql.SparkSession.withActive(SparkSession.scala:900)
[2025-10-29T03:40:09.424+0700] {subprocess.py:93} INFO - 	at org.apache.spark.sql.execution.streaming.StreamExecution.org$apache$spark$sql$execution$streaming$StreamExecution$$runStream(StreamExecution.scala:289)
[2025-10-29T03:40:09.424+0700] {subprocess.py:93} INFO - 	at org.apache.spark.sql.execution.streaming.StreamExecution$$anon$1.$anonfun$run$1(StreamExecution.scala:211)
[2025-10-29T03:40:09.424+0700] {subprocess.py:93} INFO - 	at scala.runtime.java8.JFunction0$mcV$sp.apply(JFunction0$mcV$sp.java:23)
[2025-10-29T03:40:09.425+0700] {subprocess.py:93} INFO - 	at org.apache.spark.JobArtifactSet$.withActiveJobArtifactState(JobArtifactSet.scala:94)
[2025-10-29T03:40:09.425+0700] {subprocess.py:93} INFO - 	at org.apache.spark.sql.execution.streaming.StreamExecution$$anon$1.run(StreamExecution.scala:211)
[2025-10-29T03:40:09.488+0700] {subprocess.py:93} INFO - Traceback (most recent call last):
[2025-10-29T03:40:09.489+0700] {subprocess.py:93} INFO -   File "/opt/***/projects/absa_streaming/scripts/consumer_postgres_streaming.py", line 175, in <module>
[2025-10-29T03:40:09.489+0700] {subprocess.py:93} INFO -     query.awaitTermination()
[2025-10-29T03:40:09.489+0700] {subprocess.py:93} INFO -   File "/home/***/.local/lib/python3.12/site-packages/pyspark/python/lib/pyspark.zip/pyspark/sql/streaming/query.py", line 221, in awaitTermination
[2025-10-29T03:40:09.489+0700] {subprocess.py:93} INFO -   File "/home/***/.local/lib/python3.12/site-packages/pyspark/python/lib/py4j-0.10.9.7-src.zip/py4j/java_gateway.py", line 1322, in __call__
[2025-10-29T03:40:09.490+0700] {subprocess.py:93} INFO -   File "/home/***/.local/lib/python3.12/site-packages/pyspark/python/lib/pyspark.zip/pyspark/errors/exceptions/captured.py", line 185, in deco
[2025-10-29T03:40:09.491+0700] {subprocess.py:93} INFO - pyspark.errors.exceptions.captured.StreamingQueryException: [STREAM_FAILED] Query [id = 01140e6d-882f-47bd-bfec-8005c050b20d, runId = 559cc214-81ab-4127-bcd5-84e7d233e73c] terminated with exception: An exception was raised by the Python Proxy. Return Message: Traceback (most recent call last):
[2025-10-29T03:40:09.491+0700] {subprocess.py:93} INFO -   File "/home/***/.local/lib/python3.12/site-packages/pyspark/python/lib/py4j-0.10.9.7-src.zip/py4j/clientserver.py", line 617, in _call_proxy
[2025-10-29T03:40:09.492+0700] {subprocess.py:93} INFO -     return_value = getattr(self.pool[obj_id], method)(*params)
[2025-10-29T03:40:09.492+0700] {subprocess.py:93} INFO -                    ^^^^^^^^^^^^^^^^^^^^^^^^^^^^^^^^^^^^^^^^^^^
[2025-10-29T03:40:09.492+0700] {subprocess.py:93} INFO -   File "/home/***/.local/lib/python3.12/site-packages/pyspark/python/lib/pyspark.zip/pyspark/sql/utils.py", line 120, in call
[2025-10-29T03:40:09.492+0700] {subprocess.py:93} INFO -     raise e
[2025-10-29T03:40:09.492+0700] {subprocess.py:93} INFO -   File "/home/***/.local/lib/python3.12/site-packages/pyspark/python/lib/pyspark.zip/pyspark/sql/utils.py", line 117, in call
[2025-10-29T03:40:09.492+0700] {subprocess.py:93} INFO -     self.func(DataFrame(jdf, wrapped_session_jdf), batch_id)
[2025-10-29T03:40:09.492+0700] {subprocess.py:93} INFO -   File "/opt/***/projects/absa_streaming/scripts/consumer_postgres_streaming.py", line 125, in write_to_postgres
[2025-10-29T03:40:09.492+0700] {subprocess.py:93} INFO -     total_rows = batch_df.count()
[2025-10-29T03:40:09.493+0700] {subprocess.py:93} INFO -                  ^^^^^^^^^^^^^^^^
[2025-10-29T03:40:09.493+0700] {subprocess.py:93} INFO -   File "/home/***/.local/lib/python3.12/site-packages/pyspark/python/lib/pyspark.zip/pyspark/sql/dataframe.py", line 1238, in count
[2025-10-29T03:40:09.493+0700] {subprocess.py:93} INFO -     return int(self._jdf.count())
[2025-10-29T03:40:09.493+0700] {subprocess.py:93} INFO -                ^^^^^^^^^^^^^^^^^
[2025-10-29T03:40:09.493+0700] {subprocess.py:93} INFO -   File "/home/***/.local/lib/python3.12/site-packages/pyspark/python/lib/py4j-0.10.9.7-src.zip/py4j/java_gateway.py", line 1322, in __call__
[2025-10-29T03:40:09.493+0700] {subprocess.py:93} INFO -     return_value = get_return_value(
[2025-10-29T03:40:09.493+0700] {subprocess.py:93} INFO -                    ^^^^^^^^^^^^^^^^^
[2025-10-29T03:40:09.493+0700] {subprocess.py:93} INFO -   File "/home/***/.local/lib/python3.12/site-packages/pyspark/python/lib/pyspark.zip/pyspark/errors/exceptions/captured.py", line 185, in deco
[2025-10-29T03:40:09.493+0700] {subprocess.py:93} INFO -     raise converted from None
[2025-10-29T03:40:09.493+0700] {subprocess.py:93} INFO - pyspark.errors.exceptions.captured.PythonException:
[2025-10-29T03:40:09.494+0700] {subprocess.py:93} INFO -   An exception was thrown from the Python worker. Please see the stack trace below.
[2025-10-29T03:40:09.494+0700] {subprocess.py:93} INFO - Traceback (most recent call last):
[2025-10-29T03:40:09.494+0700] {subprocess.py:93} INFO -   File "/opt/***/projects/absa_streaming/scripts/consumer_postgres_streaming.py", line 73, in absa_infer_udf
[2025-10-29T03:40:09.494+0700] {subprocess.py:93} INFO -     _tokenizer = AutoTokenizer.from_pretrained(MODEL_NAME, use_fast=True)
[2025-10-29T03:40:09.494+0700] {subprocess.py:93} INFO -                  ^^^^^^^^^^^^^^^^^^^^^^^^^^^^^^^^^^^^^^^^^^^^^^^^^^^^^^^^
[2025-10-29T03:40:09.494+0700] {subprocess.py:93} INFO -   File "/home/***/.local/lib/python3.12/site-packages/transformers/models/auto/tokenization_auto.py", line 817, in from_pretrained
[2025-10-29T03:40:09.494+0700] {subprocess.py:93} INFO -     tokenizer_config = get_tokenizer_config(pretrained_model_name_or_path, **kwargs)
[2025-10-29T03:40:09.494+0700] {subprocess.py:93} INFO -                        ^^^^^^^^^^^^^^^^^^^^^^^^^^^^^^^^^^^^^^^^^^^^^^^^^^^^^^^^^^^^^
[2025-10-29T03:40:09.494+0700] {subprocess.py:93} INFO -   File "/home/***/.local/lib/python3.12/site-packages/transformers/models/auto/tokenization_auto.py", line 649, in get_tokenizer_config
[2025-10-29T03:40:09.494+0700] {subprocess.py:93} INFO -     resolved_config_file = cached_file(
[2025-10-29T03:40:09.495+0700] {subprocess.py:93} INFO -                            ^^^^^^^^^^^^
[2025-10-29T03:40:09.495+0700] {subprocess.py:93} INFO -   File "/home/***/.local/lib/python3.12/site-packages/transformers/utils/hub.py", line 462, in cached_file
[2025-10-29T03:40:09.495+0700] {subprocess.py:93} INFO -     except HFValidationError as e:
[2025-10-29T03:40:09.495+0700] {subprocess.py:93} INFO -   File "/home/***/.local/lib/python3.12/site-packages/huggingface_hub/utils/_validators.py", line 114, in _inner_fn
[2025-10-29T03:40:09.495+0700] {subprocess.py:93} INFO -     return fn(*args, **kwargs)
[2025-10-29T03:40:09.495+0700] {subprocess.py:93} INFO -            ^^^^^^^^^^^^^^^^^^^
[2025-10-29T03:40:09.495+0700] {subprocess.py:93} INFO -   File "/home/***/.local/lib/python3.12/site-packages/huggingface_hub/file_download.py", line 1007, in hf_hub_download
[2025-10-29T03:40:09.495+0700] {subprocess.py:93} INFO -     return _hf_hub_download_to_cache_dir(
[2025-10-29T03:40:09.495+0700] {subprocess.py:93} INFO -            ^^^^^^^^^^^^^^^^^^^^^^^^^^^^^^
[2025-10-29T03:40:09.495+0700] {subprocess.py:93} INFO -   File "/home/***/.local/lib/python3.12/site-packages/huggingface_hub/file_download.py", line 1124, in _hf_hub_download_to_cache_dir
[2025-10-29T03:40:09.495+0700] {subprocess.py:93} INFO -     os.makedirs(os.path.dirname(blob_path), exist_ok=True)
[2025-10-29T03:40:09.495+0700] {subprocess.py:93} INFO -   File "<frozen os>", line 216, in makedirs
[2025-10-29T03:40:09.496+0700] {subprocess.py:93} INFO -   File "<frozen os>", line 216, in makedirs
[2025-10-29T03:40:09.496+0700] {subprocess.py:93} INFO -   File "<frozen os>", line 216, in makedirs
[2025-10-29T03:40:09.496+0700] {subprocess.py:93} INFO -   File "<frozen os>", line 230, in makedirs
[2025-10-29T03:40:09.496+0700] {subprocess.py:93} INFO - PermissionError: [Errno 13] Permission denied: '/home/***/.cache/huggingface'
[2025-10-29T03:40:09.496+0700] {subprocess.py:93} INFO - 
[2025-10-29T03:40:09.496+0700] {subprocess.py:93} INFO - 
[2025-10-29T03:40:10.030+0700] {subprocess.py:97} INFO - Command exited with return code 1
[2025-10-29T03:40:10.031+0700] {taskinstance.py:441} INFO - ::group::Post task execution logs
[2025-10-29T03:40:10.037+0700] {taskinstance.py:2890} ERROR - Task failed with exception
Traceback (most recent call last):
  File "/home/airflow/.local/lib/python3.12/site-packages/airflow/models/taskinstance.py", line 460, in _execute_task
    result = _execute_callable(context=context, **execute_callable_kwargs)
             ^^^^^^^^^^^^^^^^^^^^^^^^^^^^^^^^^^^^^^^^^^^^^^^^^^^^^^^^^^^^^
  File "/home/airflow/.local/lib/python3.12/site-packages/airflow/models/taskinstance.py", line 432, in _execute_callable
    return execute_callable(context=context, **execute_callable_kwargs)
           ^^^^^^^^^^^^^^^^^^^^^^^^^^^^^^^^^^^^^^^^^^^^^^^^^^^^^^^^^^^^
  File "/home/airflow/.local/lib/python3.12/site-packages/airflow/models/baseoperator.py", line 400, in wrapper
    return func(self, *args, **kwargs)
           ^^^^^^^^^^^^^^^^^^^^^^^^^^^
  File "/home/airflow/.local/lib/python3.12/site-packages/airflow/operators/bash.py", line 243, in execute
    raise AirflowException(
airflow.exceptions.AirflowException: Bash command failed. The command returned a non-zero exit code 1.
[2025-10-29T03:40:10.039+0700] {taskinstance.py:1205} INFO - Marking task as UP_FOR_RETRY. dag_id=absa_streaming_lifecycle_demo1, task_id=deploy_consumer, execution_date=20251028T190000, start_date=20251028T203952, end_date=20251028T204010
[2025-10-29T03:40:10.047+0700] {standard_task_runner.py:110} ERROR - Failed to execute job 34 for task deploy_consumer (Bash command failed. The command returned a non-zero exit code 1.; 12044)
[2025-10-29T03:40:10.060+0700] {local_task_job_runner.py:240} INFO - Task exited with return code 1
[2025-10-29T03:40:10.080+0700] {taskinstance.py:3482} INFO - 0 downstream tasks scheduled from follow-on schedule check
[2025-10-29T03:40:10.082+0700] {local_task_job_runner.py:222} INFO - ::endgroup::
