[2025-10-29T03:37:31.832+0700] {local_task_job_runner.py:120} INFO - ::group::Pre task execution logs
[2025-10-29T03:37:31.846+0700] {taskinstance.py:2073} INFO - Dependencies all met for dep_context=non-requeueable deps ti=<TaskInstance: absa_streaming_lifecycle_demo1.deploy_consumer scheduled__2025-10-28T19:00:00+00:00 [queued]>
[2025-10-29T03:37:31.851+0700] {taskinstance.py:2073} INFO - Dependencies all met for dep_context=requeueable deps ti=<TaskInstance: absa_streaming_lifecycle_demo1.deploy_consumer scheduled__2025-10-28T19:00:00+00:00 [queued]>
[2025-10-29T03:37:31.851+0700] {taskinstance.py:2303} INFO - Starting attempt 15 of 17
[2025-10-29T03:37:31.859+0700] {taskinstance.py:2327} INFO - Executing <Task(BashOperator): deploy_consumer> on 2025-10-28 19:00:00+00:00
[2025-10-29T03:37:31.868+0700] {warnings.py:110} WARNING - /home/***/.local/lib/python3.12/site-packages/***/task/task_runner/standard_task_runner.py:61: DeprecationWarning: This process (pid=11528) is multi-threaded, use of fork() may lead to deadlocks in the child.
  pid = os.fork()

[2025-10-29T03:37:31.869+0700] {standard_task_runner.py:63} INFO - Started process 11530 to run task
[2025-10-29T03:37:31.869+0700] {standard_task_runner.py:90} INFO - Running: ['***', 'tasks', 'run', 'absa_streaming_lifecycle_demo1', 'deploy_consumer', 'scheduled__2025-10-28T19:00:00+00:00', '--job-id', '33', '--raw', '--subdir', 'DAGS_FOLDER/absa_streaming_lifecycle_dag1.py', '--cfg-path', '/tmp/tmpnhtn71df']
[2025-10-29T03:37:31.871+0700] {standard_task_runner.py:91} INFO - Job 33: Subtask deploy_consumer
[2025-10-29T03:37:31.904+0700] {task_command.py:426} INFO - Running <TaskInstance: absa_streaming_lifecycle_demo1.deploy_consumer scheduled__2025-10-28T19:00:00+00:00 [running]> on host dfeadd712fc3
[2025-10-29T03:37:31.949+0700] {taskinstance.py:2644} INFO - Exporting env vars: AIRFLOW_CTX_DAG_OWNER='***' AIRFLOW_CTX_DAG_ID='absa_streaming_lifecycle_demo1' AIRFLOW_CTX_TASK_ID='deploy_consumer' AIRFLOW_CTX_EXECUTION_DATE='2025-10-28T19:00:00+00:00' AIRFLOW_CTX_TRY_NUMBER='15' AIRFLOW_CTX_DAG_RUN_ID='scheduled__2025-10-28T19:00:00+00:00'
[2025-10-29T03:37:31.951+0700] {taskinstance.py:430} INFO - ::endgroup::
[2025-10-29T03:37:31.951+0700] {subprocess.py:63} INFO - Tmp dir root location: /tmp
[2025-10-29T03:37:31.951+0700] {subprocess.py:75} INFO - Running command: ['/usr/bin/bash', '-c', 'bash -c "timeout 45m /opt/***/projects/absa_streaming/scripts/run_consumer.sh"']
[2025-10-29T03:37:31.964+0700] {subprocess.py:86} INFO - Output:
[2025-10-29T03:37:31.969+0700] {subprocess.py:93} INFO - [Consumer] Starting Spark Structured Streaming job...
[2025-10-29T03:37:32.000+0700] {subprocess.py:93} INFO - /home/***/.local/lib/python3.12/site-packages/pyspark/bin/load-spark-env.sh: line 68: ps: command not found
[2025-10-29T03:37:32.877+0700] {subprocess.py:93} INFO - :: loading settings :: url = jar:file:/home/***/.local/lib/python3.12/site-packages/pyspark/jars/ivy-2.5.1.jar!/org/apache/ivy/core/settings/ivysettings.xml
[2025-10-29T03:37:32.923+0700] {subprocess.py:93} INFO - Ivy Default Cache set to: /home/***/.ivy2/cache
[2025-10-29T03:37:32.924+0700] {subprocess.py:93} INFO - The jars for the packages stored in: /home/***/.ivy2/jars
[2025-10-29T03:37:32.927+0700] {subprocess.py:93} INFO - org.apache.spark#spark-sql-kafka-0-10_2.12 added as a dependency
[2025-10-29T03:37:32.927+0700] {subprocess.py:93} INFO - org.postgresql#postgresql added as a dependency
[2025-10-29T03:37:32.927+0700] {subprocess.py:93} INFO - :: resolving dependencies :: org.apache.spark#spark-submit-parent-133de1b7-d1dd-4d2e-a6ab-77586112e14a;1.0
[2025-10-29T03:37:32.928+0700] {subprocess.py:93} INFO - 	confs: [default]
[2025-10-29T03:37:33.047+0700] {subprocess.py:93} INFO - 	found org.apache.spark#spark-sql-kafka-0-10_2.12;3.5.1 in central
[2025-10-29T03:37:33.088+0700] {subprocess.py:93} INFO - 	found org.apache.spark#spark-token-provider-kafka-0-10_2.12;3.5.1 in central
[2025-10-29T03:37:33.116+0700] {subprocess.py:93} INFO - 	found org.apache.kafka#kafka-clients;3.4.1 in central
[2025-10-29T03:37:33.137+0700] {subprocess.py:93} INFO - 	found org.lz4#lz4-java;1.8.0 in central
[2025-10-29T03:37:33.155+0700] {subprocess.py:93} INFO - 	found org.xerial.snappy#snappy-java;1.1.10.3 in central
[2025-10-29T03:37:33.170+0700] {subprocess.py:93} INFO - 	found org.slf4j#slf4j-api;2.0.7 in central
[2025-10-29T03:37:33.190+0700] {subprocess.py:93} INFO - 	found org.apache.hadoop#hadoop-client-runtime;3.3.4 in central
[2025-10-29T03:37:33.212+0700] {subprocess.py:93} INFO - 	found org.apache.hadoop#hadoop-client-api;3.3.4 in central
[2025-10-29T03:37:33.230+0700] {subprocess.py:93} INFO - 	found commons-logging#commons-logging;1.1.3 in central
[2025-10-29T03:37:33.246+0700] {subprocess.py:93} INFO - 	found com.google.code.findbugs#jsr305;3.0.0 in central
[2025-10-29T03:37:33.262+0700] {subprocess.py:93} INFO - 	found org.apache.commons#commons-pool2;2.11.1 in central
[2025-10-29T03:37:33.273+0700] {subprocess.py:93} INFO - 	found org.postgresql#postgresql;42.6.0 in central
[2025-10-29T03:37:33.281+0700] {subprocess.py:93} INFO - 	found org.checkerframework#checker-qual;3.31.0 in central
[2025-10-29T03:37:33.301+0700] {subprocess.py:93} INFO - :: resolution report :: resolve 362ms :: artifacts dl 12ms
[2025-10-29T03:37:33.302+0700] {subprocess.py:93} INFO - 	:: modules in use:
[2025-10-29T03:37:33.302+0700] {subprocess.py:93} INFO - 	com.google.code.findbugs#jsr305;3.0.0 from central in [default]
[2025-10-29T03:37:33.302+0700] {subprocess.py:93} INFO - 	commons-logging#commons-logging;1.1.3 from central in [default]
[2025-10-29T03:37:33.302+0700] {subprocess.py:93} INFO - 	org.apache.commons#commons-pool2;2.11.1 from central in [default]
[2025-10-29T03:37:33.303+0700] {subprocess.py:93} INFO - 	org.apache.hadoop#hadoop-client-api;3.3.4 from central in [default]
[2025-10-29T03:37:33.303+0700] {subprocess.py:93} INFO - 	org.apache.hadoop#hadoop-client-runtime;3.3.4 from central in [default]
[2025-10-29T03:37:33.303+0700] {subprocess.py:93} INFO - 	org.apache.kafka#kafka-clients;3.4.1 from central in [default]
[2025-10-29T03:37:33.304+0700] {subprocess.py:93} INFO - 	org.apache.spark#spark-sql-kafka-0-10_2.12;3.5.1 from central in [default]
[2025-10-29T03:37:33.304+0700] {subprocess.py:93} INFO - 	org.apache.spark#spark-token-provider-kafka-0-10_2.12;3.5.1 from central in [default]
[2025-10-29T03:37:33.304+0700] {subprocess.py:93} INFO - 	org.checkerframework#checker-qual;3.31.0 from central in [default]
[2025-10-29T03:37:33.304+0700] {subprocess.py:93} INFO - 	org.lz4#lz4-java;1.8.0 from central in [default]
[2025-10-29T03:37:33.304+0700] {subprocess.py:93} INFO - 	org.postgresql#postgresql;42.6.0 from central in [default]
[2025-10-29T03:37:33.304+0700] {subprocess.py:93} INFO - 	org.slf4j#slf4j-api;2.0.7 from central in [default]
[2025-10-29T03:37:33.305+0700] {subprocess.py:93} INFO - 	org.xerial.snappy#snappy-java;1.1.10.3 from central in [default]
[2025-10-29T03:37:33.305+0700] {subprocess.py:93} INFO - 	---------------------------------------------------------------------
[2025-10-29T03:37:33.305+0700] {subprocess.py:93} INFO - 	|                  |            modules            ||   artifacts   |
[2025-10-29T03:37:33.305+0700] {subprocess.py:93} INFO - 	|       conf       | number| search|dwnlded|evicted|| number|dwnlded|
[2025-10-29T03:37:33.305+0700] {subprocess.py:93} INFO - 	---------------------------------------------------------------------
[2025-10-29T03:37:33.306+0700] {subprocess.py:93} INFO - 	|      default     |   13  |   0   |   0   |   0   ||   13  |   0   |
[2025-10-29T03:37:33.306+0700] {subprocess.py:93} INFO - 	---------------------------------------------------------------------
[2025-10-29T03:37:33.308+0700] {subprocess.py:93} INFO - :: retrieving :: org.apache.spark#spark-submit-parent-133de1b7-d1dd-4d2e-a6ab-77586112e14a
[2025-10-29T03:37:33.308+0700] {subprocess.py:93} INFO - 	confs: [default]
[2025-10-29T03:37:33.316+0700] {subprocess.py:93} INFO - 	0 artifacts copied, 13 already retrieved (0kB/9ms)
[2025-10-29T03:37:33.470+0700] {subprocess.py:93} INFO - 25/10/29 03:37:33 WARN NativeCodeLoader: Unable to load native-hadoop library for your platform... using builtin-java classes where applicable
[2025-10-29T03:37:36.808+0700] {subprocess.py:93} INFO - There was a problem when trying to write in your cache folder (/home/***/.cache/huggingface/hub). You should set the environment variable TRANSFORMERS_CACHE to a writable directory.
[2025-10-29T03:37:36.921+0700] {subprocess.py:93} INFO - 25/10/29 03:37:36 INFO SparkContext: Running Spark version 3.5.1
[2025-10-29T03:37:36.921+0700] {subprocess.py:93} INFO - 25/10/29 03:37:36 INFO SparkContext: OS info Linux, 6.14.0-33-generic, amd64
[2025-10-29T03:37:36.921+0700] {subprocess.py:93} INFO - 25/10/29 03:37:36 INFO SparkContext: Java version 17.0.17
[2025-10-29T03:37:36.932+0700] {subprocess.py:93} INFO - 25/10/29 03:37:36 INFO ResourceUtils: ==============================================================
[2025-10-29T03:37:36.932+0700] {subprocess.py:93} INFO - 25/10/29 03:37:36 INFO ResourceUtils: No custom resources configured for spark.driver.
[2025-10-29T03:37:36.933+0700] {subprocess.py:93} INFO - 25/10/29 03:37:36 INFO ResourceUtils: ==============================================================
[2025-10-29T03:37:36.933+0700] {subprocess.py:93} INFO - 25/10/29 03:37:36 INFO SparkContext: Submitted application: Kafka_ABSA_Postgres
[2025-10-29T03:37:36.943+0700] {subprocess.py:93} INFO - 25/10/29 03:37:36 INFO ResourceProfile: Default ResourceProfile created, executor resources: Map(cores -> name: cores, amount: 1, script: , vendor: , memory -> name: memory, amount: 1024, script: , vendor: , offHeap -> name: offHeap, amount: 0, script: , vendor: ), task resources: Map(cpus -> name: cpus, amount: 1.0)
[2025-10-29T03:37:36.948+0700] {subprocess.py:93} INFO - 25/10/29 03:37:36 INFO ResourceProfile: Limiting resource is cpu
[2025-10-29T03:37:36.948+0700] {subprocess.py:93} INFO - 25/10/29 03:37:36 INFO ResourceProfileManager: Added ResourceProfile id: 0
[2025-10-29T03:37:36.976+0700] {subprocess.py:93} INFO - 25/10/29 03:37:36 INFO SecurityManager: Changing view acls to: default
[2025-10-29T03:37:36.977+0700] {subprocess.py:93} INFO - 25/10/29 03:37:36 INFO SecurityManager: Changing modify acls to: default
[2025-10-29T03:37:36.977+0700] {subprocess.py:93} INFO - 25/10/29 03:37:36 INFO SecurityManager: Changing view acls groups to:
[2025-10-29T03:37:36.977+0700] {subprocess.py:93} INFO - 25/10/29 03:37:36 INFO SecurityManager: Changing modify acls groups to:
[2025-10-29T03:37:36.977+0700] {subprocess.py:93} INFO - 25/10/29 03:37:36 INFO SecurityManager: SecurityManager: authentication disabled; ui acls disabled; users with view permissions: default; groups with view permissions: EMPTY; users with modify permissions: default; groups with modify permissions: EMPTY
[2025-10-29T03:37:37.112+0700] {subprocess.py:93} INFO - 25/10/29 03:37:37 INFO Utils: Successfully started service 'sparkDriver' on port 43527.
[2025-10-29T03:37:37.135+0700] {subprocess.py:93} INFO - 25/10/29 03:37:37 INFO SparkEnv: Registering MapOutputTracker
[2025-10-29T03:37:37.157+0700] {subprocess.py:93} INFO - 25/10/29 03:37:37 INFO SparkEnv: Registering BlockManagerMaster
[2025-10-29T03:37:37.168+0700] {subprocess.py:93} INFO - 25/10/29 03:37:37 INFO BlockManagerMasterEndpoint: Using org.apache.spark.storage.DefaultTopologyMapper for getting topology information
[2025-10-29T03:37:37.169+0700] {subprocess.py:93} INFO - 25/10/29 03:37:37 INFO BlockManagerMasterEndpoint: BlockManagerMasterEndpoint up
[2025-10-29T03:37:37.171+0700] {subprocess.py:93} INFO - 25/10/29 03:37:37 INFO SparkEnv: Registering BlockManagerMasterHeartbeat
[2025-10-29T03:37:37.185+0700] {subprocess.py:93} INFO - 25/10/29 03:37:37 INFO DiskBlockManager: Created local directory at /tmp/blockmgr-152c73d2-532a-4607-820c-c6d7bb033e66
[2025-10-29T03:37:37.194+0700] {subprocess.py:93} INFO - 25/10/29 03:37:37 INFO MemoryStore: MemoryStore started with capacity 434.4 MiB
[2025-10-29T03:37:37.203+0700] {subprocess.py:93} INFO - 25/10/29 03:37:37 INFO SparkEnv: Registering OutputCommitCoordinator
[2025-10-29T03:37:37.282+0700] {subprocess.py:93} INFO - 25/10/29 03:37:37 INFO JettyUtils: Start Jetty 0.0.0.0:4040 for SparkUI
[2025-10-29T03:37:37.317+0700] {subprocess.py:93} INFO - 25/10/29 03:37:37 INFO Utils: Successfully started service 'SparkUI' on port 4040.
[2025-10-29T03:37:37.341+0700] {subprocess.py:93} INFO - 25/10/29 03:37:37 INFO SparkContext: Added JAR file:///home/***/.ivy2/jars/org.apache.spark_spark-sql-kafka-0-10_2.12-3.5.1.jar at spark://dfeadd712fc3:43527/jars/org.apache.spark_spark-sql-kafka-0-10_2.12-3.5.1.jar with timestamp 1761683856916
[2025-10-29T03:37:37.341+0700] {subprocess.py:93} INFO - 25/10/29 03:37:37 INFO SparkContext: Added JAR file:///home/***/.ivy2/jars/org.postgresql_postgresql-42.6.0.jar at spark://dfeadd712fc3:43527/jars/org.postgresql_postgresql-42.6.0.jar with timestamp 1761683856916
[2025-10-29T03:37:37.342+0700] {subprocess.py:93} INFO - 25/10/29 03:37:37 INFO SparkContext: Added JAR file:///home/***/.ivy2/jars/org.apache.spark_spark-token-provider-kafka-0-10_2.12-3.5.1.jar at spark://dfeadd712fc3:43527/jars/org.apache.spark_spark-token-provider-kafka-0-10_2.12-3.5.1.jar with timestamp 1761683856916
[2025-10-29T03:37:37.342+0700] {subprocess.py:93} INFO - 25/10/29 03:37:37 INFO SparkContext: Added JAR file:///home/***/.ivy2/jars/org.apache.kafka_kafka-clients-3.4.1.jar at spark://dfeadd712fc3:43527/jars/org.apache.kafka_kafka-clients-3.4.1.jar with timestamp 1761683856916
[2025-10-29T03:37:37.342+0700] {subprocess.py:93} INFO - 25/10/29 03:37:37 INFO SparkContext: Added JAR file:///home/***/.ivy2/jars/com.google.code.findbugs_jsr305-3.0.0.jar at spark://dfeadd712fc3:43527/jars/com.google.code.findbugs_jsr305-3.0.0.jar with timestamp 1761683856916
[2025-10-29T03:37:37.342+0700] {subprocess.py:93} INFO - 25/10/29 03:37:37 INFO SparkContext: Added JAR file:///home/***/.ivy2/jars/org.apache.commons_commons-pool2-2.11.1.jar at spark://dfeadd712fc3:43527/jars/org.apache.commons_commons-pool2-2.11.1.jar with timestamp 1761683856916
[2025-10-29T03:37:37.343+0700] {subprocess.py:93} INFO - 25/10/29 03:37:37 INFO SparkContext: Added JAR file:///home/***/.ivy2/jars/org.apache.hadoop_hadoop-client-runtime-3.3.4.jar at spark://dfeadd712fc3:43527/jars/org.apache.hadoop_hadoop-client-runtime-3.3.4.jar with timestamp 1761683856916
[2025-10-29T03:37:37.343+0700] {subprocess.py:93} INFO - 25/10/29 03:37:37 INFO SparkContext: Added JAR file:///home/***/.ivy2/jars/org.lz4_lz4-java-1.8.0.jar at spark://dfeadd712fc3:43527/jars/org.lz4_lz4-java-1.8.0.jar with timestamp 1761683856916
[2025-10-29T03:37:37.343+0700] {subprocess.py:93} INFO - 25/10/29 03:37:37 INFO SparkContext: Added JAR file:///home/***/.ivy2/jars/org.xerial.snappy_snappy-java-1.1.10.3.jar at spark://dfeadd712fc3:43527/jars/org.xerial.snappy_snappy-java-1.1.10.3.jar with timestamp 1761683856916
[2025-10-29T03:37:37.343+0700] {subprocess.py:93} INFO - 25/10/29 03:37:37 INFO SparkContext: Added JAR file:///home/***/.ivy2/jars/org.slf4j_slf4j-api-2.0.7.jar at spark://dfeadd712fc3:43527/jars/org.slf4j_slf4j-api-2.0.7.jar with timestamp 1761683856916
[2025-10-29T03:37:37.343+0700] {subprocess.py:93} INFO - 25/10/29 03:37:37 INFO SparkContext: Added JAR file:///home/***/.ivy2/jars/org.apache.hadoop_hadoop-client-api-3.3.4.jar at spark://dfeadd712fc3:43527/jars/org.apache.hadoop_hadoop-client-api-3.3.4.jar with timestamp 1761683856916
[2025-10-29T03:37:37.344+0700] {subprocess.py:93} INFO - 25/10/29 03:37:37 INFO SparkContext: Added JAR file:///home/***/.ivy2/jars/commons-logging_commons-logging-1.1.3.jar at spark://dfeadd712fc3:43527/jars/commons-logging_commons-logging-1.1.3.jar with timestamp 1761683856916
[2025-10-29T03:37:37.344+0700] {subprocess.py:93} INFO - 25/10/29 03:37:37 INFO SparkContext: Added JAR file:///home/***/.ivy2/jars/org.checkerframework_checker-qual-3.31.0.jar at spark://dfeadd712fc3:43527/jars/org.checkerframework_checker-qual-3.31.0.jar with timestamp 1761683856916
[2025-10-29T03:37:37.344+0700] {subprocess.py:93} INFO - 25/10/29 03:37:37 INFO SparkContext: Added file file:///home/***/.ivy2/jars/org.apache.spark_spark-sql-kafka-0-10_2.12-3.5.1.jar at file:///home/***/.ivy2/jars/org.apache.spark_spark-sql-kafka-0-10_2.12-3.5.1.jar with timestamp 1761683856916
[2025-10-29T03:37:37.344+0700] {subprocess.py:93} INFO - 25/10/29 03:37:37 INFO Utils: Copying /home/***/.ivy2/jars/org.apache.spark_spark-sql-kafka-0-10_2.12-3.5.1.jar to /tmp/spark-cf60f0b4-a25c-439d-9e17-852d4f7366be/userFiles-6c330360-754f-48cb-b3db-bd253fdd726d/org.apache.spark_spark-sql-kafka-0-10_2.12-3.5.1.jar
[2025-10-29T03:37:37.351+0700] {subprocess.py:93} INFO - 25/10/29 03:37:37 INFO SparkContext: Added file file:///home/***/.ivy2/jars/org.postgresql_postgresql-42.6.0.jar at file:///home/***/.ivy2/jars/org.postgresql_postgresql-42.6.0.jar with timestamp 1761683856916
[2025-10-29T03:37:37.351+0700] {subprocess.py:93} INFO - 25/10/29 03:37:37 INFO Utils: Copying /home/***/.ivy2/jars/org.postgresql_postgresql-42.6.0.jar to /tmp/spark-cf60f0b4-a25c-439d-9e17-852d4f7366be/userFiles-6c330360-754f-48cb-b3db-bd253fdd726d/org.postgresql_postgresql-42.6.0.jar
[2025-10-29T03:37:37.354+0700] {subprocess.py:93} INFO - 25/10/29 03:37:37 INFO SparkContext: Added file file:///home/***/.ivy2/jars/org.apache.spark_spark-token-provider-kafka-0-10_2.12-3.5.1.jar at file:///home/***/.ivy2/jars/org.apache.spark_spark-token-provider-kafka-0-10_2.12-3.5.1.jar with timestamp 1761683856916
[2025-10-29T03:37:37.355+0700] {subprocess.py:93} INFO - 25/10/29 03:37:37 INFO Utils: Copying /home/***/.ivy2/jars/org.apache.spark_spark-token-provider-kafka-0-10_2.12-3.5.1.jar to /tmp/spark-cf60f0b4-a25c-439d-9e17-852d4f7366be/userFiles-6c330360-754f-48cb-b3db-bd253fdd726d/org.apache.spark_spark-token-provider-kafka-0-10_2.12-3.5.1.jar
[2025-10-29T03:37:37.358+0700] {subprocess.py:93} INFO - 25/10/29 03:37:37 INFO SparkContext: Added file file:///home/***/.ivy2/jars/org.apache.kafka_kafka-clients-3.4.1.jar at file:///home/***/.ivy2/jars/org.apache.kafka_kafka-clients-3.4.1.jar with timestamp 1761683856916
[2025-10-29T03:37:37.359+0700] {subprocess.py:93} INFO - 25/10/29 03:37:37 INFO Utils: Copying /home/***/.ivy2/jars/org.apache.kafka_kafka-clients-3.4.1.jar to /tmp/spark-cf60f0b4-a25c-439d-9e17-852d4f7366be/userFiles-6c330360-754f-48cb-b3db-bd253fdd726d/org.apache.kafka_kafka-clients-3.4.1.jar
[2025-10-29T03:37:37.366+0700] {subprocess.py:93} INFO - 25/10/29 03:37:37 INFO SparkContext: Added file file:///home/***/.ivy2/jars/com.google.code.findbugs_jsr305-3.0.0.jar at file:///home/***/.ivy2/jars/com.google.code.findbugs_jsr305-3.0.0.jar with timestamp 1761683856916
[2025-10-29T03:37:37.367+0700] {subprocess.py:93} INFO - 25/10/29 03:37:37 INFO Utils: Copying /home/***/.ivy2/jars/com.google.code.findbugs_jsr305-3.0.0.jar to /tmp/spark-cf60f0b4-a25c-439d-9e17-852d4f7366be/userFiles-6c330360-754f-48cb-b3db-bd253fdd726d/com.google.code.findbugs_jsr305-3.0.0.jar
[2025-10-29T03:37:37.371+0700] {subprocess.py:93} INFO - 25/10/29 03:37:37 INFO SparkContext: Added file file:///home/***/.ivy2/jars/org.apache.commons_commons-pool2-2.11.1.jar at file:///home/***/.ivy2/jars/org.apache.commons_commons-pool2-2.11.1.jar with timestamp 1761683856916
[2025-10-29T03:37:37.371+0700] {subprocess.py:93} INFO - 25/10/29 03:37:37 INFO Utils: Copying /home/***/.ivy2/jars/org.apache.commons_commons-pool2-2.11.1.jar to /tmp/spark-cf60f0b4-a25c-439d-9e17-852d4f7366be/userFiles-6c330360-754f-48cb-b3db-bd253fdd726d/org.apache.commons_commons-pool2-2.11.1.jar
[2025-10-29T03:37:37.375+0700] {subprocess.py:93} INFO - 25/10/29 03:37:37 INFO SparkContext: Added file file:///home/***/.ivy2/jars/org.apache.hadoop_hadoop-client-runtime-3.3.4.jar at file:///home/***/.ivy2/jars/org.apache.hadoop_hadoop-client-runtime-3.3.4.jar with timestamp 1761683856916
[2025-10-29T03:37:37.376+0700] {subprocess.py:93} INFO - 25/10/29 03:37:37 INFO Utils: Copying /home/***/.ivy2/jars/org.apache.hadoop_hadoop-client-runtime-3.3.4.jar to /tmp/spark-cf60f0b4-a25c-439d-9e17-852d4f7366be/userFiles-6c330360-754f-48cb-b3db-bd253fdd726d/org.apache.hadoop_hadoop-client-runtime-3.3.4.jar
[2025-10-29T03:37:37.401+0700] {subprocess.py:93} INFO - 25/10/29 03:37:37 INFO SparkContext: Added file file:///home/***/.ivy2/jars/org.lz4_lz4-java-1.8.0.jar at file:///home/***/.ivy2/jars/org.lz4_lz4-java-1.8.0.jar with timestamp 1761683856916
[2025-10-29T03:37:37.402+0700] {subprocess.py:93} INFO - 25/10/29 03:37:37 INFO Utils: Copying /home/***/.ivy2/jars/org.lz4_lz4-java-1.8.0.jar to /tmp/spark-cf60f0b4-a25c-439d-9e17-852d4f7366be/userFiles-6c330360-754f-48cb-b3db-bd253fdd726d/org.lz4_lz4-java-1.8.0.jar
[2025-10-29T03:37:37.407+0700] {subprocess.py:93} INFO - 25/10/29 03:37:37 INFO SparkContext: Added file file:///home/***/.ivy2/jars/org.xerial.snappy_snappy-java-1.1.10.3.jar at file:///home/***/.ivy2/jars/org.xerial.snappy_snappy-java-1.1.10.3.jar with timestamp 1761683856916
[2025-10-29T03:37:37.407+0700] {subprocess.py:93} INFO - 25/10/29 03:37:37 INFO Utils: Copying /home/***/.ivy2/jars/org.xerial.snappy_snappy-java-1.1.10.3.jar to /tmp/spark-cf60f0b4-a25c-439d-9e17-852d4f7366be/userFiles-6c330360-754f-48cb-b3db-bd253fdd726d/org.xerial.snappy_snappy-java-1.1.10.3.jar
[2025-10-29T03:37:37.414+0700] {subprocess.py:93} INFO - 25/10/29 03:37:37 INFO SparkContext: Added file file:///home/***/.ivy2/jars/org.slf4j_slf4j-api-2.0.7.jar at file:///home/***/.ivy2/jars/org.slf4j_slf4j-api-2.0.7.jar with timestamp 1761683856916
[2025-10-29T03:37:37.415+0700] {subprocess.py:93} INFO - 25/10/29 03:37:37 INFO Utils: Copying /home/***/.ivy2/jars/org.slf4j_slf4j-api-2.0.7.jar to /tmp/spark-cf60f0b4-a25c-439d-9e17-852d4f7366be/userFiles-6c330360-754f-48cb-b3db-bd253fdd726d/org.slf4j_slf4j-api-2.0.7.jar
[2025-10-29T03:37:37.419+0700] {subprocess.py:93} INFO - 25/10/29 03:37:37 INFO SparkContext: Added file file:///home/***/.ivy2/jars/org.apache.hadoop_hadoop-client-api-3.3.4.jar at file:///home/***/.ivy2/jars/org.apache.hadoop_hadoop-client-api-3.3.4.jar with timestamp 1761683856916
[2025-10-29T03:37:37.420+0700] {subprocess.py:93} INFO - 25/10/29 03:37:37 INFO Utils: Copying /home/***/.ivy2/jars/org.apache.hadoop_hadoop-client-api-3.3.4.jar to /tmp/spark-cf60f0b4-a25c-439d-9e17-852d4f7366be/userFiles-6c330360-754f-48cb-b3db-bd253fdd726d/org.apache.hadoop_hadoop-client-api-3.3.4.jar
[2025-10-29T03:37:37.437+0700] {subprocess.py:93} INFO - 25/10/29 03:37:37 INFO SparkContext: Added file file:///home/***/.ivy2/jars/commons-logging_commons-logging-1.1.3.jar at file:///home/***/.ivy2/jars/commons-logging_commons-logging-1.1.3.jar with timestamp 1761683856916
[2025-10-29T03:37:37.438+0700] {subprocess.py:93} INFO - 25/10/29 03:37:37 INFO Utils: Copying /home/***/.ivy2/jars/commons-logging_commons-logging-1.1.3.jar to /tmp/spark-cf60f0b4-a25c-439d-9e17-852d4f7366be/userFiles-6c330360-754f-48cb-b3db-bd253fdd726d/commons-logging_commons-logging-1.1.3.jar
[2025-10-29T03:37:37.441+0700] {subprocess.py:93} INFO - 25/10/29 03:37:37 INFO SparkContext: Added file file:///home/***/.ivy2/jars/org.checkerframework_checker-qual-3.31.0.jar at file:///home/***/.ivy2/jars/org.checkerframework_checker-qual-3.31.0.jar with timestamp 1761683856916
[2025-10-29T03:37:37.441+0700] {subprocess.py:93} INFO - 25/10/29 03:37:37 INFO Utils: Copying /home/***/.ivy2/jars/org.checkerframework_checker-qual-3.31.0.jar to /tmp/spark-cf60f0b4-a25c-439d-9e17-852d4f7366be/userFiles-6c330360-754f-48cb-b3db-bd253fdd726d/org.checkerframework_checker-qual-3.31.0.jar
[2025-10-29T03:37:37.481+0700] {subprocess.py:93} INFO - 25/10/29 03:37:37 INFO Executor: Starting executor ID driver on host dfeadd712fc3
[2025-10-29T03:37:37.481+0700] {subprocess.py:93} INFO - 25/10/29 03:37:37 INFO Executor: OS info Linux, 6.14.0-33-generic, amd64
[2025-10-29T03:37:37.481+0700] {subprocess.py:93} INFO - 25/10/29 03:37:37 INFO Executor: Java version 17.0.17
[2025-10-29T03:37:37.484+0700] {subprocess.py:93} INFO - 25/10/29 03:37:37 INFO Executor: Starting executor with user classpath (userClassPathFirst = false): ''
[2025-10-29T03:37:37.485+0700] {subprocess.py:93} INFO - 25/10/29 03:37:37 INFO Executor: Created or updated repl class loader org.apache.spark.util.MutableURLClassLoader@2ad4931 for default.
[2025-10-29T03:37:37.492+0700] {subprocess.py:93} INFO - 25/10/29 03:37:37 INFO Executor: Fetching file:///home/***/.ivy2/jars/org.apache.spark_spark-sql-kafka-0-10_2.12-3.5.1.jar with timestamp 1761683856916
[2025-10-29T03:37:37.508+0700] {subprocess.py:93} INFO - 25/10/29 03:37:37 INFO Utils: /home/***/.ivy2/jars/org.apache.spark_spark-sql-kafka-0-10_2.12-3.5.1.jar has been previously copied to /tmp/spark-cf60f0b4-a25c-439d-9e17-852d4f7366be/userFiles-6c330360-754f-48cb-b3db-bd253fdd726d/org.apache.spark_spark-sql-kafka-0-10_2.12-3.5.1.jar
[2025-10-29T03:37:37.511+0700] {subprocess.py:93} INFO - 25/10/29 03:37:37 INFO Executor: Fetching file:///home/***/.ivy2/jars/org.apache.hadoop_hadoop-client-runtime-3.3.4.jar with timestamp 1761683856916
[2025-10-29T03:37:37.537+0700] {subprocess.py:93} INFO - 25/10/29 03:37:37 INFO Utils: /home/***/.ivy2/jars/org.apache.hadoop_hadoop-client-runtime-3.3.4.jar has been previously copied to /tmp/spark-cf60f0b4-a25c-439d-9e17-852d4f7366be/userFiles-6c330360-754f-48cb-b3db-bd253fdd726d/org.apache.hadoop_hadoop-client-runtime-3.3.4.jar
[2025-10-29T03:37:37.541+0700] {subprocess.py:93} INFO - 25/10/29 03:37:37 INFO Executor: Fetching file:///home/***/.ivy2/jars/org.apache.hadoop_hadoop-client-api-3.3.4.jar with timestamp 1761683856916
[2025-10-29T03:37:37.555+0700] {subprocess.py:93} INFO - 25/10/29 03:37:37 INFO Utils: /home/***/.ivy2/jars/org.apache.hadoop_hadoop-client-api-3.3.4.jar has been previously copied to /tmp/spark-cf60f0b4-a25c-439d-9e17-852d4f7366be/userFiles-6c330360-754f-48cb-b3db-bd253fdd726d/org.apache.hadoop_hadoop-client-api-3.3.4.jar
[2025-10-29T03:37:37.558+0700] {subprocess.py:93} INFO - 25/10/29 03:37:37 INFO Executor: Fetching file:///home/***/.ivy2/jars/org.apache.spark_spark-token-provider-kafka-0-10_2.12-3.5.1.jar with timestamp 1761683856916
[2025-10-29T03:37:37.559+0700] {subprocess.py:93} INFO - 25/10/29 03:37:37 INFO Utils: /home/***/.ivy2/jars/org.apache.spark_spark-token-provider-kafka-0-10_2.12-3.5.1.jar has been previously copied to /tmp/spark-cf60f0b4-a25c-439d-9e17-852d4f7366be/userFiles-6c330360-754f-48cb-b3db-bd253fdd726d/org.apache.spark_spark-token-provider-kafka-0-10_2.12-3.5.1.jar
[2025-10-29T03:37:37.561+0700] {subprocess.py:93} INFO - 25/10/29 03:37:37 INFO Executor: Fetching file:///home/***/.ivy2/jars/com.google.code.findbugs_jsr305-3.0.0.jar with timestamp 1761683856916
[2025-10-29T03:37:37.561+0700] {subprocess.py:93} INFO - 25/10/29 03:37:37 INFO Utils: /home/***/.ivy2/jars/com.google.code.findbugs_jsr305-3.0.0.jar has been previously copied to /tmp/spark-cf60f0b4-a25c-439d-9e17-852d4f7366be/userFiles-6c330360-754f-48cb-b3db-bd253fdd726d/com.google.code.findbugs_jsr305-3.0.0.jar
[2025-10-29T03:37:37.564+0700] {subprocess.py:93} INFO - 25/10/29 03:37:37 INFO Executor: Fetching file:///home/***/.ivy2/jars/org.lz4_lz4-java-1.8.0.jar with timestamp 1761683856916
[2025-10-29T03:37:37.565+0700] {subprocess.py:93} INFO - 25/10/29 03:37:37 INFO Utils: /home/***/.ivy2/jars/org.lz4_lz4-java-1.8.0.jar has been previously copied to /tmp/spark-cf60f0b4-a25c-439d-9e17-852d4f7366be/userFiles-6c330360-754f-48cb-b3db-bd253fdd726d/org.lz4_lz4-java-1.8.0.jar
[2025-10-29T03:37:37.568+0700] {subprocess.py:93} INFO - 25/10/29 03:37:37 INFO Executor: Fetching file:///home/***/.ivy2/jars/org.slf4j_slf4j-api-2.0.7.jar with timestamp 1761683856916
[2025-10-29T03:37:37.568+0700] {subprocess.py:93} INFO - 25/10/29 03:37:37 INFO Utils: /home/***/.ivy2/jars/org.slf4j_slf4j-api-2.0.7.jar has been previously copied to /tmp/spark-cf60f0b4-a25c-439d-9e17-852d4f7366be/userFiles-6c330360-754f-48cb-b3db-bd253fdd726d/org.slf4j_slf4j-api-2.0.7.jar
[2025-10-29T03:37:37.571+0700] {subprocess.py:93} INFO - 25/10/29 03:37:37 INFO Executor: Fetching file:///home/***/.ivy2/jars/org.checkerframework_checker-qual-3.31.0.jar with timestamp 1761683856916
[2025-10-29T03:37:37.571+0700] {subprocess.py:93} INFO - 25/10/29 03:37:37 INFO Utils: /home/***/.ivy2/jars/org.checkerframework_checker-qual-3.31.0.jar has been previously copied to /tmp/spark-cf60f0b4-a25c-439d-9e17-852d4f7366be/userFiles-6c330360-754f-48cb-b3db-bd253fdd726d/org.checkerframework_checker-qual-3.31.0.jar
[2025-10-29T03:37:37.574+0700] {subprocess.py:93} INFO - 25/10/29 03:37:37 INFO Executor: Fetching file:///home/***/.ivy2/jars/org.apache.commons_commons-pool2-2.11.1.jar with timestamp 1761683856916
[2025-10-29T03:37:37.574+0700] {subprocess.py:93} INFO - 25/10/29 03:37:37 INFO Utils: /home/***/.ivy2/jars/org.apache.commons_commons-pool2-2.11.1.jar has been previously copied to /tmp/spark-cf60f0b4-a25c-439d-9e17-852d4f7366be/userFiles-6c330360-754f-48cb-b3db-bd253fdd726d/org.apache.commons_commons-pool2-2.11.1.jar
[2025-10-29T03:37:37.577+0700] {subprocess.py:93} INFO - 25/10/29 03:37:37 INFO Executor: Fetching file:///home/***/.ivy2/jars/commons-logging_commons-logging-1.1.3.jar with timestamp 1761683856916
[2025-10-29T03:37:37.577+0700] {subprocess.py:93} INFO - 25/10/29 03:37:37 INFO Utils: /home/***/.ivy2/jars/commons-logging_commons-logging-1.1.3.jar has been previously copied to /tmp/spark-cf60f0b4-a25c-439d-9e17-852d4f7366be/userFiles-6c330360-754f-48cb-b3db-bd253fdd726d/commons-logging_commons-logging-1.1.3.jar
[2025-10-29T03:37:37.580+0700] {subprocess.py:93} INFO - 25/10/29 03:37:37 INFO Executor: Fetching file:///home/***/.ivy2/jars/org.xerial.snappy_snappy-java-1.1.10.3.jar with timestamp 1761683856916
[2025-10-29T03:37:37.581+0700] {subprocess.py:93} INFO - 25/10/29 03:37:37 INFO Utils: /home/***/.ivy2/jars/org.xerial.snappy_snappy-java-1.1.10.3.jar has been previously copied to /tmp/spark-cf60f0b4-a25c-439d-9e17-852d4f7366be/userFiles-6c330360-754f-48cb-b3db-bd253fdd726d/org.xerial.snappy_snappy-java-1.1.10.3.jar
[2025-10-29T03:37:37.584+0700] {subprocess.py:93} INFO - 25/10/29 03:37:37 INFO Executor: Fetching file:///home/***/.ivy2/jars/org.postgresql_postgresql-42.6.0.jar with timestamp 1761683856916
[2025-10-29T03:37:37.585+0700] {subprocess.py:93} INFO - 25/10/29 03:37:37 INFO Utils: /home/***/.ivy2/jars/org.postgresql_postgresql-42.6.0.jar has been previously copied to /tmp/spark-cf60f0b4-a25c-439d-9e17-852d4f7366be/userFiles-6c330360-754f-48cb-b3db-bd253fdd726d/org.postgresql_postgresql-42.6.0.jar
[2025-10-29T03:37:37.588+0700] {subprocess.py:93} INFO - 25/10/29 03:37:37 INFO Executor: Fetching file:///home/***/.ivy2/jars/org.apache.kafka_kafka-clients-3.4.1.jar with timestamp 1761683856916
[2025-10-29T03:37:37.591+0700] {subprocess.py:93} INFO - 25/10/29 03:37:37 INFO Utils: /home/***/.ivy2/jars/org.apache.kafka_kafka-clients-3.4.1.jar has been previously copied to /tmp/spark-cf60f0b4-a25c-439d-9e17-852d4f7366be/userFiles-6c330360-754f-48cb-b3db-bd253fdd726d/org.apache.kafka_kafka-clients-3.4.1.jar
[2025-10-29T03:37:37.595+0700] {subprocess.py:93} INFO - 25/10/29 03:37:37 INFO Executor: Fetching spark://dfeadd712fc3:43527/jars/org.apache.commons_commons-pool2-2.11.1.jar with timestamp 1761683856916
[2025-10-29T03:37:37.619+0700] {subprocess.py:93} INFO - 25/10/29 03:37:37 INFO TransportClientFactory: Successfully created connection to dfeadd712fc3/172.18.0.6:43527 after 16 ms (0 ms spent in bootstraps)
[2025-10-29T03:37:37.625+0700] {subprocess.py:93} INFO - 25/10/29 03:37:37 INFO Utils: Fetching spark://dfeadd712fc3:43527/jars/org.apache.commons_commons-pool2-2.11.1.jar to /tmp/spark-cf60f0b4-a25c-439d-9e17-852d4f7366be/userFiles-6c330360-754f-48cb-b3db-bd253fdd726d/fetchFileTemp14748412752100276369.tmp
[2025-10-29T03:37:37.643+0700] {subprocess.py:93} INFO - 25/10/29 03:37:37 INFO Utils: /tmp/spark-cf60f0b4-a25c-439d-9e17-852d4f7366be/userFiles-6c330360-754f-48cb-b3db-bd253fdd726d/fetchFileTemp14748412752100276369.tmp has been previously copied to /tmp/spark-cf60f0b4-a25c-439d-9e17-852d4f7366be/userFiles-6c330360-754f-48cb-b3db-bd253fdd726d/org.apache.commons_commons-pool2-2.11.1.jar
[2025-10-29T03:37:37.647+0700] {subprocess.py:93} INFO - 25/10/29 03:37:37 INFO Executor: Adding file:/tmp/spark-cf60f0b4-a25c-439d-9e17-852d4f7366be/userFiles-6c330360-754f-48cb-b3db-bd253fdd726d/org.apache.commons_commons-pool2-2.11.1.jar to class loader default
[2025-10-29T03:37:37.648+0700] {subprocess.py:93} INFO - 25/10/29 03:37:37 INFO Executor: Fetching spark://dfeadd712fc3:43527/jars/com.google.code.findbugs_jsr305-3.0.0.jar with timestamp 1761683856916
[2025-10-29T03:37:37.648+0700] {subprocess.py:93} INFO - 25/10/29 03:37:37 INFO Utils: Fetching spark://dfeadd712fc3:43527/jars/com.google.code.findbugs_jsr305-3.0.0.jar to /tmp/spark-cf60f0b4-a25c-439d-9e17-852d4f7366be/userFiles-6c330360-754f-48cb-b3db-bd253fdd726d/fetchFileTemp2313205905559727866.tmp
[2025-10-29T03:37:37.649+0700] {subprocess.py:93} INFO - 25/10/29 03:37:37 INFO Utils: /tmp/spark-cf60f0b4-a25c-439d-9e17-852d4f7366be/userFiles-6c330360-754f-48cb-b3db-bd253fdd726d/fetchFileTemp2313205905559727866.tmp has been previously copied to /tmp/spark-cf60f0b4-a25c-439d-9e17-852d4f7366be/userFiles-6c330360-754f-48cb-b3db-bd253fdd726d/com.google.code.findbugs_jsr305-3.0.0.jar
[2025-10-29T03:37:37.653+0700] {subprocess.py:93} INFO - 25/10/29 03:37:37 INFO Executor: Adding file:/tmp/spark-cf60f0b4-a25c-439d-9e17-852d4f7366be/userFiles-6c330360-754f-48cb-b3db-bd253fdd726d/com.google.code.findbugs_jsr305-3.0.0.jar to class loader default
[2025-10-29T03:37:37.653+0700] {subprocess.py:93} INFO - 25/10/29 03:37:37 INFO Executor: Fetching spark://dfeadd712fc3:43527/jars/commons-logging_commons-logging-1.1.3.jar with timestamp 1761683856916
[2025-10-29T03:37:37.653+0700] {subprocess.py:93} INFO - 25/10/29 03:37:37 INFO Utils: Fetching spark://dfeadd712fc3:43527/jars/commons-logging_commons-logging-1.1.3.jar to /tmp/spark-cf60f0b4-a25c-439d-9e17-852d4f7366be/userFiles-6c330360-754f-48cb-b3db-bd253fdd726d/fetchFileTemp9295614757506107161.tmp
[2025-10-29T03:37:37.654+0700] {subprocess.py:93} INFO - 25/10/29 03:37:37 INFO Utils: /tmp/spark-cf60f0b4-a25c-439d-9e17-852d4f7366be/userFiles-6c330360-754f-48cb-b3db-bd253fdd726d/fetchFileTemp9295614757506107161.tmp has been previously copied to /tmp/spark-cf60f0b4-a25c-439d-9e17-852d4f7366be/userFiles-6c330360-754f-48cb-b3db-bd253fdd726d/commons-logging_commons-logging-1.1.3.jar
[2025-10-29T03:37:37.658+0700] {subprocess.py:93} INFO - 25/10/29 03:37:37 INFO Executor: Adding file:/tmp/spark-cf60f0b4-a25c-439d-9e17-852d4f7366be/userFiles-6c330360-754f-48cb-b3db-bd253fdd726d/commons-logging_commons-logging-1.1.3.jar to class loader default
[2025-10-29T03:37:37.658+0700] {subprocess.py:93} INFO - 25/10/29 03:37:37 INFO Executor: Fetching spark://dfeadd712fc3:43527/jars/org.apache.kafka_kafka-clients-3.4.1.jar with timestamp 1761683856916
[2025-10-29T03:37:37.658+0700] {subprocess.py:93} INFO - 25/10/29 03:37:37 INFO Utils: Fetching spark://dfeadd712fc3:43527/jars/org.apache.kafka_kafka-clients-3.4.1.jar to /tmp/spark-cf60f0b4-a25c-439d-9e17-852d4f7366be/userFiles-6c330360-754f-48cb-b3db-bd253fdd726d/fetchFileTemp4727713664843007074.tmp
[2025-10-29T03:37:37.672+0700] {subprocess.py:93} INFO - 25/10/29 03:37:37 INFO Utils: /tmp/spark-cf60f0b4-a25c-439d-9e17-852d4f7366be/userFiles-6c330360-754f-48cb-b3db-bd253fdd726d/fetchFileTemp4727713664843007074.tmp has been previously copied to /tmp/spark-cf60f0b4-a25c-439d-9e17-852d4f7366be/userFiles-6c330360-754f-48cb-b3db-bd253fdd726d/org.apache.kafka_kafka-clients-3.4.1.jar
[2025-10-29T03:37:37.681+0700] {subprocess.py:93} INFO - 25/10/29 03:37:37 INFO Executor: Adding file:/tmp/spark-cf60f0b4-a25c-439d-9e17-852d4f7366be/userFiles-6c330360-754f-48cb-b3db-bd253fdd726d/org.apache.kafka_kafka-clients-3.4.1.jar to class loader default
[2025-10-29T03:37:37.682+0700] {subprocess.py:93} INFO - 25/10/29 03:37:37 INFO Executor: Fetching spark://dfeadd712fc3:43527/jars/org.apache.hadoop_hadoop-client-runtime-3.3.4.jar with timestamp 1761683856916
[2025-10-29T03:37:37.682+0700] {subprocess.py:93} INFO - 25/10/29 03:37:37 INFO Utils: Fetching spark://dfeadd712fc3:43527/jars/org.apache.hadoop_hadoop-client-runtime-3.3.4.jar to /tmp/spark-cf60f0b4-a25c-439d-9e17-852d4f7366be/userFiles-6c330360-754f-48cb-b3db-bd253fdd726d/fetchFileTemp9028257320015132847.tmp
[2025-10-29T03:37:37.790+0700] {subprocess.py:93} INFO - 25/10/29 03:37:37 INFO Utils: /tmp/spark-cf60f0b4-a25c-439d-9e17-852d4f7366be/userFiles-6c330360-754f-48cb-b3db-bd253fdd726d/fetchFileTemp9028257320015132847.tmp has been previously copied to /tmp/spark-cf60f0b4-a25c-439d-9e17-852d4f7366be/userFiles-6c330360-754f-48cb-b3db-bd253fdd726d/org.apache.hadoop_hadoop-client-runtime-3.3.4.jar
[2025-10-29T03:37:37.828+0700] {subprocess.py:93} INFO - 25/10/29 03:37:37 INFO Executor: Adding file:/tmp/spark-cf60f0b4-a25c-439d-9e17-852d4f7366be/userFiles-6c330360-754f-48cb-b3db-bd253fdd726d/org.apache.hadoop_hadoop-client-runtime-3.3.4.jar to class loader default
[2025-10-29T03:37:37.828+0700] {subprocess.py:93} INFO - 25/10/29 03:37:37 INFO Executor: Fetching spark://dfeadd712fc3:43527/jars/org.checkerframework_checker-qual-3.31.0.jar with timestamp 1761683856916
[2025-10-29T03:37:37.828+0700] {subprocess.py:93} INFO - 25/10/29 03:37:37 INFO Utils: Fetching spark://dfeadd712fc3:43527/jars/org.checkerframework_checker-qual-3.31.0.jar to /tmp/spark-cf60f0b4-a25c-439d-9e17-852d4f7366be/userFiles-6c330360-754f-48cb-b3db-bd253fdd726d/fetchFileTemp13282856834241744536.tmp
[2025-10-29T03:37:37.830+0700] {subprocess.py:93} INFO - 25/10/29 03:37:37 INFO Utils: /tmp/spark-cf60f0b4-a25c-439d-9e17-852d4f7366be/userFiles-6c330360-754f-48cb-b3db-bd253fdd726d/fetchFileTemp13282856834241744536.tmp has been previously copied to /tmp/spark-cf60f0b4-a25c-439d-9e17-852d4f7366be/userFiles-6c330360-754f-48cb-b3db-bd253fdd726d/org.checkerframework_checker-qual-3.31.0.jar
[2025-10-29T03:37:37.833+0700] {subprocess.py:93} INFO - 25/10/29 03:37:37 INFO Executor: Adding file:/tmp/spark-cf60f0b4-a25c-439d-9e17-852d4f7366be/userFiles-6c330360-754f-48cb-b3db-bd253fdd726d/org.checkerframework_checker-qual-3.31.0.jar to class loader default
[2025-10-29T03:37:37.833+0700] {subprocess.py:93} INFO - 25/10/29 03:37:37 INFO Executor: Fetching spark://dfeadd712fc3:43527/jars/org.postgresql_postgresql-42.6.0.jar with timestamp 1761683856916
[2025-10-29T03:37:37.833+0700] {subprocess.py:93} INFO - 25/10/29 03:37:37 INFO Utils: Fetching spark://dfeadd712fc3:43527/jars/org.postgresql_postgresql-42.6.0.jar to /tmp/spark-cf60f0b4-a25c-439d-9e17-852d4f7366be/userFiles-6c330360-754f-48cb-b3db-bd253fdd726d/fetchFileTemp8811421118553797396.tmp
[2025-10-29T03:37:37.836+0700] {subprocess.py:93} INFO - 25/10/29 03:37:37 INFO Utils: /tmp/spark-cf60f0b4-a25c-439d-9e17-852d4f7366be/userFiles-6c330360-754f-48cb-b3db-bd253fdd726d/fetchFileTemp8811421118553797396.tmp has been previously copied to /tmp/spark-cf60f0b4-a25c-439d-9e17-852d4f7366be/userFiles-6c330360-754f-48cb-b3db-bd253fdd726d/org.postgresql_postgresql-42.6.0.jar
[2025-10-29T03:37:37.841+0700] {subprocess.py:93} INFO - 25/10/29 03:37:37 INFO Executor: Adding file:/tmp/spark-cf60f0b4-a25c-439d-9e17-852d4f7366be/userFiles-6c330360-754f-48cb-b3db-bd253fdd726d/org.postgresql_postgresql-42.6.0.jar to class loader default
[2025-10-29T03:37:37.841+0700] {subprocess.py:93} INFO - 25/10/29 03:37:37 INFO Executor: Fetching spark://dfeadd712fc3:43527/jars/org.apache.spark_spark-token-provider-kafka-0-10_2.12-3.5.1.jar with timestamp 1761683856916
[2025-10-29T03:37:37.841+0700] {subprocess.py:93} INFO - 25/10/29 03:37:37 INFO Utils: Fetching spark://dfeadd712fc3:43527/jars/org.apache.spark_spark-token-provider-kafka-0-10_2.12-3.5.1.jar to /tmp/spark-cf60f0b4-a25c-439d-9e17-852d4f7366be/userFiles-6c330360-754f-48cb-b3db-bd253fdd726d/fetchFileTemp15664115946960935886.tmp
[2025-10-29T03:37:37.842+0700] {subprocess.py:93} INFO - 25/10/29 03:37:37 INFO Utils: /tmp/spark-cf60f0b4-a25c-439d-9e17-852d4f7366be/userFiles-6c330360-754f-48cb-b3db-bd253fdd726d/fetchFileTemp15664115946960935886.tmp has been previously copied to /tmp/spark-cf60f0b4-a25c-439d-9e17-852d4f7366be/userFiles-6c330360-754f-48cb-b3db-bd253fdd726d/org.apache.spark_spark-token-provider-kafka-0-10_2.12-3.5.1.jar
[2025-10-29T03:37:37.845+0700] {subprocess.py:93} INFO - 25/10/29 03:37:37 INFO Executor: Adding file:/tmp/spark-cf60f0b4-a25c-439d-9e17-852d4f7366be/userFiles-6c330360-754f-48cb-b3db-bd253fdd726d/org.apache.spark_spark-token-provider-kafka-0-10_2.12-3.5.1.jar to class loader default
[2025-10-29T03:37:37.845+0700] {subprocess.py:93} INFO - 25/10/29 03:37:37 INFO Executor: Fetching spark://dfeadd712fc3:43527/jars/org.apache.hadoop_hadoop-client-api-3.3.4.jar with timestamp 1761683856916
[2025-10-29T03:37:37.846+0700] {subprocess.py:93} INFO - 25/10/29 03:37:37 INFO Utils: Fetching spark://dfeadd712fc3:43527/jars/org.apache.hadoop_hadoop-client-api-3.3.4.jar to /tmp/spark-cf60f0b4-a25c-439d-9e17-852d4f7366be/userFiles-6c330360-754f-48cb-b3db-bd253fdd726d/fetchFileTemp14237396123000225790.tmp
[2025-10-29T03:37:37.895+0700] {subprocess.py:93} INFO - 25/10/29 03:37:37 INFO Utils: /tmp/spark-cf60f0b4-a25c-439d-9e17-852d4f7366be/userFiles-6c330360-754f-48cb-b3db-bd253fdd726d/fetchFileTemp14237396123000225790.tmp has been previously copied to /tmp/spark-cf60f0b4-a25c-439d-9e17-852d4f7366be/userFiles-6c330360-754f-48cb-b3db-bd253fdd726d/org.apache.hadoop_hadoop-client-api-3.3.4.jar
[2025-10-29T03:37:37.908+0700] {subprocess.py:93} INFO - 25/10/29 03:37:37 INFO Executor: Adding file:/tmp/spark-cf60f0b4-a25c-439d-9e17-852d4f7366be/userFiles-6c330360-754f-48cb-b3db-bd253fdd726d/org.apache.hadoop_hadoop-client-api-3.3.4.jar to class loader default
[2025-10-29T03:37:37.909+0700] {subprocess.py:93} INFO - 25/10/29 03:37:37 INFO Executor: Fetching spark://dfeadd712fc3:43527/jars/org.xerial.snappy_snappy-java-1.1.10.3.jar with timestamp 1761683856916
[2025-10-29T03:37:37.909+0700] {subprocess.py:93} INFO - 25/10/29 03:37:37 INFO Utils: Fetching spark://dfeadd712fc3:43527/jars/org.xerial.snappy_snappy-java-1.1.10.3.jar to /tmp/spark-cf60f0b4-a25c-439d-9e17-852d4f7366be/userFiles-6c330360-754f-48cb-b3db-bd253fdd726d/fetchFileTemp12033364166818887947.tmp
[2025-10-29T03:37:37.914+0700] {subprocess.py:93} INFO - 25/10/29 03:37:37 INFO Utils: /tmp/spark-cf60f0b4-a25c-439d-9e17-852d4f7366be/userFiles-6c330360-754f-48cb-b3db-bd253fdd726d/fetchFileTemp12033364166818887947.tmp has been previously copied to /tmp/spark-cf60f0b4-a25c-439d-9e17-852d4f7366be/userFiles-6c330360-754f-48cb-b3db-bd253fdd726d/org.xerial.snappy_snappy-java-1.1.10.3.jar
[2025-10-29T03:37:37.921+0700] {subprocess.py:93} INFO - 25/10/29 03:37:37 INFO Executor: Adding file:/tmp/spark-cf60f0b4-a25c-439d-9e17-852d4f7366be/userFiles-6c330360-754f-48cb-b3db-bd253fdd726d/org.xerial.snappy_snappy-java-1.1.10.3.jar to class loader default
[2025-10-29T03:37:37.922+0700] {subprocess.py:93} INFO - 25/10/29 03:37:37 INFO Executor: Fetching spark://dfeadd712fc3:43527/jars/org.slf4j_slf4j-api-2.0.7.jar with timestamp 1761683856916
[2025-10-29T03:37:37.922+0700] {subprocess.py:93} INFO - 25/10/29 03:37:37 INFO Utils: Fetching spark://dfeadd712fc3:43527/jars/org.slf4j_slf4j-api-2.0.7.jar to /tmp/spark-cf60f0b4-a25c-439d-9e17-852d4f7366be/userFiles-6c330360-754f-48cb-b3db-bd253fdd726d/fetchFileTemp7176162783658994266.tmp
[2025-10-29T03:37:37.923+0700] {subprocess.py:93} INFO - 25/10/29 03:37:37 INFO Utils: /tmp/spark-cf60f0b4-a25c-439d-9e17-852d4f7366be/userFiles-6c330360-754f-48cb-b3db-bd253fdd726d/fetchFileTemp7176162783658994266.tmp has been previously copied to /tmp/spark-cf60f0b4-a25c-439d-9e17-852d4f7366be/userFiles-6c330360-754f-48cb-b3db-bd253fdd726d/org.slf4j_slf4j-api-2.0.7.jar
[2025-10-29T03:37:37.927+0700] {subprocess.py:93} INFO - 25/10/29 03:37:37 INFO Executor: Adding file:/tmp/spark-cf60f0b4-a25c-439d-9e17-852d4f7366be/userFiles-6c330360-754f-48cb-b3db-bd253fdd726d/org.slf4j_slf4j-api-2.0.7.jar to class loader default
[2025-10-29T03:37:37.928+0700] {subprocess.py:93} INFO - 25/10/29 03:37:37 INFO Executor: Fetching spark://dfeadd712fc3:43527/jars/org.lz4_lz4-java-1.8.0.jar with timestamp 1761683856916
[2025-10-29T03:37:37.928+0700] {subprocess.py:93} INFO - 25/10/29 03:37:37 INFO Utils: Fetching spark://dfeadd712fc3:43527/jars/org.lz4_lz4-java-1.8.0.jar to /tmp/spark-cf60f0b4-a25c-439d-9e17-852d4f7366be/userFiles-6c330360-754f-48cb-b3db-bd253fdd726d/fetchFileTemp6053062847218601111.tmp
[2025-10-29T03:37:37.930+0700] {subprocess.py:93} INFO - 25/10/29 03:37:37 INFO Utils: /tmp/spark-cf60f0b4-a25c-439d-9e17-852d4f7366be/userFiles-6c330360-754f-48cb-b3db-bd253fdd726d/fetchFileTemp6053062847218601111.tmp has been previously copied to /tmp/spark-cf60f0b4-a25c-439d-9e17-852d4f7366be/userFiles-6c330360-754f-48cb-b3db-bd253fdd726d/org.lz4_lz4-java-1.8.0.jar
[2025-10-29T03:37:37.935+0700] {subprocess.py:93} INFO - 25/10/29 03:37:37 INFO Executor: Adding file:/tmp/spark-cf60f0b4-a25c-439d-9e17-852d4f7366be/userFiles-6c330360-754f-48cb-b3db-bd253fdd726d/org.lz4_lz4-java-1.8.0.jar to class loader default
[2025-10-29T03:37:37.935+0700] {subprocess.py:93} INFO - 25/10/29 03:37:37 INFO Executor: Fetching spark://dfeadd712fc3:43527/jars/org.apache.spark_spark-sql-kafka-0-10_2.12-3.5.1.jar with timestamp 1761683856916
[2025-10-29T03:37:37.935+0700] {subprocess.py:93} INFO - 25/10/29 03:37:37 INFO Utils: Fetching spark://dfeadd712fc3:43527/jars/org.apache.spark_spark-sql-kafka-0-10_2.12-3.5.1.jar to /tmp/spark-cf60f0b4-a25c-439d-9e17-852d4f7366be/userFiles-6c330360-754f-48cb-b3db-bd253fdd726d/fetchFileTemp12272759823769116034.tmp
[2025-10-29T03:37:37.937+0700] {subprocess.py:93} INFO - 25/10/29 03:37:37 INFO Utils: /tmp/spark-cf60f0b4-a25c-439d-9e17-852d4f7366be/userFiles-6c330360-754f-48cb-b3db-bd253fdd726d/fetchFileTemp12272759823769116034.tmp has been previously copied to /tmp/spark-cf60f0b4-a25c-439d-9e17-852d4f7366be/userFiles-6c330360-754f-48cb-b3db-bd253fdd726d/org.apache.spark_spark-sql-kafka-0-10_2.12-3.5.1.jar
[2025-10-29T03:37:37.941+0700] {subprocess.py:93} INFO - 25/10/29 03:37:37 INFO Executor: Adding file:/tmp/spark-cf60f0b4-a25c-439d-9e17-852d4f7366be/userFiles-6c330360-754f-48cb-b3db-bd253fdd726d/org.apache.spark_spark-sql-kafka-0-10_2.12-3.5.1.jar to class loader default
[2025-10-29T03:37:37.948+0700] {subprocess.py:93} INFO - 25/10/29 03:37:37 INFO Utils: Successfully started service 'org.apache.spark.network.netty.NettyBlockTransferService' on port 43667.
[2025-10-29T03:37:37.949+0700] {subprocess.py:93} INFO - 25/10/29 03:37:37 INFO NettyBlockTransferService: Server created on dfeadd712fc3:43667
[2025-10-29T03:37:37.950+0700] {subprocess.py:93} INFO - 25/10/29 03:37:37 INFO BlockManager: Using org.apache.spark.storage.RandomBlockReplicationPolicy for block replication policy
[2025-10-29T03:37:37.954+0700] {subprocess.py:93} INFO - 25/10/29 03:37:37 INFO BlockManagerMaster: Registering BlockManager BlockManagerId(driver, dfeadd712fc3, 43667, None)
[2025-10-29T03:37:37.957+0700] {subprocess.py:93} INFO - 25/10/29 03:37:37 INFO BlockManagerMasterEndpoint: Registering block manager dfeadd712fc3:43667 with 434.4 MiB RAM, BlockManagerId(driver, dfeadd712fc3, 43667, None)
[2025-10-29T03:37:37.958+0700] {subprocess.py:93} INFO - 25/10/29 03:37:37 INFO BlockManagerMaster: Registered BlockManager BlockManagerId(driver, dfeadd712fc3, 43667, None)
[2025-10-29T03:37:37.959+0700] {subprocess.py:93} INFO - 25/10/29 03:37:37 INFO BlockManager: Initialized BlockManager: BlockManagerId(driver, dfeadd712fc3, 43667, None)
[2025-10-29T03:37:39.934+0700] {subprocess.py:93} INFO - 25/10/29 03:37:39 WARN ResolveWriteToStream: spark.sql.adaptive.enabled is not supported in streaming DataFrames/Datasets and will be disabled.
[2025-10-29T03:37:40.026+0700] {subprocess.py:93} INFO - 🚀 Streaming job started — đang lắng nghe dữ liệu từ Kafka...
[2025-10-29T03:37:40.109+0700] {subprocess.py:93} INFO - 25/10/29 03:37:40 WARN AdminClientConfig: These configurations '[key.deserializer, value.deserializer, enable.auto.commit, max.poll.records, auto.offset.reset]' were supplied but are not used yet.
[2025-10-29T03:37:41.658+0700] {subprocess.py:93} INFO - [Batch 0] ⚠️ Không có dữ liệu mới.
[2025-10-29T03:37:46.463+0700] {subprocess.py:93} INFO - 25/10/29 03:37:46 WARN KafkaDataConsumer: KafkaDataConsumer is not running in UninterruptibleThread. It may hang when KafkaDataConsumer's methods are interrupted because of KAFKA-1894
[2025-10-29T03:37:47.034+0700] {subprocess.py:93} INFO - 25/10/29 03:37:47 WARN KafkaDataConsumer: KafkaDataConsumer is not running in UninterruptibleThread. It may hang when KafkaDataConsumer's methods are interrupted because of KAFKA-1894
[2025-10-29T03:37:47.034+0700] {subprocess.py:93} INFO - 25/10/29 03:37:47 WARN KafkaDataConsumer: KafkaDataConsumer is not running in UninterruptibleThread. It may hang when KafkaDataConsumer's methods are interrupted because of KAFKA-1894
[2025-10-29T03:37:47.035+0700] {subprocess.py:93} INFO - 25/10/29 03:37:47 WARN KafkaDataConsumer: KafkaDataConsumer is not running in UninterruptibleThread. It may hang when KafkaDataConsumer's methods are interrupted because of KAFKA-1894
[2025-10-29T03:37:47.035+0700] {subprocess.py:93} INFO - 25/10/29 03:37:47 WARN KafkaDataConsumer: KafkaDataConsumer is not running in UninterruptibleThread. It may hang when KafkaDataConsumer's methods are interrupted because of KAFKA-1894
[2025-10-29T03:37:47.035+0700] {subprocess.py:93} INFO - 25/10/29 03:37:47 WARN KafkaDataConsumer: KafkaDataConsumer is not running in UninterruptibleThread. It may hang when KafkaDataConsumer's methods are interrupted because of KAFKA-1894
[2025-10-29T03:37:47.035+0700] {subprocess.py:93} INFO - 25/10/29 03:37:47 WARN KafkaDataConsumer: KafkaDataConsumer is not running in UninterruptibleThread. It may hang when KafkaDataConsumer's methods are interrupted because of KAFKA-1894
[2025-10-29T03:37:47.035+0700] {subprocess.py:93} INFO - 25/10/29 03:37:47 WARN KafkaDataConsumer: KafkaDataConsumer is not running in UninterruptibleThread. It may hang when KafkaDataConsumer's methods are interrupted because of KAFKA-1894
[2025-10-29T03:37:47.036+0700] {subprocess.py:93} INFO - 25/10/29 03:37:47 WARN KafkaDataConsumer: KafkaDataConsumer is not running in UninterruptibleThread. It may hang when KafkaDataConsumer's methods are interrupted because of KAFKA-1894
[2025-10-29T03:37:47.036+0700] {subprocess.py:93} INFO - 25/10/29 03:37:47 WARN KafkaDataConsumer: KafkaDataConsumer is not running in UninterruptibleThread. It may hang when KafkaDataConsumer's methods are interrupted because of KAFKA-1894
[2025-10-29T03:37:49.690+0700] {subprocess.py:93} INFO - There was a problem when trying to write in your cache folder (/home/***/.cache/huggingface/hub). You should set the environment variable TRANSFORMERS_CACHE to a writable directory.
[2025-10-29T03:37:50.350+0700] {subprocess.py:93} INFO - 25/10/29 03:37:50 ERROR Executor: Exception in task 0.0 in stage 2.0 (TID 1)
[2025-10-29T03:37:50.351+0700] {subprocess.py:93} INFO - org.apache.spark.api.python.PythonException: Traceback (most recent call last):
[2025-10-29T03:37:50.351+0700] {subprocess.py:93} INFO -   File "/opt/***/projects/absa_streaming/scripts/consumer_postgres_streaming.py", line 73, in absa_infer_udf
[2025-10-29T03:37:50.351+0700] {subprocess.py:93} INFO -     _tokenizer = AutoTokenizer.from_pretrained(MODEL_NAME, use_fast=True)
[2025-10-29T03:37:50.351+0700] {subprocess.py:93} INFO -                  ^^^^^^^^^^^^^^^^^^^^^^^^^^^^^^^^^^^^^^^^^^^^^^^^^^^^^^^^
[2025-10-29T03:37:50.352+0700] {subprocess.py:93} INFO -   File "/home/***/.local/lib/python3.12/site-packages/transformers/models/auto/tokenization_auto.py", line 817, in from_pretrained
[2025-10-29T03:37:50.352+0700] {subprocess.py:93} INFO -     tokenizer_config = get_tokenizer_config(pretrained_model_name_or_path, **kwargs)
[2025-10-29T03:37:50.352+0700] {subprocess.py:93} INFO -                        ^^^^^^^^^^^^^^^^^^^^^^^^^^^^^^^^^^^^^^^^^^^^^^^^^^^^^^^^^^^^^
[2025-10-29T03:37:50.352+0700] {subprocess.py:93} INFO -   File "/home/***/.local/lib/python3.12/site-packages/transformers/models/auto/tokenization_auto.py", line 649, in get_tokenizer_config
[2025-10-29T03:37:50.352+0700] {subprocess.py:93} INFO -     resolved_config_file = cached_file(
[2025-10-29T03:37:50.353+0700] {subprocess.py:93} INFO -                            ^^^^^^^^^^^^
[2025-10-29T03:37:50.353+0700] {subprocess.py:93} INFO -   File "/home/***/.local/lib/python3.12/site-packages/transformers/utils/hub.py", line 462, in cached_file
[2025-10-29T03:37:50.353+0700] {subprocess.py:93} INFO -     except HFValidationError as e:
[2025-10-29T03:37:50.353+0700] {subprocess.py:93} INFO -   File "/home/***/.local/lib/python3.12/site-packages/huggingface_hub/utils/_validators.py", line 114, in _inner_fn
[2025-10-29T03:37:50.353+0700] {subprocess.py:93} INFO -     return fn(*args, **kwargs)
[2025-10-29T03:37:50.353+0700] {subprocess.py:93} INFO -            ^^^^^^^^^^^^^^^^^^^
[2025-10-29T03:37:50.354+0700] {subprocess.py:93} INFO -   File "/home/***/.local/lib/python3.12/site-packages/huggingface_hub/file_download.py", line 1007, in hf_hub_download
[2025-10-29T03:37:50.354+0700] {subprocess.py:93} INFO -     return _hf_hub_download_to_cache_dir(
[2025-10-29T03:37:50.354+0700] {subprocess.py:93} INFO -            ^^^^^^^^^^^^^^^^^^^^^^^^^^^^^^
[2025-10-29T03:37:50.354+0700] {subprocess.py:93} INFO -   File "/home/***/.local/lib/python3.12/site-packages/huggingface_hub/file_download.py", line 1124, in _hf_hub_download_to_cache_dir
[2025-10-29T03:37:50.354+0700] {subprocess.py:93} INFO -     os.makedirs(os.path.dirname(blob_path), exist_ok=True)
[2025-10-29T03:37:50.354+0700] {subprocess.py:93} INFO -   File "<frozen os>", line 216, in makedirs
[2025-10-29T03:37:50.355+0700] {subprocess.py:93} INFO -   File "<frozen os>", line 216, in makedirs
[2025-10-29T03:37:50.355+0700] {subprocess.py:93} INFO -   File "<frozen os>", line 216, in makedirs
[2025-10-29T03:37:50.355+0700] {subprocess.py:93} INFO -   File "<frozen os>", line 230, in makedirs
[2025-10-29T03:37:50.355+0700] {subprocess.py:93} INFO - PermissionError: [Errno 13] Permission denied: '/home/***/.cache/huggingface'
[2025-10-29T03:37:50.355+0700] {subprocess.py:93} INFO - 
[2025-10-29T03:37:50.355+0700] {subprocess.py:93} INFO - 	at org.apache.spark.api.python.BasePythonRunner$ReaderIterator.handlePythonException(PythonRunner.scala:572)
[2025-10-29T03:37:50.355+0700] {subprocess.py:93} INFO - 	at org.apache.spark.sql.execution.python.PythonArrowOutput$$anon$1.read(PythonArrowOutput.scala:118)
[2025-10-29T03:37:50.356+0700] {subprocess.py:93} INFO - 	at org.apache.spark.api.python.BasePythonRunner$ReaderIterator.hasNext(PythonRunner.scala:525)
[2025-10-29T03:37:50.356+0700] {subprocess.py:93} INFO - 	at org.apache.spark.InterruptibleIterator.hasNext(InterruptibleIterator.scala:37)
[2025-10-29T03:37:50.356+0700] {subprocess.py:93} INFO - 	at scala.collection.Iterator$$anon$11.hasNext(Iterator.scala:491)
[2025-10-29T03:37:50.356+0700] {subprocess.py:93} INFO - 	at scala.collection.Iterator$$anon$10.hasNext(Iterator.scala:460)
[2025-10-29T03:37:50.356+0700] {subprocess.py:93} INFO - 	at scala.collection.Iterator$$anon$10.hasNext(Iterator.scala:460)
[2025-10-29T03:37:50.356+0700] {subprocess.py:93} INFO - 	at org.apache.spark.sql.catalyst.expressions.GeneratedClass$GeneratedIteratorForCodegenStage1.hashAgg_doAggregateWithoutKey_0$(Unknown Source)
[2025-10-29T03:37:50.356+0700] {subprocess.py:93} INFO - 	at org.apache.spark.sql.catalyst.expressions.GeneratedClass$GeneratedIteratorForCodegenStage1.processNext(Unknown Source)
[2025-10-29T03:37:50.357+0700] {subprocess.py:93} INFO - 	at org.apache.spark.sql.execution.BufferedRowIterator.hasNext(BufferedRowIterator.java:43)
[2025-10-29T03:37:50.357+0700] {subprocess.py:93} INFO - 	at org.apache.spark.sql.execution.WholeStageCodegenEvaluatorFactory$WholeStageCodegenPartitionEvaluator$$anon$1.hasNext(WholeStageCodegenEvaluatorFactory.scala:43)
[2025-10-29T03:37:50.358+0700] {subprocess.py:93} INFO - 	at scala.collection.Iterator$$anon$10.hasNext(Iterator.scala:460)
[2025-10-29T03:37:50.358+0700] {subprocess.py:93} INFO - 	at org.apache.spark.shuffle.sort.BypassMergeSortShuffleWriter.write(BypassMergeSortShuffleWriter.java:140)
[2025-10-29T03:37:50.358+0700] {subprocess.py:93} INFO - 	at org.apache.spark.shuffle.ShuffleWriteProcessor.write(ShuffleWriteProcessor.scala:59)
[2025-10-29T03:37:50.358+0700] {subprocess.py:93} INFO - 	at org.apache.spark.scheduler.ShuffleMapTask.runTask(ShuffleMapTask.scala:104)
[2025-10-29T03:37:50.358+0700] {subprocess.py:93} INFO - 	at org.apache.spark.scheduler.ShuffleMapTask.runTask(ShuffleMapTask.scala:54)
[2025-10-29T03:37:50.358+0700] {subprocess.py:93} INFO - 	at org.apache.spark.TaskContext.runTaskWithListeners(TaskContext.scala:166)
[2025-10-29T03:37:50.358+0700] {subprocess.py:93} INFO - 	at org.apache.spark.scheduler.Task.run(Task.scala:141)
[2025-10-29T03:37:50.359+0700] {subprocess.py:93} INFO - 	at org.apache.spark.executor.Executor$TaskRunner.$anonfun$run$4(Executor.scala:620)
[2025-10-29T03:37:50.359+0700] {subprocess.py:93} INFO - 	at org.apache.spark.util.SparkErrorUtils.tryWithSafeFinally(SparkErrorUtils.scala:64)
[2025-10-29T03:37:50.359+0700] {subprocess.py:93} INFO - 	at org.apache.spark.util.SparkErrorUtils.tryWithSafeFinally$(SparkErrorUtils.scala:61)
[2025-10-29T03:37:50.359+0700] {subprocess.py:93} INFO - 	at org.apache.spark.util.Utils$.tryWithSafeFinally(Utils.scala:94)
[2025-10-29T03:37:50.359+0700] {subprocess.py:93} INFO - 	at org.apache.spark.executor.Executor$TaskRunner.run(Executor.scala:623)
[2025-10-29T03:37:50.359+0700] {subprocess.py:93} INFO - 	at java.base/java.util.concurrent.ThreadPoolExecutor.runWorker(ThreadPoolExecutor.java:1136)
[2025-10-29T03:37:50.359+0700] {subprocess.py:93} INFO - 	at java.base/java.util.concurrent.ThreadPoolExecutor$Worker.run(ThreadPoolExecutor.java:635)
[2025-10-29T03:37:50.360+0700] {subprocess.py:93} INFO - 	at java.base/java.lang.Thread.run(Thread.java:840)
[2025-10-29T03:37:50.362+0700] {subprocess.py:93} INFO - 25/10/29 03:37:50 WARN TaskSetManager: Lost task 0.0 in stage 2.0 (TID 1) (dfeadd712fc3 executor driver): org.apache.spark.api.python.PythonException: Traceback (most recent call last):
[2025-10-29T03:37:50.363+0700] {subprocess.py:93} INFO -   File "/opt/***/projects/absa_streaming/scripts/consumer_postgres_streaming.py", line 73, in absa_infer_udf
[2025-10-29T03:37:50.363+0700] {subprocess.py:93} INFO -     _tokenizer = AutoTokenizer.from_pretrained(MODEL_NAME, use_fast=True)
[2025-10-29T03:37:50.363+0700] {subprocess.py:93} INFO -                  ^^^^^^^^^^^^^^^^^^^^^^^^^^^^^^^^^^^^^^^^^^^^^^^^^^^^^^^^
[2025-10-29T03:37:50.363+0700] {subprocess.py:93} INFO -   File "/home/***/.local/lib/python3.12/site-packages/transformers/models/auto/tokenization_auto.py", line 817, in from_pretrained
[2025-10-29T03:37:50.363+0700] {subprocess.py:93} INFO -     tokenizer_config = get_tokenizer_config(pretrained_model_name_or_path, **kwargs)
[2025-10-29T03:37:50.364+0700] {subprocess.py:93} INFO -                        ^^^^^^^^^^^^^^^^^^^^^^^^^^^^^^^^^^^^^^^^^^^^^^^^^^^^^^^^^^^^^
[2025-10-29T03:37:50.364+0700] {subprocess.py:93} INFO -   File "/home/***/.local/lib/python3.12/site-packages/transformers/models/auto/tokenization_auto.py", line 649, in get_tokenizer_config
[2025-10-29T03:37:50.364+0700] {subprocess.py:93} INFO -     resolved_config_file = cached_file(
[2025-10-29T03:37:50.364+0700] {subprocess.py:93} INFO -                            ^^^^^^^^^^^^
[2025-10-29T03:37:50.364+0700] {subprocess.py:93} INFO -   File "/home/***/.local/lib/python3.12/site-packages/transformers/utils/hub.py", line 462, in cached_file
[2025-10-29T03:37:50.364+0700] {subprocess.py:93} INFO -     except HFValidationError as e:
[2025-10-29T03:37:50.364+0700] {subprocess.py:93} INFO -   File "/home/***/.local/lib/python3.12/site-packages/huggingface_hub/utils/_validators.py", line 114, in _inner_fn
[2025-10-29T03:37:50.365+0700] {subprocess.py:93} INFO -     return fn(*args, **kwargs)
[2025-10-29T03:37:50.365+0700] {subprocess.py:93} INFO -            ^^^^^^^^^^^^^^^^^^^
[2025-10-29T03:37:50.365+0700] {subprocess.py:93} INFO -   File "/home/***/.local/lib/python3.12/site-packages/huggingface_hub/file_download.py", line 1007, in hf_hub_download
[2025-10-29T03:37:50.365+0700] {subprocess.py:93} INFO -     return _hf_hub_download_to_cache_dir(
[2025-10-29T03:37:50.365+0700] {subprocess.py:93} INFO -            ^^^^^^^^^^^^^^^^^^^^^^^^^^^^^^
[2025-10-29T03:37:50.365+0700] {subprocess.py:93} INFO -   File "/home/***/.local/lib/python3.12/site-packages/huggingface_hub/file_download.py", line 1124, in _hf_hub_download_to_cache_dir
[2025-10-29T03:37:50.366+0700] {subprocess.py:93} INFO -     os.makedirs(os.path.dirname(blob_path), exist_ok=True)
[2025-10-29T03:37:50.366+0700] {subprocess.py:93} INFO -   File "<frozen os>", line 216, in makedirs
[2025-10-29T03:37:50.366+0700] {subprocess.py:93} INFO -   File "<frozen os>", line 216, in makedirs
[2025-10-29T03:37:50.366+0700] {subprocess.py:93} INFO -   File "<frozen os>", line 216, in makedirs
[2025-10-29T03:37:50.366+0700] {subprocess.py:93} INFO -   File "<frozen os>", line 230, in makedirs
[2025-10-29T03:37:50.366+0700] {subprocess.py:93} INFO - PermissionError: [Errno 13] Permission denied: '/home/***/.cache/huggingface'
[2025-10-29T03:37:50.367+0700] {subprocess.py:93} INFO - 
[2025-10-29T03:37:50.367+0700] {subprocess.py:93} INFO - 	at org.apache.spark.api.python.BasePythonRunner$ReaderIterator.handlePythonException(PythonRunner.scala:572)
[2025-10-29T03:37:50.367+0700] {subprocess.py:93} INFO - 	at org.apache.spark.sql.execution.python.PythonArrowOutput$$anon$1.read(PythonArrowOutput.scala:118)
[2025-10-29T03:37:50.367+0700] {subprocess.py:93} INFO - 	at org.apache.spark.api.python.BasePythonRunner$ReaderIterator.hasNext(PythonRunner.scala:525)
[2025-10-29T03:37:50.368+0700] {subprocess.py:93} INFO - 	at org.apache.spark.InterruptibleIterator.hasNext(InterruptibleIterator.scala:37)
[2025-10-29T03:37:50.368+0700] {subprocess.py:93} INFO - 	at scala.collection.Iterator$$anon$11.hasNext(Iterator.scala:491)
[2025-10-29T03:37:50.368+0700] {subprocess.py:93} INFO - 	at scala.collection.Iterator$$anon$10.hasNext(Iterator.scala:460)
[2025-10-29T03:37:50.368+0700] {subprocess.py:93} INFO - 	at scala.collection.Iterator$$anon$10.hasNext(Iterator.scala:460)
[2025-10-29T03:37:50.368+0700] {subprocess.py:93} INFO - 	at org.apache.spark.sql.catalyst.expressions.GeneratedClass$GeneratedIteratorForCodegenStage1.hashAgg_doAggregateWithoutKey_0$(Unknown Source)
[2025-10-29T03:37:50.368+0700] {subprocess.py:93} INFO - 	at org.apache.spark.sql.catalyst.expressions.GeneratedClass$GeneratedIteratorForCodegenStage1.processNext(Unknown Source)
[2025-10-29T03:37:50.369+0700] {subprocess.py:93} INFO - 	at org.apache.spark.sql.execution.BufferedRowIterator.hasNext(BufferedRowIterator.java:43)
[2025-10-29T03:37:50.369+0700] {subprocess.py:93} INFO - 	at org.apache.spark.sql.execution.WholeStageCodegenEvaluatorFactory$WholeStageCodegenPartitionEvaluator$$anon$1.hasNext(WholeStageCodegenEvaluatorFactory.scala:43)
[2025-10-29T03:37:50.369+0700] {subprocess.py:93} INFO - 	at scala.collection.Iterator$$anon$10.hasNext(Iterator.scala:460)
[2025-10-29T03:37:50.369+0700] {subprocess.py:93} INFO - 	at org.apache.spark.shuffle.sort.BypassMergeSortShuffleWriter.write(BypassMergeSortShuffleWriter.java:140)
[2025-10-29T03:37:50.369+0700] {subprocess.py:93} INFO - 	at org.apache.spark.shuffle.ShuffleWriteProcessor.write(ShuffleWriteProcessor.scala:59)
[2025-10-29T03:37:50.369+0700] {subprocess.py:93} INFO - 	at org.apache.spark.scheduler.ShuffleMapTask.runTask(ShuffleMapTask.scala:104)
[2025-10-29T03:37:50.369+0700] {subprocess.py:93} INFO - 	at org.apache.spark.scheduler.ShuffleMapTask.runTask(ShuffleMapTask.scala:54)
[2025-10-29T03:37:50.369+0700] {subprocess.py:93} INFO - 	at org.apache.spark.TaskContext.runTaskWithListeners(TaskContext.scala:166)
[2025-10-29T03:37:50.370+0700] {subprocess.py:93} INFO - 	at org.apache.spark.scheduler.Task.run(Task.scala:141)
[2025-10-29T03:37:50.370+0700] {subprocess.py:93} INFO - 	at org.apache.spark.executor.Executor$TaskRunner.$anonfun$run$4(Executor.scala:620)
[2025-10-29T03:37:50.370+0700] {subprocess.py:93} INFO - 	at org.apache.spark.util.SparkErrorUtils.tryWithSafeFinally(SparkErrorUtils.scala:64)
[2025-10-29T03:37:50.370+0700] {subprocess.py:93} INFO - 	at org.apache.spark.util.SparkErrorUtils.tryWithSafeFinally$(SparkErrorUtils.scala:61)
[2025-10-29T03:37:50.370+0700] {subprocess.py:93} INFO - 	at org.apache.spark.util.Utils$.tryWithSafeFinally(Utils.scala:94)
[2025-10-29T03:37:50.370+0700] {subprocess.py:93} INFO - 	at org.apache.spark.executor.Executor$TaskRunner.run(Executor.scala:623)
[2025-10-29T03:37:50.370+0700] {subprocess.py:93} INFO - 	at java.base/java.util.concurrent.ThreadPoolExecutor.runWorker(ThreadPoolExecutor.java:1136)
[2025-10-29T03:37:50.371+0700] {subprocess.py:93} INFO - 	at java.base/java.util.concurrent.ThreadPoolExecutor$Worker.run(ThreadPoolExecutor.java:635)
[2025-10-29T03:37:50.371+0700] {subprocess.py:93} INFO - 	at java.base/java.lang.Thread.run(Thread.java:840)
[2025-10-29T03:37:50.371+0700] {subprocess.py:93} INFO - 
[2025-10-29T03:37:50.371+0700] {subprocess.py:93} INFO - 25/10/29 03:37:50 ERROR TaskSetManager: Task 0 in stage 2.0 failed 1 times; aborting job
[2025-10-29T03:37:50.432+0700] {subprocess.py:93} INFO - 25/10/29 03:37:50 ERROR MicroBatchExecution: Query [id = ed6ac905-be4f-45a2-90a1-e5a1455d40a3, runId = db9729fc-5f74-4535-bb4e-e4966bb4d202] terminated with error
[2025-10-29T03:37:50.433+0700] {subprocess.py:93} INFO - py4j.Py4JException: An exception was raised by the Python Proxy. Return Message: Traceback (most recent call last):
[2025-10-29T03:37:50.433+0700] {subprocess.py:93} INFO -   File "/home/***/.local/lib/python3.12/site-packages/pyspark/python/lib/py4j-0.10.9.7-src.zip/py4j/clientserver.py", line 617, in _call_proxy
[2025-10-29T03:37:50.433+0700] {subprocess.py:93} INFO -     return_value = getattr(self.pool[obj_id], method)(*params)
[2025-10-29T03:37:50.433+0700] {subprocess.py:93} INFO -                    ^^^^^^^^^^^^^^^^^^^^^^^^^^^^^^^^^^^^^^^^^^^
[2025-10-29T03:37:50.433+0700] {subprocess.py:93} INFO -   File "/home/***/.local/lib/python3.12/site-packages/pyspark/python/lib/pyspark.zip/pyspark/sql/utils.py", line 120, in call
[2025-10-29T03:37:50.433+0700] {subprocess.py:93} INFO -     raise e
[2025-10-29T03:37:50.434+0700] {subprocess.py:93} INFO -   File "/home/***/.local/lib/python3.12/site-packages/pyspark/python/lib/pyspark.zip/pyspark/sql/utils.py", line 117, in call
[2025-10-29T03:37:50.434+0700] {subprocess.py:93} INFO -     self.func(DataFrame(jdf, wrapped_session_jdf), batch_id)
[2025-10-29T03:37:50.434+0700] {subprocess.py:93} INFO -   File "/opt/***/projects/absa_streaming/scripts/consumer_postgres_streaming.py", line 125, in write_to_postgres
[2025-10-29T03:37:50.434+0700] {subprocess.py:93} INFO -     total_rows = batch_df.count()
[2025-10-29T03:37:50.434+0700] {subprocess.py:93} INFO -                  ^^^^^^^^^^^^^^^^
[2025-10-29T03:37:50.434+0700] {subprocess.py:93} INFO -   File "/home/***/.local/lib/python3.12/site-packages/pyspark/python/lib/pyspark.zip/pyspark/sql/dataframe.py", line 1238, in count
[2025-10-29T03:37:50.434+0700] {subprocess.py:93} INFO -     return int(self._jdf.count())
[2025-10-29T03:37:50.434+0700] {subprocess.py:93} INFO -                ^^^^^^^^^^^^^^^^^
[2025-10-29T03:37:50.435+0700] {subprocess.py:93} INFO -   File "/home/***/.local/lib/python3.12/site-packages/pyspark/python/lib/py4j-0.10.9.7-src.zip/py4j/java_gateway.py", line 1322, in __call__
[2025-10-29T03:37:50.435+0700] {subprocess.py:93} INFO -     return_value = get_return_value(
[2025-10-29T03:37:50.435+0700] {subprocess.py:93} INFO -                    ^^^^^^^^^^^^^^^^^
[2025-10-29T03:37:50.435+0700] {subprocess.py:93} INFO -   File "/home/***/.local/lib/python3.12/site-packages/pyspark/python/lib/pyspark.zip/pyspark/errors/exceptions/captured.py", line 185, in deco
[2025-10-29T03:37:50.435+0700] {subprocess.py:93} INFO -     raise converted from None
[2025-10-29T03:37:50.435+0700] {subprocess.py:93} INFO - pyspark.errors.exceptions.captured.PythonException:
[2025-10-29T03:37:50.435+0700] {subprocess.py:93} INFO -   An exception was thrown from the Python worker. Please see the stack trace below.
[2025-10-29T03:37:50.435+0700] {subprocess.py:93} INFO - Traceback (most recent call last):
[2025-10-29T03:37:50.435+0700] {subprocess.py:93} INFO -   File "/opt/***/projects/absa_streaming/scripts/consumer_postgres_streaming.py", line 73, in absa_infer_udf
[2025-10-29T03:37:50.436+0700] {subprocess.py:93} INFO -     _tokenizer = AutoTokenizer.from_pretrained(MODEL_NAME, use_fast=True)
[2025-10-29T03:37:50.436+0700] {subprocess.py:93} INFO -                  ^^^^^^^^^^^^^^^^^^^^^^^^^^^^^^^^^^^^^^^^^^^^^^^^^^^^^^^^
[2025-10-29T03:37:50.436+0700] {subprocess.py:93} INFO -   File "/home/***/.local/lib/python3.12/site-packages/transformers/models/auto/tokenization_auto.py", line 817, in from_pretrained
[2025-10-29T03:37:50.436+0700] {subprocess.py:93} INFO -     tokenizer_config = get_tokenizer_config(pretrained_model_name_or_path, **kwargs)
[2025-10-29T03:37:50.436+0700] {subprocess.py:93} INFO -                        ^^^^^^^^^^^^^^^^^^^^^^^^^^^^^^^^^^^^^^^^^^^^^^^^^^^^^^^^^^^^^
[2025-10-29T03:37:50.436+0700] {subprocess.py:93} INFO -   File "/home/***/.local/lib/python3.12/site-packages/transformers/models/auto/tokenization_auto.py", line 649, in get_tokenizer_config
[2025-10-29T03:37:50.436+0700] {subprocess.py:93} INFO -     resolved_config_file = cached_file(
[2025-10-29T03:37:50.437+0700] {subprocess.py:93} INFO -                            ^^^^^^^^^^^^
[2025-10-29T03:37:50.437+0700] {subprocess.py:93} INFO -   File "/home/***/.local/lib/python3.12/site-packages/transformers/utils/hub.py", line 462, in cached_file
[2025-10-29T03:37:50.437+0700] {subprocess.py:93} INFO -     except HFValidationError as e:
[2025-10-29T03:37:50.437+0700] {subprocess.py:93} INFO -   File "/home/***/.local/lib/python3.12/site-packages/huggingface_hub/utils/_validators.py", line 114, in _inner_fn
[2025-10-29T03:37:50.437+0700] {subprocess.py:93} INFO -     return fn(*args, **kwargs)
[2025-10-29T03:37:50.437+0700] {subprocess.py:93} INFO -            ^^^^^^^^^^^^^^^^^^^
[2025-10-29T03:37:50.438+0700] {subprocess.py:93} INFO -   File "/home/***/.local/lib/python3.12/site-packages/huggingface_hub/file_download.py", line 1007, in hf_hub_download
[2025-10-29T03:37:50.438+0700] {subprocess.py:93} INFO -     return _hf_hub_download_to_cache_dir(
[2025-10-29T03:37:50.438+0700] {subprocess.py:93} INFO -            ^^^^^^^^^^^^^^^^^^^^^^^^^^^^^^
[2025-10-29T03:37:50.438+0700] {subprocess.py:93} INFO -   File "/home/***/.local/lib/python3.12/site-packages/huggingface_hub/file_download.py", line 1124, in _hf_hub_download_to_cache_dir
[2025-10-29T03:37:50.438+0700] {subprocess.py:93} INFO -     os.makedirs(os.path.dirname(blob_path), exist_ok=True)
[2025-10-29T03:37:50.438+0700] {subprocess.py:93} INFO -   File "<frozen os>", line 216, in makedirs
[2025-10-29T03:37:50.438+0700] {subprocess.py:93} INFO -   File "<frozen os>", line 216, in makedirs
[2025-10-29T03:37:50.438+0700] {subprocess.py:93} INFO -   File "<frozen os>", line 216, in makedirs
[2025-10-29T03:37:50.439+0700] {subprocess.py:93} INFO -   File "<frozen os>", line 230, in makedirs
[2025-10-29T03:37:50.439+0700] {subprocess.py:93} INFO - PermissionError: [Errno 13] Permission denied: '/home/***/.cache/huggingface'
[2025-10-29T03:37:50.439+0700] {subprocess.py:93} INFO - 
[2025-10-29T03:37:50.439+0700] {subprocess.py:93} INFO - 
[2025-10-29T03:37:50.439+0700] {subprocess.py:93} INFO - 	at py4j.Protocol.getReturnValue(Protocol.java:476)
[2025-10-29T03:37:50.439+0700] {subprocess.py:93} INFO - 	at py4j.reflection.PythonProxyHandler.invoke(PythonProxyHandler.java:108)
[2025-10-29T03:37:50.439+0700] {subprocess.py:93} INFO - 	at jdk.proxy3/jdk.proxy3.$Proxy32.call(Unknown Source)
[2025-10-29T03:37:50.439+0700] {subprocess.py:93} INFO - 	at org.apache.spark.sql.execution.streaming.sources.PythonForeachBatchHelper$.$anonfun$callForeachBatch$1(ForeachBatchSink.scala:53)
[2025-10-29T03:37:50.440+0700] {subprocess.py:93} INFO - 	at org.apache.spark.sql.execution.streaming.sources.PythonForeachBatchHelper$.$anonfun$callForeachBatch$1$adapted(ForeachBatchSink.scala:53)
[2025-10-29T03:37:50.440+0700] {subprocess.py:93} INFO - 	at org.apache.spark.sql.execution.streaming.sources.ForeachBatchSink.addBatch(ForeachBatchSink.scala:34)
[2025-10-29T03:37:50.440+0700] {subprocess.py:93} INFO - 	at org.apache.spark.sql.execution.streaming.MicroBatchExecution.$anonfun$runBatch$17(MicroBatchExecution.scala:732)
[2025-10-29T03:37:50.440+0700] {subprocess.py:93} INFO - 	at org.apache.spark.sql.execution.SQLExecution$.$anonfun$withNewExecutionId$6(SQLExecution.scala:125)
[2025-10-29T03:37:50.440+0700] {subprocess.py:93} INFO - 	at org.apache.spark.sql.execution.SQLExecution$.withSQLConfPropagated(SQLExecution.scala:201)
[2025-10-29T03:37:50.440+0700] {subprocess.py:93} INFO - 	at org.apache.spark.sql.execution.SQLExecution$.$anonfun$withNewExecutionId$1(SQLExecution.scala:108)
[2025-10-29T03:37:50.440+0700] {subprocess.py:93} INFO - 	at org.apache.spark.sql.SparkSession.withActive(SparkSession.scala:900)
[2025-10-29T03:37:50.440+0700] {subprocess.py:93} INFO - 	at org.apache.spark.sql.execution.SQLExecution$.withNewExecutionId(SQLExecution.scala:66)
[2025-10-29T03:37:50.441+0700] {subprocess.py:93} INFO - 	at org.apache.spark.sql.execution.streaming.MicroBatchExecution.$anonfun$runBatch$16(MicroBatchExecution.scala:729)
[2025-10-29T03:37:50.441+0700] {subprocess.py:93} INFO - 	at org.apache.spark.sql.execution.streaming.ProgressReporter.reportTimeTaken(ProgressReporter.scala:427)
[2025-10-29T03:37:50.442+0700] {subprocess.py:93} INFO - 	at org.apache.spark.sql.execution.streaming.ProgressReporter.reportTimeTaken$(ProgressReporter.scala:425)
[2025-10-29T03:37:50.442+0700] {subprocess.py:93} INFO - 	at org.apache.spark.sql.execution.streaming.StreamExecution.reportTimeTaken(StreamExecution.scala:67)
[2025-10-29T03:37:50.442+0700] {subprocess.py:93} INFO - 	at org.apache.spark.sql.execution.streaming.MicroBatchExecution.runBatch(MicroBatchExecution.scala:729)
[2025-10-29T03:37:50.442+0700] {subprocess.py:93} INFO - 	at org.apache.spark.sql.execution.streaming.MicroBatchExecution.$anonfun$runActivatedStream$2(MicroBatchExecution.scala:286)
[2025-10-29T03:37:50.442+0700] {subprocess.py:93} INFO - 	at scala.runtime.java8.JFunction0$mcV$sp.apply(JFunction0$mcV$sp.java:23)
[2025-10-29T03:37:50.442+0700] {subprocess.py:93} INFO - 	at org.apache.spark.sql.execution.streaming.ProgressReporter.reportTimeTaken(ProgressReporter.scala:427)
[2025-10-29T03:37:50.442+0700] {subprocess.py:93} INFO - 	at org.apache.spark.sql.execution.streaming.ProgressReporter.reportTimeTaken$(ProgressReporter.scala:425)
[2025-10-29T03:37:50.442+0700] {subprocess.py:93} INFO - 	at org.apache.spark.sql.execution.streaming.StreamExecution.reportTimeTaken(StreamExecution.scala:67)
[2025-10-29T03:37:50.442+0700] {subprocess.py:93} INFO - 	at org.apache.spark.sql.execution.streaming.MicroBatchExecution.$anonfun$runActivatedStream$1(MicroBatchExecution.scala:249)
[2025-10-29T03:37:50.442+0700] {subprocess.py:93} INFO - 	at org.apache.spark.sql.execution.streaming.ProcessingTimeExecutor.execute(TriggerExecutor.scala:67)
[2025-10-29T03:37:50.443+0700] {subprocess.py:93} INFO - 	at org.apache.spark.sql.execution.streaming.MicroBatchExecution.runActivatedStream(MicroBatchExecution.scala:239)
[2025-10-29T03:37:50.443+0700] {subprocess.py:93} INFO - 	at org.apache.spark.sql.execution.streaming.StreamExecution.$anonfun$runStream$1(StreamExecution.scala:311)
[2025-10-29T03:37:50.443+0700] {subprocess.py:93} INFO - 	at scala.runtime.java8.JFunction0$mcV$sp.apply(JFunction0$mcV$sp.java:23)
[2025-10-29T03:37:50.443+0700] {subprocess.py:93} INFO - 	at org.apache.spark.sql.SparkSession.withActive(SparkSession.scala:900)
[2025-10-29T03:37:50.443+0700] {subprocess.py:93} INFO - 	at org.apache.spark.sql.execution.streaming.StreamExecution.org$apache$spark$sql$execution$streaming$StreamExecution$$runStream(StreamExecution.scala:289)
[2025-10-29T03:37:50.443+0700] {subprocess.py:93} INFO - 	at org.apache.spark.sql.execution.streaming.StreamExecution$$anon$1.$anonfun$run$1(StreamExecution.scala:211)
[2025-10-29T03:37:50.443+0700] {subprocess.py:93} INFO - 	at scala.runtime.java8.JFunction0$mcV$sp.apply(JFunction0$mcV$sp.java:23)
[2025-10-29T03:37:50.443+0700] {subprocess.py:93} INFO - 	at org.apache.spark.JobArtifactSet$.withActiveJobArtifactState(JobArtifactSet.scala:94)
[2025-10-29T03:37:50.444+0700] {subprocess.py:93} INFO - 	at org.apache.spark.sql.execution.streaming.StreamExecution$$anon$1.run(StreamExecution.scala:211)
[2025-10-29T03:37:50.499+0700] {subprocess.py:93} INFO - Traceback (most recent call last):
[2025-10-29T03:37:50.500+0700] {subprocess.py:93} INFO -   File "/opt/***/projects/absa_streaming/scripts/consumer_postgres_streaming.py", line 175, in <module>
[2025-10-29T03:37:50.500+0700] {subprocess.py:93} INFO -     query.awaitTermination()
[2025-10-29T03:37:50.500+0700] {subprocess.py:93} INFO -   File "/home/***/.local/lib/python3.12/site-packages/pyspark/python/lib/pyspark.zip/pyspark/sql/streaming/query.py", line 221, in awaitTermination
[2025-10-29T03:37:50.500+0700] {subprocess.py:93} INFO -   File "/home/***/.local/lib/python3.12/site-packages/pyspark/python/lib/py4j-0.10.9.7-src.zip/py4j/java_gateway.py", line 1322, in __call__
[2025-10-29T03:37:50.501+0700] {subprocess.py:93} INFO -   File "/home/***/.local/lib/python3.12/site-packages/pyspark/python/lib/pyspark.zip/pyspark/errors/exceptions/captured.py", line 185, in deco
[2025-10-29T03:37:50.502+0700] {subprocess.py:93} INFO - pyspark.errors.exceptions.captured.StreamingQueryException: [STREAM_FAILED] Query [id = ed6ac905-be4f-45a2-90a1-e5a1455d40a3, runId = db9729fc-5f74-4535-bb4e-e4966bb4d202] terminated with exception: An exception was raised by the Python Proxy. Return Message: Traceback (most recent call last):
[2025-10-29T03:37:50.502+0700] {subprocess.py:93} INFO -   File "/home/***/.local/lib/python3.12/site-packages/pyspark/python/lib/py4j-0.10.9.7-src.zip/py4j/clientserver.py", line 617, in _call_proxy
[2025-10-29T03:37:50.502+0700] {subprocess.py:93} INFO -     return_value = getattr(self.pool[obj_id], method)(*params)
[2025-10-29T03:37:50.502+0700] {subprocess.py:93} INFO -                    ^^^^^^^^^^^^^^^^^^^^^^^^^^^^^^^^^^^^^^^^^^^
[2025-10-29T03:37:50.502+0700] {subprocess.py:93} INFO -   File "/home/***/.local/lib/python3.12/site-packages/pyspark/python/lib/pyspark.zip/pyspark/sql/utils.py", line 120, in call
[2025-10-29T03:37:50.502+0700] {subprocess.py:93} INFO -     raise e
[2025-10-29T03:37:50.502+0700] {subprocess.py:93} INFO -   File "/home/***/.local/lib/python3.12/site-packages/pyspark/python/lib/pyspark.zip/pyspark/sql/utils.py", line 117, in call
[2025-10-29T03:37:50.503+0700] {subprocess.py:93} INFO -     self.func(DataFrame(jdf, wrapped_session_jdf), batch_id)
[2025-10-29T03:37:50.503+0700] {subprocess.py:93} INFO -   File "/opt/***/projects/absa_streaming/scripts/consumer_postgres_streaming.py", line 125, in write_to_postgres
[2025-10-29T03:37:50.503+0700] {subprocess.py:93} INFO -     total_rows = batch_df.count()
[2025-10-29T03:37:50.503+0700] {subprocess.py:93} INFO -                  ^^^^^^^^^^^^^^^^
[2025-10-29T03:37:50.503+0700] {subprocess.py:93} INFO -   File "/home/***/.local/lib/python3.12/site-packages/pyspark/python/lib/pyspark.zip/pyspark/sql/dataframe.py", line 1238, in count
[2025-10-29T03:37:50.503+0700] {subprocess.py:93} INFO -     return int(self._jdf.count())
[2025-10-29T03:37:50.503+0700] {subprocess.py:93} INFO -                ^^^^^^^^^^^^^^^^^
[2025-10-29T03:37:50.503+0700] {subprocess.py:93} INFO -   File "/home/***/.local/lib/python3.12/site-packages/pyspark/python/lib/py4j-0.10.9.7-src.zip/py4j/java_gateway.py", line 1322, in __call__
[2025-10-29T03:37:50.503+0700] {subprocess.py:93} INFO -     return_value = get_return_value(
[2025-10-29T03:37:50.503+0700] {subprocess.py:93} INFO -                    ^^^^^^^^^^^^^^^^^
[2025-10-29T03:37:50.503+0700] {subprocess.py:93} INFO -   File "/home/***/.local/lib/python3.12/site-packages/pyspark/python/lib/pyspark.zip/pyspark/errors/exceptions/captured.py", line 185, in deco
[2025-10-29T03:37:50.504+0700] {subprocess.py:93} INFO -     raise converted from None
[2025-10-29T03:37:50.504+0700] {subprocess.py:93} INFO - pyspark.errors.exceptions.captured.PythonException:
[2025-10-29T03:37:50.504+0700] {subprocess.py:93} INFO -   An exception was thrown from the Python worker. Please see the stack trace below.
[2025-10-29T03:37:50.504+0700] {subprocess.py:93} INFO - Traceback (most recent call last):
[2025-10-29T03:37:50.504+0700] {subprocess.py:93} INFO -   File "/opt/***/projects/absa_streaming/scripts/consumer_postgres_streaming.py", line 73, in absa_infer_udf
[2025-10-29T03:37:50.504+0700] {subprocess.py:93} INFO -     _tokenizer = AutoTokenizer.from_pretrained(MODEL_NAME, use_fast=True)
[2025-10-29T03:37:50.504+0700] {subprocess.py:93} INFO -                  ^^^^^^^^^^^^^^^^^^^^^^^^^^^^^^^^^^^^^^^^^^^^^^^^^^^^^^^^
[2025-10-29T03:37:50.504+0700] {subprocess.py:93} INFO -   File "/home/***/.local/lib/python3.12/site-packages/transformers/models/auto/tokenization_auto.py", line 817, in from_pretrained
[2025-10-29T03:37:50.504+0700] {subprocess.py:93} INFO -     tokenizer_config = get_tokenizer_config(pretrained_model_name_or_path, **kwargs)
[2025-10-29T03:37:50.505+0700] {subprocess.py:93} INFO -                        ^^^^^^^^^^^^^^^^^^^^^^^^^^^^^^^^^^^^^^^^^^^^^^^^^^^^^^^^^^^^^
[2025-10-29T03:37:50.505+0700] {subprocess.py:93} INFO -   File "/home/***/.local/lib/python3.12/site-packages/transformers/models/auto/tokenization_auto.py", line 649, in get_tokenizer_config
[2025-10-29T03:37:50.505+0700] {subprocess.py:93} INFO -     resolved_config_file = cached_file(
[2025-10-29T03:37:50.505+0700] {subprocess.py:93} INFO -                            ^^^^^^^^^^^^
[2025-10-29T03:37:50.505+0700] {subprocess.py:93} INFO -   File "/home/***/.local/lib/python3.12/site-packages/transformers/utils/hub.py", line 462, in cached_file
[2025-10-29T03:37:50.505+0700] {subprocess.py:93} INFO -     except HFValidationError as e:
[2025-10-29T03:37:50.505+0700] {subprocess.py:93} INFO -   File "/home/***/.local/lib/python3.12/site-packages/huggingface_hub/utils/_validators.py", line 114, in _inner_fn
[2025-10-29T03:37:50.505+0700] {subprocess.py:93} INFO -     return fn(*args, **kwargs)
[2025-10-29T03:37:50.505+0700] {subprocess.py:93} INFO -            ^^^^^^^^^^^^^^^^^^^
[2025-10-29T03:37:50.505+0700] {subprocess.py:93} INFO -   File "/home/***/.local/lib/python3.12/site-packages/huggingface_hub/file_download.py", line 1007, in hf_hub_download
[2025-10-29T03:37:50.506+0700] {subprocess.py:93} INFO -     return _hf_hub_download_to_cache_dir(
[2025-10-29T03:37:50.506+0700] {subprocess.py:93} INFO -            ^^^^^^^^^^^^^^^^^^^^^^^^^^^^^^
[2025-10-29T03:37:50.506+0700] {subprocess.py:93} INFO -   File "/home/***/.local/lib/python3.12/site-packages/huggingface_hub/file_download.py", line 1124, in _hf_hub_download_to_cache_dir
[2025-10-29T03:37:50.506+0700] {subprocess.py:93} INFO -     os.makedirs(os.path.dirname(blob_path), exist_ok=True)
[2025-10-29T03:37:50.506+0700] {subprocess.py:93} INFO -   File "<frozen os>", line 216, in makedirs
[2025-10-29T03:37:50.506+0700] {subprocess.py:93} INFO -   File "<frozen os>", line 216, in makedirs
[2025-10-29T03:37:50.506+0700] {subprocess.py:93} INFO -   File "<frozen os>", line 216, in makedirs
[2025-10-29T03:37:50.506+0700] {subprocess.py:93} INFO -   File "<frozen os>", line 230, in makedirs
[2025-10-29T03:37:50.506+0700] {subprocess.py:93} INFO - PermissionError: [Errno 13] Permission denied: '/home/***/.cache/huggingface'
[2025-10-29T03:37:50.506+0700] {subprocess.py:93} INFO - 
[2025-10-29T03:37:50.507+0700] {subprocess.py:93} INFO - 
[2025-10-29T03:37:51.027+0700] {subprocess.py:97} INFO - Command exited with return code 1
[2025-10-29T03:37:51.028+0700] {taskinstance.py:441} INFO - ::group::Post task execution logs
[2025-10-29T03:37:51.036+0700] {taskinstance.py:2890} ERROR - Task failed with exception
Traceback (most recent call last):
  File "/home/airflow/.local/lib/python3.12/site-packages/airflow/models/taskinstance.py", line 460, in _execute_task
    result = _execute_callable(context=context, **execute_callable_kwargs)
             ^^^^^^^^^^^^^^^^^^^^^^^^^^^^^^^^^^^^^^^^^^^^^^^^^^^^^^^^^^^^^
  File "/home/airflow/.local/lib/python3.12/site-packages/airflow/models/taskinstance.py", line 432, in _execute_callable
    return execute_callable(context=context, **execute_callable_kwargs)
           ^^^^^^^^^^^^^^^^^^^^^^^^^^^^^^^^^^^^^^^^^^^^^^^^^^^^^^^^^^^^
  File "/home/airflow/.local/lib/python3.12/site-packages/airflow/models/baseoperator.py", line 400, in wrapper
    return func(self, *args, **kwargs)
           ^^^^^^^^^^^^^^^^^^^^^^^^^^^
  File "/home/airflow/.local/lib/python3.12/site-packages/airflow/operators/bash.py", line 243, in execute
    raise AirflowException(
airflow.exceptions.AirflowException: Bash command failed. The command returned a non-zero exit code 1.
[2025-10-29T03:37:51.039+0700] {taskinstance.py:1205} INFO - Marking task as UP_FOR_RETRY. dag_id=absa_streaming_lifecycle_demo1, task_id=deploy_consumer, execution_date=20251028T190000, start_date=20251028T203731, end_date=20251028T203751
[2025-10-29T03:37:51.048+0700] {standard_task_runner.py:110} ERROR - Failed to execute job 33 for task deploy_consumer (Bash command failed. The command returned a non-zero exit code 1.; 11530)
[2025-10-29T03:37:51.090+0700] {local_task_job_runner.py:240} INFO - Task exited with return code 1
[2025-10-29T03:37:51.104+0700] {taskinstance.py:3482} INFO - 0 downstream tasks scheduled from follow-on schedule check
[2025-10-29T03:37:51.105+0700] {local_task_job_runner.py:222} INFO - ::endgroup::
