[2025-10-29T03:11:58.201+0700] {local_task_job_runner.py:120} INFO - ::group::Pre task execution logs
[2025-10-29T03:11:58.221+0700] {taskinstance.py:2073} INFO - Dependencies all met for dep_context=non-requeueable deps ti=<TaskInstance: absa_streaming_lifecycle_demo1.deploy_consumer scheduled__2025-10-28T19:00:00+00:00 [queued]>
[2025-10-29T03:11:58.229+0700] {taskinstance.py:2073} INFO - Dependencies all met for dep_context=requeueable deps ti=<TaskInstance: absa_streaming_lifecycle_demo1.deploy_consumer scheduled__2025-10-28T19:00:00+00:00 [queued]>
[2025-10-29T03:11:58.229+0700] {taskinstance.py:2303} INFO - Starting attempt 3 of 8
[2025-10-29T03:11:58.242+0700] {taskinstance.py:2327} INFO - Executing <Task(BashOperator): deploy_consumer> on 2025-10-28 19:00:00+00:00
[2025-10-29T03:11:58.254+0700] {warnings.py:110} WARNING - /home/***/.local/lib/python3.12/site-packages/***/task/task_runner/standard_task_runner.py:61: DeprecationWarning: This process (pid=1511) is multi-threaded, use of fork() may lead to deadlocks in the child.
  pid = os.fork()

[2025-10-29T03:11:58.256+0700] {standard_task_runner.py:63} INFO - Started process 1514 to run task
[2025-10-29T03:11:58.256+0700] {standard_task_runner.py:90} INFO - Running: ['***', 'tasks', 'run', 'absa_streaming_lifecycle_demo1', 'deploy_consumer', 'scheduled__2025-10-28T19:00:00+00:00', '--job-id', '9', '--raw', '--subdir', 'DAGS_FOLDER/absa_streaming_lifecycle_dag1.py', '--cfg-path', '/tmp/tmptdsqht5t']
[2025-10-29T03:11:58.259+0700] {standard_task_runner.py:91} INFO - Job 9: Subtask deploy_consumer
[2025-10-29T03:11:58.305+0700] {task_command.py:426} INFO - Running <TaskInstance: absa_streaming_lifecycle_demo1.deploy_consumer scheduled__2025-10-28T19:00:00+00:00 [running]> on host dfeadd712fc3
[2025-10-29T03:11:58.382+0700] {taskinstance.py:2644} INFO - Exporting env vars: AIRFLOW_CTX_DAG_OWNER='***' AIRFLOW_CTX_DAG_ID='absa_streaming_lifecycle_demo1' AIRFLOW_CTX_TASK_ID='deploy_consumer' AIRFLOW_CTX_EXECUTION_DATE='2025-10-28T19:00:00+00:00' AIRFLOW_CTX_TRY_NUMBER='3' AIRFLOW_CTX_DAG_RUN_ID='scheduled__2025-10-28T19:00:00+00:00'
[2025-10-29T03:11:58.384+0700] {taskinstance.py:430} INFO - ::endgroup::
[2025-10-29T03:11:58.385+0700] {subprocess.py:63} INFO - Tmp dir root location: /tmp
[2025-10-29T03:11:58.385+0700] {subprocess.py:75} INFO - Running command: ['/usr/bin/bash', '-c', 'bash -c "timeout 45m /opt/***/projects/absa_streaming/scripts/run_consumer.sh"']
[2025-10-29T03:11:58.406+0700] {subprocess.py:86} INFO - Output:
[2025-10-29T03:11:58.412+0700] {subprocess.py:93} INFO - [Consumer] Starting Spark Structured Streaming job...
[2025-10-29T03:11:58.453+0700] {subprocess.py:93} INFO - /home/***/.local/lib/python3.12/site-packages/pyspark/bin/load-spark-env.sh: line 68: ps: command not found
[2025-10-29T03:11:59.574+0700] {subprocess.py:93} INFO - :: loading settings :: url = jar:file:/home/***/.local/lib/python3.12/site-packages/pyspark/jars/ivy-2.5.1.jar!/org/apache/ivy/core/settings/ivysettings.xml
[2025-10-29T03:11:59.655+0700] {subprocess.py:93} INFO - Ivy Default Cache set to: /home/***/.ivy2/cache
[2025-10-29T03:11:59.656+0700] {subprocess.py:93} INFO - The jars for the packages stored in: /home/***/.ivy2/jars
[2025-10-29T03:11:59.661+0700] {subprocess.py:93} INFO - org.apache.spark#spark-sql-kafka-0-10_2.12 added as a dependency
[2025-10-29T03:11:59.662+0700] {subprocess.py:93} INFO - org.postgresql#postgresql added as a dependency
[2025-10-29T03:11:59.663+0700] {subprocess.py:93} INFO - :: resolving dependencies :: org.apache.spark#spark-submit-parent-e4deeeaa-adef-4583-a4a7-186fe9d48723;1.0
[2025-10-29T03:11:59.663+0700] {subprocess.py:93} INFO - 	confs: [default]
[2025-10-29T03:11:59.837+0700] {subprocess.py:93} INFO - 	found org.apache.spark#spark-sql-kafka-0-10_2.12;3.5.1 in central
[2025-10-29T03:11:59.941+0700] {subprocess.py:93} INFO - 	found org.apache.spark#spark-token-provider-kafka-0-10_2.12;3.5.1 in central
[2025-10-29T03:11:59.973+0700] {subprocess.py:93} INFO - 	found org.apache.kafka#kafka-clients;3.4.1 in central
[2025-10-29T03:12:00.002+0700] {subprocess.py:93} INFO - 	found org.lz4#lz4-java;1.8.0 in central
[2025-10-29T03:12:00.027+0700] {subprocess.py:93} INFO - 	found org.xerial.snappy#snappy-java;1.1.10.3 in central
[2025-10-29T03:12:00.046+0700] {subprocess.py:93} INFO - 	found org.slf4j#slf4j-api;2.0.7 in central
[2025-10-29T03:12:00.067+0700] {subprocess.py:93} INFO - 	found org.apache.hadoop#hadoop-client-runtime;3.3.4 in central
[2025-10-29T03:12:00.089+0700] {subprocess.py:93} INFO - 	found org.apache.hadoop#hadoop-client-api;3.3.4 in central
[2025-10-29T03:12:00.120+0700] {subprocess.py:93} INFO - 	found commons-logging#commons-logging;1.1.3 in central
[2025-10-29T03:12:00.146+0700] {subprocess.py:93} INFO - 	found com.google.code.findbugs#jsr305;3.0.0 in central
[2025-10-29T03:12:00.169+0700] {subprocess.py:93} INFO - 	found org.apache.commons#commons-pool2;2.11.1 in central
[2025-10-29T03:12:00.186+0700] {subprocess.py:93} INFO - 	found org.postgresql#postgresql;42.6.0 in central
[2025-10-29T03:12:00.198+0700] {subprocess.py:93} INFO - 	found org.checkerframework#checker-qual;3.31.0 in central
[2025-10-29T03:12:00.236+0700] {subprocess.py:93} INFO - :: resolution report :: resolve 552ms :: artifacts dl 22ms
[2025-10-29T03:12:00.237+0700] {subprocess.py:93} INFO - 	:: modules in use:
[2025-10-29T03:12:00.237+0700] {subprocess.py:93} INFO - 	com.google.code.findbugs#jsr305;3.0.0 from central in [default]
[2025-10-29T03:12:00.238+0700] {subprocess.py:93} INFO - 	commons-logging#commons-logging;1.1.3 from central in [default]
[2025-10-29T03:12:00.238+0700] {subprocess.py:93} INFO - 	org.apache.commons#commons-pool2;2.11.1 from central in [default]
[2025-10-29T03:12:00.238+0700] {subprocess.py:93} INFO - 	org.apache.hadoop#hadoop-client-api;3.3.4 from central in [default]
[2025-10-29T03:12:00.238+0700] {subprocess.py:93} INFO - 	org.apache.hadoop#hadoop-client-runtime;3.3.4 from central in [default]
[2025-10-29T03:12:00.239+0700] {subprocess.py:93} INFO - 	org.apache.kafka#kafka-clients;3.4.1 from central in [default]
[2025-10-29T03:12:00.239+0700] {subprocess.py:93} INFO - 	org.apache.spark#spark-sql-kafka-0-10_2.12;3.5.1 from central in [default]
[2025-10-29T03:12:00.239+0700] {subprocess.py:93} INFO - 	org.apache.spark#spark-token-provider-kafka-0-10_2.12;3.5.1 from central in [default]
[2025-10-29T03:12:00.240+0700] {subprocess.py:93} INFO - 	org.checkerframework#checker-qual;3.31.0 from central in [default]
[2025-10-29T03:12:00.240+0700] {subprocess.py:93} INFO - 	org.lz4#lz4-java;1.8.0 from central in [default]
[2025-10-29T03:12:00.240+0700] {subprocess.py:93} INFO - 	org.postgresql#postgresql;42.6.0 from central in [default]
[2025-10-29T03:12:00.241+0700] {subprocess.py:93} INFO - 	org.slf4j#slf4j-api;2.0.7 from central in [default]
[2025-10-29T03:12:00.241+0700] {subprocess.py:93} INFO - 	org.xerial.snappy#snappy-java;1.1.10.3 from central in [default]
[2025-10-29T03:12:00.241+0700] {subprocess.py:93} INFO - 	---------------------------------------------------------------------
[2025-10-29T03:12:00.242+0700] {subprocess.py:93} INFO - 	|                  |            modules            ||   artifacts   |
[2025-10-29T03:12:00.242+0700] {subprocess.py:93} INFO - 	|       conf       | number| search|dwnlded|evicted|| number|dwnlded|
[2025-10-29T03:12:00.243+0700] {subprocess.py:93} INFO - 	---------------------------------------------------------------------
[2025-10-29T03:12:00.243+0700] {subprocess.py:93} INFO - 	|      default     |   13  |   0   |   0   |   0   ||   13  |   0   |
[2025-10-29T03:12:00.243+0700] {subprocess.py:93} INFO - 	---------------------------------------------------------------------
[2025-10-29T03:12:00.246+0700] {subprocess.py:93} INFO - :: retrieving :: org.apache.spark#spark-submit-parent-e4deeeaa-adef-4583-a4a7-186fe9d48723
[2025-10-29T03:12:00.246+0700] {subprocess.py:93} INFO - 	confs: [default]
[2025-10-29T03:12:00.259+0700] {subprocess.py:93} INFO - 	0 artifacts copied, 13 already retrieved (0kB/13ms)
[2025-10-29T03:12:00.441+0700] {subprocess.py:93} INFO - 25/10/29 03:12:00 WARN NativeCodeLoader: Unable to load native-hadoop library for your platform... using builtin-java classes where applicable
[2025-10-29T03:12:04.335+0700] {subprocess.py:93} INFO - There was a problem when trying to write in your cache folder (/home/***/.cache/huggingface/hub). You should set the environment variable TRANSFORMERS_CACHE to a writable directory.
[2025-10-29T03:12:04.479+0700] {subprocess.py:93} INFO - 25/10/29 03:12:04 INFO SparkContext: Running Spark version 3.5.1
[2025-10-29T03:12:04.479+0700] {subprocess.py:93} INFO - 25/10/29 03:12:04 INFO SparkContext: OS info Linux, 6.14.0-33-generic, amd64
[2025-10-29T03:12:04.480+0700] {subprocess.py:93} INFO - 25/10/29 03:12:04 INFO SparkContext: Java version 17.0.17
[2025-10-29T03:12:04.496+0700] {subprocess.py:93} INFO - 25/10/29 03:12:04 INFO ResourceUtils: ==============================================================
[2025-10-29T03:12:04.497+0700] {subprocess.py:93} INFO - 25/10/29 03:12:04 INFO ResourceUtils: No custom resources configured for spark.driver.
[2025-10-29T03:12:04.497+0700] {subprocess.py:93} INFO - 25/10/29 03:12:04 INFO ResourceUtils: ==============================================================
[2025-10-29T03:12:04.497+0700] {subprocess.py:93} INFO - 25/10/29 03:12:04 INFO SparkContext: Submitted application: Kafka_ABSA_Postgres
[2025-10-29T03:12:04.511+0700] {subprocess.py:93} INFO - 25/10/29 03:12:04 INFO ResourceProfile: Default ResourceProfile created, executor resources: Map(cores -> name: cores, amount: 1, script: , vendor: , memory -> name: memory, amount: 1024, script: , vendor: , offHeap -> name: offHeap, amount: 0, script: , vendor: ), task resources: Map(cpus -> name: cpus, amount: 1.0)
[2025-10-29T03:12:04.518+0700] {subprocess.py:93} INFO - 25/10/29 03:12:04 INFO ResourceProfile: Limiting resource is cpu
[2025-10-29T03:12:04.518+0700] {subprocess.py:93} INFO - 25/10/29 03:12:04 INFO ResourceProfileManager: Added ResourceProfile id: 0
[2025-10-29T03:12:04.559+0700] {subprocess.py:93} INFO - 25/10/29 03:12:04 INFO SecurityManager: Changing view acls to: default
[2025-10-29T03:12:04.559+0700] {subprocess.py:93} INFO - 25/10/29 03:12:04 INFO SecurityManager: Changing modify acls to: default
[2025-10-29T03:12:04.559+0700] {subprocess.py:93} INFO - 25/10/29 03:12:04 INFO SecurityManager: Changing view acls groups to:
[2025-10-29T03:12:04.560+0700] {subprocess.py:93} INFO - 25/10/29 03:12:04 INFO SecurityManager: Changing modify acls groups to:
[2025-10-29T03:12:04.560+0700] {subprocess.py:93} INFO - 25/10/29 03:12:04 INFO SecurityManager: SecurityManager: authentication disabled; ui acls disabled; users with view permissions: default; groups with view permissions: EMPTY; users with modify permissions: default; groups with modify permissions: EMPTY
[2025-10-29T03:12:04.731+0700] {subprocess.py:93} INFO - 25/10/29 03:12:04 INFO Utils: Successfully started service 'sparkDriver' on port 42573.
[2025-10-29T03:12:04.767+0700] {subprocess.py:93} INFO - 25/10/29 03:12:04 INFO SparkEnv: Registering MapOutputTracker
[2025-10-29T03:12:04.800+0700] {subprocess.py:93} INFO - 25/10/29 03:12:04 INFO SparkEnv: Registering BlockManagerMaster
[2025-10-29T03:12:04.816+0700] {subprocess.py:93} INFO - 25/10/29 03:12:04 INFO BlockManagerMasterEndpoint: Using org.apache.spark.storage.DefaultTopologyMapper for getting topology information
[2025-10-29T03:12:04.816+0700] {subprocess.py:93} INFO - 25/10/29 03:12:04 INFO BlockManagerMasterEndpoint: BlockManagerMasterEndpoint up
[2025-10-29T03:12:04.820+0700] {subprocess.py:93} INFO - 25/10/29 03:12:04 INFO SparkEnv: Registering BlockManagerMasterHeartbeat
[2025-10-29T03:12:04.839+0700] {subprocess.py:93} INFO - 25/10/29 03:12:04 INFO DiskBlockManager: Created local directory at /tmp/blockmgr-dc6b5365-11e7-4e7a-953b-906fc57a278c
[2025-10-29T03:12:04.853+0700] {subprocess.py:93} INFO - 25/10/29 03:12:04 INFO MemoryStore: MemoryStore started with capacity 434.4 MiB
[2025-10-29T03:12:04.867+0700] {subprocess.py:93} INFO - 25/10/29 03:12:04 INFO SparkEnv: Registering OutputCommitCoordinator
[2025-10-29T03:12:04.977+0700] {subprocess.py:93} INFO - 25/10/29 03:12:04 INFO JettyUtils: Start Jetty 0.0.0.0:4040 for SparkUI
[2025-10-29T03:12:05.028+0700] {subprocess.py:93} INFO - 25/10/29 03:12:05 INFO Utils: Successfully started service 'SparkUI' on port 4040.
[2025-10-29T03:12:05.060+0700] {subprocess.py:93} INFO - 25/10/29 03:12:05 INFO SparkContext: Added JAR file:///home/***/.ivy2/jars/org.apache.spark_spark-sql-kafka-0-10_2.12-3.5.1.jar at spark://dfeadd712fc3:42573/jars/org.apache.spark_spark-sql-kafka-0-10_2.12-3.5.1.jar with timestamp 1761682324472
[2025-10-29T03:12:05.061+0700] {subprocess.py:93} INFO - 25/10/29 03:12:05 INFO SparkContext: Added JAR file:///home/***/.ivy2/jars/org.postgresql_postgresql-42.6.0.jar at spark://dfeadd712fc3:42573/jars/org.postgresql_postgresql-42.6.0.jar with timestamp 1761682324472
[2025-10-29T03:12:05.061+0700] {subprocess.py:93} INFO - 25/10/29 03:12:05 INFO SparkContext: Added JAR file:///home/***/.ivy2/jars/org.apache.spark_spark-token-provider-kafka-0-10_2.12-3.5.1.jar at spark://dfeadd712fc3:42573/jars/org.apache.spark_spark-token-provider-kafka-0-10_2.12-3.5.1.jar with timestamp 1761682324472
[2025-10-29T03:12:05.062+0700] {subprocess.py:93} INFO - 25/10/29 03:12:05 INFO SparkContext: Added JAR file:///home/***/.ivy2/jars/org.apache.kafka_kafka-clients-3.4.1.jar at spark://dfeadd712fc3:42573/jars/org.apache.kafka_kafka-clients-3.4.1.jar with timestamp 1761682324472
[2025-10-29T03:12:05.062+0700] {subprocess.py:93} INFO - 25/10/29 03:12:05 INFO SparkContext: Added JAR file:///home/***/.ivy2/jars/com.google.code.findbugs_jsr305-3.0.0.jar at spark://dfeadd712fc3:42573/jars/com.google.code.findbugs_jsr305-3.0.0.jar with timestamp 1761682324472
[2025-10-29T03:12:05.062+0700] {subprocess.py:93} INFO - 25/10/29 03:12:05 INFO SparkContext: Added JAR file:///home/***/.ivy2/jars/org.apache.commons_commons-pool2-2.11.1.jar at spark://dfeadd712fc3:42573/jars/org.apache.commons_commons-pool2-2.11.1.jar with timestamp 1761682324472
[2025-10-29T03:12:05.063+0700] {subprocess.py:93} INFO - 25/10/29 03:12:05 INFO SparkContext: Added JAR file:///home/***/.ivy2/jars/org.apache.hadoop_hadoop-client-runtime-3.3.4.jar at spark://dfeadd712fc3:42573/jars/org.apache.hadoop_hadoop-client-runtime-3.3.4.jar with timestamp 1761682324472
[2025-10-29T03:12:05.063+0700] {subprocess.py:93} INFO - 25/10/29 03:12:05 INFO SparkContext: Added JAR file:///home/***/.ivy2/jars/org.lz4_lz4-java-1.8.0.jar at spark://dfeadd712fc3:42573/jars/org.lz4_lz4-java-1.8.0.jar with timestamp 1761682324472
[2025-10-29T03:12:05.063+0700] {subprocess.py:93} INFO - 25/10/29 03:12:05 INFO SparkContext: Added JAR file:///home/***/.ivy2/jars/org.xerial.snappy_snappy-java-1.1.10.3.jar at spark://dfeadd712fc3:42573/jars/org.xerial.snappy_snappy-java-1.1.10.3.jar with timestamp 1761682324472
[2025-10-29T03:12:05.063+0700] {subprocess.py:93} INFO - 25/10/29 03:12:05 INFO SparkContext: Added JAR file:///home/***/.ivy2/jars/org.slf4j_slf4j-api-2.0.7.jar at spark://dfeadd712fc3:42573/jars/org.slf4j_slf4j-api-2.0.7.jar with timestamp 1761682324472
[2025-10-29T03:12:05.064+0700] {subprocess.py:93} INFO - 25/10/29 03:12:05 INFO SparkContext: Added JAR file:///home/***/.ivy2/jars/org.apache.hadoop_hadoop-client-api-3.3.4.jar at spark://dfeadd712fc3:42573/jars/org.apache.hadoop_hadoop-client-api-3.3.4.jar with timestamp 1761682324472
[2025-10-29T03:12:05.064+0700] {subprocess.py:93} INFO - 25/10/29 03:12:05 INFO SparkContext: Added JAR file:///home/***/.ivy2/jars/commons-logging_commons-logging-1.1.3.jar at spark://dfeadd712fc3:42573/jars/commons-logging_commons-logging-1.1.3.jar with timestamp 1761682324472
[2025-10-29T03:12:05.064+0700] {subprocess.py:93} INFO - 25/10/29 03:12:05 INFO SparkContext: Added JAR file:///home/***/.ivy2/jars/org.checkerframework_checker-qual-3.31.0.jar at spark://dfeadd712fc3:42573/jars/org.checkerframework_checker-qual-3.31.0.jar with timestamp 1761682324472
[2025-10-29T03:12:05.066+0700] {subprocess.py:93} INFO - 25/10/29 03:12:05 INFO SparkContext: Added file file:///home/***/.ivy2/jars/org.apache.spark_spark-sql-kafka-0-10_2.12-3.5.1.jar at file:///home/***/.ivy2/jars/org.apache.spark_spark-sql-kafka-0-10_2.12-3.5.1.jar with timestamp 1761682324472
[2025-10-29T03:12:05.068+0700] {subprocess.py:93} INFO - 25/10/29 03:12:05 INFO Utils: Copying /home/***/.ivy2/jars/org.apache.spark_spark-sql-kafka-0-10_2.12-3.5.1.jar to /tmp/spark-8297c22e-23bf-411a-85db-415e6d261dd4/userFiles-1b63bc14-6468-4d3f-810a-2dc8fc4c7735/org.apache.spark_spark-sql-kafka-0-10_2.12-3.5.1.jar
[2025-10-29T03:12:05.078+0700] {subprocess.py:93} INFO - 25/10/29 03:12:05 INFO SparkContext: Added file file:///home/***/.ivy2/jars/org.postgresql_postgresql-42.6.0.jar at file:///home/***/.ivy2/jars/org.postgresql_postgresql-42.6.0.jar with timestamp 1761682324472
[2025-10-29T03:12:05.079+0700] {subprocess.py:93} INFO - 25/10/29 03:12:05 INFO Utils: Copying /home/***/.ivy2/jars/org.postgresql_postgresql-42.6.0.jar to /tmp/spark-8297c22e-23bf-411a-85db-415e6d261dd4/userFiles-1b63bc14-6468-4d3f-810a-2dc8fc4c7735/org.postgresql_postgresql-42.6.0.jar
[2025-10-29T03:12:05.084+0700] {subprocess.py:93} INFO - 25/10/29 03:12:05 INFO SparkContext: Added file file:///home/***/.ivy2/jars/org.apache.spark_spark-token-provider-kafka-0-10_2.12-3.5.1.jar at file:///home/***/.ivy2/jars/org.apache.spark_spark-token-provider-kafka-0-10_2.12-3.5.1.jar with timestamp 1761682324472
[2025-10-29T03:12:05.084+0700] {subprocess.py:93} INFO - 25/10/29 03:12:05 INFO Utils: Copying /home/***/.ivy2/jars/org.apache.spark_spark-token-provider-kafka-0-10_2.12-3.5.1.jar to /tmp/spark-8297c22e-23bf-411a-85db-415e6d261dd4/userFiles-1b63bc14-6468-4d3f-810a-2dc8fc4c7735/org.apache.spark_spark-token-provider-kafka-0-10_2.12-3.5.1.jar
[2025-10-29T03:12:05.089+0700] {subprocess.py:93} INFO - 25/10/29 03:12:05 INFO SparkContext: Added file file:///home/***/.ivy2/jars/org.apache.kafka_kafka-clients-3.4.1.jar at file:///home/***/.ivy2/jars/org.apache.kafka_kafka-clients-3.4.1.jar with timestamp 1761682324472
[2025-10-29T03:12:05.089+0700] {subprocess.py:93} INFO - 25/10/29 03:12:05 INFO Utils: Copying /home/***/.ivy2/jars/org.apache.kafka_kafka-clients-3.4.1.jar to /tmp/spark-8297c22e-23bf-411a-85db-415e6d261dd4/userFiles-1b63bc14-6468-4d3f-810a-2dc8fc4c7735/org.apache.kafka_kafka-clients-3.4.1.jar
[2025-10-29T03:12:05.099+0700] {subprocess.py:93} INFO - 25/10/29 03:12:05 INFO SparkContext: Added file file:///home/***/.ivy2/jars/com.google.code.findbugs_jsr305-3.0.0.jar at file:///home/***/.ivy2/jars/com.google.code.findbugs_jsr305-3.0.0.jar with timestamp 1761682324472
[2025-10-29T03:12:05.100+0700] {subprocess.py:93} INFO - 25/10/29 03:12:05 INFO Utils: Copying /home/***/.ivy2/jars/com.google.code.findbugs_jsr305-3.0.0.jar to /tmp/spark-8297c22e-23bf-411a-85db-415e6d261dd4/userFiles-1b63bc14-6468-4d3f-810a-2dc8fc4c7735/com.google.code.findbugs_jsr305-3.0.0.jar
[2025-10-29T03:12:05.105+0700] {subprocess.py:93} INFO - 25/10/29 03:12:05 INFO SparkContext: Added file file:///home/***/.ivy2/jars/org.apache.commons_commons-pool2-2.11.1.jar at file:///home/***/.ivy2/jars/org.apache.commons_commons-pool2-2.11.1.jar with timestamp 1761682324472
[2025-10-29T03:12:05.106+0700] {subprocess.py:93} INFO - 25/10/29 03:12:05 INFO Utils: Copying /home/***/.ivy2/jars/org.apache.commons_commons-pool2-2.11.1.jar to /tmp/spark-8297c22e-23bf-411a-85db-415e6d261dd4/userFiles-1b63bc14-6468-4d3f-810a-2dc8fc4c7735/org.apache.commons_commons-pool2-2.11.1.jar
[2025-10-29T03:12:05.111+0700] {subprocess.py:93} INFO - 25/10/29 03:12:05 INFO SparkContext: Added file file:///home/***/.ivy2/jars/org.apache.hadoop_hadoop-client-runtime-3.3.4.jar at file:///home/***/.ivy2/jars/org.apache.hadoop_hadoop-client-runtime-3.3.4.jar with timestamp 1761682324472
[2025-10-29T03:12:05.111+0700] {subprocess.py:93} INFO - 25/10/29 03:12:05 INFO Utils: Copying /home/***/.ivy2/jars/org.apache.hadoop_hadoop-client-runtime-3.3.4.jar to /tmp/spark-8297c22e-23bf-411a-85db-415e6d261dd4/userFiles-1b63bc14-6468-4d3f-810a-2dc8fc4c7735/org.apache.hadoop_hadoop-client-runtime-3.3.4.jar
[2025-10-29T03:12:05.136+0700] {subprocess.py:93} INFO - 25/10/29 03:12:05 INFO SparkContext: Added file file:///home/***/.ivy2/jars/org.lz4_lz4-java-1.8.0.jar at file:///home/***/.ivy2/jars/org.lz4_lz4-java-1.8.0.jar with timestamp 1761682324472
[2025-10-29T03:12:05.136+0700] {subprocess.py:93} INFO - 25/10/29 03:12:05 INFO Utils: Copying /home/***/.ivy2/jars/org.lz4_lz4-java-1.8.0.jar to /tmp/spark-8297c22e-23bf-411a-85db-415e6d261dd4/userFiles-1b63bc14-6468-4d3f-810a-2dc8fc4c7735/org.lz4_lz4-java-1.8.0.jar
[2025-10-29T03:12:05.141+0700] {subprocess.py:93} INFO - 25/10/29 03:12:05 INFO SparkContext: Added file file:///home/***/.ivy2/jars/org.xerial.snappy_snappy-java-1.1.10.3.jar at file:///home/***/.ivy2/jars/org.xerial.snappy_snappy-java-1.1.10.3.jar with timestamp 1761682324472
[2025-10-29T03:12:05.142+0700] {subprocess.py:93} INFO - 25/10/29 03:12:05 INFO Utils: Copying /home/***/.ivy2/jars/org.xerial.snappy_snappy-java-1.1.10.3.jar to /tmp/spark-8297c22e-23bf-411a-85db-415e6d261dd4/userFiles-1b63bc14-6468-4d3f-810a-2dc8fc4c7735/org.xerial.snappy_snappy-java-1.1.10.3.jar
[2025-10-29T03:12:05.147+0700] {subprocess.py:93} INFO - 25/10/29 03:12:05 INFO SparkContext: Added file file:///home/***/.ivy2/jars/org.slf4j_slf4j-api-2.0.7.jar at file:///home/***/.ivy2/jars/org.slf4j_slf4j-api-2.0.7.jar with timestamp 1761682324472
[2025-10-29T03:12:05.148+0700] {subprocess.py:93} INFO - 25/10/29 03:12:05 INFO Utils: Copying /home/***/.ivy2/jars/org.slf4j_slf4j-api-2.0.7.jar to /tmp/spark-8297c22e-23bf-411a-85db-415e6d261dd4/userFiles-1b63bc14-6468-4d3f-810a-2dc8fc4c7735/org.slf4j_slf4j-api-2.0.7.jar
[2025-10-29T03:12:05.153+0700] {subprocess.py:93} INFO - 25/10/29 03:12:05 INFO SparkContext: Added file file:///home/***/.ivy2/jars/org.apache.hadoop_hadoop-client-api-3.3.4.jar at file:///home/***/.ivy2/jars/org.apache.hadoop_hadoop-client-api-3.3.4.jar with timestamp 1761682324472
[2025-10-29T03:12:05.153+0700] {subprocess.py:93} INFO - 25/10/29 03:12:05 INFO Utils: Copying /home/***/.ivy2/jars/org.apache.hadoop_hadoop-client-api-3.3.4.jar to /tmp/spark-8297c22e-23bf-411a-85db-415e6d261dd4/userFiles-1b63bc14-6468-4d3f-810a-2dc8fc4c7735/org.apache.hadoop_hadoop-client-api-3.3.4.jar
[2025-10-29T03:12:05.170+0700] {subprocess.py:93} INFO - 25/10/29 03:12:05 INFO SparkContext: Added file file:///home/***/.ivy2/jars/commons-logging_commons-logging-1.1.3.jar at file:///home/***/.ivy2/jars/commons-logging_commons-logging-1.1.3.jar with timestamp 1761682324472
[2025-10-29T03:12:05.170+0700] {subprocess.py:93} INFO - 25/10/29 03:12:05 INFO Utils: Copying /home/***/.ivy2/jars/commons-logging_commons-logging-1.1.3.jar to /tmp/spark-8297c22e-23bf-411a-85db-415e6d261dd4/userFiles-1b63bc14-6468-4d3f-810a-2dc8fc4c7735/commons-logging_commons-logging-1.1.3.jar
[2025-10-29T03:12:05.174+0700] {subprocess.py:93} INFO - 25/10/29 03:12:05 INFO SparkContext: Added file file:///home/***/.ivy2/jars/org.checkerframework_checker-qual-3.31.0.jar at file:///home/***/.ivy2/jars/org.checkerframework_checker-qual-3.31.0.jar with timestamp 1761682324472
[2025-10-29T03:12:05.175+0700] {subprocess.py:93} INFO - 25/10/29 03:12:05 INFO Utils: Copying /home/***/.ivy2/jars/org.checkerframework_checker-qual-3.31.0.jar to /tmp/spark-8297c22e-23bf-411a-85db-415e6d261dd4/userFiles-1b63bc14-6468-4d3f-810a-2dc8fc4c7735/org.checkerframework_checker-qual-3.31.0.jar
[2025-10-29T03:12:05.229+0700] {subprocess.py:93} INFO - 25/10/29 03:12:05 INFO Executor: Starting executor ID driver on host dfeadd712fc3
[2025-10-29T03:12:05.229+0700] {subprocess.py:93} INFO - 25/10/29 03:12:05 INFO Executor: OS info Linux, 6.14.0-33-generic, amd64
[2025-10-29T03:12:05.230+0700] {subprocess.py:93} INFO - 25/10/29 03:12:05 INFO Executor: Java version 17.0.17
[2025-10-29T03:12:05.234+0700] {subprocess.py:93} INFO - 25/10/29 03:12:05 INFO Executor: Starting executor with user classpath (userClassPathFirst = false): ''
[2025-10-29T03:12:05.235+0700] {subprocess.py:93} INFO - 25/10/29 03:12:05 INFO Executor: Created or updated repl class loader org.apache.spark.util.MutableURLClassLoader@4d9914b for default.
[2025-10-29T03:12:05.244+0700] {subprocess.py:93} INFO - 25/10/29 03:12:05 INFO Executor: Fetching file:///home/***/.ivy2/jars/org.apache.spark_spark-sql-kafka-0-10_2.12-3.5.1.jar with timestamp 1761682324472
[2025-10-29T03:12:05.262+0700] {subprocess.py:93} INFO - 25/10/29 03:12:05 INFO Utils: /home/***/.ivy2/jars/org.apache.spark_spark-sql-kafka-0-10_2.12-3.5.1.jar has been previously copied to /tmp/spark-8297c22e-23bf-411a-85db-415e6d261dd4/userFiles-1b63bc14-6468-4d3f-810a-2dc8fc4c7735/org.apache.spark_spark-sql-kafka-0-10_2.12-3.5.1.jar
[2025-10-29T03:12:05.266+0700] {subprocess.py:93} INFO - 25/10/29 03:12:05 INFO Executor: Fetching file:///home/***/.ivy2/jars/org.apache.hadoop_hadoop-client-runtime-3.3.4.jar with timestamp 1761682324472
[2025-10-29T03:12:05.288+0700] {subprocess.py:93} INFO - 25/10/29 03:12:05 INFO Utils: /home/***/.ivy2/jars/org.apache.hadoop_hadoop-client-runtime-3.3.4.jar has been previously copied to /tmp/spark-8297c22e-23bf-411a-85db-415e6d261dd4/userFiles-1b63bc14-6468-4d3f-810a-2dc8fc4c7735/org.apache.hadoop_hadoop-client-runtime-3.3.4.jar
[2025-10-29T03:12:05.292+0700] {subprocess.py:93} INFO - 25/10/29 03:12:05 INFO Executor: Fetching file:///home/***/.ivy2/jars/org.apache.hadoop_hadoop-client-api-3.3.4.jar with timestamp 1761682324472
[2025-10-29T03:12:05.305+0700] {subprocess.py:93} INFO - 25/10/29 03:12:05 INFO Utils: /home/***/.ivy2/jars/org.apache.hadoop_hadoop-client-api-3.3.4.jar has been previously copied to /tmp/spark-8297c22e-23bf-411a-85db-415e6d261dd4/userFiles-1b63bc14-6468-4d3f-810a-2dc8fc4c7735/org.apache.hadoop_hadoop-client-api-3.3.4.jar
[2025-10-29T03:12:05.309+0700] {subprocess.py:93} INFO - 25/10/29 03:12:05 INFO Executor: Fetching file:///home/***/.ivy2/jars/org.apache.spark_spark-token-provider-kafka-0-10_2.12-3.5.1.jar with timestamp 1761682324472
[2025-10-29T03:12:05.309+0700] {subprocess.py:93} INFO - 25/10/29 03:12:05 INFO Utils: /home/***/.ivy2/jars/org.apache.spark_spark-token-provider-kafka-0-10_2.12-3.5.1.jar has been previously copied to /tmp/spark-8297c22e-23bf-411a-85db-415e6d261dd4/userFiles-1b63bc14-6468-4d3f-810a-2dc8fc4c7735/org.apache.spark_spark-token-provider-kafka-0-10_2.12-3.5.1.jar
[2025-10-29T03:12:05.312+0700] {subprocess.py:93} INFO - 25/10/29 03:12:05 INFO Executor: Fetching file:///home/***/.ivy2/jars/com.google.code.findbugs_jsr305-3.0.0.jar with timestamp 1761682324472
[2025-10-29T03:12:05.313+0700] {subprocess.py:93} INFO - 25/10/29 03:12:05 INFO Utils: /home/***/.ivy2/jars/com.google.code.findbugs_jsr305-3.0.0.jar has been previously copied to /tmp/spark-8297c22e-23bf-411a-85db-415e6d261dd4/userFiles-1b63bc14-6468-4d3f-810a-2dc8fc4c7735/com.google.code.findbugs_jsr305-3.0.0.jar
[2025-10-29T03:12:05.315+0700] {subprocess.py:93} INFO - 25/10/29 03:12:05 INFO Executor: Fetching file:///home/***/.ivy2/jars/org.lz4_lz4-java-1.8.0.jar with timestamp 1761682324472
[2025-10-29T03:12:05.316+0700] {subprocess.py:93} INFO - 25/10/29 03:12:05 INFO Utils: /home/***/.ivy2/jars/org.lz4_lz4-java-1.8.0.jar has been previously copied to /tmp/spark-8297c22e-23bf-411a-85db-415e6d261dd4/userFiles-1b63bc14-6468-4d3f-810a-2dc8fc4c7735/org.lz4_lz4-java-1.8.0.jar
[2025-10-29T03:12:05.319+0700] {subprocess.py:93} INFO - 25/10/29 03:12:05 INFO Executor: Fetching file:///home/***/.ivy2/jars/org.slf4j_slf4j-api-2.0.7.jar with timestamp 1761682324472
[2025-10-29T03:12:05.320+0700] {subprocess.py:93} INFO - 25/10/29 03:12:05 INFO Utils: /home/***/.ivy2/jars/org.slf4j_slf4j-api-2.0.7.jar has been previously copied to /tmp/spark-8297c22e-23bf-411a-85db-415e6d261dd4/userFiles-1b63bc14-6468-4d3f-810a-2dc8fc4c7735/org.slf4j_slf4j-api-2.0.7.jar
[2025-10-29T03:12:05.322+0700] {subprocess.py:93} INFO - 25/10/29 03:12:05 INFO Executor: Fetching file:///home/***/.ivy2/jars/org.checkerframework_checker-qual-3.31.0.jar with timestamp 1761682324472
[2025-10-29T03:12:05.323+0700] {subprocess.py:93} INFO - 25/10/29 03:12:05 INFO Utils: /home/***/.ivy2/jars/org.checkerframework_checker-qual-3.31.0.jar has been previously copied to /tmp/spark-8297c22e-23bf-411a-85db-415e6d261dd4/userFiles-1b63bc14-6468-4d3f-810a-2dc8fc4c7735/org.checkerframework_checker-qual-3.31.0.jar
[2025-10-29T03:12:05.326+0700] {subprocess.py:93} INFO - 25/10/29 03:12:05 INFO Executor: Fetching file:///home/***/.ivy2/jars/org.apache.commons_commons-pool2-2.11.1.jar with timestamp 1761682324472
[2025-10-29T03:12:05.326+0700] {subprocess.py:93} INFO - 25/10/29 03:12:05 INFO Utils: /home/***/.ivy2/jars/org.apache.commons_commons-pool2-2.11.1.jar has been previously copied to /tmp/spark-8297c22e-23bf-411a-85db-415e6d261dd4/userFiles-1b63bc14-6468-4d3f-810a-2dc8fc4c7735/org.apache.commons_commons-pool2-2.11.1.jar
[2025-10-29T03:12:05.329+0700] {subprocess.py:93} INFO - 25/10/29 03:12:05 INFO Executor: Fetching file:///home/***/.ivy2/jars/commons-logging_commons-logging-1.1.3.jar with timestamp 1761682324472
[2025-10-29T03:12:05.329+0700] {subprocess.py:93} INFO - 25/10/29 03:12:05 INFO Utils: /home/***/.ivy2/jars/commons-logging_commons-logging-1.1.3.jar has been previously copied to /tmp/spark-8297c22e-23bf-411a-85db-415e6d261dd4/userFiles-1b63bc14-6468-4d3f-810a-2dc8fc4c7735/commons-logging_commons-logging-1.1.3.jar
[2025-10-29T03:12:05.332+0700] {subprocess.py:93} INFO - 25/10/29 03:12:05 INFO Executor: Fetching file:///home/***/.ivy2/jars/org.xerial.snappy_snappy-java-1.1.10.3.jar with timestamp 1761682324472
[2025-10-29T03:12:05.333+0700] {subprocess.py:93} INFO - 25/10/29 03:12:05 INFO Utils: /home/***/.ivy2/jars/org.xerial.snappy_snappy-java-1.1.10.3.jar has been previously copied to /tmp/spark-8297c22e-23bf-411a-85db-415e6d261dd4/userFiles-1b63bc14-6468-4d3f-810a-2dc8fc4c7735/org.xerial.snappy_snappy-java-1.1.10.3.jar
[2025-10-29T03:12:05.336+0700] {subprocess.py:93} INFO - 25/10/29 03:12:05 INFO Executor: Fetching file:///home/***/.ivy2/jars/org.postgresql_postgresql-42.6.0.jar with timestamp 1761682324472
[2025-10-29T03:12:05.337+0700] {subprocess.py:93} INFO - 25/10/29 03:12:05 INFO Utils: /home/***/.ivy2/jars/org.postgresql_postgresql-42.6.0.jar has been previously copied to /tmp/spark-8297c22e-23bf-411a-85db-415e6d261dd4/userFiles-1b63bc14-6468-4d3f-810a-2dc8fc4c7735/org.postgresql_postgresql-42.6.0.jar
[2025-10-29T03:12:05.340+0700] {subprocess.py:93} INFO - 25/10/29 03:12:05 INFO Executor: Fetching file:///home/***/.ivy2/jars/org.apache.kafka_kafka-clients-3.4.1.jar with timestamp 1761682324472
[2025-10-29T03:12:05.343+0700] {subprocess.py:93} INFO - 25/10/29 03:12:05 INFO Utils: /home/***/.ivy2/jars/org.apache.kafka_kafka-clients-3.4.1.jar has been previously copied to /tmp/spark-8297c22e-23bf-411a-85db-415e6d261dd4/userFiles-1b63bc14-6468-4d3f-810a-2dc8fc4c7735/org.apache.kafka_kafka-clients-3.4.1.jar
[2025-10-29T03:12:05.348+0700] {subprocess.py:93} INFO - 25/10/29 03:12:05 INFO Executor: Fetching spark://dfeadd712fc3:42573/jars/org.slf4j_slf4j-api-2.0.7.jar with timestamp 1761682324472
[2025-10-29T03:12:05.369+0700] {subprocess.py:93} INFO - 25/10/29 03:12:05 INFO TransportClientFactory: Successfully created connection to dfeadd712fc3/172.18.0.6:42573 after 14 ms (0 ms spent in bootstraps)
[2025-10-29T03:12:05.372+0700] {subprocess.py:93} INFO - 25/10/29 03:12:05 INFO Utils: Fetching spark://dfeadd712fc3:42573/jars/org.slf4j_slf4j-api-2.0.7.jar to /tmp/spark-8297c22e-23bf-411a-85db-415e6d261dd4/userFiles-1b63bc14-6468-4d3f-810a-2dc8fc4c7735/fetchFileTemp7931025713515150060.tmp
[2025-10-29T03:12:05.388+0700] {subprocess.py:93} INFO - 25/10/29 03:12:05 INFO Utils: /tmp/spark-8297c22e-23bf-411a-85db-415e6d261dd4/userFiles-1b63bc14-6468-4d3f-810a-2dc8fc4c7735/fetchFileTemp7931025713515150060.tmp has been previously copied to /tmp/spark-8297c22e-23bf-411a-85db-415e6d261dd4/userFiles-1b63bc14-6468-4d3f-810a-2dc8fc4c7735/org.slf4j_slf4j-api-2.0.7.jar
[2025-10-29T03:12:05.392+0700] {subprocess.py:93} INFO - 25/10/29 03:12:05 INFO Executor: Adding file:/tmp/spark-8297c22e-23bf-411a-85db-415e6d261dd4/userFiles-1b63bc14-6468-4d3f-810a-2dc8fc4c7735/org.slf4j_slf4j-api-2.0.7.jar to class loader default
[2025-10-29T03:12:05.392+0700] {subprocess.py:93} INFO - 25/10/29 03:12:05 INFO Executor: Fetching spark://dfeadd712fc3:42573/jars/org.lz4_lz4-java-1.8.0.jar with timestamp 1761682324472
[2025-10-29T03:12:05.392+0700] {subprocess.py:93} INFO - 25/10/29 03:12:05 INFO Utils: Fetching spark://dfeadd712fc3:42573/jars/org.lz4_lz4-java-1.8.0.jar to /tmp/spark-8297c22e-23bf-411a-85db-415e6d261dd4/userFiles-1b63bc14-6468-4d3f-810a-2dc8fc4c7735/fetchFileTemp8056213638026021641.tmp
[2025-10-29T03:12:05.395+0700] {subprocess.py:93} INFO - 25/10/29 03:12:05 INFO Utils: /tmp/spark-8297c22e-23bf-411a-85db-415e6d261dd4/userFiles-1b63bc14-6468-4d3f-810a-2dc8fc4c7735/fetchFileTemp8056213638026021641.tmp has been previously copied to /tmp/spark-8297c22e-23bf-411a-85db-415e6d261dd4/userFiles-1b63bc14-6468-4d3f-810a-2dc8fc4c7735/org.lz4_lz4-java-1.8.0.jar
[2025-10-29T03:12:05.399+0700] {subprocess.py:93} INFO - 25/10/29 03:12:05 INFO Executor: Adding file:/tmp/spark-8297c22e-23bf-411a-85db-415e6d261dd4/userFiles-1b63bc14-6468-4d3f-810a-2dc8fc4c7735/org.lz4_lz4-java-1.8.0.jar to class loader default
[2025-10-29T03:12:05.399+0700] {subprocess.py:93} INFO - 25/10/29 03:12:05 INFO Executor: Fetching spark://dfeadd712fc3:42573/jars/org.apache.hadoop_hadoop-client-api-3.3.4.jar with timestamp 1761682324472
[2025-10-29T03:12:05.399+0700] {subprocess.py:93} INFO - 25/10/29 03:12:05 INFO Utils: Fetching spark://dfeadd712fc3:42573/jars/org.apache.hadoop_hadoop-client-api-3.3.4.jar to /tmp/spark-8297c22e-23bf-411a-85db-415e6d261dd4/userFiles-1b63bc14-6468-4d3f-810a-2dc8fc4c7735/fetchFileTemp6265002253434188899.tmp
[2025-10-29T03:12:05.525+0700] {subprocess.py:93} INFO - 25/10/29 03:12:05 INFO Utils: /tmp/spark-8297c22e-23bf-411a-85db-415e6d261dd4/userFiles-1b63bc14-6468-4d3f-810a-2dc8fc4c7735/fetchFileTemp6265002253434188899.tmp has been previously copied to /tmp/spark-8297c22e-23bf-411a-85db-415e6d261dd4/userFiles-1b63bc14-6468-4d3f-810a-2dc8fc4c7735/org.apache.hadoop_hadoop-client-api-3.3.4.jar
[2025-10-29T03:12:05.530+0700] {subprocess.py:93} INFO - 25/10/29 03:12:05 INFO Executor: Adding file:/tmp/spark-8297c22e-23bf-411a-85db-415e6d261dd4/userFiles-1b63bc14-6468-4d3f-810a-2dc8fc4c7735/org.apache.hadoop_hadoop-client-api-3.3.4.jar to class loader default
[2025-10-29T03:12:05.530+0700] {subprocess.py:93} INFO - 25/10/29 03:12:05 INFO Executor: Fetching spark://dfeadd712fc3:42573/jars/org.xerial.snappy_snappy-java-1.1.10.3.jar with timestamp 1761682324472
[2025-10-29T03:12:05.530+0700] {subprocess.py:93} INFO - 25/10/29 03:12:05 INFO Utils: Fetching spark://dfeadd712fc3:42573/jars/org.xerial.snappy_snappy-java-1.1.10.3.jar to /tmp/spark-8297c22e-23bf-411a-85db-415e6d261dd4/userFiles-1b63bc14-6468-4d3f-810a-2dc8fc4c7735/fetchFileTemp15212086739750491945.tmp
[2025-10-29T03:12:05.535+0700] {subprocess.py:93} INFO - 25/10/29 03:12:05 INFO Utils: /tmp/spark-8297c22e-23bf-411a-85db-415e6d261dd4/userFiles-1b63bc14-6468-4d3f-810a-2dc8fc4c7735/fetchFileTemp15212086739750491945.tmp has been previously copied to /tmp/spark-8297c22e-23bf-411a-85db-415e6d261dd4/userFiles-1b63bc14-6468-4d3f-810a-2dc8fc4c7735/org.xerial.snappy_snappy-java-1.1.10.3.jar
[2025-10-29T03:12:05.541+0700] {subprocess.py:93} INFO - 25/10/29 03:12:05 INFO Executor: Adding file:/tmp/spark-8297c22e-23bf-411a-85db-415e6d261dd4/userFiles-1b63bc14-6468-4d3f-810a-2dc8fc4c7735/org.xerial.snappy_snappy-java-1.1.10.3.jar to class loader default
[2025-10-29T03:12:05.541+0700] {subprocess.py:93} INFO - 25/10/29 03:12:05 INFO Executor: Fetching spark://dfeadd712fc3:42573/jars/org.apache.spark_spark-sql-kafka-0-10_2.12-3.5.1.jar with timestamp 1761682324472
[2025-10-29T03:12:05.541+0700] {subprocess.py:93} INFO - 25/10/29 03:12:05 INFO Utils: Fetching spark://dfeadd712fc3:42573/jars/org.apache.spark_spark-sql-kafka-0-10_2.12-3.5.1.jar to /tmp/spark-8297c22e-23bf-411a-85db-415e6d261dd4/userFiles-1b63bc14-6468-4d3f-810a-2dc8fc4c7735/fetchFileTemp2169493022949352942.tmp
[2025-10-29T03:12:05.543+0700] {subprocess.py:93} INFO - 25/10/29 03:12:05 INFO Utils: /tmp/spark-8297c22e-23bf-411a-85db-415e6d261dd4/userFiles-1b63bc14-6468-4d3f-810a-2dc8fc4c7735/fetchFileTemp2169493022949352942.tmp has been previously copied to /tmp/spark-8297c22e-23bf-411a-85db-415e6d261dd4/userFiles-1b63bc14-6468-4d3f-810a-2dc8fc4c7735/org.apache.spark_spark-sql-kafka-0-10_2.12-3.5.1.jar
[2025-10-29T03:12:05.546+0700] {subprocess.py:93} INFO - 25/10/29 03:12:05 INFO Executor: Adding file:/tmp/spark-8297c22e-23bf-411a-85db-415e6d261dd4/userFiles-1b63bc14-6468-4d3f-810a-2dc8fc4c7735/org.apache.spark_spark-sql-kafka-0-10_2.12-3.5.1.jar to class loader default
[2025-10-29T03:12:05.546+0700] {subprocess.py:93} INFO - 25/10/29 03:12:05 INFO Executor: Fetching spark://dfeadd712fc3:42573/jars/commons-logging_commons-logging-1.1.3.jar with timestamp 1761682324472
[2025-10-29T03:12:05.547+0700] {subprocess.py:93} INFO - 25/10/29 03:12:05 INFO Utils: Fetching spark://dfeadd712fc3:42573/jars/commons-logging_commons-logging-1.1.3.jar to /tmp/spark-8297c22e-23bf-411a-85db-415e6d261dd4/userFiles-1b63bc14-6468-4d3f-810a-2dc8fc4c7735/fetchFileTemp4062930712007749275.tmp
[2025-10-29T03:12:05.548+0700] {subprocess.py:93} INFO - 25/10/29 03:12:05 INFO Utils: /tmp/spark-8297c22e-23bf-411a-85db-415e6d261dd4/userFiles-1b63bc14-6468-4d3f-810a-2dc8fc4c7735/fetchFileTemp4062930712007749275.tmp has been previously copied to /tmp/spark-8297c22e-23bf-411a-85db-415e6d261dd4/userFiles-1b63bc14-6468-4d3f-810a-2dc8fc4c7735/commons-logging_commons-logging-1.1.3.jar
[2025-10-29T03:12:05.550+0700] {subprocess.py:93} INFO - 25/10/29 03:12:05 INFO Executor: Adding file:/tmp/spark-8297c22e-23bf-411a-85db-415e6d261dd4/userFiles-1b63bc14-6468-4d3f-810a-2dc8fc4c7735/commons-logging_commons-logging-1.1.3.jar to class loader default
[2025-10-29T03:12:05.551+0700] {subprocess.py:93} INFO - 25/10/29 03:12:05 INFO Executor: Fetching spark://dfeadd712fc3:42573/jars/org.apache.spark_spark-token-provider-kafka-0-10_2.12-3.5.1.jar with timestamp 1761682324472
[2025-10-29T03:12:05.551+0700] {subprocess.py:93} INFO - 25/10/29 03:12:05 INFO Utils: Fetching spark://dfeadd712fc3:42573/jars/org.apache.spark_spark-token-provider-kafka-0-10_2.12-3.5.1.jar to /tmp/spark-8297c22e-23bf-411a-85db-415e6d261dd4/userFiles-1b63bc14-6468-4d3f-810a-2dc8fc4c7735/fetchFileTemp6578681123122559018.tmp
[2025-10-29T03:12:05.552+0700] {subprocess.py:93} INFO - 25/10/29 03:12:05 INFO Utils: /tmp/spark-8297c22e-23bf-411a-85db-415e6d261dd4/userFiles-1b63bc14-6468-4d3f-810a-2dc8fc4c7735/fetchFileTemp6578681123122559018.tmp has been previously copied to /tmp/spark-8297c22e-23bf-411a-85db-415e6d261dd4/userFiles-1b63bc14-6468-4d3f-810a-2dc8fc4c7735/org.apache.spark_spark-token-provider-kafka-0-10_2.12-3.5.1.jar
[2025-10-29T03:12:05.555+0700] {subprocess.py:93} INFO - 25/10/29 03:12:05 INFO Executor: Adding file:/tmp/spark-8297c22e-23bf-411a-85db-415e6d261dd4/userFiles-1b63bc14-6468-4d3f-810a-2dc8fc4c7735/org.apache.spark_spark-token-provider-kafka-0-10_2.12-3.5.1.jar to class loader default
[2025-10-29T03:12:05.555+0700] {subprocess.py:93} INFO - 25/10/29 03:12:05 INFO Executor: Fetching spark://dfeadd712fc3:42573/jars/com.google.code.findbugs_jsr305-3.0.0.jar with timestamp 1761682324472
[2025-10-29T03:12:05.556+0700] {subprocess.py:93} INFO - 25/10/29 03:12:05 INFO Utils: Fetching spark://dfeadd712fc3:42573/jars/com.google.code.findbugs_jsr305-3.0.0.jar to /tmp/spark-8297c22e-23bf-411a-85db-415e6d261dd4/userFiles-1b63bc14-6468-4d3f-810a-2dc8fc4c7735/fetchFileTemp2920411044920077032.tmp
[2025-10-29T03:12:05.556+0700] {subprocess.py:93} INFO - 25/10/29 03:12:05 INFO Utils: /tmp/spark-8297c22e-23bf-411a-85db-415e6d261dd4/userFiles-1b63bc14-6468-4d3f-810a-2dc8fc4c7735/fetchFileTemp2920411044920077032.tmp has been previously copied to /tmp/spark-8297c22e-23bf-411a-85db-415e6d261dd4/userFiles-1b63bc14-6468-4d3f-810a-2dc8fc4c7735/com.google.code.findbugs_jsr305-3.0.0.jar
[2025-10-29T03:12:05.560+0700] {subprocess.py:93} INFO - 25/10/29 03:12:05 INFO Executor: Adding file:/tmp/spark-8297c22e-23bf-411a-85db-415e6d261dd4/userFiles-1b63bc14-6468-4d3f-810a-2dc8fc4c7735/com.google.code.findbugs_jsr305-3.0.0.jar to class loader default
[2025-10-29T03:12:05.560+0700] {subprocess.py:93} INFO - 25/10/29 03:12:05 INFO Executor: Fetching spark://dfeadd712fc3:42573/jars/org.apache.commons_commons-pool2-2.11.1.jar with timestamp 1761682324472
[2025-10-29T03:12:05.560+0700] {subprocess.py:93} INFO - 25/10/29 03:12:05 INFO Utils: Fetching spark://dfeadd712fc3:42573/jars/org.apache.commons_commons-pool2-2.11.1.jar to /tmp/spark-8297c22e-23bf-411a-85db-415e6d261dd4/userFiles-1b63bc14-6468-4d3f-810a-2dc8fc4c7735/fetchFileTemp18400739233289037840.tmp
[2025-10-29T03:12:05.561+0700] {subprocess.py:93} INFO - 25/10/29 03:12:05 INFO Utils: /tmp/spark-8297c22e-23bf-411a-85db-415e6d261dd4/userFiles-1b63bc14-6468-4d3f-810a-2dc8fc4c7735/fetchFileTemp18400739233289037840.tmp has been previously copied to /tmp/spark-8297c22e-23bf-411a-85db-415e6d261dd4/userFiles-1b63bc14-6468-4d3f-810a-2dc8fc4c7735/org.apache.commons_commons-pool2-2.11.1.jar
[2025-10-29T03:12:05.565+0700] {subprocess.py:93} INFO - 25/10/29 03:12:05 INFO Executor: Adding file:/tmp/spark-8297c22e-23bf-411a-85db-415e6d261dd4/userFiles-1b63bc14-6468-4d3f-810a-2dc8fc4c7735/org.apache.commons_commons-pool2-2.11.1.jar to class loader default
[2025-10-29T03:12:05.565+0700] {subprocess.py:93} INFO - 25/10/29 03:12:05 INFO Executor: Fetching spark://dfeadd712fc3:42573/jars/org.apache.kafka_kafka-clients-3.4.1.jar with timestamp 1761682324472
[2025-10-29T03:12:05.565+0700] {subprocess.py:93} INFO - 25/10/29 03:12:05 INFO Utils: Fetching spark://dfeadd712fc3:42573/jars/org.apache.kafka_kafka-clients-3.4.1.jar to /tmp/spark-8297c22e-23bf-411a-85db-415e6d261dd4/userFiles-1b63bc14-6468-4d3f-810a-2dc8fc4c7735/fetchFileTemp11786873576897107007.tmp
[2025-10-29T03:12:05.577+0700] {subprocess.py:93} INFO - 25/10/29 03:12:05 INFO Utils: /tmp/spark-8297c22e-23bf-411a-85db-415e6d261dd4/userFiles-1b63bc14-6468-4d3f-810a-2dc8fc4c7735/fetchFileTemp11786873576897107007.tmp has been previously copied to /tmp/spark-8297c22e-23bf-411a-85db-415e6d261dd4/userFiles-1b63bc14-6468-4d3f-810a-2dc8fc4c7735/org.apache.kafka_kafka-clients-3.4.1.jar
[2025-10-29T03:12:05.587+0700] {subprocess.py:93} INFO - 25/10/29 03:12:05 INFO Executor: Adding file:/tmp/spark-8297c22e-23bf-411a-85db-415e6d261dd4/userFiles-1b63bc14-6468-4d3f-810a-2dc8fc4c7735/org.apache.kafka_kafka-clients-3.4.1.jar to class loader default
[2025-10-29T03:12:05.587+0700] {subprocess.py:93} INFO - 25/10/29 03:12:05 INFO Executor: Fetching spark://dfeadd712fc3:42573/jars/org.postgresql_postgresql-42.6.0.jar with timestamp 1761682324472
[2025-10-29T03:12:05.588+0700] {subprocess.py:93} INFO - 25/10/29 03:12:05 INFO Utils: Fetching spark://dfeadd712fc3:42573/jars/org.postgresql_postgresql-42.6.0.jar to /tmp/spark-8297c22e-23bf-411a-85db-415e6d261dd4/userFiles-1b63bc14-6468-4d3f-810a-2dc8fc4c7735/fetchFileTemp1666716042941589574.tmp
[2025-10-29T03:12:05.590+0700] {subprocess.py:93} INFO - 25/10/29 03:12:05 INFO Utils: /tmp/spark-8297c22e-23bf-411a-85db-415e6d261dd4/userFiles-1b63bc14-6468-4d3f-810a-2dc8fc4c7735/fetchFileTemp1666716042941589574.tmp has been previously copied to /tmp/spark-8297c22e-23bf-411a-85db-415e6d261dd4/userFiles-1b63bc14-6468-4d3f-810a-2dc8fc4c7735/org.postgresql_postgresql-42.6.0.jar
[2025-10-29T03:12:05.595+0700] {subprocess.py:93} INFO - 25/10/29 03:12:05 INFO Executor: Adding file:/tmp/spark-8297c22e-23bf-411a-85db-415e6d261dd4/userFiles-1b63bc14-6468-4d3f-810a-2dc8fc4c7735/org.postgresql_postgresql-42.6.0.jar to class loader default
[2025-10-29T03:12:05.596+0700] {subprocess.py:93} INFO - 25/10/29 03:12:05 INFO Executor: Fetching spark://dfeadd712fc3:42573/jars/org.apache.hadoop_hadoop-client-runtime-3.3.4.jar with timestamp 1761682324472
[2025-10-29T03:12:05.596+0700] {subprocess.py:93} INFO - 25/10/29 03:12:05 INFO Utils: Fetching spark://dfeadd712fc3:42573/jars/org.apache.hadoop_hadoop-client-runtime-3.3.4.jar to /tmp/spark-8297c22e-23bf-411a-85db-415e6d261dd4/userFiles-1b63bc14-6468-4d3f-810a-2dc8fc4c7735/fetchFileTemp12574392402510452401.tmp
[2025-10-29T03:12:05.706+0700] {subprocess.py:93} INFO - 25/10/29 03:12:05 INFO Utils: /tmp/spark-8297c22e-23bf-411a-85db-415e6d261dd4/userFiles-1b63bc14-6468-4d3f-810a-2dc8fc4c7735/fetchFileTemp12574392402510452401.tmp has been previously copied to /tmp/spark-8297c22e-23bf-411a-85db-415e6d261dd4/userFiles-1b63bc14-6468-4d3f-810a-2dc8fc4c7735/org.apache.hadoop_hadoop-client-runtime-3.3.4.jar
[2025-10-29T03:12:05.714+0700] {subprocess.py:93} INFO - 25/10/29 03:12:05 INFO Executor: Adding file:/tmp/spark-8297c22e-23bf-411a-85db-415e6d261dd4/userFiles-1b63bc14-6468-4d3f-810a-2dc8fc4c7735/org.apache.hadoop_hadoop-client-runtime-3.3.4.jar to class loader default
[2025-10-29T03:12:05.714+0700] {subprocess.py:93} INFO - 25/10/29 03:12:05 INFO Executor: Fetching spark://dfeadd712fc3:42573/jars/org.checkerframework_checker-qual-3.31.0.jar with timestamp 1761682324472
[2025-10-29T03:12:05.715+0700] {subprocess.py:93} INFO - 25/10/29 03:12:05 INFO Utils: Fetching spark://dfeadd712fc3:42573/jars/org.checkerframework_checker-qual-3.31.0.jar to /tmp/spark-8297c22e-23bf-411a-85db-415e6d261dd4/userFiles-1b63bc14-6468-4d3f-810a-2dc8fc4c7735/fetchFileTemp10081859827032904188.tmp
[2025-10-29T03:12:05.716+0700] {subprocess.py:93} INFO - 25/10/29 03:12:05 INFO Utils: /tmp/spark-8297c22e-23bf-411a-85db-415e6d261dd4/userFiles-1b63bc14-6468-4d3f-810a-2dc8fc4c7735/fetchFileTemp10081859827032904188.tmp has been previously copied to /tmp/spark-8297c22e-23bf-411a-85db-415e6d261dd4/userFiles-1b63bc14-6468-4d3f-810a-2dc8fc4c7735/org.checkerframework_checker-qual-3.31.0.jar
[2025-10-29T03:12:05.720+0700] {subprocess.py:93} INFO - 25/10/29 03:12:05 INFO Executor: Adding file:/tmp/spark-8297c22e-23bf-411a-85db-415e6d261dd4/userFiles-1b63bc14-6468-4d3f-810a-2dc8fc4c7735/org.checkerframework_checker-qual-3.31.0.jar to class loader default
[2025-10-29T03:12:05.727+0700] {subprocess.py:93} INFO - 25/10/29 03:12:05 INFO Utils: Successfully started service 'org.apache.spark.network.netty.NettyBlockTransferService' on port 33965.
[2025-10-29T03:12:05.728+0700] {subprocess.py:93} INFO - 25/10/29 03:12:05 INFO NettyBlockTransferService: Server created on dfeadd712fc3:33965
[2025-10-29T03:12:05.729+0700] {subprocess.py:93} INFO - 25/10/29 03:12:05 INFO BlockManager: Using org.apache.spark.storage.RandomBlockReplicationPolicy for block replication policy
[2025-10-29T03:12:05.734+0700] {subprocess.py:93} INFO - 25/10/29 03:12:05 INFO BlockManagerMaster: Registering BlockManager BlockManagerId(driver, dfeadd712fc3, 33965, None)
[2025-10-29T03:12:05.736+0700] {subprocess.py:93} INFO - 25/10/29 03:12:05 INFO BlockManagerMasterEndpoint: Registering block manager dfeadd712fc3:33965 with 434.4 MiB RAM, BlockManagerId(driver, dfeadd712fc3, 33965, None)
[2025-10-29T03:12:05.738+0700] {subprocess.py:93} INFO - 25/10/29 03:12:05 INFO BlockManagerMaster: Registered BlockManager BlockManagerId(driver, dfeadd712fc3, 33965, None)
[2025-10-29T03:12:05.739+0700] {subprocess.py:93} INFO - 25/10/29 03:12:05 INFO BlockManager: Initialized BlockManager: BlockManagerId(driver, dfeadd712fc3, 33965, None)
[2025-10-29T03:12:08.321+0700] {subprocess.py:93} INFO - 25/10/29 03:12:08 WARN ResolveWriteToStream: spark.sql.adaptive.enabled is not supported in streaming DataFrames/Datasets and will be disabled.
[2025-10-29T03:12:08.483+0700] {subprocess.py:93} INFO - 🚀 Streaming job started — đang lắng nghe dữ liệu từ Kafka...
[2025-10-29T03:12:08.626+0700] {subprocess.py:93} INFO - 25/10/29 03:12:08 WARN AdminClientConfig: These configurations '[key.deserializer, value.deserializer, enable.auto.commit, max.poll.records, auto.offset.reset]' were supplied but are not used yet.
[2025-10-29T03:12:10.470+0700] {subprocess.py:93} INFO - [Batch 0] ⚠️ Không có dữ liệu mới.
[2025-10-29T03:12:12.041+0700] {subprocess.py:93} INFO - 25/10/29 03:12:12 WARN KafkaDataConsumer: KafkaDataConsumer is not running in UninterruptibleThread. It may hang when KafkaDataConsumer's methods are interrupted because of KAFKA-1894
[2025-10-29T03:12:12.372+0700] {subprocess.py:93} INFO - 25/10/29 03:12:12 WARN KafkaDataConsumer: KafkaDataConsumer is not running in UninterruptibleThread. It may hang when KafkaDataConsumer's methods are interrupted because of KAFKA-1894
[2025-10-29T03:12:12.372+0700] {subprocess.py:93} INFO - 25/10/29 03:12:12 WARN KafkaDataConsumer: KafkaDataConsumer is not running in UninterruptibleThread. It may hang when KafkaDataConsumer's methods are interrupted because of KAFKA-1894
[2025-10-29T03:12:12.373+0700] {subprocess.py:93} INFO - 25/10/29 03:12:12 WARN KafkaDataConsumer: KafkaDataConsumer is not running in UninterruptibleThread. It may hang when KafkaDataConsumer's methods are interrupted because of KAFKA-1894
[2025-10-29T03:12:15.146+0700] {subprocess.py:93} INFO - There was a problem when trying to write in your cache folder (/home/***/.cache/huggingface/hub). You should set the environment variable TRANSFORMERS_CACHE to a writable directory.
[2025-10-29T03:12:15.756+0700] {subprocess.py:93} INFO - 25/10/29 03:12:15 ERROR Executor: Exception in task 0.0 in stage 2.0 (TID 1)
[2025-10-29T03:12:15.757+0700] {subprocess.py:93} INFO - org.apache.spark.api.python.PythonException: Traceback (most recent call last):
[2025-10-29T03:12:15.757+0700] {subprocess.py:93} INFO -   File "/opt/***/projects/absa_streaming/scripts/consumer_postgres_streaming.py", line 73, in absa_infer_udf
[2025-10-29T03:12:15.757+0700] {subprocess.py:93} INFO -     _tokenizer = AutoTokenizer.from_pretrained(MODEL_NAME, use_fast=True)
[2025-10-29T03:12:15.757+0700] {subprocess.py:93} INFO -                  ^^^^^^^^^^^^^^^^^^^^^^^^^^^^^^^^^^^^^^^^^^^^^^^^^^^^^^^^
[2025-10-29T03:12:15.758+0700] {subprocess.py:93} INFO -   File "/home/***/.local/lib/python3.12/site-packages/transformers/models/auto/tokenization_auto.py", line 817, in from_pretrained
[2025-10-29T03:12:15.758+0700] {subprocess.py:93} INFO -     tokenizer_config = get_tokenizer_config(pretrained_model_name_or_path, **kwargs)
[2025-10-29T03:12:15.758+0700] {subprocess.py:93} INFO -                        ^^^^^^^^^^^^^^^^^^^^^^^^^^^^^^^^^^^^^^^^^^^^^^^^^^^^^^^^^^^^^
[2025-10-29T03:12:15.758+0700] {subprocess.py:93} INFO -   File "/home/***/.local/lib/python3.12/site-packages/transformers/models/auto/tokenization_auto.py", line 649, in get_tokenizer_config
[2025-10-29T03:12:15.758+0700] {subprocess.py:93} INFO -     resolved_config_file = cached_file(
[2025-10-29T03:12:15.758+0700] {subprocess.py:93} INFO -                            ^^^^^^^^^^^^
[2025-10-29T03:12:15.758+0700] {subprocess.py:93} INFO -   File "/home/***/.local/lib/python3.12/site-packages/transformers/utils/hub.py", line 462, in cached_file
[2025-10-29T03:12:15.758+0700] {subprocess.py:93} INFO -     except HFValidationError as e:
[2025-10-29T03:12:15.759+0700] {subprocess.py:93} INFO -   File "/home/***/.local/lib/python3.12/site-packages/huggingface_hub/utils/_validators.py", line 114, in _inner_fn
[2025-10-29T03:12:15.759+0700] {subprocess.py:93} INFO -     return fn(*args, **kwargs)
[2025-10-29T03:12:15.759+0700] {subprocess.py:93} INFO -            ^^^^^^^^^^^^^^^^^^^
[2025-10-29T03:12:15.759+0700] {subprocess.py:93} INFO -   File "/home/***/.local/lib/python3.12/site-packages/huggingface_hub/file_download.py", line 1007, in hf_hub_download
[2025-10-29T03:12:15.759+0700] {subprocess.py:93} INFO -     return _hf_hub_download_to_cache_dir(
[2025-10-29T03:12:15.759+0700] {subprocess.py:93} INFO -            ^^^^^^^^^^^^^^^^^^^^^^^^^^^^^^
[2025-10-29T03:12:15.759+0700] {subprocess.py:93} INFO -   File "/home/***/.local/lib/python3.12/site-packages/huggingface_hub/file_download.py", line 1124, in _hf_hub_download_to_cache_dir
[2025-10-29T03:12:15.759+0700] {subprocess.py:93} INFO -     os.makedirs(os.path.dirname(blob_path), exist_ok=True)
[2025-10-29T03:12:15.760+0700] {subprocess.py:93} INFO -   File "<frozen os>", line 216, in makedirs
[2025-10-29T03:12:15.760+0700] {subprocess.py:93} INFO -   File "<frozen os>", line 216, in makedirs
[2025-10-29T03:12:15.760+0700] {subprocess.py:93} INFO -   File "<frozen os>", line 216, in makedirs
[2025-10-29T03:12:15.760+0700] {subprocess.py:93} INFO -   File "<frozen os>", line 230, in makedirs
[2025-10-29T03:12:15.760+0700] {subprocess.py:93} INFO - PermissionError: [Errno 13] Permission denied: '/home/***/.cache/huggingface'
[2025-10-29T03:12:15.760+0700] {subprocess.py:93} INFO - 
[2025-10-29T03:12:15.760+0700] {subprocess.py:93} INFO - 	at org.apache.spark.api.python.BasePythonRunner$ReaderIterator.handlePythonException(PythonRunner.scala:572)
[2025-10-29T03:12:15.760+0700] {subprocess.py:93} INFO - 	at org.apache.spark.sql.execution.python.PythonArrowOutput$$anon$1.read(PythonArrowOutput.scala:118)
[2025-10-29T03:12:15.760+0700] {subprocess.py:93} INFO - 	at org.apache.spark.api.python.BasePythonRunner$ReaderIterator.hasNext(PythonRunner.scala:525)
[2025-10-29T03:12:15.761+0700] {subprocess.py:93} INFO - 	at org.apache.spark.InterruptibleIterator.hasNext(InterruptibleIterator.scala:37)
[2025-10-29T03:12:15.761+0700] {subprocess.py:93} INFO - 	at scala.collection.Iterator$$anon$11.hasNext(Iterator.scala:491)
[2025-10-29T03:12:15.761+0700] {subprocess.py:93} INFO - 	at scala.collection.Iterator$$anon$10.hasNext(Iterator.scala:460)
[2025-10-29T03:12:15.761+0700] {subprocess.py:93} INFO - 	at scala.collection.Iterator$$anon$10.hasNext(Iterator.scala:460)
[2025-10-29T03:12:15.761+0700] {subprocess.py:93} INFO - 	at org.apache.spark.sql.catalyst.expressions.GeneratedClass$GeneratedIteratorForCodegenStage1.hashAgg_doAggregateWithoutKey_0$(Unknown Source)
[2025-10-29T03:12:15.761+0700] {subprocess.py:93} INFO - 	at org.apache.spark.sql.catalyst.expressions.GeneratedClass$GeneratedIteratorForCodegenStage1.processNext(Unknown Source)
[2025-10-29T03:12:15.761+0700] {subprocess.py:93} INFO - 	at org.apache.spark.sql.execution.BufferedRowIterator.hasNext(BufferedRowIterator.java:43)
[2025-10-29T03:12:15.761+0700] {subprocess.py:93} INFO - 	at org.apache.spark.sql.execution.WholeStageCodegenEvaluatorFactory$WholeStageCodegenPartitionEvaluator$$anon$1.hasNext(WholeStageCodegenEvaluatorFactory.scala:43)
[2025-10-29T03:12:15.762+0700] {subprocess.py:93} INFO - 	at scala.collection.Iterator$$anon$10.hasNext(Iterator.scala:460)
[2025-10-29T03:12:15.762+0700] {subprocess.py:93} INFO - 	at org.apache.spark.shuffle.sort.BypassMergeSortShuffleWriter.write(BypassMergeSortShuffleWriter.java:140)
[2025-10-29T03:12:15.762+0700] {subprocess.py:93} INFO - 	at org.apache.spark.shuffle.ShuffleWriteProcessor.write(ShuffleWriteProcessor.scala:59)
[2025-10-29T03:12:15.762+0700] {subprocess.py:93} INFO - 	at org.apache.spark.scheduler.ShuffleMapTask.runTask(ShuffleMapTask.scala:104)
[2025-10-29T03:12:15.762+0700] {subprocess.py:93} INFO - 	at org.apache.spark.scheduler.ShuffleMapTask.runTask(ShuffleMapTask.scala:54)
[2025-10-29T03:12:15.762+0700] {subprocess.py:93} INFO - 	at org.apache.spark.TaskContext.runTaskWithListeners(TaskContext.scala:166)
[2025-10-29T03:12:15.762+0700] {subprocess.py:93} INFO - 	at org.apache.spark.scheduler.Task.run(Task.scala:141)
[2025-10-29T03:12:15.762+0700] {subprocess.py:93} INFO - 	at org.apache.spark.executor.Executor$TaskRunner.$anonfun$run$4(Executor.scala:620)
[2025-10-29T03:12:15.762+0700] {subprocess.py:93} INFO - 	at org.apache.spark.util.SparkErrorUtils.tryWithSafeFinally(SparkErrorUtils.scala:64)
[2025-10-29T03:12:15.763+0700] {subprocess.py:93} INFO - 	at org.apache.spark.util.SparkErrorUtils.tryWithSafeFinally$(SparkErrorUtils.scala:61)
[2025-10-29T03:12:15.763+0700] {subprocess.py:93} INFO - 	at org.apache.spark.util.Utils$.tryWithSafeFinally(Utils.scala:94)
[2025-10-29T03:12:15.763+0700] {subprocess.py:93} INFO - 	at org.apache.spark.executor.Executor$TaskRunner.run(Executor.scala:623)
[2025-10-29T03:12:15.763+0700] {subprocess.py:93} INFO - 	at java.base/java.util.concurrent.ThreadPoolExecutor.runWorker(ThreadPoolExecutor.java:1136)
[2025-10-29T03:12:15.763+0700] {subprocess.py:93} INFO - 	at java.base/java.util.concurrent.ThreadPoolExecutor$Worker.run(ThreadPoolExecutor.java:635)
[2025-10-29T03:12:15.763+0700] {subprocess.py:93} INFO - 	at java.base/java.lang.Thread.run(Thread.java:840)
[2025-10-29T03:12:15.766+0700] {subprocess.py:93} INFO - 25/10/29 03:12:15 WARN TaskSetManager: Lost task 0.0 in stage 2.0 (TID 1) (dfeadd712fc3 executor driver): org.apache.spark.api.python.PythonException: Traceback (most recent call last):
[2025-10-29T03:12:15.767+0700] {subprocess.py:93} INFO -   File "/opt/***/projects/absa_streaming/scripts/consumer_postgres_streaming.py", line 73, in absa_infer_udf
[2025-10-29T03:12:15.767+0700] {subprocess.py:93} INFO -     _tokenizer = AutoTokenizer.from_pretrained(MODEL_NAME, use_fast=True)
[2025-10-29T03:12:15.767+0700] {subprocess.py:93} INFO -                  ^^^^^^^^^^^^^^^^^^^^^^^^^^^^^^^^^^^^^^^^^^^^^^^^^^^^^^^^
[2025-10-29T03:12:15.767+0700] {subprocess.py:93} INFO -   File "/home/***/.local/lib/python3.12/site-packages/transformers/models/auto/tokenization_auto.py", line 817, in from_pretrained
[2025-10-29T03:12:15.768+0700] {subprocess.py:93} INFO -     tokenizer_config = get_tokenizer_config(pretrained_model_name_or_path, **kwargs)
[2025-10-29T03:12:15.768+0700] {subprocess.py:93} INFO -                        ^^^^^^^^^^^^^^^^^^^^^^^^^^^^^^^^^^^^^^^^^^^^^^^^^^^^^^^^^^^^^
[2025-10-29T03:12:15.768+0700] {subprocess.py:93} INFO -   File "/home/***/.local/lib/python3.12/site-packages/transformers/models/auto/tokenization_auto.py", line 649, in get_tokenizer_config
[2025-10-29T03:12:15.768+0700] {subprocess.py:93} INFO -     resolved_config_file = cached_file(
[2025-10-29T03:12:15.768+0700] {subprocess.py:93} INFO -                            ^^^^^^^^^^^^
[2025-10-29T03:12:15.768+0700] {subprocess.py:93} INFO -   File "/home/***/.local/lib/python3.12/site-packages/transformers/utils/hub.py", line 462, in cached_file
[2025-10-29T03:12:15.769+0700] {subprocess.py:93} INFO -     except HFValidationError as e:
[2025-10-29T03:12:15.769+0700] {subprocess.py:93} INFO -   File "/home/***/.local/lib/python3.12/site-packages/huggingface_hub/utils/_validators.py", line 114, in _inner_fn
[2025-10-29T03:12:15.769+0700] {subprocess.py:93} INFO -     return fn(*args, **kwargs)
[2025-10-29T03:12:15.769+0700] {subprocess.py:93} INFO -            ^^^^^^^^^^^^^^^^^^^
[2025-10-29T03:12:15.769+0700] {subprocess.py:93} INFO -   File "/home/***/.local/lib/python3.12/site-packages/huggingface_hub/file_download.py", line 1007, in hf_hub_download
[2025-10-29T03:12:15.770+0700] {subprocess.py:93} INFO -     return _hf_hub_download_to_cache_dir(
[2025-10-29T03:12:15.770+0700] {subprocess.py:93} INFO -            ^^^^^^^^^^^^^^^^^^^^^^^^^^^^^^
[2025-10-29T03:12:15.770+0700] {subprocess.py:93} INFO -   File "/home/***/.local/lib/python3.12/site-packages/huggingface_hub/file_download.py", line 1124, in _hf_hub_download_to_cache_dir
[2025-10-29T03:12:15.770+0700] {subprocess.py:93} INFO -     os.makedirs(os.path.dirname(blob_path), exist_ok=True)
[2025-10-29T03:12:15.770+0700] {subprocess.py:93} INFO -   File "<frozen os>", line 216, in makedirs
[2025-10-29T03:12:15.771+0700] {subprocess.py:93} INFO -   File "<frozen os>", line 216, in makedirs
[2025-10-29T03:12:15.771+0700] {subprocess.py:93} INFO -   File "<frozen os>", line 216, in makedirs
[2025-10-29T03:12:15.771+0700] {subprocess.py:93} INFO -   File "<frozen os>", line 230, in makedirs
[2025-10-29T03:12:15.771+0700] {subprocess.py:93} INFO - PermissionError: [Errno 13] Permission denied: '/home/***/.cache/huggingface'
[2025-10-29T03:12:15.771+0700] {subprocess.py:93} INFO - 
[2025-10-29T03:12:15.772+0700] {subprocess.py:93} INFO - 	at org.apache.spark.api.python.BasePythonRunner$ReaderIterator.handlePythonException(PythonRunner.scala:572)
[2025-10-29T03:12:15.772+0700] {subprocess.py:93} INFO - 	at org.apache.spark.sql.execution.python.PythonArrowOutput$$anon$1.read(PythonArrowOutput.scala:118)
[2025-10-29T03:12:15.772+0700] {subprocess.py:93} INFO - 	at org.apache.spark.api.python.BasePythonRunner$ReaderIterator.hasNext(PythonRunner.scala:525)
[2025-10-29T03:12:15.772+0700] {subprocess.py:93} INFO - 	at org.apache.spark.InterruptibleIterator.hasNext(InterruptibleIterator.scala:37)
[2025-10-29T03:12:15.772+0700] {subprocess.py:93} INFO - 	at scala.collection.Iterator$$anon$11.hasNext(Iterator.scala:491)
[2025-10-29T03:12:15.773+0700] {subprocess.py:93} INFO - 	at scala.collection.Iterator$$anon$10.hasNext(Iterator.scala:460)
[2025-10-29T03:12:15.773+0700] {subprocess.py:93} INFO - 	at scala.collection.Iterator$$anon$10.hasNext(Iterator.scala:460)
[2025-10-29T03:12:15.773+0700] {subprocess.py:93} INFO - 	at org.apache.spark.sql.catalyst.expressions.GeneratedClass$GeneratedIteratorForCodegenStage1.hashAgg_doAggregateWithoutKey_0$(Unknown Source)
[2025-10-29T03:12:15.773+0700] {subprocess.py:93} INFO - 	at org.apache.spark.sql.catalyst.expressions.GeneratedClass$GeneratedIteratorForCodegenStage1.processNext(Unknown Source)
[2025-10-29T03:12:15.773+0700] {subprocess.py:93} INFO - 	at org.apache.spark.sql.execution.BufferedRowIterator.hasNext(BufferedRowIterator.java:43)
[2025-10-29T03:12:15.774+0700] {subprocess.py:93} INFO - 	at org.apache.spark.sql.execution.WholeStageCodegenEvaluatorFactory$WholeStageCodegenPartitionEvaluator$$anon$1.hasNext(WholeStageCodegenEvaluatorFactory.scala:43)
[2025-10-29T03:12:15.774+0700] {subprocess.py:93} INFO - 	at scala.collection.Iterator$$anon$10.hasNext(Iterator.scala:460)
[2025-10-29T03:12:15.774+0700] {subprocess.py:93} INFO - 	at org.apache.spark.shuffle.sort.BypassMergeSortShuffleWriter.write(BypassMergeSortShuffleWriter.java:140)
[2025-10-29T03:12:15.774+0700] {subprocess.py:93} INFO - 	at org.apache.spark.shuffle.ShuffleWriteProcessor.write(ShuffleWriteProcessor.scala:59)
[2025-10-29T03:12:15.774+0700] {subprocess.py:93} INFO - 	at org.apache.spark.scheduler.ShuffleMapTask.runTask(ShuffleMapTask.scala:104)
[2025-10-29T03:12:15.775+0700] {subprocess.py:93} INFO - 	at org.apache.spark.scheduler.ShuffleMapTask.runTask(ShuffleMapTask.scala:54)
[2025-10-29T03:12:15.775+0700] {subprocess.py:93} INFO - 	at org.apache.spark.TaskContext.runTaskWithListeners(TaskContext.scala:166)
[2025-10-29T03:12:15.775+0700] {subprocess.py:93} INFO - 	at org.apache.spark.scheduler.Task.run(Task.scala:141)
[2025-10-29T03:12:15.775+0700] {subprocess.py:93} INFO - 	at org.apache.spark.executor.Executor$TaskRunner.$anonfun$run$4(Executor.scala:620)
[2025-10-29T03:12:15.775+0700] {subprocess.py:93} INFO - 	at org.apache.spark.util.SparkErrorUtils.tryWithSafeFinally(SparkErrorUtils.scala:64)
[2025-10-29T03:12:15.775+0700] {subprocess.py:93} INFO - 	at org.apache.spark.util.SparkErrorUtils.tryWithSafeFinally$(SparkErrorUtils.scala:61)
[2025-10-29T03:12:15.776+0700] {subprocess.py:93} INFO - 	at org.apache.spark.util.Utils$.tryWithSafeFinally(Utils.scala:94)
[2025-10-29T03:12:15.776+0700] {subprocess.py:93} INFO - 	at org.apache.spark.executor.Executor$TaskRunner.run(Executor.scala:623)
[2025-10-29T03:12:15.776+0700] {subprocess.py:93} INFO - 	at java.base/java.util.concurrent.ThreadPoolExecutor.runWorker(ThreadPoolExecutor.java:1136)
[2025-10-29T03:12:15.776+0700] {subprocess.py:93} INFO - 	at java.base/java.util.concurrent.ThreadPoolExecutor$Worker.run(ThreadPoolExecutor.java:635)
[2025-10-29T03:12:15.776+0700] {subprocess.py:93} INFO - 	at java.base/java.lang.Thread.run(Thread.java:840)
[2025-10-29T03:12:15.777+0700] {subprocess.py:93} INFO - 
[2025-10-29T03:12:15.777+0700] {subprocess.py:93} INFO - 25/10/29 03:12:15 ERROR TaskSetManager: Task 0 in stage 2.0 failed 1 times; aborting job
[2025-10-29T03:12:15.839+0700] {subprocess.py:93} INFO - 25/10/29 03:12:15 ERROR MicroBatchExecution: Query [id = d8afa550-ebc7-443b-9d34-2d40147ec373, runId = 3774d995-a183-42e1-a0a1-732612c2de38] terminated with error
[2025-10-29T03:12:15.839+0700] {subprocess.py:93} INFO - py4j.Py4JException: An exception was raised by the Python Proxy. Return Message: Traceback (most recent call last):
[2025-10-29T03:12:15.839+0700] {subprocess.py:93} INFO -   File "/home/***/.local/lib/python3.12/site-packages/pyspark/python/lib/py4j-0.10.9.7-src.zip/py4j/clientserver.py", line 617, in _call_proxy
[2025-10-29T03:12:15.840+0700] {subprocess.py:93} INFO -     return_value = getattr(self.pool[obj_id], method)(*params)
[2025-10-29T03:12:15.840+0700] {subprocess.py:93} INFO -                    ^^^^^^^^^^^^^^^^^^^^^^^^^^^^^^^^^^^^^^^^^^^
[2025-10-29T03:12:15.840+0700] {subprocess.py:93} INFO -   File "/home/***/.local/lib/python3.12/site-packages/pyspark/python/lib/pyspark.zip/pyspark/sql/utils.py", line 120, in call
[2025-10-29T03:12:15.840+0700] {subprocess.py:93} INFO -     raise e
[2025-10-29T03:12:15.840+0700] {subprocess.py:93} INFO -   File "/home/***/.local/lib/python3.12/site-packages/pyspark/python/lib/pyspark.zip/pyspark/sql/utils.py", line 117, in call
[2025-10-29T03:12:15.841+0700] {subprocess.py:93} INFO -     self.func(DataFrame(jdf, wrapped_session_jdf), batch_id)
[2025-10-29T03:12:15.841+0700] {subprocess.py:93} INFO -   File "/opt/***/projects/absa_streaming/scripts/consumer_postgres_streaming.py", line 125, in write_to_postgres
[2025-10-29T03:12:15.841+0700] {subprocess.py:93} INFO -     total_rows = batch_df.count()
[2025-10-29T03:12:15.841+0700] {subprocess.py:93} INFO -                  ^^^^^^^^^^^^^^^^
[2025-10-29T03:12:15.841+0700] {subprocess.py:93} INFO -   File "/home/***/.local/lib/python3.12/site-packages/pyspark/python/lib/pyspark.zip/pyspark/sql/dataframe.py", line 1238, in count
[2025-10-29T03:12:15.842+0700] {subprocess.py:93} INFO -     return int(self._jdf.count())
[2025-10-29T03:12:15.842+0700] {subprocess.py:93} INFO -                ^^^^^^^^^^^^^^^^^
[2025-10-29T03:12:15.842+0700] {subprocess.py:93} INFO -   File "/home/***/.local/lib/python3.12/site-packages/pyspark/python/lib/py4j-0.10.9.7-src.zip/py4j/java_gateway.py", line 1322, in __call__
[2025-10-29T03:12:15.842+0700] {subprocess.py:93} INFO -     return_value = get_return_value(
[2025-10-29T03:12:15.842+0700] {subprocess.py:93} INFO -                    ^^^^^^^^^^^^^^^^^
[2025-10-29T03:12:15.843+0700] {subprocess.py:93} INFO -   File "/home/***/.local/lib/python3.12/site-packages/pyspark/python/lib/pyspark.zip/pyspark/errors/exceptions/captured.py", line 185, in deco
[2025-10-29T03:12:15.843+0700] {subprocess.py:93} INFO -     raise converted from None
[2025-10-29T03:12:15.843+0700] {subprocess.py:93} INFO - pyspark.errors.exceptions.captured.PythonException:
[2025-10-29T03:12:15.843+0700] {subprocess.py:93} INFO -   An exception was thrown from the Python worker. Please see the stack trace below.
[2025-10-29T03:12:15.843+0700] {subprocess.py:93} INFO - Traceback (most recent call last):
[2025-10-29T03:12:15.843+0700] {subprocess.py:93} INFO -   File "/opt/***/projects/absa_streaming/scripts/consumer_postgres_streaming.py", line 73, in absa_infer_udf
[2025-10-29T03:12:15.844+0700] {subprocess.py:93} INFO -     _tokenizer = AutoTokenizer.from_pretrained(MODEL_NAME, use_fast=True)
[2025-10-29T03:12:15.844+0700] {subprocess.py:93} INFO -                  ^^^^^^^^^^^^^^^^^^^^^^^^^^^^^^^^^^^^^^^^^^^^^^^^^^^^^^^^
[2025-10-29T03:12:15.844+0700] {subprocess.py:93} INFO -   File "/home/***/.local/lib/python3.12/site-packages/transformers/models/auto/tokenization_auto.py", line 817, in from_pretrained
[2025-10-29T03:12:15.844+0700] {subprocess.py:93} INFO -     tokenizer_config = get_tokenizer_config(pretrained_model_name_or_path, **kwargs)
[2025-10-29T03:12:15.844+0700] {subprocess.py:93} INFO -                        ^^^^^^^^^^^^^^^^^^^^^^^^^^^^^^^^^^^^^^^^^^^^^^^^^^^^^^^^^^^^^
[2025-10-29T03:12:15.844+0700] {subprocess.py:93} INFO -   File "/home/***/.local/lib/python3.12/site-packages/transformers/models/auto/tokenization_auto.py", line 649, in get_tokenizer_config
[2025-10-29T03:12:15.844+0700] {subprocess.py:93} INFO -     resolved_config_file = cached_file(
[2025-10-29T03:12:15.844+0700] {subprocess.py:93} INFO -                            ^^^^^^^^^^^^
[2025-10-29T03:12:15.845+0700] {subprocess.py:93} INFO -   File "/home/***/.local/lib/python3.12/site-packages/transformers/utils/hub.py", line 462, in cached_file
[2025-10-29T03:12:15.845+0700] {subprocess.py:93} INFO -     except HFValidationError as e:
[2025-10-29T03:12:15.845+0700] {subprocess.py:93} INFO -   File "/home/***/.local/lib/python3.12/site-packages/huggingface_hub/utils/_validators.py", line 114, in _inner_fn
[2025-10-29T03:12:15.845+0700] {subprocess.py:93} INFO -     return fn(*args, **kwargs)
[2025-10-29T03:12:15.845+0700] {subprocess.py:93} INFO -            ^^^^^^^^^^^^^^^^^^^
[2025-10-29T03:12:15.845+0700] {subprocess.py:93} INFO -   File "/home/***/.local/lib/python3.12/site-packages/huggingface_hub/file_download.py", line 1007, in hf_hub_download
[2025-10-29T03:12:15.845+0700] {subprocess.py:93} INFO -     return _hf_hub_download_to_cache_dir(
[2025-10-29T03:12:15.846+0700] {subprocess.py:93} INFO -            ^^^^^^^^^^^^^^^^^^^^^^^^^^^^^^
[2025-10-29T03:12:15.846+0700] {subprocess.py:93} INFO -   File "/home/***/.local/lib/python3.12/site-packages/huggingface_hub/file_download.py", line 1124, in _hf_hub_download_to_cache_dir
[2025-10-29T03:12:15.846+0700] {subprocess.py:93} INFO -     os.makedirs(os.path.dirname(blob_path), exist_ok=True)
[2025-10-29T03:12:15.846+0700] {subprocess.py:93} INFO -   File "<frozen os>", line 216, in makedirs
[2025-10-29T03:12:15.846+0700] {subprocess.py:93} INFO -   File "<frozen os>", line 216, in makedirs
[2025-10-29T03:12:15.846+0700] {subprocess.py:93} INFO -   File "<frozen os>", line 216, in makedirs
[2025-10-29T03:12:15.846+0700] {subprocess.py:93} INFO -   File "<frozen os>", line 230, in makedirs
[2025-10-29T03:12:15.846+0700] {subprocess.py:93} INFO - PermissionError: [Errno 13] Permission denied: '/home/***/.cache/huggingface'
[2025-10-29T03:12:15.847+0700] {subprocess.py:93} INFO - 
[2025-10-29T03:12:15.847+0700] {subprocess.py:93} INFO - 
[2025-10-29T03:12:15.847+0700] {subprocess.py:93} INFO - 	at py4j.Protocol.getReturnValue(Protocol.java:476)
[2025-10-29T03:12:15.847+0700] {subprocess.py:93} INFO - 	at py4j.reflection.PythonProxyHandler.invoke(PythonProxyHandler.java:108)
[2025-10-29T03:12:15.847+0700] {subprocess.py:93} INFO - 	at jdk.proxy3/jdk.proxy3.$Proxy32.call(Unknown Source)
[2025-10-29T03:12:15.847+0700] {subprocess.py:93} INFO - 	at org.apache.spark.sql.execution.streaming.sources.PythonForeachBatchHelper$.$anonfun$callForeachBatch$1(ForeachBatchSink.scala:53)
[2025-10-29T03:12:15.847+0700] {subprocess.py:93} INFO - 	at org.apache.spark.sql.execution.streaming.sources.PythonForeachBatchHelper$.$anonfun$callForeachBatch$1$adapted(ForeachBatchSink.scala:53)
[2025-10-29T03:12:15.847+0700] {subprocess.py:93} INFO - 	at org.apache.spark.sql.execution.streaming.sources.ForeachBatchSink.addBatch(ForeachBatchSink.scala:34)
[2025-10-29T03:12:15.848+0700] {subprocess.py:93} INFO - 	at org.apache.spark.sql.execution.streaming.MicroBatchExecution.$anonfun$runBatch$17(MicroBatchExecution.scala:732)
[2025-10-29T03:12:15.848+0700] {subprocess.py:93} INFO - 	at org.apache.spark.sql.execution.SQLExecution$.$anonfun$withNewExecutionId$6(SQLExecution.scala:125)
[2025-10-29T03:12:15.848+0700] {subprocess.py:93} INFO - 	at org.apache.spark.sql.execution.SQLExecution$.withSQLConfPropagated(SQLExecution.scala:201)
[2025-10-29T03:12:15.848+0700] {subprocess.py:93} INFO - 	at org.apache.spark.sql.execution.SQLExecution$.$anonfun$withNewExecutionId$1(SQLExecution.scala:108)
[2025-10-29T03:12:15.848+0700] {subprocess.py:93} INFO - 	at org.apache.spark.sql.SparkSession.withActive(SparkSession.scala:900)
[2025-10-29T03:12:15.848+0700] {subprocess.py:93} INFO - 	at org.apache.spark.sql.execution.SQLExecution$.withNewExecutionId(SQLExecution.scala:66)
[2025-10-29T03:12:15.848+0700] {subprocess.py:93} INFO - 	at org.apache.spark.sql.execution.streaming.MicroBatchExecution.$anonfun$runBatch$16(MicroBatchExecution.scala:729)
[2025-10-29T03:12:15.848+0700] {subprocess.py:93} INFO - 	at org.apache.spark.sql.execution.streaming.ProgressReporter.reportTimeTaken(ProgressReporter.scala:427)
[2025-10-29T03:12:15.848+0700] {subprocess.py:93} INFO - 	at org.apache.spark.sql.execution.streaming.ProgressReporter.reportTimeTaken$(ProgressReporter.scala:425)
[2025-10-29T03:12:15.849+0700] {subprocess.py:93} INFO - 	at org.apache.spark.sql.execution.streaming.StreamExecution.reportTimeTaken(StreamExecution.scala:67)
[2025-10-29T03:12:15.849+0700] {subprocess.py:93} INFO - 	at org.apache.spark.sql.execution.streaming.MicroBatchExecution.runBatch(MicroBatchExecution.scala:729)
[2025-10-29T03:12:15.849+0700] {subprocess.py:93} INFO - 	at org.apache.spark.sql.execution.streaming.MicroBatchExecution.$anonfun$runActivatedStream$2(MicroBatchExecution.scala:286)
[2025-10-29T03:12:15.849+0700] {subprocess.py:93} INFO - 	at scala.runtime.java8.JFunction0$mcV$sp.apply(JFunction0$mcV$sp.java:23)
[2025-10-29T03:12:15.849+0700] {subprocess.py:93} INFO - 	at org.apache.spark.sql.execution.streaming.ProgressReporter.reportTimeTaken(ProgressReporter.scala:427)
[2025-10-29T03:12:15.849+0700] {subprocess.py:93} INFO - 	at org.apache.spark.sql.execution.streaming.ProgressReporter.reportTimeTaken$(ProgressReporter.scala:425)
[2025-10-29T03:12:15.849+0700] {subprocess.py:93} INFO - 	at org.apache.spark.sql.execution.streaming.StreamExecution.reportTimeTaken(StreamExecution.scala:67)
[2025-10-29T03:12:15.850+0700] {subprocess.py:93} INFO - 	at org.apache.spark.sql.execution.streaming.MicroBatchExecution.$anonfun$runActivatedStream$1(MicroBatchExecution.scala:249)
[2025-10-29T03:12:15.850+0700] {subprocess.py:93} INFO - 	at org.apache.spark.sql.execution.streaming.ProcessingTimeExecutor.execute(TriggerExecutor.scala:67)
[2025-10-29T03:12:15.850+0700] {subprocess.py:93} INFO - 	at org.apache.spark.sql.execution.streaming.MicroBatchExecution.runActivatedStream(MicroBatchExecution.scala:239)
[2025-10-29T03:12:15.850+0700] {subprocess.py:93} INFO - 	at org.apache.spark.sql.execution.streaming.StreamExecution.$anonfun$runStream$1(StreamExecution.scala:311)
[2025-10-29T03:12:15.850+0700] {subprocess.py:93} INFO - 	at scala.runtime.java8.JFunction0$mcV$sp.apply(JFunction0$mcV$sp.java:23)
[2025-10-29T03:12:15.850+0700] {subprocess.py:93} INFO - 	at org.apache.spark.sql.SparkSession.withActive(SparkSession.scala:900)
[2025-10-29T03:12:15.850+0700] {subprocess.py:93} INFO - 	at org.apache.spark.sql.execution.streaming.StreamExecution.org$apache$spark$sql$execution$streaming$StreamExecution$$runStream(StreamExecution.scala:289)
[2025-10-29T03:12:15.850+0700] {subprocess.py:93} INFO - 	at org.apache.spark.sql.execution.streaming.StreamExecution$$anon$1.$anonfun$run$1(StreamExecution.scala:211)
[2025-10-29T03:12:15.850+0700] {subprocess.py:93} INFO - 	at scala.runtime.java8.JFunction0$mcV$sp.apply(JFunction0$mcV$sp.java:23)
[2025-10-29T03:12:15.851+0700] {subprocess.py:93} INFO - 	at org.apache.spark.JobArtifactSet$.withActiveJobArtifactState(JobArtifactSet.scala:94)
[2025-10-29T03:12:15.851+0700] {subprocess.py:93} INFO - 	at org.apache.spark.sql.execution.streaming.StreamExecution$$anon$1.run(StreamExecution.scala:211)
[2025-10-29T03:12:15.907+0700] {subprocess.py:93} INFO - Traceback (most recent call last):
[2025-10-29T03:12:15.908+0700] {subprocess.py:93} INFO -   File "/opt/***/projects/absa_streaming/scripts/consumer_postgres_streaming.py", line 175, in <module>
[2025-10-29T03:12:15.908+0700] {subprocess.py:93} INFO -     query.awaitTermination()
[2025-10-29T03:12:15.908+0700] {subprocess.py:93} INFO -   File "/home/***/.local/lib/python3.12/site-packages/pyspark/python/lib/pyspark.zip/pyspark/sql/streaming/query.py", line 221, in awaitTermination
[2025-10-29T03:12:15.908+0700] {subprocess.py:93} INFO -   File "/home/***/.local/lib/python3.12/site-packages/pyspark/python/lib/py4j-0.10.9.7-src.zip/py4j/java_gateway.py", line 1322, in __call__
[2025-10-29T03:12:15.909+0700] {subprocess.py:93} INFO -   File "/home/***/.local/lib/python3.12/site-packages/pyspark/python/lib/pyspark.zip/pyspark/errors/exceptions/captured.py", line 185, in deco
[2025-10-29T03:12:15.910+0700] {subprocess.py:93} INFO - pyspark.errors.exceptions.captured.StreamingQueryException: [STREAM_FAILED] Query [id = d8afa550-ebc7-443b-9d34-2d40147ec373, runId = 3774d995-a183-42e1-a0a1-732612c2de38] terminated with exception: An exception was raised by the Python Proxy. Return Message: Traceback (most recent call last):
[2025-10-29T03:12:15.911+0700] {subprocess.py:93} INFO -   File "/home/***/.local/lib/python3.12/site-packages/pyspark/python/lib/py4j-0.10.9.7-src.zip/py4j/clientserver.py", line 617, in _call_proxy
[2025-10-29T03:12:15.911+0700] {subprocess.py:93} INFO -     return_value = getattr(self.pool[obj_id], method)(*params)
[2025-10-29T03:12:15.911+0700] {subprocess.py:93} INFO -                    ^^^^^^^^^^^^^^^^^^^^^^^^^^^^^^^^^^^^^^^^^^^
[2025-10-29T03:12:15.911+0700] {subprocess.py:93} INFO -   File "/home/***/.local/lib/python3.12/site-packages/pyspark/python/lib/pyspark.zip/pyspark/sql/utils.py", line 120, in call
[2025-10-29T03:12:15.911+0700] {subprocess.py:93} INFO -     raise e
[2025-10-29T03:12:15.912+0700] {subprocess.py:93} INFO -   File "/home/***/.local/lib/python3.12/site-packages/pyspark/python/lib/pyspark.zip/pyspark/sql/utils.py", line 117, in call
[2025-10-29T03:12:15.912+0700] {subprocess.py:93} INFO -     self.func(DataFrame(jdf, wrapped_session_jdf), batch_id)
[2025-10-29T03:12:15.912+0700] {subprocess.py:93} INFO -   File "/opt/***/projects/absa_streaming/scripts/consumer_postgres_streaming.py", line 125, in write_to_postgres
[2025-10-29T03:12:15.912+0700] {subprocess.py:93} INFO -     total_rows = batch_df.count()
[2025-10-29T03:12:15.912+0700] {subprocess.py:93} INFO -                  ^^^^^^^^^^^^^^^^
[2025-10-29T03:12:15.912+0700] {subprocess.py:93} INFO -   File "/home/***/.local/lib/python3.12/site-packages/pyspark/python/lib/pyspark.zip/pyspark/sql/dataframe.py", line 1238, in count
[2025-10-29T03:12:15.913+0700] {subprocess.py:93} INFO -     return int(self._jdf.count())
[2025-10-29T03:12:15.913+0700] {subprocess.py:93} INFO -                ^^^^^^^^^^^^^^^^^
[2025-10-29T03:12:15.913+0700] {subprocess.py:93} INFO -   File "/home/***/.local/lib/python3.12/site-packages/pyspark/python/lib/py4j-0.10.9.7-src.zip/py4j/java_gateway.py", line 1322, in __call__
[2025-10-29T03:12:15.913+0700] {subprocess.py:93} INFO -     return_value = get_return_value(
[2025-10-29T03:12:15.913+0700] {subprocess.py:93} INFO -                    ^^^^^^^^^^^^^^^^^
[2025-10-29T03:12:15.913+0700] {subprocess.py:93} INFO -   File "/home/***/.local/lib/python3.12/site-packages/pyspark/python/lib/pyspark.zip/pyspark/errors/exceptions/captured.py", line 185, in deco
[2025-10-29T03:12:15.914+0700] {subprocess.py:93} INFO -     raise converted from None
[2025-10-29T03:12:15.914+0700] {subprocess.py:93} INFO - pyspark.errors.exceptions.captured.PythonException:
[2025-10-29T03:12:15.914+0700] {subprocess.py:93} INFO -   An exception was thrown from the Python worker. Please see the stack trace below.
[2025-10-29T03:12:15.914+0700] {subprocess.py:93} INFO - Traceback (most recent call last):
[2025-10-29T03:12:15.914+0700] {subprocess.py:93} INFO -   File "/opt/***/projects/absa_streaming/scripts/consumer_postgres_streaming.py", line 73, in absa_infer_udf
[2025-10-29T03:12:15.914+0700] {subprocess.py:93} INFO -     _tokenizer = AutoTokenizer.from_pretrained(MODEL_NAME, use_fast=True)
[2025-10-29T03:12:15.914+0700] {subprocess.py:93} INFO -                  ^^^^^^^^^^^^^^^^^^^^^^^^^^^^^^^^^^^^^^^^^^^^^^^^^^^^^^^^
[2025-10-29T03:12:15.914+0700] {subprocess.py:93} INFO -   File "/home/***/.local/lib/python3.12/site-packages/transformers/models/auto/tokenization_auto.py", line 817, in from_pretrained
[2025-10-29T03:12:15.914+0700] {subprocess.py:93} INFO -     tokenizer_config = get_tokenizer_config(pretrained_model_name_or_path, **kwargs)
[2025-10-29T03:12:15.915+0700] {subprocess.py:93} INFO -                        ^^^^^^^^^^^^^^^^^^^^^^^^^^^^^^^^^^^^^^^^^^^^^^^^^^^^^^^^^^^^^
[2025-10-29T03:12:15.915+0700] {subprocess.py:93} INFO -   File "/home/***/.local/lib/python3.12/site-packages/transformers/models/auto/tokenization_auto.py", line 649, in get_tokenizer_config
[2025-10-29T03:12:15.915+0700] {subprocess.py:93} INFO -     resolved_config_file = cached_file(
[2025-10-29T03:12:15.915+0700] {subprocess.py:93} INFO -                            ^^^^^^^^^^^^
[2025-10-29T03:12:15.915+0700] {subprocess.py:93} INFO -   File "/home/***/.local/lib/python3.12/site-packages/transformers/utils/hub.py", line 462, in cached_file
[2025-10-29T03:12:15.915+0700] {subprocess.py:93} INFO -     except HFValidationError as e:
[2025-10-29T03:12:15.916+0700] {subprocess.py:93} INFO -   File "/home/***/.local/lib/python3.12/site-packages/huggingface_hub/utils/_validators.py", line 114, in _inner_fn
[2025-10-29T03:12:15.916+0700] {subprocess.py:93} INFO -     return fn(*args, **kwargs)
[2025-10-29T03:12:15.916+0700] {subprocess.py:93} INFO -            ^^^^^^^^^^^^^^^^^^^
[2025-10-29T03:12:15.916+0700] {subprocess.py:93} INFO -   File "/home/***/.local/lib/python3.12/site-packages/huggingface_hub/file_download.py", line 1007, in hf_hub_download
[2025-10-29T03:12:15.916+0700] {subprocess.py:93} INFO -     return _hf_hub_download_to_cache_dir(
[2025-10-29T03:12:15.916+0700] {subprocess.py:93} INFO -            ^^^^^^^^^^^^^^^^^^^^^^^^^^^^^^
[2025-10-29T03:12:15.916+0700] {subprocess.py:93} INFO -   File "/home/***/.local/lib/python3.12/site-packages/huggingface_hub/file_download.py", line 1124, in _hf_hub_download_to_cache_dir
[2025-10-29T03:12:15.916+0700] {subprocess.py:93} INFO -     os.makedirs(os.path.dirname(blob_path), exist_ok=True)
[2025-10-29T03:12:15.917+0700] {subprocess.py:93} INFO -   File "<frozen os>", line 216, in makedirs
[2025-10-29T03:12:15.917+0700] {subprocess.py:93} INFO -   File "<frozen os>", line 216, in makedirs
[2025-10-29T03:12:15.917+0700] {subprocess.py:93} INFO -   File "<frozen os>", line 216, in makedirs
[2025-10-29T03:12:15.917+0700] {subprocess.py:93} INFO -   File "<frozen os>", line 230, in makedirs
[2025-10-29T03:12:15.917+0700] {subprocess.py:93} INFO - PermissionError: [Errno 13] Permission denied: '/home/***/.cache/huggingface'
[2025-10-29T03:12:15.917+0700] {subprocess.py:93} INFO - 
[2025-10-29T03:12:15.917+0700] {subprocess.py:93} INFO - 
[2025-10-29T03:12:16.424+0700] {subprocess.py:97} INFO - Command exited with return code 1
[2025-10-29T03:12:16.424+0700] {taskinstance.py:441} INFO - ::group::Post task execution logs
[2025-10-29T03:12:16.432+0700] {taskinstance.py:2890} ERROR - Task failed with exception
Traceback (most recent call last):
  File "/home/airflow/.local/lib/python3.12/site-packages/airflow/models/taskinstance.py", line 460, in _execute_task
    result = _execute_callable(context=context, **execute_callable_kwargs)
             ^^^^^^^^^^^^^^^^^^^^^^^^^^^^^^^^^^^^^^^^^^^^^^^^^^^^^^^^^^^^^
  File "/home/airflow/.local/lib/python3.12/site-packages/airflow/models/taskinstance.py", line 432, in _execute_callable
    return execute_callable(context=context, **execute_callable_kwargs)
           ^^^^^^^^^^^^^^^^^^^^^^^^^^^^^^^^^^^^^^^^^^^^^^^^^^^^^^^^^^^^
  File "/home/airflow/.local/lib/python3.12/site-packages/airflow/models/baseoperator.py", line 400, in wrapper
    return func(self, *args, **kwargs)
           ^^^^^^^^^^^^^^^^^^^^^^^^^^^
  File "/home/airflow/.local/lib/python3.12/site-packages/airflow/operators/bash.py", line 243, in execute
    raise AirflowException(
airflow.exceptions.AirflowException: Bash command failed. The command returned a non-zero exit code 1.
[2025-10-29T03:12:16.436+0700] {taskinstance.py:1205} INFO - Marking task as UP_FOR_RETRY. dag_id=absa_streaming_lifecycle_demo1, task_id=deploy_consumer, execution_date=20251028T190000, start_date=20251028T201158, end_date=20251028T201216
[2025-10-29T03:12:16.446+0700] {standard_task_runner.py:110} ERROR - Failed to execute job 9 for task deploy_consumer (Bash command failed. The command returned a non-zero exit code 1.; 1514)
[2025-10-29T03:12:16.482+0700] {local_task_job_runner.py:240} INFO - Task exited with return code 1
[2025-10-29T03:12:16.496+0700] {taskinstance.py:3482} INFO - 0 downstream tasks scheduled from follow-on schedule check
[2025-10-29T03:12:16.497+0700] {local_task_job_runner.py:222} INFO - ::endgroup::
