[2025-10-29T03:09:36.749+0700] {local_task_job_runner.py:120} INFO - ::group::Pre task execution logs
[2025-10-29T03:09:36.764+0700] {taskinstance.py:2073} INFO - Dependencies all met for dep_context=non-requeueable deps ti=<TaskInstance: absa_streaming_lifecycle_demo1.deploy_consumer scheduled__2025-10-28T19:00:00+00:00 [queued]>
[2025-10-29T03:09:36.770+0700] {taskinstance.py:2073} INFO - Dependencies all met for dep_context=requeueable deps ti=<TaskInstance: absa_streaming_lifecycle_demo1.deploy_consumer scheduled__2025-10-28T19:00:00+00:00 [queued]>
[2025-10-29T03:09:36.770+0700] {taskinstance.py:2303} INFO - Starting attempt 2 of 6
[2025-10-29T03:09:36.778+0700] {taskinstance.py:2327} INFO - Executing <Task(BashOperator): deploy_consumer> on 2025-10-28 19:00:00+00:00
[2025-10-29T03:09:36.787+0700] {warnings.py:110} WARNING - /home/***/.local/lib/python3.12/site-packages/***/task/task_runner/standard_task_runner.py:61: DeprecationWarning: This process (pid=567) is multi-threaded, use of fork() may lead to deadlocks in the child.
  pid = os.fork()

[2025-10-29T03:09:36.788+0700] {standard_task_runner.py:63} INFO - Started process 571 to run task
[2025-10-29T03:09:36.788+0700] {standard_task_runner.py:90} INFO - Running: ['***', 'tasks', 'run', 'absa_streaming_lifecycle_demo1', 'deploy_consumer', 'scheduled__2025-10-28T19:00:00+00:00', '--job-id', '8', '--raw', '--subdir', 'DAGS_FOLDER/absa_streaming_lifecycle_dag1.py', '--cfg-path', '/tmp/tmp_eumvwg4']
[2025-10-29T03:09:36.790+0700] {standard_task_runner.py:91} INFO - Job 8: Subtask deploy_consumer
[2025-10-29T03:09:36.821+0700] {task_command.py:426} INFO - Running <TaskInstance: absa_streaming_lifecycle_demo1.deploy_consumer scheduled__2025-10-28T19:00:00+00:00 [running]> on host dfeadd712fc3
[2025-10-29T03:09:36.878+0700] {taskinstance.py:2644} INFO - Exporting env vars: AIRFLOW_CTX_DAG_OWNER='***' AIRFLOW_CTX_DAG_ID='absa_streaming_lifecycle_demo1' AIRFLOW_CTX_TASK_ID='deploy_consumer' AIRFLOW_CTX_EXECUTION_DATE='2025-10-28T19:00:00+00:00' AIRFLOW_CTX_TRY_NUMBER='2' AIRFLOW_CTX_DAG_RUN_ID='scheduled__2025-10-28T19:00:00+00:00'
[2025-10-29T03:09:36.880+0700] {taskinstance.py:430} INFO - ::endgroup::
[2025-10-29T03:09:36.881+0700] {subprocess.py:63} INFO - Tmp dir root location: /tmp
[2025-10-29T03:09:36.881+0700] {subprocess.py:75} INFO - Running command: ['/usr/bin/bash', '-c', 'bash -c "timeout 45m /opt/***/projects/absa_streaming/scripts/run_consumer.sh"']
[2025-10-29T03:09:36.895+0700] {subprocess.py:86} INFO - Output:
[2025-10-29T03:09:36.900+0700] {subprocess.py:93} INFO - [Consumer] Starting Spark Structured Streaming job...
[2025-10-29T03:09:36.937+0700] {subprocess.py:93} INFO - /home/***/.local/lib/python3.12/site-packages/pyspark/bin/load-spark-env.sh: line 68: ps: command not found
[2025-10-29T03:09:38.100+0700] {subprocess.py:93} INFO - :: loading settings :: url = jar:file:/home/***/.local/lib/python3.12/site-packages/pyspark/jars/ivy-2.5.1.jar!/org/apache/ivy/core/settings/ivysettings.xml
[2025-10-29T03:09:38.154+0700] {subprocess.py:93} INFO - Ivy Default Cache set to: /home/***/.ivy2/cache
[2025-10-29T03:09:38.155+0700] {subprocess.py:93} INFO - The jars for the packages stored in: /home/***/.ivy2/jars
[2025-10-29T03:09:38.158+0700] {subprocess.py:93} INFO - org.apache.spark#spark-sql-kafka-0-10_2.12 added as a dependency
[2025-10-29T03:09:38.159+0700] {subprocess.py:93} INFO - org.postgresql#postgresql added as a dependency
[2025-10-29T03:09:38.159+0700] {subprocess.py:93} INFO - :: resolving dependencies :: org.apache.spark#spark-submit-parent-c79e3e6d-a963-4ec8-a80c-036f7f0b3564;1.0
[2025-10-29T03:09:38.159+0700] {subprocess.py:93} INFO - 	confs: [default]
[2025-10-29T03:09:38.305+0700] {subprocess.py:93} INFO - 	found org.apache.spark#spark-sql-kafka-0-10_2.12;3.5.1 in central
[2025-10-29T03:09:38.348+0700] {subprocess.py:93} INFO - 	found org.apache.spark#spark-token-provider-kafka-0-10_2.12;3.5.1 in central
[2025-10-29T03:09:38.369+0700] {subprocess.py:93} INFO - 	found org.apache.kafka#kafka-clients;3.4.1 in central
[2025-10-29T03:09:38.388+0700] {subprocess.py:93} INFO - 	found org.lz4#lz4-java;1.8.0 in central
[2025-10-29T03:09:38.405+0700] {subprocess.py:93} INFO - 	found org.xerial.snappy#snappy-java;1.1.10.3 in central
[2025-10-29T03:09:38.423+0700] {subprocess.py:93} INFO - 	found org.slf4j#slf4j-api;2.0.7 in central
[2025-10-29T03:09:38.459+0700] {subprocess.py:93} INFO - 	found org.apache.hadoop#hadoop-client-runtime;3.3.4 in central
[2025-10-29T03:09:38.499+0700] {subprocess.py:93} INFO - 	found org.apache.hadoop#hadoop-client-api;3.3.4 in central
[2025-10-29T03:09:38.530+0700] {subprocess.py:93} INFO - 	found commons-logging#commons-logging;1.1.3 in central
[2025-10-29T03:09:38.550+0700] {subprocess.py:93} INFO - 	found com.google.code.findbugs#jsr305;3.0.0 in central
[2025-10-29T03:09:38.568+0700] {subprocess.py:93} INFO - 	found org.apache.commons#commons-pool2;2.11.1 in central
[2025-10-29T03:09:38.582+0700] {subprocess.py:93} INFO - 	found org.postgresql#postgresql;42.6.0 in central
[2025-10-29T03:09:38.594+0700] {subprocess.py:93} INFO - 	found org.checkerframework#checker-qual;3.31.0 in central
[2025-10-29T03:09:38.629+0700] {subprocess.py:93} INFO - :: resolution report :: resolve 451ms :: artifacts dl 19ms
[2025-10-29T03:09:38.629+0700] {subprocess.py:93} INFO - 	:: modules in use:
[2025-10-29T03:09:38.630+0700] {subprocess.py:93} INFO - 	com.google.code.findbugs#jsr305;3.0.0 from central in [default]
[2025-10-29T03:09:38.630+0700] {subprocess.py:93} INFO - 	commons-logging#commons-logging;1.1.3 from central in [default]
[2025-10-29T03:09:38.630+0700] {subprocess.py:93} INFO - 	org.apache.commons#commons-pool2;2.11.1 from central in [default]
[2025-10-29T03:09:38.630+0700] {subprocess.py:93} INFO - 	org.apache.hadoop#hadoop-client-api;3.3.4 from central in [default]
[2025-10-29T03:09:38.630+0700] {subprocess.py:93} INFO - 	org.apache.hadoop#hadoop-client-runtime;3.3.4 from central in [default]
[2025-10-29T03:09:38.630+0700] {subprocess.py:93} INFO - 	org.apache.kafka#kafka-clients;3.4.1 from central in [default]
[2025-10-29T03:09:38.631+0700] {subprocess.py:93} INFO - 	org.apache.spark#spark-sql-kafka-0-10_2.12;3.5.1 from central in [default]
[2025-10-29T03:09:38.631+0700] {subprocess.py:93} INFO - 	org.apache.spark#spark-token-provider-kafka-0-10_2.12;3.5.1 from central in [default]
[2025-10-29T03:09:38.631+0700] {subprocess.py:93} INFO - 	org.checkerframework#checker-qual;3.31.0 from central in [default]
[2025-10-29T03:09:38.631+0700] {subprocess.py:93} INFO - 	org.lz4#lz4-java;1.8.0 from central in [default]
[2025-10-29T03:09:38.631+0700] {subprocess.py:93} INFO - 	org.postgresql#postgresql;42.6.0 from central in [default]
[2025-10-29T03:09:38.631+0700] {subprocess.py:93} INFO - 	org.slf4j#slf4j-api;2.0.7 from central in [default]
[2025-10-29T03:09:38.631+0700] {subprocess.py:93} INFO - 	org.xerial.snappy#snappy-java;1.1.10.3 from central in [default]
[2025-10-29T03:09:38.632+0700] {subprocess.py:93} INFO - 	---------------------------------------------------------------------
[2025-10-29T03:09:38.632+0700] {subprocess.py:93} INFO - 	|                  |            modules            ||   artifacts   |
[2025-10-29T03:09:38.632+0700] {subprocess.py:93} INFO - 	|       conf       | number| search|dwnlded|evicted|| number|dwnlded|
[2025-10-29T03:09:38.632+0700] {subprocess.py:93} INFO - 	---------------------------------------------------------------------
[2025-10-29T03:09:38.632+0700] {subprocess.py:93} INFO - 	|      default     |   13  |   0   |   0   |   0   ||   13  |   0   |
[2025-10-29T03:09:38.632+0700] {subprocess.py:93} INFO - 	---------------------------------------------------------------------
[2025-10-29T03:09:38.637+0700] {subprocess.py:93} INFO - :: retrieving :: org.apache.spark#spark-submit-parent-c79e3e6d-a963-4ec8-a80c-036f7f0b3564
[2025-10-29T03:09:38.637+0700] {subprocess.py:93} INFO - 	confs: [default]
[2025-10-29T03:09:38.696+0700] {subprocess.py:93} INFO - 	13 artifacts copied, 0 already retrieved (58042kB/59ms)
[2025-10-29T03:09:38.928+0700] {subprocess.py:93} INFO - 25/10/29 03:09:38 WARN NativeCodeLoader: Unable to load native-hadoop library for your platform... using builtin-java classes where applicable
[2025-10-29T03:09:43.861+0700] {subprocess.py:93} INFO - There was a problem when trying to write in your cache folder (/home/***/.cache/huggingface/hub). You should set the environment variable TRANSFORMERS_CACHE to a writable directory.
[2025-10-29T03:09:44.115+0700] {subprocess.py:93} INFO - 25/10/29 03:09:44 INFO SparkContext: Running Spark version 3.5.1
[2025-10-29T03:09:44.115+0700] {subprocess.py:93} INFO - 25/10/29 03:09:44 INFO SparkContext: OS info Linux, 6.14.0-33-generic, amd64
[2025-10-29T03:09:44.115+0700] {subprocess.py:93} INFO - 25/10/29 03:09:44 INFO SparkContext: Java version 17.0.17
[2025-10-29T03:09:44.142+0700] {subprocess.py:93} INFO - 25/10/29 03:09:44 INFO ResourceUtils: ==============================================================
[2025-10-29T03:09:44.142+0700] {subprocess.py:93} INFO - 25/10/29 03:09:44 INFO ResourceUtils: No custom resources configured for spark.driver.
[2025-10-29T03:09:44.143+0700] {subprocess.py:93} INFO - 25/10/29 03:09:44 INFO ResourceUtils: ==============================================================
[2025-10-29T03:09:44.143+0700] {subprocess.py:93} INFO - 25/10/29 03:09:44 INFO SparkContext: Submitted application: Kafka_ABSA_Postgres
[2025-10-29T03:09:44.165+0700] {subprocess.py:93} INFO - 25/10/29 03:09:44 INFO ResourceProfile: Default ResourceProfile created, executor resources: Map(cores -> name: cores, amount: 1, script: , vendor: , memory -> name: memory, amount: 1024, script: , vendor: , offHeap -> name: offHeap, amount: 0, script: , vendor: ), task resources: Map(cpus -> name: cpus, amount: 1.0)
[2025-10-29T03:09:44.175+0700] {subprocess.py:93} INFO - 25/10/29 03:09:44 INFO ResourceProfile: Limiting resource is cpu
[2025-10-29T03:09:44.176+0700] {subprocess.py:93} INFO - 25/10/29 03:09:44 INFO ResourceProfileManager: Added ResourceProfile id: 0
[2025-10-29T03:09:44.226+0700] {subprocess.py:93} INFO - 25/10/29 03:09:44 INFO SecurityManager: Changing view acls to: default
[2025-10-29T03:09:44.227+0700] {subprocess.py:93} INFO - 25/10/29 03:09:44 INFO SecurityManager: Changing modify acls to: default
[2025-10-29T03:09:44.227+0700] {subprocess.py:93} INFO - 25/10/29 03:09:44 INFO SecurityManager: Changing view acls groups to:
[2025-10-29T03:09:44.228+0700] {subprocess.py:93} INFO - 25/10/29 03:09:44 INFO SecurityManager: Changing modify acls groups to:
[2025-10-29T03:09:44.228+0700] {subprocess.py:93} INFO - 25/10/29 03:09:44 INFO SecurityManager: SecurityManager: authentication disabled; ui acls disabled; users with view permissions: default; groups with view permissions: EMPTY; users with modify permissions: default; groups with modify permissions: EMPTY
[2025-10-29T03:09:44.449+0700] {subprocess.py:93} INFO - 25/10/29 03:09:44 INFO Utils: Successfully started service 'sparkDriver' on port 36449.
[2025-10-29T03:09:44.484+0700] {subprocess.py:93} INFO - 25/10/29 03:09:44 INFO SparkEnv: Registering MapOutputTracker
[2025-10-29T03:09:44.519+0700] {subprocess.py:93} INFO - 25/10/29 03:09:44 INFO SparkEnv: Registering BlockManagerMaster
[2025-10-29T03:09:44.537+0700] {subprocess.py:93} INFO - 25/10/29 03:09:44 INFO BlockManagerMasterEndpoint: Using org.apache.spark.storage.DefaultTopologyMapper for getting topology information
[2025-10-29T03:09:44.537+0700] {subprocess.py:93} INFO - 25/10/29 03:09:44 INFO BlockManagerMasterEndpoint: BlockManagerMasterEndpoint up
[2025-10-29T03:09:44.540+0700] {subprocess.py:93} INFO - 25/10/29 03:09:44 INFO SparkEnv: Registering BlockManagerMasterHeartbeat
[2025-10-29T03:09:44.569+0700] {subprocess.py:93} INFO - 25/10/29 03:09:44 INFO DiskBlockManager: Created local directory at /tmp/blockmgr-c5fe4421-2f1a-44db-a517-f803ee1fdc7b
[2025-10-29T03:09:44.584+0700] {subprocess.py:93} INFO - 25/10/29 03:09:44 INFO MemoryStore: MemoryStore started with capacity 434.4 MiB
[2025-10-29T03:09:44.598+0700] {subprocess.py:93} INFO - 25/10/29 03:09:44 INFO SparkEnv: Registering OutputCommitCoordinator
[2025-10-29T03:09:44.731+0700] {subprocess.py:93} INFO - 25/10/29 03:09:44 INFO JettyUtils: Start Jetty 0.0.0.0:4040 for SparkUI
[2025-10-29T03:09:44.789+0700] {subprocess.py:93} INFO - 25/10/29 03:09:44 WARN Utils: Service 'SparkUI' could not bind on port 4040. Attempting port 4041.
[2025-10-29T03:09:44.796+0700] {subprocess.py:93} INFO - 25/10/29 03:09:44 INFO Utils: Successfully started service 'SparkUI' on port 4041.
[2025-10-29T03:09:44.830+0700] {subprocess.py:93} INFO - 25/10/29 03:09:44 INFO SparkContext: Added JAR file:///home/***/.ivy2/jars/org.apache.spark_spark-sql-kafka-0-10_2.12-3.5.1.jar at spark://dfeadd712fc3:36449/jars/org.apache.spark_spark-sql-kafka-0-10_2.12-3.5.1.jar with timestamp 1761682184106
[2025-10-29T03:09:44.831+0700] {subprocess.py:93} INFO - 25/10/29 03:09:44 INFO SparkContext: Added JAR file:///home/***/.ivy2/jars/org.postgresql_postgresql-42.6.0.jar at spark://dfeadd712fc3:36449/jars/org.postgresql_postgresql-42.6.0.jar with timestamp 1761682184106
[2025-10-29T03:09:44.831+0700] {subprocess.py:93} INFO - 25/10/29 03:09:44 INFO SparkContext: Added JAR file:///home/***/.ivy2/jars/org.apache.spark_spark-token-provider-kafka-0-10_2.12-3.5.1.jar at spark://dfeadd712fc3:36449/jars/org.apache.spark_spark-token-provider-kafka-0-10_2.12-3.5.1.jar with timestamp 1761682184106
[2025-10-29T03:09:44.831+0700] {subprocess.py:93} INFO - 25/10/29 03:09:44 INFO SparkContext: Added JAR file:///home/***/.ivy2/jars/org.apache.kafka_kafka-clients-3.4.1.jar at spark://dfeadd712fc3:36449/jars/org.apache.kafka_kafka-clients-3.4.1.jar with timestamp 1761682184106
[2025-10-29T03:09:44.832+0700] {subprocess.py:93} INFO - 25/10/29 03:09:44 INFO SparkContext: Added JAR file:///home/***/.ivy2/jars/com.google.code.findbugs_jsr305-3.0.0.jar at spark://dfeadd712fc3:36449/jars/com.google.code.findbugs_jsr305-3.0.0.jar with timestamp 1761682184106
[2025-10-29T03:09:44.832+0700] {subprocess.py:93} INFO - 25/10/29 03:09:44 INFO SparkContext: Added JAR file:///home/***/.ivy2/jars/org.apache.commons_commons-pool2-2.11.1.jar at spark://dfeadd712fc3:36449/jars/org.apache.commons_commons-pool2-2.11.1.jar with timestamp 1761682184106
[2025-10-29T03:09:44.832+0700] {subprocess.py:93} INFO - 25/10/29 03:09:44 INFO SparkContext: Added JAR file:///home/***/.ivy2/jars/org.apache.hadoop_hadoop-client-runtime-3.3.4.jar at spark://dfeadd712fc3:36449/jars/org.apache.hadoop_hadoop-client-runtime-3.3.4.jar with timestamp 1761682184106
[2025-10-29T03:09:44.832+0700] {subprocess.py:93} INFO - 25/10/29 03:09:44 INFO SparkContext: Added JAR file:///home/***/.ivy2/jars/org.lz4_lz4-java-1.8.0.jar at spark://dfeadd712fc3:36449/jars/org.lz4_lz4-java-1.8.0.jar with timestamp 1761682184106
[2025-10-29T03:09:44.832+0700] {subprocess.py:93} INFO - 25/10/29 03:09:44 INFO SparkContext: Added JAR file:///home/***/.ivy2/jars/org.xerial.snappy_snappy-java-1.1.10.3.jar at spark://dfeadd712fc3:36449/jars/org.xerial.snappy_snappy-java-1.1.10.3.jar with timestamp 1761682184106
[2025-10-29T03:09:44.833+0700] {subprocess.py:93} INFO - 25/10/29 03:09:44 INFO SparkContext: Added JAR file:///home/***/.ivy2/jars/org.slf4j_slf4j-api-2.0.7.jar at spark://dfeadd712fc3:36449/jars/org.slf4j_slf4j-api-2.0.7.jar with timestamp 1761682184106
[2025-10-29T03:09:44.833+0700] {subprocess.py:93} INFO - 25/10/29 03:09:44 INFO SparkContext: Added JAR file:///home/***/.ivy2/jars/org.apache.hadoop_hadoop-client-api-3.3.4.jar at spark://dfeadd712fc3:36449/jars/org.apache.hadoop_hadoop-client-api-3.3.4.jar with timestamp 1761682184106
[2025-10-29T03:09:44.833+0700] {subprocess.py:93} INFO - 25/10/29 03:09:44 INFO SparkContext: Added JAR file:///home/***/.ivy2/jars/commons-logging_commons-logging-1.1.3.jar at spark://dfeadd712fc3:36449/jars/commons-logging_commons-logging-1.1.3.jar with timestamp 1761682184106
[2025-10-29T03:09:44.833+0700] {subprocess.py:93} INFO - 25/10/29 03:09:44 INFO SparkContext: Added JAR file:///home/***/.ivy2/jars/org.checkerframework_checker-qual-3.31.0.jar at spark://dfeadd712fc3:36449/jars/org.checkerframework_checker-qual-3.31.0.jar with timestamp 1761682184106
[2025-10-29T03:09:44.836+0700] {subprocess.py:93} INFO - 25/10/29 03:09:44 INFO SparkContext: Added file file:///home/***/.ivy2/jars/org.apache.spark_spark-sql-kafka-0-10_2.12-3.5.1.jar at file:///home/***/.ivy2/jars/org.apache.spark_spark-sql-kafka-0-10_2.12-3.5.1.jar with timestamp 1761682184106
[2025-10-29T03:09:44.837+0700] {subprocess.py:93} INFO - 25/10/29 03:09:44 INFO Utils: Copying /home/***/.ivy2/jars/org.apache.spark_spark-sql-kafka-0-10_2.12-3.5.1.jar to /tmp/spark-c2b2ae9a-fe0d-4532-8b35-b9096aee1147/userFiles-0835fbf4-92af-4499-8e89-44bd9627d0f9/org.apache.spark_spark-sql-kafka-0-10_2.12-3.5.1.jar
[2025-10-29T03:09:44.847+0700] {subprocess.py:93} INFO - 25/10/29 03:09:44 INFO SparkContext: Added file file:///home/***/.ivy2/jars/org.postgresql_postgresql-42.6.0.jar at file:///home/***/.ivy2/jars/org.postgresql_postgresql-42.6.0.jar with timestamp 1761682184106
[2025-10-29T03:09:44.848+0700] {subprocess.py:93} INFO - 25/10/29 03:09:44 INFO Utils: Copying /home/***/.ivy2/jars/org.postgresql_postgresql-42.6.0.jar to /tmp/spark-c2b2ae9a-fe0d-4532-8b35-b9096aee1147/userFiles-0835fbf4-92af-4499-8e89-44bd9627d0f9/org.postgresql_postgresql-42.6.0.jar
[2025-10-29T03:09:44.852+0700] {subprocess.py:93} INFO - 25/10/29 03:09:44 INFO SparkContext: Added file file:///home/***/.ivy2/jars/org.apache.spark_spark-token-provider-kafka-0-10_2.12-3.5.1.jar at file:///home/***/.ivy2/jars/org.apache.spark_spark-token-provider-kafka-0-10_2.12-3.5.1.jar with timestamp 1761682184106
[2025-10-29T03:09:44.852+0700] {subprocess.py:93} INFO - 25/10/29 03:09:44 INFO Utils: Copying /home/***/.ivy2/jars/org.apache.spark_spark-token-provider-kafka-0-10_2.12-3.5.1.jar to /tmp/spark-c2b2ae9a-fe0d-4532-8b35-b9096aee1147/userFiles-0835fbf4-92af-4499-8e89-44bd9627d0f9/org.apache.spark_spark-token-provider-kafka-0-10_2.12-3.5.1.jar
[2025-10-29T03:09:44.856+0700] {subprocess.py:93} INFO - 25/10/29 03:09:44 INFO SparkContext: Added file file:///home/***/.ivy2/jars/org.apache.kafka_kafka-clients-3.4.1.jar at file:///home/***/.ivy2/jars/org.apache.kafka_kafka-clients-3.4.1.jar with timestamp 1761682184106
[2025-10-29T03:09:44.857+0700] {subprocess.py:93} INFO - 25/10/29 03:09:44 INFO Utils: Copying /home/***/.ivy2/jars/org.apache.kafka_kafka-clients-3.4.1.jar to /tmp/spark-c2b2ae9a-fe0d-4532-8b35-b9096aee1147/userFiles-0835fbf4-92af-4499-8e89-44bd9627d0f9/org.apache.kafka_kafka-clients-3.4.1.jar
[2025-10-29T03:09:44.863+0700] {subprocess.py:93} INFO - 25/10/29 03:09:44 INFO SparkContext: Added file file:///home/***/.ivy2/jars/com.google.code.findbugs_jsr305-3.0.0.jar at file:///home/***/.ivy2/jars/com.google.code.findbugs_jsr305-3.0.0.jar with timestamp 1761682184106
[2025-10-29T03:09:44.864+0700] {subprocess.py:93} INFO - 25/10/29 03:09:44 INFO Utils: Copying /home/***/.ivy2/jars/com.google.code.findbugs_jsr305-3.0.0.jar to /tmp/spark-c2b2ae9a-fe0d-4532-8b35-b9096aee1147/userFiles-0835fbf4-92af-4499-8e89-44bd9627d0f9/com.google.code.findbugs_jsr305-3.0.0.jar
[2025-10-29T03:09:44.867+0700] {subprocess.py:93} INFO - 25/10/29 03:09:44 INFO SparkContext: Added file file:///home/***/.ivy2/jars/org.apache.commons_commons-pool2-2.11.1.jar at file:///home/***/.ivy2/jars/org.apache.commons_commons-pool2-2.11.1.jar with timestamp 1761682184106
[2025-10-29T03:09:44.868+0700] {subprocess.py:93} INFO - 25/10/29 03:09:44 INFO Utils: Copying /home/***/.ivy2/jars/org.apache.commons_commons-pool2-2.11.1.jar to /tmp/spark-c2b2ae9a-fe0d-4532-8b35-b9096aee1147/userFiles-0835fbf4-92af-4499-8e89-44bd9627d0f9/org.apache.commons_commons-pool2-2.11.1.jar
[2025-10-29T03:09:44.873+0700] {subprocess.py:93} INFO - 25/10/29 03:09:44 INFO SparkContext: Added file file:///home/***/.ivy2/jars/org.apache.hadoop_hadoop-client-runtime-3.3.4.jar at file:///home/***/.ivy2/jars/org.apache.hadoop_hadoop-client-runtime-3.3.4.jar with timestamp 1761682184106
[2025-10-29T03:09:44.874+0700] {subprocess.py:93} INFO - 25/10/29 03:09:44 INFO Utils: Copying /home/***/.ivy2/jars/org.apache.hadoop_hadoop-client-runtime-3.3.4.jar to /tmp/spark-c2b2ae9a-fe0d-4532-8b35-b9096aee1147/userFiles-0835fbf4-92af-4499-8e89-44bd9627d0f9/org.apache.hadoop_hadoop-client-runtime-3.3.4.jar
[2025-10-29T03:09:44.894+0700] {subprocess.py:93} INFO - 25/10/29 03:09:44 INFO SparkContext: Added file file:///home/***/.ivy2/jars/org.lz4_lz4-java-1.8.0.jar at file:///home/***/.ivy2/jars/org.lz4_lz4-java-1.8.0.jar with timestamp 1761682184106
[2025-10-29T03:09:44.894+0700] {subprocess.py:93} INFO - 25/10/29 03:09:44 INFO Utils: Copying /home/***/.ivy2/jars/org.lz4_lz4-java-1.8.0.jar to /tmp/spark-c2b2ae9a-fe0d-4532-8b35-b9096aee1147/userFiles-0835fbf4-92af-4499-8e89-44bd9627d0f9/org.lz4_lz4-java-1.8.0.jar
[2025-10-29T03:09:44.899+0700] {subprocess.py:93} INFO - 25/10/29 03:09:44 INFO SparkContext: Added file file:///home/***/.ivy2/jars/org.xerial.snappy_snappy-java-1.1.10.3.jar at file:///home/***/.ivy2/jars/org.xerial.snappy_snappy-java-1.1.10.3.jar with timestamp 1761682184106
[2025-10-29T03:09:44.899+0700] {subprocess.py:93} INFO - 25/10/29 03:09:44 INFO Utils: Copying /home/***/.ivy2/jars/org.xerial.snappy_snappy-java-1.1.10.3.jar to /tmp/spark-c2b2ae9a-fe0d-4532-8b35-b9096aee1147/userFiles-0835fbf4-92af-4499-8e89-44bd9627d0f9/org.xerial.snappy_snappy-java-1.1.10.3.jar
[2025-10-29T03:09:44.904+0700] {subprocess.py:93} INFO - 25/10/29 03:09:44 INFO SparkContext: Added file file:///home/***/.ivy2/jars/org.slf4j_slf4j-api-2.0.7.jar at file:///home/***/.ivy2/jars/org.slf4j_slf4j-api-2.0.7.jar with timestamp 1761682184106
[2025-10-29T03:09:44.904+0700] {subprocess.py:93} INFO - 25/10/29 03:09:44 INFO Utils: Copying /home/***/.ivy2/jars/org.slf4j_slf4j-api-2.0.7.jar to /tmp/spark-c2b2ae9a-fe0d-4532-8b35-b9096aee1147/userFiles-0835fbf4-92af-4499-8e89-44bd9627d0f9/org.slf4j_slf4j-api-2.0.7.jar
[2025-10-29T03:09:44.908+0700] {subprocess.py:93} INFO - 25/10/29 03:09:44 INFO SparkContext: Added file file:///home/***/.ivy2/jars/org.apache.hadoop_hadoop-client-api-3.3.4.jar at file:///home/***/.ivy2/jars/org.apache.hadoop_hadoop-client-api-3.3.4.jar with timestamp 1761682184106
[2025-10-29T03:09:44.908+0700] {subprocess.py:93} INFO - 25/10/29 03:09:44 INFO Utils: Copying /home/***/.ivy2/jars/org.apache.hadoop_hadoop-client-api-3.3.4.jar to /tmp/spark-c2b2ae9a-fe0d-4532-8b35-b9096aee1147/userFiles-0835fbf4-92af-4499-8e89-44bd9627d0f9/org.apache.hadoop_hadoop-client-api-3.3.4.jar
[2025-10-29T03:09:44.925+0700] {subprocess.py:93} INFO - 25/10/29 03:09:44 INFO SparkContext: Added file file:///home/***/.ivy2/jars/commons-logging_commons-logging-1.1.3.jar at file:///home/***/.ivy2/jars/commons-logging_commons-logging-1.1.3.jar with timestamp 1761682184106
[2025-10-29T03:09:44.925+0700] {subprocess.py:93} INFO - 25/10/29 03:09:44 INFO Utils: Copying /home/***/.ivy2/jars/commons-logging_commons-logging-1.1.3.jar to /tmp/spark-c2b2ae9a-fe0d-4532-8b35-b9096aee1147/userFiles-0835fbf4-92af-4499-8e89-44bd9627d0f9/commons-logging_commons-logging-1.1.3.jar
[2025-10-29T03:09:44.929+0700] {subprocess.py:93} INFO - 25/10/29 03:09:44 INFO SparkContext: Added file file:///home/***/.ivy2/jars/org.checkerframework_checker-qual-3.31.0.jar at file:///home/***/.ivy2/jars/org.checkerframework_checker-qual-3.31.0.jar with timestamp 1761682184106
[2025-10-29T03:09:44.929+0700] {subprocess.py:93} INFO - 25/10/29 03:09:44 INFO Utils: Copying /home/***/.ivy2/jars/org.checkerframework_checker-qual-3.31.0.jar to /tmp/spark-c2b2ae9a-fe0d-4532-8b35-b9096aee1147/userFiles-0835fbf4-92af-4499-8e89-44bd9627d0f9/org.checkerframework_checker-qual-3.31.0.jar
[2025-10-29T03:09:44.987+0700] {subprocess.py:93} INFO - 25/10/29 03:09:44 INFO Executor: Starting executor ID driver on host dfeadd712fc3
[2025-10-29T03:09:44.987+0700] {subprocess.py:93} INFO - 25/10/29 03:09:44 INFO Executor: OS info Linux, 6.14.0-33-generic, amd64
[2025-10-29T03:09:44.988+0700] {subprocess.py:93} INFO - 25/10/29 03:09:44 INFO Executor: Java version 17.0.17
[2025-10-29T03:09:44.993+0700] {subprocess.py:93} INFO - 25/10/29 03:09:44 INFO Executor: Starting executor with user classpath (userClassPathFirst = false): ''
[2025-10-29T03:09:44.993+0700] {subprocess.py:93} INFO - 25/10/29 03:09:44 INFO Executor: Created or updated repl class loader org.apache.spark.util.MutableURLClassLoader@2384606 for default.
[2025-10-29T03:09:45.000+0700] {subprocess.py:93} INFO - 25/10/29 03:09:45 INFO Executor: Fetching file:///home/***/.ivy2/jars/org.apache.spark_spark-sql-kafka-0-10_2.12-3.5.1.jar with timestamp 1761682184106
[2025-10-29T03:09:45.015+0700] {subprocess.py:93} INFO - 25/10/29 03:09:45 INFO Utils: /home/***/.ivy2/jars/org.apache.spark_spark-sql-kafka-0-10_2.12-3.5.1.jar has been previously copied to /tmp/spark-c2b2ae9a-fe0d-4532-8b35-b9096aee1147/userFiles-0835fbf4-92af-4499-8e89-44bd9627d0f9/org.apache.spark_spark-sql-kafka-0-10_2.12-3.5.1.jar
[2025-10-29T03:09:45.018+0700] {subprocess.py:93} INFO - 25/10/29 03:09:45 INFO Executor: Fetching file:///home/***/.ivy2/jars/org.apache.hadoop_hadoop-client-runtime-3.3.4.jar with timestamp 1761682184106
[2025-10-29T03:09:45.037+0700] {subprocess.py:93} INFO - 25/10/29 03:09:45 INFO Utils: /home/***/.ivy2/jars/org.apache.hadoop_hadoop-client-runtime-3.3.4.jar has been previously copied to /tmp/spark-c2b2ae9a-fe0d-4532-8b35-b9096aee1147/userFiles-0835fbf4-92af-4499-8e89-44bd9627d0f9/org.apache.hadoop_hadoop-client-runtime-3.3.4.jar
[2025-10-29T03:09:45.040+0700] {subprocess.py:93} INFO - 25/10/29 03:09:45 INFO Executor: Fetching file:///home/***/.ivy2/jars/org.apache.hadoop_hadoop-client-api-3.3.4.jar with timestamp 1761682184106
[2025-10-29T03:09:45.051+0700] {subprocess.py:93} INFO - 25/10/29 03:09:45 INFO Utils: /home/***/.ivy2/jars/org.apache.hadoop_hadoop-client-api-3.3.4.jar has been previously copied to /tmp/spark-c2b2ae9a-fe0d-4532-8b35-b9096aee1147/userFiles-0835fbf4-92af-4499-8e89-44bd9627d0f9/org.apache.hadoop_hadoop-client-api-3.3.4.jar
[2025-10-29T03:09:45.054+0700] {subprocess.py:93} INFO - 25/10/29 03:09:45 INFO Executor: Fetching file:///home/***/.ivy2/jars/org.apache.spark_spark-token-provider-kafka-0-10_2.12-3.5.1.jar with timestamp 1761682184106
[2025-10-29T03:09:45.055+0700] {subprocess.py:93} INFO - 25/10/29 03:09:45 INFO Utils: /home/***/.ivy2/jars/org.apache.spark_spark-token-provider-kafka-0-10_2.12-3.5.1.jar has been previously copied to /tmp/spark-c2b2ae9a-fe0d-4532-8b35-b9096aee1147/userFiles-0835fbf4-92af-4499-8e89-44bd9627d0f9/org.apache.spark_spark-token-provider-kafka-0-10_2.12-3.5.1.jar
[2025-10-29T03:09:45.057+0700] {subprocess.py:93} INFO - 25/10/29 03:09:45 INFO Executor: Fetching file:///home/***/.ivy2/jars/com.google.code.findbugs_jsr305-3.0.0.jar with timestamp 1761682184106
[2025-10-29T03:09:45.058+0700] {subprocess.py:93} INFO - 25/10/29 03:09:45 INFO Utils: /home/***/.ivy2/jars/com.google.code.findbugs_jsr305-3.0.0.jar has been previously copied to /tmp/spark-c2b2ae9a-fe0d-4532-8b35-b9096aee1147/userFiles-0835fbf4-92af-4499-8e89-44bd9627d0f9/com.google.code.findbugs_jsr305-3.0.0.jar
[2025-10-29T03:09:45.060+0700] {subprocess.py:93} INFO - 25/10/29 03:09:45 INFO Executor: Fetching file:///home/***/.ivy2/jars/org.lz4_lz4-java-1.8.0.jar with timestamp 1761682184106
[2025-10-29T03:09:45.061+0700] {subprocess.py:93} INFO - 25/10/29 03:09:45 INFO Utils: /home/***/.ivy2/jars/org.lz4_lz4-java-1.8.0.jar has been previously copied to /tmp/spark-c2b2ae9a-fe0d-4532-8b35-b9096aee1147/userFiles-0835fbf4-92af-4499-8e89-44bd9627d0f9/org.lz4_lz4-java-1.8.0.jar
[2025-10-29T03:09:45.063+0700] {subprocess.py:93} INFO - 25/10/29 03:09:45 INFO Executor: Fetching file:///home/***/.ivy2/jars/org.slf4j_slf4j-api-2.0.7.jar with timestamp 1761682184106
[2025-10-29T03:09:45.064+0700] {subprocess.py:93} INFO - 25/10/29 03:09:45 INFO Utils: /home/***/.ivy2/jars/org.slf4j_slf4j-api-2.0.7.jar has been previously copied to /tmp/spark-c2b2ae9a-fe0d-4532-8b35-b9096aee1147/userFiles-0835fbf4-92af-4499-8e89-44bd9627d0f9/org.slf4j_slf4j-api-2.0.7.jar
[2025-10-29T03:09:45.066+0700] {subprocess.py:93} INFO - 25/10/29 03:09:45 INFO Executor: Fetching file:///home/***/.ivy2/jars/org.checkerframework_checker-qual-3.31.0.jar with timestamp 1761682184106
[2025-10-29T03:09:45.067+0700] {subprocess.py:93} INFO - 25/10/29 03:09:45 INFO Utils: /home/***/.ivy2/jars/org.checkerframework_checker-qual-3.31.0.jar has been previously copied to /tmp/spark-c2b2ae9a-fe0d-4532-8b35-b9096aee1147/userFiles-0835fbf4-92af-4499-8e89-44bd9627d0f9/org.checkerframework_checker-qual-3.31.0.jar
[2025-10-29T03:09:45.069+0700] {subprocess.py:93} INFO - 25/10/29 03:09:45 INFO Executor: Fetching file:///home/***/.ivy2/jars/org.apache.commons_commons-pool2-2.11.1.jar with timestamp 1761682184106
[2025-10-29T03:09:45.070+0700] {subprocess.py:93} INFO - 25/10/29 03:09:45 INFO Utils: /home/***/.ivy2/jars/org.apache.commons_commons-pool2-2.11.1.jar has been previously copied to /tmp/spark-c2b2ae9a-fe0d-4532-8b35-b9096aee1147/userFiles-0835fbf4-92af-4499-8e89-44bd9627d0f9/org.apache.commons_commons-pool2-2.11.1.jar
[2025-10-29T03:09:45.072+0700] {subprocess.py:93} INFO - 25/10/29 03:09:45 INFO Executor: Fetching file:///home/***/.ivy2/jars/commons-logging_commons-logging-1.1.3.jar with timestamp 1761682184106
[2025-10-29T03:09:45.073+0700] {subprocess.py:93} INFO - 25/10/29 03:09:45 INFO Utils: /home/***/.ivy2/jars/commons-logging_commons-logging-1.1.3.jar has been previously copied to /tmp/spark-c2b2ae9a-fe0d-4532-8b35-b9096aee1147/userFiles-0835fbf4-92af-4499-8e89-44bd9627d0f9/commons-logging_commons-logging-1.1.3.jar
[2025-10-29T03:09:45.075+0700] {subprocess.py:93} INFO - 25/10/29 03:09:45 INFO Executor: Fetching file:///home/***/.ivy2/jars/org.xerial.snappy_snappy-java-1.1.10.3.jar with timestamp 1761682184106
[2025-10-29T03:09:45.076+0700] {subprocess.py:93} INFO - 25/10/29 03:09:45 INFO Utils: /home/***/.ivy2/jars/org.xerial.snappy_snappy-java-1.1.10.3.jar has been previously copied to /tmp/spark-c2b2ae9a-fe0d-4532-8b35-b9096aee1147/userFiles-0835fbf4-92af-4499-8e89-44bd9627d0f9/org.xerial.snappy_snappy-java-1.1.10.3.jar
[2025-10-29T03:09:45.079+0700] {subprocess.py:93} INFO - 25/10/29 03:09:45 INFO Executor: Fetching file:///home/***/.ivy2/jars/org.postgresql_postgresql-42.6.0.jar with timestamp 1761682184106
[2025-10-29T03:09:45.080+0700] {subprocess.py:93} INFO - 25/10/29 03:09:45 INFO Utils: /home/***/.ivy2/jars/org.postgresql_postgresql-42.6.0.jar has been previously copied to /tmp/spark-c2b2ae9a-fe0d-4532-8b35-b9096aee1147/userFiles-0835fbf4-92af-4499-8e89-44bd9627d0f9/org.postgresql_postgresql-42.6.0.jar
[2025-10-29T03:09:45.083+0700] {subprocess.py:93} INFO - 25/10/29 03:09:45 INFO Executor: Fetching file:///home/***/.ivy2/jars/org.apache.kafka_kafka-clients-3.4.1.jar with timestamp 1761682184106
[2025-10-29T03:09:45.086+0700] {subprocess.py:93} INFO - 25/10/29 03:09:45 INFO Utils: /home/***/.ivy2/jars/org.apache.kafka_kafka-clients-3.4.1.jar has been previously copied to /tmp/spark-c2b2ae9a-fe0d-4532-8b35-b9096aee1147/userFiles-0835fbf4-92af-4499-8e89-44bd9627d0f9/org.apache.kafka_kafka-clients-3.4.1.jar
[2025-10-29T03:09:45.091+0700] {subprocess.py:93} INFO - 25/10/29 03:09:45 INFO Executor: Fetching spark://dfeadd712fc3:36449/jars/commons-logging_commons-logging-1.1.3.jar with timestamp 1761682184106
[2025-10-29T03:09:45.115+0700] {subprocess.py:93} INFO - 25/10/29 03:09:45 INFO TransportClientFactory: Successfully created connection to dfeadd712fc3/172.18.0.6:36449 after 16 ms (0 ms spent in bootstraps)
[2025-10-29T03:09:45.119+0700] {subprocess.py:93} INFO - 25/10/29 03:09:45 INFO Utils: Fetching spark://dfeadd712fc3:36449/jars/commons-logging_commons-logging-1.1.3.jar to /tmp/spark-c2b2ae9a-fe0d-4532-8b35-b9096aee1147/userFiles-0835fbf4-92af-4499-8e89-44bd9627d0f9/fetchFileTemp10648047427024783037.tmp
[2025-10-29T03:09:45.136+0700] {subprocess.py:93} INFO - 25/10/29 03:09:45 INFO Utils: /tmp/spark-c2b2ae9a-fe0d-4532-8b35-b9096aee1147/userFiles-0835fbf4-92af-4499-8e89-44bd9627d0f9/fetchFileTemp10648047427024783037.tmp has been previously copied to /tmp/spark-c2b2ae9a-fe0d-4532-8b35-b9096aee1147/userFiles-0835fbf4-92af-4499-8e89-44bd9627d0f9/commons-logging_commons-logging-1.1.3.jar
[2025-10-29T03:09:45.141+0700] {subprocess.py:93} INFO - 25/10/29 03:09:45 INFO Executor: Adding file:/tmp/spark-c2b2ae9a-fe0d-4532-8b35-b9096aee1147/userFiles-0835fbf4-92af-4499-8e89-44bd9627d0f9/commons-logging_commons-logging-1.1.3.jar to class loader default
[2025-10-29T03:09:45.141+0700] {subprocess.py:93} INFO - 25/10/29 03:09:45 INFO Executor: Fetching spark://dfeadd712fc3:36449/jars/org.apache.hadoop_hadoop-client-api-3.3.4.jar with timestamp 1761682184106
[2025-10-29T03:09:45.141+0700] {subprocess.py:93} INFO - 25/10/29 03:09:45 INFO Utils: Fetching spark://dfeadd712fc3:36449/jars/org.apache.hadoop_hadoop-client-api-3.3.4.jar to /tmp/spark-c2b2ae9a-fe0d-4532-8b35-b9096aee1147/userFiles-0835fbf4-92af-4499-8e89-44bd9627d0f9/fetchFileTemp7590250783330153616.tmp
[2025-10-29T03:09:45.266+0700] {subprocess.py:93} INFO - 25/10/29 03:09:45 INFO Utils: /tmp/spark-c2b2ae9a-fe0d-4532-8b35-b9096aee1147/userFiles-0835fbf4-92af-4499-8e89-44bd9627d0f9/fetchFileTemp7590250783330153616.tmp has been previously copied to /tmp/spark-c2b2ae9a-fe0d-4532-8b35-b9096aee1147/userFiles-0835fbf4-92af-4499-8e89-44bd9627d0f9/org.apache.hadoop_hadoop-client-api-3.3.4.jar
[2025-10-29T03:09:45.273+0700] {subprocess.py:93} INFO - 25/10/29 03:09:45 INFO Executor: Adding file:/tmp/spark-c2b2ae9a-fe0d-4532-8b35-b9096aee1147/userFiles-0835fbf4-92af-4499-8e89-44bd9627d0f9/org.apache.hadoop_hadoop-client-api-3.3.4.jar to class loader default
[2025-10-29T03:09:45.273+0700] {subprocess.py:93} INFO - 25/10/29 03:09:45 INFO Executor: Fetching spark://dfeadd712fc3:36449/jars/org.postgresql_postgresql-42.6.0.jar with timestamp 1761682184106
[2025-10-29T03:09:45.273+0700] {subprocess.py:93} INFO - 25/10/29 03:09:45 INFO Utils: Fetching spark://dfeadd712fc3:36449/jars/org.postgresql_postgresql-42.6.0.jar to /tmp/spark-c2b2ae9a-fe0d-4532-8b35-b9096aee1147/userFiles-0835fbf4-92af-4499-8e89-44bd9627d0f9/fetchFileTemp13676972301583882941.tmp
[2025-10-29T03:09:45.276+0700] {subprocess.py:93} INFO - 25/10/29 03:09:45 INFO Utils: /tmp/spark-c2b2ae9a-fe0d-4532-8b35-b9096aee1147/userFiles-0835fbf4-92af-4499-8e89-44bd9627d0f9/fetchFileTemp13676972301583882941.tmp has been previously copied to /tmp/spark-c2b2ae9a-fe0d-4532-8b35-b9096aee1147/userFiles-0835fbf4-92af-4499-8e89-44bd9627d0f9/org.postgresql_postgresql-42.6.0.jar
[2025-10-29T03:09:45.282+0700] {subprocess.py:93} INFO - 25/10/29 03:09:45 INFO Executor: Adding file:/tmp/spark-c2b2ae9a-fe0d-4532-8b35-b9096aee1147/userFiles-0835fbf4-92af-4499-8e89-44bd9627d0f9/org.postgresql_postgresql-42.6.0.jar to class loader default
[2025-10-29T03:09:45.282+0700] {subprocess.py:93} INFO - 25/10/29 03:09:45 INFO Executor: Fetching spark://dfeadd712fc3:36449/jars/org.slf4j_slf4j-api-2.0.7.jar with timestamp 1761682184106
[2025-10-29T03:09:45.282+0700] {subprocess.py:93} INFO - 25/10/29 03:09:45 INFO Utils: Fetching spark://dfeadd712fc3:36449/jars/org.slf4j_slf4j-api-2.0.7.jar to /tmp/spark-c2b2ae9a-fe0d-4532-8b35-b9096aee1147/userFiles-0835fbf4-92af-4499-8e89-44bd9627d0f9/fetchFileTemp16798726278052048976.tmp
[2025-10-29T03:09:45.283+0700] {subprocess.py:93} INFO - 25/10/29 03:09:45 INFO Utils: /tmp/spark-c2b2ae9a-fe0d-4532-8b35-b9096aee1147/userFiles-0835fbf4-92af-4499-8e89-44bd9627d0f9/fetchFileTemp16798726278052048976.tmp has been previously copied to /tmp/spark-c2b2ae9a-fe0d-4532-8b35-b9096aee1147/userFiles-0835fbf4-92af-4499-8e89-44bd9627d0f9/org.slf4j_slf4j-api-2.0.7.jar
[2025-10-29T03:09:45.287+0700] {subprocess.py:93} INFO - 25/10/29 03:09:45 INFO Executor: Adding file:/tmp/spark-c2b2ae9a-fe0d-4532-8b35-b9096aee1147/userFiles-0835fbf4-92af-4499-8e89-44bd9627d0f9/org.slf4j_slf4j-api-2.0.7.jar to class loader default
[2025-10-29T03:09:45.287+0700] {subprocess.py:93} INFO - 25/10/29 03:09:45 INFO Executor: Fetching spark://dfeadd712fc3:36449/jars/org.apache.spark_spark-token-provider-kafka-0-10_2.12-3.5.1.jar with timestamp 1761682184106
[2025-10-29T03:09:45.287+0700] {subprocess.py:93} INFO - 25/10/29 03:09:45 INFO Utils: Fetching spark://dfeadd712fc3:36449/jars/org.apache.spark_spark-token-provider-kafka-0-10_2.12-3.5.1.jar to /tmp/spark-c2b2ae9a-fe0d-4532-8b35-b9096aee1147/userFiles-0835fbf4-92af-4499-8e89-44bd9627d0f9/fetchFileTemp7953087046505768558.tmp
[2025-10-29T03:09:45.297+0700] {subprocess.py:93} INFO - 25/10/29 03:09:45 INFO Utils: /tmp/spark-c2b2ae9a-fe0d-4532-8b35-b9096aee1147/userFiles-0835fbf4-92af-4499-8e89-44bd9627d0f9/fetchFileTemp7953087046505768558.tmp has been previously copied to /tmp/spark-c2b2ae9a-fe0d-4532-8b35-b9096aee1147/userFiles-0835fbf4-92af-4499-8e89-44bd9627d0f9/org.apache.spark_spark-token-provider-kafka-0-10_2.12-3.5.1.jar
[2025-10-29T03:09:45.301+0700] {subprocess.py:93} INFO - 25/10/29 03:09:45 INFO Executor: Adding file:/tmp/spark-c2b2ae9a-fe0d-4532-8b35-b9096aee1147/userFiles-0835fbf4-92af-4499-8e89-44bd9627d0f9/org.apache.spark_spark-token-provider-kafka-0-10_2.12-3.5.1.jar to class loader default
[2025-10-29T03:09:45.302+0700] {subprocess.py:93} INFO - 25/10/29 03:09:45 INFO Executor: Fetching spark://dfeadd712fc3:36449/jars/org.xerial.snappy_snappy-java-1.1.10.3.jar with timestamp 1761682184106
[2025-10-29T03:09:45.302+0700] {subprocess.py:93} INFO - 25/10/29 03:09:45 INFO Utils: Fetching spark://dfeadd712fc3:36449/jars/org.xerial.snappy_snappy-java-1.1.10.3.jar to /tmp/spark-c2b2ae9a-fe0d-4532-8b35-b9096aee1147/userFiles-0835fbf4-92af-4499-8e89-44bd9627d0f9/fetchFileTemp8929504725540949866.tmp
[2025-10-29T03:09:45.312+0700] {subprocess.py:93} INFO - 25/10/29 03:09:45 INFO Utils: /tmp/spark-c2b2ae9a-fe0d-4532-8b35-b9096aee1147/userFiles-0835fbf4-92af-4499-8e89-44bd9627d0f9/fetchFileTemp8929504725540949866.tmp has been previously copied to /tmp/spark-c2b2ae9a-fe0d-4532-8b35-b9096aee1147/userFiles-0835fbf4-92af-4499-8e89-44bd9627d0f9/org.xerial.snappy_snappy-java-1.1.10.3.jar
[2025-10-29T03:09:45.319+0700] {subprocess.py:93} INFO - 25/10/29 03:09:45 INFO Executor: Adding file:/tmp/spark-c2b2ae9a-fe0d-4532-8b35-b9096aee1147/userFiles-0835fbf4-92af-4499-8e89-44bd9627d0f9/org.xerial.snappy_snappy-java-1.1.10.3.jar to class loader default
[2025-10-29T03:09:45.319+0700] {subprocess.py:93} INFO - 25/10/29 03:09:45 INFO Executor: Fetching spark://dfeadd712fc3:36449/jars/org.lz4_lz4-java-1.8.0.jar with timestamp 1761682184106
[2025-10-29T03:09:45.320+0700] {subprocess.py:93} INFO - 25/10/29 03:09:45 INFO Utils: Fetching spark://dfeadd712fc3:36449/jars/org.lz4_lz4-java-1.8.0.jar to /tmp/spark-c2b2ae9a-fe0d-4532-8b35-b9096aee1147/userFiles-0835fbf4-92af-4499-8e89-44bd9627d0f9/fetchFileTemp1737494741011275007.tmp
[2025-10-29T03:09:45.322+0700] {subprocess.py:93} INFO - 25/10/29 03:09:45 INFO Utils: /tmp/spark-c2b2ae9a-fe0d-4532-8b35-b9096aee1147/userFiles-0835fbf4-92af-4499-8e89-44bd9627d0f9/fetchFileTemp1737494741011275007.tmp has been previously copied to /tmp/spark-c2b2ae9a-fe0d-4532-8b35-b9096aee1147/userFiles-0835fbf4-92af-4499-8e89-44bd9627d0f9/org.lz4_lz4-java-1.8.0.jar
[2025-10-29T03:09:45.346+0700] {subprocess.py:93} INFO - 25/10/29 03:09:45 INFO Executor: Adding file:/tmp/spark-c2b2ae9a-fe0d-4532-8b35-b9096aee1147/userFiles-0835fbf4-92af-4499-8e89-44bd9627d0f9/org.lz4_lz4-java-1.8.0.jar to class loader default
[2025-10-29T03:09:45.347+0700] {subprocess.py:93} INFO - 25/10/29 03:09:45 INFO Executor: Fetching spark://dfeadd712fc3:36449/jars/org.apache.hadoop_hadoop-client-runtime-3.3.4.jar with timestamp 1761682184106
[2025-10-29T03:09:45.347+0700] {subprocess.py:93} INFO - 25/10/29 03:09:45 INFO Utils: Fetching spark://dfeadd712fc3:36449/jars/org.apache.hadoop_hadoop-client-runtime-3.3.4.jar to /tmp/spark-c2b2ae9a-fe0d-4532-8b35-b9096aee1147/userFiles-0835fbf4-92af-4499-8e89-44bd9627d0f9/fetchFileTemp14848447834007395988.tmp
[2025-10-29T03:09:45.522+0700] {subprocess.py:93} INFO - 25/10/29 03:09:45 INFO Utils: /tmp/spark-c2b2ae9a-fe0d-4532-8b35-b9096aee1147/userFiles-0835fbf4-92af-4499-8e89-44bd9627d0f9/fetchFileTemp14848447834007395988.tmp has been previously copied to /tmp/spark-c2b2ae9a-fe0d-4532-8b35-b9096aee1147/userFiles-0835fbf4-92af-4499-8e89-44bd9627d0f9/org.apache.hadoop_hadoop-client-runtime-3.3.4.jar
[2025-10-29T03:09:45.529+0700] {subprocess.py:93} INFO - 25/10/29 03:09:45 INFO Executor: Adding file:/tmp/spark-c2b2ae9a-fe0d-4532-8b35-b9096aee1147/userFiles-0835fbf4-92af-4499-8e89-44bd9627d0f9/org.apache.hadoop_hadoop-client-runtime-3.3.4.jar to class loader default
[2025-10-29T03:09:45.529+0700] {subprocess.py:93} INFO - 25/10/29 03:09:45 INFO Executor: Fetching spark://dfeadd712fc3:36449/jars/org.apache.commons_commons-pool2-2.11.1.jar with timestamp 1761682184106
[2025-10-29T03:09:45.530+0700] {subprocess.py:93} INFO - 25/10/29 03:09:45 INFO Utils: Fetching spark://dfeadd712fc3:36449/jars/org.apache.commons_commons-pool2-2.11.1.jar to /tmp/spark-c2b2ae9a-fe0d-4532-8b35-b9096aee1147/userFiles-0835fbf4-92af-4499-8e89-44bd9627d0f9/fetchFileTemp11174486437373197328.tmp
[2025-10-29T03:09:45.531+0700] {subprocess.py:93} INFO - 25/10/29 03:09:45 INFO Utils: /tmp/spark-c2b2ae9a-fe0d-4532-8b35-b9096aee1147/userFiles-0835fbf4-92af-4499-8e89-44bd9627d0f9/fetchFileTemp11174486437373197328.tmp has been previously copied to /tmp/spark-c2b2ae9a-fe0d-4532-8b35-b9096aee1147/userFiles-0835fbf4-92af-4499-8e89-44bd9627d0f9/org.apache.commons_commons-pool2-2.11.1.jar
[2025-10-29T03:09:45.535+0700] {subprocess.py:93} INFO - 25/10/29 03:09:45 INFO Executor: Adding file:/tmp/spark-c2b2ae9a-fe0d-4532-8b35-b9096aee1147/userFiles-0835fbf4-92af-4499-8e89-44bd9627d0f9/org.apache.commons_commons-pool2-2.11.1.jar to class loader default
[2025-10-29T03:09:45.535+0700] {subprocess.py:93} INFO - 25/10/29 03:09:45 INFO Executor: Fetching spark://dfeadd712fc3:36449/jars/org.checkerframework_checker-qual-3.31.0.jar with timestamp 1761682184106
[2025-10-29T03:09:45.535+0700] {subprocess.py:93} INFO - 25/10/29 03:09:45 INFO Utils: Fetching spark://dfeadd712fc3:36449/jars/org.checkerframework_checker-qual-3.31.0.jar to /tmp/spark-c2b2ae9a-fe0d-4532-8b35-b9096aee1147/userFiles-0835fbf4-92af-4499-8e89-44bd9627d0f9/fetchFileTemp10543354406835472134.tmp
[2025-10-29T03:09:45.537+0700] {subprocess.py:93} INFO - 25/10/29 03:09:45 INFO Utils: /tmp/spark-c2b2ae9a-fe0d-4532-8b35-b9096aee1147/userFiles-0835fbf4-92af-4499-8e89-44bd9627d0f9/fetchFileTemp10543354406835472134.tmp has been previously copied to /tmp/spark-c2b2ae9a-fe0d-4532-8b35-b9096aee1147/userFiles-0835fbf4-92af-4499-8e89-44bd9627d0f9/org.checkerframework_checker-qual-3.31.0.jar
[2025-10-29T03:09:45.540+0700] {subprocess.py:93} INFO - 25/10/29 03:09:45 INFO Executor: Adding file:/tmp/spark-c2b2ae9a-fe0d-4532-8b35-b9096aee1147/userFiles-0835fbf4-92af-4499-8e89-44bd9627d0f9/org.checkerframework_checker-qual-3.31.0.jar to class loader default
[2025-10-29T03:09:45.541+0700] {subprocess.py:93} INFO - 25/10/29 03:09:45 INFO Executor: Fetching spark://dfeadd712fc3:36449/jars/org.apache.kafka_kafka-clients-3.4.1.jar with timestamp 1761682184106
[2025-10-29T03:09:45.541+0700] {subprocess.py:93} INFO - 25/10/29 03:09:45 INFO Utils: Fetching spark://dfeadd712fc3:36449/jars/org.apache.kafka_kafka-clients-3.4.1.jar to /tmp/spark-c2b2ae9a-fe0d-4532-8b35-b9096aee1147/userFiles-0835fbf4-92af-4499-8e89-44bd9627d0f9/fetchFileTemp447324318508955062.tmp
[2025-10-29T03:09:45.565+0700] {subprocess.py:93} INFO - 25/10/29 03:09:45 INFO Utils: /tmp/spark-c2b2ae9a-fe0d-4532-8b35-b9096aee1147/userFiles-0835fbf4-92af-4499-8e89-44bd9627d0f9/fetchFileTemp447324318508955062.tmp has been previously copied to /tmp/spark-c2b2ae9a-fe0d-4532-8b35-b9096aee1147/userFiles-0835fbf4-92af-4499-8e89-44bd9627d0f9/org.apache.kafka_kafka-clients-3.4.1.jar
[2025-10-29T03:09:45.570+0700] {subprocess.py:93} INFO - 25/10/29 03:09:45 INFO Executor: Adding file:/tmp/spark-c2b2ae9a-fe0d-4532-8b35-b9096aee1147/userFiles-0835fbf4-92af-4499-8e89-44bd9627d0f9/org.apache.kafka_kafka-clients-3.4.1.jar to class loader default
[2025-10-29T03:09:45.571+0700] {subprocess.py:93} INFO - 25/10/29 03:09:45 INFO Executor: Fetching spark://dfeadd712fc3:36449/jars/com.google.code.findbugs_jsr305-3.0.0.jar with timestamp 1761682184106
[2025-10-29T03:09:45.571+0700] {subprocess.py:93} INFO - 25/10/29 03:09:45 INFO Utils: Fetching spark://dfeadd712fc3:36449/jars/com.google.code.findbugs_jsr305-3.0.0.jar to /tmp/spark-c2b2ae9a-fe0d-4532-8b35-b9096aee1147/userFiles-0835fbf4-92af-4499-8e89-44bd9627d0f9/fetchFileTemp3301975444021286120.tmp
[2025-10-29T03:09:45.572+0700] {subprocess.py:93} INFO - 25/10/29 03:09:45 INFO Utils: /tmp/spark-c2b2ae9a-fe0d-4532-8b35-b9096aee1147/userFiles-0835fbf4-92af-4499-8e89-44bd9627d0f9/fetchFileTemp3301975444021286120.tmp has been previously copied to /tmp/spark-c2b2ae9a-fe0d-4532-8b35-b9096aee1147/userFiles-0835fbf4-92af-4499-8e89-44bd9627d0f9/com.google.code.findbugs_jsr305-3.0.0.jar
[2025-10-29T03:09:45.576+0700] {subprocess.py:93} INFO - 25/10/29 03:09:45 INFO Executor: Adding file:/tmp/spark-c2b2ae9a-fe0d-4532-8b35-b9096aee1147/userFiles-0835fbf4-92af-4499-8e89-44bd9627d0f9/com.google.code.findbugs_jsr305-3.0.0.jar to class loader default
[2025-10-29T03:09:45.577+0700] {subprocess.py:93} INFO - 25/10/29 03:09:45 INFO Executor: Fetching spark://dfeadd712fc3:36449/jars/org.apache.spark_spark-sql-kafka-0-10_2.12-3.5.1.jar with timestamp 1761682184106
[2025-10-29T03:09:45.577+0700] {subprocess.py:93} INFO - 25/10/29 03:09:45 INFO Utils: Fetching spark://dfeadd712fc3:36449/jars/org.apache.spark_spark-sql-kafka-0-10_2.12-3.5.1.jar to /tmp/spark-c2b2ae9a-fe0d-4532-8b35-b9096aee1147/userFiles-0835fbf4-92af-4499-8e89-44bd9627d0f9/fetchFileTemp10252181057812149815.tmp
[2025-10-29T03:09:45.579+0700] {subprocess.py:93} INFO - 25/10/29 03:09:45 INFO Utils: /tmp/spark-c2b2ae9a-fe0d-4532-8b35-b9096aee1147/userFiles-0835fbf4-92af-4499-8e89-44bd9627d0f9/fetchFileTemp10252181057812149815.tmp has been previously copied to /tmp/spark-c2b2ae9a-fe0d-4532-8b35-b9096aee1147/userFiles-0835fbf4-92af-4499-8e89-44bd9627d0f9/org.apache.spark_spark-sql-kafka-0-10_2.12-3.5.1.jar
[2025-10-29T03:09:45.584+0700] {subprocess.py:93} INFO - 25/10/29 03:09:45 INFO Executor: Adding file:/tmp/spark-c2b2ae9a-fe0d-4532-8b35-b9096aee1147/userFiles-0835fbf4-92af-4499-8e89-44bd9627d0f9/org.apache.spark_spark-sql-kafka-0-10_2.12-3.5.1.jar to class loader default
[2025-10-29T03:09:45.594+0700] {subprocess.py:93} INFO - 25/10/29 03:09:45 INFO Utils: Successfully started service 'org.apache.spark.network.netty.NettyBlockTransferService' on port 33243.
[2025-10-29T03:09:45.595+0700] {subprocess.py:93} INFO - 25/10/29 03:09:45 INFO NettyBlockTransferService: Server created on dfeadd712fc3:33243
[2025-10-29T03:09:45.596+0700] {subprocess.py:93} INFO - 25/10/29 03:09:45 INFO BlockManager: Using org.apache.spark.storage.RandomBlockReplicationPolicy for block replication policy
[2025-10-29T03:09:45.602+0700] {subprocess.py:93} INFO - 25/10/29 03:09:45 INFO BlockManagerMaster: Registering BlockManager BlockManagerId(driver, dfeadd712fc3, 33243, None)
[2025-10-29T03:09:45.605+0700] {subprocess.py:93} INFO - 25/10/29 03:09:45 INFO BlockManagerMasterEndpoint: Registering block manager dfeadd712fc3:33243 with 434.4 MiB RAM, BlockManagerId(driver, dfeadd712fc3, 33243, None)
[2025-10-29T03:09:45.606+0700] {subprocess.py:93} INFO - 25/10/29 03:09:45 INFO BlockManagerMaster: Registered BlockManager BlockManagerId(driver, dfeadd712fc3, 33243, None)
[2025-10-29T03:09:45.607+0700] {subprocess.py:93} INFO - 25/10/29 03:09:45 INFO BlockManager: Initialized BlockManager: BlockManagerId(driver, dfeadd712fc3, 33243, None)
[2025-10-29T03:09:48.334+0700] {subprocess.py:93} INFO - 25/10/29 03:09:48 WARN ResolveWriteToStream: spark.sql.adaptive.enabled is not supported in streaming DataFrames/Datasets and will be disabled.
[2025-10-29T03:09:48.488+0700] {subprocess.py:93} INFO - 🚀 Streaming job started — đang lắng nghe dữ liệu từ Kafka...
[2025-10-29T03:09:48.617+0700] {subprocess.py:93} INFO - 25/10/29 03:09:48 WARN AdminClientConfig: These configurations '[key.deserializer, value.deserializer, enable.auto.commit, max.poll.records, auto.offset.reset]' were supplied but are not used yet.
[2025-10-29T03:09:50.426+0700] {subprocess.py:93} INFO - [Batch 0] ⚠️ Không có dữ liệu mới.
[2025-10-29T03:09:52.121+0700] {subprocess.py:93} INFO - 25/10/29 03:09:52 WARN KafkaDataConsumer: KafkaDataConsumer is not running in UninterruptibleThread. It may hang when KafkaDataConsumer's methods are interrupted because of KAFKA-1894
[2025-10-29T03:09:52.308+0700] {subprocess.py:93} INFO - 25/10/29 03:09:52 WARN KafkaDataConsumer: KafkaDataConsumer is not running in UninterruptibleThread. It may hang when KafkaDataConsumer's methods are interrupted because of KAFKA-1894
[2025-10-29T03:09:52.308+0700] {subprocess.py:93} INFO - 25/10/29 03:09:52 WARN KafkaDataConsumer: KafkaDataConsumer is not running in UninterruptibleThread. It may hang when KafkaDataConsumer's methods are interrupted because of KAFKA-1894
[2025-10-29T03:09:52.308+0700] {subprocess.py:93} INFO - 25/10/29 03:09:52 WARN KafkaDataConsumer: KafkaDataConsumer is not running in UninterruptibleThread. It may hang when KafkaDataConsumer's methods are interrupted because of KAFKA-1894
[2025-10-29T03:09:55.032+0700] {subprocess.py:93} INFO - There was a problem when trying to write in your cache folder (/home/***/.cache/huggingface/hub). You should set the environment variable TRANSFORMERS_CACHE to a writable directory.
[2025-10-29T03:09:55.711+0700] {subprocess.py:93} INFO - 25/10/29 03:09:55 ERROR Executor: Exception in task 0.0 in stage 2.0 (TID 1)
[2025-10-29T03:09:55.711+0700] {subprocess.py:93} INFO - org.apache.spark.api.python.PythonException: Traceback (most recent call last):
[2025-10-29T03:09:55.712+0700] {subprocess.py:93} INFO -   File "/opt/***/projects/absa_streaming/scripts/consumer_postgres_streaming.py", line 73, in absa_infer_udf
[2025-10-29T03:09:55.712+0700] {subprocess.py:93} INFO -     _tokenizer = AutoTokenizer.from_pretrained(MODEL_NAME, use_fast=True)
[2025-10-29T03:09:55.712+0700] {subprocess.py:93} INFO -                  ^^^^^^^^^^^^^^^^^^^^^^^^^^^^^^^^^^^^^^^^^^^^^^^^^^^^^^^^
[2025-10-29T03:09:55.713+0700] {subprocess.py:93} INFO -   File "/home/***/.local/lib/python3.12/site-packages/transformers/models/auto/tokenization_auto.py", line 817, in from_pretrained
[2025-10-29T03:09:55.713+0700] {subprocess.py:93} INFO -     tokenizer_config = get_tokenizer_config(pretrained_model_name_or_path, **kwargs)
[2025-10-29T03:09:55.713+0700] {subprocess.py:93} INFO -                        ^^^^^^^^^^^^^^^^^^^^^^^^^^^^^^^^^^^^^^^^^^^^^^^^^^^^^^^^^^^^^
[2025-10-29T03:09:55.713+0700] {subprocess.py:93} INFO -   File "/home/***/.local/lib/python3.12/site-packages/transformers/models/auto/tokenization_auto.py", line 649, in get_tokenizer_config
[2025-10-29T03:09:55.713+0700] {subprocess.py:93} INFO -     resolved_config_file = cached_file(
[2025-10-29T03:09:55.714+0700] {subprocess.py:93} INFO -                            ^^^^^^^^^^^^
[2025-10-29T03:09:55.714+0700] {subprocess.py:93} INFO -   File "/home/***/.local/lib/python3.12/site-packages/transformers/utils/hub.py", line 462, in cached_file
[2025-10-29T03:09:55.714+0700] {subprocess.py:93} INFO -     except HFValidationError as e:
[2025-10-29T03:09:55.714+0700] {subprocess.py:93} INFO -   File "/home/***/.local/lib/python3.12/site-packages/huggingface_hub/utils/_validators.py", line 114, in _inner_fn
[2025-10-29T03:09:55.714+0700] {subprocess.py:93} INFO -     return fn(*args, **kwargs)
[2025-10-29T03:09:55.715+0700] {subprocess.py:93} INFO -            ^^^^^^^^^^^^^^^^^^^
[2025-10-29T03:09:55.715+0700] {subprocess.py:93} INFO -   File "/home/***/.local/lib/python3.12/site-packages/huggingface_hub/file_download.py", line 1007, in hf_hub_download
[2025-10-29T03:09:55.715+0700] {subprocess.py:93} INFO -     return _hf_hub_download_to_cache_dir(
[2025-10-29T03:09:55.715+0700] {subprocess.py:93} INFO -            ^^^^^^^^^^^^^^^^^^^^^^^^^^^^^^
[2025-10-29T03:09:55.715+0700] {subprocess.py:93} INFO -   File "/home/***/.local/lib/python3.12/site-packages/huggingface_hub/file_download.py", line 1124, in _hf_hub_download_to_cache_dir
[2025-10-29T03:09:55.715+0700] {subprocess.py:93} INFO -     os.makedirs(os.path.dirname(blob_path), exist_ok=True)
[2025-10-29T03:09:55.716+0700] {subprocess.py:93} INFO -   File "<frozen os>", line 216, in makedirs
[2025-10-29T03:09:55.716+0700] {subprocess.py:93} INFO -   File "<frozen os>", line 216, in makedirs
[2025-10-29T03:09:55.716+0700] {subprocess.py:93} INFO -   File "<frozen os>", line 216, in makedirs
[2025-10-29T03:09:55.716+0700] {subprocess.py:93} INFO -   File "<frozen os>", line 230, in makedirs
[2025-10-29T03:09:55.716+0700] {subprocess.py:93} INFO - PermissionError: [Errno 13] Permission denied: '/home/***/.cache/huggingface'
[2025-10-29T03:09:55.717+0700] {subprocess.py:93} INFO - 
[2025-10-29T03:09:55.717+0700] {subprocess.py:93} INFO - 	at org.apache.spark.api.python.BasePythonRunner$ReaderIterator.handlePythonException(PythonRunner.scala:572)
[2025-10-29T03:09:55.717+0700] {subprocess.py:93} INFO - 	at org.apache.spark.sql.execution.python.PythonArrowOutput$$anon$1.read(PythonArrowOutput.scala:118)
[2025-10-29T03:09:55.717+0700] {subprocess.py:93} INFO - 	at org.apache.spark.api.python.BasePythonRunner$ReaderIterator.hasNext(PythonRunner.scala:525)
[2025-10-29T03:09:55.717+0700] {subprocess.py:93} INFO - 	at org.apache.spark.InterruptibleIterator.hasNext(InterruptibleIterator.scala:37)
[2025-10-29T03:09:55.717+0700] {subprocess.py:93} INFO - 	at scala.collection.Iterator$$anon$11.hasNext(Iterator.scala:491)
[2025-10-29T03:09:55.718+0700] {subprocess.py:93} INFO - 	at scala.collection.Iterator$$anon$10.hasNext(Iterator.scala:460)
[2025-10-29T03:09:55.718+0700] {subprocess.py:93} INFO - 	at scala.collection.Iterator$$anon$10.hasNext(Iterator.scala:460)
[2025-10-29T03:09:55.718+0700] {subprocess.py:93} INFO - 	at org.apache.spark.sql.catalyst.expressions.GeneratedClass$GeneratedIteratorForCodegenStage1.hashAgg_doAggregateWithoutKey_0$(Unknown Source)
[2025-10-29T03:09:55.718+0700] {subprocess.py:93} INFO - 	at org.apache.spark.sql.catalyst.expressions.GeneratedClass$GeneratedIteratorForCodegenStage1.processNext(Unknown Source)
[2025-10-29T03:09:55.718+0700] {subprocess.py:93} INFO - 	at org.apache.spark.sql.execution.BufferedRowIterator.hasNext(BufferedRowIterator.java:43)
[2025-10-29T03:09:55.718+0700] {subprocess.py:93} INFO - 	at org.apache.spark.sql.execution.WholeStageCodegenEvaluatorFactory$WholeStageCodegenPartitionEvaluator$$anon$1.hasNext(WholeStageCodegenEvaluatorFactory.scala:43)
[2025-10-29T03:09:55.718+0700] {subprocess.py:93} INFO - 	at scala.collection.Iterator$$anon$10.hasNext(Iterator.scala:460)
[2025-10-29T03:09:55.718+0700] {subprocess.py:93} INFO - 	at org.apache.spark.shuffle.sort.BypassMergeSortShuffleWriter.write(BypassMergeSortShuffleWriter.java:140)
[2025-10-29T03:09:55.718+0700] {subprocess.py:93} INFO - 	at org.apache.spark.shuffle.ShuffleWriteProcessor.write(ShuffleWriteProcessor.scala:59)
[2025-10-29T03:09:55.719+0700] {subprocess.py:93} INFO - 	at org.apache.spark.scheduler.ShuffleMapTask.runTask(ShuffleMapTask.scala:104)
[2025-10-29T03:09:55.719+0700] {subprocess.py:93} INFO - 	at org.apache.spark.scheduler.ShuffleMapTask.runTask(ShuffleMapTask.scala:54)
[2025-10-29T03:09:55.719+0700] {subprocess.py:93} INFO - 	at org.apache.spark.TaskContext.runTaskWithListeners(TaskContext.scala:166)
[2025-10-29T03:09:55.719+0700] {subprocess.py:93} INFO - 	at org.apache.spark.scheduler.Task.run(Task.scala:141)
[2025-10-29T03:09:55.719+0700] {subprocess.py:93} INFO - 	at org.apache.spark.executor.Executor$TaskRunner.$anonfun$run$4(Executor.scala:620)
[2025-10-29T03:09:55.719+0700] {subprocess.py:93} INFO - 	at org.apache.spark.util.SparkErrorUtils.tryWithSafeFinally(SparkErrorUtils.scala:64)
[2025-10-29T03:09:55.719+0700] {subprocess.py:93} INFO - 	at org.apache.spark.util.SparkErrorUtils.tryWithSafeFinally$(SparkErrorUtils.scala:61)
[2025-10-29T03:09:55.720+0700] {subprocess.py:93} INFO - 	at org.apache.spark.util.Utils$.tryWithSafeFinally(Utils.scala:94)
[2025-10-29T03:09:55.720+0700] {subprocess.py:93} INFO - 	at org.apache.spark.executor.Executor$TaskRunner.run(Executor.scala:623)
[2025-10-29T03:09:55.720+0700] {subprocess.py:93} INFO - 	at java.base/java.util.concurrent.ThreadPoolExecutor.runWorker(ThreadPoolExecutor.java:1136)
[2025-10-29T03:09:55.720+0700] {subprocess.py:93} INFO - 	at java.base/java.util.concurrent.ThreadPoolExecutor$Worker.run(ThreadPoolExecutor.java:635)
[2025-10-29T03:09:55.720+0700] {subprocess.py:93} INFO - 	at java.base/java.lang.Thread.run(Thread.java:840)
[2025-10-29T03:09:55.724+0700] {subprocess.py:93} INFO - 25/10/29 03:09:55 WARN TaskSetManager: Lost task 0.0 in stage 2.0 (TID 1) (dfeadd712fc3 executor driver): org.apache.spark.api.python.PythonException: Traceback (most recent call last):
[2025-10-29T03:09:55.724+0700] {subprocess.py:93} INFO -   File "/opt/***/projects/absa_streaming/scripts/consumer_postgres_streaming.py", line 73, in absa_infer_udf
[2025-10-29T03:09:55.725+0700] {subprocess.py:93} INFO -     _tokenizer = AutoTokenizer.from_pretrained(MODEL_NAME, use_fast=True)
[2025-10-29T03:09:55.725+0700] {subprocess.py:93} INFO -                  ^^^^^^^^^^^^^^^^^^^^^^^^^^^^^^^^^^^^^^^^^^^^^^^^^^^^^^^^
[2025-10-29T03:09:55.725+0700] {subprocess.py:93} INFO -   File "/home/***/.local/lib/python3.12/site-packages/transformers/models/auto/tokenization_auto.py", line 817, in from_pretrained
[2025-10-29T03:09:55.725+0700] {subprocess.py:93} INFO -     tokenizer_config = get_tokenizer_config(pretrained_model_name_or_path, **kwargs)
[2025-10-29T03:09:55.725+0700] {subprocess.py:93} INFO -                        ^^^^^^^^^^^^^^^^^^^^^^^^^^^^^^^^^^^^^^^^^^^^^^^^^^^^^^^^^^^^^
[2025-10-29T03:09:55.725+0700] {subprocess.py:93} INFO -   File "/home/***/.local/lib/python3.12/site-packages/transformers/models/auto/tokenization_auto.py", line 649, in get_tokenizer_config
[2025-10-29T03:09:55.725+0700] {subprocess.py:93} INFO -     resolved_config_file = cached_file(
[2025-10-29T03:09:55.726+0700] {subprocess.py:93} INFO -                            ^^^^^^^^^^^^
[2025-10-29T03:09:55.726+0700] {subprocess.py:93} INFO -   File "/home/***/.local/lib/python3.12/site-packages/transformers/utils/hub.py", line 462, in cached_file
[2025-10-29T03:09:55.726+0700] {subprocess.py:93} INFO -     except HFValidationError as e:
[2025-10-29T03:09:55.726+0700] {subprocess.py:93} INFO -   File "/home/***/.local/lib/python3.12/site-packages/huggingface_hub/utils/_validators.py", line 114, in _inner_fn
[2025-10-29T03:09:55.726+0700] {subprocess.py:93} INFO -     return fn(*args, **kwargs)
[2025-10-29T03:09:55.726+0700] {subprocess.py:93} INFO -            ^^^^^^^^^^^^^^^^^^^
[2025-10-29T03:09:55.727+0700] {subprocess.py:93} INFO -   File "/home/***/.local/lib/python3.12/site-packages/huggingface_hub/file_download.py", line 1007, in hf_hub_download
[2025-10-29T03:09:55.727+0700] {subprocess.py:93} INFO -     return _hf_hub_download_to_cache_dir(
[2025-10-29T03:09:55.727+0700] {subprocess.py:93} INFO -            ^^^^^^^^^^^^^^^^^^^^^^^^^^^^^^
[2025-10-29T03:09:55.727+0700] {subprocess.py:93} INFO -   File "/home/***/.local/lib/python3.12/site-packages/huggingface_hub/file_download.py", line 1124, in _hf_hub_download_to_cache_dir
[2025-10-29T03:09:55.727+0700] {subprocess.py:93} INFO -     os.makedirs(os.path.dirname(blob_path), exist_ok=True)
[2025-10-29T03:09:55.728+0700] {subprocess.py:93} INFO -   File "<frozen os>", line 216, in makedirs
[2025-10-29T03:09:55.728+0700] {subprocess.py:93} INFO -   File "<frozen os>", line 216, in makedirs
[2025-10-29T03:09:55.728+0700] {subprocess.py:93} INFO -   File "<frozen os>", line 216, in makedirs
[2025-10-29T03:09:55.728+0700] {subprocess.py:93} INFO -   File "<frozen os>", line 230, in makedirs
[2025-10-29T03:09:55.728+0700] {subprocess.py:93} INFO - PermissionError: [Errno 13] Permission denied: '/home/***/.cache/huggingface'
[2025-10-29T03:09:55.728+0700] {subprocess.py:93} INFO - 
[2025-10-29T03:09:55.728+0700] {subprocess.py:93} INFO - 	at org.apache.spark.api.python.BasePythonRunner$ReaderIterator.handlePythonException(PythonRunner.scala:572)
[2025-10-29T03:09:55.728+0700] {subprocess.py:93} INFO - 	at org.apache.spark.sql.execution.python.PythonArrowOutput$$anon$1.read(PythonArrowOutput.scala:118)
[2025-10-29T03:09:55.728+0700] {subprocess.py:93} INFO - 	at org.apache.spark.api.python.BasePythonRunner$ReaderIterator.hasNext(PythonRunner.scala:525)
[2025-10-29T03:09:55.728+0700] {subprocess.py:93} INFO - 	at org.apache.spark.InterruptibleIterator.hasNext(InterruptibleIterator.scala:37)
[2025-10-29T03:09:55.729+0700] {subprocess.py:93} INFO - 	at scala.collection.Iterator$$anon$11.hasNext(Iterator.scala:491)
[2025-10-29T03:09:55.729+0700] {subprocess.py:93} INFO - 	at scala.collection.Iterator$$anon$10.hasNext(Iterator.scala:460)
[2025-10-29T03:09:55.729+0700] {subprocess.py:93} INFO - 	at scala.collection.Iterator$$anon$10.hasNext(Iterator.scala:460)
[2025-10-29T03:09:55.729+0700] {subprocess.py:93} INFO - 	at org.apache.spark.sql.catalyst.expressions.GeneratedClass$GeneratedIteratorForCodegenStage1.hashAgg_doAggregateWithoutKey_0$(Unknown Source)
[2025-10-29T03:09:55.729+0700] {subprocess.py:93} INFO - 	at org.apache.spark.sql.catalyst.expressions.GeneratedClass$GeneratedIteratorForCodegenStage1.processNext(Unknown Source)
[2025-10-29T03:09:55.729+0700] {subprocess.py:93} INFO - 	at org.apache.spark.sql.execution.BufferedRowIterator.hasNext(BufferedRowIterator.java:43)
[2025-10-29T03:09:55.729+0700] {subprocess.py:93} INFO - 	at org.apache.spark.sql.execution.WholeStageCodegenEvaluatorFactory$WholeStageCodegenPartitionEvaluator$$anon$1.hasNext(WholeStageCodegenEvaluatorFactory.scala:43)
[2025-10-29T03:09:55.730+0700] {subprocess.py:93} INFO - 	at scala.collection.Iterator$$anon$10.hasNext(Iterator.scala:460)
[2025-10-29T03:09:55.730+0700] {subprocess.py:93} INFO - 	at org.apache.spark.shuffle.sort.BypassMergeSortShuffleWriter.write(BypassMergeSortShuffleWriter.java:140)
[2025-10-29T03:09:55.730+0700] {subprocess.py:93} INFO - 	at org.apache.spark.shuffle.ShuffleWriteProcessor.write(ShuffleWriteProcessor.scala:59)
[2025-10-29T03:09:55.730+0700] {subprocess.py:93} INFO - 	at org.apache.spark.scheduler.ShuffleMapTask.runTask(ShuffleMapTask.scala:104)
[2025-10-29T03:09:55.730+0700] {subprocess.py:93} INFO - 	at org.apache.spark.scheduler.ShuffleMapTask.runTask(ShuffleMapTask.scala:54)
[2025-10-29T03:09:55.731+0700] {subprocess.py:93} INFO - 	at org.apache.spark.TaskContext.runTaskWithListeners(TaskContext.scala:166)
[2025-10-29T03:09:55.731+0700] {subprocess.py:93} INFO - 	at org.apache.spark.scheduler.Task.run(Task.scala:141)
[2025-10-29T03:09:55.731+0700] {subprocess.py:93} INFO - 	at org.apache.spark.executor.Executor$TaskRunner.$anonfun$run$4(Executor.scala:620)
[2025-10-29T03:09:55.731+0700] {subprocess.py:93} INFO - 	at org.apache.spark.util.SparkErrorUtils.tryWithSafeFinally(SparkErrorUtils.scala:64)
[2025-10-29T03:09:55.731+0700] {subprocess.py:93} INFO - 	at org.apache.spark.util.SparkErrorUtils.tryWithSafeFinally$(SparkErrorUtils.scala:61)
[2025-10-29T03:09:55.731+0700] {subprocess.py:93} INFO - 	at org.apache.spark.util.Utils$.tryWithSafeFinally(Utils.scala:94)
[2025-10-29T03:09:55.731+0700] {subprocess.py:93} INFO - 	at org.apache.spark.executor.Executor$TaskRunner.run(Executor.scala:623)
[2025-10-29T03:09:55.732+0700] {subprocess.py:93} INFO - 	at java.base/java.util.concurrent.ThreadPoolExecutor.runWorker(ThreadPoolExecutor.java:1136)
[2025-10-29T03:09:55.732+0700] {subprocess.py:93} INFO - 	at java.base/java.util.concurrent.ThreadPoolExecutor$Worker.run(ThreadPoolExecutor.java:635)
[2025-10-29T03:09:55.732+0700] {subprocess.py:93} INFO - 	at java.base/java.lang.Thread.run(Thread.java:840)
[2025-10-29T03:09:55.732+0700] {subprocess.py:93} INFO - 
[2025-10-29T03:09:55.732+0700] {subprocess.py:93} INFO - 25/10/29 03:09:55 ERROR TaskSetManager: Task 0 in stage 2.0 failed 1 times; aborting job
[2025-10-29T03:09:55.811+0700] {subprocess.py:93} INFO - 25/10/29 03:09:55 ERROR MicroBatchExecution: Query [id = ba27ddec-b0c0-4a5f-ba9e-babb6ee41008, runId = a7378d83-4547-45d8-afdf-145291eee0dd] terminated with error
[2025-10-29T03:09:55.812+0700] {subprocess.py:93} INFO - py4j.Py4JException: An exception was raised by the Python Proxy. Return Message: Traceback (most recent call last):
[2025-10-29T03:09:55.812+0700] {subprocess.py:93} INFO -   File "/home/***/.local/lib/python3.12/site-packages/pyspark/python/lib/py4j-0.10.9.7-src.zip/py4j/clientserver.py", line 617, in _call_proxy
[2025-10-29T03:09:55.813+0700] {subprocess.py:93} INFO -     return_value = getattr(self.pool[obj_id], method)(*params)
[2025-10-29T03:09:55.813+0700] {subprocess.py:93} INFO -                    ^^^^^^^^^^^^^^^^^^^^^^^^^^^^^^^^^^^^^^^^^^^
[2025-10-29T03:09:55.813+0700] {subprocess.py:93} INFO -   File "/home/***/.local/lib/python3.12/site-packages/pyspark/python/lib/pyspark.zip/pyspark/sql/utils.py", line 120, in call
[2025-10-29T03:09:55.813+0700] {subprocess.py:93} INFO -     raise e
[2025-10-29T03:09:55.814+0700] {subprocess.py:93} INFO -   File "/home/***/.local/lib/python3.12/site-packages/pyspark/python/lib/pyspark.zip/pyspark/sql/utils.py", line 117, in call
[2025-10-29T03:09:55.814+0700] {subprocess.py:93} INFO -     self.func(DataFrame(jdf, wrapped_session_jdf), batch_id)
[2025-10-29T03:09:55.814+0700] {subprocess.py:93} INFO -   File "/opt/***/projects/absa_streaming/scripts/consumer_postgres_streaming.py", line 125, in write_to_postgres
[2025-10-29T03:09:55.815+0700] {subprocess.py:93} INFO -     total_rows = batch_df.count()
[2025-10-29T03:09:55.815+0700] {subprocess.py:93} INFO -                  ^^^^^^^^^^^^^^^^
[2025-10-29T03:09:55.815+0700] {subprocess.py:93} INFO -   File "/home/***/.local/lib/python3.12/site-packages/pyspark/python/lib/pyspark.zip/pyspark/sql/dataframe.py", line 1238, in count
[2025-10-29T03:09:55.815+0700] {subprocess.py:93} INFO -     return int(self._jdf.count())
[2025-10-29T03:09:55.815+0700] {subprocess.py:93} INFO -                ^^^^^^^^^^^^^^^^^
[2025-10-29T03:09:55.815+0700] {subprocess.py:93} INFO -   File "/home/***/.local/lib/python3.12/site-packages/pyspark/python/lib/py4j-0.10.9.7-src.zip/py4j/java_gateway.py", line 1322, in __call__
[2025-10-29T03:09:55.815+0700] {subprocess.py:93} INFO -     return_value = get_return_value(
[2025-10-29T03:09:55.816+0700] {subprocess.py:93} INFO -                    ^^^^^^^^^^^^^^^^^
[2025-10-29T03:09:55.816+0700] {subprocess.py:93} INFO -   File "/home/***/.local/lib/python3.12/site-packages/pyspark/python/lib/pyspark.zip/pyspark/errors/exceptions/captured.py", line 185, in deco
[2025-10-29T03:09:55.816+0700] {subprocess.py:93} INFO -     raise converted from None
[2025-10-29T03:09:55.816+0700] {subprocess.py:93} INFO - pyspark.errors.exceptions.captured.PythonException:
[2025-10-29T03:09:55.817+0700] {subprocess.py:93} INFO -   An exception was thrown from the Python worker. Please see the stack trace below.
[2025-10-29T03:09:55.817+0700] {subprocess.py:93} INFO - Traceback (most recent call last):
[2025-10-29T03:09:55.817+0700] {subprocess.py:93} INFO -   File "/opt/***/projects/absa_streaming/scripts/consumer_postgres_streaming.py", line 73, in absa_infer_udf
[2025-10-29T03:09:55.818+0700] {subprocess.py:93} INFO -     _tokenizer = AutoTokenizer.from_pretrained(MODEL_NAME, use_fast=True)
[2025-10-29T03:09:55.818+0700] {subprocess.py:93} INFO -                  ^^^^^^^^^^^^^^^^^^^^^^^^^^^^^^^^^^^^^^^^^^^^^^^^^^^^^^^^
[2025-10-29T03:09:55.818+0700] {subprocess.py:93} INFO -   File "/home/***/.local/lib/python3.12/site-packages/transformers/models/auto/tokenization_auto.py", line 817, in from_pretrained
[2025-10-29T03:09:55.818+0700] {subprocess.py:93} INFO -     tokenizer_config = get_tokenizer_config(pretrained_model_name_or_path, **kwargs)
[2025-10-29T03:09:55.819+0700] {subprocess.py:93} INFO -                        ^^^^^^^^^^^^^^^^^^^^^^^^^^^^^^^^^^^^^^^^^^^^^^^^^^^^^^^^^^^^^
[2025-10-29T03:09:55.819+0700] {subprocess.py:93} INFO -   File "/home/***/.local/lib/python3.12/site-packages/transformers/models/auto/tokenization_auto.py", line 649, in get_tokenizer_config
[2025-10-29T03:09:55.819+0700] {subprocess.py:93} INFO -     resolved_config_file = cached_file(
[2025-10-29T03:09:55.819+0700] {subprocess.py:93} INFO -                            ^^^^^^^^^^^^
[2025-10-29T03:09:55.819+0700] {subprocess.py:93} INFO -   File "/home/***/.local/lib/python3.12/site-packages/transformers/utils/hub.py", line 462, in cached_file
[2025-10-29T03:09:55.819+0700] {subprocess.py:93} INFO -     except HFValidationError as e:
[2025-10-29T03:09:55.820+0700] {subprocess.py:93} INFO -   File "/home/***/.local/lib/python3.12/site-packages/huggingface_hub/utils/_validators.py", line 114, in _inner_fn
[2025-10-29T03:09:55.820+0700] {subprocess.py:93} INFO -     return fn(*args, **kwargs)
[2025-10-29T03:09:55.820+0700] {subprocess.py:93} INFO -            ^^^^^^^^^^^^^^^^^^^
[2025-10-29T03:09:55.820+0700] {subprocess.py:93} INFO -   File "/home/***/.local/lib/python3.12/site-packages/huggingface_hub/file_download.py", line 1007, in hf_hub_download
[2025-10-29T03:09:55.821+0700] {subprocess.py:93} INFO -     return _hf_hub_download_to_cache_dir(
[2025-10-29T03:09:55.821+0700] {subprocess.py:93} INFO -            ^^^^^^^^^^^^^^^^^^^^^^^^^^^^^^
[2025-10-29T03:09:55.821+0700] {subprocess.py:93} INFO -   File "/home/***/.local/lib/python3.12/site-packages/huggingface_hub/file_download.py", line 1124, in _hf_hub_download_to_cache_dir
[2025-10-29T03:09:55.822+0700] {subprocess.py:93} INFO -     os.makedirs(os.path.dirname(blob_path), exist_ok=True)
[2025-10-29T03:09:55.822+0700] {subprocess.py:93} INFO -   File "<frozen os>", line 216, in makedirs
[2025-10-29T03:09:55.822+0700] {subprocess.py:93} INFO -   File "<frozen os>", line 216, in makedirs
[2025-10-29T03:09:55.822+0700] {subprocess.py:93} INFO -   File "<frozen os>", line 216, in makedirs
[2025-10-29T03:09:55.822+0700] {subprocess.py:93} INFO -   File "<frozen os>", line 230, in makedirs
[2025-10-29T03:09:55.823+0700] {subprocess.py:93} INFO - PermissionError: [Errno 13] Permission denied: '/home/***/.cache/huggingface'
[2025-10-29T03:09:55.823+0700] {subprocess.py:93} INFO - 
[2025-10-29T03:09:55.823+0700] {subprocess.py:93} INFO - 
[2025-10-29T03:09:55.823+0700] {subprocess.py:93} INFO - 	at py4j.Protocol.getReturnValue(Protocol.java:476)
[2025-10-29T03:09:55.823+0700] {subprocess.py:93} INFO - 	at py4j.reflection.PythonProxyHandler.invoke(PythonProxyHandler.java:108)
[2025-10-29T03:09:55.823+0700] {subprocess.py:93} INFO - 	at jdk.proxy3/jdk.proxy3.$Proxy32.call(Unknown Source)
[2025-10-29T03:09:55.823+0700] {subprocess.py:93} INFO - 	at org.apache.spark.sql.execution.streaming.sources.PythonForeachBatchHelper$.$anonfun$callForeachBatch$1(ForeachBatchSink.scala:53)
[2025-10-29T03:09:55.823+0700] {subprocess.py:93} INFO - 	at org.apache.spark.sql.execution.streaming.sources.PythonForeachBatchHelper$.$anonfun$callForeachBatch$1$adapted(ForeachBatchSink.scala:53)
[2025-10-29T03:09:55.823+0700] {subprocess.py:93} INFO - 	at org.apache.spark.sql.execution.streaming.sources.ForeachBatchSink.addBatch(ForeachBatchSink.scala:34)
[2025-10-29T03:09:55.824+0700] {subprocess.py:93} INFO - 	at org.apache.spark.sql.execution.streaming.MicroBatchExecution.$anonfun$runBatch$17(MicroBatchExecution.scala:732)
[2025-10-29T03:09:55.824+0700] {subprocess.py:93} INFO - 	at org.apache.spark.sql.execution.SQLExecution$.$anonfun$withNewExecutionId$6(SQLExecution.scala:125)
[2025-10-29T03:09:55.824+0700] {subprocess.py:93} INFO - 	at org.apache.spark.sql.execution.SQLExecution$.withSQLConfPropagated(SQLExecution.scala:201)
[2025-10-29T03:09:55.824+0700] {subprocess.py:93} INFO - 	at org.apache.spark.sql.execution.SQLExecution$.$anonfun$withNewExecutionId$1(SQLExecution.scala:108)
[2025-10-29T03:09:55.825+0700] {subprocess.py:93} INFO - 	at org.apache.spark.sql.SparkSession.withActive(SparkSession.scala:900)
[2025-10-29T03:09:55.825+0700] {subprocess.py:93} INFO - 	at org.apache.spark.sql.execution.SQLExecution$.withNewExecutionId(SQLExecution.scala:66)
[2025-10-29T03:09:55.825+0700] {subprocess.py:93} INFO - 	at org.apache.spark.sql.execution.streaming.MicroBatchExecution.$anonfun$runBatch$16(MicroBatchExecution.scala:729)
[2025-10-29T03:09:55.825+0700] {subprocess.py:93} INFO - 	at org.apache.spark.sql.execution.streaming.ProgressReporter.reportTimeTaken(ProgressReporter.scala:427)
[2025-10-29T03:09:55.826+0700] {subprocess.py:93} INFO - 	at org.apache.spark.sql.execution.streaming.ProgressReporter.reportTimeTaken$(ProgressReporter.scala:425)
[2025-10-29T03:09:55.826+0700] {subprocess.py:93} INFO - 	at org.apache.spark.sql.execution.streaming.StreamExecution.reportTimeTaken(StreamExecution.scala:67)
[2025-10-29T03:09:55.826+0700] {subprocess.py:93} INFO - 	at org.apache.spark.sql.execution.streaming.MicroBatchExecution.runBatch(MicroBatchExecution.scala:729)
[2025-10-29T03:09:55.827+0700] {subprocess.py:93} INFO - 	at org.apache.spark.sql.execution.streaming.MicroBatchExecution.$anonfun$runActivatedStream$2(MicroBatchExecution.scala:286)
[2025-10-29T03:09:55.827+0700] {subprocess.py:93} INFO - 	at scala.runtime.java8.JFunction0$mcV$sp.apply(JFunction0$mcV$sp.java:23)
[2025-10-29T03:09:55.827+0700] {subprocess.py:93} INFO - 	at org.apache.spark.sql.execution.streaming.ProgressReporter.reportTimeTaken(ProgressReporter.scala:427)
[2025-10-29T03:09:55.827+0700] {subprocess.py:93} INFO - 	at org.apache.spark.sql.execution.streaming.ProgressReporter.reportTimeTaken$(ProgressReporter.scala:425)
[2025-10-29T03:09:55.827+0700] {subprocess.py:93} INFO - 	at org.apache.spark.sql.execution.streaming.StreamExecution.reportTimeTaken(StreamExecution.scala:67)
[2025-10-29T03:09:55.828+0700] {subprocess.py:93} INFO - 	at org.apache.spark.sql.execution.streaming.MicroBatchExecution.$anonfun$runActivatedStream$1(MicroBatchExecution.scala:249)
[2025-10-29T03:09:55.828+0700] {subprocess.py:93} INFO - 	at org.apache.spark.sql.execution.streaming.ProcessingTimeExecutor.execute(TriggerExecutor.scala:67)
[2025-10-29T03:09:55.828+0700] {subprocess.py:93} INFO - 	at org.apache.spark.sql.execution.streaming.MicroBatchExecution.runActivatedStream(MicroBatchExecution.scala:239)
[2025-10-29T03:09:55.828+0700] {subprocess.py:93} INFO - 	at org.apache.spark.sql.execution.streaming.StreamExecution.$anonfun$runStream$1(StreamExecution.scala:311)
[2025-10-29T03:09:55.828+0700] {subprocess.py:93} INFO - 	at scala.runtime.java8.JFunction0$mcV$sp.apply(JFunction0$mcV$sp.java:23)
[2025-10-29T03:09:55.828+0700] {subprocess.py:93} INFO - 	at org.apache.spark.sql.SparkSession.withActive(SparkSession.scala:900)
[2025-10-29T03:09:55.828+0700] {subprocess.py:93} INFO - 	at org.apache.spark.sql.execution.streaming.StreamExecution.org$apache$spark$sql$execution$streaming$StreamExecution$$runStream(StreamExecution.scala:289)
[2025-10-29T03:09:55.829+0700] {subprocess.py:93} INFO - 	at org.apache.spark.sql.execution.streaming.StreamExecution$$anon$1.$anonfun$run$1(StreamExecution.scala:211)
[2025-10-29T03:09:55.829+0700] {subprocess.py:93} INFO - 	at scala.runtime.java8.JFunction0$mcV$sp.apply(JFunction0$mcV$sp.java:23)
[2025-10-29T03:09:55.829+0700] {subprocess.py:93} INFO - 	at org.apache.spark.JobArtifactSet$.withActiveJobArtifactState(JobArtifactSet.scala:94)
[2025-10-29T03:09:55.830+0700] {subprocess.py:93} INFO - 	at org.apache.spark.sql.execution.streaming.StreamExecution$$anon$1.run(StreamExecution.scala:211)
[2025-10-29T03:09:55.905+0700] {subprocess.py:93} INFO - Traceback (most recent call last):
[2025-10-29T03:09:55.905+0700] {subprocess.py:93} INFO -   File "/opt/***/projects/absa_streaming/scripts/consumer_postgres_streaming.py", line 175, in <module>
[2025-10-29T03:09:55.906+0700] {subprocess.py:93} INFO -     query.awaitTermination()
[2025-10-29T03:09:55.906+0700] {subprocess.py:93} INFO -   File "/home/***/.local/lib/python3.12/site-packages/pyspark/python/lib/pyspark.zip/pyspark/sql/streaming/query.py", line 221, in awaitTermination
[2025-10-29T03:09:55.906+0700] {subprocess.py:93} INFO -   File "/home/***/.local/lib/python3.12/site-packages/pyspark/python/lib/py4j-0.10.9.7-src.zip/py4j/java_gateway.py", line 1322, in __call__
[2025-10-29T03:09:55.906+0700] {subprocess.py:93} INFO -   File "/home/***/.local/lib/python3.12/site-packages/pyspark/python/lib/pyspark.zip/pyspark/errors/exceptions/captured.py", line 185, in deco
[2025-10-29T03:09:55.911+0700] {subprocess.py:93} INFO - pyspark.errors.exceptions.captured.StreamingQueryException: [STREAM_FAILED] Query [id = ba27ddec-b0c0-4a5f-ba9e-babb6ee41008, runId = a7378d83-4547-45d8-afdf-145291eee0dd] terminated with exception: An exception was raised by the Python Proxy. Return Message: Traceback (most recent call last):
[2025-10-29T03:09:55.911+0700] {subprocess.py:93} INFO -   File "/home/***/.local/lib/python3.12/site-packages/pyspark/python/lib/py4j-0.10.9.7-src.zip/py4j/clientserver.py", line 617, in _call_proxy
[2025-10-29T03:09:55.912+0700] {subprocess.py:93} INFO -     return_value = getattr(self.pool[obj_id], method)(*params)
[2025-10-29T03:09:55.912+0700] {subprocess.py:93} INFO -                    ^^^^^^^^^^^^^^^^^^^^^^^^^^^^^^^^^^^^^^^^^^^
[2025-10-29T03:09:55.912+0700] {subprocess.py:93} INFO -   File "/home/***/.local/lib/python3.12/site-packages/pyspark/python/lib/pyspark.zip/pyspark/sql/utils.py", line 120, in call
[2025-10-29T03:09:55.912+0700] {subprocess.py:93} INFO -     raise e
[2025-10-29T03:09:55.913+0700] {subprocess.py:93} INFO -   File "/home/***/.local/lib/python3.12/site-packages/pyspark/python/lib/pyspark.zip/pyspark/sql/utils.py", line 117, in call
[2025-10-29T03:09:55.913+0700] {subprocess.py:93} INFO -     self.func(DataFrame(jdf, wrapped_session_jdf), batch_id)
[2025-10-29T03:09:55.914+0700] {subprocess.py:93} INFO -   File "/opt/***/projects/absa_streaming/scripts/consumer_postgres_streaming.py", line 125, in write_to_postgres
[2025-10-29T03:09:55.914+0700] {subprocess.py:93} INFO -     total_rows = batch_df.count()
[2025-10-29T03:09:55.915+0700] {subprocess.py:93} INFO -                  ^^^^^^^^^^^^^^^^
[2025-10-29T03:09:55.915+0700] {subprocess.py:93} INFO -   File "/home/***/.local/lib/python3.12/site-packages/pyspark/python/lib/pyspark.zip/pyspark/sql/dataframe.py", line 1238, in count
[2025-10-29T03:09:55.915+0700] {subprocess.py:93} INFO -     return int(self._jdf.count())
[2025-10-29T03:09:55.916+0700] {subprocess.py:93} INFO -                ^^^^^^^^^^^^^^^^^
[2025-10-29T03:09:55.916+0700] {subprocess.py:93} INFO -   File "/home/***/.local/lib/python3.12/site-packages/pyspark/python/lib/py4j-0.10.9.7-src.zip/py4j/java_gateway.py", line 1322, in __call__
[2025-10-29T03:09:55.916+0700] {subprocess.py:93} INFO -     return_value = get_return_value(
[2025-10-29T03:09:55.917+0700] {subprocess.py:93} INFO -                    ^^^^^^^^^^^^^^^^^
[2025-10-29T03:09:55.917+0700] {subprocess.py:93} INFO -   File "/home/***/.local/lib/python3.12/site-packages/pyspark/python/lib/pyspark.zip/pyspark/errors/exceptions/captured.py", line 185, in deco
[2025-10-29T03:09:55.917+0700] {subprocess.py:93} INFO -     raise converted from None
[2025-10-29T03:09:55.917+0700] {subprocess.py:93} INFO - pyspark.errors.exceptions.captured.PythonException:
[2025-10-29T03:09:55.918+0700] {subprocess.py:93} INFO -   An exception was thrown from the Python worker. Please see the stack trace below.
[2025-10-29T03:09:55.918+0700] {subprocess.py:93} INFO - Traceback (most recent call last):
[2025-10-29T03:09:55.918+0700] {subprocess.py:93} INFO -   File "/opt/***/projects/absa_streaming/scripts/consumer_postgres_streaming.py", line 73, in absa_infer_udf
[2025-10-29T03:09:55.919+0700] {subprocess.py:93} INFO -     _tokenizer = AutoTokenizer.from_pretrained(MODEL_NAME, use_fast=True)
[2025-10-29T03:09:55.919+0700] {subprocess.py:93} INFO -                  ^^^^^^^^^^^^^^^^^^^^^^^^^^^^^^^^^^^^^^^^^^^^^^^^^^^^^^^^
[2025-10-29T03:09:55.919+0700] {subprocess.py:93} INFO -   File "/home/***/.local/lib/python3.12/site-packages/transformers/models/auto/tokenization_auto.py", line 817, in from_pretrained
[2025-10-29T03:09:55.920+0700] {subprocess.py:93} INFO -     tokenizer_config = get_tokenizer_config(pretrained_model_name_or_path, **kwargs)
[2025-10-29T03:09:55.920+0700] {subprocess.py:93} INFO -                        ^^^^^^^^^^^^^^^^^^^^^^^^^^^^^^^^^^^^^^^^^^^^^^^^^^^^^^^^^^^^^
[2025-10-29T03:09:55.920+0700] {subprocess.py:93} INFO -   File "/home/***/.local/lib/python3.12/site-packages/transformers/models/auto/tokenization_auto.py", line 649, in get_tokenizer_config
[2025-10-29T03:09:55.921+0700] {subprocess.py:93} INFO -     resolved_config_file = cached_file(
[2025-10-29T03:09:55.921+0700] {subprocess.py:93} INFO -                            ^^^^^^^^^^^^
[2025-10-29T03:09:55.921+0700] {subprocess.py:93} INFO -   File "/home/***/.local/lib/python3.12/site-packages/transformers/utils/hub.py", line 462, in cached_file
[2025-10-29T03:09:55.921+0700] {subprocess.py:93} INFO -     except HFValidationError as e:
[2025-10-29T03:09:55.922+0700] {subprocess.py:93} INFO -   File "/home/***/.local/lib/python3.12/site-packages/huggingface_hub/utils/_validators.py", line 114, in _inner_fn
[2025-10-29T03:09:55.922+0700] {subprocess.py:93} INFO -     return fn(*args, **kwargs)
[2025-10-29T03:09:55.922+0700] {subprocess.py:93} INFO -            ^^^^^^^^^^^^^^^^^^^
[2025-10-29T03:09:55.923+0700] {subprocess.py:93} INFO -   File "/home/***/.local/lib/python3.12/site-packages/huggingface_hub/file_download.py", line 1007, in hf_hub_download
[2025-10-29T03:09:55.923+0700] {subprocess.py:93} INFO -     return _hf_hub_download_to_cache_dir(
[2025-10-29T03:09:55.923+0700] {subprocess.py:93} INFO -            ^^^^^^^^^^^^^^^^^^^^^^^^^^^^^^
[2025-10-29T03:09:55.923+0700] {subprocess.py:93} INFO -   File "/home/***/.local/lib/python3.12/site-packages/huggingface_hub/file_download.py", line 1124, in _hf_hub_download_to_cache_dir
[2025-10-29T03:09:55.924+0700] {subprocess.py:93} INFO -     os.makedirs(os.path.dirname(blob_path), exist_ok=True)
[2025-10-29T03:09:55.924+0700] {subprocess.py:93} INFO -   File "<frozen os>", line 216, in makedirs
[2025-10-29T03:09:55.924+0700] {subprocess.py:93} INFO -   File "<frozen os>", line 216, in makedirs
[2025-10-29T03:09:55.924+0700] {subprocess.py:93} INFO -   File "<frozen os>", line 216, in makedirs
[2025-10-29T03:09:55.925+0700] {subprocess.py:93} INFO -   File "<frozen os>", line 230, in makedirs
[2025-10-29T03:09:55.925+0700] {subprocess.py:93} INFO - PermissionError: [Errno 13] Permission denied: '/home/***/.cache/huggingface'
[2025-10-29T03:09:55.925+0700] {subprocess.py:93} INFO - 
[2025-10-29T03:09:55.925+0700] {subprocess.py:93} INFO - 
[2025-10-29T03:09:57.521+0700] {subprocess.py:97} INFO - Command exited with return code 1
[2025-10-29T03:09:57.522+0700] {taskinstance.py:441} INFO - ::group::Post task execution logs
[2025-10-29T03:09:57.531+0700] {taskinstance.py:2890} ERROR - Task failed with exception
Traceback (most recent call last):
  File "/home/airflow/.local/lib/python3.12/site-packages/airflow/models/taskinstance.py", line 460, in _execute_task
    result = _execute_callable(context=context, **execute_callable_kwargs)
             ^^^^^^^^^^^^^^^^^^^^^^^^^^^^^^^^^^^^^^^^^^^^^^^^^^^^^^^^^^^^^
  File "/home/airflow/.local/lib/python3.12/site-packages/airflow/models/taskinstance.py", line 432, in _execute_callable
    return execute_callable(context=context, **execute_callable_kwargs)
           ^^^^^^^^^^^^^^^^^^^^^^^^^^^^^^^^^^^^^^^^^^^^^^^^^^^^^^^^^^^^
  File "/home/airflow/.local/lib/python3.12/site-packages/airflow/models/baseoperator.py", line 400, in wrapper
    return func(self, *args, **kwargs)
           ^^^^^^^^^^^^^^^^^^^^^^^^^^^
  File "/home/airflow/.local/lib/python3.12/site-packages/airflow/operators/bash.py", line 243, in execute
    raise AirflowException(
airflow.exceptions.AirflowException: Bash command failed. The command returned a non-zero exit code 1.
[2025-10-29T03:09:57.535+0700] {taskinstance.py:1205} INFO - Marking task as UP_FOR_RETRY. dag_id=absa_streaming_lifecycle_demo1, task_id=deploy_consumer, execution_date=20251028T190000, start_date=20251028T200936, end_date=20251028T200957
[2025-10-29T03:09:57.561+0700] {standard_task_runner.py:110} ERROR - Failed to execute job 8 for task deploy_consumer (Bash command failed. The command returned a non-zero exit code 1.; 571)
[2025-10-29T03:09:57.606+0700] {local_task_job_runner.py:240} INFO - Task exited with return code 1
[2025-10-29T03:09:57.621+0700] {taskinstance.py:3482} INFO - 0 downstream tasks scheduled from follow-on schedule check
[2025-10-29T03:09:57.639+0700] {local_task_job_runner.py:222} INFO - ::endgroup::
