[2025-10-29T03:22:46.904+0700] {local_task_job_runner.py:120} INFO - ::group::Pre task execution logs
[2025-10-29T03:22:46.919+0700] {taskinstance.py:2073} INFO - Dependencies all met for dep_context=non-requeueable deps ti=<TaskInstance: absa_streaming_lifecycle_demo1.deploy_consumer scheduled__2025-10-28T19:00:00+00:00 [queued]>
[2025-10-29T03:22:46.924+0700] {taskinstance.py:2073} INFO - Dependencies all met for dep_context=requeueable deps ti=<TaskInstance: absa_streaming_lifecycle_demo1.deploy_consumer scheduled__2025-10-28T19:00:00+00:00 [queued]>
[2025-10-29T03:22:46.924+0700] {taskinstance.py:2303} INFO - Starting attempt 8 of 10
[2025-10-29T03:22:46.934+0700] {taskinstance.py:2327} INFO - Executing <Task(BashOperator): deploy_consumer> on 2025-10-28 19:00:00+00:00
[2025-10-29T03:22:46.942+0700] {warnings.py:110} WARNING - /home/***/.local/lib/python3.12/site-packages/***/task/task_runner/standard_task_runner.py:61: DeprecationWarning: This process (pid=6698) is multi-threaded, use of fork() may lead to deadlocks in the child.
  pid = os.fork()

[2025-10-29T03:22:46.943+0700] {standard_task_runner.py:63} INFO - Started process 6700 to run task
[2025-10-29T03:22:46.943+0700] {standard_task_runner.py:90} INFO - Running: ['***', 'tasks', 'run', 'absa_streaming_lifecycle_demo1', 'deploy_consumer', 'scheduled__2025-10-28T19:00:00+00:00', '--job-id', '21', '--raw', '--subdir', 'DAGS_FOLDER/absa_streaming_lifecycle_dag1.py', '--cfg-path', '/tmp/tmpmfs2efg_']
[2025-10-29T03:22:46.945+0700] {standard_task_runner.py:91} INFO - Job 21: Subtask deploy_consumer
[2025-10-29T03:22:46.972+0700] {task_command.py:426} INFO - Running <TaskInstance: absa_streaming_lifecycle_demo1.deploy_consumer scheduled__2025-10-28T19:00:00+00:00 [running]> on host dfeadd712fc3
[2025-10-29T03:22:47.026+0700] {taskinstance.py:2644} INFO - Exporting env vars: AIRFLOW_CTX_DAG_OWNER='***' AIRFLOW_CTX_DAG_ID='absa_streaming_lifecycle_demo1' AIRFLOW_CTX_TASK_ID='deploy_consumer' AIRFLOW_CTX_EXECUTION_DATE='2025-10-28T19:00:00+00:00' AIRFLOW_CTX_TRY_NUMBER='8' AIRFLOW_CTX_DAG_RUN_ID='scheduled__2025-10-28T19:00:00+00:00'
[2025-10-29T03:22:47.027+0700] {taskinstance.py:430} INFO - ::endgroup::
[2025-10-29T03:22:47.028+0700] {subprocess.py:63} INFO - Tmp dir root location: /tmp
[2025-10-29T03:22:47.028+0700] {subprocess.py:75} INFO - Running command: ['/usr/bin/bash', '-c', 'bash -c "timeout 45m /opt/***/projects/absa_streaming/scripts/run_consumer.sh"']
[2025-10-29T03:22:47.040+0700] {subprocess.py:86} INFO - Output:
[2025-10-29T03:22:47.045+0700] {subprocess.py:93} INFO - [Consumer] Starting Spark Structured Streaming job...
[2025-10-29T03:22:47.080+0700] {subprocess.py:93} INFO - /home/***/.local/lib/python3.12/site-packages/pyspark/bin/load-spark-env.sh: line 68: ps: command not found
[2025-10-29T03:22:48.007+0700] {subprocess.py:93} INFO - :: loading settings :: url = jar:file:/home/***/.local/lib/python3.12/site-packages/pyspark/jars/ivy-2.5.1.jar!/org/apache/ivy/core/settings/ivysettings.xml
[2025-10-29T03:22:48.061+0700] {subprocess.py:93} INFO - Ivy Default Cache set to: /home/***/.ivy2/cache
[2025-10-29T03:22:48.061+0700] {subprocess.py:93} INFO - The jars for the packages stored in: /home/***/.ivy2/jars
[2025-10-29T03:22:48.065+0700] {subprocess.py:93} INFO - org.apache.spark#spark-sql-kafka-0-10_2.12 added as a dependency
[2025-10-29T03:22:48.065+0700] {subprocess.py:93} INFO - org.postgresql#postgresql added as a dependency
[2025-10-29T03:22:48.066+0700] {subprocess.py:93} INFO - :: resolving dependencies :: org.apache.spark#spark-submit-parent-61726c97-daa5-4075-bd28-fa1296dfacda;1.0
[2025-10-29T03:22:48.066+0700] {subprocess.py:93} INFO - 	confs: [default]
[2025-10-29T03:22:48.203+0700] {subprocess.py:93} INFO - 	found org.apache.spark#spark-sql-kafka-0-10_2.12;3.5.1 in central
[2025-10-29T03:22:48.260+0700] {subprocess.py:93} INFO - 	found org.apache.spark#spark-token-provider-kafka-0-10_2.12;3.5.1 in central
[2025-10-29T03:22:48.280+0700] {subprocess.py:93} INFO - 	found org.apache.kafka#kafka-clients;3.4.1 in central
[2025-10-29T03:22:48.297+0700] {subprocess.py:93} INFO - 	found org.lz4#lz4-java;1.8.0 in central
[2025-10-29T03:22:48.312+0700] {subprocess.py:93} INFO - 	found org.xerial.snappy#snappy-java;1.1.10.3 in central
[2025-10-29T03:22:48.326+0700] {subprocess.py:93} INFO - 	found org.slf4j#slf4j-api;2.0.7 in central
[2025-10-29T03:22:48.344+0700] {subprocess.py:93} INFO - 	found org.apache.hadoop#hadoop-client-runtime;3.3.4 in central
[2025-10-29T03:22:48.364+0700] {subprocess.py:93} INFO - 	found org.apache.hadoop#hadoop-client-api;3.3.4 in central
[2025-10-29T03:22:48.382+0700] {subprocess.py:93} INFO - 	found commons-logging#commons-logging;1.1.3 in central
[2025-10-29T03:22:48.399+0700] {subprocess.py:93} INFO - 	found com.google.code.findbugs#jsr305;3.0.0 in central
[2025-10-29T03:22:48.413+0700] {subprocess.py:93} INFO - 	found org.apache.commons#commons-pool2;2.11.1 in central
[2025-10-29T03:22:48.425+0700] {subprocess.py:93} INFO - 	found org.postgresql#postgresql;42.6.0 in central
[2025-10-29T03:22:48.435+0700] {subprocess.py:93} INFO - 	found org.checkerframework#checker-qual;3.31.0 in central
[2025-10-29T03:22:48.453+0700] {subprocess.py:93} INFO - :: resolution report :: resolve 377ms :: artifacts dl 10ms
[2025-10-29T03:22:48.453+0700] {subprocess.py:93} INFO - 	:: modules in use:
[2025-10-29T03:22:48.453+0700] {subprocess.py:93} INFO - 	com.google.code.findbugs#jsr305;3.0.0 from central in [default]
[2025-10-29T03:22:48.454+0700] {subprocess.py:93} INFO - 	commons-logging#commons-logging;1.1.3 from central in [default]
[2025-10-29T03:22:48.454+0700] {subprocess.py:93} INFO - 	org.apache.commons#commons-pool2;2.11.1 from central in [default]
[2025-10-29T03:22:48.454+0700] {subprocess.py:93} INFO - 	org.apache.hadoop#hadoop-client-api;3.3.4 from central in [default]
[2025-10-29T03:22:48.454+0700] {subprocess.py:93} INFO - 	org.apache.hadoop#hadoop-client-runtime;3.3.4 from central in [default]
[2025-10-29T03:22:48.454+0700] {subprocess.py:93} INFO - 	org.apache.kafka#kafka-clients;3.4.1 from central in [default]
[2025-10-29T03:22:48.454+0700] {subprocess.py:93} INFO - 	org.apache.spark#spark-sql-kafka-0-10_2.12;3.5.1 from central in [default]
[2025-10-29T03:22:48.454+0700] {subprocess.py:93} INFO - 	org.apache.spark#spark-token-provider-kafka-0-10_2.12;3.5.1 from central in [default]
[2025-10-29T03:22:48.455+0700] {subprocess.py:93} INFO - 	org.checkerframework#checker-qual;3.31.0 from central in [default]
[2025-10-29T03:22:48.455+0700] {subprocess.py:93} INFO - 	org.lz4#lz4-java;1.8.0 from central in [default]
[2025-10-29T03:22:48.455+0700] {subprocess.py:93} INFO - 	org.postgresql#postgresql;42.6.0 from central in [default]
[2025-10-29T03:22:48.455+0700] {subprocess.py:93} INFO - 	org.slf4j#slf4j-api;2.0.7 from central in [default]
[2025-10-29T03:22:48.455+0700] {subprocess.py:93} INFO - 	org.xerial.snappy#snappy-java;1.1.10.3 from central in [default]
[2025-10-29T03:22:48.455+0700] {subprocess.py:93} INFO - 	---------------------------------------------------------------------
[2025-10-29T03:22:48.456+0700] {subprocess.py:93} INFO - 	|                  |            modules            ||   artifacts   |
[2025-10-29T03:22:48.456+0700] {subprocess.py:93} INFO - 	|       conf       | number| search|dwnlded|evicted|| number|dwnlded|
[2025-10-29T03:22:48.456+0700] {subprocess.py:93} INFO - 	---------------------------------------------------------------------
[2025-10-29T03:22:48.456+0700] {subprocess.py:93} INFO - 	|      default     |   13  |   0   |   0   |   0   ||   13  |   0   |
[2025-10-29T03:22:48.456+0700] {subprocess.py:93} INFO - 	---------------------------------------------------------------------
[2025-10-29T03:22:48.458+0700] {subprocess.py:93} INFO - :: retrieving :: org.apache.spark#spark-submit-parent-61726c97-daa5-4075-bd28-fa1296dfacda
[2025-10-29T03:22:48.458+0700] {subprocess.py:93} INFO - 	confs: [default]
[2025-10-29T03:22:48.464+0700] {subprocess.py:93} INFO - 	0 artifacts copied, 13 already retrieved (0kB/5ms)
[2025-10-29T03:22:48.599+0700] {subprocess.py:93} INFO - 25/10/29 03:22:48 WARN NativeCodeLoader: Unable to load native-hadoop library for your platform... using builtin-java classes where applicable
[2025-10-29T03:22:51.937+0700] {subprocess.py:93} INFO - There was a problem when trying to write in your cache folder (/home/***/.cache/huggingface/hub). You should set the environment variable TRANSFORMERS_CACHE to a writable directory.
[2025-10-29T03:22:52.050+0700] {subprocess.py:93} INFO - 25/10/29 03:22:52 INFO SparkContext: Running Spark version 3.5.1
[2025-10-29T03:22:52.050+0700] {subprocess.py:93} INFO - 25/10/29 03:22:52 INFO SparkContext: OS info Linux, 6.14.0-33-generic, amd64
[2025-10-29T03:22:52.051+0700] {subprocess.py:93} INFO - 25/10/29 03:22:52 INFO SparkContext: Java version 17.0.17
[2025-10-29T03:22:52.065+0700] {subprocess.py:93} INFO - 25/10/29 03:22:52 INFO ResourceUtils: ==============================================================
[2025-10-29T03:22:52.065+0700] {subprocess.py:93} INFO - 25/10/29 03:22:52 INFO ResourceUtils: No custom resources configured for spark.driver.
[2025-10-29T03:22:52.066+0700] {subprocess.py:93} INFO - 25/10/29 03:22:52 INFO ResourceUtils: ==============================================================
[2025-10-29T03:22:52.066+0700] {subprocess.py:93} INFO - 25/10/29 03:22:52 INFO SparkContext: Submitted application: Kafka_ABSA_Postgres
[2025-10-29T03:22:52.079+0700] {subprocess.py:93} INFO - 25/10/29 03:22:52 INFO ResourceProfile: Default ResourceProfile created, executor resources: Map(cores -> name: cores, amount: 1, script: , vendor: , memory -> name: memory, amount: 1024, script: , vendor: , offHeap -> name: offHeap, amount: 0, script: , vendor: ), task resources: Map(cpus -> name: cpus, amount: 1.0)
[2025-10-29T03:22:52.086+0700] {subprocess.py:93} INFO - 25/10/29 03:22:52 INFO ResourceProfile: Limiting resource is cpu
[2025-10-29T03:22:52.086+0700] {subprocess.py:93} INFO - 25/10/29 03:22:52 INFO ResourceProfileManager: Added ResourceProfile id: 0
[2025-10-29T03:22:52.123+0700] {subprocess.py:93} INFO - 25/10/29 03:22:52 INFO SecurityManager: Changing view acls to: default
[2025-10-29T03:22:52.124+0700] {subprocess.py:93} INFO - 25/10/29 03:22:52 INFO SecurityManager: Changing modify acls to: default
[2025-10-29T03:22:52.124+0700] {subprocess.py:93} INFO - 25/10/29 03:22:52 INFO SecurityManager: Changing view acls groups to:
[2025-10-29T03:22:52.125+0700] {subprocess.py:93} INFO - 25/10/29 03:22:52 INFO SecurityManager: Changing modify acls groups to:
[2025-10-29T03:22:52.125+0700] {subprocess.py:93} INFO - 25/10/29 03:22:52 INFO SecurityManager: SecurityManager: authentication disabled; ui acls disabled; users with view permissions: default; groups with view permissions: EMPTY; users with modify permissions: default; groups with modify permissions: EMPTY
[2025-10-29T03:22:52.268+0700] {subprocess.py:93} INFO - 25/10/29 03:22:52 INFO Utils: Successfully started service 'sparkDriver' on port 41701.
[2025-10-29T03:22:52.290+0700] {subprocess.py:93} INFO - 25/10/29 03:22:52 INFO SparkEnv: Registering MapOutputTracker
[2025-10-29T03:22:52.312+0700] {subprocess.py:93} INFO - 25/10/29 03:22:52 INFO SparkEnv: Registering BlockManagerMaster
[2025-10-29T03:22:52.323+0700] {subprocess.py:93} INFO - 25/10/29 03:22:52 INFO BlockManagerMasterEndpoint: Using org.apache.spark.storage.DefaultTopologyMapper for getting topology information
[2025-10-29T03:22:52.323+0700] {subprocess.py:93} INFO - 25/10/29 03:22:52 INFO BlockManagerMasterEndpoint: BlockManagerMasterEndpoint up
[2025-10-29T03:22:52.325+0700] {subprocess.py:93} INFO - 25/10/29 03:22:52 INFO SparkEnv: Registering BlockManagerMasterHeartbeat
[2025-10-29T03:22:52.341+0700] {subprocess.py:93} INFO - 25/10/29 03:22:52 INFO DiskBlockManager: Created local directory at /tmp/blockmgr-4f44e085-7fac-47a3-969c-cf776f918f1d
[2025-10-29T03:22:52.353+0700] {subprocess.py:93} INFO - 25/10/29 03:22:52 INFO MemoryStore: MemoryStore started with capacity 434.4 MiB
[2025-10-29T03:22:52.363+0700] {subprocess.py:93} INFO - 25/10/29 03:22:52 INFO SparkEnv: Registering OutputCommitCoordinator
[2025-10-29T03:22:52.438+0700] {subprocess.py:93} INFO - 25/10/29 03:22:52 INFO JettyUtils: Start Jetty 0.0.0.0:4040 for SparkUI
[2025-10-29T03:22:52.489+0700] {subprocess.py:93} INFO - 25/10/29 03:22:52 INFO Utils: Successfully started service 'SparkUI' on port 4040.
[2025-10-29T03:22:52.512+0700] {subprocess.py:93} INFO - 25/10/29 03:22:52 INFO SparkContext: Added JAR file:///home/***/.ivy2/jars/org.apache.spark_spark-sql-kafka-0-10_2.12-3.5.1.jar at spark://dfeadd712fc3:41701/jars/org.apache.spark_spark-sql-kafka-0-10_2.12-3.5.1.jar with timestamp 1761682972045
[2025-10-29T03:22:52.513+0700] {subprocess.py:93} INFO - 25/10/29 03:22:52 INFO SparkContext: Added JAR file:///home/***/.ivy2/jars/org.postgresql_postgresql-42.6.0.jar at spark://dfeadd712fc3:41701/jars/org.postgresql_postgresql-42.6.0.jar with timestamp 1761682972045
[2025-10-29T03:22:52.513+0700] {subprocess.py:93} INFO - 25/10/29 03:22:52 INFO SparkContext: Added JAR file:///home/***/.ivy2/jars/org.apache.spark_spark-token-provider-kafka-0-10_2.12-3.5.1.jar at spark://dfeadd712fc3:41701/jars/org.apache.spark_spark-token-provider-kafka-0-10_2.12-3.5.1.jar with timestamp 1761682972045
[2025-10-29T03:22:52.513+0700] {subprocess.py:93} INFO - 25/10/29 03:22:52 INFO SparkContext: Added JAR file:///home/***/.ivy2/jars/org.apache.kafka_kafka-clients-3.4.1.jar at spark://dfeadd712fc3:41701/jars/org.apache.kafka_kafka-clients-3.4.1.jar with timestamp 1761682972045
[2025-10-29T03:22:52.513+0700] {subprocess.py:93} INFO - 25/10/29 03:22:52 INFO SparkContext: Added JAR file:///home/***/.ivy2/jars/com.google.code.findbugs_jsr305-3.0.0.jar at spark://dfeadd712fc3:41701/jars/com.google.code.findbugs_jsr305-3.0.0.jar with timestamp 1761682972045
[2025-10-29T03:22:52.514+0700] {subprocess.py:93} INFO - 25/10/29 03:22:52 INFO SparkContext: Added JAR file:///home/***/.ivy2/jars/org.apache.commons_commons-pool2-2.11.1.jar at spark://dfeadd712fc3:41701/jars/org.apache.commons_commons-pool2-2.11.1.jar with timestamp 1761682972045
[2025-10-29T03:22:52.514+0700] {subprocess.py:93} INFO - 25/10/29 03:22:52 INFO SparkContext: Added JAR file:///home/***/.ivy2/jars/org.apache.hadoop_hadoop-client-runtime-3.3.4.jar at spark://dfeadd712fc3:41701/jars/org.apache.hadoop_hadoop-client-runtime-3.3.4.jar with timestamp 1761682972045
[2025-10-29T03:22:52.514+0700] {subprocess.py:93} INFO - 25/10/29 03:22:52 INFO SparkContext: Added JAR file:///home/***/.ivy2/jars/org.lz4_lz4-java-1.8.0.jar at spark://dfeadd712fc3:41701/jars/org.lz4_lz4-java-1.8.0.jar with timestamp 1761682972045
[2025-10-29T03:22:52.514+0700] {subprocess.py:93} INFO - 25/10/29 03:22:52 INFO SparkContext: Added JAR file:///home/***/.ivy2/jars/org.xerial.snappy_snappy-java-1.1.10.3.jar at spark://dfeadd712fc3:41701/jars/org.xerial.snappy_snappy-java-1.1.10.3.jar with timestamp 1761682972045
[2025-10-29T03:22:52.514+0700] {subprocess.py:93} INFO - 25/10/29 03:22:52 INFO SparkContext: Added JAR file:///home/***/.ivy2/jars/org.slf4j_slf4j-api-2.0.7.jar at spark://dfeadd712fc3:41701/jars/org.slf4j_slf4j-api-2.0.7.jar with timestamp 1761682972045
[2025-10-29T03:22:52.514+0700] {subprocess.py:93} INFO - 25/10/29 03:22:52 INFO SparkContext: Added JAR file:///home/***/.ivy2/jars/org.apache.hadoop_hadoop-client-api-3.3.4.jar at spark://dfeadd712fc3:41701/jars/org.apache.hadoop_hadoop-client-api-3.3.4.jar with timestamp 1761682972045
[2025-10-29T03:22:52.515+0700] {subprocess.py:93} INFO - 25/10/29 03:22:52 INFO SparkContext: Added JAR file:///home/***/.ivy2/jars/commons-logging_commons-logging-1.1.3.jar at spark://dfeadd712fc3:41701/jars/commons-logging_commons-logging-1.1.3.jar with timestamp 1761682972045
[2025-10-29T03:22:52.515+0700] {subprocess.py:93} INFO - 25/10/29 03:22:52 INFO SparkContext: Added JAR file:///home/***/.ivy2/jars/org.checkerframework_checker-qual-3.31.0.jar at spark://dfeadd712fc3:41701/jars/org.checkerframework_checker-qual-3.31.0.jar with timestamp 1761682972045
[2025-10-29T03:22:52.515+0700] {subprocess.py:93} INFO - 25/10/29 03:22:52 INFO SparkContext: Added file file:///home/***/.ivy2/jars/org.apache.spark_spark-sql-kafka-0-10_2.12-3.5.1.jar at file:///home/***/.ivy2/jars/org.apache.spark_spark-sql-kafka-0-10_2.12-3.5.1.jar with timestamp 1761682972045
[2025-10-29T03:22:52.516+0700] {subprocess.py:93} INFO - 25/10/29 03:22:52 INFO Utils: Copying /home/***/.ivy2/jars/org.apache.spark_spark-sql-kafka-0-10_2.12-3.5.1.jar to /tmp/spark-f479d0b7-9f16-4cfc-822a-605b62d1d37d/userFiles-3fa12c60-e8d2-49a5-b02d-6b1535b71eb5/org.apache.spark_spark-sql-kafka-0-10_2.12-3.5.1.jar
[2025-10-29T03:22:52.522+0700] {subprocess.py:93} INFO - 25/10/29 03:22:52 INFO SparkContext: Added file file:///home/***/.ivy2/jars/org.postgresql_postgresql-42.6.0.jar at file:///home/***/.ivy2/jars/org.postgresql_postgresql-42.6.0.jar with timestamp 1761682972045
[2025-10-29T03:22:52.522+0700] {subprocess.py:93} INFO - 25/10/29 03:22:52 INFO Utils: Copying /home/***/.ivy2/jars/org.postgresql_postgresql-42.6.0.jar to /tmp/spark-f479d0b7-9f16-4cfc-822a-605b62d1d37d/userFiles-3fa12c60-e8d2-49a5-b02d-6b1535b71eb5/org.postgresql_postgresql-42.6.0.jar
[2025-10-29T03:22:52.526+0700] {subprocess.py:93} INFO - 25/10/29 03:22:52 INFO SparkContext: Added file file:///home/***/.ivy2/jars/org.apache.spark_spark-token-provider-kafka-0-10_2.12-3.5.1.jar at file:///home/***/.ivy2/jars/org.apache.spark_spark-token-provider-kafka-0-10_2.12-3.5.1.jar with timestamp 1761682972045
[2025-10-29T03:22:52.526+0700] {subprocess.py:93} INFO - 25/10/29 03:22:52 INFO Utils: Copying /home/***/.ivy2/jars/org.apache.spark_spark-token-provider-kafka-0-10_2.12-3.5.1.jar to /tmp/spark-f479d0b7-9f16-4cfc-822a-605b62d1d37d/userFiles-3fa12c60-e8d2-49a5-b02d-6b1535b71eb5/org.apache.spark_spark-token-provider-kafka-0-10_2.12-3.5.1.jar
[2025-10-29T03:22:52.529+0700] {subprocess.py:93} INFO - 25/10/29 03:22:52 INFO SparkContext: Added file file:///home/***/.ivy2/jars/org.apache.kafka_kafka-clients-3.4.1.jar at file:///home/***/.ivy2/jars/org.apache.kafka_kafka-clients-3.4.1.jar with timestamp 1761682972045
[2025-10-29T03:22:52.529+0700] {subprocess.py:93} INFO - 25/10/29 03:22:52 INFO Utils: Copying /home/***/.ivy2/jars/org.apache.kafka_kafka-clients-3.4.1.jar to /tmp/spark-f479d0b7-9f16-4cfc-822a-605b62d1d37d/userFiles-3fa12c60-e8d2-49a5-b02d-6b1535b71eb5/org.apache.kafka_kafka-clients-3.4.1.jar
[2025-10-29T03:22:52.536+0700] {subprocess.py:93} INFO - 25/10/29 03:22:52 INFO SparkContext: Added file file:///home/***/.ivy2/jars/com.google.code.findbugs_jsr305-3.0.0.jar at file:///home/***/.ivy2/jars/com.google.code.findbugs_jsr305-3.0.0.jar with timestamp 1761682972045
[2025-10-29T03:22:52.536+0700] {subprocess.py:93} INFO - 25/10/29 03:22:52 INFO Utils: Copying /home/***/.ivy2/jars/com.google.code.findbugs_jsr305-3.0.0.jar to /tmp/spark-f479d0b7-9f16-4cfc-822a-605b62d1d37d/userFiles-3fa12c60-e8d2-49a5-b02d-6b1535b71eb5/com.google.code.findbugs_jsr305-3.0.0.jar
[2025-10-29T03:22:52.540+0700] {subprocess.py:93} INFO - 25/10/29 03:22:52 INFO SparkContext: Added file file:///home/***/.ivy2/jars/org.apache.commons_commons-pool2-2.11.1.jar at file:///home/***/.ivy2/jars/org.apache.commons_commons-pool2-2.11.1.jar with timestamp 1761682972045
[2025-10-29T03:22:52.541+0700] {subprocess.py:93} INFO - 25/10/29 03:22:52 INFO Utils: Copying /home/***/.ivy2/jars/org.apache.commons_commons-pool2-2.11.1.jar to /tmp/spark-f479d0b7-9f16-4cfc-822a-605b62d1d37d/userFiles-3fa12c60-e8d2-49a5-b02d-6b1535b71eb5/org.apache.commons_commons-pool2-2.11.1.jar
[2025-10-29T03:22:52.544+0700] {subprocess.py:93} INFO - 25/10/29 03:22:52 INFO SparkContext: Added file file:///home/***/.ivy2/jars/org.apache.hadoop_hadoop-client-runtime-3.3.4.jar at file:///home/***/.ivy2/jars/org.apache.hadoop_hadoop-client-runtime-3.3.4.jar with timestamp 1761682972045
[2025-10-29T03:22:52.544+0700] {subprocess.py:93} INFO - 25/10/29 03:22:52 INFO Utils: Copying /home/***/.ivy2/jars/org.apache.hadoop_hadoop-client-runtime-3.3.4.jar to /tmp/spark-f479d0b7-9f16-4cfc-822a-605b62d1d37d/userFiles-3fa12c60-e8d2-49a5-b02d-6b1535b71eb5/org.apache.hadoop_hadoop-client-runtime-3.3.4.jar
[2025-10-29T03:22:52.562+0700] {subprocess.py:93} INFO - 25/10/29 03:22:52 INFO SparkContext: Added file file:///home/***/.ivy2/jars/org.lz4_lz4-java-1.8.0.jar at file:///home/***/.ivy2/jars/org.lz4_lz4-java-1.8.0.jar with timestamp 1761682972045
[2025-10-29T03:22:52.563+0700] {subprocess.py:93} INFO - 25/10/29 03:22:52 INFO Utils: Copying /home/***/.ivy2/jars/org.lz4_lz4-java-1.8.0.jar to /tmp/spark-f479d0b7-9f16-4cfc-822a-605b62d1d37d/userFiles-3fa12c60-e8d2-49a5-b02d-6b1535b71eb5/org.lz4_lz4-java-1.8.0.jar
[2025-10-29T03:22:52.566+0700] {subprocess.py:93} INFO - 25/10/29 03:22:52 INFO SparkContext: Added file file:///home/***/.ivy2/jars/org.xerial.snappy_snappy-java-1.1.10.3.jar at file:///home/***/.ivy2/jars/org.xerial.snappy_snappy-java-1.1.10.3.jar with timestamp 1761682972045
[2025-10-29T03:22:52.566+0700] {subprocess.py:93} INFO - 25/10/29 03:22:52 INFO Utils: Copying /home/***/.ivy2/jars/org.xerial.snappy_snappy-java-1.1.10.3.jar to /tmp/spark-f479d0b7-9f16-4cfc-822a-605b62d1d37d/userFiles-3fa12c60-e8d2-49a5-b02d-6b1535b71eb5/org.xerial.snappy_snappy-java-1.1.10.3.jar
[2025-10-29T03:22:52.570+0700] {subprocess.py:93} INFO - 25/10/29 03:22:52 INFO SparkContext: Added file file:///home/***/.ivy2/jars/org.slf4j_slf4j-api-2.0.7.jar at file:///home/***/.ivy2/jars/org.slf4j_slf4j-api-2.0.7.jar with timestamp 1761682972045
[2025-10-29T03:22:52.570+0700] {subprocess.py:93} INFO - 25/10/29 03:22:52 INFO Utils: Copying /home/***/.ivy2/jars/org.slf4j_slf4j-api-2.0.7.jar to /tmp/spark-f479d0b7-9f16-4cfc-822a-605b62d1d37d/userFiles-3fa12c60-e8d2-49a5-b02d-6b1535b71eb5/org.slf4j_slf4j-api-2.0.7.jar
[2025-10-29T03:22:52.573+0700] {subprocess.py:93} INFO - 25/10/29 03:22:52 INFO SparkContext: Added file file:///home/***/.ivy2/jars/org.apache.hadoop_hadoop-client-api-3.3.4.jar at file:///home/***/.ivy2/jars/org.apache.hadoop_hadoop-client-api-3.3.4.jar with timestamp 1761682972045
[2025-10-29T03:22:52.573+0700] {subprocess.py:93} INFO - 25/10/29 03:22:52 INFO Utils: Copying /home/***/.ivy2/jars/org.apache.hadoop_hadoop-client-api-3.3.4.jar to /tmp/spark-f479d0b7-9f16-4cfc-822a-605b62d1d37d/userFiles-3fa12c60-e8d2-49a5-b02d-6b1535b71eb5/org.apache.hadoop_hadoop-client-api-3.3.4.jar
[2025-10-29T03:22:52.583+0700] {subprocess.py:93} INFO - 25/10/29 03:22:52 INFO SparkContext: Added file file:///home/***/.ivy2/jars/commons-logging_commons-logging-1.1.3.jar at file:///home/***/.ivy2/jars/commons-logging_commons-logging-1.1.3.jar with timestamp 1761682972045
[2025-10-29T03:22:52.583+0700] {subprocess.py:93} INFO - 25/10/29 03:22:52 INFO Utils: Copying /home/***/.ivy2/jars/commons-logging_commons-logging-1.1.3.jar to /tmp/spark-f479d0b7-9f16-4cfc-822a-605b62d1d37d/userFiles-3fa12c60-e8d2-49a5-b02d-6b1535b71eb5/commons-logging_commons-logging-1.1.3.jar
[2025-10-29T03:22:52.586+0700] {subprocess.py:93} INFO - 25/10/29 03:22:52 INFO SparkContext: Added file file:///home/***/.ivy2/jars/org.checkerframework_checker-qual-3.31.0.jar at file:///home/***/.ivy2/jars/org.checkerframework_checker-qual-3.31.0.jar with timestamp 1761682972045
[2025-10-29T03:22:52.586+0700] {subprocess.py:93} INFO - 25/10/29 03:22:52 INFO Utils: Copying /home/***/.ivy2/jars/org.checkerframework_checker-qual-3.31.0.jar to /tmp/spark-f479d0b7-9f16-4cfc-822a-605b62d1d37d/userFiles-3fa12c60-e8d2-49a5-b02d-6b1535b71eb5/org.checkerframework_checker-qual-3.31.0.jar
[2025-10-29T03:22:52.619+0700] {subprocess.py:93} INFO - 25/10/29 03:22:52 INFO Executor: Starting executor ID driver on host dfeadd712fc3
[2025-10-29T03:22:52.619+0700] {subprocess.py:93} INFO - 25/10/29 03:22:52 INFO Executor: OS info Linux, 6.14.0-33-generic, amd64
[2025-10-29T03:22:52.620+0700] {subprocess.py:93} INFO - 25/10/29 03:22:52 INFO Executor: Java version 17.0.17
[2025-10-29T03:22:52.623+0700] {subprocess.py:93} INFO - 25/10/29 03:22:52 INFO Executor: Starting executor with user classpath (userClassPathFirst = false): ''
[2025-10-29T03:22:52.623+0700] {subprocess.py:93} INFO - 25/10/29 03:22:52 INFO Executor: Created or updated repl class loader org.apache.spark.util.MutableURLClassLoader@4d9914b for default.
[2025-10-29T03:22:52.629+0700] {subprocess.py:93} INFO - 25/10/29 03:22:52 INFO Executor: Fetching file:///home/***/.ivy2/jars/org.apache.spark_spark-sql-kafka-0-10_2.12-3.5.1.jar with timestamp 1761682972045
[2025-10-29T03:22:52.644+0700] {subprocess.py:93} INFO - 25/10/29 03:22:52 INFO Utils: /home/***/.ivy2/jars/org.apache.spark_spark-sql-kafka-0-10_2.12-3.5.1.jar has been previously copied to /tmp/spark-f479d0b7-9f16-4cfc-822a-605b62d1d37d/userFiles-3fa12c60-e8d2-49a5-b02d-6b1535b71eb5/org.apache.spark_spark-sql-kafka-0-10_2.12-3.5.1.jar
[2025-10-29T03:22:52.647+0700] {subprocess.py:93} INFO - 25/10/29 03:22:52 INFO Executor: Fetching file:///home/***/.ivy2/jars/org.apache.hadoop_hadoop-client-runtime-3.3.4.jar with timestamp 1761682972045
[2025-10-29T03:22:52.664+0700] {subprocess.py:93} INFO - 25/10/29 03:22:52 INFO Utils: /home/***/.ivy2/jars/org.apache.hadoop_hadoop-client-runtime-3.3.4.jar has been previously copied to /tmp/spark-f479d0b7-9f16-4cfc-822a-605b62d1d37d/userFiles-3fa12c60-e8d2-49a5-b02d-6b1535b71eb5/org.apache.hadoop_hadoop-client-runtime-3.3.4.jar
[2025-10-29T03:22:52.667+0700] {subprocess.py:93} INFO - 25/10/29 03:22:52 INFO Executor: Fetching file:///home/***/.ivy2/jars/org.apache.hadoop_hadoop-client-api-3.3.4.jar with timestamp 1761682972045
[2025-10-29T03:22:52.678+0700] {subprocess.py:93} INFO - 25/10/29 03:22:52 INFO Utils: /home/***/.ivy2/jars/org.apache.hadoop_hadoop-client-api-3.3.4.jar has been previously copied to /tmp/spark-f479d0b7-9f16-4cfc-822a-605b62d1d37d/userFiles-3fa12c60-e8d2-49a5-b02d-6b1535b71eb5/org.apache.hadoop_hadoop-client-api-3.3.4.jar
[2025-10-29T03:22:52.680+0700] {subprocess.py:93} INFO - 25/10/29 03:22:52 INFO Executor: Fetching file:///home/***/.ivy2/jars/org.apache.spark_spark-token-provider-kafka-0-10_2.12-3.5.1.jar with timestamp 1761682972045
[2025-10-29T03:22:52.680+0700] {subprocess.py:93} INFO - 25/10/29 03:22:52 INFO Utils: /home/***/.ivy2/jars/org.apache.spark_spark-token-provider-kafka-0-10_2.12-3.5.1.jar has been previously copied to /tmp/spark-f479d0b7-9f16-4cfc-822a-605b62d1d37d/userFiles-3fa12c60-e8d2-49a5-b02d-6b1535b71eb5/org.apache.spark_spark-token-provider-kafka-0-10_2.12-3.5.1.jar
[2025-10-29T03:22:52.683+0700] {subprocess.py:93} INFO - 25/10/29 03:22:52 INFO Executor: Fetching file:///home/***/.ivy2/jars/com.google.code.findbugs_jsr305-3.0.0.jar with timestamp 1761682972045
[2025-10-29T03:22:52.683+0700] {subprocess.py:93} INFO - 25/10/29 03:22:52 INFO Utils: /home/***/.ivy2/jars/com.google.code.findbugs_jsr305-3.0.0.jar has been previously copied to /tmp/spark-f479d0b7-9f16-4cfc-822a-605b62d1d37d/userFiles-3fa12c60-e8d2-49a5-b02d-6b1535b71eb5/com.google.code.findbugs_jsr305-3.0.0.jar
[2025-10-29T03:22:52.685+0700] {subprocess.py:93} INFO - 25/10/29 03:22:52 INFO Executor: Fetching file:///home/***/.ivy2/jars/org.lz4_lz4-java-1.8.0.jar with timestamp 1761682972045
[2025-10-29T03:22:52.685+0700] {subprocess.py:93} INFO - 25/10/29 03:22:52 INFO Utils: /home/***/.ivy2/jars/org.lz4_lz4-java-1.8.0.jar has been previously copied to /tmp/spark-f479d0b7-9f16-4cfc-822a-605b62d1d37d/userFiles-3fa12c60-e8d2-49a5-b02d-6b1535b71eb5/org.lz4_lz4-java-1.8.0.jar
[2025-10-29T03:22:52.688+0700] {subprocess.py:93} INFO - 25/10/29 03:22:52 INFO Executor: Fetching file:///home/***/.ivy2/jars/org.slf4j_slf4j-api-2.0.7.jar with timestamp 1761682972045
[2025-10-29T03:22:52.688+0700] {subprocess.py:93} INFO - 25/10/29 03:22:52 INFO Utils: /home/***/.ivy2/jars/org.slf4j_slf4j-api-2.0.7.jar has been previously copied to /tmp/spark-f479d0b7-9f16-4cfc-822a-605b62d1d37d/userFiles-3fa12c60-e8d2-49a5-b02d-6b1535b71eb5/org.slf4j_slf4j-api-2.0.7.jar
[2025-10-29T03:22:52.690+0700] {subprocess.py:93} INFO - 25/10/29 03:22:52 INFO Executor: Fetching file:///home/***/.ivy2/jars/org.checkerframework_checker-qual-3.31.0.jar with timestamp 1761682972045
[2025-10-29T03:22:52.690+0700] {subprocess.py:93} INFO - 25/10/29 03:22:52 INFO Utils: /home/***/.ivy2/jars/org.checkerframework_checker-qual-3.31.0.jar has been previously copied to /tmp/spark-f479d0b7-9f16-4cfc-822a-605b62d1d37d/userFiles-3fa12c60-e8d2-49a5-b02d-6b1535b71eb5/org.checkerframework_checker-qual-3.31.0.jar
[2025-10-29T03:22:52.692+0700] {subprocess.py:93} INFO - 25/10/29 03:22:52 INFO Executor: Fetching file:///home/***/.ivy2/jars/org.apache.commons_commons-pool2-2.11.1.jar with timestamp 1761682972045
[2025-10-29T03:22:52.692+0700] {subprocess.py:93} INFO - 25/10/29 03:22:52 INFO Utils: /home/***/.ivy2/jars/org.apache.commons_commons-pool2-2.11.1.jar has been previously copied to /tmp/spark-f479d0b7-9f16-4cfc-822a-605b62d1d37d/userFiles-3fa12c60-e8d2-49a5-b02d-6b1535b71eb5/org.apache.commons_commons-pool2-2.11.1.jar
[2025-10-29T03:22:52.695+0700] {subprocess.py:93} INFO - 25/10/29 03:22:52 INFO Executor: Fetching file:///home/***/.ivy2/jars/commons-logging_commons-logging-1.1.3.jar with timestamp 1761682972045
[2025-10-29T03:22:52.695+0700] {subprocess.py:93} INFO - 25/10/29 03:22:52 INFO Utils: /home/***/.ivy2/jars/commons-logging_commons-logging-1.1.3.jar has been previously copied to /tmp/spark-f479d0b7-9f16-4cfc-822a-605b62d1d37d/userFiles-3fa12c60-e8d2-49a5-b02d-6b1535b71eb5/commons-logging_commons-logging-1.1.3.jar
[2025-10-29T03:22:52.697+0700] {subprocess.py:93} INFO - 25/10/29 03:22:52 INFO Executor: Fetching file:///home/***/.ivy2/jars/org.xerial.snappy_snappy-java-1.1.10.3.jar with timestamp 1761682972045
[2025-10-29T03:22:52.698+0700] {subprocess.py:93} INFO - 25/10/29 03:22:52 INFO Utils: /home/***/.ivy2/jars/org.xerial.snappy_snappy-java-1.1.10.3.jar has been previously copied to /tmp/spark-f479d0b7-9f16-4cfc-822a-605b62d1d37d/userFiles-3fa12c60-e8d2-49a5-b02d-6b1535b71eb5/org.xerial.snappy_snappy-java-1.1.10.3.jar
[2025-10-29T03:22:52.700+0700] {subprocess.py:93} INFO - 25/10/29 03:22:52 INFO Executor: Fetching file:///home/***/.ivy2/jars/org.postgresql_postgresql-42.6.0.jar with timestamp 1761682972045
[2025-10-29T03:22:52.700+0700] {subprocess.py:93} INFO - 25/10/29 03:22:52 INFO Utils: /home/***/.ivy2/jars/org.postgresql_postgresql-42.6.0.jar has been previously copied to /tmp/spark-f479d0b7-9f16-4cfc-822a-605b62d1d37d/userFiles-3fa12c60-e8d2-49a5-b02d-6b1535b71eb5/org.postgresql_postgresql-42.6.0.jar
[2025-10-29T03:22:52.702+0700] {subprocess.py:93} INFO - 25/10/29 03:22:52 INFO Executor: Fetching file:///home/***/.ivy2/jars/org.apache.kafka_kafka-clients-3.4.1.jar with timestamp 1761682972045
[2025-10-29T03:22:52.705+0700] {subprocess.py:93} INFO - 25/10/29 03:22:52 INFO Utils: /home/***/.ivy2/jars/org.apache.kafka_kafka-clients-3.4.1.jar has been previously copied to /tmp/spark-f479d0b7-9f16-4cfc-822a-605b62d1d37d/userFiles-3fa12c60-e8d2-49a5-b02d-6b1535b71eb5/org.apache.kafka_kafka-clients-3.4.1.jar
[2025-10-29T03:22:52.707+0700] {subprocess.py:93} INFO - 25/10/29 03:22:52 INFO Executor: Fetching spark://dfeadd712fc3:41701/jars/org.slf4j_slf4j-api-2.0.7.jar with timestamp 1761682972045
[2025-10-29T03:22:52.727+0700] {subprocess.py:93} INFO - 25/10/29 03:22:52 INFO TransportClientFactory: Successfully created connection to dfeadd712fc3/172.18.0.6:41701 after 13 ms (0 ms spent in bootstraps)
[2025-10-29T03:22:52.732+0700] {subprocess.py:93} INFO - 25/10/29 03:22:52 INFO Utils: Fetching spark://dfeadd712fc3:41701/jars/org.slf4j_slf4j-api-2.0.7.jar to /tmp/spark-f479d0b7-9f16-4cfc-822a-605b62d1d37d/userFiles-3fa12c60-e8d2-49a5-b02d-6b1535b71eb5/fetchFileTemp10265381477991855515.tmp
[2025-10-29T03:22:52.746+0700] {subprocess.py:93} INFO - 25/10/29 03:22:52 INFO Utils: /tmp/spark-f479d0b7-9f16-4cfc-822a-605b62d1d37d/userFiles-3fa12c60-e8d2-49a5-b02d-6b1535b71eb5/fetchFileTemp10265381477991855515.tmp has been previously copied to /tmp/spark-f479d0b7-9f16-4cfc-822a-605b62d1d37d/userFiles-3fa12c60-e8d2-49a5-b02d-6b1535b71eb5/org.slf4j_slf4j-api-2.0.7.jar
[2025-10-29T03:22:52.749+0700] {subprocess.py:93} INFO - 25/10/29 03:22:52 INFO Executor: Adding file:/tmp/spark-f479d0b7-9f16-4cfc-822a-605b62d1d37d/userFiles-3fa12c60-e8d2-49a5-b02d-6b1535b71eb5/org.slf4j_slf4j-api-2.0.7.jar to class loader default
[2025-10-29T03:22:52.750+0700] {subprocess.py:93} INFO - 25/10/29 03:22:52 INFO Executor: Fetching spark://dfeadd712fc3:41701/jars/commons-logging_commons-logging-1.1.3.jar with timestamp 1761682972045
[2025-10-29T03:22:52.750+0700] {subprocess.py:93} INFO - 25/10/29 03:22:52 INFO Utils: Fetching spark://dfeadd712fc3:41701/jars/commons-logging_commons-logging-1.1.3.jar to /tmp/spark-f479d0b7-9f16-4cfc-822a-605b62d1d37d/userFiles-3fa12c60-e8d2-49a5-b02d-6b1535b71eb5/fetchFileTemp2667638263665751573.tmp
[2025-10-29T03:22:52.751+0700] {subprocess.py:93} INFO - 25/10/29 03:22:52 INFO Utils: /tmp/spark-f479d0b7-9f16-4cfc-822a-605b62d1d37d/userFiles-3fa12c60-e8d2-49a5-b02d-6b1535b71eb5/fetchFileTemp2667638263665751573.tmp has been previously copied to /tmp/spark-f479d0b7-9f16-4cfc-822a-605b62d1d37d/userFiles-3fa12c60-e8d2-49a5-b02d-6b1535b71eb5/commons-logging_commons-logging-1.1.3.jar
[2025-10-29T03:22:52.754+0700] {subprocess.py:93} INFO - 25/10/29 03:22:52 INFO Executor: Adding file:/tmp/spark-f479d0b7-9f16-4cfc-822a-605b62d1d37d/userFiles-3fa12c60-e8d2-49a5-b02d-6b1535b71eb5/commons-logging_commons-logging-1.1.3.jar to class loader default
[2025-10-29T03:22:52.754+0700] {subprocess.py:93} INFO - 25/10/29 03:22:52 INFO Executor: Fetching spark://dfeadd712fc3:41701/jars/org.apache.commons_commons-pool2-2.11.1.jar with timestamp 1761682972045
[2025-10-29T03:22:52.754+0700] {subprocess.py:93} INFO - 25/10/29 03:22:52 INFO Utils: Fetching spark://dfeadd712fc3:41701/jars/org.apache.commons_commons-pool2-2.11.1.jar to /tmp/spark-f479d0b7-9f16-4cfc-822a-605b62d1d37d/userFiles-3fa12c60-e8d2-49a5-b02d-6b1535b71eb5/fetchFileTemp16782910864916053019.tmp
[2025-10-29T03:22:52.755+0700] {subprocess.py:93} INFO - 25/10/29 03:22:52 INFO Utils: /tmp/spark-f479d0b7-9f16-4cfc-822a-605b62d1d37d/userFiles-3fa12c60-e8d2-49a5-b02d-6b1535b71eb5/fetchFileTemp16782910864916053019.tmp has been previously copied to /tmp/spark-f479d0b7-9f16-4cfc-822a-605b62d1d37d/userFiles-3fa12c60-e8d2-49a5-b02d-6b1535b71eb5/org.apache.commons_commons-pool2-2.11.1.jar
[2025-10-29T03:22:52.758+0700] {subprocess.py:93} INFO - 25/10/29 03:22:52 INFO Executor: Adding file:/tmp/spark-f479d0b7-9f16-4cfc-822a-605b62d1d37d/userFiles-3fa12c60-e8d2-49a5-b02d-6b1535b71eb5/org.apache.commons_commons-pool2-2.11.1.jar to class loader default
[2025-10-29T03:22:52.758+0700] {subprocess.py:93} INFO - 25/10/29 03:22:52 INFO Executor: Fetching spark://dfeadd712fc3:41701/jars/org.apache.spark_spark-token-provider-kafka-0-10_2.12-3.5.1.jar with timestamp 1761682972045
[2025-10-29T03:22:52.758+0700] {subprocess.py:93} INFO - 25/10/29 03:22:52 INFO Utils: Fetching spark://dfeadd712fc3:41701/jars/org.apache.spark_spark-token-provider-kafka-0-10_2.12-3.5.1.jar to /tmp/spark-f479d0b7-9f16-4cfc-822a-605b62d1d37d/userFiles-3fa12c60-e8d2-49a5-b02d-6b1535b71eb5/fetchFileTemp5828667605743468056.tmp
[2025-10-29T03:22:52.759+0700] {subprocess.py:93} INFO - 25/10/29 03:22:52 INFO Utils: /tmp/spark-f479d0b7-9f16-4cfc-822a-605b62d1d37d/userFiles-3fa12c60-e8d2-49a5-b02d-6b1535b71eb5/fetchFileTemp5828667605743468056.tmp has been previously copied to /tmp/spark-f479d0b7-9f16-4cfc-822a-605b62d1d37d/userFiles-3fa12c60-e8d2-49a5-b02d-6b1535b71eb5/org.apache.spark_spark-token-provider-kafka-0-10_2.12-3.5.1.jar
[2025-10-29T03:22:52.761+0700] {subprocess.py:93} INFO - 25/10/29 03:22:52 INFO Executor: Adding file:/tmp/spark-f479d0b7-9f16-4cfc-822a-605b62d1d37d/userFiles-3fa12c60-e8d2-49a5-b02d-6b1535b71eb5/org.apache.spark_spark-token-provider-kafka-0-10_2.12-3.5.1.jar to class loader default
[2025-10-29T03:22:52.761+0700] {subprocess.py:93} INFO - 25/10/29 03:22:52 INFO Executor: Fetching spark://dfeadd712fc3:41701/jars/org.apache.kafka_kafka-clients-3.4.1.jar with timestamp 1761682972045
[2025-10-29T03:22:52.761+0700] {subprocess.py:93} INFO - 25/10/29 03:22:52 INFO Utils: Fetching spark://dfeadd712fc3:41701/jars/org.apache.kafka_kafka-clients-3.4.1.jar to /tmp/spark-f479d0b7-9f16-4cfc-822a-605b62d1d37d/userFiles-3fa12c60-e8d2-49a5-b02d-6b1535b71eb5/fetchFileTemp10464939007250001738.tmp
[2025-10-29T03:22:52.772+0700] {subprocess.py:93} INFO - 25/10/29 03:22:52 INFO Utils: /tmp/spark-f479d0b7-9f16-4cfc-822a-605b62d1d37d/userFiles-3fa12c60-e8d2-49a5-b02d-6b1535b71eb5/fetchFileTemp10464939007250001738.tmp has been previously copied to /tmp/spark-f479d0b7-9f16-4cfc-822a-605b62d1d37d/userFiles-3fa12c60-e8d2-49a5-b02d-6b1535b71eb5/org.apache.kafka_kafka-clients-3.4.1.jar
[2025-10-29T03:22:52.782+0700] {subprocess.py:93} INFO - 25/10/29 03:22:52 INFO Executor: Adding file:/tmp/spark-f479d0b7-9f16-4cfc-822a-605b62d1d37d/userFiles-3fa12c60-e8d2-49a5-b02d-6b1535b71eb5/org.apache.kafka_kafka-clients-3.4.1.jar to class loader default
[2025-10-29T03:22:52.782+0700] {subprocess.py:93} INFO - 25/10/29 03:22:52 INFO Executor: Fetching spark://dfeadd712fc3:41701/jars/org.postgresql_postgresql-42.6.0.jar with timestamp 1761682972045
[2025-10-29T03:22:52.782+0700] {subprocess.py:93} INFO - 25/10/29 03:22:52 INFO Utils: Fetching spark://dfeadd712fc3:41701/jars/org.postgresql_postgresql-42.6.0.jar to /tmp/spark-f479d0b7-9f16-4cfc-822a-605b62d1d37d/userFiles-3fa12c60-e8d2-49a5-b02d-6b1535b71eb5/fetchFileTemp2907778379163430550.tmp
[2025-10-29T03:22:52.785+0700] {subprocess.py:93} INFO - 25/10/29 03:22:52 INFO Utils: /tmp/spark-f479d0b7-9f16-4cfc-822a-605b62d1d37d/userFiles-3fa12c60-e8d2-49a5-b02d-6b1535b71eb5/fetchFileTemp2907778379163430550.tmp has been previously copied to /tmp/spark-f479d0b7-9f16-4cfc-822a-605b62d1d37d/userFiles-3fa12c60-e8d2-49a5-b02d-6b1535b71eb5/org.postgresql_postgresql-42.6.0.jar
[2025-10-29T03:22:52.789+0700] {subprocess.py:93} INFO - 25/10/29 03:22:52 INFO Executor: Adding file:/tmp/spark-f479d0b7-9f16-4cfc-822a-605b62d1d37d/userFiles-3fa12c60-e8d2-49a5-b02d-6b1535b71eb5/org.postgresql_postgresql-42.6.0.jar to class loader default
[2025-10-29T03:22:52.789+0700] {subprocess.py:93} INFO - 25/10/29 03:22:52 INFO Executor: Fetching spark://dfeadd712fc3:41701/jars/org.apache.hadoop_hadoop-client-api-3.3.4.jar with timestamp 1761682972045
[2025-10-29T03:22:52.789+0700] {subprocess.py:93} INFO - 25/10/29 03:22:52 INFO Utils: Fetching spark://dfeadd712fc3:41701/jars/org.apache.hadoop_hadoop-client-api-3.3.4.jar to /tmp/spark-f479d0b7-9f16-4cfc-822a-605b62d1d37d/userFiles-3fa12c60-e8d2-49a5-b02d-6b1535b71eb5/fetchFileTemp7642360045332743001.tmp
[2025-10-29T03:22:52.847+0700] {subprocess.py:93} INFO - 25/10/29 03:22:52 INFO Utils: /tmp/spark-f479d0b7-9f16-4cfc-822a-605b62d1d37d/userFiles-3fa12c60-e8d2-49a5-b02d-6b1535b71eb5/fetchFileTemp7642360045332743001.tmp has been previously copied to /tmp/spark-f479d0b7-9f16-4cfc-822a-605b62d1d37d/userFiles-3fa12c60-e8d2-49a5-b02d-6b1535b71eb5/org.apache.hadoop_hadoop-client-api-3.3.4.jar
[2025-10-29T03:22:52.851+0700] {subprocess.py:93} INFO - 25/10/29 03:22:52 INFO Executor: Adding file:/tmp/spark-f479d0b7-9f16-4cfc-822a-605b62d1d37d/userFiles-3fa12c60-e8d2-49a5-b02d-6b1535b71eb5/org.apache.hadoop_hadoop-client-api-3.3.4.jar to class loader default
[2025-10-29T03:22:52.852+0700] {subprocess.py:93} INFO - 25/10/29 03:22:52 INFO Executor: Fetching spark://dfeadd712fc3:41701/jars/org.lz4_lz4-java-1.8.0.jar with timestamp 1761682972045
[2025-10-29T03:22:52.852+0700] {subprocess.py:93} INFO - 25/10/29 03:22:52 INFO Utils: Fetching spark://dfeadd712fc3:41701/jars/org.lz4_lz4-java-1.8.0.jar to /tmp/spark-f479d0b7-9f16-4cfc-822a-605b62d1d37d/userFiles-3fa12c60-e8d2-49a5-b02d-6b1535b71eb5/fetchFileTemp2261477993124473271.tmp
[2025-10-29T03:22:52.854+0700] {subprocess.py:93} INFO - 25/10/29 03:22:52 INFO Utils: /tmp/spark-f479d0b7-9f16-4cfc-822a-605b62d1d37d/userFiles-3fa12c60-e8d2-49a5-b02d-6b1535b71eb5/fetchFileTemp2261477993124473271.tmp has been previously copied to /tmp/spark-f479d0b7-9f16-4cfc-822a-605b62d1d37d/userFiles-3fa12c60-e8d2-49a5-b02d-6b1535b71eb5/org.lz4_lz4-java-1.8.0.jar
[2025-10-29T03:22:52.857+0700] {subprocess.py:93} INFO - 25/10/29 03:22:52 INFO Executor: Adding file:/tmp/spark-f479d0b7-9f16-4cfc-822a-605b62d1d37d/userFiles-3fa12c60-e8d2-49a5-b02d-6b1535b71eb5/org.lz4_lz4-java-1.8.0.jar to class loader default
[2025-10-29T03:22:52.857+0700] {subprocess.py:93} INFO - 25/10/29 03:22:52 INFO Executor: Fetching spark://dfeadd712fc3:41701/jars/org.apache.hadoop_hadoop-client-runtime-3.3.4.jar with timestamp 1761682972045
[2025-10-29T03:22:52.857+0700] {subprocess.py:93} INFO - 25/10/29 03:22:52 INFO Utils: Fetching spark://dfeadd712fc3:41701/jars/org.apache.hadoop_hadoop-client-runtime-3.3.4.jar to /tmp/spark-f479d0b7-9f16-4cfc-822a-605b62d1d37d/userFiles-3fa12c60-e8d2-49a5-b02d-6b1535b71eb5/fetchFileTemp16678405390992899199.tmp
[2025-10-29T03:22:52.976+0700] {subprocess.py:93} INFO - 25/10/29 03:22:52 INFO Utils: /tmp/spark-f479d0b7-9f16-4cfc-822a-605b62d1d37d/userFiles-3fa12c60-e8d2-49a5-b02d-6b1535b71eb5/fetchFileTemp16678405390992899199.tmp has been previously copied to /tmp/spark-f479d0b7-9f16-4cfc-822a-605b62d1d37d/userFiles-3fa12c60-e8d2-49a5-b02d-6b1535b71eb5/org.apache.hadoop_hadoop-client-runtime-3.3.4.jar
[2025-10-29T03:22:52.981+0700] {subprocess.py:93} INFO - 25/10/29 03:22:52 INFO Executor: Adding file:/tmp/spark-f479d0b7-9f16-4cfc-822a-605b62d1d37d/userFiles-3fa12c60-e8d2-49a5-b02d-6b1535b71eb5/org.apache.hadoop_hadoop-client-runtime-3.3.4.jar to class loader default
[2025-10-29T03:22:52.981+0700] {subprocess.py:93} INFO - 25/10/29 03:22:52 INFO Executor: Fetching spark://dfeadd712fc3:41701/jars/org.checkerframework_checker-qual-3.31.0.jar with timestamp 1761682972045
[2025-10-29T03:22:52.981+0700] {subprocess.py:93} INFO - 25/10/29 03:22:52 INFO Utils: Fetching spark://dfeadd712fc3:41701/jars/org.checkerframework_checker-qual-3.31.0.jar to /tmp/spark-f479d0b7-9f16-4cfc-822a-605b62d1d37d/userFiles-3fa12c60-e8d2-49a5-b02d-6b1535b71eb5/fetchFileTemp2424103408118789950.tmp
[2025-10-29T03:22:52.982+0700] {subprocess.py:93} INFO - 25/10/29 03:22:52 INFO Utils: /tmp/spark-f479d0b7-9f16-4cfc-822a-605b62d1d37d/userFiles-3fa12c60-e8d2-49a5-b02d-6b1535b71eb5/fetchFileTemp2424103408118789950.tmp has been previously copied to /tmp/spark-f479d0b7-9f16-4cfc-822a-605b62d1d37d/userFiles-3fa12c60-e8d2-49a5-b02d-6b1535b71eb5/org.checkerframework_checker-qual-3.31.0.jar
[2025-10-29T03:22:52.985+0700] {subprocess.py:93} INFO - 25/10/29 03:22:52 INFO Executor: Adding file:/tmp/spark-f479d0b7-9f16-4cfc-822a-605b62d1d37d/userFiles-3fa12c60-e8d2-49a5-b02d-6b1535b71eb5/org.checkerframework_checker-qual-3.31.0.jar to class loader default
[2025-10-29T03:22:52.985+0700] {subprocess.py:93} INFO - 25/10/29 03:22:52 INFO Executor: Fetching spark://dfeadd712fc3:41701/jars/org.apache.spark_spark-sql-kafka-0-10_2.12-3.5.1.jar with timestamp 1761682972045
[2025-10-29T03:22:52.985+0700] {subprocess.py:93} INFO - 25/10/29 03:22:52 INFO Utils: Fetching spark://dfeadd712fc3:41701/jars/org.apache.spark_spark-sql-kafka-0-10_2.12-3.5.1.jar to /tmp/spark-f479d0b7-9f16-4cfc-822a-605b62d1d37d/userFiles-3fa12c60-e8d2-49a5-b02d-6b1535b71eb5/fetchFileTemp13223489490885799521.tmp
[2025-10-29T03:22:52.986+0700] {subprocess.py:93} INFO - 25/10/29 03:22:52 INFO Utils: /tmp/spark-f479d0b7-9f16-4cfc-822a-605b62d1d37d/userFiles-3fa12c60-e8d2-49a5-b02d-6b1535b71eb5/fetchFileTemp13223489490885799521.tmp has been previously copied to /tmp/spark-f479d0b7-9f16-4cfc-822a-605b62d1d37d/userFiles-3fa12c60-e8d2-49a5-b02d-6b1535b71eb5/org.apache.spark_spark-sql-kafka-0-10_2.12-3.5.1.jar
[2025-10-29T03:22:52.989+0700] {subprocess.py:93} INFO - 25/10/29 03:22:52 INFO Executor: Adding file:/tmp/spark-f479d0b7-9f16-4cfc-822a-605b62d1d37d/userFiles-3fa12c60-e8d2-49a5-b02d-6b1535b71eb5/org.apache.spark_spark-sql-kafka-0-10_2.12-3.5.1.jar to class loader default
[2025-10-29T03:22:52.989+0700] {subprocess.py:93} INFO - 25/10/29 03:22:52 INFO Executor: Fetching spark://dfeadd712fc3:41701/jars/org.xerial.snappy_snappy-java-1.1.10.3.jar with timestamp 1761682972045
[2025-10-29T03:22:52.989+0700] {subprocess.py:93} INFO - 25/10/29 03:22:52 INFO Utils: Fetching spark://dfeadd712fc3:41701/jars/org.xerial.snappy_snappy-java-1.1.10.3.jar to /tmp/spark-f479d0b7-9f16-4cfc-822a-605b62d1d37d/userFiles-3fa12c60-e8d2-49a5-b02d-6b1535b71eb5/fetchFileTemp14320615728107285446.tmp
[2025-10-29T03:22:52.992+0700] {subprocess.py:93} INFO - 25/10/29 03:22:52 INFO Utils: /tmp/spark-f479d0b7-9f16-4cfc-822a-605b62d1d37d/userFiles-3fa12c60-e8d2-49a5-b02d-6b1535b71eb5/fetchFileTemp14320615728107285446.tmp has been previously copied to /tmp/spark-f479d0b7-9f16-4cfc-822a-605b62d1d37d/userFiles-3fa12c60-e8d2-49a5-b02d-6b1535b71eb5/org.xerial.snappy_snappy-java-1.1.10.3.jar
[2025-10-29T03:22:52.997+0700] {subprocess.py:93} INFO - 25/10/29 03:22:52 INFO Executor: Adding file:/tmp/spark-f479d0b7-9f16-4cfc-822a-605b62d1d37d/userFiles-3fa12c60-e8d2-49a5-b02d-6b1535b71eb5/org.xerial.snappy_snappy-java-1.1.10.3.jar to class loader default
[2025-10-29T03:22:52.998+0700] {subprocess.py:93} INFO - 25/10/29 03:22:52 INFO Executor: Fetching spark://dfeadd712fc3:41701/jars/com.google.code.findbugs_jsr305-3.0.0.jar with timestamp 1761682972045
[2025-10-29T03:22:52.998+0700] {subprocess.py:93} INFO - 25/10/29 03:22:52 INFO Utils: Fetching spark://dfeadd712fc3:41701/jars/com.google.code.findbugs_jsr305-3.0.0.jar to /tmp/spark-f479d0b7-9f16-4cfc-822a-605b62d1d37d/userFiles-3fa12c60-e8d2-49a5-b02d-6b1535b71eb5/fetchFileTemp656931385707413361.tmp
[2025-10-29T03:22:52.998+0700] {subprocess.py:93} INFO - 25/10/29 03:22:52 INFO Utils: /tmp/spark-f479d0b7-9f16-4cfc-822a-605b62d1d37d/userFiles-3fa12c60-e8d2-49a5-b02d-6b1535b71eb5/fetchFileTemp656931385707413361.tmp has been previously copied to /tmp/spark-f479d0b7-9f16-4cfc-822a-605b62d1d37d/userFiles-3fa12c60-e8d2-49a5-b02d-6b1535b71eb5/com.google.code.findbugs_jsr305-3.0.0.jar
[2025-10-29T03:22:53.000+0700] {subprocess.py:93} INFO - 25/10/29 03:22:53 INFO Executor: Adding file:/tmp/spark-f479d0b7-9f16-4cfc-822a-605b62d1d37d/userFiles-3fa12c60-e8d2-49a5-b02d-6b1535b71eb5/com.google.code.findbugs_jsr305-3.0.0.jar to class loader default
[2025-10-29T03:22:53.005+0700] {subprocess.py:93} INFO - 25/10/29 03:22:53 INFO Utils: Successfully started service 'org.apache.spark.network.netty.NettyBlockTransferService' on port 34453.
[2025-10-29T03:22:53.005+0700] {subprocess.py:93} INFO - 25/10/29 03:22:53 INFO NettyBlockTransferService: Server created on dfeadd712fc3:34453
[2025-10-29T03:22:53.006+0700] {subprocess.py:93} INFO - 25/10/29 03:22:53 INFO BlockManager: Using org.apache.spark.storage.RandomBlockReplicationPolicy for block replication policy
[2025-10-29T03:22:53.009+0700] {subprocess.py:93} INFO - 25/10/29 03:22:53 INFO BlockManagerMaster: Registering BlockManager BlockManagerId(driver, dfeadd712fc3, 34453, None)
[2025-10-29T03:22:53.011+0700] {subprocess.py:93} INFO - 25/10/29 03:22:53 INFO BlockManagerMasterEndpoint: Registering block manager dfeadd712fc3:34453 with 434.4 MiB RAM, BlockManagerId(driver, dfeadd712fc3, 34453, None)
[2025-10-29T03:22:53.012+0700] {subprocess.py:93} INFO - 25/10/29 03:22:53 INFO BlockManagerMaster: Registered BlockManager BlockManagerId(driver, dfeadd712fc3, 34453, None)
[2025-10-29T03:22:53.012+0700] {subprocess.py:93} INFO - 25/10/29 03:22:53 INFO BlockManager: Initialized BlockManager: BlockManagerId(driver, dfeadd712fc3, 34453, None)
[2025-10-29T03:22:55.005+0700] {subprocess.py:93} INFO - 25/10/29 03:22:55 WARN ResolveWriteToStream: spark.sql.adaptive.enabled is not supported in streaming DataFrames/Datasets and will be disabled.
[2025-10-29T03:22:55.129+0700] {subprocess.py:93} INFO - 🚀 Streaming job started — đang lắng nghe dữ liệu từ Kafka...
[2025-10-29T03:22:55.214+0700] {subprocess.py:93} INFO - 25/10/29 03:22:55 WARN AdminClientConfig: These configurations '[key.deserializer, value.deserializer, enable.auto.commit, max.poll.records, auto.offset.reset]' were supplied but are not used yet.
[2025-10-29T03:22:57.717+0700] {subprocess.py:93} INFO - 25/10/29 03:22:57 WARN KafkaDataConsumer: KafkaDataConsumer is not running in UninterruptibleThread. It may hang when KafkaDataConsumer's methods are interrupted because of KAFKA-1894
[2025-10-29T03:23:00.131+0700] {subprocess.py:93} INFO - There was a problem when trying to write in your cache folder (/home/***/.cache/huggingface/hub). You should set the environment variable TRANSFORMERS_CACHE to a writable directory.
[2025-10-29T03:23:00.743+0700] {subprocess.py:93} INFO - 25/10/29 03:23:00 ERROR Executor: Exception in task 0.0 in stage 0.0 (TID 0)
[2025-10-29T03:23:00.744+0700] {subprocess.py:93} INFO - org.apache.spark.api.python.PythonException: Traceback (most recent call last):
[2025-10-29T03:23:00.744+0700] {subprocess.py:93} INFO -   File "/opt/***/projects/absa_streaming/scripts/consumer_postgres_streaming.py", line 73, in absa_infer_udf
[2025-10-29T03:23:00.744+0700] {subprocess.py:93} INFO -     _tokenizer = AutoTokenizer.from_pretrained(MODEL_NAME, use_fast=True)
[2025-10-29T03:23:00.744+0700] {subprocess.py:93} INFO -                  ^^^^^^^^^^^^^^^^^^^^^^^^^^^^^^^^^^^^^^^^^^^^^^^^^^^^^^^^
[2025-10-29T03:23:00.744+0700] {subprocess.py:93} INFO -   File "/home/***/.local/lib/python3.12/site-packages/transformers/models/auto/tokenization_auto.py", line 817, in from_pretrained
[2025-10-29T03:23:00.745+0700] {subprocess.py:93} INFO -     tokenizer_config = get_tokenizer_config(pretrained_model_name_or_path, **kwargs)
[2025-10-29T03:23:00.745+0700] {subprocess.py:93} INFO -                        ^^^^^^^^^^^^^^^^^^^^^^^^^^^^^^^^^^^^^^^^^^^^^^^^^^^^^^^^^^^^^
[2025-10-29T03:23:00.745+0700] {subprocess.py:93} INFO -   File "/home/***/.local/lib/python3.12/site-packages/transformers/models/auto/tokenization_auto.py", line 649, in get_tokenizer_config
[2025-10-29T03:23:00.745+0700] {subprocess.py:93} INFO -     resolved_config_file = cached_file(
[2025-10-29T03:23:00.745+0700] {subprocess.py:93} INFO -                            ^^^^^^^^^^^^
[2025-10-29T03:23:00.745+0700] {subprocess.py:93} INFO -   File "/home/***/.local/lib/python3.12/site-packages/transformers/utils/hub.py", line 462, in cached_file
[2025-10-29T03:23:00.746+0700] {subprocess.py:93} INFO -     except HFValidationError as e:
[2025-10-29T03:23:00.746+0700] {subprocess.py:93} INFO -   File "/home/***/.local/lib/python3.12/site-packages/huggingface_hub/utils/_validators.py", line 114, in _inner_fn
[2025-10-29T03:23:00.746+0700] {subprocess.py:93} INFO -     return fn(*args, **kwargs)
[2025-10-29T03:23:00.746+0700] {subprocess.py:93} INFO -            ^^^^^^^^^^^^^^^^^^^
[2025-10-29T03:23:00.746+0700] {subprocess.py:93} INFO -   File "/home/***/.local/lib/python3.12/site-packages/huggingface_hub/file_download.py", line 1007, in hf_hub_download
[2025-10-29T03:23:00.746+0700] {subprocess.py:93} INFO -     return _hf_hub_download_to_cache_dir(
[2025-10-29T03:23:00.746+0700] {subprocess.py:93} INFO -            ^^^^^^^^^^^^^^^^^^^^^^^^^^^^^^
[2025-10-29T03:23:00.746+0700] {subprocess.py:93} INFO -   File "/home/***/.local/lib/python3.12/site-packages/huggingface_hub/file_download.py", line 1124, in _hf_hub_download_to_cache_dir
[2025-10-29T03:23:00.746+0700] {subprocess.py:93} INFO -     os.makedirs(os.path.dirname(blob_path), exist_ok=True)
[2025-10-29T03:23:00.747+0700] {subprocess.py:93} INFO -   File "<frozen os>", line 216, in makedirs
[2025-10-29T03:23:00.747+0700] {subprocess.py:93} INFO -   File "<frozen os>", line 216, in makedirs
[2025-10-29T03:23:00.747+0700] {subprocess.py:93} INFO -   File "<frozen os>", line 216, in makedirs
[2025-10-29T03:23:00.747+0700] {subprocess.py:93} INFO -   File "<frozen os>", line 230, in makedirs
[2025-10-29T03:23:00.747+0700] {subprocess.py:93} INFO - PermissionError: [Errno 13] Permission denied: '/home/***/.cache/huggingface'
[2025-10-29T03:23:00.747+0700] {subprocess.py:93} INFO - 
[2025-10-29T03:23:00.747+0700] {subprocess.py:93} INFO - 	at org.apache.spark.api.python.BasePythonRunner$ReaderIterator.handlePythonException(PythonRunner.scala:572)
[2025-10-29T03:23:00.747+0700] {subprocess.py:93} INFO - 	at org.apache.spark.sql.execution.python.PythonArrowOutput$$anon$1.read(PythonArrowOutput.scala:118)
[2025-10-29T03:23:00.747+0700] {subprocess.py:93} INFO - 	at org.apache.spark.api.python.BasePythonRunner$ReaderIterator.hasNext(PythonRunner.scala:525)
[2025-10-29T03:23:00.748+0700] {subprocess.py:93} INFO - 	at org.apache.spark.InterruptibleIterator.hasNext(InterruptibleIterator.scala:37)
[2025-10-29T03:23:00.748+0700] {subprocess.py:93} INFO - 	at scala.collection.Iterator$$anon$11.hasNext(Iterator.scala:491)
[2025-10-29T03:23:00.748+0700] {subprocess.py:93} INFO - 	at scala.collection.Iterator$$anon$10.hasNext(Iterator.scala:460)
[2025-10-29T03:23:00.748+0700] {subprocess.py:93} INFO - 	at scala.collection.Iterator$$anon$10.hasNext(Iterator.scala:460)
[2025-10-29T03:23:00.748+0700] {subprocess.py:93} INFO - 	at org.apache.spark.sql.catalyst.expressions.GeneratedClass$GeneratedIteratorForCodegenStage1.hashAgg_doAggregateWithoutKey_0$(Unknown Source)
[2025-10-29T03:23:00.748+0700] {subprocess.py:93} INFO - 	at org.apache.spark.sql.catalyst.expressions.GeneratedClass$GeneratedIteratorForCodegenStage1.processNext(Unknown Source)
[2025-10-29T03:23:00.748+0700] {subprocess.py:93} INFO - 	at org.apache.spark.sql.execution.BufferedRowIterator.hasNext(BufferedRowIterator.java:43)
[2025-10-29T03:23:00.749+0700] {subprocess.py:93} INFO - 	at org.apache.spark.sql.execution.WholeStageCodegenEvaluatorFactory$WholeStageCodegenPartitionEvaluator$$anon$1.hasNext(WholeStageCodegenEvaluatorFactory.scala:43)
[2025-10-29T03:23:00.749+0700] {subprocess.py:93} INFO - 	at scala.collection.Iterator$$anon$10.hasNext(Iterator.scala:460)
[2025-10-29T03:23:00.749+0700] {subprocess.py:93} INFO - 	at org.apache.spark.shuffle.sort.BypassMergeSortShuffleWriter.write(BypassMergeSortShuffleWriter.java:140)
[2025-10-29T03:23:00.749+0700] {subprocess.py:93} INFO - 	at org.apache.spark.shuffle.ShuffleWriteProcessor.write(ShuffleWriteProcessor.scala:59)
[2025-10-29T03:23:00.749+0700] {subprocess.py:93} INFO - 	at org.apache.spark.scheduler.ShuffleMapTask.runTask(ShuffleMapTask.scala:104)
[2025-10-29T03:23:00.749+0700] {subprocess.py:93} INFO - 	at org.apache.spark.scheduler.ShuffleMapTask.runTask(ShuffleMapTask.scala:54)
[2025-10-29T03:23:00.749+0700] {subprocess.py:93} INFO - 	at org.apache.spark.TaskContext.runTaskWithListeners(TaskContext.scala:166)
[2025-10-29T03:23:00.749+0700] {subprocess.py:93} INFO - 	at org.apache.spark.scheduler.Task.run(Task.scala:141)
[2025-10-29T03:23:00.749+0700] {subprocess.py:93} INFO - 	at org.apache.spark.executor.Executor$TaskRunner.$anonfun$run$4(Executor.scala:620)
[2025-10-29T03:23:00.750+0700] {subprocess.py:93} INFO - 	at org.apache.spark.util.SparkErrorUtils.tryWithSafeFinally(SparkErrorUtils.scala:64)
[2025-10-29T03:23:00.750+0700] {subprocess.py:93} INFO - 	at org.apache.spark.util.SparkErrorUtils.tryWithSafeFinally$(SparkErrorUtils.scala:61)
[2025-10-29T03:23:00.750+0700] {subprocess.py:93} INFO - 	at org.apache.spark.util.Utils$.tryWithSafeFinally(Utils.scala:94)
[2025-10-29T03:23:00.750+0700] {subprocess.py:93} INFO - 	at org.apache.spark.executor.Executor$TaskRunner.run(Executor.scala:623)
[2025-10-29T03:23:00.750+0700] {subprocess.py:93} INFO - 	at java.base/java.util.concurrent.ThreadPoolExecutor.runWorker(ThreadPoolExecutor.java:1136)
[2025-10-29T03:23:00.750+0700] {subprocess.py:93} INFO - 	at java.base/java.util.concurrent.ThreadPoolExecutor$Worker.run(ThreadPoolExecutor.java:635)
[2025-10-29T03:23:00.750+0700] {subprocess.py:93} INFO - 	at java.base/java.lang.Thread.run(Thread.java:840)
[2025-10-29T03:23:00.753+0700] {subprocess.py:93} INFO - 25/10/29 03:23:00 WARN TaskSetManager: Lost task 0.0 in stage 0.0 (TID 0) (dfeadd712fc3 executor driver): org.apache.spark.api.python.PythonException: Traceback (most recent call last):
[2025-10-29T03:23:00.753+0700] {subprocess.py:93} INFO -   File "/opt/***/projects/absa_streaming/scripts/consumer_postgres_streaming.py", line 73, in absa_infer_udf
[2025-10-29T03:23:00.753+0700] {subprocess.py:93} INFO -     _tokenizer = AutoTokenizer.from_pretrained(MODEL_NAME, use_fast=True)
[2025-10-29T03:23:00.753+0700] {subprocess.py:93} INFO -                  ^^^^^^^^^^^^^^^^^^^^^^^^^^^^^^^^^^^^^^^^^^^^^^^^^^^^^^^^
[2025-10-29T03:23:00.753+0700] {subprocess.py:93} INFO -   File "/home/***/.local/lib/python3.12/site-packages/transformers/models/auto/tokenization_auto.py", line 817, in from_pretrained
[2025-10-29T03:23:00.753+0700] {subprocess.py:93} INFO -     tokenizer_config = get_tokenizer_config(pretrained_model_name_or_path, **kwargs)
[2025-10-29T03:23:00.754+0700] {subprocess.py:93} INFO -                        ^^^^^^^^^^^^^^^^^^^^^^^^^^^^^^^^^^^^^^^^^^^^^^^^^^^^^^^^^^^^^
[2025-10-29T03:23:00.754+0700] {subprocess.py:93} INFO -   File "/home/***/.local/lib/python3.12/site-packages/transformers/models/auto/tokenization_auto.py", line 649, in get_tokenizer_config
[2025-10-29T03:23:00.754+0700] {subprocess.py:93} INFO -     resolved_config_file = cached_file(
[2025-10-29T03:23:00.754+0700] {subprocess.py:93} INFO -                            ^^^^^^^^^^^^
[2025-10-29T03:23:00.754+0700] {subprocess.py:93} INFO -   File "/home/***/.local/lib/python3.12/site-packages/transformers/utils/hub.py", line 462, in cached_file
[2025-10-29T03:23:00.754+0700] {subprocess.py:93} INFO -     except HFValidationError as e:
[2025-10-29T03:23:00.754+0700] {subprocess.py:93} INFO -   File "/home/***/.local/lib/python3.12/site-packages/huggingface_hub/utils/_validators.py", line 114, in _inner_fn
[2025-10-29T03:23:00.754+0700] {subprocess.py:93} INFO -     return fn(*args, **kwargs)
[2025-10-29T03:23:00.755+0700] {subprocess.py:93} INFO -            ^^^^^^^^^^^^^^^^^^^
[2025-10-29T03:23:00.755+0700] {subprocess.py:93} INFO -   File "/home/***/.local/lib/python3.12/site-packages/huggingface_hub/file_download.py", line 1007, in hf_hub_download
[2025-10-29T03:23:00.755+0700] {subprocess.py:93} INFO -     return _hf_hub_download_to_cache_dir(
[2025-10-29T03:23:00.755+0700] {subprocess.py:93} INFO -            ^^^^^^^^^^^^^^^^^^^^^^^^^^^^^^
[2025-10-29T03:23:00.755+0700] {subprocess.py:93} INFO -   File "/home/***/.local/lib/python3.12/site-packages/huggingface_hub/file_download.py", line 1124, in _hf_hub_download_to_cache_dir
[2025-10-29T03:23:00.755+0700] {subprocess.py:93} INFO -     os.makedirs(os.path.dirname(blob_path), exist_ok=True)
[2025-10-29T03:23:00.755+0700] {subprocess.py:93} INFO -   File "<frozen os>", line 216, in makedirs
[2025-10-29T03:23:00.755+0700] {subprocess.py:93} INFO -   File "<frozen os>", line 216, in makedirs
[2025-10-29T03:23:00.756+0700] {subprocess.py:93} INFO -   File "<frozen os>", line 216, in makedirs
[2025-10-29T03:23:00.756+0700] {subprocess.py:93} INFO -   File "<frozen os>", line 230, in makedirs
[2025-10-29T03:23:00.756+0700] {subprocess.py:93} INFO - PermissionError: [Errno 13] Permission denied: '/home/***/.cache/huggingface'
[2025-10-29T03:23:00.756+0700] {subprocess.py:93} INFO - 
[2025-10-29T03:23:00.756+0700] {subprocess.py:93} INFO - 	at org.apache.spark.api.python.BasePythonRunner$ReaderIterator.handlePythonException(PythonRunner.scala:572)
[2025-10-29T03:23:00.756+0700] {subprocess.py:93} INFO - 	at org.apache.spark.sql.execution.python.PythonArrowOutput$$anon$1.read(PythonArrowOutput.scala:118)
[2025-10-29T03:23:00.756+0700] {subprocess.py:93} INFO - 	at org.apache.spark.api.python.BasePythonRunner$ReaderIterator.hasNext(PythonRunner.scala:525)
[2025-10-29T03:23:00.756+0700] {subprocess.py:93} INFO - 	at org.apache.spark.InterruptibleIterator.hasNext(InterruptibleIterator.scala:37)
[2025-10-29T03:23:00.757+0700] {subprocess.py:93} INFO - 	at scala.collection.Iterator$$anon$11.hasNext(Iterator.scala:491)
[2025-10-29T03:23:00.757+0700] {subprocess.py:93} INFO - 	at scala.collection.Iterator$$anon$10.hasNext(Iterator.scala:460)
[2025-10-29T03:23:00.757+0700] {subprocess.py:93} INFO - 	at scala.collection.Iterator$$anon$10.hasNext(Iterator.scala:460)
[2025-10-29T03:23:00.757+0700] {subprocess.py:93} INFO - 	at org.apache.spark.sql.catalyst.expressions.GeneratedClass$GeneratedIteratorForCodegenStage1.hashAgg_doAggregateWithoutKey_0$(Unknown Source)
[2025-10-29T03:23:00.757+0700] {subprocess.py:93} INFO - 	at org.apache.spark.sql.catalyst.expressions.GeneratedClass$GeneratedIteratorForCodegenStage1.processNext(Unknown Source)
[2025-10-29T03:23:00.757+0700] {subprocess.py:93} INFO - 	at org.apache.spark.sql.execution.BufferedRowIterator.hasNext(BufferedRowIterator.java:43)
[2025-10-29T03:23:00.757+0700] {subprocess.py:93} INFO - 	at org.apache.spark.sql.execution.WholeStageCodegenEvaluatorFactory$WholeStageCodegenPartitionEvaluator$$anon$1.hasNext(WholeStageCodegenEvaluatorFactory.scala:43)
[2025-10-29T03:23:00.757+0700] {subprocess.py:93} INFO - 	at scala.collection.Iterator$$anon$10.hasNext(Iterator.scala:460)
[2025-10-29T03:23:00.758+0700] {subprocess.py:93} INFO - 	at org.apache.spark.shuffle.sort.BypassMergeSortShuffleWriter.write(BypassMergeSortShuffleWriter.java:140)
[2025-10-29T03:23:00.758+0700] {subprocess.py:93} INFO - 	at org.apache.spark.shuffle.ShuffleWriteProcessor.write(ShuffleWriteProcessor.scala:59)
[2025-10-29T03:23:00.758+0700] {subprocess.py:93} INFO - 	at org.apache.spark.scheduler.ShuffleMapTask.runTask(ShuffleMapTask.scala:104)
[2025-10-29T03:23:00.758+0700] {subprocess.py:93} INFO - 	at org.apache.spark.scheduler.ShuffleMapTask.runTask(ShuffleMapTask.scala:54)
[2025-10-29T03:23:00.758+0700] {subprocess.py:93} INFO - 	at org.apache.spark.TaskContext.runTaskWithListeners(TaskContext.scala:166)
[2025-10-29T03:23:00.758+0700] {subprocess.py:93} INFO - 	at org.apache.spark.scheduler.Task.run(Task.scala:141)
[2025-10-29T03:23:00.759+0700] {subprocess.py:93} INFO - 	at org.apache.spark.executor.Executor$TaskRunner.$anonfun$run$4(Executor.scala:620)
[2025-10-29T03:23:00.759+0700] {subprocess.py:93} INFO - 	at org.apache.spark.util.SparkErrorUtils.tryWithSafeFinally(SparkErrorUtils.scala:64)
[2025-10-29T03:23:00.759+0700] {subprocess.py:93} INFO - 	at org.apache.spark.util.SparkErrorUtils.tryWithSafeFinally$(SparkErrorUtils.scala:61)
[2025-10-29T03:23:00.759+0700] {subprocess.py:93} INFO - 	at org.apache.spark.util.Utils$.tryWithSafeFinally(Utils.scala:94)
[2025-10-29T03:23:00.759+0700] {subprocess.py:93} INFO - 	at org.apache.spark.executor.Executor$TaskRunner.run(Executor.scala:623)
[2025-10-29T03:23:00.759+0700] {subprocess.py:93} INFO - 	at java.base/java.util.concurrent.ThreadPoolExecutor.runWorker(ThreadPoolExecutor.java:1136)
[2025-10-29T03:23:00.759+0700] {subprocess.py:93} INFO - 	at java.base/java.util.concurrent.ThreadPoolExecutor$Worker.run(ThreadPoolExecutor.java:635)
[2025-10-29T03:23:00.760+0700] {subprocess.py:93} INFO - 	at java.base/java.lang.Thread.run(Thread.java:840)
[2025-10-29T03:23:00.760+0700] {subprocess.py:93} INFO - 
[2025-10-29T03:23:00.760+0700] {subprocess.py:93} INFO - 25/10/29 03:23:00 ERROR TaskSetManager: Task 0 in stage 0.0 failed 1 times; aborting job
[2025-10-29T03:23:00.855+0700] {subprocess.py:93} INFO - 25/10/29 03:23:00 ERROR MicroBatchExecution: Query [id = e70e1fbd-44b1-4a64-8a1b-3f92a0c2382b, runId = 81919265-5b96-44f7-83c8-9fc4b4629f3f] terminated with error
[2025-10-29T03:23:00.856+0700] {subprocess.py:93} INFO - py4j.Py4JException: An exception was raised by the Python Proxy. Return Message: Traceback (most recent call last):
[2025-10-29T03:23:00.856+0700] {subprocess.py:93} INFO -   File "/home/***/.local/lib/python3.12/site-packages/pyspark/python/lib/py4j-0.10.9.7-src.zip/py4j/clientserver.py", line 617, in _call_proxy
[2025-10-29T03:23:00.856+0700] {subprocess.py:93} INFO -     return_value = getattr(self.pool[obj_id], method)(*params)
[2025-10-29T03:23:00.856+0700] {subprocess.py:93} INFO -                    ^^^^^^^^^^^^^^^^^^^^^^^^^^^^^^^^^^^^^^^^^^^
[2025-10-29T03:23:00.857+0700] {subprocess.py:93} INFO -   File "/home/***/.local/lib/python3.12/site-packages/pyspark/python/lib/pyspark.zip/pyspark/sql/utils.py", line 120, in call
[2025-10-29T03:23:00.857+0700] {subprocess.py:93} INFO -     raise e
[2025-10-29T03:23:00.857+0700] {subprocess.py:93} INFO -   File "/home/***/.local/lib/python3.12/site-packages/pyspark/python/lib/pyspark.zip/pyspark/sql/utils.py", line 117, in call
[2025-10-29T03:23:00.857+0700] {subprocess.py:93} INFO -     self.func(DataFrame(jdf, wrapped_session_jdf), batch_id)
[2025-10-29T03:23:00.857+0700] {subprocess.py:93} INFO -   File "/opt/***/projects/absa_streaming/scripts/consumer_postgres_streaming.py", line 125, in write_to_postgres
[2025-10-29T03:23:00.857+0700] {subprocess.py:93} INFO -     total_rows = batch_df.count()
[2025-10-29T03:23:00.858+0700] {subprocess.py:93} INFO -                  ^^^^^^^^^^^^^^^^
[2025-10-29T03:23:00.858+0700] {subprocess.py:93} INFO -   File "/home/***/.local/lib/python3.12/site-packages/pyspark/python/lib/pyspark.zip/pyspark/sql/dataframe.py", line 1238, in count
[2025-10-29T03:23:00.858+0700] {subprocess.py:93} INFO -     return int(self._jdf.count())
[2025-10-29T03:23:00.858+0700] {subprocess.py:93} INFO -                ^^^^^^^^^^^^^^^^^
[2025-10-29T03:23:00.859+0700] {subprocess.py:93} INFO -   File "/home/***/.local/lib/python3.12/site-packages/pyspark/python/lib/py4j-0.10.9.7-src.zip/py4j/java_gateway.py", line 1322, in __call__
[2025-10-29T03:23:00.859+0700] {subprocess.py:93} INFO -     return_value = get_return_value(
[2025-10-29T03:23:00.859+0700] {subprocess.py:93} INFO -                    ^^^^^^^^^^^^^^^^^
[2025-10-29T03:23:00.859+0700] {subprocess.py:93} INFO -   File "/home/***/.local/lib/python3.12/site-packages/pyspark/python/lib/pyspark.zip/pyspark/errors/exceptions/captured.py", line 185, in deco
[2025-10-29T03:23:00.859+0700] {subprocess.py:93} INFO -     raise converted from None
[2025-10-29T03:23:00.859+0700] {subprocess.py:93} INFO - pyspark.errors.exceptions.captured.PythonException:
[2025-10-29T03:23:00.860+0700] {subprocess.py:93} INFO -   An exception was thrown from the Python worker. Please see the stack trace below.
[2025-10-29T03:23:00.860+0700] {subprocess.py:93} INFO - Traceback (most recent call last):
[2025-10-29T03:23:00.860+0700] {subprocess.py:93} INFO -   File "/opt/***/projects/absa_streaming/scripts/consumer_postgres_streaming.py", line 73, in absa_infer_udf
[2025-10-29T03:23:00.860+0700] {subprocess.py:93} INFO -     _tokenizer = AutoTokenizer.from_pretrained(MODEL_NAME, use_fast=True)
[2025-10-29T03:23:00.860+0700] {subprocess.py:93} INFO -                  ^^^^^^^^^^^^^^^^^^^^^^^^^^^^^^^^^^^^^^^^^^^^^^^^^^^^^^^^
[2025-10-29T03:23:00.860+0700] {subprocess.py:93} INFO -   File "/home/***/.local/lib/python3.12/site-packages/transformers/models/auto/tokenization_auto.py", line 817, in from_pretrained
[2025-10-29T03:23:00.860+0700] {subprocess.py:93} INFO -     tokenizer_config = get_tokenizer_config(pretrained_model_name_or_path, **kwargs)
[2025-10-29T03:23:00.860+0700] {subprocess.py:93} INFO -                        ^^^^^^^^^^^^^^^^^^^^^^^^^^^^^^^^^^^^^^^^^^^^^^^^^^^^^^^^^^^^^
[2025-10-29T03:23:00.860+0700] {subprocess.py:93} INFO -   File "/home/***/.local/lib/python3.12/site-packages/transformers/models/auto/tokenization_auto.py", line 649, in get_tokenizer_config
[2025-10-29T03:23:00.860+0700] {subprocess.py:93} INFO -     resolved_config_file = cached_file(
[2025-10-29T03:23:00.861+0700] {subprocess.py:93} INFO -                            ^^^^^^^^^^^^
[2025-10-29T03:23:00.861+0700] {subprocess.py:93} INFO -   File "/home/***/.local/lib/python3.12/site-packages/transformers/utils/hub.py", line 462, in cached_file
[2025-10-29T03:23:00.861+0700] {subprocess.py:93} INFO -     except HFValidationError as e:
[2025-10-29T03:23:00.861+0700] {subprocess.py:93} INFO -   File "/home/***/.local/lib/python3.12/site-packages/huggingface_hub/utils/_validators.py", line 114, in _inner_fn
[2025-10-29T03:23:00.861+0700] {subprocess.py:93} INFO -     return fn(*args, **kwargs)
[2025-10-29T03:23:00.861+0700] {subprocess.py:93} INFO -            ^^^^^^^^^^^^^^^^^^^
[2025-10-29T03:23:00.861+0700] {subprocess.py:93} INFO -   File "/home/***/.local/lib/python3.12/site-packages/huggingface_hub/file_download.py", line 1007, in hf_hub_download
[2025-10-29T03:23:00.861+0700] {subprocess.py:93} INFO -     return _hf_hub_download_to_cache_dir(
[2025-10-29T03:23:00.861+0700] {subprocess.py:93} INFO -            ^^^^^^^^^^^^^^^^^^^^^^^^^^^^^^
[2025-10-29T03:23:00.861+0700] {subprocess.py:93} INFO -   File "/home/***/.local/lib/python3.12/site-packages/huggingface_hub/file_download.py", line 1124, in _hf_hub_download_to_cache_dir
[2025-10-29T03:23:00.861+0700] {subprocess.py:93} INFO -     os.makedirs(os.path.dirname(blob_path), exist_ok=True)
[2025-10-29T03:23:00.862+0700] {subprocess.py:93} INFO -   File "<frozen os>", line 216, in makedirs
[2025-10-29T03:23:00.862+0700] {subprocess.py:93} INFO -   File "<frozen os>", line 216, in makedirs
[2025-10-29T03:23:00.862+0700] {subprocess.py:93} INFO -   File "<frozen os>", line 216, in makedirs
[2025-10-29T03:23:00.862+0700] {subprocess.py:93} INFO -   File "<frozen os>", line 230, in makedirs
[2025-10-29T03:23:00.862+0700] {subprocess.py:93} INFO - PermissionError: [Errno 13] Permission denied: '/home/***/.cache/huggingface'
[2025-10-29T03:23:00.862+0700] {subprocess.py:93} INFO - 
[2025-10-29T03:23:00.862+0700] {subprocess.py:93} INFO - 
[2025-10-29T03:23:00.862+0700] {subprocess.py:93} INFO - 	at py4j.Protocol.getReturnValue(Protocol.java:476)
[2025-10-29T03:23:00.862+0700] {subprocess.py:93} INFO - 	at py4j.reflection.PythonProxyHandler.invoke(PythonProxyHandler.java:108)
[2025-10-29T03:23:00.862+0700] {subprocess.py:93} INFO - 	at jdk.proxy3/jdk.proxy3.$Proxy32.call(Unknown Source)
[2025-10-29T03:23:00.862+0700] {subprocess.py:93} INFO - 	at org.apache.spark.sql.execution.streaming.sources.PythonForeachBatchHelper$.$anonfun$callForeachBatch$1(ForeachBatchSink.scala:53)
[2025-10-29T03:23:00.863+0700] {subprocess.py:93} INFO - 	at org.apache.spark.sql.execution.streaming.sources.PythonForeachBatchHelper$.$anonfun$callForeachBatch$1$adapted(ForeachBatchSink.scala:53)
[2025-10-29T03:23:00.863+0700] {subprocess.py:93} INFO - 	at org.apache.spark.sql.execution.streaming.sources.ForeachBatchSink.addBatch(ForeachBatchSink.scala:34)
[2025-10-29T03:23:00.863+0700] {subprocess.py:93} INFO - 	at org.apache.spark.sql.execution.streaming.MicroBatchExecution.$anonfun$runBatch$17(MicroBatchExecution.scala:732)
[2025-10-29T03:23:00.863+0700] {subprocess.py:93} INFO - 	at org.apache.spark.sql.execution.SQLExecution$.$anonfun$withNewExecutionId$6(SQLExecution.scala:125)
[2025-10-29T03:23:00.863+0700] {subprocess.py:93} INFO - 	at org.apache.spark.sql.execution.SQLExecution$.withSQLConfPropagated(SQLExecution.scala:201)
[2025-10-29T03:23:00.863+0700] {subprocess.py:93} INFO - 	at org.apache.spark.sql.execution.SQLExecution$.$anonfun$withNewExecutionId$1(SQLExecution.scala:108)
[2025-10-29T03:23:00.863+0700] {subprocess.py:93} INFO - 	at org.apache.spark.sql.SparkSession.withActive(SparkSession.scala:900)
[2025-10-29T03:23:00.863+0700] {subprocess.py:93} INFO - 	at org.apache.spark.sql.execution.SQLExecution$.withNewExecutionId(SQLExecution.scala:66)
[2025-10-29T03:23:00.863+0700] {subprocess.py:93} INFO - 	at org.apache.spark.sql.execution.streaming.MicroBatchExecution.$anonfun$runBatch$16(MicroBatchExecution.scala:729)
[2025-10-29T03:23:00.863+0700] {subprocess.py:93} INFO - 	at org.apache.spark.sql.execution.streaming.ProgressReporter.reportTimeTaken(ProgressReporter.scala:427)
[2025-10-29T03:23:00.863+0700] {subprocess.py:93} INFO - 	at org.apache.spark.sql.execution.streaming.ProgressReporter.reportTimeTaken$(ProgressReporter.scala:425)
[2025-10-29T03:23:00.864+0700] {subprocess.py:93} INFO - 	at org.apache.spark.sql.execution.streaming.StreamExecution.reportTimeTaken(StreamExecution.scala:67)
[2025-10-29T03:23:00.864+0700] {subprocess.py:93} INFO - 	at org.apache.spark.sql.execution.streaming.MicroBatchExecution.runBatch(MicroBatchExecution.scala:729)
[2025-10-29T03:23:00.864+0700] {subprocess.py:93} INFO - 	at org.apache.spark.sql.execution.streaming.MicroBatchExecution.$anonfun$runActivatedStream$2(MicroBatchExecution.scala:286)
[2025-10-29T03:23:00.864+0700] {subprocess.py:93} INFO - 	at scala.runtime.java8.JFunction0$mcV$sp.apply(JFunction0$mcV$sp.java:23)
[2025-10-29T03:23:00.864+0700] {subprocess.py:93} INFO - 	at org.apache.spark.sql.execution.streaming.ProgressReporter.reportTimeTaken(ProgressReporter.scala:427)
[2025-10-29T03:23:00.864+0700] {subprocess.py:93} INFO - 	at org.apache.spark.sql.execution.streaming.ProgressReporter.reportTimeTaken$(ProgressReporter.scala:425)
[2025-10-29T03:23:00.864+0700] {subprocess.py:93} INFO - 	at org.apache.spark.sql.execution.streaming.StreamExecution.reportTimeTaken(StreamExecution.scala:67)
[2025-10-29T03:23:00.864+0700] {subprocess.py:93} INFO - 	at org.apache.spark.sql.execution.streaming.MicroBatchExecution.$anonfun$runActivatedStream$1(MicroBatchExecution.scala:249)
[2025-10-29T03:23:00.864+0700] {subprocess.py:93} INFO - 	at org.apache.spark.sql.execution.streaming.ProcessingTimeExecutor.execute(TriggerExecutor.scala:67)
[2025-10-29T03:23:00.864+0700] {subprocess.py:93} INFO - 	at org.apache.spark.sql.execution.streaming.MicroBatchExecution.runActivatedStream(MicroBatchExecution.scala:239)
[2025-10-29T03:23:00.864+0700] {subprocess.py:93} INFO - 	at org.apache.spark.sql.execution.streaming.StreamExecution.$anonfun$runStream$1(StreamExecution.scala:311)
[2025-10-29T03:23:00.865+0700] {subprocess.py:93} INFO - 	at scala.runtime.java8.JFunction0$mcV$sp.apply(JFunction0$mcV$sp.java:23)
[2025-10-29T03:23:00.865+0700] {subprocess.py:93} INFO - 	at org.apache.spark.sql.SparkSession.withActive(SparkSession.scala:900)
[2025-10-29T03:23:00.865+0700] {subprocess.py:93} INFO - 	at org.apache.spark.sql.execution.streaming.StreamExecution.org$apache$spark$sql$execution$streaming$StreamExecution$$runStream(StreamExecution.scala:289)
[2025-10-29T03:23:00.865+0700] {subprocess.py:93} INFO - 	at org.apache.spark.sql.execution.streaming.StreamExecution$$anon$1.$anonfun$run$1(StreamExecution.scala:211)
[2025-10-29T03:23:00.865+0700] {subprocess.py:93} INFO - 	at scala.runtime.java8.JFunction0$mcV$sp.apply(JFunction0$mcV$sp.java:23)
[2025-10-29T03:23:00.865+0700] {subprocess.py:93} INFO - 	at org.apache.spark.JobArtifactSet$.withActiveJobArtifactState(JobArtifactSet.scala:94)
[2025-10-29T03:23:00.865+0700] {subprocess.py:93} INFO - 	at org.apache.spark.sql.execution.streaming.StreamExecution$$anon$1.run(StreamExecution.scala:211)
[2025-10-29T03:23:00.915+0700] {subprocess.py:93} INFO - Traceback (most recent call last):
[2025-10-29T03:23:00.916+0700] {subprocess.py:93} INFO -   File "/opt/***/projects/absa_streaming/scripts/consumer_postgres_streaming.py", line 175, in <module>
[2025-10-29T03:23:00.916+0700] {subprocess.py:93} INFO -     query.awaitTermination()
[2025-10-29T03:23:00.916+0700] {subprocess.py:93} INFO -   File "/home/***/.local/lib/python3.12/site-packages/pyspark/python/lib/pyspark.zip/pyspark/sql/streaming/query.py", line 221, in awaitTermination
[2025-10-29T03:23:00.916+0700] {subprocess.py:93} INFO -   File "/home/***/.local/lib/python3.12/site-packages/pyspark/python/lib/py4j-0.10.9.7-src.zip/py4j/java_gateway.py", line 1322, in __call__
[2025-10-29T03:23:00.916+0700] {subprocess.py:93} INFO -   File "/home/***/.local/lib/python3.12/site-packages/pyspark/python/lib/pyspark.zip/pyspark/errors/exceptions/captured.py", line 185, in deco
[2025-10-29T03:23:00.917+0700] {subprocess.py:93} INFO - pyspark.errors.exceptions.captured.StreamingQueryException: [STREAM_FAILED] Query [id = e70e1fbd-44b1-4a64-8a1b-3f92a0c2382b, runId = 81919265-5b96-44f7-83c8-9fc4b4629f3f] terminated with exception: An exception was raised by the Python Proxy. Return Message: Traceback (most recent call last):
[2025-10-29T03:23:00.917+0700] {subprocess.py:93} INFO -   File "/home/***/.local/lib/python3.12/site-packages/pyspark/python/lib/py4j-0.10.9.7-src.zip/py4j/clientserver.py", line 617, in _call_proxy
[2025-10-29T03:23:00.917+0700] {subprocess.py:93} INFO -     return_value = getattr(self.pool[obj_id], method)(*params)
[2025-10-29T03:23:00.918+0700] {subprocess.py:93} INFO -                    ^^^^^^^^^^^^^^^^^^^^^^^^^^^^^^^^^^^^^^^^^^^
[2025-10-29T03:23:00.918+0700] {subprocess.py:93} INFO -   File "/home/***/.local/lib/python3.12/site-packages/pyspark/python/lib/pyspark.zip/pyspark/sql/utils.py", line 120, in call
[2025-10-29T03:23:00.918+0700] {subprocess.py:93} INFO -     raise e
[2025-10-29T03:23:00.918+0700] {subprocess.py:93} INFO -   File "/home/***/.local/lib/python3.12/site-packages/pyspark/python/lib/pyspark.zip/pyspark/sql/utils.py", line 117, in call
[2025-10-29T03:23:00.918+0700] {subprocess.py:93} INFO -     self.func(DataFrame(jdf, wrapped_session_jdf), batch_id)
[2025-10-29T03:23:00.918+0700] {subprocess.py:93} INFO -   File "/opt/***/projects/absa_streaming/scripts/consumer_postgres_streaming.py", line 125, in write_to_postgres
[2025-10-29T03:23:00.918+0700] {subprocess.py:93} INFO -     total_rows = batch_df.count()
[2025-10-29T03:23:00.918+0700] {subprocess.py:93} INFO -                  ^^^^^^^^^^^^^^^^
[2025-10-29T03:23:00.918+0700] {subprocess.py:93} INFO -   File "/home/***/.local/lib/python3.12/site-packages/pyspark/python/lib/pyspark.zip/pyspark/sql/dataframe.py", line 1238, in count
[2025-10-29T03:23:00.918+0700] {subprocess.py:93} INFO -     return int(self._jdf.count())
[2025-10-29T03:23:00.919+0700] {subprocess.py:93} INFO -                ^^^^^^^^^^^^^^^^^
[2025-10-29T03:23:00.919+0700] {subprocess.py:93} INFO -   File "/home/***/.local/lib/python3.12/site-packages/pyspark/python/lib/py4j-0.10.9.7-src.zip/py4j/java_gateway.py", line 1322, in __call__
[2025-10-29T03:23:00.919+0700] {subprocess.py:93} INFO -     return_value = get_return_value(
[2025-10-29T03:23:00.919+0700] {subprocess.py:93} INFO -                    ^^^^^^^^^^^^^^^^^
[2025-10-29T03:23:00.919+0700] {subprocess.py:93} INFO -   File "/home/***/.local/lib/python3.12/site-packages/pyspark/python/lib/pyspark.zip/pyspark/errors/exceptions/captured.py", line 185, in deco
[2025-10-29T03:23:00.919+0700] {subprocess.py:93} INFO -     raise converted from None
[2025-10-29T03:23:00.919+0700] {subprocess.py:93} INFO - pyspark.errors.exceptions.captured.PythonException:
[2025-10-29T03:23:00.919+0700] {subprocess.py:93} INFO -   An exception was thrown from the Python worker. Please see the stack trace below.
[2025-10-29T03:23:00.919+0700] {subprocess.py:93} INFO - Traceback (most recent call last):
[2025-10-29T03:23:00.919+0700] {subprocess.py:93} INFO -   File "/opt/***/projects/absa_streaming/scripts/consumer_postgres_streaming.py", line 73, in absa_infer_udf
[2025-10-29T03:23:00.919+0700] {subprocess.py:93} INFO -     _tokenizer = AutoTokenizer.from_pretrained(MODEL_NAME, use_fast=True)
[2025-10-29T03:23:00.919+0700] {subprocess.py:93} INFO -                  ^^^^^^^^^^^^^^^^^^^^^^^^^^^^^^^^^^^^^^^^^^^^^^^^^^^^^^^^
[2025-10-29T03:23:00.920+0700] {subprocess.py:93} INFO -   File "/home/***/.local/lib/python3.12/site-packages/transformers/models/auto/tokenization_auto.py", line 817, in from_pretrained
[2025-10-29T03:23:00.920+0700] {subprocess.py:93} INFO -     tokenizer_config = get_tokenizer_config(pretrained_model_name_or_path, **kwargs)
[2025-10-29T03:23:00.920+0700] {subprocess.py:93} INFO -                        ^^^^^^^^^^^^^^^^^^^^^^^^^^^^^^^^^^^^^^^^^^^^^^^^^^^^^^^^^^^^^
[2025-10-29T03:23:00.920+0700] {subprocess.py:93} INFO -   File "/home/***/.local/lib/python3.12/site-packages/transformers/models/auto/tokenization_auto.py", line 649, in get_tokenizer_config
[2025-10-29T03:23:00.920+0700] {subprocess.py:93} INFO -     resolved_config_file = cached_file(
[2025-10-29T03:23:00.920+0700] {subprocess.py:93} INFO -                            ^^^^^^^^^^^^
[2025-10-29T03:23:00.920+0700] {subprocess.py:93} INFO -   File "/home/***/.local/lib/python3.12/site-packages/transformers/utils/hub.py", line 462, in cached_file
[2025-10-29T03:23:00.920+0700] {subprocess.py:93} INFO -     except HFValidationError as e:
[2025-10-29T03:23:00.920+0700] {subprocess.py:93} INFO -   File "/home/***/.local/lib/python3.12/site-packages/huggingface_hub/utils/_validators.py", line 114, in _inner_fn
[2025-10-29T03:23:00.920+0700] {subprocess.py:93} INFO -     return fn(*args, **kwargs)
[2025-10-29T03:23:00.920+0700] {subprocess.py:93} INFO -            ^^^^^^^^^^^^^^^^^^^
[2025-10-29T03:23:00.921+0700] {subprocess.py:93} INFO -   File "/home/***/.local/lib/python3.12/site-packages/huggingface_hub/file_download.py", line 1007, in hf_hub_download
[2025-10-29T03:23:00.921+0700] {subprocess.py:93} INFO -     return _hf_hub_download_to_cache_dir(
[2025-10-29T03:23:00.921+0700] {subprocess.py:93} INFO -            ^^^^^^^^^^^^^^^^^^^^^^^^^^^^^^
[2025-10-29T03:23:00.921+0700] {subprocess.py:93} INFO -   File "/home/***/.local/lib/python3.12/site-packages/huggingface_hub/file_download.py", line 1124, in _hf_hub_download_to_cache_dir
[2025-10-29T03:23:00.921+0700] {subprocess.py:93} INFO -     os.makedirs(os.path.dirname(blob_path), exist_ok=True)
[2025-10-29T03:23:00.921+0700] {subprocess.py:93} INFO -   File "<frozen os>", line 216, in makedirs
[2025-10-29T03:23:00.921+0700] {subprocess.py:93} INFO -   File "<frozen os>", line 216, in makedirs
[2025-10-29T03:23:00.921+0700] {subprocess.py:93} INFO -   File "<frozen os>", line 216, in makedirs
[2025-10-29T03:23:00.921+0700] {subprocess.py:93} INFO -   File "<frozen os>", line 230, in makedirs
[2025-10-29T03:23:00.921+0700] {subprocess.py:93} INFO - PermissionError: [Errno 13] Permission denied: '/home/***/.cache/huggingface'
[2025-10-29T03:23:00.921+0700] {subprocess.py:93} INFO - 
[2025-10-29T03:23:00.921+0700] {subprocess.py:93} INFO - 
[2025-10-29T03:23:01.325+0700] {subprocess.py:97} INFO - Command exited with return code 1
[2025-10-29T03:23:01.326+0700] {taskinstance.py:441} INFO - ::group::Post task execution logs
[2025-10-29T03:23:01.332+0700] {taskinstance.py:2890} ERROR - Task failed with exception
Traceback (most recent call last):
  File "/home/airflow/.local/lib/python3.12/site-packages/airflow/models/taskinstance.py", line 460, in _execute_task
    result = _execute_callable(context=context, **execute_callable_kwargs)
             ^^^^^^^^^^^^^^^^^^^^^^^^^^^^^^^^^^^^^^^^^^^^^^^^^^^^^^^^^^^^^
  File "/home/airflow/.local/lib/python3.12/site-packages/airflow/models/taskinstance.py", line 432, in _execute_callable
    return execute_callable(context=context, **execute_callable_kwargs)
           ^^^^^^^^^^^^^^^^^^^^^^^^^^^^^^^^^^^^^^^^^^^^^^^^^^^^^^^^^^^^
  File "/home/airflow/.local/lib/python3.12/site-packages/airflow/models/baseoperator.py", line 400, in wrapper
    return func(self, *args, **kwargs)
           ^^^^^^^^^^^^^^^^^^^^^^^^^^^
  File "/home/airflow/.local/lib/python3.12/site-packages/airflow/operators/bash.py", line 243, in execute
    raise AirflowException(
airflow.exceptions.AirflowException: Bash command failed. The command returned a non-zero exit code 1.
[2025-10-29T03:23:01.334+0700] {taskinstance.py:1205} INFO - Marking task as UP_FOR_RETRY. dag_id=absa_streaming_lifecycle_demo1, task_id=deploy_consumer, execution_date=20251028T190000, start_date=20251028T202246, end_date=20251028T202301
[2025-10-29T03:23:01.341+0700] {standard_task_runner.py:110} ERROR - Failed to execute job 21 for task deploy_consumer (Bash command failed. The command returned a non-zero exit code 1.; 6700)
[2025-10-29T03:23:01.363+0700] {local_task_job_runner.py:240} INFO - Task exited with return code 1
[2025-10-29T03:23:01.375+0700] {taskinstance.py:3482} INFO - 0 downstream tasks scheduled from follow-on schedule check
[2025-10-29T03:23:01.376+0700] {local_task_job_runner.py:222} INFO - ::endgroup::
