[2025-10-29T03:35:12.052+0700] {local_task_job_runner.py:120} INFO - ::group::Pre task execution logs
[2025-10-29T03:35:12.066+0700] {taskinstance.py:2073} INFO - Dependencies all met for dep_context=non-requeueable deps ti=<TaskInstance: absa_streaming_lifecycle_demo1.deploy_consumer scheduled__2025-10-28T19:00:00+00:00 [queued]>
[2025-10-29T03:35:12.071+0700] {taskinstance.py:2073} INFO - Dependencies all met for dep_context=requeueable deps ti=<TaskInstance: absa_streaming_lifecycle_demo1.deploy_consumer scheduled__2025-10-28T19:00:00+00:00 [queued]>
[2025-10-29T03:35:12.071+0700] {taskinstance.py:2303} INFO - Starting attempt 14 of 17
[2025-10-29T03:35:12.079+0700] {taskinstance.py:2327} INFO - Executing <Task(BashOperator): deploy_consumer> on 2025-10-28 19:00:00+00:00
[2025-10-29T03:35:12.085+0700] {warnings.py:110} WARNING - /home/***/.local/lib/python3.12/site-packages/***/task/task_runner/standard_task_runner.py:61: DeprecationWarning: This process (pid=11034) is multi-threaded, use of fork() may lead to deadlocks in the child.
  pid = os.fork()

[2025-10-29T03:35:12.086+0700] {standard_task_runner.py:63} INFO - Started process 11036 to run task
[2025-10-29T03:35:12.086+0700] {standard_task_runner.py:90} INFO - Running: ['***', 'tasks', 'run', 'absa_streaming_lifecycle_demo1', 'deploy_consumer', 'scheduled__2025-10-28T19:00:00+00:00', '--job-id', '32', '--raw', '--subdir', 'DAGS_FOLDER/absa_streaming_lifecycle_dag1.py', '--cfg-path', '/tmp/tmpvwq7ous4']
[2025-10-29T03:35:12.088+0700] {standard_task_runner.py:91} INFO - Job 32: Subtask deploy_consumer
[2025-10-29T03:35:12.126+0700] {task_command.py:426} INFO - Running <TaskInstance: absa_streaming_lifecycle_demo1.deploy_consumer scheduled__2025-10-28T19:00:00+00:00 [running]> on host dfeadd712fc3
[2025-10-29T03:35:12.193+0700] {taskinstance.py:2644} INFO - Exporting env vars: AIRFLOW_CTX_DAG_OWNER='***' AIRFLOW_CTX_DAG_ID='absa_streaming_lifecycle_demo1' AIRFLOW_CTX_TASK_ID='deploy_consumer' AIRFLOW_CTX_EXECUTION_DATE='2025-10-28T19:00:00+00:00' AIRFLOW_CTX_TRY_NUMBER='14' AIRFLOW_CTX_DAG_RUN_ID='scheduled__2025-10-28T19:00:00+00:00'
[2025-10-29T03:35:12.195+0700] {taskinstance.py:430} INFO - ::endgroup::
[2025-10-29T03:35:12.196+0700] {subprocess.py:63} INFO - Tmp dir root location: /tmp
[2025-10-29T03:35:12.197+0700] {subprocess.py:75} INFO - Running command: ['/usr/bin/bash', '-c', 'bash -c "timeout 45m /opt/***/projects/absa_streaming/scripts/run_consumer.sh"']
[2025-10-29T03:35:12.213+0700] {subprocess.py:86} INFO - Output:
[2025-10-29T03:35:12.221+0700] {subprocess.py:93} INFO - [Consumer] Starting Spark Structured Streaming job...
[2025-10-29T03:35:12.263+0700] {subprocess.py:93} INFO - /home/***/.local/lib/python3.12/site-packages/pyspark/bin/load-spark-env.sh: line 68: ps: command not found
[2025-10-29T03:35:13.230+0700] {subprocess.py:93} INFO - :: loading settings :: url = jar:file:/home/***/.local/lib/python3.12/site-packages/pyspark/jars/ivy-2.5.1.jar!/org/apache/ivy/core/settings/ivysettings.xml
[2025-10-29T03:35:13.277+0700] {subprocess.py:93} INFO - Ivy Default Cache set to: /home/***/.ivy2/cache
[2025-10-29T03:35:13.277+0700] {subprocess.py:93} INFO - The jars for the packages stored in: /home/***/.ivy2/jars
[2025-10-29T03:35:13.280+0700] {subprocess.py:93} INFO - org.apache.spark#spark-sql-kafka-0-10_2.12 added as a dependency
[2025-10-29T03:35:13.281+0700] {subprocess.py:93} INFO - org.postgresql#postgresql added as a dependency
[2025-10-29T03:35:13.281+0700] {subprocess.py:93} INFO - :: resolving dependencies :: org.apache.spark#spark-submit-parent-de1e484a-155b-4e6d-91f3-236ddebf70e5;1.0
[2025-10-29T03:35:13.281+0700] {subprocess.py:93} INFO - 	confs: [default]
[2025-10-29T03:35:13.397+0700] {subprocess.py:93} INFO - 	found org.apache.spark#spark-sql-kafka-0-10_2.12;3.5.1 in central
[2025-10-29T03:35:13.439+0700] {subprocess.py:93} INFO - 	found org.apache.spark#spark-token-provider-kafka-0-10_2.12;3.5.1 in central
[2025-10-29T03:35:13.459+0700] {subprocess.py:93} INFO - 	found org.apache.kafka#kafka-clients;3.4.1 in central
[2025-10-29T03:35:13.476+0700] {subprocess.py:93} INFO - 	found org.lz4#lz4-java;1.8.0 in central
[2025-10-29T03:35:13.490+0700] {subprocess.py:93} INFO - 	found org.xerial.snappy#snappy-java;1.1.10.3 in central
[2025-10-29T03:35:13.503+0700] {subprocess.py:93} INFO - 	found org.slf4j#slf4j-api;2.0.7 in central
[2025-10-29T03:35:13.523+0700] {subprocess.py:93} INFO - 	found org.apache.hadoop#hadoop-client-runtime;3.3.4 in central
[2025-10-29T03:35:13.548+0700] {subprocess.py:93} INFO - 	found org.apache.hadoop#hadoop-client-api;3.3.4 in central
[2025-10-29T03:35:13.573+0700] {subprocess.py:93} INFO - 	found commons-logging#commons-logging;1.1.3 in central
[2025-10-29T03:35:13.586+0700] {subprocess.py:93} INFO - 	found com.google.code.findbugs#jsr305;3.0.0 in central
[2025-10-29T03:35:13.598+0700] {subprocess.py:93} INFO - 	found org.apache.commons#commons-pool2;2.11.1 in central
[2025-10-29T03:35:13.608+0700] {subprocess.py:93} INFO - 	found org.postgresql#postgresql;42.6.0 in central
[2025-10-29T03:35:13.618+0700] {subprocess.py:93} INFO - 	found org.checkerframework#checker-qual;3.31.0 in central
[2025-10-29T03:35:13.639+0700] {subprocess.py:93} INFO - :: resolution report :: resolve 345ms :: artifacts dl 13ms
[2025-10-29T03:35:13.639+0700] {subprocess.py:93} INFO - 	:: modules in use:
[2025-10-29T03:35:13.639+0700] {subprocess.py:93} INFO - 	com.google.code.findbugs#jsr305;3.0.0 from central in [default]
[2025-10-29T03:35:13.640+0700] {subprocess.py:93} INFO - 	commons-logging#commons-logging;1.1.3 from central in [default]
[2025-10-29T03:35:13.640+0700] {subprocess.py:93} INFO - 	org.apache.commons#commons-pool2;2.11.1 from central in [default]
[2025-10-29T03:35:13.640+0700] {subprocess.py:93} INFO - 	org.apache.hadoop#hadoop-client-api;3.3.4 from central in [default]
[2025-10-29T03:35:13.640+0700] {subprocess.py:93} INFO - 	org.apache.hadoop#hadoop-client-runtime;3.3.4 from central in [default]
[2025-10-29T03:35:13.640+0700] {subprocess.py:93} INFO - 	org.apache.kafka#kafka-clients;3.4.1 from central in [default]
[2025-10-29T03:35:13.641+0700] {subprocess.py:93} INFO - 	org.apache.spark#spark-sql-kafka-0-10_2.12;3.5.1 from central in [default]
[2025-10-29T03:35:13.641+0700] {subprocess.py:93} INFO - 	org.apache.spark#spark-token-provider-kafka-0-10_2.12;3.5.1 from central in [default]
[2025-10-29T03:35:13.641+0700] {subprocess.py:93} INFO - 	org.checkerframework#checker-qual;3.31.0 from central in [default]
[2025-10-29T03:35:13.641+0700] {subprocess.py:93} INFO - 	org.lz4#lz4-java;1.8.0 from central in [default]
[2025-10-29T03:35:13.641+0700] {subprocess.py:93} INFO - 	org.postgresql#postgresql;42.6.0 from central in [default]
[2025-10-29T03:35:13.641+0700] {subprocess.py:93} INFO - 	org.slf4j#slf4j-api;2.0.7 from central in [default]
[2025-10-29T03:35:13.642+0700] {subprocess.py:93} INFO - 	org.xerial.snappy#snappy-java;1.1.10.3 from central in [default]
[2025-10-29T03:35:13.642+0700] {subprocess.py:93} INFO - 	---------------------------------------------------------------------
[2025-10-29T03:35:13.642+0700] {subprocess.py:93} INFO - 	|                  |            modules            ||   artifacts   |
[2025-10-29T03:35:13.642+0700] {subprocess.py:93} INFO - 	|       conf       | number| search|dwnlded|evicted|| number|dwnlded|
[2025-10-29T03:35:13.642+0700] {subprocess.py:93} INFO - 	---------------------------------------------------------------------
[2025-10-29T03:35:13.642+0700] {subprocess.py:93} INFO - 	|      default     |   13  |   0   |   0   |   0   ||   13  |   0   |
[2025-10-29T03:35:13.643+0700] {subprocess.py:93} INFO - 	---------------------------------------------------------------------
[2025-10-29T03:35:13.645+0700] {subprocess.py:93} INFO - :: retrieving :: org.apache.spark#spark-submit-parent-de1e484a-155b-4e6d-91f3-236ddebf70e5
[2025-10-29T03:35:13.645+0700] {subprocess.py:93} INFO - 	confs: [default]
[2025-10-29T03:35:13.653+0700] {subprocess.py:93} INFO - 	0 artifacts copied, 13 already retrieved (0kB/7ms)
[2025-10-29T03:35:13.789+0700] {subprocess.py:93} INFO - 25/10/29 03:35:13 WARN NativeCodeLoader: Unable to load native-hadoop library for your platform... using builtin-java classes where applicable
[2025-10-29T03:35:17.366+0700] {subprocess.py:93} INFO - There was a problem when trying to write in your cache folder (/home/***/.cache/huggingface/hub). You should set the environment variable TRANSFORMERS_CACHE to a writable directory.
[2025-10-29T03:35:17.516+0700] {subprocess.py:93} INFO - 25/10/29 03:35:17 INFO SparkContext: Running Spark version 3.5.1
[2025-10-29T03:35:17.516+0700] {subprocess.py:93} INFO - 25/10/29 03:35:17 INFO SparkContext: OS info Linux, 6.14.0-33-generic, amd64
[2025-10-29T03:35:17.516+0700] {subprocess.py:93} INFO - 25/10/29 03:35:17 INFO SparkContext: Java version 17.0.17
[2025-10-29T03:35:17.532+0700] {subprocess.py:93} INFO - 25/10/29 03:35:17 INFO ResourceUtils: ==============================================================
[2025-10-29T03:35:17.532+0700] {subprocess.py:93} INFO - 25/10/29 03:35:17 INFO ResourceUtils: No custom resources configured for spark.driver.
[2025-10-29T03:35:17.532+0700] {subprocess.py:93} INFO - 25/10/29 03:35:17 INFO ResourceUtils: ==============================================================
[2025-10-29T03:35:17.532+0700] {subprocess.py:93} INFO - 25/10/29 03:35:17 INFO SparkContext: Submitted application: Kafka_ABSA_Postgres
[2025-10-29T03:35:17.548+0700] {subprocess.py:93} INFO - 25/10/29 03:35:17 INFO ResourceProfile: Default ResourceProfile created, executor resources: Map(cores -> name: cores, amount: 1, script: , vendor: , memory -> name: memory, amount: 1024, script: , vendor: , offHeap -> name: offHeap, amount: 0, script: , vendor: ), task resources: Map(cpus -> name: cpus, amount: 1.0)
[2025-10-29T03:35:17.555+0700] {subprocess.py:93} INFO - 25/10/29 03:35:17 INFO ResourceProfile: Limiting resource is cpu
[2025-10-29T03:35:17.555+0700] {subprocess.py:93} INFO - 25/10/29 03:35:17 INFO ResourceProfileManager: Added ResourceProfile id: 0
[2025-10-29T03:35:17.590+0700] {subprocess.py:93} INFO - 25/10/29 03:35:17 INFO SecurityManager: Changing view acls to: default
[2025-10-29T03:35:17.591+0700] {subprocess.py:93} INFO - 25/10/29 03:35:17 INFO SecurityManager: Changing modify acls to: default
[2025-10-29T03:35:17.591+0700] {subprocess.py:93} INFO - 25/10/29 03:35:17 INFO SecurityManager: Changing view acls groups to:
[2025-10-29T03:35:17.591+0700] {subprocess.py:93} INFO - 25/10/29 03:35:17 INFO SecurityManager: Changing modify acls groups to:
[2025-10-29T03:35:17.591+0700] {subprocess.py:93} INFO - 25/10/29 03:35:17 INFO SecurityManager: SecurityManager: authentication disabled; ui acls disabled; users with view permissions: default; groups with view permissions: EMPTY; users with modify permissions: default; groups with modify permissions: EMPTY
[2025-10-29T03:35:17.752+0700] {subprocess.py:93} INFO - 25/10/29 03:35:17 INFO Utils: Successfully started service 'sparkDriver' on port 44653.
[2025-10-29T03:35:17.780+0700] {subprocess.py:93} INFO - 25/10/29 03:35:17 INFO SparkEnv: Registering MapOutputTracker
[2025-10-29T03:35:17.806+0700] {subprocess.py:93} INFO - 25/10/29 03:35:17 INFO SparkEnv: Registering BlockManagerMaster
[2025-10-29T03:35:17.817+0700] {subprocess.py:93} INFO - 25/10/29 03:35:17 INFO BlockManagerMasterEndpoint: Using org.apache.spark.storage.DefaultTopologyMapper for getting topology information
[2025-10-29T03:35:17.818+0700] {subprocess.py:93} INFO - 25/10/29 03:35:17 INFO BlockManagerMasterEndpoint: BlockManagerMasterEndpoint up
[2025-10-29T03:35:17.821+0700] {subprocess.py:93} INFO - 25/10/29 03:35:17 INFO SparkEnv: Registering BlockManagerMasterHeartbeat
[2025-10-29T03:35:17.837+0700] {subprocess.py:93} INFO - 25/10/29 03:35:17 INFO DiskBlockManager: Created local directory at /tmp/blockmgr-f78bac33-1df4-471c-ade8-0fa661c80dcb
[2025-10-29T03:35:17.849+0700] {subprocess.py:93} INFO - 25/10/29 03:35:17 INFO MemoryStore: MemoryStore started with capacity 434.4 MiB
[2025-10-29T03:35:17.866+0700] {subprocess.py:93} INFO - 25/10/29 03:35:17 INFO SparkEnv: Registering OutputCommitCoordinator
[2025-10-29T03:35:17.985+0700] {subprocess.py:93} INFO - 25/10/29 03:35:17 INFO JettyUtils: Start Jetty 0.0.0.0:4040 for SparkUI
[2025-10-29T03:35:18.050+0700] {subprocess.py:93} INFO - 25/10/29 03:35:18 INFO Utils: Successfully started service 'SparkUI' on port 4040.
[2025-10-29T03:35:18.098+0700] {subprocess.py:93} INFO - 25/10/29 03:35:18 INFO SparkContext: Added JAR file:///home/***/.ivy2/jars/org.apache.spark_spark-sql-kafka-0-10_2.12-3.5.1.jar at spark://dfeadd712fc3:44653/jars/org.apache.spark_spark-sql-kafka-0-10_2.12-3.5.1.jar with timestamp 1761683717511
[2025-10-29T03:35:18.099+0700] {subprocess.py:93} INFO - 25/10/29 03:35:18 INFO SparkContext: Added JAR file:///home/***/.ivy2/jars/org.postgresql_postgresql-42.6.0.jar at spark://dfeadd712fc3:44653/jars/org.postgresql_postgresql-42.6.0.jar with timestamp 1761683717511
[2025-10-29T03:35:18.099+0700] {subprocess.py:93} INFO - 25/10/29 03:35:18 INFO SparkContext: Added JAR file:///home/***/.ivy2/jars/org.apache.spark_spark-token-provider-kafka-0-10_2.12-3.5.1.jar at spark://dfeadd712fc3:44653/jars/org.apache.spark_spark-token-provider-kafka-0-10_2.12-3.5.1.jar with timestamp 1761683717511
[2025-10-29T03:35:18.100+0700] {subprocess.py:93} INFO - 25/10/29 03:35:18 INFO SparkContext: Added JAR file:///home/***/.ivy2/jars/org.apache.kafka_kafka-clients-3.4.1.jar at spark://dfeadd712fc3:44653/jars/org.apache.kafka_kafka-clients-3.4.1.jar with timestamp 1761683717511
[2025-10-29T03:35:18.100+0700] {subprocess.py:93} INFO - 25/10/29 03:35:18 INFO SparkContext: Added JAR file:///home/***/.ivy2/jars/com.google.code.findbugs_jsr305-3.0.0.jar at spark://dfeadd712fc3:44653/jars/com.google.code.findbugs_jsr305-3.0.0.jar with timestamp 1761683717511
[2025-10-29T03:35:18.100+0700] {subprocess.py:93} INFO - 25/10/29 03:35:18 INFO SparkContext: Added JAR file:///home/***/.ivy2/jars/org.apache.commons_commons-pool2-2.11.1.jar at spark://dfeadd712fc3:44653/jars/org.apache.commons_commons-pool2-2.11.1.jar with timestamp 1761683717511
[2025-10-29T03:35:18.101+0700] {subprocess.py:93} INFO - 25/10/29 03:35:18 INFO SparkContext: Added JAR file:///home/***/.ivy2/jars/org.apache.hadoop_hadoop-client-runtime-3.3.4.jar at spark://dfeadd712fc3:44653/jars/org.apache.hadoop_hadoop-client-runtime-3.3.4.jar with timestamp 1761683717511
[2025-10-29T03:35:18.101+0700] {subprocess.py:93} INFO - 25/10/29 03:35:18 INFO SparkContext: Added JAR file:///home/***/.ivy2/jars/org.lz4_lz4-java-1.8.0.jar at spark://dfeadd712fc3:44653/jars/org.lz4_lz4-java-1.8.0.jar with timestamp 1761683717511
[2025-10-29T03:35:18.102+0700] {subprocess.py:93} INFO - 25/10/29 03:35:18 INFO SparkContext: Added JAR file:///home/***/.ivy2/jars/org.xerial.snappy_snappy-java-1.1.10.3.jar at spark://dfeadd712fc3:44653/jars/org.xerial.snappy_snappy-java-1.1.10.3.jar with timestamp 1761683717511
[2025-10-29T03:35:18.102+0700] {subprocess.py:93} INFO - 25/10/29 03:35:18 INFO SparkContext: Added JAR file:///home/***/.ivy2/jars/org.slf4j_slf4j-api-2.0.7.jar at spark://dfeadd712fc3:44653/jars/org.slf4j_slf4j-api-2.0.7.jar with timestamp 1761683717511
[2025-10-29T03:35:18.102+0700] {subprocess.py:93} INFO - 25/10/29 03:35:18 INFO SparkContext: Added JAR file:///home/***/.ivy2/jars/org.apache.hadoop_hadoop-client-api-3.3.4.jar at spark://dfeadd712fc3:44653/jars/org.apache.hadoop_hadoop-client-api-3.3.4.jar with timestamp 1761683717511
[2025-10-29T03:35:18.103+0700] {subprocess.py:93} INFO - 25/10/29 03:35:18 INFO SparkContext: Added JAR file:///home/***/.ivy2/jars/commons-logging_commons-logging-1.1.3.jar at spark://dfeadd712fc3:44653/jars/commons-logging_commons-logging-1.1.3.jar with timestamp 1761683717511
[2025-10-29T03:35:18.103+0700] {subprocess.py:93} INFO - 25/10/29 03:35:18 INFO SparkContext: Added JAR file:///home/***/.ivy2/jars/org.checkerframework_checker-qual-3.31.0.jar at spark://dfeadd712fc3:44653/jars/org.checkerframework_checker-qual-3.31.0.jar with timestamp 1761683717511
[2025-10-29T03:35:18.106+0700] {subprocess.py:93} INFO - 25/10/29 03:35:18 INFO SparkContext: Added file file:///home/***/.ivy2/jars/org.apache.spark_spark-sql-kafka-0-10_2.12-3.5.1.jar at file:///home/***/.ivy2/jars/org.apache.spark_spark-sql-kafka-0-10_2.12-3.5.1.jar with timestamp 1761683717511
[2025-10-29T03:35:18.108+0700] {subprocess.py:93} INFO - 25/10/29 03:35:18 INFO Utils: Copying /home/***/.ivy2/jars/org.apache.spark_spark-sql-kafka-0-10_2.12-3.5.1.jar to /tmp/spark-fdb0df28-6e6d-4526-a651-0c88eaaf75a9/userFiles-5d6f0a5f-1927-4e64-a3a9-d177d004fc55/org.apache.spark_spark-sql-kafka-0-10_2.12-3.5.1.jar
[2025-10-29T03:35:18.123+0700] {subprocess.py:93} INFO - 25/10/29 03:35:18 INFO SparkContext: Added file file:///home/***/.ivy2/jars/org.postgresql_postgresql-42.6.0.jar at file:///home/***/.ivy2/jars/org.postgresql_postgresql-42.6.0.jar with timestamp 1761683717511
[2025-10-29T03:35:18.124+0700] {subprocess.py:93} INFO - 25/10/29 03:35:18 INFO Utils: Copying /home/***/.ivy2/jars/org.postgresql_postgresql-42.6.0.jar to /tmp/spark-fdb0df28-6e6d-4526-a651-0c88eaaf75a9/userFiles-5d6f0a5f-1927-4e64-a3a9-d177d004fc55/org.postgresql_postgresql-42.6.0.jar
[2025-10-29T03:35:18.133+0700] {subprocess.py:93} INFO - 25/10/29 03:35:18 INFO SparkContext: Added file file:///home/***/.ivy2/jars/org.apache.spark_spark-token-provider-kafka-0-10_2.12-3.5.1.jar at file:///home/***/.ivy2/jars/org.apache.spark_spark-token-provider-kafka-0-10_2.12-3.5.1.jar with timestamp 1761683717511
[2025-10-29T03:35:18.134+0700] {subprocess.py:93} INFO - 25/10/29 03:35:18 INFO Utils: Copying /home/***/.ivy2/jars/org.apache.spark_spark-token-provider-kafka-0-10_2.12-3.5.1.jar to /tmp/spark-fdb0df28-6e6d-4526-a651-0c88eaaf75a9/userFiles-5d6f0a5f-1927-4e64-a3a9-d177d004fc55/org.apache.spark_spark-token-provider-kafka-0-10_2.12-3.5.1.jar
[2025-10-29T03:35:18.141+0700] {subprocess.py:93} INFO - 25/10/29 03:35:18 INFO SparkContext: Added file file:///home/***/.ivy2/jars/org.apache.kafka_kafka-clients-3.4.1.jar at file:///home/***/.ivy2/jars/org.apache.kafka_kafka-clients-3.4.1.jar with timestamp 1761683717511
[2025-10-29T03:35:18.142+0700] {subprocess.py:93} INFO - 25/10/29 03:35:18 INFO Utils: Copying /home/***/.ivy2/jars/org.apache.kafka_kafka-clients-3.4.1.jar to /tmp/spark-fdb0df28-6e6d-4526-a651-0c88eaaf75a9/userFiles-5d6f0a5f-1927-4e64-a3a9-d177d004fc55/org.apache.kafka_kafka-clients-3.4.1.jar
[2025-10-29T03:35:18.151+0700] {subprocess.py:93} INFO - 25/10/29 03:35:18 INFO SparkContext: Added file file:///home/***/.ivy2/jars/com.google.code.findbugs_jsr305-3.0.0.jar at file:///home/***/.ivy2/jars/com.google.code.findbugs_jsr305-3.0.0.jar with timestamp 1761683717511
[2025-10-29T03:35:18.151+0700] {subprocess.py:93} INFO - 25/10/29 03:35:18 INFO Utils: Copying /home/***/.ivy2/jars/com.google.code.findbugs_jsr305-3.0.0.jar to /tmp/spark-fdb0df28-6e6d-4526-a651-0c88eaaf75a9/userFiles-5d6f0a5f-1927-4e64-a3a9-d177d004fc55/com.google.code.findbugs_jsr305-3.0.0.jar
[2025-10-29T03:35:18.158+0700] {subprocess.py:93} INFO - 25/10/29 03:35:18 INFO SparkContext: Added file file:///home/***/.ivy2/jars/org.apache.commons_commons-pool2-2.11.1.jar at file:///home/***/.ivy2/jars/org.apache.commons_commons-pool2-2.11.1.jar with timestamp 1761683717511
[2025-10-29T03:35:18.158+0700] {subprocess.py:93} INFO - 25/10/29 03:35:18 INFO Utils: Copying /home/***/.ivy2/jars/org.apache.commons_commons-pool2-2.11.1.jar to /tmp/spark-fdb0df28-6e6d-4526-a651-0c88eaaf75a9/userFiles-5d6f0a5f-1927-4e64-a3a9-d177d004fc55/org.apache.commons_commons-pool2-2.11.1.jar
[2025-10-29T03:35:18.163+0700] {subprocess.py:93} INFO - 25/10/29 03:35:18 INFO SparkContext: Added file file:///home/***/.ivy2/jars/org.apache.hadoop_hadoop-client-runtime-3.3.4.jar at file:///home/***/.ivy2/jars/org.apache.hadoop_hadoop-client-runtime-3.3.4.jar with timestamp 1761683717511
[2025-10-29T03:35:18.164+0700] {subprocess.py:93} INFO - 25/10/29 03:35:18 INFO Utils: Copying /home/***/.ivy2/jars/org.apache.hadoop_hadoop-client-runtime-3.3.4.jar to /tmp/spark-fdb0df28-6e6d-4526-a651-0c88eaaf75a9/userFiles-5d6f0a5f-1927-4e64-a3a9-d177d004fc55/org.apache.hadoop_hadoop-client-runtime-3.3.4.jar
[2025-10-29T03:35:18.186+0700] {subprocess.py:93} INFO - 25/10/29 03:35:18 INFO SparkContext: Added file file:///home/***/.ivy2/jars/org.lz4_lz4-java-1.8.0.jar at file:///home/***/.ivy2/jars/org.lz4_lz4-java-1.8.0.jar with timestamp 1761683717511
[2025-10-29T03:35:18.187+0700] {subprocess.py:93} INFO - 25/10/29 03:35:18 INFO Utils: Copying /home/***/.ivy2/jars/org.lz4_lz4-java-1.8.0.jar to /tmp/spark-fdb0df28-6e6d-4526-a651-0c88eaaf75a9/userFiles-5d6f0a5f-1927-4e64-a3a9-d177d004fc55/org.lz4_lz4-java-1.8.0.jar
[2025-10-29T03:35:18.191+0700] {subprocess.py:93} INFO - 25/10/29 03:35:18 INFO SparkContext: Added file file:///home/***/.ivy2/jars/org.xerial.snappy_snappy-java-1.1.10.3.jar at file:///home/***/.ivy2/jars/org.xerial.snappy_snappy-java-1.1.10.3.jar with timestamp 1761683717511
[2025-10-29T03:35:18.191+0700] {subprocess.py:93} INFO - 25/10/29 03:35:18 INFO Utils: Copying /home/***/.ivy2/jars/org.xerial.snappy_snappy-java-1.1.10.3.jar to /tmp/spark-fdb0df28-6e6d-4526-a651-0c88eaaf75a9/userFiles-5d6f0a5f-1927-4e64-a3a9-d177d004fc55/org.xerial.snappy_snappy-java-1.1.10.3.jar
[2025-10-29T03:35:18.196+0700] {subprocess.py:93} INFO - 25/10/29 03:35:18 INFO SparkContext: Added file file:///home/***/.ivy2/jars/org.slf4j_slf4j-api-2.0.7.jar at file:///home/***/.ivy2/jars/org.slf4j_slf4j-api-2.0.7.jar with timestamp 1761683717511
[2025-10-29T03:35:18.197+0700] {subprocess.py:93} INFO - 25/10/29 03:35:18 INFO Utils: Copying /home/***/.ivy2/jars/org.slf4j_slf4j-api-2.0.7.jar to /tmp/spark-fdb0df28-6e6d-4526-a651-0c88eaaf75a9/userFiles-5d6f0a5f-1927-4e64-a3a9-d177d004fc55/org.slf4j_slf4j-api-2.0.7.jar
[2025-10-29T03:35:18.201+0700] {subprocess.py:93} INFO - 25/10/29 03:35:18 INFO SparkContext: Added file file:///home/***/.ivy2/jars/org.apache.hadoop_hadoop-client-api-3.3.4.jar at file:///home/***/.ivy2/jars/org.apache.hadoop_hadoop-client-api-3.3.4.jar with timestamp 1761683717511
[2025-10-29T03:35:18.201+0700] {subprocess.py:93} INFO - 25/10/29 03:35:18 INFO Utils: Copying /home/***/.ivy2/jars/org.apache.hadoop_hadoop-client-api-3.3.4.jar to /tmp/spark-fdb0df28-6e6d-4526-a651-0c88eaaf75a9/userFiles-5d6f0a5f-1927-4e64-a3a9-d177d004fc55/org.apache.hadoop_hadoop-client-api-3.3.4.jar
[2025-10-29T03:35:18.220+0700] {subprocess.py:93} INFO - 25/10/29 03:35:18 INFO SparkContext: Added file file:///home/***/.ivy2/jars/commons-logging_commons-logging-1.1.3.jar at file:///home/***/.ivy2/jars/commons-logging_commons-logging-1.1.3.jar with timestamp 1761683717511
[2025-10-29T03:35:18.221+0700] {subprocess.py:93} INFO - 25/10/29 03:35:18 INFO Utils: Copying /home/***/.ivy2/jars/commons-logging_commons-logging-1.1.3.jar to /tmp/spark-fdb0df28-6e6d-4526-a651-0c88eaaf75a9/userFiles-5d6f0a5f-1927-4e64-a3a9-d177d004fc55/commons-logging_commons-logging-1.1.3.jar
[2025-10-29T03:35:18.224+0700] {subprocess.py:93} INFO - 25/10/29 03:35:18 INFO SparkContext: Added file file:///home/***/.ivy2/jars/org.checkerframework_checker-qual-3.31.0.jar at file:///home/***/.ivy2/jars/org.checkerframework_checker-qual-3.31.0.jar with timestamp 1761683717511
[2025-10-29T03:35:18.225+0700] {subprocess.py:93} INFO - 25/10/29 03:35:18 INFO Utils: Copying /home/***/.ivy2/jars/org.checkerframework_checker-qual-3.31.0.jar to /tmp/spark-fdb0df28-6e6d-4526-a651-0c88eaaf75a9/userFiles-5d6f0a5f-1927-4e64-a3a9-d177d004fc55/org.checkerframework_checker-qual-3.31.0.jar
[2025-10-29T03:35:18.279+0700] {subprocess.py:93} INFO - 25/10/29 03:35:18 INFO Executor: Starting executor ID driver on host dfeadd712fc3
[2025-10-29T03:35:18.280+0700] {subprocess.py:93} INFO - 25/10/29 03:35:18 INFO Executor: OS info Linux, 6.14.0-33-generic, amd64
[2025-10-29T03:35:18.280+0700] {subprocess.py:93} INFO - 25/10/29 03:35:18 INFO Executor: Java version 17.0.17
[2025-10-29T03:35:18.287+0700] {subprocess.py:93} INFO - 25/10/29 03:35:18 INFO Executor: Starting executor with user classpath (userClassPathFirst = false): ''
[2025-10-29T03:35:18.287+0700] {subprocess.py:93} INFO - 25/10/29 03:35:18 INFO Executor: Created or updated repl class loader org.apache.spark.util.MutableURLClassLoader@226ffb1a for default.
[2025-10-29T03:35:18.299+0700] {subprocess.py:93} INFO - 25/10/29 03:35:18 INFO Executor: Fetching file:///home/***/.ivy2/jars/org.apache.spark_spark-sql-kafka-0-10_2.12-3.5.1.jar with timestamp 1761683717511
[2025-10-29T03:35:18.322+0700] {subprocess.py:93} INFO - 25/10/29 03:35:18 INFO Utils: /home/***/.ivy2/jars/org.apache.spark_spark-sql-kafka-0-10_2.12-3.5.1.jar has been previously copied to /tmp/spark-fdb0df28-6e6d-4526-a651-0c88eaaf75a9/userFiles-5d6f0a5f-1927-4e64-a3a9-d177d004fc55/org.apache.spark_spark-sql-kafka-0-10_2.12-3.5.1.jar
[2025-10-29T03:35:18.326+0700] {subprocess.py:93} INFO - 25/10/29 03:35:18 INFO Executor: Fetching file:///home/***/.ivy2/jars/org.apache.hadoop_hadoop-client-runtime-3.3.4.jar with timestamp 1761683717511
[2025-10-29T03:35:18.348+0700] {subprocess.py:93} INFO - 25/10/29 03:35:18 INFO Utils: /home/***/.ivy2/jars/org.apache.hadoop_hadoop-client-runtime-3.3.4.jar has been previously copied to /tmp/spark-fdb0df28-6e6d-4526-a651-0c88eaaf75a9/userFiles-5d6f0a5f-1927-4e64-a3a9-d177d004fc55/org.apache.hadoop_hadoop-client-runtime-3.3.4.jar
[2025-10-29T03:35:18.353+0700] {subprocess.py:93} INFO - 25/10/29 03:35:18 INFO Executor: Fetching file:///home/***/.ivy2/jars/org.apache.hadoop_hadoop-client-api-3.3.4.jar with timestamp 1761683717511
[2025-10-29T03:35:18.368+0700] {subprocess.py:93} INFO - 25/10/29 03:35:18 INFO Utils: /home/***/.ivy2/jars/org.apache.hadoop_hadoop-client-api-3.3.4.jar has been previously copied to /tmp/spark-fdb0df28-6e6d-4526-a651-0c88eaaf75a9/userFiles-5d6f0a5f-1927-4e64-a3a9-d177d004fc55/org.apache.hadoop_hadoop-client-api-3.3.4.jar
[2025-10-29T03:35:18.372+0700] {subprocess.py:93} INFO - 25/10/29 03:35:18 INFO Executor: Fetching file:///home/***/.ivy2/jars/org.apache.spark_spark-token-provider-kafka-0-10_2.12-3.5.1.jar with timestamp 1761683717511
[2025-10-29T03:35:18.373+0700] {subprocess.py:93} INFO - 25/10/29 03:35:18 INFO Utils: /home/***/.ivy2/jars/org.apache.spark_spark-token-provider-kafka-0-10_2.12-3.5.1.jar has been previously copied to /tmp/spark-fdb0df28-6e6d-4526-a651-0c88eaaf75a9/userFiles-5d6f0a5f-1927-4e64-a3a9-d177d004fc55/org.apache.spark_spark-token-provider-kafka-0-10_2.12-3.5.1.jar
[2025-10-29T03:35:18.376+0700] {subprocess.py:93} INFO - 25/10/29 03:35:18 INFO Executor: Fetching file:///home/***/.ivy2/jars/com.google.code.findbugs_jsr305-3.0.0.jar with timestamp 1761683717511
[2025-10-29T03:35:18.376+0700] {subprocess.py:93} INFO - 25/10/29 03:35:18 INFO Utils: /home/***/.ivy2/jars/com.google.code.findbugs_jsr305-3.0.0.jar has been previously copied to /tmp/spark-fdb0df28-6e6d-4526-a651-0c88eaaf75a9/userFiles-5d6f0a5f-1927-4e64-a3a9-d177d004fc55/com.google.code.findbugs_jsr305-3.0.0.jar
[2025-10-29T03:35:18.379+0700] {subprocess.py:93} INFO - 25/10/29 03:35:18 INFO Executor: Fetching file:///home/***/.ivy2/jars/org.lz4_lz4-java-1.8.0.jar with timestamp 1761683717511
[2025-10-29T03:35:18.380+0700] {subprocess.py:93} INFO - 25/10/29 03:35:18 INFO Utils: /home/***/.ivy2/jars/org.lz4_lz4-java-1.8.0.jar has been previously copied to /tmp/spark-fdb0df28-6e6d-4526-a651-0c88eaaf75a9/userFiles-5d6f0a5f-1927-4e64-a3a9-d177d004fc55/org.lz4_lz4-java-1.8.0.jar
[2025-10-29T03:35:18.383+0700] {subprocess.py:93} INFO - 25/10/29 03:35:18 INFO Executor: Fetching file:///home/***/.ivy2/jars/org.slf4j_slf4j-api-2.0.7.jar with timestamp 1761683717511
[2025-10-29T03:35:18.384+0700] {subprocess.py:93} INFO - 25/10/29 03:35:18 INFO Utils: /home/***/.ivy2/jars/org.slf4j_slf4j-api-2.0.7.jar has been previously copied to /tmp/spark-fdb0df28-6e6d-4526-a651-0c88eaaf75a9/userFiles-5d6f0a5f-1927-4e64-a3a9-d177d004fc55/org.slf4j_slf4j-api-2.0.7.jar
[2025-10-29T03:35:18.387+0700] {subprocess.py:93} INFO - 25/10/29 03:35:18 INFO Executor: Fetching file:///home/***/.ivy2/jars/org.checkerframework_checker-qual-3.31.0.jar with timestamp 1761683717511
[2025-10-29T03:35:18.387+0700] {subprocess.py:93} INFO - 25/10/29 03:35:18 INFO Utils: /home/***/.ivy2/jars/org.checkerframework_checker-qual-3.31.0.jar has been previously copied to /tmp/spark-fdb0df28-6e6d-4526-a651-0c88eaaf75a9/userFiles-5d6f0a5f-1927-4e64-a3a9-d177d004fc55/org.checkerframework_checker-qual-3.31.0.jar
[2025-10-29T03:35:18.390+0700] {subprocess.py:93} INFO - 25/10/29 03:35:18 INFO Executor: Fetching file:///home/***/.ivy2/jars/org.apache.commons_commons-pool2-2.11.1.jar with timestamp 1761683717511
[2025-10-29T03:35:18.391+0700] {subprocess.py:93} INFO - 25/10/29 03:35:18 INFO Utils: /home/***/.ivy2/jars/org.apache.commons_commons-pool2-2.11.1.jar has been previously copied to /tmp/spark-fdb0df28-6e6d-4526-a651-0c88eaaf75a9/userFiles-5d6f0a5f-1927-4e64-a3a9-d177d004fc55/org.apache.commons_commons-pool2-2.11.1.jar
[2025-10-29T03:35:18.394+0700] {subprocess.py:93} INFO - 25/10/29 03:35:18 INFO Executor: Fetching file:///home/***/.ivy2/jars/commons-logging_commons-logging-1.1.3.jar with timestamp 1761683717511
[2025-10-29T03:35:18.394+0700] {subprocess.py:93} INFO - 25/10/29 03:35:18 INFO Utils: /home/***/.ivy2/jars/commons-logging_commons-logging-1.1.3.jar has been previously copied to /tmp/spark-fdb0df28-6e6d-4526-a651-0c88eaaf75a9/userFiles-5d6f0a5f-1927-4e64-a3a9-d177d004fc55/commons-logging_commons-logging-1.1.3.jar
[2025-10-29T03:35:18.397+0700] {subprocess.py:93} INFO - 25/10/29 03:35:18 INFO Executor: Fetching file:///home/***/.ivy2/jars/org.xerial.snappy_snappy-java-1.1.10.3.jar with timestamp 1761683717511
[2025-10-29T03:35:18.398+0700] {subprocess.py:93} INFO - 25/10/29 03:35:18 INFO Utils: /home/***/.ivy2/jars/org.xerial.snappy_snappy-java-1.1.10.3.jar has been previously copied to /tmp/spark-fdb0df28-6e6d-4526-a651-0c88eaaf75a9/userFiles-5d6f0a5f-1927-4e64-a3a9-d177d004fc55/org.xerial.snappy_snappy-java-1.1.10.3.jar
[2025-10-29T03:35:18.401+0700] {subprocess.py:93} INFO - 25/10/29 03:35:18 INFO Executor: Fetching file:///home/***/.ivy2/jars/org.postgresql_postgresql-42.6.0.jar with timestamp 1761683717511
[2025-10-29T03:35:18.402+0700] {subprocess.py:93} INFO - 25/10/29 03:35:18 INFO Utils: /home/***/.ivy2/jars/org.postgresql_postgresql-42.6.0.jar has been previously copied to /tmp/spark-fdb0df28-6e6d-4526-a651-0c88eaaf75a9/userFiles-5d6f0a5f-1927-4e64-a3a9-d177d004fc55/org.postgresql_postgresql-42.6.0.jar
[2025-10-29T03:35:18.404+0700] {subprocess.py:93} INFO - 25/10/29 03:35:18 INFO Executor: Fetching file:///home/***/.ivy2/jars/org.apache.kafka_kafka-clients-3.4.1.jar with timestamp 1761683717511
[2025-10-29T03:35:18.407+0700] {subprocess.py:93} INFO - 25/10/29 03:35:18 INFO Utils: /home/***/.ivy2/jars/org.apache.kafka_kafka-clients-3.4.1.jar has been previously copied to /tmp/spark-fdb0df28-6e6d-4526-a651-0c88eaaf75a9/userFiles-5d6f0a5f-1927-4e64-a3a9-d177d004fc55/org.apache.kafka_kafka-clients-3.4.1.jar
[2025-10-29T03:35:18.411+0700] {subprocess.py:93} INFO - 25/10/29 03:35:18 INFO Executor: Fetching spark://dfeadd712fc3:44653/jars/org.postgresql_postgresql-42.6.0.jar with timestamp 1761683717511
[2025-10-29T03:35:18.432+0700] {subprocess.py:93} INFO - 25/10/29 03:35:18 INFO TransportClientFactory: Successfully created connection to dfeadd712fc3/172.18.0.6:44653 after 14 ms (0 ms spent in bootstraps)
[2025-10-29T03:35:18.438+0700] {subprocess.py:93} INFO - 25/10/29 03:35:18 INFO Utils: Fetching spark://dfeadd712fc3:44653/jars/org.postgresql_postgresql-42.6.0.jar to /tmp/spark-fdb0df28-6e6d-4526-a651-0c88eaaf75a9/userFiles-5d6f0a5f-1927-4e64-a3a9-d177d004fc55/fetchFileTemp12727763399816991245.tmp
[2025-10-29T03:35:18.458+0700] {subprocess.py:93} INFO - 25/10/29 03:35:18 INFO Utils: /tmp/spark-fdb0df28-6e6d-4526-a651-0c88eaaf75a9/userFiles-5d6f0a5f-1927-4e64-a3a9-d177d004fc55/fetchFileTemp12727763399816991245.tmp has been previously copied to /tmp/spark-fdb0df28-6e6d-4526-a651-0c88eaaf75a9/userFiles-5d6f0a5f-1927-4e64-a3a9-d177d004fc55/org.postgresql_postgresql-42.6.0.jar
[2025-10-29T03:35:18.465+0700] {subprocess.py:93} INFO - 25/10/29 03:35:18 INFO Executor: Adding file:/tmp/spark-fdb0df28-6e6d-4526-a651-0c88eaaf75a9/userFiles-5d6f0a5f-1927-4e64-a3a9-d177d004fc55/org.postgresql_postgresql-42.6.0.jar to class loader default
[2025-10-29T03:35:18.465+0700] {subprocess.py:93} INFO - 25/10/29 03:35:18 INFO Executor: Fetching spark://dfeadd712fc3:44653/jars/org.apache.hadoop_hadoop-client-api-3.3.4.jar with timestamp 1761683717511
[2025-10-29T03:35:18.466+0700] {subprocess.py:93} INFO - 25/10/29 03:35:18 INFO Utils: Fetching spark://dfeadd712fc3:44653/jars/org.apache.hadoop_hadoop-client-api-3.3.4.jar to /tmp/spark-fdb0df28-6e6d-4526-a651-0c88eaaf75a9/userFiles-5d6f0a5f-1927-4e64-a3a9-d177d004fc55/fetchFileTemp9883977025878212566.tmp
[2025-10-29T03:35:18.536+0700] {subprocess.py:93} INFO - 25/10/29 03:35:18 INFO Utils: /tmp/spark-fdb0df28-6e6d-4526-a651-0c88eaaf75a9/userFiles-5d6f0a5f-1927-4e64-a3a9-d177d004fc55/fetchFileTemp9883977025878212566.tmp has been previously copied to /tmp/spark-fdb0df28-6e6d-4526-a651-0c88eaaf75a9/userFiles-5d6f0a5f-1927-4e64-a3a9-d177d004fc55/org.apache.hadoop_hadoop-client-api-3.3.4.jar
[2025-10-29T03:35:18.542+0700] {subprocess.py:93} INFO - 25/10/29 03:35:18 INFO Executor: Adding file:/tmp/spark-fdb0df28-6e6d-4526-a651-0c88eaaf75a9/userFiles-5d6f0a5f-1927-4e64-a3a9-d177d004fc55/org.apache.hadoop_hadoop-client-api-3.3.4.jar to class loader default
[2025-10-29T03:35:18.543+0700] {subprocess.py:93} INFO - 25/10/29 03:35:18 INFO Executor: Fetching spark://dfeadd712fc3:44653/jars/org.xerial.snappy_snappy-java-1.1.10.3.jar with timestamp 1761683717511
[2025-10-29T03:35:18.543+0700] {subprocess.py:93} INFO - 25/10/29 03:35:18 INFO Utils: Fetching spark://dfeadd712fc3:44653/jars/org.xerial.snappy_snappy-java-1.1.10.3.jar to /tmp/spark-fdb0df28-6e6d-4526-a651-0c88eaaf75a9/userFiles-5d6f0a5f-1927-4e64-a3a9-d177d004fc55/fetchFileTemp17354015483549506999.tmp
[2025-10-29T03:35:18.549+0700] {subprocess.py:93} INFO - 25/10/29 03:35:18 INFO Utils: /tmp/spark-fdb0df28-6e6d-4526-a651-0c88eaaf75a9/userFiles-5d6f0a5f-1927-4e64-a3a9-d177d004fc55/fetchFileTemp17354015483549506999.tmp has been previously copied to /tmp/spark-fdb0df28-6e6d-4526-a651-0c88eaaf75a9/userFiles-5d6f0a5f-1927-4e64-a3a9-d177d004fc55/org.xerial.snappy_snappy-java-1.1.10.3.jar
[2025-10-29T03:35:18.555+0700] {subprocess.py:93} INFO - 25/10/29 03:35:18 INFO Executor: Adding file:/tmp/spark-fdb0df28-6e6d-4526-a651-0c88eaaf75a9/userFiles-5d6f0a5f-1927-4e64-a3a9-d177d004fc55/org.xerial.snappy_snappy-java-1.1.10.3.jar to class loader default
[2025-10-29T03:35:18.555+0700] {subprocess.py:93} INFO - 25/10/29 03:35:18 INFO Executor: Fetching spark://dfeadd712fc3:44653/jars/org.slf4j_slf4j-api-2.0.7.jar with timestamp 1761683717511
[2025-10-29T03:35:18.555+0700] {subprocess.py:93} INFO - 25/10/29 03:35:18 INFO Utils: Fetching spark://dfeadd712fc3:44653/jars/org.slf4j_slf4j-api-2.0.7.jar to /tmp/spark-fdb0df28-6e6d-4526-a651-0c88eaaf75a9/userFiles-5d6f0a5f-1927-4e64-a3a9-d177d004fc55/fetchFileTemp685606232188444809.tmp
[2025-10-29T03:35:18.557+0700] {subprocess.py:93} INFO - 25/10/29 03:35:18 INFO Utils: /tmp/spark-fdb0df28-6e6d-4526-a651-0c88eaaf75a9/userFiles-5d6f0a5f-1927-4e64-a3a9-d177d004fc55/fetchFileTemp685606232188444809.tmp has been previously copied to /tmp/spark-fdb0df28-6e6d-4526-a651-0c88eaaf75a9/userFiles-5d6f0a5f-1927-4e64-a3a9-d177d004fc55/org.slf4j_slf4j-api-2.0.7.jar
[2025-10-29T03:35:18.562+0700] {subprocess.py:93} INFO - 25/10/29 03:35:18 INFO Executor: Adding file:/tmp/spark-fdb0df28-6e6d-4526-a651-0c88eaaf75a9/userFiles-5d6f0a5f-1927-4e64-a3a9-d177d004fc55/org.slf4j_slf4j-api-2.0.7.jar to class loader default
[2025-10-29T03:35:18.563+0700] {subprocess.py:93} INFO - 25/10/29 03:35:18 INFO Executor: Fetching spark://dfeadd712fc3:44653/jars/com.google.code.findbugs_jsr305-3.0.0.jar with timestamp 1761683717511
[2025-10-29T03:35:18.563+0700] {subprocess.py:93} INFO - 25/10/29 03:35:18 INFO Utils: Fetching spark://dfeadd712fc3:44653/jars/com.google.code.findbugs_jsr305-3.0.0.jar to /tmp/spark-fdb0df28-6e6d-4526-a651-0c88eaaf75a9/userFiles-5d6f0a5f-1927-4e64-a3a9-d177d004fc55/fetchFileTemp606742011769123139.tmp
[2025-10-29T03:35:18.564+0700] {subprocess.py:93} INFO - 25/10/29 03:35:18 INFO Utils: /tmp/spark-fdb0df28-6e6d-4526-a651-0c88eaaf75a9/userFiles-5d6f0a5f-1927-4e64-a3a9-d177d004fc55/fetchFileTemp606742011769123139.tmp has been previously copied to /tmp/spark-fdb0df28-6e6d-4526-a651-0c88eaaf75a9/userFiles-5d6f0a5f-1927-4e64-a3a9-d177d004fc55/com.google.code.findbugs_jsr305-3.0.0.jar
[2025-10-29T03:35:18.568+0700] {subprocess.py:93} INFO - 25/10/29 03:35:18 INFO Executor: Adding file:/tmp/spark-fdb0df28-6e6d-4526-a651-0c88eaaf75a9/userFiles-5d6f0a5f-1927-4e64-a3a9-d177d004fc55/com.google.code.findbugs_jsr305-3.0.0.jar to class loader default
[2025-10-29T03:35:18.569+0700] {subprocess.py:93} INFO - 25/10/29 03:35:18 INFO Executor: Fetching spark://dfeadd712fc3:44653/jars/org.checkerframework_checker-qual-3.31.0.jar with timestamp 1761683717511
[2025-10-29T03:35:18.569+0700] {subprocess.py:93} INFO - 25/10/29 03:35:18 INFO Utils: Fetching spark://dfeadd712fc3:44653/jars/org.checkerframework_checker-qual-3.31.0.jar to /tmp/spark-fdb0df28-6e6d-4526-a651-0c88eaaf75a9/userFiles-5d6f0a5f-1927-4e64-a3a9-d177d004fc55/fetchFileTemp6102762718267703660.tmp
[2025-10-29T03:35:18.571+0700] {subprocess.py:93} INFO - 25/10/29 03:35:18 INFO Utils: /tmp/spark-fdb0df28-6e6d-4526-a651-0c88eaaf75a9/userFiles-5d6f0a5f-1927-4e64-a3a9-d177d004fc55/fetchFileTemp6102762718267703660.tmp has been previously copied to /tmp/spark-fdb0df28-6e6d-4526-a651-0c88eaaf75a9/userFiles-5d6f0a5f-1927-4e64-a3a9-d177d004fc55/org.checkerframework_checker-qual-3.31.0.jar
[2025-10-29T03:35:18.576+0700] {subprocess.py:93} INFO - 25/10/29 03:35:18 INFO Executor: Adding file:/tmp/spark-fdb0df28-6e6d-4526-a651-0c88eaaf75a9/userFiles-5d6f0a5f-1927-4e64-a3a9-d177d004fc55/org.checkerframework_checker-qual-3.31.0.jar to class loader default
[2025-10-29T03:35:18.576+0700] {subprocess.py:93} INFO - 25/10/29 03:35:18 INFO Executor: Fetching spark://dfeadd712fc3:44653/jars/org.apache.spark_spark-token-provider-kafka-0-10_2.12-3.5.1.jar with timestamp 1761683717511
[2025-10-29T03:35:18.577+0700] {subprocess.py:93} INFO - 25/10/29 03:35:18 INFO Utils: Fetching spark://dfeadd712fc3:44653/jars/org.apache.spark_spark-token-provider-kafka-0-10_2.12-3.5.1.jar to /tmp/spark-fdb0df28-6e6d-4526-a651-0c88eaaf75a9/userFiles-5d6f0a5f-1927-4e64-a3a9-d177d004fc55/fetchFileTemp17648215334074746482.tmp
[2025-10-29T03:35:18.578+0700] {subprocess.py:93} INFO - 25/10/29 03:35:18 INFO Utils: /tmp/spark-fdb0df28-6e6d-4526-a651-0c88eaaf75a9/userFiles-5d6f0a5f-1927-4e64-a3a9-d177d004fc55/fetchFileTemp17648215334074746482.tmp has been previously copied to /tmp/spark-fdb0df28-6e6d-4526-a651-0c88eaaf75a9/userFiles-5d6f0a5f-1927-4e64-a3a9-d177d004fc55/org.apache.spark_spark-token-provider-kafka-0-10_2.12-3.5.1.jar
[2025-10-29T03:35:18.584+0700] {subprocess.py:93} INFO - 25/10/29 03:35:18 INFO Executor: Adding file:/tmp/spark-fdb0df28-6e6d-4526-a651-0c88eaaf75a9/userFiles-5d6f0a5f-1927-4e64-a3a9-d177d004fc55/org.apache.spark_spark-token-provider-kafka-0-10_2.12-3.5.1.jar to class loader default
[2025-10-29T03:35:18.584+0700] {subprocess.py:93} INFO - 25/10/29 03:35:18 INFO Executor: Fetching spark://dfeadd712fc3:44653/jars/org.apache.kafka_kafka-clients-3.4.1.jar with timestamp 1761683717511
[2025-10-29T03:35:18.585+0700] {subprocess.py:93} INFO - 25/10/29 03:35:18 INFO Utils: Fetching spark://dfeadd712fc3:44653/jars/org.apache.kafka_kafka-clients-3.4.1.jar to /tmp/spark-fdb0df28-6e6d-4526-a651-0c88eaaf75a9/userFiles-5d6f0a5f-1927-4e64-a3a9-d177d004fc55/fetchFileTemp9480085722399320346.tmp
[2025-10-29T03:35:18.611+0700] {subprocess.py:93} INFO - 25/10/29 03:35:18 INFO Utils: /tmp/spark-fdb0df28-6e6d-4526-a651-0c88eaaf75a9/userFiles-5d6f0a5f-1927-4e64-a3a9-d177d004fc55/fetchFileTemp9480085722399320346.tmp has been previously copied to /tmp/spark-fdb0df28-6e6d-4526-a651-0c88eaaf75a9/userFiles-5d6f0a5f-1927-4e64-a3a9-d177d004fc55/org.apache.kafka_kafka-clients-3.4.1.jar
[2025-10-29T03:35:18.617+0700] {subprocess.py:93} INFO - 25/10/29 03:35:18 INFO Executor: Adding file:/tmp/spark-fdb0df28-6e6d-4526-a651-0c88eaaf75a9/userFiles-5d6f0a5f-1927-4e64-a3a9-d177d004fc55/org.apache.kafka_kafka-clients-3.4.1.jar to class loader default
[2025-10-29T03:35:18.618+0700] {subprocess.py:93} INFO - 25/10/29 03:35:18 INFO Executor: Fetching spark://dfeadd712fc3:44653/jars/org.lz4_lz4-java-1.8.0.jar with timestamp 1761683717511
[2025-10-29T03:35:18.618+0700] {subprocess.py:93} INFO - 25/10/29 03:35:18 INFO Utils: Fetching spark://dfeadd712fc3:44653/jars/org.lz4_lz4-java-1.8.0.jar to /tmp/spark-fdb0df28-6e6d-4526-a651-0c88eaaf75a9/userFiles-5d6f0a5f-1927-4e64-a3a9-d177d004fc55/fetchFileTemp4974463726109878303.tmp
[2025-10-29T03:35:18.621+0700] {subprocess.py:93} INFO - 25/10/29 03:35:18 INFO Utils: /tmp/spark-fdb0df28-6e6d-4526-a651-0c88eaaf75a9/userFiles-5d6f0a5f-1927-4e64-a3a9-d177d004fc55/fetchFileTemp4974463726109878303.tmp has been previously copied to /tmp/spark-fdb0df28-6e6d-4526-a651-0c88eaaf75a9/userFiles-5d6f0a5f-1927-4e64-a3a9-d177d004fc55/org.lz4_lz4-java-1.8.0.jar
[2025-10-29T03:35:18.626+0700] {subprocess.py:93} INFO - 25/10/29 03:35:18 INFO Executor: Adding file:/tmp/spark-fdb0df28-6e6d-4526-a651-0c88eaaf75a9/userFiles-5d6f0a5f-1927-4e64-a3a9-d177d004fc55/org.lz4_lz4-java-1.8.0.jar to class loader default
[2025-10-29T03:35:18.627+0700] {subprocess.py:93} INFO - 25/10/29 03:35:18 INFO Executor: Fetching spark://dfeadd712fc3:44653/jars/org.apache.spark_spark-sql-kafka-0-10_2.12-3.5.1.jar with timestamp 1761683717511
[2025-10-29T03:35:18.627+0700] {subprocess.py:93} INFO - 25/10/29 03:35:18 INFO Utils: Fetching spark://dfeadd712fc3:44653/jars/org.apache.spark_spark-sql-kafka-0-10_2.12-3.5.1.jar to /tmp/spark-fdb0df28-6e6d-4526-a651-0c88eaaf75a9/userFiles-5d6f0a5f-1927-4e64-a3a9-d177d004fc55/fetchFileTemp8822839176053476035.tmp
[2025-10-29T03:35:18.632+0700] {subprocess.py:93} INFO - 25/10/29 03:35:18 INFO Utils: /tmp/spark-fdb0df28-6e6d-4526-a651-0c88eaaf75a9/userFiles-5d6f0a5f-1927-4e64-a3a9-d177d004fc55/fetchFileTemp8822839176053476035.tmp has been previously copied to /tmp/spark-fdb0df28-6e6d-4526-a651-0c88eaaf75a9/userFiles-5d6f0a5f-1927-4e64-a3a9-d177d004fc55/org.apache.spark_spark-sql-kafka-0-10_2.12-3.5.1.jar
[2025-10-29T03:35:18.637+0700] {subprocess.py:93} INFO - 25/10/29 03:35:18 INFO Executor: Adding file:/tmp/spark-fdb0df28-6e6d-4526-a651-0c88eaaf75a9/userFiles-5d6f0a5f-1927-4e64-a3a9-d177d004fc55/org.apache.spark_spark-sql-kafka-0-10_2.12-3.5.1.jar to class loader default
[2025-10-29T03:35:18.637+0700] {subprocess.py:93} INFO - 25/10/29 03:35:18 INFO Executor: Fetching spark://dfeadd712fc3:44653/jars/org.apache.hadoop_hadoop-client-runtime-3.3.4.jar with timestamp 1761683717511
[2025-10-29T03:35:18.638+0700] {subprocess.py:93} INFO - 25/10/29 03:35:18 INFO Utils: Fetching spark://dfeadd712fc3:44653/jars/org.apache.hadoop_hadoop-client-runtime-3.3.4.jar to /tmp/spark-fdb0df28-6e6d-4526-a651-0c88eaaf75a9/userFiles-5d6f0a5f-1927-4e64-a3a9-d177d004fc55/fetchFileTemp2103311851970284680.tmp
[2025-10-29T03:35:18.804+0700] {subprocess.py:93} INFO - 25/10/29 03:35:18 INFO Utils: /tmp/spark-fdb0df28-6e6d-4526-a651-0c88eaaf75a9/userFiles-5d6f0a5f-1927-4e64-a3a9-d177d004fc55/fetchFileTemp2103311851970284680.tmp has been previously copied to /tmp/spark-fdb0df28-6e6d-4526-a651-0c88eaaf75a9/userFiles-5d6f0a5f-1927-4e64-a3a9-d177d004fc55/org.apache.hadoop_hadoop-client-runtime-3.3.4.jar
[2025-10-29T03:35:18.811+0700] {subprocess.py:93} INFO - 25/10/29 03:35:18 INFO Executor: Adding file:/tmp/spark-fdb0df28-6e6d-4526-a651-0c88eaaf75a9/userFiles-5d6f0a5f-1927-4e64-a3a9-d177d004fc55/org.apache.hadoop_hadoop-client-runtime-3.3.4.jar to class loader default
[2025-10-29T03:35:18.812+0700] {subprocess.py:93} INFO - 25/10/29 03:35:18 INFO Executor: Fetching spark://dfeadd712fc3:44653/jars/commons-logging_commons-logging-1.1.3.jar with timestamp 1761683717511
[2025-10-29T03:35:18.812+0700] {subprocess.py:93} INFO - 25/10/29 03:35:18 INFO Utils: Fetching spark://dfeadd712fc3:44653/jars/commons-logging_commons-logging-1.1.3.jar to /tmp/spark-fdb0df28-6e6d-4526-a651-0c88eaaf75a9/userFiles-5d6f0a5f-1927-4e64-a3a9-d177d004fc55/fetchFileTemp1762545743400637939.tmp
[2025-10-29T03:35:18.814+0700] {subprocess.py:93} INFO - 25/10/29 03:35:18 INFO Utils: /tmp/spark-fdb0df28-6e6d-4526-a651-0c88eaaf75a9/userFiles-5d6f0a5f-1927-4e64-a3a9-d177d004fc55/fetchFileTemp1762545743400637939.tmp has been previously copied to /tmp/spark-fdb0df28-6e6d-4526-a651-0c88eaaf75a9/userFiles-5d6f0a5f-1927-4e64-a3a9-d177d004fc55/commons-logging_commons-logging-1.1.3.jar
[2025-10-29T03:35:18.817+0700] {subprocess.py:93} INFO - 25/10/29 03:35:18 INFO Executor: Adding file:/tmp/spark-fdb0df28-6e6d-4526-a651-0c88eaaf75a9/userFiles-5d6f0a5f-1927-4e64-a3a9-d177d004fc55/commons-logging_commons-logging-1.1.3.jar to class loader default
[2025-10-29T03:35:18.817+0700] {subprocess.py:93} INFO - 25/10/29 03:35:18 INFO Executor: Fetching spark://dfeadd712fc3:44653/jars/org.apache.commons_commons-pool2-2.11.1.jar with timestamp 1761683717511
[2025-10-29T03:35:18.817+0700] {subprocess.py:93} INFO - 25/10/29 03:35:18 INFO Utils: Fetching spark://dfeadd712fc3:44653/jars/org.apache.commons_commons-pool2-2.11.1.jar to /tmp/spark-fdb0df28-6e6d-4526-a651-0c88eaaf75a9/userFiles-5d6f0a5f-1927-4e64-a3a9-d177d004fc55/fetchFileTemp3675083233590972185.tmp
[2025-10-29T03:35:18.818+0700] {subprocess.py:93} INFO - 25/10/29 03:35:18 INFO Utils: /tmp/spark-fdb0df28-6e6d-4526-a651-0c88eaaf75a9/userFiles-5d6f0a5f-1927-4e64-a3a9-d177d004fc55/fetchFileTemp3675083233590972185.tmp has been previously copied to /tmp/spark-fdb0df28-6e6d-4526-a651-0c88eaaf75a9/userFiles-5d6f0a5f-1927-4e64-a3a9-d177d004fc55/org.apache.commons_commons-pool2-2.11.1.jar
[2025-10-29T03:35:18.821+0700] {subprocess.py:93} INFO - 25/10/29 03:35:18 INFO Executor: Adding file:/tmp/spark-fdb0df28-6e6d-4526-a651-0c88eaaf75a9/userFiles-5d6f0a5f-1927-4e64-a3a9-d177d004fc55/org.apache.commons_commons-pool2-2.11.1.jar to class loader default
[2025-10-29T03:35:18.828+0700] {subprocess.py:93} INFO - 25/10/29 03:35:18 INFO Utils: Successfully started service 'org.apache.spark.network.netty.NettyBlockTransferService' on port 39677.
[2025-10-29T03:35:18.829+0700] {subprocess.py:93} INFO - 25/10/29 03:35:18 INFO NettyBlockTransferService: Server created on dfeadd712fc3:39677
[2025-10-29T03:35:18.830+0700] {subprocess.py:93} INFO - 25/10/29 03:35:18 INFO BlockManager: Using org.apache.spark.storage.RandomBlockReplicationPolicy for block replication policy
[2025-10-29T03:35:18.833+0700] {subprocess.py:93} INFO - 25/10/29 03:35:18 INFO BlockManagerMaster: Registering BlockManager BlockManagerId(driver, dfeadd712fc3, 39677, None)
[2025-10-29T03:35:18.836+0700] {subprocess.py:93} INFO - 25/10/29 03:35:18 INFO BlockManagerMasterEndpoint: Registering block manager dfeadd712fc3:39677 with 434.4 MiB RAM, BlockManagerId(driver, dfeadd712fc3, 39677, None)
[2025-10-29T03:35:18.838+0700] {subprocess.py:93} INFO - 25/10/29 03:35:18 INFO BlockManagerMaster: Registered BlockManager BlockManagerId(driver, dfeadd712fc3, 39677, None)
[2025-10-29T03:35:18.839+0700] {subprocess.py:93} INFO - 25/10/29 03:35:18 INFO BlockManager: Initialized BlockManager: BlockManagerId(driver, dfeadd712fc3, 39677, None)
[2025-10-29T03:35:21.097+0700] {subprocess.py:93} INFO - 25/10/29 03:35:21 WARN ResolveWriteToStream: spark.sql.adaptive.enabled is not supported in streaming DataFrames/Datasets and will be disabled.
[2025-10-29T03:35:21.206+0700] {subprocess.py:93} INFO - 🚀 Streaming job started — đang lắng nghe dữ liệu từ Kafka...
[2025-10-29T03:35:21.299+0700] {subprocess.py:93} INFO - 25/10/29 03:35:21 WARN AdminClientConfig: These configurations '[key.deserializer, value.deserializer, enable.auto.commit, max.poll.records, auto.offset.reset]' were supplied but are not used yet.
[2025-10-29T03:35:22.817+0700] {subprocess.py:93} INFO - [Batch 0] ⚠️ Không có dữ liệu mới.
[2025-10-29T03:35:26.322+0700] {subprocess.py:93} INFO - 25/10/29 03:35:26 WARN KafkaDataConsumer: KafkaDataConsumer is not running in UninterruptibleThread. It may hang when KafkaDataConsumer's methods are interrupted because of KAFKA-1894
[2025-10-29T03:35:26.447+0700] {subprocess.py:93} INFO - 25/10/29 03:35:26 WARN KafkaDataConsumer: KafkaDataConsumer is not running in UninterruptibleThread. It may hang when KafkaDataConsumer's methods are interrupted because of KAFKA-1894
[2025-10-29T03:35:26.448+0700] {subprocess.py:93} INFO - 25/10/29 03:35:26 WARN KafkaDataConsumer: KafkaDataConsumer is not running in UninterruptibleThread. It may hang when KafkaDataConsumer's methods are interrupted because of KAFKA-1894
[2025-10-29T03:35:26.449+0700] {subprocess.py:93} INFO - 25/10/29 03:35:26 WARN KafkaDataConsumer: KafkaDataConsumer is not running in UninterruptibleThread. It may hang when KafkaDataConsumer's methods are interrupted because of KAFKA-1894
[2025-10-29T03:35:26.449+0700] {subprocess.py:93} INFO - 25/10/29 03:35:26 WARN KafkaDataConsumer: KafkaDataConsumer is not running in UninterruptibleThread. It may hang when KafkaDataConsumer's methods are interrupted because of KAFKA-1894
[2025-10-29T03:35:26.449+0700] {subprocess.py:93} INFO - 25/10/29 03:35:26 WARN KafkaDataConsumer: KafkaDataConsumer is not running in UninterruptibleThread. It may hang when KafkaDataConsumer's methods are interrupted because of KAFKA-1894
[2025-10-29T03:35:26.449+0700] {subprocess.py:93} INFO - 25/10/29 03:35:26 WARN KafkaDataConsumer: KafkaDataConsumer is not running in UninterruptibleThread. It may hang when KafkaDataConsumer's methods are interrupted because of KAFKA-1894
[2025-10-29T03:35:28.963+0700] {subprocess.py:93} INFO - There was a problem when trying to write in your cache folder (/home/***/.cache/huggingface/hub). You should set the environment variable TRANSFORMERS_CACHE to a writable directory.
[2025-10-29T03:35:29.624+0700] {subprocess.py:93} INFO - 25/10/29 03:35:29 ERROR Executor: Exception in task 0.0 in stage 2.0 (TID 1)
[2025-10-29T03:35:29.625+0700] {subprocess.py:93} INFO - org.apache.spark.api.python.PythonException: Traceback (most recent call last):
[2025-10-29T03:35:29.625+0700] {subprocess.py:93} INFO -   File "/opt/***/projects/absa_streaming/scripts/consumer_postgres_streaming.py", line 73, in absa_infer_udf
[2025-10-29T03:35:29.625+0700] {subprocess.py:93} INFO -     _tokenizer = AutoTokenizer.from_pretrained(MODEL_NAME, use_fast=True)
[2025-10-29T03:35:29.625+0700] {subprocess.py:93} INFO -                  ^^^^^^^^^^^^^^^^^^^^^^^^^^^^^^^^^^^^^^^^^^^^^^^^^^^^^^^^
[2025-10-29T03:35:29.625+0700] {subprocess.py:93} INFO -   File "/home/***/.local/lib/python3.12/site-packages/transformers/models/auto/tokenization_auto.py", line 817, in from_pretrained
[2025-10-29T03:35:29.625+0700] {subprocess.py:93} INFO -     tokenizer_config = get_tokenizer_config(pretrained_model_name_or_path, **kwargs)
[2025-10-29T03:35:29.625+0700] {subprocess.py:93} INFO -                        ^^^^^^^^^^^^^^^^^^^^^^^^^^^^^^^^^^^^^^^^^^^^^^^^^^^^^^^^^^^^^
[2025-10-29T03:35:29.626+0700] {subprocess.py:93} INFO -   File "/home/***/.local/lib/python3.12/site-packages/transformers/models/auto/tokenization_auto.py", line 649, in get_tokenizer_config
[2025-10-29T03:35:29.626+0700] {subprocess.py:93} INFO -     resolved_config_file = cached_file(
[2025-10-29T03:35:29.626+0700] {subprocess.py:93} INFO -                            ^^^^^^^^^^^^
[2025-10-29T03:35:29.626+0700] {subprocess.py:93} INFO -   File "/home/***/.local/lib/python3.12/site-packages/transformers/utils/hub.py", line 462, in cached_file
[2025-10-29T03:35:29.626+0700] {subprocess.py:93} INFO -     except HFValidationError as e:
[2025-10-29T03:35:29.626+0700] {subprocess.py:93} INFO -   File "/home/***/.local/lib/python3.12/site-packages/huggingface_hub/utils/_validators.py", line 114, in _inner_fn
[2025-10-29T03:35:29.626+0700] {subprocess.py:93} INFO -     return fn(*args, **kwargs)
[2025-10-29T03:35:29.626+0700] {subprocess.py:93} INFO -            ^^^^^^^^^^^^^^^^^^^
[2025-10-29T03:35:29.626+0700] {subprocess.py:93} INFO -   File "/home/***/.local/lib/python3.12/site-packages/huggingface_hub/file_download.py", line 1007, in hf_hub_download
[2025-10-29T03:35:29.626+0700] {subprocess.py:93} INFO -     return _hf_hub_download_to_cache_dir(
[2025-10-29T03:35:29.626+0700] {subprocess.py:93} INFO -            ^^^^^^^^^^^^^^^^^^^^^^^^^^^^^^
[2025-10-29T03:35:29.627+0700] {subprocess.py:93} INFO -   File "/home/***/.local/lib/python3.12/site-packages/huggingface_hub/file_download.py", line 1124, in _hf_hub_download_to_cache_dir
[2025-10-29T03:35:29.627+0700] {subprocess.py:93} INFO -     os.makedirs(os.path.dirname(blob_path), exist_ok=True)
[2025-10-29T03:35:29.627+0700] {subprocess.py:93} INFO -   File "<frozen os>", line 216, in makedirs
[2025-10-29T03:35:29.627+0700] {subprocess.py:93} INFO -   File "<frozen os>", line 216, in makedirs
[2025-10-29T03:35:29.627+0700] {subprocess.py:93} INFO -   File "<frozen os>", line 216, in makedirs
[2025-10-29T03:35:29.627+0700] {subprocess.py:93} INFO -   File "<frozen os>", line 230, in makedirs
[2025-10-29T03:35:29.627+0700] {subprocess.py:93} INFO - PermissionError: [Errno 13] Permission denied: '/home/***/.cache/huggingface'
[2025-10-29T03:35:29.627+0700] {subprocess.py:93} INFO - 
[2025-10-29T03:35:29.627+0700] {subprocess.py:93} INFO - 	at org.apache.spark.api.python.BasePythonRunner$ReaderIterator.handlePythonException(PythonRunner.scala:572)
[2025-10-29T03:35:29.627+0700] {subprocess.py:93} INFO - 	at org.apache.spark.sql.execution.python.PythonArrowOutput$$anon$1.read(PythonArrowOutput.scala:118)
[2025-10-29T03:35:29.627+0700] {subprocess.py:93} INFO - 	at org.apache.spark.api.python.BasePythonRunner$ReaderIterator.hasNext(PythonRunner.scala:525)
[2025-10-29T03:35:29.628+0700] {subprocess.py:93} INFO - 	at org.apache.spark.InterruptibleIterator.hasNext(InterruptibleIterator.scala:37)
[2025-10-29T03:35:29.628+0700] {subprocess.py:93} INFO - 	at scala.collection.Iterator$$anon$11.hasNext(Iterator.scala:491)
[2025-10-29T03:35:29.628+0700] {subprocess.py:93} INFO - 	at scala.collection.Iterator$$anon$10.hasNext(Iterator.scala:460)
[2025-10-29T03:35:29.628+0700] {subprocess.py:93} INFO - 	at scala.collection.Iterator$$anon$10.hasNext(Iterator.scala:460)
[2025-10-29T03:35:29.628+0700] {subprocess.py:93} INFO - 	at org.apache.spark.sql.catalyst.expressions.GeneratedClass$GeneratedIteratorForCodegenStage1.hashAgg_doAggregateWithoutKey_0$(Unknown Source)
[2025-10-29T03:35:29.628+0700] {subprocess.py:93} INFO - 	at org.apache.spark.sql.catalyst.expressions.GeneratedClass$GeneratedIteratorForCodegenStage1.processNext(Unknown Source)
[2025-10-29T03:35:29.628+0700] {subprocess.py:93} INFO - 	at org.apache.spark.sql.execution.BufferedRowIterator.hasNext(BufferedRowIterator.java:43)
[2025-10-29T03:35:29.628+0700] {subprocess.py:93} INFO - 	at org.apache.spark.sql.execution.WholeStageCodegenEvaluatorFactory$WholeStageCodegenPartitionEvaluator$$anon$1.hasNext(WholeStageCodegenEvaluatorFactory.scala:43)
[2025-10-29T03:35:29.628+0700] {subprocess.py:93} INFO - 	at scala.collection.Iterator$$anon$10.hasNext(Iterator.scala:460)
[2025-10-29T03:35:29.628+0700] {subprocess.py:93} INFO - 	at org.apache.spark.shuffle.sort.BypassMergeSortShuffleWriter.write(BypassMergeSortShuffleWriter.java:140)
[2025-10-29T03:35:29.629+0700] {subprocess.py:93} INFO - 	at org.apache.spark.shuffle.ShuffleWriteProcessor.write(ShuffleWriteProcessor.scala:59)
[2025-10-29T03:35:29.629+0700] {subprocess.py:93} INFO - 	at org.apache.spark.scheduler.ShuffleMapTask.runTask(ShuffleMapTask.scala:104)
[2025-10-29T03:35:29.629+0700] {subprocess.py:93} INFO - 	at org.apache.spark.scheduler.ShuffleMapTask.runTask(ShuffleMapTask.scala:54)
[2025-10-29T03:35:29.629+0700] {subprocess.py:93} INFO - 	at org.apache.spark.TaskContext.runTaskWithListeners(TaskContext.scala:166)
[2025-10-29T03:35:29.629+0700] {subprocess.py:93} INFO - 	at org.apache.spark.scheduler.Task.run(Task.scala:141)
[2025-10-29T03:35:29.629+0700] {subprocess.py:93} INFO - 	at org.apache.spark.executor.Executor$TaskRunner.$anonfun$run$4(Executor.scala:620)
[2025-10-29T03:35:29.629+0700] {subprocess.py:93} INFO - 	at org.apache.spark.util.SparkErrorUtils.tryWithSafeFinally(SparkErrorUtils.scala:64)
[2025-10-29T03:35:29.629+0700] {subprocess.py:93} INFO - 	at org.apache.spark.util.SparkErrorUtils.tryWithSafeFinally$(SparkErrorUtils.scala:61)
[2025-10-29T03:35:29.629+0700] {subprocess.py:93} INFO - 	at org.apache.spark.util.Utils$.tryWithSafeFinally(Utils.scala:94)
[2025-10-29T03:35:29.629+0700] {subprocess.py:93} INFO - 	at org.apache.spark.executor.Executor$TaskRunner.run(Executor.scala:623)
[2025-10-29T03:35:29.629+0700] {subprocess.py:93} INFO - 	at java.base/java.util.concurrent.ThreadPoolExecutor.runWorker(ThreadPoolExecutor.java:1136)
[2025-10-29T03:35:29.630+0700] {subprocess.py:93} INFO - 	at java.base/java.util.concurrent.ThreadPoolExecutor$Worker.run(ThreadPoolExecutor.java:635)
[2025-10-29T03:35:29.630+0700] {subprocess.py:93} INFO - 	at java.base/java.lang.Thread.run(Thread.java:840)
[2025-10-29T03:35:29.634+0700] {subprocess.py:93} INFO - 25/10/29 03:35:29 WARN TaskSetManager: Lost task 0.0 in stage 2.0 (TID 1) (dfeadd712fc3 executor driver): org.apache.spark.api.python.PythonException: Traceback (most recent call last):
[2025-10-29T03:35:29.634+0700] {subprocess.py:93} INFO -   File "/opt/***/projects/absa_streaming/scripts/consumer_postgres_streaming.py", line 73, in absa_infer_udf
[2025-10-29T03:35:29.634+0700] {subprocess.py:93} INFO -     _tokenizer = AutoTokenizer.from_pretrained(MODEL_NAME, use_fast=True)
[2025-10-29T03:35:29.634+0700] {subprocess.py:93} INFO -                  ^^^^^^^^^^^^^^^^^^^^^^^^^^^^^^^^^^^^^^^^^^^^^^^^^^^^^^^^
[2025-10-29T03:35:29.634+0700] {subprocess.py:93} INFO -   File "/home/***/.local/lib/python3.12/site-packages/transformers/models/auto/tokenization_auto.py", line 817, in from_pretrained
[2025-10-29T03:35:29.634+0700] {subprocess.py:93} INFO -     tokenizer_config = get_tokenizer_config(pretrained_model_name_or_path, **kwargs)
[2025-10-29T03:35:29.634+0700] {subprocess.py:93} INFO -                        ^^^^^^^^^^^^^^^^^^^^^^^^^^^^^^^^^^^^^^^^^^^^^^^^^^^^^^^^^^^^^
[2025-10-29T03:35:29.634+0700] {subprocess.py:93} INFO -   File "/home/***/.local/lib/python3.12/site-packages/transformers/models/auto/tokenization_auto.py", line 649, in get_tokenizer_config
[2025-10-29T03:35:29.634+0700] {subprocess.py:93} INFO -     resolved_config_file = cached_file(
[2025-10-29T03:35:29.635+0700] {subprocess.py:93} INFO -                            ^^^^^^^^^^^^
[2025-10-29T03:35:29.635+0700] {subprocess.py:93} INFO -   File "/home/***/.local/lib/python3.12/site-packages/transformers/utils/hub.py", line 462, in cached_file
[2025-10-29T03:35:29.635+0700] {subprocess.py:93} INFO -     except HFValidationError as e:
[2025-10-29T03:35:29.636+0700] {subprocess.py:93} INFO -   File "/home/***/.local/lib/python3.12/site-packages/huggingface_hub/utils/_validators.py", line 114, in _inner_fn
[2025-10-29T03:35:29.636+0700] {subprocess.py:93} INFO -     return fn(*args, **kwargs)
[2025-10-29T03:35:29.636+0700] {subprocess.py:93} INFO -            ^^^^^^^^^^^^^^^^^^^
[2025-10-29T03:35:29.637+0700] {subprocess.py:93} INFO -   File "/home/***/.local/lib/python3.12/site-packages/huggingface_hub/file_download.py", line 1007, in hf_hub_download
[2025-10-29T03:35:29.637+0700] {subprocess.py:93} INFO -     return _hf_hub_download_to_cache_dir(
[2025-10-29T03:35:29.637+0700] {subprocess.py:93} INFO -            ^^^^^^^^^^^^^^^^^^^^^^^^^^^^^^
[2025-10-29T03:35:29.637+0700] {subprocess.py:93} INFO -   File "/home/***/.local/lib/python3.12/site-packages/huggingface_hub/file_download.py", line 1124, in _hf_hub_download_to_cache_dir
[2025-10-29T03:35:29.638+0700] {subprocess.py:93} INFO -     os.makedirs(os.path.dirname(blob_path), exist_ok=True)
[2025-10-29T03:35:29.638+0700] {subprocess.py:93} INFO -   File "<frozen os>", line 216, in makedirs
[2025-10-29T03:35:29.638+0700] {subprocess.py:93} INFO -   File "<frozen os>", line 216, in makedirs
[2025-10-29T03:35:29.638+0700] {subprocess.py:93} INFO -   File "<frozen os>", line 216, in makedirs
[2025-10-29T03:35:29.638+0700] {subprocess.py:93} INFO -   File "<frozen os>", line 230, in makedirs
[2025-10-29T03:35:29.638+0700] {subprocess.py:93} INFO - PermissionError: [Errno 13] Permission denied: '/home/***/.cache/huggingface'
[2025-10-29T03:35:29.639+0700] {subprocess.py:93} INFO - 
[2025-10-29T03:35:29.639+0700] {subprocess.py:93} INFO - 	at org.apache.spark.api.python.BasePythonRunner$ReaderIterator.handlePythonException(PythonRunner.scala:572)
[2025-10-29T03:35:29.639+0700] {subprocess.py:93} INFO - 	at org.apache.spark.sql.execution.python.PythonArrowOutput$$anon$1.read(PythonArrowOutput.scala:118)
[2025-10-29T03:35:29.639+0700] {subprocess.py:93} INFO - 	at org.apache.spark.api.python.BasePythonRunner$ReaderIterator.hasNext(PythonRunner.scala:525)
[2025-10-29T03:35:29.640+0700] {subprocess.py:93} INFO - 	at org.apache.spark.InterruptibleIterator.hasNext(InterruptibleIterator.scala:37)
[2025-10-29T03:35:29.640+0700] {subprocess.py:93} INFO - 	at scala.collection.Iterator$$anon$11.hasNext(Iterator.scala:491)
[2025-10-29T03:35:29.640+0700] {subprocess.py:93} INFO - 	at scala.collection.Iterator$$anon$10.hasNext(Iterator.scala:460)
[2025-10-29T03:35:29.640+0700] {subprocess.py:93} INFO - 	at scala.collection.Iterator$$anon$10.hasNext(Iterator.scala:460)
[2025-10-29T03:35:29.641+0700] {subprocess.py:93} INFO - 	at org.apache.spark.sql.catalyst.expressions.GeneratedClass$GeneratedIteratorForCodegenStage1.hashAgg_doAggregateWithoutKey_0$(Unknown Source)
[2025-10-29T03:35:29.641+0700] {subprocess.py:93} INFO - 	at org.apache.spark.sql.catalyst.expressions.GeneratedClass$GeneratedIteratorForCodegenStage1.processNext(Unknown Source)
[2025-10-29T03:35:29.641+0700] {subprocess.py:93} INFO - 	at org.apache.spark.sql.execution.BufferedRowIterator.hasNext(BufferedRowIterator.java:43)
[2025-10-29T03:35:29.641+0700] {subprocess.py:93} INFO - 	at org.apache.spark.sql.execution.WholeStageCodegenEvaluatorFactory$WholeStageCodegenPartitionEvaluator$$anon$1.hasNext(WholeStageCodegenEvaluatorFactory.scala:43)
[2025-10-29T03:35:29.642+0700] {subprocess.py:93} INFO - 	at scala.collection.Iterator$$anon$10.hasNext(Iterator.scala:460)
[2025-10-29T03:35:29.642+0700] {subprocess.py:93} INFO - 	at org.apache.spark.shuffle.sort.BypassMergeSortShuffleWriter.write(BypassMergeSortShuffleWriter.java:140)
[2025-10-29T03:35:29.642+0700] {subprocess.py:93} INFO - 	at org.apache.spark.shuffle.ShuffleWriteProcessor.write(ShuffleWriteProcessor.scala:59)
[2025-10-29T03:35:29.642+0700] {subprocess.py:93} INFO - 	at org.apache.spark.scheduler.ShuffleMapTask.runTask(ShuffleMapTask.scala:104)
[2025-10-29T03:35:29.642+0700] {subprocess.py:93} INFO - 	at org.apache.spark.scheduler.ShuffleMapTask.runTask(ShuffleMapTask.scala:54)
[2025-10-29T03:35:29.642+0700] {subprocess.py:93} INFO - 	at org.apache.spark.TaskContext.runTaskWithListeners(TaskContext.scala:166)
[2025-10-29T03:35:29.643+0700] {subprocess.py:93} INFO - 	at org.apache.spark.scheduler.Task.run(Task.scala:141)
[2025-10-29T03:35:29.643+0700] {subprocess.py:93} INFO - 	at org.apache.spark.executor.Executor$TaskRunner.$anonfun$run$4(Executor.scala:620)
[2025-10-29T03:35:29.643+0700] {subprocess.py:93} INFO - 	at org.apache.spark.util.SparkErrorUtils.tryWithSafeFinally(SparkErrorUtils.scala:64)
[2025-10-29T03:35:29.643+0700] {subprocess.py:93} INFO - 	at org.apache.spark.util.SparkErrorUtils.tryWithSafeFinally$(SparkErrorUtils.scala:61)
[2025-10-29T03:35:29.643+0700] {subprocess.py:93} INFO - 	at org.apache.spark.util.Utils$.tryWithSafeFinally(Utils.scala:94)
[2025-10-29T03:35:29.643+0700] {subprocess.py:93} INFO - 	at org.apache.spark.executor.Executor$TaskRunner.run(Executor.scala:623)
[2025-10-29T03:35:29.644+0700] {subprocess.py:93} INFO - 	at java.base/java.util.concurrent.ThreadPoolExecutor.runWorker(ThreadPoolExecutor.java:1136)
[2025-10-29T03:35:29.644+0700] {subprocess.py:93} INFO - 	at java.base/java.util.concurrent.ThreadPoolExecutor$Worker.run(ThreadPoolExecutor.java:635)
[2025-10-29T03:35:29.644+0700] {subprocess.py:93} INFO - 	at java.base/java.lang.Thread.run(Thread.java:840)
[2025-10-29T03:35:29.644+0700] {subprocess.py:93} INFO - 
[2025-10-29T03:35:29.645+0700] {subprocess.py:93} INFO - 25/10/29 03:35:29 ERROR TaskSetManager: Task 0 in stage 2.0 failed 1 times; aborting job
[2025-10-29T03:35:29.707+0700] {subprocess.py:93} INFO - 25/10/29 03:35:29 ERROR MicroBatchExecution: Query [id = f54c56b6-e858-48bf-a33b-15e5d67c9a58, runId = f1627ef5-48b6-4953-9921-80a99116759c] terminated with error
[2025-10-29T03:35:29.707+0700] {subprocess.py:93} INFO - py4j.Py4JException: An exception was raised by the Python Proxy. Return Message: Traceback (most recent call last):
[2025-10-29T03:35:29.707+0700] {subprocess.py:93} INFO -   File "/home/***/.local/lib/python3.12/site-packages/pyspark/python/lib/py4j-0.10.9.7-src.zip/py4j/clientserver.py", line 617, in _call_proxy
[2025-10-29T03:35:29.707+0700] {subprocess.py:93} INFO -     return_value = getattr(self.pool[obj_id], method)(*params)
[2025-10-29T03:35:29.707+0700] {subprocess.py:93} INFO -                    ^^^^^^^^^^^^^^^^^^^^^^^^^^^^^^^^^^^^^^^^^^^
[2025-10-29T03:35:29.707+0700] {subprocess.py:93} INFO -   File "/home/***/.local/lib/python3.12/site-packages/pyspark/python/lib/pyspark.zip/pyspark/sql/utils.py", line 120, in call
[2025-10-29T03:35:29.707+0700] {subprocess.py:93} INFO -     raise e
[2025-10-29T03:35:29.708+0700] {subprocess.py:93} INFO -   File "/home/***/.local/lib/python3.12/site-packages/pyspark/python/lib/pyspark.zip/pyspark/sql/utils.py", line 117, in call
[2025-10-29T03:35:29.708+0700] {subprocess.py:93} INFO -     self.func(DataFrame(jdf, wrapped_session_jdf), batch_id)
[2025-10-29T03:35:29.708+0700] {subprocess.py:93} INFO -   File "/opt/***/projects/absa_streaming/scripts/consumer_postgres_streaming.py", line 125, in write_to_postgres
[2025-10-29T03:35:29.708+0700] {subprocess.py:93} INFO -     total_rows = batch_df.count()
[2025-10-29T03:35:29.708+0700] {subprocess.py:93} INFO -                  ^^^^^^^^^^^^^^^^
[2025-10-29T03:35:29.708+0700] {subprocess.py:93} INFO -   File "/home/***/.local/lib/python3.12/site-packages/pyspark/python/lib/pyspark.zip/pyspark/sql/dataframe.py", line 1238, in count
[2025-10-29T03:35:29.708+0700] {subprocess.py:93} INFO -     return int(self._jdf.count())
[2025-10-29T03:35:29.708+0700] {subprocess.py:93} INFO -                ^^^^^^^^^^^^^^^^^
[2025-10-29T03:35:29.708+0700] {subprocess.py:93} INFO -   File "/home/***/.local/lib/python3.12/site-packages/pyspark/python/lib/py4j-0.10.9.7-src.zip/py4j/java_gateway.py", line 1322, in __call__
[2025-10-29T03:35:29.708+0700] {subprocess.py:93} INFO -     return_value = get_return_value(
[2025-10-29T03:35:29.709+0700] {subprocess.py:93} INFO -                    ^^^^^^^^^^^^^^^^^
[2025-10-29T03:35:29.709+0700] {subprocess.py:93} INFO -   File "/home/***/.local/lib/python3.12/site-packages/pyspark/python/lib/pyspark.zip/pyspark/errors/exceptions/captured.py", line 185, in deco
[2025-10-29T03:35:29.709+0700] {subprocess.py:93} INFO -     raise converted from None
[2025-10-29T03:35:29.709+0700] {subprocess.py:93} INFO - pyspark.errors.exceptions.captured.PythonException:
[2025-10-29T03:35:29.709+0700] {subprocess.py:93} INFO -   An exception was thrown from the Python worker. Please see the stack trace below.
[2025-10-29T03:35:29.709+0700] {subprocess.py:93} INFO - Traceback (most recent call last):
[2025-10-29T03:35:29.709+0700] {subprocess.py:93} INFO -   File "/opt/***/projects/absa_streaming/scripts/consumer_postgres_streaming.py", line 73, in absa_infer_udf
[2025-10-29T03:35:29.709+0700] {subprocess.py:93} INFO -     _tokenizer = AutoTokenizer.from_pretrained(MODEL_NAME, use_fast=True)
[2025-10-29T03:35:29.709+0700] {subprocess.py:93} INFO -                  ^^^^^^^^^^^^^^^^^^^^^^^^^^^^^^^^^^^^^^^^^^^^^^^^^^^^^^^^
[2025-10-29T03:35:29.709+0700] {subprocess.py:93} INFO -   File "/home/***/.local/lib/python3.12/site-packages/transformers/models/auto/tokenization_auto.py", line 817, in from_pretrained
[2025-10-29T03:35:29.710+0700] {subprocess.py:93} INFO -     tokenizer_config = get_tokenizer_config(pretrained_model_name_or_path, **kwargs)
[2025-10-29T03:35:29.710+0700] {subprocess.py:93} INFO -                        ^^^^^^^^^^^^^^^^^^^^^^^^^^^^^^^^^^^^^^^^^^^^^^^^^^^^^^^^^^^^^
[2025-10-29T03:35:29.710+0700] {subprocess.py:93} INFO -   File "/home/***/.local/lib/python3.12/site-packages/transformers/models/auto/tokenization_auto.py", line 649, in get_tokenizer_config
[2025-10-29T03:35:29.710+0700] {subprocess.py:93} INFO -     resolved_config_file = cached_file(
[2025-10-29T03:35:29.710+0700] {subprocess.py:93} INFO -                            ^^^^^^^^^^^^
[2025-10-29T03:35:29.710+0700] {subprocess.py:93} INFO -   File "/home/***/.local/lib/python3.12/site-packages/transformers/utils/hub.py", line 462, in cached_file
[2025-10-29T03:35:29.710+0700] {subprocess.py:93} INFO -     except HFValidationError as e:
[2025-10-29T03:35:29.710+0700] {subprocess.py:93} INFO -   File "/home/***/.local/lib/python3.12/site-packages/huggingface_hub/utils/_validators.py", line 114, in _inner_fn
[2025-10-29T03:35:29.710+0700] {subprocess.py:93} INFO -     return fn(*args, **kwargs)
[2025-10-29T03:35:29.710+0700] {subprocess.py:93} INFO -            ^^^^^^^^^^^^^^^^^^^
[2025-10-29T03:35:29.710+0700] {subprocess.py:93} INFO -   File "/home/***/.local/lib/python3.12/site-packages/huggingface_hub/file_download.py", line 1007, in hf_hub_download
[2025-10-29T03:35:29.711+0700] {subprocess.py:93} INFO -     return _hf_hub_download_to_cache_dir(
[2025-10-29T03:35:29.711+0700] {subprocess.py:93} INFO -            ^^^^^^^^^^^^^^^^^^^^^^^^^^^^^^
[2025-10-29T03:35:29.711+0700] {subprocess.py:93} INFO -   File "/home/***/.local/lib/python3.12/site-packages/huggingface_hub/file_download.py", line 1124, in _hf_hub_download_to_cache_dir
[2025-10-29T03:35:29.711+0700] {subprocess.py:93} INFO -     os.makedirs(os.path.dirname(blob_path), exist_ok=True)
[2025-10-29T03:35:29.711+0700] {subprocess.py:93} INFO -   File "<frozen os>", line 216, in makedirs
[2025-10-29T03:35:29.711+0700] {subprocess.py:93} INFO -   File "<frozen os>", line 216, in makedirs
[2025-10-29T03:35:29.711+0700] {subprocess.py:93} INFO -   File "<frozen os>", line 216, in makedirs
[2025-10-29T03:35:29.711+0700] {subprocess.py:93} INFO -   File "<frozen os>", line 230, in makedirs
[2025-10-29T03:35:29.711+0700] {subprocess.py:93} INFO - PermissionError: [Errno 13] Permission denied: '/home/***/.cache/huggingface'
[2025-10-29T03:35:29.711+0700] {subprocess.py:93} INFO - 
[2025-10-29T03:35:29.711+0700] {subprocess.py:93} INFO - 
[2025-10-29T03:35:29.711+0700] {subprocess.py:93} INFO - 	at py4j.Protocol.getReturnValue(Protocol.java:476)
[2025-10-29T03:35:29.712+0700] {subprocess.py:93} INFO - 	at py4j.reflection.PythonProxyHandler.invoke(PythonProxyHandler.java:108)
[2025-10-29T03:35:29.712+0700] {subprocess.py:93} INFO - 	at jdk.proxy3/jdk.proxy3.$Proxy32.call(Unknown Source)
[2025-10-29T03:35:29.712+0700] {subprocess.py:93} INFO - 	at org.apache.spark.sql.execution.streaming.sources.PythonForeachBatchHelper$.$anonfun$callForeachBatch$1(ForeachBatchSink.scala:53)
[2025-10-29T03:35:29.712+0700] {subprocess.py:93} INFO - 	at org.apache.spark.sql.execution.streaming.sources.PythonForeachBatchHelper$.$anonfun$callForeachBatch$1$adapted(ForeachBatchSink.scala:53)
[2025-10-29T03:35:29.712+0700] {subprocess.py:93} INFO - 	at org.apache.spark.sql.execution.streaming.sources.ForeachBatchSink.addBatch(ForeachBatchSink.scala:34)
[2025-10-29T03:35:29.712+0700] {subprocess.py:93} INFO - 	at org.apache.spark.sql.execution.streaming.MicroBatchExecution.$anonfun$runBatch$17(MicroBatchExecution.scala:732)
[2025-10-29T03:35:29.712+0700] {subprocess.py:93} INFO - 	at org.apache.spark.sql.execution.SQLExecution$.$anonfun$withNewExecutionId$6(SQLExecution.scala:125)
[2025-10-29T03:35:29.712+0700] {subprocess.py:93} INFO - 	at org.apache.spark.sql.execution.SQLExecution$.withSQLConfPropagated(SQLExecution.scala:201)
[2025-10-29T03:35:29.712+0700] {subprocess.py:93} INFO - 	at org.apache.spark.sql.execution.SQLExecution$.$anonfun$withNewExecutionId$1(SQLExecution.scala:108)
[2025-10-29T03:35:29.712+0700] {subprocess.py:93} INFO - 	at org.apache.spark.sql.SparkSession.withActive(SparkSession.scala:900)
[2025-10-29T03:35:29.712+0700] {subprocess.py:93} INFO - 	at org.apache.spark.sql.execution.SQLExecution$.withNewExecutionId(SQLExecution.scala:66)
[2025-10-29T03:35:29.713+0700] {subprocess.py:93} INFO - 	at org.apache.spark.sql.execution.streaming.MicroBatchExecution.$anonfun$runBatch$16(MicroBatchExecution.scala:729)
[2025-10-29T03:35:29.713+0700] {subprocess.py:93} INFO - 	at org.apache.spark.sql.execution.streaming.ProgressReporter.reportTimeTaken(ProgressReporter.scala:427)
[2025-10-29T03:35:29.713+0700] {subprocess.py:93} INFO - 	at org.apache.spark.sql.execution.streaming.ProgressReporter.reportTimeTaken$(ProgressReporter.scala:425)
[2025-10-29T03:35:29.713+0700] {subprocess.py:93} INFO - 	at org.apache.spark.sql.execution.streaming.StreamExecution.reportTimeTaken(StreamExecution.scala:67)
[2025-10-29T03:35:29.713+0700] {subprocess.py:93} INFO - 	at org.apache.spark.sql.execution.streaming.MicroBatchExecution.runBatch(MicroBatchExecution.scala:729)
[2025-10-29T03:35:29.713+0700] {subprocess.py:93} INFO - 	at org.apache.spark.sql.execution.streaming.MicroBatchExecution.$anonfun$runActivatedStream$2(MicroBatchExecution.scala:286)
[2025-10-29T03:35:29.713+0700] {subprocess.py:93} INFO - 	at scala.runtime.java8.JFunction0$mcV$sp.apply(JFunction0$mcV$sp.java:23)
[2025-10-29T03:35:29.713+0700] {subprocess.py:93} INFO - 	at org.apache.spark.sql.execution.streaming.ProgressReporter.reportTimeTaken(ProgressReporter.scala:427)
[2025-10-29T03:35:29.713+0700] {subprocess.py:93} INFO - 	at org.apache.spark.sql.execution.streaming.ProgressReporter.reportTimeTaken$(ProgressReporter.scala:425)
[2025-10-29T03:35:29.713+0700] {subprocess.py:93} INFO - 	at org.apache.spark.sql.execution.streaming.StreamExecution.reportTimeTaken(StreamExecution.scala:67)
[2025-10-29T03:35:29.713+0700] {subprocess.py:93} INFO - 	at org.apache.spark.sql.execution.streaming.MicroBatchExecution.$anonfun$runActivatedStream$1(MicroBatchExecution.scala:249)
[2025-10-29T03:35:29.713+0700] {subprocess.py:93} INFO - 	at org.apache.spark.sql.execution.streaming.ProcessingTimeExecutor.execute(TriggerExecutor.scala:67)
[2025-10-29T03:35:29.714+0700] {subprocess.py:93} INFO - 	at org.apache.spark.sql.execution.streaming.MicroBatchExecution.runActivatedStream(MicroBatchExecution.scala:239)
[2025-10-29T03:35:29.714+0700] {subprocess.py:93} INFO - 	at org.apache.spark.sql.execution.streaming.StreamExecution.$anonfun$runStream$1(StreamExecution.scala:311)
[2025-10-29T03:35:29.714+0700] {subprocess.py:93} INFO - 	at scala.runtime.java8.JFunction0$mcV$sp.apply(JFunction0$mcV$sp.java:23)
[2025-10-29T03:35:29.714+0700] {subprocess.py:93} INFO - 	at org.apache.spark.sql.SparkSession.withActive(SparkSession.scala:900)
[2025-10-29T03:35:29.714+0700] {subprocess.py:93} INFO - 	at org.apache.spark.sql.execution.streaming.StreamExecution.org$apache$spark$sql$execution$streaming$StreamExecution$$runStream(StreamExecution.scala:289)
[2025-10-29T03:35:29.714+0700] {subprocess.py:93} INFO - 	at org.apache.spark.sql.execution.streaming.StreamExecution$$anon$1.$anonfun$run$1(StreamExecution.scala:211)
[2025-10-29T03:35:29.714+0700] {subprocess.py:93} INFO - 	at scala.runtime.java8.JFunction0$mcV$sp.apply(JFunction0$mcV$sp.java:23)
[2025-10-29T03:35:29.714+0700] {subprocess.py:93} INFO - 	at org.apache.spark.JobArtifactSet$.withActiveJobArtifactState(JobArtifactSet.scala:94)
[2025-10-29T03:35:29.714+0700] {subprocess.py:93} INFO - 	at org.apache.spark.sql.execution.streaming.StreamExecution$$anon$1.run(StreamExecution.scala:211)
[2025-10-29T03:35:29.766+0700] {subprocess.py:93} INFO - Traceback (most recent call last):
[2025-10-29T03:35:29.766+0700] {subprocess.py:93} INFO -   File "/opt/***/projects/absa_streaming/scripts/consumer_postgres_streaming.py", line 175, in <module>
[2025-10-29T03:35:29.767+0700] {subprocess.py:93} INFO -     query.awaitTermination()
[2025-10-29T03:35:29.767+0700] {subprocess.py:93} INFO -   File "/home/***/.local/lib/python3.12/site-packages/pyspark/python/lib/pyspark.zip/pyspark/sql/streaming/query.py", line 221, in awaitTermination
[2025-10-29T03:35:29.767+0700] {subprocess.py:93} INFO -   File "/home/***/.local/lib/python3.12/site-packages/pyspark/python/lib/py4j-0.10.9.7-src.zip/py4j/java_gateway.py", line 1322, in __call__
[2025-10-29T03:35:29.767+0700] {subprocess.py:93} INFO -   File "/home/***/.local/lib/python3.12/site-packages/pyspark/python/lib/pyspark.zip/pyspark/errors/exceptions/captured.py", line 185, in deco
[2025-10-29T03:35:29.768+0700] {subprocess.py:93} INFO - pyspark.errors.exceptions.captured.StreamingQueryException: [STREAM_FAILED] Query [id = f54c56b6-e858-48bf-a33b-15e5d67c9a58, runId = f1627ef5-48b6-4953-9921-80a99116759c] terminated with exception: An exception was raised by the Python Proxy. Return Message: Traceback (most recent call last):
[2025-10-29T03:35:29.768+0700] {subprocess.py:93} INFO -   File "/home/***/.local/lib/python3.12/site-packages/pyspark/python/lib/py4j-0.10.9.7-src.zip/py4j/clientserver.py", line 617, in _call_proxy
[2025-10-29T03:35:29.769+0700] {subprocess.py:93} INFO -     return_value = getattr(self.pool[obj_id], method)(*params)
[2025-10-29T03:35:29.769+0700] {subprocess.py:93} INFO -                    ^^^^^^^^^^^^^^^^^^^^^^^^^^^^^^^^^^^^^^^^^^^
[2025-10-29T03:35:29.769+0700] {subprocess.py:93} INFO -   File "/home/***/.local/lib/python3.12/site-packages/pyspark/python/lib/pyspark.zip/pyspark/sql/utils.py", line 120, in call
[2025-10-29T03:35:29.770+0700] {subprocess.py:93} INFO -     raise e
[2025-10-29T03:35:29.770+0700] {subprocess.py:93} INFO -   File "/home/***/.local/lib/python3.12/site-packages/pyspark/python/lib/pyspark.zip/pyspark/sql/utils.py", line 117, in call
[2025-10-29T03:35:29.770+0700] {subprocess.py:93} INFO -     self.func(DataFrame(jdf, wrapped_session_jdf), batch_id)
[2025-10-29T03:35:29.770+0700] {subprocess.py:93} INFO -   File "/opt/***/projects/absa_streaming/scripts/consumer_postgres_streaming.py", line 125, in write_to_postgres
[2025-10-29T03:35:29.770+0700] {subprocess.py:93} INFO -     total_rows = batch_df.count()
[2025-10-29T03:35:29.770+0700] {subprocess.py:93} INFO -                  ^^^^^^^^^^^^^^^^
[2025-10-29T03:35:29.771+0700] {subprocess.py:93} INFO -   File "/home/***/.local/lib/python3.12/site-packages/pyspark/python/lib/pyspark.zip/pyspark/sql/dataframe.py", line 1238, in count
[2025-10-29T03:35:29.771+0700] {subprocess.py:93} INFO -     return int(self._jdf.count())
[2025-10-29T03:35:29.771+0700] {subprocess.py:93} INFO -                ^^^^^^^^^^^^^^^^^
[2025-10-29T03:35:29.771+0700] {subprocess.py:93} INFO -   File "/home/***/.local/lib/python3.12/site-packages/pyspark/python/lib/py4j-0.10.9.7-src.zip/py4j/java_gateway.py", line 1322, in __call__
[2025-10-29T03:35:29.772+0700] {subprocess.py:93} INFO -     return_value = get_return_value(
[2025-10-29T03:35:29.772+0700] {subprocess.py:93} INFO -                    ^^^^^^^^^^^^^^^^^
[2025-10-29T03:35:29.772+0700] {subprocess.py:93} INFO -   File "/home/***/.local/lib/python3.12/site-packages/pyspark/python/lib/pyspark.zip/pyspark/errors/exceptions/captured.py", line 185, in deco
[2025-10-29T03:35:29.772+0700] {subprocess.py:93} INFO -     raise converted from None
[2025-10-29T03:35:29.772+0700] {subprocess.py:93} INFO - pyspark.errors.exceptions.captured.PythonException:
[2025-10-29T03:35:29.772+0700] {subprocess.py:93} INFO -   An exception was thrown from the Python worker. Please see the stack trace below.
[2025-10-29T03:35:29.773+0700] {subprocess.py:93} INFO - Traceback (most recent call last):
[2025-10-29T03:35:29.773+0700] {subprocess.py:93} INFO -   File "/opt/***/projects/absa_streaming/scripts/consumer_postgres_streaming.py", line 73, in absa_infer_udf
[2025-10-29T03:35:29.773+0700] {subprocess.py:93} INFO -     _tokenizer = AutoTokenizer.from_pretrained(MODEL_NAME, use_fast=True)
[2025-10-29T03:35:29.773+0700] {subprocess.py:93} INFO -                  ^^^^^^^^^^^^^^^^^^^^^^^^^^^^^^^^^^^^^^^^^^^^^^^^^^^^^^^^
[2025-10-29T03:35:29.773+0700] {subprocess.py:93} INFO -   File "/home/***/.local/lib/python3.12/site-packages/transformers/models/auto/tokenization_auto.py", line 817, in from_pretrained
[2025-10-29T03:35:29.774+0700] {subprocess.py:93} INFO -     tokenizer_config = get_tokenizer_config(pretrained_model_name_or_path, **kwargs)
[2025-10-29T03:35:29.774+0700] {subprocess.py:93} INFO -                        ^^^^^^^^^^^^^^^^^^^^^^^^^^^^^^^^^^^^^^^^^^^^^^^^^^^^^^^^^^^^^
[2025-10-29T03:35:29.774+0700] {subprocess.py:93} INFO -   File "/home/***/.local/lib/python3.12/site-packages/transformers/models/auto/tokenization_auto.py", line 649, in get_tokenizer_config
[2025-10-29T03:35:29.774+0700] {subprocess.py:93} INFO -     resolved_config_file = cached_file(
[2025-10-29T03:35:29.775+0700] {subprocess.py:93} INFO -                            ^^^^^^^^^^^^
[2025-10-29T03:35:29.775+0700] {subprocess.py:93} INFO -   File "/home/***/.local/lib/python3.12/site-packages/transformers/utils/hub.py", line 462, in cached_file
[2025-10-29T03:35:29.775+0700] {subprocess.py:93} INFO -     except HFValidationError as e:
[2025-10-29T03:35:29.775+0700] {subprocess.py:93} INFO -   File "/home/***/.local/lib/python3.12/site-packages/huggingface_hub/utils/_validators.py", line 114, in _inner_fn
[2025-10-29T03:35:29.775+0700] {subprocess.py:93} INFO -     return fn(*args, **kwargs)
[2025-10-29T03:35:29.775+0700] {subprocess.py:93} INFO -            ^^^^^^^^^^^^^^^^^^^
[2025-10-29T03:35:29.776+0700] {subprocess.py:93} INFO -   File "/home/***/.local/lib/python3.12/site-packages/huggingface_hub/file_download.py", line 1007, in hf_hub_download
[2025-10-29T03:35:29.776+0700] {subprocess.py:93} INFO -     return _hf_hub_download_to_cache_dir(
[2025-10-29T03:35:29.776+0700] {subprocess.py:93} INFO -            ^^^^^^^^^^^^^^^^^^^^^^^^^^^^^^
[2025-10-29T03:35:29.776+0700] {subprocess.py:93} INFO -   File "/home/***/.local/lib/python3.12/site-packages/huggingface_hub/file_download.py", line 1124, in _hf_hub_download_to_cache_dir
[2025-10-29T03:35:29.776+0700] {subprocess.py:93} INFO -     os.makedirs(os.path.dirname(blob_path), exist_ok=True)
[2025-10-29T03:35:29.776+0700] {subprocess.py:93} INFO -   File "<frozen os>", line 216, in makedirs
[2025-10-29T03:35:29.777+0700] {subprocess.py:93} INFO -   File "<frozen os>", line 216, in makedirs
[2025-10-29T03:35:29.777+0700] {subprocess.py:93} INFO -   File "<frozen os>", line 216, in makedirs
[2025-10-29T03:35:29.777+0700] {subprocess.py:93} INFO -   File "<frozen os>", line 230, in makedirs
[2025-10-29T03:35:29.777+0700] {subprocess.py:93} INFO - PermissionError: [Errno 13] Permission denied: '/home/***/.cache/huggingface'
[2025-10-29T03:35:29.777+0700] {subprocess.py:93} INFO - 
[2025-10-29T03:35:29.777+0700] {subprocess.py:93} INFO - 
[2025-10-29T03:35:30.299+0700] {subprocess.py:97} INFO - Command exited with return code 1
[2025-10-29T03:35:30.299+0700] {taskinstance.py:441} INFO - ::group::Post task execution logs
[2025-10-29T03:35:30.306+0700] {taskinstance.py:2890} ERROR - Task failed with exception
Traceback (most recent call last):
  File "/home/airflow/.local/lib/python3.12/site-packages/airflow/models/taskinstance.py", line 460, in _execute_task
    result = _execute_callable(context=context, **execute_callable_kwargs)
             ^^^^^^^^^^^^^^^^^^^^^^^^^^^^^^^^^^^^^^^^^^^^^^^^^^^^^^^^^^^^^
  File "/home/airflow/.local/lib/python3.12/site-packages/airflow/models/taskinstance.py", line 432, in _execute_callable
    return execute_callable(context=context, **execute_callable_kwargs)
           ^^^^^^^^^^^^^^^^^^^^^^^^^^^^^^^^^^^^^^^^^^^^^^^^^^^^^^^^^^^^
  File "/home/airflow/.local/lib/python3.12/site-packages/airflow/models/baseoperator.py", line 400, in wrapper
    return func(self, *args, **kwargs)
           ^^^^^^^^^^^^^^^^^^^^^^^^^^^
  File "/home/airflow/.local/lib/python3.12/site-packages/airflow/operators/bash.py", line 243, in execute
    raise AirflowException(
airflow.exceptions.AirflowException: Bash command failed. The command returned a non-zero exit code 1.
[2025-10-29T03:35:30.309+0700] {taskinstance.py:1205} INFO - Marking task as UP_FOR_RETRY. dag_id=absa_streaming_lifecycle_demo1, task_id=deploy_consumer, execution_date=20251028T190000, start_date=20251028T203512, end_date=20251028T203530
[2025-10-29T03:35:30.317+0700] {standard_task_runner.py:110} ERROR - Failed to execute job 32 for task deploy_consumer (Bash command failed. The command returned a non-zero exit code 1.; 11036)
[2025-10-29T03:35:30.349+0700] {local_task_job_runner.py:240} INFO - Task exited with return code 1
[2025-10-29T03:35:30.368+0700] {taskinstance.py:3482} INFO - 0 downstream tasks scheduled from follow-on schedule check
[2025-10-29T03:35:30.369+0700] {local_task_job_runner.py:222} INFO - ::endgroup::
