[2025-10-29T03:32:53.799+0700] {local_task_job_runner.py:120} INFO - ::group::Pre task execution logs
[2025-10-29T03:32:53.810+0700] {taskinstance.py:2073} INFO - Dependencies all met for dep_context=non-requeueable deps ti=<TaskInstance: absa_streaming_lifecycle_demo1.deploy_consumer scheduled__2025-10-28T19:00:00+00:00 [queued]>
[2025-10-29T03:32:53.814+0700] {taskinstance.py:2073} INFO - Dependencies all met for dep_context=requeueable deps ti=<TaskInstance: absa_streaming_lifecycle_demo1.deploy_consumer scheduled__2025-10-28T19:00:00+00:00 [queued]>
[2025-10-29T03:32:53.815+0700] {taskinstance.py:2303} INFO - Starting attempt 13 of 17
[2025-10-29T03:32:53.821+0700] {taskinstance.py:2327} INFO - Executing <Task(BashOperator): deploy_consumer> on 2025-10-28 19:00:00+00:00
[2025-10-29T03:32:53.828+0700] {warnings.py:110} WARNING - /home/***/.local/lib/python3.12/site-packages/***/task/task_runner/standard_task_runner.py:61: DeprecationWarning: This process (pid=10504) is multi-threaded, use of fork() may lead to deadlocks in the child.
  pid = os.fork()

[2025-10-29T03:32:53.828+0700] {standard_task_runner.py:63} INFO - Started process 10506 to run task
[2025-10-29T03:32:53.829+0700] {standard_task_runner.py:90} INFO - Running: ['***', 'tasks', 'run', 'absa_streaming_lifecycle_demo1', 'deploy_consumer', 'scheduled__2025-10-28T19:00:00+00:00', '--job-id', '31', '--raw', '--subdir', 'DAGS_FOLDER/absa_streaming_lifecycle_dag1.py', '--cfg-path', '/tmp/tmpje9sn1t8']
[2025-10-29T03:32:53.830+0700] {standard_task_runner.py:91} INFO - Job 31: Subtask deploy_consumer
[2025-10-29T03:32:53.855+0700] {task_command.py:426} INFO - Running <TaskInstance: absa_streaming_lifecycle_demo1.deploy_consumer scheduled__2025-10-28T19:00:00+00:00 [running]> on host dfeadd712fc3
[2025-10-29T03:32:53.895+0700] {taskinstance.py:2644} INFO - Exporting env vars: AIRFLOW_CTX_DAG_OWNER='***' AIRFLOW_CTX_DAG_ID='absa_streaming_lifecycle_demo1' AIRFLOW_CTX_TASK_ID='deploy_consumer' AIRFLOW_CTX_EXECUTION_DATE='2025-10-28T19:00:00+00:00' AIRFLOW_CTX_TRY_NUMBER='13' AIRFLOW_CTX_DAG_RUN_ID='scheduled__2025-10-28T19:00:00+00:00'
[2025-10-29T03:32:53.896+0700] {taskinstance.py:430} INFO - ::endgroup::
[2025-10-29T03:32:53.897+0700] {subprocess.py:63} INFO - Tmp dir root location: /tmp
[2025-10-29T03:32:53.897+0700] {subprocess.py:75} INFO - Running command: ['/usr/bin/bash', '-c', 'bash -c "timeout 45m /opt/***/projects/absa_streaming/scripts/run_consumer.sh"']
[2025-10-29T03:32:53.908+0700] {subprocess.py:86} INFO - Output:
[2025-10-29T03:32:53.912+0700] {subprocess.py:93} INFO - [Consumer] Starting Spark Structured Streaming job...
[2025-10-29T03:32:53.943+0700] {subprocess.py:93} INFO - /home/***/.local/lib/python3.12/site-packages/pyspark/bin/load-spark-env.sh: line 68: ps: command not found
[2025-10-29T03:32:54.788+0700] {subprocess.py:93} INFO - :: loading settings :: url = jar:file:/home/***/.local/lib/python3.12/site-packages/pyspark/jars/ivy-2.5.1.jar!/org/apache/ivy/core/settings/ivysettings.xml
[2025-10-29T03:32:54.829+0700] {subprocess.py:93} INFO - Ivy Default Cache set to: /home/***/.ivy2/cache
[2025-10-29T03:32:54.829+0700] {subprocess.py:93} INFO - The jars for the packages stored in: /home/***/.ivy2/jars
[2025-10-29T03:32:54.834+0700] {subprocess.py:93} INFO - org.apache.spark#spark-sql-kafka-0-10_2.12 added as a dependency
[2025-10-29T03:32:54.834+0700] {subprocess.py:93} INFO - org.postgresql#postgresql added as a dependency
[2025-10-29T03:32:54.834+0700] {subprocess.py:93} INFO - :: resolving dependencies :: org.apache.spark#spark-submit-parent-49889d06-bf13-422d-a26d-7597ef1c6fdb;1.0
[2025-10-29T03:32:54.834+0700] {subprocess.py:93} INFO - 	confs: [default]
[2025-10-29T03:32:54.931+0700] {subprocess.py:93} INFO - 	found org.apache.spark#spark-sql-kafka-0-10_2.12;3.5.1 in central
[2025-10-29T03:32:54.968+0700] {subprocess.py:93} INFO - 	found org.apache.spark#spark-token-provider-kafka-0-10_2.12;3.5.1 in central
[2025-10-29T03:32:54.984+0700] {subprocess.py:93} INFO - 	found org.apache.kafka#kafka-clients;3.4.1 in central
[2025-10-29T03:32:55.000+0700] {subprocess.py:93} INFO - 	found org.lz4#lz4-java;1.8.0 in central
[2025-10-29T03:32:55.017+0700] {subprocess.py:93} INFO - 	found org.xerial.snappy#snappy-java;1.1.10.3 in central
[2025-10-29T03:32:55.032+0700] {subprocess.py:93} INFO - 	found org.slf4j#slf4j-api;2.0.7 in central
[2025-10-29T03:32:55.051+0700] {subprocess.py:93} INFO - 	found org.apache.hadoop#hadoop-client-runtime;3.3.4 in central
[2025-10-29T03:32:55.074+0700] {subprocess.py:93} INFO - 	found org.apache.hadoop#hadoop-client-api;3.3.4 in central
[2025-10-29T03:32:55.095+0700] {subprocess.py:93} INFO - 	found commons-logging#commons-logging;1.1.3 in central
[2025-10-29T03:32:55.109+0700] {subprocess.py:93} INFO - 	found com.google.code.findbugs#jsr305;3.0.0 in central
[2025-10-29T03:32:55.120+0700] {subprocess.py:93} INFO - 	found org.apache.commons#commons-pool2;2.11.1 in central
[2025-10-29T03:32:55.128+0700] {subprocess.py:93} INFO - 	found org.postgresql#postgresql;42.6.0 in central
[2025-10-29T03:32:55.136+0700] {subprocess.py:93} INFO - 	found org.checkerframework#checker-qual;3.31.0 in central
[2025-10-29T03:32:55.154+0700] {subprocess.py:93} INFO - :: resolution report :: resolve 309ms :: artifacts dl 11ms
[2025-10-29T03:32:55.154+0700] {subprocess.py:93} INFO - 	:: modules in use:
[2025-10-29T03:32:55.155+0700] {subprocess.py:93} INFO - 	com.google.code.findbugs#jsr305;3.0.0 from central in [default]
[2025-10-29T03:32:55.155+0700] {subprocess.py:93} INFO - 	commons-logging#commons-logging;1.1.3 from central in [default]
[2025-10-29T03:32:55.155+0700] {subprocess.py:93} INFO - 	org.apache.commons#commons-pool2;2.11.1 from central in [default]
[2025-10-29T03:32:55.155+0700] {subprocess.py:93} INFO - 	org.apache.hadoop#hadoop-client-api;3.3.4 from central in [default]
[2025-10-29T03:32:55.155+0700] {subprocess.py:93} INFO - 	org.apache.hadoop#hadoop-client-runtime;3.3.4 from central in [default]
[2025-10-29T03:32:55.155+0700] {subprocess.py:93} INFO - 	org.apache.kafka#kafka-clients;3.4.1 from central in [default]
[2025-10-29T03:32:55.155+0700] {subprocess.py:93} INFO - 	org.apache.spark#spark-sql-kafka-0-10_2.12;3.5.1 from central in [default]
[2025-10-29T03:32:55.156+0700] {subprocess.py:93} INFO - 	org.apache.spark#spark-token-provider-kafka-0-10_2.12;3.5.1 from central in [default]
[2025-10-29T03:32:55.156+0700] {subprocess.py:93} INFO - 	org.checkerframework#checker-qual;3.31.0 from central in [default]
[2025-10-29T03:32:55.156+0700] {subprocess.py:93} INFO - 	org.lz4#lz4-java;1.8.0 from central in [default]
[2025-10-29T03:32:55.156+0700] {subprocess.py:93} INFO - 	org.postgresql#postgresql;42.6.0 from central in [default]
[2025-10-29T03:32:55.156+0700] {subprocess.py:93} INFO - 	org.slf4j#slf4j-api;2.0.7 from central in [default]
[2025-10-29T03:32:55.156+0700] {subprocess.py:93} INFO - 	org.xerial.snappy#snappy-java;1.1.10.3 from central in [default]
[2025-10-29T03:32:55.156+0700] {subprocess.py:93} INFO - 	---------------------------------------------------------------------
[2025-10-29T03:32:55.157+0700] {subprocess.py:93} INFO - 	|                  |            modules            ||   artifacts   |
[2025-10-29T03:32:55.157+0700] {subprocess.py:93} INFO - 	|       conf       | number| search|dwnlded|evicted|| number|dwnlded|
[2025-10-29T03:32:55.157+0700] {subprocess.py:93} INFO - 	---------------------------------------------------------------------
[2025-10-29T03:32:55.157+0700] {subprocess.py:93} INFO - 	|      default     |   13  |   0   |   0   |   0   ||   13  |   0   |
[2025-10-29T03:32:55.157+0700] {subprocess.py:93} INFO - 	---------------------------------------------------------------------
[2025-10-29T03:32:55.159+0700] {subprocess.py:93} INFO - :: retrieving :: org.apache.spark#spark-submit-parent-49889d06-bf13-422d-a26d-7597ef1c6fdb
[2025-10-29T03:32:55.160+0700] {subprocess.py:93} INFO - 	confs: [default]
[2025-10-29T03:32:55.166+0700] {subprocess.py:93} INFO - 	0 artifacts copied, 13 already retrieved (0kB/7ms)
[2025-10-29T03:32:55.314+0700] {subprocess.py:93} INFO - 25/10/29 03:32:55 WARN NativeCodeLoader: Unable to load native-hadoop library for your platform... using builtin-java classes where applicable
[2025-10-29T03:32:58.466+0700] {subprocess.py:93} INFO - There was a problem when trying to write in your cache folder (/home/***/.cache/huggingface/hub). You should set the environment variable TRANSFORMERS_CACHE to a writable directory.
[2025-10-29T03:32:58.643+0700] {subprocess.py:93} INFO - 25/10/29 03:32:58 INFO SparkContext: Running Spark version 3.5.1
[2025-10-29T03:32:58.643+0700] {subprocess.py:93} INFO - 25/10/29 03:32:58 INFO SparkContext: OS info Linux, 6.14.0-33-generic, amd64
[2025-10-29T03:32:58.643+0700] {subprocess.py:93} INFO - 25/10/29 03:32:58 INFO SparkContext: Java version 17.0.17
[2025-10-29T03:32:58.658+0700] {subprocess.py:93} INFO - 25/10/29 03:32:58 INFO ResourceUtils: ==============================================================
[2025-10-29T03:32:58.659+0700] {subprocess.py:93} INFO - 25/10/29 03:32:58 INFO ResourceUtils: No custom resources configured for spark.driver.
[2025-10-29T03:32:58.659+0700] {subprocess.py:93} INFO - 25/10/29 03:32:58 INFO ResourceUtils: ==============================================================
[2025-10-29T03:32:58.659+0700] {subprocess.py:93} INFO - 25/10/29 03:32:58 INFO SparkContext: Submitted application: Kafka_ABSA_Postgres
[2025-10-29T03:32:58.673+0700] {subprocess.py:93} INFO - 25/10/29 03:32:58 INFO ResourceProfile: Default ResourceProfile created, executor resources: Map(cores -> name: cores, amount: 1, script: , vendor: , memory -> name: memory, amount: 1024, script: , vendor: , offHeap -> name: offHeap, amount: 0, script: , vendor: ), task resources: Map(cpus -> name: cpus, amount: 1.0)
[2025-10-29T03:32:58.679+0700] {subprocess.py:93} INFO - 25/10/29 03:32:58 INFO ResourceProfile: Limiting resource is cpu
[2025-10-29T03:32:58.680+0700] {subprocess.py:93} INFO - 25/10/29 03:32:58 INFO ResourceProfileManager: Added ResourceProfile id: 0
[2025-10-29T03:32:58.712+0700] {subprocess.py:93} INFO - 25/10/29 03:32:58 INFO SecurityManager: Changing view acls to: default
[2025-10-29T03:32:58.713+0700] {subprocess.py:93} INFO - 25/10/29 03:32:58 INFO SecurityManager: Changing modify acls to: default
[2025-10-29T03:32:58.713+0700] {subprocess.py:93} INFO - 25/10/29 03:32:58 INFO SecurityManager: Changing view acls groups to:
[2025-10-29T03:32:58.713+0700] {subprocess.py:93} INFO - 25/10/29 03:32:58 INFO SecurityManager: Changing modify acls groups to:
[2025-10-29T03:32:58.713+0700] {subprocess.py:93} INFO - 25/10/29 03:32:58 INFO SecurityManager: SecurityManager: authentication disabled; ui acls disabled; users with view permissions: default; groups with view permissions: EMPTY; users with modify permissions: default; groups with modify permissions: EMPTY
[2025-10-29T03:32:58.861+0700] {subprocess.py:93} INFO - 25/10/29 03:32:58 INFO Utils: Successfully started service 'sparkDriver' on port 40311.
[2025-10-29T03:32:58.886+0700] {subprocess.py:93} INFO - 25/10/29 03:32:58 INFO SparkEnv: Registering MapOutputTracker
[2025-10-29T03:32:58.911+0700] {subprocess.py:93} INFO - 25/10/29 03:32:58 INFO SparkEnv: Registering BlockManagerMaster
[2025-10-29T03:32:58.924+0700] {subprocess.py:93} INFO - 25/10/29 03:32:58 INFO BlockManagerMasterEndpoint: Using org.apache.spark.storage.DefaultTopologyMapper for getting topology information
[2025-10-29T03:32:58.924+0700] {subprocess.py:93} INFO - 25/10/29 03:32:58 INFO BlockManagerMasterEndpoint: BlockManagerMasterEndpoint up
[2025-10-29T03:32:58.927+0700] {subprocess.py:93} INFO - 25/10/29 03:32:58 INFO SparkEnv: Registering BlockManagerMasterHeartbeat
[2025-10-29T03:32:58.942+0700] {subprocess.py:93} INFO - 25/10/29 03:32:58 INFO DiskBlockManager: Created local directory at /tmp/blockmgr-31b7e4b2-e3bc-45fe-9645-a67f4f0f06b0
[2025-10-29T03:32:58.953+0700] {subprocess.py:93} INFO - 25/10/29 03:32:58 INFO MemoryStore: MemoryStore started with capacity 434.4 MiB
[2025-10-29T03:32:58.965+0700] {subprocess.py:93} INFO - 25/10/29 03:32:58 INFO SparkEnv: Registering OutputCommitCoordinator
[2025-10-29T03:32:59.050+0700] {subprocess.py:93} INFO - 25/10/29 03:32:59 INFO JettyUtils: Start Jetty 0.0.0.0:4040 for SparkUI
[2025-10-29T03:32:59.091+0700] {subprocess.py:93} INFO - 25/10/29 03:32:59 INFO Utils: Successfully started service 'SparkUI' on port 4040.
[2025-10-29T03:32:59.119+0700] {subprocess.py:93} INFO - 25/10/29 03:32:59 INFO SparkContext: Added JAR file:///home/***/.ivy2/jars/org.apache.spark_spark-sql-kafka-0-10_2.12-3.5.1.jar at spark://dfeadd712fc3:40311/jars/org.apache.spark_spark-sql-kafka-0-10_2.12-3.5.1.jar with timestamp 1761683578637
[2025-10-29T03:32:59.120+0700] {subprocess.py:93} INFO - 25/10/29 03:32:59 INFO SparkContext: Added JAR file:///home/***/.ivy2/jars/org.postgresql_postgresql-42.6.0.jar at spark://dfeadd712fc3:40311/jars/org.postgresql_postgresql-42.6.0.jar with timestamp 1761683578637
[2025-10-29T03:32:59.120+0700] {subprocess.py:93} INFO - 25/10/29 03:32:59 INFO SparkContext: Added JAR file:///home/***/.ivy2/jars/org.apache.spark_spark-token-provider-kafka-0-10_2.12-3.5.1.jar at spark://dfeadd712fc3:40311/jars/org.apache.spark_spark-token-provider-kafka-0-10_2.12-3.5.1.jar with timestamp 1761683578637
[2025-10-29T03:32:59.121+0700] {subprocess.py:93} INFO - 25/10/29 03:32:59 INFO SparkContext: Added JAR file:///home/***/.ivy2/jars/org.apache.kafka_kafka-clients-3.4.1.jar at spark://dfeadd712fc3:40311/jars/org.apache.kafka_kafka-clients-3.4.1.jar with timestamp 1761683578637
[2025-10-29T03:32:59.121+0700] {subprocess.py:93} INFO - 25/10/29 03:32:59 INFO SparkContext: Added JAR file:///home/***/.ivy2/jars/com.google.code.findbugs_jsr305-3.0.0.jar at spark://dfeadd712fc3:40311/jars/com.google.code.findbugs_jsr305-3.0.0.jar with timestamp 1761683578637
[2025-10-29T03:32:59.121+0700] {subprocess.py:93} INFO - 25/10/29 03:32:59 INFO SparkContext: Added JAR file:///home/***/.ivy2/jars/org.apache.commons_commons-pool2-2.11.1.jar at spark://dfeadd712fc3:40311/jars/org.apache.commons_commons-pool2-2.11.1.jar with timestamp 1761683578637
[2025-10-29T03:32:59.121+0700] {subprocess.py:93} INFO - 25/10/29 03:32:59 INFO SparkContext: Added JAR file:///home/***/.ivy2/jars/org.apache.hadoop_hadoop-client-runtime-3.3.4.jar at spark://dfeadd712fc3:40311/jars/org.apache.hadoop_hadoop-client-runtime-3.3.4.jar with timestamp 1761683578637
[2025-10-29T03:32:59.122+0700] {subprocess.py:93} INFO - 25/10/29 03:32:59 INFO SparkContext: Added JAR file:///home/***/.ivy2/jars/org.lz4_lz4-java-1.8.0.jar at spark://dfeadd712fc3:40311/jars/org.lz4_lz4-java-1.8.0.jar with timestamp 1761683578637
[2025-10-29T03:32:59.122+0700] {subprocess.py:93} INFO - 25/10/29 03:32:59 INFO SparkContext: Added JAR file:///home/***/.ivy2/jars/org.xerial.snappy_snappy-java-1.1.10.3.jar at spark://dfeadd712fc3:40311/jars/org.xerial.snappy_snappy-java-1.1.10.3.jar with timestamp 1761683578637
[2025-10-29T03:32:59.122+0700] {subprocess.py:93} INFO - 25/10/29 03:32:59 INFO SparkContext: Added JAR file:///home/***/.ivy2/jars/org.slf4j_slf4j-api-2.0.7.jar at spark://dfeadd712fc3:40311/jars/org.slf4j_slf4j-api-2.0.7.jar with timestamp 1761683578637
[2025-10-29T03:32:59.122+0700] {subprocess.py:93} INFO - 25/10/29 03:32:59 INFO SparkContext: Added JAR file:///home/***/.ivy2/jars/org.apache.hadoop_hadoop-client-api-3.3.4.jar at spark://dfeadd712fc3:40311/jars/org.apache.hadoop_hadoop-client-api-3.3.4.jar with timestamp 1761683578637
[2025-10-29T03:32:59.123+0700] {subprocess.py:93} INFO - 25/10/29 03:32:59 INFO SparkContext: Added JAR file:///home/***/.ivy2/jars/commons-logging_commons-logging-1.1.3.jar at spark://dfeadd712fc3:40311/jars/commons-logging_commons-logging-1.1.3.jar with timestamp 1761683578637
[2025-10-29T03:32:59.123+0700] {subprocess.py:93} INFO - 25/10/29 03:32:59 INFO SparkContext: Added JAR file:///home/***/.ivy2/jars/org.checkerframework_checker-qual-3.31.0.jar at spark://dfeadd712fc3:40311/jars/org.checkerframework_checker-qual-3.31.0.jar with timestamp 1761683578637
[2025-10-29T03:32:59.123+0700] {subprocess.py:93} INFO - 25/10/29 03:32:59 INFO SparkContext: Added file file:///home/***/.ivy2/jars/org.apache.spark_spark-sql-kafka-0-10_2.12-3.5.1.jar at file:///home/***/.ivy2/jars/org.apache.spark_spark-sql-kafka-0-10_2.12-3.5.1.jar with timestamp 1761683578637
[2025-10-29T03:32:59.124+0700] {subprocess.py:93} INFO - 25/10/29 03:32:59 INFO Utils: Copying /home/***/.ivy2/jars/org.apache.spark_spark-sql-kafka-0-10_2.12-3.5.1.jar to /tmp/spark-dce3dc98-87ad-4487-809a-80003b047ab4/userFiles-f4cd1bbd-e6ce-4681-aa5e-5000a13a553c/org.apache.spark_spark-sql-kafka-0-10_2.12-3.5.1.jar
[2025-10-29T03:32:59.132+0700] {subprocess.py:93} INFO - 25/10/29 03:32:59 INFO SparkContext: Added file file:///home/***/.ivy2/jars/org.postgresql_postgresql-42.6.0.jar at file:///home/***/.ivy2/jars/org.postgresql_postgresql-42.6.0.jar with timestamp 1761683578637
[2025-10-29T03:32:59.133+0700] {subprocess.py:93} INFO - 25/10/29 03:32:59 INFO Utils: Copying /home/***/.ivy2/jars/org.postgresql_postgresql-42.6.0.jar to /tmp/spark-dce3dc98-87ad-4487-809a-80003b047ab4/userFiles-f4cd1bbd-e6ce-4681-aa5e-5000a13a553c/org.postgresql_postgresql-42.6.0.jar
[2025-10-29T03:32:59.137+0700] {subprocess.py:93} INFO - 25/10/29 03:32:59 INFO SparkContext: Added file file:///home/***/.ivy2/jars/org.apache.spark_spark-token-provider-kafka-0-10_2.12-3.5.1.jar at file:///home/***/.ivy2/jars/org.apache.spark_spark-token-provider-kafka-0-10_2.12-3.5.1.jar with timestamp 1761683578637
[2025-10-29T03:32:59.137+0700] {subprocess.py:93} INFO - 25/10/29 03:32:59 INFO Utils: Copying /home/***/.ivy2/jars/org.apache.spark_spark-token-provider-kafka-0-10_2.12-3.5.1.jar to /tmp/spark-dce3dc98-87ad-4487-809a-80003b047ab4/userFiles-f4cd1bbd-e6ce-4681-aa5e-5000a13a553c/org.apache.spark_spark-token-provider-kafka-0-10_2.12-3.5.1.jar
[2025-10-29T03:32:59.140+0700] {subprocess.py:93} INFO - 25/10/29 03:32:59 INFO SparkContext: Added file file:///home/***/.ivy2/jars/org.apache.kafka_kafka-clients-3.4.1.jar at file:///home/***/.ivy2/jars/org.apache.kafka_kafka-clients-3.4.1.jar with timestamp 1761683578637
[2025-10-29T03:32:59.141+0700] {subprocess.py:93} INFO - 25/10/29 03:32:59 INFO Utils: Copying /home/***/.ivy2/jars/org.apache.kafka_kafka-clients-3.4.1.jar to /tmp/spark-dce3dc98-87ad-4487-809a-80003b047ab4/userFiles-f4cd1bbd-e6ce-4681-aa5e-5000a13a553c/org.apache.kafka_kafka-clients-3.4.1.jar
[2025-10-29T03:32:59.146+0700] {subprocess.py:93} INFO - 25/10/29 03:32:59 INFO SparkContext: Added file file:///home/***/.ivy2/jars/com.google.code.findbugs_jsr305-3.0.0.jar at file:///home/***/.ivy2/jars/com.google.code.findbugs_jsr305-3.0.0.jar with timestamp 1761683578637
[2025-10-29T03:32:59.147+0700] {subprocess.py:93} INFO - 25/10/29 03:32:59 INFO Utils: Copying /home/***/.ivy2/jars/com.google.code.findbugs_jsr305-3.0.0.jar to /tmp/spark-dce3dc98-87ad-4487-809a-80003b047ab4/userFiles-f4cd1bbd-e6ce-4681-aa5e-5000a13a553c/com.google.code.findbugs_jsr305-3.0.0.jar
[2025-10-29T03:32:59.151+0700] {subprocess.py:93} INFO - 25/10/29 03:32:59 INFO SparkContext: Added file file:///home/***/.ivy2/jars/org.apache.commons_commons-pool2-2.11.1.jar at file:///home/***/.ivy2/jars/org.apache.commons_commons-pool2-2.11.1.jar with timestamp 1761683578637
[2025-10-29T03:32:59.151+0700] {subprocess.py:93} INFO - 25/10/29 03:32:59 INFO Utils: Copying /home/***/.ivy2/jars/org.apache.commons_commons-pool2-2.11.1.jar to /tmp/spark-dce3dc98-87ad-4487-809a-80003b047ab4/userFiles-f4cd1bbd-e6ce-4681-aa5e-5000a13a553c/org.apache.commons_commons-pool2-2.11.1.jar
[2025-10-29T03:32:59.155+0700] {subprocess.py:93} INFO - 25/10/29 03:32:59 INFO SparkContext: Added file file:///home/***/.ivy2/jars/org.apache.hadoop_hadoop-client-runtime-3.3.4.jar at file:///home/***/.ivy2/jars/org.apache.hadoop_hadoop-client-runtime-3.3.4.jar with timestamp 1761683578637
[2025-10-29T03:32:59.156+0700] {subprocess.py:93} INFO - 25/10/29 03:32:59 INFO Utils: Copying /home/***/.ivy2/jars/org.apache.hadoop_hadoop-client-runtime-3.3.4.jar to /tmp/spark-dce3dc98-87ad-4487-809a-80003b047ab4/userFiles-f4cd1bbd-e6ce-4681-aa5e-5000a13a553c/org.apache.hadoop_hadoop-client-runtime-3.3.4.jar
[2025-10-29T03:32:59.174+0700] {subprocess.py:93} INFO - 25/10/29 03:32:59 INFO SparkContext: Added file file:///home/***/.ivy2/jars/org.lz4_lz4-java-1.8.0.jar at file:///home/***/.ivy2/jars/org.lz4_lz4-java-1.8.0.jar with timestamp 1761683578637
[2025-10-29T03:32:59.175+0700] {subprocess.py:93} INFO - 25/10/29 03:32:59 INFO Utils: Copying /home/***/.ivy2/jars/org.lz4_lz4-java-1.8.0.jar to /tmp/spark-dce3dc98-87ad-4487-809a-80003b047ab4/userFiles-f4cd1bbd-e6ce-4681-aa5e-5000a13a553c/org.lz4_lz4-java-1.8.0.jar
[2025-10-29T03:32:59.178+0700] {subprocess.py:93} INFO - 25/10/29 03:32:59 INFO SparkContext: Added file file:///home/***/.ivy2/jars/org.xerial.snappy_snappy-java-1.1.10.3.jar at file:///home/***/.ivy2/jars/org.xerial.snappy_snappy-java-1.1.10.3.jar with timestamp 1761683578637
[2025-10-29T03:32:59.178+0700] {subprocess.py:93} INFO - 25/10/29 03:32:59 INFO Utils: Copying /home/***/.ivy2/jars/org.xerial.snappy_snappy-java-1.1.10.3.jar to /tmp/spark-dce3dc98-87ad-4487-809a-80003b047ab4/userFiles-f4cd1bbd-e6ce-4681-aa5e-5000a13a553c/org.xerial.snappy_snappy-java-1.1.10.3.jar
[2025-10-29T03:32:59.182+0700] {subprocess.py:93} INFO - 25/10/29 03:32:59 INFO SparkContext: Added file file:///home/***/.ivy2/jars/org.slf4j_slf4j-api-2.0.7.jar at file:///home/***/.ivy2/jars/org.slf4j_slf4j-api-2.0.7.jar with timestamp 1761683578637
[2025-10-29T03:32:59.183+0700] {subprocess.py:93} INFO - 25/10/29 03:32:59 INFO Utils: Copying /home/***/.ivy2/jars/org.slf4j_slf4j-api-2.0.7.jar to /tmp/spark-dce3dc98-87ad-4487-809a-80003b047ab4/userFiles-f4cd1bbd-e6ce-4681-aa5e-5000a13a553c/org.slf4j_slf4j-api-2.0.7.jar
[2025-10-29T03:32:59.185+0700] {subprocess.py:93} INFO - 25/10/29 03:32:59 INFO SparkContext: Added file file:///home/***/.ivy2/jars/org.apache.hadoop_hadoop-client-api-3.3.4.jar at file:///home/***/.ivy2/jars/org.apache.hadoop_hadoop-client-api-3.3.4.jar with timestamp 1761683578637
[2025-10-29T03:32:59.185+0700] {subprocess.py:93} INFO - 25/10/29 03:32:59 INFO Utils: Copying /home/***/.ivy2/jars/org.apache.hadoop_hadoop-client-api-3.3.4.jar to /tmp/spark-dce3dc98-87ad-4487-809a-80003b047ab4/userFiles-f4cd1bbd-e6ce-4681-aa5e-5000a13a553c/org.apache.hadoop_hadoop-client-api-3.3.4.jar
[2025-10-29T03:32:59.196+0700] {subprocess.py:93} INFO - 25/10/29 03:32:59 INFO SparkContext: Added file file:///home/***/.ivy2/jars/commons-logging_commons-logging-1.1.3.jar at file:///home/***/.ivy2/jars/commons-logging_commons-logging-1.1.3.jar with timestamp 1761683578637
[2025-10-29T03:32:59.197+0700] {subprocess.py:93} INFO - 25/10/29 03:32:59 INFO Utils: Copying /home/***/.ivy2/jars/commons-logging_commons-logging-1.1.3.jar to /tmp/spark-dce3dc98-87ad-4487-809a-80003b047ab4/userFiles-f4cd1bbd-e6ce-4681-aa5e-5000a13a553c/commons-logging_commons-logging-1.1.3.jar
[2025-10-29T03:32:59.199+0700] {subprocess.py:93} INFO - 25/10/29 03:32:59 INFO SparkContext: Added file file:///home/***/.ivy2/jars/org.checkerframework_checker-qual-3.31.0.jar at file:///home/***/.ivy2/jars/org.checkerframework_checker-qual-3.31.0.jar with timestamp 1761683578637
[2025-10-29T03:32:59.199+0700] {subprocess.py:93} INFO - 25/10/29 03:32:59 INFO Utils: Copying /home/***/.ivy2/jars/org.checkerframework_checker-qual-3.31.0.jar to /tmp/spark-dce3dc98-87ad-4487-809a-80003b047ab4/userFiles-f4cd1bbd-e6ce-4681-aa5e-5000a13a553c/org.checkerframework_checker-qual-3.31.0.jar
[2025-10-29T03:32:59.234+0700] {subprocess.py:93} INFO - 25/10/29 03:32:59 INFO Executor: Starting executor ID driver on host dfeadd712fc3
[2025-10-29T03:32:59.234+0700] {subprocess.py:93} INFO - 25/10/29 03:32:59 INFO Executor: OS info Linux, 6.14.0-33-generic, amd64
[2025-10-29T03:32:59.234+0700] {subprocess.py:93} INFO - 25/10/29 03:32:59 INFO Executor: Java version 17.0.17
[2025-10-29T03:32:59.237+0700] {subprocess.py:93} INFO - 25/10/29 03:32:59 INFO Executor: Starting executor with user classpath (userClassPathFirst = false): ''
[2025-10-29T03:32:59.238+0700] {subprocess.py:93} INFO - 25/10/29 03:32:59 INFO Executor: Created or updated repl class loader org.apache.spark.util.MutableURLClassLoader@2ad4931 for default.
[2025-10-29T03:32:59.243+0700] {subprocess.py:93} INFO - 25/10/29 03:32:59 INFO Executor: Fetching file:///home/***/.ivy2/jars/org.apache.spark_spark-sql-kafka-0-10_2.12-3.5.1.jar with timestamp 1761683578637
[2025-10-29T03:32:59.255+0700] {subprocess.py:93} INFO - 25/10/29 03:32:59 INFO Utils: /home/***/.ivy2/jars/org.apache.spark_spark-sql-kafka-0-10_2.12-3.5.1.jar has been previously copied to /tmp/spark-dce3dc98-87ad-4487-809a-80003b047ab4/userFiles-f4cd1bbd-e6ce-4681-aa5e-5000a13a553c/org.apache.spark_spark-sql-kafka-0-10_2.12-3.5.1.jar
[2025-10-29T03:32:59.258+0700] {subprocess.py:93} INFO - 25/10/29 03:32:59 INFO Executor: Fetching file:///home/***/.ivy2/jars/org.apache.hadoop_hadoop-client-runtime-3.3.4.jar with timestamp 1761683578637
[2025-10-29T03:32:59.275+0700] {subprocess.py:93} INFO - 25/10/29 03:32:59 INFO Utils: /home/***/.ivy2/jars/org.apache.hadoop_hadoop-client-runtime-3.3.4.jar has been previously copied to /tmp/spark-dce3dc98-87ad-4487-809a-80003b047ab4/userFiles-f4cd1bbd-e6ce-4681-aa5e-5000a13a553c/org.apache.hadoop_hadoop-client-runtime-3.3.4.jar
[2025-10-29T03:32:59.278+0700] {subprocess.py:93} INFO - 25/10/29 03:32:59 INFO Executor: Fetching file:///home/***/.ivy2/jars/org.apache.hadoop_hadoop-client-api-3.3.4.jar with timestamp 1761683578637
[2025-10-29T03:32:59.288+0700] {subprocess.py:93} INFO - 25/10/29 03:32:59 INFO Utils: /home/***/.ivy2/jars/org.apache.hadoop_hadoop-client-api-3.3.4.jar has been previously copied to /tmp/spark-dce3dc98-87ad-4487-809a-80003b047ab4/userFiles-f4cd1bbd-e6ce-4681-aa5e-5000a13a553c/org.apache.hadoop_hadoop-client-api-3.3.4.jar
[2025-10-29T03:32:59.291+0700] {subprocess.py:93} INFO - 25/10/29 03:32:59 INFO Executor: Fetching file:///home/***/.ivy2/jars/org.apache.spark_spark-token-provider-kafka-0-10_2.12-3.5.1.jar with timestamp 1761683578637
[2025-10-29T03:32:59.291+0700] {subprocess.py:93} INFO - 25/10/29 03:32:59 INFO Utils: /home/***/.ivy2/jars/org.apache.spark_spark-token-provider-kafka-0-10_2.12-3.5.1.jar has been previously copied to /tmp/spark-dce3dc98-87ad-4487-809a-80003b047ab4/userFiles-f4cd1bbd-e6ce-4681-aa5e-5000a13a553c/org.apache.spark_spark-token-provider-kafka-0-10_2.12-3.5.1.jar
[2025-10-29T03:32:59.293+0700] {subprocess.py:93} INFO - 25/10/29 03:32:59 INFO Executor: Fetching file:///home/***/.ivy2/jars/com.google.code.findbugs_jsr305-3.0.0.jar with timestamp 1761683578637
[2025-10-29T03:32:59.294+0700] {subprocess.py:93} INFO - 25/10/29 03:32:59 INFO Utils: /home/***/.ivy2/jars/com.google.code.findbugs_jsr305-3.0.0.jar has been previously copied to /tmp/spark-dce3dc98-87ad-4487-809a-80003b047ab4/userFiles-f4cd1bbd-e6ce-4681-aa5e-5000a13a553c/com.google.code.findbugs_jsr305-3.0.0.jar
[2025-10-29T03:32:59.296+0700] {subprocess.py:93} INFO - 25/10/29 03:32:59 INFO Executor: Fetching file:///home/***/.ivy2/jars/org.lz4_lz4-java-1.8.0.jar with timestamp 1761683578637
[2025-10-29T03:32:59.297+0700] {subprocess.py:93} INFO - 25/10/29 03:32:59 INFO Utils: /home/***/.ivy2/jars/org.lz4_lz4-java-1.8.0.jar has been previously copied to /tmp/spark-dce3dc98-87ad-4487-809a-80003b047ab4/userFiles-f4cd1bbd-e6ce-4681-aa5e-5000a13a553c/org.lz4_lz4-java-1.8.0.jar
[2025-10-29T03:32:59.299+0700] {subprocess.py:93} INFO - 25/10/29 03:32:59 INFO Executor: Fetching file:///home/***/.ivy2/jars/org.slf4j_slf4j-api-2.0.7.jar with timestamp 1761683578637
[2025-10-29T03:32:59.299+0700] {subprocess.py:93} INFO - 25/10/29 03:32:59 INFO Utils: /home/***/.ivy2/jars/org.slf4j_slf4j-api-2.0.7.jar has been previously copied to /tmp/spark-dce3dc98-87ad-4487-809a-80003b047ab4/userFiles-f4cd1bbd-e6ce-4681-aa5e-5000a13a553c/org.slf4j_slf4j-api-2.0.7.jar
[2025-10-29T03:32:59.302+0700] {subprocess.py:93} INFO - 25/10/29 03:32:59 INFO Executor: Fetching file:///home/***/.ivy2/jars/org.checkerframework_checker-qual-3.31.0.jar with timestamp 1761683578637
[2025-10-29T03:32:59.302+0700] {subprocess.py:93} INFO - 25/10/29 03:32:59 INFO Utils: /home/***/.ivy2/jars/org.checkerframework_checker-qual-3.31.0.jar has been previously copied to /tmp/spark-dce3dc98-87ad-4487-809a-80003b047ab4/userFiles-f4cd1bbd-e6ce-4681-aa5e-5000a13a553c/org.checkerframework_checker-qual-3.31.0.jar
[2025-10-29T03:32:59.304+0700] {subprocess.py:93} INFO - 25/10/29 03:32:59 INFO Executor: Fetching file:///home/***/.ivy2/jars/org.apache.commons_commons-pool2-2.11.1.jar with timestamp 1761683578637
[2025-10-29T03:32:59.304+0700] {subprocess.py:93} INFO - 25/10/29 03:32:59 INFO Utils: /home/***/.ivy2/jars/org.apache.commons_commons-pool2-2.11.1.jar has been previously copied to /tmp/spark-dce3dc98-87ad-4487-809a-80003b047ab4/userFiles-f4cd1bbd-e6ce-4681-aa5e-5000a13a553c/org.apache.commons_commons-pool2-2.11.1.jar
[2025-10-29T03:32:59.306+0700] {subprocess.py:93} INFO - 25/10/29 03:32:59 INFO Executor: Fetching file:///home/***/.ivy2/jars/commons-logging_commons-logging-1.1.3.jar with timestamp 1761683578637
[2025-10-29T03:32:59.306+0700] {subprocess.py:93} INFO - 25/10/29 03:32:59 INFO Utils: /home/***/.ivy2/jars/commons-logging_commons-logging-1.1.3.jar has been previously copied to /tmp/spark-dce3dc98-87ad-4487-809a-80003b047ab4/userFiles-f4cd1bbd-e6ce-4681-aa5e-5000a13a553c/commons-logging_commons-logging-1.1.3.jar
[2025-10-29T03:32:59.309+0700] {subprocess.py:93} INFO - 25/10/29 03:32:59 INFO Executor: Fetching file:///home/***/.ivy2/jars/org.xerial.snappy_snappy-java-1.1.10.3.jar with timestamp 1761683578637
[2025-10-29T03:32:59.310+0700] {subprocess.py:93} INFO - 25/10/29 03:32:59 INFO Utils: /home/***/.ivy2/jars/org.xerial.snappy_snappy-java-1.1.10.3.jar has been previously copied to /tmp/spark-dce3dc98-87ad-4487-809a-80003b047ab4/userFiles-f4cd1bbd-e6ce-4681-aa5e-5000a13a553c/org.xerial.snappy_snappy-java-1.1.10.3.jar
[2025-10-29T03:32:59.312+0700] {subprocess.py:93} INFO - 25/10/29 03:32:59 INFO Executor: Fetching file:///home/***/.ivy2/jars/org.postgresql_postgresql-42.6.0.jar with timestamp 1761683578637
[2025-10-29T03:32:59.312+0700] {subprocess.py:93} INFO - 25/10/29 03:32:59 INFO Utils: /home/***/.ivy2/jars/org.postgresql_postgresql-42.6.0.jar has been previously copied to /tmp/spark-dce3dc98-87ad-4487-809a-80003b047ab4/userFiles-f4cd1bbd-e6ce-4681-aa5e-5000a13a553c/org.postgresql_postgresql-42.6.0.jar
[2025-10-29T03:32:59.314+0700] {subprocess.py:93} INFO - 25/10/29 03:32:59 INFO Executor: Fetching file:///home/***/.ivy2/jars/org.apache.kafka_kafka-clients-3.4.1.jar with timestamp 1761683578637
[2025-10-29T03:32:59.317+0700] {subprocess.py:93} INFO - 25/10/29 03:32:59 INFO Utils: /home/***/.ivy2/jars/org.apache.kafka_kafka-clients-3.4.1.jar has been previously copied to /tmp/spark-dce3dc98-87ad-4487-809a-80003b047ab4/userFiles-f4cd1bbd-e6ce-4681-aa5e-5000a13a553c/org.apache.kafka_kafka-clients-3.4.1.jar
[2025-10-29T03:32:59.320+0700] {subprocess.py:93} INFO - 25/10/29 03:32:59 INFO Executor: Fetching spark://dfeadd712fc3:40311/jars/org.xerial.snappy_snappy-java-1.1.10.3.jar with timestamp 1761683578637
[2025-10-29T03:32:59.338+0700] {subprocess.py:93} INFO - 25/10/29 03:32:59 INFO TransportClientFactory: Successfully created connection to dfeadd712fc3/172.18.0.6:40311 after 12 ms (0 ms spent in bootstraps)
[2025-10-29T03:32:59.340+0700] {subprocess.py:93} INFO - 25/10/29 03:32:59 INFO Utils: Fetching spark://dfeadd712fc3:40311/jars/org.xerial.snappy_snappy-java-1.1.10.3.jar to /tmp/spark-dce3dc98-87ad-4487-809a-80003b047ab4/userFiles-f4cd1bbd-e6ce-4681-aa5e-5000a13a553c/fetchFileTemp15653368469853061585.tmp
[2025-10-29T03:32:59.358+0700] {subprocess.py:93} INFO - 25/10/29 03:32:59 INFO Utils: /tmp/spark-dce3dc98-87ad-4487-809a-80003b047ab4/userFiles-f4cd1bbd-e6ce-4681-aa5e-5000a13a553c/fetchFileTemp15653368469853061585.tmp has been previously copied to /tmp/spark-dce3dc98-87ad-4487-809a-80003b047ab4/userFiles-f4cd1bbd-e6ce-4681-aa5e-5000a13a553c/org.xerial.snappy_snappy-java-1.1.10.3.jar
[2025-10-29T03:32:59.364+0700] {subprocess.py:93} INFO - 25/10/29 03:32:59 INFO Executor: Adding file:/tmp/spark-dce3dc98-87ad-4487-809a-80003b047ab4/userFiles-f4cd1bbd-e6ce-4681-aa5e-5000a13a553c/org.xerial.snappy_snappy-java-1.1.10.3.jar to class loader default
[2025-10-29T03:32:59.365+0700] {subprocess.py:93} INFO - 25/10/29 03:32:59 INFO Executor: Fetching spark://dfeadd712fc3:40311/jars/org.apache.spark_spark-sql-kafka-0-10_2.12-3.5.1.jar with timestamp 1761683578637
[2025-10-29T03:32:59.365+0700] {subprocess.py:93} INFO - 25/10/29 03:32:59 INFO Utils: Fetching spark://dfeadd712fc3:40311/jars/org.apache.spark_spark-sql-kafka-0-10_2.12-3.5.1.jar to /tmp/spark-dce3dc98-87ad-4487-809a-80003b047ab4/userFiles-f4cd1bbd-e6ce-4681-aa5e-5000a13a553c/fetchFileTemp18324858371760864041.tmp
[2025-10-29T03:32:59.366+0700] {subprocess.py:93} INFO - 25/10/29 03:32:59 INFO Utils: /tmp/spark-dce3dc98-87ad-4487-809a-80003b047ab4/userFiles-f4cd1bbd-e6ce-4681-aa5e-5000a13a553c/fetchFileTemp18324858371760864041.tmp has been previously copied to /tmp/spark-dce3dc98-87ad-4487-809a-80003b047ab4/userFiles-f4cd1bbd-e6ce-4681-aa5e-5000a13a553c/org.apache.spark_spark-sql-kafka-0-10_2.12-3.5.1.jar
[2025-10-29T03:32:59.369+0700] {subprocess.py:93} INFO - 25/10/29 03:32:59 INFO Executor: Adding file:/tmp/spark-dce3dc98-87ad-4487-809a-80003b047ab4/userFiles-f4cd1bbd-e6ce-4681-aa5e-5000a13a553c/org.apache.spark_spark-sql-kafka-0-10_2.12-3.5.1.jar to class loader default
[2025-10-29T03:32:59.369+0700] {subprocess.py:93} INFO - 25/10/29 03:32:59 INFO Executor: Fetching spark://dfeadd712fc3:40311/jars/org.apache.hadoop_hadoop-client-api-3.3.4.jar with timestamp 1761683578637
[2025-10-29T03:32:59.370+0700] {subprocess.py:93} INFO - 25/10/29 03:32:59 INFO Utils: Fetching spark://dfeadd712fc3:40311/jars/org.apache.hadoop_hadoop-client-api-3.3.4.jar to /tmp/spark-dce3dc98-87ad-4487-809a-80003b047ab4/userFiles-f4cd1bbd-e6ce-4681-aa5e-5000a13a553c/fetchFileTemp3491247922725142709.tmp
[2025-10-29T03:32:59.529+0700] {subprocess.py:93} INFO - 25/10/29 03:32:59 INFO Utils: /tmp/spark-dce3dc98-87ad-4487-809a-80003b047ab4/userFiles-f4cd1bbd-e6ce-4681-aa5e-5000a13a553c/fetchFileTemp3491247922725142709.tmp has been previously copied to /tmp/spark-dce3dc98-87ad-4487-809a-80003b047ab4/userFiles-f4cd1bbd-e6ce-4681-aa5e-5000a13a553c/org.apache.hadoop_hadoop-client-api-3.3.4.jar
[2025-10-29T03:32:59.534+0700] {subprocess.py:93} INFO - 25/10/29 03:32:59 INFO Executor: Adding file:/tmp/spark-dce3dc98-87ad-4487-809a-80003b047ab4/userFiles-f4cd1bbd-e6ce-4681-aa5e-5000a13a553c/org.apache.hadoop_hadoop-client-api-3.3.4.jar to class loader default
[2025-10-29T03:32:59.534+0700] {subprocess.py:93} INFO - 25/10/29 03:32:59 INFO Executor: Fetching spark://dfeadd712fc3:40311/jars/commons-logging_commons-logging-1.1.3.jar with timestamp 1761683578637
[2025-10-29T03:32:59.534+0700] {subprocess.py:93} INFO - 25/10/29 03:32:59 INFO Utils: Fetching spark://dfeadd712fc3:40311/jars/commons-logging_commons-logging-1.1.3.jar to /tmp/spark-dce3dc98-87ad-4487-809a-80003b047ab4/userFiles-f4cd1bbd-e6ce-4681-aa5e-5000a13a553c/fetchFileTemp18154967719849672692.tmp
[2025-10-29T03:32:59.535+0700] {subprocess.py:93} INFO - 25/10/29 03:32:59 INFO Utils: /tmp/spark-dce3dc98-87ad-4487-809a-80003b047ab4/userFiles-f4cd1bbd-e6ce-4681-aa5e-5000a13a553c/fetchFileTemp18154967719849672692.tmp has been previously copied to /tmp/spark-dce3dc98-87ad-4487-809a-80003b047ab4/userFiles-f4cd1bbd-e6ce-4681-aa5e-5000a13a553c/commons-logging_commons-logging-1.1.3.jar
[2025-10-29T03:32:59.538+0700] {subprocess.py:93} INFO - 25/10/29 03:32:59 INFO Executor: Adding file:/tmp/spark-dce3dc98-87ad-4487-809a-80003b047ab4/userFiles-f4cd1bbd-e6ce-4681-aa5e-5000a13a553c/commons-logging_commons-logging-1.1.3.jar to class loader default
[2025-10-29T03:32:59.538+0700] {subprocess.py:93} INFO - 25/10/29 03:32:59 INFO Executor: Fetching spark://dfeadd712fc3:40311/jars/org.apache.kafka_kafka-clients-3.4.1.jar with timestamp 1761683578637
[2025-10-29T03:32:59.538+0700] {subprocess.py:93} INFO - 25/10/29 03:32:59 INFO Utils: Fetching spark://dfeadd712fc3:40311/jars/org.apache.kafka_kafka-clients-3.4.1.jar to /tmp/spark-dce3dc98-87ad-4487-809a-80003b047ab4/userFiles-f4cd1bbd-e6ce-4681-aa5e-5000a13a553c/fetchFileTemp9705843783674974540.tmp
[2025-10-29T03:32:59.546+0700] {subprocess.py:93} INFO - 25/10/29 03:32:59 INFO Utils: /tmp/spark-dce3dc98-87ad-4487-809a-80003b047ab4/userFiles-f4cd1bbd-e6ce-4681-aa5e-5000a13a553c/fetchFileTemp9705843783674974540.tmp has been previously copied to /tmp/spark-dce3dc98-87ad-4487-809a-80003b047ab4/userFiles-f4cd1bbd-e6ce-4681-aa5e-5000a13a553c/org.apache.kafka_kafka-clients-3.4.1.jar
[2025-10-29T03:32:59.556+0700] {subprocess.py:93} INFO - 25/10/29 03:32:59 INFO Executor: Adding file:/tmp/spark-dce3dc98-87ad-4487-809a-80003b047ab4/userFiles-f4cd1bbd-e6ce-4681-aa5e-5000a13a553c/org.apache.kafka_kafka-clients-3.4.1.jar to class loader default
[2025-10-29T03:32:59.556+0700] {subprocess.py:93} INFO - 25/10/29 03:32:59 INFO Executor: Fetching spark://dfeadd712fc3:40311/jars/com.google.code.findbugs_jsr305-3.0.0.jar with timestamp 1761683578637
[2025-10-29T03:32:59.556+0700] {subprocess.py:93} INFO - 25/10/29 03:32:59 INFO Utils: Fetching spark://dfeadd712fc3:40311/jars/com.google.code.findbugs_jsr305-3.0.0.jar to /tmp/spark-dce3dc98-87ad-4487-809a-80003b047ab4/userFiles-f4cd1bbd-e6ce-4681-aa5e-5000a13a553c/fetchFileTemp16196123026794739020.tmp
[2025-10-29T03:32:59.557+0700] {subprocess.py:93} INFO - 25/10/29 03:32:59 INFO Utils: /tmp/spark-dce3dc98-87ad-4487-809a-80003b047ab4/userFiles-f4cd1bbd-e6ce-4681-aa5e-5000a13a553c/fetchFileTemp16196123026794739020.tmp has been previously copied to /tmp/spark-dce3dc98-87ad-4487-809a-80003b047ab4/userFiles-f4cd1bbd-e6ce-4681-aa5e-5000a13a553c/com.google.code.findbugs_jsr305-3.0.0.jar
[2025-10-29T03:32:59.559+0700] {subprocess.py:93} INFO - 25/10/29 03:32:59 INFO Executor: Adding file:/tmp/spark-dce3dc98-87ad-4487-809a-80003b047ab4/userFiles-f4cd1bbd-e6ce-4681-aa5e-5000a13a553c/com.google.code.findbugs_jsr305-3.0.0.jar to class loader default
[2025-10-29T03:32:59.559+0700] {subprocess.py:93} INFO - 25/10/29 03:32:59 INFO Executor: Fetching spark://dfeadd712fc3:40311/jars/org.apache.spark_spark-token-provider-kafka-0-10_2.12-3.5.1.jar with timestamp 1761683578637
[2025-10-29T03:32:59.559+0700] {subprocess.py:93} INFO - 25/10/29 03:32:59 INFO Utils: Fetching spark://dfeadd712fc3:40311/jars/org.apache.spark_spark-token-provider-kafka-0-10_2.12-3.5.1.jar to /tmp/spark-dce3dc98-87ad-4487-809a-80003b047ab4/userFiles-f4cd1bbd-e6ce-4681-aa5e-5000a13a553c/fetchFileTemp8545770961436758202.tmp
[2025-10-29T03:32:59.560+0700] {subprocess.py:93} INFO - 25/10/29 03:32:59 INFO Utils: /tmp/spark-dce3dc98-87ad-4487-809a-80003b047ab4/userFiles-f4cd1bbd-e6ce-4681-aa5e-5000a13a553c/fetchFileTemp8545770961436758202.tmp has been previously copied to /tmp/spark-dce3dc98-87ad-4487-809a-80003b047ab4/userFiles-f4cd1bbd-e6ce-4681-aa5e-5000a13a553c/org.apache.spark_spark-token-provider-kafka-0-10_2.12-3.5.1.jar
[2025-10-29T03:32:59.562+0700] {subprocess.py:93} INFO - 25/10/29 03:32:59 INFO Executor: Adding file:/tmp/spark-dce3dc98-87ad-4487-809a-80003b047ab4/userFiles-f4cd1bbd-e6ce-4681-aa5e-5000a13a553c/org.apache.spark_spark-token-provider-kafka-0-10_2.12-3.5.1.jar to class loader default
[2025-10-29T03:32:59.562+0700] {subprocess.py:93} INFO - 25/10/29 03:32:59 INFO Executor: Fetching spark://dfeadd712fc3:40311/jars/org.apache.commons_commons-pool2-2.11.1.jar with timestamp 1761683578637
[2025-10-29T03:32:59.562+0700] {subprocess.py:93} INFO - 25/10/29 03:32:59 INFO Utils: Fetching spark://dfeadd712fc3:40311/jars/org.apache.commons_commons-pool2-2.11.1.jar to /tmp/spark-dce3dc98-87ad-4487-809a-80003b047ab4/userFiles-f4cd1bbd-e6ce-4681-aa5e-5000a13a553c/fetchFileTemp16067930411170115345.tmp
[2025-10-29T03:32:59.563+0700] {subprocess.py:93} INFO - 25/10/29 03:32:59 INFO Utils: /tmp/spark-dce3dc98-87ad-4487-809a-80003b047ab4/userFiles-f4cd1bbd-e6ce-4681-aa5e-5000a13a553c/fetchFileTemp16067930411170115345.tmp has been previously copied to /tmp/spark-dce3dc98-87ad-4487-809a-80003b047ab4/userFiles-f4cd1bbd-e6ce-4681-aa5e-5000a13a553c/org.apache.commons_commons-pool2-2.11.1.jar
[2025-10-29T03:32:59.565+0700] {subprocess.py:93} INFO - 25/10/29 03:32:59 INFO Executor: Adding file:/tmp/spark-dce3dc98-87ad-4487-809a-80003b047ab4/userFiles-f4cd1bbd-e6ce-4681-aa5e-5000a13a553c/org.apache.commons_commons-pool2-2.11.1.jar to class loader default
[2025-10-29T03:32:59.565+0700] {subprocess.py:93} INFO - 25/10/29 03:32:59 INFO Executor: Fetching spark://dfeadd712fc3:40311/jars/org.checkerframework_checker-qual-3.31.0.jar with timestamp 1761683578637
[2025-10-29T03:32:59.565+0700] {subprocess.py:93} INFO - 25/10/29 03:32:59 INFO Utils: Fetching spark://dfeadd712fc3:40311/jars/org.checkerframework_checker-qual-3.31.0.jar to /tmp/spark-dce3dc98-87ad-4487-809a-80003b047ab4/userFiles-f4cd1bbd-e6ce-4681-aa5e-5000a13a553c/fetchFileTemp8178091856719800469.tmp
[2025-10-29T03:32:59.566+0700] {subprocess.py:93} INFO - 25/10/29 03:32:59 INFO Utils: /tmp/spark-dce3dc98-87ad-4487-809a-80003b047ab4/userFiles-f4cd1bbd-e6ce-4681-aa5e-5000a13a553c/fetchFileTemp8178091856719800469.tmp has been previously copied to /tmp/spark-dce3dc98-87ad-4487-809a-80003b047ab4/userFiles-f4cd1bbd-e6ce-4681-aa5e-5000a13a553c/org.checkerframework_checker-qual-3.31.0.jar
[2025-10-29T03:32:59.568+0700] {subprocess.py:93} INFO - 25/10/29 03:32:59 INFO Executor: Adding file:/tmp/spark-dce3dc98-87ad-4487-809a-80003b047ab4/userFiles-f4cd1bbd-e6ce-4681-aa5e-5000a13a553c/org.checkerframework_checker-qual-3.31.0.jar to class loader default
[2025-10-29T03:32:59.568+0700] {subprocess.py:93} INFO - 25/10/29 03:32:59 INFO Executor: Fetching spark://dfeadd712fc3:40311/jars/org.apache.hadoop_hadoop-client-runtime-3.3.4.jar with timestamp 1761683578637
[2025-10-29T03:32:59.568+0700] {subprocess.py:93} INFO - 25/10/29 03:32:59 INFO Utils: Fetching spark://dfeadd712fc3:40311/jars/org.apache.hadoop_hadoop-client-runtime-3.3.4.jar to /tmp/spark-dce3dc98-87ad-4487-809a-80003b047ab4/userFiles-f4cd1bbd-e6ce-4681-aa5e-5000a13a553c/fetchFileTemp8727671435820392177.tmp
[2025-10-29T03:32:59.664+0700] {subprocess.py:93} INFO - 25/10/29 03:32:59 INFO Utils: /tmp/spark-dce3dc98-87ad-4487-809a-80003b047ab4/userFiles-f4cd1bbd-e6ce-4681-aa5e-5000a13a553c/fetchFileTemp8727671435820392177.tmp has been previously copied to /tmp/spark-dce3dc98-87ad-4487-809a-80003b047ab4/userFiles-f4cd1bbd-e6ce-4681-aa5e-5000a13a553c/org.apache.hadoop_hadoop-client-runtime-3.3.4.jar
[2025-10-29T03:32:59.669+0700] {subprocess.py:93} INFO - 25/10/29 03:32:59 INFO Executor: Adding file:/tmp/spark-dce3dc98-87ad-4487-809a-80003b047ab4/userFiles-f4cd1bbd-e6ce-4681-aa5e-5000a13a553c/org.apache.hadoop_hadoop-client-runtime-3.3.4.jar to class loader default
[2025-10-29T03:32:59.669+0700] {subprocess.py:93} INFO - 25/10/29 03:32:59 INFO Executor: Fetching spark://dfeadd712fc3:40311/jars/org.slf4j_slf4j-api-2.0.7.jar with timestamp 1761683578637
[2025-10-29T03:32:59.669+0700] {subprocess.py:93} INFO - 25/10/29 03:32:59 INFO Utils: Fetching spark://dfeadd712fc3:40311/jars/org.slf4j_slf4j-api-2.0.7.jar to /tmp/spark-dce3dc98-87ad-4487-809a-80003b047ab4/userFiles-f4cd1bbd-e6ce-4681-aa5e-5000a13a553c/fetchFileTemp16563944306361747668.tmp
[2025-10-29T03:32:59.670+0700] {subprocess.py:93} INFO - 25/10/29 03:32:59 INFO Utils: /tmp/spark-dce3dc98-87ad-4487-809a-80003b047ab4/userFiles-f4cd1bbd-e6ce-4681-aa5e-5000a13a553c/fetchFileTemp16563944306361747668.tmp has been previously copied to /tmp/spark-dce3dc98-87ad-4487-809a-80003b047ab4/userFiles-f4cd1bbd-e6ce-4681-aa5e-5000a13a553c/org.slf4j_slf4j-api-2.0.7.jar
[2025-10-29T03:32:59.672+0700] {subprocess.py:93} INFO - 25/10/29 03:32:59 INFO Executor: Adding file:/tmp/spark-dce3dc98-87ad-4487-809a-80003b047ab4/userFiles-f4cd1bbd-e6ce-4681-aa5e-5000a13a553c/org.slf4j_slf4j-api-2.0.7.jar to class loader default
[2025-10-29T03:32:59.672+0700] {subprocess.py:93} INFO - 25/10/29 03:32:59 INFO Executor: Fetching spark://dfeadd712fc3:40311/jars/org.postgresql_postgresql-42.6.0.jar with timestamp 1761683578637
[2025-10-29T03:32:59.672+0700] {subprocess.py:93} INFO - 25/10/29 03:32:59 INFO Utils: Fetching spark://dfeadd712fc3:40311/jars/org.postgresql_postgresql-42.6.0.jar to /tmp/spark-dce3dc98-87ad-4487-809a-80003b047ab4/userFiles-f4cd1bbd-e6ce-4681-aa5e-5000a13a553c/fetchFileTemp11760341557128948940.tmp
[2025-10-29T03:32:59.675+0700] {subprocess.py:93} INFO - 25/10/29 03:32:59 INFO Utils: /tmp/spark-dce3dc98-87ad-4487-809a-80003b047ab4/userFiles-f4cd1bbd-e6ce-4681-aa5e-5000a13a553c/fetchFileTemp11760341557128948940.tmp has been previously copied to /tmp/spark-dce3dc98-87ad-4487-809a-80003b047ab4/userFiles-f4cd1bbd-e6ce-4681-aa5e-5000a13a553c/org.postgresql_postgresql-42.6.0.jar
[2025-10-29T03:32:59.679+0700] {subprocess.py:93} INFO - 25/10/29 03:32:59 INFO Executor: Adding file:/tmp/spark-dce3dc98-87ad-4487-809a-80003b047ab4/userFiles-f4cd1bbd-e6ce-4681-aa5e-5000a13a553c/org.postgresql_postgresql-42.6.0.jar to class loader default
[2025-10-29T03:32:59.679+0700] {subprocess.py:93} INFO - 25/10/29 03:32:59 INFO Executor: Fetching spark://dfeadd712fc3:40311/jars/org.lz4_lz4-java-1.8.0.jar with timestamp 1761683578637
[2025-10-29T03:32:59.679+0700] {subprocess.py:93} INFO - 25/10/29 03:32:59 INFO Utils: Fetching spark://dfeadd712fc3:40311/jars/org.lz4_lz4-java-1.8.0.jar to /tmp/spark-dce3dc98-87ad-4487-809a-80003b047ab4/userFiles-f4cd1bbd-e6ce-4681-aa5e-5000a13a553c/fetchFileTemp12929421006855296445.tmp
[2025-10-29T03:32:59.681+0700] {subprocess.py:93} INFO - 25/10/29 03:32:59 INFO Utils: /tmp/spark-dce3dc98-87ad-4487-809a-80003b047ab4/userFiles-f4cd1bbd-e6ce-4681-aa5e-5000a13a553c/fetchFileTemp12929421006855296445.tmp has been previously copied to /tmp/spark-dce3dc98-87ad-4487-809a-80003b047ab4/userFiles-f4cd1bbd-e6ce-4681-aa5e-5000a13a553c/org.lz4_lz4-java-1.8.0.jar
[2025-10-29T03:32:59.684+0700] {subprocess.py:93} INFO - 25/10/29 03:32:59 INFO Executor: Adding file:/tmp/spark-dce3dc98-87ad-4487-809a-80003b047ab4/userFiles-f4cd1bbd-e6ce-4681-aa5e-5000a13a553c/org.lz4_lz4-java-1.8.0.jar to class loader default
[2025-10-29T03:32:59.689+0700] {subprocess.py:93} INFO - 25/10/29 03:32:59 INFO Utils: Successfully started service 'org.apache.spark.network.netty.NettyBlockTransferService' on port 33705.
[2025-10-29T03:32:59.689+0700] {subprocess.py:93} INFO - 25/10/29 03:32:59 INFO NettyBlockTransferService: Server created on dfeadd712fc3:33705
[2025-10-29T03:32:59.689+0700] {subprocess.py:93} INFO - 25/10/29 03:32:59 INFO BlockManager: Using org.apache.spark.storage.RandomBlockReplicationPolicy for block replication policy
[2025-10-29T03:32:59.692+0700] {subprocess.py:93} INFO - 25/10/29 03:32:59 INFO BlockManagerMaster: Registering BlockManager BlockManagerId(driver, dfeadd712fc3, 33705, None)
[2025-10-29T03:32:59.694+0700] {subprocess.py:93} INFO - 25/10/29 03:32:59 INFO BlockManagerMasterEndpoint: Registering block manager dfeadd712fc3:33705 with 434.4 MiB RAM, BlockManagerId(driver, dfeadd712fc3, 33705, None)
[2025-10-29T03:32:59.695+0700] {subprocess.py:93} INFO - 25/10/29 03:32:59 INFO BlockManagerMaster: Registered BlockManager BlockManagerId(driver, dfeadd712fc3, 33705, None)
[2025-10-29T03:32:59.696+0700] {subprocess.py:93} INFO - 25/10/29 03:32:59 INFO BlockManager: Initialized BlockManager: BlockManagerId(driver, dfeadd712fc3, 33705, None)
[2025-10-29T03:33:01.887+0700] {subprocess.py:93} INFO - 25/10/29 03:33:01 WARN ResolveWriteToStream: spark.sql.adaptive.enabled is not supported in streaming DataFrames/Datasets and will be disabled.
[2025-10-29T03:33:02.051+0700] {subprocess.py:93} INFO - 🚀 Streaming job started — đang lắng nghe dữ liệu từ Kafka...
[2025-10-29T03:33:02.193+0700] {subprocess.py:93} INFO - 25/10/29 03:33:02 WARN AdminClientConfig: These configurations '[key.deserializer, value.deserializer, enable.auto.commit, max.poll.records, auto.offset.reset]' were supplied but are not used yet.
[2025-10-29T03:33:03.579+0700] {subprocess.py:93} INFO - [Batch 0] ⚠️ Không có dữ liệu mới.
[2025-10-29T03:33:06.488+0700] {subprocess.py:93} INFO - 25/10/29 03:33:06 WARN KafkaDataConsumer: KafkaDataConsumer is not running in UninterruptibleThread. It may hang when KafkaDataConsumer's methods are interrupted because of KAFKA-1894
[2025-10-29T03:33:06.877+0700] {subprocess.py:93} INFO - 25/10/29 03:33:06 WARN KafkaDataConsumer: KafkaDataConsumer is not running in UninterruptibleThread. It may hang when KafkaDataConsumer's methods are interrupted because of KAFKA-1894
[2025-10-29T03:33:06.878+0700] {subprocess.py:93} INFO - 25/10/29 03:33:06 WARN KafkaDataConsumer: KafkaDataConsumer is not running in UninterruptibleThread. It may hang when KafkaDataConsumer's methods are interrupted because of KAFKA-1894
[2025-10-29T03:33:06.878+0700] {subprocess.py:93} INFO - 25/10/29 03:33:06 WARN KafkaDataConsumer: KafkaDataConsumer is not running in UninterruptibleThread. It may hang when KafkaDataConsumer's methods are interrupted because of KAFKA-1894
[2025-10-29T03:33:06.879+0700] {subprocess.py:93} INFO - 25/10/29 03:33:06 WARN KafkaDataConsumer: KafkaDataConsumer is not running in UninterruptibleThread. It may hang when KafkaDataConsumer's methods are interrupted because of KAFKA-1894
[2025-10-29T03:33:09.180+0700] {subprocess.py:93} INFO - There was a problem when trying to write in your cache folder (/home/***/.cache/huggingface/hub). You should set the environment variable TRANSFORMERS_CACHE to a writable directory.
[2025-10-29T03:33:09.766+0700] {subprocess.py:93} INFO - 25/10/29 03:33:09 ERROR Executor: Exception in task 0.0 in stage 2.0 (TID 1)
[2025-10-29T03:33:09.767+0700] {subprocess.py:93} INFO - org.apache.spark.api.python.PythonException: Traceback (most recent call last):
[2025-10-29T03:33:09.767+0700] {subprocess.py:93} INFO -   File "/opt/***/projects/absa_streaming/scripts/consumer_postgres_streaming.py", line 73, in absa_infer_udf
[2025-10-29T03:33:09.767+0700] {subprocess.py:93} INFO -     _tokenizer = AutoTokenizer.from_pretrained(MODEL_NAME, use_fast=True)
[2025-10-29T03:33:09.767+0700] {subprocess.py:93} INFO -                  ^^^^^^^^^^^^^^^^^^^^^^^^^^^^^^^^^^^^^^^^^^^^^^^^^^^^^^^^
[2025-10-29T03:33:09.768+0700] {subprocess.py:93} INFO -   File "/home/***/.local/lib/python3.12/site-packages/transformers/models/auto/tokenization_auto.py", line 817, in from_pretrained
[2025-10-29T03:33:09.768+0700] {subprocess.py:93} INFO -     tokenizer_config = get_tokenizer_config(pretrained_model_name_or_path, **kwargs)
[2025-10-29T03:33:09.768+0700] {subprocess.py:93} INFO -                        ^^^^^^^^^^^^^^^^^^^^^^^^^^^^^^^^^^^^^^^^^^^^^^^^^^^^^^^^^^^^^
[2025-10-29T03:33:09.768+0700] {subprocess.py:93} INFO -   File "/home/***/.local/lib/python3.12/site-packages/transformers/models/auto/tokenization_auto.py", line 649, in get_tokenizer_config
[2025-10-29T03:33:09.768+0700] {subprocess.py:93} INFO -     resolved_config_file = cached_file(
[2025-10-29T03:33:09.768+0700] {subprocess.py:93} INFO -                            ^^^^^^^^^^^^
[2025-10-29T03:33:09.768+0700] {subprocess.py:93} INFO -   File "/home/***/.local/lib/python3.12/site-packages/transformers/utils/hub.py", line 462, in cached_file
[2025-10-29T03:33:09.769+0700] {subprocess.py:93} INFO -     except HFValidationError as e:
[2025-10-29T03:33:09.769+0700] {subprocess.py:93} INFO -   File "/home/***/.local/lib/python3.12/site-packages/huggingface_hub/utils/_validators.py", line 114, in _inner_fn
[2025-10-29T03:33:09.769+0700] {subprocess.py:93} INFO -     return fn(*args, **kwargs)
[2025-10-29T03:33:09.769+0700] {subprocess.py:93} INFO -            ^^^^^^^^^^^^^^^^^^^
[2025-10-29T03:33:09.769+0700] {subprocess.py:93} INFO -   File "/home/***/.local/lib/python3.12/site-packages/huggingface_hub/file_download.py", line 1007, in hf_hub_download
[2025-10-29T03:33:09.769+0700] {subprocess.py:93} INFO -     return _hf_hub_download_to_cache_dir(
[2025-10-29T03:33:09.769+0700] {subprocess.py:93} INFO -            ^^^^^^^^^^^^^^^^^^^^^^^^^^^^^^
[2025-10-29T03:33:09.770+0700] {subprocess.py:93} INFO -   File "/home/***/.local/lib/python3.12/site-packages/huggingface_hub/file_download.py", line 1124, in _hf_hub_download_to_cache_dir
[2025-10-29T03:33:09.770+0700] {subprocess.py:93} INFO -     os.makedirs(os.path.dirname(blob_path), exist_ok=True)
[2025-10-29T03:33:09.770+0700] {subprocess.py:93} INFO -   File "<frozen os>", line 216, in makedirs
[2025-10-29T03:33:09.770+0700] {subprocess.py:93} INFO -   File "<frozen os>", line 216, in makedirs
[2025-10-29T03:33:09.770+0700] {subprocess.py:93} INFO -   File "<frozen os>", line 216, in makedirs
[2025-10-29T03:33:09.770+0700] {subprocess.py:93} INFO -   File "<frozen os>", line 230, in makedirs
[2025-10-29T03:33:09.770+0700] {subprocess.py:93} INFO - PermissionError: [Errno 13] Permission denied: '/home/***/.cache/huggingface'
[2025-10-29T03:33:09.770+0700] {subprocess.py:93} INFO - 
[2025-10-29T03:33:09.770+0700] {subprocess.py:93} INFO - 	at org.apache.spark.api.python.BasePythonRunner$ReaderIterator.handlePythonException(PythonRunner.scala:572)
[2025-10-29T03:33:09.771+0700] {subprocess.py:93} INFO - 	at org.apache.spark.sql.execution.python.PythonArrowOutput$$anon$1.read(PythonArrowOutput.scala:118)
[2025-10-29T03:33:09.771+0700] {subprocess.py:93} INFO - 	at org.apache.spark.api.python.BasePythonRunner$ReaderIterator.hasNext(PythonRunner.scala:525)
[2025-10-29T03:33:09.771+0700] {subprocess.py:93} INFO - 	at org.apache.spark.InterruptibleIterator.hasNext(InterruptibleIterator.scala:37)
[2025-10-29T03:33:09.771+0700] {subprocess.py:93} INFO - 	at scala.collection.Iterator$$anon$11.hasNext(Iterator.scala:491)
[2025-10-29T03:33:09.771+0700] {subprocess.py:93} INFO - 	at scala.collection.Iterator$$anon$10.hasNext(Iterator.scala:460)
[2025-10-29T03:33:09.771+0700] {subprocess.py:93} INFO - 	at scala.collection.Iterator$$anon$10.hasNext(Iterator.scala:460)
[2025-10-29T03:33:09.771+0700] {subprocess.py:93} INFO - 	at org.apache.spark.sql.catalyst.expressions.GeneratedClass$GeneratedIteratorForCodegenStage1.hashAgg_doAggregateWithoutKey_0$(Unknown Source)
[2025-10-29T03:33:09.772+0700] {subprocess.py:93} INFO - 	at org.apache.spark.sql.catalyst.expressions.GeneratedClass$GeneratedIteratorForCodegenStage1.processNext(Unknown Source)
[2025-10-29T03:33:09.772+0700] {subprocess.py:93} INFO - 	at org.apache.spark.sql.execution.BufferedRowIterator.hasNext(BufferedRowIterator.java:43)
[2025-10-29T03:33:09.772+0700] {subprocess.py:93} INFO - 	at org.apache.spark.sql.execution.WholeStageCodegenEvaluatorFactory$WholeStageCodegenPartitionEvaluator$$anon$1.hasNext(WholeStageCodegenEvaluatorFactory.scala:43)
[2025-10-29T03:33:09.772+0700] {subprocess.py:93} INFO - 	at scala.collection.Iterator$$anon$10.hasNext(Iterator.scala:460)
[2025-10-29T03:33:09.772+0700] {subprocess.py:93} INFO - 	at org.apache.spark.shuffle.sort.BypassMergeSortShuffleWriter.write(BypassMergeSortShuffleWriter.java:140)
[2025-10-29T03:33:09.773+0700] {subprocess.py:93} INFO - 	at org.apache.spark.shuffle.ShuffleWriteProcessor.write(ShuffleWriteProcessor.scala:59)
[2025-10-29T03:33:09.773+0700] {subprocess.py:93} INFO - 	at org.apache.spark.scheduler.ShuffleMapTask.runTask(ShuffleMapTask.scala:104)
[2025-10-29T03:33:09.773+0700] {subprocess.py:93} INFO - 	at org.apache.spark.scheduler.ShuffleMapTask.runTask(ShuffleMapTask.scala:54)
[2025-10-29T03:33:09.773+0700] {subprocess.py:93} INFO - 	at org.apache.spark.TaskContext.runTaskWithListeners(TaskContext.scala:166)
[2025-10-29T03:33:09.773+0700] {subprocess.py:93} INFO - 	at org.apache.spark.scheduler.Task.run(Task.scala:141)
[2025-10-29T03:33:09.773+0700] {subprocess.py:93} INFO - 	at org.apache.spark.executor.Executor$TaskRunner.$anonfun$run$4(Executor.scala:620)
[2025-10-29T03:33:09.773+0700] {subprocess.py:93} INFO - 	at org.apache.spark.util.SparkErrorUtils.tryWithSafeFinally(SparkErrorUtils.scala:64)
[2025-10-29T03:33:09.773+0700] {subprocess.py:93} INFO - 	at org.apache.spark.util.SparkErrorUtils.tryWithSafeFinally$(SparkErrorUtils.scala:61)
[2025-10-29T03:33:09.773+0700] {subprocess.py:93} INFO - 	at org.apache.spark.util.Utils$.tryWithSafeFinally(Utils.scala:94)
[2025-10-29T03:33:09.773+0700] {subprocess.py:93} INFO - 	at org.apache.spark.executor.Executor$TaskRunner.run(Executor.scala:623)
[2025-10-29T03:33:09.774+0700] {subprocess.py:93} INFO - 	at java.base/java.util.concurrent.ThreadPoolExecutor.runWorker(ThreadPoolExecutor.java:1136)
[2025-10-29T03:33:09.774+0700] {subprocess.py:93} INFO - 	at java.base/java.util.concurrent.ThreadPoolExecutor$Worker.run(ThreadPoolExecutor.java:635)
[2025-10-29T03:33:09.774+0700] {subprocess.py:93} INFO - 	at java.base/java.lang.Thread.run(Thread.java:840)
[2025-10-29T03:33:09.778+0700] {subprocess.py:93} INFO - 25/10/29 03:33:09 WARN TaskSetManager: Lost task 0.0 in stage 2.0 (TID 1) (dfeadd712fc3 executor driver): org.apache.spark.api.python.PythonException: Traceback (most recent call last):
[2025-10-29T03:33:09.779+0700] {subprocess.py:93} INFO -   File "/opt/***/projects/absa_streaming/scripts/consumer_postgres_streaming.py", line 73, in absa_infer_udf
[2025-10-29T03:33:09.779+0700] {subprocess.py:93} INFO -     _tokenizer = AutoTokenizer.from_pretrained(MODEL_NAME, use_fast=True)
[2025-10-29T03:33:09.780+0700] {subprocess.py:93} INFO -                  ^^^^^^^^^^^^^^^^^^^^^^^^^^^^^^^^^^^^^^^^^^^^^^^^^^^^^^^^
[2025-10-29T03:33:09.780+0700] {subprocess.py:93} INFO -   File "/home/***/.local/lib/python3.12/site-packages/transformers/models/auto/tokenization_auto.py", line 817, in from_pretrained
[2025-10-29T03:33:09.780+0700] {subprocess.py:93} INFO -     tokenizer_config = get_tokenizer_config(pretrained_model_name_or_path, **kwargs)
[2025-10-29T03:33:09.780+0700] {subprocess.py:93} INFO -                        ^^^^^^^^^^^^^^^^^^^^^^^^^^^^^^^^^^^^^^^^^^^^^^^^^^^^^^^^^^^^^
[2025-10-29T03:33:09.780+0700] {subprocess.py:93} INFO -   File "/home/***/.local/lib/python3.12/site-packages/transformers/models/auto/tokenization_auto.py", line 649, in get_tokenizer_config
[2025-10-29T03:33:09.780+0700] {subprocess.py:93} INFO -     resolved_config_file = cached_file(
[2025-10-29T03:33:09.780+0700] {subprocess.py:93} INFO -                            ^^^^^^^^^^^^
[2025-10-29T03:33:09.781+0700] {subprocess.py:93} INFO -   File "/home/***/.local/lib/python3.12/site-packages/transformers/utils/hub.py", line 462, in cached_file
[2025-10-29T03:33:09.781+0700] {subprocess.py:93} INFO -     except HFValidationError as e:
[2025-10-29T03:33:09.781+0700] {subprocess.py:93} INFO -   File "/home/***/.local/lib/python3.12/site-packages/huggingface_hub/utils/_validators.py", line 114, in _inner_fn
[2025-10-29T03:33:09.781+0700] {subprocess.py:93} INFO -     return fn(*args, **kwargs)
[2025-10-29T03:33:09.781+0700] {subprocess.py:93} INFO -            ^^^^^^^^^^^^^^^^^^^
[2025-10-29T03:33:09.781+0700] {subprocess.py:93} INFO -   File "/home/***/.local/lib/python3.12/site-packages/huggingface_hub/file_download.py", line 1007, in hf_hub_download
[2025-10-29T03:33:09.782+0700] {subprocess.py:93} INFO -     return _hf_hub_download_to_cache_dir(
[2025-10-29T03:33:09.782+0700] {subprocess.py:93} INFO -            ^^^^^^^^^^^^^^^^^^^^^^^^^^^^^^
[2025-10-29T03:33:09.782+0700] {subprocess.py:93} INFO -   File "/home/***/.local/lib/python3.12/site-packages/huggingface_hub/file_download.py", line 1124, in _hf_hub_download_to_cache_dir
[2025-10-29T03:33:09.782+0700] {subprocess.py:93} INFO -     os.makedirs(os.path.dirname(blob_path), exist_ok=True)
[2025-10-29T03:33:09.782+0700] {subprocess.py:93} INFO -   File "<frozen os>", line 216, in makedirs
[2025-10-29T03:33:09.782+0700] {subprocess.py:93} INFO -   File "<frozen os>", line 216, in makedirs
[2025-10-29T03:33:09.783+0700] {subprocess.py:93} INFO -   File "<frozen os>", line 216, in makedirs
[2025-10-29T03:33:09.783+0700] {subprocess.py:93} INFO -   File "<frozen os>", line 230, in makedirs
[2025-10-29T03:33:09.783+0700] {subprocess.py:93} INFO - PermissionError: [Errno 13] Permission denied: '/home/***/.cache/huggingface'
[2025-10-29T03:33:09.783+0700] {subprocess.py:93} INFO - 
[2025-10-29T03:33:09.783+0700] {subprocess.py:93} INFO - 	at org.apache.spark.api.python.BasePythonRunner$ReaderIterator.handlePythonException(PythonRunner.scala:572)
[2025-10-29T03:33:09.783+0700] {subprocess.py:93} INFO - 	at org.apache.spark.sql.execution.python.PythonArrowOutput$$anon$1.read(PythonArrowOutput.scala:118)
[2025-10-29T03:33:09.784+0700] {subprocess.py:93} INFO - 	at org.apache.spark.api.python.BasePythonRunner$ReaderIterator.hasNext(PythonRunner.scala:525)
[2025-10-29T03:33:09.784+0700] {subprocess.py:93} INFO - 	at org.apache.spark.InterruptibleIterator.hasNext(InterruptibleIterator.scala:37)
[2025-10-29T03:33:09.784+0700] {subprocess.py:93} INFO - 	at scala.collection.Iterator$$anon$11.hasNext(Iterator.scala:491)
[2025-10-29T03:33:09.784+0700] {subprocess.py:93} INFO - 	at scala.collection.Iterator$$anon$10.hasNext(Iterator.scala:460)
[2025-10-29T03:33:09.784+0700] {subprocess.py:93} INFO - 	at scala.collection.Iterator$$anon$10.hasNext(Iterator.scala:460)
[2025-10-29T03:33:09.784+0700] {subprocess.py:93} INFO - 	at org.apache.spark.sql.catalyst.expressions.GeneratedClass$GeneratedIteratorForCodegenStage1.hashAgg_doAggregateWithoutKey_0$(Unknown Source)
[2025-10-29T03:33:09.784+0700] {subprocess.py:93} INFO - 	at org.apache.spark.sql.catalyst.expressions.GeneratedClass$GeneratedIteratorForCodegenStage1.processNext(Unknown Source)
[2025-10-29T03:33:09.784+0700] {subprocess.py:93} INFO - 	at org.apache.spark.sql.execution.BufferedRowIterator.hasNext(BufferedRowIterator.java:43)
[2025-10-29T03:33:09.784+0700] {subprocess.py:93} INFO - 	at org.apache.spark.sql.execution.WholeStageCodegenEvaluatorFactory$WholeStageCodegenPartitionEvaluator$$anon$1.hasNext(WholeStageCodegenEvaluatorFactory.scala:43)
[2025-10-29T03:33:09.784+0700] {subprocess.py:93} INFO - 	at scala.collection.Iterator$$anon$10.hasNext(Iterator.scala:460)
[2025-10-29T03:33:09.785+0700] {subprocess.py:93} INFO - 	at org.apache.spark.shuffle.sort.BypassMergeSortShuffleWriter.write(BypassMergeSortShuffleWriter.java:140)
[2025-10-29T03:33:09.785+0700] {subprocess.py:93} INFO - 	at org.apache.spark.shuffle.ShuffleWriteProcessor.write(ShuffleWriteProcessor.scala:59)
[2025-10-29T03:33:09.785+0700] {subprocess.py:93} INFO - 	at org.apache.spark.scheduler.ShuffleMapTask.runTask(ShuffleMapTask.scala:104)
[2025-10-29T03:33:09.785+0700] {subprocess.py:93} INFO - 	at org.apache.spark.scheduler.ShuffleMapTask.runTask(ShuffleMapTask.scala:54)
[2025-10-29T03:33:09.785+0700] {subprocess.py:93} INFO - 	at org.apache.spark.TaskContext.runTaskWithListeners(TaskContext.scala:166)
[2025-10-29T03:33:09.785+0700] {subprocess.py:93} INFO - 	at org.apache.spark.scheduler.Task.run(Task.scala:141)
[2025-10-29T03:33:09.785+0700] {subprocess.py:93} INFO - 	at org.apache.spark.executor.Executor$TaskRunner.$anonfun$run$4(Executor.scala:620)
[2025-10-29T03:33:09.785+0700] {subprocess.py:93} INFO - 	at org.apache.spark.util.SparkErrorUtils.tryWithSafeFinally(SparkErrorUtils.scala:64)
[2025-10-29T03:33:09.786+0700] {subprocess.py:93} INFO - 	at org.apache.spark.util.SparkErrorUtils.tryWithSafeFinally$(SparkErrorUtils.scala:61)
[2025-10-29T03:33:09.786+0700] {subprocess.py:93} INFO - 	at org.apache.spark.util.Utils$.tryWithSafeFinally(Utils.scala:94)
[2025-10-29T03:33:09.786+0700] {subprocess.py:93} INFO - 	at org.apache.spark.executor.Executor$TaskRunner.run(Executor.scala:623)
[2025-10-29T03:33:09.786+0700] {subprocess.py:93} INFO - 	at java.base/java.util.concurrent.ThreadPoolExecutor.runWorker(ThreadPoolExecutor.java:1136)
[2025-10-29T03:33:09.786+0700] {subprocess.py:93} INFO - 	at java.base/java.util.concurrent.ThreadPoolExecutor$Worker.run(ThreadPoolExecutor.java:635)
[2025-10-29T03:33:09.786+0700] {subprocess.py:93} INFO - 	at java.base/java.lang.Thread.run(Thread.java:840)
[2025-10-29T03:33:09.786+0700] {subprocess.py:93} INFO - 
[2025-10-29T03:33:09.787+0700] {subprocess.py:93} INFO - 25/10/29 03:33:09 ERROR TaskSetManager: Task 0 in stage 2.0 failed 1 times; aborting job
[2025-10-29T03:33:09.856+0700] {subprocess.py:93} INFO - 25/10/29 03:33:09 ERROR MicroBatchExecution: Query [id = e14d65e5-6541-4c42-8e29-9f5fc6672b14, runId = b2538322-15d6-42d0-b901-d8275a38720a] terminated with error
[2025-10-29T03:33:09.856+0700] {subprocess.py:93} INFO - py4j.Py4JException: An exception was raised by the Python Proxy. Return Message: Traceback (most recent call last):
[2025-10-29T03:33:09.857+0700] {subprocess.py:93} INFO -   File "/home/***/.local/lib/python3.12/site-packages/pyspark/python/lib/py4j-0.10.9.7-src.zip/py4j/clientserver.py", line 617, in _call_proxy
[2025-10-29T03:33:09.857+0700] {subprocess.py:93} INFO -     return_value = getattr(self.pool[obj_id], method)(*params)
[2025-10-29T03:33:09.857+0700] {subprocess.py:93} INFO -                    ^^^^^^^^^^^^^^^^^^^^^^^^^^^^^^^^^^^^^^^^^^^
[2025-10-29T03:33:09.857+0700] {subprocess.py:93} INFO -   File "/home/***/.local/lib/python3.12/site-packages/pyspark/python/lib/pyspark.zip/pyspark/sql/utils.py", line 120, in call
[2025-10-29T03:33:09.857+0700] {subprocess.py:93} INFO -     raise e
[2025-10-29T03:33:09.857+0700] {subprocess.py:93} INFO -   File "/home/***/.local/lib/python3.12/site-packages/pyspark/python/lib/pyspark.zip/pyspark/sql/utils.py", line 117, in call
[2025-10-29T03:33:09.857+0700] {subprocess.py:93} INFO -     self.func(DataFrame(jdf, wrapped_session_jdf), batch_id)
[2025-10-29T03:33:09.857+0700] {subprocess.py:93} INFO -   File "/opt/***/projects/absa_streaming/scripts/consumer_postgres_streaming.py", line 125, in write_to_postgres
[2025-10-29T03:33:09.858+0700] {subprocess.py:93} INFO -     total_rows = batch_df.count()
[2025-10-29T03:33:09.858+0700] {subprocess.py:93} INFO -                  ^^^^^^^^^^^^^^^^
[2025-10-29T03:33:09.858+0700] {subprocess.py:93} INFO -   File "/home/***/.local/lib/python3.12/site-packages/pyspark/python/lib/pyspark.zip/pyspark/sql/dataframe.py", line 1238, in count
[2025-10-29T03:33:09.858+0700] {subprocess.py:93} INFO -     return int(self._jdf.count())
[2025-10-29T03:33:09.858+0700] {subprocess.py:93} INFO -                ^^^^^^^^^^^^^^^^^
[2025-10-29T03:33:09.858+0700] {subprocess.py:93} INFO -   File "/home/***/.local/lib/python3.12/site-packages/pyspark/python/lib/py4j-0.10.9.7-src.zip/py4j/java_gateway.py", line 1322, in __call__
[2025-10-29T03:33:09.858+0700] {subprocess.py:93} INFO -     return_value = get_return_value(
[2025-10-29T03:33:09.858+0700] {subprocess.py:93} INFO -                    ^^^^^^^^^^^^^^^^^
[2025-10-29T03:33:09.858+0700] {subprocess.py:93} INFO -   File "/home/***/.local/lib/python3.12/site-packages/pyspark/python/lib/pyspark.zip/pyspark/errors/exceptions/captured.py", line 185, in deco
[2025-10-29T03:33:09.858+0700] {subprocess.py:93} INFO -     raise converted from None
[2025-10-29T03:33:09.858+0700] {subprocess.py:93} INFO - pyspark.errors.exceptions.captured.PythonException:
[2025-10-29T03:33:09.859+0700] {subprocess.py:93} INFO -   An exception was thrown from the Python worker. Please see the stack trace below.
[2025-10-29T03:33:09.859+0700] {subprocess.py:93} INFO - Traceback (most recent call last):
[2025-10-29T03:33:09.859+0700] {subprocess.py:93} INFO -   File "/opt/***/projects/absa_streaming/scripts/consumer_postgres_streaming.py", line 73, in absa_infer_udf
[2025-10-29T03:33:09.859+0700] {subprocess.py:93} INFO -     _tokenizer = AutoTokenizer.from_pretrained(MODEL_NAME, use_fast=True)
[2025-10-29T03:33:09.859+0700] {subprocess.py:93} INFO -                  ^^^^^^^^^^^^^^^^^^^^^^^^^^^^^^^^^^^^^^^^^^^^^^^^^^^^^^^^
[2025-10-29T03:33:09.859+0700] {subprocess.py:93} INFO -   File "/home/***/.local/lib/python3.12/site-packages/transformers/models/auto/tokenization_auto.py", line 817, in from_pretrained
[2025-10-29T03:33:09.859+0700] {subprocess.py:93} INFO -     tokenizer_config = get_tokenizer_config(pretrained_model_name_or_path, **kwargs)
[2025-10-29T03:33:09.859+0700] {subprocess.py:93} INFO -                        ^^^^^^^^^^^^^^^^^^^^^^^^^^^^^^^^^^^^^^^^^^^^^^^^^^^^^^^^^^^^^
[2025-10-29T03:33:09.859+0700] {subprocess.py:93} INFO -   File "/home/***/.local/lib/python3.12/site-packages/transformers/models/auto/tokenization_auto.py", line 649, in get_tokenizer_config
[2025-10-29T03:33:09.859+0700] {subprocess.py:93} INFO -     resolved_config_file = cached_file(
[2025-10-29T03:33:09.860+0700] {subprocess.py:93} INFO -                            ^^^^^^^^^^^^
[2025-10-29T03:33:09.860+0700] {subprocess.py:93} INFO -   File "/home/***/.local/lib/python3.12/site-packages/transformers/utils/hub.py", line 462, in cached_file
[2025-10-29T03:33:09.860+0700] {subprocess.py:93} INFO -     except HFValidationError as e:
[2025-10-29T03:33:09.860+0700] {subprocess.py:93} INFO -   File "/home/***/.local/lib/python3.12/site-packages/huggingface_hub/utils/_validators.py", line 114, in _inner_fn
[2025-10-29T03:33:09.860+0700] {subprocess.py:93} INFO -     return fn(*args, **kwargs)
[2025-10-29T03:33:09.860+0700] {subprocess.py:93} INFO -            ^^^^^^^^^^^^^^^^^^^
[2025-10-29T03:33:09.860+0700] {subprocess.py:93} INFO -   File "/home/***/.local/lib/python3.12/site-packages/huggingface_hub/file_download.py", line 1007, in hf_hub_download
[2025-10-29T03:33:09.860+0700] {subprocess.py:93} INFO -     return _hf_hub_download_to_cache_dir(
[2025-10-29T03:33:09.860+0700] {subprocess.py:93} INFO -            ^^^^^^^^^^^^^^^^^^^^^^^^^^^^^^
[2025-10-29T03:33:09.860+0700] {subprocess.py:93} INFO -   File "/home/***/.local/lib/python3.12/site-packages/huggingface_hub/file_download.py", line 1124, in _hf_hub_download_to_cache_dir
[2025-10-29T03:33:09.861+0700] {subprocess.py:93} INFO -     os.makedirs(os.path.dirname(blob_path), exist_ok=True)
[2025-10-29T03:33:09.861+0700] {subprocess.py:93} INFO -   File "<frozen os>", line 216, in makedirs
[2025-10-29T03:33:09.861+0700] {subprocess.py:93} INFO -   File "<frozen os>", line 216, in makedirs
[2025-10-29T03:33:09.861+0700] {subprocess.py:93} INFO -   File "<frozen os>", line 216, in makedirs
[2025-10-29T03:33:09.861+0700] {subprocess.py:93} INFO -   File "<frozen os>", line 230, in makedirs
[2025-10-29T03:33:09.861+0700] {subprocess.py:93} INFO - PermissionError: [Errno 13] Permission denied: '/home/***/.cache/huggingface'
[2025-10-29T03:33:09.861+0700] {subprocess.py:93} INFO - 
[2025-10-29T03:33:09.861+0700] {subprocess.py:93} INFO - 
[2025-10-29T03:33:09.861+0700] {subprocess.py:93} INFO - 	at py4j.Protocol.getReturnValue(Protocol.java:476)
[2025-10-29T03:33:09.861+0700] {subprocess.py:93} INFO - 	at py4j.reflection.PythonProxyHandler.invoke(PythonProxyHandler.java:108)
[2025-10-29T03:33:09.861+0700] {subprocess.py:93} INFO - 	at jdk.proxy3/jdk.proxy3.$Proxy32.call(Unknown Source)
[2025-10-29T03:33:09.862+0700] {subprocess.py:93} INFO - 	at org.apache.spark.sql.execution.streaming.sources.PythonForeachBatchHelper$.$anonfun$callForeachBatch$1(ForeachBatchSink.scala:53)
[2025-10-29T03:33:09.862+0700] {subprocess.py:93} INFO - 	at org.apache.spark.sql.execution.streaming.sources.PythonForeachBatchHelper$.$anonfun$callForeachBatch$1$adapted(ForeachBatchSink.scala:53)
[2025-10-29T03:33:09.862+0700] {subprocess.py:93} INFO - 	at org.apache.spark.sql.execution.streaming.sources.ForeachBatchSink.addBatch(ForeachBatchSink.scala:34)
[2025-10-29T03:33:09.862+0700] {subprocess.py:93} INFO - 	at org.apache.spark.sql.execution.streaming.MicroBatchExecution.$anonfun$runBatch$17(MicroBatchExecution.scala:732)
[2025-10-29T03:33:09.862+0700] {subprocess.py:93} INFO - 	at org.apache.spark.sql.execution.SQLExecution$.$anonfun$withNewExecutionId$6(SQLExecution.scala:125)
[2025-10-29T03:33:09.862+0700] {subprocess.py:93} INFO - 	at org.apache.spark.sql.execution.SQLExecution$.withSQLConfPropagated(SQLExecution.scala:201)
[2025-10-29T03:33:09.862+0700] {subprocess.py:93} INFO - 	at org.apache.spark.sql.execution.SQLExecution$.$anonfun$withNewExecutionId$1(SQLExecution.scala:108)
[2025-10-29T03:33:09.862+0700] {subprocess.py:93} INFO - 	at org.apache.spark.sql.SparkSession.withActive(SparkSession.scala:900)
[2025-10-29T03:33:09.862+0700] {subprocess.py:93} INFO - 	at org.apache.spark.sql.execution.SQLExecution$.withNewExecutionId(SQLExecution.scala:66)
[2025-10-29T03:33:09.862+0700] {subprocess.py:93} INFO - 	at org.apache.spark.sql.execution.streaming.MicroBatchExecution.$anonfun$runBatch$16(MicroBatchExecution.scala:729)
[2025-10-29T03:33:09.862+0700] {subprocess.py:93} INFO - 	at org.apache.spark.sql.execution.streaming.ProgressReporter.reportTimeTaken(ProgressReporter.scala:427)
[2025-10-29T03:33:09.862+0700] {subprocess.py:93} INFO - 	at org.apache.spark.sql.execution.streaming.ProgressReporter.reportTimeTaken$(ProgressReporter.scala:425)
[2025-10-29T03:33:09.863+0700] {subprocess.py:93} INFO - 	at org.apache.spark.sql.execution.streaming.StreamExecution.reportTimeTaken(StreamExecution.scala:67)
[2025-10-29T03:33:09.863+0700] {subprocess.py:93} INFO - 	at org.apache.spark.sql.execution.streaming.MicroBatchExecution.runBatch(MicroBatchExecution.scala:729)
[2025-10-29T03:33:09.863+0700] {subprocess.py:93} INFO - 	at org.apache.spark.sql.execution.streaming.MicroBatchExecution.$anonfun$runActivatedStream$2(MicroBatchExecution.scala:286)
[2025-10-29T03:33:09.863+0700] {subprocess.py:93} INFO - 	at scala.runtime.java8.JFunction0$mcV$sp.apply(JFunction0$mcV$sp.java:23)
[2025-10-29T03:33:09.863+0700] {subprocess.py:93} INFO - 	at org.apache.spark.sql.execution.streaming.ProgressReporter.reportTimeTaken(ProgressReporter.scala:427)
[2025-10-29T03:33:09.863+0700] {subprocess.py:93} INFO - 	at org.apache.spark.sql.execution.streaming.ProgressReporter.reportTimeTaken$(ProgressReporter.scala:425)
[2025-10-29T03:33:09.863+0700] {subprocess.py:93} INFO - 	at org.apache.spark.sql.execution.streaming.StreamExecution.reportTimeTaken(StreamExecution.scala:67)
[2025-10-29T03:33:09.863+0700] {subprocess.py:93} INFO - 	at org.apache.spark.sql.execution.streaming.MicroBatchExecution.$anonfun$runActivatedStream$1(MicroBatchExecution.scala:249)
[2025-10-29T03:33:09.863+0700] {subprocess.py:93} INFO - 	at org.apache.spark.sql.execution.streaming.ProcessingTimeExecutor.execute(TriggerExecutor.scala:67)
[2025-10-29T03:33:09.863+0700] {subprocess.py:93} INFO - 	at org.apache.spark.sql.execution.streaming.MicroBatchExecution.runActivatedStream(MicroBatchExecution.scala:239)
[2025-10-29T03:33:09.864+0700] {subprocess.py:93} INFO - 	at org.apache.spark.sql.execution.streaming.StreamExecution.$anonfun$runStream$1(StreamExecution.scala:311)
[2025-10-29T03:33:09.864+0700] {subprocess.py:93} INFO - 	at scala.runtime.java8.JFunction0$mcV$sp.apply(JFunction0$mcV$sp.java:23)
[2025-10-29T03:33:09.864+0700] {subprocess.py:93} INFO - 	at org.apache.spark.sql.SparkSession.withActive(SparkSession.scala:900)
[2025-10-29T03:33:09.864+0700] {subprocess.py:93} INFO - 	at org.apache.spark.sql.execution.streaming.StreamExecution.org$apache$spark$sql$execution$streaming$StreamExecution$$runStream(StreamExecution.scala:289)
[2025-10-29T03:33:09.864+0700] {subprocess.py:93} INFO - 	at org.apache.spark.sql.execution.streaming.StreamExecution$$anon$1.$anonfun$run$1(StreamExecution.scala:211)
[2025-10-29T03:33:09.864+0700] {subprocess.py:93} INFO - 	at scala.runtime.java8.JFunction0$mcV$sp.apply(JFunction0$mcV$sp.java:23)
[2025-10-29T03:33:09.864+0700] {subprocess.py:93} INFO - 	at org.apache.spark.JobArtifactSet$.withActiveJobArtifactState(JobArtifactSet.scala:94)
[2025-10-29T03:33:09.864+0700] {subprocess.py:93} INFO - 	at org.apache.spark.sql.execution.streaming.StreamExecution$$anon$1.run(StreamExecution.scala:211)
[2025-10-29T03:33:09.917+0700] {subprocess.py:93} INFO - Traceback (most recent call last):
[2025-10-29T03:33:09.918+0700] {subprocess.py:93} INFO -   File "/opt/***/projects/absa_streaming/scripts/consumer_postgres_streaming.py", line 175, in <module>
[2025-10-29T03:33:09.918+0700] {subprocess.py:93} INFO -     query.awaitTermination()
[2025-10-29T03:33:09.918+0700] {subprocess.py:93} INFO -   File "/home/***/.local/lib/python3.12/site-packages/pyspark/python/lib/pyspark.zip/pyspark/sql/streaming/query.py", line 221, in awaitTermination
[2025-10-29T03:33:09.918+0700] {subprocess.py:93} INFO -   File "/home/***/.local/lib/python3.12/site-packages/pyspark/python/lib/py4j-0.10.9.7-src.zip/py4j/java_gateway.py", line 1322, in __call__
[2025-10-29T03:33:09.918+0700] {subprocess.py:93} INFO -   File "/home/***/.local/lib/python3.12/site-packages/pyspark/python/lib/pyspark.zip/pyspark/errors/exceptions/captured.py", line 185, in deco
[2025-10-29T03:33:09.919+0700] {subprocess.py:93} INFO - pyspark.errors.exceptions.captured.StreamingQueryException: [STREAM_FAILED] Query [id = e14d65e5-6541-4c42-8e29-9f5fc6672b14, runId = b2538322-15d6-42d0-b901-d8275a38720a] terminated with exception: An exception was raised by the Python Proxy. Return Message: Traceback (most recent call last):
[2025-10-29T03:33:09.919+0700] {subprocess.py:93} INFO -   File "/home/***/.local/lib/python3.12/site-packages/pyspark/python/lib/py4j-0.10.9.7-src.zip/py4j/clientserver.py", line 617, in _call_proxy
[2025-10-29T03:33:09.920+0700] {subprocess.py:93} INFO -     return_value = getattr(self.pool[obj_id], method)(*params)
[2025-10-29T03:33:09.920+0700] {subprocess.py:93} INFO -                    ^^^^^^^^^^^^^^^^^^^^^^^^^^^^^^^^^^^^^^^^^^^
[2025-10-29T03:33:09.920+0700] {subprocess.py:93} INFO -   File "/home/***/.local/lib/python3.12/site-packages/pyspark/python/lib/pyspark.zip/pyspark/sql/utils.py", line 120, in call
[2025-10-29T03:33:09.920+0700] {subprocess.py:93} INFO -     raise e
[2025-10-29T03:33:09.920+0700] {subprocess.py:93} INFO -   File "/home/***/.local/lib/python3.12/site-packages/pyspark/python/lib/pyspark.zip/pyspark/sql/utils.py", line 117, in call
[2025-10-29T03:33:09.920+0700] {subprocess.py:93} INFO -     self.func(DataFrame(jdf, wrapped_session_jdf), batch_id)
[2025-10-29T03:33:09.920+0700] {subprocess.py:93} INFO -   File "/opt/***/projects/absa_streaming/scripts/consumer_postgres_streaming.py", line 125, in write_to_postgres
[2025-10-29T03:33:09.920+0700] {subprocess.py:93} INFO -     total_rows = batch_df.count()
[2025-10-29T03:33:09.920+0700] {subprocess.py:93} INFO -                  ^^^^^^^^^^^^^^^^
[2025-10-29T03:33:09.920+0700] {subprocess.py:93} INFO -   File "/home/***/.local/lib/python3.12/site-packages/pyspark/python/lib/pyspark.zip/pyspark/sql/dataframe.py", line 1238, in count
[2025-10-29T03:33:09.921+0700] {subprocess.py:93} INFO -     return int(self._jdf.count())
[2025-10-29T03:33:09.921+0700] {subprocess.py:93} INFO -                ^^^^^^^^^^^^^^^^^
[2025-10-29T03:33:09.921+0700] {subprocess.py:93} INFO -   File "/home/***/.local/lib/python3.12/site-packages/pyspark/python/lib/py4j-0.10.9.7-src.zip/py4j/java_gateway.py", line 1322, in __call__
[2025-10-29T03:33:09.921+0700] {subprocess.py:93} INFO -     return_value = get_return_value(
[2025-10-29T03:33:09.921+0700] {subprocess.py:93} INFO -                    ^^^^^^^^^^^^^^^^^
[2025-10-29T03:33:09.921+0700] {subprocess.py:93} INFO -   File "/home/***/.local/lib/python3.12/site-packages/pyspark/python/lib/pyspark.zip/pyspark/errors/exceptions/captured.py", line 185, in deco
[2025-10-29T03:33:09.921+0700] {subprocess.py:93} INFO -     raise converted from None
[2025-10-29T03:33:09.921+0700] {subprocess.py:93} INFO - pyspark.errors.exceptions.captured.PythonException:
[2025-10-29T03:33:09.921+0700] {subprocess.py:93} INFO -   An exception was thrown from the Python worker. Please see the stack trace below.
[2025-10-29T03:33:09.921+0700] {subprocess.py:93} INFO - Traceback (most recent call last):
[2025-10-29T03:33:09.922+0700] {subprocess.py:93} INFO -   File "/opt/***/projects/absa_streaming/scripts/consumer_postgres_streaming.py", line 73, in absa_infer_udf
[2025-10-29T03:33:09.922+0700] {subprocess.py:93} INFO -     _tokenizer = AutoTokenizer.from_pretrained(MODEL_NAME, use_fast=True)
[2025-10-29T03:33:09.922+0700] {subprocess.py:93} INFO -                  ^^^^^^^^^^^^^^^^^^^^^^^^^^^^^^^^^^^^^^^^^^^^^^^^^^^^^^^^
[2025-10-29T03:33:09.922+0700] {subprocess.py:93} INFO -   File "/home/***/.local/lib/python3.12/site-packages/transformers/models/auto/tokenization_auto.py", line 817, in from_pretrained
[2025-10-29T03:33:09.922+0700] {subprocess.py:93} INFO -     tokenizer_config = get_tokenizer_config(pretrained_model_name_or_path, **kwargs)
[2025-10-29T03:33:09.922+0700] {subprocess.py:93} INFO -                        ^^^^^^^^^^^^^^^^^^^^^^^^^^^^^^^^^^^^^^^^^^^^^^^^^^^^^^^^^^^^^
[2025-10-29T03:33:09.922+0700] {subprocess.py:93} INFO -   File "/home/***/.local/lib/python3.12/site-packages/transformers/models/auto/tokenization_auto.py", line 649, in get_tokenizer_config
[2025-10-29T03:33:09.922+0700] {subprocess.py:93} INFO -     resolved_config_file = cached_file(
[2025-10-29T03:33:09.922+0700] {subprocess.py:93} INFO -                            ^^^^^^^^^^^^
[2025-10-29T03:33:09.922+0700] {subprocess.py:93} INFO -   File "/home/***/.local/lib/python3.12/site-packages/transformers/utils/hub.py", line 462, in cached_file
[2025-10-29T03:33:09.922+0700] {subprocess.py:93} INFO -     except HFValidationError as e:
[2025-10-29T03:33:09.923+0700] {subprocess.py:93} INFO -   File "/home/***/.local/lib/python3.12/site-packages/huggingface_hub/utils/_validators.py", line 114, in _inner_fn
[2025-10-29T03:33:09.923+0700] {subprocess.py:93} INFO -     return fn(*args, **kwargs)
[2025-10-29T03:33:09.923+0700] {subprocess.py:93} INFO -            ^^^^^^^^^^^^^^^^^^^
[2025-10-29T03:33:09.923+0700] {subprocess.py:93} INFO -   File "/home/***/.local/lib/python3.12/site-packages/huggingface_hub/file_download.py", line 1007, in hf_hub_download
[2025-10-29T03:33:09.923+0700] {subprocess.py:93} INFO -     return _hf_hub_download_to_cache_dir(
[2025-10-29T03:33:09.923+0700] {subprocess.py:93} INFO -            ^^^^^^^^^^^^^^^^^^^^^^^^^^^^^^
[2025-10-29T03:33:09.923+0700] {subprocess.py:93} INFO -   File "/home/***/.local/lib/python3.12/site-packages/huggingface_hub/file_download.py", line 1124, in _hf_hub_download_to_cache_dir
[2025-10-29T03:33:09.923+0700] {subprocess.py:93} INFO -     os.makedirs(os.path.dirname(blob_path), exist_ok=True)
[2025-10-29T03:33:09.923+0700] {subprocess.py:93} INFO -   File "<frozen os>", line 216, in makedirs
[2025-10-29T03:33:09.923+0700] {subprocess.py:93} INFO -   File "<frozen os>", line 216, in makedirs
[2025-10-29T03:33:09.924+0700] {subprocess.py:93} INFO -   File "<frozen os>", line 216, in makedirs
[2025-10-29T03:33:09.924+0700] {subprocess.py:93} INFO -   File "<frozen os>", line 230, in makedirs
[2025-10-29T03:33:09.924+0700] {subprocess.py:93} INFO - PermissionError: [Errno 13] Permission denied: '/home/***/.cache/huggingface'
[2025-10-29T03:33:09.924+0700] {subprocess.py:93} INFO - 
[2025-10-29T03:33:09.924+0700] {subprocess.py:93} INFO - 
[2025-10-29T03:33:10.438+0700] {subprocess.py:97} INFO - Command exited with return code 1
[2025-10-29T03:33:10.439+0700] {taskinstance.py:441} INFO - ::group::Post task execution logs
[2025-10-29T03:33:10.445+0700] {taskinstance.py:2890} ERROR - Task failed with exception
Traceback (most recent call last):
  File "/home/airflow/.local/lib/python3.12/site-packages/airflow/models/taskinstance.py", line 460, in _execute_task
    result = _execute_callable(context=context, **execute_callable_kwargs)
             ^^^^^^^^^^^^^^^^^^^^^^^^^^^^^^^^^^^^^^^^^^^^^^^^^^^^^^^^^^^^^
  File "/home/airflow/.local/lib/python3.12/site-packages/airflow/models/taskinstance.py", line 432, in _execute_callable
    return execute_callable(context=context, **execute_callable_kwargs)
           ^^^^^^^^^^^^^^^^^^^^^^^^^^^^^^^^^^^^^^^^^^^^^^^^^^^^^^^^^^^^
  File "/home/airflow/.local/lib/python3.12/site-packages/airflow/models/baseoperator.py", line 400, in wrapper
    return func(self, *args, **kwargs)
           ^^^^^^^^^^^^^^^^^^^^^^^^^^^
  File "/home/airflow/.local/lib/python3.12/site-packages/airflow/operators/bash.py", line 243, in execute
    raise AirflowException(
airflow.exceptions.AirflowException: Bash command failed. The command returned a non-zero exit code 1.
[2025-10-29T03:33:10.448+0700] {taskinstance.py:1205} INFO - Marking task as UP_FOR_RETRY. dag_id=absa_streaming_lifecycle_demo1, task_id=deploy_consumer, execution_date=20251028T190000, start_date=20251028T203253, end_date=20251028T203310
[2025-10-29T03:33:10.471+0700] {standard_task_runner.py:110} ERROR - Failed to execute job 31 for task deploy_consumer (Bash command failed. The command returned a non-zero exit code 1.; 10506)
[2025-10-29T03:33:10.498+0700] {local_task_job_runner.py:240} INFO - Task exited with return code 1
[2025-10-29T03:33:10.510+0700] {taskinstance.py:3482} INFO - 0 downstream tasks scheduled from follow-on schedule check
[2025-10-29T03:33:10.528+0700] {local_task_job_runner.py:222} INFO - ::endgroup::
