[2025-10-29T03:18:07.152+0700] {local_task_job_runner.py:120} INFO - ::group::Pre task execution logs
[2025-10-29T03:18:07.163+0700] {taskinstance.py:2073} INFO - Dependencies all met for dep_context=non-requeueable deps ti=<TaskInstance: absa_streaming_lifecycle_demo1.deploy_consumer scheduled__2025-10-28T19:00:00+00:00 [queued]>
[2025-10-29T03:18:07.167+0700] {taskinstance.py:2073} INFO - Dependencies all met for dep_context=requeueable deps ti=<TaskInstance: absa_streaming_lifecycle_demo1.deploy_consumer scheduled__2025-10-28T19:00:00+00:00 [queued]>
[2025-10-29T03:18:07.167+0700] {taskinstance.py:2303} INFO - Starting attempt 6 of 10
[2025-10-29T03:18:07.173+0700] {taskinstance.py:2327} INFO - Executing <Task(BashOperator): deploy_consumer> on 2025-10-28 19:00:00+00:00
[2025-10-29T03:18:07.179+0700] {warnings.py:110} WARNING - /home/***/.local/lib/python3.12/site-packages/***/task/task_runner/standard_task_runner.py:61: DeprecationWarning: This process (pid=4728) is multi-threaded, use of fork() may lead to deadlocks in the child.
  pid = os.fork()

[2025-10-29T03:18:07.180+0700] {standard_task_runner.py:63} INFO - Started process 4730 to run task
[2025-10-29T03:18:07.180+0700] {standard_task_runner.py:90} INFO - Running: ['***', 'tasks', 'run', 'absa_streaming_lifecycle_demo1', 'deploy_consumer', 'scheduled__2025-10-28T19:00:00+00:00', '--job-id', '16', '--raw', '--subdir', 'DAGS_FOLDER/absa_streaming_lifecycle_dag1.py', '--cfg-path', '/tmp/tmpn3dm24dn']
[2025-10-29T03:18:07.182+0700] {standard_task_runner.py:91} INFO - Job 16: Subtask deploy_consumer
[2025-10-29T03:18:07.203+0700] {task_command.py:426} INFO - Running <TaskInstance: absa_streaming_lifecycle_demo1.deploy_consumer scheduled__2025-10-28T19:00:00+00:00 [running]> on host dfeadd712fc3
[2025-10-29T03:18:07.244+0700] {taskinstance.py:2644} INFO - Exporting env vars: AIRFLOW_CTX_DAG_OWNER='***' AIRFLOW_CTX_DAG_ID='absa_streaming_lifecycle_demo1' AIRFLOW_CTX_TASK_ID='deploy_consumer' AIRFLOW_CTX_EXECUTION_DATE='2025-10-28T19:00:00+00:00' AIRFLOW_CTX_TRY_NUMBER='6' AIRFLOW_CTX_DAG_RUN_ID='scheduled__2025-10-28T19:00:00+00:00'
[2025-10-29T03:18:07.245+0700] {taskinstance.py:430} INFO - ::endgroup::
[2025-10-29T03:18:07.245+0700] {subprocess.py:63} INFO - Tmp dir root location: /tmp
[2025-10-29T03:18:07.245+0700] {subprocess.py:75} INFO - Running command: ['/usr/bin/bash', '-c', 'bash -c "timeout 45m /opt/***/projects/absa_streaming/scripts/run_consumer.sh"']
[2025-10-29T03:18:07.256+0700] {subprocess.py:86} INFO - Output:
[2025-10-29T03:18:07.260+0700] {subprocess.py:93} INFO - [Consumer] Starting Spark Structured Streaming job...
[2025-10-29T03:18:07.289+0700] {subprocess.py:93} INFO - /home/***/.local/lib/python3.12/site-packages/pyspark/bin/load-spark-env.sh: line 68: ps: command not found
[2025-10-29T03:18:08.247+0700] {subprocess.py:93} INFO - :: loading settings :: url = jar:file:/home/***/.local/lib/python3.12/site-packages/pyspark/jars/ivy-2.5.1.jar!/org/apache/ivy/core/settings/ivysettings.xml
[2025-10-29T03:18:08.297+0700] {subprocess.py:93} INFO - Ivy Default Cache set to: /home/***/.ivy2/cache
[2025-10-29T03:18:08.297+0700] {subprocess.py:93} INFO - The jars for the packages stored in: /home/***/.ivy2/jars
[2025-10-29T03:18:08.301+0700] {subprocess.py:93} INFO - org.apache.spark#spark-sql-kafka-0-10_2.12 added as a dependency
[2025-10-29T03:18:08.301+0700] {subprocess.py:93} INFO - org.postgresql#postgresql added as a dependency
[2025-10-29T03:18:08.301+0700] {subprocess.py:93} INFO - :: resolving dependencies :: org.apache.spark#spark-submit-parent-c2872dba-0799-46f4-b89c-00fa5ee329e0;1.0
[2025-10-29T03:18:08.302+0700] {subprocess.py:93} INFO - 	confs: [default]
[2025-10-29T03:18:08.409+0700] {subprocess.py:93} INFO - 	found org.apache.spark#spark-sql-kafka-0-10_2.12;3.5.1 in central
[2025-10-29T03:18:08.448+0700] {subprocess.py:93} INFO - 	found org.apache.spark#spark-token-provider-kafka-0-10_2.12;3.5.1 in central
[2025-10-29T03:18:08.473+0700] {subprocess.py:93} INFO - 	found org.apache.kafka#kafka-clients;3.4.1 in central
[2025-10-29T03:18:08.502+0700] {subprocess.py:93} INFO - 	found org.lz4#lz4-java;1.8.0 in central
[2025-10-29T03:18:08.525+0700] {subprocess.py:93} INFO - 	found org.xerial.snappy#snappy-java;1.1.10.3 in central
[2025-10-29T03:18:08.542+0700] {subprocess.py:93} INFO - 	found org.slf4j#slf4j-api;2.0.7 in central
[2025-10-29T03:18:08.561+0700] {subprocess.py:93} INFO - 	found org.apache.hadoop#hadoop-client-runtime;3.3.4 in central
[2025-10-29T03:18:08.590+0700] {subprocess.py:93} INFO - 	found org.apache.hadoop#hadoop-client-api;3.3.4 in central
[2025-10-29T03:18:08.617+0700] {subprocess.py:93} INFO - 	found commons-logging#commons-logging;1.1.3 in central
[2025-10-29T03:18:08.639+0700] {subprocess.py:93} INFO - 	found com.google.code.findbugs#jsr305;3.0.0 in central
[2025-10-29T03:18:08.652+0700] {subprocess.py:93} INFO - 	found org.apache.commons#commons-pool2;2.11.1 in central
[2025-10-29T03:18:08.663+0700] {subprocess.py:93} INFO - 	found org.postgresql#postgresql;42.6.0 in central
[2025-10-29T03:18:08.673+0700] {subprocess.py:93} INFO - 	found org.checkerframework#checker-qual;3.31.0 in central
[2025-10-29T03:18:08.698+0700] {subprocess.py:93} INFO - :: resolution report :: resolve 383ms :: artifacts dl 13ms
[2025-10-29T03:18:08.698+0700] {subprocess.py:93} INFO - 	:: modules in use:
[2025-10-29T03:18:08.698+0700] {subprocess.py:93} INFO - 	com.google.code.findbugs#jsr305;3.0.0 from central in [default]
[2025-10-29T03:18:08.698+0700] {subprocess.py:93} INFO - 	commons-logging#commons-logging;1.1.3 from central in [default]
[2025-10-29T03:18:08.698+0700] {subprocess.py:93} INFO - 	org.apache.commons#commons-pool2;2.11.1 from central in [default]
[2025-10-29T03:18:08.698+0700] {subprocess.py:93} INFO - 	org.apache.hadoop#hadoop-client-api;3.3.4 from central in [default]
[2025-10-29T03:18:08.698+0700] {subprocess.py:93} INFO - 	org.apache.hadoop#hadoop-client-runtime;3.3.4 from central in [default]
[2025-10-29T03:18:08.699+0700] {subprocess.py:93} INFO - 	org.apache.kafka#kafka-clients;3.4.1 from central in [default]
[2025-10-29T03:18:08.699+0700] {subprocess.py:93} INFO - 	org.apache.spark#spark-sql-kafka-0-10_2.12;3.5.1 from central in [default]
[2025-10-29T03:18:08.699+0700] {subprocess.py:93} INFO - 	org.apache.spark#spark-token-provider-kafka-0-10_2.12;3.5.1 from central in [default]
[2025-10-29T03:18:08.699+0700] {subprocess.py:93} INFO - 	org.checkerframework#checker-qual;3.31.0 from central in [default]
[2025-10-29T03:18:08.699+0700] {subprocess.py:93} INFO - 	org.lz4#lz4-java;1.8.0 from central in [default]
[2025-10-29T03:18:08.699+0700] {subprocess.py:93} INFO - 	org.postgresql#postgresql;42.6.0 from central in [default]
[2025-10-29T03:18:08.699+0700] {subprocess.py:93} INFO - 	org.slf4j#slf4j-api;2.0.7 from central in [default]
[2025-10-29T03:18:08.699+0700] {subprocess.py:93} INFO - 	org.xerial.snappy#snappy-java;1.1.10.3 from central in [default]
[2025-10-29T03:18:08.700+0700] {subprocess.py:93} INFO - 	---------------------------------------------------------------------
[2025-10-29T03:18:08.700+0700] {subprocess.py:93} INFO - 	|                  |            modules            ||   artifacts   |
[2025-10-29T03:18:08.700+0700] {subprocess.py:93} INFO - 	|       conf       | number| search|dwnlded|evicted|| number|dwnlded|
[2025-10-29T03:18:08.700+0700] {subprocess.py:93} INFO - 	---------------------------------------------------------------------
[2025-10-29T03:18:08.700+0700] {subprocess.py:93} INFO - 	|      default     |   13  |   0   |   0   |   0   ||   13  |   0   |
[2025-10-29T03:18:08.700+0700] {subprocess.py:93} INFO - 	---------------------------------------------------------------------
[2025-10-29T03:18:08.704+0700] {subprocess.py:93} INFO - :: retrieving :: org.apache.spark#spark-submit-parent-c2872dba-0799-46f4-b89c-00fa5ee329e0
[2025-10-29T03:18:08.704+0700] {subprocess.py:93} INFO - 	confs: [default]
[2025-10-29T03:18:08.711+0700] {subprocess.py:93} INFO - 	0 artifacts copied, 13 already retrieved (0kB/7ms)
[2025-10-29T03:18:08.860+0700] {subprocess.py:93} INFO - 25/10/29 03:18:08 WARN NativeCodeLoader: Unable to load native-hadoop library for your platform... using builtin-java classes where applicable
[2025-10-29T03:18:12.268+0700] {subprocess.py:93} INFO - There was a problem when trying to write in your cache folder (/home/***/.cache/huggingface/hub). You should set the environment variable TRANSFORMERS_CACHE to a writable directory.
[2025-10-29T03:18:12.408+0700] {subprocess.py:93} INFO - 25/10/29 03:18:12 INFO SparkContext: Running Spark version 3.5.1
[2025-10-29T03:18:12.408+0700] {subprocess.py:93} INFO - 25/10/29 03:18:12 INFO SparkContext: OS info Linux, 6.14.0-33-generic, amd64
[2025-10-29T03:18:12.408+0700] {subprocess.py:93} INFO - 25/10/29 03:18:12 INFO SparkContext: Java version 17.0.17
[2025-10-29T03:18:12.421+0700] {subprocess.py:93} INFO - 25/10/29 03:18:12 INFO ResourceUtils: ==============================================================
[2025-10-29T03:18:12.422+0700] {subprocess.py:93} INFO - 25/10/29 03:18:12 INFO ResourceUtils: No custom resources configured for spark.driver.
[2025-10-29T03:18:12.422+0700] {subprocess.py:93} INFO - 25/10/29 03:18:12 INFO ResourceUtils: ==============================================================
[2025-10-29T03:18:12.422+0700] {subprocess.py:93} INFO - 25/10/29 03:18:12 INFO SparkContext: Submitted application: Kafka_ABSA_Postgres
[2025-10-29T03:18:12.434+0700] {subprocess.py:93} INFO - 25/10/29 03:18:12 INFO ResourceProfile: Default ResourceProfile created, executor resources: Map(cores -> name: cores, amount: 1, script: , vendor: , memory -> name: memory, amount: 1024, script: , vendor: , offHeap -> name: offHeap, amount: 0, script: , vendor: ), task resources: Map(cpus -> name: cpus, amount: 1.0)
[2025-10-29T03:18:12.439+0700] {subprocess.py:93} INFO - 25/10/29 03:18:12 INFO ResourceProfile: Limiting resource is cpu
[2025-10-29T03:18:12.439+0700] {subprocess.py:93} INFO - 25/10/29 03:18:12 INFO ResourceProfileManager: Added ResourceProfile id: 0
[2025-10-29T03:18:12.471+0700] {subprocess.py:93} INFO - 25/10/29 03:18:12 INFO SecurityManager: Changing view acls to: default
[2025-10-29T03:18:12.471+0700] {subprocess.py:93} INFO - 25/10/29 03:18:12 INFO SecurityManager: Changing modify acls to: default
[2025-10-29T03:18:12.472+0700] {subprocess.py:93} INFO - 25/10/29 03:18:12 INFO SecurityManager: Changing view acls groups to:
[2025-10-29T03:18:12.472+0700] {subprocess.py:93} INFO - 25/10/29 03:18:12 INFO SecurityManager: Changing modify acls groups to:
[2025-10-29T03:18:12.472+0700] {subprocess.py:93} INFO - 25/10/29 03:18:12 INFO SecurityManager: SecurityManager: authentication disabled; ui acls disabled; users with view permissions: default; groups with view permissions: EMPTY; users with modify permissions: default; groups with modify permissions: EMPTY
[2025-10-29T03:18:12.623+0700] {subprocess.py:93} INFO - 25/10/29 03:18:12 INFO Utils: Successfully started service 'sparkDriver' on port 33047.
[2025-10-29T03:18:12.646+0700] {subprocess.py:93} INFO - 25/10/29 03:18:12 INFO SparkEnv: Registering MapOutputTracker
[2025-10-29T03:18:12.670+0700] {subprocess.py:93} INFO - 25/10/29 03:18:12 INFO SparkEnv: Registering BlockManagerMaster
[2025-10-29T03:18:12.681+0700] {subprocess.py:93} INFO - 25/10/29 03:18:12 INFO BlockManagerMasterEndpoint: Using org.apache.spark.storage.DefaultTopologyMapper for getting topology information
[2025-10-29T03:18:12.681+0700] {subprocess.py:93} INFO - 25/10/29 03:18:12 INFO BlockManagerMasterEndpoint: BlockManagerMasterEndpoint up
[2025-10-29T03:18:12.683+0700] {subprocess.py:93} INFO - 25/10/29 03:18:12 INFO SparkEnv: Registering BlockManagerMasterHeartbeat
[2025-10-29T03:18:12.696+0700] {subprocess.py:93} INFO - 25/10/29 03:18:12 INFO DiskBlockManager: Created local directory at /tmp/blockmgr-58dc3327-a79a-40de-9ffa-8095d9d3b7ae
[2025-10-29T03:18:12.705+0700] {subprocess.py:93} INFO - 25/10/29 03:18:12 INFO MemoryStore: MemoryStore started with capacity 434.4 MiB
[2025-10-29T03:18:12.716+0700] {subprocess.py:93} INFO - 25/10/29 03:18:12 INFO SparkEnv: Registering OutputCommitCoordinator
[2025-10-29T03:18:12.799+0700] {subprocess.py:93} INFO - 25/10/29 03:18:12 INFO JettyUtils: Start Jetty 0.0.0.0:4040 for SparkUI
[2025-10-29T03:18:12.829+0700] {subprocess.py:93} INFO - 25/10/29 03:18:12 INFO Utils: Successfully started service 'SparkUI' on port 4040.
[2025-10-29T03:18:12.853+0700] {subprocess.py:93} INFO - 25/10/29 03:18:12 INFO SparkContext: Added JAR file:///home/***/.ivy2/jars/org.apache.spark_spark-sql-kafka-0-10_2.12-3.5.1.jar at spark://dfeadd712fc3:33047/jars/org.apache.spark_spark-sql-kafka-0-10_2.12-3.5.1.jar with timestamp 1761682692403
[2025-10-29T03:18:12.853+0700] {subprocess.py:93} INFO - 25/10/29 03:18:12 INFO SparkContext: Added JAR file:///home/***/.ivy2/jars/org.postgresql_postgresql-42.6.0.jar at spark://dfeadd712fc3:33047/jars/org.postgresql_postgresql-42.6.0.jar with timestamp 1761682692403
[2025-10-29T03:18:12.853+0700] {subprocess.py:93} INFO - 25/10/29 03:18:12 INFO SparkContext: Added JAR file:///home/***/.ivy2/jars/org.apache.spark_spark-token-provider-kafka-0-10_2.12-3.5.1.jar at spark://dfeadd712fc3:33047/jars/org.apache.spark_spark-token-provider-kafka-0-10_2.12-3.5.1.jar with timestamp 1761682692403
[2025-10-29T03:18:12.854+0700] {subprocess.py:93} INFO - 25/10/29 03:18:12 INFO SparkContext: Added JAR file:///home/***/.ivy2/jars/org.apache.kafka_kafka-clients-3.4.1.jar at spark://dfeadd712fc3:33047/jars/org.apache.kafka_kafka-clients-3.4.1.jar with timestamp 1761682692403
[2025-10-29T03:18:12.854+0700] {subprocess.py:93} INFO - 25/10/29 03:18:12 INFO SparkContext: Added JAR file:///home/***/.ivy2/jars/com.google.code.findbugs_jsr305-3.0.0.jar at spark://dfeadd712fc3:33047/jars/com.google.code.findbugs_jsr305-3.0.0.jar with timestamp 1761682692403
[2025-10-29T03:18:12.854+0700] {subprocess.py:93} INFO - 25/10/29 03:18:12 INFO SparkContext: Added JAR file:///home/***/.ivy2/jars/org.apache.commons_commons-pool2-2.11.1.jar at spark://dfeadd712fc3:33047/jars/org.apache.commons_commons-pool2-2.11.1.jar with timestamp 1761682692403
[2025-10-29T03:18:12.854+0700] {subprocess.py:93} INFO - 25/10/29 03:18:12 INFO SparkContext: Added JAR file:///home/***/.ivy2/jars/org.apache.hadoop_hadoop-client-runtime-3.3.4.jar at spark://dfeadd712fc3:33047/jars/org.apache.hadoop_hadoop-client-runtime-3.3.4.jar with timestamp 1761682692403
[2025-10-29T03:18:12.854+0700] {subprocess.py:93} INFO - 25/10/29 03:18:12 INFO SparkContext: Added JAR file:///home/***/.ivy2/jars/org.lz4_lz4-java-1.8.0.jar at spark://dfeadd712fc3:33047/jars/org.lz4_lz4-java-1.8.0.jar with timestamp 1761682692403
[2025-10-29T03:18:12.854+0700] {subprocess.py:93} INFO - 25/10/29 03:18:12 INFO SparkContext: Added JAR file:///home/***/.ivy2/jars/org.xerial.snappy_snappy-java-1.1.10.3.jar at spark://dfeadd712fc3:33047/jars/org.xerial.snappy_snappy-java-1.1.10.3.jar with timestamp 1761682692403
[2025-10-29T03:18:12.854+0700] {subprocess.py:93} INFO - 25/10/29 03:18:12 INFO SparkContext: Added JAR file:///home/***/.ivy2/jars/org.slf4j_slf4j-api-2.0.7.jar at spark://dfeadd712fc3:33047/jars/org.slf4j_slf4j-api-2.0.7.jar with timestamp 1761682692403
[2025-10-29T03:18:12.855+0700] {subprocess.py:93} INFO - 25/10/29 03:18:12 INFO SparkContext: Added JAR file:///home/***/.ivy2/jars/org.apache.hadoop_hadoop-client-api-3.3.4.jar at spark://dfeadd712fc3:33047/jars/org.apache.hadoop_hadoop-client-api-3.3.4.jar with timestamp 1761682692403
[2025-10-29T03:18:12.855+0700] {subprocess.py:93} INFO - 25/10/29 03:18:12 INFO SparkContext: Added JAR file:///home/***/.ivy2/jars/commons-logging_commons-logging-1.1.3.jar at spark://dfeadd712fc3:33047/jars/commons-logging_commons-logging-1.1.3.jar with timestamp 1761682692403
[2025-10-29T03:18:12.855+0700] {subprocess.py:93} INFO - 25/10/29 03:18:12 INFO SparkContext: Added JAR file:///home/***/.ivy2/jars/org.checkerframework_checker-qual-3.31.0.jar at spark://dfeadd712fc3:33047/jars/org.checkerframework_checker-qual-3.31.0.jar with timestamp 1761682692403
[2025-10-29T03:18:12.856+0700] {subprocess.py:93} INFO - 25/10/29 03:18:12 INFO SparkContext: Added file file:///home/***/.ivy2/jars/org.apache.spark_spark-sql-kafka-0-10_2.12-3.5.1.jar at file:///home/***/.ivy2/jars/org.apache.spark_spark-sql-kafka-0-10_2.12-3.5.1.jar with timestamp 1761682692403
[2025-10-29T03:18:12.857+0700] {subprocess.py:93} INFO - 25/10/29 03:18:12 INFO Utils: Copying /home/***/.ivy2/jars/org.apache.spark_spark-sql-kafka-0-10_2.12-3.5.1.jar to /tmp/spark-82a45445-82cc-4601-8d00-5aa176a2983a/userFiles-9e7c1caa-8373-47c4-8e94-34918600989e/org.apache.spark_spark-sql-kafka-0-10_2.12-3.5.1.jar
[2025-10-29T03:18:12.865+0700] {subprocess.py:93} INFO - 25/10/29 03:18:12 INFO SparkContext: Added file file:///home/***/.ivy2/jars/org.postgresql_postgresql-42.6.0.jar at file:///home/***/.ivy2/jars/org.postgresql_postgresql-42.6.0.jar with timestamp 1761682692403
[2025-10-29T03:18:12.865+0700] {subprocess.py:93} INFO - 25/10/29 03:18:12 INFO Utils: Copying /home/***/.ivy2/jars/org.postgresql_postgresql-42.6.0.jar to /tmp/spark-82a45445-82cc-4601-8d00-5aa176a2983a/userFiles-9e7c1caa-8373-47c4-8e94-34918600989e/org.postgresql_postgresql-42.6.0.jar
[2025-10-29T03:18:12.868+0700] {subprocess.py:93} INFO - 25/10/29 03:18:12 INFO SparkContext: Added file file:///home/***/.ivy2/jars/org.apache.spark_spark-token-provider-kafka-0-10_2.12-3.5.1.jar at file:///home/***/.ivy2/jars/org.apache.spark_spark-token-provider-kafka-0-10_2.12-3.5.1.jar with timestamp 1761682692403
[2025-10-29T03:18:12.869+0700] {subprocess.py:93} INFO - 25/10/29 03:18:12 INFO Utils: Copying /home/***/.ivy2/jars/org.apache.spark_spark-token-provider-kafka-0-10_2.12-3.5.1.jar to /tmp/spark-82a45445-82cc-4601-8d00-5aa176a2983a/userFiles-9e7c1caa-8373-47c4-8e94-34918600989e/org.apache.spark_spark-token-provider-kafka-0-10_2.12-3.5.1.jar
[2025-10-29T03:18:12.872+0700] {subprocess.py:93} INFO - 25/10/29 03:18:12 INFO SparkContext: Added file file:///home/***/.ivy2/jars/org.apache.kafka_kafka-clients-3.4.1.jar at file:///home/***/.ivy2/jars/org.apache.kafka_kafka-clients-3.4.1.jar with timestamp 1761682692403
[2025-10-29T03:18:12.872+0700] {subprocess.py:93} INFO - 25/10/29 03:18:12 INFO Utils: Copying /home/***/.ivy2/jars/org.apache.kafka_kafka-clients-3.4.1.jar to /tmp/spark-82a45445-82cc-4601-8d00-5aa176a2983a/userFiles-9e7c1caa-8373-47c4-8e94-34918600989e/org.apache.kafka_kafka-clients-3.4.1.jar
[2025-10-29T03:18:12.877+0700] {subprocess.py:93} INFO - 25/10/29 03:18:12 INFO SparkContext: Added file file:///home/***/.ivy2/jars/com.google.code.findbugs_jsr305-3.0.0.jar at file:///home/***/.ivy2/jars/com.google.code.findbugs_jsr305-3.0.0.jar with timestamp 1761682692403
[2025-10-29T03:18:12.878+0700] {subprocess.py:93} INFO - 25/10/29 03:18:12 INFO Utils: Copying /home/***/.ivy2/jars/com.google.code.findbugs_jsr305-3.0.0.jar to /tmp/spark-82a45445-82cc-4601-8d00-5aa176a2983a/userFiles-9e7c1caa-8373-47c4-8e94-34918600989e/com.google.code.findbugs_jsr305-3.0.0.jar
[2025-10-29T03:18:12.881+0700] {subprocess.py:93} INFO - 25/10/29 03:18:12 INFO SparkContext: Added file file:///home/***/.ivy2/jars/org.apache.commons_commons-pool2-2.11.1.jar at file:///home/***/.ivy2/jars/org.apache.commons_commons-pool2-2.11.1.jar with timestamp 1761682692403
[2025-10-29T03:18:12.881+0700] {subprocess.py:93} INFO - 25/10/29 03:18:12 INFO Utils: Copying /home/***/.ivy2/jars/org.apache.commons_commons-pool2-2.11.1.jar to /tmp/spark-82a45445-82cc-4601-8d00-5aa176a2983a/userFiles-9e7c1caa-8373-47c4-8e94-34918600989e/org.apache.commons_commons-pool2-2.11.1.jar
[2025-10-29T03:18:12.884+0700] {subprocess.py:93} INFO - 25/10/29 03:18:12 INFO SparkContext: Added file file:///home/***/.ivy2/jars/org.apache.hadoop_hadoop-client-runtime-3.3.4.jar at file:///home/***/.ivy2/jars/org.apache.hadoop_hadoop-client-runtime-3.3.4.jar with timestamp 1761682692403
[2025-10-29T03:18:12.885+0700] {subprocess.py:93} INFO - 25/10/29 03:18:12 INFO Utils: Copying /home/***/.ivy2/jars/org.apache.hadoop_hadoop-client-runtime-3.3.4.jar to /tmp/spark-82a45445-82cc-4601-8d00-5aa176a2983a/userFiles-9e7c1caa-8373-47c4-8e94-34918600989e/org.apache.hadoop_hadoop-client-runtime-3.3.4.jar
[2025-10-29T03:18:12.901+0700] {subprocess.py:93} INFO - 25/10/29 03:18:12 INFO SparkContext: Added file file:///home/***/.ivy2/jars/org.lz4_lz4-java-1.8.0.jar at file:///home/***/.ivy2/jars/org.lz4_lz4-java-1.8.0.jar with timestamp 1761682692403
[2025-10-29T03:18:12.902+0700] {subprocess.py:93} INFO - 25/10/29 03:18:12 INFO Utils: Copying /home/***/.ivy2/jars/org.lz4_lz4-java-1.8.0.jar to /tmp/spark-82a45445-82cc-4601-8d00-5aa176a2983a/userFiles-9e7c1caa-8373-47c4-8e94-34918600989e/org.lz4_lz4-java-1.8.0.jar
[2025-10-29T03:18:12.905+0700] {subprocess.py:93} INFO - 25/10/29 03:18:12 INFO SparkContext: Added file file:///home/***/.ivy2/jars/org.xerial.snappy_snappy-java-1.1.10.3.jar at file:///home/***/.ivy2/jars/org.xerial.snappy_snappy-java-1.1.10.3.jar with timestamp 1761682692403
[2025-10-29T03:18:12.905+0700] {subprocess.py:93} INFO - 25/10/29 03:18:12 INFO Utils: Copying /home/***/.ivy2/jars/org.xerial.snappy_snappy-java-1.1.10.3.jar to /tmp/spark-82a45445-82cc-4601-8d00-5aa176a2983a/userFiles-9e7c1caa-8373-47c4-8e94-34918600989e/org.xerial.snappy_snappy-java-1.1.10.3.jar
[2025-10-29T03:18:12.910+0700] {subprocess.py:93} INFO - 25/10/29 03:18:12 INFO SparkContext: Added file file:///home/***/.ivy2/jars/org.slf4j_slf4j-api-2.0.7.jar at file:///home/***/.ivy2/jars/org.slf4j_slf4j-api-2.0.7.jar with timestamp 1761682692403
[2025-10-29T03:18:12.911+0700] {subprocess.py:93} INFO - 25/10/29 03:18:12 INFO Utils: Copying /home/***/.ivy2/jars/org.slf4j_slf4j-api-2.0.7.jar to /tmp/spark-82a45445-82cc-4601-8d00-5aa176a2983a/userFiles-9e7c1caa-8373-47c4-8e94-34918600989e/org.slf4j_slf4j-api-2.0.7.jar
[2025-10-29T03:18:12.913+0700] {subprocess.py:93} INFO - 25/10/29 03:18:12 INFO SparkContext: Added file file:///home/***/.ivy2/jars/org.apache.hadoop_hadoop-client-api-3.3.4.jar at file:///home/***/.ivy2/jars/org.apache.hadoop_hadoop-client-api-3.3.4.jar with timestamp 1761682692403
[2025-10-29T03:18:12.913+0700] {subprocess.py:93} INFO - 25/10/29 03:18:12 INFO Utils: Copying /home/***/.ivy2/jars/org.apache.hadoop_hadoop-client-api-3.3.4.jar to /tmp/spark-82a45445-82cc-4601-8d00-5aa176a2983a/userFiles-9e7c1caa-8373-47c4-8e94-34918600989e/org.apache.hadoop_hadoop-client-api-3.3.4.jar
[2025-10-29T03:18:12.927+0700] {subprocess.py:93} INFO - 25/10/29 03:18:12 INFO SparkContext: Added file file:///home/***/.ivy2/jars/commons-logging_commons-logging-1.1.3.jar at file:///home/***/.ivy2/jars/commons-logging_commons-logging-1.1.3.jar with timestamp 1761682692403
[2025-10-29T03:18:12.927+0700] {subprocess.py:93} INFO - 25/10/29 03:18:12 INFO Utils: Copying /home/***/.ivy2/jars/commons-logging_commons-logging-1.1.3.jar to /tmp/spark-82a45445-82cc-4601-8d00-5aa176a2983a/userFiles-9e7c1caa-8373-47c4-8e94-34918600989e/commons-logging_commons-logging-1.1.3.jar
[2025-10-29T03:18:12.931+0700] {subprocess.py:93} INFO - 25/10/29 03:18:12 INFO SparkContext: Added file file:///home/***/.ivy2/jars/org.checkerframework_checker-qual-3.31.0.jar at file:///home/***/.ivy2/jars/org.checkerframework_checker-qual-3.31.0.jar with timestamp 1761682692403
[2025-10-29T03:18:12.931+0700] {subprocess.py:93} INFO - 25/10/29 03:18:12 INFO Utils: Copying /home/***/.ivy2/jars/org.checkerframework_checker-qual-3.31.0.jar to /tmp/spark-82a45445-82cc-4601-8d00-5aa176a2983a/userFiles-9e7c1caa-8373-47c4-8e94-34918600989e/org.checkerframework_checker-qual-3.31.0.jar
[2025-10-29T03:18:12.975+0700] {subprocess.py:93} INFO - 25/10/29 03:18:12 INFO Executor: Starting executor ID driver on host dfeadd712fc3
[2025-10-29T03:18:12.976+0700] {subprocess.py:93} INFO - 25/10/29 03:18:12 INFO Executor: OS info Linux, 6.14.0-33-generic, amd64
[2025-10-29T03:18:12.976+0700] {subprocess.py:93} INFO - 25/10/29 03:18:12 INFO Executor: Java version 17.0.17
[2025-10-29T03:18:12.980+0700] {subprocess.py:93} INFO - 25/10/29 03:18:12 INFO Executor: Starting executor with user classpath (userClassPathFirst = false): ''
[2025-10-29T03:18:12.981+0700] {subprocess.py:93} INFO - 25/10/29 03:18:12 INFO Executor: Created or updated repl class loader org.apache.spark.util.MutableURLClassLoader@162c229b for default.
[2025-10-29T03:18:12.991+0700] {subprocess.py:93} INFO - 25/10/29 03:18:12 INFO Executor: Fetching file:///home/***/.ivy2/jars/org.apache.spark_spark-sql-kafka-0-10_2.12-3.5.1.jar with timestamp 1761682692403
[2025-10-29T03:18:13.012+0700] {subprocess.py:93} INFO - 25/10/29 03:18:13 INFO Utils: /home/***/.ivy2/jars/org.apache.spark_spark-sql-kafka-0-10_2.12-3.5.1.jar has been previously copied to /tmp/spark-82a45445-82cc-4601-8d00-5aa176a2983a/userFiles-9e7c1caa-8373-47c4-8e94-34918600989e/org.apache.spark_spark-sql-kafka-0-10_2.12-3.5.1.jar
[2025-10-29T03:18:13.016+0700] {subprocess.py:93} INFO - 25/10/29 03:18:13 INFO Executor: Fetching file:///home/***/.ivy2/jars/org.apache.hadoop_hadoop-client-runtime-3.3.4.jar with timestamp 1761682692403
[2025-10-29T03:18:13.035+0700] {subprocess.py:93} INFO - 25/10/29 03:18:13 INFO Utils: /home/***/.ivy2/jars/org.apache.hadoop_hadoop-client-runtime-3.3.4.jar has been previously copied to /tmp/spark-82a45445-82cc-4601-8d00-5aa176a2983a/userFiles-9e7c1caa-8373-47c4-8e94-34918600989e/org.apache.hadoop_hadoop-client-runtime-3.3.4.jar
[2025-10-29T03:18:13.038+0700] {subprocess.py:93} INFO - 25/10/29 03:18:13 INFO Executor: Fetching file:///home/***/.ivy2/jars/org.apache.hadoop_hadoop-client-api-3.3.4.jar with timestamp 1761682692403
[2025-10-29T03:18:13.050+0700] {subprocess.py:93} INFO - 25/10/29 03:18:13 INFO Utils: /home/***/.ivy2/jars/org.apache.hadoop_hadoop-client-api-3.3.4.jar has been previously copied to /tmp/spark-82a45445-82cc-4601-8d00-5aa176a2983a/userFiles-9e7c1caa-8373-47c4-8e94-34918600989e/org.apache.hadoop_hadoop-client-api-3.3.4.jar
[2025-10-29T03:18:13.052+0700] {subprocess.py:93} INFO - 25/10/29 03:18:13 INFO Executor: Fetching file:///home/***/.ivy2/jars/org.apache.spark_spark-token-provider-kafka-0-10_2.12-3.5.1.jar with timestamp 1761682692403
[2025-10-29T03:18:13.052+0700] {subprocess.py:93} INFO - 25/10/29 03:18:13 INFO Utils: /home/***/.ivy2/jars/org.apache.spark_spark-token-provider-kafka-0-10_2.12-3.5.1.jar has been previously copied to /tmp/spark-82a45445-82cc-4601-8d00-5aa176a2983a/userFiles-9e7c1caa-8373-47c4-8e94-34918600989e/org.apache.spark_spark-token-provider-kafka-0-10_2.12-3.5.1.jar
[2025-10-29T03:18:13.055+0700] {subprocess.py:93} INFO - 25/10/29 03:18:13 INFO Executor: Fetching file:///home/***/.ivy2/jars/com.google.code.findbugs_jsr305-3.0.0.jar with timestamp 1761682692403
[2025-10-29T03:18:13.055+0700] {subprocess.py:93} INFO - 25/10/29 03:18:13 INFO Utils: /home/***/.ivy2/jars/com.google.code.findbugs_jsr305-3.0.0.jar has been previously copied to /tmp/spark-82a45445-82cc-4601-8d00-5aa176a2983a/userFiles-9e7c1caa-8373-47c4-8e94-34918600989e/com.google.code.findbugs_jsr305-3.0.0.jar
[2025-10-29T03:18:13.058+0700] {subprocess.py:93} INFO - 25/10/29 03:18:13 INFO Executor: Fetching file:///home/***/.ivy2/jars/org.lz4_lz4-java-1.8.0.jar with timestamp 1761682692403
[2025-10-29T03:18:13.059+0700] {subprocess.py:93} INFO - 25/10/29 03:18:13 INFO Utils: /home/***/.ivy2/jars/org.lz4_lz4-java-1.8.0.jar has been previously copied to /tmp/spark-82a45445-82cc-4601-8d00-5aa176a2983a/userFiles-9e7c1caa-8373-47c4-8e94-34918600989e/org.lz4_lz4-java-1.8.0.jar
[2025-10-29T03:18:13.061+0700] {subprocess.py:93} INFO - 25/10/29 03:18:13 INFO Executor: Fetching file:///home/***/.ivy2/jars/org.slf4j_slf4j-api-2.0.7.jar with timestamp 1761682692403
[2025-10-29T03:18:13.062+0700] {subprocess.py:93} INFO - 25/10/29 03:18:13 INFO Utils: /home/***/.ivy2/jars/org.slf4j_slf4j-api-2.0.7.jar has been previously copied to /tmp/spark-82a45445-82cc-4601-8d00-5aa176a2983a/userFiles-9e7c1caa-8373-47c4-8e94-34918600989e/org.slf4j_slf4j-api-2.0.7.jar
[2025-10-29T03:18:13.064+0700] {subprocess.py:93} INFO - 25/10/29 03:18:13 INFO Executor: Fetching file:///home/***/.ivy2/jars/org.checkerframework_checker-qual-3.31.0.jar with timestamp 1761682692403
[2025-10-29T03:18:13.065+0700] {subprocess.py:93} INFO - 25/10/29 03:18:13 INFO Utils: /home/***/.ivy2/jars/org.checkerframework_checker-qual-3.31.0.jar has been previously copied to /tmp/spark-82a45445-82cc-4601-8d00-5aa176a2983a/userFiles-9e7c1caa-8373-47c4-8e94-34918600989e/org.checkerframework_checker-qual-3.31.0.jar
[2025-10-29T03:18:13.068+0700] {subprocess.py:93} INFO - 25/10/29 03:18:13 INFO Executor: Fetching file:///home/***/.ivy2/jars/org.apache.commons_commons-pool2-2.11.1.jar with timestamp 1761682692403
[2025-10-29T03:18:13.068+0700] {subprocess.py:93} INFO - 25/10/29 03:18:13 INFO Utils: /home/***/.ivy2/jars/org.apache.commons_commons-pool2-2.11.1.jar has been previously copied to /tmp/spark-82a45445-82cc-4601-8d00-5aa176a2983a/userFiles-9e7c1caa-8373-47c4-8e94-34918600989e/org.apache.commons_commons-pool2-2.11.1.jar
[2025-10-29T03:18:13.071+0700] {subprocess.py:93} INFO - 25/10/29 03:18:13 INFO Executor: Fetching file:///home/***/.ivy2/jars/commons-logging_commons-logging-1.1.3.jar with timestamp 1761682692403
[2025-10-29T03:18:13.071+0700] {subprocess.py:93} INFO - 25/10/29 03:18:13 INFO Utils: /home/***/.ivy2/jars/commons-logging_commons-logging-1.1.3.jar has been previously copied to /tmp/spark-82a45445-82cc-4601-8d00-5aa176a2983a/userFiles-9e7c1caa-8373-47c4-8e94-34918600989e/commons-logging_commons-logging-1.1.3.jar
[2025-10-29T03:18:13.073+0700] {subprocess.py:93} INFO - 25/10/29 03:18:13 INFO Executor: Fetching file:///home/***/.ivy2/jars/org.xerial.snappy_snappy-java-1.1.10.3.jar with timestamp 1761682692403
[2025-10-29T03:18:13.074+0700] {subprocess.py:93} INFO - 25/10/29 03:18:13 INFO Utils: /home/***/.ivy2/jars/org.xerial.snappy_snappy-java-1.1.10.3.jar has been previously copied to /tmp/spark-82a45445-82cc-4601-8d00-5aa176a2983a/userFiles-9e7c1caa-8373-47c4-8e94-34918600989e/org.xerial.snappy_snappy-java-1.1.10.3.jar
[2025-10-29T03:18:13.076+0700] {subprocess.py:93} INFO - 25/10/29 03:18:13 INFO Executor: Fetching file:///home/***/.ivy2/jars/org.postgresql_postgresql-42.6.0.jar with timestamp 1761682692403
[2025-10-29T03:18:13.077+0700] {subprocess.py:93} INFO - 25/10/29 03:18:13 INFO Utils: /home/***/.ivy2/jars/org.postgresql_postgresql-42.6.0.jar has been previously copied to /tmp/spark-82a45445-82cc-4601-8d00-5aa176a2983a/userFiles-9e7c1caa-8373-47c4-8e94-34918600989e/org.postgresql_postgresql-42.6.0.jar
[2025-10-29T03:18:13.079+0700] {subprocess.py:93} INFO - 25/10/29 03:18:13 INFO Executor: Fetching file:///home/***/.ivy2/jars/org.apache.kafka_kafka-clients-3.4.1.jar with timestamp 1761682692403
[2025-10-29T03:18:13.082+0700] {subprocess.py:93} INFO - 25/10/29 03:18:13 INFO Utils: /home/***/.ivy2/jars/org.apache.kafka_kafka-clients-3.4.1.jar has been previously copied to /tmp/spark-82a45445-82cc-4601-8d00-5aa176a2983a/userFiles-9e7c1caa-8373-47c4-8e94-34918600989e/org.apache.kafka_kafka-clients-3.4.1.jar
[2025-10-29T03:18:13.086+0700] {subprocess.py:93} INFO - 25/10/29 03:18:13 INFO Executor: Fetching spark://dfeadd712fc3:33047/jars/org.apache.hadoop_hadoop-client-api-3.3.4.jar with timestamp 1761682692403
[2025-10-29T03:18:13.106+0700] {subprocess.py:93} INFO - 25/10/29 03:18:13 INFO TransportClientFactory: Successfully created connection to dfeadd712fc3/172.18.0.6:33047 after 13 ms (0 ms spent in bootstraps)
[2025-10-29T03:18:13.109+0700] {subprocess.py:93} INFO - 25/10/29 03:18:13 INFO Utils: Fetching spark://dfeadd712fc3:33047/jars/org.apache.hadoop_hadoop-client-api-3.3.4.jar to /tmp/spark-82a45445-82cc-4601-8d00-5aa176a2983a/userFiles-9e7c1caa-8373-47c4-8e94-34918600989e/fetchFileTemp3810757898353181823.tmp
[2025-10-29T03:18:13.188+0700] {subprocess.py:93} INFO - 25/10/29 03:18:13 INFO Utils: /tmp/spark-82a45445-82cc-4601-8d00-5aa176a2983a/userFiles-9e7c1caa-8373-47c4-8e94-34918600989e/fetchFileTemp3810757898353181823.tmp has been previously copied to /tmp/spark-82a45445-82cc-4601-8d00-5aa176a2983a/userFiles-9e7c1caa-8373-47c4-8e94-34918600989e/org.apache.hadoop_hadoop-client-api-3.3.4.jar
[2025-10-29T03:18:13.194+0700] {subprocess.py:93} INFO - 25/10/29 03:18:13 INFO Executor: Adding file:/tmp/spark-82a45445-82cc-4601-8d00-5aa176a2983a/userFiles-9e7c1caa-8373-47c4-8e94-34918600989e/org.apache.hadoop_hadoop-client-api-3.3.4.jar to class loader default
[2025-10-29T03:18:13.195+0700] {subprocess.py:93} INFO - 25/10/29 03:18:13 INFO Executor: Fetching spark://dfeadd712fc3:33047/jars/org.apache.spark_spark-sql-kafka-0-10_2.12-3.5.1.jar with timestamp 1761682692403
[2025-10-29T03:18:13.195+0700] {subprocess.py:93} INFO - 25/10/29 03:18:13 INFO Utils: Fetching spark://dfeadd712fc3:33047/jars/org.apache.spark_spark-sql-kafka-0-10_2.12-3.5.1.jar to /tmp/spark-82a45445-82cc-4601-8d00-5aa176a2983a/userFiles-9e7c1caa-8373-47c4-8e94-34918600989e/fetchFileTemp17168871470365996261.tmp
[2025-10-29T03:18:13.197+0700] {subprocess.py:93} INFO - 25/10/29 03:18:13 INFO Utils: /tmp/spark-82a45445-82cc-4601-8d00-5aa176a2983a/userFiles-9e7c1caa-8373-47c4-8e94-34918600989e/fetchFileTemp17168871470365996261.tmp has been previously copied to /tmp/spark-82a45445-82cc-4601-8d00-5aa176a2983a/userFiles-9e7c1caa-8373-47c4-8e94-34918600989e/org.apache.spark_spark-sql-kafka-0-10_2.12-3.5.1.jar
[2025-10-29T03:18:13.201+0700] {subprocess.py:93} INFO - 25/10/29 03:18:13 INFO Executor: Adding file:/tmp/spark-82a45445-82cc-4601-8d00-5aa176a2983a/userFiles-9e7c1caa-8373-47c4-8e94-34918600989e/org.apache.spark_spark-sql-kafka-0-10_2.12-3.5.1.jar to class loader default
[2025-10-29T03:18:13.201+0700] {subprocess.py:93} INFO - 25/10/29 03:18:13 INFO Executor: Fetching spark://dfeadd712fc3:33047/jars/org.xerial.snappy_snappy-java-1.1.10.3.jar with timestamp 1761682692403
[2025-10-29T03:18:13.201+0700] {subprocess.py:93} INFO - 25/10/29 03:18:13 INFO Utils: Fetching spark://dfeadd712fc3:33047/jars/org.xerial.snappy_snappy-java-1.1.10.3.jar to /tmp/spark-82a45445-82cc-4601-8d00-5aa176a2983a/userFiles-9e7c1caa-8373-47c4-8e94-34918600989e/fetchFileTemp15741134708355064250.tmp
[2025-10-29T03:18:13.206+0700] {subprocess.py:93} INFO - 25/10/29 03:18:13 INFO Utils: /tmp/spark-82a45445-82cc-4601-8d00-5aa176a2983a/userFiles-9e7c1caa-8373-47c4-8e94-34918600989e/fetchFileTemp15741134708355064250.tmp has been previously copied to /tmp/spark-82a45445-82cc-4601-8d00-5aa176a2983a/userFiles-9e7c1caa-8373-47c4-8e94-34918600989e/org.xerial.snappy_snappy-java-1.1.10.3.jar
[2025-10-29T03:18:13.213+0700] {subprocess.py:93} INFO - 25/10/29 03:18:13 INFO Executor: Adding file:/tmp/spark-82a45445-82cc-4601-8d00-5aa176a2983a/userFiles-9e7c1caa-8373-47c4-8e94-34918600989e/org.xerial.snappy_snappy-java-1.1.10.3.jar to class loader default
[2025-10-29T03:18:13.213+0700] {subprocess.py:93} INFO - 25/10/29 03:18:13 INFO Executor: Fetching spark://dfeadd712fc3:33047/jars/com.google.code.findbugs_jsr305-3.0.0.jar with timestamp 1761682692403
[2025-10-29T03:18:13.213+0700] {subprocess.py:93} INFO - 25/10/29 03:18:13 INFO Utils: Fetching spark://dfeadd712fc3:33047/jars/com.google.code.findbugs_jsr305-3.0.0.jar to /tmp/spark-82a45445-82cc-4601-8d00-5aa176a2983a/userFiles-9e7c1caa-8373-47c4-8e94-34918600989e/fetchFileTemp15364607788061515828.tmp
[2025-10-29T03:18:13.214+0700] {subprocess.py:93} INFO - 25/10/29 03:18:13 INFO Utils: /tmp/spark-82a45445-82cc-4601-8d00-5aa176a2983a/userFiles-9e7c1caa-8373-47c4-8e94-34918600989e/fetchFileTemp15364607788061515828.tmp has been previously copied to /tmp/spark-82a45445-82cc-4601-8d00-5aa176a2983a/userFiles-9e7c1caa-8373-47c4-8e94-34918600989e/com.google.code.findbugs_jsr305-3.0.0.jar
[2025-10-29T03:18:13.218+0700] {subprocess.py:93} INFO - 25/10/29 03:18:13 INFO Executor: Adding file:/tmp/spark-82a45445-82cc-4601-8d00-5aa176a2983a/userFiles-9e7c1caa-8373-47c4-8e94-34918600989e/com.google.code.findbugs_jsr305-3.0.0.jar to class loader default
[2025-10-29T03:18:13.218+0700] {subprocess.py:93} INFO - 25/10/29 03:18:13 INFO Executor: Fetching spark://dfeadd712fc3:33047/jars/org.lz4_lz4-java-1.8.0.jar with timestamp 1761682692403
[2025-10-29T03:18:13.218+0700] {subprocess.py:93} INFO - 25/10/29 03:18:13 INFO Utils: Fetching spark://dfeadd712fc3:33047/jars/org.lz4_lz4-java-1.8.0.jar to /tmp/spark-82a45445-82cc-4601-8d00-5aa176a2983a/userFiles-9e7c1caa-8373-47c4-8e94-34918600989e/fetchFileTemp9318979812649537.tmp
[2025-10-29T03:18:13.221+0700] {subprocess.py:93} INFO - 25/10/29 03:18:13 INFO Utils: /tmp/spark-82a45445-82cc-4601-8d00-5aa176a2983a/userFiles-9e7c1caa-8373-47c4-8e94-34918600989e/fetchFileTemp9318979812649537.tmp has been previously copied to /tmp/spark-82a45445-82cc-4601-8d00-5aa176a2983a/userFiles-9e7c1caa-8373-47c4-8e94-34918600989e/org.lz4_lz4-java-1.8.0.jar
[2025-10-29T03:18:13.224+0700] {subprocess.py:93} INFO - 25/10/29 03:18:13 INFO Executor: Adding file:/tmp/spark-82a45445-82cc-4601-8d00-5aa176a2983a/userFiles-9e7c1caa-8373-47c4-8e94-34918600989e/org.lz4_lz4-java-1.8.0.jar to class loader default
[2025-10-29T03:18:13.225+0700] {subprocess.py:93} INFO - 25/10/29 03:18:13 INFO Executor: Fetching spark://dfeadd712fc3:33047/jars/org.slf4j_slf4j-api-2.0.7.jar with timestamp 1761682692403
[2025-10-29T03:18:13.225+0700] {subprocess.py:93} INFO - 25/10/29 03:18:13 INFO Utils: Fetching spark://dfeadd712fc3:33047/jars/org.slf4j_slf4j-api-2.0.7.jar to /tmp/spark-82a45445-82cc-4601-8d00-5aa176a2983a/userFiles-9e7c1caa-8373-47c4-8e94-34918600989e/fetchFileTemp4875405345502337160.tmp
[2025-10-29T03:18:13.226+0700] {subprocess.py:93} INFO - 25/10/29 03:18:13 INFO Utils: /tmp/spark-82a45445-82cc-4601-8d00-5aa176a2983a/userFiles-9e7c1caa-8373-47c4-8e94-34918600989e/fetchFileTemp4875405345502337160.tmp has been previously copied to /tmp/spark-82a45445-82cc-4601-8d00-5aa176a2983a/userFiles-9e7c1caa-8373-47c4-8e94-34918600989e/org.slf4j_slf4j-api-2.0.7.jar
[2025-10-29T03:18:13.229+0700] {subprocess.py:93} INFO - 25/10/29 03:18:13 INFO Executor: Adding file:/tmp/spark-82a45445-82cc-4601-8d00-5aa176a2983a/userFiles-9e7c1caa-8373-47c4-8e94-34918600989e/org.slf4j_slf4j-api-2.0.7.jar to class loader default
[2025-10-29T03:18:13.229+0700] {subprocess.py:93} INFO - 25/10/29 03:18:13 INFO Executor: Fetching spark://dfeadd712fc3:33047/jars/org.checkerframework_checker-qual-3.31.0.jar with timestamp 1761682692403
[2025-10-29T03:18:13.229+0700] {subprocess.py:93} INFO - 25/10/29 03:18:13 INFO Utils: Fetching spark://dfeadd712fc3:33047/jars/org.checkerframework_checker-qual-3.31.0.jar to /tmp/spark-82a45445-82cc-4601-8d00-5aa176a2983a/userFiles-9e7c1caa-8373-47c4-8e94-34918600989e/fetchFileTemp3249574860997740339.tmp
[2025-10-29T03:18:13.231+0700] {subprocess.py:93} INFO - 25/10/29 03:18:13 INFO Utils: /tmp/spark-82a45445-82cc-4601-8d00-5aa176a2983a/userFiles-9e7c1caa-8373-47c4-8e94-34918600989e/fetchFileTemp3249574860997740339.tmp has been previously copied to /tmp/spark-82a45445-82cc-4601-8d00-5aa176a2983a/userFiles-9e7c1caa-8373-47c4-8e94-34918600989e/org.checkerframework_checker-qual-3.31.0.jar
[2025-10-29T03:18:13.234+0700] {subprocess.py:93} INFO - 25/10/29 03:18:13 INFO Executor: Adding file:/tmp/spark-82a45445-82cc-4601-8d00-5aa176a2983a/userFiles-9e7c1caa-8373-47c4-8e94-34918600989e/org.checkerframework_checker-qual-3.31.0.jar to class loader default
[2025-10-29T03:18:13.234+0700] {subprocess.py:93} INFO - 25/10/29 03:18:13 INFO Executor: Fetching spark://dfeadd712fc3:33047/jars/commons-logging_commons-logging-1.1.3.jar with timestamp 1761682692403
[2025-10-29T03:18:13.234+0700] {subprocess.py:93} INFO - 25/10/29 03:18:13 INFO Utils: Fetching spark://dfeadd712fc3:33047/jars/commons-logging_commons-logging-1.1.3.jar to /tmp/spark-82a45445-82cc-4601-8d00-5aa176a2983a/userFiles-9e7c1caa-8373-47c4-8e94-34918600989e/fetchFileTemp2479665146418598418.tmp
[2025-10-29T03:18:13.235+0700] {subprocess.py:93} INFO - 25/10/29 03:18:13 INFO Utils: /tmp/spark-82a45445-82cc-4601-8d00-5aa176a2983a/userFiles-9e7c1caa-8373-47c4-8e94-34918600989e/fetchFileTemp2479665146418598418.tmp has been previously copied to /tmp/spark-82a45445-82cc-4601-8d00-5aa176a2983a/userFiles-9e7c1caa-8373-47c4-8e94-34918600989e/commons-logging_commons-logging-1.1.3.jar
[2025-10-29T03:18:13.238+0700] {subprocess.py:93} INFO - 25/10/29 03:18:13 INFO Executor: Adding file:/tmp/spark-82a45445-82cc-4601-8d00-5aa176a2983a/userFiles-9e7c1caa-8373-47c4-8e94-34918600989e/commons-logging_commons-logging-1.1.3.jar to class loader default
[2025-10-29T03:18:13.238+0700] {subprocess.py:93} INFO - 25/10/29 03:18:13 INFO Executor: Fetching spark://dfeadd712fc3:33047/jars/org.postgresql_postgresql-42.6.0.jar with timestamp 1761682692403
[2025-10-29T03:18:13.238+0700] {subprocess.py:93} INFO - 25/10/29 03:18:13 INFO Utils: Fetching spark://dfeadd712fc3:33047/jars/org.postgresql_postgresql-42.6.0.jar to /tmp/spark-82a45445-82cc-4601-8d00-5aa176a2983a/userFiles-9e7c1caa-8373-47c4-8e94-34918600989e/fetchFileTemp7607879764957126848.tmp
[2025-10-29T03:18:13.240+0700] {subprocess.py:93} INFO - 25/10/29 03:18:13 INFO Utils: /tmp/spark-82a45445-82cc-4601-8d00-5aa176a2983a/userFiles-9e7c1caa-8373-47c4-8e94-34918600989e/fetchFileTemp7607879764957126848.tmp has been previously copied to /tmp/spark-82a45445-82cc-4601-8d00-5aa176a2983a/userFiles-9e7c1caa-8373-47c4-8e94-34918600989e/org.postgresql_postgresql-42.6.0.jar
[2025-10-29T03:18:13.245+0700] {subprocess.py:93} INFO - 25/10/29 03:18:13 INFO Executor: Adding file:/tmp/spark-82a45445-82cc-4601-8d00-5aa176a2983a/userFiles-9e7c1caa-8373-47c4-8e94-34918600989e/org.postgresql_postgresql-42.6.0.jar to class loader default
[2025-10-29T03:18:13.245+0700] {subprocess.py:93} INFO - 25/10/29 03:18:13 INFO Executor: Fetching spark://dfeadd712fc3:33047/jars/org.apache.hadoop_hadoop-client-runtime-3.3.4.jar with timestamp 1761682692403
[2025-10-29T03:18:13.245+0700] {subprocess.py:93} INFO - 25/10/29 03:18:13 INFO Utils: Fetching spark://dfeadd712fc3:33047/jars/org.apache.hadoop_hadoop-client-runtime-3.3.4.jar to /tmp/spark-82a45445-82cc-4601-8d00-5aa176a2983a/userFiles-9e7c1caa-8373-47c4-8e94-34918600989e/fetchFileTemp8459820140582434945.tmp
[2025-10-29T03:18:13.416+0700] {subprocess.py:93} INFO - 25/10/29 03:18:13 INFO Utils: /tmp/spark-82a45445-82cc-4601-8d00-5aa176a2983a/userFiles-9e7c1caa-8373-47c4-8e94-34918600989e/fetchFileTemp8459820140582434945.tmp has been previously copied to /tmp/spark-82a45445-82cc-4601-8d00-5aa176a2983a/userFiles-9e7c1caa-8373-47c4-8e94-34918600989e/org.apache.hadoop_hadoop-client-runtime-3.3.4.jar
[2025-10-29T03:18:13.423+0700] {subprocess.py:93} INFO - 25/10/29 03:18:13 INFO Executor: Adding file:/tmp/spark-82a45445-82cc-4601-8d00-5aa176a2983a/userFiles-9e7c1caa-8373-47c4-8e94-34918600989e/org.apache.hadoop_hadoop-client-runtime-3.3.4.jar to class loader default
[2025-10-29T03:18:13.424+0700] {subprocess.py:93} INFO - 25/10/29 03:18:13 INFO Executor: Fetching spark://dfeadd712fc3:33047/jars/org.apache.commons_commons-pool2-2.11.1.jar with timestamp 1761682692403
[2025-10-29T03:18:13.424+0700] {subprocess.py:93} INFO - 25/10/29 03:18:13 INFO Utils: Fetching spark://dfeadd712fc3:33047/jars/org.apache.commons_commons-pool2-2.11.1.jar to /tmp/spark-82a45445-82cc-4601-8d00-5aa176a2983a/userFiles-9e7c1caa-8373-47c4-8e94-34918600989e/fetchFileTemp10640822950056190231.tmp
[2025-10-29T03:18:13.425+0700] {subprocess.py:93} INFO - 25/10/29 03:18:13 INFO Utils: /tmp/spark-82a45445-82cc-4601-8d00-5aa176a2983a/userFiles-9e7c1caa-8373-47c4-8e94-34918600989e/fetchFileTemp10640822950056190231.tmp has been previously copied to /tmp/spark-82a45445-82cc-4601-8d00-5aa176a2983a/userFiles-9e7c1caa-8373-47c4-8e94-34918600989e/org.apache.commons_commons-pool2-2.11.1.jar
[2025-10-29T03:18:13.428+0700] {subprocess.py:93} INFO - 25/10/29 03:18:13 INFO Executor: Adding file:/tmp/spark-82a45445-82cc-4601-8d00-5aa176a2983a/userFiles-9e7c1caa-8373-47c4-8e94-34918600989e/org.apache.commons_commons-pool2-2.11.1.jar to class loader default
[2025-10-29T03:18:13.429+0700] {subprocess.py:93} INFO - 25/10/29 03:18:13 INFO Executor: Fetching spark://dfeadd712fc3:33047/jars/org.apache.kafka_kafka-clients-3.4.1.jar with timestamp 1761682692403
[2025-10-29T03:18:13.429+0700] {subprocess.py:93} INFO - 25/10/29 03:18:13 INFO Utils: Fetching spark://dfeadd712fc3:33047/jars/org.apache.kafka_kafka-clients-3.4.1.jar to /tmp/spark-82a45445-82cc-4601-8d00-5aa176a2983a/userFiles-9e7c1caa-8373-47c4-8e94-34918600989e/fetchFileTemp8040678817476026507.tmp
[2025-10-29T03:18:13.436+0700] {subprocess.py:93} INFO - 25/10/29 03:18:13 INFO Utils: /tmp/spark-82a45445-82cc-4601-8d00-5aa176a2983a/userFiles-9e7c1caa-8373-47c4-8e94-34918600989e/fetchFileTemp8040678817476026507.tmp has been previously copied to /tmp/spark-82a45445-82cc-4601-8d00-5aa176a2983a/userFiles-9e7c1caa-8373-47c4-8e94-34918600989e/org.apache.kafka_kafka-clients-3.4.1.jar
[2025-10-29T03:18:13.446+0700] {subprocess.py:93} INFO - 25/10/29 03:18:13 INFO Executor: Adding file:/tmp/spark-82a45445-82cc-4601-8d00-5aa176a2983a/userFiles-9e7c1caa-8373-47c4-8e94-34918600989e/org.apache.kafka_kafka-clients-3.4.1.jar to class loader default
[2025-10-29T03:18:13.446+0700] {subprocess.py:93} INFO - 25/10/29 03:18:13 INFO Executor: Fetching spark://dfeadd712fc3:33047/jars/org.apache.spark_spark-token-provider-kafka-0-10_2.12-3.5.1.jar with timestamp 1761682692403
[2025-10-29T03:18:13.446+0700] {subprocess.py:93} INFO - 25/10/29 03:18:13 INFO Utils: Fetching spark://dfeadd712fc3:33047/jars/org.apache.spark_spark-token-provider-kafka-0-10_2.12-3.5.1.jar to /tmp/spark-82a45445-82cc-4601-8d00-5aa176a2983a/userFiles-9e7c1caa-8373-47c4-8e94-34918600989e/fetchFileTemp11029506666693775103.tmp
[2025-10-29T03:18:13.447+0700] {subprocess.py:93} INFO - 25/10/29 03:18:13 INFO Utils: /tmp/spark-82a45445-82cc-4601-8d00-5aa176a2983a/userFiles-9e7c1caa-8373-47c4-8e94-34918600989e/fetchFileTemp11029506666693775103.tmp has been previously copied to /tmp/spark-82a45445-82cc-4601-8d00-5aa176a2983a/userFiles-9e7c1caa-8373-47c4-8e94-34918600989e/org.apache.spark_spark-token-provider-kafka-0-10_2.12-3.5.1.jar
[2025-10-29T03:18:13.449+0700] {subprocess.py:93} INFO - 25/10/29 03:18:13 INFO Executor: Adding file:/tmp/spark-82a45445-82cc-4601-8d00-5aa176a2983a/userFiles-9e7c1caa-8373-47c4-8e94-34918600989e/org.apache.spark_spark-token-provider-kafka-0-10_2.12-3.5.1.jar to class loader default
[2025-10-29T03:18:13.454+0700] {subprocess.py:93} INFO - 25/10/29 03:18:13 INFO Utils: Successfully started service 'org.apache.spark.network.netty.NettyBlockTransferService' on port 38811.
[2025-10-29T03:18:13.454+0700] {subprocess.py:93} INFO - 25/10/29 03:18:13 INFO NettyBlockTransferService: Server created on dfeadd712fc3:38811
[2025-10-29T03:18:13.455+0700] {subprocess.py:93} INFO - 25/10/29 03:18:13 INFO BlockManager: Using org.apache.spark.storage.RandomBlockReplicationPolicy for block replication policy
[2025-10-29T03:18:13.459+0700] {subprocess.py:93} INFO - 25/10/29 03:18:13 INFO BlockManagerMaster: Registering BlockManager BlockManagerId(driver, dfeadd712fc3, 38811, None)
[2025-10-29T03:18:13.461+0700] {subprocess.py:93} INFO - 25/10/29 03:18:13 INFO BlockManagerMasterEndpoint: Registering block manager dfeadd712fc3:38811 with 434.4 MiB RAM, BlockManagerId(driver, dfeadd712fc3, 38811, None)
[2025-10-29T03:18:13.463+0700] {subprocess.py:93} INFO - 25/10/29 03:18:13 INFO BlockManagerMaster: Registered BlockManager BlockManagerId(driver, dfeadd712fc3, 38811, None)
[2025-10-29T03:18:13.463+0700] {subprocess.py:93} INFO - 25/10/29 03:18:13 INFO BlockManager: Initialized BlockManager: BlockManagerId(driver, dfeadd712fc3, 38811, None)
[2025-10-29T03:18:15.589+0700] {subprocess.py:93} INFO - 25/10/29 03:18:15 WARN ResolveWriteToStream: spark.sql.adaptive.enabled is not supported in streaming DataFrames/Datasets and will be disabled.
[2025-10-29T03:18:15.693+0700] {subprocess.py:93} INFO - 🚀 Streaming job started — đang lắng nghe dữ liệu từ Kafka...
[2025-10-29T03:18:15.802+0700] {subprocess.py:93} INFO - 25/10/29 03:18:15 WARN AdminClientConfig: These configurations '[key.deserializer, value.deserializer, enable.auto.commit, max.poll.records, auto.offset.reset]' were supplied but are not used yet.
[2025-10-29T03:18:17.164+0700] {subprocess.py:93} INFO - [Batch 0] ⚠️ Không có dữ liệu mới.
[2025-10-29T03:18:21.668+0700] {subprocess.py:93} INFO - 25/10/29 03:18:21 WARN KafkaDataConsumer: KafkaDataConsumer is not running in UninterruptibleThread. It may hang when KafkaDataConsumer's methods are interrupted because of KAFKA-1894
[2025-10-29T03:18:22.375+0700] {subprocess.py:93} INFO - 25/10/29 03:18:22 WARN KafkaDataConsumer: KafkaDataConsumer is not running in UninterruptibleThread. It may hang when KafkaDataConsumer's methods are interrupted because of KAFKA-1894
[2025-10-29T03:18:22.376+0700] {subprocess.py:93} INFO - 25/10/29 03:18:22 WARN KafkaDataConsumer: KafkaDataConsumer is not running in UninterruptibleThread. It may hang when KafkaDataConsumer's methods are interrupted because of KAFKA-1894
[2025-10-29T03:18:22.376+0700] {subprocess.py:93} INFO - 25/10/29 03:18:22 WARN KafkaDataConsumer: KafkaDataConsumer is not running in UninterruptibleThread. It may hang when KafkaDataConsumer's methods are interrupted because of KAFKA-1894
[2025-10-29T03:18:24.835+0700] {subprocess.py:93} INFO - There was a problem when trying to write in your cache folder (/home/***/.cache/huggingface/hub). You should set the environment variable TRANSFORMERS_CACHE to a writable directory.
[2025-10-29T03:18:25.427+0700] {subprocess.py:93} INFO - 25/10/29 03:18:25 ERROR Executor: Exception in task 0.0 in stage 2.0 (TID 1)
[2025-10-29T03:18:25.428+0700] {subprocess.py:93} INFO - org.apache.spark.api.python.PythonException: Traceback (most recent call last):
[2025-10-29T03:18:25.428+0700] {subprocess.py:93} INFO -   File "/opt/***/projects/absa_streaming/scripts/consumer_postgres_streaming.py", line 73, in absa_infer_udf
[2025-10-29T03:18:25.428+0700] {subprocess.py:93} INFO -     _tokenizer = AutoTokenizer.from_pretrained(MODEL_NAME, use_fast=True)
[2025-10-29T03:18:25.429+0700] {subprocess.py:93} INFO -                  ^^^^^^^^^^^^^^^^^^^^^^^^^^^^^^^^^^^^^^^^^^^^^^^^^^^^^^^^
[2025-10-29T03:18:25.429+0700] {subprocess.py:93} INFO -   File "/home/***/.local/lib/python3.12/site-packages/transformers/models/auto/tokenization_auto.py", line 817, in from_pretrained
[2025-10-29T03:18:25.429+0700] {subprocess.py:93} INFO -     tokenizer_config = get_tokenizer_config(pretrained_model_name_or_path, **kwargs)
[2025-10-29T03:18:25.429+0700] {subprocess.py:93} INFO -                        ^^^^^^^^^^^^^^^^^^^^^^^^^^^^^^^^^^^^^^^^^^^^^^^^^^^^^^^^^^^^^
[2025-10-29T03:18:25.429+0700] {subprocess.py:93} INFO -   File "/home/***/.local/lib/python3.12/site-packages/transformers/models/auto/tokenization_auto.py", line 649, in get_tokenizer_config
[2025-10-29T03:18:25.429+0700] {subprocess.py:93} INFO -     resolved_config_file = cached_file(
[2025-10-29T03:18:25.430+0700] {subprocess.py:93} INFO -                            ^^^^^^^^^^^^
[2025-10-29T03:18:25.430+0700] {subprocess.py:93} INFO -   File "/home/***/.local/lib/python3.12/site-packages/transformers/utils/hub.py", line 462, in cached_file
[2025-10-29T03:18:25.430+0700] {subprocess.py:93} INFO -     except HFValidationError as e:
[2025-10-29T03:18:25.430+0700] {subprocess.py:93} INFO -   File "/home/***/.local/lib/python3.12/site-packages/huggingface_hub/utils/_validators.py", line 114, in _inner_fn
[2025-10-29T03:18:25.430+0700] {subprocess.py:93} INFO -     return fn(*args, **kwargs)
[2025-10-29T03:18:25.430+0700] {subprocess.py:93} INFO -            ^^^^^^^^^^^^^^^^^^^
[2025-10-29T03:18:25.430+0700] {subprocess.py:93} INFO -   File "/home/***/.local/lib/python3.12/site-packages/huggingface_hub/file_download.py", line 1007, in hf_hub_download
[2025-10-29T03:18:25.431+0700] {subprocess.py:93} INFO -     return _hf_hub_download_to_cache_dir(
[2025-10-29T03:18:25.431+0700] {subprocess.py:93} INFO -            ^^^^^^^^^^^^^^^^^^^^^^^^^^^^^^
[2025-10-29T03:18:25.431+0700] {subprocess.py:93} INFO -   File "/home/***/.local/lib/python3.12/site-packages/huggingface_hub/file_download.py", line 1124, in _hf_hub_download_to_cache_dir
[2025-10-29T03:18:25.431+0700] {subprocess.py:93} INFO -     os.makedirs(os.path.dirname(blob_path), exist_ok=True)
[2025-10-29T03:18:25.431+0700] {subprocess.py:93} INFO -   File "<frozen os>", line 216, in makedirs
[2025-10-29T03:18:25.431+0700] {subprocess.py:93} INFO -   File "<frozen os>", line 216, in makedirs
[2025-10-29T03:18:25.431+0700] {subprocess.py:93} INFO -   File "<frozen os>", line 216, in makedirs
[2025-10-29T03:18:25.431+0700] {subprocess.py:93} INFO -   File "<frozen os>", line 230, in makedirs
[2025-10-29T03:18:25.431+0700] {subprocess.py:93} INFO - PermissionError: [Errno 13] Permission denied: '/home/***/.cache/huggingface'
[2025-10-29T03:18:25.431+0700] {subprocess.py:93} INFO - 
[2025-10-29T03:18:25.432+0700] {subprocess.py:93} INFO - 	at org.apache.spark.api.python.BasePythonRunner$ReaderIterator.handlePythonException(PythonRunner.scala:572)
[2025-10-29T03:18:25.432+0700] {subprocess.py:93} INFO - 	at org.apache.spark.sql.execution.python.PythonArrowOutput$$anon$1.read(PythonArrowOutput.scala:118)
[2025-10-29T03:18:25.432+0700] {subprocess.py:93} INFO - 	at org.apache.spark.api.python.BasePythonRunner$ReaderIterator.hasNext(PythonRunner.scala:525)
[2025-10-29T03:18:25.432+0700] {subprocess.py:93} INFO - 	at org.apache.spark.InterruptibleIterator.hasNext(InterruptibleIterator.scala:37)
[2025-10-29T03:18:25.432+0700] {subprocess.py:93} INFO - 	at scala.collection.Iterator$$anon$11.hasNext(Iterator.scala:491)
[2025-10-29T03:18:25.432+0700] {subprocess.py:93} INFO - 	at scala.collection.Iterator$$anon$10.hasNext(Iterator.scala:460)
[2025-10-29T03:18:25.432+0700] {subprocess.py:93} INFO - 	at scala.collection.Iterator$$anon$10.hasNext(Iterator.scala:460)
[2025-10-29T03:18:25.432+0700] {subprocess.py:93} INFO - 	at org.apache.spark.sql.catalyst.expressions.GeneratedClass$GeneratedIteratorForCodegenStage1.hashAgg_doAggregateWithoutKey_0$(Unknown Source)
[2025-10-29T03:18:25.432+0700] {subprocess.py:93} INFO - 	at org.apache.spark.sql.catalyst.expressions.GeneratedClass$GeneratedIteratorForCodegenStage1.processNext(Unknown Source)
[2025-10-29T03:18:25.433+0700] {subprocess.py:93} INFO - 	at org.apache.spark.sql.execution.BufferedRowIterator.hasNext(BufferedRowIterator.java:43)
[2025-10-29T03:18:25.433+0700] {subprocess.py:93} INFO - 	at org.apache.spark.sql.execution.WholeStageCodegenEvaluatorFactory$WholeStageCodegenPartitionEvaluator$$anon$1.hasNext(WholeStageCodegenEvaluatorFactory.scala:43)
[2025-10-29T03:18:25.433+0700] {subprocess.py:93} INFO - 	at scala.collection.Iterator$$anon$10.hasNext(Iterator.scala:460)
[2025-10-29T03:18:25.433+0700] {subprocess.py:93} INFO - 	at org.apache.spark.shuffle.sort.BypassMergeSortShuffleWriter.write(BypassMergeSortShuffleWriter.java:140)
[2025-10-29T03:18:25.433+0700] {subprocess.py:93} INFO - 	at org.apache.spark.shuffle.ShuffleWriteProcessor.write(ShuffleWriteProcessor.scala:59)
[2025-10-29T03:18:25.434+0700] {subprocess.py:93} INFO - 	at org.apache.spark.scheduler.ShuffleMapTask.runTask(ShuffleMapTask.scala:104)
[2025-10-29T03:18:25.434+0700] {subprocess.py:93} INFO - 	at org.apache.spark.scheduler.ShuffleMapTask.runTask(ShuffleMapTask.scala:54)
[2025-10-29T03:18:25.434+0700] {subprocess.py:93} INFO - 	at org.apache.spark.TaskContext.runTaskWithListeners(TaskContext.scala:166)
[2025-10-29T03:18:25.434+0700] {subprocess.py:93} INFO - 	at org.apache.spark.scheduler.Task.run(Task.scala:141)
[2025-10-29T03:18:25.434+0700] {subprocess.py:93} INFO - 	at org.apache.spark.executor.Executor$TaskRunner.$anonfun$run$4(Executor.scala:620)
[2025-10-29T03:18:25.435+0700] {subprocess.py:93} INFO - 	at org.apache.spark.util.SparkErrorUtils.tryWithSafeFinally(SparkErrorUtils.scala:64)
[2025-10-29T03:18:25.435+0700] {subprocess.py:93} INFO - 	at org.apache.spark.util.SparkErrorUtils.tryWithSafeFinally$(SparkErrorUtils.scala:61)
[2025-10-29T03:18:25.435+0700] {subprocess.py:93} INFO - 	at org.apache.spark.util.Utils$.tryWithSafeFinally(Utils.scala:94)
[2025-10-29T03:18:25.435+0700] {subprocess.py:93} INFO - 	at org.apache.spark.executor.Executor$TaskRunner.run(Executor.scala:623)
[2025-10-29T03:18:25.435+0700] {subprocess.py:93} INFO - 	at java.base/java.util.concurrent.ThreadPoolExecutor.runWorker(ThreadPoolExecutor.java:1136)
[2025-10-29T03:18:25.435+0700] {subprocess.py:93} INFO - 	at java.base/java.util.concurrent.ThreadPoolExecutor$Worker.run(ThreadPoolExecutor.java:635)
[2025-10-29T03:18:25.435+0700] {subprocess.py:93} INFO - 	at java.base/java.lang.Thread.run(Thread.java:840)
[2025-10-29T03:18:25.442+0700] {subprocess.py:93} INFO - 25/10/29 03:18:25 WARN TaskSetManager: Lost task 0.0 in stage 2.0 (TID 1) (dfeadd712fc3 executor driver): org.apache.spark.api.python.PythonException: Traceback (most recent call last):
[2025-10-29T03:18:25.443+0700] {subprocess.py:93} INFO -   File "/opt/***/projects/absa_streaming/scripts/consumer_postgres_streaming.py", line 73, in absa_infer_udf
[2025-10-29T03:18:25.443+0700] {subprocess.py:93} INFO -     _tokenizer = AutoTokenizer.from_pretrained(MODEL_NAME, use_fast=True)
[2025-10-29T03:18:25.443+0700] {subprocess.py:93} INFO -                  ^^^^^^^^^^^^^^^^^^^^^^^^^^^^^^^^^^^^^^^^^^^^^^^^^^^^^^^^
[2025-10-29T03:18:25.443+0700] {subprocess.py:93} INFO -   File "/home/***/.local/lib/python3.12/site-packages/transformers/models/auto/tokenization_auto.py", line 817, in from_pretrained
[2025-10-29T03:18:25.444+0700] {subprocess.py:93} INFO -     tokenizer_config = get_tokenizer_config(pretrained_model_name_or_path, **kwargs)
[2025-10-29T03:18:25.444+0700] {subprocess.py:93} INFO -                        ^^^^^^^^^^^^^^^^^^^^^^^^^^^^^^^^^^^^^^^^^^^^^^^^^^^^^^^^^^^^^
[2025-10-29T03:18:25.444+0700] {subprocess.py:93} INFO -   File "/home/***/.local/lib/python3.12/site-packages/transformers/models/auto/tokenization_auto.py", line 649, in get_tokenizer_config
[2025-10-29T03:18:25.444+0700] {subprocess.py:93} INFO -     resolved_config_file = cached_file(
[2025-10-29T03:18:25.445+0700] {subprocess.py:93} INFO -                            ^^^^^^^^^^^^
[2025-10-29T03:18:25.445+0700] {subprocess.py:93} INFO -   File "/home/***/.local/lib/python3.12/site-packages/transformers/utils/hub.py", line 462, in cached_file
[2025-10-29T03:18:25.445+0700] {subprocess.py:93} INFO -     except HFValidationError as e:
[2025-10-29T03:18:25.445+0700] {subprocess.py:93} INFO -   File "/home/***/.local/lib/python3.12/site-packages/huggingface_hub/utils/_validators.py", line 114, in _inner_fn
[2025-10-29T03:18:25.445+0700] {subprocess.py:93} INFO -     return fn(*args, **kwargs)
[2025-10-29T03:18:25.446+0700] {subprocess.py:93} INFO -            ^^^^^^^^^^^^^^^^^^^
[2025-10-29T03:18:25.446+0700] {subprocess.py:93} INFO -   File "/home/***/.local/lib/python3.12/site-packages/huggingface_hub/file_download.py", line 1007, in hf_hub_download
[2025-10-29T03:18:25.446+0700] {subprocess.py:93} INFO -     return _hf_hub_download_to_cache_dir(
[2025-10-29T03:18:25.446+0700] {subprocess.py:93} INFO -            ^^^^^^^^^^^^^^^^^^^^^^^^^^^^^^
[2025-10-29T03:18:25.446+0700] {subprocess.py:93} INFO -   File "/home/***/.local/lib/python3.12/site-packages/huggingface_hub/file_download.py", line 1124, in _hf_hub_download_to_cache_dir
[2025-10-29T03:18:25.447+0700] {subprocess.py:93} INFO -     os.makedirs(os.path.dirname(blob_path), exist_ok=True)
[2025-10-29T03:18:25.447+0700] {subprocess.py:93} INFO -   File "<frozen os>", line 216, in makedirs
[2025-10-29T03:18:25.447+0700] {subprocess.py:93} INFO -   File "<frozen os>", line 216, in makedirs
[2025-10-29T03:18:25.447+0700] {subprocess.py:93} INFO -   File "<frozen os>", line 216, in makedirs
[2025-10-29T03:18:25.447+0700] {subprocess.py:93} INFO -   File "<frozen os>", line 230, in makedirs
[2025-10-29T03:18:25.447+0700] {subprocess.py:93} INFO - PermissionError: [Errno 13] Permission denied: '/home/***/.cache/huggingface'
[2025-10-29T03:18:25.447+0700] {subprocess.py:93} INFO - 
[2025-10-29T03:18:25.447+0700] {subprocess.py:93} INFO - 	at org.apache.spark.api.python.BasePythonRunner$ReaderIterator.handlePythonException(PythonRunner.scala:572)
[2025-10-29T03:18:25.447+0700] {subprocess.py:93} INFO - 	at org.apache.spark.sql.execution.python.PythonArrowOutput$$anon$1.read(PythonArrowOutput.scala:118)
[2025-10-29T03:18:25.448+0700] {subprocess.py:93} INFO - 	at org.apache.spark.api.python.BasePythonRunner$ReaderIterator.hasNext(PythonRunner.scala:525)
[2025-10-29T03:18:25.448+0700] {subprocess.py:93} INFO - 	at org.apache.spark.InterruptibleIterator.hasNext(InterruptibleIterator.scala:37)
[2025-10-29T03:18:25.448+0700] {subprocess.py:93} INFO - 	at scala.collection.Iterator$$anon$11.hasNext(Iterator.scala:491)
[2025-10-29T03:18:25.448+0700] {subprocess.py:93} INFO - 	at scala.collection.Iterator$$anon$10.hasNext(Iterator.scala:460)
[2025-10-29T03:18:25.448+0700] {subprocess.py:93} INFO - 	at scala.collection.Iterator$$anon$10.hasNext(Iterator.scala:460)
[2025-10-29T03:18:25.448+0700] {subprocess.py:93} INFO - 	at org.apache.spark.sql.catalyst.expressions.GeneratedClass$GeneratedIteratorForCodegenStage1.hashAgg_doAggregateWithoutKey_0$(Unknown Source)
[2025-10-29T03:18:25.448+0700] {subprocess.py:93} INFO - 	at org.apache.spark.sql.catalyst.expressions.GeneratedClass$GeneratedIteratorForCodegenStage1.processNext(Unknown Source)
[2025-10-29T03:18:25.449+0700] {subprocess.py:93} INFO - 	at org.apache.spark.sql.execution.BufferedRowIterator.hasNext(BufferedRowIterator.java:43)
[2025-10-29T03:18:25.449+0700] {subprocess.py:93} INFO - 	at org.apache.spark.sql.execution.WholeStageCodegenEvaluatorFactory$WholeStageCodegenPartitionEvaluator$$anon$1.hasNext(WholeStageCodegenEvaluatorFactory.scala:43)
[2025-10-29T03:18:25.449+0700] {subprocess.py:93} INFO - 	at scala.collection.Iterator$$anon$10.hasNext(Iterator.scala:460)
[2025-10-29T03:18:25.449+0700] {subprocess.py:93} INFO - 	at org.apache.spark.shuffle.sort.BypassMergeSortShuffleWriter.write(BypassMergeSortShuffleWriter.java:140)
[2025-10-29T03:18:25.449+0700] {subprocess.py:93} INFO - 	at org.apache.spark.shuffle.ShuffleWriteProcessor.write(ShuffleWriteProcessor.scala:59)
[2025-10-29T03:18:25.449+0700] {subprocess.py:93} INFO - 	at org.apache.spark.scheduler.ShuffleMapTask.runTask(ShuffleMapTask.scala:104)
[2025-10-29T03:18:25.450+0700] {subprocess.py:93} INFO - 	at org.apache.spark.scheduler.ShuffleMapTask.runTask(ShuffleMapTask.scala:54)
[2025-10-29T03:18:25.450+0700] {subprocess.py:93} INFO - 	at org.apache.spark.TaskContext.runTaskWithListeners(TaskContext.scala:166)
[2025-10-29T03:18:25.450+0700] {subprocess.py:93} INFO - 	at org.apache.spark.scheduler.Task.run(Task.scala:141)
[2025-10-29T03:18:25.450+0700] {subprocess.py:93} INFO - 	at org.apache.spark.executor.Executor$TaskRunner.$anonfun$run$4(Executor.scala:620)
[2025-10-29T03:18:25.450+0700] {subprocess.py:93} INFO - 	at org.apache.spark.util.SparkErrorUtils.tryWithSafeFinally(SparkErrorUtils.scala:64)
[2025-10-29T03:18:25.450+0700] {subprocess.py:93} INFO - 	at org.apache.spark.util.SparkErrorUtils.tryWithSafeFinally$(SparkErrorUtils.scala:61)
[2025-10-29T03:18:25.451+0700] {subprocess.py:93} INFO - 	at org.apache.spark.util.Utils$.tryWithSafeFinally(Utils.scala:94)
[2025-10-29T03:18:25.451+0700] {subprocess.py:93} INFO - 	at org.apache.spark.executor.Executor$TaskRunner.run(Executor.scala:623)
[2025-10-29T03:18:25.451+0700] {subprocess.py:93} INFO - 	at java.base/java.util.concurrent.ThreadPoolExecutor.runWorker(ThreadPoolExecutor.java:1136)
[2025-10-29T03:18:25.451+0700] {subprocess.py:93} INFO - 	at java.base/java.util.concurrent.ThreadPoolExecutor$Worker.run(ThreadPoolExecutor.java:635)
[2025-10-29T03:18:25.451+0700] {subprocess.py:93} INFO - 	at java.base/java.lang.Thread.run(Thread.java:840)
[2025-10-29T03:18:25.451+0700] {subprocess.py:93} INFO - 
[2025-10-29T03:18:25.451+0700] {subprocess.py:93} INFO - 25/10/29 03:18:25 ERROR TaskSetManager: Task 0 in stage 2.0 failed 1 times; aborting job
[2025-10-29T03:18:25.515+0700] {subprocess.py:93} INFO - 25/10/29 03:18:25 ERROR MicroBatchExecution: Query [id = 7b63f4b5-9d66-488c-b508-99722a13f25e, runId = 2cbdc10f-4148-422c-a74c-3536ed30c8f7] terminated with error
[2025-10-29T03:18:25.515+0700] {subprocess.py:93} INFO - py4j.Py4JException: An exception was raised by the Python Proxy. Return Message: Traceback (most recent call last):
[2025-10-29T03:18:25.515+0700] {subprocess.py:93} INFO -   File "/home/***/.local/lib/python3.12/site-packages/pyspark/python/lib/py4j-0.10.9.7-src.zip/py4j/clientserver.py", line 617, in _call_proxy
[2025-10-29T03:18:25.515+0700] {subprocess.py:93} INFO -     return_value = getattr(self.pool[obj_id], method)(*params)
[2025-10-29T03:18:25.515+0700] {subprocess.py:93} INFO -                    ^^^^^^^^^^^^^^^^^^^^^^^^^^^^^^^^^^^^^^^^^^^
[2025-10-29T03:18:25.516+0700] {subprocess.py:93} INFO -   File "/home/***/.local/lib/python3.12/site-packages/pyspark/python/lib/pyspark.zip/pyspark/sql/utils.py", line 120, in call
[2025-10-29T03:18:25.516+0700] {subprocess.py:93} INFO -     raise e
[2025-10-29T03:18:25.516+0700] {subprocess.py:93} INFO -   File "/home/***/.local/lib/python3.12/site-packages/pyspark/python/lib/pyspark.zip/pyspark/sql/utils.py", line 117, in call
[2025-10-29T03:18:25.516+0700] {subprocess.py:93} INFO -     self.func(DataFrame(jdf, wrapped_session_jdf), batch_id)
[2025-10-29T03:18:25.516+0700] {subprocess.py:93} INFO -   File "/opt/***/projects/absa_streaming/scripts/consumer_postgres_streaming.py", line 125, in write_to_postgres
[2025-10-29T03:18:25.516+0700] {subprocess.py:93} INFO -     total_rows = batch_df.count()
[2025-10-29T03:18:25.516+0700] {subprocess.py:93} INFO -                  ^^^^^^^^^^^^^^^^
[2025-10-29T03:18:25.516+0700] {subprocess.py:93} INFO -   File "/home/***/.local/lib/python3.12/site-packages/pyspark/python/lib/pyspark.zip/pyspark/sql/dataframe.py", line 1238, in count
[2025-10-29T03:18:25.516+0700] {subprocess.py:93} INFO -     return int(self._jdf.count())
[2025-10-29T03:18:25.517+0700] {subprocess.py:93} INFO -                ^^^^^^^^^^^^^^^^^
[2025-10-29T03:18:25.517+0700] {subprocess.py:93} INFO -   File "/home/***/.local/lib/python3.12/site-packages/pyspark/python/lib/py4j-0.10.9.7-src.zip/py4j/java_gateway.py", line 1322, in __call__
[2025-10-29T03:18:25.517+0700] {subprocess.py:93} INFO -     return_value = get_return_value(
[2025-10-29T03:18:25.517+0700] {subprocess.py:93} INFO -                    ^^^^^^^^^^^^^^^^^
[2025-10-29T03:18:25.517+0700] {subprocess.py:93} INFO -   File "/home/***/.local/lib/python3.12/site-packages/pyspark/python/lib/pyspark.zip/pyspark/errors/exceptions/captured.py", line 185, in deco
[2025-10-29T03:18:25.517+0700] {subprocess.py:93} INFO -     raise converted from None
[2025-10-29T03:18:25.517+0700] {subprocess.py:93} INFO - pyspark.errors.exceptions.captured.PythonException:
[2025-10-29T03:18:25.517+0700] {subprocess.py:93} INFO -   An exception was thrown from the Python worker. Please see the stack trace below.
[2025-10-29T03:18:25.517+0700] {subprocess.py:93} INFO - Traceback (most recent call last):
[2025-10-29T03:18:25.517+0700] {subprocess.py:93} INFO -   File "/opt/***/projects/absa_streaming/scripts/consumer_postgres_streaming.py", line 73, in absa_infer_udf
[2025-10-29T03:18:25.518+0700] {subprocess.py:93} INFO -     _tokenizer = AutoTokenizer.from_pretrained(MODEL_NAME, use_fast=True)
[2025-10-29T03:18:25.518+0700] {subprocess.py:93} INFO -                  ^^^^^^^^^^^^^^^^^^^^^^^^^^^^^^^^^^^^^^^^^^^^^^^^^^^^^^^^
[2025-10-29T03:18:25.518+0700] {subprocess.py:93} INFO -   File "/home/***/.local/lib/python3.12/site-packages/transformers/models/auto/tokenization_auto.py", line 817, in from_pretrained
[2025-10-29T03:18:25.518+0700] {subprocess.py:93} INFO -     tokenizer_config = get_tokenizer_config(pretrained_model_name_or_path, **kwargs)
[2025-10-29T03:18:25.518+0700] {subprocess.py:93} INFO -                        ^^^^^^^^^^^^^^^^^^^^^^^^^^^^^^^^^^^^^^^^^^^^^^^^^^^^^^^^^^^^^
[2025-10-29T03:18:25.518+0700] {subprocess.py:93} INFO -   File "/home/***/.local/lib/python3.12/site-packages/transformers/models/auto/tokenization_auto.py", line 649, in get_tokenizer_config
[2025-10-29T03:18:25.518+0700] {subprocess.py:93} INFO -     resolved_config_file = cached_file(
[2025-10-29T03:18:25.518+0700] {subprocess.py:93} INFO -                            ^^^^^^^^^^^^
[2025-10-29T03:18:25.518+0700] {subprocess.py:93} INFO -   File "/home/***/.local/lib/python3.12/site-packages/transformers/utils/hub.py", line 462, in cached_file
[2025-10-29T03:18:25.518+0700] {subprocess.py:93} INFO -     except HFValidationError as e:
[2025-10-29T03:18:25.518+0700] {subprocess.py:93} INFO -   File "/home/***/.local/lib/python3.12/site-packages/huggingface_hub/utils/_validators.py", line 114, in _inner_fn
[2025-10-29T03:18:25.519+0700] {subprocess.py:93} INFO -     return fn(*args, **kwargs)
[2025-10-29T03:18:25.519+0700] {subprocess.py:93} INFO -            ^^^^^^^^^^^^^^^^^^^
[2025-10-29T03:18:25.519+0700] {subprocess.py:93} INFO -   File "/home/***/.local/lib/python3.12/site-packages/huggingface_hub/file_download.py", line 1007, in hf_hub_download
[2025-10-29T03:18:25.519+0700] {subprocess.py:93} INFO -     return _hf_hub_download_to_cache_dir(
[2025-10-29T03:18:25.519+0700] {subprocess.py:93} INFO -            ^^^^^^^^^^^^^^^^^^^^^^^^^^^^^^
[2025-10-29T03:18:25.519+0700] {subprocess.py:93} INFO -   File "/home/***/.local/lib/python3.12/site-packages/huggingface_hub/file_download.py", line 1124, in _hf_hub_download_to_cache_dir
[2025-10-29T03:18:25.519+0700] {subprocess.py:93} INFO -     os.makedirs(os.path.dirname(blob_path), exist_ok=True)
[2025-10-29T03:18:25.519+0700] {subprocess.py:93} INFO -   File "<frozen os>", line 216, in makedirs
[2025-10-29T03:18:25.519+0700] {subprocess.py:93} INFO -   File "<frozen os>", line 216, in makedirs
[2025-10-29T03:18:25.519+0700] {subprocess.py:93} INFO -   File "<frozen os>", line 216, in makedirs
[2025-10-29T03:18:25.520+0700] {subprocess.py:93} INFO -   File "<frozen os>", line 230, in makedirs
[2025-10-29T03:18:25.520+0700] {subprocess.py:93} INFO - PermissionError: [Errno 13] Permission denied: '/home/***/.cache/huggingface'
[2025-10-29T03:18:25.520+0700] {subprocess.py:93} INFO - 
[2025-10-29T03:18:25.520+0700] {subprocess.py:93} INFO - 
[2025-10-29T03:18:25.520+0700] {subprocess.py:93} INFO - 	at py4j.Protocol.getReturnValue(Protocol.java:476)
[2025-10-29T03:18:25.520+0700] {subprocess.py:93} INFO - 	at py4j.reflection.PythonProxyHandler.invoke(PythonProxyHandler.java:108)
[2025-10-29T03:18:25.521+0700] {subprocess.py:93} INFO - 	at jdk.proxy3/jdk.proxy3.$Proxy32.call(Unknown Source)
[2025-10-29T03:18:25.521+0700] {subprocess.py:93} INFO - 	at org.apache.spark.sql.execution.streaming.sources.PythonForeachBatchHelper$.$anonfun$callForeachBatch$1(ForeachBatchSink.scala:53)
[2025-10-29T03:18:25.521+0700] {subprocess.py:93} INFO - 	at org.apache.spark.sql.execution.streaming.sources.PythonForeachBatchHelper$.$anonfun$callForeachBatch$1$adapted(ForeachBatchSink.scala:53)
[2025-10-29T03:18:25.521+0700] {subprocess.py:93} INFO - 	at org.apache.spark.sql.execution.streaming.sources.ForeachBatchSink.addBatch(ForeachBatchSink.scala:34)
[2025-10-29T03:18:25.521+0700] {subprocess.py:93} INFO - 	at org.apache.spark.sql.execution.streaming.MicroBatchExecution.$anonfun$runBatch$17(MicroBatchExecution.scala:732)
[2025-10-29T03:18:25.521+0700] {subprocess.py:93} INFO - 	at org.apache.spark.sql.execution.SQLExecution$.$anonfun$withNewExecutionId$6(SQLExecution.scala:125)
[2025-10-29T03:18:25.521+0700] {subprocess.py:93} INFO - 	at org.apache.spark.sql.execution.SQLExecution$.withSQLConfPropagated(SQLExecution.scala:201)
[2025-10-29T03:18:25.522+0700] {subprocess.py:93} INFO - 	at org.apache.spark.sql.execution.SQLExecution$.$anonfun$withNewExecutionId$1(SQLExecution.scala:108)
[2025-10-29T03:18:25.522+0700] {subprocess.py:93} INFO - 	at org.apache.spark.sql.SparkSession.withActive(SparkSession.scala:900)
[2025-10-29T03:18:25.522+0700] {subprocess.py:93} INFO - 	at org.apache.spark.sql.execution.SQLExecution$.withNewExecutionId(SQLExecution.scala:66)
[2025-10-29T03:18:25.522+0700] {subprocess.py:93} INFO - 	at org.apache.spark.sql.execution.streaming.MicroBatchExecution.$anonfun$runBatch$16(MicroBatchExecution.scala:729)
[2025-10-29T03:18:25.522+0700] {subprocess.py:93} INFO - 	at org.apache.spark.sql.execution.streaming.ProgressReporter.reportTimeTaken(ProgressReporter.scala:427)
[2025-10-29T03:18:25.522+0700] {subprocess.py:93} INFO - 	at org.apache.spark.sql.execution.streaming.ProgressReporter.reportTimeTaken$(ProgressReporter.scala:425)
[2025-10-29T03:18:25.522+0700] {subprocess.py:93} INFO - 	at org.apache.spark.sql.execution.streaming.StreamExecution.reportTimeTaken(StreamExecution.scala:67)
[2025-10-29T03:18:25.522+0700] {subprocess.py:93} INFO - 	at org.apache.spark.sql.execution.streaming.MicroBatchExecution.runBatch(MicroBatchExecution.scala:729)
[2025-10-29T03:18:25.522+0700] {subprocess.py:93} INFO - 	at org.apache.spark.sql.execution.streaming.MicroBatchExecution.$anonfun$runActivatedStream$2(MicroBatchExecution.scala:286)
[2025-10-29T03:18:25.523+0700] {subprocess.py:93} INFO - 	at scala.runtime.java8.JFunction0$mcV$sp.apply(JFunction0$mcV$sp.java:23)
[2025-10-29T03:18:25.523+0700] {subprocess.py:93} INFO - 	at org.apache.spark.sql.execution.streaming.ProgressReporter.reportTimeTaken(ProgressReporter.scala:427)
[2025-10-29T03:18:25.523+0700] {subprocess.py:93} INFO - 	at org.apache.spark.sql.execution.streaming.ProgressReporter.reportTimeTaken$(ProgressReporter.scala:425)
[2025-10-29T03:18:25.523+0700] {subprocess.py:93} INFO - 	at org.apache.spark.sql.execution.streaming.StreamExecution.reportTimeTaken(StreamExecution.scala:67)
[2025-10-29T03:18:25.523+0700] {subprocess.py:93} INFO - 	at org.apache.spark.sql.execution.streaming.MicroBatchExecution.$anonfun$runActivatedStream$1(MicroBatchExecution.scala:249)
[2025-10-29T03:18:25.523+0700] {subprocess.py:93} INFO - 	at org.apache.spark.sql.execution.streaming.ProcessingTimeExecutor.execute(TriggerExecutor.scala:67)
[2025-10-29T03:18:25.523+0700] {subprocess.py:93} INFO - 	at org.apache.spark.sql.execution.streaming.MicroBatchExecution.runActivatedStream(MicroBatchExecution.scala:239)
[2025-10-29T03:18:25.523+0700] {subprocess.py:93} INFO - 	at org.apache.spark.sql.execution.streaming.StreamExecution.$anonfun$runStream$1(StreamExecution.scala:311)
[2025-10-29T03:18:25.523+0700] {subprocess.py:93} INFO - 	at scala.runtime.java8.JFunction0$mcV$sp.apply(JFunction0$mcV$sp.java:23)
[2025-10-29T03:18:25.523+0700] {subprocess.py:93} INFO - 	at org.apache.spark.sql.SparkSession.withActive(SparkSession.scala:900)
[2025-10-29T03:18:25.523+0700] {subprocess.py:93} INFO - 	at org.apache.spark.sql.execution.streaming.StreamExecution.org$apache$spark$sql$execution$streaming$StreamExecution$$runStream(StreamExecution.scala:289)
[2025-10-29T03:18:25.523+0700] {subprocess.py:93} INFO - 	at org.apache.spark.sql.execution.streaming.StreamExecution$$anon$1.$anonfun$run$1(StreamExecution.scala:211)
[2025-10-29T03:18:25.524+0700] {subprocess.py:93} INFO - 	at scala.runtime.java8.JFunction0$mcV$sp.apply(JFunction0$mcV$sp.java:23)
[2025-10-29T03:18:25.524+0700] {subprocess.py:93} INFO - 	at org.apache.spark.JobArtifactSet$.withActiveJobArtifactState(JobArtifactSet.scala:94)
[2025-10-29T03:18:25.524+0700] {subprocess.py:93} INFO - 	at org.apache.spark.sql.execution.streaming.StreamExecution$$anon$1.run(StreamExecution.scala:211)
[2025-10-29T03:18:25.589+0700] {subprocess.py:93} INFO - Traceback (most recent call last):
[2025-10-29T03:18:25.590+0700] {subprocess.py:93} INFO -   File "/opt/***/projects/absa_streaming/scripts/consumer_postgres_streaming.py", line 175, in <module>
[2025-10-29T03:18:25.590+0700] {subprocess.py:93} INFO -     query.awaitTermination()
[2025-10-29T03:18:25.590+0700] {subprocess.py:93} INFO -   File "/home/***/.local/lib/python3.12/site-packages/pyspark/python/lib/pyspark.zip/pyspark/sql/streaming/query.py", line 221, in awaitTermination
[2025-10-29T03:18:25.590+0700] {subprocess.py:93} INFO -   File "/home/***/.local/lib/python3.12/site-packages/pyspark/python/lib/py4j-0.10.9.7-src.zip/py4j/java_gateway.py", line 1322, in __call__
[2025-10-29T03:18:25.590+0700] {subprocess.py:93} INFO -   File "/home/***/.local/lib/python3.12/site-packages/pyspark/python/lib/pyspark.zip/pyspark/errors/exceptions/captured.py", line 185, in deco
[2025-10-29T03:18:25.591+0700] {subprocess.py:93} INFO - pyspark.errors.exceptions.captured.StreamingQueryException: [STREAM_FAILED] Query [id = 7b63f4b5-9d66-488c-b508-99722a13f25e, runId = 2cbdc10f-4148-422c-a74c-3536ed30c8f7] terminated with exception: An exception was raised by the Python Proxy. Return Message: Traceback (most recent call last):
[2025-10-29T03:18:25.591+0700] {subprocess.py:93} INFO -   File "/home/***/.local/lib/python3.12/site-packages/pyspark/python/lib/py4j-0.10.9.7-src.zip/py4j/clientserver.py", line 617, in _call_proxy
[2025-10-29T03:18:25.591+0700] {subprocess.py:93} INFO -     return_value = getattr(self.pool[obj_id], method)(*params)
[2025-10-29T03:18:25.591+0700] {subprocess.py:93} INFO -                    ^^^^^^^^^^^^^^^^^^^^^^^^^^^^^^^^^^^^^^^^^^^
[2025-10-29T03:18:25.592+0700] {subprocess.py:93} INFO -   File "/home/***/.local/lib/python3.12/site-packages/pyspark/python/lib/pyspark.zip/pyspark/sql/utils.py", line 120, in call
[2025-10-29T03:18:25.592+0700] {subprocess.py:93} INFO -     raise e
[2025-10-29T03:18:25.592+0700] {subprocess.py:93} INFO -   File "/home/***/.local/lib/python3.12/site-packages/pyspark/python/lib/pyspark.zip/pyspark/sql/utils.py", line 117, in call
[2025-10-29T03:18:25.592+0700] {subprocess.py:93} INFO -     self.func(DataFrame(jdf, wrapped_session_jdf), batch_id)
[2025-10-29T03:18:25.592+0700] {subprocess.py:93} INFO -   File "/opt/***/projects/absa_streaming/scripts/consumer_postgres_streaming.py", line 125, in write_to_postgres
[2025-10-29T03:18:25.592+0700] {subprocess.py:93} INFO -     total_rows = batch_df.count()
[2025-10-29T03:18:25.592+0700] {subprocess.py:93} INFO -                  ^^^^^^^^^^^^^^^^
[2025-10-29T03:18:25.592+0700] {subprocess.py:93} INFO -   File "/home/***/.local/lib/python3.12/site-packages/pyspark/python/lib/pyspark.zip/pyspark/sql/dataframe.py", line 1238, in count
[2025-10-29T03:18:25.592+0700] {subprocess.py:93} INFO -     return int(self._jdf.count())
[2025-10-29T03:18:25.592+0700] {subprocess.py:93} INFO -                ^^^^^^^^^^^^^^^^^
[2025-10-29T03:18:25.593+0700] {subprocess.py:93} INFO -   File "/home/***/.local/lib/python3.12/site-packages/pyspark/python/lib/py4j-0.10.9.7-src.zip/py4j/java_gateway.py", line 1322, in __call__
[2025-10-29T03:18:25.593+0700] {subprocess.py:93} INFO -     return_value = get_return_value(
[2025-10-29T03:18:25.593+0700] {subprocess.py:93} INFO -                    ^^^^^^^^^^^^^^^^^
[2025-10-29T03:18:25.593+0700] {subprocess.py:93} INFO -   File "/home/***/.local/lib/python3.12/site-packages/pyspark/python/lib/pyspark.zip/pyspark/errors/exceptions/captured.py", line 185, in deco
[2025-10-29T03:18:25.593+0700] {subprocess.py:93} INFO -     raise converted from None
[2025-10-29T03:18:25.593+0700] {subprocess.py:93} INFO - pyspark.errors.exceptions.captured.PythonException:
[2025-10-29T03:18:25.593+0700] {subprocess.py:93} INFO -   An exception was thrown from the Python worker. Please see the stack trace below.
[2025-10-29T03:18:25.593+0700] {subprocess.py:93} INFO - Traceback (most recent call last):
[2025-10-29T03:18:25.593+0700] {subprocess.py:93} INFO -   File "/opt/***/projects/absa_streaming/scripts/consumer_postgres_streaming.py", line 73, in absa_infer_udf
[2025-10-29T03:18:25.593+0700] {subprocess.py:93} INFO -     _tokenizer = AutoTokenizer.from_pretrained(MODEL_NAME, use_fast=True)
[2025-10-29T03:18:25.593+0700] {subprocess.py:93} INFO -                  ^^^^^^^^^^^^^^^^^^^^^^^^^^^^^^^^^^^^^^^^^^^^^^^^^^^^^^^^
[2025-10-29T03:18:25.594+0700] {subprocess.py:93} INFO -   File "/home/***/.local/lib/python3.12/site-packages/transformers/models/auto/tokenization_auto.py", line 817, in from_pretrained
[2025-10-29T03:18:25.594+0700] {subprocess.py:93} INFO -     tokenizer_config = get_tokenizer_config(pretrained_model_name_or_path, **kwargs)
[2025-10-29T03:18:25.594+0700] {subprocess.py:93} INFO -                        ^^^^^^^^^^^^^^^^^^^^^^^^^^^^^^^^^^^^^^^^^^^^^^^^^^^^^^^^^^^^^
[2025-10-29T03:18:25.594+0700] {subprocess.py:93} INFO -   File "/home/***/.local/lib/python3.12/site-packages/transformers/models/auto/tokenization_auto.py", line 649, in get_tokenizer_config
[2025-10-29T03:18:25.594+0700] {subprocess.py:93} INFO -     resolved_config_file = cached_file(
[2025-10-29T03:18:25.594+0700] {subprocess.py:93} INFO -                            ^^^^^^^^^^^^
[2025-10-29T03:18:25.594+0700] {subprocess.py:93} INFO -   File "/home/***/.local/lib/python3.12/site-packages/transformers/utils/hub.py", line 462, in cached_file
[2025-10-29T03:18:25.594+0700] {subprocess.py:93} INFO -     except HFValidationError as e:
[2025-10-29T03:18:25.594+0700] {subprocess.py:93} INFO -   File "/home/***/.local/lib/python3.12/site-packages/huggingface_hub/utils/_validators.py", line 114, in _inner_fn
[2025-10-29T03:18:25.594+0700] {subprocess.py:93} INFO -     return fn(*args, **kwargs)
[2025-10-29T03:18:25.595+0700] {subprocess.py:93} INFO -            ^^^^^^^^^^^^^^^^^^^
[2025-10-29T03:18:25.595+0700] {subprocess.py:93} INFO -   File "/home/***/.local/lib/python3.12/site-packages/huggingface_hub/file_download.py", line 1007, in hf_hub_download
[2025-10-29T03:18:25.595+0700] {subprocess.py:93} INFO -     return _hf_hub_download_to_cache_dir(
[2025-10-29T03:18:25.595+0700] {subprocess.py:93} INFO -            ^^^^^^^^^^^^^^^^^^^^^^^^^^^^^^
[2025-10-29T03:18:25.595+0700] {subprocess.py:93} INFO -   File "/home/***/.local/lib/python3.12/site-packages/huggingface_hub/file_download.py", line 1124, in _hf_hub_download_to_cache_dir
[2025-10-29T03:18:25.595+0700] {subprocess.py:93} INFO -     os.makedirs(os.path.dirname(blob_path), exist_ok=True)
[2025-10-29T03:18:25.595+0700] {subprocess.py:93} INFO -   File "<frozen os>", line 216, in makedirs
[2025-10-29T03:18:25.595+0700] {subprocess.py:93} INFO -   File "<frozen os>", line 216, in makedirs
[2025-10-29T03:18:25.595+0700] {subprocess.py:93} INFO -   File "<frozen os>", line 216, in makedirs
[2025-10-29T03:18:25.595+0700] {subprocess.py:93} INFO -   File "<frozen os>", line 230, in makedirs
[2025-10-29T03:18:25.595+0700] {subprocess.py:93} INFO - PermissionError: [Errno 13] Permission denied: '/home/***/.cache/huggingface'
[2025-10-29T03:18:25.596+0700] {subprocess.py:93} INFO - 
[2025-10-29T03:18:25.596+0700] {subprocess.py:93} INFO - 
[2025-10-29T03:18:26.147+0700] {subprocess.py:97} INFO - Command exited with return code 1
[2025-10-29T03:18:26.148+0700] {taskinstance.py:441} INFO - ::group::Post task execution logs
[2025-10-29T03:18:26.156+0700] {taskinstance.py:2890} ERROR - Task failed with exception
Traceback (most recent call last):
  File "/home/airflow/.local/lib/python3.12/site-packages/airflow/models/taskinstance.py", line 460, in _execute_task
    result = _execute_callable(context=context, **execute_callable_kwargs)
             ^^^^^^^^^^^^^^^^^^^^^^^^^^^^^^^^^^^^^^^^^^^^^^^^^^^^^^^^^^^^^
  File "/home/airflow/.local/lib/python3.12/site-packages/airflow/models/taskinstance.py", line 432, in _execute_callable
    return execute_callable(context=context, **execute_callable_kwargs)
           ^^^^^^^^^^^^^^^^^^^^^^^^^^^^^^^^^^^^^^^^^^^^^^^^^^^^^^^^^^^^
  File "/home/airflow/.local/lib/python3.12/site-packages/airflow/models/baseoperator.py", line 400, in wrapper
    return func(self, *args, **kwargs)
           ^^^^^^^^^^^^^^^^^^^^^^^^^^^
  File "/home/airflow/.local/lib/python3.12/site-packages/airflow/operators/bash.py", line 243, in execute
    raise AirflowException(
airflow.exceptions.AirflowException: Bash command failed. The command returned a non-zero exit code 1.
[2025-10-29T03:18:26.160+0700] {taskinstance.py:1205} INFO - Marking task as UP_FOR_RETRY. dag_id=absa_streaming_lifecycle_demo1, task_id=deploy_consumer, execution_date=20251028T190000, start_date=20251028T201807, end_date=20251028T201826
[2025-10-29T03:18:26.169+0700] {standard_task_runner.py:110} ERROR - Failed to execute job 16 for task deploy_consumer (Bash command failed. The command returned a non-zero exit code 1.; 4730)
[2025-10-29T03:18:26.204+0700] {local_task_job_runner.py:240} INFO - Task exited with return code 1
[2025-10-29T03:18:26.217+0700] {taskinstance.py:3482} INFO - 0 downstream tasks scheduled from follow-on schedule check
[2025-10-29T03:18:26.218+0700] {local_task_job_runner.py:222} INFO - ::endgroup::
