[2025-10-29T03:14:17.362+0700] {local_task_job_runner.py:120} INFO - ::group::Pre task execution logs
[2025-10-29T03:14:17.375+0700] {taskinstance.py:2073} INFO - Dependencies all met for dep_context=non-requeueable deps ti=<TaskInstance: absa_streaming_lifecycle_demo1.deploy_consumer scheduled__2025-10-28T19:00:00+00:00 [queued]>
[2025-10-29T03:14:17.379+0700] {taskinstance.py:2073} INFO - Dependencies all met for dep_context=requeueable deps ti=<TaskInstance: absa_streaming_lifecycle_demo1.deploy_consumer scheduled__2025-10-28T19:00:00+00:00 [queued]>
[2025-10-29T03:14:17.379+0700] {taskinstance.py:2303} INFO - Starting attempt 4 of 8
[2025-10-29T03:14:17.387+0700] {taskinstance.py:2327} INFO - Executing <Task(BashOperator): deploy_consumer> on 2025-10-28 19:00:00+00:00
[2025-10-29T03:14:17.393+0700] {warnings.py:110} WARNING - /home/***/.local/lib/python3.12/site-packages/***/task/task_runner/standard_task_runner.py:61: DeprecationWarning: This process (pid=2408) is multi-threaded, use of fork() may lead to deadlocks in the child.
  pid = os.fork()

[2025-10-29T03:14:17.394+0700] {standard_task_runner.py:63} INFO - Started process 2410 to run task
[2025-10-29T03:14:17.394+0700] {standard_task_runner.py:90} INFO - Running: ['***', 'tasks', 'run', 'absa_streaming_lifecycle_demo1', 'deploy_consumer', 'scheduled__2025-10-28T19:00:00+00:00', '--job-id', '11', '--raw', '--subdir', 'DAGS_FOLDER/absa_streaming_lifecycle_dag1.py', '--cfg-path', '/tmp/tmpdq2l77mk']
[2025-10-29T03:14:17.396+0700] {standard_task_runner.py:91} INFO - Job 11: Subtask deploy_consumer
[2025-10-29T03:14:17.418+0700] {task_command.py:426} INFO - Running <TaskInstance: absa_streaming_lifecycle_demo1.deploy_consumer scheduled__2025-10-28T19:00:00+00:00 [running]> on host dfeadd712fc3
[2025-10-29T03:14:17.456+0700] {taskinstance.py:2644} INFO - Exporting env vars: AIRFLOW_CTX_DAG_OWNER='***' AIRFLOW_CTX_DAG_ID='absa_streaming_lifecycle_demo1' AIRFLOW_CTX_TASK_ID='deploy_consumer' AIRFLOW_CTX_EXECUTION_DATE='2025-10-28T19:00:00+00:00' AIRFLOW_CTX_TRY_NUMBER='4' AIRFLOW_CTX_DAG_RUN_ID='scheduled__2025-10-28T19:00:00+00:00'
[2025-10-29T03:14:17.457+0700] {taskinstance.py:430} INFO - ::endgroup::
[2025-10-29T03:14:17.457+0700] {subprocess.py:63} INFO - Tmp dir root location: /tmp
[2025-10-29T03:14:17.458+0700] {subprocess.py:75} INFO - Running command: ['/usr/bin/bash', '-c', 'bash -c "timeout 45m /opt/***/projects/absa_streaming/scripts/run_consumer.sh"']
[2025-10-29T03:14:17.469+0700] {subprocess.py:86} INFO - Output:
[2025-10-29T03:14:17.474+0700] {subprocess.py:93} INFO - [Consumer] Starting Spark Structured Streaming job...
[2025-10-29T03:14:17.504+0700] {subprocess.py:93} INFO - /home/***/.local/lib/python3.12/site-packages/pyspark/bin/load-spark-env.sh: line 68: ps: command not found
[2025-10-29T03:14:18.425+0700] {subprocess.py:93} INFO - :: loading settings :: url = jar:file:/home/***/.local/lib/python3.12/site-packages/pyspark/jars/ivy-2.5.1.jar!/org/apache/ivy/core/settings/ivysettings.xml
[2025-10-29T03:14:18.478+0700] {subprocess.py:93} INFO - Ivy Default Cache set to: /home/***/.ivy2/cache
[2025-10-29T03:14:18.479+0700] {subprocess.py:93} INFO - The jars for the packages stored in: /home/***/.ivy2/jars
[2025-10-29T03:14:18.482+0700] {subprocess.py:93} INFO - org.apache.spark#spark-sql-kafka-0-10_2.12 added as a dependency
[2025-10-29T03:14:18.482+0700] {subprocess.py:93} INFO - org.postgresql#postgresql added as a dependency
[2025-10-29T03:14:18.483+0700] {subprocess.py:93} INFO - :: resolving dependencies :: org.apache.spark#spark-submit-parent-6a96f4c8-5430-4138-9000-ca3d57a82295;1.0
[2025-10-29T03:14:18.483+0700] {subprocess.py:93} INFO - 	confs: [default]
[2025-10-29T03:14:18.612+0700] {subprocess.py:93} INFO - 	found org.apache.spark#spark-sql-kafka-0-10_2.12;3.5.1 in central
[2025-10-29T03:14:18.646+0700] {subprocess.py:93} INFO - 	found org.apache.spark#spark-token-provider-kafka-0-10_2.12;3.5.1 in central
[2025-10-29T03:14:18.671+0700] {subprocess.py:93} INFO - 	found org.apache.kafka#kafka-clients;3.4.1 in central
[2025-10-29T03:14:18.694+0700] {subprocess.py:93} INFO - 	found org.lz4#lz4-java;1.8.0 in central
[2025-10-29T03:14:18.717+0700] {subprocess.py:93} INFO - 	found org.xerial.snappy#snappy-java;1.1.10.3 in central
[2025-10-29T03:14:18.734+0700] {subprocess.py:93} INFO - 	found org.slf4j#slf4j-api;2.0.7 in central
[2025-10-29T03:14:18.750+0700] {subprocess.py:93} INFO - 	found org.apache.hadoop#hadoop-client-runtime;3.3.4 in central
[2025-10-29T03:14:18.769+0700] {subprocess.py:93} INFO - 	found org.apache.hadoop#hadoop-client-api;3.3.4 in central
[2025-10-29T03:14:18.790+0700] {subprocess.py:93} INFO - 	found commons-logging#commons-logging;1.1.3 in central
[2025-10-29T03:14:18.805+0700] {subprocess.py:93} INFO - 	found com.google.code.findbugs#jsr305;3.0.0 in central
[2025-10-29T03:14:18.819+0700] {subprocess.py:93} INFO - 	found org.apache.commons#commons-pool2;2.11.1 in central
[2025-10-29T03:14:18.829+0700] {subprocess.py:93} INFO - 	found org.postgresql#postgresql;42.6.0 in central
[2025-10-29T03:14:18.837+0700] {subprocess.py:93} INFO - 	found org.checkerframework#checker-qual;3.31.0 in central
[2025-10-29T03:14:18.856+0700] {subprocess.py:93} INFO - :: resolution report :: resolve 361ms :: artifacts dl 12ms
[2025-10-29T03:14:18.856+0700] {subprocess.py:93} INFO - 	:: modules in use:
[2025-10-29T03:14:18.856+0700] {subprocess.py:93} INFO - 	com.google.code.findbugs#jsr305;3.0.0 from central in [default]
[2025-10-29T03:14:18.857+0700] {subprocess.py:93} INFO - 	commons-logging#commons-logging;1.1.3 from central in [default]
[2025-10-29T03:14:18.857+0700] {subprocess.py:93} INFO - 	org.apache.commons#commons-pool2;2.11.1 from central in [default]
[2025-10-29T03:14:18.857+0700] {subprocess.py:93} INFO - 	org.apache.hadoop#hadoop-client-api;3.3.4 from central in [default]
[2025-10-29T03:14:18.857+0700] {subprocess.py:93} INFO - 	org.apache.hadoop#hadoop-client-runtime;3.3.4 from central in [default]
[2025-10-29T03:14:18.857+0700] {subprocess.py:93} INFO - 	org.apache.kafka#kafka-clients;3.4.1 from central in [default]
[2025-10-29T03:14:18.857+0700] {subprocess.py:93} INFO - 	org.apache.spark#spark-sql-kafka-0-10_2.12;3.5.1 from central in [default]
[2025-10-29T03:14:18.857+0700] {subprocess.py:93} INFO - 	org.apache.spark#spark-token-provider-kafka-0-10_2.12;3.5.1 from central in [default]
[2025-10-29T03:14:18.858+0700] {subprocess.py:93} INFO - 	org.checkerframework#checker-qual;3.31.0 from central in [default]
[2025-10-29T03:14:18.858+0700] {subprocess.py:93} INFO - 	org.lz4#lz4-java;1.8.0 from central in [default]
[2025-10-29T03:14:18.858+0700] {subprocess.py:93} INFO - 	org.postgresql#postgresql;42.6.0 from central in [default]
[2025-10-29T03:14:18.858+0700] {subprocess.py:93} INFO - 	org.slf4j#slf4j-api;2.0.7 from central in [default]
[2025-10-29T03:14:18.858+0700] {subprocess.py:93} INFO - 	org.xerial.snappy#snappy-java;1.1.10.3 from central in [default]
[2025-10-29T03:14:18.858+0700] {subprocess.py:93} INFO - 	---------------------------------------------------------------------
[2025-10-29T03:14:18.858+0700] {subprocess.py:93} INFO - 	|                  |            modules            ||   artifacts   |
[2025-10-29T03:14:18.859+0700] {subprocess.py:93} INFO - 	|       conf       | number| search|dwnlded|evicted|| number|dwnlded|
[2025-10-29T03:14:18.859+0700] {subprocess.py:93} INFO - 	---------------------------------------------------------------------
[2025-10-29T03:14:18.859+0700] {subprocess.py:93} INFO - 	|      default     |   13  |   0   |   0   |   0   ||   13  |   0   |
[2025-10-29T03:14:18.859+0700] {subprocess.py:93} INFO - 	---------------------------------------------------------------------
[2025-10-29T03:14:18.862+0700] {subprocess.py:93} INFO - :: retrieving :: org.apache.spark#spark-submit-parent-6a96f4c8-5430-4138-9000-ca3d57a82295
[2025-10-29T03:14:18.862+0700] {subprocess.py:93} INFO - 	confs: [default]
[2025-10-29T03:14:18.869+0700] {subprocess.py:93} INFO - 	0 artifacts copied, 13 already retrieved (0kB/7ms)
[2025-10-29T03:14:19.005+0700] {subprocess.py:93} INFO - 25/10/29 03:14:19 WARN NativeCodeLoader: Unable to load native-hadoop library for your platform... using builtin-java classes where applicable
[2025-10-29T03:14:22.605+0700] {subprocess.py:93} INFO - There was a problem when trying to write in your cache folder (/home/***/.cache/huggingface/hub). You should set the environment variable TRANSFORMERS_CACHE to a writable directory.
[2025-10-29T03:14:22.741+0700] {subprocess.py:93} INFO - 25/10/29 03:14:22 INFO SparkContext: Running Spark version 3.5.1
[2025-10-29T03:14:22.741+0700] {subprocess.py:93} INFO - 25/10/29 03:14:22 INFO SparkContext: OS info Linux, 6.14.0-33-generic, amd64
[2025-10-29T03:14:22.741+0700] {subprocess.py:93} INFO - 25/10/29 03:14:22 INFO SparkContext: Java version 17.0.17
[2025-10-29T03:14:22.756+0700] {subprocess.py:93} INFO - 25/10/29 03:14:22 INFO ResourceUtils: ==============================================================
[2025-10-29T03:14:22.757+0700] {subprocess.py:93} INFO - 25/10/29 03:14:22 INFO ResourceUtils: No custom resources configured for spark.driver.
[2025-10-29T03:14:22.757+0700] {subprocess.py:93} INFO - 25/10/29 03:14:22 INFO ResourceUtils: ==============================================================
[2025-10-29T03:14:22.757+0700] {subprocess.py:93} INFO - 25/10/29 03:14:22 INFO SparkContext: Submitted application: Kafka_ABSA_Postgres
[2025-10-29T03:14:22.771+0700] {subprocess.py:93} INFO - 25/10/29 03:14:22 INFO ResourceProfile: Default ResourceProfile created, executor resources: Map(cores -> name: cores, amount: 1, script: , vendor: , memory -> name: memory, amount: 1024, script: , vendor: , offHeap -> name: offHeap, amount: 0, script: , vendor: ), task resources: Map(cpus -> name: cpus, amount: 1.0)
[2025-10-29T03:14:22.777+0700] {subprocess.py:93} INFO - 25/10/29 03:14:22 INFO ResourceProfile: Limiting resource is cpu
[2025-10-29T03:14:22.777+0700] {subprocess.py:93} INFO - 25/10/29 03:14:22 INFO ResourceProfileManager: Added ResourceProfile id: 0
[2025-10-29T03:14:22.811+0700] {subprocess.py:93} INFO - 25/10/29 03:14:22 INFO SecurityManager: Changing view acls to: default
[2025-10-29T03:14:22.812+0700] {subprocess.py:93} INFO - 25/10/29 03:14:22 INFO SecurityManager: Changing modify acls to: default
[2025-10-29T03:14:22.812+0700] {subprocess.py:93} INFO - 25/10/29 03:14:22 INFO SecurityManager: Changing view acls groups to:
[2025-10-29T03:14:22.812+0700] {subprocess.py:93} INFO - 25/10/29 03:14:22 INFO SecurityManager: Changing modify acls groups to:
[2025-10-29T03:14:22.813+0700] {subprocess.py:93} INFO - 25/10/29 03:14:22 INFO SecurityManager: SecurityManager: authentication disabled; ui acls disabled; users with view permissions: default; groups with view permissions: EMPTY; users with modify permissions: default; groups with modify permissions: EMPTY
[2025-10-29T03:14:22.958+0700] {subprocess.py:93} INFO - 25/10/29 03:14:22 INFO Utils: Successfully started service 'sparkDriver' on port 36047.
[2025-10-29T03:14:22.975+0700] {subprocess.py:93} INFO - 25/10/29 03:14:22 INFO SparkEnv: Registering MapOutputTracker
[2025-10-29T03:14:23.001+0700] {subprocess.py:93} INFO - 25/10/29 03:14:23 INFO SparkEnv: Registering BlockManagerMaster
[2025-10-29T03:14:23.013+0700] {subprocess.py:93} INFO - 25/10/29 03:14:23 INFO BlockManagerMasterEndpoint: Using org.apache.spark.storage.DefaultTopologyMapper for getting topology information
[2025-10-29T03:14:23.014+0700] {subprocess.py:93} INFO - 25/10/29 03:14:23 INFO BlockManagerMasterEndpoint: BlockManagerMasterEndpoint up
[2025-10-29T03:14:23.016+0700] {subprocess.py:93} INFO - 25/10/29 03:14:23 INFO SparkEnv: Registering BlockManagerMasterHeartbeat
[2025-10-29T03:14:23.032+0700] {subprocess.py:93} INFO - 25/10/29 03:14:23 INFO DiskBlockManager: Created local directory at /tmp/blockmgr-d6450f31-8ade-4f05-83bd-ecad2975a707
[2025-10-29T03:14:23.042+0700] {subprocess.py:93} INFO - 25/10/29 03:14:23 INFO MemoryStore: MemoryStore started with capacity 434.4 MiB
[2025-10-29T03:14:23.054+0700] {subprocess.py:93} INFO - 25/10/29 03:14:23 INFO SparkEnv: Registering OutputCommitCoordinator
[2025-10-29T03:14:23.145+0700] {subprocess.py:93} INFO - 25/10/29 03:14:23 INFO JettyUtils: Start Jetty 0.0.0.0:4040 for SparkUI
[2025-10-29T03:14:23.188+0700] {subprocess.py:93} INFO - 25/10/29 03:14:23 INFO Utils: Successfully started service 'SparkUI' on port 4040.
[2025-10-29T03:14:23.216+0700] {subprocess.py:93} INFO - 25/10/29 03:14:23 INFO SparkContext: Added JAR file:///home/***/.ivy2/jars/org.apache.spark_spark-sql-kafka-0-10_2.12-3.5.1.jar at spark://dfeadd712fc3:36047/jars/org.apache.spark_spark-sql-kafka-0-10_2.12-3.5.1.jar with timestamp 1761682462735
[2025-10-29T03:14:23.216+0700] {subprocess.py:93} INFO - 25/10/29 03:14:23 INFO SparkContext: Added JAR file:///home/***/.ivy2/jars/org.postgresql_postgresql-42.6.0.jar at spark://dfeadd712fc3:36047/jars/org.postgresql_postgresql-42.6.0.jar with timestamp 1761682462735
[2025-10-29T03:14:23.216+0700] {subprocess.py:93} INFO - 25/10/29 03:14:23 INFO SparkContext: Added JAR file:///home/***/.ivy2/jars/org.apache.spark_spark-token-provider-kafka-0-10_2.12-3.5.1.jar at spark://dfeadd712fc3:36047/jars/org.apache.spark_spark-token-provider-kafka-0-10_2.12-3.5.1.jar with timestamp 1761682462735
[2025-10-29T03:14:23.217+0700] {subprocess.py:93} INFO - 25/10/29 03:14:23 INFO SparkContext: Added JAR file:///home/***/.ivy2/jars/org.apache.kafka_kafka-clients-3.4.1.jar at spark://dfeadd712fc3:36047/jars/org.apache.kafka_kafka-clients-3.4.1.jar with timestamp 1761682462735
[2025-10-29T03:14:23.217+0700] {subprocess.py:93} INFO - 25/10/29 03:14:23 INFO SparkContext: Added JAR file:///home/***/.ivy2/jars/com.google.code.findbugs_jsr305-3.0.0.jar at spark://dfeadd712fc3:36047/jars/com.google.code.findbugs_jsr305-3.0.0.jar with timestamp 1761682462735
[2025-10-29T03:14:23.217+0700] {subprocess.py:93} INFO - 25/10/29 03:14:23 INFO SparkContext: Added JAR file:///home/***/.ivy2/jars/org.apache.commons_commons-pool2-2.11.1.jar at spark://dfeadd712fc3:36047/jars/org.apache.commons_commons-pool2-2.11.1.jar with timestamp 1761682462735
[2025-10-29T03:14:23.217+0700] {subprocess.py:93} INFO - 25/10/29 03:14:23 INFO SparkContext: Added JAR file:///home/***/.ivy2/jars/org.apache.hadoop_hadoop-client-runtime-3.3.4.jar at spark://dfeadd712fc3:36047/jars/org.apache.hadoop_hadoop-client-runtime-3.3.4.jar with timestamp 1761682462735
[2025-10-29T03:14:23.217+0700] {subprocess.py:93} INFO - 25/10/29 03:14:23 INFO SparkContext: Added JAR file:///home/***/.ivy2/jars/org.lz4_lz4-java-1.8.0.jar at spark://dfeadd712fc3:36047/jars/org.lz4_lz4-java-1.8.0.jar with timestamp 1761682462735
[2025-10-29T03:14:23.217+0700] {subprocess.py:93} INFO - 25/10/29 03:14:23 INFO SparkContext: Added JAR file:///home/***/.ivy2/jars/org.xerial.snappy_snappy-java-1.1.10.3.jar at spark://dfeadd712fc3:36047/jars/org.xerial.snappy_snappy-java-1.1.10.3.jar with timestamp 1761682462735
[2025-10-29T03:14:23.218+0700] {subprocess.py:93} INFO - 25/10/29 03:14:23 INFO SparkContext: Added JAR file:///home/***/.ivy2/jars/org.slf4j_slf4j-api-2.0.7.jar at spark://dfeadd712fc3:36047/jars/org.slf4j_slf4j-api-2.0.7.jar with timestamp 1761682462735
[2025-10-29T03:14:23.218+0700] {subprocess.py:93} INFO - 25/10/29 03:14:23 INFO SparkContext: Added JAR file:///home/***/.ivy2/jars/org.apache.hadoop_hadoop-client-api-3.3.4.jar at spark://dfeadd712fc3:36047/jars/org.apache.hadoop_hadoop-client-api-3.3.4.jar with timestamp 1761682462735
[2025-10-29T03:14:23.218+0700] {subprocess.py:93} INFO - 25/10/29 03:14:23 INFO SparkContext: Added JAR file:///home/***/.ivy2/jars/commons-logging_commons-logging-1.1.3.jar at spark://dfeadd712fc3:36047/jars/commons-logging_commons-logging-1.1.3.jar with timestamp 1761682462735
[2025-10-29T03:14:23.218+0700] {subprocess.py:93} INFO - 25/10/29 03:14:23 INFO SparkContext: Added JAR file:///home/***/.ivy2/jars/org.checkerframework_checker-qual-3.31.0.jar at spark://dfeadd712fc3:36047/jars/org.checkerframework_checker-qual-3.31.0.jar with timestamp 1761682462735
[2025-10-29T03:14:23.220+0700] {subprocess.py:93} INFO - 25/10/29 03:14:23 INFO SparkContext: Added file file:///home/***/.ivy2/jars/org.apache.spark_spark-sql-kafka-0-10_2.12-3.5.1.jar at file:///home/***/.ivy2/jars/org.apache.spark_spark-sql-kafka-0-10_2.12-3.5.1.jar with timestamp 1761682462735
[2025-10-29T03:14:23.221+0700] {subprocess.py:93} INFO - 25/10/29 03:14:23 INFO Utils: Copying /home/***/.ivy2/jars/org.apache.spark_spark-sql-kafka-0-10_2.12-3.5.1.jar to /tmp/spark-a7f9a466-7e80-43c9-bf79-b1e99e7969c0/userFiles-4c8082f1-c4ec-47f2-ac71-d42f253d8c61/org.apache.spark_spark-sql-kafka-0-10_2.12-3.5.1.jar
[2025-10-29T03:14:23.228+0700] {subprocess.py:93} INFO - 25/10/29 03:14:23 INFO SparkContext: Added file file:///home/***/.ivy2/jars/org.postgresql_postgresql-42.6.0.jar at file:///home/***/.ivy2/jars/org.postgresql_postgresql-42.6.0.jar with timestamp 1761682462735
[2025-10-29T03:14:23.229+0700] {subprocess.py:93} INFO - 25/10/29 03:14:23 INFO Utils: Copying /home/***/.ivy2/jars/org.postgresql_postgresql-42.6.0.jar to /tmp/spark-a7f9a466-7e80-43c9-bf79-b1e99e7969c0/userFiles-4c8082f1-c4ec-47f2-ac71-d42f253d8c61/org.postgresql_postgresql-42.6.0.jar
[2025-10-29T03:14:23.232+0700] {subprocess.py:93} INFO - 25/10/29 03:14:23 INFO SparkContext: Added file file:///home/***/.ivy2/jars/org.apache.spark_spark-token-provider-kafka-0-10_2.12-3.5.1.jar at file:///home/***/.ivy2/jars/org.apache.spark_spark-token-provider-kafka-0-10_2.12-3.5.1.jar with timestamp 1761682462735
[2025-10-29T03:14:23.233+0700] {subprocess.py:93} INFO - 25/10/29 03:14:23 INFO Utils: Copying /home/***/.ivy2/jars/org.apache.spark_spark-token-provider-kafka-0-10_2.12-3.5.1.jar to /tmp/spark-a7f9a466-7e80-43c9-bf79-b1e99e7969c0/userFiles-4c8082f1-c4ec-47f2-ac71-d42f253d8c61/org.apache.spark_spark-token-provider-kafka-0-10_2.12-3.5.1.jar
[2025-10-29T03:14:23.236+0700] {subprocess.py:93} INFO - 25/10/29 03:14:23 INFO SparkContext: Added file file:///home/***/.ivy2/jars/org.apache.kafka_kafka-clients-3.4.1.jar at file:///home/***/.ivy2/jars/org.apache.kafka_kafka-clients-3.4.1.jar with timestamp 1761682462735
[2025-10-29T03:14:23.236+0700] {subprocess.py:93} INFO - 25/10/29 03:14:23 INFO Utils: Copying /home/***/.ivy2/jars/org.apache.kafka_kafka-clients-3.4.1.jar to /tmp/spark-a7f9a466-7e80-43c9-bf79-b1e99e7969c0/userFiles-4c8082f1-c4ec-47f2-ac71-d42f253d8c61/org.apache.kafka_kafka-clients-3.4.1.jar
[2025-10-29T03:14:23.241+0700] {subprocess.py:93} INFO - 25/10/29 03:14:23 INFO SparkContext: Added file file:///home/***/.ivy2/jars/com.google.code.findbugs_jsr305-3.0.0.jar at file:///home/***/.ivy2/jars/com.google.code.findbugs_jsr305-3.0.0.jar with timestamp 1761682462735
[2025-10-29T03:14:23.242+0700] {subprocess.py:93} INFO - 25/10/29 03:14:23 INFO Utils: Copying /home/***/.ivy2/jars/com.google.code.findbugs_jsr305-3.0.0.jar to /tmp/spark-a7f9a466-7e80-43c9-bf79-b1e99e7969c0/userFiles-4c8082f1-c4ec-47f2-ac71-d42f253d8c61/com.google.code.findbugs_jsr305-3.0.0.jar
[2025-10-29T03:14:23.245+0700] {subprocess.py:93} INFO - 25/10/29 03:14:23 INFO SparkContext: Added file file:///home/***/.ivy2/jars/org.apache.commons_commons-pool2-2.11.1.jar at file:///home/***/.ivy2/jars/org.apache.commons_commons-pool2-2.11.1.jar with timestamp 1761682462735
[2025-10-29T03:14:23.245+0700] {subprocess.py:93} INFO - 25/10/29 03:14:23 INFO Utils: Copying /home/***/.ivy2/jars/org.apache.commons_commons-pool2-2.11.1.jar to /tmp/spark-a7f9a466-7e80-43c9-bf79-b1e99e7969c0/userFiles-4c8082f1-c4ec-47f2-ac71-d42f253d8c61/org.apache.commons_commons-pool2-2.11.1.jar
[2025-10-29T03:14:23.248+0700] {subprocess.py:93} INFO - 25/10/29 03:14:23 INFO SparkContext: Added file file:///home/***/.ivy2/jars/org.apache.hadoop_hadoop-client-runtime-3.3.4.jar at file:///home/***/.ivy2/jars/org.apache.hadoop_hadoop-client-runtime-3.3.4.jar with timestamp 1761682462735
[2025-10-29T03:14:23.249+0700] {subprocess.py:93} INFO - 25/10/29 03:14:23 INFO Utils: Copying /home/***/.ivy2/jars/org.apache.hadoop_hadoop-client-runtime-3.3.4.jar to /tmp/spark-a7f9a466-7e80-43c9-bf79-b1e99e7969c0/userFiles-4c8082f1-c4ec-47f2-ac71-d42f253d8c61/org.apache.hadoop_hadoop-client-runtime-3.3.4.jar
[2025-10-29T03:14:23.268+0700] {subprocess.py:93} INFO - 25/10/29 03:14:23 INFO SparkContext: Added file file:///home/***/.ivy2/jars/org.lz4_lz4-java-1.8.0.jar at file:///home/***/.ivy2/jars/org.lz4_lz4-java-1.8.0.jar with timestamp 1761682462735
[2025-10-29T03:14:23.269+0700] {subprocess.py:93} INFO - 25/10/29 03:14:23 INFO Utils: Copying /home/***/.ivy2/jars/org.lz4_lz4-java-1.8.0.jar to /tmp/spark-a7f9a466-7e80-43c9-bf79-b1e99e7969c0/userFiles-4c8082f1-c4ec-47f2-ac71-d42f253d8c61/org.lz4_lz4-java-1.8.0.jar
[2025-10-29T03:14:23.272+0700] {subprocess.py:93} INFO - 25/10/29 03:14:23 INFO SparkContext: Added file file:///home/***/.ivy2/jars/org.xerial.snappy_snappy-java-1.1.10.3.jar at file:///home/***/.ivy2/jars/org.xerial.snappy_snappy-java-1.1.10.3.jar with timestamp 1761682462735
[2025-10-29T03:14:23.272+0700] {subprocess.py:93} INFO - 25/10/29 03:14:23 INFO Utils: Copying /home/***/.ivy2/jars/org.xerial.snappy_snappy-java-1.1.10.3.jar to /tmp/spark-a7f9a466-7e80-43c9-bf79-b1e99e7969c0/userFiles-4c8082f1-c4ec-47f2-ac71-d42f253d8c61/org.xerial.snappy_snappy-java-1.1.10.3.jar
[2025-10-29T03:14:23.275+0700] {subprocess.py:93} INFO - 25/10/29 03:14:23 INFO SparkContext: Added file file:///home/***/.ivy2/jars/org.slf4j_slf4j-api-2.0.7.jar at file:///home/***/.ivy2/jars/org.slf4j_slf4j-api-2.0.7.jar with timestamp 1761682462735
[2025-10-29T03:14:23.275+0700] {subprocess.py:93} INFO - 25/10/29 03:14:23 INFO Utils: Copying /home/***/.ivy2/jars/org.slf4j_slf4j-api-2.0.7.jar to /tmp/spark-a7f9a466-7e80-43c9-bf79-b1e99e7969c0/userFiles-4c8082f1-c4ec-47f2-ac71-d42f253d8c61/org.slf4j_slf4j-api-2.0.7.jar
[2025-10-29T03:14:23.278+0700] {subprocess.py:93} INFO - 25/10/29 03:14:23 INFO SparkContext: Added file file:///home/***/.ivy2/jars/org.apache.hadoop_hadoop-client-api-3.3.4.jar at file:///home/***/.ivy2/jars/org.apache.hadoop_hadoop-client-api-3.3.4.jar with timestamp 1761682462735
[2025-10-29T03:14:23.278+0700] {subprocess.py:93} INFO - 25/10/29 03:14:23 INFO Utils: Copying /home/***/.ivy2/jars/org.apache.hadoop_hadoop-client-api-3.3.4.jar to /tmp/spark-a7f9a466-7e80-43c9-bf79-b1e99e7969c0/userFiles-4c8082f1-c4ec-47f2-ac71-d42f253d8c61/org.apache.hadoop_hadoop-client-api-3.3.4.jar
[2025-10-29T03:14:23.288+0700] {subprocess.py:93} INFO - 25/10/29 03:14:23 INFO SparkContext: Added file file:///home/***/.ivy2/jars/commons-logging_commons-logging-1.1.3.jar at file:///home/***/.ivy2/jars/commons-logging_commons-logging-1.1.3.jar with timestamp 1761682462735
[2025-10-29T03:14:23.288+0700] {subprocess.py:93} INFO - 25/10/29 03:14:23 INFO Utils: Copying /home/***/.ivy2/jars/commons-logging_commons-logging-1.1.3.jar to /tmp/spark-a7f9a466-7e80-43c9-bf79-b1e99e7969c0/userFiles-4c8082f1-c4ec-47f2-ac71-d42f253d8c61/commons-logging_commons-logging-1.1.3.jar
[2025-10-29T03:14:23.291+0700] {subprocess.py:93} INFO - 25/10/29 03:14:23 INFO SparkContext: Added file file:///home/***/.ivy2/jars/org.checkerframework_checker-qual-3.31.0.jar at file:///home/***/.ivy2/jars/org.checkerframework_checker-qual-3.31.0.jar with timestamp 1761682462735
[2025-10-29T03:14:23.291+0700] {subprocess.py:93} INFO - 25/10/29 03:14:23 INFO Utils: Copying /home/***/.ivy2/jars/org.checkerframework_checker-qual-3.31.0.jar to /tmp/spark-a7f9a466-7e80-43c9-bf79-b1e99e7969c0/userFiles-4c8082f1-c4ec-47f2-ac71-d42f253d8c61/org.checkerframework_checker-qual-3.31.0.jar
[2025-10-29T03:14:23.334+0700] {subprocess.py:93} INFO - 25/10/29 03:14:23 INFO Executor: Starting executor ID driver on host dfeadd712fc3
[2025-10-29T03:14:23.334+0700] {subprocess.py:93} INFO - 25/10/29 03:14:23 INFO Executor: OS info Linux, 6.14.0-33-generic, amd64
[2025-10-29T03:14:23.334+0700] {subprocess.py:93} INFO - 25/10/29 03:14:23 INFO Executor: Java version 17.0.17
[2025-10-29T03:14:23.338+0700] {subprocess.py:93} INFO - 25/10/29 03:14:23 INFO Executor: Starting executor with user classpath (userClassPathFirst = false): ''
[2025-10-29T03:14:23.338+0700] {subprocess.py:93} INFO - 25/10/29 03:14:23 INFO Executor: Created or updated repl class loader org.apache.spark.util.MutableURLClassLoader@200c19a2 for default.
[2025-10-29T03:14:23.344+0700] {subprocess.py:93} INFO - 25/10/29 03:14:23 INFO Executor: Fetching file:///home/***/.ivy2/jars/org.apache.spark_spark-sql-kafka-0-10_2.12-3.5.1.jar with timestamp 1761682462735
[2025-10-29T03:14:23.357+0700] {subprocess.py:93} INFO - 25/10/29 03:14:23 INFO Utils: /home/***/.ivy2/jars/org.apache.spark_spark-sql-kafka-0-10_2.12-3.5.1.jar has been previously copied to /tmp/spark-a7f9a466-7e80-43c9-bf79-b1e99e7969c0/userFiles-4c8082f1-c4ec-47f2-ac71-d42f253d8c61/org.apache.spark_spark-sql-kafka-0-10_2.12-3.5.1.jar
[2025-10-29T03:14:23.361+0700] {subprocess.py:93} INFO - 25/10/29 03:14:23 INFO Executor: Fetching file:///home/***/.ivy2/jars/org.apache.hadoop_hadoop-client-runtime-3.3.4.jar with timestamp 1761682462735
[2025-10-29T03:14:23.378+0700] {subprocess.py:93} INFO - 25/10/29 03:14:23 INFO Utils: /home/***/.ivy2/jars/org.apache.hadoop_hadoop-client-runtime-3.3.4.jar has been previously copied to /tmp/spark-a7f9a466-7e80-43c9-bf79-b1e99e7969c0/userFiles-4c8082f1-c4ec-47f2-ac71-d42f253d8c61/org.apache.hadoop_hadoop-client-runtime-3.3.4.jar
[2025-10-29T03:14:23.381+0700] {subprocess.py:93} INFO - 25/10/29 03:14:23 INFO Executor: Fetching file:///home/***/.ivy2/jars/org.apache.hadoop_hadoop-client-api-3.3.4.jar with timestamp 1761682462735
[2025-10-29T03:14:23.394+0700] {subprocess.py:93} INFO - 25/10/29 03:14:23 INFO Utils: /home/***/.ivy2/jars/org.apache.hadoop_hadoop-client-api-3.3.4.jar has been previously copied to /tmp/spark-a7f9a466-7e80-43c9-bf79-b1e99e7969c0/userFiles-4c8082f1-c4ec-47f2-ac71-d42f253d8c61/org.apache.hadoop_hadoop-client-api-3.3.4.jar
[2025-10-29T03:14:23.397+0700] {subprocess.py:93} INFO - 25/10/29 03:14:23 INFO Executor: Fetching file:///home/***/.ivy2/jars/org.apache.spark_spark-token-provider-kafka-0-10_2.12-3.5.1.jar with timestamp 1761682462735
[2025-10-29T03:14:23.398+0700] {subprocess.py:93} INFO - 25/10/29 03:14:23 INFO Utils: /home/***/.ivy2/jars/org.apache.spark_spark-token-provider-kafka-0-10_2.12-3.5.1.jar has been previously copied to /tmp/spark-a7f9a466-7e80-43c9-bf79-b1e99e7969c0/userFiles-4c8082f1-c4ec-47f2-ac71-d42f253d8c61/org.apache.spark_spark-token-provider-kafka-0-10_2.12-3.5.1.jar
[2025-10-29T03:14:23.400+0700] {subprocess.py:93} INFO - 25/10/29 03:14:23 INFO Executor: Fetching file:///home/***/.ivy2/jars/com.google.code.findbugs_jsr305-3.0.0.jar with timestamp 1761682462735
[2025-10-29T03:14:23.401+0700] {subprocess.py:93} INFO - 25/10/29 03:14:23 INFO Utils: /home/***/.ivy2/jars/com.google.code.findbugs_jsr305-3.0.0.jar has been previously copied to /tmp/spark-a7f9a466-7e80-43c9-bf79-b1e99e7969c0/userFiles-4c8082f1-c4ec-47f2-ac71-d42f253d8c61/com.google.code.findbugs_jsr305-3.0.0.jar
[2025-10-29T03:14:23.403+0700] {subprocess.py:93} INFO - 25/10/29 03:14:23 INFO Executor: Fetching file:///home/***/.ivy2/jars/org.lz4_lz4-java-1.8.0.jar with timestamp 1761682462735
[2025-10-29T03:14:23.404+0700] {subprocess.py:93} INFO - 25/10/29 03:14:23 INFO Utils: /home/***/.ivy2/jars/org.lz4_lz4-java-1.8.0.jar has been previously copied to /tmp/spark-a7f9a466-7e80-43c9-bf79-b1e99e7969c0/userFiles-4c8082f1-c4ec-47f2-ac71-d42f253d8c61/org.lz4_lz4-java-1.8.0.jar
[2025-10-29T03:14:23.407+0700] {subprocess.py:93} INFO - 25/10/29 03:14:23 INFO Executor: Fetching file:///home/***/.ivy2/jars/org.slf4j_slf4j-api-2.0.7.jar with timestamp 1761682462735
[2025-10-29T03:14:23.407+0700] {subprocess.py:93} INFO - 25/10/29 03:14:23 INFO Utils: /home/***/.ivy2/jars/org.slf4j_slf4j-api-2.0.7.jar has been previously copied to /tmp/spark-a7f9a466-7e80-43c9-bf79-b1e99e7969c0/userFiles-4c8082f1-c4ec-47f2-ac71-d42f253d8c61/org.slf4j_slf4j-api-2.0.7.jar
[2025-10-29T03:14:23.410+0700] {subprocess.py:93} INFO - 25/10/29 03:14:23 INFO Executor: Fetching file:///home/***/.ivy2/jars/org.checkerframework_checker-qual-3.31.0.jar with timestamp 1761682462735
[2025-10-29T03:14:23.411+0700] {subprocess.py:93} INFO - 25/10/29 03:14:23 INFO Utils: /home/***/.ivy2/jars/org.checkerframework_checker-qual-3.31.0.jar has been previously copied to /tmp/spark-a7f9a466-7e80-43c9-bf79-b1e99e7969c0/userFiles-4c8082f1-c4ec-47f2-ac71-d42f253d8c61/org.checkerframework_checker-qual-3.31.0.jar
[2025-10-29T03:14:23.413+0700] {subprocess.py:93} INFO - 25/10/29 03:14:23 INFO Executor: Fetching file:///home/***/.ivy2/jars/org.apache.commons_commons-pool2-2.11.1.jar with timestamp 1761682462735
[2025-10-29T03:14:23.414+0700] {subprocess.py:93} INFO - 25/10/29 03:14:23 INFO Utils: /home/***/.ivy2/jars/org.apache.commons_commons-pool2-2.11.1.jar has been previously copied to /tmp/spark-a7f9a466-7e80-43c9-bf79-b1e99e7969c0/userFiles-4c8082f1-c4ec-47f2-ac71-d42f253d8c61/org.apache.commons_commons-pool2-2.11.1.jar
[2025-10-29T03:14:23.416+0700] {subprocess.py:93} INFO - 25/10/29 03:14:23 INFO Executor: Fetching file:///home/***/.ivy2/jars/commons-logging_commons-logging-1.1.3.jar with timestamp 1761682462735
[2025-10-29T03:14:23.417+0700] {subprocess.py:93} INFO - 25/10/29 03:14:23 INFO Utils: /home/***/.ivy2/jars/commons-logging_commons-logging-1.1.3.jar has been previously copied to /tmp/spark-a7f9a466-7e80-43c9-bf79-b1e99e7969c0/userFiles-4c8082f1-c4ec-47f2-ac71-d42f253d8c61/commons-logging_commons-logging-1.1.3.jar
[2025-10-29T03:14:23.419+0700] {subprocess.py:93} INFO - 25/10/29 03:14:23 INFO Executor: Fetching file:///home/***/.ivy2/jars/org.xerial.snappy_snappy-java-1.1.10.3.jar with timestamp 1761682462735
[2025-10-29T03:14:23.421+0700] {subprocess.py:93} INFO - 25/10/29 03:14:23 INFO Utils: /home/***/.ivy2/jars/org.xerial.snappy_snappy-java-1.1.10.3.jar has been previously copied to /tmp/spark-a7f9a466-7e80-43c9-bf79-b1e99e7969c0/userFiles-4c8082f1-c4ec-47f2-ac71-d42f253d8c61/org.xerial.snappy_snappy-java-1.1.10.3.jar
[2025-10-29T03:14:23.423+0700] {subprocess.py:93} INFO - 25/10/29 03:14:23 INFO Executor: Fetching file:///home/***/.ivy2/jars/org.postgresql_postgresql-42.6.0.jar with timestamp 1761682462735
[2025-10-29T03:14:23.424+0700] {subprocess.py:93} INFO - 25/10/29 03:14:23 INFO Utils: /home/***/.ivy2/jars/org.postgresql_postgresql-42.6.0.jar has been previously copied to /tmp/spark-a7f9a466-7e80-43c9-bf79-b1e99e7969c0/userFiles-4c8082f1-c4ec-47f2-ac71-d42f253d8c61/org.postgresql_postgresql-42.6.0.jar
[2025-10-29T03:14:23.427+0700] {subprocess.py:93} INFO - 25/10/29 03:14:23 INFO Executor: Fetching file:///home/***/.ivy2/jars/org.apache.kafka_kafka-clients-3.4.1.jar with timestamp 1761682462735
[2025-10-29T03:14:23.430+0700] {subprocess.py:93} INFO - 25/10/29 03:14:23 INFO Utils: /home/***/.ivy2/jars/org.apache.kafka_kafka-clients-3.4.1.jar has been previously copied to /tmp/spark-a7f9a466-7e80-43c9-bf79-b1e99e7969c0/userFiles-4c8082f1-c4ec-47f2-ac71-d42f253d8c61/org.apache.kafka_kafka-clients-3.4.1.jar
[2025-10-29T03:14:23.435+0700] {subprocess.py:93} INFO - 25/10/29 03:14:23 INFO Executor: Fetching spark://dfeadd712fc3:36047/jars/org.apache.spark_spark-token-provider-kafka-0-10_2.12-3.5.1.jar with timestamp 1761682462735
[2025-10-29T03:14:23.458+0700] {subprocess.py:93} INFO - 25/10/29 03:14:23 INFO TransportClientFactory: Successfully created connection to dfeadd712fc3/172.18.0.6:36047 after 15 ms (0 ms spent in bootstraps)
[2025-10-29T03:14:23.462+0700] {subprocess.py:93} INFO - 25/10/29 03:14:23 INFO Utils: Fetching spark://dfeadd712fc3:36047/jars/org.apache.spark_spark-token-provider-kafka-0-10_2.12-3.5.1.jar to /tmp/spark-a7f9a466-7e80-43c9-bf79-b1e99e7969c0/userFiles-4c8082f1-c4ec-47f2-ac71-d42f253d8c61/fetchFileTemp17369169009872272223.tmp
[2025-10-29T03:14:23.476+0700] {subprocess.py:93} INFO - 25/10/29 03:14:23 INFO Utils: /tmp/spark-a7f9a466-7e80-43c9-bf79-b1e99e7969c0/userFiles-4c8082f1-c4ec-47f2-ac71-d42f253d8c61/fetchFileTemp17369169009872272223.tmp has been previously copied to /tmp/spark-a7f9a466-7e80-43c9-bf79-b1e99e7969c0/userFiles-4c8082f1-c4ec-47f2-ac71-d42f253d8c61/org.apache.spark_spark-token-provider-kafka-0-10_2.12-3.5.1.jar
[2025-10-29T03:14:23.480+0700] {subprocess.py:93} INFO - 25/10/29 03:14:23 INFO Executor: Adding file:/tmp/spark-a7f9a466-7e80-43c9-bf79-b1e99e7969c0/userFiles-4c8082f1-c4ec-47f2-ac71-d42f253d8c61/org.apache.spark_spark-token-provider-kafka-0-10_2.12-3.5.1.jar to class loader default
[2025-10-29T03:14:23.480+0700] {subprocess.py:93} INFO - 25/10/29 03:14:23 INFO Executor: Fetching spark://dfeadd712fc3:36047/jars/org.slf4j_slf4j-api-2.0.7.jar with timestamp 1761682462735
[2025-10-29T03:14:23.480+0700] {subprocess.py:93} INFO - 25/10/29 03:14:23 INFO Utils: Fetching spark://dfeadd712fc3:36047/jars/org.slf4j_slf4j-api-2.0.7.jar to /tmp/spark-a7f9a466-7e80-43c9-bf79-b1e99e7969c0/userFiles-4c8082f1-c4ec-47f2-ac71-d42f253d8c61/fetchFileTemp16324008387068092926.tmp
[2025-10-29T03:14:23.481+0700] {subprocess.py:93} INFO - 25/10/29 03:14:23 INFO Utils: /tmp/spark-a7f9a466-7e80-43c9-bf79-b1e99e7969c0/userFiles-4c8082f1-c4ec-47f2-ac71-d42f253d8c61/fetchFileTemp16324008387068092926.tmp has been previously copied to /tmp/spark-a7f9a466-7e80-43c9-bf79-b1e99e7969c0/userFiles-4c8082f1-c4ec-47f2-ac71-d42f253d8c61/org.slf4j_slf4j-api-2.0.7.jar
[2025-10-29T03:14:23.484+0700] {subprocess.py:93} INFO - 25/10/29 03:14:23 INFO Executor: Adding file:/tmp/spark-a7f9a466-7e80-43c9-bf79-b1e99e7969c0/userFiles-4c8082f1-c4ec-47f2-ac71-d42f253d8c61/org.slf4j_slf4j-api-2.0.7.jar to class loader default
[2025-10-29T03:14:23.484+0700] {subprocess.py:93} INFO - 25/10/29 03:14:23 INFO Executor: Fetching spark://dfeadd712fc3:36047/jars/org.apache.hadoop_hadoop-client-api-3.3.4.jar with timestamp 1761682462735
[2025-10-29T03:14:23.484+0700] {subprocess.py:93} INFO - 25/10/29 03:14:23 INFO Utils: Fetching spark://dfeadd712fc3:36047/jars/org.apache.hadoop_hadoop-client-api-3.3.4.jar to /tmp/spark-a7f9a466-7e80-43c9-bf79-b1e99e7969c0/userFiles-4c8082f1-c4ec-47f2-ac71-d42f253d8c61/fetchFileTemp5516367067821383358.tmp
[2025-10-29T03:14:23.564+0700] {subprocess.py:93} INFO - 25/10/29 03:14:23 INFO Utils: /tmp/spark-a7f9a466-7e80-43c9-bf79-b1e99e7969c0/userFiles-4c8082f1-c4ec-47f2-ac71-d42f253d8c61/fetchFileTemp5516367067821383358.tmp has been previously copied to /tmp/spark-a7f9a466-7e80-43c9-bf79-b1e99e7969c0/userFiles-4c8082f1-c4ec-47f2-ac71-d42f253d8c61/org.apache.hadoop_hadoop-client-api-3.3.4.jar
[2025-10-29T03:14:23.570+0700] {subprocess.py:93} INFO - 25/10/29 03:14:23 INFO Executor: Adding file:/tmp/spark-a7f9a466-7e80-43c9-bf79-b1e99e7969c0/userFiles-4c8082f1-c4ec-47f2-ac71-d42f253d8c61/org.apache.hadoop_hadoop-client-api-3.3.4.jar to class loader default
[2025-10-29T03:14:23.570+0700] {subprocess.py:93} INFO - 25/10/29 03:14:23 INFO Executor: Fetching spark://dfeadd712fc3:36047/jars/org.apache.kafka_kafka-clients-3.4.1.jar with timestamp 1761682462735
[2025-10-29T03:14:23.571+0700] {subprocess.py:93} INFO - 25/10/29 03:14:23 INFO Utils: Fetching spark://dfeadd712fc3:36047/jars/org.apache.kafka_kafka-clients-3.4.1.jar to /tmp/spark-a7f9a466-7e80-43c9-bf79-b1e99e7969c0/userFiles-4c8082f1-c4ec-47f2-ac71-d42f253d8c61/fetchFileTemp2450481302264170735.tmp
[2025-10-29T03:14:23.584+0700] {subprocess.py:93} INFO - 25/10/29 03:14:23 INFO Utils: /tmp/spark-a7f9a466-7e80-43c9-bf79-b1e99e7969c0/userFiles-4c8082f1-c4ec-47f2-ac71-d42f253d8c61/fetchFileTemp2450481302264170735.tmp has been previously copied to /tmp/spark-a7f9a466-7e80-43c9-bf79-b1e99e7969c0/userFiles-4c8082f1-c4ec-47f2-ac71-d42f253d8c61/org.apache.kafka_kafka-clients-3.4.1.jar
[2025-10-29T03:14:23.590+0700] {subprocess.py:93} INFO - 25/10/29 03:14:23 INFO Executor: Adding file:/tmp/spark-a7f9a466-7e80-43c9-bf79-b1e99e7969c0/userFiles-4c8082f1-c4ec-47f2-ac71-d42f253d8c61/org.apache.kafka_kafka-clients-3.4.1.jar to class loader default
[2025-10-29T03:14:23.590+0700] {subprocess.py:93} INFO - 25/10/29 03:14:23 INFO Executor: Fetching spark://dfeadd712fc3:36047/jars/com.google.code.findbugs_jsr305-3.0.0.jar with timestamp 1761682462735
[2025-10-29T03:14:23.591+0700] {subprocess.py:93} INFO - 25/10/29 03:14:23 INFO Utils: Fetching spark://dfeadd712fc3:36047/jars/com.google.code.findbugs_jsr305-3.0.0.jar to /tmp/spark-a7f9a466-7e80-43c9-bf79-b1e99e7969c0/userFiles-4c8082f1-c4ec-47f2-ac71-d42f253d8c61/fetchFileTemp7519974114426398441.tmp
[2025-10-29T03:14:23.592+0700] {subprocess.py:93} INFO - 25/10/29 03:14:23 INFO Utils: /tmp/spark-a7f9a466-7e80-43c9-bf79-b1e99e7969c0/userFiles-4c8082f1-c4ec-47f2-ac71-d42f253d8c61/fetchFileTemp7519974114426398441.tmp has been previously copied to /tmp/spark-a7f9a466-7e80-43c9-bf79-b1e99e7969c0/userFiles-4c8082f1-c4ec-47f2-ac71-d42f253d8c61/com.google.code.findbugs_jsr305-3.0.0.jar
[2025-10-29T03:14:23.595+0700] {subprocess.py:93} INFO - 25/10/29 03:14:23 INFO Executor: Adding file:/tmp/spark-a7f9a466-7e80-43c9-bf79-b1e99e7969c0/userFiles-4c8082f1-c4ec-47f2-ac71-d42f253d8c61/com.google.code.findbugs_jsr305-3.0.0.jar to class loader default
[2025-10-29T03:14:23.595+0700] {subprocess.py:93} INFO - 25/10/29 03:14:23 INFO Executor: Fetching spark://dfeadd712fc3:36047/jars/org.checkerframework_checker-qual-3.31.0.jar with timestamp 1761682462735
[2025-10-29T03:14:23.595+0700] {subprocess.py:93} INFO - 25/10/29 03:14:23 INFO Utils: Fetching spark://dfeadd712fc3:36047/jars/org.checkerframework_checker-qual-3.31.0.jar to /tmp/spark-a7f9a466-7e80-43c9-bf79-b1e99e7969c0/userFiles-4c8082f1-c4ec-47f2-ac71-d42f253d8c61/fetchFileTemp3546256700377945011.tmp
[2025-10-29T03:14:23.596+0700] {subprocess.py:93} INFO - 25/10/29 03:14:23 INFO Utils: /tmp/spark-a7f9a466-7e80-43c9-bf79-b1e99e7969c0/userFiles-4c8082f1-c4ec-47f2-ac71-d42f253d8c61/fetchFileTemp3546256700377945011.tmp has been previously copied to /tmp/spark-a7f9a466-7e80-43c9-bf79-b1e99e7969c0/userFiles-4c8082f1-c4ec-47f2-ac71-d42f253d8c61/org.checkerframework_checker-qual-3.31.0.jar
[2025-10-29T03:14:23.599+0700] {subprocess.py:93} INFO - 25/10/29 03:14:23 INFO Executor: Adding file:/tmp/spark-a7f9a466-7e80-43c9-bf79-b1e99e7969c0/userFiles-4c8082f1-c4ec-47f2-ac71-d42f253d8c61/org.checkerframework_checker-qual-3.31.0.jar to class loader default
[2025-10-29T03:14:23.600+0700] {subprocess.py:93} INFO - 25/10/29 03:14:23 INFO Executor: Fetching spark://dfeadd712fc3:36047/jars/org.postgresql_postgresql-42.6.0.jar with timestamp 1761682462735
[2025-10-29T03:14:23.600+0700] {subprocess.py:93} INFO - 25/10/29 03:14:23 INFO Utils: Fetching spark://dfeadd712fc3:36047/jars/org.postgresql_postgresql-42.6.0.jar to /tmp/spark-a7f9a466-7e80-43c9-bf79-b1e99e7969c0/userFiles-4c8082f1-c4ec-47f2-ac71-d42f253d8c61/fetchFileTemp16864811642444567587.tmp
[2025-10-29T03:14:23.602+0700] {subprocess.py:93} INFO - 25/10/29 03:14:23 INFO Utils: /tmp/spark-a7f9a466-7e80-43c9-bf79-b1e99e7969c0/userFiles-4c8082f1-c4ec-47f2-ac71-d42f253d8c61/fetchFileTemp16864811642444567587.tmp has been previously copied to /tmp/spark-a7f9a466-7e80-43c9-bf79-b1e99e7969c0/userFiles-4c8082f1-c4ec-47f2-ac71-d42f253d8c61/org.postgresql_postgresql-42.6.0.jar
[2025-10-29T03:14:23.607+0700] {subprocess.py:93} INFO - 25/10/29 03:14:23 INFO Executor: Adding file:/tmp/spark-a7f9a466-7e80-43c9-bf79-b1e99e7969c0/userFiles-4c8082f1-c4ec-47f2-ac71-d42f253d8c61/org.postgresql_postgresql-42.6.0.jar to class loader default
[2025-10-29T03:14:23.607+0700] {subprocess.py:93} INFO - 25/10/29 03:14:23 INFO Executor: Fetching spark://dfeadd712fc3:36047/jars/org.apache.hadoop_hadoop-client-runtime-3.3.4.jar with timestamp 1761682462735
[2025-10-29T03:14:23.607+0700] {subprocess.py:93} INFO - 25/10/29 03:14:23 INFO Utils: Fetching spark://dfeadd712fc3:36047/jars/org.apache.hadoop_hadoop-client-runtime-3.3.4.jar to /tmp/spark-a7f9a466-7e80-43c9-bf79-b1e99e7969c0/userFiles-4c8082f1-c4ec-47f2-ac71-d42f253d8c61/fetchFileTemp1639110688159479078.tmp
[2025-10-29T03:14:23.717+0700] {subprocess.py:93} INFO - 25/10/29 03:14:23 INFO Utils: /tmp/spark-a7f9a466-7e80-43c9-bf79-b1e99e7969c0/userFiles-4c8082f1-c4ec-47f2-ac71-d42f253d8c61/fetchFileTemp1639110688159479078.tmp has been previously copied to /tmp/spark-a7f9a466-7e80-43c9-bf79-b1e99e7969c0/userFiles-4c8082f1-c4ec-47f2-ac71-d42f253d8c61/org.apache.hadoop_hadoop-client-runtime-3.3.4.jar
[2025-10-29T03:14:23.723+0700] {subprocess.py:93} INFO - 25/10/29 03:14:23 INFO Executor: Adding file:/tmp/spark-a7f9a466-7e80-43c9-bf79-b1e99e7969c0/userFiles-4c8082f1-c4ec-47f2-ac71-d42f253d8c61/org.apache.hadoop_hadoop-client-runtime-3.3.4.jar to class loader default
[2025-10-29T03:14:23.723+0700] {subprocess.py:93} INFO - 25/10/29 03:14:23 INFO Executor: Fetching spark://dfeadd712fc3:36047/jars/org.apache.commons_commons-pool2-2.11.1.jar with timestamp 1761682462735
[2025-10-29T03:14:23.724+0700] {subprocess.py:93} INFO - 25/10/29 03:14:23 INFO Utils: Fetching spark://dfeadd712fc3:36047/jars/org.apache.commons_commons-pool2-2.11.1.jar to /tmp/spark-a7f9a466-7e80-43c9-bf79-b1e99e7969c0/userFiles-4c8082f1-c4ec-47f2-ac71-d42f253d8c61/fetchFileTemp5133204727454398242.tmp
[2025-10-29T03:14:23.725+0700] {subprocess.py:93} INFO - 25/10/29 03:14:23 INFO Utils: /tmp/spark-a7f9a466-7e80-43c9-bf79-b1e99e7969c0/userFiles-4c8082f1-c4ec-47f2-ac71-d42f253d8c61/fetchFileTemp5133204727454398242.tmp has been previously copied to /tmp/spark-a7f9a466-7e80-43c9-bf79-b1e99e7969c0/userFiles-4c8082f1-c4ec-47f2-ac71-d42f253d8c61/org.apache.commons_commons-pool2-2.11.1.jar
[2025-10-29T03:14:23.728+0700] {subprocess.py:93} INFO - 25/10/29 03:14:23 INFO Executor: Adding file:/tmp/spark-a7f9a466-7e80-43c9-bf79-b1e99e7969c0/userFiles-4c8082f1-c4ec-47f2-ac71-d42f253d8c61/org.apache.commons_commons-pool2-2.11.1.jar to class loader default
[2025-10-29T03:14:23.728+0700] {subprocess.py:93} INFO - 25/10/29 03:14:23 INFO Executor: Fetching spark://dfeadd712fc3:36047/jars/org.apache.spark_spark-sql-kafka-0-10_2.12-3.5.1.jar with timestamp 1761682462735
[2025-10-29T03:14:23.728+0700] {subprocess.py:93} INFO - 25/10/29 03:14:23 INFO Utils: Fetching spark://dfeadd712fc3:36047/jars/org.apache.spark_spark-sql-kafka-0-10_2.12-3.5.1.jar to /tmp/spark-a7f9a466-7e80-43c9-bf79-b1e99e7969c0/userFiles-4c8082f1-c4ec-47f2-ac71-d42f253d8c61/fetchFileTemp3522611593753052828.tmp
[2025-10-29T03:14:23.729+0700] {subprocess.py:93} INFO - 25/10/29 03:14:23 INFO Utils: /tmp/spark-a7f9a466-7e80-43c9-bf79-b1e99e7969c0/userFiles-4c8082f1-c4ec-47f2-ac71-d42f253d8c61/fetchFileTemp3522611593753052828.tmp has been previously copied to /tmp/spark-a7f9a466-7e80-43c9-bf79-b1e99e7969c0/userFiles-4c8082f1-c4ec-47f2-ac71-d42f253d8c61/org.apache.spark_spark-sql-kafka-0-10_2.12-3.5.1.jar
[2025-10-29T03:14:23.732+0700] {subprocess.py:93} INFO - 25/10/29 03:14:23 INFO Executor: Adding file:/tmp/spark-a7f9a466-7e80-43c9-bf79-b1e99e7969c0/userFiles-4c8082f1-c4ec-47f2-ac71-d42f253d8c61/org.apache.spark_spark-sql-kafka-0-10_2.12-3.5.1.jar to class loader default
[2025-10-29T03:14:23.733+0700] {subprocess.py:93} INFO - 25/10/29 03:14:23 INFO Executor: Fetching spark://dfeadd712fc3:36047/jars/org.xerial.snappy_snappy-java-1.1.10.3.jar with timestamp 1761682462735
[2025-10-29T03:14:23.733+0700] {subprocess.py:93} INFO - 25/10/29 03:14:23 INFO Utils: Fetching spark://dfeadd712fc3:36047/jars/org.xerial.snappy_snappy-java-1.1.10.3.jar to /tmp/spark-a7f9a466-7e80-43c9-bf79-b1e99e7969c0/userFiles-4c8082f1-c4ec-47f2-ac71-d42f253d8c61/fetchFileTemp10581631355277974914.tmp
[2025-10-29T03:14:23.737+0700] {subprocess.py:93} INFO - 25/10/29 03:14:23 INFO Utils: /tmp/spark-a7f9a466-7e80-43c9-bf79-b1e99e7969c0/userFiles-4c8082f1-c4ec-47f2-ac71-d42f253d8c61/fetchFileTemp10581631355277974914.tmp has been previously copied to /tmp/spark-a7f9a466-7e80-43c9-bf79-b1e99e7969c0/userFiles-4c8082f1-c4ec-47f2-ac71-d42f253d8c61/org.xerial.snappy_snappy-java-1.1.10.3.jar
[2025-10-29T03:14:23.743+0700] {subprocess.py:93} INFO - 25/10/29 03:14:23 INFO Executor: Adding file:/tmp/spark-a7f9a466-7e80-43c9-bf79-b1e99e7969c0/userFiles-4c8082f1-c4ec-47f2-ac71-d42f253d8c61/org.xerial.snappy_snappy-java-1.1.10.3.jar to class loader default
[2025-10-29T03:14:23.743+0700] {subprocess.py:93} INFO - 25/10/29 03:14:23 INFO Executor: Fetching spark://dfeadd712fc3:36047/jars/commons-logging_commons-logging-1.1.3.jar with timestamp 1761682462735
[2025-10-29T03:14:23.743+0700] {subprocess.py:93} INFO - 25/10/29 03:14:23 INFO Utils: Fetching spark://dfeadd712fc3:36047/jars/commons-logging_commons-logging-1.1.3.jar to /tmp/spark-a7f9a466-7e80-43c9-bf79-b1e99e7969c0/userFiles-4c8082f1-c4ec-47f2-ac71-d42f253d8c61/fetchFileTemp6697606919850664688.tmp
[2025-10-29T03:14:23.744+0700] {subprocess.py:93} INFO - 25/10/29 03:14:23 INFO Utils: /tmp/spark-a7f9a466-7e80-43c9-bf79-b1e99e7969c0/userFiles-4c8082f1-c4ec-47f2-ac71-d42f253d8c61/fetchFileTemp6697606919850664688.tmp has been previously copied to /tmp/spark-a7f9a466-7e80-43c9-bf79-b1e99e7969c0/userFiles-4c8082f1-c4ec-47f2-ac71-d42f253d8c61/commons-logging_commons-logging-1.1.3.jar
[2025-10-29T03:14:23.746+0700] {subprocess.py:93} INFO - 25/10/29 03:14:23 INFO Executor: Adding file:/tmp/spark-a7f9a466-7e80-43c9-bf79-b1e99e7969c0/userFiles-4c8082f1-c4ec-47f2-ac71-d42f253d8c61/commons-logging_commons-logging-1.1.3.jar to class loader default
[2025-10-29T03:14:23.746+0700] {subprocess.py:93} INFO - 25/10/29 03:14:23 INFO Executor: Fetching spark://dfeadd712fc3:36047/jars/org.lz4_lz4-java-1.8.0.jar with timestamp 1761682462735
[2025-10-29T03:14:23.747+0700] {subprocess.py:93} INFO - 25/10/29 03:14:23 INFO Utils: Fetching spark://dfeadd712fc3:36047/jars/org.lz4_lz4-java-1.8.0.jar to /tmp/spark-a7f9a466-7e80-43c9-bf79-b1e99e7969c0/userFiles-4c8082f1-c4ec-47f2-ac71-d42f253d8c61/fetchFileTemp17630634567463225415.tmp
[2025-10-29T03:14:23.748+0700] {subprocess.py:93} INFO - 25/10/29 03:14:23 INFO Utils: /tmp/spark-a7f9a466-7e80-43c9-bf79-b1e99e7969c0/userFiles-4c8082f1-c4ec-47f2-ac71-d42f253d8c61/fetchFileTemp17630634567463225415.tmp has been previously copied to /tmp/spark-a7f9a466-7e80-43c9-bf79-b1e99e7969c0/userFiles-4c8082f1-c4ec-47f2-ac71-d42f253d8c61/org.lz4_lz4-java-1.8.0.jar
[2025-10-29T03:14:23.752+0700] {subprocess.py:93} INFO - 25/10/29 03:14:23 INFO Executor: Adding file:/tmp/spark-a7f9a466-7e80-43c9-bf79-b1e99e7969c0/userFiles-4c8082f1-c4ec-47f2-ac71-d42f253d8c61/org.lz4_lz4-java-1.8.0.jar to class loader default
[2025-10-29T03:14:23.759+0700] {subprocess.py:93} INFO - 25/10/29 03:14:23 INFO Utils: Successfully started service 'org.apache.spark.network.netty.NettyBlockTransferService' on port 36687.
[2025-10-29T03:14:23.759+0700] {subprocess.py:93} INFO - 25/10/29 03:14:23 INFO NettyBlockTransferService: Server created on dfeadd712fc3:36687
[2025-10-29T03:14:23.760+0700] {subprocess.py:93} INFO - 25/10/29 03:14:23 INFO BlockManager: Using org.apache.spark.storage.RandomBlockReplicationPolicy for block replication policy
[2025-10-29T03:14:23.764+0700] {subprocess.py:93} INFO - 25/10/29 03:14:23 INFO BlockManagerMaster: Registering BlockManager BlockManagerId(driver, dfeadd712fc3, 36687, None)
[2025-10-29T03:14:23.766+0700] {subprocess.py:93} INFO - 25/10/29 03:14:23 INFO BlockManagerMasterEndpoint: Registering block manager dfeadd712fc3:36687 with 434.4 MiB RAM, BlockManagerId(driver, dfeadd712fc3, 36687, None)
[2025-10-29T03:14:23.768+0700] {subprocess.py:93} INFO - 25/10/29 03:14:23 INFO BlockManagerMaster: Registered BlockManager BlockManagerId(driver, dfeadd712fc3, 36687, None)
[2025-10-29T03:14:23.769+0700] {subprocess.py:93} INFO - 25/10/29 03:14:23 INFO BlockManager: Initialized BlockManager: BlockManagerId(driver, dfeadd712fc3, 36687, None)
[2025-10-29T03:14:26.248+0700] {subprocess.py:93} INFO - 25/10/29 03:14:26 WARN ResolveWriteToStream: spark.sql.adaptive.enabled is not supported in streaming DataFrames/Datasets and will be disabled.
[2025-10-29T03:14:26.373+0700] {subprocess.py:93} INFO - 🚀 Streaming job started — đang lắng nghe dữ liệu từ Kafka...
[2025-10-29T03:14:26.512+0700] {subprocess.py:93} INFO - 25/10/29 03:14:26 WARN AdminClientConfig: These configurations '[key.deserializer, value.deserializer, enable.auto.commit, max.poll.records, auto.offset.reset]' were supplied but are not used yet.
[2025-10-29T03:14:28.122+0700] {subprocess.py:93} INFO - [Batch 0] ⚠️ Không có dữ liệu mới.
[2025-10-29T03:14:31.738+0700] {subprocess.py:93} INFO - 25/10/29 03:14:31 WARN KafkaDataConsumer: KafkaDataConsumer is not running in UninterruptibleThread. It may hang when KafkaDataConsumer's methods are interrupted because of KAFKA-1894
[2025-10-29T03:14:32.153+0700] {subprocess.py:93} INFO - 25/10/29 03:14:32 WARN KafkaDataConsumer: KafkaDataConsumer is not running in UninterruptibleThread. It may hang when KafkaDataConsumer's methods are interrupted because of KAFKA-1894
[2025-10-29T03:14:32.153+0700] {subprocess.py:93} INFO - 25/10/29 03:14:32 WARN KafkaDataConsumer: KafkaDataConsumer is not running in UninterruptibleThread. It may hang when KafkaDataConsumer's methods are interrupted because of KAFKA-1894
[2025-10-29T03:14:32.153+0700] {subprocess.py:93} INFO - 25/10/29 03:14:32 WARN KafkaDataConsumer: KafkaDataConsumer is not running in UninterruptibleThread. It may hang when KafkaDataConsumer's methods are interrupted because of KAFKA-1894
[2025-10-29T03:14:32.153+0700] {subprocess.py:93} INFO - 25/10/29 03:14:32 WARN KafkaDataConsumer: KafkaDataConsumer is not running in UninterruptibleThread. It may hang when KafkaDataConsumer's methods are interrupted because of KAFKA-1894
[2025-10-29T03:14:32.153+0700] {subprocess.py:93} INFO - 25/10/29 03:14:32 WARN KafkaDataConsumer: KafkaDataConsumer is not running in UninterruptibleThread. It may hang when KafkaDataConsumer's methods are interrupted because of KAFKA-1894
[2025-10-29T03:14:34.720+0700] {subprocess.py:93} INFO - There was a problem when trying to write in your cache folder (/home/***/.cache/huggingface/hub). You should set the environment variable TRANSFORMERS_CACHE to a writable directory.
[2025-10-29T03:14:35.403+0700] {subprocess.py:93} INFO - 25/10/29 03:14:35 ERROR Executor: Exception in task 0.0 in stage 2.0 (TID 1)
[2025-10-29T03:14:35.403+0700] {subprocess.py:93} INFO - org.apache.spark.api.python.PythonException: Traceback (most recent call last):
[2025-10-29T03:14:35.403+0700] {subprocess.py:93} INFO -   File "/opt/***/projects/absa_streaming/scripts/consumer_postgres_streaming.py", line 73, in absa_infer_udf
[2025-10-29T03:14:35.403+0700] {subprocess.py:93} INFO -     _tokenizer = AutoTokenizer.from_pretrained(MODEL_NAME, use_fast=True)
[2025-10-29T03:14:35.403+0700] {subprocess.py:93} INFO -                  ^^^^^^^^^^^^^^^^^^^^^^^^^^^^^^^^^^^^^^^^^^^^^^^^^^^^^^^^
[2025-10-29T03:14:35.403+0700] {subprocess.py:93} INFO -   File "/home/***/.local/lib/python3.12/site-packages/transformers/models/auto/tokenization_auto.py", line 817, in from_pretrained
[2025-10-29T03:14:35.403+0700] {subprocess.py:93} INFO -     tokenizer_config = get_tokenizer_config(pretrained_model_name_or_path, **kwargs)
[2025-10-29T03:14:35.404+0700] {subprocess.py:93} INFO -                        ^^^^^^^^^^^^^^^^^^^^^^^^^^^^^^^^^^^^^^^^^^^^^^^^^^^^^^^^^^^^^
[2025-10-29T03:14:35.404+0700] {subprocess.py:93} INFO -   File "/home/***/.local/lib/python3.12/site-packages/transformers/models/auto/tokenization_auto.py", line 649, in get_tokenizer_config
[2025-10-29T03:14:35.404+0700] {subprocess.py:93} INFO -     resolved_config_file = cached_file(
[2025-10-29T03:14:35.404+0700] {subprocess.py:93} INFO -                            ^^^^^^^^^^^^
[2025-10-29T03:14:35.404+0700] {subprocess.py:93} INFO -   File "/home/***/.local/lib/python3.12/site-packages/transformers/utils/hub.py", line 462, in cached_file
[2025-10-29T03:14:35.404+0700] {subprocess.py:93} INFO -     except HFValidationError as e:
[2025-10-29T03:14:35.404+0700] {subprocess.py:93} INFO -   File "/home/***/.local/lib/python3.12/site-packages/huggingface_hub/utils/_validators.py", line 114, in _inner_fn
[2025-10-29T03:14:35.404+0700] {subprocess.py:93} INFO -     return fn(*args, **kwargs)
[2025-10-29T03:14:35.404+0700] {subprocess.py:93} INFO -            ^^^^^^^^^^^^^^^^^^^
[2025-10-29T03:14:35.404+0700] {subprocess.py:93} INFO -   File "/home/***/.local/lib/python3.12/site-packages/huggingface_hub/file_download.py", line 1007, in hf_hub_download
[2025-10-29T03:14:35.404+0700] {subprocess.py:93} INFO -     return _hf_hub_download_to_cache_dir(
[2025-10-29T03:14:35.405+0700] {subprocess.py:93} INFO -            ^^^^^^^^^^^^^^^^^^^^^^^^^^^^^^
[2025-10-29T03:14:35.405+0700] {subprocess.py:93} INFO -   File "/home/***/.local/lib/python3.12/site-packages/huggingface_hub/file_download.py", line 1124, in _hf_hub_download_to_cache_dir
[2025-10-29T03:14:35.405+0700] {subprocess.py:93} INFO -     os.makedirs(os.path.dirname(blob_path), exist_ok=True)
[2025-10-29T03:14:35.405+0700] {subprocess.py:93} INFO -   File "<frozen os>", line 216, in makedirs
[2025-10-29T03:14:35.405+0700] {subprocess.py:93} INFO -   File "<frozen os>", line 216, in makedirs
[2025-10-29T03:14:35.405+0700] {subprocess.py:93} INFO -   File "<frozen os>", line 216, in makedirs
[2025-10-29T03:14:35.405+0700] {subprocess.py:93} INFO -   File "<frozen os>", line 230, in makedirs
[2025-10-29T03:14:35.406+0700] {subprocess.py:93} INFO - PermissionError: [Errno 13] Permission denied: '/home/***/.cache/huggingface'
[2025-10-29T03:14:35.406+0700] {subprocess.py:93} INFO - 
[2025-10-29T03:14:35.406+0700] {subprocess.py:93} INFO - 	at org.apache.spark.api.python.BasePythonRunner$ReaderIterator.handlePythonException(PythonRunner.scala:572)
[2025-10-29T03:14:35.406+0700] {subprocess.py:93} INFO - 	at org.apache.spark.sql.execution.python.PythonArrowOutput$$anon$1.read(PythonArrowOutput.scala:118)
[2025-10-29T03:14:35.406+0700] {subprocess.py:93} INFO - 	at org.apache.spark.api.python.BasePythonRunner$ReaderIterator.hasNext(PythonRunner.scala:525)
[2025-10-29T03:14:35.407+0700] {subprocess.py:93} INFO - 	at org.apache.spark.InterruptibleIterator.hasNext(InterruptibleIterator.scala:37)
[2025-10-29T03:14:35.407+0700] {subprocess.py:93} INFO - 	at scala.collection.Iterator$$anon$11.hasNext(Iterator.scala:491)
[2025-10-29T03:14:35.407+0700] {subprocess.py:93} INFO - 	at scala.collection.Iterator$$anon$10.hasNext(Iterator.scala:460)
[2025-10-29T03:14:35.407+0700] {subprocess.py:93} INFO - 	at scala.collection.Iterator$$anon$10.hasNext(Iterator.scala:460)
[2025-10-29T03:14:35.407+0700] {subprocess.py:93} INFO - 	at org.apache.spark.sql.catalyst.expressions.GeneratedClass$GeneratedIteratorForCodegenStage1.hashAgg_doAggregateWithoutKey_0$(Unknown Source)
[2025-10-29T03:14:35.407+0700] {subprocess.py:93} INFO - 	at org.apache.spark.sql.catalyst.expressions.GeneratedClass$GeneratedIteratorForCodegenStage1.processNext(Unknown Source)
[2025-10-29T03:14:35.407+0700] {subprocess.py:93} INFO - 	at org.apache.spark.sql.execution.BufferedRowIterator.hasNext(BufferedRowIterator.java:43)
[2025-10-29T03:14:35.407+0700] {subprocess.py:93} INFO - 	at org.apache.spark.sql.execution.WholeStageCodegenEvaluatorFactory$WholeStageCodegenPartitionEvaluator$$anon$1.hasNext(WholeStageCodegenEvaluatorFactory.scala:43)
[2025-10-29T03:14:35.407+0700] {subprocess.py:93} INFO - 	at scala.collection.Iterator$$anon$10.hasNext(Iterator.scala:460)
[2025-10-29T03:14:35.407+0700] {subprocess.py:93} INFO - 	at org.apache.spark.shuffle.sort.BypassMergeSortShuffleWriter.write(BypassMergeSortShuffleWriter.java:140)
[2025-10-29T03:14:35.408+0700] {subprocess.py:93} INFO - 	at org.apache.spark.shuffle.ShuffleWriteProcessor.write(ShuffleWriteProcessor.scala:59)
[2025-10-29T03:14:35.408+0700] {subprocess.py:93} INFO - 	at org.apache.spark.scheduler.ShuffleMapTask.runTask(ShuffleMapTask.scala:104)
[2025-10-29T03:14:35.408+0700] {subprocess.py:93} INFO - 	at org.apache.spark.scheduler.ShuffleMapTask.runTask(ShuffleMapTask.scala:54)
[2025-10-29T03:14:35.408+0700] {subprocess.py:93} INFO - 	at org.apache.spark.TaskContext.runTaskWithListeners(TaskContext.scala:166)
[2025-10-29T03:14:35.408+0700] {subprocess.py:93} INFO - 	at org.apache.spark.scheduler.Task.run(Task.scala:141)
[2025-10-29T03:14:35.408+0700] {subprocess.py:93} INFO - 	at org.apache.spark.executor.Executor$TaskRunner.$anonfun$run$4(Executor.scala:620)
[2025-10-29T03:14:35.408+0700] {subprocess.py:93} INFO - 	at org.apache.spark.util.SparkErrorUtils.tryWithSafeFinally(SparkErrorUtils.scala:64)
[2025-10-29T03:14:35.409+0700] {subprocess.py:93} INFO - 	at org.apache.spark.util.SparkErrorUtils.tryWithSafeFinally$(SparkErrorUtils.scala:61)
[2025-10-29T03:14:35.409+0700] {subprocess.py:93} INFO - 	at org.apache.spark.util.Utils$.tryWithSafeFinally(Utils.scala:94)
[2025-10-29T03:14:35.409+0700] {subprocess.py:93} INFO - 	at org.apache.spark.executor.Executor$TaskRunner.run(Executor.scala:623)
[2025-10-29T03:14:35.409+0700] {subprocess.py:93} INFO - 	at java.base/java.util.concurrent.ThreadPoolExecutor.runWorker(ThreadPoolExecutor.java:1136)
[2025-10-29T03:14:35.409+0700] {subprocess.py:93} INFO - 	at java.base/java.util.concurrent.ThreadPoolExecutor$Worker.run(ThreadPoolExecutor.java:635)
[2025-10-29T03:14:35.410+0700] {subprocess.py:93} INFO - 	at java.base/java.lang.Thread.run(Thread.java:840)
[2025-10-29T03:14:35.415+0700] {subprocess.py:93} INFO - 25/10/29 03:14:35 WARN TaskSetManager: Lost task 0.0 in stage 2.0 (TID 1) (dfeadd712fc3 executor driver): org.apache.spark.api.python.PythonException: Traceback (most recent call last):
[2025-10-29T03:14:35.415+0700] {subprocess.py:93} INFO -   File "/opt/***/projects/absa_streaming/scripts/consumer_postgres_streaming.py", line 73, in absa_infer_udf
[2025-10-29T03:14:35.415+0700] {subprocess.py:93} INFO -     _tokenizer = AutoTokenizer.from_pretrained(MODEL_NAME, use_fast=True)
[2025-10-29T03:14:35.415+0700] {subprocess.py:93} INFO -                  ^^^^^^^^^^^^^^^^^^^^^^^^^^^^^^^^^^^^^^^^^^^^^^^^^^^^^^^^
[2025-10-29T03:14:35.415+0700] {subprocess.py:93} INFO -   File "/home/***/.local/lib/python3.12/site-packages/transformers/models/auto/tokenization_auto.py", line 817, in from_pretrained
[2025-10-29T03:14:35.415+0700] {subprocess.py:93} INFO -     tokenizer_config = get_tokenizer_config(pretrained_model_name_or_path, **kwargs)
[2025-10-29T03:14:35.416+0700] {subprocess.py:93} INFO -                        ^^^^^^^^^^^^^^^^^^^^^^^^^^^^^^^^^^^^^^^^^^^^^^^^^^^^^^^^^^^^^
[2025-10-29T03:14:35.416+0700] {subprocess.py:93} INFO -   File "/home/***/.local/lib/python3.12/site-packages/transformers/models/auto/tokenization_auto.py", line 649, in get_tokenizer_config
[2025-10-29T03:14:35.416+0700] {subprocess.py:93} INFO -     resolved_config_file = cached_file(
[2025-10-29T03:14:35.416+0700] {subprocess.py:93} INFO -                            ^^^^^^^^^^^^
[2025-10-29T03:14:35.416+0700] {subprocess.py:93} INFO -   File "/home/***/.local/lib/python3.12/site-packages/transformers/utils/hub.py", line 462, in cached_file
[2025-10-29T03:14:35.417+0700] {subprocess.py:93} INFO -     except HFValidationError as e:
[2025-10-29T03:14:35.417+0700] {subprocess.py:93} INFO -   File "/home/***/.local/lib/python3.12/site-packages/huggingface_hub/utils/_validators.py", line 114, in _inner_fn
[2025-10-29T03:14:35.417+0700] {subprocess.py:93} INFO -     return fn(*args, **kwargs)
[2025-10-29T03:14:35.417+0700] {subprocess.py:93} INFO -            ^^^^^^^^^^^^^^^^^^^
[2025-10-29T03:14:35.417+0700] {subprocess.py:93} INFO -   File "/home/***/.local/lib/python3.12/site-packages/huggingface_hub/file_download.py", line 1007, in hf_hub_download
[2025-10-29T03:14:35.417+0700] {subprocess.py:93} INFO -     return _hf_hub_download_to_cache_dir(
[2025-10-29T03:14:35.418+0700] {subprocess.py:93} INFO -            ^^^^^^^^^^^^^^^^^^^^^^^^^^^^^^
[2025-10-29T03:14:35.418+0700] {subprocess.py:93} INFO -   File "/home/***/.local/lib/python3.12/site-packages/huggingface_hub/file_download.py", line 1124, in _hf_hub_download_to_cache_dir
[2025-10-29T03:14:35.418+0700] {subprocess.py:93} INFO -     os.makedirs(os.path.dirname(blob_path), exist_ok=True)
[2025-10-29T03:14:35.418+0700] {subprocess.py:93} INFO -   File "<frozen os>", line 216, in makedirs
[2025-10-29T03:14:35.418+0700] {subprocess.py:93} INFO -   File "<frozen os>", line 216, in makedirs
[2025-10-29T03:14:35.418+0700] {subprocess.py:93} INFO -   File "<frozen os>", line 216, in makedirs
[2025-10-29T03:14:35.419+0700] {subprocess.py:93} INFO -   File "<frozen os>", line 230, in makedirs
[2025-10-29T03:14:35.419+0700] {subprocess.py:93} INFO - PermissionError: [Errno 13] Permission denied: '/home/***/.cache/huggingface'
[2025-10-29T03:14:35.419+0700] {subprocess.py:93} INFO - 
[2025-10-29T03:14:35.419+0700] {subprocess.py:93} INFO - 	at org.apache.spark.api.python.BasePythonRunner$ReaderIterator.handlePythonException(PythonRunner.scala:572)
[2025-10-29T03:14:35.419+0700] {subprocess.py:93} INFO - 	at org.apache.spark.sql.execution.python.PythonArrowOutput$$anon$1.read(PythonArrowOutput.scala:118)
[2025-10-29T03:14:35.419+0700] {subprocess.py:93} INFO - 	at org.apache.spark.api.python.BasePythonRunner$ReaderIterator.hasNext(PythonRunner.scala:525)
[2025-10-29T03:14:35.419+0700] {subprocess.py:93} INFO - 	at org.apache.spark.InterruptibleIterator.hasNext(InterruptibleIterator.scala:37)
[2025-10-29T03:14:35.419+0700] {subprocess.py:93} INFO - 	at scala.collection.Iterator$$anon$11.hasNext(Iterator.scala:491)
[2025-10-29T03:14:35.420+0700] {subprocess.py:93} INFO - 	at scala.collection.Iterator$$anon$10.hasNext(Iterator.scala:460)
[2025-10-29T03:14:35.420+0700] {subprocess.py:93} INFO - 	at scala.collection.Iterator$$anon$10.hasNext(Iterator.scala:460)
[2025-10-29T03:14:35.420+0700] {subprocess.py:93} INFO - 	at org.apache.spark.sql.catalyst.expressions.GeneratedClass$GeneratedIteratorForCodegenStage1.hashAgg_doAggregateWithoutKey_0$(Unknown Source)
[2025-10-29T03:14:35.420+0700] {subprocess.py:93} INFO - 	at org.apache.spark.sql.catalyst.expressions.GeneratedClass$GeneratedIteratorForCodegenStage1.processNext(Unknown Source)
[2025-10-29T03:14:35.420+0700] {subprocess.py:93} INFO - 	at org.apache.spark.sql.execution.BufferedRowIterator.hasNext(BufferedRowIterator.java:43)
[2025-10-29T03:14:35.420+0700] {subprocess.py:93} INFO - 	at org.apache.spark.sql.execution.WholeStageCodegenEvaluatorFactory$WholeStageCodegenPartitionEvaluator$$anon$1.hasNext(WholeStageCodegenEvaluatorFactory.scala:43)
[2025-10-29T03:14:35.420+0700] {subprocess.py:93} INFO - 	at scala.collection.Iterator$$anon$10.hasNext(Iterator.scala:460)
[2025-10-29T03:14:35.421+0700] {subprocess.py:93} INFO - 	at org.apache.spark.shuffle.sort.BypassMergeSortShuffleWriter.write(BypassMergeSortShuffleWriter.java:140)
[2025-10-29T03:14:35.421+0700] {subprocess.py:93} INFO - 	at org.apache.spark.shuffle.ShuffleWriteProcessor.write(ShuffleWriteProcessor.scala:59)
[2025-10-29T03:14:35.421+0700] {subprocess.py:93} INFO - 	at org.apache.spark.scheduler.ShuffleMapTask.runTask(ShuffleMapTask.scala:104)
[2025-10-29T03:14:35.421+0700] {subprocess.py:93} INFO - 	at org.apache.spark.scheduler.ShuffleMapTask.runTask(ShuffleMapTask.scala:54)
[2025-10-29T03:14:35.421+0700] {subprocess.py:93} INFO - 	at org.apache.spark.TaskContext.runTaskWithListeners(TaskContext.scala:166)
[2025-10-29T03:14:35.421+0700] {subprocess.py:93} INFO - 	at org.apache.spark.scheduler.Task.run(Task.scala:141)
[2025-10-29T03:14:35.422+0700] {subprocess.py:93} INFO - 	at org.apache.spark.executor.Executor$TaskRunner.$anonfun$run$4(Executor.scala:620)
[2025-10-29T03:14:35.422+0700] {subprocess.py:93} INFO - 	at org.apache.spark.util.SparkErrorUtils.tryWithSafeFinally(SparkErrorUtils.scala:64)
[2025-10-29T03:14:35.422+0700] {subprocess.py:93} INFO - 	at org.apache.spark.util.SparkErrorUtils.tryWithSafeFinally$(SparkErrorUtils.scala:61)
[2025-10-29T03:14:35.422+0700] {subprocess.py:93} INFO - 	at org.apache.spark.util.Utils$.tryWithSafeFinally(Utils.scala:94)
[2025-10-29T03:14:35.422+0700] {subprocess.py:93} INFO - 	at org.apache.spark.executor.Executor$TaskRunner.run(Executor.scala:623)
[2025-10-29T03:14:35.422+0700] {subprocess.py:93} INFO - 	at java.base/java.util.concurrent.ThreadPoolExecutor.runWorker(ThreadPoolExecutor.java:1136)
[2025-10-29T03:14:35.422+0700] {subprocess.py:93} INFO - 	at java.base/java.util.concurrent.ThreadPoolExecutor$Worker.run(ThreadPoolExecutor.java:635)
[2025-10-29T03:14:35.423+0700] {subprocess.py:93} INFO - 	at java.base/java.lang.Thread.run(Thread.java:840)
[2025-10-29T03:14:35.423+0700] {subprocess.py:93} INFO - 
[2025-10-29T03:14:35.423+0700] {subprocess.py:93} INFO - 25/10/29 03:14:35 ERROR TaskSetManager: Task 0 in stage 2.0 failed 1 times; aborting job
[2025-10-29T03:14:35.487+0700] {subprocess.py:93} INFO - 25/10/29 03:14:35 ERROR MicroBatchExecution: Query [id = e5a53792-ad35-40ba-bc06-07d1bf4305dd, runId = f22274ce-0848-4dcd-8374-98cb3575b6c6] terminated with error
[2025-10-29T03:14:35.488+0700] {subprocess.py:93} INFO - py4j.Py4JException: An exception was raised by the Python Proxy. Return Message: Traceback (most recent call last):
[2025-10-29T03:14:35.488+0700] {subprocess.py:93} INFO -   File "/home/***/.local/lib/python3.12/site-packages/pyspark/python/lib/py4j-0.10.9.7-src.zip/py4j/clientserver.py", line 617, in _call_proxy
[2025-10-29T03:14:35.488+0700] {subprocess.py:93} INFO -     return_value = getattr(self.pool[obj_id], method)(*params)
[2025-10-29T03:14:35.488+0700] {subprocess.py:93} INFO -                    ^^^^^^^^^^^^^^^^^^^^^^^^^^^^^^^^^^^^^^^^^^^
[2025-10-29T03:14:35.489+0700] {subprocess.py:93} INFO -   File "/home/***/.local/lib/python3.12/site-packages/pyspark/python/lib/pyspark.zip/pyspark/sql/utils.py", line 120, in call
[2025-10-29T03:14:35.489+0700] {subprocess.py:93} INFO -     raise e
[2025-10-29T03:14:35.489+0700] {subprocess.py:93} INFO -   File "/home/***/.local/lib/python3.12/site-packages/pyspark/python/lib/pyspark.zip/pyspark/sql/utils.py", line 117, in call
[2025-10-29T03:14:35.489+0700] {subprocess.py:93} INFO -     self.func(DataFrame(jdf, wrapped_session_jdf), batch_id)
[2025-10-29T03:14:35.489+0700] {subprocess.py:93} INFO -   File "/opt/***/projects/absa_streaming/scripts/consumer_postgres_streaming.py", line 125, in write_to_postgres
[2025-10-29T03:14:35.489+0700] {subprocess.py:93} INFO -     total_rows = batch_df.count()
[2025-10-29T03:14:35.490+0700] {subprocess.py:93} INFO -                  ^^^^^^^^^^^^^^^^
[2025-10-29T03:14:35.490+0700] {subprocess.py:93} INFO -   File "/home/***/.local/lib/python3.12/site-packages/pyspark/python/lib/pyspark.zip/pyspark/sql/dataframe.py", line 1238, in count
[2025-10-29T03:14:35.490+0700] {subprocess.py:93} INFO -     return int(self._jdf.count())
[2025-10-29T03:14:35.490+0700] {subprocess.py:93} INFO -                ^^^^^^^^^^^^^^^^^
[2025-10-29T03:14:35.490+0700] {subprocess.py:93} INFO -   File "/home/***/.local/lib/python3.12/site-packages/pyspark/python/lib/py4j-0.10.9.7-src.zip/py4j/java_gateway.py", line 1322, in __call__
[2025-10-29T03:14:35.490+0700] {subprocess.py:93} INFO -     return_value = get_return_value(
[2025-10-29T03:14:35.491+0700] {subprocess.py:93} INFO -                    ^^^^^^^^^^^^^^^^^
[2025-10-29T03:14:35.491+0700] {subprocess.py:93} INFO -   File "/home/***/.local/lib/python3.12/site-packages/pyspark/python/lib/pyspark.zip/pyspark/errors/exceptions/captured.py", line 185, in deco
[2025-10-29T03:14:35.491+0700] {subprocess.py:93} INFO -     raise converted from None
[2025-10-29T03:14:35.491+0700] {subprocess.py:93} INFO - pyspark.errors.exceptions.captured.PythonException:
[2025-10-29T03:14:35.491+0700] {subprocess.py:93} INFO -   An exception was thrown from the Python worker. Please see the stack trace below.
[2025-10-29T03:14:35.491+0700] {subprocess.py:93} INFO - Traceback (most recent call last):
[2025-10-29T03:14:35.492+0700] {subprocess.py:93} INFO -   File "/opt/***/projects/absa_streaming/scripts/consumer_postgres_streaming.py", line 73, in absa_infer_udf
[2025-10-29T03:14:35.492+0700] {subprocess.py:93} INFO -     _tokenizer = AutoTokenizer.from_pretrained(MODEL_NAME, use_fast=True)
[2025-10-29T03:14:35.492+0700] {subprocess.py:93} INFO -                  ^^^^^^^^^^^^^^^^^^^^^^^^^^^^^^^^^^^^^^^^^^^^^^^^^^^^^^^^
[2025-10-29T03:14:35.492+0700] {subprocess.py:93} INFO -   File "/home/***/.local/lib/python3.12/site-packages/transformers/models/auto/tokenization_auto.py", line 817, in from_pretrained
[2025-10-29T03:14:35.492+0700] {subprocess.py:93} INFO -     tokenizer_config = get_tokenizer_config(pretrained_model_name_or_path, **kwargs)
[2025-10-29T03:14:35.493+0700] {subprocess.py:93} INFO -                        ^^^^^^^^^^^^^^^^^^^^^^^^^^^^^^^^^^^^^^^^^^^^^^^^^^^^^^^^^^^^^
[2025-10-29T03:14:35.493+0700] {subprocess.py:93} INFO -   File "/home/***/.local/lib/python3.12/site-packages/transformers/models/auto/tokenization_auto.py", line 649, in get_tokenizer_config
[2025-10-29T03:14:35.493+0700] {subprocess.py:93} INFO -     resolved_config_file = cached_file(
[2025-10-29T03:14:35.493+0700] {subprocess.py:93} INFO -                            ^^^^^^^^^^^^
[2025-10-29T03:14:35.493+0700] {subprocess.py:93} INFO -   File "/home/***/.local/lib/python3.12/site-packages/transformers/utils/hub.py", line 462, in cached_file
[2025-10-29T03:14:35.493+0700] {subprocess.py:93} INFO -     except HFValidationError as e:
[2025-10-29T03:14:35.493+0700] {subprocess.py:93} INFO -   File "/home/***/.local/lib/python3.12/site-packages/huggingface_hub/utils/_validators.py", line 114, in _inner_fn
[2025-10-29T03:14:35.494+0700] {subprocess.py:93} INFO -     return fn(*args, **kwargs)
[2025-10-29T03:14:35.494+0700] {subprocess.py:93} INFO -            ^^^^^^^^^^^^^^^^^^^
[2025-10-29T03:14:35.494+0700] {subprocess.py:93} INFO -   File "/home/***/.local/lib/python3.12/site-packages/huggingface_hub/file_download.py", line 1007, in hf_hub_download
[2025-10-29T03:14:35.494+0700] {subprocess.py:93} INFO -     return _hf_hub_download_to_cache_dir(
[2025-10-29T03:14:35.494+0700] {subprocess.py:93} INFO -            ^^^^^^^^^^^^^^^^^^^^^^^^^^^^^^
[2025-10-29T03:14:35.494+0700] {subprocess.py:93} INFO -   File "/home/***/.local/lib/python3.12/site-packages/huggingface_hub/file_download.py", line 1124, in _hf_hub_download_to_cache_dir
[2025-10-29T03:14:35.495+0700] {subprocess.py:93} INFO -     os.makedirs(os.path.dirname(blob_path), exist_ok=True)
[2025-10-29T03:14:35.495+0700] {subprocess.py:93} INFO -   File "<frozen os>", line 216, in makedirs
[2025-10-29T03:14:35.495+0700] {subprocess.py:93} INFO -   File "<frozen os>", line 216, in makedirs
[2025-10-29T03:14:35.495+0700] {subprocess.py:93} INFO -   File "<frozen os>", line 216, in makedirs
[2025-10-29T03:14:35.495+0700] {subprocess.py:93} INFO -   File "<frozen os>", line 230, in makedirs
[2025-10-29T03:14:35.495+0700] {subprocess.py:93} INFO - PermissionError: [Errno 13] Permission denied: '/home/***/.cache/huggingface'
[2025-10-29T03:14:35.496+0700] {subprocess.py:93} INFO - 
[2025-10-29T03:14:35.496+0700] {subprocess.py:93} INFO - 
[2025-10-29T03:14:35.496+0700] {subprocess.py:93} INFO - 	at py4j.Protocol.getReturnValue(Protocol.java:476)
[2025-10-29T03:14:35.496+0700] {subprocess.py:93} INFO - 	at py4j.reflection.PythonProxyHandler.invoke(PythonProxyHandler.java:108)
[2025-10-29T03:14:35.496+0700] {subprocess.py:93} INFO - 	at jdk.proxy3/jdk.proxy3.$Proxy32.call(Unknown Source)
[2025-10-29T03:14:35.496+0700] {subprocess.py:93} INFO - 	at org.apache.spark.sql.execution.streaming.sources.PythonForeachBatchHelper$.$anonfun$callForeachBatch$1(ForeachBatchSink.scala:53)
[2025-10-29T03:14:35.496+0700] {subprocess.py:93} INFO - 	at org.apache.spark.sql.execution.streaming.sources.PythonForeachBatchHelper$.$anonfun$callForeachBatch$1$adapted(ForeachBatchSink.scala:53)
[2025-10-29T03:14:35.497+0700] {subprocess.py:93} INFO - 	at org.apache.spark.sql.execution.streaming.sources.ForeachBatchSink.addBatch(ForeachBatchSink.scala:34)
[2025-10-29T03:14:35.497+0700] {subprocess.py:93} INFO - 	at org.apache.spark.sql.execution.streaming.MicroBatchExecution.$anonfun$runBatch$17(MicroBatchExecution.scala:732)
[2025-10-29T03:14:35.497+0700] {subprocess.py:93} INFO - 	at org.apache.spark.sql.execution.SQLExecution$.$anonfun$withNewExecutionId$6(SQLExecution.scala:125)
[2025-10-29T03:14:35.497+0700] {subprocess.py:93} INFO - 	at org.apache.spark.sql.execution.SQLExecution$.withSQLConfPropagated(SQLExecution.scala:201)
[2025-10-29T03:14:35.497+0700] {subprocess.py:93} INFO - 	at org.apache.spark.sql.execution.SQLExecution$.$anonfun$withNewExecutionId$1(SQLExecution.scala:108)
[2025-10-29T03:14:35.497+0700] {subprocess.py:93} INFO - 	at org.apache.spark.sql.SparkSession.withActive(SparkSession.scala:900)
[2025-10-29T03:14:35.497+0700] {subprocess.py:93} INFO - 	at org.apache.spark.sql.execution.SQLExecution$.withNewExecutionId(SQLExecution.scala:66)
[2025-10-29T03:14:35.498+0700] {subprocess.py:93} INFO - 	at org.apache.spark.sql.execution.streaming.MicroBatchExecution.$anonfun$runBatch$16(MicroBatchExecution.scala:729)
[2025-10-29T03:14:35.498+0700] {subprocess.py:93} INFO - 	at org.apache.spark.sql.execution.streaming.ProgressReporter.reportTimeTaken(ProgressReporter.scala:427)
[2025-10-29T03:14:35.498+0700] {subprocess.py:93} INFO - 	at org.apache.spark.sql.execution.streaming.ProgressReporter.reportTimeTaken$(ProgressReporter.scala:425)
[2025-10-29T03:14:35.498+0700] {subprocess.py:93} INFO - 	at org.apache.spark.sql.execution.streaming.StreamExecution.reportTimeTaken(StreamExecution.scala:67)
[2025-10-29T03:14:35.498+0700] {subprocess.py:93} INFO - 	at org.apache.spark.sql.execution.streaming.MicroBatchExecution.runBatch(MicroBatchExecution.scala:729)
[2025-10-29T03:14:35.498+0700] {subprocess.py:93} INFO - 	at org.apache.spark.sql.execution.streaming.MicroBatchExecution.$anonfun$runActivatedStream$2(MicroBatchExecution.scala:286)
[2025-10-29T03:14:35.499+0700] {subprocess.py:93} INFO - 	at scala.runtime.java8.JFunction0$mcV$sp.apply(JFunction0$mcV$sp.java:23)
[2025-10-29T03:14:35.499+0700] {subprocess.py:93} INFO - 	at org.apache.spark.sql.execution.streaming.ProgressReporter.reportTimeTaken(ProgressReporter.scala:427)
[2025-10-29T03:14:35.499+0700] {subprocess.py:93} INFO - 	at org.apache.spark.sql.execution.streaming.ProgressReporter.reportTimeTaken$(ProgressReporter.scala:425)
[2025-10-29T03:14:35.499+0700] {subprocess.py:93} INFO - 	at org.apache.spark.sql.execution.streaming.StreamExecution.reportTimeTaken(StreamExecution.scala:67)
[2025-10-29T03:14:35.499+0700] {subprocess.py:93} INFO - 	at org.apache.spark.sql.execution.streaming.MicroBatchExecution.$anonfun$runActivatedStream$1(MicroBatchExecution.scala:249)
[2025-10-29T03:14:35.499+0700] {subprocess.py:93} INFO - 	at org.apache.spark.sql.execution.streaming.ProcessingTimeExecutor.execute(TriggerExecutor.scala:67)
[2025-10-29T03:14:35.499+0700] {subprocess.py:93} INFO - 	at org.apache.spark.sql.execution.streaming.MicroBatchExecution.runActivatedStream(MicroBatchExecution.scala:239)
[2025-10-29T03:14:35.500+0700] {subprocess.py:93} INFO - 	at org.apache.spark.sql.execution.streaming.StreamExecution.$anonfun$runStream$1(StreamExecution.scala:311)
[2025-10-29T03:14:35.500+0700] {subprocess.py:93} INFO - 	at scala.runtime.java8.JFunction0$mcV$sp.apply(JFunction0$mcV$sp.java:23)
[2025-10-29T03:14:35.500+0700] {subprocess.py:93} INFO - 	at org.apache.spark.sql.SparkSession.withActive(SparkSession.scala:900)
[2025-10-29T03:14:35.500+0700] {subprocess.py:93} INFO - 	at org.apache.spark.sql.execution.streaming.StreamExecution.org$apache$spark$sql$execution$streaming$StreamExecution$$runStream(StreamExecution.scala:289)
[2025-10-29T03:14:35.500+0700] {subprocess.py:93} INFO - 	at org.apache.spark.sql.execution.streaming.StreamExecution$$anon$1.$anonfun$run$1(StreamExecution.scala:211)
[2025-10-29T03:14:35.500+0700] {subprocess.py:93} INFO - 	at scala.runtime.java8.JFunction0$mcV$sp.apply(JFunction0$mcV$sp.java:23)
[2025-10-29T03:14:35.500+0700] {subprocess.py:93} INFO - 	at org.apache.spark.JobArtifactSet$.withActiveJobArtifactState(JobArtifactSet.scala:94)
[2025-10-29T03:14:35.500+0700] {subprocess.py:93} INFO - 	at org.apache.spark.sql.execution.streaming.StreamExecution$$anon$1.run(StreamExecution.scala:211)
[2025-10-29T03:14:35.552+0700] {subprocess.py:93} INFO - Traceback (most recent call last):
[2025-10-29T03:14:35.552+0700] {subprocess.py:93} INFO -   File "/opt/***/projects/absa_streaming/scripts/consumer_postgres_streaming.py", line 175, in <module>
[2025-10-29T03:14:35.552+0700] {subprocess.py:93} INFO -     query.awaitTermination()
[2025-10-29T03:14:35.552+0700] {subprocess.py:93} INFO -   File "/home/***/.local/lib/python3.12/site-packages/pyspark/python/lib/pyspark.zip/pyspark/sql/streaming/query.py", line 221, in awaitTermination
[2025-10-29T03:14:35.552+0700] {subprocess.py:93} INFO -   File "/home/***/.local/lib/python3.12/site-packages/pyspark/python/lib/py4j-0.10.9.7-src.zip/py4j/java_gateway.py", line 1322, in __call__
[2025-10-29T03:14:35.553+0700] {subprocess.py:93} INFO -   File "/home/***/.local/lib/python3.12/site-packages/pyspark/python/lib/pyspark.zip/pyspark/errors/exceptions/captured.py", line 185, in deco
[2025-10-29T03:14:35.555+0700] {subprocess.py:93} INFO - pyspark.errors.exceptions.captured.StreamingQueryException: [STREAM_FAILED] Query [id = e5a53792-ad35-40ba-bc06-07d1bf4305dd, runId = f22274ce-0848-4dcd-8374-98cb3575b6c6] terminated with exception: An exception was raised by the Python Proxy. Return Message: Traceback (most recent call last):
[2025-10-29T03:14:35.555+0700] {subprocess.py:93} INFO -   File "/home/***/.local/lib/python3.12/site-packages/pyspark/python/lib/py4j-0.10.9.7-src.zip/py4j/clientserver.py", line 617, in _call_proxy
[2025-10-29T03:14:35.556+0700] {subprocess.py:93} INFO -     return_value = getattr(self.pool[obj_id], method)(*params)
[2025-10-29T03:14:35.556+0700] {subprocess.py:93} INFO -                    ^^^^^^^^^^^^^^^^^^^^^^^^^^^^^^^^^^^^^^^^^^^
[2025-10-29T03:14:35.556+0700] {subprocess.py:93} INFO -   File "/home/***/.local/lib/python3.12/site-packages/pyspark/python/lib/pyspark.zip/pyspark/sql/utils.py", line 120, in call
[2025-10-29T03:14:35.556+0700] {subprocess.py:93} INFO -     raise e
[2025-10-29T03:14:35.557+0700] {subprocess.py:93} INFO -   File "/home/***/.local/lib/python3.12/site-packages/pyspark/python/lib/pyspark.zip/pyspark/sql/utils.py", line 117, in call
[2025-10-29T03:14:35.557+0700] {subprocess.py:93} INFO -     self.func(DataFrame(jdf, wrapped_session_jdf), batch_id)
[2025-10-29T03:14:35.557+0700] {subprocess.py:93} INFO -   File "/opt/***/projects/absa_streaming/scripts/consumer_postgres_streaming.py", line 125, in write_to_postgres
[2025-10-29T03:14:35.557+0700] {subprocess.py:93} INFO -     total_rows = batch_df.count()
[2025-10-29T03:14:35.557+0700] {subprocess.py:93} INFO -                  ^^^^^^^^^^^^^^^^
[2025-10-29T03:14:35.557+0700] {subprocess.py:93} INFO -   File "/home/***/.local/lib/python3.12/site-packages/pyspark/python/lib/pyspark.zip/pyspark/sql/dataframe.py", line 1238, in count
[2025-10-29T03:14:35.558+0700] {subprocess.py:93} INFO -     return int(self._jdf.count())
[2025-10-29T03:14:35.558+0700] {subprocess.py:93} INFO -                ^^^^^^^^^^^^^^^^^
[2025-10-29T03:14:35.558+0700] {subprocess.py:93} INFO -   File "/home/***/.local/lib/python3.12/site-packages/pyspark/python/lib/py4j-0.10.9.7-src.zip/py4j/java_gateway.py", line 1322, in __call__
[2025-10-29T03:14:35.558+0700] {subprocess.py:93} INFO -     return_value = get_return_value(
[2025-10-29T03:14:35.558+0700] {subprocess.py:93} INFO -                    ^^^^^^^^^^^^^^^^^
[2025-10-29T03:14:35.559+0700] {subprocess.py:93} INFO -   File "/home/***/.local/lib/python3.12/site-packages/pyspark/python/lib/pyspark.zip/pyspark/errors/exceptions/captured.py", line 185, in deco
[2025-10-29T03:14:35.559+0700] {subprocess.py:93} INFO -     raise converted from None
[2025-10-29T03:14:35.559+0700] {subprocess.py:93} INFO - pyspark.errors.exceptions.captured.PythonException:
[2025-10-29T03:14:35.559+0700] {subprocess.py:93} INFO -   An exception was thrown from the Python worker. Please see the stack trace below.
[2025-10-29T03:14:35.559+0700] {subprocess.py:93} INFO - Traceback (most recent call last):
[2025-10-29T03:14:35.560+0700] {subprocess.py:93} INFO -   File "/opt/***/projects/absa_streaming/scripts/consumer_postgres_streaming.py", line 73, in absa_infer_udf
[2025-10-29T03:14:35.560+0700] {subprocess.py:93} INFO -     _tokenizer = AutoTokenizer.from_pretrained(MODEL_NAME, use_fast=True)
[2025-10-29T03:14:35.560+0700] {subprocess.py:93} INFO -                  ^^^^^^^^^^^^^^^^^^^^^^^^^^^^^^^^^^^^^^^^^^^^^^^^^^^^^^^^
[2025-10-29T03:14:35.560+0700] {subprocess.py:93} INFO -   File "/home/***/.local/lib/python3.12/site-packages/transformers/models/auto/tokenization_auto.py", line 817, in from_pretrained
[2025-10-29T03:14:35.560+0700] {subprocess.py:93} INFO -     tokenizer_config = get_tokenizer_config(pretrained_model_name_or_path, **kwargs)
[2025-10-29T03:14:35.560+0700] {subprocess.py:93} INFO -                        ^^^^^^^^^^^^^^^^^^^^^^^^^^^^^^^^^^^^^^^^^^^^^^^^^^^^^^^^^^^^^
[2025-10-29T03:14:35.560+0700] {subprocess.py:93} INFO -   File "/home/***/.local/lib/python3.12/site-packages/transformers/models/auto/tokenization_auto.py", line 649, in get_tokenizer_config
[2025-10-29T03:14:35.561+0700] {subprocess.py:93} INFO -     resolved_config_file = cached_file(
[2025-10-29T03:14:35.561+0700] {subprocess.py:93} INFO -                            ^^^^^^^^^^^^
[2025-10-29T03:14:35.561+0700] {subprocess.py:93} INFO -   File "/home/***/.local/lib/python3.12/site-packages/transformers/utils/hub.py", line 462, in cached_file
[2025-10-29T03:14:35.561+0700] {subprocess.py:93} INFO -     except HFValidationError as e:
[2025-10-29T03:14:35.561+0700] {subprocess.py:93} INFO -   File "/home/***/.local/lib/python3.12/site-packages/huggingface_hub/utils/_validators.py", line 114, in _inner_fn
[2025-10-29T03:14:35.561+0700] {subprocess.py:93} INFO -     return fn(*args, **kwargs)
[2025-10-29T03:14:35.561+0700] {subprocess.py:93} INFO -            ^^^^^^^^^^^^^^^^^^^
[2025-10-29T03:14:35.562+0700] {subprocess.py:93} INFO -   File "/home/***/.local/lib/python3.12/site-packages/huggingface_hub/file_download.py", line 1007, in hf_hub_download
[2025-10-29T03:14:35.562+0700] {subprocess.py:93} INFO -     return _hf_hub_download_to_cache_dir(
[2025-10-29T03:14:35.562+0700] {subprocess.py:93} INFO -            ^^^^^^^^^^^^^^^^^^^^^^^^^^^^^^
[2025-10-29T03:14:35.562+0700] {subprocess.py:93} INFO -   File "/home/***/.local/lib/python3.12/site-packages/huggingface_hub/file_download.py", line 1124, in _hf_hub_download_to_cache_dir
[2025-10-29T03:14:35.562+0700] {subprocess.py:93} INFO -     os.makedirs(os.path.dirname(blob_path), exist_ok=True)
[2025-10-29T03:14:35.562+0700] {subprocess.py:93} INFO -   File "<frozen os>", line 216, in makedirs
[2025-10-29T03:14:35.563+0700] {subprocess.py:93} INFO -   File "<frozen os>", line 216, in makedirs
[2025-10-29T03:14:35.563+0700] {subprocess.py:93} INFO -   File "<frozen os>", line 216, in makedirs
[2025-10-29T03:14:35.563+0700] {subprocess.py:93} INFO -   File "<frozen os>", line 230, in makedirs
[2025-10-29T03:14:35.563+0700] {subprocess.py:93} INFO - PermissionError: [Errno 13] Permission denied: '/home/***/.cache/huggingface'
[2025-10-29T03:14:35.563+0700] {subprocess.py:93} INFO - 
[2025-10-29T03:14:35.563+0700] {subprocess.py:93} INFO - 
[2025-10-29T03:14:36.147+0700] {subprocess.py:97} INFO - Command exited with return code 1
[2025-10-29T03:14:36.148+0700] {taskinstance.py:441} INFO - ::group::Post task execution logs
[2025-10-29T03:14:36.156+0700] {taskinstance.py:2890} ERROR - Task failed with exception
Traceback (most recent call last):
  File "/home/airflow/.local/lib/python3.12/site-packages/airflow/models/taskinstance.py", line 460, in _execute_task
    result = _execute_callable(context=context, **execute_callable_kwargs)
             ^^^^^^^^^^^^^^^^^^^^^^^^^^^^^^^^^^^^^^^^^^^^^^^^^^^^^^^^^^^^^
  File "/home/airflow/.local/lib/python3.12/site-packages/airflow/models/taskinstance.py", line 432, in _execute_callable
    return execute_callable(context=context, **execute_callable_kwargs)
           ^^^^^^^^^^^^^^^^^^^^^^^^^^^^^^^^^^^^^^^^^^^^^^^^^^^^^^^^^^^^
  File "/home/airflow/.local/lib/python3.12/site-packages/airflow/models/baseoperator.py", line 400, in wrapper
    return func(self, *args, **kwargs)
           ^^^^^^^^^^^^^^^^^^^^^^^^^^^
  File "/home/airflow/.local/lib/python3.12/site-packages/airflow/operators/bash.py", line 243, in execute
    raise AirflowException(
airflow.exceptions.AirflowException: Bash command failed. The command returned a non-zero exit code 1.
[2025-10-29T03:14:36.160+0700] {taskinstance.py:1205} INFO - Marking task as UP_FOR_RETRY. dag_id=absa_streaming_lifecycle_demo1, task_id=deploy_consumer, execution_date=20251028T190000, start_date=20251028T201417, end_date=20251028T201436
[2025-10-29T03:14:36.169+0700] {standard_task_runner.py:110} ERROR - Failed to execute job 11 for task deploy_consumer (Bash command failed. The command returned a non-zero exit code 1.; 2410)
[2025-10-29T03:14:36.178+0700] {local_task_job_runner.py:240} INFO - Task exited with return code 1
[2025-10-29T03:14:36.195+0700] {taskinstance.py:3482} INFO - 0 downstream tasks scheduled from follow-on schedule check
[2025-10-29T03:14:36.196+0700] {local_task_job_runner.py:222} INFO - ::endgroup::
