[2025-10-29T03:49:49.526+0700] {local_task_job_runner.py:120} INFO - ::group::Pre task execution logs
[2025-10-29T03:49:49.542+0700] {taskinstance.py:2073} INFO - Dependencies all met for dep_context=non-requeueable deps ti=<TaskInstance: absa_streaming_lifecycle_demo1.deploy_consumer scheduled__2025-10-28T19:00:00+00:00 [queued]>
[2025-10-29T03:49:49.548+0700] {taskinstance.py:2073} INFO - Dependencies all met for dep_context=requeueable deps ti=<TaskInstance: absa_streaming_lifecycle_demo1.deploy_consumer scheduled__2025-10-28T19:00:00+00:00 [queued]>
[2025-10-29T03:49:49.548+0700] {taskinstance.py:2303} INFO - Starting attempt 19 of 23
[2025-10-29T03:49:49.557+0700] {taskinstance.py:2327} INFO - Executing <Task(BashOperator): deploy_consumer> on 2025-10-28 19:00:00+00:00
[2025-10-29T03:49:49.564+0700] {warnings.py:110} WARNING - /home/***/.local/lib/python3.12/site-packages/***/task/task_runner/standard_task_runner.py:61: DeprecationWarning: This process (pid=1250) is multi-threaded, use of fork() may lead to deadlocks in the child.
  pid = os.fork()

[2025-10-29T03:49:49.565+0700] {standard_task_runner.py:63} INFO - Started process 1252 to run task
[2025-10-29T03:49:49.565+0700] {standard_task_runner.py:90} INFO - Running: ['***', 'tasks', 'run', 'absa_streaming_lifecycle_demo1', 'deploy_consumer', 'scheduled__2025-10-28T19:00:00+00:00', '--job-id', '40', '--raw', '--subdir', 'DAGS_FOLDER/absa_streaming_lifecycle_dag1.py', '--cfg-path', '/tmp/tmp3_2l2b75']
[2025-10-29T03:49:49.567+0700] {standard_task_runner.py:91} INFO - Job 40: Subtask deploy_consumer
[2025-10-29T03:49:49.597+0700] {task_command.py:426} INFO - Running <TaskInstance: absa_streaming_lifecycle_demo1.deploy_consumer scheduled__2025-10-28T19:00:00+00:00 [running]> on host dfeadd712fc3
[2025-10-29T03:49:49.651+0700] {taskinstance.py:2644} INFO - Exporting env vars: AIRFLOW_CTX_DAG_OWNER='***' AIRFLOW_CTX_DAG_ID='absa_streaming_lifecycle_demo1' AIRFLOW_CTX_TASK_ID='deploy_consumer' AIRFLOW_CTX_EXECUTION_DATE='2025-10-28T19:00:00+00:00' AIRFLOW_CTX_TRY_NUMBER='19' AIRFLOW_CTX_DAG_RUN_ID='scheduled__2025-10-28T19:00:00+00:00'
[2025-10-29T03:49:49.652+0700] {taskinstance.py:430} INFO - ::endgroup::
[2025-10-29T03:49:49.653+0700] {subprocess.py:63} INFO - Tmp dir root location: /tmp
[2025-10-29T03:49:49.653+0700] {subprocess.py:75} INFO - Running command: ['/usr/bin/bash', '-c', 'bash -c "timeout 45m /opt/***/projects/absa_streaming/scripts/run_consumer.sh"']
[2025-10-29T03:49:49.665+0700] {subprocess.py:86} INFO - Output:
[2025-10-29T03:49:49.671+0700] {subprocess.py:93} INFO - [Consumer] Starting Spark Structured Streaming job...
[2025-10-29T03:49:49.710+0700] {subprocess.py:93} INFO - /home/***/.local/lib/python3.12/site-packages/pyspark/bin/load-spark-env.sh: line 68: ps: command not found
[2025-10-29T03:49:50.635+0700] {subprocess.py:93} INFO - :: loading settings :: url = jar:file:/home/***/.local/lib/python3.12/site-packages/pyspark/jars/ivy-2.5.1.jar!/org/apache/ivy/core/settings/ivysettings.xml
[2025-10-29T03:49:50.693+0700] {subprocess.py:93} INFO - Ivy Default Cache set to: /home/***/.ivy2/cache
[2025-10-29T03:49:50.694+0700] {subprocess.py:93} INFO - The jars for the packages stored in: /home/***/.ivy2/jars
[2025-10-29T03:49:50.697+0700] {subprocess.py:93} INFO - org.apache.spark#spark-sql-kafka-0-10_2.12 added as a dependency
[2025-10-29T03:49:50.698+0700] {subprocess.py:93} INFO - org.postgresql#postgresql added as a dependency
[2025-10-29T03:49:50.698+0700] {subprocess.py:93} INFO - :: resolving dependencies :: org.apache.spark#spark-submit-parent-dd5ac579-da42-4831-92ea-e11eec5de795;1.0
[2025-10-29T03:49:50.698+0700] {subprocess.py:93} INFO - 	confs: [default]
[2025-10-29T03:49:50.821+0700] {subprocess.py:93} INFO - 	found org.apache.spark#spark-sql-kafka-0-10_2.12;3.5.1 in central
[2025-10-29T03:49:50.858+0700] {subprocess.py:93} INFO - 	found org.apache.spark#spark-token-provider-kafka-0-10_2.12;3.5.1 in central
[2025-10-29T03:49:50.877+0700] {subprocess.py:93} INFO - 	found org.apache.kafka#kafka-clients;3.4.1 in central
[2025-10-29T03:49:50.898+0700] {subprocess.py:93} INFO - 	found org.lz4#lz4-java;1.8.0 in central
[2025-10-29T03:49:50.919+0700] {subprocess.py:93} INFO - 	found org.xerial.snappy#snappy-java;1.1.10.3 in central
[2025-10-29T03:49:50.939+0700] {subprocess.py:93} INFO - 	found org.slf4j#slf4j-api;2.0.7 in central
[2025-10-29T03:49:50.966+0700] {subprocess.py:93} INFO - 	found org.apache.hadoop#hadoop-client-runtime;3.3.4 in central
[2025-10-29T03:49:50.995+0700] {subprocess.py:93} INFO - 	found org.apache.hadoop#hadoop-client-api;3.3.4 in central
[2025-10-29T03:49:51.020+0700] {subprocess.py:93} INFO - 	found commons-logging#commons-logging;1.1.3 in central
[2025-10-29T03:49:51.038+0700] {subprocess.py:93} INFO - 	found com.google.code.findbugs#jsr305;3.0.0 in central
[2025-10-29T03:49:51.053+0700] {subprocess.py:93} INFO - 	found org.apache.commons#commons-pool2;2.11.1 in central
[2025-10-29T03:49:51.066+0700] {subprocess.py:93} INFO - 	found org.postgresql#postgresql;42.6.0 in central
[2025-10-29T03:49:51.077+0700] {subprocess.py:93} INFO - 	found org.checkerframework#checker-qual;3.31.0 in central
[2025-10-29T03:49:51.100+0700] {subprocess.py:93} INFO - :: resolution report :: resolve 387ms :: artifacts dl 15ms
[2025-10-29T03:49:51.101+0700] {subprocess.py:93} INFO - 	:: modules in use:
[2025-10-29T03:49:51.101+0700] {subprocess.py:93} INFO - 	com.google.code.findbugs#jsr305;3.0.0 from central in [default]
[2025-10-29T03:49:51.101+0700] {subprocess.py:93} INFO - 	commons-logging#commons-logging;1.1.3 from central in [default]
[2025-10-29T03:49:51.102+0700] {subprocess.py:93} INFO - 	org.apache.commons#commons-pool2;2.11.1 from central in [default]
[2025-10-29T03:49:51.102+0700] {subprocess.py:93} INFO - 	org.apache.hadoop#hadoop-client-api;3.3.4 from central in [default]
[2025-10-29T03:49:51.102+0700] {subprocess.py:93} INFO - 	org.apache.hadoop#hadoop-client-runtime;3.3.4 from central in [default]
[2025-10-29T03:49:51.102+0700] {subprocess.py:93} INFO - 	org.apache.kafka#kafka-clients;3.4.1 from central in [default]
[2025-10-29T03:49:51.103+0700] {subprocess.py:93} INFO - 	org.apache.spark#spark-sql-kafka-0-10_2.12;3.5.1 from central in [default]
[2025-10-29T03:49:51.103+0700] {subprocess.py:93} INFO - 	org.apache.spark#spark-token-provider-kafka-0-10_2.12;3.5.1 from central in [default]
[2025-10-29T03:49:51.103+0700] {subprocess.py:93} INFO - 	org.checkerframework#checker-qual;3.31.0 from central in [default]
[2025-10-29T03:49:51.103+0700] {subprocess.py:93} INFO - 	org.lz4#lz4-java;1.8.0 from central in [default]
[2025-10-29T03:49:51.104+0700] {subprocess.py:93} INFO - 	org.postgresql#postgresql;42.6.0 from central in [default]
[2025-10-29T03:49:51.104+0700] {subprocess.py:93} INFO - 	org.slf4j#slf4j-api;2.0.7 from central in [default]
[2025-10-29T03:49:51.104+0700] {subprocess.py:93} INFO - 	org.xerial.snappy#snappy-java;1.1.10.3 from central in [default]
[2025-10-29T03:49:51.104+0700] {subprocess.py:93} INFO - 	---------------------------------------------------------------------
[2025-10-29T03:49:51.105+0700] {subprocess.py:93} INFO - 	|                  |            modules            ||   artifacts   |
[2025-10-29T03:49:51.105+0700] {subprocess.py:93} INFO - 	|       conf       | number| search|dwnlded|evicted|| number|dwnlded|
[2025-10-29T03:49:51.105+0700] {subprocess.py:93} INFO - 	---------------------------------------------------------------------
[2025-10-29T03:49:51.105+0700] {subprocess.py:93} INFO - 	|      default     |   13  |   0   |   0   |   0   ||   13  |   0   |
[2025-10-29T03:49:51.106+0700] {subprocess.py:93} INFO - 	---------------------------------------------------------------------
[2025-10-29T03:49:51.107+0700] {subprocess.py:93} INFO - :: retrieving :: org.apache.spark#spark-submit-parent-dd5ac579-da42-4831-92ea-e11eec5de795
[2025-10-29T03:49:51.107+0700] {subprocess.py:93} INFO - 	confs: [default]
[2025-10-29T03:49:51.115+0700] {subprocess.py:93} INFO - 	0 artifacts copied, 13 already retrieved (0kB/8ms)
[2025-10-29T03:49:51.263+0700] {subprocess.py:93} INFO - 25/10/29 03:49:51 WARN NativeCodeLoader: Unable to load native-hadoop library for your platform... using builtin-java classes where applicable
[2025-10-29T03:49:54.459+0700] {subprocess.py:93} INFO - There was a problem when trying to write in your cache folder (/home/***/.cache/huggingface/hub). You should set the environment variable TRANSFORMERS_CACHE to a writable directory.
[2025-10-29T03:49:54.569+0700] {subprocess.py:93} INFO - 25/10/29 03:49:54 INFO SparkContext: Running Spark version 3.5.1
[2025-10-29T03:49:54.569+0700] {subprocess.py:93} INFO - 25/10/29 03:49:54 INFO SparkContext: OS info Linux, 6.14.0-33-generic, amd64
[2025-10-29T03:49:54.569+0700] {subprocess.py:93} INFO - 25/10/29 03:49:54 INFO SparkContext: Java version 17.0.17
[2025-10-29T03:49:54.583+0700] {subprocess.py:93} INFO - 25/10/29 03:49:54 INFO ResourceUtils: ==============================================================
[2025-10-29T03:49:54.584+0700] {subprocess.py:93} INFO - 25/10/29 03:49:54 INFO ResourceUtils: No custom resources configured for spark.driver.
[2025-10-29T03:49:54.584+0700] {subprocess.py:93} INFO - 25/10/29 03:49:54 INFO ResourceUtils: ==============================================================
[2025-10-29T03:49:54.584+0700] {subprocess.py:93} INFO - 25/10/29 03:49:54 INFO SparkContext: Submitted application: Kafka_ABSA_Postgres
[2025-10-29T03:49:54.598+0700] {subprocess.py:93} INFO - 25/10/29 03:49:54 INFO ResourceProfile: Default ResourceProfile created, executor resources: Map(cores -> name: cores, amount: 1, script: , vendor: , memory -> name: memory, amount: 1024, script: , vendor: , offHeap -> name: offHeap, amount: 0, script: , vendor: ), task resources: Map(cpus -> name: cpus, amount: 1.0)
[2025-10-29T03:49:54.604+0700] {subprocess.py:93} INFO - 25/10/29 03:49:54 INFO ResourceProfile: Limiting resource is cpu
[2025-10-29T03:49:54.605+0700] {subprocess.py:93} INFO - 25/10/29 03:49:54 INFO ResourceProfileManager: Added ResourceProfile id: 0
[2025-10-29T03:49:54.635+0700] {subprocess.py:93} INFO - 25/10/29 03:49:54 INFO SecurityManager: Changing view acls to: default
[2025-10-29T03:49:54.636+0700] {subprocess.py:93} INFO - 25/10/29 03:49:54 INFO SecurityManager: Changing modify acls to: default
[2025-10-29T03:49:54.636+0700] {subprocess.py:93} INFO - 25/10/29 03:49:54 INFO SecurityManager: Changing view acls groups to:
[2025-10-29T03:49:54.636+0700] {subprocess.py:93} INFO - 25/10/29 03:49:54 INFO SecurityManager: Changing modify acls groups to:
[2025-10-29T03:49:54.636+0700] {subprocess.py:93} INFO - 25/10/29 03:49:54 INFO SecurityManager: SecurityManager: authentication disabled; ui acls disabled; users with view permissions: default; groups with view permissions: EMPTY; users with modify permissions: default; groups with modify permissions: EMPTY
[2025-10-29T03:49:54.764+0700] {subprocess.py:93} INFO - 25/10/29 03:49:54 INFO Utils: Successfully started service 'sparkDriver' on port 38755.
[2025-10-29T03:49:54.786+0700] {subprocess.py:93} INFO - 25/10/29 03:49:54 INFO SparkEnv: Registering MapOutputTracker
[2025-10-29T03:49:54.810+0700] {subprocess.py:93} INFO - 25/10/29 03:49:54 INFO SparkEnv: Registering BlockManagerMaster
[2025-10-29T03:49:54.821+0700] {subprocess.py:93} INFO - 25/10/29 03:49:54 INFO BlockManagerMasterEndpoint: Using org.apache.spark.storage.DefaultTopologyMapper for getting topology information
[2025-10-29T03:49:54.822+0700] {subprocess.py:93} INFO - 25/10/29 03:49:54 INFO BlockManagerMasterEndpoint: BlockManagerMasterEndpoint up
[2025-10-29T03:49:54.824+0700] {subprocess.py:93} INFO - 25/10/29 03:49:54 INFO SparkEnv: Registering BlockManagerMasterHeartbeat
[2025-10-29T03:49:54.840+0700] {subprocess.py:93} INFO - 25/10/29 03:49:54 INFO DiskBlockManager: Created local directory at /tmp/blockmgr-7bd3cc47-18be-4b62-81cd-be216c435c45
[2025-10-29T03:49:54.851+0700] {subprocess.py:93} INFO - 25/10/29 03:49:54 INFO MemoryStore: MemoryStore started with capacity 434.4 MiB
[2025-10-29T03:49:54.862+0700] {subprocess.py:93} INFO - 25/10/29 03:49:54 INFO SparkEnv: Registering OutputCommitCoordinator
[2025-10-29T03:49:54.936+0700] {subprocess.py:93} INFO - 25/10/29 03:49:54 INFO JettyUtils: Start Jetty 0.0.0.0:4040 for SparkUI
[2025-10-29T03:49:54.965+0700] {subprocess.py:93} INFO - 25/10/29 03:49:54 INFO Utils: Successfully started service 'SparkUI' on port 4040.
[2025-10-29T03:49:54.995+0700] {subprocess.py:93} INFO - 25/10/29 03:49:54 INFO SparkContext: Added JAR file:///home/***/.ivy2/jars/org.apache.spark_spark-sql-kafka-0-10_2.12-3.5.1.jar at spark://dfeadd712fc3:38755/jars/org.apache.spark_spark-sql-kafka-0-10_2.12-3.5.1.jar with timestamp 1761684594564
[2025-10-29T03:49:54.996+0700] {subprocess.py:93} INFO - 25/10/29 03:49:54 INFO SparkContext: Added JAR file:///home/***/.ivy2/jars/org.postgresql_postgresql-42.6.0.jar at spark://dfeadd712fc3:38755/jars/org.postgresql_postgresql-42.6.0.jar with timestamp 1761684594564
[2025-10-29T03:49:54.996+0700] {subprocess.py:93} INFO - 25/10/29 03:49:54 INFO SparkContext: Added JAR file:///home/***/.ivy2/jars/org.apache.spark_spark-token-provider-kafka-0-10_2.12-3.5.1.jar at spark://dfeadd712fc3:38755/jars/org.apache.spark_spark-token-provider-kafka-0-10_2.12-3.5.1.jar with timestamp 1761684594564
[2025-10-29T03:49:54.996+0700] {subprocess.py:93} INFO - 25/10/29 03:49:54 INFO SparkContext: Added JAR file:///home/***/.ivy2/jars/org.apache.kafka_kafka-clients-3.4.1.jar at spark://dfeadd712fc3:38755/jars/org.apache.kafka_kafka-clients-3.4.1.jar with timestamp 1761684594564
[2025-10-29T03:49:54.996+0700] {subprocess.py:93} INFO - 25/10/29 03:49:54 INFO SparkContext: Added JAR file:///home/***/.ivy2/jars/com.google.code.findbugs_jsr305-3.0.0.jar at spark://dfeadd712fc3:38755/jars/com.google.code.findbugs_jsr305-3.0.0.jar with timestamp 1761684594564
[2025-10-29T03:49:54.996+0700] {subprocess.py:93} INFO - 25/10/29 03:49:54 INFO SparkContext: Added JAR file:///home/***/.ivy2/jars/org.apache.commons_commons-pool2-2.11.1.jar at spark://dfeadd712fc3:38755/jars/org.apache.commons_commons-pool2-2.11.1.jar with timestamp 1761684594564
[2025-10-29T03:49:54.997+0700] {subprocess.py:93} INFO - 25/10/29 03:49:54 INFO SparkContext: Added JAR file:///home/***/.ivy2/jars/org.apache.hadoop_hadoop-client-runtime-3.3.4.jar at spark://dfeadd712fc3:38755/jars/org.apache.hadoop_hadoop-client-runtime-3.3.4.jar with timestamp 1761684594564
[2025-10-29T03:49:54.997+0700] {subprocess.py:93} INFO - 25/10/29 03:49:54 INFO SparkContext: Added JAR file:///home/***/.ivy2/jars/org.lz4_lz4-java-1.8.0.jar at spark://dfeadd712fc3:38755/jars/org.lz4_lz4-java-1.8.0.jar with timestamp 1761684594564
[2025-10-29T03:49:54.997+0700] {subprocess.py:93} INFO - 25/10/29 03:49:54 INFO SparkContext: Added JAR file:///home/***/.ivy2/jars/org.xerial.snappy_snappy-java-1.1.10.3.jar at spark://dfeadd712fc3:38755/jars/org.xerial.snappy_snappy-java-1.1.10.3.jar with timestamp 1761684594564
[2025-10-29T03:49:54.997+0700] {subprocess.py:93} INFO - 25/10/29 03:49:54 INFO SparkContext: Added JAR file:///home/***/.ivy2/jars/org.slf4j_slf4j-api-2.0.7.jar at spark://dfeadd712fc3:38755/jars/org.slf4j_slf4j-api-2.0.7.jar with timestamp 1761684594564
[2025-10-29T03:49:54.997+0700] {subprocess.py:93} INFO - 25/10/29 03:49:54 INFO SparkContext: Added JAR file:///home/***/.ivy2/jars/org.apache.hadoop_hadoop-client-api-3.3.4.jar at spark://dfeadd712fc3:38755/jars/org.apache.hadoop_hadoop-client-api-3.3.4.jar with timestamp 1761684594564
[2025-10-29T03:49:54.997+0700] {subprocess.py:93} INFO - 25/10/29 03:49:54 INFO SparkContext: Added JAR file:///home/***/.ivy2/jars/commons-logging_commons-logging-1.1.3.jar at spark://dfeadd712fc3:38755/jars/commons-logging_commons-logging-1.1.3.jar with timestamp 1761684594564
[2025-10-29T03:49:54.997+0700] {subprocess.py:93} INFO - 25/10/29 03:49:54 INFO SparkContext: Added JAR file:///home/***/.ivy2/jars/org.checkerframework_checker-qual-3.31.0.jar at spark://dfeadd712fc3:38755/jars/org.checkerframework_checker-qual-3.31.0.jar with timestamp 1761684594564
[2025-10-29T03:49:54.999+0700] {subprocess.py:93} INFO - 25/10/29 03:49:54 INFO SparkContext: Added file file:///home/***/.ivy2/jars/org.apache.spark_spark-sql-kafka-0-10_2.12-3.5.1.jar at file:///home/***/.ivy2/jars/org.apache.spark_spark-sql-kafka-0-10_2.12-3.5.1.jar with timestamp 1761684594564
[2025-10-29T03:49:55.000+0700] {subprocess.py:93} INFO - 25/10/29 03:49:55 INFO Utils: Copying /home/***/.ivy2/jars/org.apache.spark_spark-sql-kafka-0-10_2.12-3.5.1.jar to /tmp/spark-2248d9ea-6994-4e53-ada4-2a76e7ceaf01/userFiles-29006c78-8098-4ca7-844a-d55e510cd757/org.apache.spark_spark-sql-kafka-0-10_2.12-3.5.1.jar
[2025-10-29T03:49:55.008+0700] {subprocess.py:93} INFO - 25/10/29 03:49:55 INFO SparkContext: Added file file:///home/***/.ivy2/jars/org.postgresql_postgresql-42.6.0.jar at file:///home/***/.ivy2/jars/org.postgresql_postgresql-42.6.0.jar with timestamp 1761684594564
[2025-10-29T03:49:55.008+0700] {subprocess.py:93} INFO - 25/10/29 03:49:55 INFO Utils: Copying /home/***/.ivy2/jars/org.postgresql_postgresql-42.6.0.jar to /tmp/spark-2248d9ea-6994-4e53-ada4-2a76e7ceaf01/userFiles-29006c78-8098-4ca7-844a-d55e510cd757/org.postgresql_postgresql-42.6.0.jar
[2025-10-29T03:49:55.011+0700] {subprocess.py:93} INFO - 25/10/29 03:49:55 INFO SparkContext: Added file file:///home/***/.ivy2/jars/org.apache.spark_spark-token-provider-kafka-0-10_2.12-3.5.1.jar at file:///home/***/.ivy2/jars/org.apache.spark_spark-token-provider-kafka-0-10_2.12-3.5.1.jar with timestamp 1761684594564
[2025-10-29T03:49:55.012+0700] {subprocess.py:93} INFO - 25/10/29 03:49:55 INFO Utils: Copying /home/***/.ivy2/jars/org.apache.spark_spark-token-provider-kafka-0-10_2.12-3.5.1.jar to /tmp/spark-2248d9ea-6994-4e53-ada4-2a76e7ceaf01/userFiles-29006c78-8098-4ca7-844a-d55e510cd757/org.apache.spark_spark-token-provider-kafka-0-10_2.12-3.5.1.jar
[2025-10-29T03:49:55.014+0700] {subprocess.py:93} INFO - 25/10/29 03:49:55 INFO SparkContext: Added file file:///home/***/.ivy2/jars/org.apache.kafka_kafka-clients-3.4.1.jar at file:///home/***/.ivy2/jars/org.apache.kafka_kafka-clients-3.4.1.jar with timestamp 1761684594564
[2025-10-29T03:49:55.015+0700] {subprocess.py:93} INFO - 25/10/29 03:49:55 INFO Utils: Copying /home/***/.ivy2/jars/org.apache.kafka_kafka-clients-3.4.1.jar to /tmp/spark-2248d9ea-6994-4e53-ada4-2a76e7ceaf01/userFiles-29006c78-8098-4ca7-844a-d55e510cd757/org.apache.kafka_kafka-clients-3.4.1.jar
[2025-10-29T03:49:55.020+0700] {subprocess.py:93} INFO - 25/10/29 03:49:55 INFO SparkContext: Added file file:///home/***/.ivy2/jars/com.google.code.findbugs_jsr305-3.0.0.jar at file:///home/***/.ivy2/jars/com.google.code.findbugs_jsr305-3.0.0.jar with timestamp 1761684594564
[2025-10-29T03:49:55.020+0700] {subprocess.py:93} INFO - 25/10/29 03:49:55 INFO Utils: Copying /home/***/.ivy2/jars/com.google.code.findbugs_jsr305-3.0.0.jar to /tmp/spark-2248d9ea-6994-4e53-ada4-2a76e7ceaf01/userFiles-29006c78-8098-4ca7-844a-d55e510cd757/com.google.code.findbugs_jsr305-3.0.0.jar
[2025-10-29T03:49:55.023+0700] {subprocess.py:93} INFO - 25/10/29 03:49:55 INFO SparkContext: Added file file:///home/***/.ivy2/jars/org.apache.commons_commons-pool2-2.11.1.jar at file:///home/***/.ivy2/jars/org.apache.commons_commons-pool2-2.11.1.jar with timestamp 1761684594564
[2025-10-29T03:49:55.024+0700] {subprocess.py:93} INFO - 25/10/29 03:49:55 INFO Utils: Copying /home/***/.ivy2/jars/org.apache.commons_commons-pool2-2.11.1.jar to /tmp/spark-2248d9ea-6994-4e53-ada4-2a76e7ceaf01/userFiles-29006c78-8098-4ca7-844a-d55e510cd757/org.apache.commons_commons-pool2-2.11.1.jar
[2025-10-29T03:49:55.027+0700] {subprocess.py:93} INFO - 25/10/29 03:49:55 INFO SparkContext: Added file file:///home/***/.ivy2/jars/org.apache.hadoop_hadoop-client-runtime-3.3.4.jar at file:///home/***/.ivy2/jars/org.apache.hadoop_hadoop-client-runtime-3.3.4.jar with timestamp 1761684594564
[2025-10-29T03:49:55.027+0700] {subprocess.py:93} INFO - 25/10/29 03:49:55 INFO Utils: Copying /home/***/.ivy2/jars/org.apache.hadoop_hadoop-client-runtime-3.3.4.jar to /tmp/spark-2248d9ea-6994-4e53-ada4-2a76e7ceaf01/userFiles-29006c78-8098-4ca7-844a-d55e510cd757/org.apache.hadoop_hadoop-client-runtime-3.3.4.jar
[2025-10-29T03:49:55.042+0700] {subprocess.py:93} INFO - 25/10/29 03:49:55 INFO SparkContext: Added file file:///home/***/.ivy2/jars/org.lz4_lz4-java-1.8.0.jar at file:///home/***/.ivy2/jars/org.lz4_lz4-java-1.8.0.jar with timestamp 1761684594564
[2025-10-29T03:49:55.042+0700] {subprocess.py:93} INFO - 25/10/29 03:49:55 INFO Utils: Copying /home/***/.ivy2/jars/org.lz4_lz4-java-1.8.0.jar to /tmp/spark-2248d9ea-6994-4e53-ada4-2a76e7ceaf01/userFiles-29006c78-8098-4ca7-844a-d55e510cd757/org.lz4_lz4-java-1.8.0.jar
[2025-10-29T03:49:55.045+0700] {subprocess.py:93} INFO - 25/10/29 03:49:55 INFO SparkContext: Added file file:///home/***/.ivy2/jars/org.xerial.snappy_snappy-java-1.1.10.3.jar at file:///home/***/.ivy2/jars/org.xerial.snappy_snappy-java-1.1.10.3.jar with timestamp 1761684594564
[2025-10-29T03:49:55.045+0700] {subprocess.py:93} INFO - 25/10/29 03:49:55 INFO Utils: Copying /home/***/.ivy2/jars/org.xerial.snappy_snappy-java-1.1.10.3.jar to /tmp/spark-2248d9ea-6994-4e53-ada4-2a76e7ceaf01/userFiles-29006c78-8098-4ca7-844a-d55e510cd757/org.xerial.snappy_snappy-java-1.1.10.3.jar
[2025-10-29T03:49:55.048+0700] {subprocess.py:93} INFO - 25/10/29 03:49:55 INFO SparkContext: Added file file:///home/***/.ivy2/jars/org.slf4j_slf4j-api-2.0.7.jar at file:///home/***/.ivy2/jars/org.slf4j_slf4j-api-2.0.7.jar with timestamp 1761684594564
[2025-10-29T03:49:55.048+0700] {subprocess.py:93} INFO - 25/10/29 03:49:55 INFO Utils: Copying /home/***/.ivy2/jars/org.slf4j_slf4j-api-2.0.7.jar to /tmp/spark-2248d9ea-6994-4e53-ada4-2a76e7ceaf01/userFiles-29006c78-8098-4ca7-844a-d55e510cd757/org.slf4j_slf4j-api-2.0.7.jar
[2025-10-29T03:49:55.050+0700] {subprocess.py:93} INFO - 25/10/29 03:49:55 INFO SparkContext: Added file file:///home/***/.ivy2/jars/org.apache.hadoop_hadoop-client-api-3.3.4.jar at file:///home/***/.ivy2/jars/org.apache.hadoop_hadoop-client-api-3.3.4.jar with timestamp 1761684594564
[2025-10-29T03:49:55.050+0700] {subprocess.py:93} INFO - 25/10/29 03:49:55 INFO Utils: Copying /home/***/.ivy2/jars/org.apache.hadoop_hadoop-client-api-3.3.4.jar to /tmp/spark-2248d9ea-6994-4e53-ada4-2a76e7ceaf01/userFiles-29006c78-8098-4ca7-844a-d55e510cd757/org.apache.hadoop_hadoop-client-api-3.3.4.jar
[2025-10-29T03:49:55.059+0700] {subprocess.py:93} INFO - 25/10/29 03:49:55 INFO SparkContext: Added file file:///home/***/.ivy2/jars/commons-logging_commons-logging-1.1.3.jar at file:///home/***/.ivy2/jars/commons-logging_commons-logging-1.1.3.jar with timestamp 1761684594564
[2025-10-29T03:49:55.059+0700] {subprocess.py:93} INFO - 25/10/29 03:49:55 INFO Utils: Copying /home/***/.ivy2/jars/commons-logging_commons-logging-1.1.3.jar to /tmp/spark-2248d9ea-6994-4e53-ada4-2a76e7ceaf01/userFiles-29006c78-8098-4ca7-844a-d55e510cd757/commons-logging_commons-logging-1.1.3.jar
[2025-10-29T03:49:55.061+0700] {subprocess.py:93} INFO - 25/10/29 03:49:55 INFO SparkContext: Added file file:///home/***/.ivy2/jars/org.checkerframework_checker-qual-3.31.0.jar at file:///home/***/.ivy2/jars/org.checkerframework_checker-qual-3.31.0.jar with timestamp 1761684594564
[2025-10-29T03:49:55.061+0700] {subprocess.py:93} INFO - 25/10/29 03:49:55 INFO Utils: Copying /home/***/.ivy2/jars/org.checkerframework_checker-qual-3.31.0.jar to /tmp/spark-2248d9ea-6994-4e53-ada4-2a76e7ceaf01/userFiles-29006c78-8098-4ca7-844a-d55e510cd757/org.checkerframework_checker-qual-3.31.0.jar
[2025-10-29T03:49:55.092+0700] {subprocess.py:93} INFO - 25/10/29 03:49:55 INFO Executor: Starting executor ID driver on host dfeadd712fc3
[2025-10-29T03:49:55.093+0700] {subprocess.py:93} INFO - 25/10/29 03:49:55 INFO Executor: OS info Linux, 6.14.0-33-generic, amd64
[2025-10-29T03:49:55.093+0700] {subprocess.py:93} INFO - 25/10/29 03:49:55 INFO Executor: Java version 17.0.17
[2025-10-29T03:49:55.095+0700] {subprocess.py:93} INFO - 25/10/29 03:49:55 INFO Executor: Starting executor with user classpath (userClassPathFirst = false): ''
[2025-10-29T03:49:55.096+0700] {subprocess.py:93} INFO - 25/10/29 03:49:55 INFO Executor: Created or updated repl class loader org.apache.spark.util.MutableURLClassLoader@29845243 for default.
[2025-10-29T03:49:55.101+0700] {subprocess.py:93} INFO - 25/10/29 03:49:55 INFO Executor: Fetching file:///home/***/.ivy2/jars/org.apache.spark_spark-sql-kafka-0-10_2.12-3.5.1.jar with timestamp 1761684594564
[2025-10-29T03:49:55.114+0700] {subprocess.py:93} INFO - 25/10/29 03:49:55 INFO Utils: /home/***/.ivy2/jars/org.apache.spark_spark-sql-kafka-0-10_2.12-3.5.1.jar has been previously copied to /tmp/spark-2248d9ea-6994-4e53-ada4-2a76e7ceaf01/userFiles-29006c78-8098-4ca7-844a-d55e510cd757/org.apache.spark_spark-sql-kafka-0-10_2.12-3.5.1.jar
[2025-10-29T03:49:55.117+0700] {subprocess.py:93} INFO - 25/10/29 03:49:55 INFO Executor: Fetching file:///home/***/.ivy2/jars/org.apache.hadoop_hadoop-client-runtime-3.3.4.jar with timestamp 1761684594564
[2025-10-29T03:49:55.133+0700] {subprocess.py:93} INFO - 25/10/29 03:49:55 INFO Utils: /home/***/.ivy2/jars/org.apache.hadoop_hadoop-client-runtime-3.3.4.jar has been previously copied to /tmp/spark-2248d9ea-6994-4e53-ada4-2a76e7ceaf01/userFiles-29006c78-8098-4ca7-844a-d55e510cd757/org.apache.hadoop_hadoop-client-runtime-3.3.4.jar
[2025-10-29T03:49:55.136+0700] {subprocess.py:93} INFO - 25/10/29 03:49:55 INFO Executor: Fetching file:///home/***/.ivy2/jars/org.apache.hadoop_hadoop-client-api-3.3.4.jar with timestamp 1761684594564
[2025-10-29T03:49:55.146+0700] {subprocess.py:93} INFO - 25/10/29 03:49:55 INFO Utils: /home/***/.ivy2/jars/org.apache.hadoop_hadoop-client-api-3.3.4.jar has been previously copied to /tmp/spark-2248d9ea-6994-4e53-ada4-2a76e7ceaf01/userFiles-29006c78-8098-4ca7-844a-d55e510cd757/org.apache.hadoop_hadoop-client-api-3.3.4.jar
[2025-10-29T03:49:55.148+0700] {subprocess.py:93} INFO - 25/10/29 03:49:55 INFO Executor: Fetching file:///home/***/.ivy2/jars/org.apache.spark_spark-token-provider-kafka-0-10_2.12-3.5.1.jar with timestamp 1761684594564
[2025-10-29T03:49:55.148+0700] {subprocess.py:93} INFO - 25/10/29 03:49:55 INFO Utils: /home/***/.ivy2/jars/org.apache.spark_spark-token-provider-kafka-0-10_2.12-3.5.1.jar has been previously copied to /tmp/spark-2248d9ea-6994-4e53-ada4-2a76e7ceaf01/userFiles-29006c78-8098-4ca7-844a-d55e510cd757/org.apache.spark_spark-token-provider-kafka-0-10_2.12-3.5.1.jar
[2025-10-29T03:49:55.150+0700] {subprocess.py:93} INFO - 25/10/29 03:49:55 INFO Executor: Fetching file:///home/***/.ivy2/jars/com.google.code.findbugs_jsr305-3.0.0.jar with timestamp 1761684594564
[2025-10-29T03:49:55.151+0700] {subprocess.py:93} INFO - 25/10/29 03:49:55 INFO Utils: /home/***/.ivy2/jars/com.google.code.findbugs_jsr305-3.0.0.jar has been previously copied to /tmp/spark-2248d9ea-6994-4e53-ada4-2a76e7ceaf01/userFiles-29006c78-8098-4ca7-844a-d55e510cd757/com.google.code.findbugs_jsr305-3.0.0.jar
[2025-10-29T03:49:55.153+0700] {subprocess.py:93} INFO - 25/10/29 03:49:55 INFO Executor: Fetching file:///home/***/.ivy2/jars/org.lz4_lz4-java-1.8.0.jar with timestamp 1761684594564
[2025-10-29T03:49:55.153+0700] {subprocess.py:93} INFO - 25/10/29 03:49:55 INFO Utils: /home/***/.ivy2/jars/org.lz4_lz4-java-1.8.0.jar has been previously copied to /tmp/spark-2248d9ea-6994-4e53-ada4-2a76e7ceaf01/userFiles-29006c78-8098-4ca7-844a-d55e510cd757/org.lz4_lz4-java-1.8.0.jar
[2025-10-29T03:49:55.155+0700] {subprocess.py:93} INFO - 25/10/29 03:49:55 INFO Executor: Fetching file:///home/***/.ivy2/jars/org.slf4j_slf4j-api-2.0.7.jar with timestamp 1761684594564
[2025-10-29T03:49:55.155+0700] {subprocess.py:93} INFO - 25/10/29 03:49:55 INFO Utils: /home/***/.ivy2/jars/org.slf4j_slf4j-api-2.0.7.jar has been previously copied to /tmp/spark-2248d9ea-6994-4e53-ada4-2a76e7ceaf01/userFiles-29006c78-8098-4ca7-844a-d55e510cd757/org.slf4j_slf4j-api-2.0.7.jar
[2025-10-29T03:49:55.157+0700] {subprocess.py:93} INFO - 25/10/29 03:49:55 INFO Executor: Fetching file:///home/***/.ivy2/jars/org.checkerframework_checker-qual-3.31.0.jar with timestamp 1761684594564
[2025-10-29T03:49:55.157+0700] {subprocess.py:93} INFO - 25/10/29 03:49:55 INFO Utils: /home/***/.ivy2/jars/org.checkerframework_checker-qual-3.31.0.jar has been previously copied to /tmp/spark-2248d9ea-6994-4e53-ada4-2a76e7ceaf01/userFiles-29006c78-8098-4ca7-844a-d55e510cd757/org.checkerframework_checker-qual-3.31.0.jar
[2025-10-29T03:49:55.159+0700] {subprocess.py:93} INFO - 25/10/29 03:49:55 INFO Executor: Fetching file:///home/***/.ivy2/jars/org.apache.commons_commons-pool2-2.11.1.jar with timestamp 1761684594564
[2025-10-29T03:49:55.160+0700] {subprocess.py:93} INFO - 25/10/29 03:49:55 INFO Utils: /home/***/.ivy2/jars/org.apache.commons_commons-pool2-2.11.1.jar has been previously copied to /tmp/spark-2248d9ea-6994-4e53-ada4-2a76e7ceaf01/userFiles-29006c78-8098-4ca7-844a-d55e510cd757/org.apache.commons_commons-pool2-2.11.1.jar
[2025-10-29T03:49:55.162+0700] {subprocess.py:93} INFO - 25/10/29 03:49:55 INFO Executor: Fetching file:///home/***/.ivy2/jars/commons-logging_commons-logging-1.1.3.jar with timestamp 1761684594564
[2025-10-29T03:49:55.162+0700] {subprocess.py:93} INFO - 25/10/29 03:49:55 INFO Utils: /home/***/.ivy2/jars/commons-logging_commons-logging-1.1.3.jar has been previously copied to /tmp/spark-2248d9ea-6994-4e53-ada4-2a76e7ceaf01/userFiles-29006c78-8098-4ca7-844a-d55e510cd757/commons-logging_commons-logging-1.1.3.jar
[2025-10-29T03:49:55.164+0700] {subprocess.py:93} INFO - 25/10/29 03:49:55 INFO Executor: Fetching file:///home/***/.ivy2/jars/org.xerial.snappy_snappy-java-1.1.10.3.jar with timestamp 1761684594564
[2025-10-29T03:49:55.165+0700] {subprocess.py:93} INFO - 25/10/29 03:49:55 INFO Utils: /home/***/.ivy2/jars/org.xerial.snappy_snappy-java-1.1.10.3.jar has been previously copied to /tmp/spark-2248d9ea-6994-4e53-ada4-2a76e7ceaf01/userFiles-29006c78-8098-4ca7-844a-d55e510cd757/org.xerial.snappy_snappy-java-1.1.10.3.jar
[2025-10-29T03:49:55.167+0700] {subprocess.py:93} INFO - 25/10/29 03:49:55 INFO Executor: Fetching file:///home/***/.ivy2/jars/org.postgresql_postgresql-42.6.0.jar with timestamp 1761684594564
[2025-10-29T03:49:55.168+0700] {subprocess.py:93} INFO - 25/10/29 03:49:55 INFO Utils: /home/***/.ivy2/jars/org.postgresql_postgresql-42.6.0.jar has been previously copied to /tmp/spark-2248d9ea-6994-4e53-ada4-2a76e7ceaf01/userFiles-29006c78-8098-4ca7-844a-d55e510cd757/org.postgresql_postgresql-42.6.0.jar
[2025-10-29T03:49:55.169+0700] {subprocess.py:93} INFO - 25/10/29 03:49:55 INFO Executor: Fetching file:///home/***/.ivy2/jars/org.apache.kafka_kafka-clients-3.4.1.jar with timestamp 1761684594564
[2025-10-29T03:49:55.172+0700] {subprocess.py:93} INFO - 25/10/29 03:49:55 INFO Utils: /home/***/.ivy2/jars/org.apache.kafka_kafka-clients-3.4.1.jar has been previously copied to /tmp/spark-2248d9ea-6994-4e53-ada4-2a76e7ceaf01/userFiles-29006c78-8098-4ca7-844a-d55e510cd757/org.apache.kafka_kafka-clients-3.4.1.jar
[2025-10-29T03:49:55.175+0700] {subprocess.py:93} INFO - 25/10/29 03:49:55 INFO Executor: Fetching spark://dfeadd712fc3:38755/jars/org.apache.commons_commons-pool2-2.11.1.jar with timestamp 1761684594564
[2025-10-29T03:49:55.192+0700] {subprocess.py:93} INFO - 25/10/29 03:49:55 INFO TransportClientFactory: Successfully created connection to dfeadd712fc3/172.18.0.6:38755 after 12 ms (0 ms spent in bootstraps)
[2025-10-29T03:49:55.195+0700] {subprocess.py:93} INFO - 25/10/29 03:49:55 INFO Utils: Fetching spark://dfeadd712fc3:38755/jars/org.apache.commons_commons-pool2-2.11.1.jar to /tmp/spark-2248d9ea-6994-4e53-ada4-2a76e7ceaf01/userFiles-29006c78-8098-4ca7-844a-d55e510cd757/fetchFileTemp4135545507964272531.tmp
[2025-10-29T03:49:55.208+0700] {subprocess.py:93} INFO - 25/10/29 03:49:55 INFO Utils: /tmp/spark-2248d9ea-6994-4e53-ada4-2a76e7ceaf01/userFiles-29006c78-8098-4ca7-844a-d55e510cd757/fetchFileTemp4135545507964272531.tmp has been previously copied to /tmp/spark-2248d9ea-6994-4e53-ada4-2a76e7ceaf01/userFiles-29006c78-8098-4ca7-844a-d55e510cd757/org.apache.commons_commons-pool2-2.11.1.jar
[2025-10-29T03:49:55.211+0700] {subprocess.py:93} INFO - 25/10/29 03:49:55 INFO Executor: Adding file:/tmp/spark-2248d9ea-6994-4e53-ada4-2a76e7ceaf01/userFiles-29006c78-8098-4ca7-844a-d55e510cd757/org.apache.commons_commons-pool2-2.11.1.jar to class loader default
[2025-10-29T03:49:55.212+0700] {subprocess.py:93} INFO - 25/10/29 03:49:55 INFO Executor: Fetching spark://dfeadd712fc3:38755/jars/org.lz4_lz4-java-1.8.0.jar with timestamp 1761684594564
[2025-10-29T03:49:55.212+0700] {subprocess.py:93} INFO - 25/10/29 03:49:55 INFO Utils: Fetching spark://dfeadd712fc3:38755/jars/org.lz4_lz4-java-1.8.0.jar to /tmp/spark-2248d9ea-6994-4e53-ada4-2a76e7ceaf01/userFiles-29006c78-8098-4ca7-844a-d55e510cd757/fetchFileTemp10617974221645404157.tmp
[2025-10-29T03:49:55.215+0700] {subprocess.py:93} INFO - 25/10/29 03:49:55 INFO Utils: /tmp/spark-2248d9ea-6994-4e53-ada4-2a76e7ceaf01/userFiles-29006c78-8098-4ca7-844a-d55e510cd757/fetchFileTemp10617974221645404157.tmp has been previously copied to /tmp/spark-2248d9ea-6994-4e53-ada4-2a76e7ceaf01/userFiles-29006c78-8098-4ca7-844a-d55e510cd757/org.lz4_lz4-java-1.8.0.jar
[2025-10-29T03:49:55.218+0700] {subprocess.py:93} INFO - 25/10/29 03:49:55 INFO Executor: Adding file:/tmp/spark-2248d9ea-6994-4e53-ada4-2a76e7ceaf01/userFiles-29006c78-8098-4ca7-844a-d55e510cd757/org.lz4_lz4-java-1.8.0.jar to class loader default
[2025-10-29T03:49:55.218+0700] {subprocess.py:93} INFO - 25/10/29 03:49:55 INFO Executor: Fetching spark://dfeadd712fc3:38755/jars/org.xerial.snappy_snappy-java-1.1.10.3.jar with timestamp 1761684594564
[2025-10-29T03:49:55.218+0700] {subprocess.py:93} INFO - 25/10/29 03:49:55 INFO Utils: Fetching spark://dfeadd712fc3:38755/jars/org.xerial.snappy_snappy-java-1.1.10.3.jar to /tmp/spark-2248d9ea-6994-4e53-ada4-2a76e7ceaf01/userFiles-29006c78-8098-4ca7-844a-d55e510cd757/fetchFileTemp12059008405121215393.tmp
[2025-10-29T03:49:55.223+0700] {subprocess.py:93} INFO - 25/10/29 03:49:55 INFO Utils: /tmp/spark-2248d9ea-6994-4e53-ada4-2a76e7ceaf01/userFiles-29006c78-8098-4ca7-844a-d55e510cd757/fetchFileTemp12059008405121215393.tmp has been previously copied to /tmp/spark-2248d9ea-6994-4e53-ada4-2a76e7ceaf01/userFiles-29006c78-8098-4ca7-844a-d55e510cd757/org.xerial.snappy_snappy-java-1.1.10.3.jar
[2025-10-29T03:49:55.228+0700] {subprocess.py:93} INFO - 25/10/29 03:49:55 INFO Executor: Adding file:/tmp/spark-2248d9ea-6994-4e53-ada4-2a76e7ceaf01/userFiles-29006c78-8098-4ca7-844a-d55e510cd757/org.xerial.snappy_snappy-java-1.1.10.3.jar to class loader default
[2025-10-29T03:49:55.228+0700] {subprocess.py:93} INFO - 25/10/29 03:49:55 INFO Executor: Fetching spark://dfeadd712fc3:38755/jars/org.apache.spark_spark-sql-kafka-0-10_2.12-3.5.1.jar with timestamp 1761684594564
[2025-10-29T03:49:55.229+0700] {subprocess.py:93} INFO - 25/10/29 03:49:55 INFO Utils: Fetching spark://dfeadd712fc3:38755/jars/org.apache.spark_spark-sql-kafka-0-10_2.12-3.5.1.jar to /tmp/spark-2248d9ea-6994-4e53-ada4-2a76e7ceaf01/userFiles-29006c78-8098-4ca7-844a-d55e510cd757/fetchFileTemp784101828374334581.tmp
[2025-10-29T03:49:55.230+0700] {subprocess.py:93} INFO - 25/10/29 03:49:55 INFO Utils: /tmp/spark-2248d9ea-6994-4e53-ada4-2a76e7ceaf01/userFiles-29006c78-8098-4ca7-844a-d55e510cd757/fetchFileTemp784101828374334581.tmp has been previously copied to /tmp/spark-2248d9ea-6994-4e53-ada4-2a76e7ceaf01/userFiles-29006c78-8098-4ca7-844a-d55e510cd757/org.apache.spark_spark-sql-kafka-0-10_2.12-3.5.1.jar
[2025-10-29T03:49:55.233+0700] {subprocess.py:93} INFO - 25/10/29 03:49:55 INFO Executor: Adding file:/tmp/spark-2248d9ea-6994-4e53-ada4-2a76e7ceaf01/userFiles-29006c78-8098-4ca7-844a-d55e510cd757/org.apache.spark_spark-sql-kafka-0-10_2.12-3.5.1.jar to class loader default
[2025-10-29T03:49:55.233+0700] {subprocess.py:93} INFO - 25/10/29 03:49:55 INFO Executor: Fetching spark://dfeadd712fc3:38755/jars/org.postgresql_postgresql-42.6.0.jar with timestamp 1761684594564
[2025-10-29T03:49:55.233+0700] {subprocess.py:93} INFO - 25/10/29 03:49:55 INFO Utils: Fetching spark://dfeadd712fc3:38755/jars/org.postgresql_postgresql-42.6.0.jar to /tmp/spark-2248d9ea-6994-4e53-ada4-2a76e7ceaf01/userFiles-29006c78-8098-4ca7-844a-d55e510cd757/fetchFileTemp16519077411786915209.tmp
[2025-10-29T03:49:55.236+0700] {subprocess.py:93} INFO - 25/10/29 03:49:55 INFO Utils: /tmp/spark-2248d9ea-6994-4e53-ada4-2a76e7ceaf01/userFiles-29006c78-8098-4ca7-844a-d55e510cd757/fetchFileTemp16519077411786915209.tmp has been previously copied to /tmp/spark-2248d9ea-6994-4e53-ada4-2a76e7ceaf01/userFiles-29006c78-8098-4ca7-844a-d55e510cd757/org.postgresql_postgresql-42.6.0.jar
[2025-10-29T03:49:55.246+0700] {subprocess.py:93} INFO - 25/10/29 03:49:55 INFO Executor: Adding file:/tmp/spark-2248d9ea-6994-4e53-ada4-2a76e7ceaf01/userFiles-29006c78-8098-4ca7-844a-d55e510cd757/org.postgresql_postgresql-42.6.0.jar to class loader default
[2025-10-29T03:49:55.246+0700] {subprocess.py:93} INFO - 25/10/29 03:49:55 INFO Executor: Fetching spark://dfeadd712fc3:38755/jars/org.checkerframework_checker-qual-3.31.0.jar with timestamp 1761684594564
[2025-10-29T03:49:55.246+0700] {subprocess.py:93} INFO - 25/10/29 03:49:55 INFO Utils: Fetching spark://dfeadd712fc3:38755/jars/org.checkerframework_checker-qual-3.31.0.jar to /tmp/spark-2248d9ea-6994-4e53-ada4-2a76e7ceaf01/userFiles-29006c78-8098-4ca7-844a-d55e510cd757/fetchFileTemp7614568392758594692.tmp
[2025-10-29T03:49:55.247+0700] {subprocess.py:93} INFO - 25/10/29 03:49:55 INFO Utils: /tmp/spark-2248d9ea-6994-4e53-ada4-2a76e7ceaf01/userFiles-29006c78-8098-4ca7-844a-d55e510cd757/fetchFileTemp7614568392758594692.tmp has been previously copied to /tmp/spark-2248d9ea-6994-4e53-ada4-2a76e7ceaf01/userFiles-29006c78-8098-4ca7-844a-d55e510cd757/org.checkerframework_checker-qual-3.31.0.jar
[2025-10-29T03:49:55.284+0700] {subprocess.py:93} INFO - 25/10/29 03:49:55 INFO Executor: Adding file:/tmp/spark-2248d9ea-6994-4e53-ada4-2a76e7ceaf01/userFiles-29006c78-8098-4ca7-844a-d55e510cd757/org.checkerframework_checker-qual-3.31.0.jar to class loader default
[2025-10-29T03:49:55.285+0700] {subprocess.py:93} INFO - 25/10/29 03:49:55 INFO Executor: Fetching spark://dfeadd712fc3:38755/jars/com.google.code.findbugs_jsr305-3.0.0.jar with timestamp 1761684594564
[2025-10-29T03:49:55.286+0700] {subprocess.py:93} INFO - 25/10/29 03:49:55 INFO Utils: Fetching spark://dfeadd712fc3:38755/jars/com.google.code.findbugs_jsr305-3.0.0.jar to /tmp/spark-2248d9ea-6994-4e53-ada4-2a76e7ceaf01/userFiles-29006c78-8098-4ca7-844a-d55e510cd757/fetchFileTemp11016888779944199500.tmp
[2025-10-29T03:49:55.288+0700] {subprocess.py:93} INFO - 25/10/29 03:49:55 INFO Utils: /tmp/spark-2248d9ea-6994-4e53-ada4-2a76e7ceaf01/userFiles-29006c78-8098-4ca7-844a-d55e510cd757/fetchFileTemp11016888779944199500.tmp has been previously copied to /tmp/spark-2248d9ea-6994-4e53-ada4-2a76e7ceaf01/userFiles-29006c78-8098-4ca7-844a-d55e510cd757/com.google.code.findbugs_jsr305-3.0.0.jar
[2025-10-29T03:49:55.337+0700] {subprocess.py:93} INFO - 25/10/29 03:49:55 INFO Executor: Adding file:/tmp/spark-2248d9ea-6994-4e53-ada4-2a76e7ceaf01/userFiles-29006c78-8098-4ca7-844a-d55e510cd757/com.google.code.findbugs_jsr305-3.0.0.jar to class loader default
[2025-10-29T03:49:55.339+0700] {subprocess.py:93} INFO - 25/10/29 03:49:55 INFO Executor: Fetching spark://dfeadd712fc3:38755/jars/org.apache.spark_spark-token-provider-kafka-0-10_2.12-3.5.1.jar with timestamp 1761684594564
[2025-10-29T03:49:55.340+0700] {subprocess.py:93} INFO - 25/10/29 03:49:55 INFO Utils: Fetching spark://dfeadd712fc3:38755/jars/org.apache.spark_spark-token-provider-kafka-0-10_2.12-3.5.1.jar to /tmp/spark-2248d9ea-6994-4e53-ada4-2a76e7ceaf01/userFiles-29006c78-8098-4ca7-844a-d55e510cd757/fetchFileTemp1715318302867946914.tmp
[2025-10-29T03:49:55.343+0700] {subprocess.py:93} INFO - 25/10/29 03:49:55 INFO Utils: /tmp/spark-2248d9ea-6994-4e53-ada4-2a76e7ceaf01/userFiles-29006c78-8098-4ca7-844a-d55e510cd757/fetchFileTemp1715318302867946914.tmp has been previously copied to /tmp/spark-2248d9ea-6994-4e53-ada4-2a76e7ceaf01/userFiles-29006c78-8098-4ca7-844a-d55e510cd757/org.apache.spark_spark-token-provider-kafka-0-10_2.12-3.5.1.jar
[2025-10-29T03:49:55.353+0700] {subprocess.py:93} INFO - 25/10/29 03:49:55 INFO Executor: Adding file:/tmp/spark-2248d9ea-6994-4e53-ada4-2a76e7ceaf01/userFiles-29006c78-8098-4ca7-844a-d55e510cd757/org.apache.spark_spark-token-provider-kafka-0-10_2.12-3.5.1.jar to class loader default
[2025-10-29T03:49:55.354+0700] {subprocess.py:93} INFO - 25/10/29 03:49:55 INFO Executor: Fetching spark://dfeadd712fc3:38755/jars/org.apache.kafka_kafka-clients-3.4.1.jar with timestamp 1761684594564
[2025-10-29T03:49:55.355+0700] {subprocess.py:93} INFO - 25/10/29 03:49:55 INFO Utils: Fetching spark://dfeadd712fc3:38755/jars/org.apache.kafka_kafka-clients-3.4.1.jar to /tmp/spark-2248d9ea-6994-4e53-ada4-2a76e7ceaf01/userFiles-29006c78-8098-4ca7-844a-d55e510cd757/fetchFileTemp13441500667588725038.tmp
[2025-10-29T03:49:55.378+0700] {subprocess.py:93} INFO - 25/10/29 03:49:55 INFO Utils: /tmp/spark-2248d9ea-6994-4e53-ada4-2a76e7ceaf01/userFiles-29006c78-8098-4ca7-844a-d55e510cd757/fetchFileTemp13441500667588725038.tmp has been previously copied to /tmp/spark-2248d9ea-6994-4e53-ada4-2a76e7ceaf01/userFiles-29006c78-8098-4ca7-844a-d55e510cd757/org.apache.kafka_kafka-clients-3.4.1.jar
[2025-10-29T03:49:55.390+0700] {subprocess.py:93} INFO - 25/10/29 03:49:55 INFO Executor: Adding file:/tmp/spark-2248d9ea-6994-4e53-ada4-2a76e7ceaf01/userFiles-29006c78-8098-4ca7-844a-d55e510cd757/org.apache.kafka_kafka-clients-3.4.1.jar to class loader default
[2025-10-29T03:49:55.390+0700] {subprocess.py:93} INFO - 25/10/29 03:49:55 INFO Executor: Fetching spark://dfeadd712fc3:38755/jars/org.apache.hadoop_hadoop-client-api-3.3.4.jar with timestamp 1761684594564
[2025-10-29T03:49:55.390+0700] {subprocess.py:93} INFO - 25/10/29 03:49:55 INFO Utils: Fetching spark://dfeadd712fc3:38755/jars/org.apache.hadoop_hadoop-client-api-3.3.4.jar to /tmp/spark-2248d9ea-6994-4e53-ada4-2a76e7ceaf01/userFiles-29006c78-8098-4ca7-844a-d55e510cd757/fetchFileTemp16354131592146101445.tmp
[2025-10-29T03:49:55.440+0700] {subprocess.py:93} INFO - 25/10/29 03:49:55 INFO Utils: /tmp/spark-2248d9ea-6994-4e53-ada4-2a76e7ceaf01/userFiles-29006c78-8098-4ca7-844a-d55e510cd757/fetchFileTemp16354131592146101445.tmp has been previously copied to /tmp/spark-2248d9ea-6994-4e53-ada4-2a76e7ceaf01/userFiles-29006c78-8098-4ca7-844a-d55e510cd757/org.apache.hadoop_hadoop-client-api-3.3.4.jar
[2025-10-29T03:49:55.452+0700] {subprocess.py:93} INFO - 25/10/29 03:49:55 INFO Executor: Adding file:/tmp/spark-2248d9ea-6994-4e53-ada4-2a76e7ceaf01/userFiles-29006c78-8098-4ca7-844a-d55e510cd757/org.apache.hadoop_hadoop-client-api-3.3.4.jar to class loader default
[2025-10-29T03:49:55.453+0700] {subprocess.py:93} INFO - 25/10/29 03:49:55 INFO Executor: Fetching spark://dfeadd712fc3:38755/jars/org.apache.hadoop_hadoop-client-runtime-3.3.4.jar with timestamp 1761684594564
[2025-10-29T03:49:55.453+0700] {subprocess.py:93} INFO - 25/10/29 03:49:55 INFO Utils: Fetching spark://dfeadd712fc3:38755/jars/org.apache.hadoop_hadoop-client-runtime-3.3.4.jar to /tmp/spark-2248d9ea-6994-4e53-ada4-2a76e7ceaf01/userFiles-29006c78-8098-4ca7-844a-d55e510cd757/fetchFileTemp3050359753271394998.tmp
[2025-10-29T03:49:55.549+0700] {subprocess.py:93} INFO - 25/10/29 03:49:55 INFO Utils: /tmp/spark-2248d9ea-6994-4e53-ada4-2a76e7ceaf01/userFiles-29006c78-8098-4ca7-844a-d55e510cd757/fetchFileTemp3050359753271394998.tmp has been previously copied to /tmp/spark-2248d9ea-6994-4e53-ada4-2a76e7ceaf01/userFiles-29006c78-8098-4ca7-844a-d55e510cd757/org.apache.hadoop_hadoop-client-runtime-3.3.4.jar
[2025-10-29T03:49:55.555+0700] {subprocess.py:93} INFO - 25/10/29 03:49:55 INFO Executor: Adding file:/tmp/spark-2248d9ea-6994-4e53-ada4-2a76e7ceaf01/userFiles-29006c78-8098-4ca7-844a-d55e510cd757/org.apache.hadoop_hadoop-client-runtime-3.3.4.jar to class loader default
[2025-10-29T03:49:55.555+0700] {subprocess.py:93} INFO - 25/10/29 03:49:55 INFO Executor: Fetching spark://dfeadd712fc3:38755/jars/org.slf4j_slf4j-api-2.0.7.jar with timestamp 1761684594564
[2025-10-29T03:49:55.555+0700] {subprocess.py:93} INFO - 25/10/29 03:49:55 INFO Utils: Fetching spark://dfeadd712fc3:38755/jars/org.slf4j_slf4j-api-2.0.7.jar to /tmp/spark-2248d9ea-6994-4e53-ada4-2a76e7ceaf01/userFiles-29006c78-8098-4ca7-844a-d55e510cd757/fetchFileTemp6864158676987729436.tmp
[2025-10-29T03:49:55.556+0700] {subprocess.py:93} INFO - 25/10/29 03:49:55 INFO Utils: /tmp/spark-2248d9ea-6994-4e53-ada4-2a76e7ceaf01/userFiles-29006c78-8098-4ca7-844a-d55e510cd757/fetchFileTemp6864158676987729436.tmp has been previously copied to /tmp/spark-2248d9ea-6994-4e53-ada4-2a76e7ceaf01/userFiles-29006c78-8098-4ca7-844a-d55e510cd757/org.slf4j_slf4j-api-2.0.7.jar
[2025-10-29T03:49:55.558+0700] {subprocess.py:93} INFO - 25/10/29 03:49:55 INFO Executor: Adding file:/tmp/spark-2248d9ea-6994-4e53-ada4-2a76e7ceaf01/userFiles-29006c78-8098-4ca7-844a-d55e510cd757/org.slf4j_slf4j-api-2.0.7.jar to class loader default
[2025-10-29T03:49:55.558+0700] {subprocess.py:93} INFO - 25/10/29 03:49:55 INFO Executor: Fetching spark://dfeadd712fc3:38755/jars/commons-logging_commons-logging-1.1.3.jar with timestamp 1761684594564
[2025-10-29T03:49:55.558+0700] {subprocess.py:93} INFO - 25/10/29 03:49:55 INFO Utils: Fetching spark://dfeadd712fc3:38755/jars/commons-logging_commons-logging-1.1.3.jar to /tmp/spark-2248d9ea-6994-4e53-ada4-2a76e7ceaf01/userFiles-29006c78-8098-4ca7-844a-d55e510cd757/fetchFileTemp11804546382494667959.tmp
[2025-10-29T03:49:55.559+0700] {subprocess.py:93} INFO - 25/10/29 03:49:55 INFO Utils: /tmp/spark-2248d9ea-6994-4e53-ada4-2a76e7ceaf01/userFiles-29006c78-8098-4ca7-844a-d55e510cd757/fetchFileTemp11804546382494667959.tmp has been previously copied to /tmp/spark-2248d9ea-6994-4e53-ada4-2a76e7ceaf01/userFiles-29006c78-8098-4ca7-844a-d55e510cd757/commons-logging_commons-logging-1.1.3.jar
[2025-10-29T03:49:55.561+0700] {subprocess.py:93} INFO - 25/10/29 03:49:55 INFO Executor: Adding file:/tmp/spark-2248d9ea-6994-4e53-ada4-2a76e7ceaf01/userFiles-29006c78-8098-4ca7-844a-d55e510cd757/commons-logging_commons-logging-1.1.3.jar to class loader default
[2025-10-29T03:49:55.565+0700] {subprocess.py:93} INFO - 25/10/29 03:49:55 INFO Utils: Successfully started service 'org.apache.spark.network.netty.NettyBlockTransferService' on port 39951.
[2025-10-29T03:49:55.566+0700] {subprocess.py:93} INFO - 25/10/29 03:49:55 INFO NettyBlockTransferService: Server created on dfeadd712fc3:39951
[2025-10-29T03:49:55.566+0700] {subprocess.py:93} INFO - 25/10/29 03:49:55 INFO BlockManager: Using org.apache.spark.storage.RandomBlockReplicationPolicy for block replication policy
[2025-10-29T03:49:55.569+0700] {subprocess.py:93} INFO - 25/10/29 03:49:55 INFO BlockManagerMaster: Registering BlockManager BlockManagerId(driver, dfeadd712fc3, 39951, None)
[2025-10-29T03:49:55.571+0700] {subprocess.py:93} INFO - 25/10/29 03:49:55 INFO BlockManagerMasterEndpoint: Registering block manager dfeadd712fc3:39951 with 434.4 MiB RAM, BlockManagerId(driver, dfeadd712fc3, 39951, None)
[2025-10-29T03:49:55.572+0700] {subprocess.py:93} INFO - 25/10/29 03:49:55 INFO BlockManagerMaster: Registered BlockManager BlockManagerId(driver, dfeadd712fc3, 39951, None)
[2025-10-29T03:49:55.572+0700] {subprocess.py:93} INFO - 25/10/29 03:49:55 INFO BlockManager: Initialized BlockManager: BlockManagerId(driver, dfeadd712fc3, 39951, None)
[2025-10-29T03:49:57.472+0700] {subprocess.py:93} INFO - 25/10/29 03:49:57 WARN ResolveWriteToStream: spark.sql.adaptive.enabled is not supported in streaming DataFrames/Datasets and will be disabled.
[2025-10-29T03:49:57.575+0700] {subprocess.py:93} INFO - 🚀 Streaming job started — đang lắng nghe dữ liệu từ Kafka...
[2025-10-29T03:49:57.666+0700] {subprocess.py:93} INFO - 25/10/29 03:49:57 WARN AdminClientConfig: These configurations '[key.deserializer, value.deserializer, enable.auto.commit, max.poll.records, auto.offset.reset]' were supplied but are not used yet.
[2025-10-29T03:49:58.947+0700] {subprocess.py:93} INFO - [Batch 0] ⚠️ Không có dữ liệu mới.
[2025-10-29T03:50:01.313+0700] {subprocess.py:93} INFO - 25/10/29 03:50:01 WARN KafkaDataConsumer: KafkaDataConsumer is not running in UninterruptibleThread. It may hang when KafkaDataConsumer's methods are interrupted because of KAFKA-1894
[2025-10-29T03:50:01.474+0700] {subprocess.py:93} INFO - 25/10/29 03:50:01 WARN KafkaDataConsumer: KafkaDataConsumer is not running in UninterruptibleThread. It may hang when KafkaDataConsumer's methods are interrupted because of KAFKA-1894
[2025-10-29T03:50:03.634+0700] {subprocess.py:93} INFO - There was a problem when trying to write in your cache folder (/home/***/.cache/huggingface/hub). You should set the environment variable TRANSFORMERS_CACHE to a writable directory.
[2025-10-29T03:50:05.834+0700] {subprocess.py:93} INFO - 25/10/29 03:50:05 ERROR Executor: Exception in task 0.0 in stage 2.0 (TID 1)
[2025-10-29T03:50:05.834+0700] {subprocess.py:93} INFO - org.apache.spark.api.python.PythonException: Traceback (most recent call last):
[2025-10-29T03:50:05.834+0700] {subprocess.py:93} INFO -   File "/opt/***/projects/absa_streaming/scripts/consumer_postgres_streaming.py", line 73, in absa_infer_udf
[2025-10-29T03:50:05.835+0700] {subprocess.py:93} INFO -     _tokenizer = AutoTokenizer.from_pretrained(MODEL_NAME, use_fast=True)
[2025-10-29T03:50:05.835+0700] {subprocess.py:93} INFO -                  ^^^^^^^^^^^^^^^^^^^^^^^^^^^^^^^^^^^^^^^^^^^^^^^^^^^^^^^^
[2025-10-29T03:50:05.835+0700] {subprocess.py:93} INFO -   File "/home/***/.local/lib/python3.12/site-packages/transformers/models/auto/tokenization_auto.py", line 817, in from_pretrained
[2025-10-29T03:50:05.835+0700] {subprocess.py:93} INFO -     tokenizer_config = get_tokenizer_config(pretrained_model_name_or_path, **kwargs)
[2025-10-29T03:50:05.835+0700] {subprocess.py:93} INFO -                        ^^^^^^^^^^^^^^^^^^^^^^^^^^^^^^^^^^^^^^^^^^^^^^^^^^^^^^^^^^^^^
[2025-10-29T03:50:05.835+0700] {subprocess.py:93} INFO -   File "/home/***/.local/lib/python3.12/site-packages/transformers/models/auto/tokenization_auto.py", line 649, in get_tokenizer_config
[2025-10-29T03:50:05.836+0700] {subprocess.py:93} INFO -     resolved_config_file = cached_file(
[2025-10-29T03:50:05.836+0700] {subprocess.py:93} INFO -                            ^^^^^^^^^^^^
[2025-10-29T03:50:05.836+0700] {subprocess.py:93} INFO -   File "/home/***/.local/lib/python3.12/site-packages/transformers/utils/hub.py", line 462, in cached_file
[2025-10-29T03:50:05.836+0700] {subprocess.py:93} INFO -     except HFValidationError as e:
[2025-10-29T03:50:05.836+0700] {subprocess.py:93} INFO -   File "/home/***/.local/lib/python3.12/site-packages/huggingface_hub/utils/_validators.py", line 114, in _inner_fn
[2025-10-29T03:50:05.836+0700] {subprocess.py:93} INFO -     return fn(*args, **kwargs)
[2025-10-29T03:50:05.836+0700] {subprocess.py:93} INFO -            ^^^^^^^^^^^^^^^^^^^
[2025-10-29T03:50:05.836+0700] {subprocess.py:93} INFO -   File "/home/***/.local/lib/python3.12/site-packages/huggingface_hub/file_download.py", line 1007, in hf_hub_download
[2025-10-29T03:50:05.837+0700] {subprocess.py:93} INFO -     return _hf_hub_download_to_cache_dir(
[2025-10-29T03:50:05.837+0700] {subprocess.py:93} INFO -            ^^^^^^^^^^^^^^^^^^^^^^^^^^^^^^
[2025-10-29T03:50:05.837+0700] {subprocess.py:93} INFO -   File "/home/***/.local/lib/python3.12/site-packages/huggingface_hub/file_download.py", line 1124, in _hf_hub_download_to_cache_dir
[2025-10-29T03:50:05.837+0700] {subprocess.py:93} INFO -     os.makedirs(os.path.dirname(blob_path), exist_ok=True)
[2025-10-29T03:50:05.837+0700] {subprocess.py:93} INFO -   File "<frozen os>", line 216, in makedirs
[2025-10-29T03:50:05.837+0700] {subprocess.py:93} INFO -   File "<frozen os>", line 216, in makedirs
[2025-10-29T03:50:05.838+0700] {subprocess.py:93} INFO -   File "<frozen os>", line 216, in makedirs
[2025-10-29T03:50:05.838+0700] {subprocess.py:93} INFO -   File "<frozen os>", line 230, in makedirs
[2025-10-29T03:50:05.838+0700] {subprocess.py:93} INFO - PermissionError: [Errno 13] Permission denied: '/home/***/.cache/huggingface'
[2025-10-29T03:50:05.838+0700] {subprocess.py:93} INFO - 
[2025-10-29T03:50:05.838+0700] {subprocess.py:93} INFO - 	at org.apache.spark.api.python.BasePythonRunner$ReaderIterator.handlePythonException(PythonRunner.scala:572)
[2025-10-29T03:50:05.838+0700] {subprocess.py:93} INFO - 	at org.apache.spark.sql.execution.python.PythonArrowOutput$$anon$1.read(PythonArrowOutput.scala:118)
[2025-10-29T03:50:05.838+0700] {subprocess.py:93} INFO - 	at org.apache.spark.api.python.BasePythonRunner$ReaderIterator.hasNext(PythonRunner.scala:525)
[2025-10-29T03:50:05.839+0700] {subprocess.py:93} INFO - 	at org.apache.spark.InterruptibleIterator.hasNext(InterruptibleIterator.scala:37)
[2025-10-29T03:50:05.839+0700] {subprocess.py:93} INFO - 	at scala.collection.Iterator$$anon$11.hasNext(Iterator.scala:491)
[2025-10-29T03:50:05.839+0700] {subprocess.py:93} INFO - 	at scala.collection.Iterator$$anon$10.hasNext(Iterator.scala:460)
[2025-10-29T03:50:05.839+0700] {subprocess.py:93} INFO - 	at scala.collection.Iterator$$anon$10.hasNext(Iterator.scala:460)
[2025-10-29T03:50:05.839+0700] {subprocess.py:93} INFO - 	at org.apache.spark.sql.catalyst.expressions.GeneratedClass$GeneratedIteratorForCodegenStage1.hashAgg_doAggregateWithoutKey_0$(Unknown Source)
[2025-10-29T03:50:05.839+0700] {subprocess.py:93} INFO - 	at org.apache.spark.sql.catalyst.expressions.GeneratedClass$GeneratedIteratorForCodegenStage1.processNext(Unknown Source)
[2025-10-29T03:50:05.839+0700] {subprocess.py:93} INFO - 	at org.apache.spark.sql.execution.BufferedRowIterator.hasNext(BufferedRowIterator.java:43)
[2025-10-29T03:50:05.839+0700] {subprocess.py:93} INFO - 	at org.apache.spark.sql.execution.WholeStageCodegenEvaluatorFactory$WholeStageCodegenPartitionEvaluator$$anon$1.hasNext(WholeStageCodegenEvaluatorFactory.scala:43)
[2025-10-29T03:50:05.839+0700] {subprocess.py:93} INFO - 	at scala.collection.Iterator$$anon$10.hasNext(Iterator.scala:460)
[2025-10-29T03:50:05.839+0700] {subprocess.py:93} INFO - 	at org.apache.spark.shuffle.sort.BypassMergeSortShuffleWriter.write(BypassMergeSortShuffleWriter.java:140)
[2025-10-29T03:50:05.840+0700] {subprocess.py:93} INFO - 	at org.apache.spark.shuffle.ShuffleWriteProcessor.write(ShuffleWriteProcessor.scala:59)
[2025-10-29T03:50:05.840+0700] {subprocess.py:93} INFO - 	at org.apache.spark.scheduler.ShuffleMapTask.runTask(ShuffleMapTask.scala:104)
[2025-10-29T03:50:05.840+0700] {subprocess.py:93} INFO - 	at org.apache.spark.scheduler.ShuffleMapTask.runTask(ShuffleMapTask.scala:54)
[2025-10-29T03:50:05.840+0700] {subprocess.py:93} INFO - 	at org.apache.spark.TaskContext.runTaskWithListeners(TaskContext.scala:166)
[2025-10-29T03:50:05.840+0700] {subprocess.py:93} INFO - 	at org.apache.spark.scheduler.Task.run(Task.scala:141)
[2025-10-29T03:50:05.840+0700] {subprocess.py:93} INFO - 	at org.apache.spark.executor.Executor$TaskRunner.$anonfun$run$4(Executor.scala:620)
[2025-10-29T03:50:05.840+0700] {subprocess.py:93} INFO - 	at org.apache.spark.util.SparkErrorUtils.tryWithSafeFinally(SparkErrorUtils.scala:64)
[2025-10-29T03:50:05.840+0700] {subprocess.py:93} INFO - 	at org.apache.spark.util.SparkErrorUtils.tryWithSafeFinally$(SparkErrorUtils.scala:61)
[2025-10-29T03:50:05.840+0700] {subprocess.py:93} INFO - 	at org.apache.spark.util.Utils$.tryWithSafeFinally(Utils.scala:94)
[2025-10-29T03:50:05.841+0700] {subprocess.py:93} INFO - 	at org.apache.spark.executor.Executor$TaskRunner.run(Executor.scala:623)
[2025-10-29T03:50:05.841+0700] {subprocess.py:93} INFO - 	at java.base/java.util.concurrent.ThreadPoolExecutor.runWorker(ThreadPoolExecutor.java:1136)
[2025-10-29T03:50:05.841+0700] {subprocess.py:93} INFO - 	at java.base/java.util.concurrent.ThreadPoolExecutor$Worker.run(ThreadPoolExecutor.java:635)
[2025-10-29T03:50:05.841+0700] {subprocess.py:93} INFO - 	at java.base/java.lang.Thread.run(Thread.java:840)
[2025-10-29T03:50:05.845+0700] {subprocess.py:93} INFO - 25/10/29 03:50:05 WARN TaskSetManager: Lost task 0.0 in stage 2.0 (TID 1) (dfeadd712fc3 executor driver): org.apache.spark.api.python.PythonException: Traceback (most recent call last):
[2025-10-29T03:50:05.845+0700] {subprocess.py:93} INFO -   File "/opt/***/projects/absa_streaming/scripts/consumer_postgres_streaming.py", line 73, in absa_infer_udf
[2025-10-29T03:50:05.845+0700] {subprocess.py:93} INFO -     _tokenizer = AutoTokenizer.from_pretrained(MODEL_NAME, use_fast=True)
[2025-10-29T03:50:05.845+0700] {subprocess.py:93} INFO -                  ^^^^^^^^^^^^^^^^^^^^^^^^^^^^^^^^^^^^^^^^^^^^^^^^^^^^^^^^
[2025-10-29T03:50:05.845+0700] {subprocess.py:93} INFO -   File "/home/***/.local/lib/python3.12/site-packages/transformers/models/auto/tokenization_auto.py", line 817, in from_pretrained
[2025-10-29T03:50:05.845+0700] {subprocess.py:93} INFO -     tokenizer_config = get_tokenizer_config(pretrained_model_name_or_path, **kwargs)
[2025-10-29T03:50:05.846+0700] {subprocess.py:93} INFO -                        ^^^^^^^^^^^^^^^^^^^^^^^^^^^^^^^^^^^^^^^^^^^^^^^^^^^^^^^^^^^^^
[2025-10-29T03:50:05.846+0700] {subprocess.py:93} INFO -   File "/home/***/.local/lib/python3.12/site-packages/transformers/models/auto/tokenization_auto.py", line 649, in get_tokenizer_config
[2025-10-29T03:50:05.846+0700] {subprocess.py:93} INFO -     resolved_config_file = cached_file(
[2025-10-29T03:50:05.846+0700] {subprocess.py:93} INFO -                            ^^^^^^^^^^^^
[2025-10-29T03:50:05.846+0700] {subprocess.py:93} INFO -   File "/home/***/.local/lib/python3.12/site-packages/transformers/utils/hub.py", line 462, in cached_file
[2025-10-29T03:50:05.846+0700] {subprocess.py:93} INFO -     except HFValidationError as e:
[2025-10-29T03:50:05.846+0700] {subprocess.py:93} INFO -   File "/home/***/.local/lib/python3.12/site-packages/huggingface_hub/utils/_validators.py", line 114, in _inner_fn
[2025-10-29T03:50:05.847+0700] {subprocess.py:93} INFO -     return fn(*args, **kwargs)
[2025-10-29T03:50:05.847+0700] {subprocess.py:93} INFO -            ^^^^^^^^^^^^^^^^^^^
[2025-10-29T03:50:05.847+0700] {subprocess.py:93} INFO -   File "/home/***/.local/lib/python3.12/site-packages/huggingface_hub/file_download.py", line 1007, in hf_hub_download
[2025-10-29T03:50:05.847+0700] {subprocess.py:93} INFO -     return _hf_hub_download_to_cache_dir(
[2025-10-29T03:50:05.847+0700] {subprocess.py:93} INFO -            ^^^^^^^^^^^^^^^^^^^^^^^^^^^^^^
[2025-10-29T03:50:05.847+0700] {subprocess.py:93} INFO -   File "/home/***/.local/lib/python3.12/site-packages/huggingface_hub/file_download.py", line 1124, in _hf_hub_download_to_cache_dir
[2025-10-29T03:50:05.847+0700] {subprocess.py:93} INFO -     os.makedirs(os.path.dirname(blob_path), exist_ok=True)
[2025-10-29T03:50:05.847+0700] {subprocess.py:93} INFO -   File "<frozen os>", line 216, in makedirs
[2025-10-29T03:50:05.848+0700] {subprocess.py:93} INFO -   File "<frozen os>", line 216, in makedirs
[2025-10-29T03:50:05.848+0700] {subprocess.py:93} INFO -   File "<frozen os>", line 216, in makedirs
[2025-10-29T03:50:05.848+0700] {subprocess.py:93} INFO -   File "<frozen os>", line 230, in makedirs
[2025-10-29T03:50:05.848+0700] {subprocess.py:93} INFO - PermissionError: [Errno 13] Permission denied: '/home/***/.cache/huggingface'
[2025-10-29T03:50:05.848+0700] {subprocess.py:93} INFO - 
[2025-10-29T03:50:05.848+0700] {subprocess.py:93} INFO - 	at org.apache.spark.api.python.BasePythonRunner$ReaderIterator.handlePythonException(PythonRunner.scala:572)
[2025-10-29T03:50:05.848+0700] {subprocess.py:93} INFO - 	at org.apache.spark.sql.execution.python.PythonArrowOutput$$anon$1.read(PythonArrowOutput.scala:118)
[2025-10-29T03:50:05.848+0700] {subprocess.py:93} INFO - 	at org.apache.spark.api.python.BasePythonRunner$ReaderIterator.hasNext(PythonRunner.scala:525)
[2025-10-29T03:50:05.849+0700] {subprocess.py:93} INFO - 	at org.apache.spark.InterruptibleIterator.hasNext(InterruptibleIterator.scala:37)
[2025-10-29T03:50:05.849+0700] {subprocess.py:93} INFO - 	at scala.collection.Iterator$$anon$11.hasNext(Iterator.scala:491)
[2025-10-29T03:50:05.849+0700] {subprocess.py:93} INFO - 	at scala.collection.Iterator$$anon$10.hasNext(Iterator.scala:460)
[2025-10-29T03:50:05.849+0700] {subprocess.py:93} INFO - 	at scala.collection.Iterator$$anon$10.hasNext(Iterator.scala:460)
[2025-10-29T03:50:05.849+0700] {subprocess.py:93} INFO - 	at org.apache.spark.sql.catalyst.expressions.GeneratedClass$GeneratedIteratorForCodegenStage1.hashAgg_doAggregateWithoutKey_0$(Unknown Source)
[2025-10-29T03:50:05.849+0700] {subprocess.py:93} INFO - 	at org.apache.spark.sql.catalyst.expressions.GeneratedClass$GeneratedIteratorForCodegenStage1.processNext(Unknown Source)
[2025-10-29T03:50:05.850+0700] {subprocess.py:93} INFO - 	at org.apache.spark.sql.execution.BufferedRowIterator.hasNext(BufferedRowIterator.java:43)
[2025-10-29T03:50:05.850+0700] {subprocess.py:93} INFO - 	at org.apache.spark.sql.execution.WholeStageCodegenEvaluatorFactory$WholeStageCodegenPartitionEvaluator$$anon$1.hasNext(WholeStageCodegenEvaluatorFactory.scala:43)
[2025-10-29T03:50:05.850+0700] {subprocess.py:93} INFO - 	at scala.collection.Iterator$$anon$10.hasNext(Iterator.scala:460)
[2025-10-29T03:50:05.850+0700] {subprocess.py:93} INFO - 	at org.apache.spark.shuffle.sort.BypassMergeSortShuffleWriter.write(BypassMergeSortShuffleWriter.java:140)
[2025-10-29T03:50:05.850+0700] {subprocess.py:93} INFO - 	at org.apache.spark.shuffle.ShuffleWriteProcessor.write(ShuffleWriteProcessor.scala:59)
[2025-10-29T03:50:05.850+0700] {subprocess.py:93} INFO - 	at org.apache.spark.scheduler.ShuffleMapTask.runTask(ShuffleMapTask.scala:104)
[2025-10-29T03:50:05.850+0700] {subprocess.py:93} INFO - 	at org.apache.spark.scheduler.ShuffleMapTask.runTask(ShuffleMapTask.scala:54)
[2025-10-29T03:50:05.850+0700] {subprocess.py:93} INFO - 	at org.apache.spark.TaskContext.runTaskWithListeners(TaskContext.scala:166)
[2025-10-29T03:50:05.851+0700] {subprocess.py:93} INFO - 	at org.apache.spark.scheduler.Task.run(Task.scala:141)
[2025-10-29T03:50:05.851+0700] {subprocess.py:93} INFO - 	at org.apache.spark.executor.Executor$TaskRunner.$anonfun$run$4(Executor.scala:620)
[2025-10-29T03:50:05.851+0700] {subprocess.py:93} INFO - 	at org.apache.spark.util.SparkErrorUtils.tryWithSafeFinally(SparkErrorUtils.scala:64)
[2025-10-29T03:50:05.851+0700] {subprocess.py:93} INFO - 	at org.apache.spark.util.SparkErrorUtils.tryWithSafeFinally$(SparkErrorUtils.scala:61)
[2025-10-29T03:50:05.851+0700] {subprocess.py:93} INFO - 	at org.apache.spark.util.Utils$.tryWithSafeFinally(Utils.scala:94)
[2025-10-29T03:50:05.851+0700] {subprocess.py:93} INFO - 	at org.apache.spark.executor.Executor$TaskRunner.run(Executor.scala:623)
[2025-10-29T03:50:05.851+0700] {subprocess.py:93} INFO - 	at java.base/java.util.concurrent.ThreadPoolExecutor.runWorker(ThreadPoolExecutor.java:1136)
[2025-10-29T03:50:05.851+0700] {subprocess.py:93} INFO - 	at java.base/java.util.concurrent.ThreadPoolExecutor$Worker.run(ThreadPoolExecutor.java:635)
[2025-10-29T03:50:05.852+0700] {subprocess.py:93} INFO - 	at java.base/java.lang.Thread.run(Thread.java:840)
[2025-10-29T03:50:05.852+0700] {subprocess.py:93} INFO - 
[2025-10-29T03:50:05.852+0700] {subprocess.py:93} INFO - 25/10/29 03:50:05 ERROR TaskSetManager: Task 0 in stage 2.0 failed 1 times; aborting job
[2025-10-29T03:50:05.920+0700] {subprocess.py:93} INFO - 25/10/29 03:50:05 ERROR MicroBatchExecution: Query [id = 494ede8a-3f7d-4773-affd-2d0e7d78cc50, runId = efd82853-845e-4994-b6ef-8475009c3ae0] terminated with error
[2025-10-29T03:50:05.920+0700] {subprocess.py:93} INFO - py4j.Py4JException: An exception was raised by the Python Proxy. Return Message: Traceback (most recent call last):
[2025-10-29T03:50:05.920+0700] {subprocess.py:93} INFO -   File "/home/***/.local/lib/python3.12/site-packages/pyspark/python/lib/py4j-0.10.9.7-src.zip/py4j/clientserver.py", line 617, in _call_proxy
[2025-10-29T03:50:05.921+0700] {subprocess.py:93} INFO -     return_value = getattr(self.pool[obj_id], method)(*params)
[2025-10-29T03:50:05.921+0700] {subprocess.py:93} INFO -                    ^^^^^^^^^^^^^^^^^^^^^^^^^^^^^^^^^^^^^^^^^^^
[2025-10-29T03:50:05.921+0700] {subprocess.py:93} INFO -   File "/home/***/.local/lib/python3.12/site-packages/pyspark/python/lib/pyspark.zip/pyspark/sql/utils.py", line 120, in call
[2025-10-29T03:50:05.921+0700] {subprocess.py:93} INFO -     raise e
[2025-10-29T03:50:05.921+0700] {subprocess.py:93} INFO -   File "/home/***/.local/lib/python3.12/site-packages/pyspark/python/lib/pyspark.zip/pyspark/sql/utils.py", line 117, in call
[2025-10-29T03:50:05.921+0700] {subprocess.py:93} INFO -     self.func(DataFrame(jdf, wrapped_session_jdf), batch_id)
[2025-10-29T03:50:05.921+0700] {subprocess.py:93} INFO -   File "/opt/***/projects/absa_streaming/scripts/consumer_postgres_streaming.py", line 125, in write_to_postgres
[2025-10-29T03:50:05.921+0700] {subprocess.py:93} INFO -     total_rows = batch_df.count()
[2025-10-29T03:50:05.921+0700] {subprocess.py:93} INFO -                  ^^^^^^^^^^^^^^^^
[2025-10-29T03:50:05.922+0700] {subprocess.py:93} INFO -   File "/home/***/.local/lib/python3.12/site-packages/pyspark/python/lib/pyspark.zip/pyspark/sql/dataframe.py", line 1238, in count
[2025-10-29T03:50:05.922+0700] {subprocess.py:93} INFO -     return int(self._jdf.count())
[2025-10-29T03:50:05.922+0700] {subprocess.py:93} INFO -                ^^^^^^^^^^^^^^^^^
[2025-10-29T03:50:05.922+0700] {subprocess.py:93} INFO -   File "/home/***/.local/lib/python3.12/site-packages/pyspark/python/lib/py4j-0.10.9.7-src.zip/py4j/java_gateway.py", line 1322, in __call__
[2025-10-29T03:50:05.923+0700] {subprocess.py:93} INFO -     return_value = get_return_value(
[2025-10-29T03:50:05.923+0700] {subprocess.py:93} INFO -                    ^^^^^^^^^^^^^^^^^
[2025-10-29T03:50:05.923+0700] {subprocess.py:93} INFO -   File "/home/***/.local/lib/python3.12/site-packages/pyspark/python/lib/pyspark.zip/pyspark/errors/exceptions/captured.py", line 185, in deco
[2025-10-29T03:50:05.923+0700] {subprocess.py:93} INFO -     raise converted from None
[2025-10-29T03:50:05.923+0700] {subprocess.py:93} INFO - pyspark.errors.exceptions.captured.PythonException:
[2025-10-29T03:50:05.923+0700] {subprocess.py:93} INFO -   An exception was thrown from the Python worker. Please see the stack trace below.
[2025-10-29T03:50:05.923+0700] {subprocess.py:93} INFO - Traceback (most recent call last):
[2025-10-29T03:50:05.923+0700] {subprocess.py:93} INFO -   File "/opt/***/projects/absa_streaming/scripts/consumer_postgres_streaming.py", line 73, in absa_infer_udf
[2025-10-29T03:50:05.924+0700] {subprocess.py:93} INFO -     _tokenizer = AutoTokenizer.from_pretrained(MODEL_NAME, use_fast=True)
[2025-10-29T03:50:05.924+0700] {subprocess.py:93} INFO -                  ^^^^^^^^^^^^^^^^^^^^^^^^^^^^^^^^^^^^^^^^^^^^^^^^^^^^^^^^
[2025-10-29T03:50:05.924+0700] {subprocess.py:93} INFO -   File "/home/***/.local/lib/python3.12/site-packages/transformers/models/auto/tokenization_auto.py", line 817, in from_pretrained
[2025-10-29T03:50:05.924+0700] {subprocess.py:93} INFO -     tokenizer_config = get_tokenizer_config(pretrained_model_name_or_path, **kwargs)
[2025-10-29T03:50:05.924+0700] {subprocess.py:93} INFO -                        ^^^^^^^^^^^^^^^^^^^^^^^^^^^^^^^^^^^^^^^^^^^^^^^^^^^^^^^^^^^^^
[2025-10-29T03:50:05.924+0700] {subprocess.py:93} INFO -   File "/home/***/.local/lib/python3.12/site-packages/transformers/models/auto/tokenization_auto.py", line 649, in get_tokenizer_config
[2025-10-29T03:50:05.924+0700] {subprocess.py:93} INFO -     resolved_config_file = cached_file(
[2025-10-29T03:50:05.924+0700] {subprocess.py:93} INFO -                            ^^^^^^^^^^^^
[2025-10-29T03:50:05.925+0700] {subprocess.py:93} INFO -   File "/home/***/.local/lib/python3.12/site-packages/transformers/utils/hub.py", line 462, in cached_file
[2025-10-29T03:50:05.925+0700] {subprocess.py:93} INFO -     except HFValidationError as e:
[2025-10-29T03:50:05.925+0700] {subprocess.py:93} INFO -   File "/home/***/.local/lib/python3.12/site-packages/huggingface_hub/utils/_validators.py", line 114, in _inner_fn
[2025-10-29T03:50:05.925+0700] {subprocess.py:93} INFO -     return fn(*args, **kwargs)
[2025-10-29T03:50:05.925+0700] {subprocess.py:93} INFO -            ^^^^^^^^^^^^^^^^^^^
[2025-10-29T03:50:05.925+0700] {subprocess.py:93} INFO -   File "/home/***/.local/lib/python3.12/site-packages/huggingface_hub/file_download.py", line 1007, in hf_hub_download
[2025-10-29T03:50:05.925+0700] {subprocess.py:93} INFO -     return _hf_hub_download_to_cache_dir(
[2025-10-29T03:50:05.926+0700] {subprocess.py:93} INFO -            ^^^^^^^^^^^^^^^^^^^^^^^^^^^^^^
[2025-10-29T03:50:05.926+0700] {subprocess.py:93} INFO -   File "/home/***/.local/lib/python3.12/site-packages/huggingface_hub/file_download.py", line 1124, in _hf_hub_download_to_cache_dir
[2025-10-29T03:50:05.926+0700] {subprocess.py:93} INFO -     os.makedirs(os.path.dirname(blob_path), exist_ok=True)
[2025-10-29T03:50:05.926+0700] {subprocess.py:93} INFO -   File "<frozen os>", line 216, in makedirs
[2025-10-29T03:50:05.926+0700] {subprocess.py:93} INFO -   File "<frozen os>", line 216, in makedirs
[2025-10-29T03:50:05.926+0700] {subprocess.py:93} INFO -   File "<frozen os>", line 216, in makedirs
[2025-10-29T03:50:05.927+0700] {subprocess.py:93} INFO -   File "<frozen os>", line 230, in makedirs
[2025-10-29T03:50:05.927+0700] {subprocess.py:93} INFO - PermissionError: [Errno 13] Permission denied: '/home/***/.cache/huggingface'
[2025-10-29T03:50:05.927+0700] {subprocess.py:93} INFO - 
[2025-10-29T03:50:05.927+0700] {subprocess.py:93} INFO - 
[2025-10-29T03:50:05.927+0700] {subprocess.py:93} INFO - 	at py4j.Protocol.getReturnValue(Protocol.java:476)
[2025-10-29T03:50:05.927+0700] {subprocess.py:93} INFO - 	at py4j.reflection.PythonProxyHandler.invoke(PythonProxyHandler.java:108)
[2025-10-29T03:50:05.927+0700] {subprocess.py:93} INFO - 	at jdk.proxy3/jdk.proxy3.$Proxy32.call(Unknown Source)
[2025-10-29T03:50:05.928+0700] {subprocess.py:93} INFO - 	at org.apache.spark.sql.execution.streaming.sources.PythonForeachBatchHelper$.$anonfun$callForeachBatch$1(ForeachBatchSink.scala:53)
[2025-10-29T03:50:05.928+0700] {subprocess.py:93} INFO - 	at org.apache.spark.sql.execution.streaming.sources.PythonForeachBatchHelper$.$anonfun$callForeachBatch$1$adapted(ForeachBatchSink.scala:53)
[2025-10-29T03:50:05.928+0700] {subprocess.py:93} INFO - 	at org.apache.spark.sql.execution.streaming.sources.ForeachBatchSink.addBatch(ForeachBatchSink.scala:34)
[2025-10-29T03:50:05.928+0700] {subprocess.py:93} INFO - 	at org.apache.spark.sql.execution.streaming.MicroBatchExecution.$anonfun$runBatch$17(MicroBatchExecution.scala:732)
[2025-10-29T03:50:05.928+0700] {subprocess.py:93} INFO - 	at org.apache.spark.sql.execution.SQLExecution$.$anonfun$withNewExecutionId$6(SQLExecution.scala:125)
[2025-10-29T03:50:05.928+0700] {subprocess.py:93} INFO - 	at org.apache.spark.sql.execution.SQLExecution$.withSQLConfPropagated(SQLExecution.scala:201)
[2025-10-29T03:50:05.928+0700] {subprocess.py:93} INFO - 	at org.apache.spark.sql.execution.SQLExecution$.$anonfun$withNewExecutionId$1(SQLExecution.scala:108)
[2025-10-29T03:50:05.928+0700] {subprocess.py:93} INFO - 	at org.apache.spark.sql.SparkSession.withActive(SparkSession.scala:900)
[2025-10-29T03:50:05.929+0700] {subprocess.py:93} INFO - 	at org.apache.spark.sql.execution.SQLExecution$.withNewExecutionId(SQLExecution.scala:66)
[2025-10-29T03:50:05.929+0700] {subprocess.py:93} INFO - 	at org.apache.spark.sql.execution.streaming.MicroBatchExecution.$anonfun$runBatch$16(MicroBatchExecution.scala:729)
[2025-10-29T03:50:05.929+0700] {subprocess.py:93} INFO - 	at org.apache.spark.sql.execution.streaming.ProgressReporter.reportTimeTaken(ProgressReporter.scala:427)
[2025-10-29T03:50:05.929+0700] {subprocess.py:93} INFO - 	at org.apache.spark.sql.execution.streaming.ProgressReporter.reportTimeTaken$(ProgressReporter.scala:425)
[2025-10-29T03:50:05.929+0700] {subprocess.py:93} INFO - 	at org.apache.spark.sql.execution.streaming.StreamExecution.reportTimeTaken(StreamExecution.scala:67)
[2025-10-29T03:50:05.929+0700] {subprocess.py:93} INFO - 	at org.apache.spark.sql.execution.streaming.MicroBatchExecution.runBatch(MicroBatchExecution.scala:729)
[2025-10-29T03:50:05.929+0700] {subprocess.py:93} INFO - 	at org.apache.spark.sql.execution.streaming.MicroBatchExecution.$anonfun$runActivatedStream$2(MicroBatchExecution.scala:286)
[2025-10-29T03:50:05.929+0700] {subprocess.py:93} INFO - 	at scala.runtime.java8.JFunction0$mcV$sp.apply(JFunction0$mcV$sp.java:23)
[2025-10-29T03:50:05.929+0700] {subprocess.py:93} INFO - 	at org.apache.spark.sql.execution.streaming.ProgressReporter.reportTimeTaken(ProgressReporter.scala:427)
[2025-10-29T03:50:05.929+0700] {subprocess.py:93} INFO - 	at org.apache.spark.sql.execution.streaming.ProgressReporter.reportTimeTaken$(ProgressReporter.scala:425)
[2025-10-29T03:50:05.930+0700] {subprocess.py:93} INFO - 	at org.apache.spark.sql.execution.streaming.StreamExecution.reportTimeTaken(StreamExecution.scala:67)
[2025-10-29T03:50:05.930+0700] {subprocess.py:93} INFO - 	at org.apache.spark.sql.execution.streaming.MicroBatchExecution.$anonfun$runActivatedStream$1(MicroBatchExecution.scala:249)
[2025-10-29T03:50:05.930+0700] {subprocess.py:93} INFO - 	at org.apache.spark.sql.execution.streaming.ProcessingTimeExecutor.execute(TriggerExecutor.scala:67)
[2025-10-29T03:50:05.930+0700] {subprocess.py:93} INFO - 	at org.apache.spark.sql.execution.streaming.MicroBatchExecution.runActivatedStream(MicroBatchExecution.scala:239)
[2025-10-29T03:50:05.930+0700] {subprocess.py:93} INFO - 	at org.apache.spark.sql.execution.streaming.StreamExecution.$anonfun$runStream$1(StreamExecution.scala:311)
[2025-10-29T03:50:05.930+0700] {subprocess.py:93} INFO - 	at scala.runtime.java8.JFunction0$mcV$sp.apply(JFunction0$mcV$sp.java:23)
[2025-10-29T03:50:05.930+0700] {subprocess.py:93} INFO - 	at org.apache.spark.sql.SparkSession.withActive(SparkSession.scala:900)
[2025-10-29T03:50:05.931+0700] {subprocess.py:93} INFO - 	at org.apache.spark.sql.execution.streaming.StreamExecution.org$apache$spark$sql$execution$streaming$StreamExecution$$runStream(StreamExecution.scala:289)
[2025-10-29T03:50:05.931+0700] {subprocess.py:93} INFO - 	at org.apache.spark.sql.execution.streaming.StreamExecution$$anon$1.$anonfun$run$1(StreamExecution.scala:211)
[2025-10-29T03:50:05.931+0700] {subprocess.py:93} INFO - 	at scala.runtime.java8.JFunction0$mcV$sp.apply(JFunction0$mcV$sp.java:23)
[2025-10-29T03:50:05.931+0700] {subprocess.py:93} INFO - 	at org.apache.spark.JobArtifactSet$.withActiveJobArtifactState(JobArtifactSet.scala:94)
[2025-10-29T03:50:05.931+0700] {subprocess.py:93} INFO - 	at org.apache.spark.sql.execution.streaming.StreamExecution$$anon$1.run(StreamExecution.scala:211)
[2025-10-29T03:50:05.990+0700] {subprocess.py:93} INFO - Traceback (most recent call last):
[2025-10-29T03:50:05.990+0700] {subprocess.py:93} INFO -   File "/opt/***/projects/absa_streaming/scripts/consumer_postgres_streaming.py", line 175, in <module>
[2025-10-29T03:50:05.990+0700] {subprocess.py:93} INFO -     query.awaitTermination()
[2025-10-29T03:50:05.990+0700] {subprocess.py:93} INFO -   File "/home/***/.local/lib/python3.12/site-packages/pyspark/python/lib/pyspark.zip/pyspark/sql/streaming/query.py", line 221, in awaitTermination
[2025-10-29T03:50:05.990+0700] {subprocess.py:93} INFO -   File "/home/***/.local/lib/python3.12/site-packages/pyspark/python/lib/py4j-0.10.9.7-src.zip/py4j/java_gateway.py", line 1322, in __call__
[2025-10-29T03:50:05.990+0700] {subprocess.py:93} INFO -   File "/home/***/.local/lib/python3.12/site-packages/pyspark/python/lib/pyspark.zip/pyspark/errors/exceptions/captured.py", line 185, in deco
[2025-10-29T03:50:05.993+0700] {subprocess.py:93} INFO - pyspark.errors.exceptions.captured.StreamingQueryException: [STREAM_FAILED] Query [id = 494ede8a-3f7d-4773-affd-2d0e7d78cc50, runId = efd82853-845e-4994-b6ef-8475009c3ae0] terminated with exception: An exception was raised by the Python Proxy. Return Message: Traceback (most recent call last):
[2025-10-29T03:50:05.993+0700] {subprocess.py:93} INFO -   File "/home/***/.local/lib/python3.12/site-packages/pyspark/python/lib/py4j-0.10.9.7-src.zip/py4j/clientserver.py", line 617, in _call_proxy
[2025-10-29T03:50:05.993+0700] {subprocess.py:93} INFO -     return_value = getattr(self.pool[obj_id], method)(*params)
[2025-10-29T03:50:05.993+0700] {subprocess.py:93} INFO -                    ^^^^^^^^^^^^^^^^^^^^^^^^^^^^^^^^^^^^^^^^^^^
[2025-10-29T03:50:05.994+0700] {subprocess.py:93} INFO -   File "/home/***/.local/lib/python3.12/site-packages/pyspark/python/lib/pyspark.zip/pyspark/sql/utils.py", line 120, in call
[2025-10-29T03:50:05.994+0700] {subprocess.py:93} INFO -     raise e
[2025-10-29T03:50:05.994+0700] {subprocess.py:93} INFO -   File "/home/***/.local/lib/python3.12/site-packages/pyspark/python/lib/pyspark.zip/pyspark/sql/utils.py", line 117, in call
[2025-10-29T03:50:05.994+0700] {subprocess.py:93} INFO -     self.func(DataFrame(jdf, wrapped_session_jdf), batch_id)
[2025-10-29T03:50:05.994+0700] {subprocess.py:93} INFO -   File "/opt/***/projects/absa_streaming/scripts/consumer_postgres_streaming.py", line 125, in write_to_postgres
[2025-10-29T03:50:05.995+0700] {subprocess.py:93} INFO -     total_rows = batch_df.count()
[2025-10-29T03:50:05.995+0700] {subprocess.py:93} INFO -                  ^^^^^^^^^^^^^^^^
[2025-10-29T03:50:05.995+0700] {subprocess.py:93} INFO -   File "/home/***/.local/lib/python3.12/site-packages/pyspark/python/lib/pyspark.zip/pyspark/sql/dataframe.py", line 1238, in count
[2025-10-29T03:50:05.995+0700] {subprocess.py:93} INFO -     return int(self._jdf.count())
[2025-10-29T03:50:05.996+0700] {subprocess.py:93} INFO -                ^^^^^^^^^^^^^^^^^
[2025-10-29T03:50:05.996+0700] {subprocess.py:93} INFO -   File "/home/***/.local/lib/python3.12/site-packages/pyspark/python/lib/py4j-0.10.9.7-src.zip/py4j/java_gateway.py", line 1322, in __call__
[2025-10-29T03:50:05.996+0700] {subprocess.py:93} INFO -     return_value = get_return_value(
[2025-10-29T03:50:05.996+0700] {subprocess.py:93} INFO -                    ^^^^^^^^^^^^^^^^^
[2025-10-29T03:50:05.996+0700] {subprocess.py:93} INFO -   File "/home/***/.local/lib/python3.12/site-packages/pyspark/python/lib/pyspark.zip/pyspark/errors/exceptions/captured.py", line 185, in deco
[2025-10-29T03:50:05.997+0700] {subprocess.py:93} INFO -     raise converted from None
[2025-10-29T03:50:05.997+0700] {subprocess.py:93} INFO - pyspark.errors.exceptions.captured.PythonException:
[2025-10-29T03:50:05.997+0700] {subprocess.py:93} INFO -   An exception was thrown from the Python worker. Please see the stack trace below.
[2025-10-29T03:50:05.997+0700] {subprocess.py:93} INFO - Traceback (most recent call last):
[2025-10-29T03:50:05.997+0700] {subprocess.py:93} INFO -   File "/opt/***/projects/absa_streaming/scripts/consumer_postgres_streaming.py", line 73, in absa_infer_udf
[2025-10-29T03:50:05.998+0700] {subprocess.py:93} INFO -     _tokenizer = AutoTokenizer.from_pretrained(MODEL_NAME, use_fast=True)
[2025-10-29T03:50:05.998+0700] {subprocess.py:93} INFO -                  ^^^^^^^^^^^^^^^^^^^^^^^^^^^^^^^^^^^^^^^^^^^^^^^^^^^^^^^^
[2025-10-29T03:50:05.998+0700] {subprocess.py:93} INFO -   File "/home/***/.local/lib/python3.12/site-packages/transformers/models/auto/tokenization_auto.py", line 817, in from_pretrained
[2025-10-29T03:50:05.998+0700] {subprocess.py:93} INFO -     tokenizer_config = get_tokenizer_config(pretrained_model_name_or_path, **kwargs)
[2025-10-29T03:50:05.998+0700] {subprocess.py:93} INFO -                        ^^^^^^^^^^^^^^^^^^^^^^^^^^^^^^^^^^^^^^^^^^^^^^^^^^^^^^^^^^^^^
[2025-10-29T03:50:05.999+0700] {subprocess.py:93} INFO -   File "/home/***/.local/lib/python3.12/site-packages/transformers/models/auto/tokenization_auto.py", line 649, in get_tokenizer_config
[2025-10-29T03:50:05.999+0700] {subprocess.py:93} INFO -     resolved_config_file = cached_file(
[2025-10-29T03:50:05.999+0700] {subprocess.py:93} INFO -                            ^^^^^^^^^^^^
[2025-10-29T03:50:05.999+0700] {subprocess.py:93} INFO -   File "/home/***/.local/lib/python3.12/site-packages/transformers/utils/hub.py", line 462, in cached_file
[2025-10-29T03:50:05.999+0700] {subprocess.py:93} INFO -     except HFValidationError as e:
[2025-10-29T03:50:06.000+0700] {subprocess.py:93} INFO -   File "/home/***/.local/lib/python3.12/site-packages/huggingface_hub/utils/_validators.py", line 114, in _inner_fn
[2025-10-29T03:50:06.000+0700] {subprocess.py:93} INFO -     return fn(*args, **kwargs)
[2025-10-29T03:50:06.000+0700] {subprocess.py:93} INFO -            ^^^^^^^^^^^^^^^^^^^
[2025-10-29T03:50:06.000+0700] {subprocess.py:93} INFO -   File "/home/***/.local/lib/python3.12/site-packages/huggingface_hub/file_download.py", line 1007, in hf_hub_download
[2025-10-29T03:50:06.000+0700] {subprocess.py:93} INFO -     return _hf_hub_download_to_cache_dir(
[2025-10-29T03:50:06.001+0700] {subprocess.py:93} INFO -            ^^^^^^^^^^^^^^^^^^^^^^^^^^^^^^
[2025-10-29T03:50:06.001+0700] {subprocess.py:93} INFO -   File "/home/***/.local/lib/python3.12/site-packages/huggingface_hub/file_download.py", line 1124, in _hf_hub_download_to_cache_dir
[2025-10-29T03:50:06.001+0700] {subprocess.py:93} INFO -     os.makedirs(os.path.dirname(blob_path), exist_ok=True)
[2025-10-29T03:50:06.001+0700] {subprocess.py:93} INFO -   File "<frozen os>", line 216, in makedirs
[2025-10-29T03:50:06.001+0700] {subprocess.py:93} INFO -   File "<frozen os>", line 216, in makedirs
[2025-10-29T03:50:06.002+0700] {subprocess.py:93} INFO -   File "<frozen os>", line 216, in makedirs
[2025-10-29T03:50:06.002+0700] {subprocess.py:93} INFO -   File "<frozen os>", line 230, in makedirs
[2025-10-29T03:50:06.002+0700] {subprocess.py:93} INFO - PermissionError: [Errno 13] Permission denied: '/home/***/.cache/huggingface'
[2025-10-29T03:50:06.002+0700] {subprocess.py:93} INFO - 
[2025-10-29T03:50:06.002+0700] {subprocess.py:93} INFO - 
[2025-10-29T03:50:06.758+0700] {subprocess.py:97} INFO - Command exited with return code 1
[2025-10-29T03:50:06.759+0700] {taskinstance.py:441} INFO - ::group::Post task execution logs
[2025-10-29T03:50:06.767+0700] {taskinstance.py:2890} ERROR - Task failed with exception
Traceback (most recent call last):
  File "/home/airflow/.local/lib/python3.12/site-packages/airflow/models/taskinstance.py", line 460, in _execute_task
    result = _execute_callable(context=context, **execute_callable_kwargs)
             ^^^^^^^^^^^^^^^^^^^^^^^^^^^^^^^^^^^^^^^^^^^^^^^^^^^^^^^^^^^^^
  File "/home/airflow/.local/lib/python3.12/site-packages/airflow/models/taskinstance.py", line 432, in _execute_callable
    return execute_callable(context=context, **execute_callable_kwargs)
           ^^^^^^^^^^^^^^^^^^^^^^^^^^^^^^^^^^^^^^^^^^^^^^^^^^^^^^^^^^^^
  File "/home/airflow/.local/lib/python3.12/site-packages/airflow/models/baseoperator.py", line 400, in wrapper
    return func(self, *args, **kwargs)
           ^^^^^^^^^^^^^^^^^^^^^^^^^^^
  File "/home/airflow/.local/lib/python3.12/site-packages/airflow/operators/bash.py", line 243, in execute
    raise AirflowException(
airflow.exceptions.AirflowException: Bash command failed. The command returned a non-zero exit code 1.
[2025-10-29T03:50:06.771+0700] {taskinstance.py:1205} INFO - Marking task as UP_FOR_RETRY. dag_id=absa_streaming_lifecycle_demo1, task_id=deploy_consumer, execution_date=20251028T190000, start_date=20251028T204949, end_date=20251028T205006
[2025-10-29T03:50:06.782+0700] {standard_task_runner.py:110} ERROR - Failed to execute job 40 for task deploy_consumer (Bash command failed. The command returned a non-zero exit code 1.; 1252)
[2025-10-29T03:50:06.818+0700] {local_task_job_runner.py:240} INFO - Task exited with return code 1
[2025-10-29T03:50:06.833+0700] {taskinstance.py:3482} INFO - 0 downstream tasks scheduled from follow-on schedule check
[2025-10-29T03:50:06.834+0700] {local_task_job_runner.py:222} INFO - ::endgroup::
