[2025-10-29T03:26:47.145+0700] {local_task_job_runner.py:120} INFO - ::group::Pre task execution logs
[2025-10-29T03:26:47.160+0700] {taskinstance.py:2073} INFO - Dependencies all met for dep_context=non-requeueable deps ti=<TaskInstance: absa_streaming_lifecycle_demo1.deploy_consumer scheduled__2025-10-28T19:00:00+00:00 [queued]>
[2025-10-29T03:26:47.164+0700] {taskinstance.py:2073} INFO - Dependencies all met for dep_context=requeueable deps ti=<TaskInstance: absa_streaming_lifecycle_demo1.deploy_consumer scheduled__2025-10-28T19:00:00+00:00 [queued]>
[2025-10-29T03:26:47.164+0700] {taskinstance.py:2303} INFO - Starting attempt 10 of 14
[2025-10-29T03:26:47.173+0700] {taskinstance.py:2327} INFO - Executing <Task(BashOperator): deploy_consumer> on 2025-10-28 19:00:00+00:00
[2025-10-29T03:26:47.179+0700] {warnings.py:110} WARNING - /home/***/.local/lib/python3.12/site-packages/***/task/task_runner/standard_task_runner.py:61: DeprecationWarning: This process (pid=8505) is multi-threaded, use of fork() may lead to deadlocks in the child.
  pid = os.fork()

[2025-10-29T03:26:47.180+0700] {standard_task_runner.py:63} INFO - Started process 8516 to run task
[2025-10-29T03:26:47.180+0700] {standard_task_runner.py:90} INFO - Running: ['***', 'tasks', 'run', 'absa_streaming_lifecycle_demo1', 'deploy_consumer', 'scheduled__2025-10-28T19:00:00+00:00', '--job-id', '26', '--raw', '--subdir', 'DAGS_FOLDER/absa_streaming_lifecycle_dag1.py', '--cfg-path', '/tmp/tmpb1lf2gk1']
[2025-10-29T03:26:47.182+0700] {standard_task_runner.py:91} INFO - Job 26: Subtask deploy_consumer
[2025-10-29T03:26:47.208+0700] {task_command.py:426} INFO - Running <TaskInstance: absa_streaming_lifecycle_demo1.deploy_consumer scheduled__2025-10-28T19:00:00+00:00 [running]> on host dfeadd712fc3
[2025-10-29T03:26:47.258+0700] {taskinstance.py:2644} INFO - Exporting env vars: AIRFLOW_CTX_DAG_OWNER='***' AIRFLOW_CTX_DAG_ID='absa_streaming_lifecycle_demo1' AIRFLOW_CTX_TASK_ID='deploy_consumer' AIRFLOW_CTX_EXECUTION_DATE='2025-10-28T19:00:00+00:00' AIRFLOW_CTX_TRY_NUMBER='10' AIRFLOW_CTX_DAG_RUN_ID='scheduled__2025-10-28T19:00:00+00:00'
[2025-10-29T03:26:47.259+0700] {taskinstance.py:430} INFO - ::endgroup::
[2025-10-29T03:26:47.260+0700] {subprocess.py:63} INFO - Tmp dir root location: /tmp
[2025-10-29T03:26:47.260+0700] {subprocess.py:75} INFO - Running command: ['/usr/bin/bash', '-c', 'bash -c "timeout 45m /opt/***/projects/absa_streaming/scripts/run_consumer.sh"']
[2025-10-29T03:26:47.272+0700] {subprocess.py:86} INFO - Output:
[2025-10-29T03:26:47.278+0700] {subprocess.py:93} INFO - [Consumer] Starting Spark Structured Streaming job...
[2025-10-29T03:26:47.315+0700] {subprocess.py:93} INFO - /home/***/.local/lib/python3.12/site-packages/pyspark/bin/load-spark-env.sh: line 68: ps: command not found
[2025-10-29T03:26:48.229+0700] {subprocess.py:93} INFO - :: loading settings :: url = jar:file:/home/***/.local/lib/python3.12/site-packages/pyspark/jars/ivy-2.5.1.jar!/org/apache/ivy/core/settings/ivysettings.xml
[2025-10-29T03:26:48.274+0700] {subprocess.py:93} INFO - Ivy Default Cache set to: /home/***/.ivy2/cache
[2025-10-29T03:26:48.274+0700] {subprocess.py:93} INFO - The jars for the packages stored in: /home/***/.ivy2/jars
[2025-10-29T03:26:48.277+0700] {subprocess.py:93} INFO - org.apache.spark#spark-sql-kafka-0-10_2.12 added as a dependency
[2025-10-29T03:26:48.277+0700] {subprocess.py:93} INFO - org.postgresql#postgresql added as a dependency
[2025-10-29T03:26:48.277+0700] {subprocess.py:93} INFO - :: resolving dependencies :: org.apache.spark#spark-submit-parent-f1e08c98-d0cd-4e2a-b652-d7a8ce5ed378;1.0
[2025-10-29T03:26:48.278+0700] {subprocess.py:93} INFO - 	confs: [default]
[2025-10-29T03:26:48.386+0700] {subprocess.py:93} INFO - 	found org.apache.spark#spark-sql-kafka-0-10_2.12;3.5.1 in central
[2025-10-29T03:26:48.426+0700] {subprocess.py:93} INFO - 	found org.apache.spark#spark-token-provider-kafka-0-10_2.12;3.5.1 in central
[2025-10-29T03:26:48.445+0700] {subprocess.py:93} INFO - 	found org.apache.kafka#kafka-clients;3.4.1 in central
[2025-10-29T03:26:48.462+0700] {subprocess.py:93} INFO - 	found org.lz4#lz4-java;1.8.0 in central
[2025-10-29T03:26:48.476+0700] {subprocess.py:93} INFO - 	found org.xerial.snappy#snappy-java;1.1.10.3 in central
[2025-10-29T03:26:48.490+0700] {subprocess.py:93} INFO - 	found org.slf4j#slf4j-api;2.0.7 in central
[2025-10-29T03:26:48.507+0700] {subprocess.py:93} INFO - 	found org.apache.hadoop#hadoop-client-runtime;3.3.4 in central
[2025-10-29T03:26:48.531+0700] {subprocess.py:93} INFO - 	found org.apache.hadoop#hadoop-client-api;3.3.4 in central
[2025-10-29T03:26:48.555+0700] {subprocess.py:93} INFO - 	found commons-logging#commons-logging;1.1.3 in central
[2025-10-29T03:26:48.567+0700] {subprocess.py:93} INFO - 	found com.google.code.findbugs#jsr305;3.0.0 in central
[2025-10-29T03:26:48.580+0700] {subprocess.py:93} INFO - 	found org.apache.commons#commons-pool2;2.11.1 in central
[2025-10-29T03:26:48.589+0700] {subprocess.py:93} INFO - 	found org.postgresql#postgresql;42.6.0 in central
[2025-10-29T03:26:48.601+0700] {subprocess.py:93} INFO - 	found org.checkerframework#checker-qual;3.31.0 in central
[2025-10-29T03:26:48.628+0700] {subprocess.py:93} INFO - :: resolution report :: resolve 334ms :: artifacts dl 17ms
[2025-10-29T03:26:48.629+0700] {subprocess.py:93} INFO - 	:: modules in use:
[2025-10-29T03:26:48.629+0700] {subprocess.py:93} INFO - 	com.google.code.findbugs#jsr305;3.0.0 from central in [default]
[2025-10-29T03:26:48.629+0700] {subprocess.py:93} INFO - 	commons-logging#commons-logging;1.1.3 from central in [default]
[2025-10-29T03:26:48.629+0700] {subprocess.py:93} INFO - 	org.apache.commons#commons-pool2;2.11.1 from central in [default]
[2025-10-29T03:26:48.629+0700] {subprocess.py:93} INFO - 	org.apache.hadoop#hadoop-client-api;3.3.4 from central in [default]
[2025-10-29T03:26:48.629+0700] {subprocess.py:93} INFO - 	org.apache.hadoop#hadoop-client-runtime;3.3.4 from central in [default]
[2025-10-29T03:26:48.630+0700] {subprocess.py:93} INFO - 	org.apache.kafka#kafka-clients;3.4.1 from central in [default]
[2025-10-29T03:26:48.630+0700] {subprocess.py:93} INFO - 	org.apache.spark#spark-sql-kafka-0-10_2.12;3.5.1 from central in [default]
[2025-10-29T03:26:48.630+0700] {subprocess.py:93} INFO - 	org.apache.spark#spark-token-provider-kafka-0-10_2.12;3.5.1 from central in [default]
[2025-10-29T03:26:48.630+0700] {subprocess.py:93} INFO - 	org.checkerframework#checker-qual;3.31.0 from central in [default]
[2025-10-29T03:26:48.630+0700] {subprocess.py:93} INFO - 	org.lz4#lz4-java;1.8.0 from central in [default]
[2025-10-29T03:26:48.630+0700] {subprocess.py:93} INFO - 	org.postgresql#postgresql;42.6.0 from central in [default]
[2025-10-29T03:26:48.630+0700] {subprocess.py:93} INFO - 	org.slf4j#slf4j-api;2.0.7 from central in [default]
[2025-10-29T03:26:48.631+0700] {subprocess.py:93} INFO - 	org.xerial.snappy#snappy-java;1.1.10.3 from central in [default]
[2025-10-29T03:26:48.631+0700] {subprocess.py:93} INFO - 	---------------------------------------------------------------------
[2025-10-29T03:26:48.631+0700] {subprocess.py:93} INFO - 	|                  |            modules            ||   artifacts   |
[2025-10-29T03:26:48.631+0700] {subprocess.py:93} INFO - 	|       conf       | number| search|dwnlded|evicted|| number|dwnlded|
[2025-10-29T03:26:48.631+0700] {subprocess.py:93} INFO - 	---------------------------------------------------------------------
[2025-10-29T03:26:48.631+0700] {subprocess.py:93} INFO - 	|      default     |   13  |   0   |   0   |   0   ||   13  |   0   |
[2025-10-29T03:26:48.631+0700] {subprocess.py:93} INFO - 	---------------------------------------------------------------------
[2025-10-29T03:26:48.636+0700] {subprocess.py:93} INFO - :: retrieving :: org.apache.spark#spark-submit-parent-f1e08c98-d0cd-4e2a-b652-d7a8ce5ed378
[2025-10-29T03:26:48.636+0700] {subprocess.py:93} INFO - 	confs: [default]
[2025-10-29T03:26:48.643+0700] {subprocess.py:93} INFO - 	0 artifacts copied, 13 already retrieved (0kB/7ms)
[2025-10-29T03:26:48.784+0700] {subprocess.py:93} INFO - 25/10/29 03:26:48 WARN NativeCodeLoader: Unable to load native-hadoop library for your platform... using builtin-java classes where applicable
[2025-10-29T03:26:52.097+0700] {subprocess.py:93} INFO - There was a problem when trying to write in your cache folder (/home/***/.cache/huggingface/hub). You should set the environment variable TRANSFORMERS_CACHE to a writable directory.
[2025-10-29T03:26:52.231+0700] {subprocess.py:93} INFO - 25/10/29 03:26:52 INFO SparkContext: Running Spark version 3.5.1
[2025-10-29T03:26:52.231+0700] {subprocess.py:93} INFO - 25/10/29 03:26:52 INFO SparkContext: OS info Linux, 6.14.0-33-generic, amd64
[2025-10-29T03:26:52.232+0700] {subprocess.py:93} INFO - 25/10/29 03:26:52 INFO SparkContext: Java version 17.0.17
[2025-10-29T03:26:52.248+0700] {subprocess.py:93} INFO - 25/10/29 03:26:52 INFO ResourceUtils: ==============================================================
[2025-10-29T03:26:52.248+0700] {subprocess.py:93} INFO - 25/10/29 03:26:52 INFO ResourceUtils: No custom resources configured for spark.driver.
[2025-10-29T03:26:52.248+0700] {subprocess.py:93} INFO - 25/10/29 03:26:52 INFO ResourceUtils: ==============================================================
[2025-10-29T03:26:52.249+0700] {subprocess.py:93} INFO - 25/10/29 03:26:52 INFO SparkContext: Submitted application: Kafka_ABSA_Postgres
[2025-10-29T03:26:52.264+0700] {subprocess.py:93} INFO - 25/10/29 03:26:52 INFO ResourceProfile: Default ResourceProfile created, executor resources: Map(cores -> name: cores, amount: 1, script: , vendor: , memory -> name: memory, amount: 1024, script: , vendor: , offHeap -> name: offHeap, amount: 0, script: , vendor: ), task resources: Map(cpus -> name: cpus, amount: 1.0)
[2025-10-29T03:26:52.271+0700] {subprocess.py:93} INFO - 25/10/29 03:26:52 INFO ResourceProfile: Limiting resource is cpu
[2025-10-29T03:26:52.271+0700] {subprocess.py:93} INFO - 25/10/29 03:26:52 INFO ResourceProfileManager: Added ResourceProfile id: 0
[2025-10-29T03:26:52.314+0700] {subprocess.py:93} INFO - 25/10/29 03:26:52 INFO SecurityManager: Changing view acls to: default
[2025-10-29T03:26:52.314+0700] {subprocess.py:93} INFO - 25/10/29 03:26:52 INFO SecurityManager: Changing modify acls to: default
[2025-10-29T03:26:52.315+0700] {subprocess.py:93} INFO - 25/10/29 03:26:52 INFO SecurityManager: Changing view acls groups to:
[2025-10-29T03:26:52.315+0700] {subprocess.py:93} INFO - 25/10/29 03:26:52 INFO SecurityManager: Changing modify acls groups to:
[2025-10-29T03:26:52.315+0700] {subprocess.py:93} INFO - 25/10/29 03:26:52 INFO SecurityManager: SecurityManager: authentication disabled; ui acls disabled; users with view permissions: default; groups with view permissions: EMPTY; users with modify permissions: default; groups with modify permissions: EMPTY
[2025-10-29T03:26:52.461+0700] {subprocess.py:93} INFO - 25/10/29 03:26:52 INFO Utils: Successfully started service 'sparkDriver' on port 42021.
[2025-10-29T03:26:52.483+0700] {subprocess.py:93} INFO - 25/10/29 03:26:52 INFO SparkEnv: Registering MapOutputTracker
[2025-10-29T03:26:52.508+0700] {subprocess.py:93} INFO - 25/10/29 03:26:52 INFO SparkEnv: Registering BlockManagerMaster
[2025-10-29T03:26:52.520+0700] {subprocess.py:93} INFO - 25/10/29 03:26:52 INFO BlockManagerMasterEndpoint: Using org.apache.spark.storage.DefaultTopologyMapper for getting topology information
[2025-10-29T03:26:52.521+0700] {subprocess.py:93} INFO - 25/10/29 03:26:52 INFO BlockManagerMasterEndpoint: BlockManagerMasterEndpoint up
[2025-10-29T03:26:52.523+0700] {subprocess.py:93} INFO - 25/10/29 03:26:52 INFO SparkEnv: Registering BlockManagerMasterHeartbeat
[2025-10-29T03:26:52.538+0700] {subprocess.py:93} INFO - 25/10/29 03:26:52 INFO DiskBlockManager: Created local directory at /tmp/blockmgr-0006932f-3a3f-473f-83f1-f2bf82610d36
[2025-10-29T03:26:52.549+0700] {subprocess.py:93} INFO - 25/10/29 03:26:52 INFO MemoryStore: MemoryStore started with capacity 434.4 MiB
[2025-10-29T03:26:52.560+0700] {subprocess.py:93} INFO - 25/10/29 03:26:52 INFO SparkEnv: Registering OutputCommitCoordinator
[2025-10-29T03:26:52.650+0700] {subprocess.py:93} INFO - 25/10/29 03:26:52 INFO JettyUtils: Start Jetty 0.0.0.0:4040 for SparkUI
[2025-10-29T03:26:52.688+0700] {subprocess.py:93} INFO - 25/10/29 03:26:52 INFO Utils: Successfully started service 'SparkUI' on port 4040.
[2025-10-29T03:26:52.714+0700] {subprocess.py:93} INFO - 25/10/29 03:26:52 INFO SparkContext: Added JAR file:///home/***/.ivy2/jars/org.apache.spark_spark-sql-kafka-0-10_2.12-3.5.1.jar at spark://dfeadd712fc3:42021/jars/org.apache.spark_spark-sql-kafka-0-10_2.12-3.5.1.jar with timestamp 1761683212224
[2025-10-29T03:26:52.714+0700] {subprocess.py:93} INFO - 25/10/29 03:26:52 INFO SparkContext: Added JAR file:///home/***/.ivy2/jars/org.postgresql_postgresql-42.6.0.jar at spark://dfeadd712fc3:42021/jars/org.postgresql_postgresql-42.6.0.jar with timestamp 1761683212224
[2025-10-29T03:26:52.715+0700] {subprocess.py:93} INFO - 25/10/29 03:26:52 INFO SparkContext: Added JAR file:///home/***/.ivy2/jars/org.apache.spark_spark-token-provider-kafka-0-10_2.12-3.5.1.jar at spark://dfeadd712fc3:42021/jars/org.apache.spark_spark-token-provider-kafka-0-10_2.12-3.5.1.jar with timestamp 1761683212224
[2025-10-29T03:26:52.715+0700] {subprocess.py:93} INFO - 25/10/29 03:26:52 INFO SparkContext: Added JAR file:///home/***/.ivy2/jars/org.apache.kafka_kafka-clients-3.4.1.jar at spark://dfeadd712fc3:42021/jars/org.apache.kafka_kafka-clients-3.4.1.jar with timestamp 1761683212224
[2025-10-29T03:26:52.715+0700] {subprocess.py:93} INFO - 25/10/29 03:26:52 INFO SparkContext: Added JAR file:///home/***/.ivy2/jars/com.google.code.findbugs_jsr305-3.0.0.jar at spark://dfeadd712fc3:42021/jars/com.google.code.findbugs_jsr305-3.0.0.jar with timestamp 1761683212224
[2025-10-29T03:26:52.715+0700] {subprocess.py:93} INFO - 25/10/29 03:26:52 INFO SparkContext: Added JAR file:///home/***/.ivy2/jars/org.apache.commons_commons-pool2-2.11.1.jar at spark://dfeadd712fc3:42021/jars/org.apache.commons_commons-pool2-2.11.1.jar with timestamp 1761683212224
[2025-10-29T03:26:52.715+0700] {subprocess.py:93} INFO - 25/10/29 03:26:52 INFO SparkContext: Added JAR file:///home/***/.ivy2/jars/org.apache.hadoop_hadoop-client-runtime-3.3.4.jar at spark://dfeadd712fc3:42021/jars/org.apache.hadoop_hadoop-client-runtime-3.3.4.jar with timestamp 1761683212224
[2025-10-29T03:26:52.716+0700] {subprocess.py:93} INFO - 25/10/29 03:26:52 INFO SparkContext: Added JAR file:///home/***/.ivy2/jars/org.lz4_lz4-java-1.8.0.jar at spark://dfeadd712fc3:42021/jars/org.lz4_lz4-java-1.8.0.jar with timestamp 1761683212224
[2025-10-29T03:26:52.716+0700] {subprocess.py:93} INFO - 25/10/29 03:26:52 INFO SparkContext: Added JAR file:///home/***/.ivy2/jars/org.xerial.snappy_snappy-java-1.1.10.3.jar at spark://dfeadd712fc3:42021/jars/org.xerial.snappy_snappy-java-1.1.10.3.jar with timestamp 1761683212224
[2025-10-29T03:26:52.716+0700] {subprocess.py:93} INFO - 25/10/29 03:26:52 INFO SparkContext: Added JAR file:///home/***/.ivy2/jars/org.slf4j_slf4j-api-2.0.7.jar at spark://dfeadd712fc3:42021/jars/org.slf4j_slf4j-api-2.0.7.jar with timestamp 1761683212224
[2025-10-29T03:26:52.716+0700] {subprocess.py:93} INFO - 25/10/29 03:26:52 INFO SparkContext: Added JAR file:///home/***/.ivy2/jars/org.apache.hadoop_hadoop-client-api-3.3.4.jar at spark://dfeadd712fc3:42021/jars/org.apache.hadoop_hadoop-client-api-3.3.4.jar with timestamp 1761683212224
[2025-10-29T03:26:52.716+0700] {subprocess.py:93} INFO - 25/10/29 03:26:52 INFO SparkContext: Added JAR file:///home/***/.ivy2/jars/commons-logging_commons-logging-1.1.3.jar at spark://dfeadd712fc3:42021/jars/commons-logging_commons-logging-1.1.3.jar with timestamp 1761683212224
[2025-10-29T03:26:52.716+0700] {subprocess.py:93} INFO - 25/10/29 03:26:52 INFO SparkContext: Added JAR file:///home/***/.ivy2/jars/org.checkerframework_checker-qual-3.31.0.jar at spark://dfeadd712fc3:42021/jars/org.checkerframework_checker-qual-3.31.0.jar with timestamp 1761683212224
[2025-10-29T03:26:52.717+0700] {subprocess.py:93} INFO - 25/10/29 03:26:52 INFO SparkContext: Added file file:///home/***/.ivy2/jars/org.apache.spark_spark-sql-kafka-0-10_2.12-3.5.1.jar at file:///home/***/.ivy2/jars/org.apache.spark_spark-sql-kafka-0-10_2.12-3.5.1.jar with timestamp 1761683212224
[2025-10-29T03:26:52.718+0700] {subprocess.py:93} INFO - 25/10/29 03:26:52 INFO Utils: Copying /home/***/.ivy2/jars/org.apache.spark_spark-sql-kafka-0-10_2.12-3.5.1.jar to /tmp/spark-aade944a-cb86-4c19-ad07-5c6bcad37dfc/userFiles-3ed726ac-3d04-456c-9822-53ade88087b5/org.apache.spark_spark-sql-kafka-0-10_2.12-3.5.1.jar
[2025-10-29T03:26:52.726+0700] {subprocess.py:93} INFO - 25/10/29 03:26:52 INFO SparkContext: Added file file:///home/***/.ivy2/jars/org.postgresql_postgresql-42.6.0.jar at file:///home/***/.ivy2/jars/org.postgresql_postgresql-42.6.0.jar with timestamp 1761683212224
[2025-10-29T03:26:52.726+0700] {subprocess.py:93} INFO - 25/10/29 03:26:52 INFO Utils: Copying /home/***/.ivy2/jars/org.postgresql_postgresql-42.6.0.jar to /tmp/spark-aade944a-cb86-4c19-ad07-5c6bcad37dfc/userFiles-3ed726ac-3d04-456c-9822-53ade88087b5/org.postgresql_postgresql-42.6.0.jar
[2025-10-29T03:26:52.730+0700] {subprocess.py:93} INFO - 25/10/29 03:26:52 INFO SparkContext: Added file file:///home/***/.ivy2/jars/org.apache.spark_spark-token-provider-kafka-0-10_2.12-3.5.1.jar at file:///home/***/.ivy2/jars/org.apache.spark_spark-token-provider-kafka-0-10_2.12-3.5.1.jar with timestamp 1761683212224
[2025-10-29T03:26:52.730+0700] {subprocess.py:93} INFO - 25/10/29 03:26:52 INFO Utils: Copying /home/***/.ivy2/jars/org.apache.spark_spark-token-provider-kafka-0-10_2.12-3.5.1.jar to /tmp/spark-aade944a-cb86-4c19-ad07-5c6bcad37dfc/userFiles-3ed726ac-3d04-456c-9822-53ade88087b5/org.apache.spark_spark-token-provider-kafka-0-10_2.12-3.5.1.jar
[2025-10-29T03:26:52.733+0700] {subprocess.py:93} INFO - 25/10/29 03:26:52 INFO SparkContext: Added file file:///home/***/.ivy2/jars/org.apache.kafka_kafka-clients-3.4.1.jar at file:///home/***/.ivy2/jars/org.apache.kafka_kafka-clients-3.4.1.jar with timestamp 1761683212224
[2025-10-29T03:26:52.733+0700] {subprocess.py:93} INFO - 25/10/29 03:26:52 INFO Utils: Copying /home/***/.ivy2/jars/org.apache.kafka_kafka-clients-3.4.1.jar to /tmp/spark-aade944a-cb86-4c19-ad07-5c6bcad37dfc/userFiles-3ed726ac-3d04-456c-9822-53ade88087b5/org.apache.kafka_kafka-clients-3.4.1.jar
[2025-10-29T03:26:52.738+0700] {subprocess.py:93} INFO - 25/10/29 03:26:52 INFO SparkContext: Added file file:///home/***/.ivy2/jars/com.google.code.findbugs_jsr305-3.0.0.jar at file:///home/***/.ivy2/jars/com.google.code.findbugs_jsr305-3.0.0.jar with timestamp 1761683212224
[2025-10-29T03:26:52.739+0700] {subprocess.py:93} INFO - 25/10/29 03:26:52 INFO Utils: Copying /home/***/.ivy2/jars/com.google.code.findbugs_jsr305-3.0.0.jar to /tmp/spark-aade944a-cb86-4c19-ad07-5c6bcad37dfc/userFiles-3ed726ac-3d04-456c-9822-53ade88087b5/com.google.code.findbugs_jsr305-3.0.0.jar
[2025-10-29T03:26:52.742+0700] {subprocess.py:93} INFO - 25/10/29 03:26:52 INFO SparkContext: Added file file:///home/***/.ivy2/jars/org.apache.commons_commons-pool2-2.11.1.jar at file:///home/***/.ivy2/jars/org.apache.commons_commons-pool2-2.11.1.jar with timestamp 1761683212224
[2025-10-29T03:26:52.742+0700] {subprocess.py:93} INFO - 25/10/29 03:26:52 INFO Utils: Copying /home/***/.ivy2/jars/org.apache.commons_commons-pool2-2.11.1.jar to /tmp/spark-aade944a-cb86-4c19-ad07-5c6bcad37dfc/userFiles-3ed726ac-3d04-456c-9822-53ade88087b5/org.apache.commons_commons-pool2-2.11.1.jar
[2025-10-29T03:26:52.745+0700] {subprocess.py:93} INFO - 25/10/29 03:26:52 INFO SparkContext: Added file file:///home/***/.ivy2/jars/org.apache.hadoop_hadoop-client-runtime-3.3.4.jar at file:///home/***/.ivy2/jars/org.apache.hadoop_hadoop-client-runtime-3.3.4.jar with timestamp 1761683212224
[2025-10-29T03:26:52.746+0700] {subprocess.py:93} INFO - 25/10/29 03:26:52 INFO Utils: Copying /home/***/.ivy2/jars/org.apache.hadoop_hadoop-client-runtime-3.3.4.jar to /tmp/spark-aade944a-cb86-4c19-ad07-5c6bcad37dfc/userFiles-3ed726ac-3d04-456c-9822-53ade88087b5/org.apache.hadoop_hadoop-client-runtime-3.3.4.jar
[2025-10-29T03:26:52.762+0700] {subprocess.py:93} INFO - 25/10/29 03:26:52 INFO SparkContext: Added file file:///home/***/.ivy2/jars/org.lz4_lz4-java-1.8.0.jar at file:///home/***/.ivy2/jars/org.lz4_lz4-java-1.8.0.jar with timestamp 1761683212224
[2025-10-29T03:26:52.763+0700] {subprocess.py:93} INFO - 25/10/29 03:26:52 INFO Utils: Copying /home/***/.ivy2/jars/org.lz4_lz4-java-1.8.0.jar to /tmp/spark-aade944a-cb86-4c19-ad07-5c6bcad37dfc/userFiles-3ed726ac-3d04-456c-9822-53ade88087b5/org.lz4_lz4-java-1.8.0.jar
[2025-10-29T03:26:52.766+0700] {subprocess.py:93} INFO - 25/10/29 03:26:52 INFO SparkContext: Added file file:///home/***/.ivy2/jars/org.xerial.snappy_snappy-java-1.1.10.3.jar at file:///home/***/.ivy2/jars/org.xerial.snappy_snappy-java-1.1.10.3.jar with timestamp 1761683212224
[2025-10-29T03:26:52.766+0700] {subprocess.py:93} INFO - 25/10/29 03:26:52 INFO Utils: Copying /home/***/.ivy2/jars/org.xerial.snappy_snappy-java-1.1.10.3.jar to /tmp/spark-aade944a-cb86-4c19-ad07-5c6bcad37dfc/userFiles-3ed726ac-3d04-456c-9822-53ade88087b5/org.xerial.snappy_snappy-java-1.1.10.3.jar
[2025-10-29T03:26:52.770+0700] {subprocess.py:93} INFO - 25/10/29 03:26:52 INFO SparkContext: Added file file:///home/***/.ivy2/jars/org.slf4j_slf4j-api-2.0.7.jar at file:///home/***/.ivy2/jars/org.slf4j_slf4j-api-2.0.7.jar with timestamp 1761683212224
[2025-10-29T03:26:52.770+0700] {subprocess.py:93} INFO - 25/10/29 03:26:52 INFO Utils: Copying /home/***/.ivy2/jars/org.slf4j_slf4j-api-2.0.7.jar to /tmp/spark-aade944a-cb86-4c19-ad07-5c6bcad37dfc/userFiles-3ed726ac-3d04-456c-9822-53ade88087b5/org.slf4j_slf4j-api-2.0.7.jar
[2025-10-29T03:26:52.773+0700] {subprocess.py:93} INFO - 25/10/29 03:26:52 INFO SparkContext: Added file file:///home/***/.ivy2/jars/org.apache.hadoop_hadoop-client-api-3.3.4.jar at file:///home/***/.ivy2/jars/org.apache.hadoop_hadoop-client-api-3.3.4.jar with timestamp 1761683212224
[2025-10-29T03:26:52.773+0700] {subprocess.py:93} INFO - 25/10/29 03:26:52 INFO Utils: Copying /home/***/.ivy2/jars/org.apache.hadoop_hadoop-client-api-3.3.4.jar to /tmp/spark-aade944a-cb86-4c19-ad07-5c6bcad37dfc/userFiles-3ed726ac-3d04-456c-9822-53ade88087b5/org.apache.hadoop_hadoop-client-api-3.3.4.jar
[2025-10-29T03:26:52.784+0700] {subprocess.py:93} INFO - 25/10/29 03:26:52 INFO SparkContext: Added file file:///home/***/.ivy2/jars/commons-logging_commons-logging-1.1.3.jar at file:///home/***/.ivy2/jars/commons-logging_commons-logging-1.1.3.jar with timestamp 1761683212224
[2025-10-29T03:26:52.785+0700] {subprocess.py:93} INFO - 25/10/29 03:26:52 INFO Utils: Copying /home/***/.ivy2/jars/commons-logging_commons-logging-1.1.3.jar to /tmp/spark-aade944a-cb86-4c19-ad07-5c6bcad37dfc/userFiles-3ed726ac-3d04-456c-9822-53ade88087b5/commons-logging_commons-logging-1.1.3.jar
[2025-10-29T03:26:52.787+0700] {subprocess.py:93} INFO - 25/10/29 03:26:52 INFO SparkContext: Added file file:///home/***/.ivy2/jars/org.checkerframework_checker-qual-3.31.0.jar at file:///home/***/.ivy2/jars/org.checkerframework_checker-qual-3.31.0.jar with timestamp 1761683212224
[2025-10-29T03:26:52.787+0700] {subprocess.py:93} INFO - 25/10/29 03:26:52 INFO Utils: Copying /home/***/.ivy2/jars/org.checkerframework_checker-qual-3.31.0.jar to /tmp/spark-aade944a-cb86-4c19-ad07-5c6bcad37dfc/userFiles-3ed726ac-3d04-456c-9822-53ade88087b5/org.checkerframework_checker-qual-3.31.0.jar
[2025-10-29T03:26:52.824+0700] {subprocess.py:93} INFO - 25/10/29 03:26:52 INFO Executor: Starting executor ID driver on host dfeadd712fc3
[2025-10-29T03:26:52.825+0700] {subprocess.py:93} INFO - 25/10/29 03:26:52 INFO Executor: OS info Linux, 6.14.0-33-generic, amd64
[2025-10-29T03:26:52.825+0700] {subprocess.py:93} INFO - 25/10/29 03:26:52 INFO Executor: Java version 17.0.17
[2025-10-29T03:26:52.829+0700] {subprocess.py:93} INFO - 25/10/29 03:26:52 INFO Executor: Starting executor with user classpath (userClassPathFirst = false): ''
[2025-10-29T03:26:52.829+0700] {subprocess.py:93} INFO - 25/10/29 03:26:52 INFO Executor: Created or updated repl class loader org.apache.spark.util.MutableURLClassLoader@3f9762ea for default.
[2025-10-29T03:26:52.836+0700] {subprocess.py:93} INFO - 25/10/29 03:26:52 INFO Executor: Fetching file:///home/***/.ivy2/jars/org.apache.spark_spark-sql-kafka-0-10_2.12-3.5.1.jar with timestamp 1761683212224
[2025-10-29T03:26:52.851+0700] {subprocess.py:93} INFO - 25/10/29 03:26:52 INFO Utils: /home/***/.ivy2/jars/org.apache.spark_spark-sql-kafka-0-10_2.12-3.5.1.jar has been previously copied to /tmp/spark-aade944a-cb86-4c19-ad07-5c6bcad37dfc/userFiles-3ed726ac-3d04-456c-9822-53ade88087b5/org.apache.spark_spark-sql-kafka-0-10_2.12-3.5.1.jar
[2025-10-29T03:26:52.855+0700] {subprocess.py:93} INFO - 25/10/29 03:26:52 INFO Executor: Fetching file:///home/***/.ivy2/jars/org.apache.hadoop_hadoop-client-runtime-3.3.4.jar with timestamp 1761683212224
[2025-10-29T03:26:52.874+0700] {subprocess.py:93} INFO - 25/10/29 03:26:52 INFO Utils: /home/***/.ivy2/jars/org.apache.hadoop_hadoop-client-runtime-3.3.4.jar has been previously copied to /tmp/spark-aade944a-cb86-4c19-ad07-5c6bcad37dfc/userFiles-3ed726ac-3d04-456c-9822-53ade88087b5/org.apache.hadoop_hadoop-client-runtime-3.3.4.jar
[2025-10-29T03:26:52.877+0700] {subprocess.py:93} INFO - 25/10/29 03:26:52 INFO Executor: Fetching file:///home/***/.ivy2/jars/org.apache.hadoop_hadoop-client-api-3.3.4.jar with timestamp 1761683212224
[2025-10-29T03:26:52.888+0700] {subprocess.py:93} INFO - 25/10/29 03:26:52 INFO Utils: /home/***/.ivy2/jars/org.apache.hadoop_hadoop-client-api-3.3.4.jar has been previously copied to /tmp/spark-aade944a-cb86-4c19-ad07-5c6bcad37dfc/userFiles-3ed726ac-3d04-456c-9822-53ade88087b5/org.apache.hadoop_hadoop-client-api-3.3.4.jar
[2025-10-29T03:26:52.891+0700] {subprocess.py:93} INFO - 25/10/29 03:26:52 INFO Executor: Fetching file:///home/***/.ivy2/jars/org.apache.spark_spark-token-provider-kafka-0-10_2.12-3.5.1.jar with timestamp 1761683212224
[2025-10-29T03:26:52.892+0700] {subprocess.py:93} INFO - 25/10/29 03:26:52 INFO Utils: /home/***/.ivy2/jars/org.apache.spark_spark-token-provider-kafka-0-10_2.12-3.5.1.jar has been previously copied to /tmp/spark-aade944a-cb86-4c19-ad07-5c6bcad37dfc/userFiles-3ed726ac-3d04-456c-9822-53ade88087b5/org.apache.spark_spark-token-provider-kafka-0-10_2.12-3.5.1.jar
[2025-10-29T03:26:52.894+0700] {subprocess.py:93} INFO - 25/10/29 03:26:52 INFO Executor: Fetching file:///home/***/.ivy2/jars/com.google.code.findbugs_jsr305-3.0.0.jar with timestamp 1761683212224
[2025-10-29T03:26:52.894+0700] {subprocess.py:93} INFO - 25/10/29 03:26:52 INFO Utils: /home/***/.ivy2/jars/com.google.code.findbugs_jsr305-3.0.0.jar has been previously copied to /tmp/spark-aade944a-cb86-4c19-ad07-5c6bcad37dfc/userFiles-3ed726ac-3d04-456c-9822-53ade88087b5/com.google.code.findbugs_jsr305-3.0.0.jar
[2025-10-29T03:26:52.897+0700] {subprocess.py:93} INFO - 25/10/29 03:26:52 INFO Executor: Fetching file:///home/***/.ivy2/jars/org.lz4_lz4-java-1.8.0.jar with timestamp 1761683212224
[2025-10-29T03:26:52.897+0700] {subprocess.py:93} INFO - 25/10/29 03:26:52 INFO Utils: /home/***/.ivy2/jars/org.lz4_lz4-java-1.8.0.jar has been previously copied to /tmp/spark-aade944a-cb86-4c19-ad07-5c6bcad37dfc/userFiles-3ed726ac-3d04-456c-9822-53ade88087b5/org.lz4_lz4-java-1.8.0.jar
[2025-10-29T03:26:52.900+0700] {subprocess.py:93} INFO - 25/10/29 03:26:52 INFO Executor: Fetching file:///home/***/.ivy2/jars/org.slf4j_slf4j-api-2.0.7.jar with timestamp 1761683212224
[2025-10-29T03:26:52.900+0700] {subprocess.py:93} INFO - 25/10/29 03:26:52 INFO Utils: /home/***/.ivy2/jars/org.slf4j_slf4j-api-2.0.7.jar has been previously copied to /tmp/spark-aade944a-cb86-4c19-ad07-5c6bcad37dfc/userFiles-3ed726ac-3d04-456c-9822-53ade88087b5/org.slf4j_slf4j-api-2.0.7.jar
[2025-10-29T03:26:52.902+0700] {subprocess.py:93} INFO - 25/10/29 03:26:52 INFO Executor: Fetching file:///home/***/.ivy2/jars/org.checkerframework_checker-qual-3.31.0.jar with timestamp 1761683212224
[2025-10-29T03:26:52.903+0700] {subprocess.py:93} INFO - 25/10/29 03:26:52 INFO Utils: /home/***/.ivy2/jars/org.checkerframework_checker-qual-3.31.0.jar has been previously copied to /tmp/spark-aade944a-cb86-4c19-ad07-5c6bcad37dfc/userFiles-3ed726ac-3d04-456c-9822-53ade88087b5/org.checkerframework_checker-qual-3.31.0.jar
[2025-10-29T03:26:52.905+0700] {subprocess.py:93} INFO - 25/10/29 03:26:52 INFO Executor: Fetching file:///home/***/.ivy2/jars/org.apache.commons_commons-pool2-2.11.1.jar with timestamp 1761683212224
[2025-10-29T03:26:52.905+0700] {subprocess.py:93} INFO - 25/10/29 03:26:52 INFO Utils: /home/***/.ivy2/jars/org.apache.commons_commons-pool2-2.11.1.jar has been previously copied to /tmp/spark-aade944a-cb86-4c19-ad07-5c6bcad37dfc/userFiles-3ed726ac-3d04-456c-9822-53ade88087b5/org.apache.commons_commons-pool2-2.11.1.jar
[2025-10-29T03:26:52.907+0700] {subprocess.py:93} INFO - 25/10/29 03:26:52 INFO Executor: Fetching file:///home/***/.ivy2/jars/commons-logging_commons-logging-1.1.3.jar with timestamp 1761683212224
[2025-10-29T03:26:52.907+0700] {subprocess.py:93} INFO - 25/10/29 03:26:52 INFO Utils: /home/***/.ivy2/jars/commons-logging_commons-logging-1.1.3.jar has been previously copied to /tmp/spark-aade944a-cb86-4c19-ad07-5c6bcad37dfc/userFiles-3ed726ac-3d04-456c-9822-53ade88087b5/commons-logging_commons-logging-1.1.3.jar
[2025-10-29T03:26:52.910+0700] {subprocess.py:93} INFO - 25/10/29 03:26:52 INFO Executor: Fetching file:///home/***/.ivy2/jars/org.xerial.snappy_snappy-java-1.1.10.3.jar with timestamp 1761683212224
[2025-10-29T03:26:52.911+0700] {subprocess.py:93} INFO - 25/10/29 03:26:52 INFO Utils: /home/***/.ivy2/jars/org.xerial.snappy_snappy-java-1.1.10.3.jar has been previously copied to /tmp/spark-aade944a-cb86-4c19-ad07-5c6bcad37dfc/userFiles-3ed726ac-3d04-456c-9822-53ade88087b5/org.xerial.snappy_snappy-java-1.1.10.3.jar
[2025-10-29T03:26:52.913+0700] {subprocess.py:93} INFO - 25/10/29 03:26:52 INFO Executor: Fetching file:///home/***/.ivy2/jars/org.postgresql_postgresql-42.6.0.jar with timestamp 1761683212224
[2025-10-29T03:26:52.913+0700] {subprocess.py:93} INFO - 25/10/29 03:26:52 INFO Utils: /home/***/.ivy2/jars/org.postgresql_postgresql-42.6.0.jar has been previously copied to /tmp/spark-aade944a-cb86-4c19-ad07-5c6bcad37dfc/userFiles-3ed726ac-3d04-456c-9822-53ade88087b5/org.postgresql_postgresql-42.6.0.jar
[2025-10-29T03:26:52.916+0700] {subprocess.py:93} INFO - 25/10/29 03:26:52 INFO Executor: Fetching file:///home/***/.ivy2/jars/org.apache.kafka_kafka-clients-3.4.1.jar with timestamp 1761683212224
[2025-10-29T03:26:52.918+0700] {subprocess.py:93} INFO - 25/10/29 03:26:52 INFO Utils: /home/***/.ivy2/jars/org.apache.kafka_kafka-clients-3.4.1.jar has been previously copied to /tmp/spark-aade944a-cb86-4c19-ad07-5c6bcad37dfc/userFiles-3ed726ac-3d04-456c-9822-53ade88087b5/org.apache.kafka_kafka-clients-3.4.1.jar
[2025-10-29T03:26:52.921+0700] {subprocess.py:93} INFO - 25/10/29 03:26:52 INFO Executor: Fetching spark://dfeadd712fc3:42021/jars/org.apache.spark_spark-token-provider-kafka-0-10_2.12-3.5.1.jar with timestamp 1761683212224
[2025-10-29T03:26:52.943+0700] {subprocess.py:93} INFO - 25/10/29 03:26:52 INFO TransportClientFactory: Successfully created connection to dfeadd712fc3/172.18.0.6:42021 after 16 ms (0 ms spent in bootstraps)
[2025-10-29T03:26:52.946+0700] {subprocess.py:93} INFO - 25/10/29 03:26:52 INFO Utils: Fetching spark://dfeadd712fc3:42021/jars/org.apache.spark_spark-token-provider-kafka-0-10_2.12-3.5.1.jar to /tmp/spark-aade944a-cb86-4c19-ad07-5c6bcad37dfc/userFiles-3ed726ac-3d04-456c-9822-53ade88087b5/fetchFileTemp16234372302631440246.tmp
[2025-10-29T03:26:52.956+0700] {subprocess.py:93} INFO - 25/10/29 03:26:52 INFO Utils: /tmp/spark-aade944a-cb86-4c19-ad07-5c6bcad37dfc/userFiles-3ed726ac-3d04-456c-9822-53ade88087b5/fetchFileTemp16234372302631440246.tmp has been previously copied to /tmp/spark-aade944a-cb86-4c19-ad07-5c6bcad37dfc/userFiles-3ed726ac-3d04-456c-9822-53ade88087b5/org.apache.spark_spark-token-provider-kafka-0-10_2.12-3.5.1.jar
[2025-10-29T03:26:52.959+0700] {subprocess.py:93} INFO - 25/10/29 03:26:52 INFO Executor: Adding file:/tmp/spark-aade944a-cb86-4c19-ad07-5c6bcad37dfc/userFiles-3ed726ac-3d04-456c-9822-53ade88087b5/org.apache.spark_spark-token-provider-kafka-0-10_2.12-3.5.1.jar to class loader default
[2025-10-29T03:26:52.959+0700] {subprocess.py:93} INFO - 25/10/29 03:26:52 INFO Executor: Fetching spark://dfeadd712fc3:42021/jars/com.google.code.findbugs_jsr305-3.0.0.jar with timestamp 1761683212224
[2025-10-29T03:26:52.960+0700] {subprocess.py:93} INFO - 25/10/29 03:26:52 INFO Utils: Fetching spark://dfeadd712fc3:42021/jars/com.google.code.findbugs_jsr305-3.0.0.jar to /tmp/spark-aade944a-cb86-4c19-ad07-5c6bcad37dfc/userFiles-3ed726ac-3d04-456c-9822-53ade88087b5/fetchFileTemp6277894860954174281.tmp
[2025-10-29T03:26:52.960+0700] {subprocess.py:93} INFO - 25/10/29 03:26:52 INFO Utils: /tmp/spark-aade944a-cb86-4c19-ad07-5c6bcad37dfc/userFiles-3ed726ac-3d04-456c-9822-53ade88087b5/fetchFileTemp6277894860954174281.tmp has been previously copied to /tmp/spark-aade944a-cb86-4c19-ad07-5c6bcad37dfc/userFiles-3ed726ac-3d04-456c-9822-53ade88087b5/com.google.code.findbugs_jsr305-3.0.0.jar
[2025-10-29T03:26:52.963+0700] {subprocess.py:93} INFO - 25/10/29 03:26:52 INFO Executor: Adding file:/tmp/spark-aade944a-cb86-4c19-ad07-5c6bcad37dfc/userFiles-3ed726ac-3d04-456c-9822-53ade88087b5/com.google.code.findbugs_jsr305-3.0.0.jar to class loader default
[2025-10-29T03:26:52.963+0700] {subprocess.py:93} INFO - 25/10/29 03:26:52 INFO Executor: Fetching spark://dfeadd712fc3:42021/jars/org.lz4_lz4-java-1.8.0.jar with timestamp 1761683212224
[2025-10-29T03:26:52.963+0700] {subprocess.py:93} INFO - 25/10/29 03:26:52 INFO Utils: Fetching spark://dfeadd712fc3:42021/jars/org.lz4_lz4-java-1.8.0.jar to /tmp/spark-aade944a-cb86-4c19-ad07-5c6bcad37dfc/userFiles-3ed726ac-3d04-456c-9822-53ade88087b5/fetchFileTemp6089451921067533203.tmp
[2025-10-29T03:26:52.966+0700] {subprocess.py:93} INFO - 25/10/29 03:26:52 INFO Utils: /tmp/spark-aade944a-cb86-4c19-ad07-5c6bcad37dfc/userFiles-3ed726ac-3d04-456c-9822-53ade88087b5/fetchFileTemp6089451921067533203.tmp has been previously copied to /tmp/spark-aade944a-cb86-4c19-ad07-5c6bcad37dfc/userFiles-3ed726ac-3d04-456c-9822-53ade88087b5/org.lz4_lz4-java-1.8.0.jar
[2025-10-29T03:26:52.969+0700] {subprocess.py:93} INFO - 25/10/29 03:26:52 INFO Executor: Adding file:/tmp/spark-aade944a-cb86-4c19-ad07-5c6bcad37dfc/userFiles-3ed726ac-3d04-456c-9822-53ade88087b5/org.lz4_lz4-java-1.8.0.jar to class loader default
[2025-10-29T03:26:52.969+0700] {subprocess.py:93} INFO - 25/10/29 03:26:52 INFO Executor: Fetching spark://dfeadd712fc3:42021/jars/org.xerial.snappy_snappy-java-1.1.10.3.jar with timestamp 1761683212224
[2025-10-29T03:26:52.969+0700] {subprocess.py:93} INFO - 25/10/29 03:26:52 INFO Utils: Fetching spark://dfeadd712fc3:42021/jars/org.xerial.snappy_snappy-java-1.1.10.3.jar to /tmp/spark-aade944a-cb86-4c19-ad07-5c6bcad37dfc/userFiles-3ed726ac-3d04-456c-9822-53ade88087b5/fetchFileTemp18093201876863114430.tmp
[2025-10-29T03:26:52.978+0700] {subprocess.py:93} INFO - 25/10/29 03:26:52 INFO Utils: /tmp/spark-aade944a-cb86-4c19-ad07-5c6bcad37dfc/userFiles-3ed726ac-3d04-456c-9822-53ade88087b5/fetchFileTemp18093201876863114430.tmp has been previously copied to /tmp/spark-aade944a-cb86-4c19-ad07-5c6bcad37dfc/userFiles-3ed726ac-3d04-456c-9822-53ade88087b5/org.xerial.snappy_snappy-java-1.1.10.3.jar
[2025-10-29T03:26:52.981+0700] {subprocess.py:93} INFO - 25/10/29 03:26:52 INFO Executor: Adding file:/tmp/spark-aade944a-cb86-4c19-ad07-5c6bcad37dfc/userFiles-3ed726ac-3d04-456c-9822-53ade88087b5/org.xerial.snappy_snappy-java-1.1.10.3.jar to class loader default
[2025-10-29T03:26:52.981+0700] {subprocess.py:93} INFO - 25/10/29 03:26:52 INFO Executor: Fetching spark://dfeadd712fc3:42021/jars/org.checkerframework_checker-qual-3.31.0.jar with timestamp 1761683212224
[2025-10-29T03:26:52.981+0700] {subprocess.py:93} INFO - 25/10/29 03:26:52 INFO Utils: Fetching spark://dfeadd712fc3:42021/jars/org.checkerframework_checker-qual-3.31.0.jar to /tmp/spark-aade944a-cb86-4c19-ad07-5c6bcad37dfc/userFiles-3ed726ac-3d04-456c-9822-53ade88087b5/fetchFileTemp5533917377319995243.tmp
[2025-10-29T03:26:52.982+0700] {subprocess.py:93} INFO - 25/10/29 03:26:52 INFO Utils: /tmp/spark-aade944a-cb86-4c19-ad07-5c6bcad37dfc/userFiles-3ed726ac-3d04-456c-9822-53ade88087b5/fetchFileTemp5533917377319995243.tmp has been previously copied to /tmp/spark-aade944a-cb86-4c19-ad07-5c6bcad37dfc/userFiles-3ed726ac-3d04-456c-9822-53ade88087b5/org.checkerframework_checker-qual-3.31.0.jar
[2025-10-29T03:26:52.985+0700] {subprocess.py:93} INFO - 25/10/29 03:26:52 INFO Executor: Adding file:/tmp/spark-aade944a-cb86-4c19-ad07-5c6bcad37dfc/userFiles-3ed726ac-3d04-456c-9822-53ade88087b5/org.checkerframework_checker-qual-3.31.0.jar to class loader default
[2025-10-29T03:26:52.986+0700] {subprocess.py:93} INFO - 25/10/29 03:26:52 INFO Executor: Fetching spark://dfeadd712fc3:42021/jars/org.apache.hadoop_hadoop-client-runtime-3.3.4.jar with timestamp 1761683212224
[2025-10-29T03:26:52.986+0700] {subprocess.py:93} INFO - 25/10/29 03:26:52 INFO Utils: Fetching spark://dfeadd712fc3:42021/jars/org.apache.hadoop_hadoop-client-runtime-3.3.4.jar to /tmp/spark-aade944a-cb86-4c19-ad07-5c6bcad37dfc/userFiles-3ed726ac-3d04-456c-9822-53ade88087b5/fetchFileTemp6062987419644039911.tmp
[2025-10-29T03:26:53.127+0700] {subprocess.py:93} INFO - 25/10/29 03:26:53 INFO Utils: /tmp/spark-aade944a-cb86-4c19-ad07-5c6bcad37dfc/userFiles-3ed726ac-3d04-456c-9822-53ade88087b5/fetchFileTemp6062987419644039911.tmp has been previously copied to /tmp/spark-aade944a-cb86-4c19-ad07-5c6bcad37dfc/userFiles-3ed726ac-3d04-456c-9822-53ade88087b5/org.apache.hadoop_hadoop-client-runtime-3.3.4.jar
[2025-10-29T03:26:53.132+0700] {subprocess.py:93} INFO - 25/10/29 03:26:53 INFO Executor: Adding file:/tmp/spark-aade944a-cb86-4c19-ad07-5c6bcad37dfc/userFiles-3ed726ac-3d04-456c-9822-53ade88087b5/org.apache.hadoop_hadoop-client-runtime-3.3.4.jar to class loader default
[2025-10-29T03:26:53.132+0700] {subprocess.py:93} INFO - 25/10/29 03:26:53 INFO Executor: Fetching spark://dfeadd712fc3:42021/jars/commons-logging_commons-logging-1.1.3.jar with timestamp 1761683212224
[2025-10-29T03:26:53.132+0700] {subprocess.py:93} INFO - 25/10/29 03:26:53 INFO Utils: Fetching spark://dfeadd712fc3:42021/jars/commons-logging_commons-logging-1.1.3.jar to /tmp/spark-aade944a-cb86-4c19-ad07-5c6bcad37dfc/userFiles-3ed726ac-3d04-456c-9822-53ade88087b5/fetchFileTemp16302983756044117060.tmp
[2025-10-29T03:26:53.133+0700] {subprocess.py:93} INFO - 25/10/29 03:26:53 INFO Utils: /tmp/spark-aade944a-cb86-4c19-ad07-5c6bcad37dfc/userFiles-3ed726ac-3d04-456c-9822-53ade88087b5/fetchFileTemp16302983756044117060.tmp has been previously copied to /tmp/spark-aade944a-cb86-4c19-ad07-5c6bcad37dfc/userFiles-3ed726ac-3d04-456c-9822-53ade88087b5/commons-logging_commons-logging-1.1.3.jar
[2025-10-29T03:26:53.136+0700] {subprocess.py:93} INFO - 25/10/29 03:26:53 INFO Executor: Adding file:/tmp/spark-aade944a-cb86-4c19-ad07-5c6bcad37dfc/userFiles-3ed726ac-3d04-456c-9822-53ade88087b5/commons-logging_commons-logging-1.1.3.jar to class loader default
[2025-10-29T03:26:53.136+0700] {subprocess.py:93} INFO - 25/10/29 03:26:53 INFO Executor: Fetching spark://dfeadd712fc3:42021/jars/org.apache.spark_spark-sql-kafka-0-10_2.12-3.5.1.jar with timestamp 1761683212224
[2025-10-29T03:26:53.136+0700] {subprocess.py:93} INFO - 25/10/29 03:26:53 INFO Utils: Fetching spark://dfeadd712fc3:42021/jars/org.apache.spark_spark-sql-kafka-0-10_2.12-3.5.1.jar to /tmp/spark-aade944a-cb86-4c19-ad07-5c6bcad37dfc/userFiles-3ed726ac-3d04-456c-9822-53ade88087b5/fetchFileTemp13284509152416158988.tmp
[2025-10-29T03:26:53.137+0700] {subprocess.py:93} INFO - 25/10/29 03:26:53 INFO Utils: /tmp/spark-aade944a-cb86-4c19-ad07-5c6bcad37dfc/userFiles-3ed726ac-3d04-456c-9822-53ade88087b5/fetchFileTemp13284509152416158988.tmp has been previously copied to /tmp/spark-aade944a-cb86-4c19-ad07-5c6bcad37dfc/userFiles-3ed726ac-3d04-456c-9822-53ade88087b5/org.apache.spark_spark-sql-kafka-0-10_2.12-3.5.1.jar
[2025-10-29T03:26:53.140+0700] {subprocess.py:93} INFO - 25/10/29 03:26:53 INFO Executor: Adding file:/tmp/spark-aade944a-cb86-4c19-ad07-5c6bcad37dfc/userFiles-3ed726ac-3d04-456c-9822-53ade88087b5/org.apache.spark_spark-sql-kafka-0-10_2.12-3.5.1.jar to class loader default
[2025-10-29T03:26:53.140+0700] {subprocess.py:93} INFO - 25/10/29 03:26:53 INFO Executor: Fetching spark://dfeadd712fc3:42021/jars/org.postgresql_postgresql-42.6.0.jar with timestamp 1761683212224
[2025-10-29T03:26:53.140+0700] {subprocess.py:93} INFO - 25/10/29 03:26:53 INFO Utils: Fetching spark://dfeadd712fc3:42021/jars/org.postgresql_postgresql-42.6.0.jar to /tmp/spark-aade944a-cb86-4c19-ad07-5c6bcad37dfc/userFiles-3ed726ac-3d04-456c-9822-53ade88087b5/fetchFileTemp18209586434434787942.tmp
[2025-10-29T03:26:53.142+0700] {subprocess.py:93} INFO - 25/10/29 03:26:53 INFO Utils: /tmp/spark-aade944a-cb86-4c19-ad07-5c6bcad37dfc/userFiles-3ed726ac-3d04-456c-9822-53ade88087b5/fetchFileTemp18209586434434787942.tmp has been previously copied to /tmp/spark-aade944a-cb86-4c19-ad07-5c6bcad37dfc/userFiles-3ed726ac-3d04-456c-9822-53ade88087b5/org.postgresql_postgresql-42.6.0.jar
[2025-10-29T03:26:53.146+0700] {subprocess.py:93} INFO - 25/10/29 03:26:53 INFO Executor: Adding file:/tmp/spark-aade944a-cb86-4c19-ad07-5c6bcad37dfc/userFiles-3ed726ac-3d04-456c-9822-53ade88087b5/org.postgresql_postgresql-42.6.0.jar to class loader default
[2025-10-29T03:26:53.146+0700] {subprocess.py:93} INFO - 25/10/29 03:26:53 INFO Executor: Fetching spark://dfeadd712fc3:42021/jars/org.apache.commons_commons-pool2-2.11.1.jar with timestamp 1761683212224
[2025-10-29T03:26:53.146+0700] {subprocess.py:93} INFO - 25/10/29 03:26:53 INFO Utils: Fetching spark://dfeadd712fc3:42021/jars/org.apache.commons_commons-pool2-2.11.1.jar to /tmp/spark-aade944a-cb86-4c19-ad07-5c6bcad37dfc/userFiles-3ed726ac-3d04-456c-9822-53ade88087b5/fetchFileTemp15656455997205162634.tmp
[2025-10-29T03:26:53.147+0700] {subprocess.py:93} INFO - 25/10/29 03:26:53 INFO Utils: /tmp/spark-aade944a-cb86-4c19-ad07-5c6bcad37dfc/userFiles-3ed726ac-3d04-456c-9822-53ade88087b5/fetchFileTemp15656455997205162634.tmp has been previously copied to /tmp/spark-aade944a-cb86-4c19-ad07-5c6bcad37dfc/userFiles-3ed726ac-3d04-456c-9822-53ade88087b5/org.apache.commons_commons-pool2-2.11.1.jar
[2025-10-29T03:26:53.150+0700] {subprocess.py:93} INFO - 25/10/29 03:26:53 INFO Executor: Adding file:/tmp/spark-aade944a-cb86-4c19-ad07-5c6bcad37dfc/userFiles-3ed726ac-3d04-456c-9822-53ade88087b5/org.apache.commons_commons-pool2-2.11.1.jar to class loader default
[2025-10-29T03:26:53.150+0700] {subprocess.py:93} INFO - 25/10/29 03:26:53 INFO Executor: Fetching spark://dfeadd712fc3:42021/jars/org.slf4j_slf4j-api-2.0.7.jar with timestamp 1761683212224
[2025-10-29T03:26:53.150+0700] {subprocess.py:93} INFO - 25/10/29 03:26:53 INFO Utils: Fetching spark://dfeadd712fc3:42021/jars/org.slf4j_slf4j-api-2.0.7.jar to /tmp/spark-aade944a-cb86-4c19-ad07-5c6bcad37dfc/userFiles-3ed726ac-3d04-456c-9822-53ade88087b5/fetchFileTemp8192535234056388275.tmp
[2025-10-29T03:26:53.150+0700] {subprocess.py:93} INFO - 25/10/29 03:26:53 INFO Utils: /tmp/spark-aade944a-cb86-4c19-ad07-5c6bcad37dfc/userFiles-3ed726ac-3d04-456c-9822-53ade88087b5/fetchFileTemp8192535234056388275.tmp has been previously copied to /tmp/spark-aade944a-cb86-4c19-ad07-5c6bcad37dfc/userFiles-3ed726ac-3d04-456c-9822-53ade88087b5/org.slf4j_slf4j-api-2.0.7.jar
[2025-10-29T03:26:53.153+0700] {subprocess.py:93} INFO - 25/10/29 03:26:53 INFO Executor: Adding file:/tmp/spark-aade944a-cb86-4c19-ad07-5c6bcad37dfc/userFiles-3ed726ac-3d04-456c-9822-53ade88087b5/org.slf4j_slf4j-api-2.0.7.jar to class loader default
[2025-10-29T03:26:53.153+0700] {subprocess.py:93} INFO - 25/10/29 03:26:53 INFO Executor: Fetching spark://dfeadd712fc3:42021/jars/org.apache.hadoop_hadoop-client-api-3.3.4.jar with timestamp 1761683212224
[2025-10-29T03:26:53.153+0700] {subprocess.py:93} INFO - 25/10/29 03:26:53 INFO Utils: Fetching spark://dfeadd712fc3:42021/jars/org.apache.hadoop_hadoop-client-api-3.3.4.jar to /tmp/spark-aade944a-cb86-4c19-ad07-5c6bcad37dfc/userFiles-3ed726ac-3d04-456c-9822-53ade88087b5/fetchFileTemp45238501657170039.tmp
[2025-10-29T03:26:53.237+0700] {subprocess.py:93} INFO - 25/10/29 03:26:53 INFO Utils: /tmp/spark-aade944a-cb86-4c19-ad07-5c6bcad37dfc/userFiles-3ed726ac-3d04-456c-9822-53ade88087b5/fetchFileTemp45238501657170039.tmp has been previously copied to /tmp/spark-aade944a-cb86-4c19-ad07-5c6bcad37dfc/userFiles-3ed726ac-3d04-456c-9822-53ade88087b5/org.apache.hadoop_hadoop-client-api-3.3.4.jar
[2025-10-29T03:26:53.242+0700] {subprocess.py:93} INFO - 25/10/29 03:26:53 INFO Executor: Adding file:/tmp/spark-aade944a-cb86-4c19-ad07-5c6bcad37dfc/userFiles-3ed726ac-3d04-456c-9822-53ade88087b5/org.apache.hadoop_hadoop-client-api-3.3.4.jar to class loader default
[2025-10-29T03:26:53.243+0700] {subprocess.py:93} INFO - 25/10/29 03:26:53 INFO Executor: Fetching spark://dfeadd712fc3:42021/jars/org.apache.kafka_kafka-clients-3.4.1.jar with timestamp 1761683212224
[2025-10-29T03:26:53.243+0700] {subprocess.py:93} INFO - 25/10/29 03:26:53 INFO Utils: Fetching spark://dfeadd712fc3:42021/jars/org.apache.kafka_kafka-clients-3.4.1.jar to /tmp/spark-aade944a-cb86-4c19-ad07-5c6bcad37dfc/userFiles-3ed726ac-3d04-456c-9822-53ade88087b5/fetchFileTemp5875452079682437824.tmp
[2025-10-29T03:26:53.249+0700] {subprocess.py:93} INFO - 25/10/29 03:26:53 INFO Utils: /tmp/spark-aade944a-cb86-4c19-ad07-5c6bcad37dfc/userFiles-3ed726ac-3d04-456c-9822-53ade88087b5/fetchFileTemp5875452079682437824.tmp has been previously copied to /tmp/spark-aade944a-cb86-4c19-ad07-5c6bcad37dfc/userFiles-3ed726ac-3d04-456c-9822-53ade88087b5/org.apache.kafka_kafka-clients-3.4.1.jar
[2025-10-29T03:26:53.260+0700] {subprocess.py:93} INFO - 25/10/29 03:26:53 INFO Executor: Adding file:/tmp/spark-aade944a-cb86-4c19-ad07-5c6bcad37dfc/userFiles-3ed726ac-3d04-456c-9822-53ade88087b5/org.apache.kafka_kafka-clients-3.4.1.jar to class loader default
[2025-10-29T03:26:53.264+0700] {subprocess.py:93} INFO - 25/10/29 03:26:53 INFO Utils: Successfully started service 'org.apache.spark.network.netty.NettyBlockTransferService' on port 46109.
[2025-10-29T03:26:53.265+0700] {subprocess.py:93} INFO - 25/10/29 03:26:53 INFO NettyBlockTransferService: Server created on dfeadd712fc3:46109
[2025-10-29T03:26:53.265+0700] {subprocess.py:93} INFO - 25/10/29 03:26:53 INFO BlockManager: Using org.apache.spark.storage.RandomBlockReplicationPolicy for block replication policy
[2025-10-29T03:26:53.268+0700] {subprocess.py:93} INFO - 25/10/29 03:26:53 INFO BlockManagerMaster: Registering BlockManager BlockManagerId(driver, dfeadd712fc3, 46109, None)
[2025-10-29T03:26:53.270+0700] {subprocess.py:93} INFO - 25/10/29 03:26:53 INFO BlockManagerMasterEndpoint: Registering block manager dfeadd712fc3:46109 with 434.4 MiB RAM, BlockManagerId(driver, dfeadd712fc3, 46109, None)
[2025-10-29T03:26:53.271+0700] {subprocess.py:93} INFO - 25/10/29 03:26:53 INFO BlockManagerMaster: Registered BlockManager BlockManagerId(driver, dfeadd712fc3, 46109, None)
[2025-10-29T03:26:53.272+0700] {subprocess.py:93} INFO - 25/10/29 03:26:53 INFO BlockManager: Initialized BlockManager: BlockManagerId(driver, dfeadd712fc3, 46109, None)
[2025-10-29T03:26:55.284+0700] {subprocess.py:93} INFO - 25/10/29 03:26:55 WARN ResolveWriteToStream: spark.sql.adaptive.enabled is not supported in streaming DataFrames/Datasets and will be disabled.
[2025-10-29T03:26:55.386+0700] {subprocess.py:93} INFO - 🚀 Streaming job started — đang lắng nghe dữ liệu từ Kafka...
[2025-10-29T03:26:55.486+0700] {subprocess.py:93} INFO - 25/10/29 03:26:55 WARN AdminClientConfig: These configurations '[key.deserializer, value.deserializer, enable.auto.commit, max.poll.records, auto.offset.reset]' were supplied but are not used yet.
[2025-10-29T03:26:56.666+0700] {subprocess.py:93} INFO - [Batch 0] ⚠️ Không có dữ liệu mới.
[2025-10-29T03:27:01.178+0700] {subprocess.py:93} INFO - 25/10/29 03:27:01 WARN KafkaDataConsumer: KafkaDataConsumer is not running in UninterruptibleThread. It may hang when KafkaDataConsumer's methods are interrupted because of KAFKA-1894
[2025-10-29T03:27:01.648+0700] {subprocess.py:93} INFO - 25/10/29 03:27:01 WARN KafkaDataConsumer: KafkaDataConsumer is not running in UninterruptibleThread. It may hang when KafkaDataConsumer's methods are interrupted because of KAFKA-1894
[2025-10-29T03:27:01.648+0700] {subprocess.py:93} INFO - 25/10/29 03:27:01 WARN KafkaDataConsumer: KafkaDataConsumer is not running in UninterruptibleThread. It may hang when KafkaDataConsumer's methods are interrupted because of KAFKA-1894
[2025-10-29T03:27:01.649+0700] {subprocess.py:93} INFO - 25/10/29 03:27:01 WARN KafkaDataConsumer: KafkaDataConsumer is not running in UninterruptibleThread. It may hang when KafkaDataConsumer's methods are interrupted because of KAFKA-1894
[2025-10-29T03:27:01.649+0700] {subprocess.py:93} INFO - 25/10/29 03:27:01 WARN KafkaDataConsumer: KafkaDataConsumer is not running in UninterruptibleThread. It may hang when KafkaDataConsumer's methods are interrupted because of KAFKA-1894
[2025-10-29T03:27:01.649+0700] {subprocess.py:93} INFO - 25/10/29 03:27:01 WARN KafkaDataConsumer: KafkaDataConsumer is not running in UninterruptibleThread. It may hang when KafkaDataConsumer's methods are interrupted because of KAFKA-1894
[2025-10-29T03:27:01.649+0700] {subprocess.py:93} INFO - 25/10/29 03:27:01 WARN KafkaDataConsumer: KafkaDataConsumer is not running in UninterruptibleThread. It may hang when KafkaDataConsumer's methods are interrupted because of KAFKA-1894
[2025-10-29T03:27:01.649+0700] {subprocess.py:93} INFO - 25/10/29 03:27:01 WARN KafkaDataConsumer: KafkaDataConsumer is not running in UninterruptibleThread. It may hang when KafkaDataConsumer's methods are interrupted because of KAFKA-1894
[2025-10-29T03:27:01.650+0700] {subprocess.py:93} INFO - 25/10/29 03:27:01 WARN KafkaDataConsumer: KafkaDataConsumer is not running in UninterruptibleThread. It may hang when KafkaDataConsumer's methods are interrupted because of KAFKA-1894
[2025-10-29T03:27:03.994+0700] {subprocess.py:93} INFO - There was a problem when trying to write in your cache folder (/home/***/.cache/huggingface/hub). You should set the environment variable TRANSFORMERS_CACHE to a writable directory.
[2025-10-29T03:27:04.548+0700] {subprocess.py:93} INFO - 25/10/29 03:27:04 ERROR Executor: Exception in task 0.0 in stage 2.0 (TID 1)
[2025-10-29T03:27:04.548+0700] {subprocess.py:93} INFO - org.apache.spark.api.python.PythonException: Traceback (most recent call last):
[2025-10-29T03:27:04.549+0700] {subprocess.py:93} INFO -   File "/opt/***/projects/absa_streaming/scripts/consumer_postgres_streaming.py", line 73, in absa_infer_udf
[2025-10-29T03:27:04.549+0700] {subprocess.py:93} INFO -     _tokenizer = AutoTokenizer.from_pretrained(MODEL_NAME, use_fast=True)
[2025-10-29T03:27:04.549+0700] {subprocess.py:93} INFO -                  ^^^^^^^^^^^^^^^^^^^^^^^^^^^^^^^^^^^^^^^^^^^^^^^^^^^^^^^^
[2025-10-29T03:27:04.549+0700] {subprocess.py:93} INFO -   File "/home/***/.local/lib/python3.12/site-packages/transformers/models/auto/tokenization_auto.py", line 817, in from_pretrained
[2025-10-29T03:27:04.549+0700] {subprocess.py:93} INFO -     tokenizer_config = get_tokenizer_config(pretrained_model_name_or_path, **kwargs)
[2025-10-29T03:27:04.549+0700] {subprocess.py:93} INFO -                        ^^^^^^^^^^^^^^^^^^^^^^^^^^^^^^^^^^^^^^^^^^^^^^^^^^^^^^^^^^^^^
[2025-10-29T03:27:04.549+0700] {subprocess.py:93} INFO -   File "/home/***/.local/lib/python3.12/site-packages/transformers/models/auto/tokenization_auto.py", line 649, in get_tokenizer_config
[2025-10-29T03:27:04.550+0700] {subprocess.py:93} INFO -     resolved_config_file = cached_file(
[2025-10-29T03:27:04.550+0700] {subprocess.py:93} INFO -                            ^^^^^^^^^^^^
[2025-10-29T03:27:04.550+0700] {subprocess.py:93} INFO -   File "/home/***/.local/lib/python3.12/site-packages/transformers/utils/hub.py", line 462, in cached_file
[2025-10-29T03:27:04.550+0700] {subprocess.py:93} INFO -     except HFValidationError as e:
[2025-10-29T03:27:04.550+0700] {subprocess.py:93} INFO -   File "/home/***/.local/lib/python3.12/site-packages/huggingface_hub/utils/_validators.py", line 114, in _inner_fn
[2025-10-29T03:27:04.550+0700] {subprocess.py:93} INFO -     return fn(*args, **kwargs)
[2025-10-29T03:27:04.550+0700] {subprocess.py:93} INFO -            ^^^^^^^^^^^^^^^^^^^
[2025-10-29T03:27:04.550+0700] {subprocess.py:93} INFO -   File "/home/***/.local/lib/python3.12/site-packages/huggingface_hub/file_download.py", line 1007, in hf_hub_download
[2025-10-29T03:27:04.550+0700] {subprocess.py:93} INFO -     return _hf_hub_download_to_cache_dir(
[2025-10-29T03:27:04.551+0700] {subprocess.py:93} INFO -            ^^^^^^^^^^^^^^^^^^^^^^^^^^^^^^
[2025-10-29T03:27:04.551+0700] {subprocess.py:93} INFO -   File "/home/***/.local/lib/python3.12/site-packages/huggingface_hub/file_download.py", line 1124, in _hf_hub_download_to_cache_dir
[2025-10-29T03:27:04.551+0700] {subprocess.py:93} INFO -     os.makedirs(os.path.dirname(blob_path), exist_ok=True)
[2025-10-29T03:27:04.551+0700] {subprocess.py:93} INFO -   File "<frozen os>", line 216, in makedirs
[2025-10-29T03:27:04.552+0700] {subprocess.py:93} INFO -   File "<frozen os>", line 216, in makedirs
[2025-10-29T03:27:04.552+0700] {subprocess.py:93} INFO -   File "<frozen os>", line 216, in makedirs
[2025-10-29T03:27:04.552+0700] {subprocess.py:93} INFO -   File "<frozen os>", line 230, in makedirs
[2025-10-29T03:27:04.552+0700] {subprocess.py:93} INFO - PermissionError: [Errno 13] Permission denied: '/home/***/.cache/huggingface'
[2025-10-29T03:27:04.553+0700] {subprocess.py:93} INFO - 
[2025-10-29T03:27:04.553+0700] {subprocess.py:93} INFO - 	at org.apache.spark.api.python.BasePythonRunner$ReaderIterator.handlePythonException(PythonRunner.scala:572)
[2025-10-29T03:27:04.553+0700] {subprocess.py:93} INFO - 	at org.apache.spark.sql.execution.python.PythonArrowOutput$$anon$1.read(PythonArrowOutput.scala:118)
[2025-10-29T03:27:04.553+0700] {subprocess.py:93} INFO - 	at org.apache.spark.api.python.BasePythonRunner$ReaderIterator.hasNext(PythonRunner.scala:525)
[2025-10-29T03:27:04.553+0700] {subprocess.py:93} INFO - 	at org.apache.spark.InterruptibleIterator.hasNext(InterruptibleIterator.scala:37)
[2025-10-29T03:27:04.553+0700] {subprocess.py:93} INFO - 	at scala.collection.Iterator$$anon$11.hasNext(Iterator.scala:491)
[2025-10-29T03:27:04.553+0700] {subprocess.py:93} INFO - 	at scala.collection.Iterator$$anon$10.hasNext(Iterator.scala:460)
[2025-10-29T03:27:04.554+0700] {subprocess.py:93} INFO - 	at scala.collection.Iterator$$anon$10.hasNext(Iterator.scala:460)
[2025-10-29T03:27:04.554+0700] {subprocess.py:93} INFO - 	at org.apache.spark.sql.catalyst.expressions.GeneratedClass$GeneratedIteratorForCodegenStage1.hashAgg_doAggregateWithoutKey_0$(Unknown Source)
[2025-10-29T03:27:04.554+0700] {subprocess.py:93} INFO - 	at org.apache.spark.sql.catalyst.expressions.GeneratedClass$GeneratedIteratorForCodegenStage1.processNext(Unknown Source)
[2025-10-29T03:27:04.554+0700] {subprocess.py:93} INFO - 	at org.apache.spark.sql.execution.BufferedRowIterator.hasNext(BufferedRowIterator.java:43)
[2025-10-29T03:27:04.554+0700] {subprocess.py:93} INFO - 	at org.apache.spark.sql.execution.WholeStageCodegenEvaluatorFactory$WholeStageCodegenPartitionEvaluator$$anon$1.hasNext(WholeStageCodegenEvaluatorFactory.scala:43)
[2025-10-29T03:27:04.554+0700] {subprocess.py:93} INFO - 	at scala.collection.Iterator$$anon$10.hasNext(Iterator.scala:460)
[2025-10-29T03:27:04.555+0700] {subprocess.py:93} INFO - 	at org.apache.spark.shuffle.sort.BypassMergeSortShuffleWriter.write(BypassMergeSortShuffleWriter.java:140)
[2025-10-29T03:27:04.555+0700] {subprocess.py:93} INFO - 	at org.apache.spark.shuffle.ShuffleWriteProcessor.write(ShuffleWriteProcessor.scala:59)
[2025-10-29T03:27:04.555+0700] {subprocess.py:93} INFO - 	at org.apache.spark.scheduler.ShuffleMapTask.runTask(ShuffleMapTask.scala:104)
[2025-10-29T03:27:04.555+0700] {subprocess.py:93} INFO - 	at org.apache.spark.scheduler.ShuffleMapTask.runTask(ShuffleMapTask.scala:54)
[2025-10-29T03:27:04.555+0700] {subprocess.py:93} INFO - 	at org.apache.spark.TaskContext.runTaskWithListeners(TaskContext.scala:166)
[2025-10-29T03:27:04.556+0700] {subprocess.py:93} INFO - 	at org.apache.spark.scheduler.Task.run(Task.scala:141)
[2025-10-29T03:27:04.556+0700] {subprocess.py:93} INFO - 	at org.apache.spark.executor.Executor$TaskRunner.$anonfun$run$4(Executor.scala:620)
[2025-10-29T03:27:04.556+0700] {subprocess.py:93} INFO - 	at org.apache.spark.util.SparkErrorUtils.tryWithSafeFinally(SparkErrorUtils.scala:64)
[2025-10-29T03:27:04.556+0700] {subprocess.py:93} INFO - 	at org.apache.spark.util.SparkErrorUtils.tryWithSafeFinally$(SparkErrorUtils.scala:61)
[2025-10-29T03:27:04.556+0700] {subprocess.py:93} INFO - 	at org.apache.spark.util.Utils$.tryWithSafeFinally(Utils.scala:94)
[2025-10-29T03:27:04.557+0700] {subprocess.py:93} INFO - 	at org.apache.spark.executor.Executor$TaskRunner.run(Executor.scala:623)
[2025-10-29T03:27:04.557+0700] {subprocess.py:93} INFO - 	at java.base/java.util.concurrent.ThreadPoolExecutor.runWorker(ThreadPoolExecutor.java:1136)
[2025-10-29T03:27:04.557+0700] {subprocess.py:93} INFO - 	at java.base/java.util.concurrent.ThreadPoolExecutor$Worker.run(ThreadPoolExecutor.java:635)
[2025-10-29T03:27:04.557+0700] {subprocess.py:93} INFO - 	at java.base/java.lang.Thread.run(Thread.java:840)
[2025-10-29T03:27:04.558+0700] {subprocess.py:93} INFO - 25/10/29 03:27:04 WARN TaskSetManager: Lost task 0.0 in stage 2.0 (TID 1) (dfeadd712fc3 executor driver): org.apache.spark.api.python.PythonException: Traceback (most recent call last):
[2025-10-29T03:27:04.559+0700] {subprocess.py:93} INFO -   File "/opt/***/projects/absa_streaming/scripts/consumer_postgres_streaming.py", line 73, in absa_infer_udf
[2025-10-29T03:27:04.559+0700] {subprocess.py:93} INFO -     _tokenizer = AutoTokenizer.from_pretrained(MODEL_NAME, use_fast=True)
[2025-10-29T03:27:04.559+0700] {subprocess.py:93} INFO -                  ^^^^^^^^^^^^^^^^^^^^^^^^^^^^^^^^^^^^^^^^^^^^^^^^^^^^^^^^
[2025-10-29T03:27:04.559+0700] {subprocess.py:93} INFO -   File "/home/***/.local/lib/python3.12/site-packages/transformers/models/auto/tokenization_auto.py", line 817, in from_pretrained
[2025-10-29T03:27:04.560+0700] {subprocess.py:93} INFO -     tokenizer_config = get_tokenizer_config(pretrained_model_name_or_path, **kwargs)
[2025-10-29T03:27:04.560+0700] {subprocess.py:93} INFO -                        ^^^^^^^^^^^^^^^^^^^^^^^^^^^^^^^^^^^^^^^^^^^^^^^^^^^^^^^^^^^^^
[2025-10-29T03:27:04.560+0700] {subprocess.py:93} INFO -   File "/home/***/.local/lib/python3.12/site-packages/transformers/models/auto/tokenization_auto.py", line 649, in get_tokenizer_config
[2025-10-29T03:27:04.561+0700] {subprocess.py:93} INFO -     resolved_config_file = cached_file(
[2025-10-29T03:27:04.561+0700] {subprocess.py:93} INFO -                            ^^^^^^^^^^^^
[2025-10-29T03:27:04.561+0700] {subprocess.py:93} INFO -   File "/home/***/.local/lib/python3.12/site-packages/transformers/utils/hub.py", line 462, in cached_file
[2025-10-29T03:27:04.561+0700] {subprocess.py:93} INFO -     except HFValidationError as e:
[2025-10-29T03:27:04.561+0700] {subprocess.py:93} INFO -   File "/home/***/.local/lib/python3.12/site-packages/huggingface_hub/utils/_validators.py", line 114, in _inner_fn
[2025-10-29T03:27:04.561+0700] {subprocess.py:93} INFO -     return fn(*args, **kwargs)
[2025-10-29T03:27:04.561+0700] {subprocess.py:93} INFO -            ^^^^^^^^^^^^^^^^^^^
[2025-10-29T03:27:04.562+0700] {subprocess.py:93} INFO -   File "/home/***/.local/lib/python3.12/site-packages/huggingface_hub/file_download.py", line 1007, in hf_hub_download
[2025-10-29T03:27:04.562+0700] {subprocess.py:93} INFO -     return _hf_hub_download_to_cache_dir(
[2025-10-29T03:27:04.562+0700] {subprocess.py:93} INFO -            ^^^^^^^^^^^^^^^^^^^^^^^^^^^^^^
[2025-10-29T03:27:04.562+0700] {subprocess.py:93} INFO -   File "/home/***/.local/lib/python3.12/site-packages/huggingface_hub/file_download.py", line 1124, in _hf_hub_download_to_cache_dir
[2025-10-29T03:27:04.562+0700] {subprocess.py:93} INFO -     os.makedirs(os.path.dirname(blob_path), exist_ok=True)
[2025-10-29T03:27:04.562+0700] {subprocess.py:93} INFO -   File "<frozen os>", line 216, in makedirs
[2025-10-29T03:27:04.563+0700] {subprocess.py:93} INFO -   File "<frozen os>", line 216, in makedirs
[2025-10-29T03:27:04.563+0700] {subprocess.py:93} INFO -   File "<frozen os>", line 216, in makedirs
[2025-10-29T03:27:04.563+0700] {subprocess.py:93} INFO -   File "<frozen os>", line 230, in makedirs
[2025-10-29T03:27:04.563+0700] {subprocess.py:93} INFO - PermissionError: [Errno 13] Permission denied: '/home/***/.cache/huggingface'
[2025-10-29T03:27:04.564+0700] {subprocess.py:93} INFO - 
[2025-10-29T03:27:04.564+0700] {subprocess.py:93} INFO - 	at org.apache.spark.api.python.BasePythonRunner$ReaderIterator.handlePythonException(PythonRunner.scala:572)
[2025-10-29T03:27:04.564+0700] {subprocess.py:93} INFO - 	at org.apache.spark.sql.execution.python.PythonArrowOutput$$anon$1.read(PythonArrowOutput.scala:118)
[2025-10-29T03:27:04.564+0700] {subprocess.py:93} INFO - 	at org.apache.spark.api.python.BasePythonRunner$ReaderIterator.hasNext(PythonRunner.scala:525)
[2025-10-29T03:27:04.565+0700] {subprocess.py:93} INFO - 	at org.apache.spark.InterruptibleIterator.hasNext(InterruptibleIterator.scala:37)
[2025-10-29T03:27:04.565+0700] {subprocess.py:93} INFO - 	at scala.collection.Iterator$$anon$11.hasNext(Iterator.scala:491)
[2025-10-29T03:27:04.565+0700] {subprocess.py:93} INFO - 	at scala.collection.Iterator$$anon$10.hasNext(Iterator.scala:460)
[2025-10-29T03:27:04.565+0700] {subprocess.py:93} INFO - 	at scala.collection.Iterator$$anon$10.hasNext(Iterator.scala:460)
[2025-10-29T03:27:04.565+0700] {subprocess.py:93} INFO - 	at org.apache.spark.sql.catalyst.expressions.GeneratedClass$GeneratedIteratorForCodegenStage1.hashAgg_doAggregateWithoutKey_0$(Unknown Source)
[2025-10-29T03:27:04.565+0700] {subprocess.py:93} INFO - 	at org.apache.spark.sql.catalyst.expressions.GeneratedClass$GeneratedIteratorForCodegenStage1.processNext(Unknown Source)
[2025-10-29T03:27:04.565+0700] {subprocess.py:93} INFO - 	at org.apache.spark.sql.execution.BufferedRowIterator.hasNext(BufferedRowIterator.java:43)
[2025-10-29T03:27:04.566+0700] {subprocess.py:93} INFO - 	at org.apache.spark.sql.execution.WholeStageCodegenEvaluatorFactory$WholeStageCodegenPartitionEvaluator$$anon$1.hasNext(WholeStageCodegenEvaluatorFactory.scala:43)
[2025-10-29T03:27:04.566+0700] {subprocess.py:93} INFO - 	at scala.collection.Iterator$$anon$10.hasNext(Iterator.scala:460)
[2025-10-29T03:27:04.566+0700] {subprocess.py:93} INFO - 	at org.apache.spark.shuffle.sort.BypassMergeSortShuffleWriter.write(BypassMergeSortShuffleWriter.java:140)
[2025-10-29T03:27:04.566+0700] {subprocess.py:93} INFO - 	at org.apache.spark.shuffle.ShuffleWriteProcessor.write(ShuffleWriteProcessor.scala:59)
[2025-10-29T03:27:04.566+0700] {subprocess.py:93} INFO - 	at org.apache.spark.scheduler.ShuffleMapTask.runTask(ShuffleMapTask.scala:104)
[2025-10-29T03:27:04.567+0700] {subprocess.py:93} INFO - 	at org.apache.spark.scheduler.ShuffleMapTask.runTask(ShuffleMapTask.scala:54)
[2025-10-29T03:27:04.567+0700] {subprocess.py:93} INFO - 	at org.apache.spark.TaskContext.runTaskWithListeners(TaskContext.scala:166)
[2025-10-29T03:27:04.567+0700] {subprocess.py:93} INFO - 	at org.apache.spark.scheduler.Task.run(Task.scala:141)
[2025-10-29T03:27:04.567+0700] {subprocess.py:93} INFO - 	at org.apache.spark.executor.Executor$TaskRunner.$anonfun$run$4(Executor.scala:620)
[2025-10-29T03:27:04.568+0700] {subprocess.py:93} INFO - 	at org.apache.spark.util.SparkErrorUtils.tryWithSafeFinally(SparkErrorUtils.scala:64)
[2025-10-29T03:27:04.568+0700] {subprocess.py:93} INFO - 	at org.apache.spark.util.SparkErrorUtils.tryWithSafeFinally$(SparkErrorUtils.scala:61)
[2025-10-29T03:27:04.568+0700] {subprocess.py:93} INFO - 	at org.apache.spark.util.Utils$.tryWithSafeFinally(Utils.scala:94)
[2025-10-29T03:27:04.568+0700] {subprocess.py:93} INFO - 	at org.apache.spark.executor.Executor$TaskRunner.run(Executor.scala:623)
[2025-10-29T03:27:04.568+0700] {subprocess.py:93} INFO - 	at java.base/java.util.concurrent.ThreadPoolExecutor.runWorker(ThreadPoolExecutor.java:1136)
[2025-10-29T03:27:04.569+0700] {subprocess.py:93} INFO - 	at java.base/java.util.concurrent.ThreadPoolExecutor$Worker.run(ThreadPoolExecutor.java:635)
[2025-10-29T03:27:04.569+0700] {subprocess.py:93} INFO - 	at java.base/java.lang.Thread.run(Thread.java:840)
[2025-10-29T03:27:04.569+0700] {subprocess.py:93} INFO - 
[2025-10-29T03:27:04.569+0700] {subprocess.py:93} INFO - 25/10/29 03:27:04 ERROR TaskSetManager: Task 0 in stage 2.0 failed 1 times; aborting job
[2025-10-29T03:27:04.634+0700] {subprocess.py:93} INFO - 25/10/29 03:27:04 ERROR MicroBatchExecution: Query [id = 917ad425-03a7-43b0-aa2e-3888d4e5f813, runId = ea719716-7379-437c-a214-b8830be07c00] terminated with error
[2025-10-29T03:27:04.635+0700] {subprocess.py:93} INFO - py4j.Py4JException: An exception was raised by the Python Proxy. Return Message: Traceback (most recent call last):
[2025-10-29T03:27:04.635+0700] {subprocess.py:93} INFO -   File "/home/***/.local/lib/python3.12/site-packages/pyspark/python/lib/py4j-0.10.9.7-src.zip/py4j/clientserver.py", line 617, in _call_proxy
[2025-10-29T03:27:04.635+0700] {subprocess.py:93} INFO -     return_value = getattr(self.pool[obj_id], method)(*params)
[2025-10-29T03:27:04.635+0700] {subprocess.py:93} INFO -                    ^^^^^^^^^^^^^^^^^^^^^^^^^^^^^^^^^^^^^^^^^^^
[2025-10-29T03:27:04.635+0700] {subprocess.py:93} INFO -   File "/home/***/.local/lib/python3.12/site-packages/pyspark/python/lib/pyspark.zip/pyspark/sql/utils.py", line 120, in call
[2025-10-29T03:27:04.635+0700] {subprocess.py:93} INFO -     raise e
[2025-10-29T03:27:04.636+0700] {subprocess.py:93} INFO -   File "/home/***/.local/lib/python3.12/site-packages/pyspark/python/lib/pyspark.zip/pyspark/sql/utils.py", line 117, in call
[2025-10-29T03:27:04.636+0700] {subprocess.py:93} INFO -     self.func(DataFrame(jdf, wrapped_session_jdf), batch_id)
[2025-10-29T03:27:04.636+0700] {subprocess.py:93} INFO -   File "/opt/***/projects/absa_streaming/scripts/consumer_postgres_streaming.py", line 125, in write_to_postgres
[2025-10-29T03:27:04.636+0700] {subprocess.py:93} INFO -     total_rows = batch_df.count()
[2025-10-29T03:27:04.636+0700] {subprocess.py:93} INFO -                  ^^^^^^^^^^^^^^^^
[2025-10-29T03:27:04.636+0700] {subprocess.py:93} INFO -   File "/home/***/.local/lib/python3.12/site-packages/pyspark/python/lib/pyspark.zip/pyspark/sql/dataframe.py", line 1238, in count
[2025-10-29T03:27:04.636+0700] {subprocess.py:93} INFO -     return int(self._jdf.count())
[2025-10-29T03:27:04.636+0700] {subprocess.py:93} INFO -                ^^^^^^^^^^^^^^^^^
[2025-10-29T03:27:04.637+0700] {subprocess.py:93} INFO -   File "/home/***/.local/lib/python3.12/site-packages/pyspark/python/lib/py4j-0.10.9.7-src.zip/py4j/java_gateway.py", line 1322, in __call__
[2025-10-29T03:27:04.637+0700] {subprocess.py:93} INFO -     return_value = get_return_value(
[2025-10-29T03:27:04.637+0700] {subprocess.py:93} INFO -                    ^^^^^^^^^^^^^^^^^
[2025-10-29T03:27:04.637+0700] {subprocess.py:93} INFO -   File "/home/***/.local/lib/python3.12/site-packages/pyspark/python/lib/pyspark.zip/pyspark/errors/exceptions/captured.py", line 185, in deco
[2025-10-29T03:27:04.637+0700] {subprocess.py:93} INFO -     raise converted from None
[2025-10-29T03:27:04.637+0700] {subprocess.py:93} INFO - pyspark.errors.exceptions.captured.PythonException:
[2025-10-29T03:27:04.637+0700] {subprocess.py:93} INFO -   An exception was thrown from the Python worker. Please see the stack trace below.
[2025-10-29T03:27:04.637+0700] {subprocess.py:93} INFO - Traceback (most recent call last):
[2025-10-29T03:27:04.638+0700] {subprocess.py:93} INFO -   File "/opt/***/projects/absa_streaming/scripts/consumer_postgres_streaming.py", line 73, in absa_infer_udf
[2025-10-29T03:27:04.638+0700] {subprocess.py:93} INFO -     _tokenizer = AutoTokenizer.from_pretrained(MODEL_NAME, use_fast=True)
[2025-10-29T03:27:04.638+0700] {subprocess.py:93} INFO -                  ^^^^^^^^^^^^^^^^^^^^^^^^^^^^^^^^^^^^^^^^^^^^^^^^^^^^^^^^
[2025-10-29T03:27:04.638+0700] {subprocess.py:93} INFO -   File "/home/***/.local/lib/python3.12/site-packages/transformers/models/auto/tokenization_auto.py", line 817, in from_pretrained
[2025-10-29T03:27:04.638+0700] {subprocess.py:93} INFO -     tokenizer_config = get_tokenizer_config(pretrained_model_name_or_path, **kwargs)
[2025-10-29T03:27:04.638+0700] {subprocess.py:93} INFO -                        ^^^^^^^^^^^^^^^^^^^^^^^^^^^^^^^^^^^^^^^^^^^^^^^^^^^^^^^^^^^^^
[2025-10-29T03:27:04.638+0700] {subprocess.py:93} INFO -   File "/home/***/.local/lib/python3.12/site-packages/transformers/models/auto/tokenization_auto.py", line 649, in get_tokenizer_config
[2025-10-29T03:27:04.638+0700] {subprocess.py:93} INFO -     resolved_config_file = cached_file(
[2025-10-29T03:27:04.639+0700] {subprocess.py:93} INFO -                            ^^^^^^^^^^^^
[2025-10-29T03:27:04.639+0700] {subprocess.py:93} INFO -   File "/home/***/.local/lib/python3.12/site-packages/transformers/utils/hub.py", line 462, in cached_file
[2025-10-29T03:27:04.639+0700] {subprocess.py:93} INFO -     except HFValidationError as e:
[2025-10-29T03:27:04.639+0700] {subprocess.py:93} INFO -   File "/home/***/.local/lib/python3.12/site-packages/huggingface_hub/utils/_validators.py", line 114, in _inner_fn
[2025-10-29T03:27:04.639+0700] {subprocess.py:93} INFO -     return fn(*args, **kwargs)
[2025-10-29T03:27:04.639+0700] {subprocess.py:93} INFO -            ^^^^^^^^^^^^^^^^^^^
[2025-10-29T03:27:04.639+0700] {subprocess.py:93} INFO -   File "/home/***/.local/lib/python3.12/site-packages/huggingface_hub/file_download.py", line 1007, in hf_hub_download
[2025-10-29T03:27:04.640+0700] {subprocess.py:93} INFO -     return _hf_hub_download_to_cache_dir(
[2025-10-29T03:27:04.640+0700] {subprocess.py:93} INFO -            ^^^^^^^^^^^^^^^^^^^^^^^^^^^^^^
[2025-10-29T03:27:04.640+0700] {subprocess.py:93} INFO -   File "/home/***/.local/lib/python3.12/site-packages/huggingface_hub/file_download.py", line 1124, in _hf_hub_download_to_cache_dir
[2025-10-29T03:27:04.640+0700] {subprocess.py:93} INFO -     os.makedirs(os.path.dirname(blob_path), exist_ok=True)
[2025-10-29T03:27:04.640+0700] {subprocess.py:93} INFO -   File "<frozen os>", line 216, in makedirs
[2025-10-29T03:27:04.640+0700] {subprocess.py:93} INFO -   File "<frozen os>", line 216, in makedirs
[2025-10-29T03:27:04.640+0700] {subprocess.py:93} INFO -   File "<frozen os>", line 216, in makedirs
[2025-10-29T03:27:04.640+0700] {subprocess.py:93} INFO -   File "<frozen os>", line 230, in makedirs
[2025-10-29T03:27:04.640+0700] {subprocess.py:93} INFO - PermissionError: [Errno 13] Permission denied: '/home/***/.cache/huggingface'
[2025-10-29T03:27:04.641+0700] {subprocess.py:93} INFO - 
[2025-10-29T03:27:04.641+0700] {subprocess.py:93} INFO - 
[2025-10-29T03:27:04.641+0700] {subprocess.py:93} INFO - 	at py4j.Protocol.getReturnValue(Protocol.java:476)
[2025-10-29T03:27:04.641+0700] {subprocess.py:93} INFO - 	at py4j.reflection.PythonProxyHandler.invoke(PythonProxyHandler.java:108)
[2025-10-29T03:27:04.641+0700] {subprocess.py:93} INFO - 	at jdk.proxy3/jdk.proxy3.$Proxy32.call(Unknown Source)
[2025-10-29T03:27:04.641+0700] {subprocess.py:93} INFO - 	at org.apache.spark.sql.execution.streaming.sources.PythonForeachBatchHelper$.$anonfun$callForeachBatch$1(ForeachBatchSink.scala:53)
[2025-10-29T03:27:04.641+0700] {subprocess.py:93} INFO - 	at org.apache.spark.sql.execution.streaming.sources.PythonForeachBatchHelper$.$anonfun$callForeachBatch$1$adapted(ForeachBatchSink.scala:53)
[2025-10-29T03:27:04.641+0700] {subprocess.py:93} INFO - 	at org.apache.spark.sql.execution.streaming.sources.ForeachBatchSink.addBatch(ForeachBatchSink.scala:34)
[2025-10-29T03:27:04.641+0700] {subprocess.py:93} INFO - 	at org.apache.spark.sql.execution.streaming.MicroBatchExecution.$anonfun$runBatch$17(MicroBatchExecution.scala:732)
[2025-10-29T03:27:04.642+0700] {subprocess.py:93} INFO - 	at org.apache.spark.sql.execution.SQLExecution$.$anonfun$withNewExecutionId$6(SQLExecution.scala:125)
[2025-10-29T03:27:04.642+0700] {subprocess.py:93} INFO - 	at org.apache.spark.sql.execution.SQLExecution$.withSQLConfPropagated(SQLExecution.scala:201)
[2025-10-29T03:27:04.642+0700] {subprocess.py:93} INFO - 	at org.apache.spark.sql.execution.SQLExecution$.$anonfun$withNewExecutionId$1(SQLExecution.scala:108)
[2025-10-29T03:27:04.642+0700] {subprocess.py:93} INFO - 	at org.apache.spark.sql.SparkSession.withActive(SparkSession.scala:900)
[2025-10-29T03:27:04.642+0700] {subprocess.py:93} INFO - 	at org.apache.spark.sql.execution.SQLExecution$.withNewExecutionId(SQLExecution.scala:66)
[2025-10-29T03:27:04.642+0700] {subprocess.py:93} INFO - 	at org.apache.spark.sql.execution.streaming.MicroBatchExecution.$anonfun$runBatch$16(MicroBatchExecution.scala:729)
[2025-10-29T03:27:04.642+0700] {subprocess.py:93} INFO - 	at org.apache.spark.sql.execution.streaming.ProgressReporter.reportTimeTaken(ProgressReporter.scala:427)
[2025-10-29T03:27:04.642+0700] {subprocess.py:93} INFO - 	at org.apache.spark.sql.execution.streaming.ProgressReporter.reportTimeTaken$(ProgressReporter.scala:425)
[2025-10-29T03:27:04.642+0700] {subprocess.py:93} INFO - 	at org.apache.spark.sql.execution.streaming.StreamExecution.reportTimeTaken(StreamExecution.scala:67)
[2025-10-29T03:27:04.643+0700] {subprocess.py:93} INFO - 	at org.apache.spark.sql.execution.streaming.MicroBatchExecution.runBatch(MicroBatchExecution.scala:729)
[2025-10-29T03:27:04.643+0700] {subprocess.py:93} INFO - 	at org.apache.spark.sql.execution.streaming.MicroBatchExecution.$anonfun$runActivatedStream$2(MicroBatchExecution.scala:286)
[2025-10-29T03:27:04.643+0700] {subprocess.py:93} INFO - 	at scala.runtime.java8.JFunction0$mcV$sp.apply(JFunction0$mcV$sp.java:23)
[2025-10-29T03:27:04.643+0700] {subprocess.py:93} INFO - 	at org.apache.spark.sql.execution.streaming.ProgressReporter.reportTimeTaken(ProgressReporter.scala:427)
[2025-10-29T03:27:04.643+0700] {subprocess.py:93} INFO - 	at org.apache.spark.sql.execution.streaming.ProgressReporter.reportTimeTaken$(ProgressReporter.scala:425)
[2025-10-29T03:27:04.643+0700] {subprocess.py:93} INFO - 	at org.apache.spark.sql.execution.streaming.StreamExecution.reportTimeTaken(StreamExecution.scala:67)
[2025-10-29T03:27:04.643+0700] {subprocess.py:93} INFO - 	at org.apache.spark.sql.execution.streaming.MicroBatchExecution.$anonfun$runActivatedStream$1(MicroBatchExecution.scala:249)
[2025-10-29T03:27:04.643+0700] {subprocess.py:93} INFO - 	at org.apache.spark.sql.execution.streaming.ProcessingTimeExecutor.execute(TriggerExecutor.scala:67)
[2025-10-29T03:27:04.643+0700] {subprocess.py:93} INFO - 	at org.apache.spark.sql.execution.streaming.MicroBatchExecution.runActivatedStream(MicroBatchExecution.scala:239)
[2025-10-29T03:27:04.644+0700] {subprocess.py:93} INFO - 	at org.apache.spark.sql.execution.streaming.StreamExecution.$anonfun$runStream$1(StreamExecution.scala:311)
[2025-10-29T03:27:04.644+0700] {subprocess.py:93} INFO - 	at scala.runtime.java8.JFunction0$mcV$sp.apply(JFunction0$mcV$sp.java:23)
[2025-10-29T03:27:04.644+0700] {subprocess.py:93} INFO - 	at org.apache.spark.sql.SparkSession.withActive(SparkSession.scala:900)
[2025-10-29T03:27:04.644+0700] {subprocess.py:93} INFO - 	at org.apache.spark.sql.execution.streaming.StreamExecution.org$apache$spark$sql$execution$streaming$StreamExecution$$runStream(StreamExecution.scala:289)
[2025-10-29T03:27:04.644+0700] {subprocess.py:93} INFO - 	at org.apache.spark.sql.execution.streaming.StreamExecution$$anon$1.$anonfun$run$1(StreamExecution.scala:211)
[2025-10-29T03:27:04.644+0700] {subprocess.py:93} INFO - 	at scala.runtime.java8.JFunction0$mcV$sp.apply(JFunction0$mcV$sp.java:23)
[2025-10-29T03:27:04.644+0700] {subprocess.py:93} INFO - 	at org.apache.spark.JobArtifactSet$.withActiveJobArtifactState(JobArtifactSet.scala:94)
[2025-10-29T03:27:04.644+0700] {subprocess.py:93} INFO - 	at org.apache.spark.sql.execution.streaming.StreamExecution$$anon$1.run(StreamExecution.scala:211)
[2025-10-29T03:27:04.696+0700] {subprocess.py:93} INFO - Traceback (most recent call last):
[2025-10-29T03:27:04.697+0700] {subprocess.py:93} INFO -   File "/opt/***/projects/absa_streaming/scripts/consumer_postgres_streaming.py", line 175, in <module>
[2025-10-29T03:27:04.697+0700] {subprocess.py:93} INFO -     query.awaitTermination()
[2025-10-29T03:27:04.697+0700] {subprocess.py:93} INFO -   File "/home/***/.local/lib/python3.12/site-packages/pyspark/python/lib/pyspark.zip/pyspark/sql/streaming/query.py", line 221, in awaitTermination
[2025-10-29T03:27:04.697+0700] {subprocess.py:93} INFO -   File "/home/***/.local/lib/python3.12/site-packages/pyspark/python/lib/py4j-0.10.9.7-src.zip/py4j/java_gateway.py", line 1322, in __call__
[2025-10-29T03:27:04.697+0700] {subprocess.py:93} INFO -   File "/home/***/.local/lib/python3.12/site-packages/pyspark/python/lib/pyspark.zip/pyspark/errors/exceptions/captured.py", line 185, in deco
[2025-10-29T03:27:04.698+0700] {subprocess.py:93} INFO - pyspark.errors.exceptions.captured.StreamingQueryException: [STREAM_FAILED] Query [id = 917ad425-03a7-43b0-aa2e-3888d4e5f813, runId = ea719716-7379-437c-a214-b8830be07c00] terminated with exception: An exception was raised by the Python Proxy. Return Message: Traceback (most recent call last):
[2025-10-29T03:27:04.698+0700] {subprocess.py:93} INFO -   File "/home/***/.local/lib/python3.12/site-packages/pyspark/python/lib/py4j-0.10.9.7-src.zip/py4j/clientserver.py", line 617, in _call_proxy
[2025-10-29T03:27:04.698+0700] {subprocess.py:93} INFO -     return_value = getattr(self.pool[obj_id], method)(*params)
[2025-10-29T03:27:04.698+0700] {subprocess.py:93} INFO -                    ^^^^^^^^^^^^^^^^^^^^^^^^^^^^^^^^^^^^^^^^^^^
[2025-10-29T03:27:04.699+0700] {subprocess.py:93} INFO -   File "/home/***/.local/lib/python3.12/site-packages/pyspark/python/lib/pyspark.zip/pyspark/sql/utils.py", line 120, in call
[2025-10-29T03:27:04.699+0700] {subprocess.py:93} INFO -     raise e
[2025-10-29T03:27:04.699+0700] {subprocess.py:93} INFO -   File "/home/***/.local/lib/python3.12/site-packages/pyspark/python/lib/pyspark.zip/pyspark/sql/utils.py", line 117, in call
[2025-10-29T03:27:04.699+0700] {subprocess.py:93} INFO -     self.func(DataFrame(jdf, wrapped_session_jdf), batch_id)
[2025-10-29T03:27:04.699+0700] {subprocess.py:93} INFO -   File "/opt/***/projects/absa_streaming/scripts/consumer_postgres_streaming.py", line 125, in write_to_postgres
[2025-10-29T03:27:04.699+0700] {subprocess.py:93} INFO -     total_rows = batch_df.count()
[2025-10-29T03:27:04.699+0700] {subprocess.py:93} INFO -                  ^^^^^^^^^^^^^^^^
[2025-10-29T03:27:04.699+0700] {subprocess.py:93} INFO -   File "/home/***/.local/lib/python3.12/site-packages/pyspark/python/lib/pyspark.zip/pyspark/sql/dataframe.py", line 1238, in count
[2025-10-29T03:27:04.699+0700] {subprocess.py:93} INFO -     return int(self._jdf.count())
[2025-10-29T03:27:04.699+0700] {subprocess.py:93} INFO -                ^^^^^^^^^^^^^^^^^
[2025-10-29T03:27:04.700+0700] {subprocess.py:93} INFO -   File "/home/***/.local/lib/python3.12/site-packages/pyspark/python/lib/py4j-0.10.9.7-src.zip/py4j/java_gateway.py", line 1322, in __call__
[2025-10-29T03:27:04.700+0700] {subprocess.py:93} INFO -     return_value = get_return_value(
[2025-10-29T03:27:04.700+0700] {subprocess.py:93} INFO -                    ^^^^^^^^^^^^^^^^^
[2025-10-29T03:27:04.700+0700] {subprocess.py:93} INFO -   File "/home/***/.local/lib/python3.12/site-packages/pyspark/python/lib/pyspark.zip/pyspark/errors/exceptions/captured.py", line 185, in deco
[2025-10-29T03:27:04.700+0700] {subprocess.py:93} INFO -     raise converted from None
[2025-10-29T03:27:04.700+0700] {subprocess.py:93} INFO - pyspark.errors.exceptions.captured.PythonException:
[2025-10-29T03:27:04.700+0700] {subprocess.py:93} INFO -   An exception was thrown from the Python worker. Please see the stack trace below.
[2025-10-29T03:27:04.700+0700] {subprocess.py:93} INFO - Traceback (most recent call last):
[2025-10-29T03:27:04.700+0700] {subprocess.py:93} INFO -   File "/opt/***/projects/absa_streaming/scripts/consumer_postgres_streaming.py", line 73, in absa_infer_udf
[2025-10-29T03:27:04.700+0700] {subprocess.py:93} INFO -     _tokenizer = AutoTokenizer.from_pretrained(MODEL_NAME, use_fast=True)
[2025-10-29T03:27:04.701+0700] {subprocess.py:93} INFO -                  ^^^^^^^^^^^^^^^^^^^^^^^^^^^^^^^^^^^^^^^^^^^^^^^^^^^^^^^^
[2025-10-29T03:27:04.701+0700] {subprocess.py:93} INFO -   File "/home/***/.local/lib/python3.12/site-packages/transformers/models/auto/tokenization_auto.py", line 817, in from_pretrained
[2025-10-29T03:27:04.701+0700] {subprocess.py:93} INFO -     tokenizer_config = get_tokenizer_config(pretrained_model_name_or_path, **kwargs)
[2025-10-29T03:27:04.701+0700] {subprocess.py:93} INFO -                        ^^^^^^^^^^^^^^^^^^^^^^^^^^^^^^^^^^^^^^^^^^^^^^^^^^^^^^^^^^^^^
[2025-10-29T03:27:04.701+0700] {subprocess.py:93} INFO -   File "/home/***/.local/lib/python3.12/site-packages/transformers/models/auto/tokenization_auto.py", line 649, in get_tokenizer_config
[2025-10-29T03:27:04.701+0700] {subprocess.py:93} INFO -     resolved_config_file = cached_file(
[2025-10-29T03:27:04.701+0700] {subprocess.py:93} INFO -                            ^^^^^^^^^^^^
[2025-10-29T03:27:04.701+0700] {subprocess.py:93} INFO -   File "/home/***/.local/lib/python3.12/site-packages/transformers/utils/hub.py", line 462, in cached_file
[2025-10-29T03:27:04.701+0700] {subprocess.py:93} INFO -     except HFValidationError as e:
[2025-10-29T03:27:04.701+0700] {subprocess.py:93} INFO -   File "/home/***/.local/lib/python3.12/site-packages/huggingface_hub/utils/_validators.py", line 114, in _inner_fn
[2025-10-29T03:27:04.701+0700] {subprocess.py:93} INFO -     return fn(*args, **kwargs)
[2025-10-29T03:27:04.702+0700] {subprocess.py:93} INFO -            ^^^^^^^^^^^^^^^^^^^
[2025-10-29T03:27:04.702+0700] {subprocess.py:93} INFO -   File "/home/***/.local/lib/python3.12/site-packages/huggingface_hub/file_download.py", line 1007, in hf_hub_download
[2025-10-29T03:27:04.702+0700] {subprocess.py:93} INFO -     return _hf_hub_download_to_cache_dir(
[2025-10-29T03:27:04.702+0700] {subprocess.py:93} INFO -            ^^^^^^^^^^^^^^^^^^^^^^^^^^^^^^
[2025-10-29T03:27:04.702+0700] {subprocess.py:93} INFO -   File "/home/***/.local/lib/python3.12/site-packages/huggingface_hub/file_download.py", line 1124, in _hf_hub_download_to_cache_dir
[2025-10-29T03:27:04.702+0700] {subprocess.py:93} INFO -     os.makedirs(os.path.dirname(blob_path), exist_ok=True)
[2025-10-29T03:27:04.702+0700] {subprocess.py:93} INFO -   File "<frozen os>", line 216, in makedirs
[2025-10-29T03:27:04.702+0700] {subprocess.py:93} INFO -   File "<frozen os>", line 216, in makedirs
[2025-10-29T03:27:04.702+0700] {subprocess.py:93} INFO -   File "<frozen os>", line 216, in makedirs
[2025-10-29T03:27:04.702+0700] {subprocess.py:93} INFO -   File "<frozen os>", line 230, in makedirs
[2025-10-29T03:27:04.702+0700] {subprocess.py:93} INFO - PermissionError: [Errno 13] Permission denied: '/home/***/.cache/huggingface'
[2025-10-29T03:27:04.703+0700] {subprocess.py:93} INFO - 
[2025-10-29T03:27:04.703+0700] {subprocess.py:93} INFO - 
[2025-10-29T03:27:05.171+0700] {subprocess.py:97} INFO - Command exited with return code 1
[2025-10-29T03:27:05.172+0700] {taskinstance.py:441} INFO - ::group::Post task execution logs
[2025-10-29T03:27:05.178+0700] {taskinstance.py:2890} ERROR - Task failed with exception
Traceback (most recent call last):
  File "/home/airflow/.local/lib/python3.12/site-packages/airflow/models/taskinstance.py", line 460, in _execute_task
    result = _execute_callable(context=context, **execute_callable_kwargs)
             ^^^^^^^^^^^^^^^^^^^^^^^^^^^^^^^^^^^^^^^^^^^^^^^^^^^^^^^^^^^^^
  File "/home/airflow/.local/lib/python3.12/site-packages/airflow/models/taskinstance.py", line 432, in _execute_callable
    return execute_callable(context=context, **execute_callable_kwargs)
           ^^^^^^^^^^^^^^^^^^^^^^^^^^^^^^^^^^^^^^^^^^^^^^^^^^^^^^^^^^^^
  File "/home/airflow/.local/lib/python3.12/site-packages/airflow/models/baseoperator.py", line 400, in wrapper
    return func(self, *args, **kwargs)
           ^^^^^^^^^^^^^^^^^^^^^^^^^^^
  File "/home/airflow/.local/lib/python3.12/site-packages/airflow/operators/bash.py", line 243, in execute
    raise AirflowException(
airflow.exceptions.AirflowException: Bash command failed. The command returned a non-zero exit code 1.
[2025-10-29T03:27:05.181+0700] {taskinstance.py:1205} INFO - Marking task as UP_FOR_RETRY. dag_id=absa_streaming_lifecycle_demo1, task_id=deploy_consumer, execution_date=20251028T190000, start_date=20251028T202647, end_date=20251028T202705
[2025-10-29T03:27:05.204+0700] {standard_task_runner.py:110} ERROR - Failed to execute job 26 for task deploy_consumer (Bash command failed. The command returned a non-zero exit code 1.; 8516)
[2025-10-29T03:27:05.224+0700] {local_task_job_runner.py:240} INFO - Task exited with return code 1
[2025-10-29T03:27:05.236+0700] {taskinstance.py:3482} INFO - 0 downstream tasks scheduled from follow-on schedule check
[2025-10-29T03:27:05.253+0700] {local_task_job_runner.py:222} INFO - ::endgroup::
