[2025-10-29T03:43:46.137+0700] {local_task_job_runner.py:120} INFO - ::group::Pre task execution logs
[2025-10-29T03:43:46.154+0700] {taskinstance.py:2073} INFO - Dependencies all met for dep_context=non-requeueable deps ti=<TaskInstance: absa_streaming_lifecycle_demo1.deploy_consumer scheduled__2025-10-28T19:00:00+00:00 [queued]>
[2025-10-29T03:43:46.161+0700] {taskinstance.py:2073} INFO - Dependencies all met for dep_context=requeueable deps ti=<TaskInstance: absa_streaming_lifecycle_demo1.deploy_consumer scheduled__2025-10-28T19:00:00+00:00 [queued]>
[2025-10-29T03:43:46.161+0700] {taskinstance.py:2303} INFO - Starting attempt 18 of 23
[2025-10-29T03:43:46.172+0700] {taskinstance.py:2327} INFO - Executing <Task(BashOperator): deploy_consumer> on 2025-10-28 19:00:00+00:00
[2025-10-29T03:43:46.180+0700] {warnings.py:110} WARNING - /home/***/.local/lib/python3.12/site-packages/***/task/task_runner/standard_task_runner.py:61: DeprecationWarning: This process (pid=161) is multi-threaded, use of fork() may lead to deadlocks in the child.
  pid = os.fork()

[2025-10-29T03:43:46.182+0700] {standard_task_runner.py:63} INFO - Started process 163 to run task
[2025-10-29T03:43:46.182+0700] {standard_task_runner.py:90} INFO - Running: ['***', 'tasks', 'run', 'absa_streaming_lifecycle_demo1', 'deploy_consumer', 'scheduled__2025-10-28T19:00:00+00:00', '--job-id', '37', '--raw', '--subdir', 'DAGS_FOLDER/absa_streaming_lifecycle_dag1.py', '--cfg-path', '/tmp/tmpx_womyl2']
[2025-10-29T03:43:46.184+0700] {standard_task_runner.py:91} INFO - Job 37: Subtask deploy_consumer
[2025-10-29T03:43:46.220+0700] {task_command.py:426} INFO - Running <TaskInstance: absa_streaming_lifecycle_demo1.deploy_consumer scheduled__2025-10-28T19:00:00+00:00 [running]> on host dfeadd712fc3
[2025-10-29T03:43:46.278+0700] {taskinstance.py:2644} INFO - Exporting env vars: AIRFLOW_CTX_DAG_OWNER='***' AIRFLOW_CTX_DAG_ID='absa_streaming_lifecycle_demo1' AIRFLOW_CTX_TASK_ID='deploy_consumer' AIRFLOW_CTX_EXECUTION_DATE='2025-10-28T19:00:00+00:00' AIRFLOW_CTX_TRY_NUMBER='18' AIRFLOW_CTX_DAG_RUN_ID='scheduled__2025-10-28T19:00:00+00:00'
[2025-10-29T03:43:46.280+0700] {taskinstance.py:430} INFO - ::endgroup::
[2025-10-29T03:43:46.280+0700] {subprocess.py:63} INFO - Tmp dir root location: /tmp
[2025-10-29T03:43:46.281+0700] {subprocess.py:75} INFO - Running command: ['/usr/bin/bash', '-c', 'bash -c "timeout 45m /opt/***/projects/absa_streaming/scripts/run_consumer.sh"']
[2025-10-29T03:43:46.295+0700] {subprocess.py:86} INFO - Output:
[2025-10-29T03:43:46.301+0700] {subprocess.py:93} INFO - [Consumer] Starting Spark Structured Streaming job...
[2025-10-29T03:43:46.343+0700] {subprocess.py:93} INFO - /home/***/.local/lib/python3.12/site-packages/pyspark/bin/load-spark-env.sh: line 68: ps: command not found
[2025-10-29T03:43:47.332+0700] {subprocess.py:93} INFO - :: loading settings :: url = jar:file:/home/***/.local/lib/python3.12/site-packages/pyspark/jars/ivy-2.5.1.jar!/org/apache/ivy/core/settings/ivysettings.xml
[2025-10-29T03:43:47.384+0700] {subprocess.py:93} INFO - Ivy Default Cache set to: /home/***/.ivy2/cache
[2025-10-29T03:43:47.385+0700] {subprocess.py:93} INFO - The jars for the packages stored in: /home/***/.ivy2/jars
[2025-10-29T03:43:47.388+0700] {subprocess.py:93} INFO - org.apache.spark#spark-sql-kafka-0-10_2.12 added as a dependency
[2025-10-29T03:43:47.388+0700] {subprocess.py:93} INFO - org.postgresql#postgresql added as a dependency
[2025-10-29T03:43:47.389+0700] {subprocess.py:93} INFO - :: resolving dependencies :: org.apache.spark#spark-submit-parent-f1c83b2a-9836-44cf-9f6b-f64f526b0cf4;1.0
[2025-10-29T03:43:47.389+0700] {subprocess.py:93} INFO - 	confs: [default]
[2025-10-29T03:43:47.513+0700] {subprocess.py:93} INFO - 	found org.apache.spark#spark-sql-kafka-0-10_2.12;3.5.1 in central
[2025-10-29T03:43:47.552+0700] {subprocess.py:93} INFO - 	found org.apache.spark#spark-token-provider-kafka-0-10_2.12;3.5.1 in central
[2025-10-29T03:43:47.572+0700] {subprocess.py:93} INFO - 	found org.apache.kafka#kafka-clients;3.4.1 in central
[2025-10-29T03:43:47.592+0700] {subprocess.py:93} INFO - 	found org.lz4#lz4-java;1.8.0 in central
[2025-10-29T03:43:47.609+0700] {subprocess.py:93} INFO - 	found org.xerial.snappy#snappy-java;1.1.10.3 in central
[2025-10-29T03:43:47.624+0700] {subprocess.py:93} INFO - 	found org.slf4j#slf4j-api;2.0.7 in central
[2025-10-29T03:43:47.643+0700] {subprocess.py:93} INFO - 	found org.apache.hadoop#hadoop-client-runtime;3.3.4 in central
[2025-10-29T03:43:47.663+0700] {subprocess.py:93} INFO - 	found org.apache.hadoop#hadoop-client-api;3.3.4 in central
[2025-10-29T03:43:47.684+0700] {subprocess.py:93} INFO - 	found commons-logging#commons-logging;1.1.3 in central
[2025-10-29T03:43:47.698+0700] {subprocess.py:93} INFO - 	found com.google.code.findbugs#jsr305;3.0.0 in central
[2025-10-29T03:43:47.712+0700] {subprocess.py:93} INFO - 	found org.apache.commons#commons-pool2;2.11.1 in central
[2025-10-29T03:43:47.723+0700] {subprocess.py:93} INFO - 	found org.postgresql#postgresql;42.6.0 in central
[2025-10-29T03:43:47.732+0700] {subprocess.py:93} INFO - 	found org.checkerframework#checker-qual;3.31.0 in central
[2025-10-29T03:43:47.752+0700] {subprocess.py:93} INFO - :: resolution report :: resolve 352ms :: artifacts dl 12ms
[2025-10-29T03:43:47.753+0700] {subprocess.py:93} INFO - 	:: modules in use:
[2025-10-29T03:43:47.753+0700] {subprocess.py:93} INFO - 	com.google.code.findbugs#jsr305;3.0.0 from central in [default]
[2025-10-29T03:43:47.753+0700] {subprocess.py:93} INFO - 	commons-logging#commons-logging;1.1.3 from central in [default]
[2025-10-29T03:43:47.754+0700] {subprocess.py:93} INFO - 	org.apache.commons#commons-pool2;2.11.1 from central in [default]
[2025-10-29T03:43:47.754+0700] {subprocess.py:93} INFO - 	org.apache.hadoop#hadoop-client-api;3.3.4 from central in [default]
[2025-10-29T03:43:47.754+0700] {subprocess.py:93} INFO - 	org.apache.hadoop#hadoop-client-runtime;3.3.4 from central in [default]
[2025-10-29T03:43:47.754+0700] {subprocess.py:93} INFO - 	org.apache.kafka#kafka-clients;3.4.1 from central in [default]
[2025-10-29T03:43:47.755+0700] {subprocess.py:93} INFO - 	org.apache.spark#spark-sql-kafka-0-10_2.12;3.5.1 from central in [default]
[2025-10-29T03:43:47.755+0700] {subprocess.py:93} INFO - 	org.apache.spark#spark-token-provider-kafka-0-10_2.12;3.5.1 from central in [default]
[2025-10-29T03:43:47.755+0700] {subprocess.py:93} INFO - 	org.checkerframework#checker-qual;3.31.0 from central in [default]
[2025-10-29T03:43:47.755+0700] {subprocess.py:93} INFO - 	org.lz4#lz4-java;1.8.0 from central in [default]
[2025-10-29T03:43:47.756+0700] {subprocess.py:93} INFO - 	org.postgresql#postgresql;42.6.0 from central in [default]
[2025-10-29T03:43:47.756+0700] {subprocess.py:93} INFO - 	org.slf4j#slf4j-api;2.0.7 from central in [default]
[2025-10-29T03:43:47.756+0700] {subprocess.py:93} INFO - 	org.xerial.snappy#snappy-java;1.1.10.3 from central in [default]
[2025-10-29T03:43:47.756+0700] {subprocess.py:93} INFO - 	---------------------------------------------------------------------
[2025-10-29T03:43:47.757+0700] {subprocess.py:93} INFO - 	|                  |            modules            ||   artifacts   |
[2025-10-29T03:43:47.757+0700] {subprocess.py:93} INFO - 	|       conf       | number| search|dwnlded|evicted|| number|dwnlded|
[2025-10-29T03:43:47.757+0700] {subprocess.py:93} INFO - 	---------------------------------------------------------------------
[2025-10-29T03:43:47.757+0700] {subprocess.py:93} INFO - 	|      default     |   13  |   0   |   0   |   0   ||   13  |   0   |
[2025-10-29T03:43:47.758+0700] {subprocess.py:93} INFO - 	---------------------------------------------------------------------
[2025-10-29T03:43:47.760+0700] {subprocess.py:93} INFO - :: retrieving :: org.apache.spark#spark-submit-parent-f1c83b2a-9836-44cf-9f6b-f64f526b0cf4
[2025-10-29T03:43:47.760+0700] {subprocess.py:93} INFO - 	confs: [default]
[2025-10-29T03:43:47.767+0700] {subprocess.py:93} INFO - 	0 artifacts copied, 13 already retrieved (0kB/7ms)
[2025-10-29T03:43:47.902+0700] {subprocess.py:93} INFO - 25/10/29 03:43:47 WARN NativeCodeLoader: Unable to load native-hadoop library for your platform... using builtin-java classes where applicable
[2025-10-29T03:43:51.621+0700] {subprocess.py:93} INFO - There was a problem when trying to write in your cache folder (/home/***/.cache/huggingface/hub). You should set the environment variable TRANSFORMERS_CACHE to a writable directory.
[2025-10-29T03:43:51.744+0700] {subprocess.py:93} INFO - 25/10/29 03:43:51 INFO SparkContext: Running Spark version 3.5.1
[2025-10-29T03:43:51.744+0700] {subprocess.py:93} INFO - 25/10/29 03:43:51 INFO SparkContext: OS info Linux, 6.14.0-33-generic, amd64
[2025-10-29T03:43:51.745+0700] {subprocess.py:93} INFO - 25/10/29 03:43:51 INFO SparkContext: Java version 17.0.17
[2025-10-29T03:43:51.762+0700] {subprocess.py:93} INFO - 25/10/29 03:43:51 INFO ResourceUtils: ==============================================================
[2025-10-29T03:43:51.763+0700] {subprocess.py:93} INFO - 25/10/29 03:43:51 INFO ResourceUtils: No custom resources configured for spark.driver.
[2025-10-29T03:43:51.763+0700] {subprocess.py:93} INFO - 25/10/29 03:43:51 INFO ResourceUtils: ==============================================================
[2025-10-29T03:43:51.763+0700] {subprocess.py:93} INFO - 25/10/29 03:43:51 INFO SparkContext: Submitted application: Kafka_ABSA_Postgres
[2025-10-29T03:43:51.781+0700] {subprocess.py:93} INFO - 25/10/29 03:43:51 INFO ResourceProfile: Default ResourceProfile created, executor resources: Map(cores -> name: cores, amount: 1, script: , vendor: , memory -> name: memory, amount: 1024, script: , vendor: , offHeap -> name: offHeap, amount: 0, script: , vendor: ), task resources: Map(cpus -> name: cpus, amount: 1.0)
[2025-10-29T03:43:51.789+0700] {subprocess.py:93} INFO - 25/10/29 03:43:51 INFO ResourceProfile: Limiting resource is cpu
[2025-10-29T03:43:51.789+0700] {subprocess.py:93} INFO - 25/10/29 03:43:51 INFO ResourceProfileManager: Added ResourceProfile id: 0
[2025-10-29T03:43:51.834+0700] {subprocess.py:93} INFO - 25/10/29 03:43:51 INFO SecurityManager: Changing view acls to: default
[2025-10-29T03:43:51.834+0700] {subprocess.py:93} INFO - 25/10/29 03:43:51 INFO SecurityManager: Changing modify acls to: default
[2025-10-29T03:43:51.834+0700] {subprocess.py:93} INFO - 25/10/29 03:43:51 INFO SecurityManager: Changing view acls groups to:
[2025-10-29T03:43:51.835+0700] {subprocess.py:93} INFO - 25/10/29 03:43:51 INFO SecurityManager: Changing modify acls groups to:
[2025-10-29T03:43:51.835+0700] {subprocess.py:93} INFO - 25/10/29 03:43:51 INFO SecurityManager: SecurityManager: authentication disabled; ui acls disabled; users with view permissions: default; groups with view permissions: EMPTY; users with modify permissions: default; groups with modify permissions: EMPTY
[2025-10-29T03:43:52.005+0700] {subprocess.py:93} INFO - 25/10/29 03:43:52 INFO Utils: Successfully started service 'sparkDriver' on port 37177.
[2025-10-29T03:43:52.032+0700] {subprocess.py:93} INFO - 25/10/29 03:43:52 INFO SparkEnv: Registering MapOutputTracker
[2025-10-29T03:43:52.057+0700] {subprocess.py:93} INFO - 25/10/29 03:43:52 INFO SparkEnv: Registering BlockManagerMaster
[2025-10-29T03:43:52.068+0700] {subprocess.py:93} INFO - 25/10/29 03:43:52 INFO BlockManagerMasterEndpoint: Using org.apache.spark.storage.DefaultTopologyMapper for getting topology information
[2025-10-29T03:43:52.068+0700] {subprocess.py:93} INFO - 25/10/29 03:43:52 INFO BlockManagerMasterEndpoint: BlockManagerMasterEndpoint up
[2025-10-29T03:43:52.071+0700] {subprocess.py:93} INFO - 25/10/29 03:43:52 INFO SparkEnv: Registering BlockManagerMasterHeartbeat
[2025-10-29T03:43:52.086+0700] {subprocess.py:93} INFO - 25/10/29 03:43:52 INFO DiskBlockManager: Created local directory at /tmp/blockmgr-50791762-3c91-4f8a-aba0-e35f5d888d50
[2025-10-29T03:43:52.096+0700] {subprocess.py:93} INFO - 25/10/29 03:43:52 INFO MemoryStore: MemoryStore started with capacity 434.4 MiB
[2025-10-29T03:43:52.108+0700] {subprocess.py:93} INFO - 25/10/29 03:43:52 INFO SparkEnv: Registering OutputCommitCoordinator
[2025-10-29T03:43:52.198+0700] {subprocess.py:93} INFO - 25/10/29 03:43:52 INFO JettyUtils: Start Jetty 0.0.0.0:4040 for SparkUI
[2025-10-29T03:43:52.249+0700] {subprocess.py:93} INFO - 25/10/29 03:43:52 INFO Utils: Successfully started service 'SparkUI' on port 4040.
[2025-10-29T03:43:52.282+0700] {subprocess.py:93} INFO - 25/10/29 03:43:52 INFO SparkContext: Added JAR file:///home/***/.ivy2/jars/org.apache.spark_spark-sql-kafka-0-10_2.12-3.5.1.jar at spark://dfeadd712fc3:37177/jars/org.apache.spark_spark-sql-kafka-0-10_2.12-3.5.1.jar with timestamp 1761684231738
[2025-10-29T03:43:52.282+0700] {subprocess.py:93} INFO - 25/10/29 03:43:52 INFO SparkContext: Added JAR file:///home/***/.ivy2/jars/org.postgresql_postgresql-42.6.0.jar at spark://dfeadd712fc3:37177/jars/org.postgresql_postgresql-42.6.0.jar with timestamp 1761684231738
[2025-10-29T03:43:52.282+0700] {subprocess.py:93} INFO - 25/10/29 03:43:52 INFO SparkContext: Added JAR file:///home/***/.ivy2/jars/org.apache.spark_spark-token-provider-kafka-0-10_2.12-3.5.1.jar at spark://dfeadd712fc3:37177/jars/org.apache.spark_spark-token-provider-kafka-0-10_2.12-3.5.1.jar with timestamp 1761684231738
[2025-10-29T03:43:52.283+0700] {subprocess.py:93} INFO - 25/10/29 03:43:52 INFO SparkContext: Added JAR file:///home/***/.ivy2/jars/org.apache.kafka_kafka-clients-3.4.1.jar at spark://dfeadd712fc3:37177/jars/org.apache.kafka_kafka-clients-3.4.1.jar with timestamp 1761684231738
[2025-10-29T03:43:52.283+0700] {subprocess.py:93} INFO - 25/10/29 03:43:52 INFO SparkContext: Added JAR file:///home/***/.ivy2/jars/com.google.code.findbugs_jsr305-3.0.0.jar at spark://dfeadd712fc3:37177/jars/com.google.code.findbugs_jsr305-3.0.0.jar with timestamp 1761684231738
[2025-10-29T03:43:52.283+0700] {subprocess.py:93} INFO - 25/10/29 03:43:52 INFO SparkContext: Added JAR file:///home/***/.ivy2/jars/org.apache.commons_commons-pool2-2.11.1.jar at spark://dfeadd712fc3:37177/jars/org.apache.commons_commons-pool2-2.11.1.jar with timestamp 1761684231738
[2025-10-29T03:43:52.283+0700] {subprocess.py:93} INFO - 25/10/29 03:43:52 INFO SparkContext: Added JAR file:///home/***/.ivy2/jars/org.apache.hadoop_hadoop-client-runtime-3.3.4.jar at spark://dfeadd712fc3:37177/jars/org.apache.hadoop_hadoop-client-runtime-3.3.4.jar with timestamp 1761684231738
[2025-10-29T03:43:52.283+0700] {subprocess.py:93} INFO - 25/10/29 03:43:52 INFO SparkContext: Added JAR file:///home/***/.ivy2/jars/org.lz4_lz4-java-1.8.0.jar at spark://dfeadd712fc3:37177/jars/org.lz4_lz4-java-1.8.0.jar with timestamp 1761684231738
[2025-10-29T03:43:52.283+0700] {subprocess.py:93} INFO - 25/10/29 03:43:52 INFO SparkContext: Added JAR file:///home/***/.ivy2/jars/org.xerial.snappy_snappy-java-1.1.10.3.jar at spark://dfeadd712fc3:37177/jars/org.xerial.snappy_snappy-java-1.1.10.3.jar with timestamp 1761684231738
[2025-10-29T03:43:52.284+0700] {subprocess.py:93} INFO - 25/10/29 03:43:52 INFO SparkContext: Added JAR file:///home/***/.ivy2/jars/org.slf4j_slf4j-api-2.0.7.jar at spark://dfeadd712fc3:37177/jars/org.slf4j_slf4j-api-2.0.7.jar with timestamp 1761684231738
[2025-10-29T03:43:52.284+0700] {subprocess.py:93} INFO - 25/10/29 03:43:52 INFO SparkContext: Added JAR file:///home/***/.ivy2/jars/org.apache.hadoop_hadoop-client-api-3.3.4.jar at spark://dfeadd712fc3:37177/jars/org.apache.hadoop_hadoop-client-api-3.3.4.jar with timestamp 1761684231738
[2025-10-29T03:43:52.284+0700] {subprocess.py:93} INFO - 25/10/29 03:43:52 INFO SparkContext: Added JAR file:///home/***/.ivy2/jars/commons-logging_commons-logging-1.1.3.jar at spark://dfeadd712fc3:37177/jars/commons-logging_commons-logging-1.1.3.jar with timestamp 1761684231738
[2025-10-29T03:43:52.284+0700] {subprocess.py:93} INFO - 25/10/29 03:43:52 INFO SparkContext: Added JAR file:///home/***/.ivy2/jars/org.checkerframework_checker-qual-3.31.0.jar at spark://dfeadd712fc3:37177/jars/org.checkerframework_checker-qual-3.31.0.jar with timestamp 1761684231738
[2025-10-29T03:43:52.286+0700] {subprocess.py:93} INFO - 25/10/29 03:43:52 INFO SparkContext: Added file file:///home/***/.ivy2/jars/org.apache.spark_spark-sql-kafka-0-10_2.12-3.5.1.jar at file:///home/***/.ivy2/jars/org.apache.spark_spark-sql-kafka-0-10_2.12-3.5.1.jar with timestamp 1761684231738
[2025-10-29T03:43:52.286+0700] {subprocess.py:93} INFO - 25/10/29 03:43:52 INFO Utils: Copying /home/***/.ivy2/jars/org.apache.spark_spark-sql-kafka-0-10_2.12-3.5.1.jar to /tmp/spark-bda7a1c9-8518-461b-b141-fcab8c942386/userFiles-62e05159-b028-4836-93a2-024623e94ed5/org.apache.spark_spark-sql-kafka-0-10_2.12-3.5.1.jar
[2025-10-29T03:43:52.294+0700] {subprocess.py:93} INFO - 25/10/29 03:43:52 INFO SparkContext: Added file file:///home/***/.ivy2/jars/org.postgresql_postgresql-42.6.0.jar at file:///home/***/.ivy2/jars/org.postgresql_postgresql-42.6.0.jar with timestamp 1761684231738
[2025-10-29T03:43:52.295+0700] {subprocess.py:93} INFO - 25/10/29 03:43:52 INFO Utils: Copying /home/***/.ivy2/jars/org.postgresql_postgresql-42.6.0.jar to /tmp/spark-bda7a1c9-8518-461b-b141-fcab8c942386/userFiles-62e05159-b028-4836-93a2-024623e94ed5/org.postgresql_postgresql-42.6.0.jar
[2025-10-29T03:43:52.297+0700] {subprocess.py:93} INFO - 25/10/29 03:43:52 INFO SparkContext: Added file file:///home/***/.ivy2/jars/org.apache.spark_spark-token-provider-kafka-0-10_2.12-3.5.1.jar at file:///home/***/.ivy2/jars/org.apache.spark_spark-token-provider-kafka-0-10_2.12-3.5.1.jar with timestamp 1761684231738
[2025-10-29T03:43:52.298+0700] {subprocess.py:93} INFO - 25/10/29 03:43:52 INFO Utils: Copying /home/***/.ivy2/jars/org.apache.spark_spark-token-provider-kafka-0-10_2.12-3.5.1.jar to /tmp/spark-bda7a1c9-8518-461b-b141-fcab8c942386/userFiles-62e05159-b028-4836-93a2-024623e94ed5/org.apache.spark_spark-token-provider-kafka-0-10_2.12-3.5.1.jar
[2025-10-29T03:43:52.300+0700] {subprocess.py:93} INFO - 25/10/29 03:43:52 INFO SparkContext: Added file file:///home/***/.ivy2/jars/org.apache.kafka_kafka-clients-3.4.1.jar at file:///home/***/.ivy2/jars/org.apache.kafka_kafka-clients-3.4.1.jar with timestamp 1761684231738
[2025-10-29T03:43:52.301+0700] {subprocess.py:93} INFO - 25/10/29 03:43:52 INFO Utils: Copying /home/***/.ivy2/jars/org.apache.kafka_kafka-clients-3.4.1.jar to /tmp/spark-bda7a1c9-8518-461b-b141-fcab8c942386/userFiles-62e05159-b028-4836-93a2-024623e94ed5/org.apache.kafka_kafka-clients-3.4.1.jar
[2025-10-29T03:43:52.306+0700] {subprocess.py:93} INFO - 25/10/29 03:43:52 INFO SparkContext: Added file file:///home/***/.ivy2/jars/com.google.code.findbugs_jsr305-3.0.0.jar at file:///home/***/.ivy2/jars/com.google.code.findbugs_jsr305-3.0.0.jar with timestamp 1761684231738
[2025-10-29T03:43:52.306+0700] {subprocess.py:93} INFO - 25/10/29 03:43:52 INFO Utils: Copying /home/***/.ivy2/jars/com.google.code.findbugs_jsr305-3.0.0.jar to /tmp/spark-bda7a1c9-8518-461b-b141-fcab8c942386/userFiles-62e05159-b028-4836-93a2-024623e94ed5/com.google.code.findbugs_jsr305-3.0.0.jar
[2025-10-29T03:43:52.309+0700] {subprocess.py:93} INFO - 25/10/29 03:43:52 INFO SparkContext: Added file file:///home/***/.ivy2/jars/org.apache.commons_commons-pool2-2.11.1.jar at file:///home/***/.ivy2/jars/org.apache.commons_commons-pool2-2.11.1.jar with timestamp 1761684231738
[2025-10-29T03:43:52.309+0700] {subprocess.py:93} INFO - 25/10/29 03:43:52 INFO Utils: Copying /home/***/.ivy2/jars/org.apache.commons_commons-pool2-2.11.1.jar to /tmp/spark-bda7a1c9-8518-461b-b141-fcab8c942386/userFiles-62e05159-b028-4836-93a2-024623e94ed5/org.apache.commons_commons-pool2-2.11.1.jar
[2025-10-29T03:43:52.313+0700] {subprocess.py:93} INFO - 25/10/29 03:43:52 INFO SparkContext: Added file file:///home/***/.ivy2/jars/org.apache.hadoop_hadoop-client-runtime-3.3.4.jar at file:///home/***/.ivy2/jars/org.apache.hadoop_hadoop-client-runtime-3.3.4.jar with timestamp 1761684231738
[2025-10-29T03:43:52.313+0700] {subprocess.py:93} INFO - 25/10/29 03:43:52 INFO Utils: Copying /home/***/.ivy2/jars/org.apache.hadoop_hadoop-client-runtime-3.3.4.jar to /tmp/spark-bda7a1c9-8518-461b-b141-fcab8c942386/userFiles-62e05159-b028-4836-93a2-024623e94ed5/org.apache.hadoop_hadoop-client-runtime-3.3.4.jar
[2025-10-29T03:43:52.329+0700] {subprocess.py:93} INFO - 25/10/29 03:43:52 INFO SparkContext: Added file file:///home/***/.ivy2/jars/org.lz4_lz4-java-1.8.0.jar at file:///home/***/.ivy2/jars/org.lz4_lz4-java-1.8.0.jar with timestamp 1761684231738
[2025-10-29T03:43:52.330+0700] {subprocess.py:93} INFO - 25/10/29 03:43:52 INFO Utils: Copying /home/***/.ivy2/jars/org.lz4_lz4-java-1.8.0.jar to /tmp/spark-bda7a1c9-8518-461b-b141-fcab8c942386/userFiles-62e05159-b028-4836-93a2-024623e94ed5/org.lz4_lz4-java-1.8.0.jar
[2025-10-29T03:43:52.333+0700] {subprocess.py:93} INFO - 25/10/29 03:43:52 INFO SparkContext: Added file file:///home/***/.ivy2/jars/org.xerial.snappy_snappy-java-1.1.10.3.jar at file:///home/***/.ivy2/jars/org.xerial.snappy_snappy-java-1.1.10.3.jar with timestamp 1761684231738
[2025-10-29T03:43:52.333+0700] {subprocess.py:93} INFO - 25/10/29 03:43:52 INFO Utils: Copying /home/***/.ivy2/jars/org.xerial.snappy_snappy-java-1.1.10.3.jar to /tmp/spark-bda7a1c9-8518-461b-b141-fcab8c942386/userFiles-62e05159-b028-4836-93a2-024623e94ed5/org.xerial.snappy_snappy-java-1.1.10.3.jar
[2025-10-29T03:43:52.336+0700] {subprocess.py:93} INFO - 25/10/29 03:43:52 INFO SparkContext: Added file file:///home/***/.ivy2/jars/org.slf4j_slf4j-api-2.0.7.jar at file:///home/***/.ivy2/jars/org.slf4j_slf4j-api-2.0.7.jar with timestamp 1761684231738
[2025-10-29T03:43:52.337+0700] {subprocess.py:93} INFO - 25/10/29 03:43:52 INFO Utils: Copying /home/***/.ivy2/jars/org.slf4j_slf4j-api-2.0.7.jar to /tmp/spark-bda7a1c9-8518-461b-b141-fcab8c942386/userFiles-62e05159-b028-4836-93a2-024623e94ed5/org.slf4j_slf4j-api-2.0.7.jar
[2025-10-29T03:43:52.340+0700] {subprocess.py:93} INFO - 25/10/29 03:43:52 INFO SparkContext: Added file file:///home/***/.ivy2/jars/org.apache.hadoop_hadoop-client-api-3.3.4.jar at file:///home/***/.ivy2/jars/org.apache.hadoop_hadoop-client-api-3.3.4.jar with timestamp 1761684231738
[2025-10-29T03:43:52.340+0700] {subprocess.py:93} INFO - 25/10/29 03:43:52 INFO Utils: Copying /home/***/.ivy2/jars/org.apache.hadoop_hadoop-client-api-3.3.4.jar to /tmp/spark-bda7a1c9-8518-461b-b141-fcab8c942386/userFiles-62e05159-b028-4836-93a2-024623e94ed5/org.apache.hadoop_hadoop-client-api-3.3.4.jar
[2025-10-29T03:43:52.357+0700] {subprocess.py:93} INFO - 25/10/29 03:43:52 INFO SparkContext: Added file file:///home/***/.ivy2/jars/commons-logging_commons-logging-1.1.3.jar at file:///home/***/.ivy2/jars/commons-logging_commons-logging-1.1.3.jar with timestamp 1761684231738
[2025-10-29T03:43:52.358+0700] {subprocess.py:93} INFO - 25/10/29 03:43:52 INFO Utils: Copying /home/***/.ivy2/jars/commons-logging_commons-logging-1.1.3.jar to /tmp/spark-bda7a1c9-8518-461b-b141-fcab8c942386/userFiles-62e05159-b028-4836-93a2-024623e94ed5/commons-logging_commons-logging-1.1.3.jar
[2025-10-29T03:43:52.361+0700] {subprocess.py:93} INFO - 25/10/29 03:43:52 INFO SparkContext: Added file file:///home/***/.ivy2/jars/org.checkerframework_checker-qual-3.31.0.jar at file:///home/***/.ivy2/jars/org.checkerframework_checker-qual-3.31.0.jar with timestamp 1761684231738
[2025-10-29T03:43:52.362+0700] {subprocess.py:93} INFO - 25/10/29 03:43:52 INFO Utils: Copying /home/***/.ivy2/jars/org.checkerframework_checker-qual-3.31.0.jar to /tmp/spark-bda7a1c9-8518-461b-b141-fcab8c942386/userFiles-62e05159-b028-4836-93a2-024623e94ed5/org.checkerframework_checker-qual-3.31.0.jar
[2025-10-29T03:43:52.411+0700] {subprocess.py:93} INFO - 25/10/29 03:43:52 INFO Executor: Starting executor ID driver on host dfeadd712fc3
[2025-10-29T03:43:52.412+0700] {subprocess.py:93} INFO - 25/10/29 03:43:52 INFO Executor: OS info Linux, 6.14.0-33-generic, amd64
[2025-10-29T03:43:52.412+0700] {subprocess.py:93} INFO - 25/10/29 03:43:52 INFO Executor: Java version 17.0.17
[2025-10-29T03:43:52.416+0700] {subprocess.py:93} INFO - 25/10/29 03:43:52 INFO Executor: Starting executor with user classpath (userClassPathFirst = false): ''
[2025-10-29T03:43:52.417+0700] {subprocess.py:93} INFO - 25/10/29 03:43:52 INFO Executor: Created or updated repl class loader org.apache.spark.util.MutableURLClassLoader@1742ffe5 for default.
[2025-10-29T03:43:52.424+0700] {subprocess.py:93} INFO - 25/10/29 03:43:52 INFO Executor: Fetching file:///home/***/.ivy2/jars/org.apache.spark_spark-sql-kafka-0-10_2.12-3.5.1.jar with timestamp 1761684231738
[2025-10-29T03:43:52.443+0700] {subprocess.py:93} INFO - 25/10/29 03:43:52 INFO Utils: /home/***/.ivy2/jars/org.apache.spark_spark-sql-kafka-0-10_2.12-3.5.1.jar has been previously copied to /tmp/spark-bda7a1c9-8518-461b-b141-fcab8c942386/userFiles-62e05159-b028-4836-93a2-024623e94ed5/org.apache.spark_spark-sql-kafka-0-10_2.12-3.5.1.jar
[2025-10-29T03:43:52.447+0700] {subprocess.py:93} INFO - 25/10/29 03:43:52 INFO Executor: Fetching file:///home/***/.ivy2/jars/org.apache.hadoop_hadoop-client-runtime-3.3.4.jar with timestamp 1761684231738
[2025-10-29T03:43:52.466+0700] {subprocess.py:93} INFO - 25/10/29 03:43:52 INFO Utils: /home/***/.ivy2/jars/org.apache.hadoop_hadoop-client-runtime-3.3.4.jar has been previously copied to /tmp/spark-bda7a1c9-8518-461b-b141-fcab8c942386/userFiles-62e05159-b028-4836-93a2-024623e94ed5/org.apache.hadoop_hadoop-client-runtime-3.3.4.jar
[2025-10-29T03:43:52.469+0700] {subprocess.py:93} INFO - 25/10/29 03:43:52 INFO Executor: Fetching file:///home/***/.ivy2/jars/org.apache.hadoop_hadoop-client-api-3.3.4.jar with timestamp 1761684231738
[2025-10-29T03:43:52.481+0700] {subprocess.py:93} INFO - 25/10/29 03:43:52 INFO Utils: /home/***/.ivy2/jars/org.apache.hadoop_hadoop-client-api-3.3.4.jar has been previously copied to /tmp/spark-bda7a1c9-8518-461b-b141-fcab8c942386/userFiles-62e05159-b028-4836-93a2-024623e94ed5/org.apache.hadoop_hadoop-client-api-3.3.4.jar
[2025-10-29T03:43:52.484+0700] {subprocess.py:93} INFO - 25/10/29 03:43:52 INFO Executor: Fetching file:///home/***/.ivy2/jars/org.apache.spark_spark-token-provider-kafka-0-10_2.12-3.5.1.jar with timestamp 1761684231738
[2025-10-29T03:43:52.484+0700] {subprocess.py:93} INFO - 25/10/29 03:43:52 INFO Utils: /home/***/.ivy2/jars/org.apache.spark_spark-token-provider-kafka-0-10_2.12-3.5.1.jar has been previously copied to /tmp/spark-bda7a1c9-8518-461b-b141-fcab8c942386/userFiles-62e05159-b028-4836-93a2-024623e94ed5/org.apache.spark_spark-token-provider-kafka-0-10_2.12-3.5.1.jar
[2025-10-29T03:43:52.487+0700] {subprocess.py:93} INFO - 25/10/29 03:43:52 INFO Executor: Fetching file:///home/***/.ivy2/jars/com.google.code.findbugs_jsr305-3.0.0.jar with timestamp 1761684231738
[2025-10-29T03:43:52.487+0700] {subprocess.py:93} INFO - 25/10/29 03:43:52 INFO Utils: /home/***/.ivy2/jars/com.google.code.findbugs_jsr305-3.0.0.jar has been previously copied to /tmp/spark-bda7a1c9-8518-461b-b141-fcab8c942386/userFiles-62e05159-b028-4836-93a2-024623e94ed5/com.google.code.findbugs_jsr305-3.0.0.jar
[2025-10-29T03:43:52.489+0700] {subprocess.py:93} INFO - 25/10/29 03:43:52 INFO Executor: Fetching file:///home/***/.ivy2/jars/org.lz4_lz4-java-1.8.0.jar with timestamp 1761684231738
[2025-10-29T03:43:52.490+0700] {subprocess.py:93} INFO - 25/10/29 03:43:52 INFO Utils: /home/***/.ivy2/jars/org.lz4_lz4-java-1.8.0.jar has been previously copied to /tmp/spark-bda7a1c9-8518-461b-b141-fcab8c942386/userFiles-62e05159-b028-4836-93a2-024623e94ed5/org.lz4_lz4-java-1.8.0.jar
[2025-10-29T03:43:52.492+0700] {subprocess.py:93} INFO - 25/10/29 03:43:52 INFO Executor: Fetching file:///home/***/.ivy2/jars/org.slf4j_slf4j-api-2.0.7.jar with timestamp 1761684231738
[2025-10-29T03:43:52.492+0700] {subprocess.py:93} INFO - 25/10/29 03:43:52 INFO Utils: /home/***/.ivy2/jars/org.slf4j_slf4j-api-2.0.7.jar has been previously copied to /tmp/spark-bda7a1c9-8518-461b-b141-fcab8c942386/userFiles-62e05159-b028-4836-93a2-024623e94ed5/org.slf4j_slf4j-api-2.0.7.jar
[2025-10-29T03:43:52.494+0700] {subprocess.py:93} INFO - 25/10/29 03:43:52 INFO Executor: Fetching file:///home/***/.ivy2/jars/org.checkerframework_checker-qual-3.31.0.jar with timestamp 1761684231738
[2025-10-29T03:43:52.495+0700] {subprocess.py:93} INFO - 25/10/29 03:43:52 INFO Utils: /home/***/.ivy2/jars/org.checkerframework_checker-qual-3.31.0.jar has been previously copied to /tmp/spark-bda7a1c9-8518-461b-b141-fcab8c942386/userFiles-62e05159-b028-4836-93a2-024623e94ed5/org.checkerframework_checker-qual-3.31.0.jar
[2025-10-29T03:43:52.497+0700] {subprocess.py:93} INFO - 25/10/29 03:43:52 INFO Executor: Fetching file:///home/***/.ivy2/jars/org.apache.commons_commons-pool2-2.11.1.jar with timestamp 1761684231738
[2025-10-29T03:43:52.498+0700] {subprocess.py:93} INFO - 25/10/29 03:43:52 INFO Utils: /home/***/.ivy2/jars/org.apache.commons_commons-pool2-2.11.1.jar has been previously copied to /tmp/spark-bda7a1c9-8518-461b-b141-fcab8c942386/userFiles-62e05159-b028-4836-93a2-024623e94ed5/org.apache.commons_commons-pool2-2.11.1.jar
[2025-10-29T03:43:52.500+0700] {subprocess.py:93} INFO - 25/10/29 03:43:52 INFO Executor: Fetching file:///home/***/.ivy2/jars/commons-logging_commons-logging-1.1.3.jar with timestamp 1761684231738
[2025-10-29T03:43:52.500+0700] {subprocess.py:93} INFO - 25/10/29 03:43:52 INFO Utils: /home/***/.ivy2/jars/commons-logging_commons-logging-1.1.3.jar has been previously copied to /tmp/spark-bda7a1c9-8518-461b-b141-fcab8c942386/userFiles-62e05159-b028-4836-93a2-024623e94ed5/commons-logging_commons-logging-1.1.3.jar
[2025-10-29T03:43:52.502+0700] {subprocess.py:93} INFO - 25/10/29 03:43:52 INFO Executor: Fetching file:///home/***/.ivy2/jars/org.xerial.snappy_snappy-java-1.1.10.3.jar with timestamp 1761684231738
[2025-10-29T03:43:52.503+0700] {subprocess.py:93} INFO - 25/10/29 03:43:52 INFO Utils: /home/***/.ivy2/jars/org.xerial.snappy_snappy-java-1.1.10.3.jar has been previously copied to /tmp/spark-bda7a1c9-8518-461b-b141-fcab8c942386/userFiles-62e05159-b028-4836-93a2-024623e94ed5/org.xerial.snappy_snappy-java-1.1.10.3.jar
[2025-10-29T03:43:52.506+0700] {subprocess.py:93} INFO - 25/10/29 03:43:52 INFO Executor: Fetching file:///home/***/.ivy2/jars/org.postgresql_postgresql-42.6.0.jar with timestamp 1761684231738
[2025-10-29T03:43:52.506+0700] {subprocess.py:93} INFO - 25/10/29 03:43:52 INFO Utils: /home/***/.ivy2/jars/org.postgresql_postgresql-42.6.0.jar has been previously copied to /tmp/spark-bda7a1c9-8518-461b-b141-fcab8c942386/userFiles-62e05159-b028-4836-93a2-024623e94ed5/org.postgresql_postgresql-42.6.0.jar
[2025-10-29T03:43:52.508+0700] {subprocess.py:93} INFO - 25/10/29 03:43:52 INFO Executor: Fetching file:///home/***/.ivy2/jars/org.apache.kafka_kafka-clients-3.4.1.jar with timestamp 1761684231738
[2025-10-29T03:43:52.511+0700] {subprocess.py:93} INFO - 25/10/29 03:43:52 INFO Utils: /home/***/.ivy2/jars/org.apache.kafka_kafka-clients-3.4.1.jar has been previously copied to /tmp/spark-bda7a1c9-8518-461b-b141-fcab8c942386/userFiles-62e05159-b028-4836-93a2-024623e94ed5/org.apache.kafka_kafka-clients-3.4.1.jar
[2025-10-29T03:43:52.515+0700] {subprocess.py:93} INFO - 25/10/29 03:43:52 INFO Executor: Fetching spark://dfeadd712fc3:37177/jars/org.postgresql_postgresql-42.6.0.jar with timestamp 1761684231738
[2025-10-29T03:43:52.533+0700] {subprocess.py:93} INFO - 25/10/29 03:43:52 INFO TransportClientFactory: Successfully created connection to dfeadd712fc3/172.18.0.6:37177 after 12 ms (0 ms spent in bootstraps)
[2025-10-29T03:43:52.535+0700] {subprocess.py:93} INFO - 25/10/29 03:43:52 INFO Utils: Fetching spark://dfeadd712fc3:37177/jars/org.postgresql_postgresql-42.6.0.jar to /tmp/spark-bda7a1c9-8518-461b-b141-fcab8c942386/userFiles-62e05159-b028-4836-93a2-024623e94ed5/fetchFileTemp9728004048251861121.tmp
[2025-10-29T03:43:52.553+0700] {subprocess.py:93} INFO - 25/10/29 03:43:52 INFO Utils: /tmp/spark-bda7a1c9-8518-461b-b141-fcab8c942386/userFiles-62e05159-b028-4836-93a2-024623e94ed5/fetchFileTemp9728004048251861121.tmp has been previously copied to /tmp/spark-bda7a1c9-8518-461b-b141-fcab8c942386/userFiles-62e05159-b028-4836-93a2-024623e94ed5/org.postgresql_postgresql-42.6.0.jar
[2025-10-29T03:43:52.557+0700] {subprocess.py:93} INFO - 25/10/29 03:43:52 INFO Executor: Adding file:/tmp/spark-bda7a1c9-8518-461b-b141-fcab8c942386/userFiles-62e05159-b028-4836-93a2-024623e94ed5/org.postgresql_postgresql-42.6.0.jar to class loader default
[2025-10-29T03:43:52.558+0700] {subprocess.py:93} INFO - 25/10/29 03:43:52 INFO Executor: Fetching spark://dfeadd712fc3:37177/jars/org.checkerframework_checker-qual-3.31.0.jar with timestamp 1761684231738
[2025-10-29T03:43:52.558+0700] {subprocess.py:93} INFO - 25/10/29 03:43:52 INFO Utils: Fetching spark://dfeadd712fc3:37177/jars/org.checkerframework_checker-qual-3.31.0.jar to /tmp/spark-bda7a1c9-8518-461b-b141-fcab8c942386/userFiles-62e05159-b028-4836-93a2-024623e94ed5/fetchFileTemp5707924307511433845.tmp
[2025-10-29T03:43:52.560+0700] {subprocess.py:93} INFO - 25/10/29 03:43:52 INFO Utils: /tmp/spark-bda7a1c9-8518-461b-b141-fcab8c942386/userFiles-62e05159-b028-4836-93a2-024623e94ed5/fetchFileTemp5707924307511433845.tmp has been previously copied to /tmp/spark-bda7a1c9-8518-461b-b141-fcab8c942386/userFiles-62e05159-b028-4836-93a2-024623e94ed5/org.checkerframework_checker-qual-3.31.0.jar
[2025-10-29T03:43:52.563+0700] {subprocess.py:93} INFO - 25/10/29 03:43:52 INFO Executor: Adding file:/tmp/spark-bda7a1c9-8518-461b-b141-fcab8c942386/userFiles-62e05159-b028-4836-93a2-024623e94ed5/org.checkerframework_checker-qual-3.31.0.jar to class loader default
[2025-10-29T03:43:52.563+0700] {subprocess.py:93} INFO - 25/10/29 03:43:52 INFO Executor: Fetching spark://dfeadd712fc3:37177/jars/org.lz4_lz4-java-1.8.0.jar with timestamp 1761684231738
[2025-10-29T03:43:52.563+0700] {subprocess.py:93} INFO - 25/10/29 03:43:52 INFO Utils: Fetching spark://dfeadd712fc3:37177/jars/org.lz4_lz4-java-1.8.0.jar to /tmp/spark-bda7a1c9-8518-461b-b141-fcab8c942386/userFiles-62e05159-b028-4836-93a2-024623e94ed5/fetchFileTemp9222847196792160271.tmp
[2025-10-29T03:43:52.566+0700] {subprocess.py:93} INFO - 25/10/29 03:43:52 INFO Utils: /tmp/spark-bda7a1c9-8518-461b-b141-fcab8c942386/userFiles-62e05159-b028-4836-93a2-024623e94ed5/fetchFileTemp9222847196792160271.tmp has been previously copied to /tmp/spark-bda7a1c9-8518-461b-b141-fcab8c942386/userFiles-62e05159-b028-4836-93a2-024623e94ed5/org.lz4_lz4-java-1.8.0.jar
[2025-10-29T03:43:52.570+0700] {subprocess.py:93} INFO - 25/10/29 03:43:52 INFO Executor: Adding file:/tmp/spark-bda7a1c9-8518-461b-b141-fcab8c942386/userFiles-62e05159-b028-4836-93a2-024623e94ed5/org.lz4_lz4-java-1.8.0.jar to class loader default
[2025-10-29T03:43:52.570+0700] {subprocess.py:93} INFO - 25/10/29 03:43:52 INFO Executor: Fetching spark://dfeadd712fc3:37177/jars/org.xerial.snappy_snappy-java-1.1.10.3.jar with timestamp 1761684231738
[2025-10-29T03:43:52.571+0700] {subprocess.py:93} INFO - 25/10/29 03:43:52 INFO Utils: Fetching spark://dfeadd712fc3:37177/jars/org.xerial.snappy_snappy-java-1.1.10.3.jar to /tmp/spark-bda7a1c9-8518-461b-b141-fcab8c942386/userFiles-62e05159-b028-4836-93a2-024623e94ed5/fetchFileTemp12358813570846808619.tmp
[2025-10-29T03:43:52.578+0700] {subprocess.py:93} INFO - 25/10/29 03:43:52 INFO Utils: /tmp/spark-bda7a1c9-8518-461b-b141-fcab8c942386/userFiles-62e05159-b028-4836-93a2-024623e94ed5/fetchFileTemp12358813570846808619.tmp has been previously copied to /tmp/spark-bda7a1c9-8518-461b-b141-fcab8c942386/userFiles-62e05159-b028-4836-93a2-024623e94ed5/org.xerial.snappy_snappy-java-1.1.10.3.jar
[2025-10-29T03:43:52.583+0700] {subprocess.py:93} INFO - 25/10/29 03:43:52 INFO Executor: Adding file:/tmp/spark-bda7a1c9-8518-461b-b141-fcab8c942386/userFiles-62e05159-b028-4836-93a2-024623e94ed5/org.xerial.snappy_snappy-java-1.1.10.3.jar to class loader default
[2025-10-29T03:43:52.584+0700] {subprocess.py:93} INFO - 25/10/29 03:43:52 INFO Executor: Fetching spark://dfeadd712fc3:37177/jars/org.apache.hadoop_hadoop-client-runtime-3.3.4.jar with timestamp 1761684231738
[2025-10-29T03:43:52.584+0700] {subprocess.py:93} INFO - 25/10/29 03:43:52 INFO Utils: Fetching spark://dfeadd712fc3:37177/jars/org.apache.hadoop_hadoop-client-runtime-3.3.4.jar to /tmp/spark-bda7a1c9-8518-461b-b141-fcab8c942386/userFiles-62e05159-b028-4836-93a2-024623e94ed5/fetchFileTemp13017128022599292789.tmp
[2025-10-29T03:43:52.722+0700] {subprocess.py:93} INFO - 25/10/29 03:43:52 INFO Utils: /tmp/spark-bda7a1c9-8518-461b-b141-fcab8c942386/userFiles-62e05159-b028-4836-93a2-024623e94ed5/fetchFileTemp13017128022599292789.tmp has been previously copied to /tmp/spark-bda7a1c9-8518-461b-b141-fcab8c942386/userFiles-62e05159-b028-4836-93a2-024623e94ed5/org.apache.hadoop_hadoop-client-runtime-3.3.4.jar
[2025-10-29T03:43:52.728+0700] {subprocess.py:93} INFO - 25/10/29 03:43:52 INFO Executor: Adding file:/tmp/spark-bda7a1c9-8518-461b-b141-fcab8c942386/userFiles-62e05159-b028-4836-93a2-024623e94ed5/org.apache.hadoop_hadoop-client-runtime-3.3.4.jar to class loader default
[2025-10-29T03:43:52.728+0700] {subprocess.py:93} INFO - 25/10/29 03:43:52 INFO Executor: Fetching spark://dfeadd712fc3:37177/jars/org.apache.commons_commons-pool2-2.11.1.jar with timestamp 1761684231738
[2025-10-29T03:43:52.729+0700] {subprocess.py:93} INFO - 25/10/29 03:43:52 INFO Utils: Fetching spark://dfeadd712fc3:37177/jars/org.apache.commons_commons-pool2-2.11.1.jar to /tmp/spark-bda7a1c9-8518-461b-b141-fcab8c942386/userFiles-62e05159-b028-4836-93a2-024623e94ed5/fetchFileTemp1337709004001069570.tmp
[2025-10-29T03:43:52.730+0700] {subprocess.py:93} INFO - 25/10/29 03:43:52 INFO Utils: /tmp/spark-bda7a1c9-8518-461b-b141-fcab8c942386/userFiles-62e05159-b028-4836-93a2-024623e94ed5/fetchFileTemp1337709004001069570.tmp has been previously copied to /tmp/spark-bda7a1c9-8518-461b-b141-fcab8c942386/userFiles-62e05159-b028-4836-93a2-024623e94ed5/org.apache.commons_commons-pool2-2.11.1.jar
[2025-10-29T03:43:52.734+0700] {subprocess.py:93} INFO - 25/10/29 03:43:52 INFO Executor: Adding file:/tmp/spark-bda7a1c9-8518-461b-b141-fcab8c942386/userFiles-62e05159-b028-4836-93a2-024623e94ed5/org.apache.commons_commons-pool2-2.11.1.jar to class loader default
[2025-10-29T03:43:52.734+0700] {subprocess.py:93} INFO - 25/10/29 03:43:52 INFO Executor: Fetching spark://dfeadd712fc3:37177/jars/org.apache.spark_spark-token-provider-kafka-0-10_2.12-3.5.1.jar with timestamp 1761684231738
[2025-10-29T03:43:52.734+0700] {subprocess.py:93} INFO - 25/10/29 03:43:52 INFO Utils: Fetching spark://dfeadd712fc3:37177/jars/org.apache.spark_spark-token-provider-kafka-0-10_2.12-3.5.1.jar to /tmp/spark-bda7a1c9-8518-461b-b141-fcab8c942386/userFiles-62e05159-b028-4836-93a2-024623e94ed5/fetchFileTemp5690672324477868088.tmp
[2025-10-29T03:43:52.735+0700] {subprocess.py:93} INFO - 25/10/29 03:43:52 INFO Utils: /tmp/spark-bda7a1c9-8518-461b-b141-fcab8c942386/userFiles-62e05159-b028-4836-93a2-024623e94ed5/fetchFileTemp5690672324477868088.tmp has been previously copied to /tmp/spark-bda7a1c9-8518-461b-b141-fcab8c942386/userFiles-62e05159-b028-4836-93a2-024623e94ed5/org.apache.spark_spark-token-provider-kafka-0-10_2.12-3.5.1.jar
[2025-10-29T03:43:52.738+0700] {subprocess.py:93} INFO - 25/10/29 03:43:52 INFO Executor: Adding file:/tmp/spark-bda7a1c9-8518-461b-b141-fcab8c942386/userFiles-62e05159-b028-4836-93a2-024623e94ed5/org.apache.spark_spark-token-provider-kafka-0-10_2.12-3.5.1.jar to class loader default
[2025-10-29T03:43:52.738+0700] {subprocess.py:93} INFO - 25/10/29 03:43:52 INFO Executor: Fetching spark://dfeadd712fc3:37177/jars/org.slf4j_slf4j-api-2.0.7.jar with timestamp 1761684231738
[2025-10-29T03:43:52.738+0700] {subprocess.py:93} INFO - 25/10/29 03:43:52 INFO Utils: Fetching spark://dfeadd712fc3:37177/jars/org.slf4j_slf4j-api-2.0.7.jar to /tmp/spark-bda7a1c9-8518-461b-b141-fcab8c942386/userFiles-62e05159-b028-4836-93a2-024623e94ed5/fetchFileTemp6078755090890092878.tmp
[2025-10-29T03:43:52.739+0700] {subprocess.py:93} INFO - 25/10/29 03:43:52 INFO Utils: /tmp/spark-bda7a1c9-8518-461b-b141-fcab8c942386/userFiles-62e05159-b028-4836-93a2-024623e94ed5/fetchFileTemp6078755090890092878.tmp has been previously copied to /tmp/spark-bda7a1c9-8518-461b-b141-fcab8c942386/userFiles-62e05159-b028-4836-93a2-024623e94ed5/org.slf4j_slf4j-api-2.0.7.jar
[2025-10-29T03:43:52.742+0700] {subprocess.py:93} INFO - 25/10/29 03:43:52 INFO Executor: Adding file:/tmp/spark-bda7a1c9-8518-461b-b141-fcab8c942386/userFiles-62e05159-b028-4836-93a2-024623e94ed5/org.slf4j_slf4j-api-2.0.7.jar to class loader default
[2025-10-29T03:43:52.743+0700] {subprocess.py:93} INFO - 25/10/29 03:43:52 INFO Executor: Fetching spark://dfeadd712fc3:37177/jars/org.apache.spark_spark-sql-kafka-0-10_2.12-3.5.1.jar with timestamp 1761684231738
[2025-10-29T03:43:52.743+0700] {subprocess.py:93} INFO - 25/10/29 03:43:52 INFO Utils: Fetching spark://dfeadd712fc3:37177/jars/org.apache.spark_spark-sql-kafka-0-10_2.12-3.5.1.jar to /tmp/spark-bda7a1c9-8518-461b-b141-fcab8c942386/userFiles-62e05159-b028-4836-93a2-024623e94ed5/fetchFileTemp13041437202623605632.tmp
[2025-10-29T03:43:52.745+0700] {subprocess.py:93} INFO - 25/10/29 03:43:52 INFO Utils: /tmp/spark-bda7a1c9-8518-461b-b141-fcab8c942386/userFiles-62e05159-b028-4836-93a2-024623e94ed5/fetchFileTemp13041437202623605632.tmp has been previously copied to /tmp/spark-bda7a1c9-8518-461b-b141-fcab8c942386/userFiles-62e05159-b028-4836-93a2-024623e94ed5/org.apache.spark_spark-sql-kafka-0-10_2.12-3.5.1.jar
[2025-10-29T03:43:52.748+0700] {subprocess.py:93} INFO - 25/10/29 03:43:52 INFO Executor: Adding file:/tmp/spark-bda7a1c9-8518-461b-b141-fcab8c942386/userFiles-62e05159-b028-4836-93a2-024623e94ed5/org.apache.spark_spark-sql-kafka-0-10_2.12-3.5.1.jar to class loader default
[2025-10-29T03:43:52.748+0700] {subprocess.py:93} INFO - 25/10/29 03:43:52 INFO Executor: Fetching spark://dfeadd712fc3:37177/jars/com.google.code.findbugs_jsr305-3.0.0.jar with timestamp 1761684231738
[2025-10-29T03:43:52.748+0700] {subprocess.py:93} INFO - 25/10/29 03:43:52 INFO Utils: Fetching spark://dfeadd712fc3:37177/jars/com.google.code.findbugs_jsr305-3.0.0.jar to /tmp/spark-bda7a1c9-8518-461b-b141-fcab8c942386/userFiles-62e05159-b028-4836-93a2-024623e94ed5/fetchFileTemp8647089823404447227.tmp
[2025-10-29T03:43:52.749+0700] {subprocess.py:93} INFO - 25/10/29 03:43:52 INFO Utils: /tmp/spark-bda7a1c9-8518-461b-b141-fcab8c942386/userFiles-62e05159-b028-4836-93a2-024623e94ed5/fetchFileTemp8647089823404447227.tmp has been previously copied to /tmp/spark-bda7a1c9-8518-461b-b141-fcab8c942386/userFiles-62e05159-b028-4836-93a2-024623e94ed5/com.google.code.findbugs_jsr305-3.0.0.jar
[2025-10-29T03:43:52.752+0700] {subprocess.py:93} INFO - 25/10/29 03:43:52 INFO Executor: Adding file:/tmp/spark-bda7a1c9-8518-461b-b141-fcab8c942386/userFiles-62e05159-b028-4836-93a2-024623e94ed5/com.google.code.findbugs_jsr305-3.0.0.jar to class loader default
[2025-10-29T03:43:52.753+0700] {subprocess.py:93} INFO - 25/10/29 03:43:52 INFO Executor: Fetching spark://dfeadd712fc3:37177/jars/commons-logging_commons-logging-1.1.3.jar with timestamp 1761684231738
[2025-10-29T03:43:52.753+0700] {subprocess.py:93} INFO - 25/10/29 03:43:52 INFO Utils: Fetching spark://dfeadd712fc3:37177/jars/commons-logging_commons-logging-1.1.3.jar to /tmp/spark-bda7a1c9-8518-461b-b141-fcab8c942386/userFiles-62e05159-b028-4836-93a2-024623e94ed5/fetchFileTemp4226264518395304783.tmp
[2025-10-29T03:43:52.754+0700] {subprocess.py:93} INFO - 25/10/29 03:43:52 INFO Utils: /tmp/spark-bda7a1c9-8518-461b-b141-fcab8c942386/userFiles-62e05159-b028-4836-93a2-024623e94ed5/fetchFileTemp4226264518395304783.tmp has been previously copied to /tmp/spark-bda7a1c9-8518-461b-b141-fcab8c942386/userFiles-62e05159-b028-4836-93a2-024623e94ed5/commons-logging_commons-logging-1.1.3.jar
[2025-10-29T03:43:52.757+0700] {subprocess.py:93} INFO - 25/10/29 03:43:52 INFO Executor: Adding file:/tmp/spark-bda7a1c9-8518-461b-b141-fcab8c942386/userFiles-62e05159-b028-4836-93a2-024623e94ed5/commons-logging_commons-logging-1.1.3.jar to class loader default
[2025-10-29T03:43:52.757+0700] {subprocess.py:93} INFO - 25/10/29 03:43:52 INFO Executor: Fetching spark://dfeadd712fc3:37177/jars/org.apache.hadoop_hadoop-client-api-3.3.4.jar with timestamp 1761684231738
[2025-10-29T03:43:52.757+0700] {subprocess.py:93} INFO - 25/10/29 03:43:52 INFO Utils: Fetching spark://dfeadd712fc3:37177/jars/org.apache.hadoop_hadoop-client-api-3.3.4.jar to /tmp/spark-bda7a1c9-8518-461b-b141-fcab8c942386/userFiles-62e05159-b028-4836-93a2-024623e94ed5/fetchFileTemp6114972549941665809.tmp
[2025-10-29T03:43:52.825+0700] {subprocess.py:93} INFO - 25/10/29 03:43:52 INFO Utils: /tmp/spark-bda7a1c9-8518-461b-b141-fcab8c942386/userFiles-62e05159-b028-4836-93a2-024623e94ed5/fetchFileTemp6114972549941665809.tmp has been previously copied to /tmp/spark-bda7a1c9-8518-461b-b141-fcab8c942386/userFiles-62e05159-b028-4836-93a2-024623e94ed5/org.apache.hadoop_hadoop-client-api-3.3.4.jar
[2025-10-29T03:43:52.831+0700] {subprocess.py:93} INFO - 25/10/29 03:43:52 INFO Executor: Adding file:/tmp/spark-bda7a1c9-8518-461b-b141-fcab8c942386/userFiles-62e05159-b028-4836-93a2-024623e94ed5/org.apache.hadoop_hadoop-client-api-3.3.4.jar to class loader default
[2025-10-29T03:43:52.832+0700] {subprocess.py:93} INFO - 25/10/29 03:43:52 INFO Executor: Fetching spark://dfeadd712fc3:37177/jars/org.apache.kafka_kafka-clients-3.4.1.jar with timestamp 1761684231738
[2025-10-29T03:43:52.832+0700] {subprocess.py:93} INFO - 25/10/29 03:43:52 INFO Utils: Fetching spark://dfeadd712fc3:37177/jars/org.apache.kafka_kafka-clients-3.4.1.jar to /tmp/spark-bda7a1c9-8518-461b-b141-fcab8c942386/userFiles-62e05159-b028-4836-93a2-024623e94ed5/fetchFileTemp4401958574873471201.tmp
[2025-10-29T03:43:52.840+0700] {subprocess.py:93} INFO - 25/10/29 03:43:52 INFO Utils: /tmp/spark-bda7a1c9-8518-461b-b141-fcab8c942386/userFiles-62e05159-b028-4836-93a2-024623e94ed5/fetchFileTemp4401958574873471201.tmp has been previously copied to /tmp/spark-bda7a1c9-8518-461b-b141-fcab8c942386/userFiles-62e05159-b028-4836-93a2-024623e94ed5/org.apache.kafka_kafka-clients-3.4.1.jar
[2025-10-29T03:43:52.850+0700] {subprocess.py:93} INFO - 25/10/29 03:43:52 INFO Executor: Adding file:/tmp/spark-bda7a1c9-8518-461b-b141-fcab8c942386/userFiles-62e05159-b028-4836-93a2-024623e94ed5/org.apache.kafka_kafka-clients-3.4.1.jar to class loader default
[2025-10-29T03:43:52.856+0700] {subprocess.py:93} INFO - 25/10/29 03:43:52 INFO Utils: Successfully started service 'org.apache.spark.network.netty.NettyBlockTransferService' on port 46711.
[2025-10-29T03:43:52.856+0700] {subprocess.py:93} INFO - 25/10/29 03:43:52 INFO NettyBlockTransferService: Server created on dfeadd712fc3:46711
[2025-10-29T03:43:52.857+0700] {subprocess.py:93} INFO - 25/10/29 03:43:52 INFO BlockManager: Using org.apache.spark.storage.RandomBlockReplicationPolicy for block replication policy
[2025-10-29T03:43:52.861+0700] {subprocess.py:93} INFO - 25/10/29 03:43:52 INFO BlockManagerMaster: Registering BlockManager BlockManagerId(driver, dfeadd712fc3, 46711, None)
[2025-10-29T03:43:52.863+0700] {subprocess.py:93} INFO - 25/10/29 03:43:52 INFO BlockManagerMasterEndpoint: Registering block manager dfeadd712fc3:46711 with 434.4 MiB RAM, BlockManagerId(driver, dfeadd712fc3, 46711, None)
[2025-10-29T03:43:52.865+0700] {subprocess.py:93} INFO - 25/10/29 03:43:52 INFO BlockManagerMaster: Registered BlockManager BlockManagerId(driver, dfeadd712fc3, 46711, None)
[2025-10-29T03:43:52.866+0700] {subprocess.py:93} INFO - 25/10/29 03:43:52 INFO BlockManager: Initialized BlockManager: BlockManagerId(driver, dfeadd712fc3, 46711, None)
[2025-10-29T03:43:55.248+0700] {subprocess.py:93} INFO - 25/10/29 03:43:55 WARN ResolveWriteToStream: spark.sql.adaptive.enabled is not supported in streaming DataFrames/Datasets and will be disabled.
[2025-10-29T03:43:55.358+0700] {subprocess.py:93} INFO - 🚀 Streaming job started — đang lắng nghe dữ liệu từ Kafka...
[2025-10-29T03:43:55.479+0700] {subprocess.py:93} INFO - 25/10/29 03:43:55 WARN AdminClientConfig: These configurations '[key.deserializer, value.deserializer, enable.auto.commit, max.poll.records, auto.offset.reset]' were supplied but are not used yet.
[2025-10-29T03:43:56.795+0700] {subprocess.py:93} INFO - [Batch 0] ⚠️ Không có dữ liệu mới.
[2025-10-29T03:47:48.104+0700] {local_task_job_runner.py:310} WARNING - State of this instance has been externally set to restarting. Terminating instance.
[2025-10-29T03:47:48.105+0700] {local_task_job_runner.py:222} INFO - ::endgroup::
[2025-10-29T03:47:48.107+0700] {process_utils.py:132} INFO - Sending 15 to group 163. PIDs of all processes in the group: [164, 165, 166, 240, 163]
[2025-10-29T03:47:48.107+0700] {process_utils.py:87} INFO - Sending the signal 15 to group 163
[2025-10-29T03:47:48.107+0700] {taskinstance.py:2607} ERROR - Received SIGTERM. Terminating subprocesses.
[2025-10-29T03:47:48.108+0700] {subprocess.py:104} INFO - Sending SIGTERM signal to process group
[2025-10-29T03:47:48.108+0700] {taskinstance.py:441} INFO - ::group::Post task execution logs
[2025-10-29T03:47:48.109+0700] {process_utils.py:80} INFO - Process psutil.Process(pid=165, status='terminated', started='03:43:45') (165) terminated with exit code None
[2025-10-29T03:47:48.119+0700] {taskinstance.py:2890} ERROR - Task failed with exception
Traceback (most recent call last):
  File "/home/airflow/.local/lib/python3.12/site-packages/airflow/models/taskinstance.py", line 460, in _execute_task
    result = _execute_callable(context=context, **execute_callable_kwargs)
             ^^^^^^^^^^^^^^^^^^^^^^^^^^^^^^^^^^^^^^^^^^^^^^^^^^^^^^^^^^^^^
  File "/home/airflow/.local/lib/python3.12/site-packages/airflow/models/taskinstance.py", line 432, in _execute_callable
    return execute_callable(context=context, **execute_callable_kwargs)
           ^^^^^^^^^^^^^^^^^^^^^^^^^^^^^^^^^^^^^^^^^^^^^^^^^^^^^^^^^^^^
  File "/home/airflow/.local/lib/python3.12/site-packages/airflow/models/baseoperator.py", line 400, in wrapper
    return func(self, *args, **kwargs)
           ^^^^^^^^^^^^^^^^^^^^^^^^^^^
  File "/home/airflow/.local/lib/python3.12/site-packages/airflow/operators/bash.py", line 234, in execute
    result = self.subprocess_hook.run_command(
             ^^^^^^^^^^^^^^^^^^^^^^^^^^^^^^^^^
  File "/home/airflow/.local/lib/python3.12/site-packages/airflow/hooks/subprocess.py", line 91, in run_command
    for raw_line in iter(self.sub_process.stdout.readline, b""):
  File "/home/airflow/.local/lib/python3.12/site-packages/airflow/models/taskinstance.py", line 2609, in signal_handler
    raise AirflowTaskTerminated("Task received SIGTERM signal")
airflow.exceptions.AirflowTaskTerminated: Task received SIGTERM signal
[2025-10-29T03:47:48.126+0700] {taskinstance.py:1205} INFO - Marking task as UP_FOR_RETRY. dag_id=absa_streaming_lifecycle_demo1, task_id=deploy_consumer, execution_date=20251028T190000, start_date=20251028T204346, end_date=20251028T204748
[2025-10-29T03:47:48.322+0700] {process_utils.py:80} INFO - Process psutil.Process(pid=164, status='terminated', started='03:43:45') (164) terminated with exit code None
[2025-10-29T03:47:48.323+0700] {process_utils.py:80} INFO - Process psutil.Process(pid=240, status='terminated', started='03:43:47') (240) terminated with exit code None
[2025-10-29T03:47:48.324+0700] {process_utils.py:80} INFO - Process psutil.Process(pid=163, status='terminated', exitcode=2, started='03:43:45') (163) terminated with exit code 2
[2025-10-29T03:47:48.537+0700] {process_utils.py:80} INFO - Process psutil.Process(pid=166, status='terminated', started='03:43:45') (166) terminated with exit code None
