[2025-10-29T03:20:27.310+0700] {local_task_job_runner.py:120} INFO - ::group::Pre task execution logs
[2025-10-29T03:20:27.327+0700] {taskinstance.py:2073} INFO - Dependencies all met for dep_context=non-requeueable deps ti=<TaskInstance: absa_streaming_lifecycle_demo1.deploy_consumer scheduled__2025-10-28T19:00:00+00:00 [queued]>
[2025-10-29T03:20:27.332+0700] {taskinstance.py:2073} INFO - Dependencies all met for dep_context=requeueable deps ti=<TaskInstance: absa_streaming_lifecycle_demo1.deploy_consumer scheduled__2025-10-28T19:00:00+00:00 [queued]>
[2025-10-29T03:20:27.333+0700] {taskinstance.py:2303} INFO - Starting attempt 7 of 10
[2025-10-29T03:20:27.341+0700] {taskinstance.py:2327} INFO - Executing <Task(BashOperator): deploy_consumer> on 2025-10-28 19:00:00+00:00
[2025-10-29T03:20:27.350+0700] {warnings.py:110} WARNING - /home/***/.local/lib/python3.12/site-packages/***/task/task_runner/standard_task_runner.py:61: DeprecationWarning: This process (pid=5709) is multi-threaded, use of fork() may lead to deadlocks in the child.
  pid = os.fork()

[2025-10-29T03:20:27.352+0700] {standard_task_runner.py:63} INFO - Started process 5711 to run task
[2025-10-29T03:20:27.352+0700] {standard_task_runner.py:90} INFO - Running: ['***', 'tasks', 'run', 'absa_streaming_lifecycle_demo1', 'deploy_consumer', 'scheduled__2025-10-28T19:00:00+00:00', '--job-id', '19', '--raw', '--subdir', 'DAGS_FOLDER/absa_streaming_lifecycle_dag1.py', '--cfg-path', '/tmp/tmppj0nyhh2']
[2025-10-29T03:20:27.354+0700] {standard_task_runner.py:91} INFO - Job 19: Subtask deploy_consumer
[2025-10-29T03:20:27.386+0700] {task_command.py:426} INFO - Running <TaskInstance: absa_streaming_lifecycle_demo1.deploy_consumer scheduled__2025-10-28T19:00:00+00:00 [running]> on host dfeadd712fc3
[2025-10-29T03:20:27.443+0700] {taskinstance.py:2644} INFO - Exporting env vars: AIRFLOW_CTX_DAG_OWNER='***' AIRFLOW_CTX_DAG_ID='absa_streaming_lifecycle_demo1' AIRFLOW_CTX_TASK_ID='deploy_consumer' AIRFLOW_CTX_EXECUTION_DATE='2025-10-28T19:00:00+00:00' AIRFLOW_CTX_TRY_NUMBER='7' AIRFLOW_CTX_DAG_RUN_ID='scheduled__2025-10-28T19:00:00+00:00'
[2025-10-29T03:20:27.445+0700] {taskinstance.py:430} INFO - ::endgroup::
[2025-10-29T03:20:27.446+0700] {subprocess.py:63} INFO - Tmp dir root location: /tmp
[2025-10-29T03:20:27.446+0700] {subprocess.py:75} INFO - Running command: ['/usr/bin/bash', '-c', 'bash -c "timeout 45m /opt/***/projects/absa_streaming/scripts/run_consumer.sh"']
[2025-10-29T03:20:27.461+0700] {subprocess.py:86} INFO - Output:
[2025-10-29T03:20:27.467+0700] {subprocess.py:93} INFO - [Consumer] Starting Spark Structured Streaming job...
[2025-10-29T03:20:27.503+0700] {subprocess.py:93} INFO - /home/***/.local/lib/python3.12/site-packages/pyspark/bin/load-spark-env.sh: line 68: ps: command not found
[2025-10-29T03:20:28.327+0700] {subprocess.py:93} INFO - :: loading settings :: url = jar:file:/home/***/.local/lib/python3.12/site-packages/pyspark/jars/ivy-2.5.1.jar!/org/apache/ivy/core/settings/ivysettings.xml
[2025-10-29T03:20:28.368+0700] {subprocess.py:93} INFO - Ivy Default Cache set to: /home/***/.ivy2/cache
[2025-10-29T03:20:28.368+0700] {subprocess.py:93} INFO - The jars for the packages stored in: /home/***/.ivy2/jars
[2025-10-29T03:20:28.371+0700] {subprocess.py:93} INFO - org.apache.spark#spark-sql-kafka-0-10_2.12 added as a dependency
[2025-10-29T03:20:28.371+0700] {subprocess.py:93} INFO - org.postgresql#postgresql added as a dependency
[2025-10-29T03:20:28.371+0700] {subprocess.py:93} INFO - :: resolving dependencies :: org.apache.spark#spark-submit-parent-9bc071c2-5b28-43bc-a7d7-da705dad531d;1.0
[2025-10-29T03:20:28.371+0700] {subprocess.py:93} INFO - 	confs: [default]
[2025-10-29T03:20:28.474+0700] {subprocess.py:93} INFO - 	found org.apache.spark#spark-sql-kafka-0-10_2.12;3.5.1 in central
[2025-10-29T03:20:28.511+0700] {subprocess.py:93} INFO - 	found org.apache.spark#spark-token-provider-kafka-0-10_2.12;3.5.1 in central
[2025-10-29T03:20:28.531+0700] {subprocess.py:93} INFO - 	found org.apache.kafka#kafka-clients;3.4.1 in central
[2025-10-29T03:20:28.548+0700] {subprocess.py:93} INFO - 	found org.lz4#lz4-java;1.8.0 in central
[2025-10-29T03:20:28.566+0700] {subprocess.py:93} INFO - 	found org.xerial.snappy#snappy-java;1.1.10.3 in central
[2025-10-29T03:20:28.582+0700] {subprocess.py:93} INFO - 	found org.slf4j#slf4j-api;2.0.7 in central
[2025-10-29T03:20:28.602+0700] {subprocess.py:93} INFO - 	found org.apache.hadoop#hadoop-client-runtime;3.3.4 in central
[2025-10-29T03:20:28.622+0700] {subprocess.py:93} INFO - 	found org.apache.hadoop#hadoop-client-api;3.3.4 in central
[2025-10-29T03:20:28.643+0700] {subprocess.py:93} INFO - 	found commons-logging#commons-logging;1.1.3 in central
[2025-10-29T03:20:28.658+0700] {subprocess.py:93} INFO - 	found com.google.code.findbugs#jsr305;3.0.0 in central
[2025-10-29T03:20:28.673+0700] {subprocess.py:93} INFO - 	found org.apache.commons#commons-pool2;2.11.1 in central
[2025-10-29T03:20:28.684+0700] {subprocess.py:93} INFO - 	found org.postgresql#postgresql;42.6.0 in central
[2025-10-29T03:20:28.693+0700] {subprocess.py:93} INFO - 	found org.checkerframework#checker-qual;3.31.0 in central
[2025-10-29T03:20:28.716+0700] {subprocess.py:93} INFO - :: resolution report :: resolve 332ms :: artifacts dl 13ms
[2025-10-29T03:20:28.717+0700] {subprocess.py:93} INFO - 	:: modules in use:
[2025-10-29T03:20:28.717+0700] {subprocess.py:93} INFO - 	com.google.code.findbugs#jsr305;3.0.0 from central in [default]
[2025-10-29T03:20:28.717+0700] {subprocess.py:93} INFO - 	commons-logging#commons-logging;1.1.3 from central in [default]
[2025-10-29T03:20:28.718+0700] {subprocess.py:93} INFO - 	org.apache.commons#commons-pool2;2.11.1 from central in [default]
[2025-10-29T03:20:28.718+0700] {subprocess.py:93} INFO - 	org.apache.hadoop#hadoop-client-api;3.3.4 from central in [default]
[2025-10-29T03:20:28.718+0700] {subprocess.py:93} INFO - 	org.apache.hadoop#hadoop-client-runtime;3.3.4 from central in [default]
[2025-10-29T03:20:28.719+0700] {subprocess.py:93} INFO - 	org.apache.kafka#kafka-clients;3.4.1 from central in [default]
[2025-10-29T03:20:28.719+0700] {subprocess.py:93} INFO - 	org.apache.spark#spark-sql-kafka-0-10_2.12;3.5.1 from central in [default]
[2025-10-29T03:20:28.719+0700] {subprocess.py:93} INFO - 	org.apache.spark#spark-token-provider-kafka-0-10_2.12;3.5.1 from central in [default]
[2025-10-29T03:20:28.719+0700] {subprocess.py:93} INFO - 	org.checkerframework#checker-qual;3.31.0 from central in [default]
[2025-10-29T03:20:28.720+0700] {subprocess.py:93} INFO - 	org.lz4#lz4-java;1.8.0 from central in [default]
[2025-10-29T03:20:28.720+0700] {subprocess.py:93} INFO - 	org.postgresql#postgresql;42.6.0 from central in [default]
[2025-10-29T03:20:28.720+0700] {subprocess.py:93} INFO - 	org.slf4j#slf4j-api;2.0.7 from central in [default]
[2025-10-29T03:20:28.721+0700] {subprocess.py:93} INFO - 	org.xerial.snappy#snappy-java;1.1.10.3 from central in [default]
[2025-10-29T03:20:28.721+0700] {subprocess.py:93} INFO - 	---------------------------------------------------------------------
[2025-10-29T03:20:28.721+0700] {subprocess.py:93} INFO - 	|                  |            modules            ||   artifacts   |
[2025-10-29T03:20:28.722+0700] {subprocess.py:93} INFO - 	|       conf       | number| search|dwnlded|evicted|| number|dwnlded|
[2025-10-29T03:20:28.722+0700] {subprocess.py:93} INFO - 	---------------------------------------------------------------------
[2025-10-29T03:20:28.722+0700] {subprocess.py:93} INFO - 	|      default     |   13  |   0   |   0   |   0   ||   13  |   0   |
[2025-10-29T03:20:28.722+0700] {subprocess.py:93} INFO - 	---------------------------------------------------------------------
[2025-10-29T03:20:28.723+0700] {subprocess.py:93} INFO - :: retrieving :: org.apache.spark#spark-submit-parent-9bc071c2-5b28-43bc-a7d7-da705dad531d
[2025-10-29T03:20:28.723+0700] {subprocess.py:93} INFO - 	confs: [default]
[2025-10-29T03:20:28.731+0700] {subprocess.py:93} INFO - 	0 artifacts copied, 13 already retrieved (0kB/8ms)
[2025-10-29T03:20:28.889+0700] {subprocess.py:93} INFO - 25/10/29 03:20:28 WARN NativeCodeLoader: Unable to load native-hadoop library for your platform... using builtin-java classes where applicable
[2025-10-29T03:20:32.361+0700] {subprocess.py:93} INFO - There was a problem when trying to write in your cache folder (/home/***/.cache/huggingface/hub). You should set the environment variable TRANSFORMERS_CACHE to a writable directory.
[2025-10-29T03:20:32.468+0700] {subprocess.py:93} INFO - 25/10/29 03:20:32 INFO SparkContext: Running Spark version 3.5.1
[2025-10-29T03:20:32.468+0700] {subprocess.py:93} INFO - 25/10/29 03:20:32 INFO SparkContext: OS info Linux, 6.14.0-33-generic, amd64
[2025-10-29T03:20:32.468+0700] {subprocess.py:93} INFO - 25/10/29 03:20:32 INFO SparkContext: Java version 17.0.17
[2025-10-29T03:20:32.480+0700] {subprocess.py:93} INFO - 25/10/29 03:20:32 INFO ResourceUtils: ==============================================================
[2025-10-29T03:20:32.481+0700] {subprocess.py:93} INFO - 25/10/29 03:20:32 INFO ResourceUtils: No custom resources configured for spark.driver.
[2025-10-29T03:20:32.481+0700] {subprocess.py:93} INFO - 25/10/29 03:20:32 INFO ResourceUtils: ==============================================================
[2025-10-29T03:20:32.481+0700] {subprocess.py:93} INFO - 25/10/29 03:20:32 INFO SparkContext: Submitted application: Kafka_ABSA_Postgres
[2025-10-29T03:20:32.492+0700] {subprocess.py:93} INFO - 25/10/29 03:20:32 INFO ResourceProfile: Default ResourceProfile created, executor resources: Map(cores -> name: cores, amount: 1, script: , vendor: , memory -> name: memory, amount: 1024, script: , vendor: , offHeap -> name: offHeap, amount: 0, script: , vendor: ), task resources: Map(cpus -> name: cpus, amount: 1.0)
[2025-10-29T03:20:32.497+0700] {subprocess.py:93} INFO - 25/10/29 03:20:32 INFO ResourceProfile: Limiting resource is cpu
[2025-10-29T03:20:32.497+0700] {subprocess.py:93} INFO - 25/10/29 03:20:32 INFO ResourceProfileManager: Added ResourceProfile id: 0
[2025-10-29T03:20:32.527+0700] {subprocess.py:93} INFO - 25/10/29 03:20:32 INFO SecurityManager: Changing view acls to: default
[2025-10-29T03:20:32.527+0700] {subprocess.py:93} INFO - 25/10/29 03:20:32 INFO SecurityManager: Changing modify acls to: default
[2025-10-29T03:20:32.527+0700] {subprocess.py:93} INFO - 25/10/29 03:20:32 INFO SecurityManager: Changing view acls groups to:
[2025-10-29T03:20:32.528+0700] {subprocess.py:93} INFO - 25/10/29 03:20:32 INFO SecurityManager: Changing modify acls groups to:
[2025-10-29T03:20:32.528+0700] {subprocess.py:93} INFO - 25/10/29 03:20:32 INFO SecurityManager: SecurityManager: authentication disabled; ui acls disabled; users with view permissions: default; groups with view permissions: EMPTY; users with modify permissions: default; groups with modify permissions: EMPTY
[2025-10-29T03:20:32.651+0700] {subprocess.py:93} INFO - 25/10/29 03:20:32 INFO Utils: Successfully started service 'sparkDriver' on port 44119.
[2025-10-29T03:20:32.674+0700] {subprocess.py:93} INFO - 25/10/29 03:20:32 INFO SparkEnv: Registering MapOutputTracker
[2025-10-29T03:20:32.694+0700] {subprocess.py:93} INFO - 25/10/29 03:20:32 INFO SparkEnv: Registering BlockManagerMaster
[2025-10-29T03:20:32.704+0700] {subprocess.py:93} INFO - 25/10/29 03:20:32 INFO BlockManagerMasterEndpoint: Using org.apache.spark.storage.DefaultTopologyMapper for getting topology information
[2025-10-29T03:20:32.705+0700] {subprocess.py:93} INFO - 25/10/29 03:20:32 INFO BlockManagerMasterEndpoint: BlockManagerMasterEndpoint up
[2025-10-29T03:20:32.707+0700] {subprocess.py:93} INFO - 25/10/29 03:20:32 INFO SparkEnv: Registering BlockManagerMasterHeartbeat
[2025-10-29T03:20:32.720+0700] {subprocess.py:93} INFO - 25/10/29 03:20:32 INFO DiskBlockManager: Created local directory at /tmp/blockmgr-55cbe875-8c29-413a-9875-dd641308d1e0
[2025-10-29T03:20:32.730+0700] {subprocess.py:93} INFO - 25/10/29 03:20:32 INFO MemoryStore: MemoryStore started with capacity 434.4 MiB
[2025-10-29T03:20:32.740+0700] {subprocess.py:93} INFO - 25/10/29 03:20:32 INFO SparkEnv: Registering OutputCommitCoordinator
[2025-10-29T03:20:32.820+0700] {subprocess.py:93} INFO - 25/10/29 03:20:32 INFO JettyUtils: Start Jetty 0.0.0.0:4040 for SparkUI
[2025-10-29T03:20:32.854+0700] {subprocess.py:93} INFO - 25/10/29 03:20:32 INFO Utils: Successfully started service 'SparkUI' on port 4040.
[2025-10-29T03:20:32.878+0700] {subprocess.py:93} INFO - 25/10/29 03:20:32 INFO SparkContext: Added JAR file:///home/***/.ivy2/jars/org.apache.spark_spark-sql-kafka-0-10_2.12-3.5.1.jar at spark://dfeadd712fc3:44119/jars/org.apache.spark_spark-sql-kafka-0-10_2.12-3.5.1.jar with timestamp 1761682832464
[2025-10-29T03:20:32.879+0700] {subprocess.py:93} INFO - 25/10/29 03:20:32 INFO SparkContext: Added JAR file:///home/***/.ivy2/jars/org.postgresql_postgresql-42.6.0.jar at spark://dfeadd712fc3:44119/jars/org.postgresql_postgresql-42.6.0.jar with timestamp 1761682832464
[2025-10-29T03:20:32.879+0700] {subprocess.py:93} INFO - 25/10/29 03:20:32 INFO SparkContext: Added JAR file:///home/***/.ivy2/jars/org.apache.spark_spark-token-provider-kafka-0-10_2.12-3.5.1.jar at spark://dfeadd712fc3:44119/jars/org.apache.spark_spark-token-provider-kafka-0-10_2.12-3.5.1.jar with timestamp 1761682832464
[2025-10-29T03:20:32.879+0700] {subprocess.py:93} INFO - 25/10/29 03:20:32 INFO SparkContext: Added JAR file:///home/***/.ivy2/jars/org.apache.kafka_kafka-clients-3.4.1.jar at spark://dfeadd712fc3:44119/jars/org.apache.kafka_kafka-clients-3.4.1.jar with timestamp 1761682832464
[2025-10-29T03:20:32.879+0700] {subprocess.py:93} INFO - 25/10/29 03:20:32 INFO SparkContext: Added JAR file:///home/***/.ivy2/jars/com.google.code.findbugs_jsr305-3.0.0.jar at spark://dfeadd712fc3:44119/jars/com.google.code.findbugs_jsr305-3.0.0.jar with timestamp 1761682832464
[2025-10-29T03:20:32.879+0700] {subprocess.py:93} INFO - 25/10/29 03:20:32 INFO SparkContext: Added JAR file:///home/***/.ivy2/jars/org.apache.commons_commons-pool2-2.11.1.jar at spark://dfeadd712fc3:44119/jars/org.apache.commons_commons-pool2-2.11.1.jar with timestamp 1761682832464
[2025-10-29T03:20:32.879+0700] {subprocess.py:93} INFO - 25/10/29 03:20:32 INFO SparkContext: Added JAR file:///home/***/.ivy2/jars/org.apache.hadoop_hadoop-client-runtime-3.3.4.jar at spark://dfeadd712fc3:44119/jars/org.apache.hadoop_hadoop-client-runtime-3.3.4.jar with timestamp 1761682832464
[2025-10-29T03:20:32.880+0700] {subprocess.py:93} INFO - 25/10/29 03:20:32 INFO SparkContext: Added JAR file:///home/***/.ivy2/jars/org.lz4_lz4-java-1.8.0.jar at spark://dfeadd712fc3:44119/jars/org.lz4_lz4-java-1.8.0.jar with timestamp 1761682832464
[2025-10-29T03:20:32.880+0700] {subprocess.py:93} INFO - 25/10/29 03:20:32 INFO SparkContext: Added JAR file:///home/***/.ivy2/jars/org.xerial.snappy_snappy-java-1.1.10.3.jar at spark://dfeadd712fc3:44119/jars/org.xerial.snappy_snappy-java-1.1.10.3.jar with timestamp 1761682832464
[2025-10-29T03:20:32.880+0700] {subprocess.py:93} INFO - 25/10/29 03:20:32 INFO SparkContext: Added JAR file:///home/***/.ivy2/jars/org.slf4j_slf4j-api-2.0.7.jar at spark://dfeadd712fc3:44119/jars/org.slf4j_slf4j-api-2.0.7.jar with timestamp 1761682832464
[2025-10-29T03:20:32.880+0700] {subprocess.py:93} INFO - 25/10/29 03:20:32 INFO SparkContext: Added JAR file:///home/***/.ivy2/jars/org.apache.hadoop_hadoop-client-api-3.3.4.jar at spark://dfeadd712fc3:44119/jars/org.apache.hadoop_hadoop-client-api-3.3.4.jar with timestamp 1761682832464
[2025-10-29T03:20:32.880+0700] {subprocess.py:93} INFO - 25/10/29 03:20:32 INFO SparkContext: Added JAR file:///home/***/.ivy2/jars/commons-logging_commons-logging-1.1.3.jar at spark://dfeadd712fc3:44119/jars/commons-logging_commons-logging-1.1.3.jar with timestamp 1761682832464
[2025-10-29T03:20:32.880+0700] {subprocess.py:93} INFO - 25/10/29 03:20:32 INFO SparkContext: Added JAR file:///home/***/.ivy2/jars/org.checkerframework_checker-qual-3.31.0.jar at spark://dfeadd712fc3:44119/jars/org.checkerframework_checker-qual-3.31.0.jar with timestamp 1761682832464
[2025-10-29T03:20:32.882+0700] {subprocess.py:93} INFO - 25/10/29 03:20:32 INFO SparkContext: Added file file:///home/***/.ivy2/jars/org.apache.spark_spark-sql-kafka-0-10_2.12-3.5.1.jar at file:///home/***/.ivy2/jars/org.apache.spark_spark-sql-kafka-0-10_2.12-3.5.1.jar with timestamp 1761682832464
[2025-10-29T03:20:32.882+0700] {subprocess.py:93} INFO - 25/10/29 03:20:32 INFO Utils: Copying /home/***/.ivy2/jars/org.apache.spark_spark-sql-kafka-0-10_2.12-3.5.1.jar to /tmp/spark-031c4182-0fbf-4def-87dc-cada394e9370/userFiles-3c5f3e6a-ed20-480c-9e2e-c649c4e79517/org.apache.spark_spark-sql-kafka-0-10_2.12-3.5.1.jar
[2025-10-29T03:20:32.890+0700] {subprocess.py:93} INFO - 25/10/29 03:20:32 INFO SparkContext: Added file file:///home/***/.ivy2/jars/org.postgresql_postgresql-42.6.0.jar at file:///home/***/.ivy2/jars/org.postgresql_postgresql-42.6.0.jar with timestamp 1761682832464
[2025-10-29T03:20:32.890+0700] {subprocess.py:93} INFO - 25/10/29 03:20:32 INFO Utils: Copying /home/***/.ivy2/jars/org.postgresql_postgresql-42.6.0.jar to /tmp/spark-031c4182-0fbf-4def-87dc-cada394e9370/userFiles-3c5f3e6a-ed20-480c-9e2e-c649c4e79517/org.postgresql_postgresql-42.6.0.jar
[2025-10-29T03:20:32.894+0700] {subprocess.py:93} INFO - 25/10/29 03:20:32 INFO SparkContext: Added file file:///home/***/.ivy2/jars/org.apache.spark_spark-token-provider-kafka-0-10_2.12-3.5.1.jar at file:///home/***/.ivy2/jars/org.apache.spark_spark-token-provider-kafka-0-10_2.12-3.5.1.jar with timestamp 1761682832464
[2025-10-29T03:20:32.894+0700] {subprocess.py:93} INFO - 25/10/29 03:20:32 INFO Utils: Copying /home/***/.ivy2/jars/org.apache.spark_spark-token-provider-kafka-0-10_2.12-3.5.1.jar to /tmp/spark-031c4182-0fbf-4def-87dc-cada394e9370/userFiles-3c5f3e6a-ed20-480c-9e2e-c649c4e79517/org.apache.spark_spark-token-provider-kafka-0-10_2.12-3.5.1.jar
[2025-10-29T03:20:32.897+0700] {subprocess.py:93} INFO - 25/10/29 03:20:32 INFO SparkContext: Added file file:///home/***/.ivy2/jars/org.apache.kafka_kafka-clients-3.4.1.jar at file:///home/***/.ivy2/jars/org.apache.kafka_kafka-clients-3.4.1.jar with timestamp 1761682832464
[2025-10-29T03:20:32.897+0700] {subprocess.py:93} INFO - 25/10/29 03:20:32 INFO Utils: Copying /home/***/.ivy2/jars/org.apache.kafka_kafka-clients-3.4.1.jar to /tmp/spark-031c4182-0fbf-4def-87dc-cada394e9370/userFiles-3c5f3e6a-ed20-480c-9e2e-c649c4e79517/org.apache.kafka_kafka-clients-3.4.1.jar
[2025-10-29T03:20:32.904+0700] {subprocess.py:93} INFO - 25/10/29 03:20:32 INFO SparkContext: Added file file:///home/***/.ivy2/jars/com.google.code.findbugs_jsr305-3.0.0.jar at file:///home/***/.ivy2/jars/com.google.code.findbugs_jsr305-3.0.0.jar with timestamp 1761682832464
[2025-10-29T03:20:32.904+0700] {subprocess.py:93} INFO - 25/10/29 03:20:32 INFO Utils: Copying /home/***/.ivy2/jars/com.google.code.findbugs_jsr305-3.0.0.jar to /tmp/spark-031c4182-0fbf-4def-87dc-cada394e9370/userFiles-3c5f3e6a-ed20-480c-9e2e-c649c4e79517/com.google.code.findbugs_jsr305-3.0.0.jar
[2025-10-29T03:20:32.908+0700] {subprocess.py:93} INFO - 25/10/29 03:20:32 INFO SparkContext: Added file file:///home/***/.ivy2/jars/org.apache.commons_commons-pool2-2.11.1.jar at file:///home/***/.ivy2/jars/org.apache.commons_commons-pool2-2.11.1.jar with timestamp 1761682832464
[2025-10-29T03:20:32.908+0700] {subprocess.py:93} INFO - 25/10/29 03:20:32 INFO Utils: Copying /home/***/.ivy2/jars/org.apache.commons_commons-pool2-2.11.1.jar to /tmp/spark-031c4182-0fbf-4def-87dc-cada394e9370/userFiles-3c5f3e6a-ed20-480c-9e2e-c649c4e79517/org.apache.commons_commons-pool2-2.11.1.jar
[2025-10-29T03:20:32.911+0700] {subprocess.py:93} INFO - 25/10/29 03:20:32 INFO SparkContext: Added file file:///home/***/.ivy2/jars/org.apache.hadoop_hadoop-client-runtime-3.3.4.jar at file:///home/***/.ivy2/jars/org.apache.hadoop_hadoop-client-runtime-3.3.4.jar with timestamp 1761682832464
[2025-10-29T03:20:32.912+0700] {subprocess.py:93} INFO - 25/10/29 03:20:32 INFO Utils: Copying /home/***/.ivy2/jars/org.apache.hadoop_hadoop-client-runtime-3.3.4.jar to /tmp/spark-031c4182-0fbf-4def-87dc-cada394e9370/userFiles-3c5f3e6a-ed20-480c-9e2e-c649c4e79517/org.apache.hadoop_hadoop-client-runtime-3.3.4.jar
[2025-10-29T03:20:32.928+0700] {subprocess.py:93} INFO - 25/10/29 03:20:32 INFO SparkContext: Added file file:///home/***/.ivy2/jars/org.lz4_lz4-java-1.8.0.jar at file:///home/***/.ivy2/jars/org.lz4_lz4-java-1.8.0.jar with timestamp 1761682832464
[2025-10-29T03:20:32.929+0700] {subprocess.py:93} INFO - 25/10/29 03:20:32 INFO Utils: Copying /home/***/.ivy2/jars/org.lz4_lz4-java-1.8.0.jar to /tmp/spark-031c4182-0fbf-4def-87dc-cada394e9370/userFiles-3c5f3e6a-ed20-480c-9e2e-c649c4e79517/org.lz4_lz4-java-1.8.0.jar
[2025-10-29T03:20:32.932+0700] {subprocess.py:93} INFO - 25/10/29 03:20:32 INFO SparkContext: Added file file:///home/***/.ivy2/jars/org.xerial.snappy_snappy-java-1.1.10.3.jar at file:///home/***/.ivy2/jars/org.xerial.snappy_snappy-java-1.1.10.3.jar with timestamp 1761682832464
[2025-10-29T03:20:32.932+0700] {subprocess.py:93} INFO - 25/10/29 03:20:32 INFO Utils: Copying /home/***/.ivy2/jars/org.xerial.snappy_snappy-java-1.1.10.3.jar to /tmp/spark-031c4182-0fbf-4def-87dc-cada394e9370/userFiles-3c5f3e6a-ed20-480c-9e2e-c649c4e79517/org.xerial.snappy_snappy-java-1.1.10.3.jar
[2025-10-29T03:20:32.936+0700] {subprocess.py:93} INFO - 25/10/29 03:20:32 INFO SparkContext: Added file file:///home/***/.ivy2/jars/org.slf4j_slf4j-api-2.0.7.jar at file:///home/***/.ivy2/jars/org.slf4j_slf4j-api-2.0.7.jar with timestamp 1761682832464
[2025-10-29T03:20:32.936+0700] {subprocess.py:93} INFO - 25/10/29 03:20:32 INFO Utils: Copying /home/***/.ivy2/jars/org.slf4j_slf4j-api-2.0.7.jar to /tmp/spark-031c4182-0fbf-4def-87dc-cada394e9370/userFiles-3c5f3e6a-ed20-480c-9e2e-c649c4e79517/org.slf4j_slf4j-api-2.0.7.jar
[2025-10-29T03:20:32.940+0700] {subprocess.py:93} INFO - 25/10/29 03:20:32 INFO SparkContext: Added file file:///home/***/.ivy2/jars/org.apache.hadoop_hadoop-client-api-3.3.4.jar at file:///home/***/.ivy2/jars/org.apache.hadoop_hadoop-client-api-3.3.4.jar with timestamp 1761682832464
[2025-10-29T03:20:32.940+0700] {subprocess.py:93} INFO - 25/10/29 03:20:32 INFO Utils: Copying /home/***/.ivy2/jars/org.apache.hadoop_hadoop-client-api-3.3.4.jar to /tmp/spark-031c4182-0fbf-4def-87dc-cada394e9370/userFiles-3c5f3e6a-ed20-480c-9e2e-c649c4e79517/org.apache.hadoop_hadoop-client-api-3.3.4.jar
[2025-10-29T03:20:32.952+0700] {subprocess.py:93} INFO - 25/10/29 03:20:32 INFO SparkContext: Added file file:///home/***/.ivy2/jars/commons-logging_commons-logging-1.1.3.jar at file:///home/***/.ivy2/jars/commons-logging_commons-logging-1.1.3.jar with timestamp 1761682832464
[2025-10-29T03:20:32.952+0700] {subprocess.py:93} INFO - 25/10/29 03:20:32 INFO Utils: Copying /home/***/.ivy2/jars/commons-logging_commons-logging-1.1.3.jar to /tmp/spark-031c4182-0fbf-4def-87dc-cada394e9370/userFiles-3c5f3e6a-ed20-480c-9e2e-c649c4e79517/commons-logging_commons-logging-1.1.3.jar
[2025-10-29T03:20:32.955+0700] {subprocess.py:93} INFO - 25/10/29 03:20:32 INFO SparkContext: Added file file:///home/***/.ivy2/jars/org.checkerframework_checker-qual-3.31.0.jar at file:///home/***/.ivy2/jars/org.checkerframework_checker-qual-3.31.0.jar with timestamp 1761682832464
[2025-10-29T03:20:32.955+0700] {subprocess.py:93} INFO - 25/10/29 03:20:32 INFO Utils: Copying /home/***/.ivy2/jars/org.checkerframework_checker-qual-3.31.0.jar to /tmp/spark-031c4182-0fbf-4def-87dc-cada394e9370/userFiles-3c5f3e6a-ed20-480c-9e2e-c649c4e79517/org.checkerframework_checker-qual-3.31.0.jar
[2025-10-29T03:20:32.992+0700] {subprocess.py:93} INFO - 25/10/29 03:20:32 INFO Executor: Starting executor ID driver on host dfeadd712fc3
[2025-10-29T03:20:32.992+0700] {subprocess.py:93} INFO - 25/10/29 03:20:32 INFO Executor: OS info Linux, 6.14.0-33-generic, amd64
[2025-10-29T03:20:32.992+0700] {subprocess.py:93} INFO - 25/10/29 03:20:32 INFO Executor: Java version 17.0.17
[2025-10-29T03:20:32.996+0700] {subprocess.py:93} INFO - 25/10/29 03:20:32 INFO Executor: Starting executor with user classpath (userClassPathFirst = false): ''
[2025-10-29T03:20:32.996+0700] {subprocess.py:93} INFO - 25/10/29 03:20:32 INFO Executor: Created or updated repl class loader org.apache.spark.util.MutableURLClassLoader@200c19a2 for default.
[2025-10-29T03:20:33.003+0700] {subprocess.py:93} INFO - 25/10/29 03:20:33 INFO Executor: Fetching file:///home/***/.ivy2/jars/org.apache.spark_spark-sql-kafka-0-10_2.12-3.5.1.jar with timestamp 1761682832464
[2025-10-29T03:20:33.018+0700] {subprocess.py:93} INFO - 25/10/29 03:20:33 INFO Utils: /home/***/.ivy2/jars/org.apache.spark_spark-sql-kafka-0-10_2.12-3.5.1.jar has been previously copied to /tmp/spark-031c4182-0fbf-4def-87dc-cada394e9370/userFiles-3c5f3e6a-ed20-480c-9e2e-c649c4e79517/org.apache.spark_spark-sql-kafka-0-10_2.12-3.5.1.jar
[2025-10-29T03:20:33.021+0700] {subprocess.py:93} INFO - 25/10/29 03:20:33 INFO Executor: Fetching file:///home/***/.ivy2/jars/org.apache.hadoop_hadoop-client-runtime-3.3.4.jar with timestamp 1761682832464
[2025-10-29T03:20:33.039+0700] {subprocess.py:93} INFO - 25/10/29 03:20:33 INFO Utils: /home/***/.ivy2/jars/org.apache.hadoop_hadoop-client-runtime-3.3.4.jar has been previously copied to /tmp/spark-031c4182-0fbf-4def-87dc-cada394e9370/userFiles-3c5f3e6a-ed20-480c-9e2e-c649c4e79517/org.apache.hadoop_hadoop-client-runtime-3.3.4.jar
[2025-10-29T03:20:33.042+0700] {subprocess.py:93} INFO - 25/10/29 03:20:33 INFO Executor: Fetching file:///home/***/.ivy2/jars/org.apache.hadoop_hadoop-client-api-3.3.4.jar with timestamp 1761682832464
[2025-10-29T03:20:33.054+0700] {subprocess.py:93} INFO - 25/10/29 03:20:33 INFO Utils: /home/***/.ivy2/jars/org.apache.hadoop_hadoop-client-api-3.3.4.jar has been previously copied to /tmp/spark-031c4182-0fbf-4def-87dc-cada394e9370/userFiles-3c5f3e6a-ed20-480c-9e2e-c649c4e79517/org.apache.hadoop_hadoop-client-api-3.3.4.jar
[2025-10-29T03:20:33.057+0700] {subprocess.py:93} INFO - 25/10/29 03:20:33 INFO Executor: Fetching file:///home/***/.ivy2/jars/org.apache.spark_spark-token-provider-kafka-0-10_2.12-3.5.1.jar with timestamp 1761682832464
[2025-10-29T03:20:33.057+0700] {subprocess.py:93} INFO - 25/10/29 03:20:33 INFO Utils: /home/***/.ivy2/jars/org.apache.spark_spark-token-provider-kafka-0-10_2.12-3.5.1.jar has been previously copied to /tmp/spark-031c4182-0fbf-4def-87dc-cada394e9370/userFiles-3c5f3e6a-ed20-480c-9e2e-c649c4e79517/org.apache.spark_spark-token-provider-kafka-0-10_2.12-3.5.1.jar
[2025-10-29T03:20:33.060+0700] {subprocess.py:93} INFO - 25/10/29 03:20:33 INFO Executor: Fetching file:///home/***/.ivy2/jars/com.google.code.findbugs_jsr305-3.0.0.jar with timestamp 1761682832464
[2025-10-29T03:20:33.060+0700] {subprocess.py:93} INFO - 25/10/29 03:20:33 INFO Utils: /home/***/.ivy2/jars/com.google.code.findbugs_jsr305-3.0.0.jar has been previously copied to /tmp/spark-031c4182-0fbf-4def-87dc-cada394e9370/userFiles-3c5f3e6a-ed20-480c-9e2e-c649c4e79517/com.google.code.findbugs_jsr305-3.0.0.jar
[2025-10-29T03:20:33.062+0700] {subprocess.py:93} INFO - 25/10/29 03:20:33 INFO Executor: Fetching file:///home/***/.ivy2/jars/org.lz4_lz4-java-1.8.0.jar with timestamp 1761682832464
[2025-10-29T03:20:33.063+0700] {subprocess.py:93} INFO - 25/10/29 03:20:33 INFO Utils: /home/***/.ivy2/jars/org.lz4_lz4-java-1.8.0.jar has been previously copied to /tmp/spark-031c4182-0fbf-4def-87dc-cada394e9370/userFiles-3c5f3e6a-ed20-480c-9e2e-c649c4e79517/org.lz4_lz4-java-1.8.0.jar
[2025-10-29T03:20:33.065+0700] {subprocess.py:93} INFO - 25/10/29 03:20:33 INFO Executor: Fetching file:///home/***/.ivy2/jars/org.slf4j_slf4j-api-2.0.7.jar with timestamp 1761682832464
[2025-10-29T03:20:33.065+0700] {subprocess.py:93} INFO - 25/10/29 03:20:33 INFO Utils: /home/***/.ivy2/jars/org.slf4j_slf4j-api-2.0.7.jar has been previously copied to /tmp/spark-031c4182-0fbf-4def-87dc-cada394e9370/userFiles-3c5f3e6a-ed20-480c-9e2e-c649c4e79517/org.slf4j_slf4j-api-2.0.7.jar
[2025-10-29T03:20:33.068+0700] {subprocess.py:93} INFO - 25/10/29 03:20:33 INFO Executor: Fetching file:///home/***/.ivy2/jars/org.checkerframework_checker-qual-3.31.0.jar with timestamp 1761682832464
[2025-10-29T03:20:33.068+0700] {subprocess.py:93} INFO - 25/10/29 03:20:33 INFO Utils: /home/***/.ivy2/jars/org.checkerframework_checker-qual-3.31.0.jar has been previously copied to /tmp/spark-031c4182-0fbf-4def-87dc-cada394e9370/userFiles-3c5f3e6a-ed20-480c-9e2e-c649c4e79517/org.checkerframework_checker-qual-3.31.0.jar
[2025-10-29T03:20:33.070+0700] {subprocess.py:93} INFO - 25/10/29 03:20:33 INFO Executor: Fetching file:///home/***/.ivy2/jars/org.apache.commons_commons-pool2-2.11.1.jar with timestamp 1761682832464
[2025-10-29T03:20:33.070+0700] {subprocess.py:93} INFO - 25/10/29 03:20:33 INFO Utils: /home/***/.ivy2/jars/org.apache.commons_commons-pool2-2.11.1.jar has been previously copied to /tmp/spark-031c4182-0fbf-4def-87dc-cada394e9370/userFiles-3c5f3e6a-ed20-480c-9e2e-c649c4e79517/org.apache.commons_commons-pool2-2.11.1.jar
[2025-10-29T03:20:33.072+0700] {subprocess.py:93} INFO - 25/10/29 03:20:33 INFO Executor: Fetching file:///home/***/.ivy2/jars/commons-logging_commons-logging-1.1.3.jar with timestamp 1761682832464
[2025-10-29T03:20:33.072+0700] {subprocess.py:93} INFO - 25/10/29 03:20:33 INFO Utils: /home/***/.ivy2/jars/commons-logging_commons-logging-1.1.3.jar has been previously copied to /tmp/spark-031c4182-0fbf-4def-87dc-cada394e9370/userFiles-3c5f3e6a-ed20-480c-9e2e-c649c4e79517/commons-logging_commons-logging-1.1.3.jar
[2025-10-29T03:20:33.074+0700] {subprocess.py:93} INFO - 25/10/29 03:20:33 INFO Executor: Fetching file:///home/***/.ivy2/jars/org.xerial.snappy_snappy-java-1.1.10.3.jar with timestamp 1761682832464
[2025-10-29T03:20:33.076+0700] {subprocess.py:93} INFO - 25/10/29 03:20:33 INFO Utils: /home/***/.ivy2/jars/org.xerial.snappy_snappy-java-1.1.10.3.jar has been previously copied to /tmp/spark-031c4182-0fbf-4def-87dc-cada394e9370/userFiles-3c5f3e6a-ed20-480c-9e2e-c649c4e79517/org.xerial.snappy_snappy-java-1.1.10.3.jar
[2025-10-29T03:20:33.077+0700] {subprocess.py:93} INFO - 25/10/29 03:20:33 INFO Executor: Fetching file:///home/***/.ivy2/jars/org.postgresql_postgresql-42.6.0.jar with timestamp 1761682832464
[2025-10-29T03:20:33.078+0700] {subprocess.py:93} INFO - 25/10/29 03:20:33 INFO Utils: /home/***/.ivy2/jars/org.postgresql_postgresql-42.6.0.jar has been previously copied to /tmp/spark-031c4182-0fbf-4def-87dc-cada394e9370/userFiles-3c5f3e6a-ed20-480c-9e2e-c649c4e79517/org.postgresql_postgresql-42.6.0.jar
[2025-10-29T03:20:33.080+0700] {subprocess.py:93} INFO - 25/10/29 03:20:33 INFO Executor: Fetching file:///home/***/.ivy2/jars/org.apache.kafka_kafka-clients-3.4.1.jar with timestamp 1761682832464
[2025-10-29T03:20:33.082+0700] {subprocess.py:93} INFO - 25/10/29 03:20:33 INFO Utils: /home/***/.ivy2/jars/org.apache.kafka_kafka-clients-3.4.1.jar has been previously copied to /tmp/spark-031c4182-0fbf-4def-87dc-cada394e9370/userFiles-3c5f3e6a-ed20-480c-9e2e-c649c4e79517/org.apache.kafka_kafka-clients-3.4.1.jar
[2025-10-29T03:20:33.085+0700] {subprocess.py:93} INFO - 25/10/29 03:20:33 INFO Executor: Fetching spark://dfeadd712fc3:44119/jars/org.apache.hadoop_hadoop-client-runtime-3.3.4.jar with timestamp 1761682832464
[2025-10-29T03:20:33.105+0700] {subprocess.py:93} INFO - 25/10/29 03:20:33 INFO TransportClientFactory: Successfully created connection to dfeadd712fc3/172.18.0.6:44119 after 14 ms (0 ms spent in bootstraps)
[2025-10-29T03:20:33.108+0700] {subprocess.py:93} INFO - 25/10/29 03:20:33 INFO Utils: Fetching spark://dfeadd712fc3:44119/jars/org.apache.hadoop_hadoop-client-runtime-3.3.4.jar to /tmp/spark-031c4182-0fbf-4def-87dc-cada394e9370/userFiles-3c5f3e6a-ed20-480c-9e2e-c649c4e79517/fetchFileTemp9819095385163150669.tmp
[2025-10-29T03:20:33.217+0700] {subprocess.py:93} INFO - 25/10/29 03:20:33 INFO Utils: /tmp/spark-031c4182-0fbf-4def-87dc-cada394e9370/userFiles-3c5f3e6a-ed20-480c-9e2e-c649c4e79517/fetchFileTemp9819095385163150669.tmp has been previously copied to /tmp/spark-031c4182-0fbf-4def-87dc-cada394e9370/userFiles-3c5f3e6a-ed20-480c-9e2e-c649c4e79517/org.apache.hadoop_hadoop-client-runtime-3.3.4.jar
[2025-10-29T03:20:33.223+0700] {subprocess.py:93} INFO - 25/10/29 03:20:33 INFO Executor: Adding file:/tmp/spark-031c4182-0fbf-4def-87dc-cada394e9370/userFiles-3c5f3e6a-ed20-480c-9e2e-c649c4e79517/org.apache.hadoop_hadoop-client-runtime-3.3.4.jar to class loader default
[2025-10-29T03:20:33.223+0700] {subprocess.py:93} INFO - 25/10/29 03:20:33 INFO Executor: Fetching spark://dfeadd712fc3:44119/jars/commons-logging_commons-logging-1.1.3.jar with timestamp 1761682832464
[2025-10-29T03:20:33.224+0700] {subprocess.py:93} INFO - 25/10/29 03:20:33 INFO Utils: Fetching spark://dfeadd712fc3:44119/jars/commons-logging_commons-logging-1.1.3.jar to /tmp/spark-031c4182-0fbf-4def-87dc-cada394e9370/userFiles-3c5f3e6a-ed20-480c-9e2e-c649c4e79517/fetchFileTemp12896681876309201429.tmp
[2025-10-29T03:20:33.225+0700] {subprocess.py:93} INFO - 25/10/29 03:20:33 INFO Utils: /tmp/spark-031c4182-0fbf-4def-87dc-cada394e9370/userFiles-3c5f3e6a-ed20-480c-9e2e-c649c4e79517/fetchFileTemp12896681876309201429.tmp has been previously copied to /tmp/spark-031c4182-0fbf-4def-87dc-cada394e9370/userFiles-3c5f3e6a-ed20-480c-9e2e-c649c4e79517/commons-logging_commons-logging-1.1.3.jar
[2025-10-29T03:20:33.227+0700] {subprocess.py:93} INFO - 25/10/29 03:20:33 INFO Executor: Adding file:/tmp/spark-031c4182-0fbf-4def-87dc-cada394e9370/userFiles-3c5f3e6a-ed20-480c-9e2e-c649c4e79517/commons-logging_commons-logging-1.1.3.jar to class loader default
[2025-10-29T03:20:33.227+0700] {subprocess.py:93} INFO - 25/10/29 03:20:33 INFO Executor: Fetching spark://dfeadd712fc3:44119/jars/org.slf4j_slf4j-api-2.0.7.jar with timestamp 1761682832464
[2025-10-29T03:20:33.227+0700] {subprocess.py:93} INFO - 25/10/29 03:20:33 INFO Utils: Fetching spark://dfeadd712fc3:44119/jars/org.slf4j_slf4j-api-2.0.7.jar to /tmp/spark-031c4182-0fbf-4def-87dc-cada394e9370/userFiles-3c5f3e6a-ed20-480c-9e2e-c649c4e79517/fetchFileTemp16308713883363531168.tmp
[2025-10-29T03:20:33.228+0700] {subprocess.py:93} INFO - 25/10/29 03:20:33 INFO Utils: /tmp/spark-031c4182-0fbf-4def-87dc-cada394e9370/userFiles-3c5f3e6a-ed20-480c-9e2e-c649c4e79517/fetchFileTemp16308713883363531168.tmp has been previously copied to /tmp/spark-031c4182-0fbf-4def-87dc-cada394e9370/userFiles-3c5f3e6a-ed20-480c-9e2e-c649c4e79517/org.slf4j_slf4j-api-2.0.7.jar
[2025-10-29T03:20:33.230+0700] {subprocess.py:93} INFO - 25/10/29 03:20:33 INFO Executor: Adding file:/tmp/spark-031c4182-0fbf-4def-87dc-cada394e9370/userFiles-3c5f3e6a-ed20-480c-9e2e-c649c4e79517/org.slf4j_slf4j-api-2.0.7.jar to class loader default
[2025-10-29T03:20:33.230+0700] {subprocess.py:93} INFO - 25/10/29 03:20:33 INFO Executor: Fetching spark://dfeadd712fc3:44119/jars/org.xerial.snappy_snappy-java-1.1.10.3.jar with timestamp 1761682832464
[2025-10-29T03:20:33.231+0700] {subprocess.py:93} INFO - 25/10/29 03:20:33 INFO Utils: Fetching spark://dfeadd712fc3:44119/jars/org.xerial.snappy_snappy-java-1.1.10.3.jar to /tmp/spark-031c4182-0fbf-4def-87dc-cada394e9370/userFiles-3c5f3e6a-ed20-480c-9e2e-c649c4e79517/fetchFileTemp6710623896579110805.tmp
[2025-10-29T03:20:33.234+0700] {subprocess.py:93} INFO - 25/10/29 03:20:33 INFO Utils: /tmp/spark-031c4182-0fbf-4def-87dc-cada394e9370/userFiles-3c5f3e6a-ed20-480c-9e2e-c649c4e79517/fetchFileTemp6710623896579110805.tmp has been previously copied to /tmp/spark-031c4182-0fbf-4def-87dc-cada394e9370/userFiles-3c5f3e6a-ed20-480c-9e2e-c649c4e79517/org.xerial.snappy_snappy-java-1.1.10.3.jar
[2025-10-29T03:20:33.311+0700] {subprocess.py:93} INFO - 25/10/29 03:20:33 INFO Executor: Adding file:/tmp/spark-031c4182-0fbf-4def-87dc-cada394e9370/userFiles-3c5f3e6a-ed20-480c-9e2e-c649c4e79517/org.xerial.snappy_snappy-java-1.1.10.3.jar to class loader default
[2025-10-29T03:20:33.313+0700] {subprocess.py:93} INFO - 25/10/29 03:20:33 INFO Executor: Fetching spark://dfeadd712fc3:44119/jars/org.postgresql_postgresql-42.6.0.jar with timestamp 1761682832464
[2025-10-29T03:20:33.314+0700] {subprocess.py:93} INFO - 25/10/29 03:20:33 INFO Utils: Fetching spark://dfeadd712fc3:44119/jars/org.postgresql_postgresql-42.6.0.jar to /tmp/spark-031c4182-0fbf-4def-87dc-cada394e9370/userFiles-3c5f3e6a-ed20-480c-9e2e-c649c4e79517/fetchFileTemp12759868169520056755.tmp
[2025-10-29T03:20:33.320+0700] {subprocess.py:93} INFO - 25/10/29 03:20:33 INFO Utils: /tmp/spark-031c4182-0fbf-4def-87dc-cada394e9370/userFiles-3c5f3e6a-ed20-480c-9e2e-c649c4e79517/fetchFileTemp12759868169520056755.tmp has been previously copied to /tmp/spark-031c4182-0fbf-4def-87dc-cada394e9370/userFiles-3c5f3e6a-ed20-480c-9e2e-c649c4e79517/org.postgresql_postgresql-42.6.0.jar
[2025-10-29T03:20:33.324+0700] {subprocess.py:93} INFO - 25/10/29 03:20:33 INFO Executor: Adding file:/tmp/spark-031c4182-0fbf-4def-87dc-cada394e9370/userFiles-3c5f3e6a-ed20-480c-9e2e-c649c4e79517/org.postgresql_postgresql-42.6.0.jar to class loader default
[2025-10-29T03:20:33.324+0700] {subprocess.py:93} INFO - 25/10/29 03:20:33 INFO Executor: Fetching spark://dfeadd712fc3:44119/jars/org.apache.commons_commons-pool2-2.11.1.jar with timestamp 1761682832464
[2025-10-29T03:20:33.324+0700] {subprocess.py:93} INFO - 25/10/29 03:20:33 INFO Utils: Fetching spark://dfeadd712fc3:44119/jars/org.apache.commons_commons-pool2-2.11.1.jar to /tmp/spark-031c4182-0fbf-4def-87dc-cada394e9370/userFiles-3c5f3e6a-ed20-480c-9e2e-c649c4e79517/fetchFileTemp17999211685112913025.tmp
[2025-10-29T03:20:33.325+0700] {subprocess.py:93} INFO - 25/10/29 03:20:33 INFO Utils: /tmp/spark-031c4182-0fbf-4def-87dc-cada394e9370/userFiles-3c5f3e6a-ed20-480c-9e2e-c649c4e79517/fetchFileTemp17999211685112913025.tmp has been previously copied to /tmp/spark-031c4182-0fbf-4def-87dc-cada394e9370/userFiles-3c5f3e6a-ed20-480c-9e2e-c649c4e79517/org.apache.commons_commons-pool2-2.11.1.jar
[2025-10-29T03:20:33.329+0700] {subprocess.py:93} INFO - 25/10/29 03:20:33 INFO Executor: Adding file:/tmp/spark-031c4182-0fbf-4def-87dc-cada394e9370/userFiles-3c5f3e6a-ed20-480c-9e2e-c649c4e79517/org.apache.commons_commons-pool2-2.11.1.jar to class loader default
[2025-10-29T03:20:33.329+0700] {subprocess.py:93} INFO - 25/10/29 03:20:33 INFO Executor: Fetching spark://dfeadd712fc3:44119/jars/org.apache.kafka_kafka-clients-3.4.1.jar with timestamp 1761682832464
[2025-10-29T03:20:33.330+0700] {subprocess.py:93} INFO - 25/10/29 03:20:33 INFO Utils: Fetching spark://dfeadd712fc3:44119/jars/org.apache.kafka_kafka-clients-3.4.1.jar to /tmp/spark-031c4182-0fbf-4def-87dc-cada394e9370/userFiles-3c5f3e6a-ed20-480c-9e2e-c649c4e79517/fetchFileTemp4463114304898297978.tmp
[2025-10-29T03:20:33.340+0700] {subprocess.py:93} INFO - 25/10/29 03:20:33 INFO Utils: /tmp/spark-031c4182-0fbf-4def-87dc-cada394e9370/userFiles-3c5f3e6a-ed20-480c-9e2e-c649c4e79517/fetchFileTemp4463114304898297978.tmp has been previously copied to /tmp/spark-031c4182-0fbf-4def-87dc-cada394e9370/userFiles-3c5f3e6a-ed20-480c-9e2e-c649c4e79517/org.apache.kafka_kafka-clients-3.4.1.jar
[2025-10-29T03:20:33.350+0700] {subprocess.py:93} INFO - 25/10/29 03:20:33 INFO Executor: Adding file:/tmp/spark-031c4182-0fbf-4def-87dc-cada394e9370/userFiles-3c5f3e6a-ed20-480c-9e2e-c649c4e79517/org.apache.kafka_kafka-clients-3.4.1.jar to class loader default
[2025-10-29T03:20:33.350+0700] {subprocess.py:93} INFO - 25/10/29 03:20:33 INFO Executor: Fetching spark://dfeadd712fc3:44119/jars/org.apache.hadoop_hadoop-client-api-3.3.4.jar with timestamp 1761682832464
[2025-10-29T03:20:33.351+0700] {subprocess.py:93} INFO - 25/10/29 03:20:33 INFO Utils: Fetching spark://dfeadd712fc3:44119/jars/org.apache.hadoop_hadoop-client-api-3.3.4.jar to /tmp/spark-031c4182-0fbf-4def-87dc-cada394e9370/userFiles-3c5f3e6a-ed20-480c-9e2e-c649c4e79517/fetchFileTemp13194184636045879039.tmp
[2025-10-29T03:20:33.413+0700] {subprocess.py:93} INFO - 25/10/29 03:20:33 INFO Utils: /tmp/spark-031c4182-0fbf-4def-87dc-cada394e9370/userFiles-3c5f3e6a-ed20-480c-9e2e-c649c4e79517/fetchFileTemp13194184636045879039.tmp has been previously copied to /tmp/spark-031c4182-0fbf-4def-87dc-cada394e9370/userFiles-3c5f3e6a-ed20-480c-9e2e-c649c4e79517/org.apache.hadoop_hadoop-client-api-3.3.4.jar
[2025-10-29T03:20:33.418+0700] {subprocess.py:93} INFO - 25/10/29 03:20:33 INFO Executor: Adding file:/tmp/spark-031c4182-0fbf-4def-87dc-cada394e9370/userFiles-3c5f3e6a-ed20-480c-9e2e-c649c4e79517/org.apache.hadoop_hadoop-client-api-3.3.4.jar to class loader default
[2025-10-29T03:20:33.418+0700] {subprocess.py:93} INFO - 25/10/29 03:20:33 INFO Executor: Fetching spark://dfeadd712fc3:44119/jars/com.google.code.findbugs_jsr305-3.0.0.jar with timestamp 1761682832464
[2025-10-29T03:20:33.418+0700] {subprocess.py:93} INFO - 25/10/29 03:20:33 INFO Utils: Fetching spark://dfeadd712fc3:44119/jars/com.google.code.findbugs_jsr305-3.0.0.jar to /tmp/spark-031c4182-0fbf-4def-87dc-cada394e9370/userFiles-3c5f3e6a-ed20-480c-9e2e-c649c4e79517/fetchFileTemp12218044929861055175.tmp
[2025-10-29T03:20:33.419+0700] {subprocess.py:93} INFO - 25/10/29 03:20:33 INFO Utils: /tmp/spark-031c4182-0fbf-4def-87dc-cada394e9370/userFiles-3c5f3e6a-ed20-480c-9e2e-c649c4e79517/fetchFileTemp12218044929861055175.tmp has been previously copied to /tmp/spark-031c4182-0fbf-4def-87dc-cada394e9370/userFiles-3c5f3e6a-ed20-480c-9e2e-c649c4e79517/com.google.code.findbugs_jsr305-3.0.0.jar
[2025-10-29T03:20:33.421+0700] {subprocess.py:93} INFO - 25/10/29 03:20:33 INFO Executor: Adding file:/tmp/spark-031c4182-0fbf-4def-87dc-cada394e9370/userFiles-3c5f3e6a-ed20-480c-9e2e-c649c4e79517/com.google.code.findbugs_jsr305-3.0.0.jar to class loader default
[2025-10-29T03:20:33.421+0700] {subprocess.py:93} INFO - 25/10/29 03:20:33 INFO Executor: Fetching spark://dfeadd712fc3:44119/jars/org.apache.spark_spark-token-provider-kafka-0-10_2.12-3.5.1.jar with timestamp 1761682832464
[2025-10-29T03:20:33.422+0700] {subprocess.py:93} INFO - 25/10/29 03:20:33 INFO Utils: Fetching spark://dfeadd712fc3:44119/jars/org.apache.spark_spark-token-provider-kafka-0-10_2.12-3.5.1.jar to /tmp/spark-031c4182-0fbf-4def-87dc-cada394e9370/userFiles-3c5f3e6a-ed20-480c-9e2e-c649c4e79517/fetchFileTemp16558312687063042601.tmp
[2025-10-29T03:20:33.422+0700] {subprocess.py:93} INFO - 25/10/29 03:20:33 INFO Utils: /tmp/spark-031c4182-0fbf-4def-87dc-cada394e9370/userFiles-3c5f3e6a-ed20-480c-9e2e-c649c4e79517/fetchFileTemp16558312687063042601.tmp has been previously copied to /tmp/spark-031c4182-0fbf-4def-87dc-cada394e9370/userFiles-3c5f3e6a-ed20-480c-9e2e-c649c4e79517/org.apache.spark_spark-token-provider-kafka-0-10_2.12-3.5.1.jar
[2025-10-29T03:20:33.424+0700] {subprocess.py:93} INFO - 25/10/29 03:20:33 INFO Executor: Adding file:/tmp/spark-031c4182-0fbf-4def-87dc-cada394e9370/userFiles-3c5f3e6a-ed20-480c-9e2e-c649c4e79517/org.apache.spark_spark-token-provider-kafka-0-10_2.12-3.5.1.jar to class loader default
[2025-10-29T03:20:33.424+0700] {subprocess.py:93} INFO - 25/10/29 03:20:33 INFO Executor: Fetching spark://dfeadd712fc3:44119/jars/org.apache.spark_spark-sql-kafka-0-10_2.12-3.5.1.jar with timestamp 1761682832464
[2025-10-29T03:20:33.425+0700] {subprocess.py:93} INFO - 25/10/29 03:20:33 INFO Utils: Fetching spark://dfeadd712fc3:44119/jars/org.apache.spark_spark-sql-kafka-0-10_2.12-3.5.1.jar to /tmp/spark-031c4182-0fbf-4def-87dc-cada394e9370/userFiles-3c5f3e6a-ed20-480c-9e2e-c649c4e79517/fetchFileTemp141365074356756145.tmp
[2025-10-29T03:20:33.426+0700] {subprocess.py:93} INFO - 25/10/29 03:20:33 INFO Utils: /tmp/spark-031c4182-0fbf-4def-87dc-cada394e9370/userFiles-3c5f3e6a-ed20-480c-9e2e-c649c4e79517/fetchFileTemp141365074356756145.tmp has been previously copied to /tmp/spark-031c4182-0fbf-4def-87dc-cada394e9370/userFiles-3c5f3e6a-ed20-480c-9e2e-c649c4e79517/org.apache.spark_spark-sql-kafka-0-10_2.12-3.5.1.jar
[2025-10-29T03:20:33.428+0700] {subprocess.py:93} INFO - 25/10/29 03:20:33 INFO Executor: Adding file:/tmp/spark-031c4182-0fbf-4def-87dc-cada394e9370/userFiles-3c5f3e6a-ed20-480c-9e2e-c649c4e79517/org.apache.spark_spark-sql-kafka-0-10_2.12-3.5.1.jar to class loader default
[2025-10-29T03:20:33.429+0700] {subprocess.py:93} INFO - 25/10/29 03:20:33 INFO Executor: Fetching spark://dfeadd712fc3:44119/jars/org.lz4_lz4-java-1.8.0.jar with timestamp 1761682832464
[2025-10-29T03:20:33.429+0700] {subprocess.py:93} INFO - 25/10/29 03:20:33 INFO Utils: Fetching spark://dfeadd712fc3:44119/jars/org.lz4_lz4-java-1.8.0.jar to /tmp/spark-031c4182-0fbf-4def-87dc-cada394e9370/userFiles-3c5f3e6a-ed20-480c-9e2e-c649c4e79517/fetchFileTemp4213912153620613061.tmp
[2025-10-29T03:20:33.430+0700] {subprocess.py:93} INFO - 25/10/29 03:20:33 INFO Utils: /tmp/spark-031c4182-0fbf-4def-87dc-cada394e9370/userFiles-3c5f3e6a-ed20-480c-9e2e-c649c4e79517/fetchFileTemp4213912153620613061.tmp has been previously copied to /tmp/spark-031c4182-0fbf-4def-87dc-cada394e9370/userFiles-3c5f3e6a-ed20-480c-9e2e-c649c4e79517/org.lz4_lz4-java-1.8.0.jar
[2025-10-29T03:20:33.433+0700] {subprocess.py:93} INFO - 25/10/29 03:20:33 INFO Executor: Adding file:/tmp/spark-031c4182-0fbf-4def-87dc-cada394e9370/userFiles-3c5f3e6a-ed20-480c-9e2e-c649c4e79517/org.lz4_lz4-java-1.8.0.jar to class loader default
[2025-10-29T03:20:33.434+0700] {subprocess.py:93} INFO - 25/10/29 03:20:33 INFO Executor: Fetching spark://dfeadd712fc3:44119/jars/org.checkerframework_checker-qual-3.31.0.jar with timestamp 1761682832464
[2025-10-29T03:20:33.434+0700] {subprocess.py:93} INFO - 25/10/29 03:20:33 INFO Utils: Fetching spark://dfeadd712fc3:44119/jars/org.checkerframework_checker-qual-3.31.0.jar to /tmp/spark-031c4182-0fbf-4def-87dc-cada394e9370/userFiles-3c5f3e6a-ed20-480c-9e2e-c649c4e79517/fetchFileTemp11625665281249156913.tmp
[2025-10-29T03:20:33.435+0700] {subprocess.py:93} INFO - 25/10/29 03:20:33 INFO Utils: /tmp/spark-031c4182-0fbf-4def-87dc-cada394e9370/userFiles-3c5f3e6a-ed20-480c-9e2e-c649c4e79517/fetchFileTemp11625665281249156913.tmp has been previously copied to /tmp/spark-031c4182-0fbf-4def-87dc-cada394e9370/userFiles-3c5f3e6a-ed20-480c-9e2e-c649c4e79517/org.checkerframework_checker-qual-3.31.0.jar
[2025-10-29T03:20:33.437+0700] {subprocess.py:93} INFO - 25/10/29 03:20:33 INFO Executor: Adding file:/tmp/spark-031c4182-0fbf-4def-87dc-cada394e9370/userFiles-3c5f3e6a-ed20-480c-9e2e-c649c4e79517/org.checkerframework_checker-qual-3.31.0.jar to class loader default
[2025-10-29T03:20:33.442+0700] {subprocess.py:93} INFO - 25/10/29 03:20:33 INFO Utils: Successfully started service 'org.apache.spark.network.netty.NettyBlockTransferService' on port 38161.
[2025-10-29T03:20:33.442+0700] {subprocess.py:93} INFO - 25/10/29 03:20:33 INFO NettyBlockTransferService: Server created on dfeadd712fc3:38161
[2025-10-29T03:20:33.443+0700] {subprocess.py:93} INFO - 25/10/29 03:20:33 INFO BlockManager: Using org.apache.spark.storage.RandomBlockReplicationPolicy for block replication policy
[2025-10-29T03:20:33.447+0700] {subprocess.py:93} INFO - 25/10/29 03:20:33 INFO BlockManagerMaster: Registering BlockManager BlockManagerId(driver, dfeadd712fc3, 38161, None)
[2025-10-29T03:20:33.449+0700] {subprocess.py:93} INFO - 25/10/29 03:20:33 INFO BlockManagerMasterEndpoint: Registering block manager dfeadd712fc3:38161 with 434.4 MiB RAM, BlockManagerId(driver, dfeadd712fc3, 38161, None)
[2025-10-29T03:20:33.451+0700] {subprocess.py:93} INFO - 25/10/29 03:20:33 INFO BlockManagerMaster: Registered BlockManager BlockManagerId(driver, dfeadd712fc3, 38161, None)
[2025-10-29T03:20:33.451+0700] {subprocess.py:93} INFO - 25/10/29 03:20:33 INFO BlockManager: Initialized BlockManager: BlockManagerId(driver, dfeadd712fc3, 38161, None)
[2025-10-29T03:20:35.420+0700] {subprocess.py:93} INFO - 25/10/29 03:20:35 WARN ResolveWriteToStream: spark.sql.adaptive.enabled is not supported in streaming DataFrames/Datasets and will be disabled.
[2025-10-29T03:20:35.566+0700] {subprocess.py:93} INFO - 🚀 Streaming job started — đang lắng nghe dữ liệu từ Kafka...
[2025-10-29T03:20:35.710+0700] {subprocess.py:93} INFO - 25/10/29 03:20:35 WARN AdminClientConfig: These configurations '[key.deserializer, value.deserializer, enable.auto.commit, max.poll.records, auto.offset.reset]' were supplied but are not used yet.
[2025-10-29T03:20:37.125+0700] {subprocess.py:93} INFO - [Batch 0] ⚠️ Không có dữ liệu mới.
[2025-10-29T03:20:41.296+0700] {subprocess.py:93} INFO - 25/10/29 03:20:41 WARN KafkaDataConsumer: KafkaDataConsumer is not running in UninterruptibleThread. It may hang when KafkaDataConsumer's methods are interrupted because of KAFKA-1894
[2025-10-29T03:20:41.839+0700] {subprocess.py:93} INFO - 25/10/29 03:20:41 WARN KafkaDataConsumer: KafkaDataConsumer is not running in UninterruptibleThread. It may hang when KafkaDataConsumer's methods are interrupted because of KAFKA-1894
[2025-10-29T03:20:41.840+0700] {subprocess.py:93} INFO - 25/10/29 03:20:41 WARN KafkaDataConsumer: KafkaDataConsumer is not running in UninterruptibleThread. It may hang when KafkaDataConsumer's methods are interrupted because of KAFKA-1894
[2025-10-29T03:20:41.840+0700] {subprocess.py:93} INFO - 25/10/29 03:20:41 WARN KafkaDataConsumer: KafkaDataConsumer is not running in UninterruptibleThread. It may hang when KafkaDataConsumer's methods are interrupted because of KAFKA-1894
[2025-10-29T03:20:41.840+0700] {subprocess.py:93} INFO - 25/10/29 03:20:41 WARN KafkaDataConsumer: KafkaDataConsumer is not running in UninterruptibleThread. It may hang when KafkaDataConsumer's methods are interrupted because of KAFKA-1894
[2025-10-29T03:20:41.840+0700] {subprocess.py:93} INFO - 25/10/29 03:20:41 WARN KafkaDataConsumer: KafkaDataConsumer is not running in UninterruptibleThread. It may hang when KafkaDataConsumer's methods are interrupted because of KAFKA-1894
[2025-10-29T03:20:41.841+0700] {subprocess.py:93} INFO - 25/10/29 03:20:41 WARN KafkaDataConsumer: KafkaDataConsumer is not running in UninterruptibleThread. It may hang when KafkaDataConsumer's methods are interrupted because of KAFKA-1894
[2025-10-29T03:20:41.841+0700] {subprocess.py:93} INFO - 25/10/29 03:20:41 WARN KafkaDataConsumer: KafkaDataConsumer is not running in UninterruptibleThread. It may hang when KafkaDataConsumer's methods are interrupted because of KAFKA-1894
[2025-10-29T03:20:44.071+0700] {subprocess.py:93} INFO - There was a problem when trying to write in your cache folder (/home/***/.cache/huggingface/hub). You should set the environment variable TRANSFORMERS_CACHE to a writable directory.
[2025-10-29T03:20:44.741+0700] {subprocess.py:93} INFO - 25/10/29 03:20:44 ERROR Executor: Exception in task 0.0 in stage 2.0 (TID 1)
[2025-10-29T03:20:44.741+0700] {subprocess.py:93} INFO - org.apache.spark.api.python.PythonException: Traceback (most recent call last):
[2025-10-29T03:20:44.741+0700] {subprocess.py:93} INFO -   File "/opt/***/projects/absa_streaming/scripts/consumer_postgres_streaming.py", line 73, in absa_infer_udf
[2025-10-29T03:20:44.741+0700] {subprocess.py:93} INFO -     _tokenizer = AutoTokenizer.from_pretrained(MODEL_NAME, use_fast=True)
[2025-10-29T03:20:44.741+0700] {subprocess.py:93} INFO -                  ^^^^^^^^^^^^^^^^^^^^^^^^^^^^^^^^^^^^^^^^^^^^^^^^^^^^^^^^
[2025-10-29T03:20:44.742+0700] {subprocess.py:93} INFO -   File "/home/***/.local/lib/python3.12/site-packages/transformers/models/auto/tokenization_auto.py", line 817, in from_pretrained
[2025-10-29T03:20:44.742+0700] {subprocess.py:93} INFO -     tokenizer_config = get_tokenizer_config(pretrained_model_name_or_path, **kwargs)
[2025-10-29T03:20:44.742+0700] {subprocess.py:93} INFO -                        ^^^^^^^^^^^^^^^^^^^^^^^^^^^^^^^^^^^^^^^^^^^^^^^^^^^^^^^^^^^^^
[2025-10-29T03:20:44.742+0700] {subprocess.py:93} INFO -   File "/home/***/.local/lib/python3.12/site-packages/transformers/models/auto/tokenization_auto.py", line 649, in get_tokenizer_config
[2025-10-29T03:20:44.742+0700] {subprocess.py:93} INFO -     resolved_config_file = cached_file(
[2025-10-29T03:20:44.742+0700] {subprocess.py:93} INFO -                            ^^^^^^^^^^^^
[2025-10-29T03:20:44.742+0700] {subprocess.py:93} INFO -   File "/home/***/.local/lib/python3.12/site-packages/transformers/utils/hub.py", line 462, in cached_file
[2025-10-29T03:20:44.742+0700] {subprocess.py:93} INFO -     except HFValidationError as e:
[2025-10-29T03:20:44.743+0700] {subprocess.py:93} INFO -   File "/home/***/.local/lib/python3.12/site-packages/huggingface_hub/utils/_validators.py", line 114, in _inner_fn
[2025-10-29T03:20:44.743+0700] {subprocess.py:93} INFO -     return fn(*args, **kwargs)
[2025-10-29T03:20:44.743+0700] {subprocess.py:93} INFO -            ^^^^^^^^^^^^^^^^^^^
[2025-10-29T03:20:44.743+0700] {subprocess.py:93} INFO -   File "/home/***/.local/lib/python3.12/site-packages/huggingface_hub/file_download.py", line 1007, in hf_hub_download
[2025-10-29T03:20:44.743+0700] {subprocess.py:93} INFO -     return _hf_hub_download_to_cache_dir(
[2025-10-29T03:20:44.743+0700] {subprocess.py:93} INFO -            ^^^^^^^^^^^^^^^^^^^^^^^^^^^^^^
[2025-10-29T03:20:44.743+0700] {subprocess.py:93} INFO -   File "/home/***/.local/lib/python3.12/site-packages/huggingface_hub/file_download.py", line 1124, in _hf_hub_download_to_cache_dir
[2025-10-29T03:20:44.743+0700] {subprocess.py:93} INFO -     os.makedirs(os.path.dirname(blob_path), exist_ok=True)
[2025-10-29T03:20:44.743+0700] {subprocess.py:93} INFO -   File "<frozen os>", line 216, in makedirs
[2025-10-29T03:20:44.744+0700] {subprocess.py:93} INFO -   File "<frozen os>", line 216, in makedirs
[2025-10-29T03:20:44.744+0700] {subprocess.py:93} INFO -   File "<frozen os>", line 216, in makedirs
[2025-10-29T03:20:44.744+0700] {subprocess.py:93} INFO -   File "<frozen os>", line 230, in makedirs
[2025-10-29T03:20:44.744+0700] {subprocess.py:93} INFO - PermissionError: [Errno 13] Permission denied: '/home/***/.cache/huggingface'
[2025-10-29T03:20:44.744+0700] {subprocess.py:93} INFO - 
[2025-10-29T03:20:44.744+0700] {subprocess.py:93} INFO - 	at org.apache.spark.api.python.BasePythonRunner$ReaderIterator.handlePythonException(PythonRunner.scala:572)
[2025-10-29T03:20:44.744+0700] {subprocess.py:93} INFO - 	at org.apache.spark.sql.execution.python.PythonArrowOutput$$anon$1.read(PythonArrowOutput.scala:118)
[2025-10-29T03:20:44.744+0700] {subprocess.py:93} INFO - 	at org.apache.spark.api.python.BasePythonRunner$ReaderIterator.hasNext(PythonRunner.scala:525)
[2025-10-29T03:20:44.744+0700] {subprocess.py:93} INFO - 	at org.apache.spark.InterruptibleIterator.hasNext(InterruptibleIterator.scala:37)
[2025-10-29T03:20:44.745+0700] {subprocess.py:93} INFO - 	at scala.collection.Iterator$$anon$11.hasNext(Iterator.scala:491)
[2025-10-29T03:20:44.745+0700] {subprocess.py:93} INFO - 	at scala.collection.Iterator$$anon$10.hasNext(Iterator.scala:460)
[2025-10-29T03:20:44.745+0700] {subprocess.py:93} INFO - 	at scala.collection.Iterator$$anon$10.hasNext(Iterator.scala:460)
[2025-10-29T03:20:44.745+0700] {subprocess.py:93} INFO - 	at org.apache.spark.sql.catalyst.expressions.GeneratedClass$GeneratedIteratorForCodegenStage1.hashAgg_doAggregateWithoutKey_0$(Unknown Source)
[2025-10-29T03:20:44.745+0700] {subprocess.py:93} INFO - 	at org.apache.spark.sql.catalyst.expressions.GeneratedClass$GeneratedIteratorForCodegenStage1.processNext(Unknown Source)
[2025-10-29T03:20:44.745+0700] {subprocess.py:93} INFO - 	at org.apache.spark.sql.execution.BufferedRowIterator.hasNext(BufferedRowIterator.java:43)
[2025-10-29T03:20:44.745+0700] {subprocess.py:93} INFO - 	at org.apache.spark.sql.execution.WholeStageCodegenEvaluatorFactory$WholeStageCodegenPartitionEvaluator$$anon$1.hasNext(WholeStageCodegenEvaluatorFactory.scala:43)
[2025-10-29T03:20:44.745+0700] {subprocess.py:93} INFO - 	at scala.collection.Iterator$$anon$10.hasNext(Iterator.scala:460)
[2025-10-29T03:20:44.745+0700] {subprocess.py:93} INFO - 	at org.apache.spark.shuffle.sort.BypassMergeSortShuffleWriter.write(BypassMergeSortShuffleWriter.java:140)
[2025-10-29T03:20:44.746+0700] {subprocess.py:93} INFO - 	at org.apache.spark.shuffle.ShuffleWriteProcessor.write(ShuffleWriteProcessor.scala:59)
[2025-10-29T03:20:44.746+0700] {subprocess.py:93} INFO - 	at org.apache.spark.scheduler.ShuffleMapTask.runTask(ShuffleMapTask.scala:104)
[2025-10-29T03:20:44.746+0700] {subprocess.py:93} INFO - 	at org.apache.spark.scheduler.ShuffleMapTask.runTask(ShuffleMapTask.scala:54)
[2025-10-29T03:20:44.746+0700] {subprocess.py:93} INFO - 	at org.apache.spark.TaskContext.runTaskWithListeners(TaskContext.scala:166)
[2025-10-29T03:20:44.746+0700] {subprocess.py:93} INFO - 	at org.apache.spark.scheduler.Task.run(Task.scala:141)
[2025-10-29T03:20:44.746+0700] {subprocess.py:93} INFO - 	at org.apache.spark.executor.Executor$TaskRunner.$anonfun$run$4(Executor.scala:620)
[2025-10-29T03:20:44.746+0700] {subprocess.py:93} INFO - 	at org.apache.spark.util.SparkErrorUtils.tryWithSafeFinally(SparkErrorUtils.scala:64)
[2025-10-29T03:20:44.747+0700] {subprocess.py:93} INFO - 	at org.apache.spark.util.SparkErrorUtils.tryWithSafeFinally$(SparkErrorUtils.scala:61)
[2025-10-29T03:20:44.747+0700] {subprocess.py:93} INFO - 	at org.apache.spark.util.Utils$.tryWithSafeFinally(Utils.scala:94)
[2025-10-29T03:20:44.747+0700] {subprocess.py:93} INFO - 	at org.apache.spark.executor.Executor$TaskRunner.run(Executor.scala:623)
[2025-10-29T03:20:44.747+0700] {subprocess.py:93} INFO - 	at java.base/java.util.concurrent.ThreadPoolExecutor.runWorker(ThreadPoolExecutor.java:1136)
[2025-10-29T03:20:44.747+0700] {subprocess.py:93} INFO - 	at java.base/java.util.concurrent.ThreadPoolExecutor$Worker.run(ThreadPoolExecutor.java:635)
[2025-10-29T03:20:44.747+0700] {subprocess.py:93} INFO - 	at java.base/java.lang.Thread.run(Thread.java:840)
[2025-10-29T03:20:44.753+0700] {subprocess.py:93} INFO - 25/10/29 03:20:44 WARN TaskSetManager: Lost task 0.0 in stage 2.0 (TID 1) (dfeadd712fc3 executor driver): org.apache.spark.api.python.PythonException: Traceback (most recent call last):
[2025-10-29T03:20:44.754+0700] {subprocess.py:93} INFO -   File "/opt/***/projects/absa_streaming/scripts/consumer_postgres_streaming.py", line 73, in absa_infer_udf
[2025-10-29T03:20:44.754+0700] {subprocess.py:93} INFO -     _tokenizer = AutoTokenizer.from_pretrained(MODEL_NAME, use_fast=True)
[2025-10-29T03:20:44.754+0700] {subprocess.py:93} INFO -                  ^^^^^^^^^^^^^^^^^^^^^^^^^^^^^^^^^^^^^^^^^^^^^^^^^^^^^^^^
[2025-10-29T03:20:44.754+0700] {subprocess.py:93} INFO -   File "/home/***/.local/lib/python3.12/site-packages/transformers/models/auto/tokenization_auto.py", line 817, in from_pretrained
[2025-10-29T03:20:44.755+0700] {subprocess.py:93} INFO -     tokenizer_config = get_tokenizer_config(pretrained_model_name_or_path, **kwargs)
[2025-10-29T03:20:44.755+0700] {subprocess.py:93} INFO -                        ^^^^^^^^^^^^^^^^^^^^^^^^^^^^^^^^^^^^^^^^^^^^^^^^^^^^^^^^^^^^^
[2025-10-29T03:20:44.755+0700] {subprocess.py:93} INFO -   File "/home/***/.local/lib/python3.12/site-packages/transformers/models/auto/tokenization_auto.py", line 649, in get_tokenizer_config
[2025-10-29T03:20:44.755+0700] {subprocess.py:93} INFO -     resolved_config_file = cached_file(
[2025-10-29T03:20:44.755+0700] {subprocess.py:93} INFO -                            ^^^^^^^^^^^^
[2025-10-29T03:20:44.755+0700] {subprocess.py:93} INFO -   File "/home/***/.local/lib/python3.12/site-packages/transformers/utils/hub.py", line 462, in cached_file
[2025-10-29T03:20:44.756+0700] {subprocess.py:93} INFO -     except HFValidationError as e:
[2025-10-29T03:20:44.756+0700] {subprocess.py:93} INFO -   File "/home/***/.local/lib/python3.12/site-packages/huggingface_hub/utils/_validators.py", line 114, in _inner_fn
[2025-10-29T03:20:44.756+0700] {subprocess.py:93} INFO -     return fn(*args, **kwargs)
[2025-10-29T03:20:44.756+0700] {subprocess.py:93} INFO -            ^^^^^^^^^^^^^^^^^^^
[2025-10-29T03:20:44.756+0700] {subprocess.py:93} INFO -   File "/home/***/.local/lib/python3.12/site-packages/huggingface_hub/file_download.py", line 1007, in hf_hub_download
[2025-10-29T03:20:44.756+0700] {subprocess.py:93} INFO -     return _hf_hub_download_to_cache_dir(
[2025-10-29T03:20:44.756+0700] {subprocess.py:93} INFO -            ^^^^^^^^^^^^^^^^^^^^^^^^^^^^^^
[2025-10-29T03:20:44.757+0700] {subprocess.py:93} INFO -   File "/home/***/.local/lib/python3.12/site-packages/huggingface_hub/file_download.py", line 1124, in _hf_hub_download_to_cache_dir
[2025-10-29T03:20:44.757+0700] {subprocess.py:93} INFO -     os.makedirs(os.path.dirname(blob_path), exist_ok=True)
[2025-10-29T03:20:44.757+0700] {subprocess.py:93} INFO -   File "<frozen os>", line 216, in makedirs
[2025-10-29T03:20:44.758+0700] {subprocess.py:93} INFO -   File "<frozen os>", line 216, in makedirs
[2025-10-29T03:20:44.758+0700] {subprocess.py:93} INFO -   File "<frozen os>", line 216, in makedirs
[2025-10-29T03:20:44.758+0700] {subprocess.py:93} INFO -   File "<frozen os>", line 230, in makedirs
[2025-10-29T03:20:44.758+0700] {subprocess.py:93} INFO - PermissionError: [Errno 13] Permission denied: '/home/***/.cache/huggingface'
[2025-10-29T03:20:44.759+0700] {subprocess.py:93} INFO - 
[2025-10-29T03:20:44.759+0700] {subprocess.py:93} INFO - 	at org.apache.spark.api.python.BasePythonRunner$ReaderIterator.handlePythonException(PythonRunner.scala:572)
[2025-10-29T03:20:44.759+0700] {subprocess.py:93} INFO - 	at org.apache.spark.sql.execution.python.PythonArrowOutput$$anon$1.read(PythonArrowOutput.scala:118)
[2025-10-29T03:20:44.759+0700] {subprocess.py:93} INFO - 	at org.apache.spark.api.python.BasePythonRunner$ReaderIterator.hasNext(PythonRunner.scala:525)
[2025-10-29T03:20:44.759+0700] {subprocess.py:93} INFO - 	at org.apache.spark.InterruptibleIterator.hasNext(InterruptibleIterator.scala:37)
[2025-10-29T03:20:44.759+0700] {subprocess.py:93} INFO - 	at scala.collection.Iterator$$anon$11.hasNext(Iterator.scala:491)
[2025-10-29T03:20:44.760+0700] {subprocess.py:93} INFO - 	at scala.collection.Iterator$$anon$10.hasNext(Iterator.scala:460)
[2025-10-29T03:20:44.760+0700] {subprocess.py:93} INFO - 	at scala.collection.Iterator$$anon$10.hasNext(Iterator.scala:460)
[2025-10-29T03:20:44.760+0700] {subprocess.py:93} INFO - 	at org.apache.spark.sql.catalyst.expressions.GeneratedClass$GeneratedIteratorForCodegenStage1.hashAgg_doAggregateWithoutKey_0$(Unknown Source)
[2025-10-29T03:20:44.760+0700] {subprocess.py:93} INFO - 	at org.apache.spark.sql.catalyst.expressions.GeneratedClass$GeneratedIteratorForCodegenStage1.processNext(Unknown Source)
[2025-10-29T03:20:44.760+0700] {subprocess.py:93} INFO - 	at org.apache.spark.sql.execution.BufferedRowIterator.hasNext(BufferedRowIterator.java:43)
[2025-10-29T03:20:44.760+0700] {subprocess.py:93} INFO - 	at org.apache.spark.sql.execution.WholeStageCodegenEvaluatorFactory$WholeStageCodegenPartitionEvaluator$$anon$1.hasNext(WholeStageCodegenEvaluatorFactory.scala:43)
[2025-10-29T03:20:44.761+0700] {subprocess.py:93} INFO - 	at scala.collection.Iterator$$anon$10.hasNext(Iterator.scala:460)
[2025-10-29T03:20:44.761+0700] {subprocess.py:93} INFO - 	at org.apache.spark.shuffle.sort.BypassMergeSortShuffleWriter.write(BypassMergeSortShuffleWriter.java:140)
[2025-10-29T03:20:44.761+0700] {subprocess.py:93} INFO - 	at org.apache.spark.shuffle.ShuffleWriteProcessor.write(ShuffleWriteProcessor.scala:59)
[2025-10-29T03:20:44.761+0700] {subprocess.py:93} INFO - 	at org.apache.spark.scheduler.ShuffleMapTask.runTask(ShuffleMapTask.scala:104)
[2025-10-29T03:20:44.761+0700] {subprocess.py:93} INFO - 	at org.apache.spark.scheduler.ShuffleMapTask.runTask(ShuffleMapTask.scala:54)
[2025-10-29T03:20:44.762+0700] {subprocess.py:93} INFO - 	at org.apache.spark.TaskContext.runTaskWithListeners(TaskContext.scala:166)
[2025-10-29T03:20:44.762+0700] {subprocess.py:93} INFO - 	at org.apache.spark.scheduler.Task.run(Task.scala:141)
[2025-10-29T03:20:44.762+0700] {subprocess.py:93} INFO - 	at org.apache.spark.executor.Executor$TaskRunner.$anonfun$run$4(Executor.scala:620)
[2025-10-29T03:20:44.762+0700] {subprocess.py:93} INFO - 	at org.apache.spark.util.SparkErrorUtils.tryWithSafeFinally(SparkErrorUtils.scala:64)
[2025-10-29T03:20:44.762+0700] {subprocess.py:93} INFO - 	at org.apache.spark.util.SparkErrorUtils.tryWithSafeFinally$(SparkErrorUtils.scala:61)
[2025-10-29T03:20:44.762+0700] {subprocess.py:93} INFO - 	at org.apache.spark.util.Utils$.tryWithSafeFinally(Utils.scala:94)
[2025-10-29T03:20:44.762+0700] {subprocess.py:93} INFO - 	at org.apache.spark.executor.Executor$TaskRunner.run(Executor.scala:623)
[2025-10-29T03:20:44.763+0700] {subprocess.py:93} INFO - 	at java.base/java.util.concurrent.ThreadPoolExecutor.runWorker(ThreadPoolExecutor.java:1136)
[2025-10-29T03:20:44.763+0700] {subprocess.py:93} INFO - 	at java.base/java.util.concurrent.ThreadPoolExecutor$Worker.run(ThreadPoolExecutor.java:635)
[2025-10-29T03:20:44.763+0700] {subprocess.py:93} INFO - 	at java.base/java.lang.Thread.run(Thread.java:840)
[2025-10-29T03:20:44.763+0700] {subprocess.py:93} INFO - 
[2025-10-29T03:20:44.763+0700] {subprocess.py:93} INFO - 25/10/29 03:20:44 ERROR TaskSetManager: Task 0 in stage 2.0 failed 1 times; aborting job
[2025-10-29T03:20:44.828+0700] {subprocess.py:93} INFO - 25/10/29 03:20:44 ERROR MicroBatchExecution: Query [id = 6b823eec-5a32-44a7-974d-af13c2e292bc, runId = 8fe13e97-3655-47a4-844d-0ba1ddb73c51] terminated with error
[2025-10-29T03:20:44.829+0700] {subprocess.py:93} INFO - py4j.Py4JException: An exception was raised by the Python Proxy. Return Message: Traceback (most recent call last):
[2025-10-29T03:20:44.829+0700] {subprocess.py:93} INFO -   File "/home/***/.local/lib/python3.12/site-packages/pyspark/python/lib/py4j-0.10.9.7-src.zip/py4j/clientserver.py", line 617, in _call_proxy
[2025-10-29T03:20:44.829+0700] {subprocess.py:93} INFO -     return_value = getattr(self.pool[obj_id], method)(*params)
[2025-10-29T03:20:44.829+0700] {subprocess.py:93} INFO -                    ^^^^^^^^^^^^^^^^^^^^^^^^^^^^^^^^^^^^^^^^^^^
[2025-10-29T03:20:44.830+0700] {subprocess.py:93} INFO -   File "/home/***/.local/lib/python3.12/site-packages/pyspark/python/lib/pyspark.zip/pyspark/sql/utils.py", line 120, in call
[2025-10-29T03:20:44.830+0700] {subprocess.py:93} INFO -     raise e
[2025-10-29T03:20:44.830+0700] {subprocess.py:93} INFO -   File "/home/***/.local/lib/python3.12/site-packages/pyspark/python/lib/pyspark.zip/pyspark/sql/utils.py", line 117, in call
[2025-10-29T03:20:44.830+0700] {subprocess.py:93} INFO -     self.func(DataFrame(jdf, wrapped_session_jdf), batch_id)
[2025-10-29T03:20:44.830+0700] {subprocess.py:93} INFO -   File "/opt/***/projects/absa_streaming/scripts/consumer_postgres_streaming.py", line 125, in write_to_postgres
[2025-10-29T03:20:44.830+0700] {subprocess.py:93} INFO -     total_rows = batch_df.count()
[2025-10-29T03:20:44.830+0700] {subprocess.py:93} INFO -                  ^^^^^^^^^^^^^^^^
[2025-10-29T03:20:44.831+0700] {subprocess.py:93} INFO -   File "/home/***/.local/lib/python3.12/site-packages/pyspark/python/lib/pyspark.zip/pyspark/sql/dataframe.py", line 1238, in count
[2025-10-29T03:20:44.831+0700] {subprocess.py:93} INFO -     return int(self._jdf.count())
[2025-10-29T03:20:44.831+0700] {subprocess.py:93} INFO -                ^^^^^^^^^^^^^^^^^
[2025-10-29T03:20:44.831+0700] {subprocess.py:93} INFO -   File "/home/***/.local/lib/python3.12/site-packages/pyspark/python/lib/py4j-0.10.9.7-src.zip/py4j/java_gateway.py", line 1322, in __call__
[2025-10-29T03:20:44.831+0700] {subprocess.py:93} INFO -     return_value = get_return_value(
[2025-10-29T03:20:44.831+0700] {subprocess.py:93} INFO -                    ^^^^^^^^^^^^^^^^^
[2025-10-29T03:20:44.831+0700] {subprocess.py:93} INFO -   File "/home/***/.local/lib/python3.12/site-packages/pyspark/python/lib/pyspark.zip/pyspark/errors/exceptions/captured.py", line 185, in deco
[2025-10-29T03:20:44.831+0700] {subprocess.py:93} INFO -     raise converted from None
[2025-10-29T03:20:44.831+0700] {subprocess.py:93} INFO - pyspark.errors.exceptions.captured.PythonException:
[2025-10-29T03:20:44.831+0700] {subprocess.py:93} INFO -   An exception was thrown from the Python worker. Please see the stack trace below.
[2025-10-29T03:20:44.832+0700] {subprocess.py:93} INFO - Traceback (most recent call last):
[2025-10-29T03:20:44.832+0700] {subprocess.py:93} INFO -   File "/opt/***/projects/absa_streaming/scripts/consumer_postgres_streaming.py", line 73, in absa_infer_udf
[2025-10-29T03:20:44.832+0700] {subprocess.py:93} INFO -     _tokenizer = AutoTokenizer.from_pretrained(MODEL_NAME, use_fast=True)
[2025-10-29T03:20:44.832+0700] {subprocess.py:93} INFO -                  ^^^^^^^^^^^^^^^^^^^^^^^^^^^^^^^^^^^^^^^^^^^^^^^^^^^^^^^^
[2025-10-29T03:20:44.832+0700] {subprocess.py:93} INFO -   File "/home/***/.local/lib/python3.12/site-packages/transformers/models/auto/tokenization_auto.py", line 817, in from_pretrained
[2025-10-29T03:20:44.832+0700] {subprocess.py:93} INFO -     tokenizer_config = get_tokenizer_config(pretrained_model_name_or_path, **kwargs)
[2025-10-29T03:20:44.833+0700] {subprocess.py:93} INFO -                        ^^^^^^^^^^^^^^^^^^^^^^^^^^^^^^^^^^^^^^^^^^^^^^^^^^^^^^^^^^^^^
[2025-10-29T03:20:44.833+0700] {subprocess.py:93} INFO -   File "/home/***/.local/lib/python3.12/site-packages/transformers/models/auto/tokenization_auto.py", line 649, in get_tokenizer_config
[2025-10-29T03:20:44.833+0700] {subprocess.py:93} INFO -     resolved_config_file = cached_file(
[2025-10-29T03:20:44.833+0700] {subprocess.py:93} INFO -                            ^^^^^^^^^^^^
[2025-10-29T03:20:44.833+0700] {subprocess.py:93} INFO -   File "/home/***/.local/lib/python3.12/site-packages/transformers/utils/hub.py", line 462, in cached_file
[2025-10-29T03:20:44.834+0700] {subprocess.py:93} INFO -     except HFValidationError as e:
[2025-10-29T03:20:44.834+0700] {subprocess.py:93} INFO -   File "/home/***/.local/lib/python3.12/site-packages/huggingface_hub/utils/_validators.py", line 114, in _inner_fn
[2025-10-29T03:20:44.834+0700] {subprocess.py:93} INFO -     return fn(*args, **kwargs)
[2025-10-29T03:20:44.834+0700] {subprocess.py:93} INFO -            ^^^^^^^^^^^^^^^^^^^
[2025-10-29T03:20:44.834+0700] {subprocess.py:93} INFO -   File "/home/***/.local/lib/python3.12/site-packages/huggingface_hub/file_download.py", line 1007, in hf_hub_download
[2025-10-29T03:20:44.834+0700] {subprocess.py:93} INFO -     return _hf_hub_download_to_cache_dir(
[2025-10-29T03:20:44.834+0700] {subprocess.py:93} INFO -            ^^^^^^^^^^^^^^^^^^^^^^^^^^^^^^
[2025-10-29T03:20:44.835+0700] {subprocess.py:93} INFO -   File "/home/***/.local/lib/python3.12/site-packages/huggingface_hub/file_download.py", line 1124, in _hf_hub_download_to_cache_dir
[2025-10-29T03:20:44.835+0700] {subprocess.py:93} INFO -     os.makedirs(os.path.dirname(blob_path), exist_ok=True)
[2025-10-29T03:20:44.835+0700] {subprocess.py:93} INFO -   File "<frozen os>", line 216, in makedirs
[2025-10-29T03:20:44.835+0700] {subprocess.py:93} INFO -   File "<frozen os>", line 216, in makedirs
[2025-10-29T03:20:44.835+0700] {subprocess.py:93} INFO -   File "<frozen os>", line 216, in makedirs
[2025-10-29T03:20:44.835+0700] {subprocess.py:93} INFO -   File "<frozen os>", line 230, in makedirs
[2025-10-29T03:20:44.835+0700] {subprocess.py:93} INFO - PermissionError: [Errno 13] Permission denied: '/home/***/.cache/huggingface'
[2025-10-29T03:20:44.835+0700] {subprocess.py:93} INFO - 
[2025-10-29T03:20:44.835+0700] {subprocess.py:93} INFO - 
[2025-10-29T03:20:44.836+0700] {subprocess.py:93} INFO - 	at py4j.Protocol.getReturnValue(Protocol.java:476)
[2025-10-29T03:20:44.836+0700] {subprocess.py:93} INFO - 	at py4j.reflection.PythonProxyHandler.invoke(PythonProxyHandler.java:108)
[2025-10-29T03:20:44.836+0700] {subprocess.py:93} INFO - 	at jdk.proxy3/jdk.proxy3.$Proxy32.call(Unknown Source)
[2025-10-29T03:20:44.836+0700] {subprocess.py:93} INFO - 	at org.apache.spark.sql.execution.streaming.sources.PythonForeachBatchHelper$.$anonfun$callForeachBatch$1(ForeachBatchSink.scala:53)
[2025-10-29T03:20:44.836+0700] {subprocess.py:93} INFO - 	at org.apache.spark.sql.execution.streaming.sources.PythonForeachBatchHelper$.$anonfun$callForeachBatch$1$adapted(ForeachBatchSink.scala:53)
[2025-10-29T03:20:44.836+0700] {subprocess.py:93} INFO - 	at org.apache.spark.sql.execution.streaming.sources.ForeachBatchSink.addBatch(ForeachBatchSink.scala:34)
[2025-10-29T03:20:44.836+0700] {subprocess.py:93} INFO - 	at org.apache.spark.sql.execution.streaming.MicroBatchExecution.$anonfun$runBatch$17(MicroBatchExecution.scala:732)
[2025-10-29T03:20:44.836+0700] {subprocess.py:93} INFO - 	at org.apache.spark.sql.execution.SQLExecution$.$anonfun$withNewExecutionId$6(SQLExecution.scala:125)
[2025-10-29T03:20:44.836+0700] {subprocess.py:93} INFO - 	at org.apache.spark.sql.execution.SQLExecution$.withSQLConfPropagated(SQLExecution.scala:201)
[2025-10-29T03:20:44.836+0700] {subprocess.py:93} INFO - 	at org.apache.spark.sql.execution.SQLExecution$.$anonfun$withNewExecutionId$1(SQLExecution.scala:108)
[2025-10-29T03:20:44.837+0700] {subprocess.py:93} INFO - 	at org.apache.spark.sql.SparkSession.withActive(SparkSession.scala:900)
[2025-10-29T03:20:44.837+0700] {subprocess.py:93} INFO - 	at org.apache.spark.sql.execution.SQLExecution$.withNewExecutionId(SQLExecution.scala:66)
[2025-10-29T03:20:44.837+0700] {subprocess.py:93} INFO - 	at org.apache.spark.sql.execution.streaming.MicroBatchExecution.$anonfun$runBatch$16(MicroBatchExecution.scala:729)
[2025-10-29T03:20:44.837+0700] {subprocess.py:93} INFO - 	at org.apache.spark.sql.execution.streaming.ProgressReporter.reportTimeTaken(ProgressReporter.scala:427)
[2025-10-29T03:20:44.837+0700] {subprocess.py:93} INFO - 	at org.apache.spark.sql.execution.streaming.ProgressReporter.reportTimeTaken$(ProgressReporter.scala:425)
[2025-10-29T03:20:44.837+0700] {subprocess.py:93} INFO - 	at org.apache.spark.sql.execution.streaming.StreamExecution.reportTimeTaken(StreamExecution.scala:67)
[2025-10-29T03:20:44.837+0700] {subprocess.py:93} INFO - 	at org.apache.spark.sql.execution.streaming.MicroBatchExecution.runBatch(MicroBatchExecution.scala:729)
[2025-10-29T03:20:44.837+0700] {subprocess.py:93} INFO - 	at org.apache.spark.sql.execution.streaming.MicroBatchExecution.$anonfun$runActivatedStream$2(MicroBatchExecution.scala:286)
[2025-10-29T03:20:44.838+0700] {subprocess.py:93} INFO - 	at scala.runtime.java8.JFunction0$mcV$sp.apply(JFunction0$mcV$sp.java:23)
[2025-10-29T03:20:44.838+0700] {subprocess.py:93} INFO - 	at org.apache.spark.sql.execution.streaming.ProgressReporter.reportTimeTaken(ProgressReporter.scala:427)
[2025-10-29T03:20:44.838+0700] {subprocess.py:93} INFO - 	at org.apache.spark.sql.execution.streaming.ProgressReporter.reportTimeTaken$(ProgressReporter.scala:425)
[2025-10-29T03:20:44.838+0700] {subprocess.py:93} INFO - 	at org.apache.spark.sql.execution.streaming.StreamExecution.reportTimeTaken(StreamExecution.scala:67)
[2025-10-29T03:20:44.838+0700] {subprocess.py:93} INFO - 	at org.apache.spark.sql.execution.streaming.MicroBatchExecution.$anonfun$runActivatedStream$1(MicroBatchExecution.scala:249)
[2025-10-29T03:20:44.838+0700] {subprocess.py:93} INFO - 	at org.apache.spark.sql.execution.streaming.ProcessingTimeExecutor.execute(TriggerExecutor.scala:67)
[2025-10-29T03:20:44.838+0700] {subprocess.py:93} INFO - 	at org.apache.spark.sql.execution.streaming.MicroBatchExecution.runActivatedStream(MicroBatchExecution.scala:239)
[2025-10-29T03:20:44.839+0700] {subprocess.py:93} INFO - 	at org.apache.spark.sql.execution.streaming.StreamExecution.$anonfun$runStream$1(StreamExecution.scala:311)
[2025-10-29T03:20:44.839+0700] {subprocess.py:93} INFO - 	at scala.runtime.java8.JFunction0$mcV$sp.apply(JFunction0$mcV$sp.java:23)
[2025-10-29T03:20:44.839+0700] {subprocess.py:93} INFO - 	at org.apache.spark.sql.SparkSession.withActive(SparkSession.scala:900)
[2025-10-29T03:20:44.839+0700] {subprocess.py:93} INFO - 	at org.apache.spark.sql.execution.streaming.StreamExecution.org$apache$spark$sql$execution$streaming$StreamExecution$$runStream(StreamExecution.scala:289)
[2025-10-29T03:20:44.839+0700] {subprocess.py:93} INFO - 	at org.apache.spark.sql.execution.streaming.StreamExecution$$anon$1.$anonfun$run$1(StreamExecution.scala:211)
[2025-10-29T03:20:44.839+0700] {subprocess.py:93} INFO - 	at scala.runtime.java8.JFunction0$mcV$sp.apply(JFunction0$mcV$sp.java:23)
[2025-10-29T03:20:44.839+0700] {subprocess.py:93} INFO - 	at org.apache.spark.JobArtifactSet$.withActiveJobArtifactState(JobArtifactSet.scala:94)
[2025-10-29T03:20:44.840+0700] {subprocess.py:93} INFO - 	at org.apache.spark.sql.execution.streaming.StreamExecution$$anon$1.run(StreamExecution.scala:211)
[2025-10-29T03:20:44.896+0700] {subprocess.py:93} INFO - Traceback (most recent call last):
[2025-10-29T03:20:44.896+0700] {subprocess.py:93} INFO -   File "/opt/***/projects/absa_streaming/scripts/consumer_postgres_streaming.py", line 175, in <module>
[2025-10-29T03:20:44.897+0700] {subprocess.py:93} INFO -     query.awaitTermination()
[2025-10-29T03:20:44.897+0700] {subprocess.py:93} INFO -   File "/home/***/.local/lib/python3.12/site-packages/pyspark/python/lib/pyspark.zip/pyspark/sql/streaming/query.py", line 221, in awaitTermination
[2025-10-29T03:20:44.897+0700] {subprocess.py:93} INFO -   File "/home/***/.local/lib/python3.12/site-packages/pyspark/python/lib/py4j-0.10.9.7-src.zip/py4j/java_gateway.py", line 1322, in __call__
[2025-10-29T03:20:44.897+0700] {subprocess.py:93} INFO -   File "/home/***/.local/lib/python3.12/site-packages/pyspark/python/lib/pyspark.zip/pyspark/errors/exceptions/captured.py", line 185, in deco
[2025-10-29T03:20:44.898+0700] {subprocess.py:93} INFO - pyspark.errors.exceptions.captured.StreamingQueryException: [STREAM_FAILED] Query [id = 6b823eec-5a32-44a7-974d-af13c2e292bc, runId = 8fe13e97-3655-47a4-844d-0ba1ddb73c51] terminated with exception: An exception was raised by the Python Proxy. Return Message: Traceback (most recent call last):
[2025-10-29T03:20:44.898+0700] {subprocess.py:93} INFO -   File "/home/***/.local/lib/python3.12/site-packages/pyspark/python/lib/py4j-0.10.9.7-src.zip/py4j/clientserver.py", line 617, in _call_proxy
[2025-10-29T03:20:44.899+0700] {subprocess.py:93} INFO -     return_value = getattr(self.pool[obj_id], method)(*params)
[2025-10-29T03:20:44.899+0700] {subprocess.py:93} INFO -                    ^^^^^^^^^^^^^^^^^^^^^^^^^^^^^^^^^^^^^^^^^^^
[2025-10-29T03:20:44.899+0700] {subprocess.py:93} INFO -   File "/home/***/.local/lib/python3.12/site-packages/pyspark/python/lib/pyspark.zip/pyspark/sql/utils.py", line 120, in call
[2025-10-29T03:20:44.899+0700] {subprocess.py:93} INFO -     raise e
[2025-10-29T03:20:44.899+0700] {subprocess.py:93} INFO -   File "/home/***/.local/lib/python3.12/site-packages/pyspark/python/lib/pyspark.zip/pyspark/sql/utils.py", line 117, in call
[2025-10-29T03:20:44.899+0700] {subprocess.py:93} INFO -     self.func(DataFrame(jdf, wrapped_session_jdf), batch_id)
[2025-10-29T03:20:44.899+0700] {subprocess.py:93} INFO -   File "/opt/***/projects/absa_streaming/scripts/consumer_postgres_streaming.py", line 125, in write_to_postgres
[2025-10-29T03:20:44.899+0700] {subprocess.py:93} INFO -     total_rows = batch_df.count()
[2025-10-29T03:20:44.900+0700] {subprocess.py:93} INFO -                  ^^^^^^^^^^^^^^^^
[2025-10-29T03:20:44.900+0700] {subprocess.py:93} INFO -   File "/home/***/.local/lib/python3.12/site-packages/pyspark/python/lib/pyspark.zip/pyspark/sql/dataframe.py", line 1238, in count
[2025-10-29T03:20:44.900+0700] {subprocess.py:93} INFO -     return int(self._jdf.count())
[2025-10-29T03:20:44.900+0700] {subprocess.py:93} INFO -                ^^^^^^^^^^^^^^^^^
[2025-10-29T03:20:44.900+0700] {subprocess.py:93} INFO -   File "/home/***/.local/lib/python3.12/site-packages/pyspark/python/lib/py4j-0.10.9.7-src.zip/py4j/java_gateway.py", line 1322, in __call__
[2025-10-29T03:20:44.900+0700] {subprocess.py:93} INFO -     return_value = get_return_value(
[2025-10-29T03:20:44.900+0700] {subprocess.py:93} INFO -                    ^^^^^^^^^^^^^^^^^
[2025-10-29T03:20:44.900+0700] {subprocess.py:93} INFO -   File "/home/***/.local/lib/python3.12/site-packages/pyspark/python/lib/pyspark.zip/pyspark/errors/exceptions/captured.py", line 185, in deco
[2025-10-29T03:20:44.900+0700] {subprocess.py:93} INFO -     raise converted from None
[2025-10-29T03:20:44.901+0700] {subprocess.py:93} INFO - pyspark.errors.exceptions.captured.PythonException:
[2025-10-29T03:20:44.901+0700] {subprocess.py:93} INFO -   An exception was thrown from the Python worker. Please see the stack trace below.
[2025-10-29T03:20:44.901+0700] {subprocess.py:93} INFO - Traceback (most recent call last):
[2025-10-29T03:20:44.901+0700] {subprocess.py:93} INFO -   File "/opt/***/projects/absa_streaming/scripts/consumer_postgres_streaming.py", line 73, in absa_infer_udf
[2025-10-29T03:20:44.901+0700] {subprocess.py:93} INFO -     _tokenizer = AutoTokenizer.from_pretrained(MODEL_NAME, use_fast=True)
[2025-10-29T03:20:44.901+0700] {subprocess.py:93} INFO -                  ^^^^^^^^^^^^^^^^^^^^^^^^^^^^^^^^^^^^^^^^^^^^^^^^^^^^^^^^
[2025-10-29T03:20:44.901+0700] {subprocess.py:93} INFO -   File "/home/***/.local/lib/python3.12/site-packages/transformers/models/auto/tokenization_auto.py", line 817, in from_pretrained
[2025-10-29T03:20:44.901+0700] {subprocess.py:93} INFO -     tokenizer_config = get_tokenizer_config(pretrained_model_name_or_path, **kwargs)
[2025-10-29T03:20:44.901+0700] {subprocess.py:93} INFO -                        ^^^^^^^^^^^^^^^^^^^^^^^^^^^^^^^^^^^^^^^^^^^^^^^^^^^^^^^^^^^^^
[2025-10-29T03:20:44.901+0700] {subprocess.py:93} INFO -   File "/home/***/.local/lib/python3.12/site-packages/transformers/models/auto/tokenization_auto.py", line 649, in get_tokenizer_config
[2025-10-29T03:20:44.902+0700] {subprocess.py:93} INFO -     resolved_config_file = cached_file(
[2025-10-29T03:20:44.902+0700] {subprocess.py:93} INFO -                            ^^^^^^^^^^^^
[2025-10-29T03:20:44.902+0700] {subprocess.py:93} INFO -   File "/home/***/.local/lib/python3.12/site-packages/transformers/utils/hub.py", line 462, in cached_file
[2025-10-29T03:20:44.902+0700] {subprocess.py:93} INFO -     except HFValidationError as e:
[2025-10-29T03:20:44.902+0700] {subprocess.py:93} INFO -   File "/home/***/.local/lib/python3.12/site-packages/huggingface_hub/utils/_validators.py", line 114, in _inner_fn
[2025-10-29T03:20:44.902+0700] {subprocess.py:93} INFO -     return fn(*args, **kwargs)
[2025-10-29T03:20:44.902+0700] {subprocess.py:93} INFO -            ^^^^^^^^^^^^^^^^^^^
[2025-10-29T03:20:44.902+0700] {subprocess.py:93} INFO -   File "/home/***/.local/lib/python3.12/site-packages/huggingface_hub/file_download.py", line 1007, in hf_hub_download
[2025-10-29T03:20:44.902+0700] {subprocess.py:93} INFO -     return _hf_hub_download_to_cache_dir(
[2025-10-29T03:20:44.903+0700] {subprocess.py:93} INFO -            ^^^^^^^^^^^^^^^^^^^^^^^^^^^^^^
[2025-10-29T03:20:44.903+0700] {subprocess.py:93} INFO -   File "/home/***/.local/lib/python3.12/site-packages/huggingface_hub/file_download.py", line 1124, in _hf_hub_download_to_cache_dir
[2025-10-29T03:20:44.903+0700] {subprocess.py:93} INFO -     os.makedirs(os.path.dirname(blob_path), exist_ok=True)
[2025-10-29T03:20:44.903+0700] {subprocess.py:93} INFO -   File "<frozen os>", line 216, in makedirs
[2025-10-29T03:20:44.903+0700] {subprocess.py:93} INFO -   File "<frozen os>", line 216, in makedirs
[2025-10-29T03:20:44.903+0700] {subprocess.py:93} INFO -   File "<frozen os>", line 216, in makedirs
[2025-10-29T03:20:44.903+0700] {subprocess.py:93} INFO -   File "<frozen os>", line 230, in makedirs
[2025-10-29T03:20:44.903+0700] {subprocess.py:93} INFO - PermissionError: [Errno 13] Permission denied: '/home/***/.cache/huggingface'
[2025-10-29T03:20:44.903+0700] {subprocess.py:93} INFO - 
[2025-10-29T03:20:44.903+0700] {subprocess.py:93} INFO - 
[2025-10-29T03:20:45.591+0700] {subprocess.py:97} INFO - Command exited with return code 1
[2025-10-29T03:20:45.592+0700] {taskinstance.py:441} INFO - ::group::Post task execution logs
[2025-10-29T03:20:45.603+0700] {taskinstance.py:2890} ERROR - Task failed with exception
Traceback (most recent call last):
  File "/home/airflow/.local/lib/python3.12/site-packages/airflow/models/taskinstance.py", line 460, in _execute_task
    result = _execute_callable(context=context, **execute_callable_kwargs)
             ^^^^^^^^^^^^^^^^^^^^^^^^^^^^^^^^^^^^^^^^^^^^^^^^^^^^^^^^^^^^^
  File "/home/airflow/.local/lib/python3.12/site-packages/airflow/models/taskinstance.py", line 432, in _execute_callable
    return execute_callable(context=context, **execute_callable_kwargs)
           ^^^^^^^^^^^^^^^^^^^^^^^^^^^^^^^^^^^^^^^^^^^^^^^^^^^^^^^^^^^^
  File "/home/airflow/.local/lib/python3.12/site-packages/airflow/models/baseoperator.py", line 400, in wrapper
    return func(self, *args, **kwargs)
           ^^^^^^^^^^^^^^^^^^^^^^^^^^^
  File "/home/airflow/.local/lib/python3.12/site-packages/airflow/operators/bash.py", line 243, in execute
    raise AirflowException(
airflow.exceptions.AirflowException: Bash command failed. The command returned a non-zero exit code 1.
[2025-10-29T03:20:45.608+0700] {taskinstance.py:1205} INFO - Marking task as UP_FOR_RETRY. dag_id=absa_streaming_lifecycle_demo1, task_id=deploy_consumer, execution_date=20251028T190000, start_date=20251028T202027, end_date=20251028T202045
[2025-10-29T03:20:45.619+0700] {standard_task_runner.py:110} ERROR - Failed to execute job 19 for task deploy_consumer (Bash command failed. The command returned a non-zero exit code 1.; 5711)
[2025-10-29T03:20:45.646+0700] {local_task_job_runner.py:240} INFO - Task exited with return code 1
[2025-10-29T03:20:45.665+0700] {taskinstance.py:3482} INFO - 0 downstream tasks scheduled from follow-on schedule check
[2025-10-29T03:20:45.666+0700] {local_task_job_runner.py:222} INFO - ::endgroup::
