[2025-10-29T03:50:49.123+0700] {local_task_job_runner.py:120} INFO - ::group::Pre task execution logs
[2025-10-29T03:50:49.138+0700] {taskinstance.py:2073} INFO - Dependencies all met for dep_context=non-requeueable deps ti=<TaskInstance: absa_streaming_lifecycle_demo1.deploy_consumer manual__2025-10-28T20:48:28.806357+00:00 [queued]>
[2025-10-29T03:50:49.143+0700] {taskinstance.py:2073} INFO - Dependencies all met for dep_context=requeueable deps ti=<TaskInstance: absa_streaming_lifecycle_demo1.deploy_consumer manual__2025-10-28T20:48:28.806357+00:00 [queued]>
[2025-10-29T03:50:49.143+0700] {taskinstance.py:2303} INFO - Starting attempt 2 of 6
[2025-10-29T03:50:49.153+0700] {taskinstance.py:2327} INFO - Executing <Task(BashOperator): deploy_consumer> on 2025-10-28 20:48:28.806357+00:00
[2025-10-29T03:50:49.162+0700] {warnings.py:110} WARNING - /home/***/.local/lib/python3.12/site-packages/***/task/task_runner/standard_task_runner.py:61: DeprecationWarning: This process (pid=1725) is multi-threaded, use of fork() may lead to deadlocks in the child.
  pid = os.fork()

[2025-10-29T03:50:49.163+0700] {standard_task_runner.py:63} INFO - Started process 1727 to run task
[2025-10-29T03:50:49.163+0700] {standard_task_runner.py:90} INFO - Running: ['***', 'tasks', 'run', 'absa_streaming_lifecycle_demo1', 'deploy_consumer', 'manual__2025-10-28T20:48:28.806357+00:00', '--job-id', '41', '--raw', '--subdir', 'DAGS_FOLDER/absa_streaming_lifecycle_dag1.py', '--cfg-path', '/tmp/tmplwqlnzpy']
[2025-10-29T03:50:49.166+0700] {standard_task_runner.py:91} INFO - Job 41: Subtask deploy_consumer
[2025-10-29T03:50:49.196+0700] {task_command.py:426} INFO - Running <TaskInstance: absa_streaming_lifecycle_demo1.deploy_consumer manual__2025-10-28T20:48:28.806357+00:00 [running]> on host dfeadd712fc3
[2025-10-29T03:50:49.253+0700] {taskinstance.py:2644} INFO - Exporting env vars: AIRFLOW_CTX_DAG_OWNER='***' AIRFLOW_CTX_DAG_ID='absa_streaming_lifecycle_demo1' AIRFLOW_CTX_TASK_ID='deploy_consumer' AIRFLOW_CTX_EXECUTION_DATE='2025-10-28T20:48:28.806357+00:00' AIRFLOW_CTX_TRY_NUMBER='2' AIRFLOW_CTX_DAG_RUN_ID='manual__2025-10-28T20:48:28.806357+00:00'
[2025-10-29T03:50:49.255+0700] {taskinstance.py:430} INFO - ::endgroup::
[2025-10-29T03:50:49.255+0700] {subprocess.py:63} INFO - Tmp dir root location: /tmp
[2025-10-29T03:50:49.256+0700] {subprocess.py:75} INFO - Running command: ['/usr/bin/bash', '-c', 'bash -c "timeout 45m /opt/***/projects/absa_streaming/scripts/run_consumer.sh"']
[2025-10-29T03:50:49.271+0700] {subprocess.py:86} INFO - Output:
[2025-10-29T03:50:49.276+0700] {subprocess.py:93} INFO - [Consumer] Starting Spark Structured Streaming job...
[2025-10-29T03:50:49.313+0700] {subprocess.py:93} INFO - /home/***/.local/lib/python3.12/site-packages/pyspark/bin/load-spark-env.sh: line 68: ps: command not found
[2025-10-29T03:50:50.357+0700] {subprocess.py:93} INFO - :: loading settings :: url = jar:file:/home/***/.local/lib/python3.12/site-packages/pyspark/jars/ivy-2.5.1.jar!/org/apache/ivy/core/settings/ivysettings.xml
[2025-10-29T03:50:50.420+0700] {subprocess.py:93} INFO - Ivy Default Cache set to: /home/***/.ivy2/cache
[2025-10-29T03:50:50.421+0700] {subprocess.py:93} INFO - The jars for the packages stored in: /home/***/.ivy2/jars
[2025-10-29T03:50:50.425+0700] {subprocess.py:93} INFO - org.apache.spark#spark-sql-kafka-0-10_2.12 added as a dependency
[2025-10-29T03:50:50.425+0700] {subprocess.py:93} INFO - org.postgresql#postgresql added as a dependency
[2025-10-29T03:50:50.426+0700] {subprocess.py:93} INFO - :: resolving dependencies :: org.apache.spark#spark-submit-parent-f6aa9fbc-8cc7-4aa3-9091-ca6167be975d;1.0
[2025-10-29T03:50:50.426+0700] {subprocess.py:93} INFO - 	confs: [default]
[2025-10-29T03:50:50.574+0700] {subprocess.py:93} INFO - 	found org.apache.spark#spark-sql-kafka-0-10_2.12;3.5.1 in central
[2025-10-29T03:50:50.614+0700] {subprocess.py:93} INFO - 	found org.apache.spark#spark-token-provider-kafka-0-10_2.12;3.5.1 in central
[2025-10-29T03:50:50.635+0700] {subprocess.py:93} INFO - 	found org.apache.kafka#kafka-clients;3.4.1 in central
[2025-10-29T03:50:50.655+0700] {subprocess.py:93} INFO - 	found org.lz4#lz4-java;1.8.0 in central
[2025-10-29T03:50:50.673+0700] {subprocess.py:93} INFO - 	found org.xerial.snappy#snappy-java;1.1.10.3 in central
[2025-10-29T03:50:50.689+0700] {subprocess.py:93} INFO - 	found org.slf4j#slf4j-api;2.0.7 in central
[2025-10-29T03:50:50.707+0700] {subprocess.py:93} INFO - 	found org.apache.hadoop#hadoop-client-runtime;3.3.4 in central
[2025-10-29T03:50:50.727+0700] {subprocess.py:93} INFO - 	found org.apache.hadoop#hadoop-client-api;3.3.4 in central
[2025-10-29T03:50:50.750+0700] {subprocess.py:93} INFO - 	found commons-logging#commons-logging;1.1.3 in central
[2025-10-29T03:50:50.770+0700] {subprocess.py:93} INFO - 	found com.google.code.findbugs#jsr305;3.0.0 in central
[2025-10-29T03:50:50.787+0700] {subprocess.py:93} INFO - 	found org.apache.commons#commons-pool2;2.11.1 in central
[2025-10-29T03:50:50.801+0700] {subprocess.py:93} INFO - 	found org.postgresql#postgresql;42.6.0 in central
[2025-10-29T03:50:50.810+0700] {subprocess.py:93} INFO - 	found org.checkerframework#checker-qual;3.31.0 in central
[2025-10-29T03:50:50.829+0700] {subprocess.py:93} INFO - :: resolution report :: resolve 392ms :: artifacts dl 11ms
[2025-10-29T03:50:50.830+0700] {subprocess.py:93} INFO - 	:: modules in use:
[2025-10-29T03:50:50.830+0700] {subprocess.py:93} INFO - 	com.google.code.findbugs#jsr305;3.0.0 from central in [default]
[2025-10-29T03:50:50.831+0700] {subprocess.py:93} INFO - 	commons-logging#commons-logging;1.1.3 from central in [default]
[2025-10-29T03:50:50.831+0700] {subprocess.py:93} INFO - 	org.apache.commons#commons-pool2;2.11.1 from central in [default]
[2025-10-29T03:50:50.831+0700] {subprocess.py:93} INFO - 	org.apache.hadoop#hadoop-client-api;3.3.4 from central in [default]
[2025-10-29T03:50:50.831+0700] {subprocess.py:93} INFO - 	org.apache.hadoop#hadoop-client-runtime;3.3.4 from central in [default]
[2025-10-29T03:50:50.831+0700] {subprocess.py:93} INFO - 	org.apache.kafka#kafka-clients;3.4.1 from central in [default]
[2025-10-29T03:50:50.832+0700] {subprocess.py:93} INFO - 	org.apache.spark#spark-sql-kafka-0-10_2.12;3.5.1 from central in [default]
[2025-10-29T03:50:50.832+0700] {subprocess.py:93} INFO - 	org.apache.spark#spark-token-provider-kafka-0-10_2.12;3.5.1 from central in [default]
[2025-10-29T03:50:50.832+0700] {subprocess.py:93} INFO - 	org.checkerframework#checker-qual;3.31.0 from central in [default]
[2025-10-29T03:50:50.832+0700] {subprocess.py:93} INFO - 	org.lz4#lz4-java;1.8.0 from central in [default]
[2025-10-29T03:50:50.832+0700] {subprocess.py:93} INFO - 	org.postgresql#postgresql;42.6.0 from central in [default]
[2025-10-29T03:50:50.833+0700] {subprocess.py:93} INFO - 	org.slf4j#slf4j-api;2.0.7 from central in [default]
[2025-10-29T03:50:50.833+0700] {subprocess.py:93} INFO - 	org.xerial.snappy#snappy-java;1.1.10.3 from central in [default]
[2025-10-29T03:50:50.833+0700] {subprocess.py:93} INFO - 	---------------------------------------------------------------------
[2025-10-29T03:50:50.833+0700] {subprocess.py:93} INFO - 	|                  |            modules            ||   artifacts   |
[2025-10-29T03:50:50.833+0700] {subprocess.py:93} INFO - 	|       conf       | number| search|dwnlded|evicted|| number|dwnlded|
[2025-10-29T03:50:50.834+0700] {subprocess.py:93} INFO - 	---------------------------------------------------------------------
[2025-10-29T03:50:50.834+0700] {subprocess.py:93} INFO - 	|      default     |   13  |   0   |   0   |   0   ||   13  |   0   |
[2025-10-29T03:50:50.834+0700] {subprocess.py:93} INFO - 	---------------------------------------------------------------------
[2025-10-29T03:50:50.835+0700] {subprocess.py:93} INFO - :: retrieving :: org.apache.spark#spark-submit-parent-f6aa9fbc-8cc7-4aa3-9091-ca6167be975d
[2025-10-29T03:50:50.835+0700] {subprocess.py:93} INFO - 	confs: [default]
[2025-10-29T03:50:50.843+0700] {subprocess.py:93} INFO - 	0 artifacts copied, 13 already retrieved (0kB/8ms)
[2025-10-29T03:50:50.995+0700] {subprocess.py:93} INFO - 25/10/29 03:50:50 WARN NativeCodeLoader: Unable to load native-hadoop library for your platform... using builtin-java classes where applicable
[2025-10-29T03:50:54.689+0700] {subprocess.py:93} INFO - There was a problem when trying to write in your cache folder (/home/***/.cache/huggingface/hub). You should set the environment variable TRANSFORMERS_CACHE to a writable directory.
[2025-10-29T03:50:54.842+0700] {subprocess.py:93} INFO - 25/10/29 03:50:54 INFO SparkContext: Running Spark version 3.5.1
[2025-10-29T03:50:54.843+0700] {subprocess.py:93} INFO - 25/10/29 03:50:54 INFO SparkContext: OS info Linux, 6.14.0-33-generic, amd64
[2025-10-29T03:50:54.843+0700] {subprocess.py:93} INFO - 25/10/29 03:50:54 INFO SparkContext: Java version 17.0.17
[2025-10-29T03:50:54.863+0700] {subprocess.py:93} INFO - 25/10/29 03:50:54 INFO ResourceUtils: ==============================================================
[2025-10-29T03:50:54.864+0700] {subprocess.py:93} INFO - 25/10/29 03:50:54 INFO ResourceUtils: No custom resources configured for spark.driver.
[2025-10-29T03:50:54.864+0700] {subprocess.py:93} INFO - 25/10/29 03:50:54 INFO ResourceUtils: ==============================================================
[2025-10-29T03:50:54.864+0700] {subprocess.py:93} INFO - 25/10/29 03:50:54 INFO SparkContext: Submitted application: Kafka_ABSA_Postgres
[2025-10-29T03:50:54.883+0700] {subprocess.py:93} INFO - 25/10/29 03:50:54 INFO ResourceProfile: Default ResourceProfile created, executor resources: Map(cores -> name: cores, amount: 1, script: , vendor: , memory -> name: memory, amount: 1024, script: , vendor: , offHeap -> name: offHeap, amount: 0, script: , vendor: ), task resources: Map(cpus -> name: cpus, amount: 1.0)
[2025-10-29T03:50:54.891+0700] {subprocess.py:93} INFO - 25/10/29 03:50:54 INFO ResourceProfile: Limiting resource is cpu
[2025-10-29T03:50:54.891+0700] {subprocess.py:93} INFO - 25/10/29 03:50:54 INFO ResourceProfileManager: Added ResourceProfile id: 0
[2025-10-29T03:50:54.931+0700] {subprocess.py:93} INFO - 25/10/29 03:50:54 INFO SecurityManager: Changing view acls to: default
[2025-10-29T03:50:54.931+0700] {subprocess.py:93} INFO - 25/10/29 03:50:54 INFO SecurityManager: Changing modify acls to: default
[2025-10-29T03:50:54.931+0700] {subprocess.py:93} INFO - 25/10/29 03:50:54 INFO SecurityManager: Changing view acls groups to:
[2025-10-29T03:50:54.932+0700] {subprocess.py:93} INFO - 25/10/29 03:50:54 INFO SecurityManager: Changing modify acls groups to:
[2025-10-29T03:50:54.932+0700] {subprocess.py:93} INFO - 25/10/29 03:50:54 INFO SecurityManager: SecurityManager: authentication disabled; ui acls disabled; users with view permissions: default; groups with view permissions: EMPTY; users with modify permissions: default; groups with modify permissions: EMPTY
[2025-10-29T03:50:55.095+0700] {subprocess.py:93} INFO - 25/10/29 03:50:55 INFO Utils: Successfully started service 'sparkDriver' on port 37905.
[2025-10-29T03:50:55.133+0700] {subprocess.py:93} INFO - 25/10/29 03:50:55 INFO SparkEnv: Registering MapOutputTracker
[2025-10-29T03:50:55.164+0700] {subprocess.py:93} INFO - 25/10/29 03:50:55 INFO SparkEnv: Registering BlockManagerMaster
[2025-10-29T03:50:55.179+0700] {subprocess.py:93} INFO - 25/10/29 03:50:55 INFO BlockManagerMasterEndpoint: Using org.apache.spark.storage.DefaultTopologyMapper for getting topology information
[2025-10-29T03:50:55.180+0700] {subprocess.py:93} INFO - 25/10/29 03:50:55 INFO BlockManagerMasterEndpoint: BlockManagerMasterEndpoint up
[2025-10-29T03:50:55.183+0700] {subprocess.py:93} INFO - 25/10/29 03:50:55 INFO SparkEnv: Registering BlockManagerMasterHeartbeat
[2025-10-29T03:50:55.201+0700] {subprocess.py:93} INFO - 25/10/29 03:50:55 INFO DiskBlockManager: Created local directory at /tmp/blockmgr-ba27047a-3555-4f8d-84ea-cc15757de8c3
[2025-10-29T03:50:55.215+0700] {subprocess.py:93} INFO - 25/10/29 03:50:55 INFO MemoryStore: MemoryStore started with capacity 434.4 MiB
[2025-10-29T03:50:55.230+0700] {subprocess.py:93} INFO - 25/10/29 03:50:55 INFO SparkEnv: Registering OutputCommitCoordinator
[2025-10-29T03:50:55.334+0700] {subprocess.py:93} INFO - 25/10/29 03:50:55 INFO JettyUtils: Start Jetty 0.0.0.0:4040 for SparkUI
[2025-10-29T03:50:55.376+0700] {subprocess.py:93} INFO - 25/10/29 03:50:55 INFO Utils: Successfully started service 'SparkUI' on port 4040.
[2025-10-29T03:50:55.408+0700] {subprocess.py:93} INFO - 25/10/29 03:50:55 INFO SparkContext: Added JAR file:///home/***/.ivy2/jars/org.apache.spark_spark-sql-kafka-0-10_2.12-3.5.1.jar at spark://dfeadd712fc3:37905/jars/org.apache.spark_spark-sql-kafka-0-10_2.12-3.5.1.jar with timestamp 1761684654836
[2025-10-29T03:50:55.409+0700] {subprocess.py:93} INFO - 25/10/29 03:50:55 INFO SparkContext: Added JAR file:///home/***/.ivy2/jars/org.postgresql_postgresql-42.6.0.jar at spark://dfeadd712fc3:37905/jars/org.postgresql_postgresql-42.6.0.jar with timestamp 1761684654836
[2025-10-29T03:50:55.409+0700] {subprocess.py:93} INFO - 25/10/29 03:50:55 INFO SparkContext: Added JAR file:///home/***/.ivy2/jars/org.apache.spark_spark-token-provider-kafka-0-10_2.12-3.5.1.jar at spark://dfeadd712fc3:37905/jars/org.apache.spark_spark-token-provider-kafka-0-10_2.12-3.5.1.jar with timestamp 1761684654836
[2025-10-29T03:50:55.409+0700] {subprocess.py:93} INFO - 25/10/29 03:50:55 INFO SparkContext: Added JAR file:///home/***/.ivy2/jars/org.apache.kafka_kafka-clients-3.4.1.jar at spark://dfeadd712fc3:37905/jars/org.apache.kafka_kafka-clients-3.4.1.jar with timestamp 1761684654836
[2025-10-29T03:50:55.409+0700] {subprocess.py:93} INFO - 25/10/29 03:50:55 INFO SparkContext: Added JAR file:///home/***/.ivy2/jars/com.google.code.findbugs_jsr305-3.0.0.jar at spark://dfeadd712fc3:37905/jars/com.google.code.findbugs_jsr305-3.0.0.jar with timestamp 1761684654836
[2025-10-29T03:50:55.409+0700] {subprocess.py:93} INFO - 25/10/29 03:50:55 INFO SparkContext: Added JAR file:///home/***/.ivy2/jars/org.apache.commons_commons-pool2-2.11.1.jar at spark://dfeadd712fc3:37905/jars/org.apache.commons_commons-pool2-2.11.1.jar with timestamp 1761684654836
[2025-10-29T03:50:55.410+0700] {subprocess.py:93} INFO - 25/10/29 03:50:55 INFO SparkContext: Added JAR file:///home/***/.ivy2/jars/org.apache.hadoop_hadoop-client-runtime-3.3.4.jar at spark://dfeadd712fc3:37905/jars/org.apache.hadoop_hadoop-client-runtime-3.3.4.jar with timestamp 1761684654836
[2025-10-29T03:50:55.410+0700] {subprocess.py:93} INFO - 25/10/29 03:50:55 INFO SparkContext: Added JAR file:///home/***/.ivy2/jars/org.lz4_lz4-java-1.8.0.jar at spark://dfeadd712fc3:37905/jars/org.lz4_lz4-java-1.8.0.jar with timestamp 1761684654836
[2025-10-29T03:50:55.410+0700] {subprocess.py:93} INFO - 25/10/29 03:50:55 INFO SparkContext: Added JAR file:///home/***/.ivy2/jars/org.xerial.snappy_snappy-java-1.1.10.3.jar at spark://dfeadd712fc3:37905/jars/org.xerial.snappy_snappy-java-1.1.10.3.jar with timestamp 1761684654836
[2025-10-29T03:50:55.410+0700] {subprocess.py:93} INFO - 25/10/29 03:50:55 INFO SparkContext: Added JAR file:///home/***/.ivy2/jars/org.slf4j_slf4j-api-2.0.7.jar at spark://dfeadd712fc3:37905/jars/org.slf4j_slf4j-api-2.0.7.jar with timestamp 1761684654836
[2025-10-29T03:50:55.410+0700] {subprocess.py:93} INFO - 25/10/29 03:50:55 INFO SparkContext: Added JAR file:///home/***/.ivy2/jars/org.apache.hadoop_hadoop-client-api-3.3.4.jar at spark://dfeadd712fc3:37905/jars/org.apache.hadoop_hadoop-client-api-3.3.4.jar with timestamp 1761684654836
[2025-10-29T03:50:55.411+0700] {subprocess.py:93} INFO - 25/10/29 03:50:55 INFO SparkContext: Added JAR file:///home/***/.ivy2/jars/commons-logging_commons-logging-1.1.3.jar at spark://dfeadd712fc3:37905/jars/commons-logging_commons-logging-1.1.3.jar with timestamp 1761684654836
[2025-10-29T03:50:55.411+0700] {subprocess.py:93} INFO - 25/10/29 03:50:55 INFO SparkContext: Added JAR file:///home/***/.ivy2/jars/org.checkerframework_checker-qual-3.31.0.jar at spark://dfeadd712fc3:37905/jars/org.checkerframework_checker-qual-3.31.0.jar with timestamp 1761684654836
[2025-10-29T03:50:55.412+0700] {subprocess.py:93} INFO - 25/10/29 03:50:55 INFO SparkContext: Added file file:///home/***/.ivy2/jars/org.apache.spark_spark-sql-kafka-0-10_2.12-3.5.1.jar at file:///home/***/.ivy2/jars/org.apache.spark_spark-sql-kafka-0-10_2.12-3.5.1.jar with timestamp 1761684654836
[2025-10-29T03:50:55.413+0700] {subprocess.py:93} INFO - 25/10/29 03:50:55 INFO Utils: Copying /home/***/.ivy2/jars/org.apache.spark_spark-sql-kafka-0-10_2.12-3.5.1.jar to /tmp/spark-cddc0382-8c96-4eb4-8cc8-6152ed2a5eaa/userFiles-48c1cc40-809e-44c5-8bbd-d9bf8e8eb2e9/org.apache.spark_spark-sql-kafka-0-10_2.12-3.5.1.jar
[2025-10-29T03:50:55.423+0700] {subprocess.py:93} INFO - 25/10/29 03:50:55 INFO SparkContext: Added file file:///home/***/.ivy2/jars/org.postgresql_postgresql-42.6.0.jar at file:///home/***/.ivy2/jars/org.postgresql_postgresql-42.6.0.jar with timestamp 1761684654836
[2025-10-29T03:50:55.423+0700] {subprocess.py:93} INFO - 25/10/29 03:50:55 INFO Utils: Copying /home/***/.ivy2/jars/org.postgresql_postgresql-42.6.0.jar to /tmp/spark-cddc0382-8c96-4eb4-8cc8-6152ed2a5eaa/userFiles-48c1cc40-809e-44c5-8bbd-d9bf8e8eb2e9/org.postgresql_postgresql-42.6.0.jar
[2025-10-29T03:50:55.427+0700] {subprocess.py:93} INFO - 25/10/29 03:50:55 INFO SparkContext: Added file file:///home/***/.ivy2/jars/org.apache.spark_spark-token-provider-kafka-0-10_2.12-3.5.1.jar at file:///home/***/.ivy2/jars/org.apache.spark_spark-token-provider-kafka-0-10_2.12-3.5.1.jar with timestamp 1761684654836
[2025-10-29T03:50:55.428+0700] {subprocess.py:93} INFO - 25/10/29 03:50:55 INFO Utils: Copying /home/***/.ivy2/jars/org.apache.spark_spark-token-provider-kafka-0-10_2.12-3.5.1.jar to /tmp/spark-cddc0382-8c96-4eb4-8cc8-6152ed2a5eaa/userFiles-48c1cc40-809e-44c5-8bbd-d9bf8e8eb2e9/org.apache.spark_spark-token-provider-kafka-0-10_2.12-3.5.1.jar
[2025-10-29T03:50:55.432+0700] {subprocess.py:93} INFO - 25/10/29 03:50:55 INFO SparkContext: Added file file:///home/***/.ivy2/jars/org.apache.kafka_kafka-clients-3.4.1.jar at file:///home/***/.ivy2/jars/org.apache.kafka_kafka-clients-3.4.1.jar with timestamp 1761684654836
[2025-10-29T03:50:55.432+0700] {subprocess.py:93} INFO - 25/10/29 03:50:55 INFO Utils: Copying /home/***/.ivy2/jars/org.apache.kafka_kafka-clients-3.4.1.jar to /tmp/spark-cddc0382-8c96-4eb4-8cc8-6152ed2a5eaa/userFiles-48c1cc40-809e-44c5-8bbd-d9bf8e8eb2e9/org.apache.kafka_kafka-clients-3.4.1.jar
[2025-10-29T03:50:55.439+0700] {subprocess.py:93} INFO - 25/10/29 03:50:55 INFO SparkContext: Added file file:///home/***/.ivy2/jars/com.google.code.findbugs_jsr305-3.0.0.jar at file:///home/***/.ivy2/jars/com.google.code.findbugs_jsr305-3.0.0.jar with timestamp 1761684654836
[2025-10-29T03:50:55.440+0700] {subprocess.py:93} INFO - 25/10/29 03:50:55 INFO Utils: Copying /home/***/.ivy2/jars/com.google.code.findbugs_jsr305-3.0.0.jar to /tmp/spark-cddc0382-8c96-4eb4-8cc8-6152ed2a5eaa/userFiles-48c1cc40-809e-44c5-8bbd-d9bf8e8eb2e9/com.google.code.findbugs_jsr305-3.0.0.jar
[2025-10-29T03:50:55.444+0700] {subprocess.py:93} INFO - 25/10/29 03:50:55 INFO SparkContext: Added file file:///home/***/.ivy2/jars/org.apache.commons_commons-pool2-2.11.1.jar at file:///home/***/.ivy2/jars/org.apache.commons_commons-pool2-2.11.1.jar with timestamp 1761684654836
[2025-10-29T03:50:55.444+0700] {subprocess.py:93} INFO - 25/10/29 03:50:55 INFO Utils: Copying /home/***/.ivy2/jars/org.apache.commons_commons-pool2-2.11.1.jar to /tmp/spark-cddc0382-8c96-4eb4-8cc8-6152ed2a5eaa/userFiles-48c1cc40-809e-44c5-8bbd-d9bf8e8eb2e9/org.apache.commons_commons-pool2-2.11.1.jar
[2025-10-29T03:50:55.448+0700] {subprocess.py:93} INFO - 25/10/29 03:50:55 INFO SparkContext: Added file file:///home/***/.ivy2/jars/org.apache.hadoop_hadoop-client-runtime-3.3.4.jar at file:///home/***/.ivy2/jars/org.apache.hadoop_hadoop-client-runtime-3.3.4.jar with timestamp 1761684654836
[2025-10-29T03:50:55.448+0700] {subprocess.py:93} INFO - 25/10/29 03:50:55 INFO Utils: Copying /home/***/.ivy2/jars/org.apache.hadoop_hadoop-client-runtime-3.3.4.jar to /tmp/spark-cddc0382-8c96-4eb4-8cc8-6152ed2a5eaa/userFiles-48c1cc40-809e-44c5-8bbd-d9bf8e8eb2e9/org.apache.hadoop_hadoop-client-runtime-3.3.4.jar
[2025-10-29T03:50:55.470+0700] {subprocess.py:93} INFO - 25/10/29 03:50:55 INFO SparkContext: Added file file:///home/***/.ivy2/jars/org.lz4_lz4-java-1.8.0.jar at file:///home/***/.ivy2/jars/org.lz4_lz4-java-1.8.0.jar with timestamp 1761684654836
[2025-10-29T03:50:55.471+0700] {subprocess.py:93} INFO - 25/10/29 03:50:55 INFO Utils: Copying /home/***/.ivy2/jars/org.lz4_lz4-java-1.8.0.jar to /tmp/spark-cddc0382-8c96-4eb4-8cc8-6152ed2a5eaa/userFiles-48c1cc40-809e-44c5-8bbd-d9bf8e8eb2e9/org.lz4_lz4-java-1.8.0.jar
[2025-10-29T03:50:55.474+0700] {subprocess.py:93} INFO - 25/10/29 03:50:55 INFO SparkContext: Added file file:///home/***/.ivy2/jars/org.xerial.snappy_snappy-java-1.1.10.3.jar at file:///home/***/.ivy2/jars/org.xerial.snappy_snappy-java-1.1.10.3.jar with timestamp 1761684654836
[2025-10-29T03:50:55.475+0700] {subprocess.py:93} INFO - 25/10/29 03:50:55 INFO Utils: Copying /home/***/.ivy2/jars/org.xerial.snappy_snappy-java-1.1.10.3.jar to /tmp/spark-cddc0382-8c96-4eb4-8cc8-6152ed2a5eaa/userFiles-48c1cc40-809e-44c5-8bbd-d9bf8e8eb2e9/org.xerial.snappy_snappy-java-1.1.10.3.jar
[2025-10-29T03:50:55.479+0700] {subprocess.py:93} INFO - 25/10/29 03:50:55 INFO SparkContext: Added file file:///home/***/.ivy2/jars/org.slf4j_slf4j-api-2.0.7.jar at file:///home/***/.ivy2/jars/org.slf4j_slf4j-api-2.0.7.jar with timestamp 1761684654836
[2025-10-29T03:50:55.479+0700] {subprocess.py:93} INFO - 25/10/29 03:50:55 INFO Utils: Copying /home/***/.ivy2/jars/org.slf4j_slf4j-api-2.0.7.jar to /tmp/spark-cddc0382-8c96-4eb4-8cc8-6152ed2a5eaa/userFiles-48c1cc40-809e-44c5-8bbd-d9bf8e8eb2e9/org.slf4j_slf4j-api-2.0.7.jar
[2025-10-29T03:50:55.483+0700] {subprocess.py:93} INFO - 25/10/29 03:50:55 INFO SparkContext: Added file file:///home/***/.ivy2/jars/org.apache.hadoop_hadoop-client-api-3.3.4.jar at file:///home/***/.ivy2/jars/org.apache.hadoop_hadoop-client-api-3.3.4.jar with timestamp 1761684654836
[2025-10-29T03:50:55.483+0700] {subprocess.py:93} INFO - 25/10/29 03:50:55 INFO Utils: Copying /home/***/.ivy2/jars/org.apache.hadoop_hadoop-client-api-3.3.4.jar to /tmp/spark-cddc0382-8c96-4eb4-8cc8-6152ed2a5eaa/userFiles-48c1cc40-809e-44c5-8bbd-d9bf8e8eb2e9/org.apache.hadoop_hadoop-client-api-3.3.4.jar
[2025-10-29T03:50:55.498+0700] {subprocess.py:93} INFO - 25/10/29 03:50:55 INFO SparkContext: Added file file:///home/***/.ivy2/jars/commons-logging_commons-logging-1.1.3.jar at file:///home/***/.ivy2/jars/commons-logging_commons-logging-1.1.3.jar with timestamp 1761684654836
[2025-10-29T03:50:55.499+0700] {subprocess.py:93} INFO - 25/10/29 03:50:55 INFO Utils: Copying /home/***/.ivy2/jars/commons-logging_commons-logging-1.1.3.jar to /tmp/spark-cddc0382-8c96-4eb4-8cc8-6152ed2a5eaa/userFiles-48c1cc40-809e-44c5-8bbd-d9bf8e8eb2e9/commons-logging_commons-logging-1.1.3.jar
[2025-10-29T03:50:55.502+0700] {subprocess.py:93} INFO - 25/10/29 03:50:55 INFO SparkContext: Added file file:///home/***/.ivy2/jars/org.checkerframework_checker-qual-3.31.0.jar at file:///home/***/.ivy2/jars/org.checkerframework_checker-qual-3.31.0.jar with timestamp 1761684654836
[2025-10-29T03:50:55.502+0700] {subprocess.py:93} INFO - 25/10/29 03:50:55 INFO Utils: Copying /home/***/.ivy2/jars/org.checkerframework_checker-qual-3.31.0.jar to /tmp/spark-cddc0382-8c96-4eb4-8cc8-6152ed2a5eaa/userFiles-48c1cc40-809e-44c5-8bbd-d9bf8e8eb2e9/org.checkerframework_checker-qual-3.31.0.jar
[2025-10-29T03:50:55.548+0700] {subprocess.py:93} INFO - 25/10/29 03:50:55 INFO Executor: Starting executor ID driver on host dfeadd712fc3
[2025-10-29T03:50:55.548+0700] {subprocess.py:93} INFO - 25/10/29 03:50:55 INFO Executor: OS info Linux, 6.14.0-33-generic, amd64
[2025-10-29T03:50:55.548+0700] {subprocess.py:93} INFO - 25/10/29 03:50:55 INFO Executor: Java version 17.0.17
[2025-10-29T03:50:55.552+0700] {subprocess.py:93} INFO - 25/10/29 03:50:55 INFO Executor: Starting executor with user classpath (userClassPathFirst = false): ''
[2025-10-29T03:50:55.553+0700] {subprocess.py:93} INFO - 25/10/29 03:50:55 INFO Executor: Created or updated repl class loader org.apache.spark.util.MutableURLClassLoader@200c19a2 for default.
[2025-10-29T03:50:55.561+0700] {subprocess.py:93} INFO - 25/10/29 03:50:55 INFO Executor: Fetching file:///home/***/.ivy2/jars/org.apache.spark_spark-sql-kafka-0-10_2.12-3.5.1.jar with timestamp 1761684654836
[2025-10-29T03:50:55.578+0700] {subprocess.py:93} INFO - 25/10/29 03:50:55 INFO Utils: /home/***/.ivy2/jars/org.apache.spark_spark-sql-kafka-0-10_2.12-3.5.1.jar has been previously copied to /tmp/spark-cddc0382-8c96-4eb4-8cc8-6152ed2a5eaa/userFiles-48c1cc40-809e-44c5-8bbd-d9bf8e8eb2e9/org.apache.spark_spark-sql-kafka-0-10_2.12-3.5.1.jar
[2025-10-29T03:50:55.582+0700] {subprocess.py:93} INFO - 25/10/29 03:50:55 INFO Executor: Fetching file:///home/***/.ivy2/jars/org.apache.hadoop_hadoop-client-runtime-3.3.4.jar with timestamp 1761684654836
[2025-10-29T03:50:55.605+0700] {subprocess.py:93} INFO - 25/10/29 03:50:55 INFO Utils: /home/***/.ivy2/jars/org.apache.hadoop_hadoop-client-runtime-3.3.4.jar has been previously copied to /tmp/spark-cddc0382-8c96-4eb4-8cc8-6152ed2a5eaa/userFiles-48c1cc40-809e-44c5-8bbd-d9bf8e8eb2e9/org.apache.hadoop_hadoop-client-runtime-3.3.4.jar
[2025-10-29T03:50:55.609+0700] {subprocess.py:93} INFO - 25/10/29 03:50:55 INFO Executor: Fetching file:///home/***/.ivy2/jars/org.apache.hadoop_hadoop-client-api-3.3.4.jar with timestamp 1761684654836
[2025-10-29T03:50:55.622+0700] {subprocess.py:93} INFO - 25/10/29 03:50:55 INFO Utils: /home/***/.ivy2/jars/org.apache.hadoop_hadoop-client-api-3.3.4.jar has been previously copied to /tmp/spark-cddc0382-8c96-4eb4-8cc8-6152ed2a5eaa/userFiles-48c1cc40-809e-44c5-8bbd-d9bf8e8eb2e9/org.apache.hadoop_hadoop-client-api-3.3.4.jar
[2025-10-29T03:50:55.626+0700] {subprocess.py:93} INFO - 25/10/29 03:50:55 INFO Executor: Fetching file:///home/***/.ivy2/jars/org.apache.spark_spark-token-provider-kafka-0-10_2.12-3.5.1.jar with timestamp 1761684654836
[2025-10-29T03:50:55.626+0700] {subprocess.py:93} INFO - 25/10/29 03:50:55 INFO Utils: /home/***/.ivy2/jars/org.apache.spark_spark-token-provider-kafka-0-10_2.12-3.5.1.jar has been previously copied to /tmp/spark-cddc0382-8c96-4eb4-8cc8-6152ed2a5eaa/userFiles-48c1cc40-809e-44c5-8bbd-d9bf8e8eb2e9/org.apache.spark_spark-token-provider-kafka-0-10_2.12-3.5.1.jar
[2025-10-29T03:50:55.629+0700] {subprocess.py:93} INFO - 25/10/29 03:50:55 INFO Executor: Fetching file:///home/***/.ivy2/jars/com.google.code.findbugs_jsr305-3.0.0.jar with timestamp 1761684654836
[2025-10-29T03:50:55.629+0700] {subprocess.py:93} INFO - 25/10/29 03:50:55 INFO Utils: /home/***/.ivy2/jars/com.google.code.findbugs_jsr305-3.0.0.jar has been previously copied to /tmp/spark-cddc0382-8c96-4eb4-8cc8-6152ed2a5eaa/userFiles-48c1cc40-809e-44c5-8bbd-d9bf8e8eb2e9/com.google.code.findbugs_jsr305-3.0.0.jar
[2025-10-29T03:50:55.632+0700] {subprocess.py:93} INFO - 25/10/29 03:50:55 INFO Executor: Fetching file:///home/***/.ivy2/jars/org.lz4_lz4-java-1.8.0.jar with timestamp 1761684654836
[2025-10-29T03:50:55.633+0700] {subprocess.py:93} INFO - 25/10/29 03:50:55 INFO Utils: /home/***/.ivy2/jars/org.lz4_lz4-java-1.8.0.jar has been previously copied to /tmp/spark-cddc0382-8c96-4eb4-8cc8-6152ed2a5eaa/userFiles-48c1cc40-809e-44c5-8bbd-d9bf8e8eb2e9/org.lz4_lz4-java-1.8.0.jar
[2025-10-29T03:50:55.636+0700] {subprocess.py:93} INFO - 25/10/29 03:50:55 INFO Executor: Fetching file:///home/***/.ivy2/jars/org.slf4j_slf4j-api-2.0.7.jar with timestamp 1761684654836
[2025-10-29T03:50:55.636+0700] {subprocess.py:93} INFO - 25/10/29 03:50:55 INFO Utils: /home/***/.ivy2/jars/org.slf4j_slf4j-api-2.0.7.jar has been previously copied to /tmp/spark-cddc0382-8c96-4eb4-8cc8-6152ed2a5eaa/userFiles-48c1cc40-809e-44c5-8bbd-d9bf8e8eb2e9/org.slf4j_slf4j-api-2.0.7.jar
[2025-10-29T03:50:55.639+0700] {subprocess.py:93} INFO - 25/10/29 03:50:55 INFO Executor: Fetching file:///home/***/.ivy2/jars/org.checkerframework_checker-qual-3.31.0.jar with timestamp 1761684654836
[2025-10-29T03:50:55.639+0700] {subprocess.py:93} INFO - 25/10/29 03:50:55 INFO Utils: /home/***/.ivy2/jars/org.checkerframework_checker-qual-3.31.0.jar has been previously copied to /tmp/spark-cddc0382-8c96-4eb4-8cc8-6152ed2a5eaa/userFiles-48c1cc40-809e-44c5-8bbd-d9bf8e8eb2e9/org.checkerframework_checker-qual-3.31.0.jar
[2025-10-29T03:50:55.642+0700] {subprocess.py:93} INFO - 25/10/29 03:50:55 INFO Executor: Fetching file:///home/***/.ivy2/jars/org.apache.commons_commons-pool2-2.11.1.jar with timestamp 1761684654836
[2025-10-29T03:50:55.643+0700] {subprocess.py:93} INFO - 25/10/29 03:50:55 INFO Utils: /home/***/.ivy2/jars/org.apache.commons_commons-pool2-2.11.1.jar has been previously copied to /tmp/spark-cddc0382-8c96-4eb4-8cc8-6152ed2a5eaa/userFiles-48c1cc40-809e-44c5-8bbd-d9bf8e8eb2e9/org.apache.commons_commons-pool2-2.11.1.jar
[2025-10-29T03:50:55.645+0700] {subprocess.py:93} INFO - 25/10/29 03:50:55 INFO Executor: Fetching file:///home/***/.ivy2/jars/commons-logging_commons-logging-1.1.3.jar with timestamp 1761684654836
[2025-10-29T03:50:55.645+0700] {subprocess.py:93} INFO - 25/10/29 03:50:55 INFO Utils: /home/***/.ivy2/jars/commons-logging_commons-logging-1.1.3.jar has been previously copied to /tmp/spark-cddc0382-8c96-4eb4-8cc8-6152ed2a5eaa/userFiles-48c1cc40-809e-44c5-8bbd-d9bf8e8eb2e9/commons-logging_commons-logging-1.1.3.jar
[2025-10-29T03:50:55.648+0700] {subprocess.py:93} INFO - 25/10/29 03:50:55 INFO Executor: Fetching file:///home/***/.ivy2/jars/org.xerial.snappy_snappy-java-1.1.10.3.jar with timestamp 1761684654836
[2025-10-29T03:50:55.649+0700] {subprocess.py:93} INFO - 25/10/29 03:50:55 INFO Utils: /home/***/.ivy2/jars/org.xerial.snappy_snappy-java-1.1.10.3.jar has been previously copied to /tmp/spark-cddc0382-8c96-4eb4-8cc8-6152ed2a5eaa/userFiles-48c1cc40-809e-44c5-8bbd-d9bf8e8eb2e9/org.xerial.snappy_snappy-java-1.1.10.3.jar
[2025-10-29T03:50:55.652+0700] {subprocess.py:93} INFO - 25/10/29 03:50:55 INFO Executor: Fetching file:///home/***/.ivy2/jars/org.postgresql_postgresql-42.6.0.jar with timestamp 1761684654836
[2025-10-29T03:50:55.653+0700] {subprocess.py:93} INFO - 25/10/29 03:50:55 INFO Utils: /home/***/.ivy2/jars/org.postgresql_postgresql-42.6.0.jar has been previously copied to /tmp/spark-cddc0382-8c96-4eb4-8cc8-6152ed2a5eaa/userFiles-48c1cc40-809e-44c5-8bbd-d9bf8e8eb2e9/org.postgresql_postgresql-42.6.0.jar
[2025-10-29T03:50:55.656+0700] {subprocess.py:93} INFO - 25/10/29 03:50:55 INFO Executor: Fetching file:///home/***/.ivy2/jars/org.apache.kafka_kafka-clients-3.4.1.jar with timestamp 1761684654836
[2025-10-29T03:50:55.659+0700] {subprocess.py:93} INFO - 25/10/29 03:50:55 INFO Utils: /home/***/.ivy2/jars/org.apache.kafka_kafka-clients-3.4.1.jar has been previously copied to /tmp/spark-cddc0382-8c96-4eb4-8cc8-6152ed2a5eaa/userFiles-48c1cc40-809e-44c5-8bbd-d9bf8e8eb2e9/org.apache.kafka_kafka-clients-3.4.1.jar
[2025-10-29T03:50:55.664+0700] {subprocess.py:93} INFO - 25/10/29 03:50:55 INFO Executor: Fetching spark://dfeadd712fc3:37905/jars/org.postgresql_postgresql-42.6.0.jar with timestamp 1761684654836
[2025-10-29T03:50:55.689+0700] {subprocess.py:93} INFO - 25/10/29 03:50:55 INFO TransportClientFactory: Successfully created connection to dfeadd712fc3/172.18.0.6:37905 after 16 ms (0 ms spent in bootstraps)
[2025-10-29T03:50:55.693+0700] {subprocess.py:93} INFO - 25/10/29 03:50:55 INFO Utils: Fetching spark://dfeadd712fc3:37905/jars/org.postgresql_postgresql-42.6.0.jar to /tmp/spark-cddc0382-8c96-4eb4-8cc8-6152ed2a5eaa/userFiles-48c1cc40-809e-44c5-8bbd-d9bf8e8eb2e9/fetchFileTemp9028196145604500083.tmp
[2025-10-29T03:50:55.713+0700] {subprocess.py:93} INFO - 25/10/29 03:50:55 INFO Utils: /tmp/spark-cddc0382-8c96-4eb4-8cc8-6152ed2a5eaa/userFiles-48c1cc40-809e-44c5-8bbd-d9bf8e8eb2e9/fetchFileTemp9028196145604500083.tmp has been previously copied to /tmp/spark-cddc0382-8c96-4eb4-8cc8-6152ed2a5eaa/userFiles-48c1cc40-809e-44c5-8bbd-d9bf8e8eb2e9/org.postgresql_postgresql-42.6.0.jar
[2025-10-29T03:50:55.719+0700] {subprocess.py:93} INFO - 25/10/29 03:50:55 INFO Executor: Adding file:/tmp/spark-cddc0382-8c96-4eb4-8cc8-6152ed2a5eaa/userFiles-48c1cc40-809e-44c5-8bbd-d9bf8e8eb2e9/org.postgresql_postgresql-42.6.0.jar to class loader default
[2025-10-29T03:50:55.719+0700] {subprocess.py:93} INFO - 25/10/29 03:50:55 INFO Executor: Fetching spark://dfeadd712fc3:37905/jars/commons-logging_commons-logging-1.1.3.jar with timestamp 1761684654836
[2025-10-29T03:50:55.719+0700] {subprocess.py:93} INFO - 25/10/29 03:50:55 INFO Utils: Fetching spark://dfeadd712fc3:37905/jars/commons-logging_commons-logging-1.1.3.jar to /tmp/spark-cddc0382-8c96-4eb4-8cc8-6152ed2a5eaa/userFiles-48c1cc40-809e-44c5-8bbd-d9bf8e8eb2e9/fetchFileTemp10793592712039202130.tmp
[2025-10-29T03:50:55.721+0700] {subprocess.py:93} INFO - 25/10/29 03:50:55 INFO Utils: /tmp/spark-cddc0382-8c96-4eb4-8cc8-6152ed2a5eaa/userFiles-48c1cc40-809e-44c5-8bbd-d9bf8e8eb2e9/fetchFileTemp10793592712039202130.tmp has been previously copied to /tmp/spark-cddc0382-8c96-4eb4-8cc8-6152ed2a5eaa/userFiles-48c1cc40-809e-44c5-8bbd-d9bf8e8eb2e9/commons-logging_commons-logging-1.1.3.jar
[2025-10-29T03:50:55.741+0700] {subprocess.py:93} INFO - 25/10/29 03:50:55 INFO Executor: Adding file:/tmp/spark-cddc0382-8c96-4eb4-8cc8-6152ed2a5eaa/userFiles-48c1cc40-809e-44c5-8bbd-d9bf8e8eb2e9/commons-logging_commons-logging-1.1.3.jar to class loader default
[2025-10-29T03:50:55.742+0700] {subprocess.py:93} INFO - 25/10/29 03:50:55 INFO Executor: Fetching spark://dfeadd712fc3:37905/jars/org.apache.kafka_kafka-clients-3.4.1.jar with timestamp 1761684654836
[2025-10-29T03:50:55.742+0700] {subprocess.py:93} INFO - 25/10/29 03:50:55 INFO Utils: Fetching spark://dfeadd712fc3:37905/jars/org.apache.kafka_kafka-clients-3.4.1.jar to /tmp/spark-cddc0382-8c96-4eb4-8cc8-6152ed2a5eaa/userFiles-48c1cc40-809e-44c5-8bbd-d9bf8e8eb2e9/fetchFileTemp8747281778809859969.tmp
[2025-10-29T03:50:55.756+0700] {subprocess.py:93} INFO - 25/10/29 03:50:55 INFO Utils: /tmp/spark-cddc0382-8c96-4eb4-8cc8-6152ed2a5eaa/userFiles-48c1cc40-809e-44c5-8bbd-d9bf8e8eb2e9/fetchFileTemp8747281778809859969.tmp has been previously copied to /tmp/spark-cddc0382-8c96-4eb4-8cc8-6152ed2a5eaa/userFiles-48c1cc40-809e-44c5-8bbd-d9bf8e8eb2e9/org.apache.kafka_kafka-clients-3.4.1.jar
[2025-10-29T03:50:55.814+0700] {subprocess.py:93} INFO - 25/10/29 03:50:55 INFO Executor: Adding file:/tmp/spark-cddc0382-8c96-4eb4-8cc8-6152ed2a5eaa/userFiles-48c1cc40-809e-44c5-8bbd-d9bf8e8eb2e9/org.apache.kafka_kafka-clients-3.4.1.jar to class loader default
[2025-10-29T03:50:55.814+0700] {subprocess.py:93} INFO - 25/10/29 03:50:55 INFO Executor: Fetching spark://dfeadd712fc3:37905/jars/org.apache.spark_spark-sql-kafka-0-10_2.12-3.5.1.jar with timestamp 1761684654836
[2025-10-29T03:50:55.814+0700] {subprocess.py:93} INFO - 25/10/29 03:50:55 INFO Utils: Fetching spark://dfeadd712fc3:37905/jars/org.apache.spark_spark-sql-kafka-0-10_2.12-3.5.1.jar to /tmp/spark-cddc0382-8c96-4eb4-8cc8-6152ed2a5eaa/userFiles-48c1cc40-809e-44c5-8bbd-d9bf8e8eb2e9/fetchFileTemp2860831200748863926.tmp
[2025-10-29T03:50:55.816+0700] {subprocess.py:93} INFO - 25/10/29 03:50:55 INFO Utils: /tmp/spark-cddc0382-8c96-4eb4-8cc8-6152ed2a5eaa/userFiles-48c1cc40-809e-44c5-8bbd-d9bf8e8eb2e9/fetchFileTemp2860831200748863926.tmp has been previously copied to /tmp/spark-cddc0382-8c96-4eb4-8cc8-6152ed2a5eaa/userFiles-48c1cc40-809e-44c5-8bbd-d9bf8e8eb2e9/org.apache.spark_spark-sql-kafka-0-10_2.12-3.5.1.jar
[2025-10-29T03:50:55.820+0700] {subprocess.py:93} INFO - 25/10/29 03:50:55 INFO Executor: Adding file:/tmp/spark-cddc0382-8c96-4eb4-8cc8-6152ed2a5eaa/userFiles-48c1cc40-809e-44c5-8bbd-d9bf8e8eb2e9/org.apache.spark_spark-sql-kafka-0-10_2.12-3.5.1.jar to class loader default
[2025-10-29T03:50:55.820+0700] {subprocess.py:93} INFO - 25/10/29 03:50:55 INFO Executor: Fetching spark://dfeadd712fc3:37905/jars/org.apache.hadoop_hadoop-client-api-3.3.4.jar with timestamp 1761684654836
[2025-10-29T03:50:55.820+0700] {subprocess.py:93} INFO - 25/10/29 03:50:55 INFO Utils: Fetching spark://dfeadd712fc3:37905/jars/org.apache.hadoop_hadoop-client-api-3.3.4.jar to /tmp/spark-cddc0382-8c96-4eb4-8cc8-6152ed2a5eaa/userFiles-48c1cc40-809e-44c5-8bbd-d9bf8e8eb2e9/fetchFileTemp15247706624462197496.tmp
[2025-10-29T03:50:55.884+0700] {subprocess.py:93} INFO - 25/10/29 03:50:55 INFO Utils: /tmp/spark-cddc0382-8c96-4eb4-8cc8-6152ed2a5eaa/userFiles-48c1cc40-809e-44c5-8bbd-d9bf8e8eb2e9/fetchFileTemp15247706624462197496.tmp has been previously copied to /tmp/spark-cddc0382-8c96-4eb4-8cc8-6152ed2a5eaa/userFiles-48c1cc40-809e-44c5-8bbd-d9bf8e8eb2e9/org.apache.hadoop_hadoop-client-api-3.3.4.jar
[2025-10-29T03:50:55.890+0700] {subprocess.py:93} INFO - 25/10/29 03:50:55 INFO Executor: Adding file:/tmp/spark-cddc0382-8c96-4eb4-8cc8-6152ed2a5eaa/userFiles-48c1cc40-809e-44c5-8bbd-d9bf8e8eb2e9/org.apache.hadoop_hadoop-client-api-3.3.4.jar to class loader default
[2025-10-29T03:50:55.891+0700] {subprocess.py:93} INFO - 25/10/29 03:50:55 INFO Executor: Fetching spark://dfeadd712fc3:37905/jars/com.google.code.findbugs_jsr305-3.0.0.jar with timestamp 1761684654836
[2025-10-29T03:50:55.891+0700] {subprocess.py:93} INFO - 25/10/29 03:50:55 INFO Utils: Fetching spark://dfeadd712fc3:37905/jars/com.google.code.findbugs_jsr305-3.0.0.jar to /tmp/spark-cddc0382-8c96-4eb4-8cc8-6152ed2a5eaa/userFiles-48c1cc40-809e-44c5-8bbd-d9bf8e8eb2e9/fetchFileTemp18366107136360296250.tmp
[2025-10-29T03:50:55.892+0700] {subprocess.py:93} INFO - 25/10/29 03:50:55 INFO Utils: /tmp/spark-cddc0382-8c96-4eb4-8cc8-6152ed2a5eaa/userFiles-48c1cc40-809e-44c5-8bbd-d9bf8e8eb2e9/fetchFileTemp18366107136360296250.tmp has been previously copied to /tmp/spark-cddc0382-8c96-4eb4-8cc8-6152ed2a5eaa/userFiles-48c1cc40-809e-44c5-8bbd-d9bf8e8eb2e9/com.google.code.findbugs_jsr305-3.0.0.jar
[2025-10-29T03:50:55.896+0700] {subprocess.py:93} INFO - 25/10/29 03:50:55 INFO Executor: Adding file:/tmp/spark-cddc0382-8c96-4eb4-8cc8-6152ed2a5eaa/userFiles-48c1cc40-809e-44c5-8bbd-d9bf8e8eb2e9/com.google.code.findbugs_jsr305-3.0.0.jar to class loader default
[2025-10-29T03:50:55.896+0700] {subprocess.py:93} INFO - 25/10/29 03:50:55 INFO Executor: Fetching spark://dfeadd712fc3:37905/jars/org.apache.commons_commons-pool2-2.11.1.jar with timestamp 1761684654836
[2025-10-29T03:50:55.897+0700] {subprocess.py:93} INFO - 25/10/29 03:50:55 INFO Utils: Fetching spark://dfeadd712fc3:37905/jars/org.apache.commons_commons-pool2-2.11.1.jar to /tmp/spark-cddc0382-8c96-4eb4-8cc8-6152ed2a5eaa/userFiles-48c1cc40-809e-44c5-8bbd-d9bf8e8eb2e9/fetchFileTemp2985467498036917446.tmp
[2025-10-29T03:50:55.898+0700] {subprocess.py:93} INFO - 25/10/29 03:50:55 INFO Utils: /tmp/spark-cddc0382-8c96-4eb4-8cc8-6152ed2a5eaa/userFiles-48c1cc40-809e-44c5-8bbd-d9bf8e8eb2e9/fetchFileTemp2985467498036917446.tmp has been previously copied to /tmp/spark-cddc0382-8c96-4eb4-8cc8-6152ed2a5eaa/userFiles-48c1cc40-809e-44c5-8bbd-d9bf8e8eb2e9/org.apache.commons_commons-pool2-2.11.1.jar
[2025-10-29T03:50:55.901+0700] {subprocess.py:93} INFO - 25/10/29 03:50:55 INFO Executor: Adding file:/tmp/spark-cddc0382-8c96-4eb4-8cc8-6152ed2a5eaa/userFiles-48c1cc40-809e-44c5-8bbd-d9bf8e8eb2e9/org.apache.commons_commons-pool2-2.11.1.jar to class loader default
[2025-10-29T03:50:55.902+0700] {subprocess.py:93} INFO - 25/10/29 03:50:55 INFO Executor: Fetching spark://dfeadd712fc3:37905/jars/org.slf4j_slf4j-api-2.0.7.jar with timestamp 1761684654836
[2025-10-29T03:50:55.902+0700] {subprocess.py:93} INFO - 25/10/29 03:50:55 INFO Utils: Fetching spark://dfeadd712fc3:37905/jars/org.slf4j_slf4j-api-2.0.7.jar to /tmp/spark-cddc0382-8c96-4eb4-8cc8-6152ed2a5eaa/userFiles-48c1cc40-809e-44c5-8bbd-d9bf8e8eb2e9/fetchFileTemp16848512950744613596.tmp
[2025-10-29T03:50:55.903+0700] {subprocess.py:93} INFO - 25/10/29 03:50:55 INFO Utils: /tmp/spark-cddc0382-8c96-4eb4-8cc8-6152ed2a5eaa/userFiles-48c1cc40-809e-44c5-8bbd-d9bf8e8eb2e9/fetchFileTemp16848512950744613596.tmp has been previously copied to /tmp/spark-cddc0382-8c96-4eb4-8cc8-6152ed2a5eaa/userFiles-48c1cc40-809e-44c5-8bbd-d9bf8e8eb2e9/org.slf4j_slf4j-api-2.0.7.jar
[2025-10-29T03:50:55.906+0700] {subprocess.py:93} INFO - 25/10/29 03:50:55 INFO Executor: Adding file:/tmp/spark-cddc0382-8c96-4eb4-8cc8-6152ed2a5eaa/userFiles-48c1cc40-809e-44c5-8bbd-d9bf8e8eb2e9/org.slf4j_slf4j-api-2.0.7.jar to class loader default
[2025-10-29T03:50:55.907+0700] {subprocess.py:93} INFO - 25/10/29 03:50:55 INFO Executor: Fetching spark://dfeadd712fc3:37905/jars/org.checkerframework_checker-qual-3.31.0.jar with timestamp 1761684654836
[2025-10-29T03:50:55.907+0700] {subprocess.py:93} INFO - 25/10/29 03:50:55 INFO Utils: Fetching spark://dfeadd712fc3:37905/jars/org.checkerframework_checker-qual-3.31.0.jar to /tmp/spark-cddc0382-8c96-4eb4-8cc8-6152ed2a5eaa/userFiles-48c1cc40-809e-44c5-8bbd-d9bf8e8eb2e9/fetchFileTemp9462543877482485744.tmp
[2025-10-29T03:50:55.908+0700] {subprocess.py:93} INFO - 25/10/29 03:50:55 INFO Utils: /tmp/spark-cddc0382-8c96-4eb4-8cc8-6152ed2a5eaa/userFiles-48c1cc40-809e-44c5-8bbd-d9bf8e8eb2e9/fetchFileTemp9462543877482485744.tmp has been previously copied to /tmp/spark-cddc0382-8c96-4eb4-8cc8-6152ed2a5eaa/userFiles-48c1cc40-809e-44c5-8bbd-d9bf8e8eb2e9/org.checkerframework_checker-qual-3.31.0.jar
[2025-10-29T03:50:55.912+0700] {subprocess.py:93} INFO - 25/10/29 03:50:55 INFO Executor: Adding file:/tmp/spark-cddc0382-8c96-4eb4-8cc8-6152ed2a5eaa/userFiles-48c1cc40-809e-44c5-8bbd-d9bf8e8eb2e9/org.checkerframework_checker-qual-3.31.0.jar to class loader default
[2025-10-29T03:50:55.912+0700] {subprocess.py:93} INFO - 25/10/29 03:50:55 INFO Executor: Fetching spark://dfeadd712fc3:37905/jars/org.apache.spark_spark-token-provider-kafka-0-10_2.12-3.5.1.jar with timestamp 1761684654836
[2025-10-29T03:50:55.913+0700] {subprocess.py:93} INFO - 25/10/29 03:50:55 INFO Utils: Fetching spark://dfeadd712fc3:37905/jars/org.apache.spark_spark-token-provider-kafka-0-10_2.12-3.5.1.jar to /tmp/spark-cddc0382-8c96-4eb4-8cc8-6152ed2a5eaa/userFiles-48c1cc40-809e-44c5-8bbd-d9bf8e8eb2e9/fetchFileTemp5032963447604940371.tmp
[2025-10-29T03:50:55.914+0700] {subprocess.py:93} INFO - 25/10/29 03:50:55 INFO Utils: /tmp/spark-cddc0382-8c96-4eb4-8cc8-6152ed2a5eaa/userFiles-48c1cc40-809e-44c5-8bbd-d9bf8e8eb2e9/fetchFileTemp5032963447604940371.tmp has been previously copied to /tmp/spark-cddc0382-8c96-4eb4-8cc8-6152ed2a5eaa/userFiles-48c1cc40-809e-44c5-8bbd-d9bf8e8eb2e9/org.apache.spark_spark-token-provider-kafka-0-10_2.12-3.5.1.jar
[2025-10-29T03:50:55.918+0700] {subprocess.py:93} INFO - 25/10/29 03:50:55 INFO Executor: Adding file:/tmp/spark-cddc0382-8c96-4eb4-8cc8-6152ed2a5eaa/userFiles-48c1cc40-809e-44c5-8bbd-d9bf8e8eb2e9/org.apache.spark_spark-token-provider-kafka-0-10_2.12-3.5.1.jar to class loader default
[2025-10-29T03:50:55.918+0700] {subprocess.py:93} INFO - 25/10/29 03:50:55 INFO Executor: Fetching spark://dfeadd712fc3:37905/jars/org.xerial.snappy_snappy-java-1.1.10.3.jar with timestamp 1761684654836
[2025-10-29T03:50:55.918+0700] {subprocess.py:93} INFO - 25/10/29 03:50:55 INFO Utils: Fetching spark://dfeadd712fc3:37905/jars/org.xerial.snappy_snappy-java-1.1.10.3.jar to /tmp/spark-cddc0382-8c96-4eb4-8cc8-6152ed2a5eaa/userFiles-48c1cc40-809e-44c5-8bbd-d9bf8e8eb2e9/fetchFileTemp11843733874588474150.tmp
[2025-10-29T03:50:55.923+0700] {subprocess.py:93} INFO - 25/10/29 03:50:55 INFO Utils: /tmp/spark-cddc0382-8c96-4eb4-8cc8-6152ed2a5eaa/userFiles-48c1cc40-809e-44c5-8bbd-d9bf8e8eb2e9/fetchFileTemp11843733874588474150.tmp has been previously copied to /tmp/spark-cddc0382-8c96-4eb4-8cc8-6152ed2a5eaa/userFiles-48c1cc40-809e-44c5-8bbd-d9bf8e8eb2e9/org.xerial.snappy_snappy-java-1.1.10.3.jar
[2025-10-29T03:50:55.929+0700] {subprocess.py:93} INFO - 25/10/29 03:50:55 INFO Executor: Adding file:/tmp/spark-cddc0382-8c96-4eb4-8cc8-6152ed2a5eaa/userFiles-48c1cc40-809e-44c5-8bbd-d9bf8e8eb2e9/org.xerial.snappy_snappy-java-1.1.10.3.jar to class loader default
[2025-10-29T03:50:55.930+0700] {subprocess.py:93} INFO - 25/10/29 03:50:55 INFO Executor: Fetching spark://dfeadd712fc3:37905/jars/org.lz4_lz4-java-1.8.0.jar with timestamp 1761684654836
[2025-10-29T03:50:55.930+0700] {subprocess.py:93} INFO - 25/10/29 03:50:55 INFO Utils: Fetching spark://dfeadd712fc3:37905/jars/org.lz4_lz4-java-1.8.0.jar to /tmp/spark-cddc0382-8c96-4eb4-8cc8-6152ed2a5eaa/userFiles-48c1cc40-809e-44c5-8bbd-d9bf8e8eb2e9/fetchFileTemp2456338411968883519.tmp
[2025-10-29T03:50:55.932+0700] {subprocess.py:93} INFO - 25/10/29 03:50:55 INFO Utils: /tmp/spark-cddc0382-8c96-4eb4-8cc8-6152ed2a5eaa/userFiles-48c1cc40-809e-44c5-8bbd-d9bf8e8eb2e9/fetchFileTemp2456338411968883519.tmp has been previously copied to /tmp/spark-cddc0382-8c96-4eb4-8cc8-6152ed2a5eaa/userFiles-48c1cc40-809e-44c5-8bbd-d9bf8e8eb2e9/org.lz4_lz4-java-1.8.0.jar
[2025-10-29T03:50:55.937+0700] {subprocess.py:93} INFO - 25/10/29 03:50:55 INFO Executor: Adding file:/tmp/spark-cddc0382-8c96-4eb4-8cc8-6152ed2a5eaa/userFiles-48c1cc40-809e-44c5-8bbd-d9bf8e8eb2e9/org.lz4_lz4-java-1.8.0.jar to class loader default
[2025-10-29T03:50:55.937+0700] {subprocess.py:93} INFO - 25/10/29 03:50:55 INFO Executor: Fetching spark://dfeadd712fc3:37905/jars/org.apache.hadoop_hadoop-client-runtime-3.3.4.jar with timestamp 1761684654836
[2025-10-29T03:50:55.937+0700] {subprocess.py:93} INFO - 25/10/29 03:50:55 INFO Utils: Fetching spark://dfeadd712fc3:37905/jars/org.apache.hadoop_hadoop-client-runtime-3.3.4.jar to /tmp/spark-cddc0382-8c96-4eb4-8cc8-6152ed2a5eaa/userFiles-48c1cc40-809e-44c5-8bbd-d9bf8e8eb2e9/fetchFileTemp6881721250285181418.tmp
[2025-10-29T03:50:56.051+0700] {subprocess.py:93} INFO - 25/10/29 03:50:56 INFO Utils: /tmp/spark-cddc0382-8c96-4eb4-8cc8-6152ed2a5eaa/userFiles-48c1cc40-809e-44c5-8bbd-d9bf8e8eb2e9/fetchFileTemp6881721250285181418.tmp has been previously copied to /tmp/spark-cddc0382-8c96-4eb4-8cc8-6152ed2a5eaa/userFiles-48c1cc40-809e-44c5-8bbd-d9bf8e8eb2e9/org.apache.hadoop_hadoop-client-runtime-3.3.4.jar
[2025-10-29T03:50:56.066+0700] {subprocess.py:93} INFO - 25/10/29 03:50:56 INFO Executor: Adding file:/tmp/spark-cddc0382-8c96-4eb4-8cc8-6152ed2a5eaa/userFiles-48c1cc40-809e-44c5-8bbd-d9bf8e8eb2e9/org.apache.hadoop_hadoop-client-runtime-3.3.4.jar to class loader default
[2025-10-29T03:50:56.089+0700] {subprocess.py:93} INFO - 25/10/29 03:50:56 INFO Utils: Successfully started service 'org.apache.spark.network.netty.NettyBlockTransferService' on port 40071.
[2025-10-29T03:50:56.090+0700] {subprocess.py:93} INFO - 25/10/29 03:50:56 INFO NettyBlockTransferService: Server created on dfeadd712fc3:40071
[2025-10-29T03:50:56.096+0700] {subprocess.py:93} INFO - 25/10/29 03:50:56 INFO BlockManager: Using org.apache.spark.storage.RandomBlockReplicationPolicy for block replication policy
[2025-10-29T03:50:56.108+0700] {subprocess.py:93} INFO - 25/10/29 03:50:56 INFO BlockManagerMaster: Registering BlockManager BlockManagerId(driver, dfeadd712fc3, 40071, None)
[2025-10-29T03:50:56.116+0700] {subprocess.py:93} INFO - 25/10/29 03:50:56 INFO BlockManagerMasterEndpoint: Registering block manager dfeadd712fc3:40071 with 434.4 MiB RAM, BlockManagerId(driver, dfeadd712fc3, 40071, None)
[2025-10-29T03:50:56.126+0700] {subprocess.py:93} INFO - 25/10/29 03:50:56 INFO BlockManagerMaster: Registered BlockManager BlockManagerId(driver, dfeadd712fc3, 40071, None)
[2025-10-29T03:50:56.128+0700] {subprocess.py:93} INFO - 25/10/29 03:50:56 INFO BlockManager: Initialized BlockManager: BlockManagerId(driver, dfeadd712fc3, 40071, None)
[2025-10-29T03:50:58.526+0700] {subprocess.py:93} INFO - 25/10/29 03:50:58 WARN ResolveWriteToStream: spark.sql.adaptive.enabled is not supported in streaming DataFrames/Datasets and will be disabled.
[2025-10-29T03:50:58.652+0700] {subprocess.py:93} INFO - 🚀 Streaming job started — đang lắng nghe dữ liệu từ Kafka...
[2025-10-29T03:50:58.757+0700] {subprocess.py:93} INFO - 25/10/29 03:50:58 WARN AdminClientConfig: These configurations '[key.deserializer, value.deserializer, enable.auto.commit, max.poll.records, auto.offset.reset]' were supplied but are not used yet.
[2025-10-29T03:51:00.295+0700] {subprocess.py:93} INFO - [Batch 0] ⚠️ Không có dữ liệu mới.
[2025-10-29T03:51:01.680+0700] {subprocess.py:93} INFO - 25/10/29 03:51:01 WARN KafkaDataConsumer: KafkaDataConsumer is not running in UninterruptibleThread. It may hang when KafkaDataConsumer's methods are interrupted because of KAFKA-1894
[2025-10-29T03:51:04.501+0700] {subprocess.py:93} INFO - There was a problem when trying to write in your cache folder (/home/***/.cache/huggingface/hub). You should set the environment variable TRANSFORMERS_CACHE to a writable directory.
[2025-10-29T03:51:05.119+0700] {subprocess.py:93} INFO - 25/10/29 03:51:05 ERROR Executor: Exception in task 0.0 in stage 2.0 (TID 1)
[2025-10-29T03:51:05.119+0700] {subprocess.py:93} INFO - org.apache.spark.api.python.PythonException: Traceback (most recent call last):
[2025-10-29T03:51:05.120+0700] {subprocess.py:93} INFO -   File "/opt/***/projects/absa_streaming/scripts/consumer_postgres_streaming.py", line 73, in absa_infer_udf
[2025-10-29T03:51:05.120+0700] {subprocess.py:93} INFO -     _tokenizer = AutoTokenizer.from_pretrained(MODEL_NAME, use_fast=True)
[2025-10-29T03:51:05.120+0700] {subprocess.py:93} INFO -                  ^^^^^^^^^^^^^^^^^^^^^^^^^^^^^^^^^^^^^^^^^^^^^^^^^^^^^^^^
[2025-10-29T03:51:05.120+0700] {subprocess.py:93} INFO -   File "/home/***/.local/lib/python3.12/site-packages/transformers/models/auto/tokenization_auto.py", line 817, in from_pretrained
[2025-10-29T03:51:05.121+0700] {subprocess.py:93} INFO -     tokenizer_config = get_tokenizer_config(pretrained_model_name_or_path, **kwargs)
[2025-10-29T03:51:05.121+0700] {subprocess.py:93} INFO -                        ^^^^^^^^^^^^^^^^^^^^^^^^^^^^^^^^^^^^^^^^^^^^^^^^^^^^^^^^^^^^^
[2025-10-29T03:51:05.121+0700] {subprocess.py:93} INFO -   File "/home/***/.local/lib/python3.12/site-packages/transformers/models/auto/tokenization_auto.py", line 649, in get_tokenizer_config
[2025-10-29T03:51:05.121+0700] {subprocess.py:93} INFO -     resolved_config_file = cached_file(
[2025-10-29T03:51:05.121+0700] {subprocess.py:93} INFO -                            ^^^^^^^^^^^^
[2025-10-29T03:51:05.122+0700] {subprocess.py:93} INFO -   File "/home/***/.local/lib/python3.12/site-packages/transformers/utils/hub.py", line 462, in cached_file
[2025-10-29T03:51:05.122+0700] {subprocess.py:93} INFO -     except HFValidationError as e:
[2025-10-29T03:51:05.122+0700] {subprocess.py:93} INFO -   File "/home/***/.local/lib/python3.12/site-packages/huggingface_hub/utils/_validators.py", line 114, in _inner_fn
[2025-10-29T03:51:05.122+0700] {subprocess.py:93} INFO -     return fn(*args, **kwargs)
[2025-10-29T03:51:05.122+0700] {subprocess.py:93} INFO -            ^^^^^^^^^^^^^^^^^^^
[2025-10-29T03:51:05.122+0700] {subprocess.py:93} INFO -   File "/home/***/.local/lib/python3.12/site-packages/huggingface_hub/file_download.py", line 1007, in hf_hub_download
[2025-10-29T03:51:05.123+0700] {subprocess.py:93} INFO -     return _hf_hub_download_to_cache_dir(
[2025-10-29T03:51:05.123+0700] {subprocess.py:93} INFO -            ^^^^^^^^^^^^^^^^^^^^^^^^^^^^^^
[2025-10-29T03:51:05.123+0700] {subprocess.py:93} INFO -   File "/home/***/.local/lib/python3.12/site-packages/huggingface_hub/file_download.py", line 1124, in _hf_hub_download_to_cache_dir
[2025-10-29T03:51:05.123+0700] {subprocess.py:93} INFO -     os.makedirs(os.path.dirname(blob_path), exist_ok=True)
[2025-10-29T03:51:05.123+0700] {subprocess.py:93} INFO -   File "<frozen os>", line 216, in makedirs
[2025-10-29T03:51:05.124+0700] {subprocess.py:93} INFO -   File "<frozen os>", line 216, in makedirs
[2025-10-29T03:51:05.124+0700] {subprocess.py:93} INFO -   File "<frozen os>", line 216, in makedirs
[2025-10-29T03:51:05.124+0700] {subprocess.py:93} INFO -   File "<frozen os>", line 230, in makedirs
[2025-10-29T03:51:05.124+0700] {subprocess.py:93} INFO - PermissionError: [Errno 13] Permission denied: '/home/***/.cache/huggingface'
[2025-10-29T03:51:05.124+0700] {subprocess.py:93} INFO - 
[2025-10-29T03:51:05.124+0700] {subprocess.py:93} INFO - 	at org.apache.spark.api.python.BasePythonRunner$ReaderIterator.handlePythonException(PythonRunner.scala:572)
[2025-10-29T03:51:05.125+0700] {subprocess.py:93} INFO - 	at org.apache.spark.sql.execution.python.PythonArrowOutput$$anon$1.read(PythonArrowOutput.scala:118)
[2025-10-29T03:51:05.125+0700] {subprocess.py:93} INFO - 	at org.apache.spark.api.python.BasePythonRunner$ReaderIterator.hasNext(PythonRunner.scala:525)
[2025-10-29T03:51:05.125+0700] {subprocess.py:93} INFO - 	at org.apache.spark.InterruptibleIterator.hasNext(InterruptibleIterator.scala:37)
[2025-10-29T03:51:05.125+0700] {subprocess.py:93} INFO - 	at scala.collection.Iterator$$anon$11.hasNext(Iterator.scala:491)
[2025-10-29T03:51:05.125+0700] {subprocess.py:93} INFO - 	at scala.collection.Iterator$$anon$10.hasNext(Iterator.scala:460)
[2025-10-29T03:51:05.125+0700] {subprocess.py:93} INFO - 	at scala.collection.Iterator$$anon$10.hasNext(Iterator.scala:460)
[2025-10-29T03:51:05.126+0700] {subprocess.py:93} INFO - 	at org.apache.spark.sql.catalyst.expressions.GeneratedClass$GeneratedIteratorForCodegenStage1.hashAgg_doAggregateWithoutKey_0$(Unknown Source)
[2025-10-29T03:51:05.126+0700] {subprocess.py:93} INFO - 	at org.apache.spark.sql.catalyst.expressions.GeneratedClass$GeneratedIteratorForCodegenStage1.processNext(Unknown Source)
[2025-10-29T03:51:05.126+0700] {subprocess.py:93} INFO - 	at org.apache.spark.sql.execution.BufferedRowIterator.hasNext(BufferedRowIterator.java:43)
[2025-10-29T03:51:05.126+0700] {subprocess.py:93} INFO - 	at org.apache.spark.sql.execution.WholeStageCodegenEvaluatorFactory$WholeStageCodegenPartitionEvaluator$$anon$1.hasNext(WholeStageCodegenEvaluatorFactory.scala:43)
[2025-10-29T03:51:05.126+0700] {subprocess.py:93} INFO - 	at scala.collection.Iterator$$anon$10.hasNext(Iterator.scala:460)
[2025-10-29T03:51:05.126+0700] {subprocess.py:93} INFO - 	at org.apache.spark.shuffle.sort.BypassMergeSortShuffleWriter.write(BypassMergeSortShuffleWriter.java:140)
[2025-10-29T03:51:05.127+0700] {subprocess.py:93} INFO - 	at org.apache.spark.shuffle.ShuffleWriteProcessor.write(ShuffleWriteProcessor.scala:59)
[2025-10-29T03:51:05.127+0700] {subprocess.py:93} INFO - 	at org.apache.spark.scheduler.ShuffleMapTask.runTask(ShuffleMapTask.scala:104)
[2025-10-29T03:51:05.127+0700] {subprocess.py:93} INFO - 	at org.apache.spark.scheduler.ShuffleMapTask.runTask(ShuffleMapTask.scala:54)
[2025-10-29T03:51:05.127+0700] {subprocess.py:93} INFO - 	at org.apache.spark.TaskContext.runTaskWithListeners(TaskContext.scala:166)
[2025-10-29T03:51:05.127+0700] {subprocess.py:93} INFO - 	at org.apache.spark.scheduler.Task.run(Task.scala:141)
[2025-10-29T03:51:05.127+0700] {subprocess.py:93} INFO - 	at org.apache.spark.executor.Executor$TaskRunner.$anonfun$run$4(Executor.scala:620)
[2025-10-29T03:51:05.127+0700] {subprocess.py:93} INFO - 	at org.apache.spark.util.SparkErrorUtils.tryWithSafeFinally(SparkErrorUtils.scala:64)
[2025-10-29T03:51:05.127+0700] {subprocess.py:93} INFO - 	at org.apache.spark.util.SparkErrorUtils.tryWithSafeFinally$(SparkErrorUtils.scala:61)
[2025-10-29T03:51:05.127+0700] {subprocess.py:93} INFO - 	at org.apache.spark.util.Utils$.tryWithSafeFinally(Utils.scala:94)
[2025-10-29T03:51:05.127+0700] {subprocess.py:93} INFO - 	at org.apache.spark.executor.Executor$TaskRunner.run(Executor.scala:623)
[2025-10-29T03:51:05.128+0700] {subprocess.py:93} INFO - 	at java.base/java.util.concurrent.ThreadPoolExecutor.runWorker(ThreadPoolExecutor.java:1136)
[2025-10-29T03:51:05.128+0700] {subprocess.py:93} INFO - 	at java.base/java.util.concurrent.ThreadPoolExecutor$Worker.run(ThreadPoolExecutor.java:635)
[2025-10-29T03:51:05.128+0700] {subprocess.py:93} INFO - 	at java.base/java.lang.Thread.run(Thread.java:840)
[2025-10-29T03:51:05.130+0700] {subprocess.py:93} INFO - 25/10/29 03:51:05 WARN TaskSetManager: Lost task 0.0 in stage 2.0 (TID 1) (dfeadd712fc3 executor driver): org.apache.spark.api.python.PythonException: Traceback (most recent call last):
[2025-10-29T03:51:05.130+0700] {subprocess.py:93} INFO -   File "/opt/***/projects/absa_streaming/scripts/consumer_postgres_streaming.py", line 73, in absa_infer_udf
[2025-10-29T03:51:05.130+0700] {subprocess.py:93} INFO -     _tokenizer = AutoTokenizer.from_pretrained(MODEL_NAME, use_fast=True)
[2025-10-29T03:51:05.130+0700] {subprocess.py:93} INFO -                  ^^^^^^^^^^^^^^^^^^^^^^^^^^^^^^^^^^^^^^^^^^^^^^^^^^^^^^^^
[2025-10-29T03:51:05.130+0700] {subprocess.py:93} INFO -   File "/home/***/.local/lib/python3.12/site-packages/transformers/models/auto/tokenization_auto.py", line 817, in from_pretrained
[2025-10-29T03:51:05.131+0700] {subprocess.py:93} INFO -     tokenizer_config = get_tokenizer_config(pretrained_model_name_or_path, **kwargs)
[2025-10-29T03:51:05.131+0700] {subprocess.py:93} INFO -                        ^^^^^^^^^^^^^^^^^^^^^^^^^^^^^^^^^^^^^^^^^^^^^^^^^^^^^^^^^^^^^
[2025-10-29T03:51:05.131+0700] {subprocess.py:93} INFO -   File "/home/***/.local/lib/python3.12/site-packages/transformers/models/auto/tokenization_auto.py", line 649, in get_tokenizer_config
[2025-10-29T03:51:05.131+0700] {subprocess.py:93} INFO -     resolved_config_file = cached_file(
[2025-10-29T03:51:05.131+0700] {subprocess.py:93} INFO -                            ^^^^^^^^^^^^
[2025-10-29T03:51:05.132+0700] {subprocess.py:93} INFO -   File "/home/***/.local/lib/python3.12/site-packages/transformers/utils/hub.py", line 462, in cached_file
[2025-10-29T03:51:05.132+0700] {subprocess.py:93} INFO -     except HFValidationError as e:
[2025-10-29T03:51:05.132+0700] {subprocess.py:93} INFO -   File "/home/***/.local/lib/python3.12/site-packages/huggingface_hub/utils/_validators.py", line 114, in _inner_fn
[2025-10-29T03:51:05.132+0700] {subprocess.py:93} INFO -     return fn(*args, **kwargs)
[2025-10-29T03:51:05.132+0700] {subprocess.py:93} INFO -            ^^^^^^^^^^^^^^^^^^^
[2025-10-29T03:51:05.133+0700] {subprocess.py:93} INFO -   File "/home/***/.local/lib/python3.12/site-packages/huggingface_hub/file_download.py", line 1007, in hf_hub_download
[2025-10-29T03:51:05.133+0700] {subprocess.py:93} INFO -     return _hf_hub_download_to_cache_dir(
[2025-10-29T03:51:05.133+0700] {subprocess.py:93} INFO -            ^^^^^^^^^^^^^^^^^^^^^^^^^^^^^^
[2025-10-29T03:51:05.133+0700] {subprocess.py:93} INFO -   File "/home/***/.local/lib/python3.12/site-packages/huggingface_hub/file_download.py", line 1124, in _hf_hub_download_to_cache_dir
[2025-10-29T03:51:05.133+0700] {subprocess.py:93} INFO -     os.makedirs(os.path.dirname(blob_path), exist_ok=True)
[2025-10-29T03:51:05.134+0700] {subprocess.py:93} INFO -   File "<frozen os>", line 216, in makedirs
[2025-10-29T03:51:05.134+0700] {subprocess.py:93} INFO -   File "<frozen os>", line 216, in makedirs
[2025-10-29T03:51:05.134+0700] {subprocess.py:93} INFO -   File "<frozen os>", line 216, in makedirs
[2025-10-29T03:51:05.134+0700] {subprocess.py:93} INFO -   File "<frozen os>", line 230, in makedirs
[2025-10-29T03:51:05.134+0700] {subprocess.py:93} INFO - PermissionError: [Errno 13] Permission denied: '/home/***/.cache/huggingface'
[2025-10-29T03:51:05.135+0700] {subprocess.py:93} INFO - 
[2025-10-29T03:51:05.135+0700] {subprocess.py:93} INFO - 	at org.apache.spark.api.python.BasePythonRunner$ReaderIterator.handlePythonException(PythonRunner.scala:572)
[2025-10-29T03:51:05.135+0700] {subprocess.py:93} INFO - 	at org.apache.spark.sql.execution.python.PythonArrowOutput$$anon$1.read(PythonArrowOutput.scala:118)
[2025-10-29T03:51:05.135+0700] {subprocess.py:93} INFO - 	at org.apache.spark.api.python.BasePythonRunner$ReaderIterator.hasNext(PythonRunner.scala:525)
[2025-10-29T03:51:05.135+0700] {subprocess.py:93} INFO - 	at org.apache.spark.InterruptibleIterator.hasNext(InterruptibleIterator.scala:37)
[2025-10-29T03:51:05.135+0700] {subprocess.py:93} INFO - 	at scala.collection.Iterator$$anon$11.hasNext(Iterator.scala:491)
[2025-10-29T03:51:05.135+0700] {subprocess.py:93} INFO - 	at scala.collection.Iterator$$anon$10.hasNext(Iterator.scala:460)
[2025-10-29T03:51:05.136+0700] {subprocess.py:93} INFO - 	at scala.collection.Iterator$$anon$10.hasNext(Iterator.scala:460)
[2025-10-29T03:51:05.136+0700] {subprocess.py:93} INFO - 	at org.apache.spark.sql.catalyst.expressions.GeneratedClass$GeneratedIteratorForCodegenStage1.hashAgg_doAggregateWithoutKey_0$(Unknown Source)
[2025-10-29T03:51:05.136+0700] {subprocess.py:93} INFO - 	at org.apache.spark.sql.catalyst.expressions.GeneratedClass$GeneratedIteratorForCodegenStage1.processNext(Unknown Source)
[2025-10-29T03:51:05.136+0700] {subprocess.py:93} INFO - 	at org.apache.spark.sql.execution.BufferedRowIterator.hasNext(BufferedRowIterator.java:43)
[2025-10-29T03:51:05.136+0700] {subprocess.py:93} INFO - 	at org.apache.spark.sql.execution.WholeStageCodegenEvaluatorFactory$WholeStageCodegenPartitionEvaluator$$anon$1.hasNext(WholeStageCodegenEvaluatorFactory.scala:43)
[2025-10-29T03:51:05.136+0700] {subprocess.py:93} INFO - 	at scala.collection.Iterator$$anon$10.hasNext(Iterator.scala:460)
[2025-10-29T03:51:05.136+0700] {subprocess.py:93} INFO - 	at org.apache.spark.shuffle.sort.BypassMergeSortShuffleWriter.write(BypassMergeSortShuffleWriter.java:140)
[2025-10-29T03:51:05.137+0700] {subprocess.py:93} INFO - 	at org.apache.spark.shuffle.ShuffleWriteProcessor.write(ShuffleWriteProcessor.scala:59)
[2025-10-29T03:51:05.137+0700] {subprocess.py:93} INFO - 	at org.apache.spark.scheduler.ShuffleMapTask.runTask(ShuffleMapTask.scala:104)
[2025-10-29T03:51:05.137+0700] {subprocess.py:93} INFO - 	at org.apache.spark.scheduler.ShuffleMapTask.runTask(ShuffleMapTask.scala:54)
[2025-10-29T03:51:05.137+0700] {subprocess.py:93} INFO - 	at org.apache.spark.TaskContext.runTaskWithListeners(TaskContext.scala:166)
[2025-10-29T03:51:05.137+0700] {subprocess.py:93} INFO - 	at org.apache.spark.scheduler.Task.run(Task.scala:141)
[2025-10-29T03:51:05.137+0700] {subprocess.py:93} INFO - 	at org.apache.spark.executor.Executor$TaskRunner.$anonfun$run$4(Executor.scala:620)
[2025-10-29T03:51:05.137+0700] {subprocess.py:93} INFO - 	at org.apache.spark.util.SparkErrorUtils.tryWithSafeFinally(SparkErrorUtils.scala:64)
[2025-10-29T03:51:05.137+0700] {subprocess.py:93} INFO - 	at org.apache.spark.util.SparkErrorUtils.tryWithSafeFinally$(SparkErrorUtils.scala:61)
[2025-10-29T03:51:05.137+0700] {subprocess.py:93} INFO - 	at org.apache.spark.util.Utils$.tryWithSafeFinally(Utils.scala:94)
[2025-10-29T03:51:05.137+0700] {subprocess.py:93} INFO - 	at org.apache.spark.executor.Executor$TaskRunner.run(Executor.scala:623)
[2025-10-29T03:51:05.138+0700] {subprocess.py:93} INFO - 	at java.base/java.util.concurrent.ThreadPoolExecutor.runWorker(ThreadPoolExecutor.java:1136)
[2025-10-29T03:51:05.138+0700] {subprocess.py:93} INFO - 	at java.base/java.util.concurrent.ThreadPoolExecutor$Worker.run(ThreadPoolExecutor.java:635)
[2025-10-29T03:51:05.138+0700] {subprocess.py:93} INFO - 	at java.base/java.lang.Thread.run(Thread.java:840)
[2025-10-29T03:51:05.138+0700] {subprocess.py:93} INFO - 
[2025-10-29T03:51:05.138+0700] {subprocess.py:93} INFO - 25/10/29 03:51:05 ERROR TaskSetManager: Task 0 in stage 2.0 failed 1 times; aborting job
[2025-10-29T03:51:05.197+0700] {subprocess.py:93} INFO - 25/10/29 03:51:05 ERROR MicroBatchExecution: Query [id = ac9515f7-982c-4aef-abb9-6dded8391fa4, runId = 9d536489-a975-4974-a9af-d264eb8b5876] terminated with error
[2025-10-29T03:51:05.197+0700] {subprocess.py:93} INFO - py4j.Py4JException: An exception was raised by the Python Proxy. Return Message: Traceback (most recent call last):
[2025-10-29T03:51:05.197+0700] {subprocess.py:93} INFO -   File "/home/***/.local/lib/python3.12/site-packages/pyspark/python/lib/py4j-0.10.9.7-src.zip/py4j/clientserver.py", line 617, in _call_proxy
[2025-10-29T03:51:05.198+0700] {subprocess.py:93} INFO -     return_value = getattr(self.pool[obj_id], method)(*params)
[2025-10-29T03:51:05.198+0700] {subprocess.py:93} INFO -                    ^^^^^^^^^^^^^^^^^^^^^^^^^^^^^^^^^^^^^^^^^^^
[2025-10-29T03:51:05.198+0700] {subprocess.py:93} INFO -   File "/home/***/.local/lib/python3.12/site-packages/pyspark/python/lib/pyspark.zip/pyspark/sql/utils.py", line 120, in call
[2025-10-29T03:51:05.198+0700] {subprocess.py:93} INFO -     raise e
[2025-10-29T03:51:05.198+0700] {subprocess.py:93} INFO -   File "/home/***/.local/lib/python3.12/site-packages/pyspark/python/lib/pyspark.zip/pyspark/sql/utils.py", line 117, in call
[2025-10-29T03:51:05.198+0700] {subprocess.py:93} INFO -     self.func(DataFrame(jdf, wrapped_session_jdf), batch_id)
[2025-10-29T03:51:05.198+0700] {subprocess.py:93} INFO -   File "/opt/***/projects/absa_streaming/scripts/consumer_postgres_streaming.py", line 125, in write_to_postgres
[2025-10-29T03:51:05.199+0700] {subprocess.py:93} INFO -     total_rows = batch_df.count()
[2025-10-29T03:51:05.199+0700] {subprocess.py:93} INFO -                  ^^^^^^^^^^^^^^^^
[2025-10-29T03:51:05.199+0700] {subprocess.py:93} INFO -   File "/home/***/.local/lib/python3.12/site-packages/pyspark/python/lib/pyspark.zip/pyspark/sql/dataframe.py", line 1238, in count
[2025-10-29T03:51:05.199+0700] {subprocess.py:93} INFO -     return int(self._jdf.count())
[2025-10-29T03:51:05.199+0700] {subprocess.py:93} INFO -                ^^^^^^^^^^^^^^^^^
[2025-10-29T03:51:05.199+0700] {subprocess.py:93} INFO -   File "/home/***/.local/lib/python3.12/site-packages/pyspark/python/lib/py4j-0.10.9.7-src.zip/py4j/java_gateway.py", line 1322, in __call__
[2025-10-29T03:51:05.199+0700] {subprocess.py:93} INFO -     return_value = get_return_value(
[2025-10-29T03:51:05.199+0700] {subprocess.py:93} INFO -                    ^^^^^^^^^^^^^^^^^
[2025-10-29T03:51:05.200+0700] {subprocess.py:93} INFO -   File "/home/***/.local/lib/python3.12/site-packages/pyspark/python/lib/pyspark.zip/pyspark/errors/exceptions/captured.py", line 185, in deco
[2025-10-29T03:51:05.200+0700] {subprocess.py:93} INFO -     raise converted from None
[2025-10-29T03:51:05.200+0700] {subprocess.py:93} INFO - pyspark.errors.exceptions.captured.PythonException:
[2025-10-29T03:51:05.200+0700] {subprocess.py:93} INFO -   An exception was thrown from the Python worker. Please see the stack trace below.
[2025-10-29T03:51:05.200+0700] {subprocess.py:93} INFO - Traceback (most recent call last):
[2025-10-29T03:51:05.200+0700] {subprocess.py:93} INFO -   File "/opt/***/projects/absa_streaming/scripts/consumer_postgres_streaming.py", line 73, in absa_infer_udf
[2025-10-29T03:51:05.200+0700] {subprocess.py:93} INFO -     _tokenizer = AutoTokenizer.from_pretrained(MODEL_NAME, use_fast=True)
[2025-10-29T03:51:05.200+0700] {subprocess.py:93} INFO -                  ^^^^^^^^^^^^^^^^^^^^^^^^^^^^^^^^^^^^^^^^^^^^^^^^^^^^^^^^
[2025-10-29T03:51:05.201+0700] {subprocess.py:93} INFO -   File "/home/***/.local/lib/python3.12/site-packages/transformers/models/auto/tokenization_auto.py", line 817, in from_pretrained
[2025-10-29T03:51:05.201+0700] {subprocess.py:93} INFO -     tokenizer_config = get_tokenizer_config(pretrained_model_name_or_path, **kwargs)
[2025-10-29T03:51:05.201+0700] {subprocess.py:93} INFO -                        ^^^^^^^^^^^^^^^^^^^^^^^^^^^^^^^^^^^^^^^^^^^^^^^^^^^^^^^^^^^^^
[2025-10-29T03:51:05.201+0700] {subprocess.py:93} INFO -   File "/home/***/.local/lib/python3.12/site-packages/transformers/models/auto/tokenization_auto.py", line 649, in get_tokenizer_config
[2025-10-29T03:51:05.201+0700] {subprocess.py:93} INFO -     resolved_config_file = cached_file(
[2025-10-29T03:51:05.201+0700] {subprocess.py:93} INFO -                            ^^^^^^^^^^^^
[2025-10-29T03:51:05.201+0700] {subprocess.py:93} INFO -   File "/home/***/.local/lib/python3.12/site-packages/transformers/utils/hub.py", line 462, in cached_file
[2025-10-29T03:51:05.201+0700] {subprocess.py:93} INFO -     except HFValidationError as e:
[2025-10-29T03:51:05.201+0700] {subprocess.py:93} INFO -   File "/home/***/.local/lib/python3.12/site-packages/huggingface_hub/utils/_validators.py", line 114, in _inner_fn
[2025-10-29T03:51:05.202+0700] {subprocess.py:93} INFO -     return fn(*args, **kwargs)
[2025-10-29T03:51:05.202+0700] {subprocess.py:93} INFO -            ^^^^^^^^^^^^^^^^^^^
[2025-10-29T03:51:05.202+0700] {subprocess.py:93} INFO -   File "/home/***/.local/lib/python3.12/site-packages/huggingface_hub/file_download.py", line 1007, in hf_hub_download
[2025-10-29T03:51:05.202+0700] {subprocess.py:93} INFO -     return _hf_hub_download_to_cache_dir(
[2025-10-29T03:51:05.202+0700] {subprocess.py:93} INFO -            ^^^^^^^^^^^^^^^^^^^^^^^^^^^^^^
[2025-10-29T03:51:05.202+0700] {subprocess.py:93} INFO -   File "/home/***/.local/lib/python3.12/site-packages/huggingface_hub/file_download.py", line 1124, in _hf_hub_download_to_cache_dir
[2025-10-29T03:51:05.202+0700] {subprocess.py:93} INFO -     os.makedirs(os.path.dirname(blob_path), exist_ok=True)
[2025-10-29T03:51:05.202+0700] {subprocess.py:93} INFO -   File "<frozen os>", line 216, in makedirs
[2025-10-29T03:51:05.203+0700] {subprocess.py:93} INFO -   File "<frozen os>", line 216, in makedirs
[2025-10-29T03:51:05.203+0700] {subprocess.py:93} INFO -   File "<frozen os>", line 216, in makedirs
[2025-10-29T03:51:05.203+0700] {subprocess.py:93} INFO -   File "<frozen os>", line 230, in makedirs
[2025-10-29T03:51:05.203+0700] {subprocess.py:93} INFO - PermissionError: [Errno 13] Permission denied: '/home/***/.cache/huggingface'
[2025-10-29T03:51:05.203+0700] {subprocess.py:93} INFO - 
[2025-10-29T03:51:05.203+0700] {subprocess.py:93} INFO - 
[2025-10-29T03:51:05.203+0700] {subprocess.py:93} INFO - 	at py4j.Protocol.getReturnValue(Protocol.java:476)
[2025-10-29T03:51:05.203+0700] {subprocess.py:93} INFO - 	at py4j.reflection.PythonProxyHandler.invoke(PythonProxyHandler.java:108)
[2025-10-29T03:51:05.203+0700] {subprocess.py:93} INFO - 	at jdk.proxy3/jdk.proxy3.$Proxy32.call(Unknown Source)
[2025-10-29T03:51:05.204+0700] {subprocess.py:93} INFO - 	at org.apache.spark.sql.execution.streaming.sources.PythonForeachBatchHelper$.$anonfun$callForeachBatch$1(ForeachBatchSink.scala:53)
[2025-10-29T03:51:05.204+0700] {subprocess.py:93} INFO - 	at org.apache.spark.sql.execution.streaming.sources.PythonForeachBatchHelper$.$anonfun$callForeachBatch$1$adapted(ForeachBatchSink.scala:53)
[2025-10-29T03:51:05.204+0700] {subprocess.py:93} INFO - 	at org.apache.spark.sql.execution.streaming.sources.ForeachBatchSink.addBatch(ForeachBatchSink.scala:34)
[2025-10-29T03:51:05.204+0700] {subprocess.py:93} INFO - 	at org.apache.spark.sql.execution.streaming.MicroBatchExecution.$anonfun$runBatch$17(MicroBatchExecution.scala:732)
[2025-10-29T03:51:05.204+0700] {subprocess.py:93} INFO - 	at org.apache.spark.sql.execution.SQLExecution$.$anonfun$withNewExecutionId$6(SQLExecution.scala:125)
[2025-10-29T03:51:05.204+0700] {subprocess.py:93} INFO - 	at org.apache.spark.sql.execution.SQLExecution$.withSQLConfPropagated(SQLExecution.scala:201)
[2025-10-29T03:51:05.204+0700] {subprocess.py:93} INFO - 	at org.apache.spark.sql.execution.SQLExecution$.$anonfun$withNewExecutionId$1(SQLExecution.scala:108)
[2025-10-29T03:51:05.204+0700] {subprocess.py:93} INFO - 	at org.apache.spark.sql.SparkSession.withActive(SparkSession.scala:900)
[2025-10-29T03:51:05.204+0700] {subprocess.py:93} INFO - 	at org.apache.spark.sql.execution.SQLExecution$.withNewExecutionId(SQLExecution.scala:66)
[2025-10-29T03:51:05.205+0700] {subprocess.py:93} INFO - 	at org.apache.spark.sql.execution.streaming.MicroBatchExecution.$anonfun$runBatch$16(MicroBatchExecution.scala:729)
[2025-10-29T03:51:05.205+0700] {subprocess.py:93} INFO - 	at org.apache.spark.sql.execution.streaming.ProgressReporter.reportTimeTaken(ProgressReporter.scala:427)
[2025-10-29T03:51:05.205+0700] {subprocess.py:93} INFO - 	at org.apache.spark.sql.execution.streaming.ProgressReporter.reportTimeTaken$(ProgressReporter.scala:425)
[2025-10-29T03:51:05.205+0700] {subprocess.py:93} INFO - 	at org.apache.spark.sql.execution.streaming.StreamExecution.reportTimeTaken(StreamExecution.scala:67)
[2025-10-29T03:51:05.205+0700] {subprocess.py:93} INFO - 	at org.apache.spark.sql.execution.streaming.MicroBatchExecution.runBatch(MicroBatchExecution.scala:729)
[2025-10-29T03:51:05.205+0700] {subprocess.py:93} INFO - 	at org.apache.spark.sql.execution.streaming.MicroBatchExecution.$anonfun$runActivatedStream$2(MicroBatchExecution.scala:286)
[2025-10-29T03:51:05.205+0700] {subprocess.py:93} INFO - 	at scala.runtime.java8.JFunction0$mcV$sp.apply(JFunction0$mcV$sp.java:23)
[2025-10-29T03:51:05.205+0700] {subprocess.py:93} INFO - 	at org.apache.spark.sql.execution.streaming.ProgressReporter.reportTimeTaken(ProgressReporter.scala:427)
[2025-10-29T03:51:05.205+0700] {subprocess.py:93} INFO - 	at org.apache.spark.sql.execution.streaming.ProgressReporter.reportTimeTaken$(ProgressReporter.scala:425)
[2025-10-29T03:51:05.206+0700] {subprocess.py:93} INFO - 	at org.apache.spark.sql.execution.streaming.StreamExecution.reportTimeTaken(StreamExecution.scala:67)
[2025-10-29T03:51:05.206+0700] {subprocess.py:93} INFO - 	at org.apache.spark.sql.execution.streaming.MicroBatchExecution.$anonfun$runActivatedStream$1(MicroBatchExecution.scala:249)
[2025-10-29T03:51:05.206+0700] {subprocess.py:93} INFO - 	at org.apache.spark.sql.execution.streaming.ProcessingTimeExecutor.execute(TriggerExecutor.scala:67)
[2025-10-29T03:51:05.206+0700] {subprocess.py:93} INFO - 	at org.apache.spark.sql.execution.streaming.MicroBatchExecution.runActivatedStream(MicroBatchExecution.scala:239)
[2025-10-29T03:51:05.206+0700] {subprocess.py:93} INFO - 	at org.apache.spark.sql.execution.streaming.StreamExecution.$anonfun$runStream$1(StreamExecution.scala:311)
[2025-10-29T03:51:05.206+0700] {subprocess.py:93} INFO - 	at scala.runtime.java8.JFunction0$mcV$sp.apply(JFunction0$mcV$sp.java:23)
[2025-10-29T03:51:05.206+0700] {subprocess.py:93} INFO - 	at org.apache.spark.sql.SparkSession.withActive(SparkSession.scala:900)
[2025-10-29T03:51:05.206+0700] {subprocess.py:93} INFO - 	at org.apache.spark.sql.execution.streaming.StreamExecution.org$apache$spark$sql$execution$streaming$StreamExecution$$runStream(StreamExecution.scala:289)
[2025-10-29T03:51:05.207+0700] {subprocess.py:93} INFO - 	at org.apache.spark.sql.execution.streaming.StreamExecution$$anon$1.$anonfun$run$1(StreamExecution.scala:211)
[2025-10-29T03:51:05.207+0700] {subprocess.py:93} INFO - 	at scala.runtime.java8.JFunction0$mcV$sp.apply(JFunction0$mcV$sp.java:23)
[2025-10-29T03:51:05.207+0700] {subprocess.py:93} INFO - 	at org.apache.spark.JobArtifactSet$.withActiveJobArtifactState(JobArtifactSet.scala:94)
[2025-10-29T03:51:05.207+0700] {subprocess.py:93} INFO - 	at org.apache.spark.sql.execution.streaming.StreamExecution$$anon$1.run(StreamExecution.scala:211)
[2025-10-29T03:51:05.258+0700] {subprocess.py:93} INFO - Traceback (most recent call last):
[2025-10-29T03:51:05.259+0700] {subprocess.py:93} INFO -   File "/opt/***/projects/absa_streaming/scripts/consumer_postgres_streaming.py", line 175, in <module>
[2025-10-29T03:51:05.259+0700] {subprocess.py:93} INFO -     query.awaitTermination()
[2025-10-29T03:51:05.259+0700] {subprocess.py:93} INFO -   File "/home/***/.local/lib/python3.12/site-packages/pyspark/python/lib/pyspark.zip/pyspark/sql/streaming/query.py", line 221, in awaitTermination
[2025-10-29T03:51:05.259+0700] {subprocess.py:93} INFO -   File "/home/***/.local/lib/python3.12/site-packages/pyspark/python/lib/py4j-0.10.9.7-src.zip/py4j/java_gateway.py", line 1322, in __call__
[2025-10-29T03:51:05.259+0700] {subprocess.py:93} INFO -   File "/home/***/.local/lib/python3.12/site-packages/pyspark/python/lib/pyspark.zip/pyspark/errors/exceptions/captured.py", line 185, in deco
[2025-10-29T03:51:05.261+0700] {subprocess.py:93} INFO - pyspark.errors.exceptions.captured.StreamingQueryException: [STREAM_FAILED] Query [id = ac9515f7-982c-4aef-abb9-6dded8391fa4, runId = 9d536489-a975-4974-a9af-d264eb8b5876] terminated with exception: An exception was raised by the Python Proxy. Return Message: Traceback (most recent call last):
[2025-10-29T03:51:05.261+0700] {subprocess.py:93} INFO -   File "/home/***/.local/lib/python3.12/site-packages/pyspark/python/lib/py4j-0.10.9.7-src.zip/py4j/clientserver.py", line 617, in _call_proxy
[2025-10-29T03:51:05.261+0700] {subprocess.py:93} INFO -     return_value = getattr(self.pool[obj_id], method)(*params)
[2025-10-29T03:51:05.261+0700] {subprocess.py:93} INFO -                    ^^^^^^^^^^^^^^^^^^^^^^^^^^^^^^^^^^^^^^^^^^^
[2025-10-29T03:51:05.261+0700] {subprocess.py:93} INFO -   File "/home/***/.local/lib/python3.12/site-packages/pyspark/python/lib/pyspark.zip/pyspark/sql/utils.py", line 120, in call
[2025-10-29T03:51:05.262+0700] {subprocess.py:93} INFO -     raise e
[2025-10-29T03:51:05.262+0700] {subprocess.py:93} INFO -   File "/home/***/.local/lib/python3.12/site-packages/pyspark/python/lib/pyspark.zip/pyspark/sql/utils.py", line 117, in call
[2025-10-29T03:51:05.262+0700] {subprocess.py:93} INFO -     self.func(DataFrame(jdf, wrapped_session_jdf), batch_id)
[2025-10-29T03:51:05.262+0700] {subprocess.py:93} INFO -   File "/opt/***/projects/absa_streaming/scripts/consumer_postgres_streaming.py", line 125, in write_to_postgres
[2025-10-29T03:51:05.262+0700] {subprocess.py:93} INFO -     total_rows = batch_df.count()
[2025-10-29T03:51:05.263+0700] {subprocess.py:93} INFO -                  ^^^^^^^^^^^^^^^^
[2025-10-29T03:51:05.263+0700] {subprocess.py:93} INFO -   File "/home/***/.local/lib/python3.12/site-packages/pyspark/python/lib/pyspark.zip/pyspark/sql/dataframe.py", line 1238, in count
[2025-10-29T03:51:05.263+0700] {subprocess.py:93} INFO -     return int(self._jdf.count())
[2025-10-29T03:51:05.263+0700] {subprocess.py:93} INFO -                ^^^^^^^^^^^^^^^^^
[2025-10-29T03:51:05.263+0700] {subprocess.py:93} INFO -   File "/home/***/.local/lib/python3.12/site-packages/pyspark/python/lib/py4j-0.10.9.7-src.zip/py4j/java_gateway.py", line 1322, in __call__
[2025-10-29T03:51:05.264+0700] {subprocess.py:93} INFO -     return_value = get_return_value(
[2025-10-29T03:51:05.264+0700] {subprocess.py:93} INFO -                    ^^^^^^^^^^^^^^^^^
[2025-10-29T03:51:05.264+0700] {subprocess.py:93} INFO -   File "/home/***/.local/lib/python3.12/site-packages/pyspark/python/lib/pyspark.zip/pyspark/errors/exceptions/captured.py", line 185, in deco
[2025-10-29T03:51:05.264+0700] {subprocess.py:93} INFO -     raise converted from None
[2025-10-29T03:51:05.264+0700] {subprocess.py:93} INFO - pyspark.errors.exceptions.captured.PythonException:
[2025-10-29T03:51:05.265+0700] {subprocess.py:93} INFO -   An exception was thrown from the Python worker. Please see the stack trace below.
[2025-10-29T03:51:05.265+0700] {subprocess.py:93} INFO - Traceback (most recent call last):
[2025-10-29T03:51:05.265+0700] {subprocess.py:93} INFO -   File "/opt/***/projects/absa_streaming/scripts/consumer_postgres_streaming.py", line 73, in absa_infer_udf
[2025-10-29T03:51:05.265+0700] {subprocess.py:93} INFO -     _tokenizer = AutoTokenizer.from_pretrained(MODEL_NAME, use_fast=True)
[2025-10-29T03:51:05.265+0700] {subprocess.py:93} INFO -                  ^^^^^^^^^^^^^^^^^^^^^^^^^^^^^^^^^^^^^^^^^^^^^^^^^^^^^^^^
[2025-10-29T03:51:05.266+0700] {subprocess.py:93} INFO -   File "/home/***/.local/lib/python3.12/site-packages/transformers/models/auto/tokenization_auto.py", line 817, in from_pretrained
[2025-10-29T03:51:05.266+0700] {subprocess.py:93} INFO -     tokenizer_config = get_tokenizer_config(pretrained_model_name_or_path, **kwargs)
[2025-10-29T03:51:05.266+0700] {subprocess.py:93} INFO -                        ^^^^^^^^^^^^^^^^^^^^^^^^^^^^^^^^^^^^^^^^^^^^^^^^^^^^^^^^^^^^^
[2025-10-29T03:51:05.266+0700] {subprocess.py:93} INFO -   File "/home/***/.local/lib/python3.12/site-packages/transformers/models/auto/tokenization_auto.py", line 649, in get_tokenizer_config
[2025-10-29T03:51:05.266+0700] {subprocess.py:93} INFO -     resolved_config_file = cached_file(
[2025-10-29T03:51:05.267+0700] {subprocess.py:93} INFO -                            ^^^^^^^^^^^^
[2025-10-29T03:51:05.267+0700] {subprocess.py:93} INFO -   File "/home/***/.local/lib/python3.12/site-packages/transformers/utils/hub.py", line 462, in cached_file
[2025-10-29T03:51:05.267+0700] {subprocess.py:93} INFO -     except HFValidationError as e:
[2025-10-29T03:51:05.267+0700] {subprocess.py:93} INFO -   File "/home/***/.local/lib/python3.12/site-packages/huggingface_hub/utils/_validators.py", line 114, in _inner_fn
[2025-10-29T03:51:05.267+0700] {subprocess.py:93} INFO -     return fn(*args, **kwargs)
[2025-10-29T03:51:05.268+0700] {subprocess.py:93} INFO -            ^^^^^^^^^^^^^^^^^^^
[2025-10-29T03:51:05.268+0700] {subprocess.py:93} INFO -   File "/home/***/.local/lib/python3.12/site-packages/huggingface_hub/file_download.py", line 1007, in hf_hub_download
[2025-10-29T03:51:05.268+0700] {subprocess.py:93} INFO -     return _hf_hub_download_to_cache_dir(
[2025-10-29T03:51:05.268+0700] {subprocess.py:93} INFO -            ^^^^^^^^^^^^^^^^^^^^^^^^^^^^^^
[2025-10-29T03:51:05.268+0700] {subprocess.py:93} INFO -   File "/home/***/.local/lib/python3.12/site-packages/huggingface_hub/file_download.py", line 1124, in _hf_hub_download_to_cache_dir
[2025-10-29T03:51:05.269+0700] {subprocess.py:93} INFO -     os.makedirs(os.path.dirname(blob_path), exist_ok=True)
[2025-10-29T03:51:05.269+0700] {subprocess.py:93} INFO -   File "<frozen os>", line 216, in makedirs
[2025-10-29T03:51:05.269+0700] {subprocess.py:93} INFO -   File "<frozen os>", line 216, in makedirs
[2025-10-29T03:51:05.269+0700] {subprocess.py:93} INFO -   File "<frozen os>", line 216, in makedirs
[2025-10-29T03:51:05.269+0700] {subprocess.py:93} INFO -   File "<frozen os>", line 230, in makedirs
[2025-10-29T03:51:05.269+0700] {subprocess.py:93} INFO - PermissionError: [Errno 13] Permission denied: '/home/***/.cache/huggingface'
[2025-10-29T03:51:05.270+0700] {subprocess.py:93} INFO - 
[2025-10-29T03:51:05.270+0700] {subprocess.py:93} INFO - 
[2025-10-29T03:51:05.727+0700] {subprocess.py:97} INFO - Command exited with return code 1
[2025-10-29T03:51:05.728+0700] {taskinstance.py:441} INFO - ::group::Post task execution logs
[2025-10-29T03:51:05.740+0700] {taskinstance.py:2890} ERROR - Task failed with exception
Traceback (most recent call last):
  File "/home/airflow/.local/lib/python3.12/site-packages/airflow/models/taskinstance.py", line 460, in _execute_task
    result = _execute_callable(context=context, **execute_callable_kwargs)
             ^^^^^^^^^^^^^^^^^^^^^^^^^^^^^^^^^^^^^^^^^^^^^^^^^^^^^^^^^^^^^
  File "/home/airflow/.local/lib/python3.12/site-packages/airflow/models/taskinstance.py", line 432, in _execute_callable
    return execute_callable(context=context, **execute_callable_kwargs)
           ^^^^^^^^^^^^^^^^^^^^^^^^^^^^^^^^^^^^^^^^^^^^^^^^^^^^^^^^^^^^
  File "/home/airflow/.local/lib/python3.12/site-packages/airflow/models/baseoperator.py", line 400, in wrapper
    return func(self, *args, **kwargs)
           ^^^^^^^^^^^^^^^^^^^^^^^^^^^
  File "/home/airflow/.local/lib/python3.12/site-packages/airflow/operators/bash.py", line 243, in execute
    raise AirflowException(
airflow.exceptions.AirflowException: Bash command failed. The command returned a non-zero exit code 1.
[2025-10-29T03:51:05.745+0700] {taskinstance.py:1205} INFO - Marking task as UP_FOR_RETRY. dag_id=absa_streaming_lifecycle_demo1, task_id=deploy_consumer, execution_date=20251028T204828, start_date=20251028T205049, end_date=20251028T205105
[2025-10-29T03:51:05.763+0700] {standard_task_runner.py:110} ERROR - Failed to execute job 41 for task deploy_consumer (Bash command failed. The command returned a non-zero exit code 1.; 1727)
[2025-10-29T03:51:05.789+0700] {local_task_job_runner.py:240} INFO - Task exited with return code 1
[2025-10-29T03:51:05.835+0700] {taskinstance.py:3482} INFO - 0 downstream tasks scheduled from follow-on schedule check
[2025-10-29T03:51:05.836+0700] {local_task_job_runner.py:222} INFO - ::endgroup::
