[2025-10-29T03:48:30.704+0700] {local_task_job_runner.py:120} INFO - ::group::Pre task execution logs
[2025-10-29T03:48:30.720+0700] {taskinstance.py:2073} INFO - Dependencies all met for dep_context=non-requeueable deps ti=<TaskInstance: absa_streaming_lifecycle_demo1.deploy_consumer manual__2025-10-28T20:48:28.806357+00:00 [queued]>
[2025-10-29T03:48:30.726+0700] {taskinstance.py:2073} INFO - Dependencies all met for dep_context=requeueable deps ti=<TaskInstance: absa_streaming_lifecycle_demo1.deploy_consumer manual__2025-10-28T20:48:28.806357+00:00 [queued]>
[2025-10-29T03:48:30.726+0700] {taskinstance.py:2303} INFO - Starting attempt 1 of 6
[2025-10-29T03:48:30.736+0700] {taskinstance.py:2327} INFO - Executing <Task(BashOperator): deploy_consumer> on 2025-10-28 20:48:28.806357+00:00
[2025-10-29T03:48:30.744+0700] {warnings.py:110} WARNING - /home/***/.local/lib/python3.12/site-packages/***/task/task_runner/standard_task_runner.py:61: DeprecationWarning: This process (pid=753) is multi-threaded, use of fork() may lead to deadlocks in the child.
  pid = os.fork()

[2025-10-29T03:48:30.745+0700] {standard_task_runner.py:63} INFO - Started process 757 to run task
[2025-10-29T03:48:30.745+0700] {standard_task_runner.py:90} INFO - Running: ['***', 'tasks', 'run', 'absa_streaming_lifecycle_demo1', 'deploy_consumer', 'manual__2025-10-28T20:48:28.806357+00:00', '--job-id', '38', '--raw', '--subdir', 'DAGS_FOLDER/absa_streaming_lifecycle_dag1.py', '--cfg-path', '/tmp/tmprt0c9gnn']
[2025-10-29T03:48:30.747+0700] {standard_task_runner.py:91} INFO - Job 38: Subtask deploy_consumer
[2025-10-29T03:48:30.777+0700] {task_command.py:426} INFO - Running <TaskInstance: absa_streaming_lifecycle_demo1.deploy_consumer manual__2025-10-28T20:48:28.806357+00:00 [running]> on host dfeadd712fc3
[2025-10-29T03:48:30.835+0700] {taskinstance.py:2644} INFO - Exporting env vars: AIRFLOW_CTX_DAG_OWNER='***' AIRFLOW_CTX_DAG_ID='absa_streaming_lifecycle_demo1' AIRFLOW_CTX_TASK_ID='deploy_consumer' AIRFLOW_CTX_EXECUTION_DATE='2025-10-28T20:48:28.806357+00:00' AIRFLOW_CTX_TRY_NUMBER='1' AIRFLOW_CTX_DAG_RUN_ID='manual__2025-10-28T20:48:28.806357+00:00'
[2025-10-29T03:48:30.837+0700] {taskinstance.py:430} INFO - ::endgroup::
[2025-10-29T03:48:30.837+0700] {subprocess.py:63} INFO - Tmp dir root location: /tmp
[2025-10-29T03:48:30.838+0700] {subprocess.py:75} INFO - Running command: ['/usr/bin/bash', '-c', 'bash -c "timeout 45m /opt/***/projects/absa_streaming/scripts/run_consumer.sh"']
[2025-10-29T03:48:30.851+0700] {subprocess.py:86} INFO - Output:
[2025-10-29T03:48:30.856+0700] {subprocess.py:93} INFO - [Consumer] Starting Spark Structured Streaming job...
[2025-10-29T03:48:30.892+0700] {subprocess.py:93} INFO - /home/***/.local/lib/python3.12/site-packages/pyspark/bin/load-spark-env.sh: line 68: ps: command not found
[2025-10-29T03:48:32.040+0700] {subprocess.py:93} INFO - :: loading settings :: url = jar:file:/home/***/.local/lib/python3.12/site-packages/pyspark/jars/ivy-2.5.1.jar!/org/apache/ivy/core/settings/ivysettings.xml
[2025-10-29T03:48:32.098+0700] {subprocess.py:93} INFO - Ivy Default Cache set to: /home/***/.ivy2/cache
[2025-10-29T03:48:32.099+0700] {subprocess.py:93} INFO - The jars for the packages stored in: /home/***/.ivy2/jars
[2025-10-29T03:48:32.102+0700] {subprocess.py:93} INFO - org.apache.spark#spark-sql-kafka-0-10_2.12 added as a dependency
[2025-10-29T03:48:32.103+0700] {subprocess.py:93} INFO - org.postgresql#postgresql added as a dependency
[2025-10-29T03:48:32.103+0700] {subprocess.py:93} INFO - :: resolving dependencies :: org.apache.spark#spark-submit-parent-11f3fb90-1935-489a-b611-6efe81d6c94f;1.0
[2025-10-29T03:48:32.104+0700] {subprocess.py:93} INFO - 	confs: [default]
[2025-10-29T03:48:32.237+0700] {subprocess.py:93} INFO - 	found org.apache.spark#spark-sql-kafka-0-10_2.12;3.5.1 in central
[2025-10-29T03:48:32.285+0700] {subprocess.py:93} INFO - 	found org.apache.spark#spark-token-provider-kafka-0-10_2.12;3.5.1 in central
[2025-10-29T03:48:32.306+0700] {subprocess.py:93} INFO - 	found org.apache.kafka#kafka-clients;3.4.1 in central
[2025-10-29T03:48:32.330+0700] {subprocess.py:93} INFO - 	found org.lz4#lz4-java;1.8.0 in central
[2025-10-29T03:48:32.349+0700] {subprocess.py:93} INFO - 	found org.xerial.snappy#snappy-java;1.1.10.3 in central
[2025-10-29T03:48:32.367+0700] {subprocess.py:93} INFO - 	found org.slf4j#slf4j-api;2.0.7 in central
[2025-10-29T03:48:32.389+0700] {subprocess.py:93} INFO - 	found org.apache.hadoop#hadoop-client-runtime;3.3.4 in central
[2025-10-29T03:48:32.418+0700] {subprocess.py:93} INFO - 	found org.apache.hadoop#hadoop-client-api;3.3.4 in central
[2025-10-29T03:48:32.456+0700] {subprocess.py:93} INFO - 	found commons-logging#commons-logging;1.1.3 in central
[2025-10-29T03:48:32.484+0700] {subprocess.py:93} INFO - 	found com.google.code.findbugs#jsr305;3.0.0 in central
[2025-10-29T03:48:32.504+0700] {subprocess.py:93} INFO - 	found org.apache.commons#commons-pool2;2.11.1 in central
[2025-10-29T03:48:32.520+0700] {subprocess.py:93} INFO - 	found org.postgresql#postgresql;42.6.0 in central
[2025-10-29T03:48:32.534+0700] {subprocess.py:93} INFO - 	found org.checkerframework#checker-qual;3.31.0 in central
[2025-10-29T03:48:32.565+0700] {subprocess.py:93} INFO - :: resolution report :: resolve 446ms :: artifacts dl 16ms
[2025-10-29T03:48:32.566+0700] {subprocess.py:93} INFO - 	:: modules in use:
[2025-10-29T03:48:32.566+0700] {subprocess.py:93} INFO - 	com.google.code.findbugs#jsr305;3.0.0 from central in [default]
[2025-10-29T03:48:32.567+0700] {subprocess.py:93} INFO - 	commons-logging#commons-logging;1.1.3 from central in [default]
[2025-10-29T03:48:32.567+0700] {subprocess.py:93} INFO - 	org.apache.commons#commons-pool2;2.11.1 from central in [default]
[2025-10-29T03:48:32.567+0700] {subprocess.py:93} INFO - 	org.apache.hadoop#hadoop-client-api;3.3.4 from central in [default]
[2025-10-29T03:48:32.567+0700] {subprocess.py:93} INFO - 	org.apache.hadoop#hadoop-client-runtime;3.3.4 from central in [default]
[2025-10-29T03:48:32.567+0700] {subprocess.py:93} INFO - 	org.apache.kafka#kafka-clients;3.4.1 from central in [default]
[2025-10-29T03:48:32.567+0700] {subprocess.py:93} INFO - 	org.apache.spark#spark-sql-kafka-0-10_2.12;3.5.1 from central in [default]
[2025-10-29T03:48:32.568+0700] {subprocess.py:93} INFO - 	org.apache.spark#spark-token-provider-kafka-0-10_2.12;3.5.1 from central in [default]
[2025-10-29T03:48:32.568+0700] {subprocess.py:93} INFO - 	org.checkerframework#checker-qual;3.31.0 from central in [default]
[2025-10-29T03:48:32.568+0700] {subprocess.py:93} INFO - 	org.lz4#lz4-java;1.8.0 from central in [default]
[2025-10-29T03:48:32.568+0700] {subprocess.py:93} INFO - 	org.postgresql#postgresql;42.6.0 from central in [default]
[2025-10-29T03:48:32.568+0700] {subprocess.py:93} INFO - 	org.slf4j#slf4j-api;2.0.7 from central in [default]
[2025-10-29T03:48:32.568+0700] {subprocess.py:93} INFO - 	org.xerial.snappy#snappy-java;1.1.10.3 from central in [default]
[2025-10-29T03:48:32.568+0700] {subprocess.py:93} INFO - 	---------------------------------------------------------------------
[2025-10-29T03:48:32.569+0700] {subprocess.py:93} INFO - 	|                  |            modules            ||   artifacts   |
[2025-10-29T03:48:32.569+0700] {subprocess.py:93} INFO - 	|       conf       | number| search|dwnlded|evicted|| number|dwnlded|
[2025-10-29T03:48:32.569+0700] {subprocess.py:93} INFO - 	---------------------------------------------------------------------
[2025-10-29T03:48:32.569+0700] {subprocess.py:93} INFO - 	|      default     |   13  |   0   |   0   |   0   ||   13  |   0   |
[2025-10-29T03:48:32.569+0700] {subprocess.py:93} INFO - 	---------------------------------------------------------------------
[2025-10-29T03:48:32.574+0700] {subprocess.py:93} INFO - :: retrieving :: org.apache.spark#spark-submit-parent-11f3fb90-1935-489a-b611-6efe81d6c94f
[2025-10-29T03:48:32.575+0700] {subprocess.py:93} INFO - 	confs: [default]
[2025-10-29T03:48:32.583+0700] {subprocess.py:93} INFO - 	0 artifacts copied, 13 already retrieved (0kB/9ms)
[2025-10-29T03:48:32.744+0700] {subprocess.py:93} INFO - 25/10/29 03:48:32 WARN NativeCodeLoader: Unable to load native-hadoop library for your platform... using builtin-java classes where applicable
[2025-10-29T03:48:36.250+0700] {subprocess.py:93} INFO - There was a problem when trying to write in your cache folder (/home/***/.cache/huggingface/hub). You should set the environment variable TRANSFORMERS_CACHE to a writable directory.
[2025-10-29T03:48:36.374+0700] {subprocess.py:93} INFO - 25/10/29 03:48:36 INFO SparkContext: Running Spark version 3.5.1
[2025-10-29T03:48:36.375+0700] {subprocess.py:93} INFO - 25/10/29 03:48:36 INFO SparkContext: OS info Linux, 6.14.0-33-generic, amd64
[2025-10-29T03:48:36.375+0700] {subprocess.py:93} INFO - 25/10/29 03:48:36 INFO SparkContext: Java version 17.0.17
[2025-10-29T03:48:36.390+0700] {subprocess.py:93} INFO - 25/10/29 03:48:36 INFO ResourceUtils: ==============================================================
[2025-10-29T03:48:36.390+0700] {subprocess.py:93} INFO - 25/10/29 03:48:36 INFO ResourceUtils: No custom resources configured for spark.driver.
[2025-10-29T03:48:36.390+0700] {subprocess.py:93} INFO - 25/10/29 03:48:36 INFO ResourceUtils: ==============================================================
[2025-10-29T03:48:36.391+0700] {subprocess.py:93} INFO - 25/10/29 03:48:36 INFO SparkContext: Submitted application: Kafka_ABSA_Postgres
[2025-10-29T03:48:36.405+0700] {subprocess.py:93} INFO - 25/10/29 03:48:36 INFO ResourceProfile: Default ResourceProfile created, executor resources: Map(cores -> name: cores, amount: 1, script: , vendor: , memory -> name: memory, amount: 1024, script: , vendor: , offHeap -> name: offHeap, amount: 0, script: , vendor: ), task resources: Map(cpus -> name: cpus, amount: 1.0)
[2025-10-29T03:48:36.411+0700] {subprocess.py:93} INFO - 25/10/29 03:48:36 INFO ResourceProfile: Limiting resource is cpu
[2025-10-29T03:48:36.412+0700] {subprocess.py:93} INFO - 25/10/29 03:48:36 INFO ResourceProfileManager: Added ResourceProfile id: 0
[2025-10-29T03:48:36.446+0700] {subprocess.py:93} INFO - 25/10/29 03:48:36 INFO SecurityManager: Changing view acls to: default
[2025-10-29T03:48:36.446+0700] {subprocess.py:93} INFO - 25/10/29 03:48:36 INFO SecurityManager: Changing modify acls to: default
[2025-10-29T03:48:36.446+0700] {subprocess.py:93} INFO - 25/10/29 03:48:36 INFO SecurityManager: Changing view acls groups to:
[2025-10-29T03:48:36.447+0700] {subprocess.py:93} INFO - 25/10/29 03:48:36 INFO SecurityManager: Changing modify acls groups to:
[2025-10-29T03:48:36.447+0700] {subprocess.py:93} INFO - 25/10/29 03:48:36 INFO SecurityManager: SecurityManager: authentication disabled; ui acls disabled; users with view permissions: default; groups with view permissions: EMPTY; users with modify permissions: default; groups with modify permissions: EMPTY
[2025-10-29T03:48:36.591+0700] {subprocess.py:93} INFO - 25/10/29 03:48:36 INFO Utils: Successfully started service 'sparkDriver' on port 35941.
[2025-10-29T03:48:36.620+0700] {subprocess.py:93} INFO - 25/10/29 03:48:36 INFO SparkEnv: Registering MapOutputTracker
[2025-10-29T03:48:36.650+0700] {subprocess.py:93} INFO - 25/10/29 03:48:36 INFO SparkEnv: Registering BlockManagerMaster
[2025-10-29T03:48:36.665+0700] {subprocess.py:93} INFO - 25/10/29 03:48:36 INFO BlockManagerMasterEndpoint: Using org.apache.spark.storage.DefaultTopologyMapper for getting topology information
[2025-10-29T03:48:36.665+0700] {subprocess.py:93} INFO - 25/10/29 03:48:36 INFO BlockManagerMasterEndpoint: BlockManagerMasterEndpoint up
[2025-10-29T03:48:36.669+0700] {subprocess.py:93} INFO - 25/10/29 03:48:36 INFO SparkEnv: Registering BlockManagerMasterHeartbeat
[2025-10-29T03:48:36.686+0700] {subprocess.py:93} INFO - 25/10/29 03:48:36 INFO DiskBlockManager: Created local directory at /tmp/blockmgr-b584ae6f-78f0-45ce-9911-0239be90732a
[2025-10-29T03:48:36.699+0700] {subprocess.py:93} INFO - 25/10/29 03:48:36 INFO MemoryStore: MemoryStore started with capacity 434.4 MiB
[2025-10-29T03:48:36.714+0700] {subprocess.py:93} INFO - 25/10/29 03:48:36 INFO SparkEnv: Registering OutputCommitCoordinator
[2025-10-29T03:48:36.811+0700] {subprocess.py:93} INFO - 25/10/29 03:48:36 INFO JettyUtils: Start Jetty 0.0.0.0:4040 for SparkUI
[2025-10-29T03:48:36.851+0700] {subprocess.py:93} INFO - 25/10/29 03:48:36 INFO Utils: Successfully started service 'SparkUI' on port 4040.
[2025-10-29T03:48:36.901+0700] {subprocess.py:93} INFO - 25/10/29 03:48:36 INFO SparkContext: Added JAR file:///home/***/.ivy2/jars/org.apache.spark_spark-sql-kafka-0-10_2.12-3.5.1.jar at spark://dfeadd712fc3:35941/jars/org.apache.spark_spark-sql-kafka-0-10_2.12-3.5.1.jar with timestamp 1761684516368
[2025-10-29T03:48:36.901+0700] {subprocess.py:93} INFO - 25/10/29 03:48:36 INFO SparkContext: Added JAR file:///home/***/.ivy2/jars/org.postgresql_postgresql-42.6.0.jar at spark://dfeadd712fc3:35941/jars/org.postgresql_postgresql-42.6.0.jar with timestamp 1761684516368
[2025-10-29T03:48:36.902+0700] {subprocess.py:93} INFO - 25/10/29 03:48:36 INFO SparkContext: Added JAR file:///home/***/.ivy2/jars/org.apache.spark_spark-token-provider-kafka-0-10_2.12-3.5.1.jar at spark://dfeadd712fc3:35941/jars/org.apache.spark_spark-token-provider-kafka-0-10_2.12-3.5.1.jar with timestamp 1761684516368
[2025-10-29T03:48:36.902+0700] {subprocess.py:93} INFO - 25/10/29 03:48:36 INFO SparkContext: Added JAR file:///home/***/.ivy2/jars/org.apache.kafka_kafka-clients-3.4.1.jar at spark://dfeadd712fc3:35941/jars/org.apache.kafka_kafka-clients-3.4.1.jar with timestamp 1761684516368
[2025-10-29T03:48:36.902+0700] {subprocess.py:93} INFO - 25/10/29 03:48:36 INFO SparkContext: Added JAR file:///home/***/.ivy2/jars/com.google.code.findbugs_jsr305-3.0.0.jar at spark://dfeadd712fc3:35941/jars/com.google.code.findbugs_jsr305-3.0.0.jar with timestamp 1761684516368
[2025-10-29T03:48:36.902+0700] {subprocess.py:93} INFO - 25/10/29 03:48:36 INFO SparkContext: Added JAR file:///home/***/.ivy2/jars/org.apache.commons_commons-pool2-2.11.1.jar at spark://dfeadd712fc3:35941/jars/org.apache.commons_commons-pool2-2.11.1.jar with timestamp 1761684516368
[2025-10-29T03:48:36.902+0700] {subprocess.py:93} INFO - 25/10/29 03:48:36 INFO SparkContext: Added JAR file:///home/***/.ivy2/jars/org.apache.hadoop_hadoop-client-runtime-3.3.4.jar at spark://dfeadd712fc3:35941/jars/org.apache.hadoop_hadoop-client-runtime-3.3.4.jar with timestamp 1761684516368
[2025-10-29T03:48:36.903+0700] {subprocess.py:93} INFO - 25/10/29 03:48:36 INFO SparkContext: Added JAR file:///home/***/.ivy2/jars/org.lz4_lz4-java-1.8.0.jar at spark://dfeadd712fc3:35941/jars/org.lz4_lz4-java-1.8.0.jar with timestamp 1761684516368
[2025-10-29T03:48:36.903+0700] {subprocess.py:93} INFO - 25/10/29 03:48:36 INFO SparkContext: Added JAR file:///home/***/.ivy2/jars/org.xerial.snappy_snappy-java-1.1.10.3.jar at spark://dfeadd712fc3:35941/jars/org.xerial.snappy_snappy-java-1.1.10.3.jar with timestamp 1761684516368
[2025-10-29T03:48:36.903+0700] {subprocess.py:93} INFO - 25/10/29 03:48:36 INFO SparkContext: Added JAR file:///home/***/.ivy2/jars/org.slf4j_slf4j-api-2.0.7.jar at spark://dfeadd712fc3:35941/jars/org.slf4j_slf4j-api-2.0.7.jar with timestamp 1761684516368
[2025-10-29T03:48:36.904+0700] {subprocess.py:93} INFO - 25/10/29 03:48:36 INFO SparkContext: Added JAR file:///home/***/.ivy2/jars/org.apache.hadoop_hadoop-client-api-3.3.4.jar at spark://dfeadd712fc3:35941/jars/org.apache.hadoop_hadoop-client-api-3.3.4.jar with timestamp 1761684516368
[2025-10-29T03:48:36.904+0700] {subprocess.py:93} INFO - 25/10/29 03:48:36 INFO SparkContext: Added JAR file:///home/***/.ivy2/jars/commons-logging_commons-logging-1.1.3.jar at spark://dfeadd712fc3:35941/jars/commons-logging_commons-logging-1.1.3.jar with timestamp 1761684516368
[2025-10-29T03:48:36.904+0700] {subprocess.py:93} INFO - 25/10/29 03:48:36 INFO SparkContext: Added JAR file:///home/***/.ivy2/jars/org.checkerframework_checker-qual-3.31.0.jar at spark://dfeadd712fc3:35941/jars/org.checkerframework_checker-qual-3.31.0.jar with timestamp 1761684516368
[2025-10-29T03:48:36.907+0700] {subprocess.py:93} INFO - 25/10/29 03:48:36 INFO SparkContext: Added file file:///home/***/.ivy2/jars/org.apache.spark_spark-sql-kafka-0-10_2.12-3.5.1.jar at file:///home/***/.ivy2/jars/org.apache.spark_spark-sql-kafka-0-10_2.12-3.5.1.jar with timestamp 1761684516368
[2025-10-29T03:48:36.908+0700] {subprocess.py:93} INFO - 25/10/29 03:48:36 INFO Utils: Copying /home/***/.ivy2/jars/org.apache.spark_spark-sql-kafka-0-10_2.12-3.5.1.jar to /tmp/spark-0e437162-a08d-4ea8-8354-5581d8b8e2be/userFiles-5ed3029a-6119-4491-8f60-a512ebe9c89e/org.apache.spark_spark-sql-kafka-0-10_2.12-3.5.1.jar
[2025-10-29T03:48:36.918+0700] {subprocess.py:93} INFO - 25/10/29 03:48:36 INFO SparkContext: Added file file:///home/***/.ivy2/jars/org.postgresql_postgresql-42.6.0.jar at file:///home/***/.ivy2/jars/org.postgresql_postgresql-42.6.0.jar with timestamp 1761684516368
[2025-10-29T03:48:36.918+0700] {subprocess.py:93} INFO - 25/10/29 03:48:36 INFO Utils: Copying /home/***/.ivy2/jars/org.postgresql_postgresql-42.6.0.jar to /tmp/spark-0e437162-a08d-4ea8-8354-5581d8b8e2be/userFiles-5ed3029a-6119-4491-8f60-a512ebe9c89e/org.postgresql_postgresql-42.6.0.jar
[2025-10-29T03:48:36.923+0700] {subprocess.py:93} INFO - 25/10/29 03:48:36 INFO SparkContext: Added file file:///home/***/.ivy2/jars/org.apache.spark_spark-token-provider-kafka-0-10_2.12-3.5.1.jar at file:///home/***/.ivy2/jars/org.apache.spark_spark-token-provider-kafka-0-10_2.12-3.5.1.jar with timestamp 1761684516368
[2025-10-29T03:48:36.924+0700] {subprocess.py:93} INFO - 25/10/29 03:48:36 INFO Utils: Copying /home/***/.ivy2/jars/org.apache.spark_spark-token-provider-kafka-0-10_2.12-3.5.1.jar to /tmp/spark-0e437162-a08d-4ea8-8354-5581d8b8e2be/userFiles-5ed3029a-6119-4491-8f60-a512ebe9c89e/org.apache.spark_spark-token-provider-kafka-0-10_2.12-3.5.1.jar
[2025-10-29T03:48:36.928+0700] {subprocess.py:93} INFO - 25/10/29 03:48:36 INFO SparkContext: Added file file:///home/***/.ivy2/jars/org.apache.kafka_kafka-clients-3.4.1.jar at file:///home/***/.ivy2/jars/org.apache.kafka_kafka-clients-3.4.1.jar with timestamp 1761684516368
[2025-10-29T03:48:36.929+0700] {subprocess.py:93} INFO - 25/10/29 03:48:36 INFO Utils: Copying /home/***/.ivy2/jars/org.apache.kafka_kafka-clients-3.4.1.jar to /tmp/spark-0e437162-a08d-4ea8-8354-5581d8b8e2be/userFiles-5ed3029a-6119-4491-8f60-a512ebe9c89e/org.apache.kafka_kafka-clients-3.4.1.jar
[2025-10-29T03:48:36.935+0700] {subprocess.py:93} INFO - 25/10/29 03:48:36 INFO SparkContext: Added file file:///home/***/.ivy2/jars/com.google.code.findbugs_jsr305-3.0.0.jar at file:///home/***/.ivy2/jars/com.google.code.findbugs_jsr305-3.0.0.jar with timestamp 1761684516368
[2025-10-29T03:48:36.936+0700] {subprocess.py:93} INFO - 25/10/29 03:48:36 INFO Utils: Copying /home/***/.ivy2/jars/com.google.code.findbugs_jsr305-3.0.0.jar to /tmp/spark-0e437162-a08d-4ea8-8354-5581d8b8e2be/userFiles-5ed3029a-6119-4491-8f60-a512ebe9c89e/com.google.code.findbugs_jsr305-3.0.0.jar
[2025-10-29T03:48:36.940+0700] {subprocess.py:93} INFO - 25/10/29 03:48:36 INFO SparkContext: Added file file:///home/***/.ivy2/jars/org.apache.commons_commons-pool2-2.11.1.jar at file:///home/***/.ivy2/jars/org.apache.commons_commons-pool2-2.11.1.jar with timestamp 1761684516368
[2025-10-29T03:48:36.940+0700] {subprocess.py:93} INFO - 25/10/29 03:48:36 INFO Utils: Copying /home/***/.ivy2/jars/org.apache.commons_commons-pool2-2.11.1.jar to /tmp/spark-0e437162-a08d-4ea8-8354-5581d8b8e2be/userFiles-5ed3029a-6119-4491-8f60-a512ebe9c89e/org.apache.commons_commons-pool2-2.11.1.jar
[2025-10-29T03:48:36.944+0700] {subprocess.py:93} INFO - 25/10/29 03:48:36 INFO SparkContext: Added file file:///home/***/.ivy2/jars/org.apache.hadoop_hadoop-client-runtime-3.3.4.jar at file:///home/***/.ivy2/jars/org.apache.hadoop_hadoop-client-runtime-3.3.4.jar with timestamp 1761684516368
[2025-10-29T03:48:36.944+0700] {subprocess.py:93} INFO - 25/10/29 03:48:36 INFO Utils: Copying /home/***/.ivy2/jars/org.apache.hadoop_hadoop-client-runtime-3.3.4.jar to /tmp/spark-0e437162-a08d-4ea8-8354-5581d8b8e2be/userFiles-5ed3029a-6119-4491-8f60-a512ebe9c89e/org.apache.hadoop_hadoop-client-runtime-3.3.4.jar
[2025-10-29T03:48:36.964+0700] {subprocess.py:93} INFO - 25/10/29 03:48:36 INFO SparkContext: Added file file:///home/***/.ivy2/jars/org.lz4_lz4-java-1.8.0.jar at file:///home/***/.ivy2/jars/org.lz4_lz4-java-1.8.0.jar with timestamp 1761684516368
[2025-10-29T03:48:36.964+0700] {subprocess.py:93} INFO - 25/10/29 03:48:36 INFO Utils: Copying /home/***/.ivy2/jars/org.lz4_lz4-java-1.8.0.jar to /tmp/spark-0e437162-a08d-4ea8-8354-5581d8b8e2be/userFiles-5ed3029a-6119-4491-8f60-a512ebe9c89e/org.lz4_lz4-java-1.8.0.jar
[2025-10-29T03:48:36.968+0700] {subprocess.py:93} INFO - 25/10/29 03:48:36 INFO SparkContext: Added file file:///home/***/.ivy2/jars/org.xerial.snappy_snappy-java-1.1.10.3.jar at file:///home/***/.ivy2/jars/org.xerial.snappy_snappy-java-1.1.10.3.jar with timestamp 1761684516368
[2025-10-29T03:48:36.968+0700] {subprocess.py:93} INFO - 25/10/29 03:48:36 INFO Utils: Copying /home/***/.ivy2/jars/org.xerial.snappy_snappy-java-1.1.10.3.jar to /tmp/spark-0e437162-a08d-4ea8-8354-5581d8b8e2be/userFiles-5ed3029a-6119-4491-8f60-a512ebe9c89e/org.xerial.snappy_snappy-java-1.1.10.3.jar
[2025-10-29T03:48:36.972+0700] {subprocess.py:93} INFO - 25/10/29 03:48:36 INFO SparkContext: Added file file:///home/***/.ivy2/jars/org.slf4j_slf4j-api-2.0.7.jar at file:///home/***/.ivy2/jars/org.slf4j_slf4j-api-2.0.7.jar with timestamp 1761684516368
[2025-10-29T03:48:36.972+0700] {subprocess.py:93} INFO - 25/10/29 03:48:36 INFO Utils: Copying /home/***/.ivy2/jars/org.slf4j_slf4j-api-2.0.7.jar to /tmp/spark-0e437162-a08d-4ea8-8354-5581d8b8e2be/userFiles-5ed3029a-6119-4491-8f60-a512ebe9c89e/org.slf4j_slf4j-api-2.0.7.jar
[2025-10-29T03:48:36.975+0700] {subprocess.py:93} INFO - 25/10/29 03:48:36 INFO SparkContext: Added file file:///home/***/.ivy2/jars/org.apache.hadoop_hadoop-client-api-3.3.4.jar at file:///home/***/.ivy2/jars/org.apache.hadoop_hadoop-client-api-3.3.4.jar with timestamp 1761684516368
[2025-10-29T03:48:36.976+0700] {subprocess.py:93} INFO - 25/10/29 03:48:36 INFO Utils: Copying /home/***/.ivy2/jars/org.apache.hadoop_hadoop-client-api-3.3.4.jar to /tmp/spark-0e437162-a08d-4ea8-8354-5581d8b8e2be/userFiles-5ed3029a-6119-4491-8f60-a512ebe9c89e/org.apache.hadoop_hadoop-client-api-3.3.4.jar
[2025-10-29T03:48:36.987+0700] {subprocess.py:93} INFO - 25/10/29 03:48:36 INFO SparkContext: Added file file:///home/***/.ivy2/jars/commons-logging_commons-logging-1.1.3.jar at file:///home/***/.ivy2/jars/commons-logging_commons-logging-1.1.3.jar with timestamp 1761684516368
[2025-10-29T03:48:36.988+0700] {subprocess.py:93} INFO - 25/10/29 03:48:36 INFO Utils: Copying /home/***/.ivy2/jars/commons-logging_commons-logging-1.1.3.jar to /tmp/spark-0e437162-a08d-4ea8-8354-5581d8b8e2be/userFiles-5ed3029a-6119-4491-8f60-a512ebe9c89e/commons-logging_commons-logging-1.1.3.jar
[2025-10-29T03:48:36.990+0700] {subprocess.py:93} INFO - 25/10/29 03:48:36 INFO SparkContext: Added file file:///home/***/.ivy2/jars/org.checkerframework_checker-qual-3.31.0.jar at file:///home/***/.ivy2/jars/org.checkerframework_checker-qual-3.31.0.jar with timestamp 1761684516368
[2025-10-29T03:48:36.990+0700] {subprocess.py:93} INFO - 25/10/29 03:48:36 INFO Utils: Copying /home/***/.ivy2/jars/org.checkerframework_checker-qual-3.31.0.jar to /tmp/spark-0e437162-a08d-4ea8-8354-5581d8b8e2be/userFiles-5ed3029a-6119-4491-8f60-a512ebe9c89e/org.checkerframework_checker-qual-3.31.0.jar
[2025-10-29T03:48:37.029+0700] {subprocess.py:93} INFO - 25/10/29 03:48:37 INFO Executor: Starting executor ID driver on host dfeadd712fc3
[2025-10-29T03:48:37.029+0700] {subprocess.py:93} INFO - 25/10/29 03:48:37 INFO Executor: OS info Linux, 6.14.0-33-generic, amd64
[2025-10-29T03:48:37.029+0700] {subprocess.py:93} INFO - 25/10/29 03:48:37 INFO Executor: Java version 17.0.17
[2025-10-29T03:48:37.033+0700] {subprocess.py:93} INFO - 25/10/29 03:48:37 INFO Executor: Starting executor with user classpath (userClassPathFirst = false): ''
[2025-10-29T03:48:37.034+0700] {subprocess.py:93} INFO - 25/10/29 03:48:37 INFO Executor: Created or updated repl class loader org.apache.spark.util.MutableURLClassLoader@1742ffe5 for default.
[2025-10-29T03:48:37.041+0700] {subprocess.py:93} INFO - 25/10/29 03:48:37 INFO Executor: Fetching file:///home/***/.ivy2/jars/org.apache.spark_spark-sql-kafka-0-10_2.12-3.5.1.jar with timestamp 1761684516368
[2025-10-29T03:48:37.058+0700] {subprocess.py:93} INFO - 25/10/29 03:48:37 INFO Utils: /home/***/.ivy2/jars/org.apache.spark_spark-sql-kafka-0-10_2.12-3.5.1.jar has been previously copied to /tmp/spark-0e437162-a08d-4ea8-8354-5581d8b8e2be/userFiles-5ed3029a-6119-4491-8f60-a512ebe9c89e/org.apache.spark_spark-sql-kafka-0-10_2.12-3.5.1.jar
[2025-10-29T03:48:37.062+0700] {subprocess.py:93} INFO - 25/10/29 03:48:37 INFO Executor: Fetching file:///home/***/.ivy2/jars/org.apache.hadoop_hadoop-client-runtime-3.3.4.jar with timestamp 1761684516368
[2025-10-29T03:48:37.081+0700] {subprocess.py:93} INFO - 25/10/29 03:48:37 INFO Utils: /home/***/.ivy2/jars/org.apache.hadoop_hadoop-client-runtime-3.3.4.jar has been previously copied to /tmp/spark-0e437162-a08d-4ea8-8354-5581d8b8e2be/userFiles-5ed3029a-6119-4491-8f60-a512ebe9c89e/org.apache.hadoop_hadoop-client-runtime-3.3.4.jar
[2025-10-29T03:48:37.085+0700] {subprocess.py:93} INFO - 25/10/29 03:48:37 INFO Executor: Fetching file:///home/***/.ivy2/jars/org.apache.hadoop_hadoop-client-api-3.3.4.jar with timestamp 1761684516368
[2025-10-29T03:48:37.096+0700] {subprocess.py:93} INFO - 25/10/29 03:48:37 INFO Utils: /home/***/.ivy2/jars/org.apache.hadoop_hadoop-client-api-3.3.4.jar has been previously copied to /tmp/spark-0e437162-a08d-4ea8-8354-5581d8b8e2be/userFiles-5ed3029a-6119-4491-8f60-a512ebe9c89e/org.apache.hadoop_hadoop-client-api-3.3.4.jar
[2025-10-29T03:48:37.099+0700] {subprocess.py:93} INFO - 25/10/29 03:48:37 INFO Executor: Fetching file:///home/***/.ivy2/jars/org.apache.spark_spark-token-provider-kafka-0-10_2.12-3.5.1.jar with timestamp 1761684516368
[2025-10-29T03:48:37.100+0700] {subprocess.py:93} INFO - 25/10/29 03:48:37 INFO Utils: /home/***/.ivy2/jars/org.apache.spark_spark-token-provider-kafka-0-10_2.12-3.5.1.jar has been previously copied to /tmp/spark-0e437162-a08d-4ea8-8354-5581d8b8e2be/userFiles-5ed3029a-6119-4491-8f60-a512ebe9c89e/org.apache.spark_spark-token-provider-kafka-0-10_2.12-3.5.1.jar
[2025-10-29T03:48:37.102+0700] {subprocess.py:93} INFO - 25/10/29 03:48:37 INFO Executor: Fetching file:///home/***/.ivy2/jars/com.google.code.findbugs_jsr305-3.0.0.jar with timestamp 1761684516368
[2025-10-29T03:48:37.102+0700] {subprocess.py:93} INFO - 25/10/29 03:48:37 INFO Utils: /home/***/.ivy2/jars/com.google.code.findbugs_jsr305-3.0.0.jar has been previously copied to /tmp/spark-0e437162-a08d-4ea8-8354-5581d8b8e2be/userFiles-5ed3029a-6119-4491-8f60-a512ebe9c89e/com.google.code.findbugs_jsr305-3.0.0.jar
[2025-10-29T03:48:37.105+0700] {subprocess.py:93} INFO - 25/10/29 03:48:37 INFO Executor: Fetching file:///home/***/.ivy2/jars/org.lz4_lz4-java-1.8.0.jar with timestamp 1761684516368
[2025-10-29T03:48:37.105+0700] {subprocess.py:93} INFO - 25/10/29 03:48:37 INFO Utils: /home/***/.ivy2/jars/org.lz4_lz4-java-1.8.0.jar has been previously copied to /tmp/spark-0e437162-a08d-4ea8-8354-5581d8b8e2be/userFiles-5ed3029a-6119-4491-8f60-a512ebe9c89e/org.lz4_lz4-java-1.8.0.jar
[2025-10-29T03:48:37.108+0700] {subprocess.py:93} INFO - 25/10/29 03:48:37 INFO Executor: Fetching file:///home/***/.ivy2/jars/org.slf4j_slf4j-api-2.0.7.jar with timestamp 1761684516368
[2025-10-29T03:48:37.108+0700] {subprocess.py:93} INFO - 25/10/29 03:48:37 INFO Utils: /home/***/.ivy2/jars/org.slf4j_slf4j-api-2.0.7.jar has been previously copied to /tmp/spark-0e437162-a08d-4ea8-8354-5581d8b8e2be/userFiles-5ed3029a-6119-4491-8f60-a512ebe9c89e/org.slf4j_slf4j-api-2.0.7.jar
[2025-10-29T03:48:37.110+0700] {subprocess.py:93} INFO - 25/10/29 03:48:37 INFO Executor: Fetching file:///home/***/.ivy2/jars/org.checkerframework_checker-qual-3.31.0.jar with timestamp 1761684516368
[2025-10-29T03:48:37.111+0700] {subprocess.py:93} INFO - 25/10/29 03:48:37 INFO Utils: /home/***/.ivy2/jars/org.checkerframework_checker-qual-3.31.0.jar has been previously copied to /tmp/spark-0e437162-a08d-4ea8-8354-5581d8b8e2be/userFiles-5ed3029a-6119-4491-8f60-a512ebe9c89e/org.checkerframework_checker-qual-3.31.0.jar
[2025-10-29T03:48:37.113+0700] {subprocess.py:93} INFO - 25/10/29 03:48:37 INFO Executor: Fetching file:///home/***/.ivy2/jars/org.apache.commons_commons-pool2-2.11.1.jar with timestamp 1761684516368
[2025-10-29T03:48:37.113+0700] {subprocess.py:93} INFO - 25/10/29 03:48:37 INFO Utils: /home/***/.ivy2/jars/org.apache.commons_commons-pool2-2.11.1.jar has been previously copied to /tmp/spark-0e437162-a08d-4ea8-8354-5581d8b8e2be/userFiles-5ed3029a-6119-4491-8f60-a512ebe9c89e/org.apache.commons_commons-pool2-2.11.1.jar
[2025-10-29T03:48:37.116+0700] {subprocess.py:93} INFO - 25/10/29 03:48:37 INFO Executor: Fetching file:///home/***/.ivy2/jars/commons-logging_commons-logging-1.1.3.jar with timestamp 1761684516368
[2025-10-29T03:48:37.116+0700] {subprocess.py:93} INFO - 25/10/29 03:48:37 INFO Utils: /home/***/.ivy2/jars/commons-logging_commons-logging-1.1.3.jar has been previously copied to /tmp/spark-0e437162-a08d-4ea8-8354-5581d8b8e2be/userFiles-5ed3029a-6119-4491-8f60-a512ebe9c89e/commons-logging_commons-logging-1.1.3.jar
[2025-10-29T03:48:37.118+0700] {subprocess.py:93} INFO - 25/10/29 03:48:37 INFO Executor: Fetching file:///home/***/.ivy2/jars/org.xerial.snappy_snappy-java-1.1.10.3.jar with timestamp 1761684516368
[2025-10-29T03:48:37.120+0700] {subprocess.py:93} INFO - 25/10/29 03:48:37 INFO Utils: /home/***/.ivy2/jars/org.xerial.snappy_snappy-java-1.1.10.3.jar has been previously copied to /tmp/spark-0e437162-a08d-4ea8-8354-5581d8b8e2be/userFiles-5ed3029a-6119-4491-8f60-a512ebe9c89e/org.xerial.snappy_snappy-java-1.1.10.3.jar
[2025-10-29T03:48:37.122+0700] {subprocess.py:93} INFO - 25/10/29 03:48:37 INFO Executor: Fetching file:///home/***/.ivy2/jars/org.postgresql_postgresql-42.6.0.jar with timestamp 1761684516368
[2025-10-29T03:48:37.123+0700] {subprocess.py:93} INFO - 25/10/29 03:48:37 INFO Utils: /home/***/.ivy2/jars/org.postgresql_postgresql-42.6.0.jar has been previously copied to /tmp/spark-0e437162-a08d-4ea8-8354-5581d8b8e2be/userFiles-5ed3029a-6119-4491-8f60-a512ebe9c89e/org.postgresql_postgresql-42.6.0.jar
[2025-10-29T03:48:37.125+0700] {subprocess.py:93} INFO - 25/10/29 03:48:37 INFO Executor: Fetching file:///home/***/.ivy2/jars/org.apache.kafka_kafka-clients-3.4.1.jar with timestamp 1761684516368
[2025-10-29T03:48:37.128+0700] {subprocess.py:93} INFO - 25/10/29 03:48:37 INFO Utils: /home/***/.ivy2/jars/org.apache.kafka_kafka-clients-3.4.1.jar has been previously copied to /tmp/spark-0e437162-a08d-4ea8-8354-5581d8b8e2be/userFiles-5ed3029a-6119-4491-8f60-a512ebe9c89e/org.apache.kafka_kafka-clients-3.4.1.jar
[2025-10-29T03:48:37.132+0700] {subprocess.py:93} INFO - 25/10/29 03:48:37 INFO Executor: Fetching spark://dfeadd712fc3:35941/jars/org.slf4j_slf4j-api-2.0.7.jar with timestamp 1761684516368
[2025-10-29T03:48:37.161+0700] {subprocess.py:93} INFO - 25/10/29 03:48:37 INFO TransportClientFactory: Successfully created connection to dfeadd712fc3/172.18.0.6:35941 after 22 ms (0 ms spent in bootstraps)
[2025-10-29T03:48:37.165+0700] {subprocess.py:93} INFO - 25/10/29 03:48:37 INFO Utils: Fetching spark://dfeadd712fc3:35941/jars/org.slf4j_slf4j-api-2.0.7.jar to /tmp/spark-0e437162-a08d-4ea8-8354-5581d8b8e2be/userFiles-5ed3029a-6119-4491-8f60-a512ebe9c89e/fetchFileTemp15938121310019879678.tmp
[2025-10-29T03:48:37.177+0700] {subprocess.py:93} INFO - 25/10/29 03:48:37 INFO Utils: /tmp/spark-0e437162-a08d-4ea8-8354-5581d8b8e2be/userFiles-5ed3029a-6119-4491-8f60-a512ebe9c89e/fetchFileTemp15938121310019879678.tmp has been previously copied to /tmp/spark-0e437162-a08d-4ea8-8354-5581d8b8e2be/userFiles-5ed3029a-6119-4491-8f60-a512ebe9c89e/org.slf4j_slf4j-api-2.0.7.jar
[2025-10-29T03:48:37.181+0700] {subprocess.py:93} INFO - 25/10/29 03:48:37 INFO Executor: Adding file:/tmp/spark-0e437162-a08d-4ea8-8354-5581d8b8e2be/userFiles-5ed3029a-6119-4491-8f60-a512ebe9c89e/org.slf4j_slf4j-api-2.0.7.jar to class loader default
[2025-10-29T03:48:37.181+0700] {subprocess.py:93} INFO - 25/10/29 03:48:37 INFO Executor: Fetching spark://dfeadd712fc3:35941/jars/org.apache.hadoop_hadoop-client-api-3.3.4.jar with timestamp 1761684516368
[2025-10-29T03:48:37.182+0700] {subprocess.py:93} INFO - 25/10/29 03:48:37 INFO Utils: Fetching spark://dfeadd712fc3:35941/jars/org.apache.hadoop_hadoop-client-api-3.3.4.jar to /tmp/spark-0e437162-a08d-4ea8-8354-5581d8b8e2be/userFiles-5ed3029a-6119-4491-8f60-a512ebe9c89e/fetchFileTemp5026626273560165885.tmp
[2025-10-29T03:48:37.244+0700] {subprocess.py:93} INFO - 25/10/29 03:48:37 INFO Utils: /tmp/spark-0e437162-a08d-4ea8-8354-5581d8b8e2be/userFiles-5ed3029a-6119-4491-8f60-a512ebe9c89e/fetchFileTemp5026626273560165885.tmp has been previously copied to /tmp/spark-0e437162-a08d-4ea8-8354-5581d8b8e2be/userFiles-5ed3029a-6119-4491-8f60-a512ebe9c89e/org.apache.hadoop_hadoop-client-api-3.3.4.jar
[2025-10-29T03:48:37.249+0700] {subprocess.py:93} INFO - 25/10/29 03:48:37 INFO Executor: Adding file:/tmp/spark-0e437162-a08d-4ea8-8354-5581d8b8e2be/userFiles-5ed3029a-6119-4491-8f60-a512ebe9c89e/org.apache.hadoop_hadoop-client-api-3.3.4.jar to class loader default
[2025-10-29T03:48:37.249+0700] {subprocess.py:93} INFO - 25/10/29 03:48:37 INFO Executor: Fetching spark://dfeadd712fc3:35941/jars/org.xerial.snappy_snappy-java-1.1.10.3.jar with timestamp 1761684516368
[2025-10-29T03:48:37.249+0700] {subprocess.py:93} INFO - 25/10/29 03:48:37 INFO Utils: Fetching spark://dfeadd712fc3:35941/jars/org.xerial.snappy_snappy-java-1.1.10.3.jar to /tmp/spark-0e437162-a08d-4ea8-8354-5581d8b8e2be/userFiles-5ed3029a-6119-4491-8f60-a512ebe9c89e/fetchFileTemp12703961068936365079.tmp
[2025-10-29T03:48:37.254+0700] {subprocess.py:93} INFO - 25/10/29 03:48:37 INFO Utils: /tmp/spark-0e437162-a08d-4ea8-8354-5581d8b8e2be/userFiles-5ed3029a-6119-4491-8f60-a512ebe9c89e/fetchFileTemp12703961068936365079.tmp has been previously copied to /tmp/spark-0e437162-a08d-4ea8-8354-5581d8b8e2be/userFiles-5ed3029a-6119-4491-8f60-a512ebe9c89e/org.xerial.snappy_snappy-java-1.1.10.3.jar
[2025-10-29T03:48:37.333+0700] {subprocess.py:93} INFO - 25/10/29 03:48:37 INFO Executor: Adding file:/tmp/spark-0e437162-a08d-4ea8-8354-5581d8b8e2be/userFiles-5ed3029a-6119-4491-8f60-a512ebe9c89e/org.xerial.snappy_snappy-java-1.1.10.3.jar to class loader default
[2025-10-29T03:48:37.334+0700] {subprocess.py:93} INFO - 25/10/29 03:48:37 INFO Executor: Fetching spark://dfeadd712fc3:35941/jars/org.apache.spark_spark-sql-kafka-0-10_2.12-3.5.1.jar with timestamp 1761684516368
[2025-10-29T03:48:37.334+0700] {subprocess.py:93} INFO - 25/10/29 03:48:37 INFO Utils: Fetching spark://dfeadd712fc3:35941/jars/org.apache.spark_spark-sql-kafka-0-10_2.12-3.5.1.jar to /tmp/spark-0e437162-a08d-4ea8-8354-5581d8b8e2be/userFiles-5ed3029a-6119-4491-8f60-a512ebe9c89e/fetchFileTemp1532100769595400714.tmp
[2025-10-29T03:48:37.335+0700] {subprocess.py:93} INFO - 25/10/29 03:48:37 INFO Utils: /tmp/spark-0e437162-a08d-4ea8-8354-5581d8b8e2be/userFiles-5ed3029a-6119-4491-8f60-a512ebe9c89e/fetchFileTemp1532100769595400714.tmp has been previously copied to /tmp/spark-0e437162-a08d-4ea8-8354-5581d8b8e2be/userFiles-5ed3029a-6119-4491-8f60-a512ebe9c89e/org.apache.spark_spark-sql-kafka-0-10_2.12-3.5.1.jar
[2025-10-29T03:48:37.339+0700] {subprocess.py:93} INFO - 25/10/29 03:48:37 INFO Executor: Adding file:/tmp/spark-0e437162-a08d-4ea8-8354-5581d8b8e2be/userFiles-5ed3029a-6119-4491-8f60-a512ebe9c89e/org.apache.spark_spark-sql-kafka-0-10_2.12-3.5.1.jar to class loader default
[2025-10-29T03:48:37.339+0700] {subprocess.py:93} INFO - 25/10/29 03:48:37 INFO Executor: Fetching spark://dfeadd712fc3:35941/jars/commons-logging_commons-logging-1.1.3.jar with timestamp 1761684516368
[2025-10-29T03:48:37.339+0700] {subprocess.py:93} INFO - 25/10/29 03:48:37 INFO Utils: Fetching spark://dfeadd712fc3:35941/jars/commons-logging_commons-logging-1.1.3.jar to /tmp/spark-0e437162-a08d-4ea8-8354-5581d8b8e2be/userFiles-5ed3029a-6119-4491-8f60-a512ebe9c89e/fetchFileTemp6965920273057092886.tmp
[2025-10-29T03:48:37.340+0700] {subprocess.py:93} INFO - 25/10/29 03:48:37 INFO Utils: /tmp/spark-0e437162-a08d-4ea8-8354-5581d8b8e2be/userFiles-5ed3029a-6119-4491-8f60-a512ebe9c89e/fetchFileTemp6965920273057092886.tmp has been previously copied to /tmp/spark-0e437162-a08d-4ea8-8354-5581d8b8e2be/userFiles-5ed3029a-6119-4491-8f60-a512ebe9c89e/commons-logging_commons-logging-1.1.3.jar
[2025-10-29T03:48:37.342+0700] {subprocess.py:93} INFO - 25/10/29 03:48:37 INFO Executor: Adding file:/tmp/spark-0e437162-a08d-4ea8-8354-5581d8b8e2be/userFiles-5ed3029a-6119-4491-8f60-a512ebe9c89e/commons-logging_commons-logging-1.1.3.jar to class loader default
[2025-10-29T03:48:37.342+0700] {subprocess.py:93} INFO - 25/10/29 03:48:37 INFO Executor: Fetching spark://dfeadd712fc3:35941/jars/org.apache.commons_commons-pool2-2.11.1.jar with timestamp 1761684516368
[2025-10-29T03:48:37.342+0700] {subprocess.py:93} INFO - 25/10/29 03:48:37 INFO Utils: Fetching spark://dfeadd712fc3:35941/jars/org.apache.commons_commons-pool2-2.11.1.jar to /tmp/spark-0e437162-a08d-4ea8-8354-5581d8b8e2be/userFiles-5ed3029a-6119-4491-8f60-a512ebe9c89e/fetchFileTemp11443168078663557956.tmp
[2025-10-29T03:48:37.343+0700] {subprocess.py:93} INFO - 25/10/29 03:48:37 INFO Utils: /tmp/spark-0e437162-a08d-4ea8-8354-5581d8b8e2be/userFiles-5ed3029a-6119-4491-8f60-a512ebe9c89e/fetchFileTemp11443168078663557956.tmp has been previously copied to /tmp/spark-0e437162-a08d-4ea8-8354-5581d8b8e2be/userFiles-5ed3029a-6119-4491-8f60-a512ebe9c89e/org.apache.commons_commons-pool2-2.11.1.jar
[2025-10-29T03:48:37.346+0700] {subprocess.py:93} INFO - 25/10/29 03:48:37 INFO Executor: Adding file:/tmp/spark-0e437162-a08d-4ea8-8354-5581d8b8e2be/userFiles-5ed3029a-6119-4491-8f60-a512ebe9c89e/org.apache.commons_commons-pool2-2.11.1.jar to class loader default
[2025-10-29T03:48:37.346+0700] {subprocess.py:93} INFO - 25/10/29 03:48:37 INFO Executor: Fetching spark://dfeadd712fc3:35941/jars/org.checkerframework_checker-qual-3.31.0.jar with timestamp 1761684516368
[2025-10-29T03:48:37.347+0700] {subprocess.py:93} INFO - 25/10/29 03:48:37 INFO Utils: Fetching spark://dfeadd712fc3:35941/jars/org.checkerframework_checker-qual-3.31.0.jar to /tmp/spark-0e437162-a08d-4ea8-8354-5581d8b8e2be/userFiles-5ed3029a-6119-4491-8f60-a512ebe9c89e/fetchFileTemp6181683068339322701.tmp
[2025-10-29T03:48:37.348+0700] {subprocess.py:93} INFO - 25/10/29 03:48:37 INFO Utils: /tmp/spark-0e437162-a08d-4ea8-8354-5581d8b8e2be/userFiles-5ed3029a-6119-4491-8f60-a512ebe9c89e/fetchFileTemp6181683068339322701.tmp has been previously copied to /tmp/spark-0e437162-a08d-4ea8-8354-5581d8b8e2be/userFiles-5ed3029a-6119-4491-8f60-a512ebe9c89e/org.checkerframework_checker-qual-3.31.0.jar
[2025-10-29T03:48:37.351+0700] {subprocess.py:93} INFO - 25/10/29 03:48:37 INFO Executor: Adding file:/tmp/spark-0e437162-a08d-4ea8-8354-5581d8b8e2be/userFiles-5ed3029a-6119-4491-8f60-a512ebe9c89e/org.checkerframework_checker-qual-3.31.0.jar to class loader default
[2025-10-29T03:48:37.352+0700] {subprocess.py:93} INFO - 25/10/29 03:48:37 INFO Executor: Fetching spark://dfeadd712fc3:35941/jars/org.apache.kafka_kafka-clients-3.4.1.jar with timestamp 1761684516368
[2025-10-29T03:48:37.352+0700] {subprocess.py:93} INFO - 25/10/29 03:48:37 INFO Utils: Fetching spark://dfeadd712fc3:35941/jars/org.apache.kafka_kafka-clients-3.4.1.jar to /tmp/spark-0e437162-a08d-4ea8-8354-5581d8b8e2be/userFiles-5ed3029a-6119-4491-8f60-a512ebe9c89e/fetchFileTemp13831119323520014540.tmp
[2025-10-29T03:48:37.362+0700] {subprocess.py:93} INFO - 25/10/29 03:48:37 INFO Utils: /tmp/spark-0e437162-a08d-4ea8-8354-5581d8b8e2be/userFiles-5ed3029a-6119-4491-8f60-a512ebe9c89e/fetchFileTemp13831119323520014540.tmp has been previously copied to /tmp/spark-0e437162-a08d-4ea8-8354-5581d8b8e2be/userFiles-5ed3029a-6119-4491-8f60-a512ebe9c89e/org.apache.kafka_kafka-clients-3.4.1.jar
[2025-10-29T03:48:37.372+0700] {subprocess.py:93} INFO - 25/10/29 03:48:37 INFO Executor: Adding file:/tmp/spark-0e437162-a08d-4ea8-8354-5581d8b8e2be/userFiles-5ed3029a-6119-4491-8f60-a512ebe9c89e/org.apache.kafka_kafka-clients-3.4.1.jar to class loader default
[2025-10-29T03:48:37.372+0700] {subprocess.py:93} INFO - 25/10/29 03:48:37 INFO Executor: Fetching spark://dfeadd712fc3:35941/jars/org.postgresql_postgresql-42.6.0.jar with timestamp 1761684516368
[2025-10-29T03:48:37.373+0700] {subprocess.py:93} INFO - 25/10/29 03:48:37 INFO Utils: Fetching spark://dfeadd712fc3:35941/jars/org.postgresql_postgresql-42.6.0.jar to /tmp/spark-0e437162-a08d-4ea8-8354-5581d8b8e2be/userFiles-5ed3029a-6119-4491-8f60-a512ebe9c89e/fetchFileTemp4742920789471989360.tmp
[2025-10-29T03:48:37.375+0700] {subprocess.py:93} INFO - 25/10/29 03:48:37 INFO Utils: /tmp/spark-0e437162-a08d-4ea8-8354-5581d8b8e2be/userFiles-5ed3029a-6119-4491-8f60-a512ebe9c89e/fetchFileTemp4742920789471989360.tmp has been previously copied to /tmp/spark-0e437162-a08d-4ea8-8354-5581d8b8e2be/userFiles-5ed3029a-6119-4491-8f60-a512ebe9c89e/org.postgresql_postgresql-42.6.0.jar
[2025-10-29T03:48:37.379+0700] {subprocess.py:93} INFO - 25/10/29 03:48:37 INFO Executor: Adding file:/tmp/spark-0e437162-a08d-4ea8-8354-5581d8b8e2be/userFiles-5ed3029a-6119-4491-8f60-a512ebe9c89e/org.postgresql_postgresql-42.6.0.jar to class loader default
[2025-10-29T03:48:37.380+0700] {subprocess.py:93} INFO - 25/10/29 03:48:37 INFO Executor: Fetching spark://dfeadd712fc3:35941/jars/org.apache.hadoop_hadoop-client-runtime-3.3.4.jar with timestamp 1761684516368
[2025-10-29T03:48:37.380+0700] {subprocess.py:93} INFO - 25/10/29 03:48:37 INFO Utils: Fetching spark://dfeadd712fc3:35941/jars/org.apache.hadoop_hadoop-client-runtime-3.3.4.jar to /tmp/spark-0e437162-a08d-4ea8-8354-5581d8b8e2be/userFiles-5ed3029a-6119-4491-8f60-a512ebe9c89e/fetchFileTemp12796734159278074255.tmp
[2025-10-29T03:48:37.477+0700] {subprocess.py:93} INFO - 25/10/29 03:48:37 INFO Utils: /tmp/spark-0e437162-a08d-4ea8-8354-5581d8b8e2be/userFiles-5ed3029a-6119-4491-8f60-a512ebe9c89e/fetchFileTemp12796734159278074255.tmp has been previously copied to /tmp/spark-0e437162-a08d-4ea8-8354-5581d8b8e2be/userFiles-5ed3029a-6119-4491-8f60-a512ebe9c89e/org.apache.hadoop_hadoop-client-runtime-3.3.4.jar
[2025-10-29T03:48:37.483+0700] {subprocess.py:93} INFO - 25/10/29 03:48:37 INFO Executor: Adding file:/tmp/spark-0e437162-a08d-4ea8-8354-5581d8b8e2be/userFiles-5ed3029a-6119-4491-8f60-a512ebe9c89e/org.apache.hadoop_hadoop-client-runtime-3.3.4.jar to class loader default
[2025-10-29T03:48:37.483+0700] {subprocess.py:93} INFO - 25/10/29 03:48:37 INFO Executor: Fetching spark://dfeadd712fc3:35941/jars/org.apache.spark_spark-token-provider-kafka-0-10_2.12-3.5.1.jar with timestamp 1761684516368
[2025-10-29T03:48:37.483+0700] {subprocess.py:93} INFO - 25/10/29 03:48:37 INFO Utils: Fetching spark://dfeadd712fc3:35941/jars/org.apache.spark_spark-token-provider-kafka-0-10_2.12-3.5.1.jar to /tmp/spark-0e437162-a08d-4ea8-8354-5581d8b8e2be/userFiles-5ed3029a-6119-4491-8f60-a512ebe9c89e/fetchFileTemp3496603624893845241.tmp
[2025-10-29T03:48:37.484+0700] {subprocess.py:93} INFO - 25/10/29 03:48:37 INFO Utils: /tmp/spark-0e437162-a08d-4ea8-8354-5581d8b8e2be/userFiles-5ed3029a-6119-4491-8f60-a512ebe9c89e/fetchFileTemp3496603624893845241.tmp has been previously copied to /tmp/spark-0e437162-a08d-4ea8-8354-5581d8b8e2be/userFiles-5ed3029a-6119-4491-8f60-a512ebe9c89e/org.apache.spark_spark-token-provider-kafka-0-10_2.12-3.5.1.jar
[2025-10-29T03:48:37.486+0700] {subprocess.py:93} INFO - 25/10/29 03:48:37 INFO Executor: Adding file:/tmp/spark-0e437162-a08d-4ea8-8354-5581d8b8e2be/userFiles-5ed3029a-6119-4491-8f60-a512ebe9c89e/org.apache.spark_spark-token-provider-kafka-0-10_2.12-3.5.1.jar to class loader default
[2025-10-29T03:48:37.487+0700] {subprocess.py:93} INFO - 25/10/29 03:48:37 INFO Executor: Fetching spark://dfeadd712fc3:35941/jars/org.lz4_lz4-java-1.8.0.jar with timestamp 1761684516368
[2025-10-29T03:48:37.487+0700] {subprocess.py:93} INFO - 25/10/29 03:48:37 INFO Utils: Fetching spark://dfeadd712fc3:35941/jars/org.lz4_lz4-java-1.8.0.jar to /tmp/spark-0e437162-a08d-4ea8-8354-5581d8b8e2be/userFiles-5ed3029a-6119-4491-8f60-a512ebe9c89e/fetchFileTemp9856436158588960532.tmp
[2025-10-29T03:48:37.488+0700] {subprocess.py:93} INFO - 25/10/29 03:48:37 INFO Utils: /tmp/spark-0e437162-a08d-4ea8-8354-5581d8b8e2be/userFiles-5ed3029a-6119-4491-8f60-a512ebe9c89e/fetchFileTemp9856436158588960532.tmp has been previously copied to /tmp/spark-0e437162-a08d-4ea8-8354-5581d8b8e2be/userFiles-5ed3029a-6119-4491-8f60-a512ebe9c89e/org.lz4_lz4-java-1.8.0.jar
[2025-10-29T03:48:37.492+0700] {subprocess.py:93} INFO - 25/10/29 03:48:37 INFO Executor: Adding file:/tmp/spark-0e437162-a08d-4ea8-8354-5581d8b8e2be/userFiles-5ed3029a-6119-4491-8f60-a512ebe9c89e/org.lz4_lz4-java-1.8.0.jar to class loader default
[2025-10-29T03:48:37.492+0700] {subprocess.py:93} INFO - 25/10/29 03:48:37 INFO Executor: Fetching spark://dfeadd712fc3:35941/jars/com.google.code.findbugs_jsr305-3.0.0.jar with timestamp 1761684516368
[2025-10-29T03:48:37.492+0700] {subprocess.py:93} INFO - 25/10/29 03:48:37 INFO Utils: Fetching spark://dfeadd712fc3:35941/jars/com.google.code.findbugs_jsr305-3.0.0.jar to /tmp/spark-0e437162-a08d-4ea8-8354-5581d8b8e2be/userFiles-5ed3029a-6119-4491-8f60-a512ebe9c89e/fetchFileTemp12024975896858608098.tmp
[2025-10-29T03:48:37.493+0700] {subprocess.py:93} INFO - 25/10/29 03:48:37 INFO Utils: /tmp/spark-0e437162-a08d-4ea8-8354-5581d8b8e2be/userFiles-5ed3029a-6119-4491-8f60-a512ebe9c89e/fetchFileTemp12024975896858608098.tmp has been previously copied to /tmp/spark-0e437162-a08d-4ea8-8354-5581d8b8e2be/userFiles-5ed3029a-6119-4491-8f60-a512ebe9c89e/com.google.code.findbugs_jsr305-3.0.0.jar
[2025-10-29T03:48:37.495+0700] {subprocess.py:93} INFO - 25/10/29 03:48:37 INFO Executor: Adding file:/tmp/spark-0e437162-a08d-4ea8-8354-5581d8b8e2be/userFiles-5ed3029a-6119-4491-8f60-a512ebe9c89e/com.google.code.findbugs_jsr305-3.0.0.jar to class loader default
[2025-10-29T03:48:37.500+0700] {subprocess.py:93} INFO - 25/10/29 03:48:37 INFO Utils: Successfully started service 'org.apache.spark.network.netty.NettyBlockTransferService' on port 35185.
[2025-10-29T03:48:37.500+0700] {subprocess.py:93} INFO - 25/10/29 03:48:37 INFO NettyBlockTransferService: Server created on dfeadd712fc3:35185
[2025-10-29T03:48:37.501+0700] {subprocess.py:93} INFO - 25/10/29 03:48:37 INFO BlockManager: Using org.apache.spark.storage.RandomBlockReplicationPolicy for block replication policy
[2025-10-29T03:48:37.504+0700] {subprocess.py:93} INFO - 25/10/29 03:48:37 INFO BlockManagerMaster: Registering BlockManager BlockManagerId(driver, dfeadd712fc3, 35185, None)
[2025-10-29T03:48:37.506+0700] {subprocess.py:93} INFO - 25/10/29 03:48:37 INFO BlockManagerMasterEndpoint: Registering block manager dfeadd712fc3:35185 with 434.4 MiB RAM, BlockManagerId(driver, dfeadd712fc3, 35185, None)
[2025-10-29T03:48:37.507+0700] {subprocess.py:93} INFO - 25/10/29 03:48:37 INFO BlockManagerMaster: Registered BlockManager BlockManagerId(driver, dfeadd712fc3, 35185, None)
[2025-10-29T03:48:37.508+0700] {subprocess.py:93} INFO - 25/10/29 03:48:37 INFO BlockManager: Initialized BlockManager: BlockManagerId(driver, dfeadd712fc3, 35185, None)
[2025-10-29T03:48:39.763+0700] {subprocess.py:93} INFO - 25/10/29 03:48:39 WARN ResolveWriteToStream: spark.sql.adaptive.enabled is not supported in streaming DataFrames/Datasets and will be disabled.
[2025-10-29T03:48:39.897+0700] {subprocess.py:93} INFO - 🚀 Streaming job started — đang lắng nghe dữ liệu từ Kafka...
[2025-10-29T03:48:39.994+0700] {subprocess.py:93} INFO - 25/10/29 03:48:39 WARN AdminClientConfig: These configurations '[key.deserializer, value.deserializer, enable.auto.commit, max.poll.records, auto.offset.reset]' were supplied but are not used yet.
[2025-10-29T03:48:41.447+0700] {subprocess.py:93} INFO - [Batch 0] ⚠️ Không có dữ liệu mới.
[2025-10-29T03:48:42.869+0700] {subprocess.py:93} INFO - 25/10/29 03:48:42 WARN KafkaDataConsumer: KafkaDataConsumer is not running in UninterruptibleThread. It may hang when KafkaDataConsumer's methods are interrupted because of KAFKA-1894
[2025-10-29T03:48:43.468+0700] {subprocess.py:93} INFO - 25/10/29 03:48:43 WARN KafkaDataConsumer: KafkaDataConsumer is not running in UninterruptibleThread. It may hang when KafkaDataConsumer's methods are interrupted because of KAFKA-1894
[2025-10-29T03:48:46.197+0700] {subprocess.py:93} INFO - There was a problem when trying to write in your cache folder (/home/***/.cache/huggingface/hub). You should set the environment variable TRANSFORMERS_CACHE to a writable directory.
[2025-10-29T03:48:46.777+0700] {subprocess.py:93} INFO - 25/10/29 03:48:46 ERROR Executor: Exception in task 0.0 in stage 2.0 (TID 1)
[2025-10-29T03:48:46.777+0700] {subprocess.py:93} INFO - org.apache.spark.api.python.PythonException: Traceback (most recent call last):
[2025-10-29T03:48:46.778+0700] {subprocess.py:93} INFO -   File "/opt/***/projects/absa_streaming/scripts/consumer_postgres_streaming.py", line 73, in absa_infer_udf
[2025-10-29T03:48:46.778+0700] {subprocess.py:93} INFO -     _tokenizer = AutoTokenizer.from_pretrained(MODEL_NAME, use_fast=True)
[2025-10-29T03:48:46.778+0700] {subprocess.py:93} INFO -                  ^^^^^^^^^^^^^^^^^^^^^^^^^^^^^^^^^^^^^^^^^^^^^^^^^^^^^^^^
[2025-10-29T03:48:46.778+0700] {subprocess.py:93} INFO -   File "/home/***/.local/lib/python3.12/site-packages/transformers/models/auto/tokenization_auto.py", line 817, in from_pretrained
[2025-10-29T03:48:46.778+0700] {subprocess.py:93} INFO -     tokenizer_config = get_tokenizer_config(pretrained_model_name_or_path, **kwargs)
[2025-10-29T03:48:46.778+0700] {subprocess.py:93} INFO -                        ^^^^^^^^^^^^^^^^^^^^^^^^^^^^^^^^^^^^^^^^^^^^^^^^^^^^^^^^^^^^^
[2025-10-29T03:48:46.779+0700] {subprocess.py:93} INFO -   File "/home/***/.local/lib/python3.12/site-packages/transformers/models/auto/tokenization_auto.py", line 649, in get_tokenizer_config
[2025-10-29T03:48:46.779+0700] {subprocess.py:93} INFO -     resolved_config_file = cached_file(
[2025-10-29T03:48:46.779+0700] {subprocess.py:93} INFO -                            ^^^^^^^^^^^^
[2025-10-29T03:48:46.779+0700] {subprocess.py:93} INFO -   File "/home/***/.local/lib/python3.12/site-packages/transformers/utils/hub.py", line 462, in cached_file
[2025-10-29T03:48:46.779+0700] {subprocess.py:93} INFO -     except HFValidationError as e:
[2025-10-29T03:48:46.779+0700] {subprocess.py:93} INFO -   File "/home/***/.local/lib/python3.12/site-packages/huggingface_hub/utils/_validators.py", line 114, in _inner_fn
[2025-10-29T03:48:46.779+0700] {subprocess.py:93} INFO -     return fn(*args, **kwargs)
[2025-10-29T03:48:46.780+0700] {subprocess.py:93} INFO -            ^^^^^^^^^^^^^^^^^^^
[2025-10-29T03:48:46.780+0700] {subprocess.py:93} INFO -   File "/home/***/.local/lib/python3.12/site-packages/huggingface_hub/file_download.py", line 1007, in hf_hub_download
[2025-10-29T03:48:46.780+0700] {subprocess.py:93} INFO -     return _hf_hub_download_to_cache_dir(
[2025-10-29T03:48:46.780+0700] {subprocess.py:93} INFO -            ^^^^^^^^^^^^^^^^^^^^^^^^^^^^^^
[2025-10-29T03:48:46.780+0700] {subprocess.py:93} INFO -   File "/home/***/.local/lib/python3.12/site-packages/huggingface_hub/file_download.py", line 1124, in _hf_hub_download_to_cache_dir
[2025-10-29T03:48:46.780+0700] {subprocess.py:93} INFO -     os.makedirs(os.path.dirname(blob_path), exist_ok=True)
[2025-10-29T03:48:46.780+0700] {subprocess.py:93} INFO -   File "<frozen os>", line 216, in makedirs
[2025-10-29T03:48:46.780+0700] {subprocess.py:93} INFO -   File "<frozen os>", line 216, in makedirs
[2025-10-29T03:48:46.781+0700] {subprocess.py:93} INFO -   File "<frozen os>", line 216, in makedirs
[2025-10-29T03:48:46.781+0700] {subprocess.py:93} INFO -   File "<frozen os>", line 230, in makedirs
[2025-10-29T03:48:46.781+0700] {subprocess.py:93} INFO - PermissionError: [Errno 13] Permission denied: '/home/***/.cache/huggingface'
[2025-10-29T03:48:46.781+0700] {subprocess.py:93} INFO - 
[2025-10-29T03:48:46.781+0700] {subprocess.py:93} INFO - 	at org.apache.spark.api.python.BasePythonRunner$ReaderIterator.handlePythonException(PythonRunner.scala:572)
[2025-10-29T03:48:46.781+0700] {subprocess.py:93} INFO - 	at org.apache.spark.sql.execution.python.PythonArrowOutput$$anon$1.read(PythonArrowOutput.scala:118)
[2025-10-29T03:48:46.781+0700] {subprocess.py:93} INFO - 	at org.apache.spark.api.python.BasePythonRunner$ReaderIterator.hasNext(PythonRunner.scala:525)
[2025-10-29T03:48:46.781+0700] {subprocess.py:93} INFO - 	at org.apache.spark.InterruptibleIterator.hasNext(InterruptibleIterator.scala:37)
[2025-10-29T03:48:46.781+0700] {subprocess.py:93} INFO - 	at scala.collection.Iterator$$anon$11.hasNext(Iterator.scala:491)
[2025-10-29T03:48:46.781+0700] {subprocess.py:93} INFO - 	at scala.collection.Iterator$$anon$10.hasNext(Iterator.scala:460)
[2025-10-29T03:48:46.782+0700] {subprocess.py:93} INFO - 	at scala.collection.Iterator$$anon$10.hasNext(Iterator.scala:460)
[2025-10-29T03:48:46.782+0700] {subprocess.py:93} INFO - 	at org.apache.spark.sql.catalyst.expressions.GeneratedClass$GeneratedIteratorForCodegenStage1.hashAgg_doAggregateWithoutKey_0$(Unknown Source)
[2025-10-29T03:48:46.782+0700] {subprocess.py:93} INFO - 	at org.apache.spark.sql.catalyst.expressions.GeneratedClass$GeneratedIteratorForCodegenStage1.processNext(Unknown Source)
[2025-10-29T03:48:46.782+0700] {subprocess.py:93} INFO - 	at org.apache.spark.sql.execution.BufferedRowIterator.hasNext(BufferedRowIterator.java:43)
[2025-10-29T03:48:46.782+0700] {subprocess.py:93} INFO - 	at org.apache.spark.sql.execution.WholeStageCodegenEvaluatorFactory$WholeStageCodegenPartitionEvaluator$$anon$1.hasNext(WholeStageCodegenEvaluatorFactory.scala:43)
[2025-10-29T03:48:46.782+0700] {subprocess.py:93} INFO - 	at scala.collection.Iterator$$anon$10.hasNext(Iterator.scala:460)
[2025-10-29T03:48:46.782+0700] {subprocess.py:93} INFO - 	at org.apache.spark.shuffle.sort.BypassMergeSortShuffleWriter.write(BypassMergeSortShuffleWriter.java:140)
[2025-10-29T03:48:46.782+0700] {subprocess.py:93} INFO - 	at org.apache.spark.shuffle.ShuffleWriteProcessor.write(ShuffleWriteProcessor.scala:59)
[2025-10-29T03:48:46.782+0700] {subprocess.py:93} INFO - 	at org.apache.spark.scheduler.ShuffleMapTask.runTask(ShuffleMapTask.scala:104)
[2025-10-29T03:48:46.782+0700] {subprocess.py:93} INFO - 	at org.apache.spark.scheduler.ShuffleMapTask.runTask(ShuffleMapTask.scala:54)
[2025-10-29T03:48:46.783+0700] {subprocess.py:93} INFO - 	at org.apache.spark.TaskContext.runTaskWithListeners(TaskContext.scala:166)
[2025-10-29T03:48:46.783+0700] {subprocess.py:93} INFO - 	at org.apache.spark.scheduler.Task.run(Task.scala:141)
[2025-10-29T03:48:46.783+0700] {subprocess.py:93} INFO - 	at org.apache.spark.executor.Executor$TaskRunner.$anonfun$run$4(Executor.scala:620)
[2025-10-29T03:48:46.783+0700] {subprocess.py:93} INFO - 	at org.apache.spark.util.SparkErrorUtils.tryWithSafeFinally(SparkErrorUtils.scala:64)
[2025-10-29T03:48:46.783+0700] {subprocess.py:93} INFO - 	at org.apache.spark.util.SparkErrorUtils.tryWithSafeFinally$(SparkErrorUtils.scala:61)
[2025-10-29T03:48:46.783+0700] {subprocess.py:93} INFO - 	at org.apache.spark.util.Utils$.tryWithSafeFinally(Utils.scala:94)
[2025-10-29T03:48:46.783+0700] {subprocess.py:93} INFO - 	at org.apache.spark.executor.Executor$TaskRunner.run(Executor.scala:623)
[2025-10-29T03:48:46.783+0700] {subprocess.py:93} INFO - 	at java.base/java.util.concurrent.ThreadPoolExecutor.runWorker(ThreadPoolExecutor.java:1136)
[2025-10-29T03:48:46.783+0700] {subprocess.py:93} INFO - 	at java.base/java.util.concurrent.ThreadPoolExecutor$Worker.run(ThreadPoolExecutor.java:635)
[2025-10-29T03:48:46.783+0700] {subprocess.py:93} INFO - 	at java.base/java.lang.Thread.run(Thread.java:840)
[2025-10-29T03:48:46.788+0700] {subprocess.py:93} INFO - 25/10/29 03:48:46 WARN TaskSetManager: Lost task 0.0 in stage 2.0 (TID 1) (dfeadd712fc3 executor driver): org.apache.spark.api.python.PythonException: Traceback (most recent call last):
[2025-10-29T03:48:46.789+0700] {subprocess.py:93} INFO -   File "/opt/***/projects/absa_streaming/scripts/consumer_postgres_streaming.py", line 73, in absa_infer_udf
[2025-10-29T03:48:46.789+0700] {subprocess.py:93} INFO -     _tokenizer = AutoTokenizer.from_pretrained(MODEL_NAME, use_fast=True)
[2025-10-29T03:48:46.789+0700] {subprocess.py:93} INFO -                  ^^^^^^^^^^^^^^^^^^^^^^^^^^^^^^^^^^^^^^^^^^^^^^^^^^^^^^^^
[2025-10-29T03:48:46.790+0700] {subprocess.py:93} INFO -   File "/home/***/.local/lib/python3.12/site-packages/transformers/models/auto/tokenization_auto.py", line 817, in from_pretrained
[2025-10-29T03:48:46.790+0700] {subprocess.py:93} INFO -     tokenizer_config = get_tokenizer_config(pretrained_model_name_or_path, **kwargs)
[2025-10-29T03:48:46.790+0700] {subprocess.py:93} INFO -                        ^^^^^^^^^^^^^^^^^^^^^^^^^^^^^^^^^^^^^^^^^^^^^^^^^^^^^^^^^^^^^
[2025-10-29T03:48:46.790+0700] {subprocess.py:93} INFO -   File "/home/***/.local/lib/python3.12/site-packages/transformers/models/auto/tokenization_auto.py", line 649, in get_tokenizer_config
[2025-10-29T03:48:46.790+0700] {subprocess.py:93} INFO -     resolved_config_file = cached_file(
[2025-10-29T03:48:46.790+0700] {subprocess.py:93} INFO -                            ^^^^^^^^^^^^
[2025-10-29T03:48:46.790+0700] {subprocess.py:93} INFO -   File "/home/***/.local/lib/python3.12/site-packages/transformers/utils/hub.py", line 462, in cached_file
[2025-10-29T03:48:46.790+0700] {subprocess.py:93} INFO -     except HFValidationError as e:
[2025-10-29T03:48:46.791+0700] {subprocess.py:93} INFO -   File "/home/***/.local/lib/python3.12/site-packages/huggingface_hub/utils/_validators.py", line 114, in _inner_fn
[2025-10-29T03:48:46.791+0700] {subprocess.py:93} INFO -     return fn(*args, **kwargs)
[2025-10-29T03:48:46.791+0700] {subprocess.py:93} INFO -            ^^^^^^^^^^^^^^^^^^^
[2025-10-29T03:48:46.791+0700] {subprocess.py:93} INFO -   File "/home/***/.local/lib/python3.12/site-packages/huggingface_hub/file_download.py", line 1007, in hf_hub_download
[2025-10-29T03:48:46.791+0700] {subprocess.py:93} INFO -     return _hf_hub_download_to_cache_dir(
[2025-10-29T03:48:46.791+0700] {subprocess.py:93} INFO -            ^^^^^^^^^^^^^^^^^^^^^^^^^^^^^^
[2025-10-29T03:48:46.792+0700] {subprocess.py:93} INFO -   File "/home/***/.local/lib/python3.12/site-packages/huggingface_hub/file_download.py", line 1124, in _hf_hub_download_to_cache_dir
[2025-10-29T03:48:46.792+0700] {subprocess.py:93} INFO -     os.makedirs(os.path.dirname(blob_path), exist_ok=True)
[2025-10-29T03:48:46.792+0700] {subprocess.py:93} INFO -   File "<frozen os>", line 216, in makedirs
[2025-10-29T03:48:46.792+0700] {subprocess.py:93} INFO -   File "<frozen os>", line 216, in makedirs
[2025-10-29T03:48:46.792+0700] {subprocess.py:93} INFO -   File "<frozen os>", line 216, in makedirs
[2025-10-29T03:48:46.793+0700] {subprocess.py:93} INFO -   File "<frozen os>", line 230, in makedirs
[2025-10-29T03:48:46.793+0700] {subprocess.py:93} INFO - PermissionError: [Errno 13] Permission denied: '/home/***/.cache/huggingface'
[2025-10-29T03:48:46.793+0700] {subprocess.py:93} INFO - 
[2025-10-29T03:48:46.793+0700] {subprocess.py:93} INFO - 	at org.apache.spark.api.python.BasePythonRunner$ReaderIterator.handlePythonException(PythonRunner.scala:572)
[2025-10-29T03:48:46.793+0700] {subprocess.py:93} INFO - 	at org.apache.spark.sql.execution.python.PythonArrowOutput$$anon$1.read(PythonArrowOutput.scala:118)
[2025-10-29T03:48:46.793+0700] {subprocess.py:93} INFO - 	at org.apache.spark.api.python.BasePythonRunner$ReaderIterator.hasNext(PythonRunner.scala:525)
[2025-10-29T03:48:46.794+0700] {subprocess.py:93} INFO - 	at org.apache.spark.InterruptibleIterator.hasNext(InterruptibleIterator.scala:37)
[2025-10-29T03:48:46.794+0700] {subprocess.py:93} INFO - 	at scala.collection.Iterator$$anon$11.hasNext(Iterator.scala:491)
[2025-10-29T03:48:46.794+0700] {subprocess.py:93} INFO - 	at scala.collection.Iterator$$anon$10.hasNext(Iterator.scala:460)
[2025-10-29T03:48:46.794+0700] {subprocess.py:93} INFO - 	at scala.collection.Iterator$$anon$10.hasNext(Iterator.scala:460)
[2025-10-29T03:48:46.794+0700] {subprocess.py:93} INFO - 	at org.apache.spark.sql.catalyst.expressions.GeneratedClass$GeneratedIteratorForCodegenStage1.hashAgg_doAggregateWithoutKey_0$(Unknown Source)
[2025-10-29T03:48:46.794+0700] {subprocess.py:93} INFO - 	at org.apache.spark.sql.catalyst.expressions.GeneratedClass$GeneratedIteratorForCodegenStage1.processNext(Unknown Source)
[2025-10-29T03:48:46.794+0700] {subprocess.py:93} INFO - 	at org.apache.spark.sql.execution.BufferedRowIterator.hasNext(BufferedRowIterator.java:43)
[2025-10-29T03:48:46.794+0700] {subprocess.py:93} INFO - 	at org.apache.spark.sql.execution.WholeStageCodegenEvaluatorFactory$WholeStageCodegenPartitionEvaluator$$anon$1.hasNext(WholeStageCodegenEvaluatorFactory.scala:43)
[2025-10-29T03:48:46.794+0700] {subprocess.py:93} INFO - 	at scala.collection.Iterator$$anon$10.hasNext(Iterator.scala:460)
[2025-10-29T03:48:46.794+0700] {subprocess.py:93} INFO - 	at org.apache.spark.shuffle.sort.BypassMergeSortShuffleWriter.write(BypassMergeSortShuffleWriter.java:140)
[2025-10-29T03:48:46.795+0700] {subprocess.py:93} INFO - 	at org.apache.spark.shuffle.ShuffleWriteProcessor.write(ShuffleWriteProcessor.scala:59)
[2025-10-29T03:48:46.795+0700] {subprocess.py:93} INFO - 	at org.apache.spark.scheduler.ShuffleMapTask.runTask(ShuffleMapTask.scala:104)
[2025-10-29T03:48:46.795+0700] {subprocess.py:93} INFO - 	at org.apache.spark.scheduler.ShuffleMapTask.runTask(ShuffleMapTask.scala:54)
[2025-10-29T03:48:46.795+0700] {subprocess.py:93} INFO - 	at org.apache.spark.TaskContext.runTaskWithListeners(TaskContext.scala:166)
[2025-10-29T03:48:46.795+0700] {subprocess.py:93} INFO - 	at org.apache.spark.scheduler.Task.run(Task.scala:141)
[2025-10-29T03:48:46.795+0700] {subprocess.py:93} INFO - 	at org.apache.spark.executor.Executor$TaskRunner.$anonfun$run$4(Executor.scala:620)
[2025-10-29T03:48:46.796+0700] {subprocess.py:93} INFO - 	at org.apache.spark.util.SparkErrorUtils.tryWithSafeFinally(SparkErrorUtils.scala:64)
[2025-10-29T03:48:46.796+0700] {subprocess.py:93} INFO - 	at org.apache.spark.util.SparkErrorUtils.tryWithSafeFinally$(SparkErrorUtils.scala:61)
[2025-10-29T03:48:46.796+0700] {subprocess.py:93} INFO - 	at org.apache.spark.util.Utils$.tryWithSafeFinally(Utils.scala:94)
[2025-10-29T03:48:46.796+0700] {subprocess.py:93} INFO - 	at org.apache.spark.executor.Executor$TaskRunner.run(Executor.scala:623)
[2025-10-29T03:48:46.796+0700] {subprocess.py:93} INFO - 	at java.base/java.util.concurrent.ThreadPoolExecutor.runWorker(ThreadPoolExecutor.java:1136)
[2025-10-29T03:48:46.796+0700] {subprocess.py:93} INFO - 	at java.base/java.util.concurrent.ThreadPoolExecutor$Worker.run(ThreadPoolExecutor.java:635)
[2025-10-29T03:48:46.796+0700] {subprocess.py:93} INFO - 	at java.base/java.lang.Thread.run(Thread.java:840)
[2025-10-29T03:48:46.797+0700] {subprocess.py:93} INFO - 
[2025-10-29T03:48:46.797+0700] {subprocess.py:93} INFO - 25/10/29 03:48:46 ERROR TaskSetManager: Task 0 in stage 2.0 failed 1 times; aborting job
[2025-10-29T03:48:46.859+0700] {subprocess.py:93} INFO - 25/10/29 03:48:46 ERROR MicroBatchExecution: Query [id = 55e33037-9941-4eaf-af9d-fedf183b83b4, runId = 1ce392ad-cb95-4927-b000-588cd622ee29] terminated with error
[2025-10-29T03:48:46.859+0700] {subprocess.py:93} INFO - py4j.Py4JException: An exception was raised by the Python Proxy. Return Message: Traceback (most recent call last):
[2025-10-29T03:48:46.859+0700] {subprocess.py:93} INFO -   File "/home/***/.local/lib/python3.12/site-packages/pyspark/python/lib/py4j-0.10.9.7-src.zip/py4j/clientserver.py", line 617, in _call_proxy
[2025-10-29T03:48:46.860+0700] {subprocess.py:93} INFO -     return_value = getattr(self.pool[obj_id], method)(*params)
[2025-10-29T03:48:46.860+0700] {subprocess.py:93} INFO -                    ^^^^^^^^^^^^^^^^^^^^^^^^^^^^^^^^^^^^^^^^^^^
[2025-10-29T03:48:46.860+0700] {subprocess.py:93} INFO -   File "/home/***/.local/lib/python3.12/site-packages/pyspark/python/lib/pyspark.zip/pyspark/sql/utils.py", line 120, in call
[2025-10-29T03:48:46.860+0700] {subprocess.py:93} INFO -     raise e
[2025-10-29T03:48:46.860+0700] {subprocess.py:93} INFO -   File "/home/***/.local/lib/python3.12/site-packages/pyspark/python/lib/pyspark.zip/pyspark/sql/utils.py", line 117, in call
[2025-10-29T03:48:46.860+0700] {subprocess.py:93} INFO -     self.func(DataFrame(jdf, wrapped_session_jdf), batch_id)
[2025-10-29T03:48:46.860+0700] {subprocess.py:93} INFO -   File "/opt/***/projects/absa_streaming/scripts/consumer_postgres_streaming.py", line 125, in write_to_postgres
[2025-10-29T03:48:46.860+0700] {subprocess.py:93} INFO -     total_rows = batch_df.count()
[2025-10-29T03:48:46.860+0700] {subprocess.py:93} INFO -                  ^^^^^^^^^^^^^^^^
[2025-10-29T03:48:46.860+0700] {subprocess.py:93} INFO -   File "/home/***/.local/lib/python3.12/site-packages/pyspark/python/lib/pyspark.zip/pyspark/sql/dataframe.py", line 1238, in count
[2025-10-29T03:48:46.860+0700] {subprocess.py:93} INFO -     return int(self._jdf.count())
[2025-10-29T03:48:46.861+0700] {subprocess.py:93} INFO -                ^^^^^^^^^^^^^^^^^
[2025-10-29T03:48:46.861+0700] {subprocess.py:93} INFO -   File "/home/***/.local/lib/python3.12/site-packages/pyspark/python/lib/py4j-0.10.9.7-src.zip/py4j/java_gateway.py", line 1322, in __call__
[2025-10-29T03:48:46.861+0700] {subprocess.py:93} INFO -     return_value = get_return_value(
[2025-10-29T03:48:46.861+0700] {subprocess.py:93} INFO -                    ^^^^^^^^^^^^^^^^^
[2025-10-29T03:48:46.861+0700] {subprocess.py:93} INFO -   File "/home/***/.local/lib/python3.12/site-packages/pyspark/python/lib/pyspark.zip/pyspark/errors/exceptions/captured.py", line 185, in deco
[2025-10-29T03:48:46.861+0700] {subprocess.py:93} INFO -     raise converted from None
[2025-10-29T03:48:46.861+0700] {subprocess.py:93} INFO - pyspark.errors.exceptions.captured.PythonException:
[2025-10-29T03:48:46.862+0700] {subprocess.py:93} INFO -   An exception was thrown from the Python worker. Please see the stack trace below.
[2025-10-29T03:48:46.862+0700] {subprocess.py:93} INFO - Traceback (most recent call last):
[2025-10-29T03:48:46.862+0700] {subprocess.py:93} INFO -   File "/opt/***/projects/absa_streaming/scripts/consumer_postgres_streaming.py", line 73, in absa_infer_udf
[2025-10-29T03:48:46.862+0700] {subprocess.py:93} INFO -     _tokenizer = AutoTokenizer.from_pretrained(MODEL_NAME, use_fast=True)
[2025-10-29T03:48:46.862+0700] {subprocess.py:93} INFO -                  ^^^^^^^^^^^^^^^^^^^^^^^^^^^^^^^^^^^^^^^^^^^^^^^^^^^^^^^^
[2025-10-29T03:48:46.862+0700] {subprocess.py:93} INFO -   File "/home/***/.local/lib/python3.12/site-packages/transformers/models/auto/tokenization_auto.py", line 817, in from_pretrained
[2025-10-29T03:48:46.862+0700] {subprocess.py:93} INFO -     tokenizer_config = get_tokenizer_config(pretrained_model_name_or_path, **kwargs)
[2025-10-29T03:48:46.862+0700] {subprocess.py:93} INFO -                        ^^^^^^^^^^^^^^^^^^^^^^^^^^^^^^^^^^^^^^^^^^^^^^^^^^^^^^^^^^^^^
[2025-10-29T03:48:46.862+0700] {subprocess.py:93} INFO -   File "/home/***/.local/lib/python3.12/site-packages/transformers/models/auto/tokenization_auto.py", line 649, in get_tokenizer_config
[2025-10-29T03:48:46.863+0700] {subprocess.py:93} INFO -     resolved_config_file = cached_file(
[2025-10-29T03:48:46.863+0700] {subprocess.py:93} INFO -                            ^^^^^^^^^^^^
[2025-10-29T03:48:46.863+0700] {subprocess.py:93} INFO -   File "/home/***/.local/lib/python3.12/site-packages/transformers/utils/hub.py", line 462, in cached_file
[2025-10-29T03:48:46.863+0700] {subprocess.py:93} INFO -     except HFValidationError as e:
[2025-10-29T03:48:46.863+0700] {subprocess.py:93} INFO -   File "/home/***/.local/lib/python3.12/site-packages/huggingface_hub/utils/_validators.py", line 114, in _inner_fn
[2025-10-29T03:48:46.863+0700] {subprocess.py:93} INFO -     return fn(*args, **kwargs)
[2025-10-29T03:48:46.863+0700] {subprocess.py:93} INFO -            ^^^^^^^^^^^^^^^^^^^
[2025-10-29T03:48:46.863+0700] {subprocess.py:93} INFO -   File "/home/***/.local/lib/python3.12/site-packages/huggingface_hub/file_download.py", line 1007, in hf_hub_download
[2025-10-29T03:48:46.863+0700] {subprocess.py:93} INFO -     return _hf_hub_download_to_cache_dir(
[2025-10-29T03:48:46.864+0700] {subprocess.py:93} INFO -            ^^^^^^^^^^^^^^^^^^^^^^^^^^^^^^
[2025-10-29T03:48:46.864+0700] {subprocess.py:93} INFO -   File "/home/***/.local/lib/python3.12/site-packages/huggingface_hub/file_download.py", line 1124, in _hf_hub_download_to_cache_dir
[2025-10-29T03:48:46.864+0700] {subprocess.py:93} INFO -     os.makedirs(os.path.dirname(blob_path), exist_ok=True)
[2025-10-29T03:48:46.864+0700] {subprocess.py:93} INFO -   File "<frozen os>", line 216, in makedirs
[2025-10-29T03:48:46.864+0700] {subprocess.py:93} INFO -   File "<frozen os>", line 216, in makedirs
[2025-10-29T03:48:46.864+0700] {subprocess.py:93} INFO -   File "<frozen os>", line 216, in makedirs
[2025-10-29T03:48:46.864+0700] {subprocess.py:93} INFO -   File "<frozen os>", line 230, in makedirs
[2025-10-29T03:48:46.864+0700] {subprocess.py:93} INFO - PermissionError: [Errno 13] Permission denied: '/home/***/.cache/huggingface'
[2025-10-29T03:48:46.865+0700] {subprocess.py:93} INFO - 
[2025-10-29T03:48:46.865+0700] {subprocess.py:93} INFO - 
[2025-10-29T03:48:46.865+0700] {subprocess.py:93} INFO - 	at py4j.Protocol.getReturnValue(Protocol.java:476)
[2025-10-29T03:48:46.865+0700] {subprocess.py:93} INFO - 	at py4j.reflection.PythonProxyHandler.invoke(PythonProxyHandler.java:108)
[2025-10-29T03:48:46.865+0700] {subprocess.py:93} INFO - 	at jdk.proxy3/jdk.proxy3.$Proxy32.call(Unknown Source)
[2025-10-29T03:48:46.865+0700] {subprocess.py:93} INFO - 	at org.apache.spark.sql.execution.streaming.sources.PythonForeachBatchHelper$.$anonfun$callForeachBatch$1(ForeachBatchSink.scala:53)
[2025-10-29T03:48:46.865+0700] {subprocess.py:93} INFO - 	at org.apache.spark.sql.execution.streaming.sources.PythonForeachBatchHelper$.$anonfun$callForeachBatch$1$adapted(ForeachBatchSink.scala:53)
[2025-10-29T03:48:46.865+0700] {subprocess.py:93} INFO - 	at org.apache.spark.sql.execution.streaming.sources.ForeachBatchSink.addBatch(ForeachBatchSink.scala:34)
[2025-10-29T03:48:46.865+0700] {subprocess.py:93} INFO - 	at org.apache.spark.sql.execution.streaming.MicroBatchExecution.$anonfun$runBatch$17(MicroBatchExecution.scala:732)
[2025-10-29T03:48:46.865+0700] {subprocess.py:93} INFO - 	at org.apache.spark.sql.execution.SQLExecution$.$anonfun$withNewExecutionId$6(SQLExecution.scala:125)
[2025-10-29T03:48:46.865+0700] {subprocess.py:93} INFO - 	at org.apache.spark.sql.execution.SQLExecution$.withSQLConfPropagated(SQLExecution.scala:201)
[2025-10-29T03:48:46.866+0700] {subprocess.py:93} INFO - 	at org.apache.spark.sql.execution.SQLExecution$.$anonfun$withNewExecutionId$1(SQLExecution.scala:108)
[2025-10-29T03:48:46.866+0700] {subprocess.py:93} INFO - 	at org.apache.spark.sql.SparkSession.withActive(SparkSession.scala:900)
[2025-10-29T03:48:46.866+0700] {subprocess.py:93} INFO - 	at org.apache.spark.sql.execution.SQLExecution$.withNewExecutionId(SQLExecution.scala:66)
[2025-10-29T03:48:46.866+0700] {subprocess.py:93} INFO - 	at org.apache.spark.sql.execution.streaming.MicroBatchExecution.$anonfun$runBatch$16(MicroBatchExecution.scala:729)
[2025-10-29T03:48:46.866+0700] {subprocess.py:93} INFO - 	at org.apache.spark.sql.execution.streaming.ProgressReporter.reportTimeTaken(ProgressReporter.scala:427)
[2025-10-29T03:48:46.866+0700] {subprocess.py:93} INFO - 	at org.apache.spark.sql.execution.streaming.ProgressReporter.reportTimeTaken$(ProgressReporter.scala:425)
[2025-10-29T03:48:46.866+0700] {subprocess.py:93} INFO - 	at org.apache.spark.sql.execution.streaming.StreamExecution.reportTimeTaken(StreamExecution.scala:67)
[2025-10-29T03:48:46.866+0700] {subprocess.py:93} INFO - 	at org.apache.spark.sql.execution.streaming.MicroBatchExecution.runBatch(MicroBatchExecution.scala:729)
[2025-10-29T03:48:46.866+0700] {subprocess.py:93} INFO - 	at org.apache.spark.sql.execution.streaming.MicroBatchExecution.$anonfun$runActivatedStream$2(MicroBatchExecution.scala:286)
[2025-10-29T03:48:46.866+0700] {subprocess.py:93} INFO - 	at scala.runtime.java8.JFunction0$mcV$sp.apply(JFunction0$mcV$sp.java:23)
[2025-10-29T03:48:46.867+0700] {subprocess.py:93} INFO - 	at org.apache.spark.sql.execution.streaming.ProgressReporter.reportTimeTaken(ProgressReporter.scala:427)
[2025-10-29T03:48:46.867+0700] {subprocess.py:93} INFO - 	at org.apache.spark.sql.execution.streaming.ProgressReporter.reportTimeTaken$(ProgressReporter.scala:425)
[2025-10-29T03:48:46.867+0700] {subprocess.py:93} INFO - 	at org.apache.spark.sql.execution.streaming.StreamExecution.reportTimeTaken(StreamExecution.scala:67)
[2025-10-29T03:48:46.867+0700] {subprocess.py:93} INFO - 	at org.apache.spark.sql.execution.streaming.MicroBatchExecution.$anonfun$runActivatedStream$1(MicroBatchExecution.scala:249)
[2025-10-29T03:48:46.867+0700] {subprocess.py:93} INFO - 	at org.apache.spark.sql.execution.streaming.ProcessingTimeExecutor.execute(TriggerExecutor.scala:67)
[2025-10-29T03:48:46.867+0700] {subprocess.py:93} INFO - 	at org.apache.spark.sql.execution.streaming.MicroBatchExecution.runActivatedStream(MicroBatchExecution.scala:239)
[2025-10-29T03:48:46.867+0700] {subprocess.py:93} INFO - 	at org.apache.spark.sql.execution.streaming.StreamExecution.$anonfun$runStream$1(StreamExecution.scala:311)
[2025-10-29T03:48:46.867+0700] {subprocess.py:93} INFO - 	at scala.runtime.java8.JFunction0$mcV$sp.apply(JFunction0$mcV$sp.java:23)
[2025-10-29T03:48:46.867+0700] {subprocess.py:93} INFO - 	at org.apache.spark.sql.SparkSession.withActive(SparkSession.scala:900)
[2025-10-29T03:48:46.867+0700] {subprocess.py:93} INFO - 	at org.apache.spark.sql.execution.streaming.StreamExecution.org$apache$spark$sql$execution$streaming$StreamExecution$$runStream(StreamExecution.scala:289)
[2025-10-29T03:48:46.868+0700] {subprocess.py:93} INFO - 	at org.apache.spark.sql.execution.streaming.StreamExecution$$anon$1.$anonfun$run$1(StreamExecution.scala:211)
[2025-10-29T03:48:46.868+0700] {subprocess.py:93} INFO - 	at scala.runtime.java8.JFunction0$mcV$sp.apply(JFunction0$mcV$sp.java:23)
[2025-10-29T03:48:46.868+0700] {subprocess.py:93} INFO - 	at org.apache.spark.JobArtifactSet$.withActiveJobArtifactState(JobArtifactSet.scala:94)
[2025-10-29T03:48:46.868+0700] {subprocess.py:93} INFO - 	at org.apache.spark.sql.execution.streaming.StreamExecution$$anon$1.run(StreamExecution.scala:211)
[2025-10-29T03:48:46.918+0700] {subprocess.py:93} INFO - Traceback (most recent call last):
[2025-10-29T03:48:46.919+0700] {subprocess.py:93} INFO -   File "/opt/***/projects/absa_streaming/scripts/consumer_postgres_streaming.py", line 175, in <module>
[2025-10-29T03:48:46.919+0700] {subprocess.py:93} INFO -     query.awaitTermination()
[2025-10-29T03:48:46.919+0700] {subprocess.py:93} INFO -   File "/home/***/.local/lib/python3.12/site-packages/pyspark/python/lib/pyspark.zip/pyspark/sql/streaming/query.py", line 221, in awaitTermination
[2025-10-29T03:48:46.919+0700] {subprocess.py:93} INFO -   File "/home/***/.local/lib/python3.12/site-packages/pyspark/python/lib/py4j-0.10.9.7-src.zip/py4j/java_gateway.py", line 1322, in __call__
[2025-10-29T03:48:46.919+0700] {subprocess.py:93} INFO -   File "/home/***/.local/lib/python3.12/site-packages/pyspark/python/lib/pyspark.zip/pyspark/errors/exceptions/captured.py", line 185, in deco
[2025-10-29T03:48:46.920+0700] {subprocess.py:93} INFO - pyspark.errors.exceptions.captured.StreamingQueryException: [STREAM_FAILED] Query [id = 55e33037-9941-4eaf-af9d-fedf183b83b4, runId = 1ce392ad-cb95-4927-b000-588cd622ee29] terminated with exception: An exception was raised by the Python Proxy. Return Message: Traceback (most recent call last):
[2025-10-29T03:48:46.920+0700] {subprocess.py:93} INFO -   File "/home/***/.local/lib/python3.12/site-packages/pyspark/python/lib/py4j-0.10.9.7-src.zip/py4j/clientserver.py", line 617, in _call_proxy
[2025-10-29T03:48:46.920+0700] {subprocess.py:93} INFO -     return_value = getattr(self.pool[obj_id], method)(*params)
[2025-10-29T03:48:46.920+0700] {subprocess.py:93} INFO -                    ^^^^^^^^^^^^^^^^^^^^^^^^^^^^^^^^^^^^^^^^^^^
[2025-10-29T03:48:46.920+0700] {subprocess.py:93} INFO -   File "/home/***/.local/lib/python3.12/site-packages/pyspark/python/lib/pyspark.zip/pyspark/sql/utils.py", line 120, in call
[2025-10-29T03:48:46.921+0700] {subprocess.py:93} INFO -     raise e
[2025-10-29T03:48:46.921+0700] {subprocess.py:93} INFO -   File "/home/***/.local/lib/python3.12/site-packages/pyspark/python/lib/pyspark.zip/pyspark/sql/utils.py", line 117, in call
[2025-10-29T03:48:46.921+0700] {subprocess.py:93} INFO -     self.func(DataFrame(jdf, wrapped_session_jdf), batch_id)
[2025-10-29T03:48:46.921+0700] {subprocess.py:93} INFO -   File "/opt/***/projects/absa_streaming/scripts/consumer_postgres_streaming.py", line 125, in write_to_postgres
[2025-10-29T03:48:46.921+0700] {subprocess.py:93} INFO -     total_rows = batch_df.count()
[2025-10-29T03:48:46.921+0700] {subprocess.py:93} INFO -                  ^^^^^^^^^^^^^^^^
[2025-10-29T03:48:46.921+0700] {subprocess.py:93} INFO -   File "/home/***/.local/lib/python3.12/site-packages/pyspark/python/lib/pyspark.zip/pyspark/sql/dataframe.py", line 1238, in count
[2025-10-29T03:48:46.921+0700] {subprocess.py:93} INFO -     return int(self._jdf.count())
[2025-10-29T03:48:46.921+0700] {subprocess.py:93} INFO -                ^^^^^^^^^^^^^^^^^
[2025-10-29T03:48:46.921+0700] {subprocess.py:93} INFO -   File "/home/***/.local/lib/python3.12/site-packages/pyspark/python/lib/py4j-0.10.9.7-src.zip/py4j/java_gateway.py", line 1322, in __call__
[2025-10-29T03:48:46.921+0700] {subprocess.py:93} INFO -     return_value = get_return_value(
[2025-10-29T03:48:46.922+0700] {subprocess.py:93} INFO -                    ^^^^^^^^^^^^^^^^^
[2025-10-29T03:48:46.922+0700] {subprocess.py:93} INFO -   File "/home/***/.local/lib/python3.12/site-packages/pyspark/python/lib/pyspark.zip/pyspark/errors/exceptions/captured.py", line 185, in deco
[2025-10-29T03:48:46.922+0700] {subprocess.py:93} INFO -     raise converted from None
[2025-10-29T03:48:46.922+0700] {subprocess.py:93} INFO - pyspark.errors.exceptions.captured.PythonException:
[2025-10-29T03:48:46.922+0700] {subprocess.py:93} INFO -   An exception was thrown from the Python worker. Please see the stack trace below.
[2025-10-29T03:48:46.922+0700] {subprocess.py:93} INFO - Traceback (most recent call last):
[2025-10-29T03:48:46.922+0700] {subprocess.py:93} INFO -   File "/opt/***/projects/absa_streaming/scripts/consumer_postgres_streaming.py", line 73, in absa_infer_udf
[2025-10-29T03:48:46.922+0700] {subprocess.py:93} INFO -     _tokenizer = AutoTokenizer.from_pretrained(MODEL_NAME, use_fast=True)
[2025-10-29T03:48:46.922+0700] {subprocess.py:93} INFO -                  ^^^^^^^^^^^^^^^^^^^^^^^^^^^^^^^^^^^^^^^^^^^^^^^^^^^^^^^^
[2025-10-29T03:48:46.922+0700] {subprocess.py:93} INFO -   File "/home/***/.local/lib/python3.12/site-packages/transformers/models/auto/tokenization_auto.py", line 817, in from_pretrained
[2025-10-29T03:48:46.922+0700] {subprocess.py:93} INFO -     tokenizer_config = get_tokenizer_config(pretrained_model_name_or_path, **kwargs)
[2025-10-29T03:48:46.922+0700] {subprocess.py:93} INFO -                        ^^^^^^^^^^^^^^^^^^^^^^^^^^^^^^^^^^^^^^^^^^^^^^^^^^^^^^^^^^^^^
[2025-10-29T03:48:46.923+0700] {subprocess.py:93} INFO -   File "/home/***/.local/lib/python3.12/site-packages/transformers/models/auto/tokenization_auto.py", line 649, in get_tokenizer_config
[2025-10-29T03:48:46.923+0700] {subprocess.py:93} INFO -     resolved_config_file = cached_file(
[2025-10-29T03:48:46.923+0700] {subprocess.py:93} INFO -                            ^^^^^^^^^^^^
[2025-10-29T03:48:46.923+0700] {subprocess.py:93} INFO -   File "/home/***/.local/lib/python3.12/site-packages/transformers/utils/hub.py", line 462, in cached_file
[2025-10-29T03:48:46.923+0700] {subprocess.py:93} INFO -     except HFValidationError as e:
[2025-10-29T03:48:46.923+0700] {subprocess.py:93} INFO -   File "/home/***/.local/lib/python3.12/site-packages/huggingface_hub/utils/_validators.py", line 114, in _inner_fn
[2025-10-29T03:48:46.923+0700] {subprocess.py:93} INFO -     return fn(*args, **kwargs)
[2025-10-29T03:48:46.923+0700] {subprocess.py:93} INFO -            ^^^^^^^^^^^^^^^^^^^
[2025-10-29T03:48:46.923+0700] {subprocess.py:93} INFO -   File "/home/***/.local/lib/python3.12/site-packages/huggingface_hub/file_download.py", line 1007, in hf_hub_download
[2025-10-29T03:48:46.923+0700] {subprocess.py:93} INFO -     return _hf_hub_download_to_cache_dir(
[2025-10-29T03:48:46.923+0700] {subprocess.py:93} INFO -            ^^^^^^^^^^^^^^^^^^^^^^^^^^^^^^
[2025-10-29T03:48:46.924+0700] {subprocess.py:93} INFO -   File "/home/***/.local/lib/python3.12/site-packages/huggingface_hub/file_download.py", line 1124, in _hf_hub_download_to_cache_dir
[2025-10-29T03:48:46.924+0700] {subprocess.py:93} INFO -     os.makedirs(os.path.dirname(blob_path), exist_ok=True)
[2025-10-29T03:48:46.924+0700] {subprocess.py:93} INFO -   File "<frozen os>", line 216, in makedirs
[2025-10-29T03:48:46.924+0700] {subprocess.py:93} INFO -   File "<frozen os>", line 216, in makedirs
[2025-10-29T03:48:46.924+0700] {subprocess.py:93} INFO -   File "<frozen os>", line 216, in makedirs
[2025-10-29T03:48:46.924+0700] {subprocess.py:93} INFO -   File "<frozen os>", line 230, in makedirs
[2025-10-29T03:48:46.924+0700] {subprocess.py:93} INFO - PermissionError: [Errno 13] Permission denied: '/home/***/.cache/huggingface'
[2025-10-29T03:48:46.924+0700] {subprocess.py:93} INFO - 
[2025-10-29T03:48:46.924+0700] {subprocess.py:93} INFO - 
[2025-10-29T03:48:47.576+0700] {subprocess.py:97} INFO - Command exited with return code 1
[2025-10-29T03:48:47.577+0700] {taskinstance.py:441} INFO - ::group::Post task execution logs
[2025-10-29T03:48:47.587+0700] {taskinstance.py:2890} ERROR - Task failed with exception
Traceback (most recent call last):
  File "/home/airflow/.local/lib/python3.12/site-packages/airflow/models/taskinstance.py", line 460, in _execute_task
    result = _execute_callable(context=context, **execute_callable_kwargs)
             ^^^^^^^^^^^^^^^^^^^^^^^^^^^^^^^^^^^^^^^^^^^^^^^^^^^^^^^^^^^^^
  File "/home/airflow/.local/lib/python3.12/site-packages/airflow/models/taskinstance.py", line 432, in _execute_callable
    return execute_callable(context=context, **execute_callable_kwargs)
           ^^^^^^^^^^^^^^^^^^^^^^^^^^^^^^^^^^^^^^^^^^^^^^^^^^^^^^^^^^^^
  File "/home/airflow/.local/lib/python3.12/site-packages/airflow/models/baseoperator.py", line 400, in wrapper
    return func(self, *args, **kwargs)
           ^^^^^^^^^^^^^^^^^^^^^^^^^^^
  File "/home/airflow/.local/lib/python3.12/site-packages/airflow/operators/bash.py", line 243, in execute
    raise AirflowException(
airflow.exceptions.AirflowException: Bash command failed. The command returned a non-zero exit code 1.
[2025-10-29T03:48:47.591+0700] {taskinstance.py:1205} INFO - Marking task as UP_FOR_RETRY. dag_id=absa_streaming_lifecycle_demo1, task_id=deploy_consumer, execution_date=20251028T204828, start_date=20251028T204830, end_date=20251028T204847
[2025-10-29T03:48:47.603+0700] {standard_task_runner.py:110} ERROR - Failed to execute job 38 for task deploy_consumer (Bash command failed. The command returned a non-zero exit code 1.; 757)
[2025-10-29T03:48:47.635+0700] {local_task_job_runner.py:240} INFO - Task exited with return code 1
[2025-10-29T03:48:47.654+0700] {taskinstance.py:3482} INFO - 0 downstream tasks scheduled from follow-on schedule check
[2025-10-29T03:48:47.655+0700] {local_task_job_runner.py:222} INFO - ::endgroup::
