[2025-10-29T03:15:40.090+0700] {local_task_job_runner.py:120} INFO - ::group::Pre task execution logs
[2025-10-29T03:15:40.107+0700] {taskinstance.py:2073} INFO - Dependencies all met for dep_context=non-requeueable deps ti=<TaskInstance: absa_streaming_lifecycle_demo1.deploy_consumer manual__2025-10-28T20:07:18.155316+00:00 [queued]>
[2025-10-29T03:15:40.112+0700] {taskinstance.py:2073} INFO - Dependencies all met for dep_context=requeueable deps ti=<TaskInstance: absa_streaming_lifecycle_demo1.deploy_consumer manual__2025-10-28T20:07:18.155316+00:00 [queued]>
[2025-10-29T03:15:40.112+0700] {taskinstance.py:2303} INFO - Starting attempt 5 of 10
[2025-10-29T03:15:40.122+0700] {taskinstance.py:2327} INFO - Executing <Task(BashOperator): deploy_consumer> on 2025-10-28 20:07:18.155316+00:00
[2025-10-29T03:15:40.131+0700] {warnings.py:110} WARNING - /home/***/.local/lib/python3.12/site-packages/***/task/task_runner/standard_task_runner.py:61: DeprecationWarning: This process (pid=3317) is multi-threaded, use of fork() may lead to deadlocks in the child.
  pid = os.fork()

[2025-10-29T03:15:40.132+0700] {standard_task_runner.py:63} INFO - Started process 3334 to run task
[2025-10-29T03:15:40.133+0700] {standard_task_runner.py:90} INFO - Running: ['***', 'tasks', 'run', 'absa_streaming_lifecycle_demo1', 'deploy_consumer', 'manual__2025-10-28T20:07:18.155316+00:00', '--job-id', '13', '--raw', '--subdir', 'DAGS_FOLDER/absa_streaming_lifecycle_dag1.py', '--cfg-path', '/tmp/tmp91q5lol2']
[2025-10-29T03:15:40.135+0700] {standard_task_runner.py:91} INFO - Job 13: Subtask deploy_consumer
[2025-10-29T03:15:40.170+0700] {task_command.py:426} INFO - Running <TaskInstance: absa_streaming_lifecycle_demo1.deploy_consumer manual__2025-10-28T20:07:18.155316+00:00 [running]> on host dfeadd712fc3
[2025-10-29T03:15:40.241+0700] {taskinstance.py:2644} INFO - Exporting env vars: AIRFLOW_CTX_DAG_OWNER='***' AIRFLOW_CTX_DAG_ID='absa_streaming_lifecycle_demo1' AIRFLOW_CTX_TASK_ID='deploy_consumer' AIRFLOW_CTX_EXECUTION_DATE='2025-10-28T20:07:18.155316+00:00' AIRFLOW_CTX_TRY_NUMBER='5' AIRFLOW_CTX_DAG_RUN_ID='manual__2025-10-28T20:07:18.155316+00:00'
[2025-10-29T03:15:40.243+0700] {taskinstance.py:430} INFO - ::endgroup::
[2025-10-29T03:15:40.244+0700] {subprocess.py:63} INFO - Tmp dir root location: /tmp
[2025-10-29T03:15:40.244+0700] {subprocess.py:75} INFO - Running command: ['/usr/bin/bash', '-c', 'bash -c "timeout 45m /opt/***/projects/absa_streaming/scripts/run_consumer.sh"']
[2025-10-29T03:15:40.258+0700] {subprocess.py:86} INFO - Output:
[2025-10-29T03:15:40.262+0700] {subprocess.py:93} INFO - [Consumer] Starting Spark Structured Streaming job...
[2025-10-29T03:15:40.295+0700] {subprocess.py:93} INFO - /home/***/.local/lib/python3.12/site-packages/pyspark/bin/load-spark-env.sh: line 68: ps: command not found
[2025-10-29T03:15:41.305+0700] {subprocess.py:93} INFO - :: loading settings :: url = jar:file:/home/***/.local/lib/python3.12/site-packages/pyspark/jars/ivy-2.5.1.jar!/org/apache/ivy/core/settings/ivysettings.xml
[2025-10-29T03:15:41.354+0700] {subprocess.py:93} INFO - Ivy Default Cache set to: /home/***/.ivy2/cache
[2025-10-29T03:15:41.354+0700] {subprocess.py:93} INFO - The jars for the packages stored in: /home/***/.ivy2/jars
[2025-10-29T03:15:41.357+0700] {subprocess.py:93} INFO - org.apache.spark#spark-sql-kafka-0-10_2.12 added as a dependency
[2025-10-29T03:15:41.357+0700] {subprocess.py:93} INFO - org.postgresql#postgresql added as a dependency
[2025-10-29T03:15:41.357+0700] {subprocess.py:93} INFO - :: resolving dependencies :: org.apache.spark#spark-submit-parent-6182174f-1d1c-498a-a109-64390502d841;1.0
[2025-10-29T03:15:41.358+0700] {subprocess.py:93} INFO - 	confs: [default]
[2025-10-29T03:15:41.495+0700] {subprocess.py:93} INFO - 	found org.apache.spark#spark-sql-kafka-0-10_2.12;3.5.1 in central
[2025-10-29T03:15:41.542+0700] {subprocess.py:93} INFO - 	found org.apache.spark#spark-token-provider-kafka-0-10_2.12;3.5.1 in central
[2025-10-29T03:15:41.564+0700] {subprocess.py:93} INFO - 	found org.apache.kafka#kafka-clients;3.4.1 in central
[2025-10-29T03:15:41.583+0700] {subprocess.py:93} INFO - 	found org.lz4#lz4-java;1.8.0 in central
[2025-10-29T03:15:41.606+0700] {subprocess.py:93} INFO - 	found org.xerial.snappy#snappy-java;1.1.10.3 in central
[2025-10-29T03:15:41.623+0700] {subprocess.py:93} INFO - 	found org.slf4j#slf4j-api;2.0.7 in central
[2025-10-29T03:15:41.643+0700] {subprocess.py:93} INFO - 	found org.apache.hadoop#hadoop-client-runtime;3.3.4 in central
[2025-10-29T03:15:41.669+0700] {subprocess.py:93} INFO - 	found org.apache.hadoop#hadoop-client-api;3.3.4 in central
[2025-10-29T03:15:41.708+0700] {subprocess.py:93} INFO - 	found commons-logging#commons-logging;1.1.3 in central
[2025-10-29T03:15:41.733+0700] {subprocess.py:93} INFO - 	found com.google.code.findbugs#jsr305;3.0.0 in central
[2025-10-29T03:15:41.749+0700] {subprocess.py:93} INFO - 	found org.apache.commons#commons-pool2;2.11.1 in central
[2025-10-29T03:15:41.761+0700] {subprocess.py:93} INFO - 	found org.postgresql#postgresql;42.6.0 in central
[2025-10-29T03:15:41.770+0700] {subprocess.py:93} INFO - 	found org.checkerframework#checker-qual;3.31.0 in central
[2025-10-29T03:15:41.793+0700] {subprocess.py:93} INFO - :: resolution report :: resolve 422ms :: artifacts dl 14ms
[2025-10-29T03:15:41.793+0700] {subprocess.py:93} INFO - 	:: modules in use:
[2025-10-29T03:15:41.794+0700] {subprocess.py:93} INFO - 	com.google.code.findbugs#jsr305;3.0.0 from central in [default]
[2025-10-29T03:15:41.794+0700] {subprocess.py:93} INFO - 	commons-logging#commons-logging;1.1.3 from central in [default]
[2025-10-29T03:15:41.794+0700] {subprocess.py:93} INFO - 	org.apache.commons#commons-pool2;2.11.1 from central in [default]
[2025-10-29T03:15:41.794+0700] {subprocess.py:93} INFO - 	org.apache.hadoop#hadoop-client-api;3.3.4 from central in [default]
[2025-10-29T03:15:41.795+0700] {subprocess.py:93} INFO - 	org.apache.hadoop#hadoop-client-runtime;3.3.4 from central in [default]
[2025-10-29T03:15:41.795+0700] {subprocess.py:93} INFO - 	org.apache.kafka#kafka-clients;3.4.1 from central in [default]
[2025-10-29T03:15:41.795+0700] {subprocess.py:93} INFO - 	org.apache.spark#spark-sql-kafka-0-10_2.12;3.5.1 from central in [default]
[2025-10-29T03:15:41.795+0700] {subprocess.py:93} INFO - 	org.apache.spark#spark-token-provider-kafka-0-10_2.12;3.5.1 from central in [default]
[2025-10-29T03:15:41.795+0700] {subprocess.py:93} INFO - 	org.checkerframework#checker-qual;3.31.0 from central in [default]
[2025-10-29T03:15:41.796+0700] {subprocess.py:93} INFO - 	org.lz4#lz4-java;1.8.0 from central in [default]
[2025-10-29T03:15:41.796+0700] {subprocess.py:93} INFO - 	org.postgresql#postgresql;42.6.0 from central in [default]
[2025-10-29T03:15:41.796+0700] {subprocess.py:93} INFO - 	org.slf4j#slf4j-api;2.0.7 from central in [default]
[2025-10-29T03:15:41.796+0700] {subprocess.py:93} INFO - 	org.xerial.snappy#snappy-java;1.1.10.3 from central in [default]
[2025-10-29T03:15:41.797+0700] {subprocess.py:93} INFO - 	---------------------------------------------------------------------
[2025-10-29T03:15:41.797+0700] {subprocess.py:93} INFO - 	|                  |            modules            ||   artifacts   |
[2025-10-29T03:15:41.797+0700] {subprocess.py:93} INFO - 	|       conf       | number| search|dwnlded|evicted|| number|dwnlded|
[2025-10-29T03:15:41.797+0700] {subprocess.py:93} INFO - 	---------------------------------------------------------------------
[2025-10-29T03:15:41.798+0700] {subprocess.py:93} INFO - 	|      default     |   13  |   0   |   0   |   0   ||   13  |   0   |
[2025-10-29T03:15:41.798+0700] {subprocess.py:93} INFO - 	---------------------------------------------------------------------
[2025-10-29T03:15:41.800+0700] {subprocess.py:93} INFO - :: retrieving :: org.apache.spark#spark-submit-parent-6182174f-1d1c-498a-a109-64390502d841
[2025-10-29T03:15:41.800+0700] {subprocess.py:93} INFO - 	confs: [default]
[2025-10-29T03:15:41.808+0700] {subprocess.py:93} INFO - 	0 artifacts copied, 13 already retrieved (0kB/8ms)
[2025-10-29T03:15:41.978+0700] {subprocess.py:93} INFO - 25/10/29 03:15:41 WARN NativeCodeLoader: Unable to load native-hadoop library for your platform... using builtin-java classes where applicable
[2025-10-29T03:15:45.261+0700] {subprocess.py:93} INFO - There was a problem when trying to write in your cache folder (/home/***/.cache/huggingface/hub). You should set the environment variable TRANSFORMERS_CACHE to a writable directory.
[2025-10-29T03:15:45.395+0700] {subprocess.py:93} INFO - 25/10/29 03:15:45 INFO SparkContext: Running Spark version 3.5.1
[2025-10-29T03:15:45.396+0700] {subprocess.py:93} INFO - 25/10/29 03:15:45 INFO SparkContext: OS info Linux, 6.14.0-33-generic, amd64
[2025-10-29T03:15:45.396+0700] {subprocess.py:93} INFO - 25/10/29 03:15:45 INFO SparkContext: Java version 17.0.17
[2025-10-29T03:15:45.416+0700] {subprocess.py:93} INFO - 25/10/29 03:15:45 INFO ResourceUtils: ==============================================================
[2025-10-29T03:15:45.417+0700] {subprocess.py:93} INFO - 25/10/29 03:15:45 INFO ResourceUtils: No custom resources configured for spark.driver.
[2025-10-29T03:15:45.417+0700] {subprocess.py:93} INFO - 25/10/29 03:15:45 INFO ResourceUtils: ==============================================================
[2025-10-29T03:15:45.417+0700] {subprocess.py:93} INFO - 25/10/29 03:15:45 INFO SparkContext: Submitted application: Kafka_ABSA_Postgres
[2025-10-29T03:15:45.434+0700] {subprocess.py:93} INFO - 25/10/29 03:15:45 INFO ResourceProfile: Default ResourceProfile created, executor resources: Map(cores -> name: cores, amount: 1, script: , vendor: , memory -> name: memory, amount: 1024, script: , vendor: , offHeap -> name: offHeap, amount: 0, script: , vendor: ), task resources: Map(cpus -> name: cpus, amount: 1.0)
[2025-10-29T03:15:45.442+0700] {subprocess.py:93} INFO - 25/10/29 03:15:45 INFO ResourceProfile: Limiting resource is cpu
[2025-10-29T03:15:45.443+0700] {subprocess.py:93} INFO - 25/10/29 03:15:45 INFO ResourceProfileManager: Added ResourceProfile id: 0
[2025-10-29T03:15:45.484+0700] {subprocess.py:93} INFO - 25/10/29 03:15:45 INFO SecurityManager: Changing view acls to: default
[2025-10-29T03:15:45.484+0700] {subprocess.py:93} INFO - 25/10/29 03:15:45 INFO SecurityManager: Changing modify acls to: default
[2025-10-29T03:15:45.484+0700] {subprocess.py:93} INFO - 25/10/29 03:15:45 INFO SecurityManager: Changing view acls groups to:
[2025-10-29T03:15:45.485+0700] {subprocess.py:93} INFO - 25/10/29 03:15:45 INFO SecurityManager: Changing modify acls groups to:
[2025-10-29T03:15:45.485+0700] {subprocess.py:93} INFO - 25/10/29 03:15:45 INFO SecurityManager: SecurityManager: authentication disabled; ui acls disabled; users with view permissions: default; groups with view permissions: EMPTY; users with modify permissions: default; groups with modify permissions: EMPTY
[2025-10-29T03:15:45.652+0700] {subprocess.py:93} INFO - 25/10/29 03:15:45 INFO Utils: Successfully started service 'sparkDriver' on port 46827.
[2025-10-29T03:15:45.680+0700] {subprocess.py:93} INFO - 25/10/29 03:15:45 INFO SparkEnv: Registering MapOutputTracker
[2025-10-29T03:15:45.710+0700] {subprocess.py:93} INFO - 25/10/29 03:15:45 INFO SparkEnv: Registering BlockManagerMaster
[2025-10-29T03:15:45.722+0700] {subprocess.py:93} INFO - 25/10/29 03:15:45 INFO BlockManagerMasterEndpoint: Using org.apache.spark.storage.DefaultTopologyMapper for getting topology information
[2025-10-29T03:15:45.722+0700] {subprocess.py:93} INFO - 25/10/29 03:15:45 INFO BlockManagerMasterEndpoint: BlockManagerMasterEndpoint up
[2025-10-29T03:15:45.725+0700] {subprocess.py:93} INFO - 25/10/29 03:15:45 INFO SparkEnv: Registering BlockManagerMasterHeartbeat
[2025-10-29T03:15:45.740+0700] {subprocess.py:93} INFO - 25/10/29 03:15:45 INFO DiskBlockManager: Created local directory at /tmp/blockmgr-142fa405-24b8-40cc-9eb3-7ea1937aefac
[2025-10-29T03:15:45.751+0700] {subprocess.py:93} INFO - 25/10/29 03:15:45 INFO MemoryStore: MemoryStore started with capacity 434.4 MiB
[2025-10-29T03:15:45.762+0700] {subprocess.py:93} INFO - 25/10/29 03:15:45 INFO SparkEnv: Registering OutputCommitCoordinator
[2025-10-29T03:15:45.853+0700] {subprocess.py:93} INFO - 25/10/29 03:15:45 INFO JettyUtils: Start Jetty 0.0.0.0:4040 for SparkUI
[2025-10-29T03:15:45.903+0700] {subprocess.py:93} INFO - 25/10/29 03:15:45 INFO Utils: Successfully started service 'SparkUI' on port 4040.
[2025-10-29T03:15:45.937+0700] {subprocess.py:93} INFO - 25/10/29 03:15:45 INFO SparkContext: Added JAR file:///home/***/.ivy2/jars/org.apache.spark_spark-sql-kafka-0-10_2.12-3.5.1.jar at spark://dfeadd712fc3:46827/jars/org.apache.spark_spark-sql-kafka-0-10_2.12-3.5.1.jar with timestamp 1761682545389
[2025-10-29T03:15:45.937+0700] {subprocess.py:93} INFO - 25/10/29 03:15:45 INFO SparkContext: Added JAR file:///home/***/.ivy2/jars/org.postgresql_postgresql-42.6.0.jar at spark://dfeadd712fc3:46827/jars/org.postgresql_postgresql-42.6.0.jar with timestamp 1761682545389
[2025-10-29T03:15:45.938+0700] {subprocess.py:93} INFO - 25/10/29 03:15:45 INFO SparkContext: Added JAR file:///home/***/.ivy2/jars/org.apache.spark_spark-token-provider-kafka-0-10_2.12-3.5.1.jar at spark://dfeadd712fc3:46827/jars/org.apache.spark_spark-token-provider-kafka-0-10_2.12-3.5.1.jar with timestamp 1761682545389
[2025-10-29T03:15:45.938+0700] {subprocess.py:93} INFO - 25/10/29 03:15:45 INFO SparkContext: Added JAR file:///home/***/.ivy2/jars/org.apache.kafka_kafka-clients-3.4.1.jar at spark://dfeadd712fc3:46827/jars/org.apache.kafka_kafka-clients-3.4.1.jar with timestamp 1761682545389
[2025-10-29T03:15:45.938+0700] {subprocess.py:93} INFO - 25/10/29 03:15:45 INFO SparkContext: Added JAR file:///home/***/.ivy2/jars/com.google.code.findbugs_jsr305-3.0.0.jar at spark://dfeadd712fc3:46827/jars/com.google.code.findbugs_jsr305-3.0.0.jar with timestamp 1761682545389
[2025-10-29T03:15:45.938+0700] {subprocess.py:93} INFO - 25/10/29 03:15:45 INFO SparkContext: Added JAR file:///home/***/.ivy2/jars/org.apache.commons_commons-pool2-2.11.1.jar at spark://dfeadd712fc3:46827/jars/org.apache.commons_commons-pool2-2.11.1.jar with timestamp 1761682545389
[2025-10-29T03:15:45.938+0700] {subprocess.py:93} INFO - 25/10/29 03:15:45 INFO SparkContext: Added JAR file:///home/***/.ivy2/jars/org.apache.hadoop_hadoop-client-runtime-3.3.4.jar at spark://dfeadd712fc3:46827/jars/org.apache.hadoop_hadoop-client-runtime-3.3.4.jar with timestamp 1761682545389
[2025-10-29T03:15:45.939+0700] {subprocess.py:93} INFO - 25/10/29 03:15:45 INFO SparkContext: Added JAR file:///home/***/.ivy2/jars/org.lz4_lz4-java-1.8.0.jar at spark://dfeadd712fc3:46827/jars/org.lz4_lz4-java-1.8.0.jar with timestamp 1761682545389
[2025-10-29T03:15:45.939+0700] {subprocess.py:93} INFO - 25/10/29 03:15:45 INFO SparkContext: Added JAR file:///home/***/.ivy2/jars/org.xerial.snappy_snappy-java-1.1.10.3.jar at spark://dfeadd712fc3:46827/jars/org.xerial.snappy_snappy-java-1.1.10.3.jar with timestamp 1761682545389
[2025-10-29T03:15:45.939+0700] {subprocess.py:93} INFO - 25/10/29 03:15:45 INFO SparkContext: Added JAR file:///home/***/.ivy2/jars/org.slf4j_slf4j-api-2.0.7.jar at spark://dfeadd712fc3:46827/jars/org.slf4j_slf4j-api-2.0.7.jar with timestamp 1761682545389
[2025-10-29T03:15:45.939+0700] {subprocess.py:93} INFO - 25/10/29 03:15:45 INFO SparkContext: Added JAR file:///home/***/.ivy2/jars/org.apache.hadoop_hadoop-client-api-3.3.4.jar at spark://dfeadd712fc3:46827/jars/org.apache.hadoop_hadoop-client-api-3.3.4.jar with timestamp 1761682545389
[2025-10-29T03:15:45.939+0700] {subprocess.py:93} INFO - 25/10/29 03:15:45 INFO SparkContext: Added JAR file:///home/***/.ivy2/jars/commons-logging_commons-logging-1.1.3.jar at spark://dfeadd712fc3:46827/jars/commons-logging_commons-logging-1.1.3.jar with timestamp 1761682545389
[2025-10-29T03:15:45.940+0700] {subprocess.py:93} INFO - 25/10/29 03:15:45 INFO SparkContext: Added JAR file:///home/***/.ivy2/jars/org.checkerframework_checker-qual-3.31.0.jar at spark://dfeadd712fc3:46827/jars/org.checkerframework_checker-qual-3.31.0.jar with timestamp 1761682545389
[2025-10-29T03:15:45.942+0700] {subprocess.py:93} INFO - 25/10/29 03:15:45 INFO SparkContext: Added file file:///home/***/.ivy2/jars/org.apache.spark_spark-sql-kafka-0-10_2.12-3.5.1.jar at file:///home/***/.ivy2/jars/org.apache.spark_spark-sql-kafka-0-10_2.12-3.5.1.jar with timestamp 1761682545389
[2025-10-29T03:15:45.943+0700] {subprocess.py:93} INFO - 25/10/29 03:15:45 INFO Utils: Copying /home/***/.ivy2/jars/org.apache.spark_spark-sql-kafka-0-10_2.12-3.5.1.jar to /tmp/spark-4292e82d-847c-4bd2-a8f7-570955a932db/userFiles-a3c9892a-80e1-49c3-9970-039f10cdef5c/org.apache.spark_spark-sql-kafka-0-10_2.12-3.5.1.jar
[2025-10-29T03:15:45.952+0700] {subprocess.py:93} INFO - 25/10/29 03:15:45 INFO SparkContext: Added file file:///home/***/.ivy2/jars/org.postgresql_postgresql-42.6.0.jar at file:///home/***/.ivy2/jars/org.postgresql_postgresql-42.6.0.jar with timestamp 1761682545389
[2025-10-29T03:15:45.953+0700] {subprocess.py:93} INFO - 25/10/29 03:15:45 INFO Utils: Copying /home/***/.ivy2/jars/org.postgresql_postgresql-42.6.0.jar to /tmp/spark-4292e82d-847c-4bd2-a8f7-570955a932db/userFiles-a3c9892a-80e1-49c3-9970-039f10cdef5c/org.postgresql_postgresql-42.6.0.jar
[2025-10-29T03:15:45.957+0700] {subprocess.py:93} INFO - 25/10/29 03:15:45 INFO SparkContext: Added file file:///home/***/.ivy2/jars/org.apache.spark_spark-token-provider-kafka-0-10_2.12-3.5.1.jar at file:///home/***/.ivy2/jars/org.apache.spark_spark-token-provider-kafka-0-10_2.12-3.5.1.jar with timestamp 1761682545389
[2025-10-29T03:15:45.957+0700] {subprocess.py:93} INFO - 25/10/29 03:15:45 INFO Utils: Copying /home/***/.ivy2/jars/org.apache.spark_spark-token-provider-kafka-0-10_2.12-3.5.1.jar to /tmp/spark-4292e82d-847c-4bd2-a8f7-570955a932db/userFiles-a3c9892a-80e1-49c3-9970-039f10cdef5c/org.apache.spark_spark-token-provider-kafka-0-10_2.12-3.5.1.jar
[2025-10-29T03:15:45.961+0700] {subprocess.py:93} INFO - 25/10/29 03:15:45 INFO SparkContext: Added file file:///home/***/.ivy2/jars/org.apache.kafka_kafka-clients-3.4.1.jar at file:///home/***/.ivy2/jars/org.apache.kafka_kafka-clients-3.4.1.jar with timestamp 1761682545389
[2025-10-29T03:15:45.962+0700] {subprocess.py:93} INFO - 25/10/29 03:15:45 INFO Utils: Copying /home/***/.ivy2/jars/org.apache.kafka_kafka-clients-3.4.1.jar to /tmp/spark-4292e82d-847c-4bd2-a8f7-570955a932db/userFiles-a3c9892a-80e1-49c3-9970-039f10cdef5c/org.apache.kafka_kafka-clients-3.4.1.jar
[2025-10-29T03:15:45.967+0700] {subprocess.py:93} INFO - 25/10/29 03:15:45 INFO SparkContext: Added file file:///home/***/.ivy2/jars/com.google.code.findbugs_jsr305-3.0.0.jar at file:///home/***/.ivy2/jars/com.google.code.findbugs_jsr305-3.0.0.jar with timestamp 1761682545389
[2025-10-29T03:15:45.967+0700] {subprocess.py:93} INFO - 25/10/29 03:15:45 INFO Utils: Copying /home/***/.ivy2/jars/com.google.code.findbugs_jsr305-3.0.0.jar to /tmp/spark-4292e82d-847c-4bd2-a8f7-570955a932db/userFiles-a3c9892a-80e1-49c3-9970-039f10cdef5c/com.google.code.findbugs_jsr305-3.0.0.jar
[2025-10-29T03:15:45.971+0700] {subprocess.py:93} INFO - 25/10/29 03:15:45 INFO SparkContext: Added file file:///home/***/.ivy2/jars/org.apache.commons_commons-pool2-2.11.1.jar at file:///home/***/.ivy2/jars/org.apache.commons_commons-pool2-2.11.1.jar with timestamp 1761682545389
[2025-10-29T03:15:45.971+0700] {subprocess.py:93} INFO - 25/10/29 03:15:45 INFO Utils: Copying /home/***/.ivy2/jars/org.apache.commons_commons-pool2-2.11.1.jar to /tmp/spark-4292e82d-847c-4bd2-a8f7-570955a932db/userFiles-a3c9892a-80e1-49c3-9970-039f10cdef5c/org.apache.commons_commons-pool2-2.11.1.jar
[2025-10-29T03:15:45.973+0700] {subprocess.py:93} INFO - 25/10/29 03:15:45 INFO SparkContext: Added file file:///home/***/.ivy2/jars/org.apache.hadoop_hadoop-client-runtime-3.3.4.jar at file:///home/***/.ivy2/jars/org.apache.hadoop_hadoop-client-runtime-3.3.4.jar with timestamp 1761682545389
[2025-10-29T03:15:45.974+0700] {subprocess.py:93} INFO - 25/10/29 03:15:45 INFO Utils: Copying /home/***/.ivy2/jars/org.apache.hadoop_hadoop-client-runtime-3.3.4.jar to /tmp/spark-4292e82d-847c-4bd2-a8f7-570955a932db/userFiles-a3c9892a-80e1-49c3-9970-039f10cdef5c/org.apache.hadoop_hadoop-client-runtime-3.3.4.jar
[2025-10-29T03:15:45.986+0700] {subprocess.py:93} INFO - 25/10/29 03:15:45 INFO SparkContext: Added file file:///home/***/.ivy2/jars/org.lz4_lz4-java-1.8.0.jar at file:///home/***/.ivy2/jars/org.lz4_lz4-java-1.8.0.jar with timestamp 1761682545389
[2025-10-29T03:15:45.986+0700] {subprocess.py:93} INFO - 25/10/29 03:15:45 INFO Utils: Copying /home/***/.ivy2/jars/org.lz4_lz4-java-1.8.0.jar to /tmp/spark-4292e82d-847c-4bd2-a8f7-570955a932db/userFiles-a3c9892a-80e1-49c3-9970-039f10cdef5c/org.lz4_lz4-java-1.8.0.jar
[2025-10-29T03:15:45.988+0700] {subprocess.py:93} INFO - 25/10/29 03:15:45 INFO SparkContext: Added file file:///home/***/.ivy2/jars/org.xerial.snappy_snappy-java-1.1.10.3.jar at file:///home/***/.ivy2/jars/org.xerial.snappy_snappy-java-1.1.10.3.jar with timestamp 1761682545389
[2025-10-29T03:15:45.988+0700] {subprocess.py:93} INFO - 25/10/29 03:15:45 INFO Utils: Copying /home/***/.ivy2/jars/org.xerial.snappy_snappy-java-1.1.10.3.jar to /tmp/spark-4292e82d-847c-4bd2-a8f7-570955a932db/userFiles-a3c9892a-80e1-49c3-9970-039f10cdef5c/org.xerial.snappy_snappy-java-1.1.10.3.jar
[2025-10-29T03:15:45.991+0700] {subprocess.py:93} INFO - 25/10/29 03:15:45 INFO SparkContext: Added file file:///home/***/.ivy2/jars/org.slf4j_slf4j-api-2.0.7.jar at file:///home/***/.ivy2/jars/org.slf4j_slf4j-api-2.0.7.jar with timestamp 1761682545389
[2025-10-29T03:15:45.991+0700] {subprocess.py:93} INFO - 25/10/29 03:15:45 INFO Utils: Copying /home/***/.ivy2/jars/org.slf4j_slf4j-api-2.0.7.jar to /tmp/spark-4292e82d-847c-4bd2-a8f7-570955a932db/userFiles-a3c9892a-80e1-49c3-9970-039f10cdef5c/org.slf4j_slf4j-api-2.0.7.jar
[2025-10-29T03:15:45.993+0700] {subprocess.py:93} INFO - 25/10/29 03:15:45 INFO SparkContext: Added file file:///home/***/.ivy2/jars/org.apache.hadoop_hadoop-client-api-3.3.4.jar at file:///home/***/.ivy2/jars/org.apache.hadoop_hadoop-client-api-3.3.4.jar with timestamp 1761682545389
[2025-10-29T03:15:45.994+0700] {subprocess.py:93} INFO - 25/10/29 03:15:45 INFO Utils: Copying /home/***/.ivy2/jars/org.apache.hadoop_hadoop-client-api-3.3.4.jar to /tmp/spark-4292e82d-847c-4bd2-a8f7-570955a932db/userFiles-a3c9892a-80e1-49c3-9970-039f10cdef5c/org.apache.hadoop_hadoop-client-api-3.3.4.jar
[2025-10-29T03:15:46.002+0700] {subprocess.py:93} INFO - 25/10/29 03:15:46 INFO SparkContext: Added file file:///home/***/.ivy2/jars/commons-logging_commons-logging-1.1.3.jar at file:///home/***/.ivy2/jars/commons-logging_commons-logging-1.1.3.jar with timestamp 1761682545389
[2025-10-29T03:15:46.003+0700] {subprocess.py:93} INFO - 25/10/29 03:15:46 INFO Utils: Copying /home/***/.ivy2/jars/commons-logging_commons-logging-1.1.3.jar to /tmp/spark-4292e82d-847c-4bd2-a8f7-570955a932db/userFiles-a3c9892a-80e1-49c3-9970-039f10cdef5c/commons-logging_commons-logging-1.1.3.jar
[2025-10-29T03:15:46.005+0700] {subprocess.py:93} INFO - 25/10/29 03:15:46 INFO SparkContext: Added file file:///home/***/.ivy2/jars/org.checkerframework_checker-qual-3.31.0.jar at file:///home/***/.ivy2/jars/org.checkerframework_checker-qual-3.31.0.jar with timestamp 1761682545389
[2025-10-29T03:15:46.005+0700] {subprocess.py:93} INFO - 25/10/29 03:15:46 INFO Utils: Copying /home/***/.ivy2/jars/org.checkerframework_checker-qual-3.31.0.jar to /tmp/spark-4292e82d-847c-4bd2-a8f7-570955a932db/userFiles-a3c9892a-80e1-49c3-9970-039f10cdef5c/org.checkerframework_checker-qual-3.31.0.jar
[2025-10-29T03:15:46.045+0700] {subprocess.py:93} INFO - 25/10/29 03:15:46 INFO Executor: Starting executor ID driver on host dfeadd712fc3
[2025-10-29T03:15:46.046+0700] {subprocess.py:93} INFO - 25/10/29 03:15:46 INFO Executor: OS info Linux, 6.14.0-33-generic, amd64
[2025-10-29T03:15:46.046+0700] {subprocess.py:93} INFO - 25/10/29 03:15:46 INFO Executor: Java version 17.0.17
[2025-10-29T03:15:46.051+0700] {subprocess.py:93} INFO - 25/10/29 03:15:46 INFO Executor: Starting executor with user classpath (userClassPathFirst = false): ''
[2025-10-29T03:15:46.051+0700] {subprocess.py:93} INFO - 25/10/29 03:15:46 INFO Executor: Created or updated repl class loader org.apache.spark.util.MutableURLClassLoader@4d9914b for default.
[2025-10-29T03:15:46.059+0700] {subprocess.py:93} INFO - 25/10/29 03:15:46 INFO Executor: Fetching file:///home/***/.ivy2/jars/org.apache.spark_spark-sql-kafka-0-10_2.12-3.5.1.jar with timestamp 1761682545389
[2025-10-29T03:15:46.076+0700] {subprocess.py:93} INFO - 25/10/29 03:15:46 INFO Utils: /home/***/.ivy2/jars/org.apache.spark_spark-sql-kafka-0-10_2.12-3.5.1.jar has been previously copied to /tmp/spark-4292e82d-847c-4bd2-a8f7-570955a932db/userFiles-a3c9892a-80e1-49c3-9970-039f10cdef5c/org.apache.spark_spark-sql-kafka-0-10_2.12-3.5.1.jar
[2025-10-29T03:15:46.080+0700] {subprocess.py:93} INFO - 25/10/29 03:15:46 INFO Executor: Fetching file:///home/***/.ivy2/jars/org.apache.hadoop_hadoop-client-runtime-3.3.4.jar with timestamp 1761682545389
[2025-10-29T03:15:46.100+0700] {subprocess.py:93} INFO - 25/10/29 03:15:46 INFO Utils: /home/***/.ivy2/jars/org.apache.hadoop_hadoop-client-runtime-3.3.4.jar has been previously copied to /tmp/spark-4292e82d-847c-4bd2-a8f7-570955a932db/userFiles-a3c9892a-80e1-49c3-9970-039f10cdef5c/org.apache.hadoop_hadoop-client-runtime-3.3.4.jar
[2025-10-29T03:15:46.104+0700] {subprocess.py:93} INFO - 25/10/29 03:15:46 INFO Executor: Fetching file:///home/***/.ivy2/jars/org.apache.hadoop_hadoop-client-api-3.3.4.jar with timestamp 1761682545389
[2025-10-29T03:15:46.117+0700] {subprocess.py:93} INFO - 25/10/29 03:15:46 INFO Utils: /home/***/.ivy2/jars/org.apache.hadoop_hadoop-client-api-3.3.4.jar has been previously copied to /tmp/spark-4292e82d-847c-4bd2-a8f7-570955a932db/userFiles-a3c9892a-80e1-49c3-9970-039f10cdef5c/org.apache.hadoop_hadoop-client-api-3.3.4.jar
[2025-10-29T03:15:46.120+0700] {subprocess.py:93} INFO - 25/10/29 03:15:46 INFO Executor: Fetching file:///home/***/.ivy2/jars/org.apache.spark_spark-token-provider-kafka-0-10_2.12-3.5.1.jar with timestamp 1761682545389
[2025-10-29T03:15:46.121+0700] {subprocess.py:93} INFO - 25/10/29 03:15:46 INFO Utils: /home/***/.ivy2/jars/org.apache.spark_spark-token-provider-kafka-0-10_2.12-3.5.1.jar has been previously copied to /tmp/spark-4292e82d-847c-4bd2-a8f7-570955a932db/userFiles-a3c9892a-80e1-49c3-9970-039f10cdef5c/org.apache.spark_spark-token-provider-kafka-0-10_2.12-3.5.1.jar
[2025-10-29T03:15:46.123+0700] {subprocess.py:93} INFO - 25/10/29 03:15:46 INFO Executor: Fetching file:///home/***/.ivy2/jars/com.google.code.findbugs_jsr305-3.0.0.jar with timestamp 1761682545389
[2025-10-29T03:15:46.124+0700] {subprocess.py:93} INFO - 25/10/29 03:15:46 INFO Utils: /home/***/.ivy2/jars/com.google.code.findbugs_jsr305-3.0.0.jar has been previously copied to /tmp/spark-4292e82d-847c-4bd2-a8f7-570955a932db/userFiles-a3c9892a-80e1-49c3-9970-039f10cdef5c/com.google.code.findbugs_jsr305-3.0.0.jar
[2025-10-29T03:15:46.126+0700] {subprocess.py:93} INFO - 25/10/29 03:15:46 INFO Executor: Fetching file:///home/***/.ivy2/jars/org.lz4_lz4-java-1.8.0.jar with timestamp 1761682545389
[2025-10-29T03:15:46.127+0700] {subprocess.py:93} INFO - 25/10/29 03:15:46 INFO Utils: /home/***/.ivy2/jars/org.lz4_lz4-java-1.8.0.jar has been previously copied to /tmp/spark-4292e82d-847c-4bd2-a8f7-570955a932db/userFiles-a3c9892a-80e1-49c3-9970-039f10cdef5c/org.lz4_lz4-java-1.8.0.jar
[2025-10-29T03:15:46.129+0700] {subprocess.py:93} INFO - 25/10/29 03:15:46 INFO Executor: Fetching file:///home/***/.ivy2/jars/org.slf4j_slf4j-api-2.0.7.jar with timestamp 1761682545389
[2025-10-29T03:15:46.130+0700] {subprocess.py:93} INFO - 25/10/29 03:15:46 INFO Utils: /home/***/.ivy2/jars/org.slf4j_slf4j-api-2.0.7.jar has been previously copied to /tmp/spark-4292e82d-847c-4bd2-a8f7-570955a932db/userFiles-a3c9892a-80e1-49c3-9970-039f10cdef5c/org.slf4j_slf4j-api-2.0.7.jar
[2025-10-29T03:15:46.132+0700] {subprocess.py:93} INFO - 25/10/29 03:15:46 INFO Executor: Fetching file:///home/***/.ivy2/jars/org.checkerframework_checker-qual-3.31.0.jar with timestamp 1761682545389
[2025-10-29T03:15:46.133+0700] {subprocess.py:93} INFO - 25/10/29 03:15:46 INFO Utils: /home/***/.ivy2/jars/org.checkerframework_checker-qual-3.31.0.jar has been previously copied to /tmp/spark-4292e82d-847c-4bd2-a8f7-570955a932db/userFiles-a3c9892a-80e1-49c3-9970-039f10cdef5c/org.checkerframework_checker-qual-3.31.0.jar
[2025-10-29T03:15:46.135+0700] {subprocess.py:93} INFO - 25/10/29 03:15:46 INFO Executor: Fetching file:///home/***/.ivy2/jars/org.apache.commons_commons-pool2-2.11.1.jar with timestamp 1761682545389
[2025-10-29T03:15:46.136+0700] {subprocess.py:93} INFO - 25/10/29 03:15:46 INFO Utils: /home/***/.ivy2/jars/org.apache.commons_commons-pool2-2.11.1.jar has been previously copied to /tmp/spark-4292e82d-847c-4bd2-a8f7-570955a932db/userFiles-a3c9892a-80e1-49c3-9970-039f10cdef5c/org.apache.commons_commons-pool2-2.11.1.jar
[2025-10-29T03:15:46.139+0700] {subprocess.py:93} INFO - 25/10/29 03:15:46 INFO Executor: Fetching file:///home/***/.ivy2/jars/commons-logging_commons-logging-1.1.3.jar with timestamp 1761682545389
[2025-10-29T03:15:46.139+0700] {subprocess.py:93} INFO - 25/10/29 03:15:46 INFO Utils: /home/***/.ivy2/jars/commons-logging_commons-logging-1.1.3.jar has been previously copied to /tmp/spark-4292e82d-847c-4bd2-a8f7-570955a932db/userFiles-a3c9892a-80e1-49c3-9970-039f10cdef5c/commons-logging_commons-logging-1.1.3.jar
[2025-10-29T03:15:46.141+0700] {subprocess.py:93} INFO - 25/10/29 03:15:46 INFO Executor: Fetching file:///home/***/.ivy2/jars/org.xerial.snappy_snappy-java-1.1.10.3.jar with timestamp 1761682545389
[2025-10-29T03:15:46.143+0700] {subprocess.py:93} INFO - 25/10/29 03:15:46 INFO Utils: /home/***/.ivy2/jars/org.xerial.snappy_snappy-java-1.1.10.3.jar has been previously copied to /tmp/spark-4292e82d-847c-4bd2-a8f7-570955a932db/userFiles-a3c9892a-80e1-49c3-9970-039f10cdef5c/org.xerial.snappy_snappy-java-1.1.10.3.jar
[2025-10-29T03:15:46.146+0700] {subprocess.py:93} INFO - 25/10/29 03:15:46 INFO Executor: Fetching file:///home/***/.ivy2/jars/org.postgresql_postgresql-42.6.0.jar with timestamp 1761682545389
[2025-10-29T03:15:46.146+0700] {subprocess.py:93} INFO - 25/10/29 03:15:46 INFO Utils: /home/***/.ivy2/jars/org.postgresql_postgresql-42.6.0.jar has been previously copied to /tmp/spark-4292e82d-847c-4bd2-a8f7-570955a932db/userFiles-a3c9892a-80e1-49c3-9970-039f10cdef5c/org.postgresql_postgresql-42.6.0.jar
[2025-10-29T03:15:46.149+0700] {subprocess.py:93} INFO - 25/10/29 03:15:46 INFO Executor: Fetching file:///home/***/.ivy2/jars/org.apache.kafka_kafka-clients-3.4.1.jar with timestamp 1761682545389
[2025-10-29T03:15:46.152+0700] {subprocess.py:93} INFO - 25/10/29 03:15:46 INFO Utils: /home/***/.ivy2/jars/org.apache.kafka_kafka-clients-3.4.1.jar has been previously copied to /tmp/spark-4292e82d-847c-4bd2-a8f7-570955a932db/userFiles-a3c9892a-80e1-49c3-9970-039f10cdef5c/org.apache.kafka_kafka-clients-3.4.1.jar
[2025-10-29T03:15:46.155+0700] {subprocess.py:93} INFO - 25/10/29 03:15:46 INFO Executor: Fetching spark://dfeadd712fc3:46827/jars/org.apache.hadoop_hadoop-client-runtime-3.3.4.jar with timestamp 1761682545389
[2025-10-29T03:15:46.175+0700] {subprocess.py:93} INFO - 25/10/29 03:15:46 INFO TransportClientFactory: Successfully created connection to dfeadd712fc3/172.18.0.6:46827 after 13 ms (0 ms spent in bootstraps)
[2025-10-29T03:15:46.183+0700] {subprocess.py:93} INFO - 25/10/29 03:15:46 INFO Utils: Fetching spark://dfeadd712fc3:46827/jars/org.apache.hadoop_hadoop-client-runtime-3.3.4.jar to /tmp/spark-4292e82d-847c-4bd2-a8f7-570955a932db/userFiles-a3c9892a-80e1-49c3-9970-039f10cdef5c/fetchFileTemp14900745219642986803.tmp
[2025-10-29T03:15:46.382+0700] {subprocess.py:93} INFO - 25/10/29 03:15:46 INFO Utils: /tmp/spark-4292e82d-847c-4bd2-a8f7-570955a932db/userFiles-a3c9892a-80e1-49c3-9970-039f10cdef5c/fetchFileTemp14900745219642986803.tmp has been previously copied to /tmp/spark-4292e82d-847c-4bd2-a8f7-570955a932db/userFiles-a3c9892a-80e1-49c3-9970-039f10cdef5c/org.apache.hadoop_hadoop-client-runtime-3.3.4.jar
[2025-10-29T03:15:46.390+0700] {subprocess.py:93} INFO - 25/10/29 03:15:46 INFO Executor: Adding file:/tmp/spark-4292e82d-847c-4bd2-a8f7-570955a932db/userFiles-a3c9892a-80e1-49c3-9970-039f10cdef5c/org.apache.hadoop_hadoop-client-runtime-3.3.4.jar to class loader default
[2025-10-29T03:15:46.391+0700] {subprocess.py:93} INFO - 25/10/29 03:15:46 INFO Executor: Fetching spark://dfeadd712fc3:46827/jars/org.slf4j_slf4j-api-2.0.7.jar with timestamp 1761682545389
[2025-10-29T03:15:46.391+0700] {subprocess.py:93} INFO - 25/10/29 03:15:46 INFO Utils: Fetching spark://dfeadd712fc3:46827/jars/org.slf4j_slf4j-api-2.0.7.jar to /tmp/spark-4292e82d-847c-4bd2-a8f7-570955a932db/userFiles-a3c9892a-80e1-49c3-9970-039f10cdef5c/fetchFileTemp16176455021466952478.tmp
[2025-10-29T03:15:46.392+0700] {subprocess.py:93} INFO - 25/10/29 03:15:46 INFO Utils: /tmp/spark-4292e82d-847c-4bd2-a8f7-570955a932db/userFiles-a3c9892a-80e1-49c3-9970-039f10cdef5c/fetchFileTemp16176455021466952478.tmp has been previously copied to /tmp/spark-4292e82d-847c-4bd2-a8f7-570955a932db/userFiles-a3c9892a-80e1-49c3-9970-039f10cdef5c/org.slf4j_slf4j-api-2.0.7.jar
[2025-10-29T03:15:46.396+0700] {subprocess.py:93} INFO - 25/10/29 03:15:46 INFO Executor: Adding file:/tmp/spark-4292e82d-847c-4bd2-a8f7-570955a932db/userFiles-a3c9892a-80e1-49c3-9970-039f10cdef5c/org.slf4j_slf4j-api-2.0.7.jar to class loader default
[2025-10-29T03:15:46.397+0700] {subprocess.py:93} INFO - 25/10/29 03:15:46 INFO Executor: Fetching spark://dfeadd712fc3:46827/jars/org.lz4_lz4-java-1.8.0.jar with timestamp 1761682545389
[2025-10-29T03:15:46.397+0700] {subprocess.py:93} INFO - 25/10/29 03:15:46 INFO Utils: Fetching spark://dfeadd712fc3:46827/jars/org.lz4_lz4-java-1.8.0.jar to /tmp/spark-4292e82d-847c-4bd2-a8f7-570955a932db/userFiles-a3c9892a-80e1-49c3-9970-039f10cdef5c/fetchFileTemp2570071608251479685.tmp
[2025-10-29T03:15:46.399+0700] {subprocess.py:93} INFO - 25/10/29 03:15:46 INFO Utils: /tmp/spark-4292e82d-847c-4bd2-a8f7-570955a932db/userFiles-a3c9892a-80e1-49c3-9970-039f10cdef5c/fetchFileTemp2570071608251479685.tmp has been previously copied to /tmp/spark-4292e82d-847c-4bd2-a8f7-570955a932db/userFiles-a3c9892a-80e1-49c3-9970-039f10cdef5c/org.lz4_lz4-java-1.8.0.jar
[2025-10-29T03:15:46.404+0700] {subprocess.py:93} INFO - 25/10/29 03:15:46 INFO Executor: Adding file:/tmp/spark-4292e82d-847c-4bd2-a8f7-570955a932db/userFiles-a3c9892a-80e1-49c3-9970-039f10cdef5c/org.lz4_lz4-java-1.8.0.jar to class loader default
[2025-10-29T03:15:46.404+0700] {subprocess.py:93} INFO - 25/10/29 03:15:46 INFO Executor: Fetching spark://dfeadd712fc3:46827/jars/com.google.code.findbugs_jsr305-3.0.0.jar with timestamp 1761682545389
[2025-10-29T03:15:46.405+0700] {subprocess.py:93} INFO - 25/10/29 03:15:46 INFO Utils: Fetching spark://dfeadd712fc3:46827/jars/com.google.code.findbugs_jsr305-3.0.0.jar to /tmp/spark-4292e82d-847c-4bd2-a8f7-570955a932db/userFiles-a3c9892a-80e1-49c3-9970-039f10cdef5c/fetchFileTemp15701193062390987003.tmp
[2025-10-29T03:15:46.406+0700] {subprocess.py:93} INFO - 25/10/29 03:15:46 INFO Utils: /tmp/spark-4292e82d-847c-4bd2-a8f7-570955a932db/userFiles-a3c9892a-80e1-49c3-9970-039f10cdef5c/fetchFileTemp15701193062390987003.tmp has been previously copied to /tmp/spark-4292e82d-847c-4bd2-a8f7-570955a932db/userFiles-a3c9892a-80e1-49c3-9970-039f10cdef5c/com.google.code.findbugs_jsr305-3.0.0.jar
[2025-10-29T03:15:46.409+0700] {subprocess.py:93} INFO - 25/10/29 03:15:46 INFO Executor: Adding file:/tmp/spark-4292e82d-847c-4bd2-a8f7-570955a932db/userFiles-a3c9892a-80e1-49c3-9970-039f10cdef5c/com.google.code.findbugs_jsr305-3.0.0.jar to class loader default
[2025-10-29T03:15:46.410+0700] {subprocess.py:93} INFO - 25/10/29 03:15:46 INFO Executor: Fetching spark://dfeadd712fc3:46827/jars/org.postgresql_postgresql-42.6.0.jar with timestamp 1761682545389
[2025-10-29T03:15:46.410+0700] {subprocess.py:93} INFO - 25/10/29 03:15:46 INFO Utils: Fetching spark://dfeadd712fc3:46827/jars/org.postgresql_postgresql-42.6.0.jar to /tmp/spark-4292e82d-847c-4bd2-a8f7-570955a932db/userFiles-a3c9892a-80e1-49c3-9970-039f10cdef5c/fetchFileTemp3593690834093893643.tmp
[2025-10-29T03:15:46.413+0700] {subprocess.py:93} INFO - 25/10/29 03:15:46 INFO Utils: /tmp/spark-4292e82d-847c-4bd2-a8f7-570955a932db/userFiles-a3c9892a-80e1-49c3-9970-039f10cdef5c/fetchFileTemp3593690834093893643.tmp has been previously copied to /tmp/spark-4292e82d-847c-4bd2-a8f7-570955a932db/userFiles-a3c9892a-80e1-49c3-9970-039f10cdef5c/org.postgresql_postgresql-42.6.0.jar
[2025-10-29T03:15:46.419+0700] {subprocess.py:93} INFO - 25/10/29 03:15:46 INFO Executor: Adding file:/tmp/spark-4292e82d-847c-4bd2-a8f7-570955a932db/userFiles-a3c9892a-80e1-49c3-9970-039f10cdef5c/org.postgresql_postgresql-42.6.0.jar to class loader default
[2025-10-29T03:15:46.419+0700] {subprocess.py:93} INFO - 25/10/29 03:15:46 INFO Executor: Fetching spark://dfeadd712fc3:46827/jars/org.apache.spark_spark-token-provider-kafka-0-10_2.12-3.5.1.jar with timestamp 1761682545389
[2025-10-29T03:15:46.420+0700] {subprocess.py:93} INFO - 25/10/29 03:15:46 INFO Utils: Fetching spark://dfeadd712fc3:46827/jars/org.apache.spark_spark-token-provider-kafka-0-10_2.12-3.5.1.jar to /tmp/spark-4292e82d-847c-4bd2-a8f7-570955a932db/userFiles-a3c9892a-80e1-49c3-9970-039f10cdef5c/fetchFileTemp9482247093719382034.tmp
[2025-10-29T03:15:46.421+0700] {subprocess.py:93} INFO - 25/10/29 03:15:46 INFO Utils: /tmp/spark-4292e82d-847c-4bd2-a8f7-570955a932db/userFiles-a3c9892a-80e1-49c3-9970-039f10cdef5c/fetchFileTemp9482247093719382034.tmp has been previously copied to /tmp/spark-4292e82d-847c-4bd2-a8f7-570955a932db/userFiles-a3c9892a-80e1-49c3-9970-039f10cdef5c/org.apache.spark_spark-token-provider-kafka-0-10_2.12-3.5.1.jar
[2025-10-29T03:15:46.425+0700] {subprocess.py:93} INFO - 25/10/29 03:15:46 INFO Executor: Adding file:/tmp/spark-4292e82d-847c-4bd2-a8f7-570955a932db/userFiles-a3c9892a-80e1-49c3-9970-039f10cdef5c/org.apache.spark_spark-token-provider-kafka-0-10_2.12-3.5.1.jar to class loader default
[2025-10-29T03:15:46.425+0700] {subprocess.py:93} INFO - 25/10/29 03:15:46 INFO Executor: Fetching spark://dfeadd712fc3:46827/jars/org.apache.spark_spark-sql-kafka-0-10_2.12-3.5.1.jar with timestamp 1761682545389
[2025-10-29T03:15:46.425+0700] {subprocess.py:93} INFO - 25/10/29 03:15:46 INFO Utils: Fetching spark://dfeadd712fc3:46827/jars/org.apache.spark_spark-sql-kafka-0-10_2.12-3.5.1.jar to /tmp/spark-4292e82d-847c-4bd2-a8f7-570955a932db/userFiles-a3c9892a-80e1-49c3-9970-039f10cdef5c/fetchFileTemp8857441421240608387.tmp
[2025-10-29T03:15:46.427+0700] {subprocess.py:93} INFO - 25/10/29 03:15:46 INFO Utils: /tmp/spark-4292e82d-847c-4bd2-a8f7-570955a932db/userFiles-a3c9892a-80e1-49c3-9970-039f10cdef5c/fetchFileTemp8857441421240608387.tmp has been previously copied to /tmp/spark-4292e82d-847c-4bd2-a8f7-570955a932db/userFiles-a3c9892a-80e1-49c3-9970-039f10cdef5c/org.apache.spark_spark-sql-kafka-0-10_2.12-3.5.1.jar
[2025-10-29T03:15:46.432+0700] {subprocess.py:93} INFO - 25/10/29 03:15:46 INFO Executor: Adding file:/tmp/spark-4292e82d-847c-4bd2-a8f7-570955a932db/userFiles-a3c9892a-80e1-49c3-9970-039f10cdef5c/org.apache.spark_spark-sql-kafka-0-10_2.12-3.5.1.jar to class loader default
[2025-10-29T03:15:46.432+0700] {subprocess.py:93} INFO - 25/10/29 03:15:46 INFO Executor: Fetching spark://dfeadd712fc3:46827/jars/org.apache.kafka_kafka-clients-3.4.1.jar with timestamp 1761682545389
[2025-10-29T03:15:46.433+0700] {subprocess.py:93} INFO - 25/10/29 03:15:46 INFO Utils: Fetching spark://dfeadd712fc3:46827/jars/org.apache.kafka_kafka-clients-3.4.1.jar to /tmp/spark-4292e82d-847c-4bd2-a8f7-570955a932db/userFiles-a3c9892a-80e1-49c3-9970-039f10cdef5c/fetchFileTemp4171607926470955536.tmp
[2025-10-29T03:15:46.452+0700] {subprocess.py:93} INFO - 25/10/29 03:15:46 INFO Utils: /tmp/spark-4292e82d-847c-4bd2-a8f7-570955a932db/userFiles-a3c9892a-80e1-49c3-9970-039f10cdef5c/fetchFileTemp4171607926470955536.tmp has been previously copied to /tmp/spark-4292e82d-847c-4bd2-a8f7-570955a932db/userFiles-a3c9892a-80e1-49c3-9970-039f10cdef5c/org.apache.kafka_kafka-clients-3.4.1.jar
[2025-10-29T03:15:46.457+0700] {subprocess.py:93} INFO - 25/10/29 03:15:46 INFO Executor: Adding file:/tmp/spark-4292e82d-847c-4bd2-a8f7-570955a932db/userFiles-a3c9892a-80e1-49c3-9970-039f10cdef5c/org.apache.kafka_kafka-clients-3.4.1.jar to class loader default
[2025-10-29T03:15:46.457+0700] {subprocess.py:93} INFO - 25/10/29 03:15:46 INFO Executor: Fetching spark://dfeadd712fc3:46827/jars/commons-logging_commons-logging-1.1.3.jar with timestamp 1761682545389
[2025-10-29T03:15:46.457+0700] {subprocess.py:93} INFO - 25/10/29 03:15:46 INFO Utils: Fetching spark://dfeadd712fc3:46827/jars/commons-logging_commons-logging-1.1.3.jar to /tmp/spark-4292e82d-847c-4bd2-a8f7-570955a932db/userFiles-a3c9892a-80e1-49c3-9970-039f10cdef5c/fetchFileTemp4969488757959213711.tmp
[2025-10-29T03:15:46.458+0700] {subprocess.py:93} INFO - 25/10/29 03:15:46 INFO Utils: /tmp/spark-4292e82d-847c-4bd2-a8f7-570955a932db/userFiles-a3c9892a-80e1-49c3-9970-039f10cdef5c/fetchFileTemp4969488757959213711.tmp has been previously copied to /tmp/spark-4292e82d-847c-4bd2-a8f7-570955a932db/userFiles-a3c9892a-80e1-49c3-9970-039f10cdef5c/commons-logging_commons-logging-1.1.3.jar
[2025-10-29T03:15:46.462+0700] {subprocess.py:93} INFO - 25/10/29 03:15:46 INFO Executor: Adding file:/tmp/spark-4292e82d-847c-4bd2-a8f7-570955a932db/userFiles-a3c9892a-80e1-49c3-9970-039f10cdef5c/commons-logging_commons-logging-1.1.3.jar to class loader default
[2025-10-29T03:15:46.463+0700] {subprocess.py:93} INFO - 25/10/29 03:15:46 INFO Executor: Fetching spark://dfeadd712fc3:46827/jars/org.checkerframework_checker-qual-3.31.0.jar with timestamp 1761682545389
[2025-10-29T03:15:46.463+0700] {subprocess.py:93} INFO - 25/10/29 03:15:46 INFO Utils: Fetching spark://dfeadd712fc3:46827/jars/org.checkerframework_checker-qual-3.31.0.jar to /tmp/spark-4292e82d-847c-4bd2-a8f7-570955a932db/userFiles-a3c9892a-80e1-49c3-9970-039f10cdef5c/fetchFileTemp10531901308545630570.tmp
[2025-10-29T03:15:46.464+0700] {subprocess.py:93} INFO - 25/10/29 03:15:46 INFO Utils: /tmp/spark-4292e82d-847c-4bd2-a8f7-570955a932db/userFiles-a3c9892a-80e1-49c3-9970-039f10cdef5c/fetchFileTemp10531901308545630570.tmp has been previously copied to /tmp/spark-4292e82d-847c-4bd2-a8f7-570955a932db/userFiles-a3c9892a-80e1-49c3-9970-039f10cdef5c/org.checkerframework_checker-qual-3.31.0.jar
[2025-10-29T03:15:46.468+0700] {subprocess.py:93} INFO - 25/10/29 03:15:46 INFO Executor: Adding file:/tmp/spark-4292e82d-847c-4bd2-a8f7-570955a932db/userFiles-a3c9892a-80e1-49c3-9970-039f10cdef5c/org.checkerframework_checker-qual-3.31.0.jar to class loader default
[2025-10-29T03:15:46.468+0700] {subprocess.py:93} INFO - 25/10/29 03:15:46 INFO Executor: Fetching spark://dfeadd712fc3:46827/jars/org.apache.hadoop_hadoop-client-api-3.3.4.jar with timestamp 1761682545389
[2025-10-29T03:15:46.468+0700] {subprocess.py:93} INFO - 25/10/29 03:15:46 INFO Utils: Fetching spark://dfeadd712fc3:46827/jars/org.apache.hadoop_hadoop-client-api-3.3.4.jar to /tmp/spark-4292e82d-847c-4bd2-a8f7-570955a932db/userFiles-a3c9892a-80e1-49c3-9970-039f10cdef5c/fetchFileTemp15958618881278040294.tmp
[2025-10-29T03:15:46.554+0700] {subprocess.py:93} INFO - 25/10/29 03:15:46 INFO Utils: /tmp/spark-4292e82d-847c-4bd2-a8f7-570955a932db/userFiles-a3c9892a-80e1-49c3-9970-039f10cdef5c/fetchFileTemp15958618881278040294.tmp has been previously copied to /tmp/spark-4292e82d-847c-4bd2-a8f7-570955a932db/userFiles-a3c9892a-80e1-49c3-9970-039f10cdef5c/org.apache.hadoop_hadoop-client-api-3.3.4.jar
[2025-10-29T03:15:46.559+0700] {subprocess.py:93} INFO - 25/10/29 03:15:46 INFO Executor: Adding file:/tmp/spark-4292e82d-847c-4bd2-a8f7-570955a932db/userFiles-a3c9892a-80e1-49c3-9970-039f10cdef5c/org.apache.hadoop_hadoop-client-api-3.3.4.jar to class loader default
[2025-10-29T03:15:46.560+0700] {subprocess.py:93} INFO - 25/10/29 03:15:46 INFO Executor: Fetching spark://dfeadd712fc3:46827/jars/org.apache.commons_commons-pool2-2.11.1.jar with timestamp 1761682545389
[2025-10-29T03:15:46.560+0700] {subprocess.py:93} INFO - 25/10/29 03:15:46 INFO Utils: Fetching spark://dfeadd712fc3:46827/jars/org.apache.commons_commons-pool2-2.11.1.jar to /tmp/spark-4292e82d-847c-4bd2-a8f7-570955a932db/userFiles-a3c9892a-80e1-49c3-9970-039f10cdef5c/fetchFileTemp4287640078778175294.tmp
[2025-10-29T03:15:46.561+0700] {subprocess.py:93} INFO - 25/10/29 03:15:46 INFO Utils: /tmp/spark-4292e82d-847c-4bd2-a8f7-570955a932db/userFiles-a3c9892a-80e1-49c3-9970-039f10cdef5c/fetchFileTemp4287640078778175294.tmp has been previously copied to /tmp/spark-4292e82d-847c-4bd2-a8f7-570955a932db/userFiles-a3c9892a-80e1-49c3-9970-039f10cdef5c/org.apache.commons_commons-pool2-2.11.1.jar
[2025-10-29T03:15:46.564+0700] {subprocess.py:93} INFO - 25/10/29 03:15:46 INFO Executor: Adding file:/tmp/spark-4292e82d-847c-4bd2-a8f7-570955a932db/userFiles-a3c9892a-80e1-49c3-9970-039f10cdef5c/org.apache.commons_commons-pool2-2.11.1.jar to class loader default
[2025-10-29T03:15:46.565+0700] {subprocess.py:93} INFO - 25/10/29 03:15:46 INFO Executor: Fetching spark://dfeadd712fc3:46827/jars/org.xerial.snappy_snappy-java-1.1.10.3.jar with timestamp 1761682545389
[2025-10-29T03:15:46.565+0700] {subprocess.py:93} INFO - 25/10/29 03:15:46 INFO Utils: Fetching spark://dfeadd712fc3:46827/jars/org.xerial.snappy_snappy-java-1.1.10.3.jar to /tmp/spark-4292e82d-847c-4bd2-a8f7-570955a932db/userFiles-a3c9892a-80e1-49c3-9970-039f10cdef5c/fetchFileTemp2240686967354826734.tmp
[2025-10-29T03:15:46.569+0700] {subprocess.py:93} INFO - 25/10/29 03:15:46 INFO Utils: /tmp/spark-4292e82d-847c-4bd2-a8f7-570955a932db/userFiles-a3c9892a-80e1-49c3-9970-039f10cdef5c/fetchFileTemp2240686967354826734.tmp has been previously copied to /tmp/spark-4292e82d-847c-4bd2-a8f7-570955a932db/userFiles-a3c9892a-80e1-49c3-9970-039f10cdef5c/org.xerial.snappy_snappy-java-1.1.10.3.jar
[2025-10-29T03:15:46.575+0700] {subprocess.py:93} INFO - 25/10/29 03:15:46 INFO Executor: Adding file:/tmp/spark-4292e82d-847c-4bd2-a8f7-570955a932db/userFiles-a3c9892a-80e1-49c3-9970-039f10cdef5c/org.xerial.snappy_snappy-java-1.1.10.3.jar to class loader default
[2025-10-29T03:15:46.583+0700] {subprocess.py:93} INFO - 25/10/29 03:15:46 INFO Utils: Successfully started service 'org.apache.spark.network.netty.NettyBlockTransferService' on port 45625.
[2025-10-29T03:15:46.583+0700] {subprocess.py:93} INFO - 25/10/29 03:15:46 INFO NettyBlockTransferService: Server created on dfeadd712fc3:45625
[2025-10-29T03:15:46.584+0700] {subprocess.py:93} INFO - 25/10/29 03:15:46 INFO BlockManager: Using org.apache.spark.storage.RandomBlockReplicationPolicy for block replication policy
[2025-10-29T03:15:46.589+0700] {subprocess.py:93} INFO - 25/10/29 03:15:46 INFO BlockManagerMaster: Registering BlockManager BlockManagerId(driver, dfeadd712fc3, 45625, None)
[2025-10-29T03:15:46.591+0700] {subprocess.py:93} INFO - 25/10/29 03:15:46 INFO BlockManagerMasterEndpoint: Registering block manager dfeadd712fc3:45625 with 434.4 MiB RAM, BlockManagerId(driver, dfeadd712fc3, 45625, None)
[2025-10-29T03:15:46.592+0700] {subprocess.py:93} INFO - 25/10/29 03:15:46 INFO BlockManagerMaster: Registered BlockManager BlockManagerId(driver, dfeadd712fc3, 45625, None)
[2025-10-29T03:15:46.593+0700] {subprocess.py:93} INFO - 25/10/29 03:15:46 INFO BlockManager: Initialized BlockManager: BlockManagerId(driver, dfeadd712fc3, 45625, None)
[2025-10-29T03:15:48.920+0700] {subprocess.py:93} INFO - 25/10/29 03:15:48 WARN ResolveWriteToStream: spark.sql.adaptive.enabled is not supported in streaming DataFrames/Datasets and will be disabled.
[2025-10-29T03:15:49.079+0700] {subprocess.py:93} INFO - 🚀 Streaming job started — đang lắng nghe dữ liệu từ Kafka...
[2025-10-29T03:15:49.223+0700] {subprocess.py:93} INFO - 25/10/29 03:15:49 WARN AdminClientConfig: These configurations '[key.deserializer, value.deserializer, enable.auto.commit, max.poll.records, auto.offset.reset]' were supplied but are not used yet.
[2025-10-29T03:15:50.971+0700] {subprocess.py:93} INFO - [Batch 0] ⚠️ Không có dữ liệu mới.
[2025-10-29T03:15:52.503+0700] {subprocess.py:93} INFO - 25/10/29 03:15:52 WARN KafkaDataConsumer: KafkaDataConsumer is not running in UninterruptibleThread. It may hang when KafkaDataConsumer's methods are interrupted because of KAFKA-1894
[2025-10-29T03:15:53.154+0700] {subprocess.py:93} INFO - 25/10/29 03:15:53 WARN KafkaDataConsumer: KafkaDataConsumer is not running in UninterruptibleThread. It may hang when KafkaDataConsumer's methods are interrupted because of KAFKA-1894
[2025-10-29T03:15:55.743+0700] {subprocess.py:93} INFO - There was a problem when trying to write in your cache folder (/home/***/.cache/huggingface/hub). You should set the environment variable TRANSFORMERS_CACHE to a writable directory.
[2025-10-29T03:15:56.357+0700] {subprocess.py:93} INFO - 25/10/29 03:15:56 ERROR Executor: Exception in task 0.0 in stage 2.0 (TID 1)
[2025-10-29T03:15:56.358+0700] {subprocess.py:93} INFO - org.apache.spark.api.python.PythonException: Traceback (most recent call last):
[2025-10-29T03:15:56.358+0700] {subprocess.py:93} INFO -   File "/opt/***/projects/absa_streaming/scripts/consumer_postgres_streaming.py", line 73, in absa_infer_udf
[2025-10-29T03:15:56.358+0700] {subprocess.py:93} INFO -     _tokenizer = AutoTokenizer.from_pretrained(MODEL_NAME, use_fast=True)
[2025-10-29T03:15:56.358+0700] {subprocess.py:93} INFO -                  ^^^^^^^^^^^^^^^^^^^^^^^^^^^^^^^^^^^^^^^^^^^^^^^^^^^^^^^^
[2025-10-29T03:15:56.358+0700] {subprocess.py:93} INFO -   File "/home/***/.local/lib/python3.12/site-packages/transformers/models/auto/tokenization_auto.py", line 817, in from_pretrained
[2025-10-29T03:15:56.358+0700] {subprocess.py:93} INFO -     tokenizer_config = get_tokenizer_config(pretrained_model_name_or_path, **kwargs)
[2025-10-29T03:15:56.358+0700] {subprocess.py:93} INFO -                        ^^^^^^^^^^^^^^^^^^^^^^^^^^^^^^^^^^^^^^^^^^^^^^^^^^^^^^^^^^^^^
[2025-10-29T03:15:56.358+0700] {subprocess.py:93} INFO -   File "/home/***/.local/lib/python3.12/site-packages/transformers/models/auto/tokenization_auto.py", line 649, in get_tokenizer_config
[2025-10-29T03:15:56.358+0700] {subprocess.py:93} INFO -     resolved_config_file = cached_file(
[2025-10-29T03:15:56.359+0700] {subprocess.py:93} INFO -                            ^^^^^^^^^^^^
[2025-10-29T03:15:56.359+0700] {subprocess.py:93} INFO -   File "/home/***/.local/lib/python3.12/site-packages/transformers/utils/hub.py", line 462, in cached_file
[2025-10-29T03:15:56.359+0700] {subprocess.py:93} INFO -     except HFValidationError as e:
[2025-10-29T03:15:56.359+0700] {subprocess.py:93} INFO -   File "/home/***/.local/lib/python3.12/site-packages/huggingface_hub/utils/_validators.py", line 114, in _inner_fn
[2025-10-29T03:15:56.359+0700] {subprocess.py:93} INFO -     return fn(*args, **kwargs)
[2025-10-29T03:15:56.359+0700] {subprocess.py:93} INFO -            ^^^^^^^^^^^^^^^^^^^
[2025-10-29T03:15:56.359+0700] {subprocess.py:93} INFO -   File "/home/***/.local/lib/python3.12/site-packages/huggingface_hub/file_download.py", line 1007, in hf_hub_download
[2025-10-29T03:15:56.359+0700] {subprocess.py:93} INFO -     return _hf_hub_download_to_cache_dir(
[2025-10-29T03:15:56.360+0700] {subprocess.py:93} INFO -            ^^^^^^^^^^^^^^^^^^^^^^^^^^^^^^
[2025-10-29T03:15:56.360+0700] {subprocess.py:93} INFO -   File "/home/***/.local/lib/python3.12/site-packages/huggingface_hub/file_download.py", line 1124, in _hf_hub_download_to_cache_dir
[2025-10-29T03:15:56.360+0700] {subprocess.py:93} INFO -     os.makedirs(os.path.dirname(blob_path), exist_ok=True)
[2025-10-29T03:15:56.360+0700] {subprocess.py:93} INFO -   File "<frozen os>", line 216, in makedirs
[2025-10-29T03:15:56.360+0700] {subprocess.py:93} INFO -   File "<frozen os>", line 216, in makedirs
[2025-10-29T03:15:56.361+0700] {subprocess.py:93} INFO -   File "<frozen os>", line 216, in makedirs
[2025-10-29T03:15:56.361+0700] {subprocess.py:93} INFO -   File "<frozen os>", line 230, in makedirs
[2025-10-29T03:15:56.361+0700] {subprocess.py:93} INFO - PermissionError: [Errno 13] Permission denied: '/home/***/.cache/huggingface'
[2025-10-29T03:15:56.361+0700] {subprocess.py:93} INFO - 
[2025-10-29T03:15:56.361+0700] {subprocess.py:93} INFO - 	at org.apache.spark.api.python.BasePythonRunner$ReaderIterator.handlePythonException(PythonRunner.scala:572)
[2025-10-29T03:15:56.361+0700] {subprocess.py:93} INFO - 	at org.apache.spark.sql.execution.python.PythonArrowOutput$$anon$1.read(PythonArrowOutput.scala:118)
[2025-10-29T03:15:56.362+0700] {subprocess.py:93} INFO - 	at org.apache.spark.api.python.BasePythonRunner$ReaderIterator.hasNext(PythonRunner.scala:525)
[2025-10-29T03:15:56.362+0700] {subprocess.py:93} INFO - 	at org.apache.spark.InterruptibleIterator.hasNext(InterruptibleIterator.scala:37)
[2025-10-29T03:15:56.362+0700] {subprocess.py:93} INFO - 	at scala.collection.Iterator$$anon$11.hasNext(Iterator.scala:491)
[2025-10-29T03:15:56.362+0700] {subprocess.py:93} INFO - 	at scala.collection.Iterator$$anon$10.hasNext(Iterator.scala:460)
[2025-10-29T03:15:56.362+0700] {subprocess.py:93} INFO - 	at scala.collection.Iterator$$anon$10.hasNext(Iterator.scala:460)
[2025-10-29T03:15:56.362+0700] {subprocess.py:93} INFO - 	at org.apache.spark.sql.catalyst.expressions.GeneratedClass$GeneratedIteratorForCodegenStage1.hashAgg_doAggregateWithoutKey_0$(Unknown Source)
[2025-10-29T03:15:56.363+0700] {subprocess.py:93} INFO - 	at org.apache.spark.sql.catalyst.expressions.GeneratedClass$GeneratedIteratorForCodegenStage1.processNext(Unknown Source)
[2025-10-29T03:15:56.363+0700] {subprocess.py:93} INFO - 	at org.apache.spark.sql.execution.BufferedRowIterator.hasNext(BufferedRowIterator.java:43)
[2025-10-29T03:15:56.363+0700] {subprocess.py:93} INFO - 	at org.apache.spark.sql.execution.WholeStageCodegenEvaluatorFactory$WholeStageCodegenPartitionEvaluator$$anon$1.hasNext(WholeStageCodegenEvaluatorFactory.scala:43)
[2025-10-29T03:15:56.363+0700] {subprocess.py:93} INFO - 	at scala.collection.Iterator$$anon$10.hasNext(Iterator.scala:460)
[2025-10-29T03:15:56.363+0700] {subprocess.py:93} INFO - 	at org.apache.spark.shuffle.sort.BypassMergeSortShuffleWriter.write(BypassMergeSortShuffleWriter.java:140)
[2025-10-29T03:15:56.363+0700] {subprocess.py:93} INFO - 	at org.apache.spark.shuffle.ShuffleWriteProcessor.write(ShuffleWriteProcessor.scala:59)
[2025-10-29T03:15:56.364+0700] {subprocess.py:93} INFO - 	at org.apache.spark.scheduler.ShuffleMapTask.runTask(ShuffleMapTask.scala:104)
[2025-10-29T03:15:56.364+0700] {subprocess.py:93} INFO - 	at org.apache.spark.scheduler.ShuffleMapTask.runTask(ShuffleMapTask.scala:54)
[2025-10-29T03:15:56.364+0700] {subprocess.py:93} INFO - 	at org.apache.spark.TaskContext.runTaskWithListeners(TaskContext.scala:166)
[2025-10-29T03:15:56.364+0700] {subprocess.py:93} INFO - 	at org.apache.spark.scheduler.Task.run(Task.scala:141)
[2025-10-29T03:15:56.364+0700] {subprocess.py:93} INFO - 	at org.apache.spark.executor.Executor$TaskRunner.$anonfun$run$4(Executor.scala:620)
[2025-10-29T03:15:56.365+0700] {subprocess.py:93} INFO - 	at org.apache.spark.util.SparkErrorUtils.tryWithSafeFinally(SparkErrorUtils.scala:64)
[2025-10-29T03:15:56.365+0700] {subprocess.py:93} INFO - 	at org.apache.spark.util.SparkErrorUtils.tryWithSafeFinally$(SparkErrorUtils.scala:61)
[2025-10-29T03:15:56.365+0700] {subprocess.py:93} INFO - 	at org.apache.spark.util.Utils$.tryWithSafeFinally(Utils.scala:94)
[2025-10-29T03:15:56.365+0700] {subprocess.py:93} INFO - 	at org.apache.spark.executor.Executor$TaskRunner.run(Executor.scala:623)
[2025-10-29T03:15:56.365+0700] {subprocess.py:93} INFO - 	at java.base/java.util.concurrent.ThreadPoolExecutor.runWorker(ThreadPoolExecutor.java:1136)
[2025-10-29T03:15:56.366+0700] {subprocess.py:93} INFO - 	at java.base/java.util.concurrent.ThreadPoolExecutor$Worker.run(ThreadPoolExecutor.java:635)
[2025-10-29T03:15:56.366+0700] {subprocess.py:93} INFO - 	at java.base/java.lang.Thread.run(Thread.java:840)
[2025-10-29T03:15:56.366+0700] {subprocess.py:93} INFO - 25/10/29 03:15:56 WARN TaskSetManager: Lost task 0.0 in stage 2.0 (TID 1) (dfeadd712fc3 executor driver): org.apache.spark.api.python.PythonException: Traceback (most recent call last):
[2025-10-29T03:15:56.366+0700] {subprocess.py:93} INFO -   File "/opt/***/projects/absa_streaming/scripts/consumer_postgres_streaming.py", line 73, in absa_infer_udf
[2025-10-29T03:15:56.367+0700] {subprocess.py:93} INFO -     _tokenizer = AutoTokenizer.from_pretrained(MODEL_NAME, use_fast=True)
[2025-10-29T03:15:56.367+0700] {subprocess.py:93} INFO -                  ^^^^^^^^^^^^^^^^^^^^^^^^^^^^^^^^^^^^^^^^^^^^^^^^^^^^^^^^
[2025-10-29T03:15:56.367+0700] {subprocess.py:93} INFO -   File "/home/***/.local/lib/python3.12/site-packages/transformers/models/auto/tokenization_auto.py", line 817, in from_pretrained
[2025-10-29T03:15:56.367+0700] {subprocess.py:93} INFO -     tokenizer_config = get_tokenizer_config(pretrained_model_name_or_path, **kwargs)
[2025-10-29T03:15:56.368+0700] {subprocess.py:93} INFO -                        ^^^^^^^^^^^^^^^^^^^^^^^^^^^^^^^^^^^^^^^^^^^^^^^^^^^^^^^^^^^^^
[2025-10-29T03:15:56.368+0700] {subprocess.py:93} INFO -   File "/home/***/.local/lib/python3.12/site-packages/transformers/models/auto/tokenization_auto.py", line 649, in get_tokenizer_config
[2025-10-29T03:15:56.368+0700] {subprocess.py:93} INFO -     resolved_config_file = cached_file(
[2025-10-29T03:15:56.368+0700] {subprocess.py:93} INFO -                            ^^^^^^^^^^^^
[2025-10-29T03:15:56.368+0700] {subprocess.py:93} INFO -   File "/home/***/.local/lib/python3.12/site-packages/transformers/utils/hub.py", line 462, in cached_file
[2025-10-29T03:15:56.369+0700] {subprocess.py:93} INFO -     except HFValidationError as e:
[2025-10-29T03:15:56.369+0700] {subprocess.py:93} INFO -   File "/home/***/.local/lib/python3.12/site-packages/huggingface_hub/utils/_validators.py", line 114, in _inner_fn
[2025-10-29T03:15:56.369+0700] {subprocess.py:93} INFO -     return fn(*args, **kwargs)
[2025-10-29T03:15:56.369+0700] {subprocess.py:93} INFO -            ^^^^^^^^^^^^^^^^^^^
[2025-10-29T03:15:56.369+0700] {subprocess.py:93} INFO -   File "/home/***/.local/lib/python3.12/site-packages/huggingface_hub/file_download.py", line 1007, in hf_hub_download
[2025-10-29T03:15:56.370+0700] {subprocess.py:93} INFO -     return _hf_hub_download_to_cache_dir(
[2025-10-29T03:15:56.370+0700] {subprocess.py:93} INFO -            ^^^^^^^^^^^^^^^^^^^^^^^^^^^^^^
[2025-10-29T03:15:56.370+0700] {subprocess.py:93} INFO -   File "/home/***/.local/lib/python3.12/site-packages/huggingface_hub/file_download.py", line 1124, in _hf_hub_download_to_cache_dir
[2025-10-29T03:15:56.370+0700] {subprocess.py:93} INFO -     os.makedirs(os.path.dirname(blob_path), exist_ok=True)
[2025-10-29T03:15:56.370+0700] {subprocess.py:93} INFO -   File "<frozen os>", line 216, in makedirs
[2025-10-29T03:15:56.370+0700] {subprocess.py:93} INFO -   File "<frozen os>", line 216, in makedirs
[2025-10-29T03:15:56.371+0700] {subprocess.py:93} INFO -   File "<frozen os>", line 216, in makedirs
[2025-10-29T03:15:56.371+0700] {subprocess.py:93} INFO -   File "<frozen os>", line 230, in makedirs
[2025-10-29T03:15:56.371+0700] {subprocess.py:93} INFO - PermissionError: [Errno 13] Permission denied: '/home/***/.cache/huggingface'
[2025-10-29T03:15:56.371+0700] {subprocess.py:93} INFO - 
[2025-10-29T03:15:56.372+0700] {subprocess.py:93} INFO - 	at org.apache.spark.api.python.BasePythonRunner$ReaderIterator.handlePythonException(PythonRunner.scala:572)
[2025-10-29T03:15:56.372+0700] {subprocess.py:93} INFO - 	at org.apache.spark.sql.execution.python.PythonArrowOutput$$anon$1.read(PythonArrowOutput.scala:118)
[2025-10-29T03:15:56.372+0700] {subprocess.py:93} INFO - 	at org.apache.spark.api.python.BasePythonRunner$ReaderIterator.hasNext(PythonRunner.scala:525)
[2025-10-29T03:15:56.372+0700] {subprocess.py:93} INFO - 	at org.apache.spark.InterruptibleIterator.hasNext(InterruptibleIterator.scala:37)
[2025-10-29T03:15:56.372+0700] {subprocess.py:93} INFO - 	at scala.collection.Iterator$$anon$11.hasNext(Iterator.scala:491)
[2025-10-29T03:15:56.372+0700] {subprocess.py:93} INFO - 	at scala.collection.Iterator$$anon$10.hasNext(Iterator.scala:460)
[2025-10-29T03:15:56.373+0700] {subprocess.py:93} INFO - 	at scala.collection.Iterator$$anon$10.hasNext(Iterator.scala:460)
[2025-10-29T03:15:56.373+0700] {subprocess.py:93} INFO - 	at org.apache.spark.sql.catalyst.expressions.GeneratedClass$GeneratedIteratorForCodegenStage1.hashAgg_doAggregateWithoutKey_0$(Unknown Source)
[2025-10-29T03:15:56.373+0700] {subprocess.py:93} INFO - 	at org.apache.spark.sql.catalyst.expressions.GeneratedClass$GeneratedIteratorForCodegenStage1.processNext(Unknown Source)
[2025-10-29T03:15:56.373+0700] {subprocess.py:93} INFO - 	at org.apache.spark.sql.execution.BufferedRowIterator.hasNext(BufferedRowIterator.java:43)
[2025-10-29T03:15:56.373+0700] {subprocess.py:93} INFO - 	at org.apache.spark.sql.execution.WholeStageCodegenEvaluatorFactory$WholeStageCodegenPartitionEvaluator$$anon$1.hasNext(WholeStageCodegenEvaluatorFactory.scala:43)
[2025-10-29T03:15:56.373+0700] {subprocess.py:93} INFO - 	at scala.collection.Iterator$$anon$10.hasNext(Iterator.scala:460)
[2025-10-29T03:15:56.374+0700] {subprocess.py:93} INFO - 	at org.apache.spark.shuffle.sort.BypassMergeSortShuffleWriter.write(BypassMergeSortShuffleWriter.java:140)
[2025-10-29T03:15:56.374+0700] {subprocess.py:93} INFO - 	at org.apache.spark.shuffle.ShuffleWriteProcessor.write(ShuffleWriteProcessor.scala:59)
[2025-10-29T03:15:56.374+0700] {subprocess.py:93} INFO - 	at org.apache.spark.scheduler.ShuffleMapTask.runTask(ShuffleMapTask.scala:104)
[2025-10-29T03:15:56.374+0700] {subprocess.py:93} INFO - 	at org.apache.spark.scheduler.ShuffleMapTask.runTask(ShuffleMapTask.scala:54)
[2025-10-29T03:15:56.374+0700] {subprocess.py:93} INFO - 	at org.apache.spark.TaskContext.runTaskWithListeners(TaskContext.scala:166)
[2025-10-29T03:15:56.374+0700] {subprocess.py:93} INFO - 	at org.apache.spark.scheduler.Task.run(Task.scala:141)
[2025-10-29T03:15:56.374+0700] {subprocess.py:93} INFO - 	at org.apache.spark.executor.Executor$TaskRunner.$anonfun$run$4(Executor.scala:620)
[2025-10-29T03:15:56.374+0700] {subprocess.py:93} INFO - 	at org.apache.spark.util.SparkErrorUtils.tryWithSafeFinally(SparkErrorUtils.scala:64)
[2025-10-29T03:15:56.374+0700] {subprocess.py:93} INFO - 	at org.apache.spark.util.SparkErrorUtils.tryWithSafeFinally$(SparkErrorUtils.scala:61)
[2025-10-29T03:15:56.374+0700] {subprocess.py:93} INFO - 	at org.apache.spark.util.Utils$.tryWithSafeFinally(Utils.scala:94)
[2025-10-29T03:15:56.375+0700] {subprocess.py:93} INFO - 	at org.apache.spark.executor.Executor$TaskRunner.run(Executor.scala:623)
[2025-10-29T03:15:56.375+0700] {subprocess.py:93} INFO - 	at java.base/java.util.concurrent.ThreadPoolExecutor.runWorker(ThreadPoolExecutor.java:1136)
[2025-10-29T03:15:56.375+0700] {subprocess.py:93} INFO - 	at java.base/java.util.concurrent.ThreadPoolExecutor$Worker.run(ThreadPoolExecutor.java:635)
[2025-10-29T03:15:56.375+0700] {subprocess.py:93} INFO - 	at java.base/java.lang.Thread.run(Thread.java:840)
[2025-10-29T03:15:56.375+0700] {subprocess.py:93} INFO - 
[2025-10-29T03:15:56.375+0700] {subprocess.py:93} INFO - 25/10/29 03:15:56 ERROR TaskSetManager: Task 0 in stage 2.0 failed 1 times; aborting job
[2025-10-29T03:15:56.438+0700] {subprocess.py:93} INFO - 25/10/29 03:15:56 ERROR MicroBatchExecution: Query [id = bb5964e9-6e56-46f5-b968-2174f7f833c9, runId = 79b92ce9-623d-4b06-9db6-b127169dcb93] terminated with error
[2025-10-29T03:15:56.439+0700] {subprocess.py:93} INFO - py4j.Py4JException: An exception was raised by the Python Proxy. Return Message: Traceback (most recent call last):
[2025-10-29T03:15:56.439+0700] {subprocess.py:93} INFO -   File "/home/***/.local/lib/python3.12/site-packages/pyspark/python/lib/py4j-0.10.9.7-src.zip/py4j/clientserver.py", line 617, in _call_proxy
[2025-10-29T03:15:56.439+0700] {subprocess.py:93} INFO -     return_value = getattr(self.pool[obj_id], method)(*params)
[2025-10-29T03:15:56.439+0700] {subprocess.py:93} INFO -                    ^^^^^^^^^^^^^^^^^^^^^^^^^^^^^^^^^^^^^^^^^^^
[2025-10-29T03:15:56.440+0700] {subprocess.py:93} INFO -   File "/home/***/.local/lib/python3.12/site-packages/pyspark/python/lib/pyspark.zip/pyspark/sql/utils.py", line 120, in call
[2025-10-29T03:15:56.440+0700] {subprocess.py:93} INFO -     raise e
[2025-10-29T03:15:56.440+0700] {subprocess.py:93} INFO -   File "/home/***/.local/lib/python3.12/site-packages/pyspark/python/lib/pyspark.zip/pyspark/sql/utils.py", line 117, in call
[2025-10-29T03:15:56.440+0700] {subprocess.py:93} INFO -     self.func(DataFrame(jdf, wrapped_session_jdf), batch_id)
[2025-10-29T03:15:56.440+0700] {subprocess.py:93} INFO -   File "/opt/***/projects/absa_streaming/scripts/consumer_postgres_streaming.py", line 125, in write_to_postgres
[2025-10-29T03:15:56.440+0700] {subprocess.py:93} INFO -     total_rows = batch_df.count()
[2025-10-29T03:15:56.441+0700] {subprocess.py:93} INFO -                  ^^^^^^^^^^^^^^^^
[2025-10-29T03:15:56.441+0700] {subprocess.py:93} INFO -   File "/home/***/.local/lib/python3.12/site-packages/pyspark/python/lib/pyspark.zip/pyspark/sql/dataframe.py", line 1238, in count
[2025-10-29T03:15:56.441+0700] {subprocess.py:93} INFO -     return int(self._jdf.count())
[2025-10-29T03:15:56.441+0700] {subprocess.py:93} INFO -                ^^^^^^^^^^^^^^^^^
[2025-10-29T03:15:56.441+0700] {subprocess.py:93} INFO -   File "/home/***/.local/lib/python3.12/site-packages/pyspark/python/lib/py4j-0.10.9.7-src.zip/py4j/java_gateway.py", line 1322, in __call__
[2025-10-29T03:15:56.441+0700] {subprocess.py:93} INFO -     return_value = get_return_value(
[2025-10-29T03:15:56.441+0700] {subprocess.py:93} INFO -                    ^^^^^^^^^^^^^^^^^
[2025-10-29T03:15:56.442+0700] {subprocess.py:93} INFO -   File "/home/***/.local/lib/python3.12/site-packages/pyspark/python/lib/pyspark.zip/pyspark/errors/exceptions/captured.py", line 185, in deco
[2025-10-29T03:15:56.442+0700] {subprocess.py:93} INFO -     raise converted from None
[2025-10-29T03:15:56.442+0700] {subprocess.py:93} INFO - pyspark.errors.exceptions.captured.PythonException:
[2025-10-29T03:15:56.442+0700] {subprocess.py:93} INFO -   An exception was thrown from the Python worker. Please see the stack trace below.
[2025-10-29T03:15:56.442+0700] {subprocess.py:93} INFO - Traceback (most recent call last):
[2025-10-29T03:15:56.442+0700] {subprocess.py:93} INFO -   File "/opt/***/projects/absa_streaming/scripts/consumer_postgres_streaming.py", line 73, in absa_infer_udf
[2025-10-29T03:15:56.442+0700] {subprocess.py:93} INFO -     _tokenizer = AutoTokenizer.from_pretrained(MODEL_NAME, use_fast=True)
[2025-10-29T03:15:56.442+0700] {subprocess.py:93} INFO -                  ^^^^^^^^^^^^^^^^^^^^^^^^^^^^^^^^^^^^^^^^^^^^^^^^^^^^^^^^
[2025-10-29T03:15:56.442+0700] {subprocess.py:93} INFO -   File "/home/***/.local/lib/python3.12/site-packages/transformers/models/auto/tokenization_auto.py", line 817, in from_pretrained
[2025-10-29T03:15:56.442+0700] {subprocess.py:93} INFO -     tokenizer_config = get_tokenizer_config(pretrained_model_name_or_path, **kwargs)
[2025-10-29T03:15:56.443+0700] {subprocess.py:93} INFO -                        ^^^^^^^^^^^^^^^^^^^^^^^^^^^^^^^^^^^^^^^^^^^^^^^^^^^^^^^^^^^^^
[2025-10-29T03:15:56.443+0700] {subprocess.py:93} INFO -   File "/home/***/.local/lib/python3.12/site-packages/transformers/models/auto/tokenization_auto.py", line 649, in get_tokenizer_config
[2025-10-29T03:15:56.443+0700] {subprocess.py:93} INFO -     resolved_config_file = cached_file(
[2025-10-29T03:15:56.443+0700] {subprocess.py:93} INFO -                            ^^^^^^^^^^^^
[2025-10-29T03:15:56.443+0700] {subprocess.py:93} INFO -   File "/home/***/.local/lib/python3.12/site-packages/transformers/utils/hub.py", line 462, in cached_file
[2025-10-29T03:15:56.443+0700] {subprocess.py:93} INFO -     except HFValidationError as e:
[2025-10-29T03:15:56.443+0700] {subprocess.py:93} INFO -   File "/home/***/.local/lib/python3.12/site-packages/huggingface_hub/utils/_validators.py", line 114, in _inner_fn
[2025-10-29T03:15:56.443+0700] {subprocess.py:93} INFO -     return fn(*args, **kwargs)
[2025-10-29T03:15:56.443+0700] {subprocess.py:93} INFO -            ^^^^^^^^^^^^^^^^^^^
[2025-10-29T03:15:56.443+0700] {subprocess.py:93} INFO -   File "/home/***/.local/lib/python3.12/site-packages/huggingface_hub/file_download.py", line 1007, in hf_hub_download
[2025-10-29T03:15:56.443+0700] {subprocess.py:93} INFO -     return _hf_hub_download_to_cache_dir(
[2025-10-29T03:15:56.444+0700] {subprocess.py:93} INFO -            ^^^^^^^^^^^^^^^^^^^^^^^^^^^^^^
[2025-10-29T03:15:56.444+0700] {subprocess.py:93} INFO -   File "/home/***/.local/lib/python3.12/site-packages/huggingface_hub/file_download.py", line 1124, in _hf_hub_download_to_cache_dir
[2025-10-29T03:15:56.444+0700] {subprocess.py:93} INFO -     os.makedirs(os.path.dirname(blob_path), exist_ok=True)
[2025-10-29T03:15:56.444+0700] {subprocess.py:93} INFO -   File "<frozen os>", line 216, in makedirs
[2025-10-29T03:15:56.444+0700] {subprocess.py:93} INFO -   File "<frozen os>", line 216, in makedirs
[2025-10-29T03:15:56.444+0700] {subprocess.py:93} INFO -   File "<frozen os>", line 216, in makedirs
[2025-10-29T03:15:56.444+0700] {subprocess.py:93} INFO -   File "<frozen os>", line 230, in makedirs
[2025-10-29T03:15:56.444+0700] {subprocess.py:93} INFO - PermissionError: [Errno 13] Permission denied: '/home/***/.cache/huggingface'
[2025-10-29T03:15:56.444+0700] {subprocess.py:93} INFO - 
[2025-10-29T03:15:56.444+0700] {subprocess.py:93} INFO - 
[2025-10-29T03:15:56.445+0700] {subprocess.py:93} INFO - 	at py4j.Protocol.getReturnValue(Protocol.java:476)
[2025-10-29T03:15:56.445+0700] {subprocess.py:93} INFO - 	at py4j.reflection.PythonProxyHandler.invoke(PythonProxyHandler.java:108)
[2025-10-29T03:15:56.445+0700] {subprocess.py:93} INFO - 	at jdk.proxy3/jdk.proxy3.$Proxy32.call(Unknown Source)
[2025-10-29T03:15:56.445+0700] {subprocess.py:93} INFO - 	at org.apache.spark.sql.execution.streaming.sources.PythonForeachBatchHelper$.$anonfun$callForeachBatch$1(ForeachBatchSink.scala:53)
[2025-10-29T03:15:56.445+0700] {subprocess.py:93} INFO - 	at org.apache.spark.sql.execution.streaming.sources.PythonForeachBatchHelper$.$anonfun$callForeachBatch$1$adapted(ForeachBatchSink.scala:53)
[2025-10-29T03:15:56.445+0700] {subprocess.py:93} INFO - 	at org.apache.spark.sql.execution.streaming.sources.ForeachBatchSink.addBatch(ForeachBatchSink.scala:34)
[2025-10-29T03:15:56.445+0700] {subprocess.py:93} INFO - 	at org.apache.spark.sql.execution.streaming.MicroBatchExecution.$anonfun$runBatch$17(MicroBatchExecution.scala:732)
[2025-10-29T03:15:56.445+0700] {subprocess.py:93} INFO - 	at org.apache.spark.sql.execution.SQLExecution$.$anonfun$withNewExecutionId$6(SQLExecution.scala:125)
[2025-10-29T03:15:56.445+0700] {subprocess.py:93} INFO - 	at org.apache.spark.sql.execution.SQLExecution$.withSQLConfPropagated(SQLExecution.scala:201)
[2025-10-29T03:15:56.446+0700] {subprocess.py:93} INFO - 	at org.apache.spark.sql.execution.SQLExecution$.$anonfun$withNewExecutionId$1(SQLExecution.scala:108)
[2025-10-29T03:15:56.446+0700] {subprocess.py:93} INFO - 	at org.apache.spark.sql.SparkSession.withActive(SparkSession.scala:900)
[2025-10-29T03:15:56.446+0700] {subprocess.py:93} INFO - 	at org.apache.spark.sql.execution.SQLExecution$.withNewExecutionId(SQLExecution.scala:66)
[2025-10-29T03:15:56.446+0700] {subprocess.py:93} INFO - 	at org.apache.spark.sql.execution.streaming.MicroBatchExecution.$anonfun$runBatch$16(MicroBatchExecution.scala:729)
[2025-10-29T03:15:56.446+0700] {subprocess.py:93} INFO - 	at org.apache.spark.sql.execution.streaming.ProgressReporter.reportTimeTaken(ProgressReporter.scala:427)
[2025-10-29T03:15:56.446+0700] {subprocess.py:93} INFO - 	at org.apache.spark.sql.execution.streaming.ProgressReporter.reportTimeTaken$(ProgressReporter.scala:425)
[2025-10-29T03:15:56.446+0700] {subprocess.py:93} INFO - 	at org.apache.spark.sql.execution.streaming.StreamExecution.reportTimeTaken(StreamExecution.scala:67)
[2025-10-29T03:15:56.446+0700] {subprocess.py:93} INFO - 	at org.apache.spark.sql.execution.streaming.MicroBatchExecution.runBatch(MicroBatchExecution.scala:729)
[2025-10-29T03:15:56.447+0700] {subprocess.py:93} INFO - 	at org.apache.spark.sql.execution.streaming.MicroBatchExecution.$anonfun$runActivatedStream$2(MicroBatchExecution.scala:286)
[2025-10-29T03:15:56.447+0700] {subprocess.py:93} INFO - 	at scala.runtime.java8.JFunction0$mcV$sp.apply(JFunction0$mcV$sp.java:23)
[2025-10-29T03:15:56.447+0700] {subprocess.py:93} INFO - 	at org.apache.spark.sql.execution.streaming.ProgressReporter.reportTimeTaken(ProgressReporter.scala:427)
[2025-10-29T03:15:56.447+0700] {subprocess.py:93} INFO - 	at org.apache.spark.sql.execution.streaming.ProgressReporter.reportTimeTaken$(ProgressReporter.scala:425)
[2025-10-29T03:15:56.447+0700] {subprocess.py:93} INFO - 	at org.apache.spark.sql.execution.streaming.StreamExecution.reportTimeTaken(StreamExecution.scala:67)
[2025-10-29T03:15:56.447+0700] {subprocess.py:93} INFO - 	at org.apache.spark.sql.execution.streaming.MicroBatchExecution.$anonfun$runActivatedStream$1(MicroBatchExecution.scala:249)
[2025-10-29T03:15:56.447+0700] {subprocess.py:93} INFO - 	at org.apache.spark.sql.execution.streaming.ProcessingTimeExecutor.execute(TriggerExecutor.scala:67)
[2025-10-29T03:15:56.447+0700] {subprocess.py:93} INFO - 	at org.apache.spark.sql.execution.streaming.MicroBatchExecution.runActivatedStream(MicroBatchExecution.scala:239)
[2025-10-29T03:15:56.447+0700] {subprocess.py:93} INFO - 	at org.apache.spark.sql.execution.streaming.StreamExecution.$anonfun$runStream$1(StreamExecution.scala:311)
[2025-10-29T03:15:56.448+0700] {subprocess.py:93} INFO - 	at scala.runtime.java8.JFunction0$mcV$sp.apply(JFunction0$mcV$sp.java:23)
[2025-10-29T03:15:56.448+0700] {subprocess.py:93} INFO - 	at org.apache.spark.sql.SparkSession.withActive(SparkSession.scala:900)
[2025-10-29T03:15:56.448+0700] {subprocess.py:93} INFO - 	at org.apache.spark.sql.execution.streaming.StreamExecution.org$apache$spark$sql$execution$streaming$StreamExecution$$runStream(StreamExecution.scala:289)
[2025-10-29T03:15:56.448+0700] {subprocess.py:93} INFO - 	at org.apache.spark.sql.execution.streaming.StreamExecution$$anon$1.$anonfun$run$1(StreamExecution.scala:211)
[2025-10-29T03:15:56.448+0700] {subprocess.py:93} INFO - 	at scala.runtime.java8.JFunction0$mcV$sp.apply(JFunction0$mcV$sp.java:23)
[2025-10-29T03:15:56.448+0700] {subprocess.py:93} INFO - 	at org.apache.spark.JobArtifactSet$.withActiveJobArtifactState(JobArtifactSet.scala:94)
[2025-10-29T03:15:56.448+0700] {subprocess.py:93} INFO - 	at org.apache.spark.sql.execution.streaming.StreamExecution$$anon$1.run(StreamExecution.scala:211)
[2025-10-29T03:15:56.500+0700] {subprocess.py:93} INFO - Traceback (most recent call last):
[2025-10-29T03:15:56.501+0700] {subprocess.py:93} INFO -   File "/opt/***/projects/absa_streaming/scripts/consumer_postgres_streaming.py", line 175, in <module>
[2025-10-29T03:15:56.501+0700] {subprocess.py:93} INFO -     query.awaitTermination()
[2025-10-29T03:15:56.501+0700] {subprocess.py:93} INFO -   File "/home/***/.local/lib/python3.12/site-packages/pyspark/python/lib/pyspark.zip/pyspark/sql/streaming/query.py", line 221, in awaitTermination
[2025-10-29T03:15:56.501+0700] {subprocess.py:93} INFO -   File "/home/***/.local/lib/python3.12/site-packages/pyspark/python/lib/py4j-0.10.9.7-src.zip/py4j/java_gateway.py", line 1322, in __call__
[2025-10-29T03:15:56.501+0700] {subprocess.py:93} INFO -   File "/home/***/.local/lib/python3.12/site-packages/pyspark/python/lib/pyspark.zip/pyspark/errors/exceptions/captured.py", line 185, in deco
[2025-10-29T03:15:56.503+0700] {subprocess.py:93} INFO - pyspark.errors.exceptions.captured.StreamingQueryException: [STREAM_FAILED] Query [id = bb5964e9-6e56-46f5-b968-2174f7f833c9, runId = 79b92ce9-623d-4b06-9db6-b127169dcb93] terminated with exception: An exception was raised by the Python Proxy. Return Message: Traceback (most recent call last):
[2025-10-29T03:15:56.503+0700] {subprocess.py:93} INFO -   File "/home/***/.local/lib/python3.12/site-packages/pyspark/python/lib/py4j-0.10.9.7-src.zip/py4j/clientserver.py", line 617, in _call_proxy
[2025-10-29T03:15:56.503+0700] {subprocess.py:93} INFO -     return_value = getattr(self.pool[obj_id], method)(*params)
[2025-10-29T03:15:56.503+0700] {subprocess.py:93} INFO -                    ^^^^^^^^^^^^^^^^^^^^^^^^^^^^^^^^^^^^^^^^^^^
[2025-10-29T03:15:56.503+0700] {subprocess.py:93} INFO -   File "/home/***/.local/lib/python3.12/site-packages/pyspark/python/lib/pyspark.zip/pyspark/sql/utils.py", line 120, in call
[2025-10-29T03:15:56.503+0700] {subprocess.py:93} INFO -     raise e
[2025-10-29T03:15:56.504+0700] {subprocess.py:93} INFO -   File "/home/***/.local/lib/python3.12/site-packages/pyspark/python/lib/pyspark.zip/pyspark/sql/utils.py", line 117, in call
[2025-10-29T03:15:56.504+0700] {subprocess.py:93} INFO -     self.func(DataFrame(jdf, wrapped_session_jdf), batch_id)
[2025-10-29T03:15:56.504+0700] {subprocess.py:93} INFO -   File "/opt/***/projects/absa_streaming/scripts/consumer_postgres_streaming.py", line 125, in write_to_postgres
[2025-10-29T03:15:56.504+0700] {subprocess.py:93} INFO -     total_rows = batch_df.count()
[2025-10-29T03:15:56.504+0700] {subprocess.py:93} INFO -                  ^^^^^^^^^^^^^^^^
[2025-10-29T03:15:56.504+0700] {subprocess.py:93} INFO -   File "/home/***/.local/lib/python3.12/site-packages/pyspark/python/lib/pyspark.zip/pyspark/sql/dataframe.py", line 1238, in count
[2025-10-29T03:15:56.504+0700] {subprocess.py:93} INFO -     return int(self._jdf.count())
[2025-10-29T03:15:56.504+0700] {subprocess.py:93} INFO -                ^^^^^^^^^^^^^^^^^
[2025-10-29T03:15:56.504+0700] {subprocess.py:93} INFO -   File "/home/***/.local/lib/python3.12/site-packages/pyspark/python/lib/py4j-0.10.9.7-src.zip/py4j/java_gateway.py", line 1322, in __call__
[2025-10-29T03:15:56.505+0700] {subprocess.py:93} INFO -     return_value = get_return_value(
[2025-10-29T03:15:56.505+0700] {subprocess.py:93} INFO -                    ^^^^^^^^^^^^^^^^^
[2025-10-29T03:15:56.505+0700] {subprocess.py:93} INFO -   File "/home/***/.local/lib/python3.12/site-packages/pyspark/python/lib/pyspark.zip/pyspark/errors/exceptions/captured.py", line 185, in deco
[2025-10-29T03:15:56.505+0700] {subprocess.py:93} INFO -     raise converted from None
[2025-10-29T03:15:56.505+0700] {subprocess.py:93} INFO - pyspark.errors.exceptions.captured.PythonException:
[2025-10-29T03:15:56.505+0700] {subprocess.py:93} INFO -   An exception was thrown from the Python worker. Please see the stack trace below.
[2025-10-29T03:15:56.505+0700] {subprocess.py:93} INFO - Traceback (most recent call last):
[2025-10-29T03:15:56.505+0700] {subprocess.py:93} INFO -   File "/opt/***/projects/absa_streaming/scripts/consumer_postgres_streaming.py", line 73, in absa_infer_udf
[2025-10-29T03:15:56.505+0700] {subprocess.py:93} INFO -     _tokenizer = AutoTokenizer.from_pretrained(MODEL_NAME, use_fast=True)
[2025-10-29T03:15:56.505+0700] {subprocess.py:93} INFO -                  ^^^^^^^^^^^^^^^^^^^^^^^^^^^^^^^^^^^^^^^^^^^^^^^^^^^^^^^^
[2025-10-29T03:15:56.505+0700] {subprocess.py:93} INFO -   File "/home/***/.local/lib/python3.12/site-packages/transformers/models/auto/tokenization_auto.py", line 817, in from_pretrained
[2025-10-29T03:15:56.506+0700] {subprocess.py:93} INFO -     tokenizer_config = get_tokenizer_config(pretrained_model_name_or_path, **kwargs)
[2025-10-29T03:15:56.506+0700] {subprocess.py:93} INFO -                        ^^^^^^^^^^^^^^^^^^^^^^^^^^^^^^^^^^^^^^^^^^^^^^^^^^^^^^^^^^^^^
[2025-10-29T03:15:56.506+0700] {subprocess.py:93} INFO -   File "/home/***/.local/lib/python3.12/site-packages/transformers/models/auto/tokenization_auto.py", line 649, in get_tokenizer_config
[2025-10-29T03:15:56.506+0700] {subprocess.py:93} INFO -     resolved_config_file = cached_file(
[2025-10-29T03:15:56.506+0700] {subprocess.py:93} INFO -                            ^^^^^^^^^^^^
[2025-10-29T03:15:56.506+0700] {subprocess.py:93} INFO -   File "/home/***/.local/lib/python3.12/site-packages/transformers/utils/hub.py", line 462, in cached_file
[2025-10-29T03:15:56.506+0700] {subprocess.py:93} INFO -     except HFValidationError as e:
[2025-10-29T03:15:56.506+0700] {subprocess.py:93} INFO -   File "/home/***/.local/lib/python3.12/site-packages/huggingface_hub/utils/_validators.py", line 114, in _inner_fn
[2025-10-29T03:15:56.506+0700] {subprocess.py:93} INFO -     return fn(*args, **kwargs)
[2025-10-29T03:15:56.506+0700] {subprocess.py:93} INFO -            ^^^^^^^^^^^^^^^^^^^
[2025-10-29T03:15:56.506+0700] {subprocess.py:93} INFO -   File "/home/***/.local/lib/python3.12/site-packages/huggingface_hub/file_download.py", line 1007, in hf_hub_download
[2025-10-29T03:15:56.507+0700] {subprocess.py:93} INFO -     return _hf_hub_download_to_cache_dir(
[2025-10-29T03:15:56.507+0700] {subprocess.py:93} INFO -            ^^^^^^^^^^^^^^^^^^^^^^^^^^^^^^
[2025-10-29T03:15:56.507+0700] {subprocess.py:93} INFO -   File "/home/***/.local/lib/python3.12/site-packages/huggingface_hub/file_download.py", line 1124, in _hf_hub_download_to_cache_dir
[2025-10-29T03:15:56.507+0700] {subprocess.py:93} INFO -     os.makedirs(os.path.dirname(blob_path), exist_ok=True)
[2025-10-29T03:15:56.507+0700] {subprocess.py:93} INFO -   File "<frozen os>", line 216, in makedirs
[2025-10-29T03:15:56.507+0700] {subprocess.py:93} INFO -   File "<frozen os>", line 216, in makedirs
[2025-10-29T03:15:56.507+0700] {subprocess.py:93} INFO -   File "<frozen os>", line 216, in makedirs
[2025-10-29T03:15:56.507+0700] {subprocess.py:93} INFO -   File "<frozen os>", line 230, in makedirs
[2025-10-29T03:15:56.508+0700] {subprocess.py:93} INFO - PermissionError: [Errno 13] Permission denied: '/home/***/.cache/huggingface'
[2025-10-29T03:15:56.508+0700] {subprocess.py:93} INFO - 
[2025-10-29T03:15:56.508+0700] {subprocess.py:93} INFO - 
[2025-10-29T03:15:57.196+0700] {subprocess.py:97} INFO - Command exited with return code 1
[2025-10-29T03:15:57.196+0700] {taskinstance.py:441} INFO - ::group::Post task execution logs
[2025-10-29T03:15:57.206+0700] {taskinstance.py:2890} ERROR - Task failed with exception
Traceback (most recent call last):
  File "/home/airflow/.local/lib/python3.12/site-packages/airflow/models/taskinstance.py", line 460, in _execute_task
    result = _execute_callable(context=context, **execute_callable_kwargs)
             ^^^^^^^^^^^^^^^^^^^^^^^^^^^^^^^^^^^^^^^^^^^^^^^^^^^^^^^^^^^^^
  File "/home/airflow/.local/lib/python3.12/site-packages/airflow/models/taskinstance.py", line 432, in _execute_callable
    return execute_callable(context=context, **execute_callable_kwargs)
           ^^^^^^^^^^^^^^^^^^^^^^^^^^^^^^^^^^^^^^^^^^^^^^^^^^^^^^^^^^^^
  File "/home/airflow/.local/lib/python3.12/site-packages/airflow/models/baseoperator.py", line 400, in wrapper
    return func(self, *args, **kwargs)
           ^^^^^^^^^^^^^^^^^^^^^^^^^^^
  File "/home/airflow/.local/lib/python3.12/site-packages/airflow/operators/bash.py", line 243, in execute
    raise AirflowException(
airflow.exceptions.AirflowException: Bash command failed. The command returned a non-zero exit code 1.
[2025-10-29T03:15:57.210+0700] {taskinstance.py:1205} INFO - Marking task as UP_FOR_RETRY. dag_id=absa_streaming_lifecycle_demo1, task_id=deploy_consumer, execution_date=20251028T200718, start_date=20251028T201540, end_date=20251028T201557
[2025-10-29T03:15:57.245+0700] {standard_task_runner.py:110} ERROR - Failed to execute job 13 for task deploy_consumer (Bash command failed. The command returned a non-zero exit code 1.; 3334)
[2025-10-29T03:15:57.268+0700] {local_task_job_runner.py:240} INFO - Task exited with return code 1
[2025-10-29T03:15:57.291+0700] {taskinstance.py:3482} INFO - 0 downstream tasks scheduled from follow-on schedule check
[2025-10-29T03:15:57.317+0700] {local_task_job_runner.py:222} INFO - ::endgroup::
