[2025-10-29T03:26:33.125+0700] {local_task_job_runner.py:120} INFO - ::group::Pre task execution logs
[2025-10-29T03:26:33.136+0700] {taskinstance.py:2073} INFO - Dependencies all met for dep_context=non-requeueable deps ti=<TaskInstance: absa_streaming_lifecycle_demo1.deploy_consumer manual__2025-10-28T20:07:18.155316+00:00 [queued]>
[2025-10-29T03:26:33.139+0700] {taskinstance.py:2073} INFO - Dependencies all met for dep_context=requeueable deps ti=<TaskInstance: absa_streaming_lifecycle_demo1.deploy_consumer manual__2025-10-28T20:07:18.155316+00:00 [queued]>
[2025-10-29T03:26:33.140+0700] {taskinstance.py:2303} INFO - Starting attempt 10 of 11
[2025-10-29T03:26:33.146+0700] {taskinstance.py:2327} INFO - Executing <Task(BashOperator): deploy_consumer> on 2025-10-28 20:07:18.155316+00:00
[2025-10-29T03:26:33.152+0700] {warnings.py:110} WARNING - /home/***/.local/lib/python3.12/site-packages/***/task/task_runner/standard_task_runner.py:61: DeprecationWarning: This process (pid=8122) is multi-threaded, use of fork() may lead to deadlocks in the child.
  pid = os.fork()

[2025-10-29T03:26:33.153+0700] {standard_task_runner.py:63} INFO - Started process 8124 to run task
[2025-10-29T03:26:33.153+0700] {standard_task_runner.py:90} INFO - Running: ['***', 'tasks', 'run', 'absa_streaming_lifecycle_demo1', 'deploy_consumer', 'manual__2025-10-28T20:07:18.155316+00:00', '--job-id', '25', '--raw', '--subdir', 'DAGS_FOLDER/absa_streaming_lifecycle_dag1.py', '--cfg-path', '/tmp/tmpx2f6__25']
[2025-10-29T03:26:33.155+0700] {standard_task_runner.py:91} INFO - Job 25: Subtask deploy_consumer
[2025-10-29T03:26:33.178+0700] {task_command.py:426} INFO - Running <TaskInstance: absa_streaming_lifecycle_demo1.deploy_consumer manual__2025-10-28T20:07:18.155316+00:00 [running]> on host dfeadd712fc3
[2025-10-29T03:26:33.217+0700] {taskinstance.py:2644} INFO - Exporting env vars: AIRFLOW_CTX_DAG_OWNER='***' AIRFLOW_CTX_DAG_ID='absa_streaming_lifecycle_demo1' AIRFLOW_CTX_TASK_ID='deploy_consumer' AIRFLOW_CTX_EXECUTION_DATE='2025-10-28T20:07:18.155316+00:00' AIRFLOW_CTX_TRY_NUMBER='10' AIRFLOW_CTX_DAG_RUN_ID='manual__2025-10-28T20:07:18.155316+00:00'
[2025-10-29T03:26:33.218+0700] {taskinstance.py:430} INFO - ::endgroup::
[2025-10-29T03:26:33.218+0700] {subprocess.py:63} INFO - Tmp dir root location: /tmp
[2025-10-29T03:26:33.219+0700] {subprocess.py:75} INFO - Running command: ['/usr/bin/bash', '-c', 'bash -c "timeout 45m /opt/***/projects/absa_streaming/scripts/run_consumer.sh"']
[2025-10-29T03:26:33.229+0700] {subprocess.py:86} INFO - Output:
[2025-10-29T03:26:33.233+0700] {subprocess.py:93} INFO - [Consumer] Starting Spark Structured Streaming job...
[2025-10-29T03:26:33.262+0700] {subprocess.py:93} INFO - /home/***/.local/lib/python3.12/site-packages/pyspark/bin/load-spark-env.sh: line 68: ps: command not found
[2025-10-29T03:26:34.039+0700] {subprocess.py:93} INFO - :: loading settings :: url = jar:file:/home/***/.local/lib/python3.12/site-packages/pyspark/jars/ivy-2.5.1.jar!/org/apache/ivy/core/settings/ivysettings.xml
[2025-10-29T03:26:34.079+0700] {subprocess.py:93} INFO - Ivy Default Cache set to: /home/***/.ivy2/cache
[2025-10-29T03:26:34.080+0700] {subprocess.py:93} INFO - The jars for the packages stored in: /home/***/.ivy2/jars
[2025-10-29T03:26:34.083+0700] {subprocess.py:93} INFO - org.apache.spark#spark-sql-kafka-0-10_2.12 added as a dependency
[2025-10-29T03:26:34.083+0700] {subprocess.py:93} INFO - org.postgresql#postgresql added as a dependency
[2025-10-29T03:26:34.083+0700] {subprocess.py:93} INFO - :: resolving dependencies :: org.apache.spark#spark-submit-parent-dda0b6d0-fd7c-4906-b11b-59453bd03d0d;1.0
[2025-10-29T03:26:34.083+0700] {subprocess.py:93} INFO - 	confs: [default]
[2025-10-29T03:26:34.178+0700] {subprocess.py:93} INFO - 	found org.apache.spark#spark-sql-kafka-0-10_2.12;3.5.1 in central
[2025-10-29T03:26:34.215+0700] {subprocess.py:93} INFO - 	found org.apache.spark#spark-token-provider-kafka-0-10_2.12;3.5.1 in central
[2025-10-29T03:26:34.231+0700] {subprocess.py:93} INFO - 	found org.apache.kafka#kafka-clients;3.4.1 in central
[2025-10-29T03:26:34.246+0700] {subprocess.py:93} INFO - 	found org.lz4#lz4-java;1.8.0 in central
[2025-10-29T03:26:34.260+0700] {subprocess.py:93} INFO - 	found org.xerial.snappy#snappy-java;1.1.10.3 in central
[2025-10-29T03:26:34.273+0700] {subprocess.py:93} INFO - 	found org.slf4j#slf4j-api;2.0.7 in central
[2025-10-29T03:26:34.290+0700] {subprocess.py:93} INFO - 	found org.apache.hadoop#hadoop-client-runtime;3.3.4 in central
[2025-10-29T03:26:34.311+0700] {subprocess.py:93} INFO - 	found org.apache.hadoop#hadoop-client-api;3.3.4 in central
[2025-10-29T03:26:34.326+0700] {subprocess.py:93} INFO - 	found commons-logging#commons-logging;1.1.3 in central
[2025-10-29T03:26:34.336+0700] {subprocess.py:93} INFO - 	found com.google.code.findbugs#jsr305;3.0.0 in central
[2025-10-29T03:26:34.346+0700] {subprocess.py:93} INFO - 	found org.apache.commons#commons-pool2;2.11.1 in central
[2025-10-29T03:26:34.354+0700] {subprocess.py:93} INFO - 	found org.postgresql#postgresql;42.6.0 in central
[2025-10-29T03:26:34.361+0700] {subprocess.py:93} INFO - 	found org.checkerframework#checker-qual;3.31.0 in central
[2025-10-29T03:26:34.378+0700] {subprocess.py:93} INFO - :: resolution report :: resolve 285ms :: artifacts dl 10ms
[2025-10-29T03:26:34.378+0700] {subprocess.py:93} INFO - 	:: modules in use:
[2025-10-29T03:26:34.379+0700] {subprocess.py:93} INFO - 	com.google.code.findbugs#jsr305;3.0.0 from central in [default]
[2025-10-29T03:26:34.379+0700] {subprocess.py:93} INFO - 	commons-logging#commons-logging;1.1.3 from central in [default]
[2025-10-29T03:26:34.379+0700] {subprocess.py:93} INFO - 	org.apache.commons#commons-pool2;2.11.1 from central in [default]
[2025-10-29T03:26:34.379+0700] {subprocess.py:93} INFO - 	org.apache.hadoop#hadoop-client-api;3.3.4 from central in [default]
[2025-10-29T03:26:34.380+0700] {subprocess.py:93} INFO - 	org.apache.hadoop#hadoop-client-runtime;3.3.4 from central in [default]
[2025-10-29T03:26:34.380+0700] {subprocess.py:93} INFO - 	org.apache.kafka#kafka-clients;3.4.1 from central in [default]
[2025-10-29T03:26:34.380+0700] {subprocess.py:93} INFO - 	org.apache.spark#spark-sql-kafka-0-10_2.12;3.5.1 from central in [default]
[2025-10-29T03:26:34.380+0700] {subprocess.py:93} INFO - 	org.apache.spark#spark-token-provider-kafka-0-10_2.12;3.5.1 from central in [default]
[2025-10-29T03:26:34.380+0700] {subprocess.py:93} INFO - 	org.checkerframework#checker-qual;3.31.0 from central in [default]
[2025-10-29T03:26:34.380+0700] {subprocess.py:93} INFO - 	org.lz4#lz4-java;1.8.0 from central in [default]
[2025-10-29T03:26:34.381+0700] {subprocess.py:93} INFO - 	org.postgresql#postgresql;42.6.0 from central in [default]
[2025-10-29T03:26:34.381+0700] {subprocess.py:93} INFO - 	org.slf4j#slf4j-api;2.0.7 from central in [default]
[2025-10-29T03:26:34.381+0700] {subprocess.py:93} INFO - 	org.xerial.snappy#snappy-java;1.1.10.3 from central in [default]
[2025-10-29T03:26:34.381+0700] {subprocess.py:93} INFO - 	---------------------------------------------------------------------
[2025-10-29T03:26:34.381+0700] {subprocess.py:93} INFO - 	|                  |            modules            ||   artifacts   |
[2025-10-29T03:26:34.381+0700] {subprocess.py:93} INFO - 	|       conf       | number| search|dwnlded|evicted|| number|dwnlded|
[2025-10-29T03:26:34.382+0700] {subprocess.py:93} INFO - 	---------------------------------------------------------------------
[2025-10-29T03:26:34.382+0700] {subprocess.py:93} INFO - 	|      default     |   13  |   0   |   0   |   0   ||   13  |   0   |
[2025-10-29T03:26:34.382+0700] {subprocess.py:93} INFO - 	---------------------------------------------------------------------
[2025-10-29T03:26:34.384+0700] {subprocess.py:93} INFO - :: retrieving :: org.apache.spark#spark-submit-parent-dda0b6d0-fd7c-4906-b11b-59453bd03d0d
[2025-10-29T03:26:34.384+0700] {subprocess.py:93} INFO - 	confs: [default]
[2025-10-29T03:26:34.391+0700] {subprocess.py:93} INFO - 	0 artifacts copied, 13 already retrieved (0kB/6ms)
[2025-10-29T03:26:34.515+0700] {subprocess.py:93} INFO - 25/10/29 03:26:34 WARN NativeCodeLoader: Unable to load native-hadoop library for your platform... using builtin-java classes where applicable
[2025-10-29T03:26:37.548+0700] {subprocess.py:93} INFO - There was a problem when trying to write in your cache folder (/home/***/.cache/huggingface/hub). You should set the environment variable TRANSFORMERS_CACHE to a writable directory.
[2025-10-29T03:26:37.649+0700] {subprocess.py:93} INFO - 25/10/29 03:26:37 INFO SparkContext: Running Spark version 3.5.1
[2025-10-29T03:26:37.649+0700] {subprocess.py:93} INFO - 25/10/29 03:26:37 INFO SparkContext: OS info Linux, 6.14.0-33-generic, amd64
[2025-10-29T03:26:37.650+0700] {subprocess.py:93} INFO - 25/10/29 03:26:37 INFO SparkContext: Java version 17.0.17
[2025-10-29T03:26:37.659+0700] {subprocess.py:93} INFO - 25/10/29 03:26:37 INFO ResourceUtils: ==============================================================
[2025-10-29T03:26:37.659+0700] {subprocess.py:93} INFO - 25/10/29 03:26:37 INFO ResourceUtils: No custom resources configured for spark.driver.
[2025-10-29T03:26:37.660+0700] {subprocess.py:93} INFO - 25/10/29 03:26:37 INFO ResourceUtils: ==============================================================
[2025-10-29T03:26:37.660+0700] {subprocess.py:93} INFO - 25/10/29 03:26:37 INFO SparkContext: Submitted application: Kafka_ABSA_Postgres
[2025-10-29T03:26:37.669+0700] {subprocess.py:93} INFO - 25/10/29 03:26:37 INFO ResourceProfile: Default ResourceProfile created, executor resources: Map(cores -> name: cores, amount: 1, script: , vendor: , memory -> name: memory, amount: 1024, script: , vendor: , offHeap -> name: offHeap, amount: 0, script: , vendor: ), task resources: Map(cpus -> name: cpus, amount: 1.0)
[2025-10-29T03:26:37.674+0700] {subprocess.py:93} INFO - 25/10/29 03:26:37 INFO ResourceProfile: Limiting resource is cpu
[2025-10-29T03:26:37.674+0700] {subprocess.py:93} INFO - 25/10/29 03:26:37 INFO ResourceProfileManager: Added ResourceProfile id: 0
[2025-10-29T03:26:37.700+0700] {subprocess.py:93} INFO - 25/10/29 03:26:37 INFO SecurityManager: Changing view acls to: default
[2025-10-29T03:26:37.700+0700] {subprocess.py:93} INFO - 25/10/29 03:26:37 INFO SecurityManager: Changing modify acls to: default
[2025-10-29T03:26:37.700+0700] {subprocess.py:93} INFO - 25/10/29 03:26:37 INFO SecurityManager: Changing view acls groups to:
[2025-10-29T03:26:37.700+0700] {subprocess.py:93} INFO - 25/10/29 03:26:37 INFO SecurityManager: Changing modify acls groups to:
[2025-10-29T03:26:37.701+0700] {subprocess.py:93} INFO - 25/10/29 03:26:37 INFO SecurityManager: SecurityManager: authentication disabled; ui acls disabled; users with view permissions: default; groups with view permissions: EMPTY; users with modify permissions: default; groups with modify permissions: EMPTY
[2025-10-29T03:26:37.802+0700] {subprocess.py:93} INFO - 25/10/29 03:26:37 INFO Utils: Successfully started service 'sparkDriver' on port 46717.
[2025-10-29T03:26:37.822+0700] {subprocess.py:93} INFO - 25/10/29 03:26:37 INFO SparkEnv: Registering MapOutputTracker
[2025-10-29T03:26:37.842+0700] {subprocess.py:93} INFO - 25/10/29 03:26:37 INFO SparkEnv: Registering BlockManagerMaster
[2025-10-29T03:26:37.852+0700] {subprocess.py:93} INFO - 25/10/29 03:26:37 INFO BlockManagerMasterEndpoint: Using org.apache.spark.storage.DefaultTopologyMapper for getting topology information
[2025-10-29T03:26:37.853+0700] {subprocess.py:93} INFO - 25/10/29 03:26:37 INFO BlockManagerMasterEndpoint: BlockManagerMasterEndpoint up
[2025-10-29T03:26:37.855+0700] {subprocess.py:93} INFO - 25/10/29 03:26:37 INFO SparkEnv: Registering BlockManagerMasterHeartbeat
[2025-10-29T03:26:37.867+0700] {subprocess.py:93} INFO - 25/10/29 03:26:37 INFO DiskBlockManager: Created local directory at /tmp/blockmgr-ba6db0ba-033d-496e-9757-ee8c5587c01b
[2025-10-29T03:26:37.875+0700] {subprocess.py:93} INFO - 25/10/29 03:26:37 INFO MemoryStore: MemoryStore started with capacity 434.4 MiB
[2025-10-29T03:26:37.884+0700] {subprocess.py:93} INFO - 25/10/29 03:26:37 INFO SparkEnv: Registering OutputCommitCoordinator
[2025-10-29T03:26:37.955+0700] {subprocess.py:93} INFO - 25/10/29 03:26:37 INFO JettyUtils: Start Jetty 0.0.0.0:4040 for SparkUI
[2025-10-29T03:26:37.990+0700] {subprocess.py:93} INFO - 25/10/29 03:26:37 INFO Utils: Successfully started service 'SparkUI' on port 4040.
[2025-10-29T03:26:38.013+0700] {subprocess.py:93} INFO - 25/10/29 03:26:38 INFO SparkContext: Added JAR file:///home/***/.ivy2/jars/org.apache.spark_spark-sql-kafka-0-10_2.12-3.5.1.jar at spark://dfeadd712fc3:46717/jars/org.apache.spark_spark-sql-kafka-0-10_2.12-3.5.1.jar with timestamp 1761683197646
[2025-10-29T03:26:38.014+0700] {subprocess.py:93} INFO - 25/10/29 03:26:38 INFO SparkContext: Added JAR file:///home/***/.ivy2/jars/org.postgresql_postgresql-42.6.0.jar at spark://dfeadd712fc3:46717/jars/org.postgresql_postgresql-42.6.0.jar with timestamp 1761683197646
[2025-10-29T03:26:38.014+0700] {subprocess.py:93} INFO - 25/10/29 03:26:38 INFO SparkContext: Added JAR file:///home/***/.ivy2/jars/org.apache.spark_spark-token-provider-kafka-0-10_2.12-3.5.1.jar at spark://dfeadd712fc3:46717/jars/org.apache.spark_spark-token-provider-kafka-0-10_2.12-3.5.1.jar with timestamp 1761683197646
[2025-10-29T03:26:38.014+0700] {subprocess.py:93} INFO - 25/10/29 03:26:38 INFO SparkContext: Added JAR file:///home/***/.ivy2/jars/org.apache.kafka_kafka-clients-3.4.1.jar at spark://dfeadd712fc3:46717/jars/org.apache.kafka_kafka-clients-3.4.1.jar with timestamp 1761683197646
[2025-10-29T03:26:38.015+0700] {subprocess.py:93} INFO - 25/10/29 03:26:38 INFO SparkContext: Added JAR file:///home/***/.ivy2/jars/com.google.code.findbugs_jsr305-3.0.0.jar at spark://dfeadd712fc3:46717/jars/com.google.code.findbugs_jsr305-3.0.0.jar with timestamp 1761683197646
[2025-10-29T03:26:38.015+0700] {subprocess.py:93} INFO - 25/10/29 03:26:38 INFO SparkContext: Added JAR file:///home/***/.ivy2/jars/org.apache.commons_commons-pool2-2.11.1.jar at spark://dfeadd712fc3:46717/jars/org.apache.commons_commons-pool2-2.11.1.jar with timestamp 1761683197646
[2025-10-29T03:26:38.015+0700] {subprocess.py:93} INFO - 25/10/29 03:26:38 INFO SparkContext: Added JAR file:///home/***/.ivy2/jars/org.apache.hadoop_hadoop-client-runtime-3.3.4.jar at spark://dfeadd712fc3:46717/jars/org.apache.hadoop_hadoop-client-runtime-3.3.4.jar with timestamp 1761683197646
[2025-10-29T03:26:38.015+0700] {subprocess.py:93} INFO - 25/10/29 03:26:38 INFO SparkContext: Added JAR file:///home/***/.ivy2/jars/org.lz4_lz4-java-1.8.0.jar at spark://dfeadd712fc3:46717/jars/org.lz4_lz4-java-1.8.0.jar with timestamp 1761683197646
[2025-10-29T03:26:38.015+0700] {subprocess.py:93} INFO - 25/10/29 03:26:38 INFO SparkContext: Added JAR file:///home/***/.ivy2/jars/org.xerial.snappy_snappy-java-1.1.10.3.jar at spark://dfeadd712fc3:46717/jars/org.xerial.snappy_snappy-java-1.1.10.3.jar with timestamp 1761683197646
[2025-10-29T03:26:38.015+0700] {subprocess.py:93} INFO - 25/10/29 03:26:38 INFO SparkContext: Added JAR file:///home/***/.ivy2/jars/org.slf4j_slf4j-api-2.0.7.jar at spark://dfeadd712fc3:46717/jars/org.slf4j_slf4j-api-2.0.7.jar with timestamp 1761683197646
[2025-10-29T03:26:38.015+0700] {subprocess.py:93} INFO - 25/10/29 03:26:38 INFO SparkContext: Added JAR file:///home/***/.ivy2/jars/org.apache.hadoop_hadoop-client-api-3.3.4.jar at spark://dfeadd712fc3:46717/jars/org.apache.hadoop_hadoop-client-api-3.3.4.jar with timestamp 1761683197646
[2025-10-29T03:26:38.016+0700] {subprocess.py:93} INFO - 25/10/29 03:26:38 INFO SparkContext: Added JAR file:///home/***/.ivy2/jars/commons-logging_commons-logging-1.1.3.jar at spark://dfeadd712fc3:46717/jars/commons-logging_commons-logging-1.1.3.jar with timestamp 1761683197646
[2025-10-29T03:26:38.016+0700] {subprocess.py:93} INFO - 25/10/29 03:26:38 INFO SparkContext: Added JAR file:///home/***/.ivy2/jars/org.checkerframework_checker-qual-3.31.0.jar at spark://dfeadd712fc3:46717/jars/org.checkerframework_checker-qual-3.31.0.jar with timestamp 1761683197646
[2025-10-29T03:26:38.016+0700] {subprocess.py:93} INFO - 25/10/29 03:26:38 INFO SparkContext: Added file file:///home/***/.ivy2/jars/org.apache.spark_spark-sql-kafka-0-10_2.12-3.5.1.jar at file:///home/***/.ivy2/jars/org.apache.spark_spark-sql-kafka-0-10_2.12-3.5.1.jar with timestamp 1761683197646
[2025-10-29T03:26:38.017+0700] {subprocess.py:93} INFO - 25/10/29 03:26:38 INFO Utils: Copying /home/***/.ivy2/jars/org.apache.spark_spark-sql-kafka-0-10_2.12-3.5.1.jar to /tmp/spark-f9d2d82f-57fd-4db6-8b84-856762a42743/userFiles-6e2938a9-7333-4ce9-8e62-b87cc3e383e7/org.apache.spark_spark-sql-kafka-0-10_2.12-3.5.1.jar
[2025-10-29T03:26:38.024+0700] {subprocess.py:93} INFO - 25/10/29 03:26:38 INFO SparkContext: Added file file:///home/***/.ivy2/jars/org.postgresql_postgresql-42.6.0.jar at file:///home/***/.ivy2/jars/org.postgresql_postgresql-42.6.0.jar with timestamp 1761683197646
[2025-10-29T03:26:38.024+0700] {subprocess.py:93} INFO - 25/10/29 03:26:38 INFO Utils: Copying /home/***/.ivy2/jars/org.postgresql_postgresql-42.6.0.jar to /tmp/spark-f9d2d82f-57fd-4db6-8b84-856762a42743/userFiles-6e2938a9-7333-4ce9-8e62-b87cc3e383e7/org.postgresql_postgresql-42.6.0.jar
[2025-10-29T03:26:38.027+0700] {subprocess.py:93} INFO - 25/10/29 03:26:38 INFO SparkContext: Added file file:///home/***/.ivy2/jars/org.apache.spark_spark-token-provider-kafka-0-10_2.12-3.5.1.jar at file:///home/***/.ivy2/jars/org.apache.spark_spark-token-provider-kafka-0-10_2.12-3.5.1.jar with timestamp 1761683197646
[2025-10-29T03:26:38.027+0700] {subprocess.py:93} INFO - 25/10/29 03:26:38 INFO Utils: Copying /home/***/.ivy2/jars/org.apache.spark_spark-token-provider-kafka-0-10_2.12-3.5.1.jar to /tmp/spark-f9d2d82f-57fd-4db6-8b84-856762a42743/userFiles-6e2938a9-7333-4ce9-8e62-b87cc3e383e7/org.apache.spark_spark-token-provider-kafka-0-10_2.12-3.5.1.jar
[2025-10-29T03:26:38.030+0700] {subprocess.py:93} INFO - 25/10/29 03:26:38 INFO SparkContext: Added file file:///home/***/.ivy2/jars/org.apache.kafka_kafka-clients-3.4.1.jar at file:///home/***/.ivy2/jars/org.apache.kafka_kafka-clients-3.4.1.jar with timestamp 1761683197646
[2025-10-29T03:26:38.030+0700] {subprocess.py:93} INFO - 25/10/29 03:26:38 INFO Utils: Copying /home/***/.ivy2/jars/org.apache.kafka_kafka-clients-3.4.1.jar to /tmp/spark-f9d2d82f-57fd-4db6-8b84-856762a42743/userFiles-6e2938a9-7333-4ce9-8e62-b87cc3e383e7/org.apache.kafka_kafka-clients-3.4.1.jar
[2025-10-29T03:26:38.035+0700] {subprocess.py:93} INFO - 25/10/29 03:26:38 INFO SparkContext: Added file file:///home/***/.ivy2/jars/com.google.code.findbugs_jsr305-3.0.0.jar at file:///home/***/.ivy2/jars/com.google.code.findbugs_jsr305-3.0.0.jar with timestamp 1761683197646
[2025-10-29T03:26:38.035+0700] {subprocess.py:93} INFO - 25/10/29 03:26:38 INFO Utils: Copying /home/***/.ivy2/jars/com.google.code.findbugs_jsr305-3.0.0.jar to /tmp/spark-f9d2d82f-57fd-4db6-8b84-856762a42743/userFiles-6e2938a9-7333-4ce9-8e62-b87cc3e383e7/com.google.code.findbugs_jsr305-3.0.0.jar
[2025-10-29T03:26:38.038+0700] {subprocess.py:93} INFO - 25/10/29 03:26:38 INFO SparkContext: Added file file:///home/***/.ivy2/jars/org.apache.commons_commons-pool2-2.11.1.jar at file:///home/***/.ivy2/jars/org.apache.commons_commons-pool2-2.11.1.jar with timestamp 1761683197646
[2025-10-29T03:26:38.038+0700] {subprocess.py:93} INFO - 25/10/29 03:26:38 INFO Utils: Copying /home/***/.ivy2/jars/org.apache.commons_commons-pool2-2.11.1.jar to /tmp/spark-f9d2d82f-57fd-4db6-8b84-856762a42743/userFiles-6e2938a9-7333-4ce9-8e62-b87cc3e383e7/org.apache.commons_commons-pool2-2.11.1.jar
[2025-10-29T03:26:38.041+0700] {subprocess.py:93} INFO - 25/10/29 03:26:38 INFO SparkContext: Added file file:///home/***/.ivy2/jars/org.apache.hadoop_hadoop-client-runtime-3.3.4.jar at file:///home/***/.ivy2/jars/org.apache.hadoop_hadoop-client-runtime-3.3.4.jar with timestamp 1761683197646
[2025-10-29T03:26:38.041+0700] {subprocess.py:93} INFO - 25/10/29 03:26:38 INFO Utils: Copying /home/***/.ivy2/jars/org.apache.hadoop_hadoop-client-runtime-3.3.4.jar to /tmp/spark-f9d2d82f-57fd-4db6-8b84-856762a42743/userFiles-6e2938a9-7333-4ce9-8e62-b87cc3e383e7/org.apache.hadoop_hadoop-client-runtime-3.3.4.jar
[2025-10-29T03:26:38.054+0700] {subprocess.py:93} INFO - 25/10/29 03:26:38 INFO SparkContext: Added file file:///home/***/.ivy2/jars/org.lz4_lz4-java-1.8.0.jar at file:///home/***/.ivy2/jars/org.lz4_lz4-java-1.8.0.jar with timestamp 1761683197646
[2025-10-29T03:26:38.054+0700] {subprocess.py:93} INFO - 25/10/29 03:26:38 INFO Utils: Copying /home/***/.ivy2/jars/org.lz4_lz4-java-1.8.0.jar to /tmp/spark-f9d2d82f-57fd-4db6-8b84-856762a42743/userFiles-6e2938a9-7333-4ce9-8e62-b87cc3e383e7/org.lz4_lz4-java-1.8.0.jar
[2025-10-29T03:26:38.056+0700] {subprocess.py:93} INFO - 25/10/29 03:26:38 INFO SparkContext: Added file file:///home/***/.ivy2/jars/org.xerial.snappy_snappy-java-1.1.10.3.jar at file:///home/***/.ivy2/jars/org.xerial.snappy_snappy-java-1.1.10.3.jar with timestamp 1761683197646
[2025-10-29T03:26:38.057+0700] {subprocess.py:93} INFO - 25/10/29 03:26:38 INFO Utils: Copying /home/***/.ivy2/jars/org.xerial.snappy_snappy-java-1.1.10.3.jar to /tmp/spark-f9d2d82f-57fd-4db6-8b84-856762a42743/userFiles-6e2938a9-7333-4ce9-8e62-b87cc3e383e7/org.xerial.snappy_snappy-java-1.1.10.3.jar
[2025-10-29T03:26:38.059+0700] {subprocess.py:93} INFO - 25/10/29 03:26:38 INFO SparkContext: Added file file:///home/***/.ivy2/jars/org.slf4j_slf4j-api-2.0.7.jar at file:///home/***/.ivy2/jars/org.slf4j_slf4j-api-2.0.7.jar with timestamp 1761683197646
[2025-10-29T03:26:38.060+0700] {subprocess.py:93} INFO - 25/10/29 03:26:38 INFO Utils: Copying /home/***/.ivy2/jars/org.slf4j_slf4j-api-2.0.7.jar to /tmp/spark-f9d2d82f-57fd-4db6-8b84-856762a42743/userFiles-6e2938a9-7333-4ce9-8e62-b87cc3e383e7/org.slf4j_slf4j-api-2.0.7.jar
[2025-10-29T03:26:38.062+0700] {subprocess.py:93} INFO - 25/10/29 03:26:38 INFO SparkContext: Added file file:///home/***/.ivy2/jars/org.apache.hadoop_hadoop-client-api-3.3.4.jar at file:///home/***/.ivy2/jars/org.apache.hadoop_hadoop-client-api-3.3.4.jar with timestamp 1761683197646
[2025-10-29T03:26:38.062+0700] {subprocess.py:93} INFO - 25/10/29 03:26:38 INFO Utils: Copying /home/***/.ivy2/jars/org.apache.hadoop_hadoop-client-api-3.3.4.jar to /tmp/spark-f9d2d82f-57fd-4db6-8b84-856762a42743/userFiles-6e2938a9-7333-4ce9-8e62-b87cc3e383e7/org.apache.hadoop_hadoop-client-api-3.3.4.jar
[2025-10-29T03:26:38.071+0700] {subprocess.py:93} INFO - 25/10/29 03:26:38 INFO SparkContext: Added file file:///home/***/.ivy2/jars/commons-logging_commons-logging-1.1.3.jar at file:///home/***/.ivy2/jars/commons-logging_commons-logging-1.1.3.jar with timestamp 1761683197646
[2025-10-29T03:26:38.071+0700] {subprocess.py:93} INFO - 25/10/29 03:26:38 INFO Utils: Copying /home/***/.ivy2/jars/commons-logging_commons-logging-1.1.3.jar to /tmp/spark-f9d2d82f-57fd-4db6-8b84-856762a42743/userFiles-6e2938a9-7333-4ce9-8e62-b87cc3e383e7/commons-logging_commons-logging-1.1.3.jar
[2025-10-29T03:26:38.073+0700] {subprocess.py:93} INFO - 25/10/29 03:26:38 INFO SparkContext: Added file file:///home/***/.ivy2/jars/org.checkerframework_checker-qual-3.31.0.jar at file:///home/***/.ivy2/jars/org.checkerframework_checker-qual-3.31.0.jar with timestamp 1761683197646
[2025-10-29T03:26:38.073+0700] {subprocess.py:93} INFO - 25/10/29 03:26:38 INFO Utils: Copying /home/***/.ivy2/jars/org.checkerframework_checker-qual-3.31.0.jar to /tmp/spark-f9d2d82f-57fd-4db6-8b84-856762a42743/userFiles-6e2938a9-7333-4ce9-8e62-b87cc3e383e7/org.checkerframework_checker-qual-3.31.0.jar
[2025-10-29T03:26:38.104+0700] {subprocess.py:93} INFO - 25/10/29 03:26:38 INFO Executor: Starting executor ID driver on host dfeadd712fc3
[2025-10-29T03:26:38.104+0700] {subprocess.py:93} INFO - 25/10/29 03:26:38 INFO Executor: OS info Linux, 6.14.0-33-generic, amd64
[2025-10-29T03:26:38.104+0700] {subprocess.py:93} INFO - 25/10/29 03:26:38 INFO Executor: Java version 17.0.17
[2025-10-29T03:26:38.107+0700] {subprocess.py:93} INFO - 25/10/29 03:26:38 INFO Executor: Starting executor with user classpath (userClassPathFirst = false): ''
[2025-10-29T03:26:38.107+0700] {subprocess.py:93} INFO - 25/10/29 03:26:38 INFO Executor: Created or updated repl class loader org.apache.spark.util.MutableURLClassLoader@2ad4931 for default.
[2025-10-29T03:26:38.112+0700] {subprocess.py:93} INFO - 25/10/29 03:26:38 INFO Executor: Fetching file:///home/***/.ivy2/jars/org.apache.spark_spark-sql-kafka-0-10_2.12-3.5.1.jar with timestamp 1761683197646
[2025-10-29T03:26:38.124+0700] {subprocess.py:93} INFO - 25/10/29 03:26:38 INFO Utils: /home/***/.ivy2/jars/org.apache.spark_spark-sql-kafka-0-10_2.12-3.5.1.jar has been previously copied to /tmp/spark-f9d2d82f-57fd-4db6-8b84-856762a42743/userFiles-6e2938a9-7333-4ce9-8e62-b87cc3e383e7/org.apache.spark_spark-sql-kafka-0-10_2.12-3.5.1.jar
[2025-10-29T03:26:38.126+0700] {subprocess.py:93} INFO - 25/10/29 03:26:38 INFO Executor: Fetching file:///home/***/.ivy2/jars/org.apache.hadoop_hadoop-client-runtime-3.3.4.jar with timestamp 1761683197646
[2025-10-29T03:26:38.140+0700] {subprocess.py:93} INFO - 25/10/29 03:26:38 INFO Utils: /home/***/.ivy2/jars/org.apache.hadoop_hadoop-client-runtime-3.3.4.jar has been previously copied to /tmp/spark-f9d2d82f-57fd-4db6-8b84-856762a42743/userFiles-6e2938a9-7333-4ce9-8e62-b87cc3e383e7/org.apache.hadoop_hadoop-client-runtime-3.3.4.jar
[2025-10-29T03:26:38.143+0700] {subprocess.py:93} INFO - 25/10/29 03:26:38 INFO Executor: Fetching file:///home/***/.ivy2/jars/org.apache.hadoop_hadoop-client-api-3.3.4.jar with timestamp 1761683197646
[2025-10-29T03:26:38.152+0700] {subprocess.py:93} INFO - 25/10/29 03:26:38 INFO Utils: /home/***/.ivy2/jars/org.apache.hadoop_hadoop-client-api-3.3.4.jar has been previously copied to /tmp/spark-f9d2d82f-57fd-4db6-8b84-856762a42743/userFiles-6e2938a9-7333-4ce9-8e62-b87cc3e383e7/org.apache.hadoop_hadoop-client-api-3.3.4.jar
[2025-10-29T03:26:38.155+0700] {subprocess.py:93} INFO - 25/10/29 03:26:38 INFO Executor: Fetching file:///home/***/.ivy2/jars/org.apache.spark_spark-token-provider-kafka-0-10_2.12-3.5.1.jar with timestamp 1761683197646
[2025-10-29T03:26:38.155+0700] {subprocess.py:93} INFO - 25/10/29 03:26:38 INFO Utils: /home/***/.ivy2/jars/org.apache.spark_spark-token-provider-kafka-0-10_2.12-3.5.1.jar has been previously copied to /tmp/spark-f9d2d82f-57fd-4db6-8b84-856762a42743/userFiles-6e2938a9-7333-4ce9-8e62-b87cc3e383e7/org.apache.spark_spark-token-provider-kafka-0-10_2.12-3.5.1.jar
[2025-10-29T03:26:38.157+0700] {subprocess.py:93} INFO - 25/10/29 03:26:38 INFO Executor: Fetching file:///home/***/.ivy2/jars/com.google.code.findbugs_jsr305-3.0.0.jar with timestamp 1761683197646
[2025-10-29T03:26:38.157+0700] {subprocess.py:93} INFO - 25/10/29 03:26:38 INFO Utils: /home/***/.ivy2/jars/com.google.code.findbugs_jsr305-3.0.0.jar has been previously copied to /tmp/spark-f9d2d82f-57fd-4db6-8b84-856762a42743/userFiles-6e2938a9-7333-4ce9-8e62-b87cc3e383e7/com.google.code.findbugs_jsr305-3.0.0.jar
[2025-10-29T03:26:38.159+0700] {subprocess.py:93} INFO - 25/10/29 03:26:38 INFO Executor: Fetching file:///home/***/.ivy2/jars/org.lz4_lz4-java-1.8.0.jar with timestamp 1761683197646
[2025-10-29T03:26:38.159+0700] {subprocess.py:93} INFO - 25/10/29 03:26:38 INFO Utils: /home/***/.ivy2/jars/org.lz4_lz4-java-1.8.0.jar has been previously copied to /tmp/spark-f9d2d82f-57fd-4db6-8b84-856762a42743/userFiles-6e2938a9-7333-4ce9-8e62-b87cc3e383e7/org.lz4_lz4-java-1.8.0.jar
[2025-10-29T03:26:38.161+0700] {subprocess.py:93} INFO - 25/10/29 03:26:38 INFO Executor: Fetching file:///home/***/.ivy2/jars/org.slf4j_slf4j-api-2.0.7.jar with timestamp 1761683197646
[2025-10-29T03:26:38.162+0700] {subprocess.py:93} INFO - 25/10/29 03:26:38 INFO Utils: /home/***/.ivy2/jars/org.slf4j_slf4j-api-2.0.7.jar has been previously copied to /tmp/spark-f9d2d82f-57fd-4db6-8b84-856762a42743/userFiles-6e2938a9-7333-4ce9-8e62-b87cc3e383e7/org.slf4j_slf4j-api-2.0.7.jar
[2025-10-29T03:26:38.164+0700] {subprocess.py:93} INFO - 25/10/29 03:26:38 INFO Executor: Fetching file:///home/***/.ivy2/jars/org.checkerframework_checker-qual-3.31.0.jar with timestamp 1761683197646
[2025-10-29T03:26:38.164+0700] {subprocess.py:93} INFO - 25/10/29 03:26:38 INFO Utils: /home/***/.ivy2/jars/org.checkerframework_checker-qual-3.31.0.jar has been previously copied to /tmp/spark-f9d2d82f-57fd-4db6-8b84-856762a42743/userFiles-6e2938a9-7333-4ce9-8e62-b87cc3e383e7/org.checkerframework_checker-qual-3.31.0.jar
[2025-10-29T03:26:38.166+0700] {subprocess.py:93} INFO - 25/10/29 03:26:38 INFO Executor: Fetching file:///home/***/.ivy2/jars/org.apache.commons_commons-pool2-2.11.1.jar with timestamp 1761683197646
[2025-10-29T03:26:38.166+0700] {subprocess.py:93} INFO - 25/10/29 03:26:38 INFO Utils: /home/***/.ivy2/jars/org.apache.commons_commons-pool2-2.11.1.jar has been previously copied to /tmp/spark-f9d2d82f-57fd-4db6-8b84-856762a42743/userFiles-6e2938a9-7333-4ce9-8e62-b87cc3e383e7/org.apache.commons_commons-pool2-2.11.1.jar
[2025-10-29T03:26:38.168+0700] {subprocess.py:93} INFO - 25/10/29 03:26:38 INFO Executor: Fetching file:///home/***/.ivy2/jars/commons-logging_commons-logging-1.1.3.jar with timestamp 1761683197646
[2025-10-29T03:26:38.168+0700] {subprocess.py:93} INFO - 25/10/29 03:26:38 INFO Utils: /home/***/.ivy2/jars/commons-logging_commons-logging-1.1.3.jar has been previously copied to /tmp/spark-f9d2d82f-57fd-4db6-8b84-856762a42743/userFiles-6e2938a9-7333-4ce9-8e62-b87cc3e383e7/commons-logging_commons-logging-1.1.3.jar
[2025-10-29T03:26:38.170+0700] {subprocess.py:93} INFO - 25/10/29 03:26:38 INFO Executor: Fetching file:///home/***/.ivy2/jars/org.xerial.snappy_snappy-java-1.1.10.3.jar with timestamp 1761683197646
[2025-10-29T03:26:38.171+0700] {subprocess.py:93} INFO - 25/10/29 03:26:38 INFO Utils: /home/***/.ivy2/jars/org.xerial.snappy_snappy-java-1.1.10.3.jar has been previously copied to /tmp/spark-f9d2d82f-57fd-4db6-8b84-856762a42743/userFiles-6e2938a9-7333-4ce9-8e62-b87cc3e383e7/org.xerial.snappy_snappy-java-1.1.10.3.jar
[2025-10-29T03:26:38.173+0700] {subprocess.py:93} INFO - 25/10/29 03:26:38 INFO Executor: Fetching file:///home/***/.ivy2/jars/org.postgresql_postgresql-42.6.0.jar with timestamp 1761683197646
[2025-10-29T03:26:38.174+0700] {subprocess.py:93} INFO - 25/10/29 03:26:38 INFO Utils: /home/***/.ivy2/jars/org.postgresql_postgresql-42.6.0.jar has been previously copied to /tmp/spark-f9d2d82f-57fd-4db6-8b84-856762a42743/userFiles-6e2938a9-7333-4ce9-8e62-b87cc3e383e7/org.postgresql_postgresql-42.6.0.jar
[2025-10-29T03:26:38.176+0700] {subprocess.py:93} INFO - 25/10/29 03:26:38 INFO Executor: Fetching file:///home/***/.ivy2/jars/org.apache.kafka_kafka-clients-3.4.1.jar with timestamp 1761683197646
[2025-10-29T03:26:38.178+0700] {subprocess.py:93} INFO - 25/10/29 03:26:38 INFO Utils: /home/***/.ivy2/jars/org.apache.kafka_kafka-clients-3.4.1.jar has been previously copied to /tmp/spark-f9d2d82f-57fd-4db6-8b84-856762a42743/userFiles-6e2938a9-7333-4ce9-8e62-b87cc3e383e7/org.apache.kafka_kafka-clients-3.4.1.jar
[2025-10-29T03:26:38.182+0700] {subprocess.py:93} INFO - 25/10/29 03:26:38 INFO Executor: Fetching spark://dfeadd712fc3:46717/jars/com.google.code.findbugs_jsr305-3.0.0.jar with timestamp 1761683197646
[2025-10-29T03:26:38.203+0700] {subprocess.py:93} INFO - 25/10/29 03:26:38 INFO TransportClientFactory: Successfully created connection to dfeadd712fc3/172.18.0.6:46717 after 14 ms (0 ms spent in bootstraps)
[2025-10-29T03:26:38.205+0700] {subprocess.py:93} INFO - 25/10/29 03:26:38 INFO Utils: Fetching spark://dfeadd712fc3:46717/jars/com.google.code.findbugs_jsr305-3.0.0.jar to /tmp/spark-f9d2d82f-57fd-4db6-8b84-856762a42743/userFiles-6e2938a9-7333-4ce9-8e62-b87cc3e383e7/fetchFileTemp14529767540845169737.tmp
[2025-10-29T03:26:38.218+0700] {subprocess.py:93} INFO - 25/10/29 03:26:38 INFO Utils: /tmp/spark-f9d2d82f-57fd-4db6-8b84-856762a42743/userFiles-6e2938a9-7333-4ce9-8e62-b87cc3e383e7/fetchFileTemp14529767540845169737.tmp has been previously copied to /tmp/spark-f9d2d82f-57fd-4db6-8b84-856762a42743/userFiles-6e2938a9-7333-4ce9-8e62-b87cc3e383e7/com.google.code.findbugs_jsr305-3.0.0.jar
[2025-10-29T03:26:38.221+0700] {subprocess.py:93} INFO - 25/10/29 03:26:38 INFO Executor: Adding file:/tmp/spark-f9d2d82f-57fd-4db6-8b84-856762a42743/userFiles-6e2938a9-7333-4ce9-8e62-b87cc3e383e7/com.google.code.findbugs_jsr305-3.0.0.jar to class loader default
[2025-10-29T03:26:38.222+0700] {subprocess.py:93} INFO - 25/10/29 03:26:38 INFO Executor: Fetching spark://dfeadd712fc3:46717/jars/org.slf4j_slf4j-api-2.0.7.jar with timestamp 1761683197646
[2025-10-29T03:26:38.222+0700] {subprocess.py:93} INFO - 25/10/29 03:26:38 INFO Utils: Fetching spark://dfeadd712fc3:46717/jars/org.slf4j_slf4j-api-2.0.7.jar to /tmp/spark-f9d2d82f-57fd-4db6-8b84-856762a42743/userFiles-6e2938a9-7333-4ce9-8e62-b87cc3e383e7/fetchFileTemp8333430023592942082.tmp
[2025-10-29T03:26:38.223+0700] {subprocess.py:93} INFO - 25/10/29 03:26:38 INFO Utils: /tmp/spark-f9d2d82f-57fd-4db6-8b84-856762a42743/userFiles-6e2938a9-7333-4ce9-8e62-b87cc3e383e7/fetchFileTemp8333430023592942082.tmp has been previously copied to /tmp/spark-f9d2d82f-57fd-4db6-8b84-856762a42743/userFiles-6e2938a9-7333-4ce9-8e62-b87cc3e383e7/org.slf4j_slf4j-api-2.0.7.jar
[2025-10-29T03:26:38.225+0700] {subprocess.py:93} INFO - 25/10/29 03:26:38 INFO Executor: Adding file:/tmp/spark-f9d2d82f-57fd-4db6-8b84-856762a42743/userFiles-6e2938a9-7333-4ce9-8e62-b87cc3e383e7/org.slf4j_slf4j-api-2.0.7.jar to class loader default
[2025-10-29T03:26:38.225+0700] {subprocess.py:93} INFO - 25/10/29 03:26:38 INFO Executor: Fetching spark://dfeadd712fc3:46717/jars/org.apache.hadoop_hadoop-client-api-3.3.4.jar with timestamp 1761683197646
[2025-10-29T03:26:38.226+0700] {subprocess.py:93} INFO - 25/10/29 03:26:38 INFO Utils: Fetching spark://dfeadd712fc3:46717/jars/org.apache.hadoop_hadoop-client-api-3.3.4.jar to /tmp/spark-f9d2d82f-57fd-4db6-8b84-856762a42743/userFiles-6e2938a9-7333-4ce9-8e62-b87cc3e383e7/fetchFileTemp16706006951045822178.tmp
[2025-10-29T03:26:38.290+0700] {subprocess.py:93} INFO - 25/10/29 03:26:38 INFO Utils: /tmp/spark-f9d2d82f-57fd-4db6-8b84-856762a42743/userFiles-6e2938a9-7333-4ce9-8e62-b87cc3e383e7/fetchFileTemp16706006951045822178.tmp has been previously copied to /tmp/spark-f9d2d82f-57fd-4db6-8b84-856762a42743/userFiles-6e2938a9-7333-4ce9-8e62-b87cc3e383e7/org.apache.hadoop_hadoop-client-api-3.3.4.jar
[2025-10-29T03:26:38.295+0700] {subprocess.py:93} INFO - 25/10/29 03:26:38 INFO Executor: Adding file:/tmp/spark-f9d2d82f-57fd-4db6-8b84-856762a42743/userFiles-6e2938a9-7333-4ce9-8e62-b87cc3e383e7/org.apache.hadoop_hadoop-client-api-3.3.4.jar to class loader default
[2025-10-29T03:26:38.295+0700] {subprocess.py:93} INFO - 25/10/29 03:26:38 INFO Executor: Fetching spark://dfeadd712fc3:46717/jars/org.apache.kafka_kafka-clients-3.4.1.jar with timestamp 1761683197646
[2025-10-29T03:26:38.295+0700] {subprocess.py:93} INFO - 25/10/29 03:26:38 INFO Utils: Fetching spark://dfeadd712fc3:46717/jars/org.apache.kafka_kafka-clients-3.4.1.jar to /tmp/spark-f9d2d82f-57fd-4db6-8b84-856762a42743/userFiles-6e2938a9-7333-4ce9-8e62-b87cc3e383e7/fetchFileTemp9585453769249753657.tmp
[2025-10-29T03:26:38.305+0700] {subprocess.py:93} INFO - 25/10/29 03:26:38 INFO Utils: /tmp/spark-f9d2d82f-57fd-4db6-8b84-856762a42743/userFiles-6e2938a9-7333-4ce9-8e62-b87cc3e383e7/fetchFileTemp9585453769249753657.tmp has been previously copied to /tmp/spark-f9d2d82f-57fd-4db6-8b84-856762a42743/userFiles-6e2938a9-7333-4ce9-8e62-b87cc3e383e7/org.apache.kafka_kafka-clients-3.4.1.jar
[2025-10-29T03:26:38.413+0700] {subprocess.py:93} INFO - 25/10/29 03:26:38 INFO Executor: Adding file:/tmp/spark-f9d2d82f-57fd-4db6-8b84-856762a42743/userFiles-6e2938a9-7333-4ce9-8e62-b87cc3e383e7/org.apache.kafka_kafka-clients-3.4.1.jar to class loader default
[2025-10-29T03:26:38.414+0700] {subprocess.py:93} INFO - 25/10/29 03:26:38 INFO Executor: Fetching spark://dfeadd712fc3:46717/jars/org.xerial.snappy_snappy-java-1.1.10.3.jar with timestamp 1761683197646
[2025-10-29T03:26:38.414+0700] {subprocess.py:93} INFO - 25/10/29 03:26:38 INFO Utils: Fetching spark://dfeadd712fc3:46717/jars/org.xerial.snappy_snappy-java-1.1.10.3.jar to /tmp/spark-f9d2d82f-57fd-4db6-8b84-856762a42743/userFiles-6e2938a9-7333-4ce9-8e62-b87cc3e383e7/fetchFileTemp2954800021463682611.tmp
[2025-10-29T03:26:38.418+0700] {subprocess.py:93} INFO - 25/10/29 03:26:38 INFO Utils: /tmp/spark-f9d2d82f-57fd-4db6-8b84-856762a42743/userFiles-6e2938a9-7333-4ce9-8e62-b87cc3e383e7/fetchFileTemp2954800021463682611.tmp has been previously copied to /tmp/spark-f9d2d82f-57fd-4db6-8b84-856762a42743/userFiles-6e2938a9-7333-4ce9-8e62-b87cc3e383e7/org.xerial.snappy_snappy-java-1.1.10.3.jar
[2025-10-29T03:26:38.423+0700] {subprocess.py:93} INFO - 25/10/29 03:26:38 INFO Executor: Adding file:/tmp/spark-f9d2d82f-57fd-4db6-8b84-856762a42743/userFiles-6e2938a9-7333-4ce9-8e62-b87cc3e383e7/org.xerial.snappy_snappy-java-1.1.10.3.jar to class loader default
[2025-10-29T03:26:38.424+0700] {subprocess.py:93} INFO - 25/10/29 03:26:38 INFO Executor: Fetching spark://dfeadd712fc3:46717/jars/org.checkerframework_checker-qual-3.31.0.jar with timestamp 1761683197646
[2025-10-29T03:26:38.424+0700] {subprocess.py:93} INFO - 25/10/29 03:26:38 INFO Utils: Fetching spark://dfeadd712fc3:46717/jars/org.checkerframework_checker-qual-3.31.0.jar to /tmp/spark-f9d2d82f-57fd-4db6-8b84-856762a42743/userFiles-6e2938a9-7333-4ce9-8e62-b87cc3e383e7/fetchFileTemp3429516325742750143.tmp
[2025-10-29T03:26:38.425+0700] {subprocess.py:93} INFO - 25/10/29 03:26:38 INFO Utils: /tmp/spark-f9d2d82f-57fd-4db6-8b84-856762a42743/userFiles-6e2938a9-7333-4ce9-8e62-b87cc3e383e7/fetchFileTemp3429516325742750143.tmp has been previously copied to /tmp/spark-f9d2d82f-57fd-4db6-8b84-856762a42743/userFiles-6e2938a9-7333-4ce9-8e62-b87cc3e383e7/org.checkerframework_checker-qual-3.31.0.jar
[2025-10-29T03:26:38.427+0700] {subprocess.py:93} INFO - 25/10/29 03:26:38 INFO Executor: Adding file:/tmp/spark-f9d2d82f-57fd-4db6-8b84-856762a42743/userFiles-6e2938a9-7333-4ce9-8e62-b87cc3e383e7/org.checkerframework_checker-qual-3.31.0.jar to class loader default
[2025-10-29T03:26:38.427+0700] {subprocess.py:93} INFO - 25/10/29 03:26:38 INFO Executor: Fetching spark://dfeadd712fc3:46717/jars/org.apache.spark_spark-token-provider-kafka-0-10_2.12-3.5.1.jar with timestamp 1761683197646
[2025-10-29T03:26:38.428+0700] {subprocess.py:93} INFO - 25/10/29 03:26:38 INFO Utils: Fetching spark://dfeadd712fc3:46717/jars/org.apache.spark_spark-token-provider-kafka-0-10_2.12-3.5.1.jar to /tmp/spark-f9d2d82f-57fd-4db6-8b84-856762a42743/userFiles-6e2938a9-7333-4ce9-8e62-b87cc3e383e7/fetchFileTemp13092445918379574956.tmp
[2025-10-29T03:26:38.428+0700] {subprocess.py:93} INFO - 25/10/29 03:26:38 INFO Utils: /tmp/spark-f9d2d82f-57fd-4db6-8b84-856762a42743/userFiles-6e2938a9-7333-4ce9-8e62-b87cc3e383e7/fetchFileTemp13092445918379574956.tmp has been previously copied to /tmp/spark-f9d2d82f-57fd-4db6-8b84-856762a42743/userFiles-6e2938a9-7333-4ce9-8e62-b87cc3e383e7/org.apache.spark_spark-token-provider-kafka-0-10_2.12-3.5.1.jar
[2025-10-29T03:26:38.431+0700] {subprocess.py:93} INFO - 25/10/29 03:26:38 INFO Executor: Adding file:/tmp/spark-f9d2d82f-57fd-4db6-8b84-856762a42743/userFiles-6e2938a9-7333-4ce9-8e62-b87cc3e383e7/org.apache.spark_spark-token-provider-kafka-0-10_2.12-3.5.1.jar to class loader default
[2025-10-29T03:26:38.431+0700] {subprocess.py:93} INFO - 25/10/29 03:26:38 INFO Executor: Fetching spark://dfeadd712fc3:46717/jars/org.lz4_lz4-java-1.8.0.jar with timestamp 1761683197646
[2025-10-29T03:26:38.431+0700] {subprocess.py:93} INFO - 25/10/29 03:26:38 INFO Utils: Fetching spark://dfeadd712fc3:46717/jars/org.lz4_lz4-java-1.8.0.jar to /tmp/spark-f9d2d82f-57fd-4db6-8b84-856762a42743/userFiles-6e2938a9-7333-4ce9-8e62-b87cc3e383e7/fetchFileTemp1556235463227571506.tmp
[2025-10-29T03:26:38.432+0700] {subprocess.py:93} INFO - 25/10/29 03:26:38 INFO Utils: /tmp/spark-f9d2d82f-57fd-4db6-8b84-856762a42743/userFiles-6e2938a9-7333-4ce9-8e62-b87cc3e383e7/fetchFileTemp1556235463227571506.tmp has been previously copied to /tmp/spark-f9d2d82f-57fd-4db6-8b84-856762a42743/userFiles-6e2938a9-7333-4ce9-8e62-b87cc3e383e7/org.lz4_lz4-java-1.8.0.jar
[2025-10-29T03:26:38.436+0700] {subprocess.py:93} INFO - 25/10/29 03:26:38 INFO Executor: Adding file:/tmp/spark-f9d2d82f-57fd-4db6-8b84-856762a42743/userFiles-6e2938a9-7333-4ce9-8e62-b87cc3e383e7/org.lz4_lz4-java-1.8.0.jar to class loader default
[2025-10-29T03:26:38.436+0700] {subprocess.py:93} INFO - 25/10/29 03:26:38 INFO Executor: Fetching spark://dfeadd712fc3:46717/jars/commons-logging_commons-logging-1.1.3.jar with timestamp 1761683197646
[2025-10-29T03:26:38.436+0700] {subprocess.py:93} INFO - 25/10/29 03:26:38 INFO Utils: Fetching spark://dfeadd712fc3:46717/jars/commons-logging_commons-logging-1.1.3.jar to /tmp/spark-f9d2d82f-57fd-4db6-8b84-856762a42743/userFiles-6e2938a9-7333-4ce9-8e62-b87cc3e383e7/fetchFileTemp8313616363542566784.tmp
[2025-10-29T03:26:38.436+0700] {subprocess.py:93} INFO - 25/10/29 03:26:38 INFO Utils: /tmp/spark-f9d2d82f-57fd-4db6-8b84-856762a42743/userFiles-6e2938a9-7333-4ce9-8e62-b87cc3e383e7/fetchFileTemp8313616363542566784.tmp has been previously copied to /tmp/spark-f9d2d82f-57fd-4db6-8b84-856762a42743/userFiles-6e2938a9-7333-4ce9-8e62-b87cc3e383e7/commons-logging_commons-logging-1.1.3.jar
[2025-10-29T03:26:38.438+0700] {subprocess.py:93} INFO - 25/10/29 03:26:38 INFO Executor: Adding file:/tmp/spark-f9d2d82f-57fd-4db6-8b84-856762a42743/userFiles-6e2938a9-7333-4ce9-8e62-b87cc3e383e7/commons-logging_commons-logging-1.1.3.jar to class loader default
[2025-10-29T03:26:38.438+0700] {subprocess.py:93} INFO - 25/10/29 03:26:38 INFO Executor: Fetching spark://dfeadd712fc3:46717/jars/org.postgresql_postgresql-42.6.0.jar with timestamp 1761683197646
[2025-10-29T03:26:38.439+0700] {subprocess.py:93} INFO - 25/10/29 03:26:38 INFO Utils: Fetching spark://dfeadd712fc3:46717/jars/org.postgresql_postgresql-42.6.0.jar to /tmp/spark-f9d2d82f-57fd-4db6-8b84-856762a42743/userFiles-6e2938a9-7333-4ce9-8e62-b87cc3e383e7/fetchFileTemp14657700164092329530.tmp
[2025-10-29T03:26:38.440+0700] {subprocess.py:93} INFO - 25/10/29 03:26:38 INFO Utils: /tmp/spark-f9d2d82f-57fd-4db6-8b84-856762a42743/userFiles-6e2938a9-7333-4ce9-8e62-b87cc3e383e7/fetchFileTemp14657700164092329530.tmp has been previously copied to /tmp/spark-f9d2d82f-57fd-4db6-8b84-856762a42743/userFiles-6e2938a9-7333-4ce9-8e62-b87cc3e383e7/org.postgresql_postgresql-42.6.0.jar
[2025-10-29T03:26:38.444+0700] {subprocess.py:93} INFO - 25/10/29 03:26:38 INFO Executor: Adding file:/tmp/spark-f9d2d82f-57fd-4db6-8b84-856762a42743/userFiles-6e2938a9-7333-4ce9-8e62-b87cc3e383e7/org.postgresql_postgresql-42.6.0.jar to class loader default
[2025-10-29T03:26:38.444+0700] {subprocess.py:93} INFO - 25/10/29 03:26:38 INFO Executor: Fetching spark://dfeadd712fc3:46717/jars/org.apache.spark_spark-sql-kafka-0-10_2.12-3.5.1.jar with timestamp 1761683197646
[2025-10-29T03:26:38.444+0700] {subprocess.py:93} INFO - 25/10/29 03:26:38 INFO Utils: Fetching spark://dfeadd712fc3:46717/jars/org.apache.spark_spark-sql-kafka-0-10_2.12-3.5.1.jar to /tmp/spark-f9d2d82f-57fd-4db6-8b84-856762a42743/userFiles-6e2938a9-7333-4ce9-8e62-b87cc3e383e7/fetchFileTemp7329811033002300558.tmp
[2025-10-29T03:26:38.445+0700] {subprocess.py:93} INFO - 25/10/29 03:26:38 INFO Utils: /tmp/spark-f9d2d82f-57fd-4db6-8b84-856762a42743/userFiles-6e2938a9-7333-4ce9-8e62-b87cc3e383e7/fetchFileTemp7329811033002300558.tmp has been previously copied to /tmp/spark-f9d2d82f-57fd-4db6-8b84-856762a42743/userFiles-6e2938a9-7333-4ce9-8e62-b87cc3e383e7/org.apache.spark_spark-sql-kafka-0-10_2.12-3.5.1.jar
[2025-10-29T03:26:38.448+0700] {subprocess.py:93} INFO - 25/10/29 03:26:38 INFO Executor: Adding file:/tmp/spark-f9d2d82f-57fd-4db6-8b84-856762a42743/userFiles-6e2938a9-7333-4ce9-8e62-b87cc3e383e7/org.apache.spark_spark-sql-kafka-0-10_2.12-3.5.1.jar to class loader default
[2025-10-29T03:26:38.448+0700] {subprocess.py:93} INFO - 25/10/29 03:26:38 INFO Executor: Fetching spark://dfeadd712fc3:46717/jars/org.apache.hadoop_hadoop-client-runtime-3.3.4.jar with timestamp 1761683197646
[2025-10-29T03:26:38.448+0700] {subprocess.py:93} INFO - 25/10/29 03:26:38 INFO Utils: Fetching spark://dfeadd712fc3:46717/jars/org.apache.hadoop_hadoop-client-runtime-3.3.4.jar to /tmp/spark-f9d2d82f-57fd-4db6-8b84-856762a42743/userFiles-6e2938a9-7333-4ce9-8e62-b87cc3e383e7/fetchFileTemp10490653804755343320.tmp
[2025-10-29T03:26:38.538+0700] {subprocess.py:93} INFO - 25/10/29 03:26:38 INFO Utils: /tmp/spark-f9d2d82f-57fd-4db6-8b84-856762a42743/userFiles-6e2938a9-7333-4ce9-8e62-b87cc3e383e7/fetchFileTemp10490653804755343320.tmp has been previously copied to /tmp/spark-f9d2d82f-57fd-4db6-8b84-856762a42743/userFiles-6e2938a9-7333-4ce9-8e62-b87cc3e383e7/org.apache.hadoop_hadoop-client-runtime-3.3.4.jar
[2025-10-29T03:26:38.543+0700] {subprocess.py:93} INFO - 25/10/29 03:26:38 INFO Executor: Adding file:/tmp/spark-f9d2d82f-57fd-4db6-8b84-856762a42743/userFiles-6e2938a9-7333-4ce9-8e62-b87cc3e383e7/org.apache.hadoop_hadoop-client-runtime-3.3.4.jar to class loader default
[2025-10-29T03:26:38.544+0700] {subprocess.py:93} INFO - 25/10/29 03:26:38 INFO Executor: Fetching spark://dfeadd712fc3:46717/jars/org.apache.commons_commons-pool2-2.11.1.jar with timestamp 1761683197646
[2025-10-29T03:26:38.544+0700] {subprocess.py:93} INFO - 25/10/29 03:26:38 INFO Utils: Fetching spark://dfeadd712fc3:46717/jars/org.apache.commons_commons-pool2-2.11.1.jar to /tmp/spark-f9d2d82f-57fd-4db6-8b84-856762a42743/userFiles-6e2938a9-7333-4ce9-8e62-b87cc3e383e7/fetchFileTemp6241040673366080022.tmp
[2025-10-29T03:26:38.545+0700] {subprocess.py:93} INFO - 25/10/29 03:26:38 INFO Utils: /tmp/spark-f9d2d82f-57fd-4db6-8b84-856762a42743/userFiles-6e2938a9-7333-4ce9-8e62-b87cc3e383e7/fetchFileTemp6241040673366080022.tmp has been previously copied to /tmp/spark-f9d2d82f-57fd-4db6-8b84-856762a42743/userFiles-6e2938a9-7333-4ce9-8e62-b87cc3e383e7/org.apache.commons_commons-pool2-2.11.1.jar
[2025-10-29T03:26:38.547+0700] {subprocess.py:93} INFO - 25/10/29 03:26:38 INFO Executor: Adding file:/tmp/spark-f9d2d82f-57fd-4db6-8b84-856762a42743/userFiles-6e2938a9-7333-4ce9-8e62-b87cc3e383e7/org.apache.commons_commons-pool2-2.11.1.jar to class loader default
[2025-10-29T03:26:38.552+0700] {subprocess.py:93} INFO - 25/10/29 03:26:38 INFO Utils: Successfully started service 'org.apache.spark.network.netty.NettyBlockTransferService' on port 35231.
[2025-10-29T03:26:38.552+0700] {subprocess.py:93} INFO - 25/10/29 03:26:38 INFO NettyBlockTransferService: Server created on dfeadd712fc3:35231
[2025-10-29T03:26:38.553+0700] {subprocess.py:93} INFO - 25/10/29 03:26:38 INFO BlockManager: Using org.apache.spark.storage.RandomBlockReplicationPolicy for block replication policy
[2025-10-29T03:26:38.555+0700] {subprocess.py:93} INFO - 25/10/29 03:26:38 INFO BlockManagerMaster: Registering BlockManager BlockManagerId(driver, dfeadd712fc3, 35231, None)
[2025-10-29T03:26:38.557+0700] {subprocess.py:93} INFO - 25/10/29 03:26:38 INFO BlockManagerMasterEndpoint: Registering block manager dfeadd712fc3:35231 with 434.4 MiB RAM, BlockManagerId(driver, dfeadd712fc3, 35231, None)
[2025-10-29T03:26:38.558+0700] {subprocess.py:93} INFO - 25/10/29 03:26:38 INFO BlockManagerMaster: Registered BlockManager BlockManagerId(driver, dfeadd712fc3, 35231, None)
[2025-10-29T03:26:38.559+0700] {subprocess.py:93} INFO - 25/10/29 03:26:38 INFO BlockManager: Initialized BlockManager: BlockManagerId(driver, dfeadd712fc3, 35231, None)
[2025-10-29T03:26:40.384+0700] {subprocess.py:93} INFO - 25/10/29 03:26:40 WARN ResolveWriteToStream: spark.sql.adaptive.enabled is not supported in streaming DataFrames/Datasets and will be disabled.
[2025-10-29T03:26:40.484+0700] {subprocess.py:93} INFO - 🚀 Streaming job started — đang lắng nghe dữ liệu từ Kafka...
[2025-10-29T03:26:40.581+0700] {subprocess.py:93} INFO - 25/10/29 03:26:40 WARN AdminClientConfig: These configurations '[key.deserializer, value.deserializer, enable.auto.commit, max.poll.records, auto.offset.reset]' were supplied but are not used yet.
[2025-10-29T03:26:41.803+0700] {subprocess.py:93} INFO - [Batch 0] ⚠️ Không có dữ liệu mới.
[2025-10-29T03:26:46.173+0700] {subprocess.py:93} INFO - 25/10/29 03:26:46 WARN KafkaDataConsumer: KafkaDataConsumer is not running in UninterruptibleThread. It may hang when KafkaDataConsumer's methods are interrupted because of KAFKA-1894
[2025-10-29T03:26:46.644+0700] {subprocess.py:93} INFO - 25/10/29 03:26:46 WARN KafkaDataConsumer: KafkaDataConsumer is not running in UninterruptibleThread. It may hang when KafkaDataConsumer's methods are interrupted because of KAFKA-1894
[2025-10-29T03:26:46.645+0700] {subprocess.py:93} INFO - 25/10/29 03:26:46 WARN KafkaDataConsumer: KafkaDataConsumer is not running in UninterruptibleThread. It may hang when KafkaDataConsumer's methods are interrupted because of KAFKA-1894
[2025-10-29T03:26:46.645+0700] {subprocess.py:93} INFO - 25/10/29 03:26:46 WARN KafkaDataConsumer: KafkaDataConsumer is not running in UninterruptibleThread. It may hang when KafkaDataConsumer's methods are interrupted because of KAFKA-1894
[2025-10-29T03:26:46.645+0700] {subprocess.py:93} INFO - 25/10/29 03:26:46 WARN KafkaDataConsumer: KafkaDataConsumer is not running in UninterruptibleThread. It may hang when KafkaDataConsumer's methods are interrupted because of KAFKA-1894
[2025-10-29T03:26:46.645+0700] {subprocess.py:93} INFO - 25/10/29 03:26:46 WARN KafkaDataConsumer: KafkaDataConsumer is not running in UninterruptibleThread. It may hang when KafkaDataConsumer's methods are interrupted because of KAFKA-1894
[2025-10-29T03:26:46.646+0700] {subprocess.py:93} INFO - 25/10/29 03:26:46 WARN KafkaDataConsumer: KafkaDataConsumer is not running in UninterruptibleThread. It may hang when KafkaDataConsumer's methods are interrupted because of KAFKA-1894
[2025-10-29T03:26:46.646+0700] {subprocess.py:93} INFO - 25/10/29 03:26:46 WARN KafkaDataConsumer: KafkaDataConsumer is not running in UninterruptibleThread. It may hang when KafkaDataConsumer's methods are interrupted because of KAFKA-1894
[2025-10-29T03:26:46.646+0700] {subprocess.py:93} INFO - 25/10/29 03:26:46 WARN KafkaDataConsumer: KafkaDataConsumer is not running in UninterruptibleThread. It may hang when KafkaDataConsumer's methods are interrupted because of KAFKA-1894
[2025-10-29T03:26:49.100+0700] {subprocess.py:93} INFO - There was a problem when trying to write in your cache folder (/home/***/.cache/huggingface/hub). You should set the environment variable TRANSFORMERS_CACHE to a writable directory.
[2025-10-29T03:26:49.940+0700] {subprocess.py:93} INFO - 25/10/29 03:26:49 ERROR Executor: Exception in task 0.0 in stage 2.0 (TID 1)
[2025-10-29T03:26:49.941+0700] {subprocess.py:93} INFO - org.apache.spark.api.python.PythonException: Traceback (most recent call last):
[2025-10-29T03:26:49.941+0700] {subprocess.py:93} INFO -   File "/opt/***/projects/absa_streaming/scripts/consumer_postgres_streaming.py", line 73, in absa_infer_udf
[2025-10-29T03:26:49.941+0700] {subprocess.py:93} INFO -     _tokenizer = AutoTokenizer.from_pretrained(MODEL_NAME, use_fast=True)
[2025-10-29T03:26:49.941+0700] {subprocess.py:93} INFO -                  ^^^^^^^^^^^^^^^^^^^^^^^^^^^^^^^^^^^^^^^^^^^^^^^^^^^^^^^^
[2025-10-29T03:26:49.942+0700] {subprocess.py:93} INFO -   File "/home/***/.local/lib/python3.12/site-packages/transformers/models/auto/tokenization_auto.py", line 817, in from_pretrained
[2025-10-29T03:26:49.942+0700] {subprocess.py:93} INFO -     tokenizer_config = get_tokenizer_config(pretrained_model_name_or_path, **kwargs)
[2025-10-29T03:26:49.942+0700] {subprocess.py:93} INFO -                        ^^^^^^^^^^^^^^^^^^^^^^^^^^^^^^^^^^^^^^^^^^^^^^^^^^^^^^^^^^^^^
[2025-10-29T03:26:49.942+0700] {subprocess.py:93} INFO -   File "/home/***/.local/lib/python3.12/site-packages/transformers/models/auto/tokenization_auto.py", line 649, in get_tokenizer_config
[2025-10-29T03:26:49.942+0700] {subprocess.py:93} INFO -     resolved_config_file = cached_file(
[2025-10-29T03:26:49.942+0700] {subprocess.py:93} INFO -                            ^^^^^^^^^^^^
[2025-10-29T03:26:49.942+0700] {subprocess.py:93} INFO -   File "/home/***/.local/lib/python3.12/site-packages/transformers/utils/hub.py", line 462, in cached_file
[2025-10-29T03:26:49.942+0700] {subprocess.py:93} INFO -     except HFValidationError as e:
[2025-10-29T03:26:49.942+0700] {subprocess.py:93} INFO -   File "/home/***/.local/lib/python3.12/site-packages/huggingface_hub/utils/_validators.py", line 114, in _inner_fn
[2025-10-29T03:26:49.943+0700] {subprocess.py:93} INFO -     return fn(*args, **kwargs)
[2025-10-29T03:26:49.943+0700] {subprocess.py:93} INFO -            ^^^^^^^^^^^^^^^^^^^
[2025-10-29T03:26:49.943+0700] {subprocess.py:93} INFO -   File "/home/***/.local/lib/python3.12/site-packages/huggingface_hub/file_download.py", line 1007, in hf_hub_download
[2025-10-29T03:26:49.943+0700] {subprocess.py:93} INFO -     return _hf_hub_download_to_cache_dir(
[2025-10-29T03:26:49.943+0700] {subprocess.py:93} INFO -            ^^^^^^^^^^^^^^^^^^^^^^^^^^^^^^
[2025-10-29T03:26:49.943+0700] {subprocess.py:93} INFO -   File "/home/***/.local/lib/python3.12/site-packages/huggingface_hub/file_download.py", line 1124, in _hf_hub_download_to_cache_dir
[2025-10-29T03:26:49.943+0700] {subprocess.py:93} INFO -     os.makedirs(os.path.dirname(blob_path), exist_ok=True)
[2025-10-29T03:26:49.943+0700] {subprocess.py:93} INFO -   File "<frozen os>", line 216, in makedirs
[2025-10-29T03:26:49.944+0700] {subprocess.py:93} INFO -   File "<frozen os>", line 216, in makedirs
[2025-10-29T03:26:49.944+0700] {subprocess.py:93} INFO -   File "<frozen os>", line 216, in makedirs
[2025-10-29T03:26:49.944+0700] {subprocess.py:93} INFO -   File "<frozen os>", line 230, in makedirs
[2025-10-29T03:26:49.944+0700] {subprocess.py:93} INFO - PermissionError: [Errno 13] Permission denied: '/home/***/.cache/huggingface'
[2025-10-29T03:26:49.944+0700] {subprocess.py:93} INFO - 
[2025-10-29T03:26:49.944+0700] {subprocess.py:93} INFO - 	at org.apache.spark.api.python.BasePythonRunner$ReaderIterator.handlePythonException(PythonRunner.scala:572)
[2025-10-29T03:26:49.944+0700] {subprocess.py:93} INFO - 	at org.apache.spark.sql.execution.python.PythonArrowOutput$$anon$1.read(PythonArrowOutput.scala:118)
[2025-10-29T03:26:49.944+0700] {subprocess.py:93} INFO - 	at org.apache.spark.api.python.BasePythonRunner$ReaderIterator.hasNext(PythonRunner.scala:525)
[2025-10-29T03:26:49.944+0700] {subprocess.py:93} INFO - 	at org.apache.spark.InterruptibleIterator.hasNext(InterruptibleIterator.scala:37)
[2025-10-29T03:26:49.945+0700] {subprocess.py:93} INFO - 	at scala.collection.Iterator$$anon$11.hasNext(Iterator.scala:491)
[2025-10-29T03:26:49.945+0700] {subprocess.py:93} INFO - 	at scala.collection.Iterator$$anon$10.hasNext(Iterator.scala:460)
[2025-10-29T03:26:49.945+0700] {subprocess.py:93} INFO - 	at scala.collection.Iterator$$anon$10.hasNext(Iterator.scala:460)
[2025-10-29T03:26:49.945+0700] {subprocess.py:93} INFO - 	at org.apache.spark.sql.catalyst.expressions.GeneratedClass$GeneratedIteratorForCodegenStage1.hashAgg_doAggregateWithoutKey_0$(Unknown Source)
[2025-10-29T03:26:49.945+0700] {subprocess.py:93} INFO - 	at org.apache.spark.sql.catalyst.expressions.GeneratedClass$GeneratedIteratorForCodegenStage1.processNext(Unknown Source)
[2025-10-29T03:26:49.945+0700] {subprocess.py:93} INFO - 	at org.apache.spark.sql.execution.BufferedRowIterator.hasNext(BufferedRowIterator.java:43)
[2025-10-29T03:26:49.945+0700] {subprocess.py:93} INFO - 	at org.apache.spark.sql.execution.WholeStageCodegenEvaluatorFactory$WholeStageCodegenPartitionEvaluator$$anon$1.hasNext(WholeStageCodegenEvaluatorFactory.scala:43)
[2025-10-29T03:26:49.945+0700] {subprocess.py:93} INFO - 	at scala.collection.Iterator$$anon$10.hasNext(Iterator.scala:460)
[2025-10-29T03:26:49.945+0700] {subprocess.py:93} INFO - 	at org.apache.spark.shuffle.sort.BypassMergeSortShuffleWriter.write(BypassMergeSortShuffleWriter.java:140)
[2025-10-29T03:26:49.946+0700] {subprocess.py:93} INFO - 	at org.apache.spark.shuffle.ShuffleWriteProcessor.write(ShuffleWriteProcessor.scala:59)
[2025-10-29T03:26:49.946+0700] {subprocess.py:93} INFO - 	at org.apache.spark.scheduler.ShuffleMapTask.runTask(ShuffleMapTask.scala:104)
[2025-10-29T03:26:49.946+0700] {subprocess.py:93} INFO - 	at org.apache.spark.scheduler.ShuffleMapTask.runTask(ShuffleMapTask.scala:54)
[2025-10-29T03:26:49.946+0700] {subprocess.py:93} INFO - 	at org.apache.spark.TaskContext.runTaskWithListeners(TaskContext.scala:166)
[2025-10-29T03:26:49.946+0700] {subprocess.py:93} INFO - 	at org.apache.spark.scheduler.Task.run(Task.scala:141)
[2025-10-29T03:26:49.946+0700] {subprocess.py:93} INFO - 	at org.apache.spark.executor.Executor$TaskRunner.$anonfun$run$4(Executor.scala:620)
[2025-10-29T03:26:49.946+0700] {subprocess.py:93} INFO - 	at org.apache.spark.util.SparkErrorUtils.tryWithSafeFinally(SparkErrorUtils.scala:64)
[2025-10-29T03:26:49.946+0700] {subprocess.py:93} INFO - 	at org.apache.spark.util.SparkErrorUtils.tryWithSafeFinally$(SparkErrorUtils.scala:61)
[2025-10-29T03:26:49.946+0700] {subprocess.py:93} INFO - 	at org.apache.spark.util.Utils$.tryWithSafeFinally(Utils.scala:94)
[2025-10-29T03:26:49.946+0700] {subprocess.py:93} INFO - 	at org.apache.spark.executor.Executor$TaskRunner.run(Executor.scala:623)
[2025-10-29T03:26:49.947+0700] {subprocess.py:93} INFO - 	at java.base/java.util.concurrent.ThreadPoolExecutor.runWorker(ThreadPoolExecutor.java:1136)
[2025-10-29T03:26:49.947+0700] {subprocess.py:93} INFO - 	at java.base/java.util.concurrent.ThreadPoolExecutor$Worker.run(ThreadPoolExecutor.java:635)
[2025-10-29T03:26:49.947+0700] {subprocess.py:93} INFO - 	at java.base/java.lang.Thread.run(Thread.java:840)
[2025-10-29T03:26:49.949+0700] {subprocess.py:93} INFO - 25/10/29 03:26:49 WARN TaskSetManager: Lost task 0.0 in stage 2.0 (TID 1) (dfeadd712fc3 executor driver): org.apache.spark.api.python.PythonException: Traceback (most recent call last):
[2025-10-29T03:26:49.949+0700] {subprocess.py:93} INFO -   File "/opt/***/projects/absa_streaming/scripts/consumer_postgres_streaming.py", line 73, in absa_infer_udf
[2025-10-29T03:26:49.949+0700] {subprocess.py:93} INFO -     _tokenizer = AutoTokenizer.from_pretrained(MODEL_NAME, use_fast=True)
[2025-10-29T03:26:49.949+0700] {subprocess.py:93} INFO -                  ^^^^^^^^^^^^^^^^^^^^^^^^^^^^^^^^^^^^^^^^^^^^^^^^^^^^^^^^
[2025-10-29T03:26:49.950+0700] {subprocess.py:93} INFO -   File "/home/***/.local/lib/python3.12/site-packages/transformers/models/auto/tokenization_auto.py", line 817, in from_pretrained
[2025-10-29T03:26:49.950+0700] {subprocess.py:93} INFO -     tokenizer_config = get_tokenizer_config(pretrained_model_name_or_path, **kwargs)
[2025-10-29T03:26:49.950+0700] {subprocess.py:93} INFO -                        ^^^^^^^^^^^^^^^^^^^^^^^^^^^^^^^^^^^^^^^^^^^^^^^^^^^^^^^^^^^^^
[2025-10-29T03:26:49.950+0700] {subprocess.py:93} INFO -   File "/home/***/.local/lib/python3.12/site-packages/transformers/models/auto/tokenization_auto.py", line 649, in get_tokenizer_config
[2025-10-29T03:26:49.951+0700] {subprocess.py:93} INFO -     resolved_config_file = cached_file(
[2025-10-29T03:26:49.951+0700] {subprocess.py:93} INFO -                            ^^^^^^^^^^^^
[2025-10-29T03:26:49.951+0700] {subprocess.py:93} INFO -   File "/home/***/.local/lib/python3.12/site-packages/transformers/utils/hub.py", line 462, in cached_file
[2025-10-29T03:26:49.951+0700] {subprocess.py:93} INFO -     except HFValidationError as e:
[2025-10-29T03:26:49.951+0700] {subprocess.py:93} INFO -   File "/home/***/.local/lib/python3.12/site-packages/huggingface_hub/utils/_validators.py", line 114, in _inner_fn
[2025-10-29T03:26:49.951+0700] {subprocess.py:93} INFO -     return fn(*args, **kwargs)
[2025-10-29T03:26:49.952+0700] {subprocess.py:93} INFO -            ^^^^^^^^^^^^^^^^^^^
[2025-10-29T03:26:49.952+0700] {subprocess.py:93} INFO -   File "/home/***/.local/lib/python3.12/site-packages/huggingface_hub/file_download.py", line 1007, in hf_hub_download
[2025-10-29T03:26:49.952+0700] {subprocess.py:93} INFO -     return _hf_hub_download_to_cache_dir(
[2025-10-29T03:26:49.952+0700] {subprocess.py:93} INFO -            ^^^^^^^^^^^^^^^^^^^^^^^^^^^^^^
[2025-10-29T03:26:49.952+0700] {subprocess.py:93} INFO -   File "/home/***/.local/lib/python3.12/site-packages/huggingface_hub/file_download.py", line 1124, in _hf_hub_download_to_cache_dir
[2025-10-29T03:26:49.952+0700] {subprocess.py:93} INFO -     os.makedirs(os.path.dirname(blob_path), exist_ok=True)
[2025-10-29T03:26:49.952+0700] {subprocess.py:93} INFO -   File "<frozen os>", line 216, in makedirs
[2025-10-29T03:26:49.952+0700] {subprocess.py:93} INFO -   File "<frozen os>", line 216, in makedirs
[2025-10-29T03:26:49.952+0700] {subprocess.py:93} INFO -   File "<frozen os>", line 216, in makedirs
[2025-10-29T03:26:49.953+0700] {subprocess.py:93} INFO -   File "<frozen os>", line 230, in makedirs
[2025-10-29T03:26:49.953+0700] {subprocess.py:93} INFO - PermissionError: [Errno 13] Permission denied: '/home/***/.cache/huggingface'
[2025-10-29T03:26:49.953+0700] {subprocess.py:93} INFO - 
[2025-10-29T03:26:49.953+0700] {subprocess.py:93} INFO - 	at org.apache.spark.api.python.BasePythonRunner$ReaderIterator.handlePythonException(PythonRunner.scala:572)
[2025-10-29T03:26:49.953+0700] {subprocess.py:93} INFO - 	at org.apache.spark.sql.execution.python.PythonArrowOutput$$anon$1.read(PythonArrowOutput.scala:118)
[2025-10-29T03:26:49.953+0700] {subprocess.py:93} INFO - 	at org.apache.spark.api.python.BasePythonRunner$ReaderIterator.hasNext(PythonRunner.scala:525)
[2025-10-29T03:26:49.953+0700] {subprocess.py:93} INFO - 	at org.apache.spark.InterruptibleIterator.hasNext(InterruptibleIterator.scala:37)
[2025-10-29T03:26:49.953+0700] {subprocess.py:93} INFO - 	at scala.collection.Iterator$$anon$11.hasNext(Iterator.scala:491)
[2025-10-29T03:26:49.953+0700] {subprocess.py:93} INFO - 	at scala.collection.Iterator$$anon$10.hasNext(Iterator.scala:460)
[2025-10-29T03:26:49.954+0700] {subprocess.py:93} INFO - 	at scala.collection.Iterator$$anon$10.hasNext(Iterator.scala:460)
[2025-10-29T03:26:49.954+0700] {subprocess.py:93} INFO - 	at org.apache.spark.sql.catalyst.expressions.GeneratedClass$GeneratedIteratorForCodegenStage1.hashAgg_doAggregateWithoutKey_0$(Unknown Source)
[2025-10-29T03:26:49.954+0700] {subprocess.py:93} INFO - 	at org.apache.spark.sql.catalyst.expressions.GeneratedClass$GeneratedIteratorForCodegenStage1.processNext(Unknown Source)
[2025-10-29T03:26:49.954+0700] {subprocess.py:93} INFO - 	at org.apache.spark.sql.execution.BufferedRowIterator.hasNext(BufferedRowIterator.java:43)
[2025-10-29T03:26:49.954+0700] {subprocess.py:93} INFO - 	at org.apache.spark.sql.execution.WholeStageCodegenEvaluatorFactory$WholeStageCodegenPartitionEvaluator$$anon$1.hasNext(WholeStageCodegenEvaluatorFactory.scala:43)
[2025-10-29T03:26:49.954+0700] {subprocess.py:93} INFO - 	at scala.collection.Iterator$$anon$10.hasNext(Iterator.scala:460)
[2025-10-29T03:26:49.954+0700] {subprocess.py:93} INFO - 	at org.apache.spark.shuffle.sort.BypassMergeSortShuffleWriter.write(BypassMergeSortShuffleWriter.java:140)
[2025-10-29T03:26:49.954+0700] {subprocess.py:93} INFO - 	at org.apache.spark.shuffle.ShuffleWriteProcessor.write(ShuffleWriteProcessor.scala:59)
[2025-10-29T03:26:49.954+0700] {subprocess.py:93} INFO - 	at org.apache.spark.scheduler.ShuffleMapTask.runTask(ShuffleMapTask.scala:104)
[2025-10-29T03:26:49.955+0700] {subprocess.py:93} INFO - 	at org.apache.spark.scheduler.ShuffleMapTask.runTask(ShuffleMapTask.scala:54)
[2025-10-29T03:26:49.955+0700] {subprocess.py:93} INFO - 	at org.apache.spark.TaskContext.runTaskWithListeners(TaskContext.scala:166)
[2025-10-29T03:26:49.955+0700] {subprocess.py:93} INFO - 	at org.apache.spark.scheduler.Task.run(Task.scala:141)
[2025-10-29T03:26:49.955+0700] {subprocess.py:93} INFO - 	at org.apache.spark.executor.Executor$TaskRunner.$anonfun$run$4(Executor.scala:620)
[2025-10-29T03:26:49.955+0700] {subprocess.py:93} INFO - 	at org.apache.spark.util.SparkErrorUtils.tryWithSafeFinally(SparkErrorUtils.scala:64)
[2025-10-29T03:26:49.955+0700] {subprocess.py:93} INFO - 	at org.apache.spark.util.SparkErrorUtils.tryWithSafeFinally$(SparkErrorUtils.scala:61)
[2025-10-29T03:26:49.955+0700] {subprocess.py:93} INFO - 	at org.apache.spark.util.Utils$.tryWithSafeFinally(Utils.scala:94)
[2025-10-29T03:26:49.955+0700] {subprocess.py:93} INFO - 	at org.apache.spark.executor.Executor$TaskRunner.run(Executor.scala:623)
[2025-10-29T03:26:49.955+0700] {subprocess.py:93} INFO - 	at java.base/java.util.concurrent.ThreadPoolExecutor.runWorker(ThreadPoolExecutor.java:1136)
[2025-10-29T03:26:49.956+0700] {subprocess.py:93} INFO - 	at java.base/java.util.concurrent.ThreadPoolExecutor$Worker.run(ThreadPoolExecutor.java:635)
[2025-10-29T03:26:49.956+0700] {subprocess.py:93} INFO - 	at java.base/java.lang.Thread.run(Thread.java:840)
[2025-10-29T03:26:49.956+0700] {subprocess.py:93} INFO - 
[2025-10-29T03:26:49.956+0700] {subprocess.py:93} INFO - 25/10/29 03:26:49 ERROR TaskSetManager: Task 0 in stage 2.0 failed 1 times; aborting job
[2025-10-29T03:26:50.023+0700] {subprocess.py:93} INFO - 25/10/29 03:26:50 ERROR MicroBatchExecution: Query [id = f273d094-ca0b-452a-9664-79608c6d243a, runId = b67d4410-517c-4522-80ab-a1c5640c6289] terminated with error
[2025-10-29T03:26:50.023+0700] {subprocess.py:93} INFO - py4j.Py4JException: An exception was raised by the Python Proxy. Return Message: Traceback (most recent call last):
[2025-10-29T03:26:50.024+0700] {subprocess.py:93} INFO -   File "/home/***/.local/lib/python3.12/site-packages/pyspark/python/lib/py4j-0.10.9.7-src.zip/py4j/clientserver.py", line 617, in _call_proxy
[2025-10-29T03:26:50.024+0700] {subprocess.py:93} INFO -     return_value = getattr(self.pool[obj_id], method)(*params)
[2025-10-29T03:26:50.024+0700] {subprocess.py:93} INFO -                    ^^^^^^^^^^^^^^^^^^^^^^^^^^^^^^^^^^^^^^^^^^^
[2025-10-29T03:26:50.024+0700] {subprocess.py:93} INFO -   File "/home/***/.local/lib/python3.12/site-packages/pyspark/python/lib/pyspark.zip/pyspark/sql/utils.py", line 120, in call
[2025-10-29T03:26:50.024+0700] {subprocess.py:93} INFO -     raise e
[2025-10-29T03:26:50.024+0700] {subprocess.py:93} INFO -   File "/home/***/.local/lib/python3.12/site-packages/pyspark/python/lib/pyspark.zip/pyspark/sql/utils.py", line 117, in call
[2025-10-29T03:26:50.024+0700] {subprocess.py:93} INFO -     self.func(DataFrame(jdf, wrapped_session_jdf), batch_id)
[2025-10-29T03:26:50.024+0700] {subprocess.py:93} INFO -   File "/opt/***/projects/absa_streaming/scripts/consumer_postgres_streaming.py", line 125, in write_to_postgres
[2025-10-29T03:26:50.025+0700] {subprocess.py:93} INFO -     total_rows = batch_df.count()
[2025-10-29T03:26:50.025+0700] {subprocess.py:93} INFO -                  ^^^^^^^^^^^^^^^^
[2025-10-29T03:26:50.025+0700] {subprocess.py:93} INFO -   File "/home/***/.local/lib/python3.12/site-packages/pyspark/python/lib/pyspark.zip/pyspark/sql/dataframe.py", line 1238, in count
[2025-10-29T03:26:50.025+0700] {subprocess.py:93} INFO -     return int(self._jdf.count())
[2025-10-29T03:26:50.025+0700] {subprocess.py:93} INFO -                ^^^^^^^^^^^^^^^^^
[2025-10-29T03:26:50.025+0700] {subprocess.py:93} INFO -   File "/home/***/.local/lib/python3.12/site-packages/pyspark/python/lib/py4j-0.10.9.7-src.zip/py4j/java_gateway.py", line 1322, in __call__
[2025-10-29T03:26:50.025+0700] {subprocess.py:93} INFO -     return_value = get_return_value(
[2025-10-29T03:26:50.025+0700] {subprocess.py:93} INFO -                    ^^^^^^^^^^^^^^^^^
[2025-10-29T03:26:50.025+0700] {subprocess.py:93} INFO -   File "/home/***/.local/lib/python3.12/site-packages/pyspark/python/lib/pyspark.zip/pyspark/errors/exceptions/captured.py", line 185, in deco
[2025-10-29T03:26:50.026+0700] {subprocess.py:93} INFO -     raise converted from None
[2025-10-29T03:26:50.026+0700] {subprocess.py:93} INFO - pyspark.errors.exceptions.captured.PythonException:
[2025-10-29T03:26:50.026+0700] {subprocess.py:93} INFO -   An exception was thrown from the Python worker. Please see the stack trace below.
[2025-10-29T03:26:50.026+0700] {subprocess.py:93} INFO - Traceback (most recent call last):
[2025-10-29T03:26:50.026+0700] {subprocess.py:93} INFO -   File "/opt/***/projects/absa_streaming/scripts/consumer_postgres_streaming.py", line 73, in absa_infer_udf
[2025-10-29T03:26:50.026+0700] {subprocess.py:93} INFO -     _tokenizer = AutoTokenizer.from_pretrained(MODEL_NAME, use_fast=True)
[2025-10-29T03:26:50.026+0700] {subprocess.py:93} INFO -                  ^^^^^^^^^^^^^^^^^^^^^^^^^^^^^^^^^^^^^^^^^^^^^^^^^^^^^^^^
[2025-10-29T03:26:50.026+0700] {subprocess.py:93} INFO -   File "/home/***/.local/lib/python3.12/site-packages/transformers/models/auto/tokenization_auto.py", line 817, in from_pretrained
[2025-10-29T03:26:50.026+0700] {subprocess.py:93} INFO -     tokenizer_config = get_tokenizer_config(pretrained_model_name_or_path, **kwargs)
[2025-10-29T03:26:50.026+0700] {subprocess.py:93} INFO -                        ^^^^^^^^^^^^^^^^^^^^^^^^^^^^^^^^^^^^^^^^^^^^^^^^^^^^^^^^^^^^^
[2025-10-29T03:26:50.027+0700] {subprocess.py:93} INFO -   File "/home/***/.local/lib/python3.12/site-packages/transformers/models/auto/tokenization_auto.py", line 649, in get_tokenizer_config
[2025-10-29T03:26:50.027+0700] {subprocess.py:93} INFO -     resolved_config_file = cached_file(
[2025-10-29T03:26:50.027+0700] {subprocess.py:93} INFO -                            ^^^^^^^^^^^^
[2025-10-29T03:26:50.027+0700] {subprocess.py:93} INFO -   File "/home/***/.local/lib/python3.12/site-packages/transformers/utils/hub.py", line 462, in cached_file
[2025-10-29T03:26:50.027+0700] {subprocess.py:93} INFO -     except HFValidationError as e:
[2025-10-29T03:26:50.027+0700] {subprocess.py:93} INFO -   File "/home/***/.local/lib/python3.12/site-packages/huggingface_hub/utils/_validators.py", line 114, in _inner_fn
[2025-10-29T03:26:50.027+0700] {subprocess.py:93} INFO -     return fn(*args, **kwargs)
[2025-10-29T03:26:50.028+0700] {subprocess.py:93} INFO -            ^^^^^^^^^^^^^^^^^^^
[2025-10-29T03:26:50.028+0700] {subprocess.py:93} INFO -   File "/home/***/.local/lib/python3.12/site-packages/huggingface_hub/file_download.py", line 1007, in hf_hub_download
[2025-10-29T03:26:50.028+0700] {subprocess.py:93} INFO -     return _hf_hub_download_to_cache_dir(
[2025-10-29T03:26:50.028+0700] {subprocess.py:93} INFO -            ^^^^^^^^^^^^^^^^^^^^^^^^^^^^^^
[2025-10-29T03:26:50.028+0700] {subprocess.py:93} INFO -   File "/home/***/.local/lib/python3.12/site-packages/huggingface_hub/file_download.py", line 1124, in _hf_hub_download_to_cache_dir
[2025-10-29T03:26:50.028+0700] {subprocess.py:93} INFO -     os.makedirs(os.path.dirname(blob_path), exist_ok=True)
[2025-10-29T03:26:50.028+0700] {subprocess.py:93} INFO -   File "<frozen os>", line 216, in makedirs
[2025-10-29T03:26:50.028+0700] {subprocess.py:93} INFO -   File "<frozen os>", line 216, in makedirs
[2025-10-29T03:26:50.028+0700] {subprocess.py:93} INFO -   File "<frozen os>", line 216, in makedirs
[2025-10-29T03:26:50.029+0700] {subprocess.py:93} INFO -   File "<frozen os>", line 230, in makedirs
[2025-10-29T03:26:50.029+0700] {subprocess.py:93} INFO - PermissionError: [Errno 13] Permission denied: '/home/***/.cache/huggingface'
[2025-10-29T03:26:50.029+0700] {subprocess.py:93} INFO - 
[2025-10-29T03:26:50.029+0700] {subprocess.py:93} INFO - 
[2025-10-29T03:26:50.029+0700] {subprocess.py:93} INFO - 	at py4j.Protocol.getReturnValue(Protocol.java:476)
[2025-10-29T03:26:50.029+0700] {subprocess.py:93} INFO - 	at py4j.reflection.PythonProxyHandler.invoke(PythonProxyHandler.java:108)
[2025-10-29T03:26:50.029+0700] {subprocess.py:93} INFO - 	at jdk.proxy3/jdk.proxy3.$Proxy32.call(Unknown Source)
[2025-10-29T03:26:50.029+0700] {subprocess.py:93} INFO - 	at org.apache.spark.sql.execution.streaming.sources.PythonForeachBatchHelper$.$anonfun$callForeachBatch$1(ForeachBatchSink.scala:53)
[2025-10-29T03:26:50.029+0700] {subprocess.py:93} INFO - 	at org.apache.spark.sql.execution.streaming.sources.PythonForeachBatchHelper$.$anonfun$callForeachBatch$1$adapted(ForeachBatchSink.scala:53)
[2025-10-29T03:26:50.029+0700] {subprocess.py:93} INFO - 	at org.apache.spark.sql.execution.streaming.sources.ForeachBatchSink.addBatch(ForeachBatchSink.scala:34)
[2025-10-29T03:26:50.030+0700] {subprocess.py:93} INFO - 	at org.apache.spark.sql.execution.streaming.MicroBatchExecution.$anonfun$runBatch$17(MicroBatchExecution.scala:732)
[2025-10-29T03:26:50.030+0700] {subprocess.py:93} INFO - 	at org.apache.spark.sql.execution.SQLExecution$.$anonfun$withNewExecutionId$6(SQLExecution.scala:125)
[2025-10-29T03:26:50.030+0700] {subprocess.py:93} INFO - 	at org.apache.spark.sql.execution.SQLExecution$.withSQLConfPropagated(SQLExecution.scala:201)
[2025-10-29T03:26:50.030+0700] {subprocess.py:93} INFO - 	at org.apache.spark.sql.execution.SQLExecution$.$anonfun$withNewExecutionId$1(SQLExecution.scala:108)
[2025-10-29T03:26:50.030+0700] {subprocess.py:93} INFO - 	at org.apache.spark.sql.SparkSession.withActive(SparkSession.scala:900)
[2025-10-29T03:26:50.030+0700] {subprocess.py:93} INFO - 	at org.apache.spark.sql.execution.SQLExecution$.withNewExecutionId(SQLExecution.scala:66)
[2025-10-29T03:26:50.030+0700] {subprocess.py:93} INFO - 	at org.apache.spark.sql.execution.streaming.MicroBatchExecution.$anonfun$runBatch$16(MicroBatchExecution.scala:729)
[2025-10-29T03:26:50.030+0700] {subprocess.py:93} INFO - 	at org.apache.spark.sql.execution.streaming.ProgressReporter.reportTimeTaken(ProgressReporter.scala:427)
[2025-10-29T03:26:50.030+0700] {subprocess.py:93} INFO - 	at org.apache.spark.sql.execution.streaming.ProgressReporter.reportTimeTaken$(ProgressReporter.scala:425)
[2025-10-29T03:26:50.030+0700] {subprocess.py:93} INFO - 	at org.apache.spark.sql.execution.streaming.StreamExecution.reportTimeTaken(StreamExecution.scala:67)
[2025-10-29T03:26:50.031+0700] {subprocess.py:93} INFO - 	at org.apache.spark.sql.execution.streaming.MicroBatchExecution.runBatch(MicroBatchExecution.scala:729)
[2025-10-29T03:26:50.031+0700] {subprocess.py:93} INFO - 	at org.apache.spark.sql.execution.streaming.MicroBatchExecution.$anonfun$runActivatedStream$2(MicroBatchExecution.scala:286)
[2025-10-29T03:26:50.031+0700] {subprocess.py:93} INFO - 	at scala.runtime.java8.JFunction0$mcV$sp.apply(JFunction0$mcV$sp.java:23)
[2025-10-29T03:26:50.031+0700] {subprocess.py:93} INFO - 	at org.apache.spark.sql.execution.streaming.ProgressReporter.reportTimeTaken(ProgressReporter.scala:427)
[2025-10-29T03:26:50.031+0700] {subprocess.py:93} INFO - 	at org.apache.spark.sql.execution.streaming.ProgressReporter.reportTimeTaken$(ProgressReporter.scala:425)
[2025-10-29T03:26:50.031+0700] {subprocess.py:93} INFO - 	at org.apache.spark.sql.execution.streaming.StreamExecution.reportTimeTaken(StreamExecution.scala:67)
[2025-10-29T03:26:50.031+0700] {subprocess.py:93} INFO - 	at org.apache.spark.sql.execution.streaming.MicroBatchExecution.$anonfun$runActivatedStream$1(MicroBatchExecution.scala:249)
[2025-10-29T03:26:50.031+0700] {subprocess.py:93} INFO - 	at org.apache.spark.sql.execution.streaming.ProcessingTimeExecutor.execute(TriggerExecutor.scala:67)
[2025-10-29T03:26:50.031+0700] {subprocess.py:93} INFO - 	at org.apache.spark.sql.execution.streaming.MicroBatchExecution.runActivatedStream(MicroBatchExecution.scala:239)
[2025-10-29T03:26:50.032+0700] {subprocess.py:93} INFO - 	at org.apache.spark.sql.execution.streaming.StreamExecution.$anonfun$runStream$1(StreamExecution.scala:311)
[2025-10-29T03:26:50.032+0700] {subprocess.py:93} INFO - 	at scala.runtime.java8.JFunction0$mcV$sp.apply(JFunction0$mcV$sp.java:23)
[2025-10-29T03:26:50.032+0700] {subprocess.py:93} INFO - 	at org.apache.spark.sql.SparkSession.withActive(SparkSession.scala:900)
[2025-10-29T03:26:50.032+0700] {subprocess.py:93} INFO - 	at org.apache.spark.sql.execution.streaming.StreamExecution.org$apache$spark$sql$execution$streaming$StreamExecution$$runStream(StreamExecution.scala:289)
[2025-10-29T03:26:50.032+0700] {subprocess.py:93} INFO - 	at org.apache.spark.sql.execution.streaming.StreamExecution$$anon$1.$anonfun$run$1(StreamExecution.scala:211)
[2025-10-29T03:26:50.032+0700] {subprocess.py:93} INFO - 	at scala.runtime.java8.JFunction0$mcV$sp.apply(JFunction0$mcV$sp.java:23)
[2025-10-29T03:26:50.032+0700] {subprocess.py:93} INFO - 	at org.apache.spark.JobArtifactSet$.withActiveJobArtifactState(JobArtifactSet.scala:94)
[2025-10-29T03:26:50.032+0700] {subprocess.py:93} INFO - 	at org.apache.spark.sql.execution.streaming.StreamExecution$$anon$1.run(StreamExecution.scala:211)
[2025-10-29T03:26:50.086+0700] {subprocess.py:93} INFO - Traceback (most recent call last):
[2025-10-29T03:26:50.086+0700] {subprocess.py:93} INFO -   File "/opt/***/projects/absa_streaming/scripts/consumer_postgres_streaming.py", line 175, in <module>
[2025-10-29T03:26:50.087+0700] {subprocess.py:93} INFO -     query.awaitTermination()
[2025-10-29T03:26:50.087+0700] {subprocess.py:93} INFO -   File "/home/***/.local/lib/python3.12/site-packages/pyspark/python/lib/pyspark.zip/pyspark/sql/streaming/query.py", line 221, in awaitTermination
[2025-10-29T03:26:50.087+0700] {subprocess.py:93} INFO -   File "/home/***/.local/lib/python3.12/site-packages/pyspark/python/lib/py4j-0.10.9.7-src.zip/py4j/java_gateway.py", line 1322, in __call__
[2025-10-29T03:26:50.087+0700] {subprocess.py:93} INFO -   File "/home/***/.local/lib/python3.12/site-packages/pyspark/python/lib/pyspark.zip/pyspark/errors/exceptions/captured.py", line 185, in deco
[2025-10-29T03:26:50.088+0700] {subprocess.py:93} INFO - pyspark.errors.exceptions.captured.StreamingQueryException: [STREAM_FAILED] Query [id = f273d094-ca0b-452a-9664-79608c6d243a, runId = b67d4410-517c-4522-80ab-a1c5640c6289] terminated with exception: An exception was raised by the Python Proxy. Return Message: Traceback (most recent call last):
[2025-10-29T03:26:50.088+0700] {subprocess.py:93} INFO -   File "/home/***/.local/lib/python3.12/site-packages/pyspark/python/lib/py4j-0.10.9.7-src.zip/py4j/clientserver.py", line 617, in _call_proxy
[2025-10-29T03:26:50.089+0700] {subprocess.py:93} INFO -     return_value = getattr(self.pool[obj_id], method)(*params)
[2025-10-29T03:26:50.089+0700] {subprocess.py:93} INFO -                    ^^^^^^^^^^^^^^^^^^^^^^^^^^^^^^^^^^^^^^^^^^^
[2025-10-29T03:26:50.089+0700] {subprocess.py:93} INFO -   File "/home/***/.local/lib/python3.12/site-packages/pyspark/python/lib/pyspark.zip/pyspark/sql/utils.py", line 120, in call
[2025-10-29T03:26:50.089+0700] {subprocess.py:93} INFO -     raise e
[2025-10-29T03:26:50.089+0700] {subprocess.py:93} INFO -   File "/home/***/.local/lib/python3.12/site-packages/pyspark/python/lib/pyspark.zip/pyspark/sql/utils.py", line 117, in call
[2025-10-29T03:26:50.090+0700] {subprocess.py:93} INFO -     self.func(DataFrame(jdf, wrapped_session_jdf), batch_id)
[2025-10-29T03:26:50.090+0700] {subprocess.py:93} INFO -   File "/opt/***/projects/absa_streaming/scripts/consumer_postgres_streaming.py", line 125, in write_to_postgres
[2025-10-29T03:26:50.090+0700] {subprocess.py:93} INFO -     total_rows = batch_df.count()
[2025-10-29T03:26:50.090+0700] {subprocess.py:93} INFO -                  ^^^^^^^^^^^^^^^^
[2025-10-29T03:26:50.091+0700] {subprocess.py:93} INFO -   File "/home/***/.local/lib/python3.12/site-packages/pyspark/python/lib/pyspark.zip/pyspark/sql/dataframe.py", line 1238, in count
[2025-10-29T03:26:50.091+0700] {subprocess.py:93} INFO -     return int(self._jdf.count())
[2025-10-29T03:26:50.091+0700] {subprocess.py:93} INFO -                ^^^^^^^^^^^^^^^^^
[2025-10-29T03:26:50.091+0700] {subprocess.py:93} INFO -   File "/home/***/.local/lib/python3.12/site-packages/pyspark/python/lib/py4j-0.10.9.7-src.zip/py4j/java_gateway.py", line 1322, in __call__
[2025-10-29T03:26:50.091+0700] {subprocess.py:93} INFO -     return_value = get_return_value(
[2025-10-29T03:26:50.092+0700] {subprocess.py:93} INFO -                    ^^^^^^^^^^^^^^^^^
[2025-10-29T03:26:50.092+0700] {subprocess.py:93} INFO -   File "/home/***/.local/lib/python3.12/site-packages/pyspark/python/lib/pyspark.zip/pyspark/errors/exceptions/captured.py", line 185, in deco
[2025-10-29T03:26:50.092+0700] {subprocess.py:93} INFO -     raise converted from None
[2025-10-29T03:26:50.092+0700] {subprocess.py:93} INFO - pyspark.errors.exceptions.captured.PythonException:
[2025-10-29T03:26:50.092+0700] {subprocess.py:93} INFO -   An exception was thrown from the Python worker. Please see the stack trace below.
[2025-10-29T03:26:50.093+0700] {subprocess.py:93} INFO - Traceback (most recent call last):
[2025-10-29T03:26:50.093+0700] {subprocess.py:93} INFO -   File "/opt/***/projects/absa_streaming/scripts/consumer_postgres_streaming.py", line 73, in absa_infer_udf
[2025-10-29T03:26:50.093+0700] {subprocess.py:93} INFO -     _tokenizer = AutoTokenizer.from_pretrained(MODEL_NAME, use_fast=True)
[2025-10-29T03:26:50.093+0700] {subprocess.py:93} INFO -                  ^^^^^^^^^^^^^^^^^^^^^^^^^^^^^^^^^^^^^^^^^^^^^^^^^^^^^^^^
[2025-10-29T03:26:50.093+0700] {subprocess.py:93} INFO -   File "/home/***/.local/lib/python3.12/site-packages/transformers/models/auto/tokenization_auto.py", line 817, in from_pretrained
[2025-10-29T03:26:50.094+0700] {subprocess.py:93} INFO -     tokenizer_config = get_tokenizer_config(pretrained_model_name_or_path, **kwargs)
[2025-10-29T03:26:50.094+0700] {subprocess.py:93} INFO -                        ^^^^^^^^^^^^^^^^^^^^^^^^^^^^^^^^^^^^^^^^^^^^^^^^^^^^^^^^^^^^^
[2025-10-29T03:26:50.094+0700] {subprocess.py:93} INFO -   File "/home/***/.local/lib/python3.12/site-packages/transformers/models/auto/tokenization_auto.py", line 649, in get_tokenizer_config
[2025-10-29T03:26:50.094+0700] {subprocess.py:93} INFO -     resolved_config_file = cached_file(
[2025-10-29T03:26:50.094+0700] {subprocess.py:93} INFO -                            ^^^^^^^^^^^^
[2025-10-29T03:26:50.095+0700] {subprocess.py:93} INFO -   File "/home/***/.local/lib/python3.12/site-packages/transformers/utils/hub.py", line 462, in cached_file
[2025-10-29T03:26:50.095+0700] {subprocess.py:93} INFO -     except HFValidationError as e:
[2025-10-29T03:26:50.095+0700] {subprocess.py:93} INFO -   File "/home/***/.local/lib/python3.12/site-packages/huggingface_hub/utils/_validators.py", line 114, in _inner_fn
[2025-10-29T03:26:50.095+0700] {subprocess.py:93} INFO -     return fn(*args, **kwargs)
[2025-10-29T03:26:50.096+0700] {subprocess.py:93} INFO -            ^^^^^^^^^^^^^^^^^^^
[2025-10-29T03:26:50.096+0700] {subprocess.py:93} INFO -   File "/home/***/.local/lib/python3.12/site-packages/huggingface_hub/file_download.py", line 1007, in hf_hub_download
[2025-10-29T03:26:50.096+0700] {subprocess.py:93} INFO -     return _hf_hub_download_to_cache_dir(
[2025-10-29T03:26:50.096+0700] {subprocess.py:93} INFO -            ^^^^^^^^^^^^^^^^^^^^^^^^^^^^^^
[2025-10-29T03:26:50.096+0700] {subprocess.py:93} INFO -   File "/home/***/.local/lib/python3.12/site-packages/huggingface_hub/file_download.py", line 1124, in _hf_hub_download_to_cache_dir
[2025-10-29T03:26:50.097+0700] {subprocess.py:93} INFO -     os.makedirs(os.path.dirname(blob_path), exist_ok=True)
[2025-10-29T03:26:50.097+0700] {subprocess.py:93} INFO -   File "<frozen os>", line 216, in makedirs
[2025-10-29T03:26:50.097+0700] {subprocess.py:93} INFO -   File "<frozen os>", line 216, in makedirs
[2025-10-29T03:26:50.097+0700] {subprocess.py:93} INFO -   File "<frozen os>", line 216, in makedirs
[2025-10-29T03:26:50.097+0700] {subprocess.py:93} INFO -   File "<frozen os>", line 230, in makedirs
[2025-10-29T03:26:50.098+0700] {subprocess.py:93} INFO - PermissionError: [Errno 13] Permission denied: '/home/***/.cache/huggingface'
[2025-10-29T03:26:50.098+0700] {subprocess.py:93} INFO - 
[2025-10-29T03:26:50.098+0700] {subprocess.py:93} INFO - 
[2025-10-29T03:26:50.579+0700] {subprocess.py:97} INFO - Command exited with return code 1
[2025-10-29T03:26:50.580+0700] {taskinstance.py:441} INFO - ::group::Post task execution logs
[2025-10-29T03:26:50.587+0700] {taskinstance.py:2890} ERROR - Task failed with exception
Traceback (most recent call last):
  File "/home/airflow/.local/lib/python3.12/site-packages/airflow/models/taskinstance.py", line 460, in _execute_task
    result = _execute_callable(context=context, **execute_callable_kwargs)
             ^^^^^^^^^^^^^^^^^^^^^^^^^^^^^^^^^^^^^^^^^^^^^^^^^^^^^^^^^^^^^
  File "/home/airflow/.local/lib/python3.12/site-packages/airflow/models/taskinstance.py", line 432, in _execute_callable
    return execute_callable(context=context, **execute_callable_kwargs)
           ^^^^^^^^^^^^^^^^^^^^^^^^^^^^^^^^^^^^^^^^^^^^^^^^^^^^^^^^^^^^
  File "/home/airflow/.local/lib/python3.12/site-packages/airflow/models/baseoperator.py", line 400, in wrapper
    return func(self, *args, **kwargs)
           ^^^^^^^^^^^^^^^^^^^^^^^^^^^
  File "/home/airflow/.local/lib/python3.12/site-packages/airflow/operators/bash.py", line 243, in execute
    raise AirflowException(
airflow.exceptions.AirflowException: Bash command failed. The command returned a non-zero exit code 1.
[2025-10-29T03:26:50.590+0700] {taskinstance.py:1205} INFO - Marking task as UP_FOR_RETRY. dag_id=absa_streaming_lifecycle_demo1, task_id=deploy_consumer, execution_date=20251028T200718, start_date=20251028T202633, end_date=20251028T202650
[2025-10-29T03:26:50.599+0700] {standard_task_runner.py:110} ERROR - Failed to execute job 25 for task deploy_consumer (Bash command failed. The command returned a non-zero exit code 1.; 8124)
[2025-10-29T03:26:50.644+0700] {local_task_job_runner.py:240} INFO - Task exited with return code 1
[2025-10-29T03:26:50.662+0700] {taskinstance.py:3482} INFO - 0 downstream tasks scheduled from follow-on schedule check
[2025-10-29T03:26:50.664+0700] {local_task_job_runner.py:222} INFO - ::endgroup::
