[2025-10-29T03:11:59.131+0700] {local_task_job_runner.py:120} INFO - ::group::Pre task execution logs
[2025-10-29T03:11:59.152+0700] {taskinstance.py:2073} INFO - Dependencies all met for dep_context=non-requeueable deps ti=<TaskInstance: absa_streaming_lifecycle_demo1.deploy_consumer manual__2025-10-28T20:07:18.155316+00:00 [queued]>
[2025-10-29T03:11:59.158+0700] {taskinstance.py:2073} INFO - Dependencies all met for dep_context=requeueable deps ti=<TaskInstance: absa_streaming_lifecycle_demo1.deploy_consumer manual__2025-10-28T20:07:18.155316+00:00 [queued]>
[2025-10-29T03:11:59.158+0700] {taskinstance.py:2303} INFO - Starting attempt 3 of 6
[2025-10-29T03:11:59.168+0700] {taskinstance.py:2327} INFO - Executing <Task(BashOperator): deploy_consumer> on 2025-10-28 20:07:18.155316+00:00
[2025-10-29T03:11:59.177+0700] {warnings.py:110} WARNING - /home/***/.local/lib/python3.12/site-packages/***/task/task_runner/standard_task_runner.py:61: DeprecationWarning: This process (pid=1513) is multi-threaded, use of fork() may lead to deadlocks in the child.
  pid = os.fork()

[2025-10-29T03:11:59.178+0700] {standard_task_runner.py:63} INFO - Started process 1573 to run task
[2025-10-29T03:11:59.179+0700] {standard_task_runner.py:90} INFO - Running: ['***', 'tasks', 'run', 'absa_streaming_lifecycle_demo1', 'deploy_consumer', 'manual__2025-10-28T20:07:18.155316+00:00', '--job-id', '10', '--raw', '--subdir', 'DAGS_FOLDER/absa_streaming_lifecycle_dag1.py', '--cfg-path', '/tmp/tmp6da8cody']
[2025-10-29T03:11:59.181+0700] {standard_task_runner.py:91} INFO - Job 10: Subtask deploy_consumer
[2025-10-29T03:11:59.220+0700] {task_command.py:426} INFO - Running <TaskInstance: absa_streaming_lifecycle_demo1.deploy_consumer manual__2025-10-28T20:07:18.155316+00:00 [running]> on host dfeadd712fc3
[2025-10-29T03:11:59.279+0700] {taskinstance.py:2644} INFO - Exporting env vars: AIRFLOW_CTX_DAG_OWNER='***' AIRFLOW_CTX_DAG_ID='absa_streaming_lifecycle_demo1' AIRFLOW_CTX_TASK_ID='deploy_consumer' AIRFLOW_CTX_EXECUTION_DATE='2025-10-28T20:07:18.155316+00:00' AIRFLOW_CTX_TRY_NUMBER='3' AIRFLOW_CTX_DAG_RUN_ID='manual__2025-10-28T20:07:18.155316+00:00'
[2025-10-29T03:11:59.280+0700] {taskinstance.py:430} INFO - ::endgroup::
[2025-10-29T03:11:59.281+0700] {subprocess.py:63} INFO - Tmp dir root location: /tmp
[2025-10-29T03:11:59.282+0700] {subprocess.py:75} INFO - Running command: ['/usr/bin/bash', '-c', 'bash -c "timeout 45m /opt/***/projects/absa_streaming/scripts/run_consumer.sh"']
[2025-10-29T03:11:59.295+0700] {subprocess.py:86} INFO - Output:
[2025-10-29T03:11:59.302+0700] {subprocess.py:93} INFO - [Consumer] Starting Spark Structured Streaming job...
[2025-10-29T03:11:59.351+0700] {subprocess.py:93} INFO - /home/***/.local/lib/python3.12/site-packages/pyspark/bin/load-spark-env.sh: line 68: ps: command not found
[2025-10-29T03:12:00.787+0700] {subprocess.py:93} INFO - :: loading settings :: url = jar:file:/home/***/.local/lib/python3.12/site-packages/pyspark/jars/ivy-2.5.1.jar!/org/apache/ivy/core/settings/ivysettings.xml
[2025-10-29T03:12:00.847+0700] {subprocess.py:93} INFO - Ivy Default Cache set to: /home/***/.ivy2/cache
[2025-10-29T03:12:00.847+0700] {subprocess.py:93} INFO - The jars for the packages stored in: /home/***/.ivy2/jars
[2025-10-29T03:12:00.851+0700] {subprocess.py:93} INFO - org.apache.spark#spark-sql-kafka-0-10_2.12 added as a dependency
[2025-10-29T03:12:00.852+0700] {subprocess.py:93} INFO - org.postgresql#postgresql added as a dependency
[2025-10-29T03:12:00.852+0700] {subprocess.py:93} INFO - :: resolving dependencies :: org.apache.spark#spark-submit-parent-cb26f4b3-0e54-47fe-a538-16c4b158735c;1.0
[2025-10-29T03:12:00.853+0700] {subprocess.py:93} INFO - 	confs: [default]
[2025-10-29T03:12:01.002+0700] {subprocess.py:93} INFO - 	found org.apache.spark#spark-sql-kafka-0-10_2.12;3.5.1 in central
[2025-10-29T03:12:01.047+0700] {subprocess.py:93} INFO - 	found org.apache.spark#spark-token-provider-kafka-0-10_2.12;3.5.1 in central
[2025-10-29T03:12:01.067+0700] {subprocess.py:93} INFO - 	found org.apache.kafka#kafka-clients;3.4.1 in central
[2025-10-29T03:12:01.092+0700] {subprocess.py:93} INFO - 	found org.lz4#lz4-java;1.8.0 in central
[2025-10-29T03:12:01.113+0700] {subprocess.py:93} INFO - 	found org.xerial.snappy#snappy-java;1.1.10.3 in central
[2025-10-29T03:12:01.133+0700] {subprocess.py:93} INFO - 	found org.slf4j#slf4j-api;2.0.7 in central
[2025-10-29T03:12:01.160+0700] {subprocess.py:93} INFO - 	found org.apache.hadoop#hadoop-client-runtime;3.3.4 in central
[2025-10-29T03:12:01.204+0700] {subprocess.py:93} INFO - 	found org.apache.hadoop#hadoop-client-api;3.3.4 in central
[2025-10-29T03:12:01.245+0700] {subprocess.py:93} INFO - 	found commons-logging#commons-logging;1.1.3 in central
[2025-10-29T03:12:01.271+0700] {subprocess.py:93} INFO - 	found com.google.code.findbugs#jsr305;3.0.0 in central
[2025-10-29T03:12:01.291+0700] {subprocess.py:93} INFO - 	found org.apache.commons#commons-pool2;2.11.1 in central
[2025-10-29T03:12:01.310+0700] {subprocess.py:93} INFO - 	found org.postgresql#postgresql;42.6.0 in central
[2025-10-29T03:12:01.326+0700] {subprocess.py:93} INFO - 	found org.checkerframework#checker-qual;3.31.0 in central
[2025-10-29T03:12:01.361+0700] {subprocess.py:93} INFO - :: resolution report :: resolve 489ms :: artifacts dl 20ms
[2025-10-29T03:12:01.362+0700] {subprocess.py:93} INFO - 	:: modules in use:
[2025-10-29T03:12:01.362+0700] {subprocess.py:93} INFO - 	com.google.code.findbugs#jsr305;3.0.0 from central in [default]
[2025-10-29T03:12:01.362+0700] {subprocess.py:93} INFO - 	commons-logging#commons-logging;1.1.3 from central in [default]
[2025-10-29T03:12:01.363+0700] {subprocess.py:93} INFO - 	org.apache.commons#commons-pool2;2.11.1 from central in [default]
[2025-10-29T03:12:01.363+0700] {subprocess.py:93} INFO - 	org.apache.hadoop#hadoop-client-api;3.3.4 from central in [default]
[2025-10-29T03:12:01.363+0700] {subprocess.py:93} INFO - 	org.apache.hadoop#hadoop-client-runtime;3.3.4 from central in [default]
[2025-10-29T03:12:01.363+0700] {subprocess.py:93} INFO - 	org.apache.kafka#kafka-clients;3.4.1 from central in [default]
[2025-10-29T03:12:01.363+0700] {subprocess.py:93} INFO - 	org.apache.spark#spark-sql-kafka-0-10_2.12;3.5.1 from central in [default]
[2025-10-29T03:12:01.364+0700] {subprocess.py:93} INFO - 	org.apache.spark#spark-token-provider-kafka-0-10_2.12;3.5.1 from central in [default]
[2025-10-29T03:12:01.364+0700] {subprocess.py:93} INFO - 	org.checkerframework#checker-qual;3.31.0 from central in [default]
[2025-10-29T03:12:01.364+0700] {subprocess.py:93} INFO - 	org.lz4#lz4-java;1.8.0 from central in [default]
[2025-10-29T03:12:01.364+0700] {subprocess.py:93} INFO - 	org.postgresql#postgresql;42.6.0 from central in [default]
[2025-10-29T03:12:01.364+0700] {subprocess.py:93} INFO - 	org.slf4j#slf4j-api;2.0.7 from central in [default]
[2025-10-29T03:12:01.365+0700] {subprocess.py:93} INFO - 	org.xerial.snappy#snappy-java;1.1.10.3 from central in [default]
[2025-10-29T03:12:01.365+0700] {subprocess.py:93} INFO - 	---------------------------------------------------------------------
[2025-10-29T03:12:01.365+0700] {subprocess.py:93} INFO - 	|                  |            modules            ||   artifacts   |
[2025-10-29T03:12:01.365+0700] {subprocess.py:93} INFO - 	|       conf       | number| search|dwnlded|evicted|| number|dwnlded|
[2025-10-29T03:12:01.366+0700] {subprocess.py:93} INFO - 	---------------------------------------------------------------------
[2025-10-29T03:12:01.366+0700] {subprocess.py:93} INFO - 	|      default     |   13  |   0   |   0   |   0   ||   13  |   0   |
[2025-10-29T03:12:01.366+0700] {subprocess.py:93} INFO - 	---------------------------------------------------------------------
[2025-10-29T03:12:01.371+0700] {subprocess.py:93} INFO - :: retrieving :: org.apache.spark#spark-submit-parent-cb26f4b3-0e54-47fe-a538-16c4b158735c
[2025-10-29T03:12:01.371+0700] {subprocess.py:93} INFO - 	confs: [default]
[2025-10-29T03:12:01.382+0700] {subprocess.py:93} INFO - 	0 artifacts copied, 13 already retrieved (0kB/11ms)
[2025-10-29T03:12:01.555+0700] {subprocess.py:93} INFO - 25/10/29 03:12:01 WARN NativeCodeLoader: Unable to load native-hadoop library for your platform... using builtin-java classes where applicable
[2025-10-29T03:12:05.439+0700] {subprocess.py:93} INFO - There was a problem when trying to write in your cache folder (/home/***/.cache/huggingface/hub). You should set the environment variable TRANSFORMERS_CACHE to a writable directory.
[2025-10-29T03:12:05.554+0700] {subprocess.py:93} INFO - 25/10/29 03:12:05 INFO SparkContext: Running Spark version 3.5.1
[2025-10-29T03:12:05.554+0700] {subprocess.py:93} INFO - 25/10/29 03:12:05 INFO SparkContext: OS info Linux, 6.14.0-33-generic, amd64
[2025-10-29T03:12:05.555+0700] {subprocess.py:93} INFO - 25/10/29 03:12:05 INFO SparkContext: Java version 17.0.17
[2025-10-29T03:12:05.571+0700] {subprocess.py:93} INFO - 25/10/29 03:12:05 INFO ResourceUtils: ==============================================================
[2025-10-29T03:12:05.571+0700] {subprocess.py:93} INFO - 25/10/29 03:12:05 INFO ResourceUtils: No custom resources configured for spark.driver.
[2025-10-29T03:12:05.572+0700] {subprocess.py:93} INFO - 25/10/29 03:12:05 INFO ResourceUtils: ==============================================================
[2025-10-29T03:12:05.572+0700] {subprocess.py:93} INFO - 25/10/29 03:12:05 INFO SparkContext: Submitted application: Kafka_ABSA_Postgres
[2025-10-29T03:12:05.587+0700] {subprocess.py:93} INFO - 25/10/29 03:12:05 INFO ResourceProfile: Default ResourceProfile created, executor resources: Map(cores -> name: cores, amount: 1, script: , vendor: , memory -> name: memory, amount: 1024, script: , vendor: , offHeap -> name: offHeap, amount: 0, script: , vendor: ), task resources: Map(cpus -> name: cpus, amount: 1.0)
[2025-10-29T03:12:05.594+0700] {subprocess.py:93} INFO - 25/10/29 03:12:05 INFO ResourceProfile: Limiting resource is cpu
[2025-10-29T03:12:05.595+0700] {subprocess.py:93} INFO - 25/10/29 03:12:05 INFO ResourceProfileManager: Added ResourceProfile id: 0
[2025-10-29T03:12:05.634+0700] {subprocess.py:93} INFO - 25/10/29 03:12:05 INFO SecurityManager: Changing view acls to: default
[2025-10-29T03:12:05.634+0700] {subprocess.py:93} INFO - 25/10/29 03:12:05 INFO SecurityManager: Changing modify acls to: default
[2025-10-29T03:12:05.634+0700] {subprocess.py:93} INFO - 25/10/29 03:12:05 INFO SecurityManager: Changing view acls groups to:
[2025-10-29T03:12:05.635+0700] {subprocess.py:93} INFO - 25/10/29 03:12:05 INFO SecurityManager: Changing modify acls groups to:
[2025-10-29T03:12:05.635+0700] {subprocess.py:93} INFO - 25/10/29 03:12:05 INFO SecurityManager: SecurityManager: authentication disabled; ui acls disabled; users with view permissions: default; groups with view permissions: EMPTY; users with modify permissions: default; groups with modify permissions: EMPTY
[2025-10-29T03:12:05.808+0700] {subprocess.py:93} INFO - 25/10/29 03:12:05 INFO Utils: Successfully started service 'sparkDriver' on port 36533.
[2025-10-29T03:12:05.831+0700] {subprocess.py:93} INFO - 25/10/29 03:12:05 INFO SparkEnv: Registering MapOutputTracker
[2025-10-29T03:12:05.867+0700] {subprocess.py:93} INFO - 25/10/29 03:12:05 INFO SparkEnv: Registering BlockManagerMaster
[2025-10-29T03:12:05.886+0700] {subprocess.py:93} INFO - 25/10/29 03:12:05 INFO BlockManagerMasterEndpoint: Using org.apache.spark.storage.DefaultTopologyMapper for getting topology information
[2025-10-29T03:12:05.886+0700] {subprocess.py:93} INFO - 25/10/29 03:12:05 INFO BlockManagerMasterEndpoint: BlockManagerMasterEndpoint up
[2025-10-29T03:12:05.891+0700] {subprocess.py:93} INFO - 25/10/29 03:12:05 INFO SparkEnv: Registering BlockManagerMasterHeartbeat
[2025-10-29T03:12:05.910+0700] {subprocess.py:93} INFO - 25/10/29 03:12:05 INFO DiskBlockManager: Created local directory at /tmp/blockmgr-a8d3fef0-66d1-4982-b01a-b14f36509dc9
[2025-10-29T03:12:05.922+0700] {subprocess.py:93} INFO - 25/10/29 03:12:05 INFO MemoryStore: MemoryStore started with capacity 434.4 MiB
[2025-10-29T03:12:05.942+0700] {subprocess.py:93} INFO - 25/10/29 03:12:05 INFO SparkEnv: Registering OutputCommitCoordinator
[2025-10-29T03:12:06.049+0700] {subprocess.py:93} INFO - 25/10/29 03:12:06 INFO JettyUtils: Start Jetty 0.0.0.0:4040 for SparkUI
[2025-10-29T03:12:06.086+0700] {subprocess.py:93} INFO - 25/10/29 03:12:06 WARN Utils: Service 'SparkUI' could not bind on port 4040. Attempting port 4041.
[2025-10-29T03:12:06.093+0700] {subprocess.py:93} INFO - 25/10/29 03:12:06 INFO Utils: Successfully started service 'SparkUI' on port 4041.
[2025-10-29T03:12:06.121+0700] {subprocess.py:93} INFO - 25/10/29 03:12:06 INFO SparkContext: Added JAR file:///home/***/.ivy2/jars/org.apache.spark_spark-sql-kafka-0-10_2.12-3.5.1.jar at spark://dfeadd712fc3:36533/jars/org.apache.spark_spark-sql-kafka-0-10_2.12-3.5.1.jar with timestamp 1761682325549
[2025-10-29T03:12:06.122+0700] {subprocess.py:93} INFO - 25/10/29 03:12:06 INFO SparkContext: Added JAR file:///home/***/.ivy2/jars/org.postgresql_postgresql-42.6.0.jar at spark://dfeadd712fc3:36533/jars/org.postgresql_postgresql-42.6.0.jar with timestamp 1761682325549
[2025-10-29T03:12:06.122+0700] {subprocess.py:93} INFO - 25/10/29 03:12:06 INFO SparkContext: Added JAR file:///home/***/.ivy2/jars/org.apache.spark_spark-token-provider-kafka-0-10_2.12-3.5.1.jar at spark://dfeadd712fc3:36533/jars/org.apache.spark_spark-token-provider-kafka-0-10_2.12-3.5.1.jar with timestamp 1761682325549
[2025-10-29T03:12:06.122+0700] {subprocess.py:93} INFO - 25/10/29 03:12:06 INFO SparkContext: Added JAR file:///home/***/.ivy2/jars/org.apache.kafka_kafka-clients-3.4.1.jar at spark://dfeadd712fc3:36533/jars/org.apache.kafka_kafka-clients-3.4.1.jar with timestamp 1761682325549
[2025-10-29T03:12:06.123+0700] {subprocess.py:93} INFO - 25/10/29 03:12:06 INFO SparkContext: Added JAR file:///home/***/.ivy2/jars/com.google.code.findbugs_jsr305-3.0.0.jar at spark://dfeadd712fc3:36533/jars/com.google.code.findbugs_jsr305-3.0.0.jar with timestamp 1761682325549
[2025-10-29T03:12:06.123+0700] {subprocess.py:93} INFO - 25/10/29 03:12:06 INFO SparkContext: Added JAR file:///home/***/.ivy2/jars/org.apache.commons_commons-pool2-2.11.1.jar at spark://dfeadd712fc3:36533/jars/org.apache.commons_commons-pool2-2.11.1.jar with timestamp 1761682325549
[2025-10-29T03:12:06.123+0700] {subprocess.py:93} INFO - 25/10/29 03:12:06 INFO SparkContext: Added JAR file:///home/***/.ivy2/jars/org.apache.hadoop_hadoop-client-runtime-3.3.4.jar at spark://dfeadd712fc3:36533/jars/org.apache.hadoop_hadoop-client-runtime-3.3.4.jar with timestamp 1761682325549
[2025-10-29T03:12:06.123+0700] {subprocess.py:93} INFO - 25/10/29 03:12:06 INFO SparkContext: Added JAR file:///home/***/.ivy2/jars/org.lz4_lz4-java-1.8.0.jar at spark://dfeadd712fc3:36533/jars/org.lz4_lz4-java-1.8.0.jar with timestamp 1761682325549
[2025-10-29T03:12:06.123+0700] {subprocess.py:93} INFO - 25/10/29 03:12:06 INFO SparkContext: Added JAR file:///home/***/.ivy2/jars/org.xerial.snappy_snappy-java-1.1.10.3.jar at spark://dfeadd712fc3:36533/jars/org.xerial.snappy_snappy-java-1.1.10.3.jar with timestamp 1761682325549
[2025-10-29T03:12:06.124+0700] {subprocess.py:93} INFO - 25/10/29 03:12:06 INFO SparkContext: Added JAR file:///home/***/.ivy2/jars/org.slf4j_slf4j-api-2.0.7.jar at spark://dfeadd712fc3:36533/jars/org.slf4j_slf4j-api-2.0.7.jar with timestamp 1761682325549
[2025-10-29T03:12:06.124+0700] {subprocess.py:93} INFO - 25/10/29 03:12:06 INFO SparkContext: Added JAR file:///home/***/.ivy2/jars/org.apache.hadoop_hadoop-client-api-3.3.4.jar at spark://dfeadd712fc3:36533/jars/org.apache.hadoop_hadoop-client-api-3.3.4.jar with timestamp 1761682325549
[2025-10-29T03:12:06.124+0700] {subprocess.py:93} INFO - 25/10/29 03:12:06 INFO SparkContext: Added JAR file:///home/***/.ivy2/jars/commons-logging_commons-logging-1.1.3.jar at spark://dfeadd712fc3:36533/jars/commons-logging_commons-logging-1.1.3.jar with timestamp 1761682325549
[2025-10-29T03:12:06.124+0700] {subprocess.py:93} INFO - 25/10/29 03:12:06 INFO SparkContext: Added JAR file:///home/***/.ivy2/jars/org.checkerframework_checker-qual-3.31.0.jar at spark://dfeadd712fc3:36533/jars/org.checkerframework_checker-qual-3.31.0.jar with timestamp 1761682325549
[2025-10-29T03:12:06.125+0700] {subprocess.py:93} INFO - 25/10/29 03:12:06 INFO SparkContext: Added file file:///home/***/.ivy2/jars/org.apache.spark_spark-sql-kafka-0-10_2.12-3.5.1.jar at file:///home/***/.ivy2/jars/org.apache.spark_spark-sql-kafka-0-10_2.12-3.5.1.jar with timestamp 1761682325549
[2025-10-29T03:12:06.126+0700] {subprocess.py:93} INFO - 25/10/29 03:12:06 INFO Utils: Copying /home/***/.ivy2/jars/org.apache.spark_spark-sql-kafka-0-10_2.12-3.5.1.jar to /tmp/spark-091a62e5-53d7-41c1-b51d-c0f1ee57cdef/userFiles-43fd176f-b55d-4f44-9c84-0c1bef9a5e4f/org.apache.spark_spark-sql-kafka-0-10_2.12-3.5.1.jar
[2025-10-29T03:12:06.134+0700] {subprocess.py:93} INFO - 25/10/29 03:12:06 INFO SparkContext: Added file file:///home/***/.ivy2/jars/org.postgresql_postgresql-42.6.0.jar at file:///home/***/.ivy2/jars/org.postgresql_postgresql-42.6.0.jar with timestamp 1761682325549
[2025-10-29T03:12:06.134+0700] {subprocess.py:93} INFO - 25/10/29 03:12:06 INFO Utils: Copying /home/***/.ivy2/jars/org.postgresql_postgresql-42.6.0.jar to /tmp/spark-091a62e5-53d7-41c1-b51d-c0f1ee57cdef/userFiles-43fd176f-b55d-4f44-9c84-0c1bef9a5e4f/org.postgresql_postgresql-42.6.0.jar
[2025-10-29T03:12:06.138+0700] {subprocess.py:93} INFO - 25/10/29 03:12:06 INFO SparkContext: Added file file:///home/***/.ivy2/jars/org.apache.spark_spark-token-provider-kafka-0-10_2.12-3.5.1.jar at file:///home/***/.ivy2/jars/org.apache.spark_spark-token-provider-kafka-0-10_2.12-3.5.1.jar with timestamp 1761682325549
[2025-10-29T03:12:06.138+0700] {subprocess.py:93} INFO - 25/10/29 03:12:06 INFO Utils: Copying /home/***/.ivy2/jars/org.apache.spark_spark-token-provider-kafka-0-10_2.12-3.5.1.jar to /tmp/spark-091a62e5-53d7-41c1-b51d-c0f1ee57cdef/userFiles-43fd176f-b55d-4f44-9c84-0c1bef9a5e4f/org.apache.spark_spark-token-provider-kafka-0-10_2.12-3.5.1.jar
[2025-10-29T03:12:06.141+0700] {subprocess.py:93} INFO - 25/10/29 03:12:06 INFO SparkContext: Added file file:///home/***/.ivy2/jars/org.apache.kafka_kafka-clients-3.4.1.jar at file:///home/***/.ivy2/jars/org.apache.kafka_kafka-clients-3.4.1.jar with timestamp 1761682325549
[2025-10-29T03:12:06.141+0700] {subprocess.py:93} INFO - 25/10/29 03:12:06 INFO Utils: Copying /home/***/.ivy2/jars/org.apache.kafka_kafka-clients-3.4.1.jar to /tmp/spark-091a62e5-53d7-41c1-b51d-c0f1ee57cdef/userFiles-43fd176f-b55d-4f44-9c84-0c1bef9a5e4f/org.apache.kafka_kafka-clients-3.4.1.jar
[2025-10-29T03:12:06.147+0700] {subprocess.py:93} INFO - 25/10/29 03:12:06 INFO SparkContext: Added file file:///home/***/.ivy2/jars/com.google.code.findbugs_jsr305-3.0.0.jar at file:///home/***/.ivy2/jars/com.google.code.findbugs_jsr305-3.0.0.jar with timestamp 1761682325549
[2025-10-29T03:12:06.147+0700] {subprocess.py:93} INFO - 25/10/29 03:12:06 INFO Utils: Copying /home/***/.ivy2/jars/com.google.code.findbugs_jsr305-3.0.0.jar to /tmp/spark-091a62e5-53d7-41c1-b51d-c0f1ee57cdef/userFiles-43fd176f-b55d-4f44-9c84-0c1bef9a5e4f/com.google.code.findbugs_jsr305-3.0.0.jar
[2025-10-29T03:12:06.151+0700] {subprocess.py:93} INFO - 25/10/29 03:12:06 INFO SparkContext: Added file file:///home/***/.ivy2/jars/org.apache.commons_commons-pool2-2.11.1.jar at file:///home/***/.ivy2/jars/org.apache.commons_commons-pool2-2.11.1.jar with timestamp 1761682325549
[2025-10-29T03:12:06.151+0700] {subprocess.py:93} INFO - 25/10/29 03:12:06 INFO Utils: Copying /home/***/.ivy2/jars/org.apache.commons_commons-pool2-2.11.1.jar to /tmp/spark-091a62e5-53d7-41c1-b51d-c0f1ee57cdef/userFiles-43fd176f-b55d-4f44-9c84-0c1bef9a5e4f/org.apache.commons_commons-pool2-2.11.1.jar
[2025-10-29T03:12:06.154+0700] {subprocess.py:93} INFO - 25/10/29 03:12:06 INFO SparkContext: Added file file:///home/***/.ivy2/jars/org.apache.hadoop_hadoop-client-runtime-3.3.4.jar at file:///home/***/.ivy2/jars/org.apache.hadoop_hadoop-client-runtime-3.3.4.jar with timestamp 1761682325549
[2025-10-29T03:12:06.154+0700] {subprocess.py:93} INFO - 25/10/29 03:12:06 INFO Utils: Copying /home/***/.ivy2/jars/org.apache.hadoop_hadoop-client-runtime-3.3.4.jar to /tmp/spark-091a62e5-53d7-41c1-b51d-c0f1ee57cdef/userFiles-43fd176f-b55d-4f44-9c84-0c1bef9a5e4f/org.apache.hadoop_hadoop-client-runtime-3.3.4.jar
[2025-10-29T03:12:06.170+0700] {subprocess.py:93} INFO - 25/10/29 03:12:06 INFO SparkContext: Added file file:///home/***/.ivy2/jars/org.lz4_lz4-java-1.8.0.jar at file:///home/***/.ivy2/jars/org.lz4_lz4-java-1.8.0.jar with timestamp 1761682325549
[2025-10-29T03:12:06.170+0700] {subprocess.py:93} INFO - 25/10/29 03:12:06 INFO Utils: Copying /home/***/.ivy2/jars/org.lz4_lz4-java-1.8.0.jar to /tmp/spark-091a62e5-53d7-41c1-b51d-c0f1ee57cdef/userFiles-43fd176f-b55d-4f44-9c84-0c1bef9a5e4f/org.lz4_lz4-java-1.8.0.jar
[2025-10-29T03:12:06.173+0700] {subprocess.py:93} INFO - 25/10/29 03:12:06 INFO SparkContext: Added file file:///home/***/.ivy2/jars/org.xerial.snappy_snappy-java-1.1.10.3.jar at file:///home/***/.ivy2/jars/org.xerial.snappy_snappy-java-1.1.10.3.jar with timestamp 1761682325549
[2025-10-29T03:12:06.173+0700] {subprocess.py:93} INFO - 25/10/29 03:12:06 INFO Utils: Copying /home/***/.ivy2/jars/org.xerial.snappy_snappy-java-1.1.10.3.jar to /tmp/spark-091a62e5-53d7-41c1-b51d-c0f1ee57cdef/userFiles-43fd176f-b55d-4f44-9c84-0c1bef9a5e4f/org.xerial.snappy_snappy-java-1.1.10.3.jar
[2025-10-29T03:12:06.177+0700] {subprocess.py:93} INFO - 25/10/29 03:12:06 INFO SparkContext: Added file file:///home/***/.ivy2/jars/org.slf4j_slf4j-api-2.0.7.jar at file:///home/***/.ivy2/jars/org.slf4j_slf4j-api-2.0.7.jar with timestamp 1761682325549
[2025-10-29T03:12:06.177+0700] {subprocess.py:93} INFO - 25/10/29 03:12:06 INFO Utils: Copying /home/***/.ivy2/jars/org.slf4j_slf4j-api-2.0.7.jar to /tmp/spark-091a62e5-53d7-41c1-b51d-c0f1ee57cdef/userFiles-43fd176f-b55d-4f44-9c84-0c1bef9a5e4f/org.slf4j_slf4j-api-2.0.7.jar
[2025-10-29T03:12:06.180+0700] {subprocess.py:93} INFO - 25/10/29 03:12:06 INFO SparkContext: Added file file:///home/***/.ivy2/jars/org.apache.hadoop_hadoop-client-api-3.3.4.jar at file:///home/***/.ivy2/jars/org.apache.hadoop_hadoop-client-api-3.3.4.jar with timestamp 1761682325549
[2025-10-29T03:12:06.181+0700] {subprocess.py:93} INFO - 25/10/29 03:12:06 INFO Utils: Copying /home/***/.ivy2/jars/org.apache.hadoop_hadoop-client-api-3.3.4.jar to /tmp/spark-091a62e5-53d7-41c1-b51d-c0f1ee57cdef/userFiles-43fd176f-b55d-4f44-9c84-0c1bef9a5e4f/org.apache.hadoop_hadoop-client-api-3.3.4.jar
[2025-10-29T03:12:06.192+0700] {subprocess.py:93} INFO - 25/10/29 03:12:06 INFO SparkContext: Added file file:///home/***/.ivy2/jars/commons-logging_commons-logging-1.1.3.jar at file:///home/***/.ivy2/jars/commons-logging_commons-logging-1.1.3.jar with timestamp 1761682325549
[2025-10-29T03:12:06.193+0700] {subprocess.py:93} INFO - 25/10/29 03:12:06 INFO Utils: Copying /home/***/.ivy2/jars/commons-logging_commons-logging-1.1.3.jar to /tmp/spark-091a62e5-53d7-41c1-b51d-c0f1ee57cdef/userFiles-43fd176f-b55d-4f44-9c84-0c1bef9a5e4f/commons-logging_commons-logging-1.1.3.jar
[2025-10-29T03:12:06.195+0700] {subprocess.py:93} INFO - 25/10/29 03:12:06 INFO SparkContext: Added file file:///home/***/.ivy2/jars/org.checkerframework_checker-qual-3.31.0.jar at file:///home/***/.ivy2/jars/org.checkerframework_checker-qual-3.31.0.jar with timestamp 1761682325549
[2025-10-29T03:12:06.196+0700] {subprocess.py:93} INFO - 25/10/29 03:12:06 INFO Utils: Copying /home/***/.ivy2/jars/org.checkerframework_checker-qual-3.31.0.jar to /tmp/spark-091a62e5-53d7-41c1-b51d-c0f1ee57cdef/userFiles-43fd176f-b55d-4f44-9c84-0c1bef9a5e4f/org.checkerframework_checker-qual-3.31.0.jar
[2025-10-29T03:12:06.235+0700] {subprocess.py:93} INFO - 25/10/29 03:12:06 INFO Executor: Starting executor ID driver on host dfeadd712fc3
[2025-10-29T03:12:06.235+0700] {subprocess.py:93} INFO - 25/10/29 03:12:06 INFO Executor: OS info Linux, 6.14.0-33-generic, amd64
[2025-10-29T03:12:06.236+0700] {subprocess.py:93} INFO - 25/10/29 03:12:06 INFO Executor: Java version 17.0.17
[2025-10-29T03:12:06.239+0700] {subprocess.py:93} INFO - 25/10/29 03:12:06 INFO Executor: Starting executor with user classpath (userClassPathFirst = false): ''
[2025-10-29T03:12:06.239+0700] {subprocess.py:93} INFO - 25/10/29 03:12:06 INFO Executor: Created or updated repl class loader org.apache.spark.util.MutableURLClassLoader@614e4eee for default.
[2025-10-29T03:12:06.249+0700] {subprocess.py:93} INFO - 25/10/29 03:12:06 INFO Executor: Fetching file:///home/***/.ivy2/jars/org.apache.spark_spark-sql-kafka-0-10_2.12-3.5.1.jar with timestamp 1761682325549
[2025-10-29T03:12:06.265+0700] {subprocess.py:93} INFO - 25/10/29 03:12:06 INFO Utils: /home/***/.ivy2/jars/org.apache.spark_spark-sql-kafka-0-10_2.12-3.5.1.jar has been previously copied to /tmp/spark-091a62e5-53d7-41c1-b51d-c0f1ee57cdef/userFiles-43fd176f-b55d-4f44-9c84-0c1bef9a5e4f/org.apache.spark_spark-sql-kafka-0-10_2.12-3.5.1.jar
[2025-10-29T03:12:06.269+0700] {subprocess.py:93} INFO - 25/10/29 03:12:06 INFO Executor: Fetching file:///home/***/.ivy2/jars/org.apache.hadoop_hadoop-client-runtime-3.3.4.jar with timestamp 1761682325549
[2025-10-29T03:12:06.289+0700] {subprocess.py:93} INFO - 25/10/29 03:12:06 INFO Utils: /home/***/.ivy2/jars/org.apache.hadoop_hadoop-client-runtime-3.3.4.jar has been previously copied to /tmp/spark-091a62e5-53d7-41c1-b51d-c0f1ee57cdef/userFiles-43fd176f-b55d-4f44-9c84-0c1bef9a5e4f/org.apache.hadoop_hadoop-client-runtime-3.3.4.jar
[2025-10-29T03:12:06.293+0700] {subprocess.py:93} INFO - 25/10/29 03:12:06 INFO Executor: Fetching file:///home/***/.ivy2/jars/org.apache.hadoop_hadoop-client-api-3.3.4.jar with timestamp 1761682325549
[2025-10-29T03:12:06.305+0700] {subprocess.py:93} INFO - 25/10/29 03:12:06 INFO Utils: /home/***/.ivy2/jars/org.apache.hadoop_hadoop-client-api-3.3.4.jar has been previously copied to /tmp/spark-091a62e5-53d7-41c1-b51d-c0f1ee57cdef/userFiles-43fd176f-b55d-4f44-9c84-0c1bef9a5e4f/org.apache.hadoop_hadoop-client-api-3.3.4.jar
[2025-10-29T03:12:06.309+0700] {subprocess.py:93} INFO - 25/10/29 03:12:06 INFO Executor: Fetching file:///home/***/.ivy2/jars/org.apache.spark_spark-token-provider-kafka-0-10_2.12-3.5.1.jar with timestamp 1761682325549
[2025-10-29T03:12:06.309+0700] {subprocess.py:93} INFO - 25/10/29 03:12:06 INFO Utils: /home/***/.ivy2/jars/org.apache.spark_spark-token-provider-kafka-0-10_2.12-3.5.1.jar has been previously copied to /tmp/spark-091a62e5-53d7-41c1-b51d-c0f1ee57cdef/userFiles-43fd176f-b55d-4f44-9c84-0c1bef9a5e4f/org.apache.spark_spark-token-provider-kafka-0-10_2.12-3.5.1.jar
[2025-10-29T03:12:06.312+0700] {subprocess.py:93} INFO - 25/10/29 03:12:06 INFO Executor: Fetching file:///home/***/.ivy2/jars/com.google.code.findbugs_jsr305-3.0.0.jar with timestamp 1761682325549
[2025-10-29T03:12:06.312+0700] {subprocess.py:93} INFO - 25/10/29 03:12:06 INFO Utils: /home/***/.ivy2/jars/com.google.code.findbugs_jsr305-3.0.0.jar has been previously copied to /tmp/spark-091a62e5-53d7-41c1-b51d-c0f1ee57cdef/userFiles-43fd176f-b55d-4f44-9c84-0c1bef9a5e4f/com.google.code.findbugs_jsr305-3.0.0.jar
[2025-10-29T03:12:06.315+0700] {subprocess.py:93} INFO - 25/10/29 03:12:06 INFO Executor: Fetching file:///home/***/.ivy2/jars/org.lz4_lz4-java-1.8.0.jar with timestamp 1761682325549
[2025-10-29T03:12:06.315+0700] {subprocess.py:93} INFO - 25/10/29 03:12:06 INFO Utils: /home/***/.ivy2/jars/org.lz4_lz4-java-1.8.0.jar has been previously copied to /tmp/spark-091a62e5-53d7-41c1-b51d-c0f1ee57cdef/userFiles-43fd176f-b55d-4f44-9c84-0c1bef9a5e4f/org.lz4_lz4-java-1.8.0.jar
[2025-10-29T03:12:06.318+0700] {subprocess.py:93} INFO - 25/10/29 03:12:06 INFO Executor: Fetching file:///home/***/.ivy2/jars/org.slf4j_slf4j-api-2.0.7.jar with timestamp 1761682325549
[2025-10-29T03:12:06.319+0700] {subprocess.py:93} INFO - 25/10/29 03:12:06 INFO Utils: /home/***/.ivy2/jars/org.slf4j_slf4j-api-2.0.7.jar has been previously copied to /tmp/spark-091a62e5-53d7-41c1-b51d-c0f1ee57cdef/userFiles-43fd176f-b55d-4f44-9c84-0c1bef9a5e4f/org.slf4j_slf4j-api-2.0.7.jar
[2025-10-29T03:12:06.322+0700] {subprocess.py:93} INFO - 25/10/29 03:12:06 INFO Executor: Fetching file:///home/***/.ivy2/jars/org.checkerframework_checker-qual-3.31.0.jar with timestamp 1761682325549
[2025-10-29T03:12:06.322+0700] {subprocess.py:93} INFO - 25/10/29 03:12:06 INFO Utils: /home/***/.ivy2/jars/org.checkerframework_checker-qual-3.31.0.jar has been previously copied to /tmp/spark-091a62e5-53d7-41c1-b51d-c0f1ee57cdef/userFiles-43fd176f-b55d-4f44-9c84-0c1bef9a5e4f/org.checkerframework_checker-qual-3.31.0.jar
[2025-10-29T03:12:06.325+0700] {subprocess.py:93} INFO - 25/10/29 03:12:06 INFO Executor: Fetching file:///home/***/.ivy2/jars/org.apache.commons_commons-pool2-2.11.1.jar with timestamp 1761682325549
[2025-10-29T03:12:06.325+0700] {subprocess.py:93} INFO - 25/10/29 03:12:06 INFO Utils: /home/***/.ivy2/jars/org.apache.commons_commons-pool2-2.11.1.jar has been previously copied to /tmp/spark-091a62e5-53d7-41c1-b51d-c0f1ee57cdef/userFiles-43fd176f-b55d-4f44-9c84-0c1bef9a5e4f/org.apache.commons_commons-pool2-2.11.1.jar
[2025-10-29T03:12:06.328+0700] {subprocess.py:93} INFO - 25/10/29 03:12:06 INFO Executor: Fetching file:///home/***/.ivy2/jars/commons-logging_commons-logging-1.1.3.jar with timestamp 1761682325549
[2025-10-29T03:12:06.328+0700] {subprocess.py:93} INFO - 25/10/29 03:12:06 INFO Utils: /home/***/.ivy2/jars/commons-logging_commons-logging-1.1.3.jar has been previously copied to /tmp/spark-091a62e5-53d7-41c1-b51d-c0f1ee57cdef/userFiles-43fd176f-b55d-4f44-9c84-0c1bef9a5e4f/commons-logging_commons-logging-1.1.3.jar
[2025-10-29T03:12:06.331+0700] {subprocess.py:93} INFO - 25/10/29 03:12:06 INFO Executor: Fetching file:///home/***/.ivy2/jars/org.xerial.snappy_snappy-java-1.1.10.3.jar with timestamp 1761682325549
[2025-10-29T03:12:06.333+0700] {subprocess.py:93} INFO - 25/10/29 03:12:06 INFO Utils: /home/***/.ivy2/jars/org.xerial.snappy_snappy-java-1.1.10.3.jar has been previously copied to /tmp/spark-091a62e5-53d7-41c1-b51d-c0f1ee57cdef/userFiles-43fd176f-b55d-4f44-9c84-0c1bef9a5e4f/org.xerial.snappy_snappy-java-1.1.10.3.jar
[2025-10-29T03:12:06.336+0700] {subprocess.py:93} INFO - 25/10/29 03:12:06 INFO Executor: Fetching file:///home/***/.ivy2/jars/org.postgresql_postgresql-42.6.0.jar with timestamp 1761682325549
[2025-10-29T03:12:06.337+0700] {subprocess.py:93} INFO - 25/10/29 03:12:06 INFO Utils: /home/***/.ivy2/jars/org.postgresql_postgresql-42.6.0.jar has been previously copied to /tmp/spark-091a62e5-53d7-41c1-b51d-c0f1ee57cdef/userFiles-43fd176f-b55d-4f44-9c84-0c1bef9a5e4f/org.postgresql_postgresql-42.6.0.jar
[2025-10-29T03:12:06.340+0700] {subprocess.py:93} INFO - 25/10/29 03:12:06 INFO Executor: Fetching file:///home/***/.ivy2/jars/org.apache.kafka_kafka-clients-3.4.1.jar with timestamp 1761682325549
[2025-10-29T03:12:06.345+0700] {subprocess.py:93} INFO - 25/10/29 03:12:06 INFO Utils: /home/***/.ivy2/jars/org.apache.kafka_kafka-clients-3.4.1.jar has been previously copied to /tmp/spark-091a62e5-53d7-41c1-b51d-c0f1ee57cdef/userFiles-43fd176f-b55d-4f44-9c84-0c1bef9a5e4f/org.apache.kafka_kafka-clients-3.4.1.jar
[2025-10-29T03:12:06.350+0700] {subprocess.py:93} INFO - 25/10/29 03:12:06 INFO Executor: Fetching spark://dfeadd712fc3:36533/jars/commons-logging_commons-logging-1.1.3.jar with timestamp 1761682325549
[2025-10-29T03:12:06.377+0700] {subprocess.py:93} INFO - 25/10/29 03:12:06 INFO TransportClientFactory: Successfully created connection to dfeadd712fc3/172.18.0.6:36533 after 18 ms (0 ms spent in bootstraps)
[2025-10-29T03:12:06.385+0700] {subprocess.py:93} INFO - 25/10/29 03:12:06 INFO Utils: Fetching spark://dfeadd712fc3:36533/jars/commons-logging_commons-logging-1.1.3.jar to /tmp/spark-091a62e5-53d7-41c1-b51d-c0f1ee57cdef/userFiles-43fd176f-b55d-4f44-9c84-0c1bef9a5e4f/fetchFileTemp477739338970801854.tmp
[2025-10-29T03:12:06.401+0700] {subprocess.py:93} INFO - 25/10/29 03:12:06 INFO Utils: /tmp/spark-091a62e5-53d7-41c1-b51d-c0f1ee57cdef/userFiles-43fd176f-b55d-4f44-9c84-0c1bef9a5e4f/fetchFileTemp477739338970801854.tmp has been previously copied to /tmp/spark-091a62e5-53d7-41c1-b51d-c0f1ee57cdef/userFiles-43fd176f-b55d-4f44-9c84-0c1bef9a5e4f/commons-logging_commons-logging-1.1.3.jar
[2025-10-29T03:12:06.405+0700] {subprocess.py:93} INFO - 25/10/29 03:12:06 INFO Executor: Adding file:/tmp/spark-091a62e5-53d7-41c1-b51d-c0f1ee57cdef/userFiles-43fd176f-b55d-4f44-9c84-0c1bef9a5e4f/commons-logging_commons-logging-1.1.3.jar to class loader default
[2025-10-29T03:12:06.406+0700] {subprocess.py:93} INFO - 25/10/29 03:12:06 INFO Executor: Fetching spark://dfeadd712fc3:36533/jars/org.apache.hadoop_hadoop-client-api-3.3.4.jar with timestamp 1761682325549
[2025-10-29T03:12:06.406+0700] {subprocess.py:93} INFO - 25/10/29 03:12:06 INFO Utils: Fetching spark://dfeadd712fc3:36533/jars/org.apache.hadoop_hadoop-client-api-3.3.4.jar to /tmp/spark-091a62e5-53d7-41c1-b51d-c0f1ee57cdef/userFiles-43fd176f-b55d-4f44-9c84-0c1bef9a5e4f/fetchFileTemp10823739864579695926.tmp
[2025-10-29T03:12:06.482+0700] {subprocess.py:93} INFO - 25/10/29 03:12:06 INFO Utils: /tmp/spark-091a62e5-53d7-41c1-b51d-c0f1ee57cdef/userFiles-43fd176f-b55d-4f44-9c84-0c1bef9a5e4f/fetchFileTemp10823739864579695926.tmp has been previously copied to /tmp/spark-091a62e5-53d7-41c1-b51d-c0f1ee57cdef/userFiles-43fd176f-b55d-4f44-9c84-0c1bef9a5e4f/org.apache.hadoop_hadoop-client-api-3.3.4.jar
[2025-10-29T03:12:06.489+0700] {subprocess.py:93} INFO - 25/10/29 03:12:06 INFO Executor: Adding file:/tmp/spark-091a62e5-53d7-41c1-b51d-c0f1ee57cdef/userFiles-43fd176f-b55d-4f44-9c84-0c1bef9a5e4f/org.apache.hadoop_hadoop-client-api-3.3.4.jar to class loader default
[2025-10-29T03:12:06.489+0700] {subprocess.py:93} INFO - 25/10/29 03:12:06 INFO Executor: Fetching spark://dfeadd712fc3:36533/jars/org.postgresql_postgresql-42.6.0.jar with timestamp 1761682325549
[2025-10-29T03:12:06.489+0700] {subprocess.py:93} INFO - 25/10/29 03:12:06 INFO Utils: Fetching spark://dfeadd712fc3:36533/jars/org.postgresql_postgresql-42.6.0.jar to /tmp/spark-091a62e5-53d7-41c1-b51d-c0f1ee57cdef/userFiles-43fd176f-b55d-4f44-9c84-0c1bef9a5e4f/fetchFileTemp5214893551230092678.tmp
[2025-10-29T03:12:06.495+0700] {subprocess.py:93} INFO - 25/10/29 03:12:06 INFO Utils: /tmp/spark-091a62e5-53d7-41c1-b51d-c0f1ee57cdef/userFiles-43fd176f-b55d-4f44-9c84-0c1bef9a5e4f/fetchFileTemp5214893551230092678.tmp has been previously copied to /tmp/spark-091a62e5-53d7-41c1-b51d-c0f1ee57cdef/userFiles-43fd176f-b55d-4f44-9c84-0c1bef9a5e4f/org.postgresql_postgresql-42.6.0.jar
[2025-10-29T03:12:06.500+0700] {subprocess.py:93} INFO - 25/10/29 03:12:06 INFO Executor: Adding file:/tmp/spark-091a62e5-53d7-41c1-b51d-c0f1ee57cdef/userFiles-43fd176f-b55d-4f44-9c84-0c1bef9a5e4f/org.postgresql_postgresql-42.6.0.jar to class loader default
[2025-10-29T03:12:06.500+0700] {subprocess.py:93} INFO - 25/10/29 03:12:06 INFO Executor: Fetching spark://dfeadd712fc3:36533/jars/org.apache.spark_spark-token-provider-kafka-0-10_2.12-3.5.1.jar with timestamp 1761682325549
[2025-10-29T03:12:06.500+0700] {subprocess.py:93} INFO - 25/10/29 03:12:06 INFO Utils: Fetching spark://dfeadd712fc3:36533/jars/org.apache.spark_spark-token-provider-kafka-0-10_2.12-3.5.1.jar to /tmp/spark-091a62e5-53d7-41c1-b51d-c0f1ee57cdef/userFiles-43fd176f-b55d-4f44-9c84-0c1bef9a5e4f/fetchFileTemp8510184984174683255.tmp
[2025-10-29T03:12:06.502+0700] {subprocess.py:93} INFO - 25/10/29 03:12:06 INFO Utils: /tmp/spark-091a62e5-53d7-41c1-b51d-c0f1ee57cdef/userFiles-43fd176f-b55d-4f44-9c84-0c1bef9a5e4f/fetchFileTemp8510184984174683255.tmp has been previously copied to /tmp/spark-091a62e5-53d7-41c1-b51d-c0f1ee57cdef/userFiles-43fd176f-b55d-4f44-9c84-0c1bef9a5e4f/org.apache.spark_spark-token-provider-kafka-0-10_2.12-3.5.1.jar
[2025-10-29T03:12:06.506+0700] {subprocess.py:93} INFO - 25/10/29 03:12:06 INFO Executor: Adding file:/tmp/spark-091a62e5-53d7-41c1-b51d-c0f1ee57cdef/userFiles-43fd176f-b55d-4f44-9c84-0c1bef9a5e4f/org.apache.spark_spark-token-provider-kafka-0-10_2.12-3.5.1.jar to class loader default
[2025-10-29T03:12:06.506+0700] {subprocess.py:93} INFO - 25/10/29 03:12:06 INFO Executor: Fetching spark://dfeadd712fc3:36533/jars/org.checkerframework_checker-qual-3.31.0.jar with timestamp 1761682325549
[2025-10-29T03:12:06.506+0700] {subprocess.py:93} INFO - 25/10/29 03:12:06 INFO Utils: Fetching spark://dfeadd712fc3:36533/jars/org.checkerframework_checker-qual-3.31.0.jar to /tmp/spark-091a62e5-53d7-41c1-b51d-c0f1ee57cdef/userFiles-43fd176f-b55d-4f44-9c84-0c1bef9a5e4f/fetchFileTemp656912832093223502.tmp
[2025-10-29T03:12:06.508+0700] {subprocess.py:93} INFO - 25/10/29 03:12:06 INFO Utils: /tmp/spark-091a62e5-53d7-41c1-b51d-c0f1ee57cdef/userFiles-43fd176f-b55d-4f44-9c84-0c1bef9a5e4f/fetchFileTemp656912832093223502.tmp has been previously copied to /tmp/spark-091a62e5-53d7-41c1-b51d-c0f1ee57cdef/userFiles-43fd176f-b55d-4f44-9c84-0c1bef9a5e4f/org.checkerframework_checker-qual-3.31.0.jar
[2025-10-29T03:12:06.511+0700] {subprocess.py:93} INFO - 25/10/29 03:12:06 INFO Executor: Adding file:/tmp/spark-091a62e5-53d7-41c1-b51d-c0f1ee57cdef/userFiles-43fd176f-b55d-4f44-9c84-0c1bef9a5e4f/org.checkerframework_checker-qual-3.31.0.jar to class loader default
[2025-10-29T03:12:06.512+0700] {subprocess.py:93} INFO - 25/10/29 03:12:06 INFO Executor: Fetching spark://dfeadd712fc3:36533/jars/org.apache.commons_commons-pool2-2.11.1.jar with timestamp 1761682325549
[2025-10-29T03:12:06.512+0700] {subprocess.py:93} INFO - 25/10/29 03:12:06 INFO Utils: Fetching spark://dfeadd712fc3:36533/jars/org.apache.commons_commons-pool2-2.11.1.jar to /tmp/spark-091a62e5-53d7-41c1-b51d-c0f1ee57cdef/userFiles-43fd176f-b55d-4f44-9c84-0c1bef9a5e4f/fetchFileTemp2160568790486410707.tmp
[2025-10-29T03:12:06.513+0700] {subprocess.py:93} INFO - 25/10/29 03:12:06 INFO Utils: /tmp/spark-091a62e5-53d7-41c1-b51d-c0f1ee57cdef/userFiles-43fd176f-b55d-4f44-9c84-0c1bef9a5e4f/fetchFileTemp2160568790486410707.tmp has been previously copied to /tmp/spark-091a62e5-53d7-41c1-b51d-c0f1ee57cdef/userFiles-43fd176f-b55d-4f44-9c84-0c1bef9a5e4f/org.apache.commons_commons-pool2-2.11.1.jar
[2025-10-29T03:12:06.517+0700] {subprocess.py:93} INFO - 25/10/29 03:12:06 INFO Executor: Adding file:/tmp/spark-091a62e5-53d7-41c1-b51d-c0f1ee57cdef/userFiles-43fd176f-b55d-4f44-9c84-0c1bef9a5e4f/org.apache.commons_commons-pool2-2.11.1.jar to class loader default
[2025-10-29T03:12:06.517+0700] {subprocess.py:93} INFO - 25/10/29 03:12:06 INFO Executor: Fetching spark://dfeadd712fc3:36533/jars/org.slf4j_slf4j-api-2.0.7.jar with timestamp 1761682325549
[2025-10-29T03:12:06.517+0700] {subprocess.py:93} INFO - 25/10/29 03:12:06 INFO Utils: Fetching spark://dfeadd712fc3:36533/jars/org.slf4j_slf4j-api-2.0.7.jar to /tmp/spark-091a62e5-53d7-41c1-b51d-c0f1ee57cdef/userFiles-43fd176f-b55d-4f44-9c84-0c1bef9a5e4f/fetchFileTemp11363804001390760832.tmp
[2025-10-29T03:12:06.518+0700] {subprocess.py:93} INFO - 25/10/29 03:12:06 INFO Utils: /tmp/spark-091a62e5-53d7-41c1-b51d-c0f1ee57cdef/userFiles-43fd176f-b55d-4f44-9c84-0c1bef9a5e4f/fetchFileTemp11363804001390760832.tmp has been previously copied to /tmp/spark-091a62e5-53d7-41c1-b51d-c0f1ee57cdef/userFiles-43fd176f-b55d-4f44-9c84-0c1bef9a5e4f/org.slf4j_slf4j-api-2.0.7.jar
[2025-10-29T03:12:06.522+0700] {subprocess.py:93} INFO - 25/10/29 03:12:06 INFO Executor: Adding file:/tmp/spark-091a62e5-53d7-41c1-b51d-c0f1ee57cdef/userFiles-43fd176f-b55d-4f44-9c84-0c1bef9a5e4f/org.slf4j_slf4j-api-2.0.7.jar to class loader default
[2025-10-29T03:12:06.522+0700] {subprocess.py:93} INFO - 25/10/29 03:12:06 INFO Executor: Fetching spark://dfeadd712fc3:36533/jars/org.apache.hadoop_hadoop-client-runtime-3.3.4.jar with timestamp 1761682325549
[2025-10-29T03:12:06.523+0700] {subprocess.py:93} INFO - 25/10/29 03:12:06 INFO Utils: Fetching spark://dfeadd712fc3:36533/jars/org.apache.hadoop_hadoop-client-runtime-3.3.4.jar to /tmp/spark-091a62e5-53d7-41c1-b51d-c0f1ee57cdef/userFiles-43fd176f-b55d-4f44-9c84-0c1bef9a5e4f/fetchFileTemp12616463518256298481.tmp
[2025-10-29T03:12:06.639+0700] {subprocess.py:93} INFO - 25/10/29 03:12:06 INFO Utils: /tmp/spark-091a62e5-53d7-41c1-b51d-c0f1ee57cdef/userFiles-43fd176f-b55d-4f44-9c84-0c1bef9a5e4f/fetchFileTemp12616463518256298481.tmp has been previously copied to /tmp/spark-091a62e5-53d7-41c1-b51d-c0f1ee57cdef/userFiles-43fd176f-b55d-4f44-9c84-0c1bef9a5e4f/org.apache.hadoop_hadoop-client-runtime-3.3.4.jar
[2025-10-29T03:12:06.647+0700] {subprocess.py:93} INFO - 25/10/29 03:12:06 INFO Executor: Adding file:/tmp/spark-091a62e5-53d7-41c1-b51d-c0f1ee57cdef/userFiles-43fd176f-b55d-4f44-9c84-0c1bef9a5e4f/org.apache.hadoop_hadoop-client-runtime-3.3.4.jar to class loader default
[2025-10-29T03:12:06.648+0700] {subprocess.py:93} INFO - 25/10/29 03:12:06 INFO Executor: Fetching spark://dfeadd712fc3:36533/jars/com.google.code.findbugs_jsr305-3.0.0.jar with timestamp 1761682325549
[2025-10-29T03:12:06.648+0700] {subprocess.py:93} INFO - 25/10/29 03:12:06 INFO Utils: Fetching spark://dfeadd712fc3:36533/jars/com.google.code.findbugs_jsr305-3.0.0.jar to /tmp/spark-091a62e5-53d7-41c1-b51d-c0f1ee57cdef/userFiles-43fd176f-b55d-4f44-9c84-0c1bef9a5e4f/fetchFileTemp1443043548199962829.tmp
[2025-10-29T03:12:06.649+0700] {subprocess.py:93} INFO - 25/10/29 03:12:06 INFO Utils: /tmp/spark-091a62e5-53d7-41c1-b51d-c0f1ee57cdef/userFiles-43fd176f-b55d-4f44-9c84-0c1bef9a5e4f/fetchFileTemp1443043548199962829.tmp has been previously copied to /tmp/spark-091a62e5-53d7-41c1-b51d-c0f1ee57cdef/userFiles-43fd176f-b55d-4f44-9c84-0c1bef9a5e4f/com.google.code.findbugs_jsr305-3.0.0.jar
[2025-10-29T03:12:06.653+0700] {subprocess.py:93} INFO - 25/10/29 03:12:06 INFO Executor: Adding file:/tmp/spark-091a62e5-53d7-41c1-b51d-c0f1ee57cdef/userFiles-43fd176f-b55d-4f44-9c84-0c1bef9a5e4f/com.google.code.findbugs_jsr305-3.0.0.jar to class loader default
[2025-10-29T03:12:06.654+0700] {subprocess.py:93} INFO - 25/10/29 03:12:06 INFO Executor: Fetching spark://dfeadd712fc3:36533/jars/org.apache.spark_spark-sql-kafka-0-10_2.12-3.5.1.jar with timestamp 1761682325549
[2025-10-29T03:12:06.654+0700] {subprocess.py:93} INFO - 25/10/29 03:12:06 INFO Utils: Fetching spark://dfeadd712fc3:36533/jars/org.apache.spark_spark-sql-kafka-0-10_2.12-3.5.1.jar to /tmp/spark-091a62e5-53d7-41c1-b51d-c0f1ee57cdef/userFiles-43fd176f-b55d-4f44-9c84-0c1bef9a5e4f/fetchFileTemp11299495026676739696.tmp
[2025-10-29T03:12:06.656+0700] {subprocess.py:93} INFO - 25/10/29 03:12:06 INFO Utils: /tmp/spark-091a62e5-53d7-41c1-b51d-c0f1ee57cdef/userFiles-43fd176f-b55d-4f44-9c84-0c1bef9a5e4f/fetchFileTemp11299495026676739696.tmp has been previously copied to /tmp/spark-091a62e5-53d7-41c1-b51d-c0f1ee57cdef/userFiles-43fd176f-b55d-4f44-9c84-0c1bef9a5e4f/org.apache.spark_spark-sql-kafka-0-10_2.12-3.5.1.jar
[2025-10-29T03:12:06.660+0700] {subprocess.py:93} INFO - 25/10/29 03:12:06 INFO Executor: Adding file:/tmp/spark-091a62e5-53d7-41c1-b51d-c0f1ee57cdef/userFiles-43fd176f-b55d-4f44-9c84-0c1bef9a5e4f/org.apache.spark_spark-sql-kafka-0-10_2.12-3.5.1.jar to class loader default
[2025-10-29T03:12:06.660+0700] {subprocess.py:93} INFO - 25/10/29 03:12:06 INFO Executor: Fetching spark://dfeadd712fc3:36533/jars/org.lz4_lz4-java-1.8.0.jar with timestamp 1761682325549
[2025-10-29T03:12:06.661+0700] {subprocess.py:93} INFO - 25/10/29 03:12:06 INFO Utils: Fetching spark://dfeadd712fc3:36533/jars/org.lz4_lz4-java-1.8.0.jar to /tmp/spark-091a62e5-53d7-41c1-b51d-c0f1ee57cdef/userFiles-43fd176f-b55d-4f44-9c84-0c1bef9a5e4f/fetchFileTemp13698824255757761531.tmp
[2025-10-29T03:12:06.663+0700] {subprocess.py:93} INFO - 25/10/29 03:12:06 INFO Utils: /tmp/spark-091a62e5-53d7-41c1-b51d-c0f1ee57cdef/userFiles-43fd176f-b55d-4f44-9c84-0c1bef9a5e4f/fetchFileTemp13698824255757761531.tmp has been previously copied to /tmp/spark-091a62e5-53d7-41c1-b51d-c0f1ee57cdef/userFiles-43fd176f-b55d-4f44-9c84-0c1bef9a5e4f/org.lz4_lz4-java-1.8.0.jar
[2025-10-29T03:12:06.667+0700] {subprocess.py:93} INFO - 25/10/29 03:12:06 INFO Executor: Adding file:/tmp/spark-091a62e5-53d7-41c1-b51d-c0f1ee57cdef/userFiles-43fd176f-b55d-4f44-9c84-0c1bef9a5e4f/org.lz4_lz4-java-1.8.0.jar to class loader default
[2025-10-29T03:12:06.667+0700] {subprocess.py:93} INFO - 25/10/29 03:12:06 INFO Executor: Fetching spark://dfeadd712fc3:36533/jars/org.xerial.snappy_snappy-java-1.1.10.3.jar with timestamp 1761682325549
[2025-10-29T03:12:06.668+0700] {subprocess.py:93} INFO - 25/10/29 03:12:06 INFO Utils: Fetching spark://dfeadd712fc3:36533/jars/org.xerial.snappy_snappy-java-1.1.10.3.jar to /tmp/spark-091a62e5-53d7-41c1-b51d-c0f1ee57cdef/userFiles-43fd176f-b55d-4f44-9c84-0c1bef9a5e4f/fetchFileTemp11993222063340834171.tmp
[2025-10-29T03:12:06.673+0700] {subprocess.py:93} INFO - 25/10/29 03:12:06 INFO Utils: /tmp/spark-091a62e5-53d7-41c1-b51d-c0f1ee57cdef/userFiles-43fd176f-b55d-4f44-9c84-0c1bef9a5e4f/fetchFileTemp11993222063340834171.tmp has been previously copied to /tmp/spark-091a62e5-53d7-41c1-b51d-c0f1ee57cdef/userFiles-43fd176f-b55d-4f44-9c84-0c1bef9a5e4f/org.xerial.snappy_snappy-java-1.1.10.3.jar
[2025-10-29T03:12:06.679+0700] {subprocess.py:93} INFO - 25/10/29 03:12:06 INFO Executor: Adding file:/tmp/spark-091a62e5-53d7-41c1-b51d-c0f1ee57cdef/userFiles-43fd176f-b55d-4f44-9c84-0c1bef9a5e4f/org.xerial.snappy_snappy-java-1.1.10.3.jar to class loader default
[2025-10-29T03:12:06.679+0700] {subprocess.py:93} INFO - 25/10/29 03:12:06 INFO Executor: Fetching spark://dfeadd712fc3:36533/jars/org.apache.kafka_kafka-clients-3.4.1.jar with timestamp 1761682325549
[2025-10-29T03:12:06.680+0700] {subprocess.py:93} INFO - 25/10/29 03:12:06 INFO Utils: Fetching spark://dfeadd712fc3:36533/jars/org.apache.kafka_kafka-clients-3.4.1.jar to /tmp/spark-091a62e5-53d7-41c1-b51d-c0f1ee57cdef/userFiles-43fd176f-b55d-4f44-9c84-0c1bef9a5e4f/fetchFileTemp4174359161405483378.tmp
[2025-10-29T03:12:06.688+0700] {subprocess.py:93} INFO - 25/10/29 03:12:06 INFO Utils: /tmp/spark-091a62e5-53d7-41c1-b51d-c0f1ee57cdef/userFiles-43fd176f-b55d-4f44-9c84-0c1bef9a5e4f/fetchFileTemp4174359161405483378.tmp has been previously copied to /tmp/spark-091a62e5-53d7-41c1-b51d-c0f1ee57cdef/userFiles-43fd176f-b55d-4f44-9c84-0c1bef9a5e4f/org.apache.kafka_kafka-clients-3.4.1.jar
[2025-10-29T03:12:06.698+0700] {subprocess.py:93} INFO - 25/10/29 03:12:06 INFO Executor: Adding file:/tmp/spark-091a62e5-53d7-41c1-b51d-c0f1ee57cdef/userFiles-43fd176f-b55d-4f44-9c84-0c1bef9a5e4f/org.apache.kafka_kafka-clients-3.4.1.jar to class loader default
[2025-10-29T03:12:06.704+0700] {subprocess.py:93} INFO - 25/10/29 03:12:06 INFO Utils: Successfully started service 'org.apache.spark.network.netty.NettyBlockTransferService' on port 45549.
[2025-10-29T03:12:06.705+0700] {subprocess.py:93} INFO - 25/10/29 03:12:06 INFO NettyBlockTransferService: Server created on dfeadd712fc3:45549
[2025-10-29T03:12:06.706+0700] {subprocess.py:93} INFO - 25/10/29 03:12:06 INFO BlockManager: Using org.apache.spark.storage.RandomBlockReplicationPolicy for block replication policy
[2025-10-29T03:12:06.710+0700] {subprocess.py:93} INFO - 25/10/29 03:12:06 INFO BlockManagerMaster: Registering BlockManager BlockManagerId(driver, dfeadd712fc3, 45549, None)
[2025-10-29T03:12:06.714+0700] {subprocess.py:93} INFO - 25/10/29 03:12:06 INFO BlockManagerMasterEndpoint: Registering block manager dfeadd712fc3:45549 with 434.4 MiB RAM, BlockManagerId(driver, dfeadd712fc3, 45549, None)
[2025-10-29T03:12:06.716+0700] {subprocess.py:93} INFO - 25/10/29 03:12:06 INFO BlockManagerMaster: Registered BlockManager BlockManagerId(driver, dfeadd712fc3, 45549, None)
[2025-10-29T03:12:06.717+0700] {subprocess.py:93} INFO - 25/10/29 03:12:06 INFO BlockManager: Initialized BlockManager: BlockManagerId(driver, dfeadd712fc3, 45549, None)
[2025-10-29T03:12:09.447+0700] {subprocess.py:93} INFO - 25/10/29 03:12:09 WARN ResolveWriteToStream: spark.sql.adaptive.enabled is not supported in streaming DataFrames/Datasets and will be disabled.
[2025-10-29T03:12:09.606+0700] {subprocess.py:93} INFO - 🚀 Streaming job started — đang lắng nghe dữ liệu từ Kafka...
[2025-10-29T03:12:09.763+0700] {subprocess.py:93} INFO - 25/10/29 03:12:09 WARN AdminClientConfig: These configurations '[key.deserializer, value.deserializer, enable.auto.commit, max.poll.records, auto.offset.reset]' were supplied but are not used yet.
[2025-10-29T03:12:12.773+0700] {subprocess.py:93} INFO - 25/10/29 03:12:12 WARN KafkaDataConsumer: KafkaDataConsumer is not running in UninterruptibleThread. It may hang when KafkaDataConsumer's methods are interrupted because of KAFKA-1894
[2025-10-29T03:12:15.700+0700] {subprocess.py:93} INFO - There was a problem when trying to write in your cache folder (/home/***/.cache/huggingface/hub). You should set the environment variable TRANSFORMERS_CACHE to a writable directory.
[2025-10-29T03:12:16.274+0700] {subprocess.py:93} INFO - 25/10/29 03:12:16 ERROR Executor: Exception in task 0.0 in stage 0.0 (TID 0)
[2025-10-29T03:12:16.275+0700] {subprocess.py:93} INFO - org.apache.spark.api.python.PythonException: Traceback (most recent call last):
[2025-10-29T03:12:16.275+0700] {subprocess.py:93} INFO -   File "/opt/***/projects/absa_streaming/scripts/consumer_postgres_streaming.py", line 73, in absa_infer_udf
[2025-10-29T03:12:16.275+0700] {subprocess.py:93} INFO -     _tokenizer = AutoTokenizer.from_pretrained(MODEL_NAME, use_fast=True)
[2025-10-29T03:12:16.275+0700] {subprocess.py:93} INFO -                  ^^^^^^^^^^^^^^^^^^^^^^^^^^^^^^^^^^^^^^^^^^^^^^^^^^^^^^^^
[2025-10-29T03:12:16.275+0700] {subprocess.py:93} INFO -   File "/home/***/.local/lib/python3.12/site-packages/transformers/models/auto/tokenization_auto.py", line 817, in from_pretrained
[2025-10-29T03:12:16.275+0700] {subprocess.py:93} INFO -     tokenizer_config = get_tokenizer_config(pretrained_model_name_or_path, **kwargs)
[2025-10-29T03:12:16.275+0700] {subprocess.py:93} INFO -                        ^^^^^^^^^^^^^^^^^^^^^^^^^^^^^^^^^^^^^^^^^^^^^^^^^^^^^^^^^^^^^
[2025-10-29T03:12:16.276+0700] {subprocess.py:93} INFO -   File "/home/***/.local/lib/python3.12/site-packages/transformers/models/auto/tokenization_auto.py", line 649, in get_tokenizer_config
[2025-10-29T03:12:16.276+0700] {subprocess.py:93} INFO -     resolved_config_file = cached_file(
[2025-10-29T03:12:16.276+0700] {subprocess.py:93} INFO -                            ^^^^^^^^^^^^
[2025-10-29T03:12:16.276+0700] {subprocess.py:93} INFO -   File "/home/***/.local/lib/python3.12/site-packages/transformers/utils/hub.py", line 462, in cached_file
[2025-10-29T03:12:16.276+0700] {subprocess.py:93} INFO -     except HFValidationError as e:
[2025-10-29T03:12:16.276+0700] {subprocess.py:93} INFO -   File "/home/***/.local/lib/python3.12/site-packages/huggingface_hub/utils/_validators.py", line 114, in _inner_fn
[2025-10-29T03:12:16.276+0700] {subprocess.py:93} INFO -     return fn(*args, **kwargs)
[2025-10-29T03:12:16.276+0700] {subprocess.py:93} INFO -            ^^^^^^^^^^^^^^^^^^^
[2025-10-29T03:12:16.276+0700] {subprocess.py:93} INFO -   File "/home/***/.local/lib/python3.12/site-packages/huggingface_hub/file_download.py", line 1007, in hf_hub_download
[2025-10-29T03:12:16.277+0700] {subprocess.py:93} INFO -     return _hf_hub_download_to_cache_dir(
[2025-10-29T03:12:16.277+0700] {subprocess.py:93} INFO -            ^^^^^^^^^^^^^^^^^^^^^^^^^^^^^^
[2025-10-29T03:12:16.277+0700] {subprocess.py:93} INFO -   File "/home/***/.local/lib/python3.12/site-packages/huggingface_hub/file_download.py", line 1124, in _hf_hub_download_to_cache_dir
[2025-10-29T03:12:16.277+0700] {subprocess.py:93} INFO -     os.makedirs(os.path.dirname(blob_path), exist_ok=True)
[2025-10-29T03:12:16.277+0700] {subprocess.py:93} INFO -   File "<frozen os>", line 216, in makedirs
[2025-10-29T03:12:16.277+0700] {subprocess.py:93} INFO -   File "<frozen os>", line 216, in makedirs
[2025-10-29T03:12:16.277+0700] {subprocess.py:93} INFO -   File "<frozen os>", line 216, in makedirs
[2025-10-29T03:12:16.277+0700] {subprocess.py:93} INFO -   File "<frozen os>", line 230, in makedirs
[2025-10-29T03:12:16.278+0700] {subprocess.py:93} INFO - PermissionError: [Errno 13] Permission denied: '/home/***/.cache/huggingface'
[2025-10-29T03:12:16.278+0700] {subprocess.py:93} INFO - 
[2025-10-29T03:12:16.278+0700] {subprocess.py:93} INFO - 	at org.apache.spark.api.python.BasePythonRunner$ReaderIterator.handlePythonException(PythonRunner.scala:572)
[2025-10-29T03:12:16.278+0700] {subprocess.py:93} INFO - 	at org.apache.spark.sql.execution.python.PythonArrowOutput$$anon$1.read(PythonArrowOutput.scala:118)
[2025-10-29T03:12:16.278+0700] {subprocess.py:93} INFO - 	at org.apache.spark.api.python.BasePythonRunner$ReaderIterator.hasNext(PythonRunner.scala:525)
[2025-10-29T03:12:16.278+0700] {subprocess.py:93} INFO - 	at org.apache.spark.InterruptibleIterator.hasNext(InterruptibleIterator.scala:37)
[2025-10-29T03:12:16.278+0700] {subprocess.py:93} INFO - 	at scala.collection.Iterator$$anon$11.hasNext(Iterator.scala:491)
[2025-10-29T03:12:16.278+0700] {subprocess.py:93} INFO - 	at scala.collection.Iterator$$anon$10.hasNext(Iterator.scala:460)
[2025-10-29T03:12:16.278+0700] {subprocess.py:93} INFO - 	at scala.collection.Iterator$$anon$10.hasNext(Iterator.scala:460)
[2025-10-29T03:12:16.279+0700] {subprocess.py:93} INFO - 	at org.apache.spark.sql.catalyst.expressions.GeneratedClass$GeneratedIteratorForCodegenStage1.hashAgg_doAggregateWithoutKey_0$(Unknown Source)
[2025-10-29T03:12:16.279+0700] {subprocess.py:93} INFO - 	at org.apache.spark.sql.catalyst.expressions.GeneratedClass$GeneratedIteratorForCodegenStage1.processNext(Unknown Source)
[2025-10-29T03:12:16.279+0700] {subprocess.py:93} INFO - 	at org.apache.spark.sql.execution.BufferedRowIterator.hasNext(BufferedRowIterator.java:43)
[2025-10-29T03:12:16.279+0700] {subprocess.py:93} INFO - 	at org.apache.spark.sql.execution.WholeStageCodegenEvaluatorFactory$WholeStageCodegenPartitionEvaluator$$anon$1.hasNext(WholeStageCodegenEvaluatorFactory.scala:43)
[2025-10-29T03:12:16.279+0700] {subprocess.py:93} INFO - 	at scala.collection.Iterator$$anon$10.hasNext(Iterator.scala:460)
[2025-10-29T03:12:16.279+0700] {subprocess.py:93} INFO - 	at org.apache.spark.shuffle.sort.BypassMergeSortShuffleWriter.write(BypassMergeSortShuffleWriter.java:140)
[2025-10-29T03:12:16.279+0700] {subprocess.py:93} INFO - 	at org.apache.spark.shuffle.ShuffleWriteProcessor.write(ShuffleWriteProcessor.scala:59)
[2025-10-29T03:12:16.279+0700] {subprocess.py:93} INFO - 	at org.apache.spark.scheduler.ShuffleMapTask.runTask(ShuffleMapTask.scala:104)
[2025-10-29T03:12:16.280+0700] {subprocess.py:93} INFO - 	at org.apache.spark.scheduler.ShuffleMapTask.runTask(ShuffleMapTask.scala:54)
[2025-10-29T03:12:16.280+0700] {subprocess.py:93} INFO - 	at org.apache.spark.TaskContext.runTaskWithListeners(TaskContext.scala:166)
[2025-10-29T03:12:16.280+0700] {subprocess.py:93} INFO - 	at org.apache.spark.scheduler.Task.run(Task.scala:141)
[2025-10-29T03:12:16.280+0700] {subprocess.py:93} INFO - 	at org.apache.spark.executor.Executor$TaskRunner.$anonfun$run$4(Executor.scala:620)
[2025-10-29T03:12:16.280+0700] {subprocess.py:93} INFO - 	at org.apache.spark.util.SparkErrorUtils.tryWithSafeFinally(SparkErrorUtils.scala:64)
[2025-10-29T03:12:16.280+0700] {subprocess.py:93} INFO - 	at org.apache.spark.util.SparkErrorUtils.tryWithSafeFinally$(SparkErrorUtils.scala:61)
[2025-10-29T03:12:16.280+0700] {subprocess.py:93} INFO - 	at org.apache.spark.util.Utils$.tryWithSafeFinally(Utils.scala:94)
[2025-10-29T03:12:16.280+0700] {subprocess.py:93} INFO - 	at org.apache.spark.executor.Executor$TaskRunner.run(Executor.scala:623)
[2025-10-29T03:12:16.280+0700] {subprocess.py:93} INFO - 	at java.base/java.util.concurrent.ThreadPoolExecutor.runWorker(ThreadPoolExecutor.java:1136)
[2025-10-29T03:12:16.281+0700] {subprocess.py:93} INFO - 	at java.base/java.util.concurrent.ThreadPoolExecutor$Worker.run(ThreadPoolExecutor.java:635)
[2025-10-29T03:12:16.281+0700] {subprocess.py:93} INFO - 	at java.base/java.lang.Thread.run(Thread.java:840)
[2025-10-29T03:12:16.284+0700] {subprocess.py:93} INFO - 25/10/29 03:12:16 WARN TaskSetManager: Lost task 0.0 in stage 0.0 (TID 0) (dfeadd712fc3 executor driver): org.apache.spark.api.python.PythonException: Traceback (most recent call last):
[2025-10-29T03:12:16.285+0700] {subprocess.py:93} INFO -   File "/opt/***/projects/absa_streaming/scripts/consumer_postgres_streaming.py", line 73, in absa_infer_udf
[2025-10-29T03:12:16.285+0700] {subprocess.py:93} INFO -     _tokenizer = AutoTokenizer.from_pretrained(MODEL_NAME, use_fast=True)
[2025-10-29T03:12:16.285+0700] {subprocess.py:93} INFO -                  ^^^^^^^^^^^^^^^^^^^^^^^^^^^^^^^^^^^^^^^^^^^^^^^^^^^^^^^^
[2025-10-29T03:12:16.285+0700] {subprocess.py:93} INFO -   File "/home/***/.local/lib/python3.12/site-packages/transformers/models/auto/tokenization_auto.py", line 817, in from_pretrained
[2025-10-29T03:12:16.285+0700] {subprocess.py:93} INFO -     tokenizer_config = get_tokenizer_config(pretrained_model_name_or_path, **kwargs)
[2025-10-29T03:12:16.285+0700] {subprocess.py:93} INFO -                        ^^^^^^^^^^^^^^^^^^^^^^^^^^^^^^^^^^^^^^^^^^^^^^^^^^^^^^^^^^^^^
[2025-10-29T03:12:16.285+0700] {subprocess.py:93} INFO -   File "/home/***/.local/lib/python3.12/site-packages/transformers/models/auto/tokenization_auto.py", line 649, in get_tokenizer_config
[2025-10-29T03:12:16.286+0700] {subprocess.py:93} INFO -     resolved_config_file = cached_file(
[2025-10-29T03:12:16.286+0700] {subprocess.py:93} INFO -                            ^^^^^^^^^^^^
[2025-10-29T03:12:16.286+0700] {subprocess.py:93} INFO -   File "/home/***/.local/lib/python3.12/site-packages/transformers/utils/hub.py", line 462, in cached_file
[2025-10-29T03:12:16.286+0700] {subprocess.py:93} INFO -     except HFValidationError as e:
[2025-10-29T03:12:16.286+0700] {subprocess.py:93} INFO -   File "/home/***/.local/lib/python3.12/site-packages/huggingface_hub/utils/_validators.py", line 114, in _inner_fn
[2025-10-29T03:12:16.286+0700] {subprocess.py:93} INFO -     return fn(*args, **kwargs)
[2025-10-29T03:12:16.286+0700] {subprocess.py:93} INFO -            ^^^^^^^^^^^^^^^^^^^
[2025-10-29T03:12:16.286+0700] {subprocess.py:93} INFO -   File "/home/***/.local/lib/python3.12/site-packages/huggingface_hub/file_download.py", line 1007, in hf_hub_download
[2025-10-29T03:12:16.286+0700] {subprocess.py:93} INFO -     return _hf_hub_download_to_cache_dir(
[2025-10-29T03:12:16.287+0700] {subprocess.py:93} INFO -            ^^^^^^^^^^^^^^^^^^^^^^^^^^^^^^
[2025-10-29T03:12:16.287+0700] {subprocess.py:93} INFO -   File "/home/***/.local/lib/python3.12/site-packages/huggingface_hub/file_download.py", line 1124, in _hf_hub_download_to_cache_dir
[2025-10-29T03:12:16.287+0700] {subprocess.py:93} INFO -     os.makedirs(os.path.dirname(blob_path), exist_ok=True)
[2025-10-29T03:12:16.287+0700] {subprocess.py:93} INFO -   File "<frozen os>", line 216, in makedirs
[2025-10-29T03:12:16.287+0700] {subprocess.py:93} INFO -   File "<frozen os>", line 216, in makedirs
[2025-10-29T03:12:16.287+0700] {subprocess.py:93} INFO -   File "<frozen os>", line 216, in makedirs
[2025-10-29T03:12:16.287+0700] {subprocess.py:93} INFO -   File "<frozen os>", line 230, in makedirs
[2025-10-29T03:12:16.287+0700] {subprocess.py:93} INFO - PermissionError: [Errno 13] Permission denied: '/home/***/.cache/huggingface'
[2025-10-29T03:12:16.288+0700] {subprocess.py:93} INFO - 
[2025-10-29T03:12:16.288+0700] {subprocess.py:93} INFO - 	at org.apache.spark.api.python.BasePythonRunner$ReaderIterator.handlePythonException(PythonRunner.scala:572)
[2025-10-29T03:12:16.288+0700] {subprocess.py:93} INFO - 	at org.apache.spark.sql.execution.python.PythonArrowOutput$$anon$1.read(PythonArrowOutput.scala:118)
[2025-10-29T03:12:16.288+0700] {subprocess.py:93} INFO - 	at org.apache.spark.api.python.BasePythonRunner$ReaderIterator.hasNext(PythonRunner.scala:525)
[2025-10-29T03:12:16.288+0700] {subprocess.py:93} INFO - 	at org.apache.spark.InterruptibleIterator.hasNext(InterruptibleIterator.scala:37)
[2025-10-29T03:12:16.288+0700] {subprocess.py:93} INFO - 	at scala.collection.Iterator$$anon$11.hasNext(Iterator.scala:491)
[2025-10-29T03:12:16.288+0700] {subprocess.py:93} INFO - 	at scala.collection.Iterator$$anon$10.hasNext(Iterator.scala:460)
[2025-10-29T03:12:16.288+0700] {subprocess.py:93} INFO - 	at scala.collection.Iterator$$anon$10.hasNext(Iterator.scala:460)
[2025-10-29T03:12:16.288+0700] {subprocess.py:93} INFO - 	at org.apache.spark.sql.catalyst.expressions.GeneratedClass$GeneratedIteratorForCodegenStage1.hashAgg_doAggregateWithoutKey_0$(Unknown Source)
[2025-10-29T03:12:16.289+0700] {subprocess.py:93} INFO - 	at org.apache.spark.sql.catalyst.expressions.GeneratedClass$GeneratedIteratorForCodegenStage1.processNext(Unknown Source)
[2025-10-29T03:12:16.289+0700] {subprocess.py:93} INFO - 	at org.apache.spark.sql.execution.BufferedRowIterator.hasNext(BufferedRowIterator.java:43)
[2025-10-29T03:12:16.289+0700] {subprocess.py:93} INFO - 	at org.apache.spark.sql.execution.WholeStageCodegenEvaluatorFactory$WholeStageCodegenPartitionEvaluator$$anon$1.hasNext(WholeStageCodegenEvaluatorFactory.scala:43)
[2025-10-29T03:12:16.289+0700] {subprocess.py:93} INFO - 	at scala.collection.Iterator$$anon$10.hasNext(Iterator.scala:460)
[2025-10-29T03:12:16.289+0700] {subprocess.py:93} INFO - 	at org.apache.spark.shuffle.sort.BypassMergeSortShuffleWriter.write(BypassMergeSortShuffleWriter.java:140)
[2025-10-29T03:12:16.289+0700] {subprocess.py:93} INFO - 	at org.apache.spark.shuffle.ShuffleWriteProcessor.write(ShuffleWriteProcessor.scala:59)
[2025-10-29T03:12:16.289+0700] {subprocess.py:93} INFO - 	at org.apache.spark.scheduler.ShuffleMapTask.runTask(ShuffleMapTask.scala:104)
[2025-10-29T03:12:16.289+0700] {subprocess.py:93} INFO - 	at org.apache.spark.scheduler.ShuffleMapTask.runTask(ShuffleMapTask.scala:54)
[2025-10-29T03:12:16.290+0700] {subprocess.py:93} INFO - 	at org.apache.spark.TaskContext.runTaskWithListeners(TaskContext.scala:166)
[2025-10-29T03:12:16.290+0700] {subprocess.py:93} INFO - 	at org.apache.spark.scheduler.Task.run(Task.scala:141)
[2025-10-29T03:12:16.290+0700] {subprocess.py:93} INFO - 	at org.apache.spark.executor.Executor$TaskRunner.$anonfun$run$4(Executor.scala:620)
[2025-10-29T03:12:16.290+0700] {subprocess.py:93} INFO - 	at org.apache.spark.util.SparkErrorUtils.tryWithSafeFinally(SparkErrorUtils.scala:64)
[2025-10-29T03:12:16.290+0700] {subprocess.py:93} INFO - 	at org.apache.spark.util.SparkErrorUtils.tryWithSafeFinally$(SparkErrorUtils.scala:61)
[2025-10-29T03:12:16.290+0700] {subprocess.py:93} INFO - 	at org.apache.spark.util.Utils$.tryWithSafeFinally(Utils.scala:94)
[2025-10-29T03:12:16.290+0700] {subprocess.py:93} INFO - 	at org.apache.spark.executor.Executor$TaskRunner.run(Executor.scala:623)
[2025-10-29T03:12:16.290+0700] {subprocess.py:93} INFO - 	at java.base/java.util.concurrent.ThreadPoolExecutor.runWorker(ThreadPoolExecutor.java:1136)
[2025-10-29T03:12:16.290+0700] {subprocess.py:93} INFO - 	at java.base/java.util.concurrent.ThreadPoolExecutor$Worker.run(ThreadPoolExecutor.java:635)
[2025-10-29T03:12:16.291+0700] {subprocess.py:93} INFO - 	at java.base/java.lang.Thread.run(Thread.java:840)
[2025-10-29T03:12:16.291+0700] {subprocess.py:93} INFO - 
[2025-10-29T03:12:16.291+0700] {subprocess.py:93} INFO - 25/10/29 03:12:16 ERROR TaskSetManager: Task 0 in stage 0.0 failed 1 times; aborting job
[2025-10-29T03:12:16.365+0700] {subprocess.py:93} INFO - 25/10/29 03:12:16 ERROR MicroBatchExecution: Query [id = a2644027-4dab-43ad-a66d-2b45a936cea7, runId = 4130b50c-b848-4539-8846-baf2178a54d4] terminated with error
[2025-10-29T03:12:16.365+0700] {subprocess.py:93} INFO - py4j.Py4JException: An exception was raised by the Python Proxy. Return Message: Traceback (most recent call last):
[2025-10-29T03:12:16.365+0700] {subprocess.py:93} INFO -   File "/home/***/.local/lib/python3.12/site-packages/pyspark/python/lib/py4j-0.10.9.7-src.zip/py4j/clientserver.py", line 617, in _call_proxy
[2025-10-29T03:12:16.366+0700] {subprocess.py:93} INFO -     return_value = getattr(self.pool[obj_id], method)(*params)
[2025-10-29T03:12:16.366+0700] {subprocess.py:93} INFO -                    ^^^^^^^^^^^^^^^^^^^^^^^^^^^^^^^^^^^^^^^^^^^
[2025-10-29T03:12:16.366+0700] {subprocess.py:93} INFO -   File "/home/***/.local/lib/python3.12/site-packages/pyspark/python/lib/pyspark.zip/pyspark/sql/utils.py", line 120, in call
[2025-10-29T03:12:16.366+0700] {subprocess.py:93} INFO -     raise e
[2025-10-29T03:12:16.366+0700] {subprocess.py:93} INFO -   File "/home/***/.local/lib/python3.12/site-packages/pyspark/python/lib/pyspark.zip/pyspark/sql/utils.py", line 117, in call
[2025-10-29T03:12:16.366+0700] {subprocess.py:93} INFO -     self.func(DataFrame(jdf, wrapped_session_jdf), batch_id)
[2025-10-29T03:12:16.366+0700] {subprocess.py:93} INFO -   File "/opt/***/projects/absa_streaming/scripts/consumer_postgres_streaming.py", line 125, in write_to_postgres
[2025-10-29T03:12:16.366+0700] {subprocess.py:93} INFO -     total_rows = batch_df.count()
[2025-10-29T03:12:16.367+0700] {subprocess.py:93} INFO -                  ^^^^^^^^^^^^^^^^
[2025-10-29T03:12:16.367+0700] {subprocess.py:93} INFO -   File "/home/***/.local/lib/python3.12/site-packages/pyspark/python/lib/pyspark.zip/pyspark/sql/dataframe.py", line 1238, in count
[2025-10-29T03:12:16.367+0700] {subprocess.py:93} INFO -     return int(self._jdf.count())
[2025-10-29T03:12:16.367+0700] {subprocess.py:93} INFO -                ^^^^^^^^^^^^^^^^^
[2025-10-29T03:12:16.367+0700] {subprocess.py:93} INFO -   File "/home/***/.local/lib/python3.12/site-packages/pyspark/python/lib/py4j-0.10.9.7-src.zip/py4j/java_gateway.py", line 1322, in __call__
[2025-10-29T03:12:16.367+0700] {subprocess.py:93} INFO -     return_value = get_return_value(
[2025-10-29T03:12:16.367+0700] {subprocess.py:93} INFO -                    ^^^^^^^^^^^^^^^^^
[2025-10-29T03:12:16.368+0700] {subprocess.py:93} INFO -   File "/home/***/.local/lib/python3.12/site-packages/pyspark/python/lib/pyspark.zip/pyspark/errors/exceptions/captured.py", line 185, in deco
[2025-10-29T03:12:16.368+0700] {subprocess.py:93} INFO -     raise converted from None
[2025-10-29T03:12:16.368+0700] {subprocess.py:93} INFO - pyspark.errors.exceptions.captured.PythonException:
[2025-10-29T03:12:16.368+0700] {subprocess.py:93} INFO -   An exception was thrown from the Python worker. Please see the stack trace below.
[2025-10-29T03:12:16.368+0700] {subprocess.py:93} INFO - Traceback (most recent call last):
[2025-10-29T03:12:16.369+0700] {subprocess.py:93} INFO -   File "/opt/***/projects/absa_streaming/scripts/consumer_postgres_streaming.py", line 73, in absa_infer_udf
[2025-10-29T03:12:16.369+0700] {subprocess.py:93} INFO -     _tokenizer = AutoTokenizer.from_pretrained(MODEL_NAME, use_fast=True)
[2025-10-29T03:12:16.369+0700] {subprocess.py:93} INFO -                  ^^^^^^^^^^^^^^^^^^^^^^^^^^^^^^^^^^^^^^^^^^^^^^^^^^^^^^^^
[2025-10-29T03:12:16.370+0700] {subprocess.py:93} INFO -   File "/home/***/.local/lib/python3.12/site-packages/transformers/models/auto/tokenization_auto.py", line 817, in from_pretrained
[2025-10-29T03:12:16.370+0700] {subprocess.py:93} INFO -     tokenizer_config = get_tokenizer_config(pretrained_model_name_or_path, **kwargs)
[2025-10-29T03:12:16.370+0700] {subprocess.py:93} INFO -                        ^^^^^^^^^^^^^^^^^^^^^^^^^^^^^^^^^^^^^^^^^^^^^^^^^^^^^^^^^^^^^
[2025-10-29T03:12:16.370+0700] {subprocess.py:93} INFO -   File "/home/***/.local/lib/python3.12/site-packages/transformers/models/auto/tokenization_auto.py", line 649, in get_tokenizer_config
[2025-10-29T03:12:16.370+0700] {subprocess.py:93} INFO -     resolved_config_file = cached_file(
[2025-10-29T03:12:16.370+0700] {subprocess.py:93} INFO -                            ^^^^^^^^^^^^
[2025-10-29T03:12:16.370+0700] {subprocess.py:93} INFO -   File "/home/***/.local/lib/python3.12/site-packages/transformers/utils/hub.py", line 462, in cached_file
[2025-10-29T03:12:16.370+0700] {subprocess.py:93} INFO -     except HFValidationError as e:
[2025-10-29T03:12:16.370+0700] {subprocess.py:93} INFO -   File "/home/***/.local/lib/python3.12/site-packages/huggingface_hub/utils/_validators.py", line 114, in _inner_fn
[2025-10-29T03:12:16.371+0700] {subprocess.py:93} INFO -     return fn(*args, **kwargs)
[2025-10-29T03:12:16.371+0700] {subprocess.py:93} INFO -            ^^^^^^^^^^^^^^^^^^^
[2025-10-29T03:12:16.371+0700] {subprocess.py:93} INFO -   File "/home/***/.local/lib/python3.12/site-packages/huggingface_hub/file_download.py", line 1007, in hf_hub_download
[2025-10-29T03:12:16.371+0700] {subprocess.py:93} INFO -     return _hf_hub_download_to_cache_dir(
[2025-10-29T03:12:16.371+0700] {subprocess.py:93} INFO -            ^^^^^^^^^^^^^^^^^^^^^^^^^^^^^^
[2025-10-29T03:12:16.371+0700] {subprocess.py:93} INFO -   File "/home/***/.local/lib/python3.12/site-packages/huggingface_hub/file_download.py", line 1124, in _hf_hub_download_to_cache_dir
[2025-10-29T03:12:16.371+0700] {subprocess.py:93} INFO -     os.makedirs(os.path.dirname(blob_path), exist_ok=True)
[2025-10-29T03:12:16.371+0700] {subprocess.py:93} INFO -   File "<frozen os>", line 216, in makedirs
[2025-10-29T03:12:16.372+0700] {subprocess.py:93} INFO -   File "<frozen os>", line 216, in makedirs
[2025-10-29T03:12:16.372+0700] {subprocess.py:93} INFO -   File "<frozen os>", line 216, in makedirs
[2025-10-29T03:12:16.372+0700] {subprocess.py:93} INFO -   File "<frozen os>", line 230, in makedirs
[2025-10-29T03:12:16.372+0700] {subprocess.py:93} INFO - PermissionError: [Errno 13] Permission denied: '/home/***/.cache/huggingface'
[2025-10-29T03:12:16.372+0700] {subprocess.py:93} INFO - 
[2025-10-29T03:12:16.372+0700] {subprocess.py:93} INFO - 
[2025-10-29T03:12:16.372+0700] {subprocess.py:93} INFO - 	at py4j.Protocol.getReturnValue(Protocol.java:476)
[2025-10-29T03:12:16.373+0700] {subprocess.py:93} INFO - 	at py4j.reflection.PythonProxyHandler.invoke(PythonProxyHandler.java:108)
[2025-10-29T03:12:16.373+0700] {subprocess.py:93} INFO - 	at jdk.proxy3/jdk.proxy3.$Proxy32.call(Unknown Source)
[2025-10-29T03:12:16.373+0700] {subprocess.py:93} INFO - 	at org.apache.spark.sql.execution.streaming.sources.PythonForeachBatchHelper$.$anonfun$callForeachBatch$1(ForeachBatchSink.scala:53)
[2025-10-29T03:12:16.373+0700] {subprocess.py:93} INFO - 	at org.apache.spark.sql.execution.streaming.sources.PythonForeachBatchHelper$.$anonfun$callForeachBatch$1$adapted(ForeachBatchSink.scala:53)
[2025-10-29T03:12:16.373+0700] {subprocess.py:93} INFO - 	at org.apache.spark.sql.execution.streaming.sources.ForeachBatchSink.addBatch(ForeachBatchSink.scala:34)
[2025-10-29T03:12:16.373+0700] {subprocess.py:93} INFO - 	at org.apache.spark.sql.execution.streaming.MicroBatchExecution.$anonfun$runBatch$17(MicroBatchExecution.scala:732)
[2025-10-29T03:12:16.373+0700] {subprocess.py:93} INFO - 	at org.apache.spark.sql.execution.SQLExecution$.$anonfun$withNewExecutionId$6(SQLExecution.scala:125)
[2025-10-29T03:12:16.373+0700] {subprocess.py:93} INFO - 	at org.apache.spark.sql.execution.SQLExecution$.withSQLConfPropagated(SQLExecution.scala:201)
[2025-10-29T03:12:16.374+0700] {subprocess.py:93} INFO - 	at org.apache.spark.sql.execution.SQLExecution$.$anonfun$withNewExecutionId$1(SQLExecution.scala:108)
[2025-10-29T03:12:16.374+0700] {subprocess.py:93} INFO - 	at org.apache.spark.sql.SparkSession.withActive(SparkSession.scala:900)
[2025-10-29T03:12:16.374+0700] {subprocess.py:93} INFO - 	at org.apache.spark.sql.execution.SQLExecution$.withNewExecutionId(SQLExecution.scala:66)
[2025-10-29T03:12:16.374+0700] {subprocess.py:93} INFO - 	at org.apache.spark.sql.execution.streaming.MicroBatchExecution.$anonfun$runBatch$16(MicroBatchExecution.scala:729)
[2025-10-29T03:12:16.374+0700] {subprocess.py:93} INFO - 	at org.apache.spark.sql.execution.streaming.ProgressReporter.reportTimeTaken(ProgressReporter.scala:427)
[2025-10-29T03:12:16.374+0700] {subprocess.py:93} INFO - 	at org.apache.spark.sql.execution.streaming.ProgressReporter.reportTimeTaken$(ProgressReporter.scala:425)
[2025-10-29T03:12:16.374+0700] {subprocess.py:93} INFO - 	at org.apache.spark.sql.execution.streaming.StreamExecution.reportTimeTaken(StreamExecution.scala:67)
[2025-10-29T03:12:16.374+0700] {subprocess.py:93} INFO - 	at org.apache.spark.sql.execution.streaming.MicroBatchExecution.runBatch(MicroBatchExecution.scala:729)
[2025-10-29T03:12:16.374+0700] {subprocess.py:93} INFO - 	at org.apache.spark.sql.execution.streaming.MicroBatchExecution.$anonfun$runActivatedStream$2(MicroBatchExecution.scala:286)
[2025-10-29T03:12:16.375+0700] {subprocess.py:93} INFO - 	at scala.runtime.java8.JFunction0$mcV$sp.apply(JFunction0$mcV$sp.java:23)
[2025-10-29T03:12:16.375+0700] {subprocess.py:93} INFO - 	at org.apache.spark.sql.execution.streaming.ProgressReporter.reportTimeTaken(ProgressReporter.scala:427)
[2025-10-29T03:12:16.375+0700] {subprocess.py:93} INFO - 	at org.apache.spark.sql.execution.streaming.ProgressReporter.reportTimeTaken$(ProgressReporter.scala:425)
[2025-10-29T03:12:16.375+0700] {subprocess.py:93} INFO - 	at org.apache.spark.sql.execution.streaming.StreamExecution.reportTimeTaken(StreamExecution.scala:67)
[2025-10-29T03:12:16.375+0700] {subprocess.py:93} INFO - 	at org.apache.spark.sql.execution.streaming.MicroBatchExecution.$anonfun$runActivatedStream$1(MicroBatchExecution.scala:249)
[2025-10-29T03:12:16.375+0700] {subprocess.py:93} INFO - 	at org.apache.spark.sql.execution.streaming.ProcessingTimeExecutor.execute(TriggerExecutor.scala:67)
[2025-10-29T03:12:16.375+0700] {subprocess.py:93} INFO - 	at org.apache.spark.sql.execution.streaming.MicroBatchExecution.runActivatedStream(MicroBatchExecution.scala:239)
[2025-10-29T03:12:16.375+0700] {subprocess.py:93} INFO - 	at org.apache.spark.sql.execution.streaming.StreamExecution.$anonfun$runStream$1(StreamExecution.scala:311)
[2025-10-29T03:12:16.375+0700] {subprocess.py:93} INFO - 	at scala.runtime.java8.JFunction0$mcV$sp.apply(JFunction0$mcV$sp.java:23)
[2025-10-29T03:12:16.376+0700] {subprocess.py:93} INFO - 	at org.apache.spark.sql.SparkSession.withActive(SparkSession.scala:900)
[2025-10-29T03:12:16.376+0700] {subprocess.py:93} INFO - 	at org.apache.spark.sql.execution.streaming.StreamExecution.org$apache$spark$sql$execution$streaming$StreamExecution$$runStream(StreamExecution.scala:289)
[2025-10-29T03:12:16.376+0700] {subprocess.py:93} INFO - 	at org.apache.spark.sql.execution.streaming.StreamExecution$$anon$1.$anonfun$run$1(StreamExecution.scala:211)
[2025-10-29T03:12:16.376+0700] {subprocess.py:93} INFO - 	at scala.runtime.java8.JFunction0$mcV$sp.apply(JFunction0$mcV$sp.java:23)
[2025-10-29T03:12:16.376+0700] {subprocess.py:93} INFO - 	at org.apache.spark.JobArtifactSet$.withActiveJobArtifactState(JobArtifactSet.scala:94)
[2025-10-29T03:12:16.377+0700] {subprocess.py:93} INFO - 	at org.apache.spark.sql.execution.streaming.StreamExecution$$anon$1.run(StreamExecution.scala:211)
[2025-10-29T03:12:16.429+0700] {subprocess.py:93} INFO - Traceback (most recent call last):
[2025-10-29T03:12:16.430+0700] {subprocess.py:93} INFO -   File "/opt/***/projects/absa_streaming/scripts/consumer_postgres_streaming.py", line 175, in <module>
[2025-10-29T03:12:16.430+0700] {subprocess.py:93} INFO -     query.awaitTermination()
[2025-10-29T03:12:16.430+0700] {subprocess.py:93} INFO -   File "/home/***/.local/lib/python3.12/site-packages/pyspark/python/lib/pyspark.zip/pyspark/sql/streaming/query.py", line 221, in awaitTermination
[2025-10-29T03:12:16.430+0700] {subprocess.py:93} INFO -   File "/home/***/.local/lib/python3.12/site-packages/pyspark/python/lib/py4j-0.10.9.7-src.zip/py4j/java_gateway.py", line 1322, in __call__
[2025-10-29T03:12:16.430+0700] {subprocess.py:93} INFO -   File "/home/***/.local/lib/python3.12/site-packages/pyspark/python/lib/pyspark.zip/pyspark/errors/exceptions/captured.py", line 185, in deco
[2025-10-29T03:12:16.432+0700] {subprocess.py:93} INFO - pyspark.errors.exceptions.captured.StreamingQueryException: [STREAM_FAILED] Query [id = a2644027-4dab-43ad-a66d-2b45a936cea7, runId = 4130b50c-b848-4539-8846-baf2178a54d4] terminated with exception: An exception was raised by the Python Proxy. Return Message: Traceback (most recent call last):
[2025-10-29T03:12:16.433+0700] {subprocess.py:93} INFO -   File "/home/***/.local/lib/python3.12/site-packages/pyspark/python/lib/py4j-0.10.9.7-src.zip/py4j/clientserver.py", line 617, in _call_proxy
[2025-10-29T03:12:16.433+0700] {subprocess.py:93} INFO -     return_value = getattr(self.pool[obj_id], method)(*params)
[2025-10-29T03:12:16.433+0700] {subprocess.py:93} INFO -                    ^^^^^^^^^^^^^^^^^^^^^^^^^^^^^^^^^^^^^^^^^^^
[2025-10-29T03:12:16.433+0700] {subprocess.py:93} INFO -   File "/home/***/.local/lib/python3.12/site-packages/pyspark/python/lib/pyspark.zip/pyspark/sql/utils.py", line 120, in call
[2025-10-29T03:12:16.433+0700] {subprocess.py:93} INFO -     raise e
[2025-10-29T03:12:16.434+0700] {subprocess.py:93} INFO -   File "/home/***/.local/lib/python3.12/site-packages/pyspark/python/lib/pyspark.zip/pyspark/sql/utils.py", line 117, in call
[2025-10-29T03:12:16.434+0700] {subprocess.py:93} INFO -     self.func(DataFrame(jdf, wrapped_session_jdf), batch_id)
[2025-10-29T03:12:16.434+0700] {subprocess.py:93} INFO -   File "/opt/***/projects/absa_streaming/scripts/consumer_postgres_streaming.py", line 125, in write_to_postgres
[2025-10-29T03:12:16.434+0700] {subprocess.py:93} INFO -     total_rows = batch_df.count()
[2025-10-29T03:12:16.434+0700] {subprocess.py:93} INFO -                  ^^^^^^^^^^^^^^^^
[2025-10-29T03:12:16.434+0700] {subprocess.py:93} INFO -   File "/home/***/.local/lib/python3.12/site-packages/pyspark/python/lib/pyspark.zip/pyspark/sql/dataframe.py", line 1238, in count
[2025-10-29T03:12:16.435+0700] {subprocess.py:93} INFO -     return int(self._jdf.count())
[2025-10-29T03:12:16.435+0700] {subprocess.py:93} INFO -                ^^^^^^^^^^^^^^^^^
[2025-10-29T03:12:16.435+0700] {subprocess.py:93} INFO -   File "/home/***/.local/lib/python3.12/site-packages/pyspark/python/lib/py4j-0.10.9.7-src.zip/py4j/java_gateway.py", line 1322, in __call__
[2025-10-29T03:12:16.435+0700] {subprocess.py:93} INFO -     return_value = get_return_value(
[2025-10-29T03:12:16.435+0700] {subprocess.py:93} INFO -                    ^^^^^^^^^^^^^^^^^
[2025-10-29T03:12:16.435+0700] {subprocess.py:93} INFO -   File "/home/***/.local/lib/python3.12/site-packages/pyspark/python/lib/pyspark.zip/pyspark/errors/exceptions/captured.py", line 185, in deco
[2025-10-29T03:12:16.435+0700] {subprocess.py:93} INFO -     raise converted from None
[2025-10-29T03:12:16.436+0700] {subprocess.py:93} INFO - pyspark.errors.exceptions.captured.PythonException:
[2025-10-29T03:12:16.436+0700] {subprocess.py:93} INFO -   An exception was thrown from the Python worker. Please see the stack trace below.
[2025-10-29T03:12:16.436+0700] {subprocess.py:93} INFO - Traceback (most recent call last):
[2025-10-29T03:12:16.436+0700] {subprocess.py:93} INFO -   File "/opt/***/projects/absa_streaming/scripts/consumer_postgres_streaming.py", line 73, in absa_infer_udf
[2025-10-29T03:12:16.436+0700] {subprocess.py:93} INFO -     _tokenizer = AutoTokenizer.from_pretrained(MODEL_NAME, use_fast=True)
[2025-10-29T03:12:16.436+0700] {subprocess.py:93} INFO -                  ^^^^^^^^^^^^^^^^^^^^^^^^^^^^^^^^^^^^^^^^^^^^^^^^^^^^^^^^
[2025-10-29T03:12:16.436+0700] {subprocess.py:93} INFO -   File "/home/***/.local/lib/python3.12/site-packages/transformers/models/auto/tokenization_auto.py", line 817, in from_pretrained
[2025-10-29T03:12:16.437+0700] {subprocess.py:93} INFO -     tokenizer_config = get_tokenizer_config(pretrained_model_name_or_path, **kwargs)
[2025-10-29T03:12:16.437+0700] {subprocess.py:93} INFO -                        ^^^^^^^^^^^^^^^^^^^^^^^^^^^^^^^^^^^^^^^^^^^^^^^^^^^^^^^^^^^^^
[2025-10-29T03:12:16.437+0700] {subprocess.py:93} INFO -   File "/home/***/.local/lib/python3.12/site-packages/transformers/models/auto/tokenization_auto.py", line 649, in get_tokenizer_config
[2025-10-29T03:12:16.437+0700] {subprocess.py:93} INFO -     resolved_config_file = cached_file(
[2025-10-29T03:12:16.437+0700] {subprocess.py:93} INFO -                            ^^^^^^^^^^^^
[2025-10-29T03:12:16.437+0700] {subprocess.py:93} INFO -   File "/home/***/.local/lib/python3.12/site-packages/transformers/utils/hub.py", line 462, in cached_file
[2025-10-29T03:12:16.438+0700] {subprocess.py:93} INFO -     except HFValidationError as e:
[2025-10-29T03:12:16.438+0700] {subprocess.py:93} INFO -   File "/home/***/.local/lib/python3.12/site-packages/huggingface_hub/utils/_validators.py", line 114, in _inner_fn
[2025-10-29T03:12:16.438+0700] {subprocess.py:93} INFO -     return fn(*args, **kwargs)
[2025-10-29T03:12:16.438+0700] {subprocess.py:93} INFO -            ^^^^^^^^^^^^^^^^^^^
[2025-10-29T03:12:16.438+0700] {subprocess.py:93} INFO -   File "/home/***/.local/lib/python3.12/site-packages/huggingface_hub/file_download.py", line 1007, in hf_hub_download
[2025-10-29T03:12:16.438+0700] {subprocess.py:93} INFO -     return _hf_hub_download_to_cache_dir(
[2025-10-29T03:12:16.438+0700] {subprocess.py:93} INFO -            ^^^^^^^^^^^^^^^^^^^^^^^^^^^^^^
[2025-10-29T03:12:16.438+0700] {subprocess.py:93} INFO -   File "/home/***/.local/lib/python3.12/site-packages/huggingface_hub/file_download.py", line 1124, in _hf_hub_download_to_cache_dir
[2025-10-29T03:12:16.439+0700] {subprocess.py:93} INFO -     os.makedirs(os.path.dirname(blob_path), exist_ok=True)
[2025-10-29T03:12:16.439+0700] {subprocess.py:93} INFO -   File "<frozen os>", line 216, in makedirs
[2025-10-29T03:12:16.439+0700] {subprocess.py:93} INFO -   File "<frozen os>", line 216, in makedirs
[2025-10-29T03:12:16.439+0700] {subprocess.py:93} INFO -   File "<frozen os>", line 216, in makedirs
[2025-10-29T03:12:16.439+0700] {subprocess.py:93} INFO -   File "<frozen os>", line 230, in makedirs
[2025-10-29T03:12:16.439+0700] {subprocess.py:93} INFO - PermissionError: [Errno 13] Permission denied: '/home/***/.cache/huggingface'
[2025-10-29T03:12:16.440+0700] {subprocess.py:93} INFO - 
[2025-10-29T03:12:16.440+0700] {subprocess.py:93} INFO - 
[2025-10-29T03:12:16.998+0700] {subprocess.py:97} INFO - Command exited with return code 1
[2025-10-29T03:12:16.999+0700] {taskinstance.py:441} INFO - ::group::Post task execution logs
[2025-10-29T03:12:17.007+0700] {taskinstance.py:2890} ERROR - Task failed with exception
Traceback (most recent call last):
  File "/home/airflow/.local/lib/python3.12/site-packages/airflow/models/taskinstance.py", line 460, in _execute_task
    result = _execute_callable(context=context, **execute_callable_kwargs)
             ^^^^^^^^^^^^^^^^^^^^^^^^^^^^^^^^^^^^^^^^^^^^^^^^^^^^^^^^^^^^^
  File "/home/airflow/.local/lib/python3.12/site-packages/airflow/models/taskinstance.py", line 432, in _execute_callable
    return execute_callable(context=context, **execute_callable_kwargs)
           ^^^^^^^^^^^^^^^^^^^^^^^^^^^^^^^^^^^^^^^^^^^^^^^^^^^^^^^^^^^^
  File "/home/airflow/.local/lib/python3.12/site-packages/airflow/models/baseoperator.py", line 400, in wrapper
    return func(self, *args, **kwargs)
           ^^^^^^^^^^^^^^^^^^^^^^^^^^^
  File "/home/airflow/.local/lib/python3.12/site-packages/airflow/operators/bash.py", line 243, in execute
    raise AirflowException(
airflow.exceptions.AirflowException: Bash command failed. The command returned a non-zero exit code 1.
[2025-10-29T03:12:17.011+0700] {taskinstance.py:1205} INFO - Marking task as UP_FOR_RETRY. dag_id=absa_streaming_lifecycle_demo1, task_id=deploy_consumer, execution_date=20251028T200718, start_date=20251028T201159, end_date=20251028T201217
[2025-10-29T03:12:17.021+0700] {standard_task_runner.py:110} ERROR - Failed to execute job 10 for task deploy_consumer (Bash command failed. The command returned a non-zero exit code 1.; 1573)
[2025-10-29T03:12:17.047+0700] {local_task_job_runner.py:240} INFO - Task exited with return code 1
[2025-10-29T03:12:17.060+0700] {taskinstance.py:3482} INFO - 0 downstream tasks scheduled from follow-on schedule check
[2025-10-29T03:12:17.061+0700] {local_task_job_runner.py:222} INFO - ::endgroup::
