[2025-10-29T03:24:12.658+0700] {local_task_job_runner.py:120} INFO - ::group::Pre task execution logs
[2025-10-29T03:24:12.672+0700] {taskinstance.py:2073} INFO - Dependencies all met for dep_context=non-requeueable deps ti=<TaskInstance: absa_streaming_lifecycle_demo1.deploy_consumer manual__2025-10-28T20:07:18.155316+00:00 [queued]>
[2025-10-29T03:24:12.676+0700] {taskinstance.py:2073} INFO - Dependencies all met for dep_context=requeueable deps ti=<TaskInstance: absa_streaming_lifecycle_demo1.deploy_consumer manual__2025-10-28T20:07:18.155316+00:00 [queued]>
[2025-10-29T03:24:12.676+0700] {taskinstance.py:2303} INFO - Starting attempt 9 of 11
[2025-10-29T03:24:12.684+0700] {taskinstance.py:2327} INFO - Executing <Task(BashOperator): deploy_consumer> on 2025-10-28 20:07:18.155316+00:00
[2025-10-29T03:24:12.691+0700] {warnings.py:110} WARNING - /home/***/.local/lib/python3.12/site-packages/***/task/task_runner/standard_task_runner.py:61: DeprecationWarning: This process (pid=7119) is multi-threaded, use of fork() may lead to deadlocks in the child.
  pid = os.fork()

[2025-10-29T03:24:12.692+0700] {standard_task_runner.py:63} INFO - Started process 7121 to run task
[2025-10-29T03:24:12.692+0700] {standard_task_runner.py:90} INFO - Running: ['***', 'tasks', 'run', 'absa_streaming_lifecycle_demo1', 'deploy_consumer', 'manual__2025-10-28T20:07:18.155316+00:00', '--job-id', '22', '--raw', '--subdir', 'DAGS_FOLDER/absa_streaming_lifecycle_dag1.py', '--cfg-path', '/tmp/tmpz9pp2c6e']
[2025-10-29T03:24:12.694+0700] {standard_task_runner.py:91} INFO - Job 22: Subtask deploy_consumer
[2025-10-29T03:24:12.721+0700] {task_command.py:426} INFO - Running <TaskInstance: absa_streaming_lifecycle_demo1.deploy_consumer manual__2025-10-28T20:07:18.155316+00:00 [running]> on host dfeadd712fc3
[2025-10-29T03:24:12.771+0700] {taskinstance.py:2644} INFO - Exporting env vars: AIRFLOW_CTX_DAG_OWNER='***' AIRFLOW_CTX_DAG_ID='absa_streaming_lifecycle_demo1' AIRFLOW_CTX_TASK_ID='deploy_consumer' AIRFLOW_CTX_EXECUTION_DATE='2025-10-28T20:07:18.155316+00:00' AIRFLOW_CTX_TRY_NUMBER='9' AIRFLOW_CTX_DAG_RUN_ID='manual__2025-10-28T20:07:18.155316+00:00'
[2025-10-29T03:24:12.773+0700] {taskinstance.py:430} INFO - ::endgroup::
[2025-10-29T03:24:12.774+0700] {subprocess.py:63} INFO - Tmp dir root location: /tmp
[2025-10-29T03:24:12.774+0700] {subprocess.py:75} INFO - Running command: ['/usr/bin/bash', '-c', 'bash -c "timeout 45m /opt/***/projects/absa_streaming/scripts/run_consumer.sh"']
[2025-10-29T03:24:12.791+0700] {subprocess.py:86} INFO - Output:
[2025-10-29T03:24:12.797+0700] {subprocess.py:93} INFO - [Consumer] Starting Spark Structured Streaming job...
[2025-10-29T03:24:12.837+0700] {subprocess.py:93} INFO - /home/***/.local/lib/python3.12/site-packages/pyspark/bin/load-spark-env.sh: line 68: ps: command not found
[2025-10-29T03:24:13.913+0700] {subprocess.py:93} INFO - :: loading settings :: url = jar:file:/home/***/.local/lib/python3.12/site-packages/pyspark/jars/ivy-2.5.1.jar!/org/apache/ivy/core/settings/ivysettings.xml
[2025-10-29T03:24:13.980+0700] {subprocess.py:93} INFO - Ivy Default Cache set to: /home/***/.ivy2/cache
[2025-10-29T03:24:13.981+0700] {subprocess.py:93} INFO - The jars for the packages stored in: /home/***/.ivy2/jars
[2025-10-29T03:24:13.986+0700] {subprocess.py:93} INFO - org.apache.spark#spark-sql-kafka-0-10_2.12 added as a dependency
[2025-10-29T03:24:13.987+0700] {subprocess.py:93} INFO - org.postgresql#postgresql added as a dependency
[2025-10-29T03:24:13.988+0700] {subprocess.py:93} INFO - :: resolving dependencies :: org.apache.spark#spark-submit-parent-98347b56-47e1-4588-9eb0-76bf0937fb32;1.0
[2025-10-29T03:24:13.988+0700] {subprocess.py:93} INFO - 	confs: [default]
[2025-10-29T03:24:14.143+0700] {subprocess.py:93} INFO - 	found org.apache.spark#spark-sql-kafka-0-10_2.12;3.5.1 in central
[2025-10-29T03:24:14.195+0700] {subprocess.py:93} INFO - 	found org.apache.spark#spark-token-provider-kafka-0-10_2.12;3.5.1 in central
[2025-10-29T03:24:14.217+0700] {subprocess.py:93} INFO - 	found org.apache.kafka#kafka-clients;3.4.1 in central
[2025-10-29T03:24:14.239+0700] {subprocess.py:93} INFO - 	found org.lz4#lz4-java;1.8.0 in central
[2025-10-29T03:24:14.261+0700] {subprocess.py:93} INFO - 	found org.xerial.snappy#snappy-java;1.1.10.3 in central
[2025-10-29T03:24:14.282+0700] {subprocess.py:93} INFO - 	found org.slf4j#slf4j-api;2.0.7 in central
[2025-10-29T03:24:14.310+0700] {subprocess.py:93} INFO - 	found org.apache.hadoop#hadoop-client-runtime;3.3.4 in central
[2025-10-29T03:24:14.338+0700] {subprocess.py:93} INFO - 	found org.apache.hadoop#hadoop-client-api;3.3.4 in central
[2025-10-29T03:24:14.362+0700] {subprocess.py:93} INFO - 	found commons-logging#commons-logging;1.1.3 in central
[2025-10-29T03:24:14.382+0700] {subprocess.py:93} INFO - 	found com.google.code.findbugs#jsr305;3.0.0 in central
[2025-10-29T03:24:14.398+0700] {subprocess.py:93} INFO - 	found org.apache.commons#commons-pool2;2.11.1 in central
[2025-10-29T03:24:14.413+0700] {subprocess.py:93} INFO - 	found org.postgresql#postgresql;42.6.0 in central
[2025-10-29T03:24:14.426+0700] {subprocess.py:93} INFO - 	found org.checkerframework#checker-qual;3.31.0 in central
[2025-10-29T03:24:14.459+0700] {subprocess.py:93} INFO - :: resolution report :: resolve 451ms :: artifacts dl 20ms
[2025-10-29T03:24:14.460+0700] {subprocess.py:93} INFO - 	:: modules in use:
[2025-10-29T03:24:14.460+0700] {subprocess.py:93} INFO - 	com.google.code.findbugs#jsr305;3.0.0 from central in [default]
[2025-10-29T03:24:14.461+0700] {subprocess.py:93} INFO - 	commons-logging#commons-logging;1.1.3 from central in [default]
[2025-10-29T03:24:14.461+0700] {subprocess.py:93} INFO - 	org.apache.commons#commons-pool2;2.11.1 from central in [default]
[2025-10-29T03:24:14.461+0700] {subprocess.py:93} INFO - 	org.apache.hadoop#hadoop-client-api;3.3.4 from central in [default]
[2025-10-29T03:24:14.461+0700] {subprocess.py:93} INFO - 	org.apache.hadoop#hadoop-client-runtime;3.3.4 from central in [default]
[2025-10-29T03:24:14.462+0700] {subprocess.py:93} INFO - 	org.apache.kafka#kafka-clients;3.4.1 from central in [default]
[2025-10-29T03:24:14.462+0700] {subprocess.py:93} INFO - 	org.apache.spark#spark-sql-kafka-0-10_2.12;3.5.1 from central in [default]
[2025-10-29T03:24:14.462+0700] {subprocess.py:93} INFO - 	org.apache.spark#spark-token-provider-kafka-0-10_2.12;3.5.1 from central in [default]
[2025-10-29T03:24:14.463+0700] {subprocess.py:93} INFO - 	org.checkerframework#checker-qual;3.31.0 from central in [default]
[2025-10-29T03:24:14.463+0700] {subprocess.py:93} INFO - 	org.lz4#lz4-java;1.8.0 from central in [default]
[2025-10-29T03:24:14.463+0700] {subprocess.py:93} INFO - 	org.postgresql#postgresql;42.6.0 from central in [default]
[2025-10-29T03:24:14.463+0700] {subprocess.py:93} INFO - 	org.slf4j#slf4j-api;2.0.7 from central in [default]
[2025-10-29T03:24:14.464+0700] {subprocess.py:93} INFO - 	org.xerial.snappy#snappy-java;1.1.10.3 from central in [default]
[2025-10-29T03:24:14.464+0700] {subprocess.py:93} INFO - 	---------------------------------------------------------------------
[2025-10-29T03:24:14.464+0700] {subprocess.py:93} INFO - 	|                  |            modules            ||   artifacts   |
[2025-10-29T03:24:14.465+0700] {subprocess.py:93} INFO - 	|       conf       | number| search|dwnlded|evicted|| number|dwnlded|
[2025-10-29T03:24:14.465+0700] {subprocess.py:93} INFO - 	---------------------------------------------------------------------
[2025-10-29T03:24:14.465+0700] {subprocess.py:93} INFO - 	|      default     |   13  |   0   |   0   |   0   ||   13  |   0   |
[2025-10-29T03:24:14.465+0700] {subprocess.py:93} INFO - 	---------------------------------------------------------------------
[2025-10-29T03:24:14.467+0700] {subprocess.py:93} INFO - :: retrieving :: org.apache.spark#spark-submit-parent-98347b56-47e1-4588-9eb0-76bf0937fb32
[2025-10-29T03:24:14.468+0700] {subprocess.py:93} INFO - 	confs: [default]
[2025-10-29T03:24:14.478+0700] {subprocess.py:93} INFO - 	0 artifacts copied, 13 already retrieved (0kB/11ms)
[2025-10-29T03:24:14.643+0700] {subprocess.py:93} INFO - 25/10/29 03:24:14 WARN NativeCodeLoader: Unable to load native-hadoop library for your platform... using builtin-java classes where applicable
[2025-10-29T03:24:18.254+0700] {subprocess.py:93} INFO - There was a problem when trying to write in your cache folder (/home/***/.cache/huggingface/hub). You should set the environment variable TRANSFORMERS_CACHE to a writable directory.
[2025-10-29T03:24:18.407+0700] {subprocess.py:93} INFO - 25/10/29 03:24:18 INFO SparkContext: Running Spark version 3.5.1
[2025-10-29T03:24:18.407+0700] {subprocess.py:93} INFO - 25/10/29 03:24:18 INFO SparkContext: OS info Linux, 6.14.0-33-generic, amd64
[2025-10-29T03:24:18.408+0700] {subprocess.py:93} INFO - 25/10/29 03:24:18 INFO SparkContext: Java version 17.0.17
[2025-10-29T03:24:18.426+0700] {subprocess.py:93} INFO - 25/10/29 03:24:18 INFO ResourceUtils: ==============================================================
[2025-10-29T03:24:18.427+0700] {subprocess.py:93} INFO - 25/10/29 03:24:18 INFO ResourceUtils: No custom resources configured for spark.driver.
[2025-10-29T03:24:18.427+0700] {subprocess.py:93} INFO - 25/10/29 03:24:18 INFO ResourceUtils: ==============================================================
[2025-10-29T03:24:18.427+0700] {subprocess.py:93} INFO - 25/10/29 03:24:18 INFO SparkContext: Submitted application: Kafka_ABSA_Postgres
[2025-10-29T03:24:18.446+0700] {subprocess.py:93} INFO - 25/10/29 03:24:18 INFO ResourceProfile: Default ResourceProfile created, executor resources: Map(cores -> name: cores, amount: 1, script: , vendor: , memory -> name: memory, amount: 1024, script: , vendor: , offHeap -> name: offHeap, amount: 0, script: , vendor: ), task resources: Map(cpus -> name: cpus, amount: 1.0)
[2025-10-29T03:24:18.453+0700] {subprocess.py:93} INFO - 25/10/29 03:24:18 INFO ResourceProfile: Limiting resource is cpu
[2025-10-29T03:24:18.454+0700] {subprocess.py:93} INFO - 25/10/29 03:24:18 INFO ResourceProfileManager: Added ResourceProfile id: 0
[2025-10-29T03:24:18.492+0700] {subprocess.py:93} INFO - 25/10/29 03:24:18 INFO SecurityManager: Changing view acls to: default
[2025-10-29T03:24:18.492+0700] {subprocess.py:93} INFO - 25/10/29 03:24:18 INFO SecurityManager: Changing modify acls to: default
[2025-10-29T03:24:18.492+0700] {subprocess.py:93} INFO - 25/10/29 03:24:18 INFO SecurityManager: Changing view acls groups to:
[2025-10-29T03:24:18.492+0700] {subprocess.py:93} INFO - 25/10/29 03:24:18 INFO SecurityManager: Changing modify acls groups to:
[2025-10-29T03:24:18.493+0700] {subprocess.py:93} INFO - 25/10/29 03:24:18 INFO SecurityManager: SecurityManager: authentication disabled; ui acls disabled; users with view permissions: default; groups with view permissions: EMPTY; users with modify permissions: default; groups with modify permissions: EMPTY
[2025-10-29T03:24:18.667+0700] {subprocess.py:93} INFO - 25/10/29 03:24:18 INFO Utils: Successfully started service 'sparkDriver' on port 37721.
[2025-10-29T03:24:18.707+0700] {subprocess.py:93} INFO - 25/10/29 03:24:18 INFO SparkEnv: Registering MapOutputTracker
[2025-10-29T03:24:18.748+0700] {subprocess.py:93} INFO - 25/10/29 03:24:18 INFO SparkEnv: Registering BlockManagerMaster
[2025-10-29T03:24:18.767+0700] {subprocess.py:93} INFO - 25/10/29 03:24:18 INFO BlockManagerMasterEndpoint: Using org.apache.spark.storage.DefaultTopologyMapper for getting topology information
[2025-10-29T03:24:18.768+0700] {subprocess.py:93} INFO - 25/10/29 03:24:18 INFO BlockManagerMasterEndpoint: BlockManagerMasterEndpoint up
[2025-10-29T03:24:18.772+0700] {subprocess.py:93} INFO - 25/10/29 03:24:18 INFO SparkEnv: Registering BlockManagerMasterHeartbeat
[2025-10-29T03:24:18.793+0700] {subprocess.py:93} INFO - 25/10/29 03:24:18 INFO DiskBlockManager: Created local directory at /tmp/blockmgr-a92ac6ca-f5de-48bf-99cc-56780be27e30
[2025-10-29T03:24:18.807+0700] {subprocess.py:93} INFO - 25/10/29 03:24:18 INFO MemoryStore: MemoryStore started with capacity 434.4 MiB
[2025-10-29T03:24:18.823+0700] {subprocess.py:93} INFO - 25/10/29 03:24:18 INFO SparkEnv: Registering OutputCommitCoordinator
[2025-10-29T03:24:18.934+0700] {subprocess.py:93} INFO - 25/10/29 03:24:18 INFO JettyUtils: Start Jetty 0.0.0.0:4040 for SparkUI
[2025-10-29T03:24:18.985+0700] {subprocess.py:93} INFO - 25/10/29 03:24:18 INFO Utils: Successfully started service 'SparkUI' on port 4040.
[2025-10-29T03:24:19.017+0700] {subprocess.py:93} INFO - 25/10/29 03:24:19 INFO SparkContext: Added JAR file:///home/***/.ivy2/jars/org.apache.spark_spark-sql-kafka-0-10_2.12-3.5.1.jar at spark://dfeadd712fc3:37721/jars/org.apache.spark_spark-sql-kafka-0-10_2.12-3.5.1.jar with timestamp 1761683058400
[2025-10-29T03:24:19.018+0700] {subprocess.py:93} INFO - 25/10/29 03:24:19 INFO SparkContext: Added JAR file:///home/***/.ivy2/jars/org.postgresql_postgresql-42.6.0.jar at spark://dfeadd712fc3:37721/jars/org.postgresql_postgresql-42.6.0.jar with timestamp 1761683058400
[2025-10-29T03:24:19.018+0700] {subprocess.py:93} INFO - 25/10/29 03:24:19 INFO SparkContext: Added JAR file:///home/***/.ivy2/jars/org.apache.spark_spark-token-provider-kafka-0-10_2.12-3.5.1.jar at spark://dfeadd712fc3:37721/jars/org.apache.spark_spark-token-provider-kafka-0-10_2.12-3.5.1.jar with timestamp 1761683058400
[2025-10-29T03:24:19.019+0700] {subprocess.py:93} INFO - 25/10/29 03:24:19 INFO SparkContext: Added JAR file:///home/***/.ivy2/jars/org.apache.kafka_kafka-clients-3.4.1.jar at spark://dfeadd712fc3:37721/jars/org.apache.kafka_kafka-clients-3.4.1.jar with timestamp 1761683058400
[2025-10-29T03:24:19.019+0700] {subprocess.py:93} INFO - 25/10/29 03:24:19 INFO SparkContext: Added JAR file:///home/***/.ivy2/jars/com.google.code.findbugs_jsr305-3.0.0.jar at spark://dfeadd712fc3:37721/jars/com.google.code.findbugs_jsr305-3.0.0.jar with timestamp 1761683058400
[2025-10-29T03:24:19.019+0700] {subprocess.py:93} INFO - 25/10/29 03:24:19 INFO SparkContext: Added JAR file:///home/***/.ivy2/jars/org.apache.commons_commons-pool2-2.11.1.jar at spark://dfeadd712fc3:37721/jars/org.apache.commons_commons-pool2-2.11.1.jar with timestamp 1761683058400
[2025-10-29T03:24:19.020+0700] {subprocess.py:93} INFO - 25/10/29 03:24:19 INFO SparkContext: Added JAR file:///home/***/.ivy2/jars/org.apache.hadoop_hadoop-client-runtime-3.3.4.jar at spark://dfeadd712fc3:37721/jars/org.apache.hadoop_hadoop-client-runtime-3.3.4.jar with timestamp 1761683058400
[2025-10-29T03:24:19.020+0700] {subprocess.py:93} INFO - 25/10/29 03:24:19 INFO SparkContext: Added JAR file:///home/***/.ivy2/jars/org.lz4_lz4-java-1.8.0.jar at spark://dfeadd712fc3:37721/jars/org.lz4_lz4-java-1.8.0.jar with timestamp 1761683058400
[2025-10-29T03:24:19.020+0700] {subprocess.py:93} INFO - 25/10/29 03:24:19 INFO SparkContext: Added JAR file:///home/***/.ivy2/jars/org.xerial.snappy_snappy-java-1.1.10.3.jar at spark://dfeadd712fc3:37721/jars/org.xerial.snappy_snappy-java-1.1.10.3.jar with timestamp 1761683058400
[2025-10-29T03:24:19.020+0700] {subprocess.py:93} INFO - 25/10/29 03:24:19 INFO SparkContext: Added JAR file:///home/***/.ivy2/jars/org.slf4j_slf4j-api-2.0.7.jar at spark://dfeadd712fc3:37721/jars/org.slf4j_slf4j-api-2.0.7.jar with timestamp 1761683058400
[2025-10-29T03:24:19.021+0700] {subprocess.py:93} INFO - 25/10/29 03:24:19 INFO SparkContext: Added JAR file:///home/***/.ivy2/jars/org.apache.hadoop_hadoop-client-api-3.3.4.jar at spark://dfeadd712fc3:37721/jars/org.apache.hadoop_hadoop-client-api-3.3.4.jar with timestamp 1761683058400
[2025-10-29T03:24:19.021+0700] {subprocess.py:93} INFO - 25/10/29 03:24:19 INFO SparkContext: Added JAR file:///home/***/.ivy2/jars/commons-logging_commons-logging-1.1.3.jar at spark://dfeadd712fc3:37721/jars/commons-logging_commons-logging-1.1.3.jar with timestamp 1761683058400
[2025-10-29T03:24:19.021+0700] {subprocess.py:93} INFO - 25/10/29 03:24:19 INFO SparkContext: Added JAR file:///home/***/.ivy2/jars/org.checkerframework_checker-qual-3.31.0.jar at spark://dfeadd712fc3:37721/jars/org.checkerframework_checker-qual-3.31.0.jar with timestamp 1761683058400
[2025-10-29T03:24:19.023+0700] {subprocess.py:93} INFO - 25/10/29 03:24:19 INFO SparkContext: Added file file:///home/***/.ivy2/jars/org.apache.spark_spark-sql-kafka-0-10_2.12-3.5.1.jar at file:///home/***/.ivy2/jars/org.apache.spark_spark-sql-kafka-0-10_2.12-3.5.1.jar with timestamp 1761683058400
[2025-10-29T03:24:19.024+0700] {subprocess.py:93} INFO - 25/10/29 03:24:19 INFO Utils: Copying /home/***/.ivy2/jars/org.apache.spark_spark-sql-kafka-0-10_2.12-3.5.1.jar to /tmp/spark-f3bd5bde-54de-4e79-b9ed-de68d4172dae/userFiles-3f7fcf98-44bb-447b-b200-9abc4ee306c4/org.apache.spark_spark-sql-kafka-0-10_2.12-3.5.1.jar
[2025-10-29T03:24:19.034+0700] {subprocess.py:93} INFO - 25/10/29 03:24:19 INFO SparkContext: Added file file:///home/***/.ivy2/jars/org.postgresql_postgresql-42.6.0.jar at file:///home/***/.ivy2/jars/org.postgresql_postgresql-42.6.0.jar with timestamp 1761683058400
[2025-10-29T03:24:19.034+0700] {subprocess.py:93} INFO - 25/10/29 03:24:19 INFO Utils: Copying /home/***/.ivy2/jars/org.postgresql_postgresql-42.6.0.jar to /tmp/spark-f3bd5bde-54de-4e79-b9ed-de68d4172dae/userFiles-3f7fcf98-44bb-447b-b200-9abc4ee306c4/org.postgresql_postgresql-42.6.0.jar
[2025-10-29T03:24:19.040+0700] {subprocess.py:93} INFO - 25/10/29 03:24:19 INFO SparkContext: Added file file:///home/***/.ivy2/jars/org.apache.spark_spark-token-provider-kafka-0-10_2.12-3.5.1.jar at file:///home/***/.ivy2/jars/org.apache.spark_spark-token-provider-kafka-0-10_2.12-3.5.1.jar with timestamp 1761683058400
[2025-10-29T03:24:19.040+0700] {subprocess.py:93} INFO - 25/10/29 03:24:19 INFO Utils: Copying /home/***/.ivy2/jars/org.apache.spark_spark-token-provider-kafka-0-10_2.12-3.5.1.jar to /tmp/spark-f3bd5bde-54de-4e79-b9ed-de68d4172dae/userFiles-3f7fcf98-44bb-447b-b200-9abc4ee306c4/org.apache.spark_spark-token-provider-kafka-0-10_2.12-3.5.1.jar
[2025-10-29T03:24:19.045+0700] {subprocess.py:93} INFO - 25/10/29 03:24:19 INFO SparkContext: Added file file:///home/***/.ivy2/jars/org.apache.kafka_kafka-clients-3.4.1.jar at file:///home/***/.ivy2/jars/org.apache.kafka_kafka-clients-3.4.1.jar with timestamp 1761683058400
[2025-10-29T03:24:19.045+0700] {subprocess.py:93} INFO - 25/10/29 03:24:19 INFO Utils: Copying /home/***/.ivy2/jars/org.apache.kafka_kafka-clients-3.4.1.jar to /tmp/spark-f3bd5bde-54de-4e79-b9ed-de68d4172dae/userFiles-3f7fcf98-44bb-447b-b200-9abc4ee306c4/org.apache.kafka_kafka-clients-3.4.1.jar
[2025-10-29T03:24:19.052+0700] {subprocess.py:93} INFO - 25/10/29 03:24:19 INFO SparkContext: Added file file:///home/***/.ivy2/jars/com.google.code.findbugs_jsr305-3.0.0.jar at file:///home/***/.ivy2/jars/com.google.code.findbugs_jsr305-3.0.0.jar with timestamp 1761683058400
[2025-10-29T03:24:19.053+0700] {subprocess.py:93} INFO - 25/10/29 03:24:19 INFO Utils: Copying /home/***/.ivy2/jars/com.google.code.findbugs_jsr305-3.0.0.jar to /tmp/spark-f3bd5bde-54de-4e79-b9ed-de68d4172dae/userFiles-3f7fcf98-44bb-447b-b200-9abc4ee306c4/com.google.code.findbugs_jsr305-3.0.0.jar
[2025-10-29T03:24:19.057+0700] {subprocess.py:93} INFO - 25/10/29 03:24:19 INFO SparkContext: Added file file:///home/***/.ivy2/jars/org.apache.commons_commons-pool2-2.11.1.jar at file:///home/***/.ivy2/jars/org.apache.commons_commons-pool2-2.11.1.jar with timestamp 1761683058400
[2025-10-29T03:24:19.057+0700] {subprocess.py:93} INFO - 25/10/29 03:24:19 INFO Utils: Copying /home/***/.ivy2/jars/org.apache.commons_commons-pool2-2.11.1.jar to /tmp/spark-f3bd5bde-54de-4e79-b9ed-de68d4172dae/userFiles-3f7fcf98-44bb-447b-b200-9abc4ee306c4/org.apache.commons_commons-pool2-2.11.1.jar
[2025-10-29T03:24:19.061+0700] {subprocess.py:93} INFO - 25/10/29 03:24:19 INFO SparkContext: Added file file:///home/***/.ivy2/jars/org.apache.hadoop_hadoop-client-runtime-3.3.4.jar at file:///home/***/.ivy2/jars/org.apache.hadoop_hadoop-client-runtime-3.3.4.jar with timestamp 1761683058400
[2025-10-29T03:24:19.062+0700] {subprocess.py:93} INFO - 25/10/29 03:24:19 INFO Utils: Copying /home/***/.ivy2/jars/org.apache.hadoop_hadoop-client-runtime-3.3.4.jar to /tmp/spark-f3bd5bde-54de-4e79-b9ed-de68d4172dae/userFiles-3f7fcf98-44bb-447b-b200-9abc4ee306c4/org.apache.hadoop_hadoop-client-runtime-3.3.4.jar
[2025-10-29T03:24:19.081+0700] {subprocess.py:93} INFO - 25/10/29 03:24:19 INFO SparkContext: Added file file:///home/***/.ivy2/jars/org.lz4_lz4-java-1.8.0.jar at file:///home/***/.ivy2/jars/org.lz4_lz4-java-1.8.0.jar with timestamp 1761683058400
[2025-10-29T03:24:19.081+0700] {subprocess.py:93} INFO - 25/10/29 03:24:19 INFO Utils: Copying /home/***/.ivy2/jars/org.lz4_lz4-java-1.8.0.jar to /tmp/spark-f3bd5bde-54de-4e79-b9ed-de68d4172dae/userFiles-3f7fcf98-44bb-447b-b200-9abc4ee306c4/org.lz4_lz4-java-1.8.0.jar
[2025-10-29T03:24:19.085+0700] {subprocess.py:93} INFO - 25/10/29 03:24:19 INFO SparkContext: Added file file:///home/***/.ivy2/jars/org.xerial.snappy_snappy-java-1.1.10.3.jar at file:///home/***/.ivy2/jars/org.xerial.snappy_snappy-java-1.1.10.3.jar with timestamp 1761683058400
[2025-10-29T03:24:19.085+0700] {subprocess.py:93} INFO - 25/10/29 03:24:19 INFO Utils: Copying /home/***/.ivy2/jars/org.xerial.snappy_snappy-java-1.1.10.3.jar to /tmp/spark-f3bd5bde-54de-4e79-b9ed-de68d4172dae/userFiles-3f7fcf98-44bb-447b-b200-9abc4ee306c4/org.xerial.snappy_snappy-java-1.1.10.3.jar
[2025-10-29T03:24:19.090+0700] {subprocess.py:93} INFO - 25/10/29 03:24:19 INFO SparkContext: Added file file:///home/***/.ivy2/jars/org.slf4j_slf4j-api-2.0.7.jar at file:///home/***/.ivy2/jars/org.slf4j_slf4j-api-2.0.7.jar with timestamp 1761683058400
[2025-10-29T03:24:19.090+0700] {subprocess.py:93} INFO - 25/10/29 03:24:19 INFO Utils: Copying /home/***/.ivy2/jars/org.slf4j_slf4j-api-2.0.7.jar to /tmp/spark-f3bd5bde-54de-4e79-b9ed-de68d4172dae/userFiles-3f7fcf98-44bb-447b-b200-9abc4ee306c4/org.slf4j_slf4j-api-2.0.7.jar
[2025-10-29T03:24:19.094+0700] {subprocess.py:93} INFO - 25/10/29 03:24:19 INFO SparkContext: Added file file:///home/***/.ivy2/jars/org.apache.hadoop_hadoop-client-api-3.3.4.jar at file:///home/***/.ivy2/jars/org.apache.hadoop_hadoop-client-api-3.3.4.jar with timestamp 1761683058400
[2025-10-29T03:24:19.095+0700] {subprocess.py:93} INFO - 25/10/29 03:24:19 INFO Utils: Copying /home/***/.ivy2/jars/org.apache.hadoop_hadoop-client-api-3.3.4.jar to /tmp/spark-f3bd5bde-54de-4e79-b9ed-de68d4172dae/userFiles-3f7fcf98-44bb-447b-b200-9abc4ee306c4/org.apache.hadoop_hadoop-client-api-3.3.4.jar
[2025-10-29T03:24:19.109+0700] {subprocess.py:93} INFO - 25/10/29 03:24:19 INFO SparkContext: Added file file:///home/***/.ivy2/jars/commons-logging_commons-logging-1.1.3.jar at file:///home/***/.ivy2/jars/commons-logging_commons-logging-1.1.3.jar with timestamp 1761683058400
[2025-10-29T03:24:19.109+0700] {subprocess.py:93} INFO - 25/10/29 03:24:19 INFO Utils: Copying /home/***/.ivy2/jars/commons-logging_commons-logging-1.1.3.jar to /tmp/spark-f3bd5bde-54de-4e79-b9ed-de68d4172dae/userFiles-3f7fcf98-44bb-447b-b200-9abc4ee306c4/commons-logging_commons-logging-1.1.3.jar
[2025-10-29T03:24:19.112+0700] {subprocess.py:93} INFO - 25/10/29 03:24:19 INFO SparkContext: Added file file:///home/***/.ivy2/jars/org.checkerframework_checker-qual-3.31.0.jar at file:///home/***/.ivy2/jars/org.checkerframework_checker-qual-3.31.0.jar with timestamp 1761683058400
[2025-10-29T03:24:19.113+0700] {subprocess.py:93} INFO - 25/10/29 03:24:19 INFO Utils: Copying /home/***/.ivy2/jars/org.checkerframework_checker-qual-3.31.0.jar to /tmp/spark-f3bd5bde-54de-4e79-b9ed-de68d4172dae/userFiles-3f7fcf98-44bb-447b-b200-9abc4ee306c4/org.checkerframework_checker-qual-3.31.0.jar
[2025-10-29T03:24:19.158+0700] {subprocess.py:93} INFO - 25/10/29 03:24:19 INFO Executor: Starting executor ID driver on host dfeadd712fc3
[2025-10-29T03:24:19.159+0700] {subprocess.py:93} INFO - 25/10/29 03:24:19 INFO Executor: OS info Linux, 6.14.0-33-generic, amd64
[2025-10-29T03:24:19.159+0700] {subprocess.py:93} INFO - 25/10/29 03:24:19 INFO Executor: Java version 17.0.17
[2025-10-29T03:24:19.163+0700] {subprocess.py:93} INFO - 25/10/29 03:24:19 INFO Executor: Starting executor with user classpath (userClassPathFirst = false): ''
[2025-10-29T03:24:19.164+0700] {subprocess.py:93} INFO - 25/10/29 03:24:19 INFO Executor: Created or updated repl class loader org.apache.spark.util.MutableURLClassLoader@200c19a2 for default.
[2025-10-29T03:24:19.173+0700] {subprocess.py:93} INFO - 25/10/29 03:24:19 INFO Executor: Fetching file:///home/***/.ivy2/jars/org.apache.spark_spark-sql-kafka-0-10_2.12-3.5.1.jar with timestamp 1761683058400
[2025-10-29T03:24:19.195+0700] {subprocess.py:93} INFO - 25/10/29 03:24:19 INFO Utils: /home/***/.ivy2/jars/org.apache.spark_spark-sql-kafka-0-10_2.12-3.5.1.jar has been previously copied to /tmp/spark-f3bd5bde-54de-4e79-b9ed-de68d4172dae/userFiles-3f7fcf98-44bb-447b-b200-9abc4ee306c4/org.apache.spark_spark-sql-kafka-0-10_2.12-3.5.1.jar
[2025-10-29T03:24:19.199+0700] {subprocess.py:93} INFO - 25/10/29 03:24:19 INFO Executor: Fetching file:///home/***/.ivy2/jars/org.apache.hadoop_hadoop-client-runtime-3.3.4.jar with timestamp 1761683058400
[2025-10-29T03:24:19.224+0700] {subprocess.py:93} INFO - 25/10/29 03:24:19 INFO Utils: /home/***/.ivy2/jars/org.apache.hadoop_hadoop-client-runtime-3.3.4.jar has been previously copied to /tmp/spark-f3bd5bde-54de-4e79-b9ed-de68d4172dae/userFiles-3f7fcf98-44bb-447b-b200-9abc4ee306c4/org.apache.hadoop_hadoop-client-runtime-3.3.4.jar
[2025-10-29T03:24:19.228+0700] {subprocess.py:93} INFO - 25/10/29 03:24:19 INFO Executor: Fetching file:///home/***/.ivy2/jars/org.apache.hadoop_hadoop-client-api-3.3.4.jar with timestamp 1761683058400
[2025-10-29T03:24:19.242+0700] {subprocess.py:93} INFO - 25/10/29 03:24:19 INFO Utils: /home/***/.ivy2/jars/org.apache.hadoop_hadoop-client-api-3.3.4.jar has been previously copied to /tmp/spark-f3bd5bde-54de-4e79-b9ed-de68d4172dae/userFiles-3f7fcf98-44bb-447b-b200-9abc4ee306c4/org.apache.hadoop_hadoop-client-api-3.3.4.jar
[2025-10-29T03:24:19.246+0700] {subprocess.py:93} INFO - 25/10/29 03:24:19 INFO Executor: Fetching file:///home/***/.ivy2/jars/org.apache.spark_spark-token-provider-kafka-0-10_2.12-3.5.1.jar with timestamp 1761683058400
[2025-10-29T03:24:19.246+0700] {subprocess.py:93} INFO - 25/10/29 03:24:19 INFO Utils: /home/***/.ivy2/jars/org.apache.spark_spark-token-provider-kafka-0-10_2.12-3.5.1.jar has been previously copied to /tmp/spark-f3bd5bde-54de-4e79-b9ed-de68d4172dae/userFiles-3f7fcf98-44bb-447b-b200-9abc4ee306c4/org.apache.spark_spark-token-provider-kafka-0-10_2.12-3.5.1.jar
[2025-10-29T03:24:19.250+0700] {subprocess.py:93} INFO - 25/10/29 03:24:19 INFO Executor: Fetching file:///home/***/.ivy2/jars/com.google.code.findbugs_jsr305-3.0.0.jar with timestamp 1761683058400
[2025-10-29T03:24:19.250+0700] {subprocess.py:93} INFO - 25/10/29 03:24:19 INFO Utils: /home/***/.ivy2/jars/com.google.code.findbugs_jsr305-3.0.0.jar has been previously copied to /tmp/spark-f3bd5bde-54de-4e79-b9ed-de68d4172dae/userFiles-3f7fcf98-44bb-447b-b200-9abc4ee306c4/com.google.code.findbugs_jsr305-3.0.0.jar
[2025-10-29T03:24:19.253+0700] {subprocess.py:93} INFO - 25/10/29 03:24:19 INFO Executor: Fetching file:///home/***/.ivy2/jars/org.lz4_lz4-java-1.8.0.jar with timestamp 1761683058400
[2025-10-29T03:24:19.254+0700] {subprocess.py:93} INFO - 25/10/29 03:24:19 INFO Utils: /home/***/.ivy2/jars/org.lz4_lz4-java-1.8.0.jar has been previously copied to /tmp/spark-f3bd5bde-54de-4e79-b9ed-de68d4172dae/userFiles-3f7fcf98-44bb-447b-b200-9abc4ee306c4/org.lz4_lz4-java-1.8.0.jar
[2025-10-29T03:24:19.257+0700] {subprocess.py:93} INFO - 25/10/29 03:24:19 INFO Executor: Fetching file:///home/***/.ivy2/jars/org.slf4j_slf4j-api-2.0.7.jar with timestamp 1761683058400
[2025-10-29T03:24:19.258+0700] {subprocess.py:93} INFO - 25/10/29 03:24:19 INFO Utils: /home/***/.ivy2/jars/org.slf4j_slf4j-api-2.0.7.jar has been previously copied to /tmp/spark-f3bd5bde-54de-4e79-b9ed-de68d4172dae/userFiles-3f7fcf98-44bb-447b-b200-9abc4ee306c4/org.slf4j_slf4j-api-2.0.7.jar
[2025-10-29T03:24:19.261+0700] {subprocess.py:93} INFO - 25/10/29 03:24:19 INFO Executor: Fetching file:///home/***/.ivy2/jars/org.checkerframework_checker-qual-3.31.0.jar with timestamp 1761683058400
[2025-10-29T03:24:19.261+0700] {subprocess.py:93} INFO - 25/10/29 03:24:19 INFO Utils: /home/***/.ivy2/jars/org.checkerframework_checker-qual-3.31.0.jar has been previously copied to /tmp/spark-f3bd5bde-54de-4e79-b9ed-de68d4172dae/userFiles-3f7fcf98-44bb-447b-b200-9abc4ee306c4/org.checkerframework_checker-qual-3.31.0.jar
[2025-10-29T03:24:19.265+0700] {subprocess.py:93} INFO - 25/10/29 03:24:19 INFO Executor: Fetching file:///home/***/.ivy2/jars/org.apache.commons_commons-pool2-2.11.1.jar with timestamp 1761683058400
[2025-10-29T03:24:19.265+0700] {subprocess.py:93} INFO - 25/10/29 03:24:19 INFO Utils: /home/***/.ivy2/jars/org.apache.commons_commons-pool2-2.11.1.jar has been previously copied to /tmp/spark-f3bd5bde-54de-4e79-b9ed-de68d4172dae/userFiles-3f7fcf98-44bb-447b-b200-9abc4ee306c4/org.apache.commons_commons-pool2-2.11.1.jar
[2025-10-29T03:24:19.269+0700] {subprocess.py:93} INFO - 25/10/29 03:24:19 INFO Executor: Fetching file:///home/***/.ivy2/jars/commons-logging_commons-logging-1.1.3.jar with timestamp 1761683058400
[2025-10-29T03:24:19.269+0700] {subprocess.py:93} INFO - 25/10/29 03:24:19 INFO Utils: /home/***/.ivy2/jars/commons-logging_commons-logging-1.1.3.jar has been previously copied to /tmp/spark-f3bd5bde-54de-4e79-b9ed-de68d4172dae/userFiles-3f7fcf98-44bb-447b-b200-9abc4ee306c4/commons-logging_commons-logging-1.1.3.jar
[2025-10-29T03:24:19.272+0700] {subprocess.py:93} INFO - 25/10/29 03:24:19 INFO Executor: Fetching file:///home/***/.ivy2/jars/org.xerial.snappy_snappy-java-1.1.10.3.jar with timestamp 1761683058400
[2025-10-29T03:24:19.274+0700] {subprocess.py:93} INFO - 25/10/29 03:24:19 INFO Utils: /home/***/.ivy2/jars/org.xerial.snappy_snappy-java-1.1.10.3.jar has been previously copied to /tmp/spark-f3bd5bde-54de-4e79-b9ed-de68d4172dae/userFiles-3f7fcf98-44bb-447b-b200-9abc4ee306c4/org.xerial.snappy_snappy-java-1.1.10.3.jar
[2025-10-29T03:24:19.277+0700] {subprocess.py:93} INFO - 25/10/29 03:24:19 INFO Executor: Fetching file:///home/***/.ivy2/jars/org.postgresql_postgresql-42.6.0.jar with timestamp 1761683058400
[2025-10-29T03:24:19.278+0700] {subprocess.py:93} INFO - 25/10/29 03:24:19 INFO Utils: /home/***/.ivy2/jars/org.postgresql_postgresql-42.6.0.jar has been previously copied to /tmp/spark-f3bd5bde-54de-4e79-b9ed-de68d4172dae/userFiles-3f7fcf98-44bb-447b-b200-9abc4ee306c4/org.postgresql_postgresql-42.6.0.jar
[2025-10-29T03:24:19.281+0700] {subprocess.py:93} INFO - 25/10/29 03:24:19 INFO Executor: Fetching file:///home/***/.ivy2/jars/org.apache.kafka_kafka-clients-3.4.1.jar with timestamp 1761683058400
[2025-10-29T03:24:19.287+0700] {subprocess.py:93} INFO - 25/10/29 03:24:19 INFO Utils: /home/***/.ivy2/jars/org.apache.kafka_kafka-clients-3.4.1.jar has been previously copied to /tmp/spark-f3bd5bde-54de-4e79-b9ed-de68d4172dae/userFiles-3f7fcf98-44bb-447b-b200-9abc4ee306c4/org.apache.kafka_kafka-clients-3.4.1.jar
[2025-10-29T03:24:19.292+0700] {subprocess.py:93} INFO - 25/10/29 03:24:19 INFO Executor: Fetching spark://dfeadd712fc3:37721/jars/org.apache.hadoop_hadoop-client-api-3.3.4.jar with timestamp 1761683058400
[2025-10-29T03:24:19.325+0700] {subprocess.py:93} INFO - 25/10/29 03:24:19 INFO TransportClientFactory: Successfully created connection to dfeadd712fc3/172.18.0.6:37721 after 22 ms (0 ms spent in bootstraps)
[2025-10-29T03:24:19.333+0700] {subprocess.py:93} INFO - 25/10/29 03:24:19 INFO Utils: Fetching spark://dfeadd712fc3:37721/jars/org.apache.hadoop_hadoop-client-api-3.3.4.jar to /tmp/spark-f3bd5bde-54de-4e79-b9ed-de68d4172dae/userFiles-3f7fcf98-44bb-447b-b200-9abc4ee306c4/fetchFileTemp17052190841967140605.tmp
[2025-10-29T03:24:19.505+0700] {subprocess.py:93} INFO - 25/10/29 03:24:19 INFO Utils: /tmp/spark-f3bd5bde-54de-4e79-b9ed-de68d4172dae/userFiles-3f7fcf98-44bb-447b-b200-9abc4ee306c4/fetchFileTemp17052190841967140605.tmp has been previously copied to /tmp/spark-f3bd5bde-54de-4e79-b9ed-de68d4172dae/userFiles-3f7fcf98-44bb-447b-b200-9abc4ee306c4/org.apache.hadoop_hadoop-client-api-3.3.4.jar
[2025-10-29T03:24:19.514+0700] {subprocess.py:93} INFO - 25/10/29 03:24:19 INFO Executor: Adding file:/tmp/spark-f3bd5bde-54de-4e79-b9ed-de68d4172dae/userFiles-3f7fcf98-44bb-447b-b200-9abc4ee306c4/org.apache.hadoop_hadoop-client-api-3.3.4.jar to class loader default
[2025-10-29T03:24:19.515+0700] {subprocess.py:93} INFO - 25/10/29 03:24:19 INFO Executor: Fetching spark://dfeadd712fc3:37721/jars/org.postgresql_postgresql-42.6.0.jar with timestamp 1761683058400
[2025-10-29T03:24:19.515+0700] {subprocess.py:93} INFO - 25/10/29 03:24:19 INFO Utils: Fetching spark://dfeadd712fc3:37721/jars/org.postgresql_postgresql-42.6.0.jar to /tmp/spark-f3bd5bde-54de-4e79-b9ed-de68d4172dae/userFiles-3f7fcf98-44bb-447b-b200-9abc4ee306c4/fetchFileTemp12734696392873580142.tmp
[2025-10-29T03:24:19.519+0700] {subprocess.py:93} INFO - 25/10/29 03:24:19 INFO Utils: /tmp/spark-f3bd5bde-54de-4e79-b9ed-de68d4172dae/userFiles-3f7fcf98-44bb-447b-b200-9abc4ee306c4/fetchFileTemp12734696392873580142.tmp has been previously copied to /tmp/spark-f3bd5bde-54de-4e79-b9ed-de68d4172dae/userFiles-3f7fcf98-44bb-447b-b200-9abc4ee306c4/org.postgresql_postgresql-42.6.0.jar
[2025-10-29T03:24:19.525+0700] {subprocess.py:93} INFO - 25/10/29 03:24:19 INFO Executor: Adding file:/tmp/spark-f3bd5bde-54de-4e79-b9ed-de68d4172dae/userFiles-3f7fcf98-44bb-447b-b200-9abc4ee306c4/org.postgresql_postgresql-42.6.0.jar to class loader default
[2025-10-29T03:24:19.525+0700] {subprocess.py:93} INFO - 25/10/29 03:24:19 INFO Executor: Fetching spark://dfeadd712fc3:37721/jars/com.google.code.findbugs_jsr305-3.0.0.jar with timestamp 1761683058400
[2025-10-29T03:24:19.525+0700] {subprocess.py:93} INFO - 25/10/29 03:24:19 INFO Utils: Fetching spark://dfeadd712fc3:37721/jars/com.google.code.findbugs_jsr305-3.0.0.jar to /tmp/spark-f3bd5bde-54de-4e79-b9ed-de68d4172dae/userFiles-3f7fcf98-44bb-447b-b200-9abc4ee306c4/fetchFileTemp2734560530366893545.tmp
[2025-10-29T03:24:19.527+0700] {subprocess.py:93} INFO - 25/10/29 03:24:19 INFO Utils: /tmp/spark-f3bd5bde-54de-4e79-b9ed-de68d4172dae/userFiles-3f7fcf98-44bb-447b-b200-9abc4ee306c4/fetchFileTemp2734560530366893545.tmp has been previously copied to /tmp/spark-f3bd5bde-54de-4e79-b9ed-de68d4172dae/userFiles-3f7fcf98-44bb-447b-b200-9abc4ee306c4/com.google.code.findbugs_jsr305-3.0.0.jar
[2025-10-29T03:24:19.531+0700] {subprocess.py:93} INFO - 25/10/29 03:24:19 INFO Executor: Adding file:/tmp/spark-f3bd5bde-54de-4e79-b9ed-de68d4172dae/userFiles-3f7fcf98-44bb-447b-b200-9abc4ee306c4/com.google.code.findbugs_jsr305-3.0.0.jar to class loader default
[2025-10-29T03:24:19.532+0700] {subprocess.py:93} INFO - 25/10/29 03:24:19 INFO Executor: Fetching spark://dfeadd712fc3:37721/jars/org.apache.hadoop_hadoop-client-runtime-3.3.4.jar with timestamp 1761683058400
[2025-10-29T03:24:19.532+0700] {subprocess.py:93} INFO - 25/10/29 03:24:19 INFO Utils: Fetching spark://dfeadd712fc3:37721/jars/org.apache.hadoop_hadoop-client-runtime-3.3.4.jar to /tmp/spark-f3bd5bde-54de-4e79-b9ed-de68d4172dae/userFiles-3f7fcf98-44bb-447b-b200-9abc4ee306c4/fetchFileTemp18339738558730323879.tmp
[2025-10-29T03:24:19.658+0700] {subprocess.py:93} INFO - 25/10/29 03:24:19 INFO Utils: /tmp/spark-f3bd5bde-54de-4e79-b9ed-de68d4172dae/userFiles-3f7fcf98-44bb-447b-b200-9abc4ee306c4/fetchFileTemp18339738558730323879.tmp has been previously copied to /tmp/spark-f3bd5bde-54de-4e79-b9ed-de68d4172dae/userFiles-3f7fcf98-44bb-447b-b200-9abc4ee306c4/org.apache.hadoop_hadoop-client-runtime-3.3.4.jar
[2025-10-29T03:24:19.666+0700] {subprocess.py:93} INFO - 25/10/29 03:24:19 INFO Executor: Adding file:/tmp/spark-f3bd5bde-54de-4e79-b9ed-de68d4172dae/userFiles-3f7fcf98-44bb-447b-b200-9abc4ee306c4/org.apache.hadoop_hadoop-client-runtime-3.3.4.jar to class loader default
[2025-10-29T03:24:19.666+0700] {subprocess.py:93} INFO - 25/10/29 03:24:19 INFO Executor: Fetching spark://dfeadd712fc3:37721/jars/org.slf4j_slf4j-api-2.0.7.jar with timestamp 1761683058400
[2025-10-29T03:24:19.667+0700] {subprocess.py:93} INFO - 25/10/29 03:24:19 INFO Utils: Fetching spark://dfeadd712fc3:37721/jars/org.slf4j_slf4j-api-2.0.7.jar to /tmp/spark-f3bd5bde-54de-4e79-b9ed-de68d4172dae/userFiles-3f7fcf98-44bb-447b-b200-9abc4ee306c4/fetchFileTemp13215912659419871271.tmp
[2025-10-29T03:24:19.668+0700] {subprocess.py:93} INFO - 25/10/29 03:24:19 INFO Utils: /tmp/spark-f3bd5bde-54de-4e79-b9ed-de68d4172dae/userFiles-3f7fcf98-44bb-447b-b200-9abc4ee306c4/fetchFileTemp13215912659419871271.tmp has been previously copied to /tmp/spark-f3bd5bde-54de-4e79-b9ed-de68d4172dae/userFiles-3f7fcf98-44bb-447b-b200-9abc4ee306c4/org.slf4j_slf4j-api-2.0.7.jar
[2025-10-29T03:24:19.672+0700] {subprocess.py:93} INFO - 25/10/29 03:24:19 INFO Executor: Adding file:/tmp/spark-f3bd5bde-54de-4e79-b9ed-de68d4172dae/userFiles-3f7fcf98-44bb-447b-b200-9abc4ee306c4/org.slf4j_slf4j-api-2.0.7.jar to class loader default
[2025-10-29T03:24:19.672+0700] {subprocess.py:93} INFO - 25/10/29 03:24:19 INFO Executor: Fetching spark://dfeadd712fc3:37721/jars/org.xerial.snappy_snappy-java-1.1.10.3.jar with timestamp 1761683058400
[2025-10-29T03:24:19.672+0700] {subprocess.py:93} INFO - 25/10/29 03:24:19 INFO Utils: Fetching spark://dfeadd712fc3:37721/jars/org.xerial.snappy_snappy-java-1.1.10.3.jar to /tmp/spark-f3bd5bde-54de-4e79-b9ed-de68d4172dae/userFiles-3f7fcf98-44bb-447b-b200-9abc4ee306c4/fetchFileTemp3235108678398049923.tmp
[2025-10-29T03:24:19.679+0700] {subprocess.py:93} INFO - 25/10/29 03:24:19 INFO Utils: /tmp/spark-f3bd5bde-54de-4e79-b9ed-de68d4172dae/userFiles-3f7fcf98-44bb-447b-b200-9abc4ee306c4/fetchFileTemp3235108678398049923.tmp has been previously copied to /tmp/spark-f3bd5bde-54de-4e79-b9ed-de68d4172dae/userFiles-3f7fcf98-44bb-447b-b200-9abc4ee306c4/org.xerial.snappy_snappy-java-1.1.10.3.jar
[2025-10-29T03:24:19.684+0700] {subprocess.py:93} INFO - 25/10/29 03:24:19 INFO Executor: Adding file:/tmp/spark-f3bd5bde-54de-4e79-b9ed-de68d4172dae/userFiles-3f7fcf98-44bb-447b-b200-9abc4ee306c4/org.xerial.snappy_snappy-java-1.1.10.3.jar to class loader default
[2025-10-29T03:24:19.685+0700] {subprocess.py:93} INFO - 25/10/29 03:24:19 INFO Executor: Fetching spark://dfeadd712fc3:37721/jars/org.lz4_lz4-java-1.8.0.jar with timestamp 1761683058400
[2025-10-29T03:24:19.685+0700] {subprocess.py:93} INFO - 25/10/29 03:24:19 INFO Utils: Fetching spark://dfeadd712fc3:37721/jars/org.lz4_lz4-java-1.8.0.jar to /tmp/spark-f3bd5bde-54de-4e79-b9ed-de68d4172dae/userFiles-3f7fcf98-44bb-447b-b200-9abc4ee306c4/fetchFileTemp13887908375638529014.tmp
[2025-10-29T03:24:19.688+0700] {subprocess.py:93} INFO - 25/10/29 03:24:19 INFO Utils: /tmp/spark-f3bd5bde-54de-4e79-b9ed-de68d4172dae/userFiles-3f7fcf98-44bb-447b-b200-9abc4ee306c4/fetchFileTemp13887908375638529014.tmp has been previously copied to /tmp/spark-f3bd5bde-54de-4e79-b9ed-de68d4172dae/userFiles-3f7fcf98-44bb-447b-b200-9abc4ee306c4/org.lz4_lz4-java-1.8.0.jar
[2025-10-29T03:24:19.693+0700] {subprocess.py:93} INFO - 25/10/29 03:24:19 INFO Executor: Adding file:/tmp/spark-f3bd5bde-54de-4e79-b9ed-de68d4172dae/userFiles-3f7fcf98-44bb-447b-b200-9abc4ee306c4/org.lz4_lz4-java-1.8.0.jar to class loader default
[2025-10-29T03:24:19.693+0700] {subprocess.py:93} INFO - 25/10/29 03:24:19 INFO Executor: Fetching spark://dfeadd712fc3:37721/jars/commons-logging_commons-logging-1.1.3.jar with timestamp 1761683058400
[2025-10-29T03:24:19.694+0700] {subprocess.py:93} INFO - 25/10/29 03:24:19 INFO Utils: Fetching spark://dfeadd712fc3:37721/jars/commons-logging_commons-logging-1.1.3.jar to /tmp/spark-f3bd5bde-54de-4e79-b9ed-de68d4172dae/userFiles-3f7fcf98-44bb-447b-b200-9abc4ee306c4/fetchFileTemp17046568889808757389.tmp
[2025-10-29T03:24:19.695+0700] {subprocess.py:93} INFO - 25/10/29 03:24:19 INFO Utils: /tmp/spark-f3bd5bde-54de-4e79-b9ed-de68d4172dae/userFiles-3f7fcf98-44bb-447b-b200-9abc4ee306c4/fetchFileTemp17046568889808757389.tmp has been previously copied to /tmp/spark-f3bd5bde-54de-4e79-b9ed-de68d4172dae/userFiles-3f7fcf98-44bb-447b-b200-9abc4ee306c4/commons-logging_commons-logging-1.1.3.jar
[2025-10-29T03:24:19.699+0700] {subprocess.py:93} INFO - 25/10/29 03:24:19 INFO Executor: Adding file:/tmp/spark-f3bd5bde-54de-4e79-b9ed-de68d4172dae/userFiles-3f7fcf98-44bb-447b-b200-9abc4ee306c4/commons-logging_commons-logging-1.1.3.jar to class loader default
[2025-10-29T03:24:19.700+0700] {subprocess.py:93} INFO - 25/10/29 03:24:19 INFO Executor: Fetching spark://dfeadd712fc3:37721/jars/org.apache.kafka_kafka-clients-3.4.1.jar with timestamp 1761683058400
[2025-10-29T03:24:19.700+0700] {subprocess.py:93} INFO - 25/10/29 03:24:19 INFO Utils: Fetching spark://dfeadd712fc3:37721/jars/org.apache.kafka_kafka-clients-3.4.1.jar to /tmp/spark-f3bd5bde-54de-4e79-b9ed-de68d4172dae/userFiles-3f7fcf98-44bb-447b-b200-9abc4ee306c4/fetchFileTemp2557065216852921071.tmp
[2025-10-29T03:24:19.711+0700] {subprocess.py:93} INFO - 25/10/29 03:24:19 INFO Utils: /tmp/spark-f3bd5bde-54de-4e79-b9ed-de68d4172dae/userFiles-3f7fcf98-44bb-447b-b200-9abc4ee306c4/fetchFileTemp2557065216852921071.tmp has been previously copied to /tmp/spark-f3bd5bde-54de-4e79-b9ed-de68d4172dae/userFiles-3f7fcf98-44bb-447b-b200-9abc4ee306c4/org.apache.kafka_kafka-clients-3.4.1.jar
[2025-10-29T03:24:19.719+0700] {subprocess.py:93} INFO - 25/10/29 03:24:19 INFO Executor: Adding file:/tmp/spark-f3bd5bde-54de-4e79-b9ed-de68d4172dae/userFiles-3f7fcf98-44bb-447b-b200-9abc4ee306c4/org.apache.kafka_kafka-clients-3.4.1.jar to class loader default
[2025-10-29T03:24:19.720+0700] {subprocess.py:93} INFO - 25/10/29 03:24:19 INFO Executor: Fetching spark://dfeadd712fc3:37721/jars/org.apache.spark_spark-sql-kafka-0-10_2.12-3.5.1.jar with timestamp 1761683058400
[2025-10-29T03:24:19.720+0700] {subprocess.py:93} INFO - 25/10/29 03:24:19 INFO Utils: Fetching spark://dfeadd712fc3:37721/jars/org.apache.spark_spark-sql-kafka-0-10_2.12-3.5.1.jar to /tmp/spark-f3bd5bde-54de-4e79-b9ed-de68d4172dae/userFiles-3f7fcf98-44bb-447b-b200-9abc4ee306c4/fetchFileTemp11060801917857262775.tmp
[2025-10-29T03:24:19.722+0700] {subprocess.py:93} INFO - 25/10/29 03:24:19 INFO Utils: /tmp/spark-f3bd5bde-54de-4e79-b9ed-de68d4172dae/userFiles-3f7fcf98-44bb-447b-b200-9abc4ee306c4/fetchFileTemp11060801917857262775.tmp has been previously copied to /tmp/spark-f3bd5bde-54de-4e79-b9ed-de68d4172dae/userFiles-3f7fcf98-44bb-447b-b200-9abc4ee306c4/org.apache.spark_spark-sql-kafka-0-10_2.12-3.5.1.jar
[2025-10-29T03:24:19.725+0700] {subprocess.py:93} INFO - 25/10/29 03:24:19 INFO Executor: Adding file:/tmp/spark-f3bd5bde-54de-4e79-b9ed-de68d4172dae/userFiles-3f7fcf98-44bb-447b-b200-9abc4ee306c4/org.apache.spark_spark-sql-kafka-0-10_2.12-3.5.1.jar to class loader default
[2025-10-29T03:24:19.726+0700] {subprocess.py:93} INFO - 25/10/29 03:24:19 INFO Executor: Fetching spark://dfeadd712fc3:37721/jars/org.apache.commons_commons-pool2-2.11.1.jar with timestamp 1761683058400
[2025-10-29T03:24:19.726+0700] {subprocess.py:93} INFO - 25/10/29 03:24:19 INFO Utils: Fetching spark://dfeadd712fc3:37721/jars/org.apache.commons_commons-pool2-2.11.1.jar to /tmp/spark-f3bd5bde-54de-4e79-b9ed-de68d4172dae/userFiles-3f7fcf98-44bb-447b-b200-9abc4ee306c4/fetchFileTemp5653649048955736442.tmp
[2025-10-29T03:24:19.727+0700] {subprocess.py:93} INFO - 25/10/29 03:24:19 INFO Utils: /tmp/spark-f3bd5bde-54de-4e79-b9ed-de68d4172dae/userFiles-3f7fcf98-44bb-447b-b200-9abc4ee306c4/fetchFileTemp5653649048955736442.tmp has been previously copied to /tmp/spark-f3bd5bde-54de-4e79-b9ed-de68d4172dae/userFiles-3f7fcf98-44bb-447b-b200-9abc4ee306c4/org.apache.commons_commons-pool2-2.11.1.jar
[2025-10-29T03:24:19.730+0700] {subprocess.py:93} INFO - 25/10/29 03:24:19 INFO Executor: Adding file:/tmp/spark-f3bd5bde-54de-4e79-b9ed-de68d4172dae/userFiles-3f7fcf98-44bb-447b-b200-9abc4ee306c4/org.apache.commons_commons-pool2-2.11.1.jar to class loader default
[2025-10-29T03:24:19.730+0700] {subprocess.py:93} INFO - 25/10/29 03:24:19 INFO Executor: Fetching spark://dfeadd712fc3:37721/jars/org.checkerframework_checker-qual-3.31.0.jar with timestamp 1761683058400
[2025-10-29T03:24:19.730+0700] {subprocess.py:93} INFO - 25/10/29 03:24:19 INFO Utils: Fetching spark://dfeadd712fc3:37721/jars/org.checkerframework_checker-qual-3.31.0.jar to /tmp/spark-f3bd5bde-54de-4e79-b9ed-de68d4172dae/userFiles-3f7fcf98-44bb-447b-b200-9abc4ee306c4/fetchFileTemp7289908835610835765.tmp
[2025-10-29T03:24:19.732+0700] {subprocess.py:93} INFO - 25/10/29 03:24:19 INFO Utils: /tmp/spark-f3bd5bde-54de-4e79-b9ed-de68d4172dae/userFiles-3f7fcf98-44bb-447b-b200-9abc4ee306c4/fetchFileTemp7289908835610835765.tmp has been previously copied to /tmp/spark-f3bd5bde-54de-4e79-b9ed-de68d4172dae/userFiles-3f7fcf98-44bb-447b-b200-9abc4ee306c4/org.checkerframework_checker-qual-3.31.0.jar
[2025-10-29T03:24:19.735+0700] {subprocess.py:93} INFO - 25/10/29 03:24:19 INFO Executor: Adding file:/tmp/spark-f3bd5bde-54de-4e79-b9ed-de68d4172dae/userFiles-3f7fcf98-44bb-447b-b200-9abc4ee306c4/org.checkerframework_checker-qual-3.31.0.jar to class loader default
[2025-10-29T03:24:19.735+0700] {subprocess.py:93} INFO - 25/10/29 03:24:19 INFO Executor: Fetching spark://dfeadd712fc3:37721/jars/org.apache.spark_spark-token-provider-kafka-0-10_2.12-3.5.1.jar with timestamp 1761683058400
[2025-10-29T03:24:19.735+0700] {subprocess.py:93} INFO - 25/10/29 03:24:19 INFO Utils: Fetching spark://dfeadd712fc3:37721/jars/org.apache.spark_spark-token-provider-kafka-0-10_2.12-3.5.1.jar to /tmp/spark-f3bd5bde-54de-4e79-b9ed-de68d4172dae/userFiles-3f7fcf98-44bb-447b-b200-9abc4ee306c4/fetchFileTemp14652154492728864533.tmp
[2025-10-29T03:24:19.736+0700] {subprocess.py:93} INFO - 25/10/29 03:24:19 INFO Utils: /tmp/spark-f3bd5bde-54de-4e79-b9ed-de68d4172dae/userFiles-3f7fcf98-44bb-447b-b200-9abc4ee306c4/fetchFileTemp14652154492728864533.tmp has been previously copied to /tmp/spark-f3bd5bde-54de-4e79-b9ed-de68d4172dae/userFiles-3f7fcf98-44bb-447b-b200-9abc4ee306c4/org.apache.spark_spark-token-provider-kafka-0-10_2.12-3.5.1.jar
[2025-10-29T03:24:19.739+0700] {subprocess.py:93} INFO - 25/10/29 03:24:19 INFO Executor: Adding file:/tmp/spark-f3bd5bde-54de-4e79-b9ed-de68d4172dae/userFiles-3f7fcf98-44bb-447b-b200-9abc4ee306c4/org.apache.spark_spark-token-provider-kafka-0-10_2.12-3.5.1.jar to class loader default
[2025-10-29T03:24:19.746+0700] {subprocess.py:93} INFO - 25/10/29 03:24:19 INFO Utils: Successfully started service 'org.apache.spark.network.netty.NettyBlockTransferService' on port 45781.
[2025-10-29T03:24:19.746+0700] {subprocess.py:93} INFO - 25/10/29 03:24:19 INFO NettyBlockTransferService: Server created on dfeadd712fc3:45781
[2025-10-29T03:24:19.747+0700] {subprocess.py:93} INFO - 25/10/29 03:24:19 INFO BlockManager: Using org.apache.spark.storage.RandomBlockReplicationPolicy for block replication policy
[2025-10-29T03:24:19.751+0700] {subprocess.py:93} INFO - 25/10/29 03:24:19 INFO BlockManagerMaster: Registering BlockManager BlockManagerId(driver, dfeadd712fc3, 45781, None)
[2025-10-29T03:24:19.754+0700] {subprocess.py:93} INFO - 25/10/29 03:24:19 INFO BlockManagerMasterEndpoint: Registering block manager dfeadd712fc3:45781 with 434.4 MiB RAM, BlockManagerId(driver, dfeadd712fc3, 45781, None)
[2025-10-29T03:24:19.755+0700] {subprocess.py:93} INFO - 25/10/29 03:24:19 INFO BlockManagerMaster: Registered BlockManager BlockManagerId(driver, dfeadd712fc3, 45781, None)
[2025-10-29T03:24:19.756+0700] {subprocess.py:93} INFO - 25/10/29 03:24:19 INFO BlockManager: Initialized BlockManager: BlockManagerId(driver, dfeadd712fc3, 45781, None)
[2025-10-29T03:24:22.285+0700] {subprocess.py:93} INFO - 25/10/29 03:24:22 WARN ResolveWriteToStream: spark.sql.adaptive.enabled is not supported in streaming DataFrames/Datasets and will be disabled.
[2025-10-29T03:24:22.415+0700] {subprocess.py:93} INFO - 🚀 Streaming job started — đang lắng nghe dữ liệu từ Kafka...
[2025-10-29T03:24:22.522+0700] {subprocess.py:93} INFO - 25/10/29 03:24:22 WARN AdminClientConfig: These configurations '[key.deserializer, value.deserializer, enable.auto.commit, max.poll.records, auto.offset.reset]' were supplied but are not used yet.
[2025-10-29T03:24:23.998+0700] {subprocess.py:93} INFO - [Batch 0] ⚠️ Không có dữ liệu mới.
[2025-10-29T03:24:26.675+0700] {subprocess.py:93} INFO - 25/10/29 03:24:26 WARN KafkaDataConsumer: KafkaDataConsumer is not running in UninterruptibleThread. It may hang when KafkaDataConsumer's methods are interrupted because of KAFKA-1894
[2025-10-29T03:24:27.375+0700] {subprocess.py:93} INFO - 25/10/29 03:24:27 WARN KafkaDataConsumer: KafkaDataConsumer is not running in UninterruptibleThread. It may hang when KafkaDataConsumer's methods are interrupted because of KAFKA-1894
[2025-10-29T03:24:30.200+0700] {subprocess.py:93} INFO - There was a problem when trying to write in your cache folder (/home/***/.cache/huggingface/hub). You should set the environment variable TRANSFORMERS_CACHE to a writable directory.
[2025-10-29T03:24:30.825+0700] {subprocess.py:93} INFO - 25/10/29 03:24:30 ERROR Executor: Exception in task 0.0 in stage 2.0 (TID 1)
[2025-10-29T03:24:30.826+0700] {subprocess.py:93} INFO - org.apache.spark.api.python.PythonException: Traceback (most recent call last):
[2025-10-29T03:24:30.826+0700] {subprocess.py:93} INFO -   File "/opt/***/projects/absa_streaming/scripts/consumer_postgres_streaming.py", line 73, in absa_infer_udf
[2025-10-29T03:24:30.826+0700] {subprocess.py:93} INFO -     _tokenizer = AutoTokenizer.from_pretrained(MODEL_NAME, use_fast=True)
[2025-10-29T03:24:30.826+0700] {subprocess.py:93} INFO -                  ^^^^^^^^^^^^^^^^^^^^^^^^^^^^^^^^^^^^^^^^^^^^^^^^^^^^^^^^
[2025-10-29T03:24:30.827+0700] {subprocess.py:93} INFO -   File "/home/***/.local/lib/python3.12/site-packages/transformers/models/auto/tokenization_auto.py", line 817, in from_pretrained
[2025-10-29T03:24:30.827+0700] {subprocess.py:93} INFO -     tokenizer_config = get_tokenizer_config(pretrained_model_name_or_path, **kwargs)
[2025-10-29T03:24:30.827+0700] {subprocess.py:93} INFO -                        ^^^^^^^^^^^^^^^^^^^^^^^^^^^^^^^^^^^^^^^^^^^^^^^^^^^^^^^^^^^^^
[2025-10-29T03:24:30.827+0700] {subprocess.py:93} INFO -   File "/home/***/.local/lib/python3.12/site-packages/transformers/models/auto/tokenization_auto.py", line 649, in get_tokenizer_config
[2025-10-29T03:24:30.827+0700] {subprocess.py:93} INFO -     resolved_config_file = cached_file(
[2025-10-29T03:24:30.827+0700] {subprocess.py:93} INFO -                            ^^^^^^^^^^^^
[2025-10-29T03:24:30.827+0700] {subprocess.py:93} INFO -   File "/home/***/.local/lib/python3.12/site-packages/transformers/utils/hub.py", line 462, in cached_file
[2025-10-29T03:24:30.828+0700] {subprocess.py:93} INFO -     except HFValidationError as e:
[2025-10-29T03:24:30.828+0700] {subprocess.py:93} INFO -   File "/home/***/.local/lib/python3.12/site-packages/huggingface_hub/utils/_validators.py", line 114, in _inner_fn
[2025-10-29T03:24:30.828+0700] {subprocess.py:93} INFO -     return fn(*args, **kwargs)
[2025-10-29T03:24:30.828+0700] {subprocess.py:93} INFO -            ^^^^^^^^^^^^^^^^^^^
[2025-10-29T03:24:30.828+0700] {subprocess.py:93} INFO -   File "/home/***/.local/lib/python3.12/site-packages/huggingface_hub/file_download.py", line 1007, in hf_hub_download
[2025-10-29T03:24:30.828+0700] {subprocess.py:93} INFO -     return _hf_hub_download_to_cache_dir(
[2025-10-29T03:24:30.828+0700] {subprocess.py:93} INFO -            ^^^^^^^^^^^^^^^^^^^^^^^^^^^^^^
[2025-10-29T03:24:30.828+0700] {subprocess.py:93} INFO -   File "/home/***/.local/lib/python3.12/site-packages/huggingface_hub/file_download.py", line 1124, in _hf_hub_download_to_cache_dir
[2025-10-29T03:24:30.829+0700] {subprocess.py:93} INFO -     os.makedirs(os.path.dirname(blob_path), exist_ok=True)
[2025-10-29T03:24:30.829+0700] {subprocess.py:93} INFO -   File "<frozen os>", line 216, in makedirs
[2025-10-29T03:24:30.829+0700] {subprocess.py:93} INFO -   File "<frozen os>", line 216, in makedirs
[2025-10-29T03:24:30.829+0700] {subprocess.py:93} INFO -   File "<frozen os>", line 216, in makedirs
[2025-10-29T03:24:30.829+0700] {subprocess.py:93} INFO -   File "<frozen os>", line 230, in makedirs
[2025-10-29T03:24:30.829+0700] {subprocess.py:93} INFO - PermissionError: [Errno 13] Permission denied: '/home/***/.cache/huggingface'
[2025-10-29T03:24:30.829+0700] {subprocess.py:93} INFO - 
[2025-10-29T03:24:30.830+0700] {subprocess.py:93} INFO - 	at org.apache.spark.api.python.BasePythonRunner$ReaderIterator.handlePythonException(PythonRunner.scala:572)
[2025-10-29T03:24:30.830+0700] {subprocess.py:93} INFO - 	at org.apache.spark.sql.execution.python.PythonArrowOutput$$anon$1.read(PythonArrowOutput.scala:118)
[2025-10-29T03:24:30.830+0700] {subprocess.py:93} INFO - 	at org.apache.spark.api.python.BasePythonRunner$ReaderIterator.hasNext(PythonRunner.scala:525)
[2025-10-29T03:24:30.830+0700] {subprocess.py:93} INFO - 	at org.apache.spark.InterruptibleIterator.hasNext(InterruptibleIterator.scala:37)
[2025-10-29T03:24:30.830+0700] {subprocess.py:93} INFO - 	at scala.collection.Iterator$$anon$11.hasNext(Iterator.scala:491)
[2025-10-29T03:24:30.830+0700] {subprocess.py:93} INFO - 	at scala.collection.Iterator$$anon$10.hasNext(Iterator.scala:460)
[2025-10-29T03:24:30.830+0700] {subprocess.py:93} INFO - 	at scala.collection.Iterator$$anon$10.hasNext(Iterator.scala:460)
[2025-10-29T03:24:30.830+0700] {subprocess.py:93} INFO - 	at org.apache.spark.sql.catalyst.expressions.GeneratedClass$GeneratedIteratorForCodegenStage1.hashAgg_doAggregateWithoutKey_0$(Unknown Source)
[2025-10-29T03:24:30.830+0700] {subprocess.py:93} INFO - 	at org.apache.spark.sql.catalyst.expressions.GeneratedClass$GeneratedIteratorForCodegenStage1.processNext(Unknown Source)
[2025-10-29T03:24:30.831+0700] {subprocess.py:93} INFO - 	at org.apache.spark.sql.execution.BufferedRowIterator.hasNext(BufferedRowIterator.java:43)
[2025-10-29T03:24:30.831+0700] {subprocess.py:93} INFO - 	at org.apache.spark.sql.execution.WholeStageCodegenEvaluatorFactory$WholeStageCodegenPartitionEvaluator$$anon$1.hasNext(WholeStageCodegenEvaluatorFactory.scala:43)
[2025-10-29T03:24:30.831+0700] {subprocess.py:93} INFO - 	at scala.collection.Iterator$$anon$10.hasNext(Iterator.scala:460)
[2025-10-29T03:24:30.831+0700] {subprocess.py:93} INFO - 	at org.apache.spark.shuffle.sort.BypassMergeSortShuffleWriter.write(BypassMergeSortShuffleWriter.java:140)
[2025-10-29T03:24:30.831+0700] {subprocess.py:93} INFO - 	at org.apache.spark.shuffle.ShuffleWriteProcessor.write(ShuffleWriteProcessor.scala:59)
[2025-10-29T03:24:30.831+0700] {subprocess.py:93} INFO - 	at org.apache.spark.scheduler.ShuffleMapTask.runTask(ShuffleMapTask.scala:104)
[2025-10-29T03:24:30.831+0700] {subprocess.py:93} INFO - 	at org.apache.spark.scheduler.ShuffleMapTask.runTask(ShuffleMapTask.scala:54)
[2025-10-29T03:24:30.831+0700] {subprocess.py:93} INFO - 	at org.apache.spark.TaskContext.runTaskWithListeners(TaskContext.scala:166)
[2025-10-29T03:24:30.831+0700] {subprocess.py:93} INFO - 	at org.apache.spark.scheduler.Task.run(Task.scala:141)
[2025-10-29T03:24:30.832+0700] {subprocess.py:93} INFO - 	at org.apache.spark.executor.Executor$TaskRunner.$anonfun$run$4(Executor.scala:620)
[2025-10-29T03:24:30.832+0700] {subprocess.py:93} INFO - 	at org.apache.spark.util.SparkErrorUtils.tryWithSafeFinally(SparkErrorUtils.scala:64)
[2025-10-29T03:24:30.832+0700] {subprocess.py:93} INFO - 	at org.apache.spark.util.SparkErrorUtils.tryWithSafeFinally$(SparkErrorUtils.scala:61)
[2025-10-29T03:24:30.832+0700] {subprocess.py:93} INFO - 	at org.apache.spark.util.Utils$.tryWithSafeFinally(Utils.scala:94)
[2025-10-29T03:24:30.832+0700] {subprocess.py:93} INFO - 	at org.apache.spark.executor.Executor$TaskRunner.run(Executor.scala:623)
[2025-10-29T03:24:30.832+0700] {subprocess.py:93} INFO - 	at java.base/java.util.concurrent.ThreadPoolExecutor.runWorker(ThreadPoolExecutor.java:1136)
[2025-10-29T03:24:30.832+0700] {subprocess.py:93} INFO - 	at java.base/java.util.concurrent.ThreadPoolExecutor$Worker.run(ThreadPoolExecutor.java:635)
[2025-10-29T03:24:30.832+0700] {subprocess.py:93} INFO - 	at java.base/java.lang.Thread.run(Thread.java:840)
[2025-10-29T03:24:30.835+0700] {subprocess.py:93} INFO - 25/10/29 03:24:30 WARN TaskSetManager: Lost task 0.0 in stage 2.0 (TID 1) (dfeadd712fc3 executor driver): org.apache.spark.api.python.PythonException: Traceback (most recent call last):
[2025-10-29T03:24:30.836+0700] {subprocess.py:93} INFO -   File "/opt/***/projects/absa_streaming/scripts/consumer_postgres_streaming.py", line 73, in absa_infer_udf
[2025-10-29T03:24:30.836+0700] {subprocess.py:93} INFO -     _tokenizer = AutoTokenizer.from_pretrained(MODEL_NAME, use_fast=True)
[2025-10-29T03:24:30.836+0700] {subprocess.py:93} INFO -                  ^^^^^^^^^^^^^^^^^^^^^^^^^^^^^^^^^^^^^^^^^^^^^^^^^^^^^^^^
[2025-10-29T03:24:30.836+0700] {subprocess.py:93} INFO -   File "/home/***/.local/lib/python3.12/site-packages/transformers/models/auto/tokenization_auto.py", line 817, in from_pretrained
[2025-10-29T03:24:30.836+0700] {subprocess.py:93} INFO -     tokenizer_config = get_tokenizer_config(pretrained_model_name_or_path, **kwargs)
[2025-10-29T03:24:30.836+0700] {subprocess.py:93} INFO -                        ^^^^^^^^^^^^^^^^^^^^^^^^^^^^^^^^^^^^^^^^^^^^^^^^^^^^^^^^^^^^^
[2025-10-29T03:24:30.836+0700] {subprocess.py:93} INFO -   File "/home/***/.local/lib/python3.12/site-packages/transformers/models/auto/tokenization_auto.py", line 649, in get_tokenizer_config
[2025-10-29T03:24:30.837+0700] {subprocess.py:93} INFO -     resolved_config_file = cached_file(
[2025-10-29T03:24:30.837+0700] {subprocess.py:93} INFO -                            ^^^^^^^^^^^^
[2025-10-29T03:24:30.837+0700] {subprocess.py:93} INFO -   File "/home/***/.local/lib/python3.12/site-packages/transformers/utils/hub.py", line 462, in cached_file
[2025-10-29T03:24:30.837+0700] {subprocess.py:93} INFO -     except HFValidationError as e:
[2025-10-29T03:24:30.837+0700] {subprocess.py:93} INFO -   File "/home/***/.local/lib/python3.12/site-packages/huggingface_hub/utils/_validators.py", line 114, in _inner_fn
[2025-10-29T03:24:30.837+0700] {subprocess.py:93} INFO -     return fn(*args, **kwargs)
[2025-10-29T03:24:30.837+0700] {subprocess.py:93} INFO -            ^^^^^^^^^^^^^^^^^^^
[2025-10-29T03:24:30.837+0700] {subprocess.py:93} INFO -   File "/home/***/.local/lib/python3.12/site-packages/huggingface_hub/file_download.py", line 1007, in hf_hub_download
[2025-10-29T03:24:30.838+0700] {subprocess.py:93} INFO -     return _hf_hub_download_to_cache_dir(
[2025-10-29T03:24:30.838+0700] {subprocess.py:93} INFO -            ^^^^^^^^^^^^^^^^^^^^^^^^^^^^^^
[2025-10-29T03:24:30.838+0700] {subprocess.py:93} INFO -   File "/home/***/.local/lib/python3.12/site-packages/huggingface_hub/file_download.py", line 1124, in _hf_hub_download_to_cache_dir
[2025-10-29T03:24:30.838+0700] {subprocess.py:93} INFO -     os.makedirs(os.path.dirname(blob_path), exist_ok=True)
[2025-10-29T03:24:30.838+0700] {subprocess.py:93} INFO -   File "<frozen os>", line 216, in makedirs
[2025-10-29T03:24:30.838+0700] {subprocess.py:93} INFO -   File "<frozen os>", line 216, in makedirs
[2025-10-29T03:24:30.838+0700] {subprocess.py:93} INFO -   File "<frozen os>", line 216, in makedirs
[2025-10-29T03:24:30.838+0700] {subprocess.py:93} INFO -   File "<frozen os>", line 230, in makedirs
[2025-10-29T03:24:30.838+0700] {subprocess.py:93} INFO - PermissionError: [Errno 13] Permission denied: '/home/***/.cache/huggingface'
[2025-10-29T03:24:30.839+0700] {subprocess.py:93} INFO - 
[2025-10-29T03:24:30.839+0700] {subprocess.py:93} INFO - 	at org.apache.spark.api.python.BasePythonRunner$ReaderIterator.handlePythonException(PythonRunner.scala:572)
[2025-10-29T03:24:30.839+0700] {subprocess.py:93} INFO - 	at org.apache.spark.sql.execution.python.PythonArrowOutput$$anon$1.read(PythonArrowOutput.scala:118)
[2025-10-29T03:24:30.839+0700] {subprocess.py:93} INFO - 	at org.apache.spark.api.python.BasePythonRunner$ReaderIterator.hasNext(PythonRunner.scala:525)
[2025-10-29T03:24:30.839+0700] {subprocess.py:93} INFO - 	at org.apache.spark.InterruptibleIterator.hasNext(InterruptibleIterator.scala:37)
[2025-10-29T03:24:30.839+0700] {subprocess.py:93} INFO - 	at scala.collection.Iterator$$anon$11.hasNext(Iterator.scala:491)
[2025-10-29T03:24:30.839+0700] {subprocess.py:93} INFO - 	at scala.collection.Iterator$$anon$10.hasNext(Iterator.scala:460)
[2025-10-29T03:24:30.839+0700] {subprocess.py:93} INFO - 	at scala.collection.Iterator$$anon$10.hasNext(Iterator.scala:460)
[2025-10-29T03:24:30.840+0700] {subprocess.py:93} INFO - 	at org.apache.spark.sql.catalyst.expressions.GeneratedClass$GeneratedIteratorForCodegenStage1.hashAgg_doAggregateWithoutKey_0$(Unknown Source)
[2025-10-29T03:24:30.840+0700] {subprocess.py:93} INFO - 	at org.apache.spark.sql.catalyst.expressions.GeneratedClass$GeneratedIteratorForCodegenStage1.processNext(Unknown Source)
[2025-10-29T03:24:30.840+0700] {subprocess.py:93} INFO - 	at org.apache.spark.sql.execution.BufferedRowIterator.hasNext(BufferedRowIterator.java:43)
[2025-10-29T03:24:30.840+0700] {subprocess.py:93} INFO - 	at org.apache.spark.sql.execution.WholeStageCodegenEvaluatorFactory$WholeStageCodegenPartitionEvaluator$$anon$1.hasNext(WholeStageCodegenEvaluatorFactory.scala:43)
[2025-10-29T03:24:30.840+0700] {subprocess.py:93} INFO - 	at scala.collection.Iterator$$anon$10.hasNext(Iterator.scala:460)
[2025-10-29T03:24:30.840+0700] {subprocess.py:93} INFO - 	at org.apache.spark.shuffle.sort.BypassMergeSortShuffleWriter.write(BypassMergeSortShuffleWriter.java:140)
[2025-10-29T03:24:30.840+0700] {subprocess.py:93} INFO - 	at org.apache.spark.shuffle.ShuffleWriteProcessor.write(ShuffleWriteProcessor.scala:59)
[2025-10-29T03:24:30.840+0700] {subprocess.py:93} INFO - 	at org.apache.spark.scheduler.ShuffleMapTask.runTask(ShuffleMapTask.scala:104)
[2025-10-29T03:24:30.841+0700] {subprocess.py:93} INFO - 	at org.apache.spark.scheduler.ShuffleMapTask.runTask(ShuffleMapTask.scala:54)
[2025-10-29T03:24:30.841+0700] {subprocess.py:93} INFO - 	at org.apache.spark.TaskContext.runTaskWithListeners(TaskContext.scala:166)
[2025-10-29T03:24:30.841+0700] {subprocess.py:93} INFO - 	at org.apache.spark.scheduler.Task.run(Task.scala:141)
[2025-10-29T03:24:30.841+0700] {subprocess.py:93} INFO - 	at org.apache.spark.executor.Executor$TaskRunner.$anonfun$run$4(Executor.scala:620)
[2025-10-29T03:24:30.841+0700] {subprocess.py:93} INFO - 	at org.apache.spark.util.SparkErrorUtils.tryWithSafeFinally(SparkErrorUtils.scala:64)
[2025-10-29T03:24:30.841+0700] {subprocess.py:93} INFO - 	at org.apache.spark.util.SparkErrorUtils.tryWithSafeFinally$(SparkErrorUtils.scala:61)
[2025-10-29T03:24:30.842+0700] {subprocess.py:93} INFO - 	at org.apache.spark.util.Utils$.tryWithSafeFinally(Utils.scala:94)
[2025-10-29T03:24:30.842+0700] {subprocess.py:93} INFO - 	at org.apache.spark.executor.Executor$TaskRunner.run(Executor.scala:623)
[2025-10-29T03:24:30.842+0700] {subprocess.py:93} INFO - 	at java.base/java.util.concurrent.ThreadPoolExecutor.runWorker(ThreadPoolExecutor.java:1136)
[2025-10-29T03:24:30.842+0700] {subprocess.py:93} INFO - 	at java.base/java.util.concurrent.ThreadPoolExecutor$Worker.run(ThreadPoolExecutor.java:635)
[2025-10-29T03:24:30.842+0700] {subprocess.py:93} INFO - 	at java.base/java.lang.Thread.run(Thread.java:840)
[2025-10-29T03:24:30.842+0700] {subprocess.py:93} INFO - 
[2025-10-29T03:24:30.842+0700] {subprocess.py:93} INFO - 25/10/29 03:24:30 ERROR TaskSetManager: Task 0 in stage 2.0 failed 1 times; aborting job
[2025-10-29T03:24:30.907+0700] {subprocess.py:93} INFO - 25/10/29 03:24:30 ERROR MicroBatchExecution: Query [id = 2076d3e8-b1cf-4472-87ce-4cfd12937e1d, runId = 9cb546b9-4c07-4135-9aa8-a48e4e76f610] terminated with error
[2025-10-29T03:24:30.907+0700] {subprocess.py:93} INFO - py4j.Py4JException: An exception was raised by the Python Proxy. Return Message: Traceback (most recent call last):
[2025-10-29T03:24:30.908+0700] {subprocess.py:93} INFO -   File "/home/***/.local/lib/python3.12/site-packages/pyspark/python/lib/py4j-0.10.9.7-src.zip/py4j/clientserver.py", line 617, in _call_proxy
[2025-10-29T03:24:30.908+0700] {subprocess.py:93} INFO -     return_value = getattr(self.pool[obj_id], method)(*params)
[2025-10-29T03:24:30.908+0700] {subprocess.py:93} INFO -                    ^^^^^^^^^^^^^^^^^^^^^^^^^^^^^^^^^^^^^^^^^^^
[2025-10-29T03:24:30.908+0700] {subprocess.py:93} INFO -   File "/home/***/.local/lib/python3.12/site-packages/pyspark/python/lib/pyspark.zip/pyspark/sql/utils.py", line 120, in call
[2025-10-29T03:24:30.908+0700] {subprocess.py:93} INFO -     raise e
[2025-10-29T03:24:30.908+0700] {subprocess.py:93} INFO -   File "/home/***/.local/lib/python3.12/site-packages/pyspark/python/lib/pyspark.zip/pyspark/sql/utils.py", line 117, in call
[2025-10-29T03:24:30.908+0700] {subprocess.py:93} INFO -     self.func(DataFrame(jdf, wrapped_session_jdf), batch_id)
[2025-10-29T03:24:30.908+0700] {subprocess.py:93} INFO -   File "/opt/***/projects/absa_streaming/scripts/consumer_postgres_streaming.py", line 125, in write_to_postgres
[2025-10-29T03:24:30.909+0700] {subprocess.py:93} INFO -     total_rows = batch_df.count()
[2025-10-29T03:24:30.909+0700] {subprocess.py:93} INFO -                  ^^^^^^^^^^^^^^^^
[2025-10-29T03:24:30.909+0700] {subprocess.py:93} INFO -   File "/home/***/.local/lib/python3.12/site-packages/pyspark/python/lib/pyspark.zip/pyspark/sql/dataframe.py", line 1238, in count
[2025-10-29T03:24:30.909+0700] {subprocess.py:93} INFO -     return int(self._jdf.count())
[2025-10-29T03:24:30.909+0700] {subprocess.py:93} INFO -                ^^^^^^^^^^^^^^^^^
[2025-10-29T03:24:30.909+0700] {subprocess.py:93} INFO -   File "/home/***/.local/lib/python3.12/site-packages/pyspark/python/lib/py4j-0.10.9.7-src.zip/py4j/java_gateway.py", line 1322, in __call__
[2025-10-29T03:24:30.909+0700] {subprocess.py:93} INFO -     return_value = get_return_value(
[2025-10-29T03:24:30.910+0700] {subprocess.py:93} INFO -                    ^^^^^^^^^^^^^^^^^
[2025-10-29T03:24:30.910+0700] {subprocess.py:93} INFO -   File "/home/***/.local/lib/python3.12/site-packages/pyspark/python/lib/pyspark.zip/pyspark/errors/exceptions/captured.py", line 185, in deco
[2025-10-29T03:24:30.910+0700] {subprocess.py:93} INFO -     raise converted from None
[2025-10-29T03:24:30.910+0700] {subprocess.py:93} INFO - pyspark.errors.exceptions.captured.PythonException:
[2025-10-29T03:24:30.910+0700] {subprocess.py:93} INFO -   An exception was thrown from the Python worker. Please see the stack trace below.
[2025-10-29T03:24:30.911+0700] {subprocess.py:93} INFO - Traceback (most recent call last):
[2025-10-29T03:24:30.911+0700] {subprocess.py:93} INFO -   File "/opt/***/projects/absa_streaming/scripts/consumer_postgres_streaming.py", line 73, in absa_infer_udf
[2025-10-29T03:24:30.911+0700] {subprocess.py:93} INFO -     _tokenizer = AutoTokenizer.from_pretrained(MODEL_NAME, use_fast=True)
[2025-10-29T03:24:30.911+0700] {subprocess.py:93} INFO -                  ^^^^^^^^^^^^^^^^^^^^^^^^^^^^^^^^^^^^^^^^^^^^^^^^^^^^^^^^
[2025-10-29T03:24:30.911+0700] {subprocess.py:93} INFO -   File "/home/***/.local/lib/python3.12/site-packages/transformers/models/auto/tokenization_auto.py", line 817, in from_pretrained
[2025-10-29T03:24:30.911+0700] {subprocess.py:93} INFO -     tokenizer_config = get_tokenizer_config(pretrained_model_name_or_path, **kwargs)
[2025-10-29T03:24:30.911+0700] {subprocess.py:93} INFO -                        ^^^^^^^^^^^^^^^^^^^^^^^^^^^^^^^^^^^^^^^^^^^^^^^^^^^^^^^^^^^^^
[2025-10-29T03:24:30.912+0700] {subprocess.py:93} INFO -   File "/home/***/.local/lib/python3.12/site-packages/transformers/models/auto/tokenization_auto.py", line 649, in get_tokenizer_config
[2025-10-29T03:24:30.912+0700] {subprocess.py:93} INFO -     resolved_config_file = cached_file(
[2025-10-29T03:24:30.912+0700] {subprocess.py:93} INFO -                            ^^^^^^^^^^^^
[2025-10-29T03:24:30.912+0700] {subprocess.py:93} INFO -   File "/home/***/.local/lib/python3.12/site-packages/transformers/utils/hub.py", line 462, in cached_file
[2025-10-29T03:24:30.912+0700] {subprocess.py:93} INFO -     except HFValidationError as e:
[2025-10-29T03:24:30.912+0700] {subprocess.py:93} INFO -   File "/home/***/.local/lib/python3.12/site-packages/huggingface_hub/utils/_validators.py", line 114, in _inner_fn
[2025-10-29T03:24:30.912+0700] {subprocess.py:93} INFO -     return fn(*args, **kwargs)
[2025-10-29T03:24:30.912+0700] {subprocess.py:93} INFO -            ^^^^^^^^^^^^^^^^^^^
[2025-10-29T03:24:30.913+0700] {subprocess.py:93} INFO -   File "/home/***/.local/lib/python3.12/site-packages/huggingface_hub/file_download.py", line 1007, in hf_hub_download
[2025-10-29T03:24:30.913+0700] {subprocess.py:93} INFO -     return _hf_hub_download_to_cache_dir(
[2025-10-29T03:24:30.913+0700] {subprocess.py:93} INFO -            ^^^^^^^^^^^^^^^^^^^^^^^^^^^^^^
[2025-10-29T03:24:30.913+0700] {subprocess.py:93} INFO -   File "/home/***/.local/lib/python3.12/site-packages/huggingface_hub/file_download.py", line 1124, in _hf_hub_download_to_cache_dir
[2025-10-29T03:24:30.913+0700] {subprocess.py:93} INFO -     os.makedirs(os.path.dirname(blob_path), exist_ok=True)
[2025-10-29T03:24:30.913+0700] {subprocess.py:93} INFO -   File "<frozen os>", line 216, in makedirs
[2025-10-29T03:24:30.913+0700] {subprocess.py:93} INFO -   File "<frozen os>", line 216, in makedirs
[2025-10-29T03:24:30.913+0700] {subprocess.py:93} INFO -   File "<frozen os>", line 216, in makedirs
[2025-10-29T03:24:30.914+0700] {subprocess.py:93} INFO -   File "<frozen os>", line 230, in makedirs
[2025-10-29T03:24:30.914+0700] {subprocess.py:93} INFO - PermissionError: [Errno 13] Permission denied: '/home/***/.cache/huggingface'
[2025-10-29T03:24:30.914+0700] {subprocess.py:93} INFO - 
[2025-10-29T03:24:30.914+0700] {subprocess.py:93} INFO - 
[2025-10-29T03:24:30.914+0700] {subprocess.py:93} INFO - 	at py4j.Protocol.getReturnValue(Protocol.java:476)
[2025-10-29T03:24:30.914+0700] {subprocess.py:93} INFO - 	at py4j.reflection.PythonProxyHandler.invoke(PythonProxyHandler.java:108)
[2025-10-29T03:24:30.914+0700] {subprocess.py:93} INFO - 	at jdk.proxy3/jdk.proxy3.$Proxy32.call(Unknown Source)
[2025-10-29T03:24:30.915+0700] {subprocess.py:93} INFO - 	at org.apache.spark.sql.execution.streaming.sources.PythonForeachBatchHelper$.$anonfun$callForeachBatch$1(ForeachBatchSink.scala:53)
[2025-10-29T03:24:30.915+0700] {subprocess.py:93} INFO - 	at org.apache.spark.sql.execution.streaming.sources.PythonForeachBatchHelper$.$anonfun$callForeachBatch$1$adapted(ForeachBatchSink.scala:53)
[2025-10-29T03:24:30.915+0700] {subprocess.py:93} INFO - 	at org.apache.spark.sql.execution.streaming.sources.ForeachBatchSink.addBatch(ForeachBatchSink.scala:34)
[2025-10-29T03:24:30.915+0700] {subprocess.py:93} INFO - 	at org.apache.spark.sql.execution.streaming.MicroBatchExecution.$anonfun$runBatch$17(MicroBatchExecution.scala:732)
[2025-10-29T03:24:30.915+0700] {subprocess.py:93} INFO - 	at org.apache.spark.sql.execution.SQLExecution$.$anonfun$withNewExecutionId$6(SQLExecution.scala:125)
[2025-10-29T03:24:30.915+0700] {subprocess.py:93} INFO - 	at org.apache.spark.sql.execution.SQLExecution$.withSQLConfPropagated(SQLExecution.scala:201)
[2025-10-29T03:24:30.915+0700] {subprocess.py:93} INFO - 	at org.apache.spark.sql.execution.SQLExecution$.$anonfun$withNewExecutionId$1(SQLExecution.scala:108)
[2025-10-29T03:24:30.915+0700] {subprocess.py:93} INFO - 	at org.apache.spark.sql.SparkSession.withActive(SparkSession.scala:900)
[2025-10-29T03:24:30.915+0700] {subprocess.py:93} INFO - 	at org.apache.spark.sql.execution.SQLExecution$.withNewExecutionId(SQLExecution.scala:66)
[2025-10-29T03:24:30.916+0700] {subprocess.py:93} INFO - 	at org.apache.spark.sql.execution.streaming.MicroBatchExecution.$anonfun$runBatch$16(MicroBatchExecution.scala:729)
[2025-10-29T03:24:30.916+0700] {subprocess.py:93} INFO - 	at org.apache.spark.sql.execution.streaming.ProgressReporter.reportTimeTaken(ProgressReporter.scala:427)
[2025-10-29T03:24:30.916+0700] {subprocess.py:93} INFO - 	at org.apache.spark.sql.execution.streaming.ProgressReporter.reportTimeTaken$(ProgressReporter.scala:425)
[2025-10-29T03:24:30.916+0700] {subprocess.py:93} INFO - 	at org.apache.spark.sql.execution.streaming.StreamExecution.reportTimeTaken(StreamExecution.scala:67)
[2025-10-29T03:24:30.916+0700] {subprocess.py:93} INFO - 	at org.apache.spark.sql.execution.streaming.MicroBatchExecution.runBatch(MicroBatchExecution.scala:729)
[2025-10-29T03:24:30.916+0700] {subprocess.py:93} INFO - 	at org.apache.spark.sql.execution.streaming.MicroBatchExecution.$anonfun$runActivatedStream$2(MicroBatchExecution.scala:286)
[2025-10-29T03:24:30.916+0700] {subprocess.py:93} INFO - 	at scala.runtime.java8.JFunction0$mcV$sp.apply(JFunction0$mcV$sp.java:23)
[2025-10-29T03:24:30.916+0700] {subprocess.py:93} INFO - 	at org.apache.spark.sql.execution.streaming.ProgressReporter.reportTimeTaken(ProgressReporter.scala:427)
[2025-10-29T03:24:30.916+0700] {subprocess.py:93} INFO - 	at org.apache.spark.sql.execution.streaming.ProgressReporter.reportTimeTaken$(ProgressReporter.scala:425)
[2025-10-29T03:24:30.917+0700] {subprocess.py:93} INFO - 	at org.apache.spark.sql.execution.streaming.StreamExecution.reportTimeTaken(StreamExecution.scala:67)
[2025-10-29T03:24:30.917+0700] {subprocess.py:93} INFO - 	at org.apache.spark.sql.execution.streaming.MicroBatchExecution.$anonfun$runActivatedStream$1(MicroBatchExecution.scala:249)
[2025-10-29T03:24:30.917+0700] {subprocess.py:93} INFO - 	at org.apache.spark.sql.execution.streaming.ProcessingTimeExecutor.execute(TriggerExecutor.scala:67)
[2025-10-29T03:24:30.917+0700] {subprocess.py:93} INFO - 	at org.apache.spark.sql.execution.streaming.MicroBatchExecution.runActivatedStream(MicroBatchExecution.scala:239)
[2025-10-29T03:24:30.917+0700] {subprocess.py:93} INFO - 	at org.apache.spark.sql.execution.streaming.StreamExecution.$anonfun$runStream$1(StreamExecution.scala:311)
[2025-10-29T03:24:30.917+0700] {subprocess.py:93} INFO - 	at scala.runtime.java8.JFunction0$mcV$sp.apply(JFunction0$mcV$sp.java:23)
[2025-10-29T03:24:30.917+0700] {subprocess.py:93} INFO - 	at org.apache.spark.sql.SparkSession.withActive(SparkSession.scala:900)
[2025-10-29T03:24:30.918+0700] {subprocess.py:93} INFO - 	at org.apache.spark.sql.execution.streaming.StreamExecution.org$apache$spark$sql$execution$streaming$StreamExecution$$runStream(StreamExecution.scala:289)
[2025-10-29T03:24:30.918+0700] {subprocess.py:93} INFO - 	at org.apache.spark.sql.execution.streaming.StreamExecution$$anon$1.$anonfun$run$1(StreamExecution.scala:211)
[2025-10-29T03:24:30.918+0700] {subprocess.py:93} INFO - 	at scala.runtime.java8.JFunction0$mcV$sp.apply(JFunction0$mcV$sp.java:23)
[2025-10-29T03:24:30.918+0700] {subprocess.py:93} INFO - 	at org.apache.spark.JobArtifactSet$.withActiveJobArtifactState(JobArtifactSet.scala:94)
[2025-10-29T03:24:30.918+0700] {subprocess.py:93} INFO - 	at org.apache.spark.sql.execution.streaming.StreamExecution$$anon$1.run(StreamExecution.scala:211)
[2025-10-29T03:24:30.974+0700] {subprocess.py:93} INFO - Traceback (most recent call last):
[2025-10-29T03:24:30.975+0700] {subprocess.py:93} INFO -   File "/opt/***/projects/absa_streaming/scripts/consumer_postgres_streaming.py", line 175, in <module>
[2025-10-29T03:24:30.975+0700] {subprocess.py:93} INFO -     query.awaitTermination()
[2025-10-29T03:24:30.975+0700] {subprocess.py:93} INFO -   File "/home/***/.local/lib/python3.12/site-packages/pyspark/python/lib/pyspark.zip/pyspark/sql/streaming/query.py", line 221, in awaitTermination
[2025-10-29T03:24:30.975+0700] {subprocess.py:93} INFO -   File "/home/***/.local/lib/python3.12/site-packages/pyspark/python/lib/py4j-0.10.9.7-src.zip/py4j/java_gateway.py", line 1322, in __call__
[2025-10-29T03:24:30.975+0700] {subprocess.py:93} INFO -   File "/home/***/.local/lib/python3.12/site-packages/pyspark/python/lib/pyspark.zip/pyspark/errors/exceptions/captured.py", line 185, in deco
[2025-10-29T03:24:30.977+0700] {subprocess.py:93} INFO - pyspark.errors.exceptions.captured.StreamingQueryException: [STREAM_FAILED] Query [id = 2076d3e8-b1cf-4472-87ce-4cfd12937e1d, runId = 9cb546b9-4c07-4135-9aa8-a48e4e76f610] terminated with exception: An exception was raised by the Python Proxy. Return Message: Traceback (most recent call last):
[2025-10-29T03:24:30.977+0700] {subprocess.py:93} INFO -   File "/home/***/.local/lib/python3.12/site-packages/pyspark/python/lib/py4j-0.10.9.7-src.zip/py4j/clientserver.py", line 617, in _call_proxy
[2025-10-29T03:24:30.977+0700] {subprocess.py:93} INFO -     return_value = getattr(self.pool[obj_id], method)(*params)
[2025-10-29T03:24:30.977+0700] {subprocess.py:93} INFO -                    ^^^^^^^^^^^^^^^^^^^^^^^^^^^^^^^^^^^^^^^^^^^
[2025-10-29T03:24:30.977+0700] {subprocess.py:93} INFO -   File "/home/***/.local/lib/python3.12/site-packages/pyspark/python/lib/pyspark.zip/pyspark/sql/utils.py", line 120, in call
[2025-10-29T03:24:30.977+0700] {subprocess.py:93} INFO -     raise e
[2025-10-29T03:24:30.977+0700] {subprocess.py:93} INFO -   File "/home/***/.local/lib/python3.12/site-packages/pyspark/python/lib/pyspark.zip/pyspark/sql/utils.py", line 117, in call
[2025-10-29T03:24:30.977+0700] {subprocess.py:93} INFO -     self.func(DataFrame(jdf, wrapped_session_jdf), batch_id)
[2025-10-29T03:24:30.977+0700] {subprocess.py:93} INFO -   File "/opt/***/projects/absa_streaming/scripts/consumer_postgres_streaming.py", line 125, in write_to_postgres
[2025-10-29T03:24:30.977+0700] {subprocess.py:93} INFO -     total_rows = batch_df.count()
[2025-10-29T03:24:30.978+0700] {subprocess.py:93} INFO -                  ^^^^^^^^^^^^^^^^
[2025-10-29T03:24:30.978+0700] {subprocess.py:93} INFO -   File "/home/***/.local/lib/python3.12/site-packages/pyspark/python/lib/pyspark.zip/pyspark/sql/dataframe.py", line 1238, in count
[2025-10-29T03:24:30.978+0700] {subprocess.py:93} INFO -     return int(self._jdf.count())
[2025-10-29T03:24:30.978+0700] {subprocess.py:93} INFO -                ^^^^^^^^^^^^^^^^^
[2025-10-29T03:24:30.978+0700] {subprocess.py:93} INFO -   File "/home/***/.local/lib/python3.12/site-packages/pyspark/python/lib/py4j-0.10.9.7-src.zip/py4j/java_gateway.py", line 1322, in __call__
[2025-10-29T03:24:30.978+0700] {subprocess.py:93} INFO -     return_value = get_return_value(
[2025-10-29T03:24:30.978+0700] {subprocess.py:93} INFO -                    ^^^^^^^^^^^^^^^^^
[2025-10-29T03:24:30.978+0700] {subprocess.py:93} INFO -   File "/home/***/.local/lib/python3.12/site-packages/pyspark/python/lib/pyspark.zip/pyspark/errors/exceptions/captured.py", line 185, in deco
[2025-10-29T03:24:30.978+0700] {subprocess.py:93} INFO -     raise converted from None
[2025-10-29T03:24:30.978+0700] {subprocess.py:93} INFO - pyspark.errors.exceptions.captured.PythonException:
[2025-10-29T03:24:30.979+0700] {subprocess.py:93} INFO -   An exception was thrown from the Python worker. Please see the stack trace below.
[2025-10-29T03:24:30.979+0700] {subprocess.py:93} INFO - Traceback (most recent call last):
[2025-10-29T03:24:30.979+0700] {subprocess.py:93} INFO -   File "/opt/***/projects/absa_streaming/scripts/consumer_postgres_streaming.py", line 73, in absa_infer_udf
[2025-10-29T03:24:30.979+0700] {subprocess.py:93} INFO -     _tokenizer = AutoTokenizer.from_pretrained(MODEL_NAME, use_fast=True)
[2025-10-29T03:24:30.979+0700] {subprocess.py:93} INFO -                  ^^^^^^^^^^^^^^^^^^^^^^^^^^^^^^^^^^^^^^^^^^^^^^^^^^^^^^^^
[2025-10-29T03:24:30.979+0700] {subprocess.py:93} INFO -   File "/home/***/.local/lib/python3.12/site-packages/transformers/models/auto/tokenization_auto.py", line 817, in from_pretrained
[2025-10-29T03:24:30.979+0700] {subprocess.py:93} INFO -     tokenizer_config = get_tokenizer_config(pretrained_model_name_or_path, **kwargs)
[2025-10-29T03:24:30.979+0700] {subprocess.py:93} INFO -                        ^^^^^^^^^^^^^^^^^^^^^^^^^^^^^^^^^^^^^^^^^^^^^^^^^^^^^^^^^^^^^
[2025-10-29T03:24:30.979+0700] {subprocess.py:93} INFO -   File "/home/***/.local/lib/python3.12/site-packages/transformers/models/auto/tokenization_auto.py", line 649, in get_tokenizer_config
[2025-10-29T03:24:30.979+0700] {subprocess.py:93} INFO -     resolved_config_file = cached_file(
[2025-10-29T03:24:30.980+0700] {subprocess.py:93} INFO -                            ^^^^^^^^^^^^
[2025-10-29T03:24:30.980+0700] {subprocess.py:93} INFO -   File "/home/***/.local/lib/python3.12/site-packages/transformers/utils/hub.py", line 462, in cached_file
[2025-10-29T03:24:30.980+0700] {subprocess.py:93} INFO -     except HFValidationError as e:
[2025-10-29T03:24:30.980+0700] {subprocess.py:93} INFO -   File "/home/***/.local/lib/python3.12/site-packages/huggingface_hub/utils/_validators.py", line 114, in _inner_fn
[2025-10-29T03:24:30.980+0700] {subprocess.py:93} INFO -     return fn(*args, **kwargs)
[2025-10-29T03:24:30.980+0700] {subprocess.py:93} INFO -            ^^^^^^^^^^^^^^^^^^^
[2025-10-29T03:24:30.980+0700] {subprocess.py:93} INFO -   File "/home/***/.local/lib/python3.12/site-packages/huggingface_hub/file_download.py", line 1007, in hf_hub_download
[2025-10-29T03:24:30.980+0700] {subprocess.py:93} INFO -     return _hf_hub_download_to_cache_dir(
[2025-10-29T03:24:30.980+0700] {subprocess.py:93} INFO -            ^^^^^^^^^^^^^^^^^^^^^^^^^^^^^^
[2025-10-29T03:24:30.980+0700] {subprocess.py:93} INFO -   File "/home/***/.local/lib/python3.12/site-packages/huggingface_hub/file_download.py", line 1124, in _hf_hub_download_to_cache_dir
[2025-10-29T03:24:30.981+0700] {subprocess.py:93} INFO -     os.makedirs(os.path.dirname(blob_path), exist_ok=True)
[2025-10-29T03:24:30.981+0700] {subprocess.py:93} INFO -   File "<frozen os>", line 216, in makedirs
[2025-10-29T03:24:30.981+0700] {subprocess.py:93} INFO -   File "<frozen os>", line 216, in makedirs
[2025-10-29T03:24:30.981+0700] {subprocess.py:93} INFO -   File "<frozen os>", line 216, in makedirs
[2025-10-29T03:24:30.981+0700] {subprocess.py:93} INFO -   File "<frozen os>", line 230, in makedirs
[2025-10-29T03:24:30.981+0700] {subprocess.py:93} INFO - PermissionError: [Errno 13] Permission denied: '/home/***/.cache/huggingface'
[2025-10-29T03:24:30.981+0700] {subprocess.py:93} INFO - 
[2025-10-29T03:24:30.981+0700] {subprocess.py:93} INFO - 
[2025-10-29T03:24:31.690+0700] {subprocess.py:97} INFO - Command exited with return code 1
[2025-10-29T03:24:31.691+0700] {taskinstance.py:441} INFO - ::group::Post task execution logs
[2025-10-29T03:24:31.700+0700] {taskinstance.py:2890} ERROR - Task failed with exception
Traceback (most recent call last):
  File "/home/airflow/.local/lib/python3.12/site-packages/airflow/models/taskinstance.py", line 460, in _execute_task
    result = _execute_callable(context=context, **execute_callable_kwargs)
             ^^^^^^^^^^^^^^^^^^^^^^^^^^^^^^^^^^^^^^^^^^^^^^^^^^^^^^^^^^^^^
  File "/home/airflow/.local/lib/python3.12/site-packages/airflow/models/taskinstance.py", line 432, in _execute_callable
    return execute_callable(context=context, **execute_callable_kwargs)
           ^^^^^^^^^^^^^^^^^^^^^^^^^^^^^^^^^^^^^^^^^^^^^^^^^^^^^^^^^^^^
  File "/home/airflow/.local/lib/python3.12/site-packages/airflow/models/baseoperator.py", line 400, in wrapper
    return func(self, *args, **kwargs)
           ^^^^^^^^^^^^^^^^^^^^^^^^^^^
  File "/home/airflow/.local/lib/python3.12/site-packages/airflow/operators/bash.py", line 243, in execute
    raise AirflowException(
airflow.exceptions.AirflowException: Bash command failed. The command returned a non-zero exit code 1.
[2025-10-29T03:24:31.704+0700] {taskinstance.py:1205} INFO - Marking task as UP_FOR_RETRY. dag_id=absa_streaming_lifecycle_demo1, task_id=deploy_consumer, execution_date=20251028T200718, start_date=20251028T202412, end_date=20251028T202431
[2025-10-29T03:24:31.757+0700] {standard_task_runner.py:110} ERROR - Failed to execute job 22 for task deploy_consumer (Bash command failed. The command returned a non-zero exit code 1.; 7121)
[2025-10-29T03:24:31.799+0700] {local_task_job_runner.py:240} INFO - Task exited with return code 1
[2025-10-29T03:24:31.820+0700] {taskinstance.py:3482} INFO - 0 downstream tasks scheduled from follow-on schedule check
[2025-10-29T03:24:31.839+0700] {local_task_job_runner.py:222} INFO - ::endgroup::
