[2025-10-29T03:21:52.485+0700] {local_task_job_runner.py:120} INFO - ::group::Pre task execution logs
[2025-10-29T03:21:52.496+0700] {taskinstance.py:2073} INFO - Dependencies all met for dep_context=non-requeueable deps ti=<TaskInstance: absa_streaming_lifecycle_demo1.deploy_consumer manual__2025-10-28T20:07:18.155316+00:00 [queued]>
[2025-10-29T03:21:52.500+0700] {taskinstance.py:2073} INFO - Dependencies all met for dep_context=requeueable deps ti=<TaskInstance: absa_streaming_lifecycle_demo1.deploy_consumer manual__2025-10-28T20:07:18.155316+00:00 [queued]>
[2025-10-29T03:21:52.500+0700] {taskinstance.py:2303} INFO - Starting attempt 8 of 11
[2025-10-29T03:21:52.507+0700] {taskinstance.py:2327} INFO - Executing <Task(BashOperator): deploy_consumer> on 2025-10-28 20:07:18.155316+00:00
[2025-10-29T03:21:52.513+0700] {warnings.py:110} WARNING - /home/***/.local/lib/python3.12/site-packages/***/task/task_runner/standard_task_runner.py:61: DeprecationWarning: This process (pid=6214) is multi-threaded, use of fork() may lead to deadlocks in the child.
  pid = os.fork()

[2025-10-29T03:21:52.514+0700] {standard_task_runner.py:63} INFO - Started process 6216 to run task
[2025-10-29T03:21:52.514+0700] {standard_task_runner.py:90} INFO - Running: ['***', 'tasks', 'run', 'absa_streaming_lifecycle_demo1', 'deploy_consumer', 'manual__2025-10-28T20:07:18.155316+00:00', '--job-id', '20', '--raw', '--subdir', 'DAGS_FOLDER/absa_streaming_lifecycle_dag1.py', '--cfg-path', '/tmp/tmpmtn9jknj']
[2025-10-29T03:21:52.516+0700] {standard_task_runner.py:91} INFO - Job 20: Subtask deploy_consumer
[2025-10-29T03:21:52.538+0700] {task_command.py:426} INFO - Running <TaskInstance: absa_streaming_lifecycle_demo1.deploy_consumer manual__2025-10-28T20:07:18.155316+00:00 [running]> on host dfeadd712fc3
[2025-10-29T03:21:52.580+0700] {taskinstance.py:2644} INFO - Exporting env vars: AIRFLOW_CTX_DAG_OWNER='***' AIRFLOW_CTX_DAG_ID='absa_streaming_lifecycle_demo1' AIRFLOW_CTX_TASK_ID='deploy_consumer' AIRFLOW_CTX_EXECUTION_DATE='2025-10-28T20:07:18.155316+00:00' AIRFLOW_CTX_TRY_NUMBER='8' AIRFLOW_CTX_DAG_RUN_ID='manual__2025-10-28T20:07:18.155316+00:00'
[2025-10-29T03:21:52.581+0700] {taskinstance.py:430} INFO - ::endgroup::
[2025-10-29T03:21:52.581+0700] {subprocess.py:63} INFO - Tmp dir root location: /tmp
[2025-10-29T03:21:52.582+0700] {subprocess.py:75} INFO - Running command: ['/usr/bin/bash', '-c', 'bash -c "timeout 45m /opt/***/projects/absa_streaming/scripts/run_consumer.sh"']
[2025-10-29T03:21:52.593+0700] {subprocess.py:86} INFO - Output:
[2025-10-29T03:21:52.597+0700] {subprocess.py:93} INFO - [Consumer] Starting Spark Structured Streaming job...
[2025-10-29T03:21:52.628+0700] {subprocess.py:93} INFO - /home/***/.local/lib/python3.12/site-packages/pyspark/bin/load-spark-env.sh: line 68: ps: command not found
[2025-10-29T03:21:53.375+0700] {subprocess.py:93} INFO - :: loading settings :: url = jar:file:/home/***/.local/lib/python3.12/site-packages/pyspark/jars/ivy-2.5.1.jar!/org/apache/ivy/core/settings/ivysettings.xml
[2025-10-29T03:21:53.415+0700] {subprocess.py:93} INFO - Ivy Default Cache set to: /home/***/.ivy2/cache
[2025-10-29T03:21:53.416+0700] {subprocess.py:93} INFO - The jars for the packages stored in: /home/***/.ivy2/jars
[2025-10-29T03:21:53.418+0700] {subprocess.py:93} INFO - org.apache.spark#spark-sql-kafka-0-10_2.12 added as a dependency
[2025-10-29T03:21:53.419+0700] {subprocess.py:93} INFO - org.postgresql#postgresql added as a dependency
[2025-10-29T03:21:53.419+0700] {subprocess.py:93} INFO - :: resolving dependencies :: org.apache.spark#spark-submit-parent-120d7509-fe3a-483d-a429-5e75a9628675;1.0
[2025-10-29T03:21:53.419+0700] {subprocess.py:93} INFO - 	confs: [default]
[2025-10-29T03:21:53.514+0700] {subprocess.py:93} INFO - 	found org.apache.spark#spark-sql-kafka-0-10_2.12;3.5.1 in central
[2025-10-29T03:21:53.553+0700] {subprocess.py:93} INFO - 	found org.apache.spark#spark-token-provider-kafka-0-10_2.12;3.5.1 in central
[2025-10-29T03:21:53.574+0700] {subprocess.py:93} INFO - 	found org.apache.kafka#kafka-clients;3.4.1 in central
[2025-10-29T03:21:53.592+0700] {subprocess.py:93} INFO - 	found org.lz4#lz4-java;1.8.0 in central
[2025-10-29T03:21:53.609+0700] {subprocess.py:93} INFO - 	found org.xerial.snappy#snappy-java;1.1.10.3 in central
[2025-10-29T03:21:53.624+0700] {subprocess.py:93} INFO - 	found org.slf4j#slf4j-api;2.0.7 in central
[2025-10-29T03:21:53.642+0700] {subprocess.py:93} INFO - 	found org.apache.hadoop#hadoop-client-runtime;3.3.4 in central
[2025-10-29T03:21:53.662+0700] {subprocess.py:93} INFO - 	found org.apache.hadoop#hadoop-client-api;3.3.4 in central
[2025-10-29T03:21:53.683+0700] {subprocess.py:93} INFO - 	found commons-logging#commons-logging;1.1.3 in central
[2025-10-29T03:21:53.698+0700] {subprocess.py:93} INFO - 	found com.google.code.findbugs#jsr305;3.0.0 in central
[2025-10-29T03:21:53.711+0700] {subprocess.py:93} INFO - 	found org.apache.commons#commons-pool2;2.11.1 in central
[2025-10-29T03:21:53.721+0700] {subprocess.py:93} INFO - 	found org.postgresql#postgresql;42.6.0 in central
[2025-10-29T03:21:53.730+0700] {subprocess.py:93} INFO - 	found org.checkerframework#checker-qual;3.31.0 in central
[2025-10-29T03:21:53.749+0700] {subprocess.py:93} INFO - :: resolution report :: resolve 319ms :: artifacts dl 11ms
[2025-10-29T03:21:53.750+0700] {subprocess.py:93} INFO - 	:: modules in use:
[2025-10-29T03:21:53.750+0700] {subprocess.py:93} INFO - 	com.google.code.findbugs#jsr305;3.0.0 from central in [default]
[2025-10-29T03:21:53.750+0700] {subprocess.py:93} INFO - 	commons-logging#commons-logging;1.1.3 from central in [default]
[2025-10-29T03:21:53.750+0700] {subprocess.py:93} INFO - 	org.apache.commons#commons-pool2;2.11.1 from central in [default]
[2025-10-29T03:21:53.751+0700] {subprocess.py:93} INFO - 	org.apache.hadoop#hadoop-client-api;3.3.4 from central in [default]
[2025-10-29T03:21:53.751+0700] {subprocess.py:93} INFO - 	org.apache.hadoop#hadoop-client-runtime;3.3.4 from central in [default]
[2025-10-29T03:21:53.751+0700] {subprocess.py:93} INFO - 	org.apache.kafka#kafka-clients;3.4.1 from central in [default]
[2025-10-29T03:21:53.751+0700] {subprocess.py:93} INFO - 	org.apache.spark#spark-sql-kafka-0-10_2.12;3.5.1 from central in [default]
[2025-10-29T03:21:53.752+0700] {subprocess.py:93} INFO - 	org.apache.spark#spark-token-provider-kafka-0-10_2.12;3.5.1 from central in [default]
[2025-10-29T03:21:53.752+0700] {subprocess.py:93} INFO - 	org.checkerframework#checker-qual;3.31.0 from central in [default]
[2025-10-29T03:21:53.752+0700] {subprocess.py:93} INFO - 	org.lz4#lz4-java;1.8.0 from central in [default]
[2025-10-29T03:21:53.752+0700] {subprocess.py:93} INFO - 	org.postgresql#postgresql;42.6.0 from central in [default]
[2025-10-29T03:21:53.752+0700] {subprocess.py:93} INFO - 	org.slf4j#slf4j-api;2.0.7 from central in [default]
[2025-10-29T03:21:53.753+0700] {subprocess.py:93} INFO - 	org.xerial.snappy#snappy-java;1.1.10.3 from central in [default]
[2025-10-29T03:21:53.753+0700] {subprocess.py:93} INFO - 	---------------------------------------------------------------------
[2025-10-29T03:21:53.753+0700] {subprocess.py:93} INFO - 	|                  |            modules            ||   artifacts   |
[2025-10-29T03:21:53.753+0700] {subprocess.py:93} INFO - 	|       conf       | number| search|dwnlded|evicted|| number|dwnlded|
[2025-10-29T03:21:53.754+0700] {subprocess.py:93} INFO - 	---------------------------------------------------------------------
[2025-10-29T03:21:53.754+0700] {subprocess.py:93} INFO - 	|      default     |   13  |   0   |   0   |   0   ||   13  |   0   |
[2025-10-29T03:21:53.754+0700] {subprocess.py:93} INFO - 	---------------------------------------------------------------------
[2025-10-29T03:21:53.755+0700] {subprocess.py:93} INFO - :: retrieving :: org.apache.spark#spark-submit-parent-120d7509-fe3a-483d-a429-5e75a9628675
[2025-10-29T03:21:53.755+0700] {subprocess.py:93} INFO - 	confs: [default]
[2025-10-29T03:21:53.761+0700] {subprocess.py:93} INFO - 	0 artifacts copied, 13 already retrieved (0kB/7ms)
[2025-10-29T03:21:53.900+0700] {subprocess.py:93} INFO - 25/10/29 03:21:53 WARN NativeCodeLoader: Unable to load native-hadoop library for your platform... using builtin-java classes where applicable
[2025-10-29T03:21:57.015+0700] {subprocess.py:93} INFO - There was a problem when trying to write in your cache folder (/home/***/.cache/huggingface/hub). You should set the environment variable TRANSFORMERS_CACHE to a writable directory.
[2025-10-29T03:21:57.123+0700] {subprocess.py:93} INFO - 25/10/29 03:21:57 INFO SparkContext: Running Spark version 3.5.1
[2025-10-29T03:21:57.124+0700] {subprocess.py:93} INFO - 25/10/29 03:21:57 INFO SparkContext: OS info Linux, 6.14.0-33-generic, amd64
[2025-10-29T03:21:57.124+0700] {subprocess.py:93} INFO - 25/10/29 03:21:57 INFO SparkContext: Java version 17.0.17
[2025-10-29T03:21:57.136+0700] {subprocess.py:93} INFO - 25/10/29 03:21:57 INFO ResourceUtils: ==============================================================
[2025-10-29T03:21:57.137+0700] {subprocess.py:93} INFO - 25/10/29 03:21:57 INFO ResourceUtils: No custom resources configured for spark.driver.
[2025-10-29T03:21:57.137+0700] {subprocess.py:93} INFO - 25/10/29 03:21:57 INFO ResourceUtils: ==============================================================
[2025-10-29T03:21:57.137+0700] {subprocess.py:93} INFO - 25/10/29 03:21:57 INFO SparkContext: Submitted application: Kafka_ABSA_Postgres
[2025-10-29T03:21:57.149+0700] {subprocess.py:93} INFO - 25/10/29 03:21:57 INFO ResourceProfile: Default ResourceProfile created, executor resources: Map(cores -> name: cores, amount: 1, script: , vendor: , memory -> name: memory, amount: 1024, script: , vendor: , offHeap -> name: offHeap, amount: 0, script: , vendor: ), task resources: Map(cpus -> name: cpus, amount: 1.0)
[2025-10-29T03:21:57.154+0700] {subprocess.py:93} INFO - 25/10/29 03:21:57 INFO ResourceProfile: Limiting resource is cpu
[2025-10-29T03:21:57.154+0700] {subprocess.py:93} INFO - 25/10/29 03:21:57 INFO ResourceProfileManager: Added ResourceProfile id: 0
[2025-10-29T03:21:57.184+0700] {subprocess.py:93} INFO - 25/10/29 03:21:57 INFO SecurityManager: Changing view acls to: default
[2025-10-29T03:21:57.184+0700] {subprocess.py:93} INFO - 25/10/29 03:21:57 INFO SecurityManager: Changing modify acls to: default
[2025-10-29T03:21:57.185+0700] {subprocess.py:93} INFO - 25/10/29 03:21:57 INFO SecurityManager: Changing view acls groups to:
[2025-10-29T03:21:57.185+0700] {subprocess.py:93} INFO - 25/10/29 03:21:57 INFO SecurityManager: Changing modify acls groups to:
[2025-10-29T03:21:57.185+0700] {subprocess.py:93} INFO - 25/10/29 03:21:57 INFO SecurityManager: SecurityManager: authentication disabled; ui acls disabled; users with view permissions: default; groups with view permissions: EMPTY; users with modify permissions: default; groups with modify permissions: EMPTY
[2025-10-29T03:21:57.298+0700] {subprocess.py:93} INFO - 25/10/29 03:21:57 INFO Utils: Successfully started service 'sparkDriver' on port 42147.
[2025-10-29T03:21:57.319+0700] {subprocess.py:93} INFO - 25/10/29 03:21:57 INFO SparkEnv: Registering MapOutputTracker
[2025-10-29T03:21:57.337+0700] {subprocess.py:93} INFO - 25/10/29 03:21:57 INFO SparkEnv: Registering BlockManagerMaster
[2025-10-29T03:21:57.347+0700] {subprocess.py:93} INFO - 25/10/29 03:21:57 INFO BlockManagerMasterEndpoint: Using org.apache.spark.storage.DefaultTopologyMapper for getting topology information
[2025-10-29T03:21:57.347+0700] {subprocess.py:93} INFO - 25/10/29 03:21:57 INFO BlockManagerMasterEndpoint: BlockManagerMasterEndpoint up
[2025-10-29T03:21:57.349+0700] {subprocess.py:93} INFO - 25/10/29 03:21:57 INFO SparkEnv: Registering BlockManagerMasterHeartbeat
[2025-10-29T03:21:57.361+0700] {subprocess.py:93} INFO - 25/10/29 03:21:57 INFO DiskBlockManager: Created local directory at /tmp/blockmgr-00f585b8-ac6f-4f32-8a82-e50bdf5a13e5
[2025-10-29T03:21:57.369+0700] {subprocess.py:93} INFO - 25/10/29 03:21:57 INFO MemoryStore: MemoryStore started with capacity 434.4 MiB
[2025-10-29T03:21:57.377+0700] {subprocess.py:93} INFO - 25/10/29 03:21:57 INFO SparkEnv: Registering OutputCommitCoordinator
[2025-10-29T03:21:57.444+0700] {subprocess.py:93} INFO - 25/10/29 03:21:57 INFO JettyUtils: Start Jetty 0.0.0.0:4040 for SparkUI
[2025-10-29T03:21:57.476+0700] {subprocess.py:93} INFO - 25/10/29 03:21:57 INFO Utils: Successfully started service 'SparkUI' on port 4040.
[2025-10-29T03:21:57.500+0700] {subprocess.py:93} INFO - 25/10/29 03:21:57 INFO SparkContext: Added JAR file:///home/***/.ivy2/jars/org.apache.spark_spark-sql-kafka-0-10_2.12-3.5.1.jar at spark://dfeadd712fc3:42147/jars/org.apache.spark_spark-sql-kafka-0-10_2.12-3.5.1.jar with timestamp 1761682917119
[2025-10-29T03:21:57.501+0700] {subprocess.py:93} INFO - 25/10/29 03:21:57 INFO SparkContext: Added JAR file:///home/***/.ivy2/jars/org.postgresql_postgresql-42.6.0.jar at spark://dfeadd712fc3:42147/jars/org.postgresql_postgresql-42.6.0.jar with timestamp 1761682917119
[2025-10-29T03:21:57.501+0700] {subprocess.py:93} INFO - 25/10/29 03:21:57 INFO SparkContext: Added JAR file:///home/***/.ivy2/jars/org.apache.spark_spark-token-provider-kafka-0-10_2.12-3.5.1.jar at spark://dfeadd712fc3:42147/jars/org.apache.spark_spark-token-provider-kafka-0-10_2.12-3.5.1.jar with timestamp 1761682917119
[2025-10-29T03:21:57.501+0700] {subprocess.py:93} INFO - 25/10/29 03:21:57 INFO SparkContext: Added JAR file:///home/***/.ivy2/jars/org.apache.kafka_kafka-clients-3.4.1.jar at spark://dfeadd712fc3:42147/jars/org.apache.kafka_kafka-clients-3.4.1.jar with timestamp 1761682917119
[2025-10-29T03:21:57.502+0700] {subprocess.py:93} INFO - 25/10/29 03:21:57 INFO SparkContext: Added JAR file:///home/***/.ivy2/jars/com.google.code.findbugs_jsr305-3.0.0.jar at spark://dfeadd712fc3:42147/jars/com.google.code.findbugs_jsr305-3.0.0.jar with timestamp 1761682917119
[2025-10-29T03:21:57.502+0700] {subprocess.py:93} INFO - 25/10/29 03:21:57 INFO SparkContext: Added JAR file:///home/***/.ivy2/jars/org.apache.commons_commons-pool2-2.11.1.jar at spark://dfeadd712fc3:42147/jars/org.apache.commons_commons-pool2-2.11.1.jar with timestamp 1761682917119
[2025-10-29T03:21:57.502+0700] {subprocess.py:93} INFO - 25/10/29 03:21:57 INFO SparkContext: Added JAR file:///home/***/.ivy2/jars/org.apache.hadoop_hadoop-client-runtime-3.3.4.jar at spark://dfeadd712fc3:42147/jars/org.apache.hadoop_hadoop-client-runtime-3.3.4.jar with timestamp 1761682917119
[2025-10-29T03:21:57.502+0700] {subprocess.py:93} INFO - 25/10/29 03:21:57 INFO SparkContext: Added JAR file:///home/***/.ivy2/jars/org.lz4_lz4-java-1.8.0.jar at spark://dfeadd712fc3:42147/jars/org.lz4_lz4-java-1.8.0.jar with timestamp 1761682917119
[2025-10-29T03:21:57.503+0700] {subprocess.py:93} INFO - 25/10/29 03:21:57 INFO SparkContext: Added JAR file:///home/***/.ivy2/jars/org.xerial.snappy_snappy-java-1.1.10.3.jar at spark://dfeadd712fc3:42147/jars/org.xerial.snappy_snappy-java-1.1.10.3.jar with timestamp 1761682917119
[2025-10-29T03:21:57.503+0700] {subprocess.py:93} INFO - 25/10/29 03:21:57 INFO SparkContext: Added JAR file:///home/***/.ivy2/jars/org.slf4j_slf4j-api-2.0.7.jar at spark://dfeadd712fc3:42147/jars/org.slf4j_slf4j-api-2.0.7.jar with timestamp 1761682917119
[2025-10-29T03:21:57.503+0700] {subprocess.py:93} INFO - 25/10/29 03:21:57 INFO SparkContext: Added JAR file:///home/***/.ivy2/jars/org.apache.hadoop_hadoop-client-api-3.3.4.jar at spark://dfeadd712fc3:42147/jars/org.apache.hadoop_hadoop-client-api-3.3.4.jar with timestamp 1761682917119
[2025-10-29T03:21:57.503+0700] {subprocess.py:93} INFO - 25/10/29 03:21:57 INFO SparkContext: Added JAR file:///home/***/.ivy2/jars/commons-logging_commons-logging-1.1.3.jar at spark://dfeadd712fc3:42147/jars/commons-logging_commons-logging-1.1.3.jar with timestamp 1761682917119
[2025-10-29T03:21:57.504+0700] {subprocess.py:93} INFO - 25/10/29 03:21:57 INFO SparkContext: Added JAR file:///home/***/.ivy2/jars/org.checkerframework_checker-qual-3.31.0.jar at spark://dfeadd712fc3:42147/jars/org.checkerframework_checker-qual-3.31.0.jar with timestamp 1761682917119
[2025-10-29T03:21:57.504+0700] {subprocess.py:93} INFO - 25/10/29 03:21:57 INFO SparkContext: Added file file:///home/***/.ivy2/jars/org.apache.spark_spark-sql-kafka-0-10_2.12-3.5.1.jar at file:///home/***/.ivy2/jars/org.apache.spark_spark-sql-kafka-0-10_2.12-3.5.1.jar with timestamp 1761682917119
[2025-10-29T03:21:57.504+0700] {subprocess.py:93} INFO - 25/10/29 03:21:57 INFO Utils: Copying /home/***/.ivy2/jars/org.apache.spark_spark-sql-kafka-0-10_2.12-3.5.1.jar to /tmp/spark-ea43a238-c382-42e4-ada2-ed14dd0ce26d/userFiles-5452318e-5efd-416a-b8eb-fc688fbbaa35/org.apache.spark_spark-sql-kafka-0-10_2.12-3.5.1.jar
[2025-10-29T03:21:57.512+0700] {subprocess.py:93} INFO - 25/10/29 03:21:57 INFO SparkContext: Added file file:///home/***/.ivy2/jars/org.postgresql_postgresql-42.6.0.jar at file:///home/***/.ivy2/jars/org.postgresql_postgresql-42.6.0.jar with timestamp 1761682917119
[2025-10-29T03:21:57.512+0700] {subprocess.py:93} INFO - 25/10/29 03:21:57 INFO Utils: Copying /home/***/.ivy2/jars/org.postgresql_postgresql-42.6.0.jar to /tmp/spark-ea43a238-c382-42e4-ada2-ed14dd0ce26d/userFiles-5452318e-5efd-416a-b8eb-fc688fbbaa35/org.postgresql_postgresql-42.6.0.jar
[2025-10-29T03:21:57.516+0700] {subprocess.py:93} INFO - 25/10/29 03:21:57 INFO SparkContext: Added file file:///home/***/.ivy2/jars/org.apache.spark_spark-token-provider-kafka-0-10_2.12-3.5.1.jar at file:///home/***/.ivy2/jars/org.apache.spark_spark-token-provider-kafka-0-10_2.12-3.5.1.jar with timestamp 1761682917119
[2025-10-29T03:21:57.516+0700] {subprocess.py:93} INFO - 25/10/29 03:21:57 INFO Utils: Copying /home/***/.ivy2/jars/org.apache.spark_spark-token-provider-kafka-0-10_2.12-3.5.1.jar to /tmp/spark-ea43a238-c382-42e4-ada2-ed14dd0ce26d/userFiles-5452318e-5efd-416a-b8eb-fc688fbbaa35/org.apache.spark_spark-token-provider-kafka-0-10_2.12-3.5.1.jar
[2025-10-29T03:21:57.519+0700] {subprocess.py:93} INFO - 25/10/29 03:21:57 INFO SparkContext: Added file file:///home/***/.ivy2/jars/org.apache.kafka_kafka-clients-3.4.1.jar at file:///home/***/.ivy2/jars/org.apache.kafka_kafka-clients-3.4.1.jar with timestamp 1761682917119
[2025-10-29T03:21:57.519+0700] {subprocess.py:93} INFO - 25/10/29 03:21:57 INFO Utils: Copying /home/***/.ivy2/jars/org.apache.kafka_kafka-clients-3.4.1.jar to /tmp/spark-ea43a238-c382-42e4-ada2-ed14dd0ce26d/userFiles-5452318e-5efd-416a-b8eb-fc688fbbaa35/org.apache.kafka_kafka-clients-3.4.1.jar
[2025-10-29T03:21:57.524+0700] {subprocess.py:93} INFO - 25/10/29 03:21:57 INFO SparkContext: Added file file:///home/***/.ivy2/jars/com.google.code.findbugs_jsr305-3.0.0.jar at file:///home/***/.ivy2/jars/com.google.code.findbugs_jsr305-3.0.0.jar with timestamp 1761682917119
[2025-10-29T03:21:57.525+0700] {subprocess.py:93} INFO - 25/10/29 03:21:57 INFO Utils: Copying /home/***/.ivy2/jars/com.google.code.findbugs_jsr305-3.0.0.jar to /tmp/spark-ea43a238-c382-42e4-ada2-ed14dd0ce26d/userFiles-5452318e-5efd-416a-b8eb-fc688fbbaa35/com.google.code.findbugs_jsr305-3.0.0.jar
[2025-10-29T03:21:57.528+0700] {subprocess.py:93} INFO - 25/10/29 03:21:57 INFO SparkContext: Added file file:///home/***/.ivy2/jars/org.apache.commons_commons-pool2-2.11.1.jar at file:///home/***/.ivy2/jars/org.apache.commons_commons-pool2-2.11.1.jar with timestamp 1761682917119
[2025-10-29T03:21:57.529+0700] {subprocess.py:93} INFO - 25/10/29 03:21:57 INFO Utils: Copying /home/***/.ivy2/jars/org.apache.commons_commons-pool2-2.11.1.jar to /tmp/spark-ea43a238-c382-42e4-ada2-ed14dd0ce26d/userFiles-5452318e-5efd-416a-b8eb-fc688fbbaa35/org.apache.commons_commons-pool2-2.11.1.jar
[2025-10-29T03:21:57.532+0700] {subprocess.py:93} INFO - 25/10/29 03:21:57 INFO SparkContext: Added file file:///home/***/.ivy2/jars/org.apache.hadoop_hadoop-client-runtime-3.3.4.jar at file:///home/***/.ivy2/jars/org.apache.hadoop_hadoop-client-runtime-3.3.4.jar with timestamp 1761682917119
[2025-10-29T03:21:57.532+0700] {subprocess.py:93} INFO - 25/10/29 03:21:57 INFO Utils: Copying /home/***/.ivy2/jars/org.apache.hadoop_hadoop-client-runtime-3.3.4.jar to /tmp/spark-ea43a238-c382-42e4-ada2-ed14dd0ce26d/userFiles-5452318e-5efd-416a-b8eb-fc688fbbaa35/org.apache.hadoop_hadoop-client-runtime-3.3.4.jar
[2025-10-29T03:21:57.549+0700] {subprocess.py:93} INFO - 25/10/29 03:21:57 INFO SparkContext: Added file file:///home/***/.ivy2/jars/org.lz4_lz4-java-1.8.0.jar at file:///home/***/.ivy2/jars/org.lz4_lz4-java-1.8.0.jar with timestamp 1761682917119
[2025-10-29T03:21:57.550+0700] {subprocess.py:93} INFO - 25/10/29 03:21:57 INFO Utils: Copying /home/***/.ivy2/jars/org.lz4_lz4-java-1.8.0.jar to /tmp/spark-ea43a238-c382-42e4-ada2-ed14dd0ce26d/userFiles-5452318e-5efd-416a-b8eb-fc688fbbaa35/org.lz4_lz4-java-1.8.0.jar
[2025-10-29T03:21:57.553+0700] {subprocess.py:93} INFO - 25/10/29 03:21:57 INFO SparkContext: Added file file:///home/***/.ivy2/jars/org.xerial.snappy_snappy-java-1.1.10.3.jar at file:///home/***/.ivy2/jars/org.xerial.snappy_snappy-java-1.1.10.3.jar with timestamp 1761682917119
[2025-10-29T03:21:57.554+0700] {subprocess.py:93} INFO - 25/10/29 03:21:57 INFO Utils: Copying /home/***/.ivy2/jars/org.xerial.snappy_snappy-java-1.1.10.3.jar to /tmp/spark-ea43a238-c382-42e4-ada2-ed14dd0ce26d/userFiles-5452318e-5efd-416a-b8eb-fc688fbbaa35/org.xerial.snappy_snappy-java-1.1.10.3.jar
[2025-10-29T03:21:57.557+0700] {subprocess.py:93} INFO - 25/10/29 03:21:57 INFO SparkContext: Added file file:///home/***/.ivy2/jars/org.slf4j_slf4j-api-2.0.7.jar at file:///home/***/.ivy2/jars/org.slf4j_slf4j-api-2.0.7.jar with timestamp 1761682917119
[2025-10-29T03:21:57.558+0700] {subprocess.py:93} INFO - 25/10/29 03:21:57 INFO Utils: Copying /home/***/.ivy2/jars/org.slf4j_slf4j-api-2.0.7.jar to /tmp/spark-ea43a238-c382-42e4-ada2-ed14dd0ce26d/userFiles-5452318e-5efd-416a-b8eb-fc688fbbaa35/org.slf4j_slf4j-api-2.0.7.jar
[2025-10-29T03:21:57.561+0700] {subprocess.py:93} INFO - 25/10/29 03:21:57 INFO SparkContext: Added file file:///home/***/.ivy2/jars/org.apache.hadoop_hadoop-client-api-3.3.4.jar at file:///home/***/.ivy2/jars/org.apache.hadoop_hadoop-client-api-3.3.4.jar with timestamp 1761682917119
[2025-10-29T03:21:57.561+0700] {subprocess.py:93} INFO - 25/10/29 03:21:57 INFO Utils: Copying /home/***/.ivy2/jars/org.apache.hadoop_hadoop-client-api-3.3.4.jar to /tmp/spark-ea43a238-c382-42e4-ada2-ed14dd0ce26d/userFiles-5452318e-5efd-416a-b8eb-fc688fbbaa35/org.apache.hadoop_hadoop-client-api-3.3.4.jar
[2025-10-29T03:21:57.572+0700] {subprocess.py:93} INFO - 25/10/29 03:21:57 INFO SparkContext: Added file file:///home/***/.ivy2/jars/commons-logging_commons-logging-1.1.3.jar at file:///home/***/.ivy2/jars/commons-logging_commons-logging-1.1.3.jar with timestamp 1761682917119
[2025-10-29T03:21:57.572+0700] {subprocess.py:93} INFO - 25/10/29 03:21:57 INFO Utils: Copying /home/***/.ivy2/jars/commons-logging_commons-logging-1.1.3.jar to /tmp/spark-ea43a238-c382-42e4-ada2-ed14dd0ce26d/userFiles-5452318e-5efd-416a-b8eb-fc688fbbaa35/commons-logging_commons-logging-1.1.3.jar
[2025-10-29T03:21:57.575+0700] {subprocess.py:93} INFO - 25/10/29 03:21:57 INFO SparkContext: Added file file:///home/***/.ivy2/jars/org.checkerframework_checker-qual-3.31.0.jar at file:///home/***/.ivy2/jars/org.checkerframework_checker-qual-3.31.0.jar with timestamp 1761682917119
[2025-10-29T03:21:57.575+0700] {subprocess.py:93} INFO - 25/10/29 03:21:57 INFO Utils: Copying /home/***/.ivy2/jars/org.checkerframework_checker-qual-3.31.0.jar to /tmp/spark-ea43a238-c382-42e4-ada2-ed14dd0ce26d/userFiles-5452318e-5efd-416a-b8eb-fc688fbbaa35/org.checkerframework_checker-qual-3.31.0.jar
[2025-10-29T03:21:57.607+0700] {subprocess.py:93} INFO - 25/10/29 03:21:57 INFO Executor: Starting executor ID driver on host dfeadd712fc3
[2025-10-29T03:21:57.607+0700] {subprocess.py:93} INFO - 25/10/29 03:21:57 INFO Executor: OS info Linux, 6.14.0-33-generic, amd64
[2025-10-29T03:21:57.607+0700] {subprocess.py:93} INFO - 25/10/29 03:21:57 INFO Executor: Java version 17.0.17
[2025-10-29T03:21:57.610+0700] {subprocess.py:93} INFO - 25/10/29 03:21:57 INFO Executor: Starting executor with user classpath (userClassPathFirst = false): ''
[2025-10-29T03:21:57.610+0700] {subprocess.py:93} INFO - 25/10/29 03:21:57 INFO Executor: Created or updated repl class loader org.apache.spark.util.MutableURLClassLoader@1742ffe5 for default.
[2025-10-29T03:21:57.615+0700] {subprocess.py:93} INFO - 25/10/29 03:21:57 INFO Executor: Fetching file:///home/***/.ivy2/jars/org.apache.spark_spark-sql-kafka-0-10_2.12-3.5.1.jar with timestamp 1761682917119
[2025-10-29T03:21:57.627+0700] {subprocess.py:93} INFO - 25/10/29 03:21:57 INFO Utils: /home/***/.ivy2/jars/org.apache.spark_spark-sql-kafka-0-10_2.12-3.5.1.jar has been previously copied to /tmp/spark-ea43a238-c382-42e4-ada2-ed14dd0ce26d/userFiles-5452318e-5efd-416a-b8eb-fc688fbbaa35/org.apache.spark_spark-sql-kafka-0-10_2.12-3.5.1.jar
[2025-10-29T03:21:57.630+0700] {subprocess.py:93} INFO - 25/10/29 03:21:57 INFO Executor: Fetching file:///home/***/.ivy2/jars/org.apache.hadoop_hadoop-client-runtime-3.3.4.jar with timestamp 1761682917119
[2025-10-29T03:21:57.645+0700] {subprocess.py:93} INFO - 25/10/29 03:21:57 INFO Utils: /home/***/.ivy2/jars/org.apache.hadoop_hadoop-client-runtime-3.3.4.jar has been previously copied to /tmp/spark-ea43a238-c382-42e4-ada2-ed14dd0ce26d/userFiles-5452318e-5efd-416a-b8eb-fc688fbbaa35/org.apache.hadoop_hadoop-client-runtime-3.3.4.jar
[2025-10-29T03:21:57.647+0700] {subprocess.py:93} INFO - 25/10/29 03:21:57 INFO Executor: Fetching file:///home/***/.ivy2/jars/org.apache.hadoop_hadoop-client-api-3.3.4.jar with timestamp 1761682917119
[2025-10-29T03:21:57.657+0700] {subprocess.py:93} INFO - 25/10/29 03:21:57 INFO Utils: /home/***/.ivy2/jars/org.apache.hadoop_hadoop-client-api-3.3.4.jar has been previously copied to /tmp/spark-ea43a238-c382-42e4-ada2-ed14dd0ce26d/userFiles-5452318e-5efd-416a-b8eb-fc688fbbaa35/org.apache.hadoop_hadoop-client-api-3.3.4.jar
[2025-10-29T03:21:57.659+0700] {subprocess.py:93} INFO - 25/10/29 03:21:57 INFO Executor: Fetching file:///home/***/.ivy2/jars/org.apache.spark_spark-token-provider-kafka-0-10_2.12-3.5.1.jar with timestamp 1761682917119
[2025-10-29T03:21:57.659+0700] {subprocess.py:93} INFO - 25/10/29 03:21:57 INFO Utils: /home/***/.ivy2/jars/org.apache.spark_spark-token-provider-kafka-0-10_2.12-3.5.1.jar has been previously copied to /tmp/spark-ea43a238-c382-42e4-ada2-ed14dd0ce26d/userFiles-5452318e-5efd-416a-b8eb-fc688fbbaa35/org.apache.spark_spark-token-provider-kafka-0-10_2.12-3.5.1.jar
[2025-10-29T03:21:57.661+0700] {subprocess.py:93} INFO - 25/10/29 03:21:57 INFO Executor: Fetching file:///home/***/.ivy2/jars/com.google.code.findbugs_jsr305-3.0.0.jar with timestamp 1761682917119
[2025-10-29T03:21:57.662+0700] {subprocess.py:93} INFO - 25/10/29 03:21:57 INFO Utils: /home/***/.ivy2/jars/com.google.code.findbugs_jsr305-3.0.0.jar has been previously copied to /tmp/spark-ea43a238-c382-42e4-ada2-ed14dd0ce26d/userFiles-5452318e-5efd-416a-b8eb-fc688fbbaa35/com.google.code.findbugs_jsr305-3.0.0.jar
[2025-10-29T03:21:57.664+0700] {subprocess.py:93} INFO - 25/10/29 03:21:57 INFO Executor: Fetching file:///home/***/.ivy2/jars/org.lz4_lz4-java-1.8.0.jar with timestamp 1761682917119
[2025-10-29T03:21:57.664+0700] {subprocess.py:93} INFO - 25/10/29 03:21:57 INFO Utils: /home/***/.ivy2/jars/org.lz4_lz4-java-1.8.0.jar has been previously copied to /tmp/spark-ea43a238-c382-42e4-ada2-ed14dd0ce26d/userFiles-5452318e-5efd-416a-b8eb-fc688fbbaa35/org.lz4_lz4-java-1.8.0.jar
[2025-10-29T03:21:57.666+0700] {subprocess.py:93} INFO - 25/10/29 03:21:57 INFO Executor: Fetching file:///home/***/.ivy2/jars/org.slf4j_slf4j-api-2.0.7.jar with timestamp 1761682917119
[2025-10-29T03:21:57.666+0700] {subprocess.py:93} INFO - 25/10/29 03:21:57 INFO Utils: /home/***/.ivy2/jars/org.slf4j_slf4j-api-2.0.7.jar has been previously copied to /tmp/spark-ea43a238-c382-42e4-ada2-ed14dd0ce26d/userFiles-5452318e-5efd-416a-b8eb-fc688fbbaa35/org.slf4j_slf4j-api-2.0.7.jar
[2025-10-29T03:21:57.668+0700] {subprocess.py:93} INFO - 25/10/29 03:21:57 INFO Executor: Fetching file:///home/***/.ivy2/jars/org.checkerframework_checker-qual-3.31.0.jar with timestamp 1761682917119
[2025-10-29T03:21:57.669+0700] {subprocess.py:93} INFO - 25/10/29 03:21:57 INFO Utils: /home/***/.ivy2/jars/org.checkerframework_checker-qual-3.31.0.jar has been previously copied to /tmp/spark-ea43a238-c382-42e4-ada2-ed14dd0ce26d/userFiles-5452318e-5efd-416a-b8eb-fc688fbbaa35/org.checkerframework_checker-qual-3.31.0.jar
[2025-10-29T03:21:57.671+0700] {subprocess.py:93} INFO - 25/10/29 03:21:57 INFO Executor: Fetching file:///home/***/.ivy2/jars/org.apache.commons_commons-pool2-2.11.1.jar with timestamp 1761682917119
[2025-10-29T03:21:57.671+0700] {subprocess.py:93} INFO - 25/10/29 03:21:57 INFO Utils: /home/***/.ivy2/jars/org.apache.commons_commons-pool2-2.11.1.jar has been previously copied to /tmp/spark-ea43a238-c382-42e4-ada2-ed14dd0ce26d/userFiles-5452318e-5efd-416a-b8eb-fc688fbbaa35/org.apache.commons_commons-pool2-2.11.1.jar
[2025-10-29T03:21:57.673+0700] {subprocess.py:93} INFO - 25/10/29 03:21:57 INFO Executor: Fetching file:///home/***/.ivy2/jars/commons-logging_commons-logging-1.1.3.jar with timestamp 1761682917119
[2025-10-29T03:21:57.673+0700] {subprocess.py:93} INFO - 25/10/29 03:21:57 INFO Utils: /home/***/.ivy2/jars/commons-logging_commons-logging-1.1.3.jar has been previously copied to /tmp/spark-ea43a238-c382-42e4-ada2-ed14dd0ce26d/userFiles-5452318e-5efd-416a-b8eb-fc688fbbaa35/commons-logging_commons-logging-1.1.3.jar
[2025-10-29T03:21:57.675+0700] {subprocess.py:93} INFO - 25/10/29 03:21:57 INFO Executor: Fetching file:///home/***/.ivy2/jars/org.xerial.snappy_snappy-java-1.1.10.3.jar with timestamp 1761682917119
[2025-10-29T03:21:57.676+0700] {subprocess.py:93} INFO - 25/10/29 03:21:57 INFO Utils: /home/***/.ivy2/jars/org.xerial.snappy_snappy-java-1.1.10.3.jar has been previously copied to /tmp/spark-ea43a238-c382-42e4-ada2-ed14dd0ce26d/userFiles-5452318e-5efd-416a-b8eb-fc688fbbaa35/org.xerial.snappy_snappy-java-1.1.10.3.jar
[2025-10-29T03:21:57.678+0700] {subprocess.py:93} INFO - 25/10/29 03:21:57 INFO Executor: Fetching file:///home/***/.ivy2/jars/org.postgresql_postgresql-42.6.0.jar with timestamp 1761682917119
[2025-10-29T03:21:57.679+0700] {subprocess.py:93} INFO - 25/10/29 03:21:57 INFO Utils: /home/***/.ivy2/jars/org.postgresql_postgresql-42.6.0.jar has been previously copied to /tmp/spark-ea43a238-c382-42e4-ada2-ed14dd0ce26d/userFiles-5452318e-5efd-416a-b8eb-fc688fbbaa35/org.postgresql_postgresql-42.6.0.jar
[2025-10-29T03:21:57.681+0700] {subprocess.py:93} INFO - 25/10/29 03:21:57 INFO Executor: Fetching file:///home/***/.ivy2/jars/org.apache.kafka_kafka-clients-3.4.1.jar with timestamp 1761682917119
[2025-10-29T03:21:57.684+0700] {subprocess.py:93} INFO - 25/10/29 03:21:57 INFO Utils: /home/***/.ivy2/jars/org.apache.kafka_kafka-clients-3.4.1.jar has been previously copied to /tmp/spark-ea43a238-c382-42e4-ada2-ed14dd0ce26d/userFiles-5452318e-5efd-416a-b8eb-fc688fbbaa35/org.apache.kafka_kafka-clients-3.4.1.jar
[2025-10-29T03:21:57.687+0700] {subprocess.py:93} INFO - 25/10/29 03:21:57 INFO Executor: Fetching spark://dfeadd712fc3:42147/jars/org.apache.hadoop_hadoop-client-runtime-3.3.4.jar with timestamp 1761682917119
[2025-10-29T03:21:57.704+0700] {subprocess.py:93} INFO - 25/10/29 03:21:57 INFO TransportClientFactory: Successfully created connection to dfeadd712fc3/172.18.0.6:42147 after 11 ms (0 ms spent in bootstraps)
[2025-10-29T03:21:57.706+0700] {subprocess.py:93} INFO - 25/10/29 03:21:57 INFO Utils: Fetching spark://dfeadd712fc3:42147/jars/org.apache.hadoop_hadoop-client-runtime-3.3.4.jar to /tmp/spark-ea43a238-c382-42e4-ada2-ed14dd0ce26d/userFiles-5452318e-5efd-416a-b8eb-fc688fbbaa35/fetchFileTemp10033088949662404454.tmp
[2025-10-29T03:21:57.833+0700] {subprocess.py:93} INFO - 25/10/29 03:21:57 INFO Utils: /tmp/spark-ea43a238-c382-42e4-ada2-ed14dd0ce26d/userFiles-5452318e-5efd-416a-b8eb-fc688fbbaa35/fetchFileTemp10033088949662404454.tmp has been previously copied to /tmp/spark-ea43a238-c382-42e4-ada2-ed14dd0ce26d/userFiles-5452318e-5efd-416a-b8eb-fc688fbbaa35/org.apache.hadoop_hadoop-client-runtime-3.3.4.jar
[2025-10-29T03:21:57.838+0700] {subprocess.py:93} INFO - 25/10/29 03:21:57 INFO Executor: Adding file:/tmp/spark-ea43a238-c382-42e4-ada2-ed14dd0ce26d/userFiles-5452318e-5efd-416a-b8eb-fc688fbbaa35/org.apache.hadoop_hadoop-client-runtime-3.3.4.jar to class loader default
[2025-10-29T03:21:57.838+0700] {subprocess.py:93} INFO - 25/10/29 03:21:57 INFO Executor: Fetching spark://dfeadd712fc3:42147/jars/org.lz4_lz4-java-1.8.0.jar with timestamp 1761682917119
[2025-10-29T03:21:57.838+0700] {subprocess.py:93} INFO - 25/10/29 03:21:57 INFO Utils: Fetching spark://dfeadd712fc3:42147/jars/org.lz4_lz4-java-1.8.0.jar to /tmp/spark-ea43a238-c382-42e4-ada2-ed14dd0ce26d/userFiles-5452318e-5efd-416a-b8eb-fc688fbbaa35/fetchFileTemp15320750223526191488.tmp
[2025-10-29T03:21:57.840+0700] {subprocess.py:93} INFO - 25/10/29 03:21:57 INFO Utils: /tmp/spark-ea43a238-c382-42e4-ada2-ed14dd0ce26d/userFiles-5452318e-5efd-416a-b8eb-fc688fbbaa35/fetchFileTemp15320750223526191488.tmp has been previously copied to /tmp/spark-ea43a238-c382-42e4-ada2-ed14dd0ce26d/userFiles-5452318e-5efd-416a-b8eb-fc688fbbaa35/org.lz4_lz4-java-1.8.0.jar
[2025-10-29T03:21:57.843+0700] {subprocess.py:93} INFO - 25/10/29 03:21:57 INFO Executor: Adding file:/tmp/spark-ea43a238-c382-42e4-ada2-ed14dd0ce26d/userFiles-5452318e-5efd-416a-b8eb-fc688fbbaa35/org.lz4_lz4-java-1.8.0.jar to class loader default
[2025-10-29T03:21:57.844+0700] {subprocess.py:93} INFO - 25/10/29 03:21:57 INFO Executor: Fetching spark://dfeadd712fc3:42147/jars/org.apache.spark_spark-token-provider-kafka-0-10_2.12-3.5.1.jar with timestamp 1761682917119
[2025-10-29T03:21:57.844+0700] {subprocess.py:93} INFO - 25/10/29 03:21:57 INFO Utils: Fetching spark://dfeadd712fc3:42147/jars/org.apache.spark_spark-token-provider-kafka-0-10_2.12-3.5.1.jar to /tmp/spark-ea43a238-c382-42e4-ada2-ed14dd0ce26d/userFiles-5452318e-5efd-416a-b8eb-fc688fbbaa35/fetchFileTemp3920237270001413782.tmp
[2025-10-29T03:21:57.844+0700] {subprocess.py:93} INFO - 25/10/29 03:21:57 INFO Utils: /tmp/spark-ea43a238-c382-42e4-ada2-ed14dd0ce26d/userFiles-5452318e-5efd-416a-b8eb-fc688fbbaa35/fetchFileTemp3920237270001413782.tmp has been previously copied to /tmp/spark-ea43a238-c382-42e4-ada2-ed14dd0ce26d/userFiles-5452318e-5efd-416a-b8eb-fc688fbbaa35/org.apache.spark_spark-token-provider-kafka-0-10_2.12-3.5.1.jar
[2025-10-29T03:21:57.847+0700] {subprocess.py:93} INFO - 25/10/29 03:21:57 INFO Executor: Adding file:/tmp/spark-ea43a238-c382-42e4-ada2-ed14dd0ce26d/userFiles-5452318e-5efd-416a-b8eb-fc688fbbaa35/org.apache.spark_spark-token-provider-kafka-0-10_2.12-3.5.1.jar to class loader default
[2025-10-29T03:21:57.847+0700] {subprocess.py:93} INFO - 25/10/29 03:21:57 INFO Executor: Fetching spark://dfeadd712fc3:42147/jars/org.checkerframework_checker-qual-3.31.0.jar with timestamp 1761682917119
[2025-10-29T03:21:57.847+0700] {subprocess.py:93} INFO - 25/10/29 03:21:57 INFO Utils: Fetching spark://dfeadd712fc3:42147/jars/org.checkerframework_checker-qual-3.31.0.jar to /tmp/spark-ea43a238-c382-42e4-ada2-ed14dd0ce26d/userFiles-5452318e-5efd-416a-b8eb-fc688fbbaa35/fetchFileTemp5706011068878703189.tmp
[2025-10-29T03:21:57.848+0700] {subprocess.py:93} INFO - 25/10/29 03:21:57 INFO Utils: /tmp/spark-ea43a238-c382-42e4-ada2-ed14dd0ce26d/userFiles-5452318e-5efd-416a-b8eb-fc688fbbaa35/fetchFileTemp5706011068878703189.tmp has been previously copied to /tmp/spark-ea43a238-c382-42e4-ada2-ed14dd0ce26d/userFiles-5452318e-5efd-416a-b8eb-fc688fbbaa35/org.checkerframework_checker-qual-3.31.0.jar
[2025-10-29T03:21:57.850+0700] {subprocess.py:93} INFO - 25/10/29 03:21:57 INFO Executor: Adding file:/tmp/spark-ea43a238-c382-42e4-ada2-ed14dd0ce26d/userFiles-5452318e-5efd-416a-b8eb-fc688fbbaa35/org.checkerframework_checker-qual-3.31.0.jar to class loader default
[2025-10-29T03:21:57.850+0700] {subprocess.py:93} INFO - 25/10/29 03:21:57 INFO Executor: Fetching spark://dfeadd712fc3:42147/jars/org.apache.commons_commons-pool2-2.11.1.jar with timestamp 1761682917119
[2025-10-29T03:21:57.850+0700] {subprocess.py:93} INFO - 25/10/29 03:21:57 INFO Utils: Fetching spark://dfeadd712fc3:42147/jars/org.apache.commons_commons-pool2-2.11.1.jar to /tmp/spark-ea43a238-c382-42e4-ada2-ed14dd0ce26d/userFiles-5452318e-5efd-416a-b8eb-fc688fbbaa35/fetchFileTemp14539766291562638292.tmp
[2025-10-29T03:21:57.851+0700] {subprocess.py:93} INFO - 25/10/29 03:21:57 INFO Utils: /tmp/spark-ea43a238-c382-42e4-ada2-ed14dd0ce26d/userFiles-5452318e-5efd-416a-b8eb-fc688fbbaa35/fetchFileTemp14539766291562638292.tmp has been previously copied to /tmp/spark-ea43a238-c382-42e4-ada2-ed14dd0ce26d/userFiles-5452318e-5efd-416a-b8eb-fc688fbbaa35/org.apache.commons_commons-pool2-2.11.1.jar
[2025-10-29T03:21:57.853+0700] {subprocess.py:93} INFO - 25/10/29 03:21:57 INFO Executor: Adding file:/tmp/spark-ea43a238-c382-42e4-ada2-ed14dd0ce26d/userFiles-5452318e-5efd-416a-b8eb-fc688fbbaa35/org.apache.commons_commons-pool2-2.11.1.jar to class loader default
[2025-10-29T03:21:57.853+0700] {subprocess.py:93} INFO - 25/10/29 03:21:57 INFO Executor: Fetching spark://dfeadd712fc3:42147/jars/org.xerial.snappy_snappy-java-1.1.10.3.jar with timestamp 1761682917119
[2025-10-29T03:21:57.854+0700] {subprocess.py:93} INFO - 25/10/29 03:21:57 INFO Utils: Fetching spark://dfeadd712fc3:42147/jars/org.xerial.snappy_snappy-java-1.1.10.3.jar to /tmp/spark-ea43a238-c382-42e4-ada2-ed14dd0ce26d/userFiles-5452318e-5efd-416a-b8eb-fc688fbbaa35/fetchFileTemp1323158113172566755.tmp
[2025-10-29T03:21:57.857+0700] {subprocess.py:93} INFO - 25/10/29 03:21:57 INFO Utils: /tmp/spark-ea43a238-c382-42e4-ada2-ed14dd0ce26d/userFiles-5452318e-5efd-416a-b8eb-fc688fbbaa35/fetchFileTemp1323158113172566755.tmp has been previously copied to /tmp/spark-ea43a238-c382-42e4-ada2-ed14dd0ce26d/userFiles-5452318e-5efd-416a-b8eb-fc688fbbaa35/org.xerial.snappy_snappy-java-1.1.10.3.jar
[2025-10-29T03:21:57.934+0700] {subprocess.py:93} INFO - 25/10/29 03:21:57 INFO Executor: Adding file:/tmp/spark-ea43a238-c382-42e4-ada2-ed14dd0ce26d/userFiles-5452318e-5efd-416a-b8eb-fc688fbbaa35/org.xerial.snappy_snappy-java-1.1.10.3.jar to class loader default
[2025-10-29T03:21:57.934+0700] {subprocess.py:93} INFO - 25/10/29 03:21:57 INFO Executor: Fetching spark://dfeadd712fc3:42147/jars/commons-logging_commons-logging-1.1.3.jar with timestamp 1761682917119
[2025-10-29T03:21:57.935+0700] {subprocess.py:93} INFO - 25/10/29 03:21:57 INFO Utils: Fetching spark://dfeadd712fc3:42147/jars/commons-logging_commons-logging-1.1.3.jar to /tmp/spark-ea43a238-c382-42e4-ada2-ed14dd0ce26d/userFiles-5452318e-5efd-416a-b8eb-fc688fbbaa35/fetchFileTemp10487213999410982851.tmp
[2025-10-29T03:21:57.936+0700] {subprocess.py:93} INFO - 25/10/29 03:21:57 INFO Utils: /tmp/spark-ea43a238-c382-42e4-ada2-ed14dd0ce26d/userFiles-5452318e-5efd-416a-b8eb-fc688fbbaa35/fetchFileTemp10487213999410982851.tmp has been previously copied to /tmp/spark-ea43a238-c382-42e4-ada2-ed14dd0ce26d/userFiles-5452318e-5efd-416a-b8eb-fc688fbbaa35/commons-logging_commons-logging-1.1.3.jar
[2025-10-29T03:21:57.938+0700] {subprocess.py:93} INFO - 25/10/29 03:21:57 INFO Executor: Adding file:/tmp/spark-ea43a238-c382-42e4-ada2-ed14dd0ce26d/userFiles-5452318e-5efd-416a-b8eb-fc688fbbaa35/commons-logging_commons-logging-1.1.3.jar to class loader default
[2025-10-29T03:21:57.938+0700] {subprocess.py:93} INFO - 25/10/29 03:21:57 INFO Executor: Fetching spark://dfeadd712fc3:42147/jars/org.slf4j_slf4j-api-2.0.7.jar with timestamp 1761682917119
[2025-10-29T03:21:57.939+0700] {subprocess.py:93} INFO - 25/10/29 03:21:57 INFO Utils: Fetching spark://dfeadd712fc3:42147/jars/org.slf4j_slf4j-api-2.0.7.jar to /tmp/spark-ea43a238-c382-42e4-ada2-ed14dd0ce26d/userFiles-5452318e-5efd-416a-b8eb-fc688fbbaa35/fetchFileTemp17514581000253622905.tmp
[2025-10-29T03:21:57.939+0700] {subprocess.py:93} INFO - 25/10/29 03:21:57 INFO Utils: /tmp/spark-ea43a238-c382-42e4-ada2-ed14dd0ce26d/userFiles-5452318e-5efd-416a-b8eb-fc688fbbaa35/fetchFileTemp17514581000253622905.tmp has been previously copied to /tmp/spark-ea43a238-c382-42e4-ada2-ed14dd0ce26d/userFiles-5452318e-5efd-416a-b8eb-fc688fbbaa35/org.slf4j_slf4j-api-2.0.7.jar
[2025-10-29T03:21:57.941+0700] {subprocess.py:93} INFO - 25/10/29 03:21:57 INFO Executor: Adding file:/tmp/spark-ea43a238-c382-42e4-ada2-ed14dd0ce26d/userFiles-5452318e-5efd-416a-b8eb-fc688fbbaa35/org.slf4j_slf4j-api-2.0.7.jar to class loader default
[2025-10-29T03:21:57.941+0700] {subprocess.py:93} INFO - 25/10/29 03:21:57 INFO Executor: Fetching spark://dfeadd712fc3:42147/jars/org.postgresql_postgresql-42.6.0.jar with timestamp 1761682917119
[2025-10-29T03:21:57.942+0700] {subprocess.py:93} INFO - 25/10/29 03:21:57 INFO Utils: Fetching spark://dfeadd712fc3:42147/jars/org.postgresql_postgresql-42.6.0.jar to /tmp/spark-ea43a238-c382-42e4-ada2-ed14dd0ce26d/userFiles-5452318e-5efd-416a-b8eb-fc688fbbaa35/fetchFileTemp8790759069307266227.tmp
[2025-10-29T03:21:57.943+0700] {subprocess.py:93} INFO - 25/10/29 03:21:57 INFO Utils: /tmp/spark-ea43a238-c382-42e4-ada2-ed14dd0ce26d/userFiles-5452318e-5efd-416a-b8eb-fc688fbbaa35/fetchFileTemp8790759069307266227.tmp has been previously copied to /tmp/spark-ea43a238-c382-42e4-ada2-ed14dd0ce26d/userFiles-5452318e-5efd-416a-b8eb-fc688fbbaa35/org.postgresql_postgresql-42.6.0.jar
[2025-10-29T03:21:57.947+0700] {subprocess.py:93} INFO - 25/10/29 03:21:57 INFO Executor: Adding file:/tmp/spark-ea43a238-c382-42e4-ada2-ed14dd0ce26d/userFiles-5452318e-5efd-416a-b8eb-fc688fbbaa35/org.postgresql_postgresql-42.6.0.jar to class loader default
[2025-10-29T03:21:57.947+0700] {subprocess.py:93} INFO - 25/10/29 03:21:57 INFO Executor: Fetching spark://dfeadd712fc3:42147/jars/com.google.code.findbugs_jsr305-3.0.0.jar with timestamp 1761682917119
[2025-10-29T03:21:57.947+0700] {subprocess.py:93} INFO - 25/10/29 03:21:57 INFO Utils: Fetching spark://dfeadd712fc3:42147/jars/com.google.code.findbugs_jsr305-3.0.0.jar to /tmp/spark-ea43a238-c382-42e4-ada2-ed14dd0ce26d/userFiles-5452318e-5efd-416a-b8eb-fc688fbbaa35/fetchFileTemp16106741192380786064.tmp
[2025-10-29T03:21:57.948+0700] {subprocess.py:93} INFO - 25/10/29 03:21:57 INFO Utils: /tmp/spark-ea43a238-c382-42e4-ada2-ed14dd0ce26d/userFiles-5452318e-5efd-416a-b8eb-fc688fbbaa35/fetchFileTemp16106741192380786064.tmp has been previously copied to /tmp/spark-ea43a238-c382-42e4-ada2-ed14dd0ce26d/userFiles-5452318e-5efd-416a-b8eb-fc688fbbaa35/com.google.code.findbugs_jsr305-3.0.0.jar
[2025-10-29T03:21:57.950+0700] {subprocess.py:93} INFO - 25/10/29 03:21:57 INFO Executor: Adding file:/tmp/spark-ea43a238-c382-42e4-ada2-ed14dd0ce26d/userFiles-5452318e-5efd-416a-b8eb-fc688fbbaa35/com.google.code.findbugs_jsr305-3.0.0.jar to class loader default
[2025-10-29T03:21:57.950+0700] {subprocess.py:93} INFO - 25/10/29 03:21:57 INFO Executor: Fetching spark://dfeadd712fc3:42147/jars/org.apache.kafka_kafka-clients-3.4.1.jar with timestamp 1761682917119
[2025-10-29T03:21:57.950+0700] {subprocess.py:93} INFO - 25/10/29 03:21:57 INFO Utils: Fetching spark://dfeadd712fc3:42147/jars/org.apache.kafka_kafka-clients-3.4.1.jar to /tmp/spark-ea43a238-c382-42e4-ada2-ed14dd0ce26d/userFiles-5452318e-5efd-416a-b8eb-fc688fbbaa35/fetchFileTemp16197041993635195234.tmp
[2025-10-29T03:21:57.957+0700] {subprocess.py:93} INFO - 25/10/29 03:21:57 INFO Utils: /tmp/spark-ea43a238-c382-42e4-ada2-ed14dd0ce26d/userFiles-5452318e-5efd-416a-b8eb-fc688fbbaa35/fetchFileTemp16197041993635195234.tmp has been previously copied to /tmp/spark-ea43a238-c382-42e4-ada2-ed14dd0ce26d/userFiles-5452318e-5efd-416a-b8eb-fc688fbbaa35/org.apache.kafka_kafka-clients-3.4.1.jar
[2025-10-29T03:21:57.966+0700] {subprocess.py:93} INFO - 25/10/29 03:21:57 INFO Executor: Adding file:/tmp/spark-ea43a238-c382-42e4-ada2-ed14dd0ce26d/userFiles-5452318e-5efd-416a-b8eb-fc688fbbaa35/org.apache.kafka_kafka-clients-3.4.1.jar to class loader default
[2025-10-29T03:21:57.967+0700] {subprocess.py:93} INFO - 25/10/29 03:21:57 INFO Executor: Fetching spark://dfeadd712fc3:42147/jars/org.apache.spark_spark-sql-kafka-0-10_2.12-3.5.1.jar with timestamp 1761682917119
[2025-10-29T03:21:57.967+0700] {subprocess.py:93} INFO - 25/10/29 03:21:57 INFO Utils: Fetching spark://dfeadd712fc3:42147/jars/org.apache.spark_spark-sql-kafka-0-10_2.12-3.5.1.jar to /tmp/spark-ea43a238-c382-42e4-ada2-ed14dd0ce26d/userFiles-5452318e-5efd-416a-b8eb-fc688fbbaa35/fetchFileTemp1497536206864425262.tmp
[2025-10-29T03:21:57.968+0700] {subprocess.py:93} INFO - 25/10/29 03:21:57 INFO Utils: /tmp/spark-ea43a238-c382-42e4-ada2-ed14dd0ce26d/userFiles-5452318e-5efd-416a-b8eb-fc688fbbaa35/fetchFileTemp1497536206864425262.tmp has been previously copied to /tmp/spark-ea43a238-c382-42e4-ada2-ed14dd0ce26d/userFiles-5452318e-5efd-416a-b8eb-fc688fbbaa35/org.apache.spark_spark-sql-kafka-0-10_2.12-3.5.1.jar
[2025-10-29T03:21:57.971+0700] {subprocess.py:93} INFO - 25/10/29 03:21:57 INFO Executor: Adding file:/tmp/spark-ea43a238-c382-42e4-ada2-ed14dd0ce26d/userFiles-5452318e-5efd-416a-b8eb-fc688fbbaa35/org.apache.spark_spark-sql-kafka-0-10_2.12-3.5.1.jar to class loader default
[2025-10-29T03:21:57.971+0700] {subprocess.py:93} INFO - 25/10/29 03:21:57 INFO Executor: Fetching spark://dfeadd712fc3:42147/jars/org.apache.hadoop_hadoop-client-api-3.3.4.jar with timestamp 1761682917119
[2025-10-29T03:21:57.971+0700] {subprocess.py:93} INFO - 25/10/29 03:21:57 INFO Utils: Fetching spark://dfeadd712fc3:42147/jars/org.apache.hadoop_hadoop-client-api-3.3.4.jar to /tmp/spark-ea43a238-c382-42e4-ada2-ed14dd0ce26d/userFiles-5452318e-5efd-416a-b8eb-fc688fbbaa35/fetchFileTemp11279390457260437995.tmp
[2025-10-29T03:21:58.026+0700] {subprocess.py:93} INFO - 25/10/29 03:21:58 INFO Utils: /tmp/spark-ea43a238-c382-42e4-ada2-ed14dd0ce26d/userFiles-5452318e-5efd-416a-b8eb-fc688fbbaa35/fetchFileTemp11279390457260437995.tmp has been previously copied to /tmp/spark-ea43a238-c382-42e4-ada2-ed14dd0ce26d/userFiles-5452318e-5efd-416a-b8eb-fc688fbbaa35/org.apache.hadoop_hadoop-client-api-3.3.4.jar
[2025-10-29T03:21:58.031+0700] {subprocess.py:93} INFO - 25/10/29 03:21:58 INFO Executor: Adding file:/tmp/spark-ea43a238-c382-42e4-ada2-ed14dd0ce26d/userFiles-5452318e-5efd-416a-b8eb-fc688fbbaa35/org.apache.hadoop_hadoop-client-api-3.3.4.jar to class loader default
[2025-10-29T03:21:58.035+0700] {subprocess.py:93} INFO - 25/10/29 03:21:58 INFO Utils: Successfully started service 'org.apache.spark.network.netty.NettyBlockTransferService' on port 36243.
[2025-10-29T03:21:58.036+0700] {subprocess.py:93} INFO - 25/10/29 03:21:58 INFO NettyBlockTransferService: Server created on dfeadd712fc3:36243
[2025-10-29T03:21:58.036+0700] {subprocess.py:93} INFO - 25/10/29 03:21:58 INFO BlockManager: Using org.apache.spark.storage.RandomBlockReplicationPolicy for block replication policy
[2025-10-29T03:21:58.039+0700] {subprocess.py:93} INFO - 25/10/29 03:21:58 INFO BlockManagerMaster: Registering BlockManager BlockManagerId(driver, dfeadd712fc3, 36243, None)
[2025-10-29T03:21:58.041+0700] {subprocess.py:93} INFO - 25/10/29 03:21:58 INFO BlockManagerMasterEndpoint: Registering block manager dfeadd712fc3:36243 with 434.4 MiB RAM, BlockManagerId(driver, dfeadd712fc3, 36243, None)
[2025-10-29T03:21:58.042+0700] {subprocess.py:93} INFO - 25/10/29 03:21:58 INFO BlockManagerMaster: Registered BlockManager BlockManagerId(driver, dfeadd712fc3, 36243, None)
[2025-10-29T03:21:58.043+0700] {subprocess.py:93} INFO - 25/10/29 03:21:58 INFO BlockManager: Initialized BlockManager: BlockManagerId(driver, dfeadd712fc3, 36243, None)
[2025-10-29T03:21:59.942+0700] {subprocess.py:93} INFO - 25/10/29 03:21:59 WARN ResolveWriteToStream: spark.sql.adaptive.enabled is not supported in streaming DataFrames/Datasets and will be disabled.
[2025-10-29T03:22:00.036+0700] {subprocess.py:93} INFO - 🚀 Streaming job started — đang lắng nghe dữ liệu từ Kafka...
[2025-10-29T03:22:00.113+0700] {subprocess.py:93} INFO - 25/10/29 03:22:00 WARN AdminClientConfig: These configurations '[key.deserializer, value.deserializer, enable.auto.commit, max.poll.records, auto.offset.reset]' were supplied but are not used yet.
[2025-10-29T03:22:01.280+0700] {subprocess.py:93} INFO - [Batch 0] ⚠️ Không có dữ liệu mới.
[2025-10-29T03:22:06.504+0700] {subprocess.py:93} INFO - 25/10/29 03:22:06 WARN KafkaDataConsumer: KafkaDataConsumer is not running in UninterruptibleThread. It may hang when KafkaDataConsumer's methods are interrupted because of KAFKA-1894
[2025-10-29T03:22:06.906+0700] {subprocess.py:93} INFO - 25/10/29 03:22:06 WARN KafkaDataConsumer: KafkaDataConsumer is not running in UninterruptibleThread. It may hang when KafkaDataConsumer's methods are interrupted because of KAFKA-1894
[2025-10-29T03:22:06.906+0700] {subprocess.py:93} INFO - 25/10/29 03:22:06 WARN KafkaDataConsumer: KafkaDataConsumer is not running in UninterruptibleThread. It may hang when KafkaDataConsumer's methods are interrupted because of KAFKA-1894
[2025-10-29T03:22:06.907+0700] {subprocess.py:93} INFO - 25/10/29 03:22:06 WARN KafkaDataConsumer: KafkaDataConsumer is not running in UninterruptibleThread. It may hang when KafkaDataConsumer's methods are interrupted because of KAFKA-1894
[2025-10-29T03:22:06.907+0700] {subprocess.py:93} INFO - 25/10/29 03:22:06 WARN KafkaDataConsumer: KafkaDataConsumer is not running in UninterruptibleThread. It may hang when KafkaDataConsumer's methods are interrupted because of KAFKA-1894
[2025-10-29T03:22:06.908+0700] {subprocess.py:93} INFO - 25/10/29 03:22:06 WARN KafkaDataConsumer: KafkaDataConsumer is not running in UninterruptibleThread. It may hang when KafkaDataConsumer's methods are interrupted because of KAFKA-1894
[2025-10-29T03:22:06.909+0700] {subprocess.py:93} INFO - 25/10/29 03:22:06 WARN KafkaDataConsumer: KafkaDataConsumer is not running in UninterruptibleThread. It may hang when KafkaDataConsumer's methods are interrupted because of KAFKA-1894
[2025-10-29T03:22:06.910+0700] {subprocess.py:93} INFO - 25/10/29 03:22:06 WARN KafkaDataConsumer: KafkaDataConsumer is not running in UninterruptibleThread. It may hang when KafkaDataConsumer's methods are interrupted because of KAFKA-1894
[2025-10-29T03:22:06.910+0700] {subprocess.py:93} INFO - 25/10/29 03:22:06 WARN KafkaDataConsumer: KafkaDataConsumer is not running in UninterruptibleThread. It may hang when KafkaDataConsumer's methods are interrupted because of KAFKA-1894
[2025-10-29T03:22:06.910+0700] {subprocess.py:93} INFO - 25/10/29 03:22:06 WARN KafkaDataConsumer: KafkaDataConsumer is not running in UninterruptibleThread. It may hang when KafkaDataConsumer's methods are interrupted because of KAFKA-1894
[2025-10-29T03:22:10.006+0700] {subprocess.py:93} INFO - There was a problem when trying to write in your cache folder (/home/***/.cache/huggingface/hub). You should set the environment variable TRANSFORMERS_CACHE to a writable directory.
[2025-10-29T03:22:10.636+0700] {subprocess.py:93} INFO - 25/10/29 03:22:10 ERROR Executor: Exception in task 0.0 in stage 2.0 (TID 1)
[2025-10-29T03:22:10.637+0700] {subprocess.py:93} INFO - org.apache.spark.api.python.PythonException: Traceback (most recent call last):
[2025-10-29T03:22:10.637+0700] {subprocess.py:93} INFO -   File "/opt/***/projects/absa_streaming/scripts/consumer_postgres_streaming.py", line 73, in absa_infer_udf
[2025-10-29T03:22:10.637+0700] {subprocess.py:93} INFO -     _tokenizer = AutoTokenizer.from_pretrained(MODEL_NAME, use_fast=True)
[2025-10-29T03:22:10.637+0700] {subprocess.py:93} INFO -                  ^^^^^^^^^^^^^^^^^^^^^^^^^^^^^^^^^^^^^^^^^^^^^^^^^^^^^^^^
[2025-10-29T03:22:10.637+0700] {subprocess.py:93} INFO -   File "/home/***/.local/lib/python3.12/site-packages/transformers/models/auto/tokenization_auto.py", line 817, in from_pretrained
[2025-10-29T03:22:10.637+0700] {subprocess.py:93} INFO -     tokenizer_config = get_tokenizer_config(pretrained_model_name_or_path, **kwargs)
[2025-10-29T03:22:10.637+0700] {subprocess.py:93} INFO -                        ^^^^^^^^^^^^^^^^^^^^^^^^^^^^^^^^^^^^^^^^^^^^^^^^^^^^^^^^^^^^^
[2025-10-29T03:22:10.638+0700] {subprocess.py:93} INFO -   File "/home/***/.local/lib/python3.12/site-packages/transformers/models/auto/tokenization_auto.py", line 649, in get_tokenizer_config
[2025-10-29T03:22:10.638+0700] {subprocess.py:93} INFO -     resolved_config_file = cached_file(
[2025-10-29T03:22:10.638+0700] {subprocess.py:93} INFO -                            ^^^^^^^^^^^^
[2025-10-29T03:22:10.638+0700] {subprocess.py:93} INFO -   File "/home/***/.local/lib/python3.12/site-packages/transformers/utils/hub.py", line 462, in cached_file
[2025-10-29T03:22:10.638+0700] {subprocess.py:93} INFO -     except HFValidationError as e:
[2025-10-29T03:22:10.638+0700] {subprocess.py:93} INFO -   File "/home/***/.local/lib/python3.12/site-packages/huggingface_hub/utils/_validators.py", line 114, in _inner_fn
[2025-10-29T03:22:10.638+0700] {subprocess.py:93} INFO -     return fn(*args, **kwargs)
[2025-10-29T03:22:10.638+0700] {subprocess.py:93} INFO -            ^^^^^^^^^^^^^^^^^^^
[2025-10-29T03:22:10.638+0700] {subprocess.py:93} INFO -   File "/home/***/.local/lib/python3.12/site-packages/huggingface_hub/file_download.py", line 1007, in hf_hub_download
[2025-10-29T03:22:10.638+0700] {subprocess.py:93} INFO -     return _hf_hub_download_to_cache_dir(
[2025-10-29T03:22:10.638+0700] {subprocess.py:93} INFO -            ^^^^^^^^^^^^^^^^^^^^^^^^^^^^^^
[2025-10-29T03:22:10.639+0700] {subprocess.py:93} INFO -   File "/home/***/.local/lib/python3.12/site-packages/huggingface_hub/file_download.py", line 1124, in _hf_hub_download_to_cache_dir
[2025-10-29T03:22:10.639+0700] {subprocess.py:93} INFO -     os.makedirs(os.path.dirname(blob_path), exist_ok=True)
[2025-10-29T03:22:10.639+0700] {subprocess.py:93} INFO -   File "<frozen os>", line 216, in makedirs
[2025-10-29T03:22:10.639+0700] {subprocess.py:93} INFO -   File "<frozen os>", line 216, in makedirs
[2025-10-29T03:22:10.639+0700] {subprocess.py:93} INFO -   File "<frozen os>", line 216, in makedirs
[2025-10-29T03:22:10.639+0700] {subprocess.py:93} INFO -   File "<frozen os>", line 230, in makedirs
[2025-10-29T03:22:10.639+0700] {subprocess.py:93} INFO - PermissionError: [Errno 13] Permission denied: '/home/***/.cache/huggingface'
[2025-10-29T03:22:10.639+0700] {subprocess.py:93} INFO - 
[2025-10-29T03:22:10.639+0700] {subprocess.py:93} INFO - 	at org.apache.spark.api.python.BasePythonRunner$ReaderIterator.handlePythonException(PythonRunner.scala:572)
[2025-10-29T03:22:10.639+0700] {subprocess.py:93} INFO - 	at org.apache.spark.sql.execution.python.PythonArrowOutput$$anon$1.read(PythonArrowOutput.scala:118)
[2025-10-29T03:22:10.640+0700] {subprocess.py:93} INFO - 	at org.apache.spark.api.python.BasePythonRunner$ReaderIterator.hasNext(PythonRunner.scala:525)
[2025-10-29T03:22:10.640+0700] {subprocess.py:93} INFO - 	at org.apache.spark.InterruptibleIterator.hasNext(InterruptibleIterator.scala:37)
[2025-10-29T03:22:10.640+0700] {subprocess.py:93} INFO - 	at scala.collection.Iterator$$anon$11.hasNext(Iterator.scala:491)
[2025-10-29T03:22:10.640+0700] {subprocess.py:93} INFO - 	at scala.collection.Iterator$$anon$10.hasNext(Iterator.scala:460)
[2025-10-29T03:22:10.640+0700] {subprocess.py:93} INFO - 	at scala.collection.Iterator$$anon$10.hasNext(Iterator.scala:460)
[2025-10-29T03:22:10.640+0700] {subprocess.py:93} INFO - 	at org.apache.spark.sql.catalyst.expressions.GeneratedClass$GeneratedIteratorForCodegenStage1.hashAgg_doAggregateWithoutKey_0$(Unknown Source)
[2025-10-29T03:22:10.640+0700] {subprocess.py:93} INFO - 	at org.apache.spark.sql.catalyst.expressions.GeneratedClass$GeneratedIteratorForCodegenStage1.processNext(Unknown Source)
[2025-10-29T03:22:10.640+0700] {subprocess.py:93} INFO - 	at org.apache.spark.sql.execution.BufferedRowIterator.hasNext(BufferedRowIterator.java:43)
[2025-10-29T03:22:10.640+0700] {subprocess.py:93} INFO - 	at org.apache.spark.sql.execution.WholeStageCodegenEvaluatorFactory$WholeStageCodegenPartitionEvaluator$$anon$1.hasNext(WholeStageCodegenEvaluatorFactory.scala:43)
[2025-10-29T03:22:10.640+0700] {subprocess.py:93} INFO - 	at scala.collection.Iterator$$anon$10.hasNext(Iterator.scala:460)
[2025-10-29T03:22:10.640+0700] {subprocess.py:93} INFO - 	at org.apache.spark.shuffle.sort.BypassMergeSortShuffleWriter.write(BypassMergeSortShuffleWriter.java:140)
[2025-10-29T03:22:10.640+0700] {subprocess.py:93} INFO - 	at org.apache.spark.shuffle.ShuffleWriteProcessor.write(ShuffleWriteProcessor.scala:59)
[2025-10-29T03:22:10.641+0700] {subprocess.py:93} INFO - 	at org.apache.spark.scheduler.ShuffleMapTask.runTask(ShuffleMapTask.scala:104)
[2025-10-29T03:22:10.641+0700] {subprocess.py:93} INFO - 	at org.apache.spark.scheduler.ShuffleMapTask.runTask(ShuffleMapTask.scala:54)
[2025-10-29T03:22:10.641+0700] {subprocess.py:93} INFO - 	at org.apache.spark.TaskContext.runTaskWithListeners(TaskContext.scala:166)
[2025-10-29T03:22:10.641+0700] {subprocess.py:93} INFO - 	at org.apache.spark.scheduler.Task.run(Task.scala:141)
[2025-10-29T03:22:10.641+0700] {subprocess.py:93} INFO - 	at org.apache.spark.executor.Executor$TaskRunner.$anonfun$run$4(Executor.scala:620)
[2025-10-29T03:22:10.641+0700] {subprocess.py:93} INFO - 	at org.apache.spark.util.SparkErrorUtils.tryWithSafeFinally(SparkErrorUtils.scala:64)
[2025-10-29T03:22:10.641+0700] {subprocess.py:93} INFO - 	at org.apache.spark.util.SparkErrorUtils.tryWithSafeFinally$(SparkErrorUtils.scala:61)
[2025-10-29T03:22:10.641+0700] {subprocess.py:93} INFO - 	at org.apache.spark.util.Utils$.tryWithSafeFinally(Utils.scala:94)
[2025-10-29T03:22:10.641+0700] {subprocess.py:93} INFO - 	at org.apache.spark.executor.Executor$TaskRunner.run(Executor.scala:623)
[2025-10-29T03:22:10.641+0700] {subprocess.py:93} INFO - 	at java.base/java.util.concurrent.ThreadPoolExecutor.runWorker(ThreadPoolExecutor.java:1136)
[2025-10-29T03:22:10.641+0700] {subprocess.py:93} INFO - 	at java.base/java.util.concurrent.ThreadPoolExecutor$Worker.run(ThreadPoolExecutor.java:635)
[2025-10-29T03:22:10.642+0700] {subprocess.py:93} INFO - 	at java.base/java.lang.Thread.run(Thread.java:840)
[2025-10-29T03:22:10.644+0700] {subprocess.py:93} INFO - 25/10/29 03:22:10 WARN TaskSetManager: Lost task 0.0 in stage 2.0 (TID 1) (dfeadd712fc3 executor driver): org.apache.spark.api.python.PythonException: Traceback (most recent call last):
[2025-10-29T03:22:10.644+0700] {subprocess.py:93} INFO -   File "/opt/***/projects/absa_streaming/scripts/consumer_postgres_streaming.py", line 73, in absa_infer_udf
[2025-10-29T03:22:10.645+0700] {subprocess.py:93} INFO -     _tokenizer = AutoTokenizer.from_pretrained(MODEL_NAME, use_fast=True)
[2025-10-29T03:22:10.645+0700] {subprocess.py:93} INFO -                  ^^^^^^^^^^^^^^^^^^^^^^^^^^^^^^^^^^^^^^^^^^^^^^^^^^^^^^^^
[2025-10-29T03:22:10.645+0700] {subprocess.py:93} INFO -   File "/home/***/.local/lib/python3.12/site-packages/transformers/models/auto/tokenization_auto.py", line 817, in from_pretrained
[2025-10-29T03:22:10.645+0700] {subprocess.py:93} INFO -     tokenizer_config = get_tokenizer_config(pretrained_model_name_or_path, **kwargs)
[2025-10-29T03:22:10.645+0700] {subprocess.py:93} INFO -                        ^^^^^^^^^^^^^^^^^^^^^^^^^^^^^^^^^^^^^^^^^^^^^^^^^^^^^^^^^^^^^
[2025-10-29T03:22:10.645+0700] {subprocess.py:93} INFO -   File "/home/***/.local/lib/python3.12/site-packages/transformers/models/auto/tokenization_auto.py", line 649, in get_tokenizer_config
[2025-10-29T03:22:10.645+0700] {subprocess.py:93} INFO -     resolved_config_file = cached_file(
[2025-10-29T03:22:10.645+0700] {subprocess.py:93} INFO -                            ^^^^^^^^^^^^
[2025-10-29T03:22:10.646+0700] {subprocess.py:93} INFO -   File "/home/***/.local/lib/python3.12/site-packages/transformers/utils/hub.py", line 462, in cached_file
[2025-10-29T03:22:10.646+0700] {subprocess.py:93} INFO -     except HFValidationError as e:
[2025-10-29T03:22:10.646+0700] {subprocess.py:93} INFO -   File "/home/***/.local/lib/python3.12/site-packages/huggingface_hub/utils/_validators.py", line 114, in _inner_fn
[2025-10-29T03:22:10.646+0700] {subprocess.py:93} INFO -     return fn(*args, **kwargs)
[2025-10-29T03:22:10.646+0700] {subprocess.py:93} INFO -            ^^^^^^^^^^^^^^^^^^^
[2025-10-29T03:22:10.646+0700] {subprocess.py:93} INFO -   File "/home/***/.local/lib/python3.12/site-packages/huggingface_hub/file_download.py", line 1007, in hf_hub_download
[2025-10-29T03:22:10.646+0700] {subprocess.py:93} INFO -     return _hf_hub_download_to_cache_dir(
[2025-10-29T03:22:10.646+0700] {subprocess.py:93} INFO -            ^^^^^^^^^^^^^^^^^^^^^^^^^^^^^^
[2025-10-29T03:22:10.646+0700] {subprocess.py:93} INFO -   File "/home/***/.local/lib/python3.12/site-packages/huggingface_hub/file_download.py", line 1124, in _hf_hub_download_to_cache_dir
[2025-10-29T03:22:10.646+0700] {subprocess.py:93} INFO -     os.makedirs(os.path.dirname(blob_path), exist_ok=True)
[2025-10-29T03:22:10.647+0700] {subprocess.py:93} INFO -   File "<frozen os>", line 216, in makedirs
[2025-10-29T03:22:10.647+0700] {subprocess.py:93} INFO -   File "<frozen os>", line 216, in makedirs
[2025-10-29T03:22:10.647+0700] {subprocess.py:93} INFO -   File "<frozen os>", line 216, in makedirs
[2025-10-29T03:22:10.647+0700] {subprocess.py:93} INFO -   File "<frozen os>", line 230, in makedirs
[2025-10-29T03:22:10.647+0700] {subprocess.py:93} INFO - PermissionError: [Errno 13] Permission denied: '/home/***/.cache/huggingface'
[2025-10-29T03:22:10.648+0700] {subprocess.py:93} INFO - 
[2025-10-29T03:22:10.648+0700] {subprocess.py:93} INFO - 	at org.apache.spark.api.python.BasePythonRunner$ReaderIterator.handlePythonException(PythonRunner.scala:572)
[2025-10-29T03:22:10.648+0700] {subprocess.py:93} INFO - 	at org.apache.spark.sql.execution.python.PythonArrowOutput$$anon$1.read(PythonArrowOutput.scala:118)
[2025-10-29T03:22:10.648+0700] {subprocess.py:93} INFO - 	at org.apache.spark.api.python.BasePythonRunner$ReaderIterator.hasNext(PythonRunner.scala:525)
[2025-10-29T03:22:10.648+0700] {subprocess.py:93} INFO - 	at org.apache.spark.InterruptibleIterator.hasNext(InterruptibleIterator.scala:37)
[2025-10-29T03:22:10.648+0700] {subprocess.py:93} INFO - 	at scala.collection.Iterator$$anon$11.hasNext(Iterator.scala:491)
[2025-10-29T03:22:10.648+0700] {subprocess.py:93} INFO - 	at scala.collection.Iterator$$anon$10.hasNext(Iterator.scala:460)
[2025-10-29T03:22:10.648+0700] {subprocess.py:93} INFO - 	at scala.collection.Iterator$$anon$10.hasNext(Iterator.scala:460)
[2025-10-29T03:22:10.648+0700] {subprocess.py:93} INFO - 	at org.apache.spark.sql.catalyst.expressions.GeneratedClass$GeneratedIteratorForCodegenStage1.hashAgg_doAggregateWithoutKey_0$(Unknown Source)
[2025-10-29T03:22:10.648+0700] {subprocess.py:93} INFO - 	at org.apache.spark.sql.catalyst.expressions.GeneratedClass$GeneratedIteratorForCodegenStage1.processNext(Unknown Source)
[2025-10-29T03:22:10.649+0700] {subprocess.py:93} INFO - 	at org.apache.spark.sql.execution.BufferedRowIterator.hasNext(BufferedRowIterator.java:43)
[2025-10-29T03:22:10.649+0700] {subprocess.py:93} INFO - 	at org.apache.spark.sql.execution.WholeStageCodegenEvaluatorFactory$WholeStageCodegenPartitionEvaluator$$anon$1.hasNext(WholeStageCodegenEvaluatorFactory.scala:43)
[2025-10-29T03:22:10.649+0700] {subprocess.py:93} INFO - 	at scala.collection.Iterator$$anon$10.hasNext(Iterator.scala:460)
[2025-10-29T03:22:10.649+0700] {subprocess.py:93} INFO - 	at org.apache.spark.shuffle.sort.BypassMergeSortShuffleWriter.write(BypassMergeSortShuffleWriter.java:140)
[2025-10-29T03:22:10.649+0700] {subprocess.py:93} INFO - 	at org.apache.spark.shuffle.ShuffleWriteProcessor.write(ShuffleWriteProcessor.scala:59)
[2025-10-29T03:22:10.649+0700] {subprocess.py:93} INFO - 	at org.apache.spark.scheduler.ShuffleMapTask.runTask(ShuffleMapTask.scala:104)
[2025-10-29T03:22:10.649+0700] {subprocess.py:93} INFO - 	at org.apache.spark.scheduler.ShuffleMapTask.runTask(ShuffleMapTask.scala:54)
[2025-10-29T03:22:10.649+0700] {subprocess.py:93} INFO - 	at org.apache.spark.TaskContext.runTaskWithListeners(TaskContext.scala:166)
[2025-10-29T03:22:10.649+0700] {subprocess.py:93} INFO - 	at org.apache.spark.scheduler.Task.run(Task.scala:141)
[2025-10-29T03:22:10.649+0700] {subprocess.py:93} INFO - 	at org.apache.spark.executor.Executor$TaskRunner.$anonfun$run$4(Executor.scala:620)
[2025-10-29T03:22:10.649+0700] {subprocess.py:93} INFO - 	at org.apache.spark.util.SparkErrorUtils.tryWithSafeFinally(SparkErrorUtils.scala:64)
[2025-10-29T03:22:10.650+0700] {subprocess.py:93} INFO - 	at org.apache.spark.util.SparkErrorUtils.tryWithSafeFinally$(SparkErrorUtils.scala:61)
[2025-10-29T03:22:10.650+0700] {subprocess.py:93} INFO - 	at org.apache.spark.util.Utils$.tryWithSafeFinally(Utils.scala:94)
[2025-10-29T03:22:10.650+0700] {subprocess.py:93} INFO - 	at org.apache.spark.executor.Executor$TaskRunner.run(Executor.scala:623)
[2025-10-29T03:22:10.650+0700] {subprocess.py:93} INFO - 	at java.base/java.util.concurrent.ThreadPoolExecutor.runWorker(ThreadPoolExecutor.java:1136)
[2025-10-29T03:22:10.650+0700] {subprocess.py:93} INFO - 	at java.base/java.util.concurrent.ThreadPoolExecutor$Worker.run(ThreadPoolExecutor.java:635)
[2025-10-29T03:22:10.650+0700] {subprocess.py:93} INFO - 	at java.base/java.lang.Thread.run(Thread.java:840)
[2025-10-29T03:22:10.650+0700] {subprocess.py:93} INFO - 
[2025-10-29T03:22:10.650+0700] {subprocess.py:93} INFO - 25/10/29 03:22:10 ERROR TaskSetManager: Task 0 in stage 2.0 failed 1 times; aborting job
[2025-10-29T03:22:10.713+0700] {subprocess.py:93} INFO - 25/10/29 03:22:10 ERROR MicroBatchExecution: Query [id = e286ca7a-e8bd-45e0-be49-70d246b90d64, runId = b2625af3-5abf-4fa1-bf7f-671febfda247] terminated with error
[2025-10-29T03:22:10.714+0700] {subprocess.py:93} INFO - py4j.Py4JException: An exception was raised by the Python Proxy. Return Message: Traceback (most recent call last):
[2025-10-29T03:22:10.714+0700] {subprocess.py:93} INFO -   File "/home/***/.local/lib/python3.12/site-packages/pyspark/python/lib/py4j-0.10.9.7-src.zip/py4j/clientserver.py", line 617, in _call_proxy
[2025-10-29T03:22:10.714+0700] {subprocess.py:93} INFO -     return_value = getattr(self.pool[obj_id], method)(*params)
[2025-10-29T03:22:10.714+0700] {subprocess.py:93} INFO -                    ^^^^^^^^^^^^^^^^^^^^^^^^^^^^^^^^^^^^^^^^^^^
[2025-10-29T03:22:10.714+0700] {subprocess.py:93} INFO -   File "/home/***/.local/lib/python3.12/site-packages/pyspark/python/lib/pyspark.zip/pyspark/sql/utils.py", line 120, in call
[2025-10-29T03:22:10.714+0700] {subprocess.py:93} INFO -     raise e
[2025-10-29T03:22:10.714+0700] {subprocess.py:93} INFO -   File "/home/***/.local/lib/python3.12/site-packages/pyspark/python/lib/pyspark.zip/pyspark/sql/utils.py", line 117, in call
[2025-10-29T03:22:10.714+0700] {subprocess.py:93} INFO -     self.func(DataFrame(jdf, wrapped_session_jdf), batch_id)
[2025-10-29T03:22:10.714+0700] {subprocess.py:93} INFO -   File "/opt/***/projects/absa_streaming/scripts/consumer_postgres_streaming.py", line 125, in write_to_postgres
[2025-10-29T03:22:10.715+0700] {subprocess.py:93} INFO -     total_rows = batch_df.count()
[2025-10-29T03:22:10.715+0700] {subprocess.py:93} INFO -                  ^^^^^^^^^^^^^^^^
[2025-10-29T03:22:10.715+0700] {subprocess.py:93} INFO -   File "/home/***/.local/lib/python3.12/site-packages/pyspark/python/lib/pyspark.zip/pyspark/sql/dataframe.py", line 1238, in count
[2025-10-29T03:22:10.715+0700] {subprocess.py:93} INFO -     return int(self._jdf.count())
[2025-10-29T03:22:10.715+0700] {subprocess.py:93} INFO -                ^^^^^^^^^^^^^^^^^
[2025-10-29T03:22:10.715+0700] {subprocess.py:93} INFO -   File "/home/***/.local/lib/python3.12/site-packages/pyspark/python/lib/py4j-0.10.9.7-src.zip/py4j/java_gateway.py", line 1322, in __call__
[2025-10-29T03:22:10.715+0700] {subprocess.py:93} INFO -     return_value = get_return_value(
[2025-10-29T03:22:10.715+0700] {subprocess.py:93} INFO -                    ^^^^^^^^^^^^^^^^^
[2025-10-29T03:22:10.715+0700] {subprocess.py:93} INFO -   File "/home/***/.local/lib/python3.12/site-packages/pyspark/python/lib/pyspark.zip/pyspark/errors/exceptions/captured.py", line 185, in deco
[2025-10-29T03:22:10.715+0700] {subprocess.py:93} INFO -     raise converted from None
[2025-10-29T03:22:10.716+0700] {subprocess.py:93} INFO - pyspark.errors.exceptions.captured.PythonException:
[2025-10-29T03:22:10.716+0700] {subprocess.py:93} INFO -   An exception was thrown from the Python worker. Please see the stack trace below.
[2025-10-29T03:22:10.716+0700] {subprocess.py:93} INFO - Traceback (most recent call last):
[2025-10-29T03:22:10.716+0700] {subprocess.py:93} INFO -   File "/opt/***/projects/absa_streaming/scripts/consumer_postgres_streaming.py", line 73, in absa_infer_udf
[2025-10-29T03:22:10.716+0700] {subprocess.py:93} INFO -     _tokenizer = AutoTokenizer.from_pretrained(MODEL_NAME, use_fast=True)
[2025-10-29T03:22:10.716+0700] {subprocess.py:93} INFO -                  ^^^^^^^^^^^^^^^^^^^^^^^^^^^^^^^^^^^^^^^^^^^^^^^^^^^^^^^^
[2025-10-29T03:22:10.716+0700] {subprocess.py:93} INFO -   File "/home/***/.local/lib/python3.12/site-packages/transformers/models/auto/tokenization_auto.py", line 817, in from_pretrained
[2025-10-29T03:22:10.717+0700] {subprocess.py:93} INFO -     tokenizer_config = get_tokenizer_config(pretrained_model_name_or_path, **kwargs)
[2025-10-29T03:22:10.717+0700] {subprocess.py:93} INFO -                        ^^^^^^^^^^^^^^^^^^^^^^^^^^^^^^^^^^^^^^^^^^^^^^^^^^^^^^^^^^^^^
[2025-10-29T03:22:10.717+0700] {subprocess.py:93} INFO -   File "/home/***/.local/lib/python3.12/site-packages/transformers/models/auto/tokenization_auto.py", line 649, in get_tokenizer_config
[2025-10-29T03:22:10.717+0700] {subprocess.py:93} INFO -     resolved_config_file = cached_file(
[2025-10-29T03:22:10.717+0700] {subprocess.py:93} INFO -                            ^^^^^^^^^^^^
[2025-10-29T03:22:10.717+0700] {subprocess.py:93} INFO -   File "/home/***/.local/lib/python3.12/site-packages/transformers/utils/hub.py", line 462, in cached_file
[2025-10-29T03:22:10.718+0700] {subprocess.py:93} INFO -     except HFValidationError as e:
[2025-10-29T03:22:10.718+0700] {subprocess.py:93} INFO -   File "/home/***/.local/lib/python3.12/site-packages/huggingface_hub/utils/_validators.py", line 114, in _inner_fn
[2025-10-29T03:22:10.718+0700] {subprocess.py:93} INFO -     return fn(*args, **kwargs)
[2025-10-29T03:22:10.718+0700] {subprocess.py:93} INFO -            ^^^^^^^^^^^^^^^^^^^
[2025-10-29T03:22:10.718+0700] {subprocess.py:93} INFO -   File "/home/***/.local/lib/python3.12/site-packages/huggingface_hub/file_download.py", line 1007, in hf_hub_download
[2025-10-29T03:22:10.718+0700] {subprocess.py:93} INFO -     return _hf_hub_download_to_cache_dir(
[2025-10-29T03:22:10.718+0700] {subprocess.py:93} INFO -            ^^^^^^^^^^^^^^^^^^^^^^^^^^^^^^
[2025-10-29T03:22:10.719+0700] {subprocess.py:93} INFO -   File "/home/***/.local/lib/python3.12/site-packages/huggingface_hub/file_download.py", line 1124, in _hf_hub_download_to_cache_dir
[2025-10-29T03:22:10.719+0700] {subprocess.py:93} INFO -     os.makedirs(os.path.dirname(blob_path), exist_ok=True)
[2025-10-29T03:22:10.719+0700] {subprocess.py:93} INFO -   File "<frozen os>", line 216, in makedirs
[2025-10-29T03:22:10.719+0700] {subprocess.py:93} INFO -   File "<frozen os>", line 216, in makedirs
[2025-10-29T03:22:10.719+0700] {subprocess.py:93} INFO -   File "<frozen os>", line 216, in makedirs
[2025-10-29T03:22:10.719+0700] {subprocess.py:93} INFO -   File "<frozen os>", line 230, in makedirs
[2025-10-29T03:22:10.719+0700] {subprocess.py:93} INFO - PermissionError: [Errno 13] Permission denied: '/home/***/.cache/huggingface'
[2025-10-29T03:22:10.720+0700] {subprocess.py:93} INFO - 
[2025-10-29T03:22:10.720+0700] {subprocess.py:93} INFO - 
[2025-10-29T03:22:10.720+0700] {subprocess.py:93} INFO - 	at py4j.Protocol.getReturnValue(Protocol.java:476)
[2025-10-29T03:22:10.720+0700] {subprocess.py:93} INFO - 	at py4j.reflection.PythonProxyHandler.invoke(PythonProxyHandler.java:108)
[2025-10-29T03:22:10.720+0700] {subprocess.py:93} INFO - 	at jdk.proxy3/jdk.proxy3.$Proxy32.call(Unknown Source)
[2025-10-29T03:22:10.720+0700] {subprocess.py:93} INFO - 	at org.apache.spark.sql.execution.streaming.sources.PythonForeachBatchHelper$.$anonfun$callForeachBatch$1(ForeachBatchSink.scala:53)
[2025-10-29T03:22:10.720+0700] {subprocess.py:93} INFO - 	at org.apache.spark.sql.execution.streaming.sources.PythonForeachBatchHelper$.$anonfun$callForeachBatch$1$adapted(ForeachBatchSink.scala:53)
[2025-10-29T03:22:10.720+0700] {subprocess.py:93} INFO - 	at org.apache.spark.sql.execution.streaming.sources.ForeachBatchSink.addBatch(ForeachBatchSink.scala:34)
[2025-10-29T03:22:10.720+0700] {subprocess.py:93} INFO - 	at org.apache.spark.sql.execution.streaming.MicroBatchExecution.$anonfun$runBatch$17(MicroBatchExecution.scala:732)
[2025-10-29T03:22:10.720+0700] {subprocess.py:93} INFO - 	at org.apache.spark.sql.execution.SQLExecution$.$anonfun$withNewExecutionId$6(SQLExecution.scala:125)
[2025-10-29T03:22:10.721+0700] {subprocess.py:93} INFO - 	at org.apache.spark.sql.execution.SQLExecution$.withSQLConfPropagated(SQLExecution.scala:201)
[2025-10-29T03:22:10.721+0700] {subprocess.py:93} INFO - 	at org.apache.spark.sql.execution.SQLExecution$.$anonfun$withNewExecutionId$1(SQLExecution.scala:108)
[2025-10-29T03:22:10.721+0700] {subprocess.py:93} INFO - 	at org.apache.spark.sql.SparkSession.withActive(SparkSession.scala:900)
[2025-10-29T03:22:10.721+0700] {subprocess.py:93} INFO - 	at org.apache.spark.sql.execution.SQLExecution$.withNewExecutionId(SQLExecution.scala:66)
[2025-10-29T03:22:10.721+0700] {subprocess.py:93} INFO - 	at org.apache.spark.sql.execution.streaming.MicroBatchExecution.$anonfun$runBatch$16(MicroBatchExecution.scala:729)
[2025-10-29T03:22:10.721+0700] {subprocess.py:93} INFO - 	at org.apache.spark.sql.execution.streaming.ProgressReporter.reportTimeTaken(ProgressReporter.scala:427)
[2025-10-29T03:22:10.721+0700] {subprocess.py:93} INFO - 	at org.apache.spark.sql.execution.streaming.ProgressReporter.reportTimeTaken$(ProgressReporter.scala:425)
[2025-10-29T03:22:10.721+0700] {subprocess.py:93} INFO - 	at org.apache.spark.sql.execution.streaming.StreamExecution.reportTimeTaken(StreamExecution.scala:67)
[2025-10-29T03:22:10.721+0700] {subprocess.py:93} INFO - 	at org.apache.spark.sql.execution.streaming.MicroBatchExecution.runBatch(MicroBatchExecution.scala:729)
[2025-10-29T03:22:10.722+0700] {subprocess.py:93} INFO - 	at org.apache.spark.sql.execution.streaming.MicroBatchExecution.$anonfun$runActivatedStream$2(MicroBatchExecution.scala:286)
[2025-10-29T03:22:10.722+0700] {subprocess.py:93} INFO - 	at scala.runtime.java8.JFunction0$mcV$sp.apply(JFunction0$mcV$sp.java:23)
[2025-10-29T03:22:10.722+0700] {subprocess.py:93} INFO - 	at org.apache.spark.sql.execution.streaming.ProgressReporter.reportTimeTaken(ProgressReporter.scala:427)
[2025-10-29T03:22:10.722+0700] {subprocess.py:93} INFO - 	at org.apache.spark.sql.execution.streaming.ProgressReporter.reportTimeTaken$(ProgressReporter.scala:425)
[2025-10-29T03:22:10.722+0700] {subprocess.py:93} INFO - 	at org.apache.spark.sql.execution.streaming.StreamExecution.reportTimeTaken(StreamExecution.scala:67)
[2025-10-29T03:22:10.722+0700] {subprocess.py:93} INFO - 	at org.apache.spark.sql.execution.streaming.MicroBatchExecution.$anonfun$runActivatedStream$1(MicroBatchExecution.scala:249)
[2025-10-29T03:22:10.722+0700] {subprocess.py:93} INFO - 	at org.apache.spark.sql.execution.streaming.ProcessingTimeExecutor.execute(TriggerExecutor.scala:67)
[2025-10-29T03:22:10.723+0700] {subprocess.py:93} INFO - 	at org.apache.spark.sql.execution.streaming.MicroBatchExecution.runActivatedStream(MicroBatchExecution.scala:239)
[2025-10-29T03:22:10.723+0700] {subprocess.py:93} INFO - 	at org.apache.spark.sql.execution.streaming.StreamExecution.$anonfun$runStream$1(StreamExecution.scala:311)
[2025-10-29T03:22:10.723+0700] {subprocess.py:93} INFO - 	at scala.runtime.java8.JFunction0$mcV$sp.apply(JFunction0$mcV$sp.java:23)
[2025-10-29T03:22:10.723+0700] {subprocess.py:93} INFO - 	at org.apache.spark.sql.SparkSession.withActive(SparkSession.scala:900)
[2025-10-29T03:22:10.723+0700] {subprocess.py:93} INFO - 	at org.apache.spark.sql.execution.streaming.StreamExecution.org$apache$spark$sql$execution$streaming$StreamExecution$$runStream(StreamExecution.scala:289)
[2025-10-29T03:22:10.723+0700] {subprocess.py:93} INFO - 	at org.apache.spark.sql.execution.streaming.StreamExecution$$anon$1.$anonfun$run$1(StreamExecution.scala:211)
[2025-10-29T03:22:10.723+0700] {subprocess.py:93} INFO - 	at scala.runtime.java8.JFunction0$mcV$sp.apply(JFunction0$mcV$sp.java:23)
[2025-10-29T03:22:10.724+0700] {subprocess.py:93} INFO - 	at org.apache.spark.JobArtifactSet$.withActiveJobArtifactState(JobArtifactSet.scala:94)
[2025-10-29T03:22:10.724+0700] {subprocess.py:93} INFO - 	at org.apache.spark.sql.execution.streaming.StreamExecution$$anon$1.run(StreamExecution.scala:211)
[2025-10-29T03:22:10.776+0700] {subprocess.py:93} INFO - Traceback (most recent call last):
[2025-10-29T03:22:10.776+0700] {subprocess.py:93} INFO -   File "/opt/***/projects/absa_streaming/scripts/consumer_postgres_streaming.py", line 175, in <module>
[2025-10-29T03:22:10.776+0700] {subprocess.py:93} INFO -     query.awaitTermination()
[2025-10-29T03:22:10.776+0700] {subprocess.py:93} INFO -   File "/home/***/.local/lib/python3.12/site-packages/pyspark/python/lib/pyspark.zip/pyspark/sql/streaming/query.py", line 221, in awaitTermination
[2025-10-29T03:22:10.776+0700] {subprocess.py:93} INFO -   File "/home/***/.local/lib/python3.12/site-packages/pyspark/python/lib/py4j-0.10.9.7-src.zip/py4j/java_gateway.py", line 1322, in __call__
[2025-10-29T03:22:10.777+0700] {subprocess.py:93} INFO -   File "/home/***/.local/lib/python3.12/site-packages/pyspark/python/lib/pyspark.zip/pyspark/errors/exceptions/captured.py", line 185, in deco
[2025-10-29T03:22:10.778+0700] {subprocess.py:93} INFO - pyspark.errors.exceptions.captured.StreamingQueryException: [STREAM_FAILED] Query [id = e286ca7a-e8bd-45e0-be49-70d246b90d64, runId = b2625af3-5abf-4fa1-bf7f-671febfda247] terminated with exception: An exception was raised by the Python Proxy. Return Message: Traceback (most recent call last):
[2025-10-29T03:22:10.778+0700] {subprocess.py:93} INFO -   File "/home/***/.local/lib/python3.12/site-packages/pyspark/python/lib/py4j-0.10.9.7-src.zip/py4j/clientserver.py", line 617, in _call_proxy
[2025-10-29T03:22:10.778+0700] {subprocess.py:93} INFO -     return_value = getattr(self.pool[obj_id], method)(*params)
[2025-10-29T03:22:10.778+0700] {subprocess.py:93} INFO -                    ^^^^^^^^^^^^^^^^^^^^^^^^^^^^^^^^^^^^^^^^^^^
[2025-10-29T03:22:10.779+0700] {subprocess.py:93} INFO -   File "/home/***/.local/lib/python3.12/site-packages/pyspark/python/lib/pyspark.zip/pyspark/sql/utils.py", line 120, in call
[2025-10-29T03:22:10.779+0700] {subprocess.py:93} INFO -     raise e
[2025-10-29T03:22:10.779+0700] {subprocess.py:93} INFO -   File "/home/***/.local/lib/python3.12/site-packages/pyspark/python/lib/pyspark.zip/pyspark/sql/utils.py", line 117, in call
[2025-10-29T03:22:10.779+0700] {subprocess.py:93} INFO -     self.func(DataFrame(jdf, wrapped_session_jdf), batch_id)
[2025-10-29T03:22:10.779+0700] {subprocess.py:93} INFO -   File "/opt/***/projects/absa_streaming/scripts/consumer_postgres_streaming.py", line 125, in write_to_postgres
[2025-10-29T03:22:10.779+0700] {subprocess.py:93} INFO -     total_rows = batch_df.count()
[2025-10-29T03:22:10.779+0700] {subprocess.py:93} INFO -                  ^^^^^^^^^^^^^^^^
[2025-10-29T03:22:10.779+0700] {subprocess.py:93} INFO -   File "/home/***/.local/lib/python3.12/site-packages/pyspark/python/lib/pyspark.zip/pyspark/sql/dataframe.py", line 1238, in count
[2025-10-29T03:22:10.779+0700] {subprocess.py:93} INFO -     return int(self._jdf.count())
[2025-10-29T03:22:10.779+0700] {subprocess.py:93} INFO -                ^^^^^^^^^^^^^^^^^
[2025-10-29T03:22:10.779+0700] {subprocess.py:93} INFO -   File "/home/***/.local/lib/python3.12/site-packages/pyspark/python/lib/py4j-0.10.9.7-src.zip/py4j/java_gateway.py", line 1322, in __call__
[2025-10-29T03:22:10.780+0700] {subprocess.py:93} INFO -     return_value = get_return_value(
[2025-10-29T03:22:10.780+0700] {subprocess.py:93} INFO -                    ^^^^^^^^^^^^^^^^^
[2025-10-29T03:22:10.780+0700] {subprocess.py:93} INFO -   File "/home/***/.local/lib/python3.12/site-packages/pyspark/python/lib/pyspark.zip/pyspark/errors/exceptions/captured.py", line 185, in deco
[2025-10-29T03:22:10.780+0700] {subprocess.py:93} INFO -     raise converted from None
[2025-10-29T03:22:10.780+0700] {subprocess.py:93} INFO - pyspark.errors.exceptions.captured.PythonException:
[2025-10-29T03:22:10.780+0700] {subprocess.py:93} INFO -   An exception was thrown from the Python worker. Please see the stack trace below.
[2025-10-29T03:22:10.780+0700] {subprocess.py:93} INFO - Traceback (most recent call last):
[2025-10-29T03:22:10.780+0700] {subprocess.py:93} INFO -   File "/opt/***/projects/absa_streaming/scripts/consumer_postgres_streaming.py", line 73, in absa_infer_udf
[2025-10-29T03:22:10.780+0700] {subprocess.py:93} INFO -     _tokenizer = AutoTokenizer.from_pretrained(MODEL_NAME, use_fast=True)
[2025-10-29T03:22:10.780+0700] {subprocess.py:93} INFO -                  ^^^^^^^^^^^^^^^^^^^^^^^^^^^^^^^^^^^^^^^^^^^^^^^^^^^^^^^^
[2025-10-29T03:22:10.780+0700] {subprocess.py:93} INFO -   File "/home/***/.local/lib/python3.12/site-packages/transformers/models/auto/tokenization_auto.py", line 817, in from_pretrained
[2025-10-29T03:22:10.781+0700] {subprocess.py:93} INFO -     tokenizer_config = get_tokenizer_config(pretrained_model_name_or_path, **kwargs)
[2025-10-29T03:22:10.781+0700] {subprocess.py:93} INFO -                        ^^^^^^^^^^^^^^^^^^^^^^^^^^^^^^^^^^^^^^^^^^^^^^^^^^^^^^^^^^^^^
[2025-10-29T03:22:10.781+0700] {subprocess.py:93} INFO -   File "/home/***/.local/lib/python3.12/site-packages/transformers/models/auto/tokenization_auto.py", line 649, in get_tokenizer_config
[2025-10-29T03:22:10.781+0700] {subprocess.py:93} INFO -     resolved_config_file = cached_file(
[2025-10-29T03:22:10.781+0700] {subprocess.py:93} INFO -                            ^^^^^^^^^^^^
[2025-10-29T03:22:10.781+0700] {subprocess.py:93} INFO -   File "/home/***/.local/lib/python3.12/site-packages/transformers/utils/hub.py", line 462, in cached_file
[2025-10-29T03:22:10.781+0700] {subprocess.py:93} INFO -     except HFValidationError as e:
[2025-10-29T03:22:10.781+0700] {subprocess.py:93} INFO -   File "/home/***/.local/lib/python3.12/site-packages/huggingface_hub/utils/_validators.py", line 114, in _inner_fn
[2025-10-29T03:22:10.781+0700] {subprocess.py:93} INFO -     return fn(*args, **kwargs)
[2025-10-29T03:22:10.781+0700] {subprocess.py:93} INFO -            ^^^^^^^^^^^^^^^^^^^
[2025-10-29T03:22:10.781+0700] {subprocess.py:93} INFO -   File "/home/***/.local/lib/python3.12/site-packages/huggingface_hub/file_download.py", line 1007, in hf_hub_download
[2025-10-29T03:22:10.782+0700] {subprocess.py:93} INFO -     return _hf_hub_download_to_cache_dir(
[2025-10-29T03:22:10.782+0700] {subprocess.py:93} INFO -            ^^^^^^^^^^^^^^^^^^^^^^^^^^^^^^
[2025-10-29T03:22:10.782+0700] {subprocess.py:93} INFO -   File "/home/***/.local/lib/python3.12/site-packages/huggingface_hub/file_download.py", line 1124, in _hf_hub_download_to_cache_dir
[2025-10-29T03:22:10.782+0700] {subprocess.py:93} INFO -     os.makedirs(os.path.dirname(blob_path), exist_ok=True)
[2025-10-29T03:22:10.782+0700] {subprocess.py:93} INFO -   File "<frozen os>", line 216, in makedirs
[2025-10-29T03:22:10.782+0700] {subprocess.py:93} INFO -   File "<frozen os>", line 216, in makedirs
[2025-10-29T03:22:10.782+0700] {subprocess.py:93} INFO -   File "<frozen os>", line 216, in makedirs
[2025-10-29T03:22:10.782+0700] {subprocess.py:93} INFO -   File "<frozen os>", line 230, in makedirs
[2025-10-29T03:22:10.782+0700] {subprocess.py:93} INFO - PermissionError: [Errno 13] Permission denied: '/home/***/.cache/huggingface'
[2025-10-29T03:22:10.782+0700] {subprocess.py:93} INFO - 
[2025-10-29T03:22:10.782+0700] {subprocess.py:93} INFO - 
[2025-10-29T03:22:11.316+0700] {subprocess.py:97} INFO - Command exited with return code 1
[2025-10-29T03:22:11.316+0700] {taskinstance.py:441} INFO - ::group::Post task execution logs
[2025-10-29T03:22:11.323+0700] {taskinstance.py:2890} ERROR - Task failed with exception
Traceback (most recent call last):
  File "/home/airflow/.local/lib/python3.12/site-packages/airflow/models/taskinstance.py", line 460, in _execute_task
    result = _execute_callable(context=context, **execute_callable_kwargs)
             ^^^^^^^^^^^^^^^^^^^^^^^^^^^^^^^^^^^^^^^^^^^^^^^^^^^^^^^^^^^^^
  File "/home/airflow/.local/lib/python3.12/site-packages/airflow/models/taskinstance.py", line 432, in _execute_callable
    return execute_callable(context=context, **execute_callable_kwargs)
           ^^^^^^^^^^^^^^^^^^^^^^^^^^^^^^^^^^^^^^^^^^^^^^^^^^^^^^^^^^^^
  File "/home/airflow/.local/lib/python3.12/site-packages/airflow/models/baseoperator.py", line 400, in wrapper
    return func(self, *args, **kwargs)
           ^^^^^^^^^^^^^^^^^^^^^^^^^^^
  File "/home/airflow/.local/lib/python3.12/site-packages/airflow/operators/bash.py", line 243, in execute
    raise AirflowException(
airflow.exceptions.AirflowException: Bash command failed. The command returned a non-zero exit code 1.
[2025-10-29T03:22:11.326+0700] {taskinstance.py:1205} INFO - Marking task as UP_FOR_RETRY. dag_id=absa_streaming_lifecycle_demo1, task_id=deploy_consumer, execution_date=20251028T200718, start_date=20251028T202152, end_date=20251028T202211
[2025-10-29T03:22:11.334+0700] {standard_task_runner.py:110} ERROR - Failed to execute job 20 for task deploy_consumer (Bash command failed. The command returned a non-zero exit code 1.; 6216)
[2025-10-29T03:22:11.372+0700] {local_task_job_runner.py:240} INFO - Task exited with return code 1
[2025-10-29T03:22:11.387+0700] {taskinstance.py:3482} INFO - 0 downstream tasks scheduled from follow-on schedule check
[2025-10-29T03:22:11.389+0700] {local_task_job_runner.py:222} INFO - ::endgroup::
