[2025-10-29T03:19:36.984+0700] {local_task_job_runner.py:120} INFO - ::group::Pre task execution logs
[2025-10-29T03:19:36.999+0700] {taskinstance.py:2073} INFO - Dependencies all met for dep_context=non-requeueable deps ti=<TaskInstance: absa_streaming_lifecycle_demo1.deploy_consumer manual__2025-10-28T20:07:18.155316+00:00 [queued]>
[2025-10-29T03:19:37.004+0700] {taskinstance.py:2073} INFO - Dependencies all met for dep_context=requeueable deps ti=<TaskInstance: absa_streaming_lifecycle_demo1.deploy_consumer manual__2025-10-28T20:07:18.155316+00:00 [queued]>
[2025-10-29T03:19:37.005+0700] {taskinstance.py:2303} INFO - Starting attempt 7 of 11
[2025-10-29T03:19:37.013+0700] {taskinstance.py:2327} INFO - Executing <Task(BashOperator): deploy_consumer> on 2025-10-28 20:07:18.155316+00:00
[2025-10-29T03:19:37.021+0700] {warnings.py:110} WARNING - /home/***/.local/lib/python3.12/site-packages/***/task/task_runner/standard_task_runner.py:61: DeprecationWarning: This process (pid=5249) is multi-threaded, use of fork() may lead to deadlocks in the child.
  pid = os.fork()

[2025-10-29T03:19:37.023+0700] {standard_task_runner.py:63} INFO - Started process 5251 to run task
[2025-10-29T03:19:37.023+0700] {standard_task_runner.py:90} INFO - Running: ['***', 'tasks', 'run', 'absa_streaming_lifecycle_demo1', 'deploy_consumer', 'manual__2025-10-28T20:07:18.155316+00:00', '--job-id', '18', '--raw', '--subdir', 'DAGS_FOLDER/absa_streaming_lifecycle_dag1.py', '--cfg-path', '/tmp/tmp6jjkvrd2']
[2025-10-29T03:19:37.025+0700] {standard_task_runner.py:91} INFO - Job 18: Subtask deploy_consumer
[2025-10-29T03:19:37.056+0700] {task_command.py:426} INFO - Running <TaskInstance: absa_streaming_lifecycle_demo1.deploy_consumer manual__2025-10-28T20:07:18.155316+00:00 [running]> on host dfeadd712fc3
[2025-10-29T03:19:37.105+0700] {taskinstance.py:2644} INFO - Exporting env vars: AIRFLOW_CTX_DAG_OWNER='***' AIRFLOW_CTX_DAG_ID='absa_streaming_lifecycle_demo1' AIRFLOW_CTX_TASK_ID='deploy_consumer' AIRFLOW_CTX_EXECUTION_DATE='2025-10-28T20:07:18.155316+00:00' AIRFLOW_CTX_TRY_NUMBER='7' AIRFLOW_CTX_DAG_RUN_ID='manual__2025-10-28T20:07:18.155316+00:00'
[2025-10-29T03:19:37.106+0700] {taskinstance.py:430} INFO - ::endgroup::
[2025-10-29T03:19:37.106+0700] {subprocess.py:63} INFO - Tmp dir root location: /tmp
[2025-10-29T03:19:37.107+0700] {subprocess.py:75} INFO - Running command: ['/usr/bin/bash', '-c', 'bash -c "timeout 45m /opt/***/projects/absa_streaming/scripts/run_consumer.sh"']
[2025-10-29T03:19:37.117+0700] {subprocess.py:86} INFO - Output:
[2025-10-29T03:19:37.121+0700] {subprocess.py:93} INFO - [Consumer] Starting Spark Structured Streaming job...
[2025-10-29T03:19:37.151+0700] {subprocess.py:93} INFO - /home/***/.local/lib/python3.12/site-packages/pyspark/bin/load-spark-env.sh: line 68: ps: command not found
[2025-10-29T03:19:38.029+0700] {subprocess.py:93} INFO - :: loading settings :: url = jar:file:/home/***/.local/lib/python3.12/site-packages/pyspark/jars/ivy-2.5.1.jar!/org/apache/ivy/core/settings/ivysettings.xml
[2025-10-29T03:19:38.069+0700] {subprocess.py:93} INFO - Ivy Default Cache set to: /home/***/.ivy2/cache
[2025-10-29T03:19:38.070+0700] {subprocess.py:93} INFO - The jars for the packages stored in: /home/***/.ivy2/jars
[2025-10-29T03:19:38.072+0700] {subprocess.py:93} INFO - org.apache.spark#spark-sql-kafka-0-10_2.12 added as a dependency
[2025-10-29T03:19:38.072+0700] {subprocess.py:93} INFO - org.postgresql#postgresql added as a dependency
[2025-10-29T03:19:38.073+0700] {subprocess.py:93} INFO - :: resolving dependencies :: org.apache.spark#spark-submit-parent-2a065a4d-0739-460d-b7e3-0d28e81915bd;1.0
[2025-10-29T03:19:38.073+0700] {subprocess.py:93} INFO - 	confs: [default]
[2025-10-29T03:19:38.167+0700] {subprocess.py:93} INFO - 	found org.apache.spark#spark-sql-kafka-0-10_2.12;3.5.1 in central
[2025-10-29T03:19:38.199+0700] {subprocess.py:93} INFO - 	found org.apache.spark#spark-token-provider-kafka-0-10_2.12;3.5.1 in central
[2025-10-29T03:19:38.213+0700] {subprocess.py:93} INFO - 	found org.apache.kafka#kafka-clients;3.4.1 in central
[2025-10-29T03:19:38.228+0700] {subprocess.py:93} INFO - 	found org.lz4#lz4-java;1.8.0 in central
[2025-10-29T03:19:38.243+0700] {subprocess.py:93} INFO - 	found org.xerial.snappy#snappy-java;1.1.10.3 in central
[2025-10-29T03:19:38.257+0700] {subprocess.py:93} INFO - 	found org.slf4j#slf4j-api;2.0.7 in central
[2025-10-29T03:19:38.274+0700] {subprocess.py:93} INFO - 	found org.apache.hadoop#hadoop-client-runtime;3.3.4 in central
[2025-10-29T03:19:38.299+0700] {subprocess.py:93} INFO - 	found org.apache.hadoop#hadoop-client-api;3.3.4 in central
[2025-10-29T03:19:38.317+0700] {subprocess.py:93} INFO - 	found commons-logging#commons-logging;1.1.3 in central
[2025-10-29T03:19:38.328+0700] {subprocess.py:93} INFO - 	found com.google.code.findbugs#jsr305;3.0.0 in central
[2025-10-29T03:19:38.337+0700] {subprocess.py:93} INFO - 	found org.apache.commons#commons-pool2;2.11.1 in central
[2025-10-29T03:19:38.345+0700] {subprocess.py:93} INFO - 	found org.postgresql#postgresql;42.6.0 in central
[2025-10-29T03:19:38.353+0700] {subprocess.py:93} INFO - 	found org.checkerframework#checker-qual;3.31.0 in central
[2025-10-29T03:19:38.372+0700] {subprocess.py:93} INFO - :: resolution report :: resolve 288ms :: artifacts dl 11ms
[2025-10-29T03:19:38.373+0700] {subprocess.py:93} INFO - 	:: modules in use:
[2025-10-29T03:19:38.373+0700] {subprocess.py:93} INFO - 	com.google.code.findbugs#jsr305;3.0.0 from central in [default]
[2025-10-29T03:19:38.373+0700] {subprocess.py:93} INFO - 	commons-logging#commons-logging;1.1.3 from central in [default]
[2025-10-29T03:19:38.374+0700] {subprocess.py:93} INFO - 	org.apache.commons#commons-pool2;2.11.1 from central in [default]
[2025-10-29T03:19:38.374+0700] {subprocess.py:93} INFO - 	org.apache.hadoop#hadoop-client-api;3.3.4 from central in [default]
[2025-10-29T03:19:38.374+0700] {subprocess.py:93} INFO - 	org.apache.hadoop#hadoop-client-runtime;3.3.4 from central in [default]
[2025-10-29T03:19:38.374+0700] {subprocess.py:93} INFO - 	org.apache.kafka#kafka-clients;3.4.1 from central in [default]
[2025-10-29T03:19:38.374+0700] {subprocess.py:93} INFO - 	org.apache.spark#spark-sql-kafka-0-10_2.12;3.5.1 from central in [default]
[2025-10-29T03:19:38.374+0700] {subprocess.py:93} INFO - 	org.apache.spark#spark-token-provider-kafka-0-10_2.12;3.5.1 from central in [default]
[2025-10-29T03:19:38.375+0700] {subprocess.py:93} INFO - 	org.checkerframework#checker-qual;3.31.0 from central in [default]
[2025-10-29T03:19:38.375+0700] {subprocess.py:93} INFO - 	org.lz4#lz4-java;1.8.0 from central in [default]
[2025-10-29T03:19:38.375+0700] {subprocess.py:93} INFO - 	org.postgresql#postgresql;42.6.0 from central in [default]
[2025-10-29T03:19:38.375+0700] {subprocess.py:93} INFO - 	org.slf4j#slf4j-api;2.0.7 from central in [default]
[2025-10-29T03:19:38.375+0700] {subprocess.py:93} INFO - 	org.xerial.snappy#snappy-java;1.1.10.3 from central in [default]
[2025-10-29T03:19:38.375+0700] {subprocess.py:93} INFO - 	---------------------------------------------------------------------
[2025-10-29T03:19:38.376+0700] {subprocess.py:93} INFO - 	|                  |            modules            ||   artifacts   |
[2025-10-29T03:19:38.376+0700] {subprocess.py:93} INFO - 	|       conf       | number| search|dwnlded|evicted|| number|dwnlded|
[2025-10-29T03:19:38.376+0700] {subprocess.py:93} INFO - 	---------------------------------------------------------------------
[2025-10-29T03:19:38.376+0700] {subprocess.py:93} INFO - 	|      default     |   13  |   0   |   0   |   0   ||   13  |   0   |
[2025-10-29T03:19:38.376+0700] {subprocess.py:93} INFO - 	---------------------------------------------------------------------
[2025-10-29T03:19:38.379+0700] {subprocess.py:93} INFO - :: retrieving :: org.apache.spark#spark-submit-parent-2a065a4d-0739-460d-b7e3-0d28e81915bd
[2025-10-29T03:19:38.379+0700] {subprocess.py:93} INFO - 	confs: [default]
[2025-10-29T03:19:38.388+0700] {subprocess.py:93} INFO - 	0 artifacts copied, 13 already retrieved (0kB/9ms)
[2025-10-29T03:19:38.523+0700] {subprocess.py:93} INFO - 25/10/29 03:19:38 WARN NativeCodeLoader: Unable to load native-hadoop library for your platform... using builtin-java classes where applicable
[2025-10-29T03:19:41.736+0700] {subprocess.py:93} INFO - There was a problem when trying to write in your cache folder (/home/***/.cache/huggingface/hub). You should set the environment variable TRANSFORMERS_CACHE to a writable directory.
[2025-10-29T03:19:41.853+0700] {subprocess.py:93} INFO - 25/10/29 03:19:41 INFO SparkContext: Running Spark version 3.5.1
[2025-10-29T03:19:41.854+0700] {subprocess.py:93} INFO - 25/10/29 03:19:41 INFO SparkContext: OS info Linux, 6.14.0-33-generic, amd64
[2025-10-29T03:19:41.854+0700] {subprocess.py:93} INFO - 25/10/29 03:19:41 INFO SparkContext: Java version 17.0.17
[2025-10-29T03:19:41.867+0700] {subprocess.py:93} INFO - 25/10/29 03:19:41 INFO ResourceUtils: ==============================================================
[2025-10-29T03:19:41.867+0700] {subprocess.py:93} INFO - 25/10/29 03:19:41 INFO ResourceUtils: No custom resources configured for spark.driver.
[2025-10-29T03:19:41.867+0700] {subprocess.py:93} INFO - 25/10/29 03:19:41 INFO ResourceUtils: ==============================================================
[2025-10-29T03:19:41.867+0700] {subprocess.py:93} INFO - 25/10/29 03:19:41 INFO SparkContext: Submitted application: Kafka_ABSA_Postgres
[2025-10-29T03:19:41.877+0700] {subprocess.py:93} INFO - 25/10/29 03:19:41 INFO ResourceProfile: Default ResourceProfile created, executor resources: Map(cores -> name: cores, amount: 1, script: , vendor: , memory -> name: memory, amount: 1024, script: , vendor: , offHeap -> name: offHeap, amount: 0, script: , vendor: ), task resources: Map(cpus -> name: cpus, amount: 1.0)
[2025-10-29T03:19:41.882+0700] {subprocess.py:93} INFO - 25/10/29 03:19:41 INFO ResourceProfile: Limiting resource is cpu
[2025-10-29T03:19:41.882+0700] {subprocess.py:93} INFO - 25/10/29 03:19:41 INFO ResourceProfileManager: Added ResourceProfile id: 0
[2025-10-29T03:19:41.907+0700] {subprocess.py:93} INFO - 25/10/29 03:19:41 INFO SecurityManager: Changing view acls to: default
[2025-10-29T03:19:41.907+0700] {subprocess.py:93} INFO - 25/10/29 03:19:41 INFO SecurityManager: Changing modify acls to: default
[2025-10-29T03:19:41.908+0700] {subprocess.py:93} INFO - 25/10/29 03:19:41 INFO SecurityManager: Changing view acls groups to:
[2025-10-29T03:19:41.908+0700] {subprocess.py:93} INFO - 25/10/29 03:19:41 INFO SecurityManager: Changing modify acls groups to:
[2025-10-29T03:19:41.908+0700] {subprocess.py:93} INFO - 25/10/29 03:19:41 INFO SecurityManager: SecurityManager: authentication disabled; ui acls disabled; users with view permissions: default; groups with view permissions: EMPTY; users with modify permissions: default; groups with modify permissions: EMPTY
[2025-10-29T03:19:42.014+0700] {subprocess.py:93} INFO - 25/10/29 03:19:42 INFO Utils: Successfully started service 'sparkDriver' on port 32829.
[2025-10-29T03:19:42.036+0700] {subprocess.py:93} INFO - 25/10/29 03:19:42 INFO SparkEnv: Registering MapOutputTracker
[2025-10-29T03:19:42.058+0700] {subprocess.py:93} INFO - 25/10/29 03:19:42 INFO SparkEnv: Registering BlockManagerMaster
[2025-10-29T03:19:42.069+0700] {subprocess.py:93} INFO - 25/10/29 03:19:42 INFO BlockManagerMasterEndpoint: Using org.apache.spark.storage.DefaultTopologyMapper for getting topology information
[2025-10-29T03:19:42.070+0700] {subprocess.py:93} INFO - 25/10/29 03:19:42 INFO BlockManagerMasterEndpoint: BlockManagerMasterEndpoint up
[2025-10-29T03:19:42.073+0700] {subprocess.py:93} INFO - 25/10/29 03:19:42 INFO SparkEnv: Registering BlockManagerMasterHeartbeat
[2025-10-29T03:19:42.086+0700] {subprocess.py:93} INFO - 25/10/29 03:19:42 INFO DiskBlockManager: Created local directory at /tmp/blockmgr-d3e3620b-a548-49e7-8933-3d7cd1bd3465
[2025-10-29T03:19:42.096+0700] {subprocess.py:93} INFO - 25/10/29 03:19:42 INFO MemoryStore: MemoryStore started with capacity 434.4 MiB
[2025-10-29T03:19:42.106+0700] {subprocess.py:93} INFO - 25/10/29 03:19:42 INFO SparkEnv: Registering OutputCommitCoordinator
[2025-10-29T03:19:42.182+0700] {subprocess.py:93} INFO - 25/10/29 03:19:42 INFO JettyUtils: Start Jetty 0.0.0.0:4040 for SparkUI
[2025-10-29T03:19:42.215+0700] {subprocess.py:93} INFO - 25/10/29 03:19:42 INFO Utils: Successfully started service 'SparkUI' on port 4040.
[2025-10-29T03:19:42.239+0700] {subprocess.py:93} INFO - 25/10/29 03:19:42 INFO SparkContext: Added JAR file:///home/***/.ivy2/jars/org.apache.spark_spark-sql-kafka-0-10_2.12-3.5.1.jar at spark://dfeadd712fc3:32829/jars/org.apache.spark_spark-sql-kafka-0-10_2.12-3.5.1.jar with timestamp 1761682781848
[2025-10-29T03:19:42.240+0700] {subprocess.py:93} INFO - 25/10/29 03:19:42 INFO SparkContext: Added JAR file:///home/***/.ivy2/jars/org.postgresql_postgresql-42.6.0.jar at spark://dfeadd712fc3:32829/jars/org.postgresql_postgresql-42.6.0.jar with timestamp 1761682781848
[2025-10-29T03:19:42.240+0700] {subprocess.py:93} INFO - 25/10/29 03:19:42 INFO SparkContext: Added JAR file:///home/***/.ivy2/jars/org.apache.spark_spark-token-provider-kafka-0-10_2.12-3.5.1.jar at spark://dfeadd712fc3:32829/jars/org.apache.spark_spark-token-provider-kafka-0-10_2.12-3.5.1.jar with timestamp 1761682781848
[2025-10-29T03:19:42.241+0700] {subprocess.py:93} INFO - 25/10/29 03:19:42 INFO SparkContext: Added JAR file:///home/***/.ivy2/jars/org.apache.kafka_kafka-clients-3.4.1.jar at spark://dfeadd712fc3:32829/jars/org.apache.kafka_kafka-clients-3.4.1.jar with timestamp 1761682781848
[2025-10-29T03:19:42.241+0700] {subprocess.py:93} INFO - 25/10/29 03:19:42 INFO SparkContext: Added JAR file:///home/***/.ivy2/jars/com.google.code.findbugs_jsr305-3.0.0.jar at spark://dfeadd712fc3:32829/jars/com.google.code.findbugs_jsr305-3.0.0.jar with timestamp 1761682781848
[2025-10-29T03:19:42.241+0700] {subprocess.py:93} INFO - 25/10/29 03:19:42 INFO SparkContext: Added JAR file:///home/***/.ivy2/jars/org.apache.commons_commons-pool2-2.11.1.jar at spark://dfeadd712fc3:32829/jars/org.apache.commons_commons-pool2-2.11.1.jar with timestamp 1761682781848
[2025-10-29T03:19:42.242+0700] {subprocess.py:93} INFO - 25/10/29 03:19:42 INFO SparkContext: Added JAR file:///home/***/.ivy2/jars/org.apache.hadoop_hadoop-client-runtime-3.3.4.jar at spark://dfeadd712fc3:32829/jars/org.apache.hadoop_hadoop-client-runtime-3.3.4.jar with timestamp 1761682781848
[2025-10-29T03:19:42.242+0700] {subprocess.py:93} INFO - 25/10/29 03:19:42 INFO SparkContext: Added JAR file:///home/***/.ivy2/jars/org.lz4_lz4-java-1.8.0.jar at spark://dfeadd712fc3:32829/jars/org.lz4_lz4-java-1.8.0.jar with timestamp 1761682781848
[2025-10-29T03:19:42.242+0700] {subprocess.py:93} INFO - 25/10/29 03:19:42 INFO SparkContext: Added JAR file:///home/***/.ivy2/jars/org.xerial.snappy_snappy-java-1.1.10.3.jar at spark://dfeadd712fc3:32829/jars/org.xerial.snappy_snappy-java-1.1.10.3.jar with timestamp 1761682781848
[2025-10-29T03:19:42.242+0700] {subprocess.py:93} INFO - 25/10/29 03:19:42 INFO SparkContext: Added JAR file:///home/***/.ivy2/jars/org.slf4j_slf4j-api-2.0.7.jar at spark://dfeadd712fc3:32829/jars/org.slf4j_slf4j-api-2.0.7.jar with timestamp 1761682781848
[2025-10-29T03:19:42.243+0700] {subprocess.py:93} INFO - 25/10/29 03:19:42 INFO SparkContext: Added JAR file:///home/***/.ivy2/jars/org.apache.hadoop_hadoop-client-api-3.3.4.jar at spark://dfeadd712fc3:32829/jars/org.apache.hadoop_hadoop-client-api-3.3.4.jar with timestamp 1761682781848
[2025-10-29T03:19:42.243+0700] {subprocess.py:93} INFO - 25/10/29 03:19:42 INFO SparkContext: Added JAR file:///home/***/.ivy2/jars/commons-logging_commons-logging-1.1.3.jar at spark://dfeadd712fc3:32829/jars/commons-logging_commons-logging-1.1.3.jar with timestamp 1761682781848
[2025-10-29T03:19:42.243+0700] {subprocess.py:93} INFO - 25/10/29 03:19:42 INFO SparkContext: Added JAR file:///home/***/.ivy2/jars/org.checkerframework_checker-qual-3.31.0.jar at spark://dfeadd712fc3:32829/jars/org.checkerframework_checker-qual-3.31.0.jar with timestamp 1761682781848
[2025-10-29T03:19:42.244+0700] {subprocess.py:93} INFO - 25/10/29 03:19:42 INFO SparkContext: Added file file:///home/***/.ivy2/jars/org.apache.spark_spark-sql-kafka-0-10_2.12-3.5.1.jar at file:///home/***/.ivy2/jars/org.apache.spark_spark-sql-kafka-0-10_2.12-3.5.1.jar with timestamp 1761682781848
[2025-10-29T03:19:42.245+0700] {subprocess.py:93} INFO - 25/10/29 03:19:42 INFO Utils: Copying /home/***/.ivy2/jars/org.apache.spark_spark-sql-kafka-0-10_2.12-3.5.1.jar to /tmp/spark-c601b85f-06c2-45bd-b3a0-c6ff0b947ad7/userFiles-96a63328-996c-4621-aef2-5e7d071da45b/org.apache.spark_spark-sql-kafka-0-10_2.12-3.5.1.jar
[2025-10-29T03:19:42.252+0700] {subprocess.py:93} INFO - 25/10/29 03:19:42 INFO SparkContext: Added file file:///home/***/.ivy2/jars/org.postgresql_postgresql-42.6.0.jar at file:///home/***/.ivy2/jars/org.postgresql_postgresql-42.6.0.jar with timestamp 1761682781848
[2025-10-29T03:19:42.253+0700] {subprocess.py:93} INFO - 25/10/29 03:19:42 INFO Utils: Copying /home/***/.ivy2/jars/org.postgresql_postgresql-42.6.0.jar to /tmp/spark-c601b85f-06c2-45bd-b3a0-c6ff0b947ad7/userFiles-96a63328-996c-4621-aef2-5e7d071da45b/org.postgresql_postgresql-42.6.0.jar
[2025-10-29T03:19:42.257+0700] {subprocess.py:93} INFO - 25/10/29 03:19:42 INFO SparkContext: Added file file:///home/***/.ivy2/jars/org.apache.spark_spark-token-provider-kafka-0-10_2.12-3.5.1.jar at file:///home/***/.ivy2/jars/org.apache.spark_spark-token-provider-kafka-0-10_2.12-3.5.1.jar with timestamp 1761682781848
[2025-10-29T03:19:42.257+0700] {subprocess.py:93} INFO - 25/10/29 03:19:42 INFO Utils: Copying /home/***/.ivy2/jars/org.apache.spark_spark-token-provider-kafka-0-10_2.12-3.5.1.jar to /tmp/spark-c601b85f-06c2-45bd-b3a0-c6ff0b947ad7/userFiles-96a63328-996c-4621-aef2-5e7d071da45b/org.apache.spark_spark-token-provider-kafka-0-10_2.12-3.5.1.jar
[2025-10-29T03:19:42.260+0700] {subprocess.py:93} INFO - 25/10/29 03:19:42 INFO SparkContext: Added file file:///home/***/.ivy2/jars/org.apache.kafka_kafka-clients-3.4.1.jar at file:///home/***/.ivy2/jars/org.apache.kafka_kafka-clients-3.4.1.jar with timestamp 1761682781848
[2025-10-29T03:19:42.261+0700] {subprocess.py:93} INFO - 25/10/29 03:19:42 INFO Utils: Copying /home/***/.ivy2/jars/org.apache.kafka_kafka-clients-3.4.1.jar to /tmp/spark-c601b85f-06c2-45bd-b3a0-c6ff0b947ad7/userFiles-96a63328-996c-4621-aef2-5e7d071da45b/org.apache.kafka_kafka-clients-3.4.1.jar
[2025-10-29T03:19:42.266+0700] {subprocess.py:93} INFO - 25/10/29 03:19:42 INFO SparkContext: Added file file:///home/***/.ivy2/jars/com.google.code.findbugs_jsr305-3.0.0.jar at file:///home/***/.ivy2/jars/com.google.code.findbugs_jsr305-3.0.0.jar with timestamp 1761682781848
[2025-10-29T03:19:42.267+0700] {subprocess.py:93} INFO - 25/10/29 03:19:42 INFO Utils: Copying /home/***/.ivy2/jars/com.google.code.findbugs_jsr305-3.0.0.jar to /tmp/spark-c601b85f-06c2-45bd-b3a0-c6ff0b947ad7/userFiles-96a63328-996c-4621-aef2-5e7d071da45b/com.google.code.findbugs_jsr305-3.0.0.jar
[2025-10-29T03:19:42.270+0700] {subprocess.py:93} INFO - 25/10/29 03:19:42 INFO SparkContext: Added file file:///home/***/.ivy2/jars/org.apache.commons_commons-pool2-2.11.1.jar at file:///home/***/.ivy2/jars/org.apache.commons_commons-pool2-2.11.1.jar with timestamp 1761682781848
[2025-10-29T03:19:42.270+0700] {subprocess.py:93} INFO - 25/10/29 03:19:42 INFO Utils: Copying /home/***/.ivy2/jars/org.apache.commons_commons-pool2-2.11.1.jar to /tmp/spark-c601b85f-06c2-45bd-b3a0-c6ff0b947ad7/userFiles-96a63328-996c-4621-aef2-5e7d071da45b/org.apache.commons_commons-pool2-2.11.1.jar
[2025-10-29T03:19:42.274+0700] {subprocess.py:93} INFO - 25/10/29 03:19:42 INFO SparkContext: Added file file:///home/***/.ivy2/jars/org.apache.hadoop_hadoop-client-runtime-3.3.4.jar at file:///home/***/.ivy2/jars/org.apache.hadoop_hadoop-client-runtime-3.3.4.jar with timestamp 1761682781848
[2025-10-29T03:19:42.274+0700] {subprocess.py:93} INFO - 25/10/29 03:19:42 INFO Utils: Copying /home/***/.ivy2/jars/org.apache.hadoop_hadoop-client-runtime-3.3.4.jar to /tmp/spark-c601b85f-06c2-45bd-b3a0-c6ff0b947ad7/userFiles-96a63328-996c-4621-aef2-5e7d071da45b/org.apache.hadoop_hadoop-client-runtime-3.3.4.jar
[2025-10-29T03:19:42.292+0700] {subprocess.py:93} INFO - 25/10/29 03:19:42 INFO SparkContext: Added file file:///home/***/.ivy2/jars/org.lz4_lz4-java-1.8.0.jar at file:///home/***/.ivy2/jars/org.lz4_lz4-java-1.8.0.jar with timestamp 1761682781848
[2025-10-29T03:19:42.293+0700] {subprocess.py:93} INFO - 25/10/29 03:19:42 INFO Utils: Copying /home/***/.ivy2/jars/org.lz4_lz4-java-1.8.0.jar to /tmp/spark-c601b85f-06c2-45bd-b3a0-c6ff0b947ad7/userFiles-96a63328-996c-4621-aef2-5e7d071da45b/org.lz4_lz4-java-1.8.0.jar
[2025-10-29T03:19:42.296+0700] {subprocess.py:93} INFO - 25/10/29 03:19:42 INFO SparkContext: Added file file:///home/***/.ivy2/jars/org.xerial.snappy_snappy-java-1.1.10.3.jar at file:///home/***/.ivy2/jars/org.xerial.snappy_snappy-java-1.1.10.3.jar with timestamp 1761682781848
[2025-10-29T03:19:42.297+0700] {subprocess.py:93} INFO - 25/10/29 03:19:42 INFO Utils: Copying /home/***/.ivy2/jars/org.xerial.snappy_snappy-java-1.1.10.3.jar to /tmp/spark-c601b85f-06c2-45bd-b3a0-c6ff0b947ad7/userFiles-96a63328-996c-4621-aef2-5e7d071da45b/org.xerial.snappy_snappy-java-1.1.10.3.jar
[2025-10-29T03:19:42.301+0700] {subprocess.py:93} INFO - 25/10/29 03:19:42 INFO SparkContext: Added file file:///home/***/.ivy2/jars/org.slf4j_slf4j-api-2.0.7.jar at file:///home/***/.ivy2/jars/org.slf4j_slf4j-api-2.0.7.jar with timestamp 1761682781848
[2025-10-29T03:19:42.301+0700] {subprocess.py:93} INFO - 25/10/29 03:19:42 INFO Utils: Copying /home/***/.ivy2/jars/org.slf4j_slf4j-api-2.0.7.jar to /tmp/spark-c601b85f-06c2-45bd-b3a0-c6ff0b947ad7/userFiles-96a63328-996c-4621-aef2-5e7d071da45b/org.slf4j_slf4j-api-2.0.7.jar
[2025-10-29T03:19:42.304+0700] {subprocess.py:93} INFO - 25/10/29 03:19:42 INFO SparkContext: Added file file:///home/***/.ivy2/jars/org.apache.hadoop_hadoop-client-api-3.3.4.jar at file:///home/***/.ivy2/jars/org.apache.hadoop_hadoop-client-api-3.3.4.jar with timestamp 1761682781848
[2025-10-29T03:19:42.304+0700] {subprocess.py:93} INFO - 25/10/29 03:19:42 INFO Utils: Copying /home/***/.ivy2/jars/org.apache.hadoop_hadoop-client-api-3.3.4.jar to /tmp/spark-c601b85f-06c2-45bd-b3a0-c6ff0b947ad7/userFiles-96a63328-996c-4621-aef2-5e7d071da45b/org.apache.hadoop_hadoop-client-api-3.3.4.jar
[2025-10-29T03:19:42.316+0700] {subprocess.py:93} INFO - 25/10/29 03:19:42 INFO SparkContext: Added file file:///home/***/.ivy2/jars/commons-logging_commons-logging-1.1.3.jar at file:///home/***/.ivy2/jars/commons-logging_commons-logging-1.1.3.jar with timestamp 1761682781848
[2025-10-29T03:19:42.316+0700] {subprocess.py:93} INFO - 25/10/29 03:19:42 INFO Utils: Copying /home/***/.ivy2/jars/commons-logging_commons-logging-1.1.3.jar to /tmp/spark-c601b85f-06c2-45bd-b3a0-c6ff0b947ad7/userFiles-96a63328-996c-4621-aef2-5e7d071da45b/commons-logging_commons-logging-1.1.3.jar
[2025-10-29T03:19:42.319+0700] {subprocess.py:93} INFO - 25/10/29 03:19:42 INFO SparkContext: Added file file:///home/***/.ivy2/jars/org.checkerframework_checker-qual-3.31.0.jar at file:///home/***/.ivy2/jars/org.checkerframework_checker-qual-3.31.0.jar with timestamp 1761682781848
[2025-10-29T03:19:42.319+0700] {subprocess.py:93} INFO - 25/10/29 03:19:42 INFO Utils: Copying /home/***/.ivy2/jars/org.checkerframework_checker-qual-3.31.0.jar to /tmp/spark-c601b85f-06c2-45bd-b3a0-c6ff0b947ad7/userFiles-96a63328-996c-4621-aef2-5e7d071da45b/org.checkerframework_checker-qual-3.31.0.jar
[2025-10-29T03:19:42.351+0700] {subprocess.py:93} INFO - 25/10/29 03:19:42 INFO Executor: Starting executor ID driver on host dfeadd712fc3
[2025-10-29T03:19:42.352+0700] {subprocess.py:93} INFO - 25/10/29 03:19:42 INFO Executor: OS info Linux, 6.14.0-33-generic, amd64
[2025-10-29T03:19:42.352+0700] {subprocess.py:93} INFO - 25/10/29 03:19:42 INFO Executor: Java version 17.0.17
[2025-10-29T03:19:42.355+0700] {subprocess.py:93} INFO - 25/10/29 03:19:42 INFO Executor: Starting executor with user classpath (userClassPathFirst = false): ''
[2025-10-29T03:19:42.355+0700] {subprocess.py:93} INFO - 25/10/29 03:19:42 INFO Executor: Created or updated repl class loader org.apache.spark.util.MutableURLClassLoader@162c229b for default.
[2025-10-29T03:19:42.361+0700] {subprocess.py:93} INFO - 25/10/29 03:19:42 INFO Executor: Fetching file:///home/***/.ivy2/jars/org.apache.spark_spark-sql-kafka-0-10_2.12-3.5.1.jar with timestamp 1761682781848
[2025-10-29T03:19:42.372+0700] {subprocess.py:93} INFO - 25/10/29 03:19:42 INFO Utils: /home/***/.ivy2/jars/org.apache.spark_spark-sql-kafka-0-10_2.12-3.5.1.jar has been previously copied to /tmp/spark-c601b85f-06c2-45bd-b3a0-c6ff0b947ad7/userFiles-96a63328-996c-4621-aef2-5e7d071da45b/org.apache.spark_spark-sql-kafka-0-10_2.12-3.5.1.jar
[2025-10-29T03:19:42.375+0700] {subprocess.py:93} INFO - 25/10/29 03:19:42 INFO Executor: Fetching file:///home/***/.ivy2/jars/org.apache.hadoop_hadoop-client-runtime-3.3.4.jar with timestamp 1761682781848
[2025-10-29T03:19:42.389+0700] {subprocess.py:93} INFO - 25/10/29 03:19:42 INFO Utils: /home/***/.ivy2/jars/org.apache.hadoop_hadoop-client-runtime-3.3.4.jar has been previously copied to /tmp/spark-c601b85f-06c2-45bd-b3a0-c6ff0b947ad7/userFiles-96a63328-996c-4621-aef2-5e7d071da45b/org.apache.hadoop_hadoop-client-runtime-3.3.4.jar
[2025-10-29T03:19:42.392+0700] {subprocess.py:93} INFO - 25/10/29 03:19:42 INFO Executor: Fetching file:///home/***/.ivy2/jars/org.apache.hadoop_hadoop-client-api-3.3.4.jar with timestamp 1761682781848
[2025-10-29T03:19:42.402+0700] {subprocess.py:93} INFO - 25/10/29 03:19:42 INFO Utils: /home/***/.ivy2/jars/org.apache.hadoop_hadoop-client-api-3.3.4.jar has been previously copied to /tmp/spark-c601b85f-06c2-45bd-b3a0-c6ff0b947ad7/userFiles-96a63328-996c-4621-aef2-5e7d071da45b/org.apache.hadoop_hadoop-client-api-3.3.4.jar
[2025-10-29T03:19:42.405+0700] {subprocess.py:93} INFO - 25/10/29 03:19:42 INFO Executor: Fetching file:///home/***/.ivy2/jars/org.apache.spark_spark-token-provider-kafka-0-10_2.12-3.5.1.jar with timestamp 1761682781848
[2025-10-29T03:19:42.405+0700] {subprocess.py:93} INFO - 25/10/29 03:19:42 INFO Utils: /home/***/.ivy2/jars/org.apache.spark_spark-token-provider-kafka-0-10_2.12-3.5.1.jar has been previously copied to /tmp/spark-c601b85f-06c2-45bd-b3a0-c6ff0b947ad7/userFiles-96a63328-996c-4621-aef2-5e7d071da45b/org.apache.spark_spark-token-provider-kafka-0-10_2.12-3.5.1.jar
[2025-10-29T03:19:42.407+0700] {subprocess.py:93} INFO - 25/10/29 03:19:42 INFO Executor: Fetching file:///home/***/.ivy2/jars/com.google.code.findbugs_jsr305-3.0.0.jar with timestamp 1761682781848
[2025-10-29T03:19:42.407+0700] {subprocess.py:93} INFO - 25/10/29 03:19:42 INFO Utils: /home/***/.ivy2/jars/com.google.code.findbugs_jsr305-3.0.0.jar has been previously copied to /tmp/spark-c601b85f-06c2-45bd-b3a0-c6ff0b947ad7/userFiles-96a63328-996c-4621-aef2-5e7d071da45b/com.google.code.findbugs_jsr305-3.0.0.jar
[2025-10-29T03:19:42.409+0700] {subprocess.py:93} INFO - 25/10/29 03:19:42 INFO Executor: Fetching file:///home/***/.ivy2/jars/org.lz4_lz4-java-1.8.0.jar with timestamp 1761682781848
[2025-10-29T03:19:42.410+0700] {subprocess.py:93} INFO - 25/10/29 03:19:42 INFO Utils: /home/***/.ivy2/jars/org.lz4_lz4-java-1.8.0.jar has been previously copied to /tmp/spark-c601b85f-06c2-45bd-b3a0-c6ff0b947ad7/userFiles-96a63328-996c-4621-aef2-5e7d071da45b/org.lz4_lz4-java-1.8.0.jar
[2025-10-29T03:19:42.412+0700] {subprocess.py:93} INFO - 25/10/29 03:19:42 INFO Executor: Fetching file:///home/***/.ivy2/jars/org.slf4j_slf4j-api-2.0.7.jar with timestamp 1761682781848
[2025-10-29T03:19:42.412+0700] {subprocess.py:93} INFO - 25/10/29 03:19:42 INFO Utils: /home/***/.ivy2/jars/org.slf4j_slf4j-api-2.0.7.jar has been previously copied to /tmp/spark-c601b85f-06c2-45bd-b3a0-c6ff0b947ad7/userFiles-96a63328-996c-4621-aef2-5e7d071da45b/org.slf4j_slf4j-api-2.0.7.jar
[2025-10-29T03:19:42.414+0700] {subprocess.py:93} INFO - 25/10/29 03:19:42 INFO Executor: Fetching file:///home/***/.ivy2/jars/org.checkerframework_checker-qual-3.31.0.jar with timestamp 1761682781848
[2025-10-29T03:19:42.414+0700] {subprocess.py:93} INFO - 25/10/29 03:19:42 INFO Utils: /home/***/.ivy2/jars/org.checkerframework_checker-qual-3.31.0.jar has been previously copied to /tmp/spark-c601b85f-06c2-45bd-b3a0-c6ff0b947ad7/userFiles-96a63328-996c-4621-aef2-5e7d071da45b/org.checkerframework_checker-qual-3.31.0.jar
[2025-10-29T03:19:42.417+0700] {subprocess.py:93} INFO - 25/10/29 03:19:42 INFO Executor: Fetching file:///home/***/.ivy2/jars/org.apache.commons_commons-pool2-2.11.1.jar with timestamp 1761682781848
[2025-10-29T03:19:42.417+0700] {subprocess.py:93} INFO - 25/10/29 03:19:42 INFO Utils: /home/***/.ivy2/jars/org.apache.commons_commons-pool2-2.11.1.jar has been previously copied to /tmp/spark-c601b85f-06c2-45bd-b3a0-c6ff0b947ad7/userFiles-96a63328-996c-4621-aef2-5e7d071da45b/org.apache.commons_commons-pool2-2.11.1.jar
[2025-10-29T03:19:42.419+0700] {subprocess.py:93} INFO - 25/10/29 03:19:42 INFO Executor: Fetching file:///home/***/.ivy2/jars/commons-logging_commons-logging-1.1.3.jar with timestamp 1761682781848
[2025-10-29T03:19:42.419+0700] {subprocess.py:93} INFO - 25/10/29 03:19:42 INFO Utils: /home/***/.ivy2/jars/commons-logging_commons-logging-1.1.3.jar has been previously copied to /tmp/spark-c601b85f-06c2-45bd-b3a0-c6ff0b947ad7/userFiles-96a63328-996c-4621-aef2-5e7d071da45b/commons-logging_commons-logging-1.1.3.jar
[2025-10-29T03:19:42.421+0700] {subprocess.py:93} INFO - 25/10/29 03:19:42 INFO Executor: Fetching file:///home/***/.ivy2/jars/org.xerial.snappy_snappy-java-1.1.10.3.jar with timestamp 1761682781848
[2025-10-29T03:19:42.423+0700] {subprocess.py:93} INFO - 25/10/29 03:19:42 INFO Utils: /home/***/.ivy2/jars/org.xerial.snappy_snappy-java-1.1.10.3.jar has been previously copied to /tmp/spark-c601b85f-06c2-45bd-b3a0-c6ff0b947ad7/userFiles-96a63328-996c-4621-aef2-5e7d071da45b/org.xerial.snappy_snappy-java-1.1.10.3.jar
[2025-10-29T03:19:42.425+0700] {subprocess.py:93} INFO - 25/10/29 03:19:42 INFO Executor: Fetching file:///home/***/.ivy2/jars/org.postgresql_postgresql-42.6.0.jar with timestamp 1761682781848
[2025-10-29T03:19:42.425+0700] {subprocess.py:93} INFO - 25/10/29 03:19:42 INFO Utils: /home/***/.ivy2/jars/org.postgresql_postgresql-42.6.0.jar has been previously copied to /tmp/spark-c601b85f-06c2-45bd-b3a0-c6ff0b947ad7/userFiles-96a63328-996c-4621-aef2-5e7d071da45b/org.postgresql_postgresql-42.6.0.jar
[2025-10-29T03:19:42.427+0700] {subprocess.py:93} INFO - 25/10/29 03:19:42 INFO Executor: Fetching file:///home/***/.ivy2/jars/org.apache.kafka_kafka-clients-3.4.1.jar with timestamp 1761682781848
[2025-10-29T03:19:42.430+0700] {subprocess.py:93} INFO - 25/10/29 03:19:42 INFO Utils: /home/***/.ivy2/jars/org.apache.kafka_kafka-clients-3.4.1.jar has been previously copied to /tmp/spark-c601b85f-06c2-45bd-b3a0-c6ff0b947ad7/userFiles-96a63328-996c-4621-aef2-5e7d071da45b/org.apache.kafka_kafka-clients-3.4.1.jar
[2025-10-29T03:19:42.433+0700] {subprocess.py:93} INFO - 25/10/29 03:19:42 INFO Executor: Fetching spark://dfeadd712fc3:32829/jars/org.slf4j_slf4j-api-2.0.7.jar with timestamp 1761682781848
[2025-10-29T03:19:42.452+0700] {subprocess.py:93} INFO - 25/10/29 03:19:42 INFO TransportClientFactory: Successfully created connection to dfeadd712fc3/172.18.0.6:32829 after 14 ms (0 ms spent in bootstraps)
[2025-10-29T03:19:42.455+0700] {subprocess.py:93} INFO - 25/10/29 03:19:42 INFO Utils: Fetching spark://dfeadd712fc3:32829/jars/org.slf4j_slf4j-api-2.0.7.jar to /tmp/spark-c601b85f-06c2-45bd-b3a0-c6ff0b947ad7/userFiles-96a63328-996c-4621-aef2-5e7d071da45b/fetchFileTemp10927986279586160505.tmp
[2025-10-29T03:19:42.464+0700] {subprocess.py:93} INFO - 25/10/29 03:19:42 INFO Utils: /tmp/spark-c601b85f-06c2-45bd-b3a0-c6ff0b947ad7/userFiles-96a63328-996c-4621-aef2-5e7d071da45b/fetchFileTemp10927986279586160505.tmp has been previously copied to /tmp/spark-c601b85f-06c2-45bd-b3a0-c6ff0b947ad7/userFiles-96a63328-996c-4621-aef2-5e7d071da45b/org.slf4j_slf4j-api-2.0.7.jar
[2025-10-29T03:19:42.467+0700] {subprocess.py:93} INFO - 25/10/29 03:19:42 INFO Executor: Adding file:/tmp/spark-c601b85f-06c2-45bd-b3a0-c6ff0b947ad7/userFiles-96a63328-996c-4621-aef2-5e7d071da45b/org.slf4j_slf4j-api-2.0.7.jar to class loader default
[2025-10-29T03:19:42.468+0700] {subprocess.py:93} INFO - 25/10/29 03:19:42 INFO Executor: Fetching spark://dfeadd712fc3:32829/jars/org.apache.spark_spark-sql-kafka-0-10_2.12-3.5.1.jar with timestamp 1761682781848
[2025-10-29T03:19:42.468+0700] {subprocess.py:93} INFO - 25/10/29 03:19:42 INFO Utils: Fetching spark://dfeadd712fc3:32829/jars/org.apache.spark_spark-sql-kafka-0-10_2.12-3.5.1.jar to /tmp/spark-c601b85f-06c2-45bd-b3a0-c6ff0b947ad7/userFiles-96a63328-996c-4621-aef2-5e7d071da45b/fetchFileTemp12745525428049159341.tmp
[2025-10-29T03:19:42.470+0700] {subprocess.py:93} INFO - 25/10/29 03:19:42 INFO Utils: /tmp/spark-c601b85f-06c2-45bd-b3a0-c6ff0b947ad7/userFiles-96a63328-996c-4621-aef2-5e7d071da45b/fetchFileTemp12745525428049159341.tmp has been previously copied to /tmp/spark-c601b85f-06c2-45bd-b3a0-c6ff0b947ad7/userFiles-96a63328-996c-4621-aef2-5e7d071da45b/org.apache.spark_spark-sql-kafka-0-10_2.12-3.5.1.jar
[2025-10-29T03:19:42.473+0700] {subprocess.py:93} INFO - 25/10/29 03:19:42 INFO Executor: Adding file:/tmp/spark-c601b85f-06c2-45bd-b3a0-c6ff0b947ad7/userFiles-96a63328-996c-4621-aef2-5e7d071da45b/org.apache.spark_spark-sql-kafka-0-10_2.12-3.5.1.jar to class loader default
[2025-10-29T03:19:42.473+0700] {subprocess.py:93} INFO - 25/10/29 03:19:42 INFO Executor: Fetching spark://dfeadd712fc3:32829/jars/org.apache.commons_commons-pool2-2.11.1.jar with timestamp 1761682781848
[2025-10-29T03:19:42.473+0700] {subprocess.py:93} INFO - 25/10/29 03:19:42 INFO Utils: Fetching spark://dfeadd712fc3:32829/jars/org.apache.commons_commons-pool2-2.11.1.jar to /tmp/spark-c601b85f-06c2-45bd-b3a0-c6ff0b947ad7/userFiles-96a63328-996c-4621-aef2-5e7d071da45b/fetchFileTemp8536668589581080053.tmp
[2025-10-29T03:19:42.474+0700] {subprocess.py:93} INFO - 25/10/29 03:19:42 INFO Utils: /tmp/spark-c601b85f-06c2-45bd-b3a0-c6ff0b947ad7/userFiles-96a63328-996c-4621-aef2-5e7d071da45b/fetchFileTemp8536668589581080053.tmp has been previously copied to /tmp/spark-c601b85f-06c2-45bd-b3a0-c6ff0b947ad7/userFiles-96a63328-996c-4621-aef2-5e7d071da45b/org.apache.commons_commons-pool2-2.11.1.jar
[2025-10-29T03:19:42.476+0700] {subprocess.py:93} INFO - 25/10/29 03:19:42 INFO Executor: Adding file:/tmp/spark-c601b85f-06c2-45bd-b3a0-c6ff0b947ad7/userFiles-96a63328-996c-4621-aef2-5e7d071da45b/org.apache.commons_commons-pool2-2.11.1.jar to class loader default
[2025-10-29T03:19:42.476+0700] {subprocess.py:93} INFO - 25/10/29 03:19:42 INFO Executor: Fetching spark://dfeadd712fc3:32829/jars/org.apache.spark_spark-token-provider-kafka-0-10_2.12-3.5.1.jar with timestamp 1761682781848
[2025-10-29T03:19:42.477+0700] {subprocess.py:93} INFO - 25/10/29 03:19:42 INFO Utils: Fetching spark://dfeadd712fc3:32829/jars/org.apache.spark_spark-token-provider-kafka-0-10_2.12-3.5.1.jar to /tmp/spark-c601b85f-06c2-45bd-b3a0-c6ff0b947ad7/userFiles-96a63328-996c-4621-aef2-5e7d071da45b/fetchFileTemp14616955754573045333.tmp
[2025-10-29T03:19:42.477+0700] {subprocess.py:93} INFO - 25/10/29 03:19:42 INFO Utils: /tmp/spark-c601b85f-06c2-45bd-b3a0-c6ff0b947ad7/userFiles-96a63328-996c-4621-aef2-5e7d071da45b/fetchFileTemp14616955754573045333.tmp has been previously copied to /tmp/spark-c601b85f-06c2-45bd-b3a0-c6ff0b947ad7/userFiles-96a63328-996c-4621-aef2-5e7d071da45b/org.apache.spark_spark-token-provider-kafka-0-10_2.12-3.5.1.jar
[2025-10-29T03:19:42.480+0700] {subprocess.py:93} INFO - 25/10/29 03:19:42 INFO Executor: Adding file:/tmp/spark-c601b85f-06c2-45bd-b3a0-c6ff0b947ad7/userFiles-96a63328-996c-4621-aef2-5e7d071da45b/org.apache.spark_spark-token-provider-kafka-0-10_2.12-3.5.1.jar to class loader default
[2025-10-29T03:19:42.480+0700] {subprocess.py:93} INFO - 25/10/29 03:19:42 INFO Executor: Fetching spark://dfeadd712fc3:32829/jars/org.checkerframework_checker-qual-3.31.0.jar with timestamp 1761682781848
[2025-10-29T03:19:42.480+0700] {subprocess.py:93} INFO - 25/10/29 03:19:42 INFO Utils: Fetching spark://dfeadd712fc3:32829/jars/org.checkerframework_checker-qual-3.31.0.jar to /tmp/spark-c601b85f-06c2-45bd-b3a0-c6ff0b947ad7/userFiles-96a63328-996c-4621-aef2-5e7d071da45b/fetchFileTemp4940110925929339880.tmp
[2025-10-29T03:19:42.481+0700] {subprocess.py:93} INFO - 25/10/29 03:19:42 INFO Utils: /tmp/spark-c601b85f-06c2-45bd-b3a0-c6ff0b947ad7/userFiles-96a63328-996c-4621-aef2-5e7d071da45b/fetchFileTemp4940110925929339880.tmp has been previously copied to /tmp/spark-c601b85f-06c2-45bd-b3a0-c6ff0b947ad7/userFiles-96a63328-996c-4621-aef2-5e7d071da45b/org.checkerframework_checker-qual-3.31.0.jar
[2025-10-29T03:19:42.483+0700] {subprocess.py:93} INFO - 25/10/29 03:19:42 INFO Executor: Adding file:/tmp/spark-c601b85f-06c2-45bd-b3a0-c6ff0b947ad7/userFiles-96a63328-996c-4621-aef2-5e7d071da45b/org.checkerframework_checker-qual-3.31.0.jar to class loader default
[2025-10-29T03:19:42.483+0700] {subprocess.py:93} INFO - 25/10/29 03:19:42 INFO Executor: Fetching spark://dfeadd712fc3:32829/jars/commons-logging_commons-logging-1.1.3.jar with timestamp 1761682781848
[2025-10-29T03:19:42.484+0700] {subprocess.py:93} INFO - 25/10/29 03:19:42 INFO Utils: Fetching spark://dfeadd712fc3:32829/jars/commons-logging_commons-logging-1.1.3.jar to /tmp/spark-c601b85f-06c2-45bd-b3a0-c6ff0b947ad7/userFiles-96a63328-996c-4621-aef2-5e7d071da45b/fetchFileTemp4684938595315847443.tmp
[2025-10-29T03:19:42.484+0700] {subprocess.py:93} INFO - 25/10/29 03:19:42 INFO Utils: /tmp/spark-c601b85f-06c2-45bd-b3a0-c6ff0b947ad7/userFiles-96a63328-996c-4621-aef2-5e7d071da45b/fetchFileTemp4684938595315847443.tmp has been previously copied to /tmp/spark-c601b85f-06c2-45bd-b3a0-c6ff0b947ad7/userFiles-96a63328-996c-4621-aef2-5e7d071da45b/commons-logging_commons-logging-1.1.3.jar
[2025-10-29T03:19:42.486+0700] {subprocess.py:93} INFO - 25/10/29 03:19:42 INFO Executor: Adding file:/tmp/spark-c601b85f-06c2-45bd-b3a0-c6ff0b947ad7/userFiles-96a63328-996c-4621-aef2-5e7d071da45b/commons-logging_commons-logging-1.1.3.jar to class loader default
[2025-10-29T03:19:42.487+0700] {subprocess.py:93} INFO - 25/10/29 03:19:42 INFO Executor: Fetching spark://dfeadd712fc3:32829/jars/org.lz4_lz4-java-1.8.0.jar with timestamp 1761682781848
[2025-10-29T03:19:42.487+0700] {subprocess.py:93} INFO - 25/10/29 03:19:42 INFO Utils: Fetching spark://dfeadd712fc3:32829/jars/org.lz4_lz4-java-1.8.0.jar to /tmp/spark-c601b85f-06c2-45bd-b3a0-c6ff0b947ad7/userFiles-96a63328-996c-4621-aef2-5e7d071da45b/fetchFileTemp5501370792126989923.tmp
[2025-10-29T03:19:42.489+0700] {subprocess.py:93} INFO - 25/10/29 03:19:42 INFO Utils: /tmp/spark-c601b85f-06c2-45bd-b3a0-c6ff0b947ad7/userFiles-96a63328-996c-4621-aef2-5e7d071da45b/fetchFileTemp5501370792126989923.tmp has been previously copied to /tmp/spark-c601b85f-06c2-45bd-b3a0-c6ff0b947ad7/userFiles-96a63328-996c-4621-aef2-5e7d071da45b/org.lz4_lz4-java-1.8.0.jar
[2025-10-29T03:19:42.492+0700] {subprocess.py:93} INFO - 25/10/29 03:19:42 INFO Executor: Adding file:/tmp/spark-c601b85f-06c2-45bd-b3a0-c6ff0b947ad7/userFiles-96a63328-996c-4621-aef2-5e7d071da45b/org.lz4_lz4-java-1.8.0.jar to class loader default
[2025-10-29T03:19:42.492+0700] {subprocess.py:93} INFO - 25/10/29 03:19:42 INFO Executor: Fetching spark://dfeadd712fc3:32829/jars/org.xerial.snappy_snappy-java-1.1.10.3.jar with timestamp 1761682781848
[2025-10-29T03:19:42.493+0700] {subprocess.py:93} INFO - 25/10/29 03:19:42 INFO Utils: Fetching spark://dfeadd712fc3:32829/jars/org.xerial.snappy_snappy-java-1.1.10.3.jar to /tmp/spark-c601b85f-06c2-45bd-b3a0-c6ff0b947ad7/userFiles-96a63328-996c-4621-aef2-5e7d071da45b/fetchFileTemp16334596904839033188.tmp
[2025-10-29T03:19:42.497+0700] {subprocess.py:93} INFO - 25/10/29 03:19:42 INFO Utils: /tmp/spark-c601b85f-06c2-45bd-b3a0-c6ff0b947ad7/userFiles-96a63328-996c-4621-aef2-5e7d071da45b/fetchFileTemp16334596904839033188.tmp has been previously copied to /tmp/spark-c601b85f-06c2-45bd-b3a0-c6ff0b947ad7/userFiles-96a63328-996c-4621-aef2-5e7d071da45b/org.xerial.snappy_snappy-java-1.1.10.3.jar
[2025-10-29T03:19:42.503+0700] {subprocess.py:93} INFO - 25/10/29 03:19:42 INFO Executor: Adding file:/tmp/spark-c601b85f-06c2-45bd-b3a0-c6ff0b947ad7/userFiles-96a63328-996c-4621-aef2-5e7d071da45b/org.xerial.snappy_snappy-java-1.1.10.3.jar to class loader default
[2025-10-29T03:19:42.503+0700] {subprocess.py:93} INFO - 25/10/29 03:19:42 INFO Executor: Fetching spark://dfeadd712fc3:32829/jars/org.apache.hadoop_hadoop-client-api-3.3.4.jar with timestamp 1761682781848
[2025-10-29T03:19:42.503+0700] {subprocess.py:93} INFO - 25/10/29 03:19:42 INFO Utils: Fetching spark://dfeadd712fc3:32829/jars/org.apache.hadoop_hadoop-client-api-3.3.4.jar to /tmp/spark-c601b85f-06c2-45bd-b3a0-c6ff0b947ad7/userFiles-96a63328-996c-4621-aef2-5e7d071da45b/fetchFileTemp15636094209780040553.tmp
[2025-10-29T03:19:42.642+0700] {subprocess.py:93} INFO - 25/10/29 03:19:42 INFO Utils: /tmp/spark-c601b85f-06c2-45bd-b3a0-c6ff0b947ad7/userFiles-96a63328-996c-4621-aef2-5e7d071da45b/fetchFileTemp15636094209780040553.tmp has been previously copied to /tmp/spark-c601b85f-06c2-45bd-b3a0-c6ff0b947ad7/userFiles-96a63328-996c-4621-aef2-5e7d071da45b/org.apache.hadoop_hadoop-client-api-3.3.4.jar
[2025-10-29T03:19:42.647+0700] {subprocess.py:93} INFO - 25/10/29 03:19:42 INFO Executor: Adding file:/tmp/spark-c601b85f-06c2-45bd-b3a0-c6ff0b947ad7/userFiles-96a63328-996c-4621-aef2-5e7d071da45b/org.apache.hadoop_hadoop-client-api-3.3.4.jar to class loader default
[2025-10-29T03:19:42.648+0700] {subprocess.py:93} INFO - 25/10/29 03:19:42 INFO Executor: Fetching spark://dfeadd712fc3:32829/jars/org.postgresql_postgresql-42.6.0.jar with timestamp 1761682781848
[2025-10-29T03:19:42.648+0700] {subprocess.py:93} INFO - 25/10/29 03:19:42 INFO Utils: Fetching spark://dfeadd712fc3:32829/jars/org.postgresql_postgresql-42.6.0.jar to /tmp/spark-c601b85f-06c2-45bd-b3a0-c6ff0b947ad7/userFiles-96a63328-996c-4621-aef2-5e7d071da45b/fetchFileTemp1289828577126131256.tmp
[2025-10-29T03:19:42.652+0700] {subprocess.py:93} INFO - 25/10/29 03:19:42 INFO Utils: /tmp/spark-c601b85f-06c2-45bd-b3a0-c6ff0b947ad7/userFiles-96a63328-996c-4621-aef2-5e7d071da45b/fetchFileTemp1289828577126131256.tmp has been previously copied to /tmp/spark-c601b85f-06c2-45bd-b3a0-c6ff0b947ad7/userFiles-96a63328-996c-4621-aef2-5e7d071da45b/org.postgresql_postgresql-42.6.0.jar
[2025-10-29T03:19:42.656+0700] {subprocess.py:93} INFO - 25/10/29 03:19:42 INFO Executor: Adding file:/tmp/spark-c601b85f-06c2-45bd-b3a0-c6ff0b947ad7/userFiles-96a63328-996c-4621-aef2-5e7d071da45b/org.postgresql_postgresql-42.6.0.jar to class loader default
[2025-10-29T03:19:42.657+0700] {subprocess.py:93} INFO - 25/10/29 03:19:42 INFO Executor: Fetching spark://dfeadd712fc3:32829/jars/org.apache.hadoop_hadoop-client-runtime-3.3.4.jar with timestamp 1761682781848
[2025-10-29T03:19:42.657+0700] {subprocess.py:93} INFO - 25/10/29 03:19:42 INFO Utils: Fetching spark://dfeadd712fc3:32829/jars/org.apache.hadoop_hadoop-client-runtime-3.3.4.jar to /tmp/spark-c601b85f-06c2-45bd-b3a0-c6ff0b947ad7/userFiles-96a63328-996c-4621-aef2-5e7d071da45b/fetchFileTemp771287558335947711.tmp
[2025-10-29T03:19:42.748+0700] {subprocess.py:93} INFO - 25/10/29 03:19:42 INFO Utils: /tmp/spark-c601b85f-06c2-45bd-b3a0-c6ff0b947ad7/userFiles-96a63328-996c-4621-aef2-5e7d071da45b/fetchFileTemp771287558335947711.tmp has been previously copied to /tmp/spark-c601b85f-06c2-45bd-b3a0-c6ff0b947ad7/userFiles-96a63328-996c-4621-aef2-5e7d071da45b/org.apache.hadoop_hadoop-client-runtime-3.3.4.jar
[2025-10-29T03:19:42.753+0700] {subprocess.py:93} INFO - 25/10/29 03:19:42 INFO Executor: Adding file:/tmp/spark-c601b85f-06c2-45bd-b3a0-c6ff0b947ad7/userFiles-96a63328-996c-4621-aef2-5e7d071da45b/org.apache.hadoop_hadoop-client-runtime-3.3.4.jar to class loader default
[2025-10-29T03:19:42.754+0700] {subprocess.py:93} INFO - 25/10/29 03:19:42 INFO Executor: Fetching spark://dfeadd712fc3:32829/jars/org.apache.kafka_kafka-clients-3.4.1.jar with timestamp 1761682781848
[2025-10-29T03:19:42.754+0700] {subprocess.py:93} INFO - 25/10/29 03:19:42 INFO Utils: Fetching spark://dfeadd712fc3:32829/jars/org.apache.kafka_kafka-clients-3.4.1.jar to /tmp/spark-c601b85f-06c2-45bd-b3a0-c6ff0b947ad7/userFiles-96a63328-996c-4621-aef2-5e7d071da45b/fetchFileTemp3405686734653324439.tmp
[2025-10-29T03:19:42.769+0700] {subprocess.py:93} INFO - 25/10/29 03:19:42 INFO Utils: /tmp/spark-c601b85f-06c2-45bd-b3a0-c6ff0b947ad7/userFiles-96a63328-996c-4621-aef2-5e7d071da45b/fetchFileTemp3405686734653324439.tmp has been previously copied to /tmp/spark-c601b85f-06c2-45bd-b3a0-c6ff0b947ad7/userFiles-96a63328-996c-4621-aef2-5e7d071da45b/org.apache.kafka_kafka-clients-3.4.1.jar
[2025-10-29T03:19:42.786+0700] {subprocess.py:93} INFO - 25/10/29 03:19:42 INFO Executor: Adding file:/tmp/spark-c601b85f-06c2-45bd-b3a0-c6ff0b947ad7/userFiles-96a63328-996c-4621-aef2-5e7d071da45b/org.apache.kafka_kafka-clients-3.4.1.jar to class loader default
[2025-10-29T03:19:42.787+0700] {subprocess.py:93} INFO - 25/10/29 03:19:42 INFO Executor: Fetching spark://dfeadd712fc3:32829/jars/com.google.code.findbugs_jsr305-3.0.0.jar with timestamp 1761682781848
[2025-10-29T03:19:42.787+0700] {subprocess.py:93} INFO - 25/10/29 03:19:42 INFO Utils: Fetching spark://dfeadd712fc3:32829/jars/com.google.code.findbugs_jsr305-3.0.0.jar to /tmp/spark-c601b85f-06c2-45bd-b3a0-c6ff0b947ad7/userFiles-96a63328-996c-4621-aef2-5e7d071da45b/fetchFileTemp6454892509382927886.tmp
[2025-10-29T03:19:42.787+0700] {subprocess.py:93} INFO - 25/10/29 03:19:42 INFO Utils: /tmp/spark-c601b85f-06c2-45bd-b3a0-c6ff0b947ad7/userFiles-96a63328-996c-4621-aef2-5e7d071da45b/fetchFileTemp6454892509382927886.tmp has been previously copied to /tmp/spark-c601b85f-06c2-45bd-b3a0-c6ff0b947ad7/userFiles-96a63328-996c-4621-aef2-5e7d071da45b/com.google.code.findbugs_jsr305-3.0.0.jar
[2025-10-29T03:19:42.790+0700] {subprocess.py:93} INFO - 25/10/29 03:19:42 INFO Executor: Adding file:/tmp/spark-c601b85f-06c2-45bd-b3a0-c6ff0b947ad7/userFiles-96a63328-996c-4621-aef2-5e7d071da45b/com.google.code.findbugs_jsr305-3.0.0.jar to class loader default
[2025-10-29T03:19:42.795+0700] {subprocess.py:93} INFO - 25/10/29 03:19:42 INFO Utils: Successfully started service 'org.apache.spark.network.netty.NettyBlockTransferService' on port 44279.
[2025-10-29T03:19:42.796+0700] {subprocess.py:93} INFO - 25/10/29 03:19:42 INFO NettyBlockTransferService: Server created on dfeadd712fc3:44279
[2025-10-29T03:19:42.796+0700] {subprocess.py:93} INFO - 25/10/29 03:19:42 INFO BlockManager: Using org.apache.spark.storage.RandomBlockReplicationPolicy for block replication policy
[2025-10-29T03:19:42.799+0700] {subprocess.py:93} INFO - 25/10/29 03:19:42 INFO BlockManagerMaster: Registering BlockManager BlockManagerId(driver, dfeadd712fc3, 44279, None)
[2025-10-29T03:19:42.801+0700] {subprocess.py:93} INFO - 25/10/29 03:19:42 INFO BlockManagerMasterEndpoint: Registering block manager dfeadd712fc3:44279 with 434.4 MiB RAM, BlockManagerId(driver, dfeadd712fc3, 44279, None)
[2025-10-29T03:19:42.802+0700] {subprocess.py:93} INFO - 25/10/29 03:19:42 INFO BlockManagerMaster: Registered BlockManager BlockManagerId(driver, dfeadd712fc3, 44279, None)
[2025-10-29T03:19:42.803+0700] {subprocess.py:93} INFO - 25/10/29 03:19:42 INFO BlockManager: Initialized BlockManager: BlockManagerId(driver, dfeadd712fc3, 44279, None)
[2025-10-29T03:19:44.706+0700] {subprocess.py:93} INFO - 25/10/29 03:19:44 WARN ResolveWriteToStream: spark.sql.adaptive.enabled is not supported in streaming DataFrames/Datasets and will be disabled.
[2025-10-29T03:19:44.801+0700] {subprocess.py:93} INFO - 🚀 Streaming job started — đang lắng nghe dữ liệu từ Kafka...
[2025-10-29T03:19:44.882+0700] {subprocess.py:93} INFO - 25/10/29 03:19:44 WARN AdminClientConfig: These configurations '[key.deserializer, value.deserializer, enable.auto.commit, max.poll.records, auto.offset.reset]' were supplied but are not used yet.
[2025-10-29T03:19:46.088+0700] {subprocess.py:93} INFO - [Batch 0] ⚠️ Không có dữ liệu mới.
[2025-10-29T03:19:47.316+0700] {subprocess.py:93} INFO - 25/10/29 03:19:47 WARN KafkaDataConsumer: KafkaDataConsumer is not running in UninterruptibleThread. It may hang when KafkaDataConsumer's methods are interrupted because of KAFKA-1894
[2025-10-29T03:19:47.792+0700] {subprocess.py:93} INFO - 25/10/29 03:19:47 WARN KafkaDataConsumer: KafkaDataConsumer is not running in UninterruptibleThread. It may hang when KafkaDataConsumer's methods are interrupted because of KAFKA-1894
[2025-10-29T03:19:49.958+0700] {subprocess.py:93} INFO - There was a problem when trying to write in your cache folder (/home/***/.cache/huggingface/hub). You should set the environment variable TRANSFORMERS_CACHE to a writable directory.
[2025-10-29T03:19:50.567+0700] {subprocess.py:93} INFO - 25/10/29 03:19:50 ERROR Executor: Exception in task 0.0 in stage 2.0 (TID 1)
[2025-10-29T03:19:50.568+0700] {subprocess.py:93} INFO - org.apache.spark.api.python.PythonException: Traceback (most recent call last):
[2025-10-29T03:19:50.568+0700] {subprocess.py:93} INFO -   File "/opt/***/projects/absa_streaming/scripts/consumer_postgres_streaming.py", line 73, in absa_infer_udf
[2025-10-29T03:19:50.568+0700] {subprocess.py:93} INFO -     _tokenizer = AutoTokenizer.from_pretrained(MODEL_NAME, use_fast=True)
[2025-10-29T03:19:50.568+0700] {subprocess.py:93} INFO -                  ^^^^^^^^^^^^^^^^^^^^^^^^^^^^^^^^^^^^^^^^^^^^^^^^^^^^^^^^
[2025-10-29T03:19:50.568+0700] {subprocess.py:93} INFO -   File "/home/***/.local/lib/python3.12/site-packages/transformers/models/auto/tokenization_auto.py", line 817, in from_pretrained
[2025-10-29T03:19:50.568+0700] {subprocess.py:93} INFO -     tokenizer_config = get_tokenizer_config(pretrained_model_name_or_path, **kwargs)
[2025-10-29T03:19:50.568+0700] {subprocess.py:93} INFO -                        ^^^^^^^^^^^^^^^^^^^^^^^^^^^^^^^^^^^^^^^^^^^^^^^^^^^^^^^^^^^^^
[2025-10-29T03:19:50.568+0700] {subprocess.py:93} INFO -   File "/home/***/.local/lib/python3.12/site-packages/transformers/models/auto/tokenization_auto.py", line 649, in get_tokenizer_config
[2025-10-29T03:19:50.569+0700] {subprocess.py:93} INFO -     resolved_config_file = cached_file(
[2025-10-29T03:19:50.569+0700] {subprocess.py:93} INFO -                            ^^^^^^^^^^^^
[2025-10-29T03:19:50.569+0700] {subprocess.py:93} INFO -   File "/home/***/.local/lib/python3.12/site-packages/transformers/utils/hub.py", line 462, in cached_file
[2025-10-29T03:19:50.569+0700] {subprocess.py:93} INFO -     except HFValidationError as e:
[2025-10-29T03:19:50.569+0700] {subprocess.py:93} INFO -   File "/home/***/.local/lib/python3.12/site-packages/huggingface_hub/utils/_validators.py", line 114, in _inner_fn
[2025-10-29T03:19:50.569+0700] {subprocess.py:93} INFO -     return fn(*args, **kwargs)
[2025-10-29T03:19:50.569+0700] {subprocess.py:93} INFO -            ^^^^^^^^^^^^^^^^^^^
[2025-10-29T03:19:50.569+0700] {subprocess.py:93} INFO -   File "/home/***/.local/lib/python3.12/site-packages/huggingface_hub/file_download.py", line 1007, in hf_hub_download
[2025-10-29T03:19:50.569+0700] {subprocess.py:93} INFO -     return _hf_hub_download_to_cache_dir(
[2025-10-29T03:19:50.570+0700] {subprocess.py:93} INFO -            ^^^^^^^^^^^^^^^^^^^^^^^^^^^^^^
[2025-10-29T03:19:50.570+0700] {subprocess.py:93} INFO -   File "/home/***/.local/lib/python3.12/site-packages/huggingface_hub/file_download.py", line 1124, in _hf_hub_download_to_cache_dir
[2025-10-29T03:19:50.570+0700] {subprocess.py:93} INFO -     os.makedirs(os.path.dirname(blob_path), exist_ok=True)
[2025-10-29T03:19:50.570+0700] {subprocess.py:93} INFO -   File "<frozen os>", line 216, in makedirs
[2025-10-29T03:19:50.570+0700] {subprocess.py:93} INFO -   File "<frozen os>", line 216, in makedirs
[2025-10-29T03:19:50.570+0700] {subprocess.py:93} INFO -   File "<frozen os>", line 216, in makedirs
[2025-10-29T03:19:50.570+0700] {subprocess.py:93} INFO -   File "<frozen os>", line 230, in makedirs
[2025-10-29T03:19:50.570+0700] {subprocess.py:93} INFO - PermissionError: [Errno 13] Permission denied: '/home/***/.cache/huggingface'
[2025-10-29T03:19:50.570+0700] {subprocess.py:93} INFO - 
[2025-10-29T03:19:50.570+0700] {subprocess.py:93} INFO - 	at org.apache.spark.api.python.BasePythonRunner$ReaderIterator.handlePythonException(PythonRunner.scala:572)
[2025-10-29T03:19:50.570+0700] {subprocess.py:93} INFO - 	at org.apache.spark.sql.execution.python.PythonArrowOutput$$anon$1.read(PythonArrowOutput.scala:118)
[2025-10-29T03:19:50.571+0700] {subprocess.py:93} INFO - 	at org.apache.spark.api.python.BasePythonRunner$ReaderIterator.hasNext(PythonRunner.scala:525)
[2025-10-29T03:19:50.571+0700] {subprocess.py:93} INFO - 	at org.apache.spark.InterruptibleIterator.hasNext(InterruptibleIterator.scala:37)
[2025-10-29T03:19:50.571+0700] {subprocess.py:93} INFO - 	at scala.collection.Iterator$$anon$11.hasNext(Iterator.scala:491)
[2025-10-29T03:19:50.571+0700] {subprocess.py:93} INFO - 	at scala.collection.Iterator$$anon$10.hasNext(Iterator.scala:460)
[2025-10-29T03:19:50.571+0700] {subprocess.py:93} INFO - 	at scala.collection.Iterator$$anon$10.hasNext(Iterator.scala:460)
[2025-10-29T03:19:50.571+0700] {subprocess.py:93} INFO - 	at org.apache.spark.sql.catalyst.expressions.GeneratedClass$GeneratedIteratorForCodegenStage1.hashAgg_doAggregateWithoutKey_0$(Unknown Source)
[2025-10-29T03:19:50.571+0700] {subprocess.py:93} INFO - 	at org.apache.spark.sql.catalyst.expressions.GeneratedClass$GeneratedIteratorForCodegenStage1.processNext(Unknown Source)
[2025-10-29T03:19:50.571+0700] {subprocess.py:93} INFO - 	at org.apache.spark.sql.execution.BufferedRowIterator.hasNext(BufferedRowIterator.java:43)
[2025-10-29T03:19:50.571+0700] {subprocess.py:93} INFO - 	at org.apache.spark.sql.execution.WholeStageCodegenEvaluatorFactory$WholeStageCodegenPartitionEvaluator$$anon$1.hasNext(WholeStageCodegenEvaluatorFactory.scala:43)
[2025-10-29T03:19:50.572+0700] {subprocess.py:93} INFO - 	at scala.collection.Iterator$$anon$10.hasNext(Iterator.scala:460)
[2025-10-29T03:19:50.572+0700] {subprocess.py:93} INFO - 	at org.apache.spark.shuffle.sort.BypassMergeSortShuffleWriter.write(BypassMergeSortShuffleWriter.java:140)
[2025-10-29T03:19:50.572+0700] {subprocess.py:93} INFO - 	at org.apache.spark.shuffle.ShuffleWriteProcessor.write(ShuffleWriteProcessor.scala:59)
[2025-10-29T03:19:50.572+0700] {subprocess.py:93} INFO - 	at org.apache.spark.scheduler.ShuffleMapTask.runTask(ShuffleMapTask.scala:104)
[2025-10-29T03:19:50.572+0700] {subprocess.py:93} INFO - 	at org.apache.spark.scheduler.ShuffleMapTask.runTask(ShuffleMapTask.scala:54)
[2025-10-29T03:19:50.572+0700] {subprocess.py:93} INFO - 	at org.apache.spark.TaskContext.runTaskWithListeners(TaskContext.scala:166)
[2025-10-29T03:19:50.572+0700] {subprocess.py:93} INFO - 	at org.apache.spark.scheduler.Task.run(Task.scala:141)
[2025-10-29T03:19:50.572+0700] {subprocess.py:93} INFO - 	at org.apache.spark.executor.Executor$TaskRunner.$anonfun$run$4(Executor.scala:620)
[2025-10-29T03:19:50.572+0700] {subprocess.py:93} INFO - 	at org.apache.spark.util.SparkErrorUtils.tryWithSafeFinally(SparkErrorUtils.scala:64)
[2025-10-29T03:19:50.572+0700] {subprocess.py:93} INFO - 	at org.apache.spark.util.SparkErrorUtils.tryWithSafeFinally$(SparkErrorUtils.scala:61)
[2025-10-29T03:19:50.573+0700] {subprocess.py:93} INFO - 	at org.apache.spark.util.Utils$.tryWithSafeFinally(Utils.scala:94)
[2025-10-29T03:19:50.573+0700] {subprocess.py:93} INFO - 	at org.apache.spark.executor.Executor$TaskRunner.run(Executor.scala:623)
[2025-10-29T03:19:50.573+0700] {subprocess.py:93} INFO - 	at java.base/java.util.concurrent.ThreadPoolExecutor.runWorker(ThreadPoolExecutor.java:1136)
[2025-10-29T03:19:50.573+0700] {subprocess.py:93} INFO - 	at java.base/java.util.concurrent.ThreadPoolExecutor$Worker.run(ThreadPoolExecutor.java:635)
[2025-10-29T03:19:50.573+0700] {subprocess.py:93} INFO - 	at java.base/java.lang.Thread.run(Thread.java:840)
[2025-10-29T03:19:50.575+0700] {subprocess.py:93} INFO - 25/10/29 03:19:50 WARN TaskSetManager: Lost task 0.0 in stage 2.0 (TID 1) (dfeadd712fc3 executor driver): org.apache.spark.api.python.PythonException: Traceback (most recent call last):
[2025-10-29T03:19:50.575+0700] {subprocess.py:93} INFO -   File "/opt/***/projects/absa_streaming/scripts/consumer_postgres_streaming.py", line 73, in absa_infer_udf
[2025-10-29T03:19:50.575+0700] {subprocess.py:93} INFO -     _tokenizer = AutoTokenizer.from_pretrained(MODEL_NAME, use_fast=True)
[2025-10-29T03:19:50.575+0700] {subprocess.py:93} INFO -                  ^^^^^^^^^^^^^^^^^^^^^^^^^^^^^^^^^^^^^^^^^^^^^^^^^^^^^^^^
[2025-10-29T03:19:50.575+0700] {subprocess.py:93} INFO -   File "/home/***/.local/lib/python3.12/site-packages/transformers/models/auto/tokenization_auto.py", line 817, in from_pretrained
[2025-10-29T03:19:50.575+0700] {subprocess.py:93} INFO -     tokenizer_config = get_tokenizer_config(pretrained_model_name_or_path, **kwargs)
[2025-10-29T03:19:50.575+0700] {subprocess.py:93} INFO -                        ^^^^^^^^^^^^^^^^^^^^^^^^^^^^^^^^^^^^^^^^^^^^^^^^^^^^^^^^^^^^^
[2025-10-29T03:19:50.575+0700] {subprocess.py:93} INFO -   File "/home/***/.local/lib/python3.12/site-packages/transformers/models/auto/tokenization_auto.py", line 649, in get_tokenizer_config
[2025-10-29T03:19:50.576+0700] {subprocess.py:93} INFO -     resolved_config_file = cached_file(
[2025-10-29T03:19:50.576+0700] {subprocess.py:93} INFO -                            ^^^^^^^^^^^^
[2025-10-29T03:19:50.576+0700] {subprocess.py:93} INFO -   File "/home/***/.local/lib/python3.12/site-packages/transformers/utils/hub.py", line 462, in cached_file
[2025-10-29T03:19:50.576+0700] {subprocess.py:93} INFO -     except HFValidationError as e:
[2025-10-29T03:19:50.576+0700] {subprocess.py:93} INFO -   File "/home/***/.local/lib/python3.12/site-packages/huggingface_hub/utils/_validators.py", line 114, in _inner_fn
[2025-10-29T03:19:50.576+0700] {subprocess.py:93} INFO -     return fn(*args, **kwargs)
[2025-10-29T03:19:50.576+0700] {subprocess.py:93} INFO -            ^^^^^^^^^^^^^^^^^^^
[2025-10-29T03:19:50.577+0700] {subprocess.py:93} INFO -   File "/home/***/.local/lib/python3.12/site-packages/huggingface_hub/file_download.py", line 1007, in hf_hub_download
[2025-10-29T03:19:50.577+0700] {subprocess.py:93} INFO -     return _hf_hub_download_to_cache_dir(
[2025-10-29T03:19:50.577+0700] {subprocess.py:93} INFO -            ^^^^^^^^^^^^^^^^^^^^^^^^^^^^^^
[2025-10-29T03:19:50.577+0700] {subprocess.py:93} INFO -   File "/home/***/.local/lib/python3.12/site-packages/huggingface_hub/file_download.py", line 1124, in _hf_hub_download_to_cache_dir
[2025-10-29T03:19:50.577+0700] {subprocess.py:93} INFO -     os.makedirs(os.path.dirname(blob_path), exist_ok=True)
[2025-10-29T03:19:50.577+0700] {subprocess.py:93} INFO -   File "<frozen os>", line 216, in makedirs
[2025-10-29T03:19:50.578+0700] {subprocess.py:93} INFO -   File "<frozen os>", line 216, in makedirs
[2025-10-29T03:19:50.578+0700] {subprocess.py:93} INFO -   File "<frozen os>", line 216, in makedirs
[2025-10-29T03:19:50.578+0700] {subprocess.py:93} INFO -   File "<frozen os>", line 230, in makedirs
[2025-10-29T03:19:50.578+0700] {subprocess.py:93} INFO - PermissionError: [Errno 13] Permission denied: '/home/***/.cache/huggingface'
[2025-10-29T03:19:50.578+0700] {subprocess.py:93} INFO - 
[2025-10-29T03:19:50.578+0700] {subprocess.py:93} INFO - 	at org.apache.spark.api.python.BasePythonRunner$ReaderIterator.handlePythonException(PythonRunner.scala:572)
[2025-10-29T03:19:50.578+0700] {subprocess.py:93} INFO - 	at org.apache.spark.sql.execution.python.PythonArrowOutput$$anon$1.read(PythonArrowOutput.scala:118)
[2025-10-29T03:19:50.578+0700] {subprocess.py:93} INFO - 	at org.apache.spark.api.python.BasePythonRunner$ReaderIterator.hasNext(PythonRunner.scala:525)
[2025-10-29T03:19:50.578+0700] {subprocess.py:93} INFO - 	at org.apache.spark.InterruptibleIterator.hasNext(InterruptibleIterator.scala:37)
[2025-10-29T03:19:50.578+0700] {subprocess.py:93} INFO - 	at scala.collection.Iterator$$anon$11.hasNext(Iterator.scala:491)
[2025-10-29T03:19:50.579+0700] {subprocess.py:93} INFO - 	at scala.collection.Iterator$$anon$10.hasNext(Iterator.scala:460)
[2025-10-29T03:19:50.579+0700] {subprocess.py:93} INFO - 	at scala.collection.Iterator$$anon$10.hasNext(Iterator.scala:460)
[2025-10-29T03:19:50.579+0700] {subprocess.py:93} INFO - 	at org.apache.spark.sql.catalyst.expressions.GeneratedClass$GeneratedIteratorForCodegenStage1.hashAgg_doAggregateWithoutKey_0$(Unknown Source)
[2025-10-29T03:19:50.579+0700] {subprocess.py:93} INFO - 	at org.apache.spark.sql.catalyst.expressions.GeneratedClass$GeneratedIteratorForCodegenStage1.processNext(Unknown Source)
[2025-10-29T03:19:50.579+0700] {subprocess.py:93} INFO - 	at org.apache.spark.sql.execution.BufferedRowIterator.hasNext(BufferedRowIterator.java:43)
[2025-10-29T03:19:50.579+0700] {subprocess.py:93} INFO - 	at org.apache.spark.sql.execution.WholeStageCodegenEvaluatorFactory$WholeStageCodegenPartitionEvaluator$$anon$1.hasNext(WholeStageCodegenEvaluatorFactory.scala:43)
[2025-10-29T03:19:50.579+0700] {subprocess.py:93} INFO - 	at scala.collection.Iterator$$anon$10.hasNext(Iterator.scala:460)
[2025-10-29T03:19:50.579+0700] {subprocess.py:93} INFO - 	at org.apache.spark.shuffle.sort.BypassMergeSortShuffleWriter.write(BypassMergeSortShuffleWriter.java:140)
[2025-10-29T03:19:50.580+0700] {subprocess.py:93} INFO - 	at org.apache.spark.shuffle.ShuffleWriteProcessor.write(ShuffleWriteProcessor.scala:59)
[2025-10-29T03:19:50.580+0700] {subprocess.py:93} INFO - 	at org.apache.spark.scheduler.ShuffleMapTask.runTask(ShuffleMapTask.scala:104)
[2025-10-29T03:19:50.580+0700] {subprocess.py:93} INFO - 	at org.apache.spark.scheduler.ShuffleMapTask.runTask(ShuffleMapTask.scala:54)
[2025-10-29T03:19:50.580+0700] {subprocess.py:93} INFO - 	at org.apache.spark.TaskContext.runTaskWithListeners(TaskContext.scala:166)
[2025-10-29T03:19:50.580+0700] {subprocess.py:93} INFO - 	at org.apache.spark.scheduler.Task.run(Task.scala:141)
[2025-10-29T03:19:50.580+0700] {subprocess.py:93} INFO - 	at org.apache.spark.executor.Executor$TaskRunner.$anonfun$run$4(Executor.scala:620)
[2025-10-29T03:19:50.580+0700] {subprocess.py:93} INFO - 	at org.apache.spark.util.SparkErrorUtils.tryWithSafeFinally(SparkErrorUtils.scala:64)
[2025-10-29T03:19:50.580+0700] {subprocess.py:93} INFO - 	at org.apache.spark.util.SparkErrorUtils.tryWithSafeFinally$(SparkErrorUtils.scala:61)
[2025-10-29T03:19:50.581+0700] {subprocess.py:93} INFO - 	at org.apache.spark.util.Utils$.tryWithSafeFinally(Utils.scala:94)
[2025-10-29T03:19:50.581+0700] {subprocess.py:93} INFO - 	at org.apache.spark.executor.Executor$TaskRunner.run(Executor.scala:623)
[2025-10-29T03:19:50.581+0700] {subprocess.py:93} INFO - 	at java.base/java.util.concurrent.ThreadPoolExecutor.runWorker(ThreadPoolExecutor.java:1136)
[2025-10-29T03:19:50.581+0700] {subprocess.py:93} INFO - 	at java.base/java.util.concurrent.ThreadPoolExecutor$Worker.run(ThreadPoolExecutor.java:635)
[2025-10-29T03:19:50.581+0700] {subprocess.py:93} INFO - 	at java.base/java.lang.Thread.run(Thread.java:840)
[2025-10-29T03:19:50.581+0700] {subprocess.py:93} INFO - 
[2025-10-29T03:19:50.582+0700] {subprocess.py:93} INFO - 25/10/29 03:19:50 ERROR TaskSetManager: Task 0 in stage 2.0 failed 1 times; aborting job
[2025-10-29T03:19:50.658+0700] {subprocess.py:93} INFO - 25/10/29 03:19:50 ERROR MicroBatchExecution: Query [id = 7ad5e874-cd1f-43da-9c88-02e4d6740889, runId = bf330976-6513-4200-b0b3-a4990975b272] terminated with error
[2025-10-29T03:19:50.658+0700] {subprocess.py:93} INFO - py4j.Py4JException: An exception was raised by the Python Proxy. Return Message: Traceback (most recent call last):
[2025-10-29T03:19:50.658+0700] {subprocess.py:93} INFO -   File "/home/***/.local/lib/python3.12/site-packages/pyspark/python/lib/py4j-0.10.9.7-src.zip/py4j/clientserver.py", line 617, in _call_proxy
[2025-10-29T03:19:50.658+0700] {subprocess.py:93} INFO -     return_value = getattr(self.pool[obj_id], method)(*params)
[2025-10-29T03:19:50.658+0700] {subprocess.py:93} INFO -                    ^^^^^^^^^^^^^^^^^^^^^^^^^^^^^^^^^^^^^^^^^^^
[2025-10-29T03:19:50.659+0700] {subprocess.py:93} INFO -   File "/home/***/.local/lib/python3.12/site-packages/pyspark/python/lib/pyspark.zip/pyspark/sql/utils.py", line 120, in call
[2025-10-29T03:19:50.659+0700] {subprocess.py:93} INFO -     raise e
[2025-10-29T03:19:50.659+0700] {subprocess.py:93} INFO -   File "/home/***/.local/lib/python3.12/site-packages/pyspark/python/lib/pyspark.zip/pyspark/sql/utils.py", line 117, in call
[2025-10-29T03:19:50.659+0700] {subprocess.py:93} INFO -     self.func(DataFrame(jdf, wrapped_session_jdf), batch_id)
[2025-10-29T03:19:50.659+0700] {subprocess.py:93} INFO -   File "/opt/***/projects/absa_streaming/scripts/consumer_postgres_streaming.py", line 125, in write_to_postgres
[2025-10-29T03:19:50.659+0700] {subprocess.py:93} INFO -     total_rows = batch_df.count()
[2025-10-29T03:19:50.660+0700] {subprocess.py:93} INFO -                  ^^^^^^^^^^^^^^^^
[2025-10-29T03:19:50.660+0700] {subprocess.py:93} INFO -   File "/home/***/.local/lib/python3.12/site-packages/pyspark/python/lib/pyspark.zip/pyspark/sql/dataframe.py", line 1238, in count
[2025-10-29T03:19:50.660+0700] {subprocess.py:93} INFO -     return int(self._jdf.count())
[2025-10-29T03:19:50.660+0700] {subprocess.py:93} INFO -                ^^^^^^^^^^^^^^^^^
[2025-10-29T03:19:50.660+0700] {subprocess.py:93} INFO -   File "/home/***/.local/lib/python3.12/site-packages/pyspark/python/lib/py4j-0.10.9.7-src.zip/py4j/java_gateway.py", line 1322, in __call__
[2025-10-29T03:19:50.660+0700] {subprocess.py:93} INFO -     return_value = get_return_value(
[2025-10-29T03:19:50.661+0700] {subprocess.py:93} INFO -                    ^^^^^^^^^^^^^^^^^
[2025-10-29T03:19:50.661+0700] {subprocess.py:93} INFO -   File "/home/***/.local/lib/python3.12/site-packages/pyspark/python/lib/pyspark.zip/pyspark/errors/exceptions/captured.py", line 185, in deco
[2025-10-29T03:19:50.661+0700] {subprocess.py:93} INFO -     raise converted from None
[2025-10-29T03:19:50.661+0700] {subprocess.py:93} INFO - pyspark.errors.exceptions.captured.PythonException:
[2025-10-29T03:19:50.661+0700] {subprocess.py:93} INFO -   An exception was thrown from the Python worker. Please see the stack trace below.
[2025-10-29T03:19:50.661+0700] {subprocess.py:93} INFO - Traceback (most recent call last):
[2025-10-29T03:19:50.661+0700] {subprocess.py:93} INFO -   File "/opt/***/projects/absa_streaming/scripts/consumer_postgres_streaming.py", line 73, in absa_infer_udf
[2025-10-29T03:19:50.662+0700] {subprocess.py:93} INFO -     _tokenizer = AutoTokenizer.from_pretrained(MODEL_NAME, use_fast=True)
[2025-10-29T03:19:50.662+0700] {subprocess.py:93} INFO -                  ^^^^^^^^^^^^^^^^^^^^^^^^^^^^^^^^^^^^^^^^^^^^^^^^^^^^^^^^
[2025-10-29T03:19:50.662+0700] {subprocess.py:93} INFO -   File "/home/***/.local/lib/python3.12/site-packages/transformers/models/auto/tokenization_auto.py", line 817, in from_pretrained
[2025-10-29T03:19:50.662+0700] {subprocess.py:93} INFO -     tokenizer_config = get_tokenizer_config(pretrained_model_name_or_path, **kwargs)
[2025-10-29T03:19:50.662+0700] {subprocess.py:93} INFO -                        ^^^^^^^^^^^^^^^^^^^^^^^^^^^^^^^^^^^^^^^^^^^^^^^^^^^^^^^^^^^^^
[2025-10-29T03:19:50.662+0700] {subprocess.py:93} INFO -   File "/home/***/.local/lib/python3.12/site-packages/transformers/models/auto/tokenization_auto.py", line 649, in get_tokenizer_config
[2025-10-29T03:19:50.662+0700] {subprocess.py:93} INFO -     resolved_config_file = cached_file(
[2025-10-29T03:19:50.663+0700] {subprocess.py:93} INFO -                            ^^^^^^^^^^^^
[2025-10-29T03:19:50.663+0700] {subprocess.py:93} INFO -   File "/home/***/.local/lib/python3.12/site-packages/transformers/utils/hub.py", line 462, in cached_file
[2025-10-29T03:19:50.663+0700] {subprocess.py:93} INFO -     except HFValidationError as e:
[2025-10-29T03:19:50.663+0700] {subprocess.py:93} INFO -   File "/home/***/.local/lib/python3.12/site-packages/huggingface_hub/utils/_validators.py", line 114, in _inner_fn
[2025-10-29T03:19:50.663+0700] {subprocess.py:93} INFO -     return fn(*args, **kwargs)
[2025-10-29T03:19:50.663+0700] {subprocess.py:93} INFO -            ^^^^^^^^^^^^^^^^^^^
[2025-10-29T03:19:50.663+0700] {subprocess.py:93} INFO -   File "/home/***/.local/lib/python3.12/site-packages/huggingface_hub/file_download.py", line 1007, in hf_hub_download
[2025-10-29T03:19:50.664+0700] {subprocess.py:93} INFO -     return _hf_hub_download_to_cache_dir(
[2025-10-29T03:19:50.664+0700] {subprocess.py:93} INFO -            ^^^^^^^^^^^^^^^^^^^^^^^^^^^^^^
[2025-10-29T03:19:50.664+0700] {subprocess.py:93} INFO -   File "/home/***/.local/lib/python3.12/site-packages/huggingface_hub/file_download.py", line 1124, in _hf_hub_download_to_cache_dir
[2025-10-29T03:19:50.664+0700] {subprocess.py:93} INFO -     os.makedirs(os.path.dirname(blob_path), exist_ok=True)
[2025-10-29T03:19:50.664+0700] {subprocess.py:93} INFO -   File "<frozen os>", line 216, in makedirs
[2025-10-29T03:19:50.664+0700] {subprocess.py:93} INFO -   File "<frozen os>", line 216, in makedirs
[2025-10-29T03:19:50.664+0700] {subprocess.py:93} INFO -   File "<frozen os>", line 216, in makedirs
[2025-10-29T03:19:50.665+0700] {subprocess.py:93} INFO -   File "<frozen os>", line 230, in makedirs
[2025-10-29T03:19:50.665+0700] {subprocess.py:93} INFO - PermissionError: [Errno 13] Permission denied: '/home/***/.cache/huggingface'
[2025-10-29T03:19:50.665+0700] {subprocess.py:93} INFO - 
[2025-10-29T03:19:50.665+0700] {subprocess.py:93} INFO - 
[2025-10-29T03:19:50.665+0700] {subprocess.py:93} INFO - 	at py4j.Protocol.getReturnValue(Protocol.java:476)
[2025-10-29T03:19:50.665+0700] {subprocess.py:93} INFO - 	at py4j.reflection.PythonProxyHandler.invoke(PythonProxyHandler.java:108)
[2025-10-29T03:19:50.665+0700] {subprocess.py:93} INFO - 	at jdk.proxy3/jdk.proxy3.$Proxy32.call(Unknown Source)
[2025-10-29T03:19:50.666+0700] {subprocess.py:93} INFO - 	at org.apache.spark.sql.execution.streaming.sources.PythonForeachBatchHelper$.$anonfun$callForeachBatch$1(ForeachBatchSink.scala:53)
[2025-10-29T03:19:50.666+0700] {subprocess.py:93} INFO - 	at org.apache.spark.sql.execution.streaming.sources.PythonForeachBatchHelper$.$anonfun$callForeachBatch$1$adapted(ForeachBatchSink.scala:53)
[2025-10-29T03:19:50.666+0700] {subprocess.py:93} INFO - 	at org.apache.spark.sql.execution.streaming.sources.ForeachBatchSink.addBatch(ForeachBatchSink.scala:34)
[2025-10-29T03:19:50.666+0700] {subprocess.py:93} INFO - 	at org.apache.spark.sql.execution.streaming.MicroBatchExecution.$anonfun$runBatch$17(MicroBatchExecution.scala:732)
[2025-10-29T03:19:50.666+0700] {subprocess.py:93} INFO - 	at org.apache.spark.sql.execution.SQLExecution$.$anonfun$withNewExecutionId$6(SQLExecution.scala:125)
[2025-10-29T03:19:50.666+0700] {subprocess.py:93} INFO - 	at org.apache.spark.sql.execution.SQLExecution$.withSQLConfPropagated(SQLExecution.scala:201)
[2025-10-29T03:19:50.666+0700] {subprocess.py:93} INFO - 	at org.apache.spark.sql.execution.SQLExecution$.$anonfun$withNewExecutionId$1(SQLExecution.scala:108)
[2025-10-29T03:19:50.666+0700] {subprocess.py:93} INFO - 	at org.apache.spark.sql.SparkSession.withActive(SparkSession.scala:900)
[2025-10-29T03:19:50.667+0700] {subprocess.py:93} INFO - 	at org.apache.spark.sql.execution.SQLExecution$.withNewExecutionId(SQLExecution.scala:66)
[2025-10-29T03:19:50.667+0700] {subprocess.py:93} INFO - 	at org.apache.spark.sql.execution.streaming.MicroBatchExecution.$anonfun$runBatch$16(MicroBatchExecution.scala:729)
[2025-10-29T03:19:50.667+0700] {subprocess.py:93} INFO - 	at org.apache.spark.sql.execution.streaming.ProgressReporter.reportTimeTaken(ProgressReporter.scala:427)
[2025-10-29T03:19:50.667+0700] {subprocess.py:93} INFO - 	at org.apache.spark.sql.execution.streaming.ProgressReporter.reportTimeTaken$(ProgressReporter.scala:425)
[2025-10-29T03:19:50.667+0700] {subprocess.py:93} INFO - 	at org.apache.spark.sql.execution.streaming.StreamExecution.reportTimeTaken(StreamExecution.scala:67)
[2025-10-29T03:19:50.667+0700] {subprocess.py:93} INFO - 	at org.apache.spark.sql.execution.streaming.MicroBatchExecution.runBatch(MicroBatchExecution.scala:729)
[2025-10-29T03:19:50.667+0700] {subprocess.py:93} INFO - 	at org.apache.spark.sql.execution.streaming.MicroBatchExecution.$anonfun$runActivatedStream$2(MicroBatchExecution.scala:286)
[2025-10-29T03:19:50.667+0700] {subprocess.py:93} INFO - 	at scala.runtime.java8.JFunction0$mcV$sp.apply(JFunction0$mcV$sp.java:23)
[2025-10-29T03:19:50.668+0700] {subprocess.py:93} INFO - 	at org.apache.spark.sql.execution.streaming.ProgressReporter.reportTimeTaken(ProgressReporter.scala:427)
[2025-10-29T03:19:50.668+0700] {subprocess.py:93} INFO - 	at org.apache.spark.sql.execution.streaming.ProgressReporter.reportTimeTaken$(ProgressReporter.scala:425)
[2025-10-29T03:19:50.668+0700] {subprocess.py:93} INFO - 	at org.apache.spark.sql.execution.streaming.StreamExecution.reportTimeTaken(StreamExecution.scala:67)
[2025-10-29T03:19:50.668+0700] {subprocess.py:93} INFO - 	at org.apache.spark.sql.execution.streaming.MicroBatchExecution.$anonfun$runActivatedStream$1(MicroBatchExecution.scala:249)
[2025-10-29T03:19:50.668+0700] {subprocess.py:93} INFO - 	at org.apache.spark.sql.execution.streaming.ProcessingTimeExecutor.execute(TriggerExecutor.scala:67)
[2025-10-29T03:19:50.668+0700] {subprocess.py:93} INFO - 	at org.apache.spark.sql.execution.streaming.MicroBatchExecution.runActivatedStream(MicroBatchExecution.scala:239)
[2025-10-29T03:19:50.668+0700] {subprocess.py:93} INFO - 	at org.apache.spark.sql.execution.streaming.StreamExecution.$anonfun$runStream$1(StreamExecution.scala:311)
[2025-10-29T03:19:50.668+0700] {subprocess.py:93} INFO - 	at scala.runtime.java8.JFunction0$mcV$sp.apply(JFunction0$mcV$sp.java:23)
[2025-10-29T03:19:50.669+0700] {subprocess.py:93} INFO - 	at org.apache.spark.sql.SparkSession.withActive(SparkSession.scala:900)
[2025-10-29T03:19:50.669+0700] {subprocess.py:93} INFO - 	at org.apache.spark.sql.execution.streaming.StreamExecution.org$apache$spark$sql$execution$streaming$StreamExecution$$runStream(StreamExecution.scala:289)
[2025-10-29T03:19:50.669+0700] {subprocess.py:93} INFO - 	at org.apache.spark.sql.execution.streaming.StreamExecution$$anon$1.$anonfun$run$1(StreamExecution.scala:211)
[2025-10-29T03:19:50.669+0700] {subprocess.py:93} INFO - 	at scala.runtime.java8.JFunction0$mcV$sp.apply(JFunction0$mcV$sp.java:23)
[2025-10-29T03:19:50.669+0700] {subprocess.py:93} INFO - 	at org.apache.spark.JobArtifactSet$.withActiveJobArtifactState(JobArtifactSet.scala:94)
[2025-10-29T03:19:50.669+0700] {subprocess.py:93} INFO - 	at org.apache.spark.sql.execution.streaming.StreamExecution$$anon$1.run(StreamExecution.scala:211)
[2025-10-29T03:19:50.726+0700] {subprocess.py:93} INFO - Traceback (most recent call last):
[2025-10-29T03:19:50.726+0700] {subprocess.py:93} INFO -   File "/opt/***/projects/absa_streaming/scripts/consumer_postgres_streaming.py", line 175, in <module>
[2025-10-29T03:19:50.727+0700] {subprocess.py:93} INFO -     query.awaitTermination()
[2025-10-29T03:19:50.727+0700] {subprocess.py:93} INFO -   File "/home/***/.local/lib/python3.12/site-packages/pyspark/python/lib/pyspark.zip/pyspark/sql/streaming/query.py", line 221, in awaitTermination
[2025-10-29T03:19:50.727+0700] {subprocess.py:93} INFO -   File "/home/***/.local/lib/python3.12/site-packages/pyspark/python/lib/py4j-0.10.9.7-src.zip/py4j/java_gateway.py", line 1322, in __call__
[2025-10-29T03:19:50.727+0700] {subprocess.py:93} INFO -   File "/home/***/.local/lib/python3.12/site-packages/pyspark/python/lib/pyspark.zip/pyspark/errors/exceptions/captured.py", line 185, in deco
[2025-10-29T03:19:50.728+0700] {subprocess.py:93} INFO - pyspark.errors.exceptions.captured.StreamingQueryException: [STREAM_FAILED] Query [id = 7ad5e874-cd1f-43da-9c88-02e4d6740889, runId = bf330976-6513-4200-b0b3-a4990975b272] terminated with exception: An exception was raised by the Python Proxy. Return Message: Traceback (most recent call last):
[2025-10-29T03:19:50.728+0700] {subprocess.py:93} INFO -   File "/home/***/.local/lib/python3.12/site-packages/pyspark/python/lib/py4j-0.10.9.7-src.zip/py4j/clientserver.py", line 617, in _call_proxy
[2025-10-29T03:19:50.728+0700] {subprocess.py:93} INFO -     return_value = getattr(self.pool[obj_id], method)(*params)
[2025-10-29T03:19:50.728+0700] {subprocess.py:93} INFO -                    ^^^^^^^^^^^^^^^^^^^^^^^^^^^^^^^^^^^^^^^^^^^
[2025-10-29T03:19:50.728+0700] {subprocess.py:93} INFO -   File "/home/***/.local/lib/python3.12/site-packages/pyspark/python/lib/pyspark.zip/pyspark/sql/utils.py", line 120, in call
[2025-10-29T03:19:50.728+0700] {subprocess.py:93} INFO -     raise e
[2025-10-29T03:19:50.728+0700] {subprocess.py:93} INFO -   File "/home/***/.local/lib/python3.12/site-packages/pyspark/python/lib/pyspark.zip/pyspark/sql/utils.py", line 117, in call
[2025-10-29T03:19:50.728+0700] {subprocess.py:93} INFO -     self.func(DataFrame(jdf, wrapped_session_jdf), batch_id)
[2025-10-29T03:19:50.728+0700] {subprocess.py:93} INFO -   File "/opt/***/projects/absa_streaming/scripts/consumer_postgres_streaming.py", line 125, in write_to_postgres
[2025-10-29T03:19:50.729+0700] {subprocess.py:93} INFO -     total_rows = batch_df.count()
[2025-10-29T03:19:50.729+0700] {subprocess.py:93} INFO -                  ^^^^^^^^^^^^^^^^
[2025-10-29T03:19:50.729+0700] {subprocess.py:93} INFO -   File "/home/***/.local/lib/python3.12/site-packages/pyspark/python/lib/pyspark.zip/pyspark/sql/dataframe.py", line 1238, in count
[2025-10-29T03:19:50.729+0700] {subprocess.py:93} INFO -     return int(self._jdf.count())
[2025-10-29T03:19:50.729+0700] {subprocess.py:93} INFO -                ^^^^^^^^^^^^^^^^^
[2025-10-29T03:19:50.729+0700] {subprocess.py:93} INFO -   File "/home/***/.local/lib/python3.12/site-packages/pyspark/python/lib/py4j-0.10.9.7-src.zip/py4j/java_gateway.py", line 1322, in __call__
[2025-10-29T03:19:50.729+0700] {subprocess.py:93} INFO -     return_value = get_return_value(
[2025-10-29T03:19:50.729+0700] {subprocess.py:93} INFO -                    ^^^^^^^^^^^^^^^^^
[2025-10-29T03:19:50.729+0700] {subprocess.py:93} INFO -   File "/home/***/.local/lib/python3.12/site-packages/pyspark/python/lib/pyspark.zip/pyspark/errors/exceptions/captured.py", line 185, in deco
[2025-10-29T03:19:50.729+0700] {subprocess.py:93} INFO -     raise converted from None
[2025-10-29T03:19:50.729+0700] {subprocess.py:93} INFO - pyspark.errors.exceptions.captured.PythonException:
[2025-10-29T03:19:50.729+0700] {subprocess.py:93} INFO -   An exception was thrown from the Python worker. Please see the stack trace below.
[2025-10-29T03:19:50.730+0700] {subprocess.py:93} INFO - Traceback (most recent call last):
[2025-10-29T03:19:50.730+0700] {subprocess.py:93} INFO -   File "/opt/***/projects/absa_streaming/scripts/consumer_postgres_streaming.py", line 73, in absa_infer_udf
[2025-10-29T03:19:50.730+0700] {subprocess.py:93} INFO -     _tokenizer = AutoTokenizer.from_pretrained(MODEL_NAME, use_fast=True)
[2025-10-29T03:19:50.730+0700] {subprocess.py:93} INFO -                  ^^^^^^^^^^^^^^^^^^^^^^^^^^^^^^^^^^^^^^^^^^^^^^^^^^^^^^^^
[2025-10-29T03:19:50.730+0700] {subprocess.py:93} INFO -   File "/home/***/.local/lib/python3.12/site-packages/transformers/models/auto/tokenization_auto.py", line 817, in from_pretrained
[2025-10-29T03:19:50.730+0700] {subprocess.py:93} INFO -     tokenizer_config = get_tokenizer_config(pretrained_model_name_or_path, **kwargs)
[2025-10-29T03:19:50.730+0700] {subprocess.py:93} INFO -                        ^^^^^^^^^^^^^^^^^^^^^^^^^^^^^^^^^^^^^^^^^^^^^^^^^^^^^^^^^^^^^
[2025-10-29T03:19:50.730+0700] {subprocess.py:93} INFO -   File "/home/***/.local/lib/python3.12/site-packages/transformers/models/auto/tokenization_auto.py", line 649, in get_tokenizer_config
[2025-10-29T03:19:50.730+0700] {subprocess.py:93} INFO -     resolved_config_file = cached_file(
[2025-10-29T03:19:50.730+0700] {subprocess.py:93} INFO -                            ^^^^^^^^^^^^
[2025-10-29T03:19:50.730+0700] {subprocess.py:93} INFO -   File "/home/***/.local/lib/python3.12/site-packages/transformers/utils/hub.py", line 462, in cached_file
[2025-10-29T03:19:50.731+0700] {subprocess.py:93} INFO -     except HFValidationError as e:
[2025-10-29T03:19:50.731+0700] {subprocess.py:93} INFO -   File "/home/***/.local/lib/python3.12/site-packages/huggingface_hub/utils/_validators.py", line 114, in _inner_fn
[2025-10-29T03:19:50.731+0700] {subprocess.py:93} INFO -     return fn(*args, **kwargs)
[2025-10-29T03:19:50.731+0700] {subprocess.py:93} INFO -            ^^^^^^^^^^^^^^^^^^^
[2025-10-29T03:19:50.731+0700] {subprocess.py:93} INFO -   File "/home/***/.local/lib/python3.12/site-packages/huggingface_hub/file_download.py", line 1007, in hf_hub_download
[2025-10-29T03:19:50.731+0700] {subprocess.py:93} INFO -     return _hf_hub_download_to_cache_dir(
[2025-10-29T03:19:50.731+0700] {subprocess.py:93} INFO -            ^^^^^^^^^^^^^^^^^^^^^^^^^^^^^^
[2025-10-29T03:19:50.731+0700] {subprocess.py:93} INFO -   File "/home/***/.local/lib/python3.12/site-packages/huggingface_hub/file_download.py", line 1124, in _hf_hub_download_to_cache_dir
[2025-10-29T03:19:50.731+0700] {subprocess.py:93} INFO -     os.makedirs(os.path.dirname(blob_path), exist_ok=True)
[2025-10-29T03:19:50.731+0700] {subprocess.py:93} INFO -   File "<frozen os>", line 216, in makedirs
[2025-10-29T03:19:50.731+0700] {subprocess.py:93} INFO -   File "<frozen os>", line 216, in makedirs
[2025-10-29T03:19:50.731+0700] {subprocess.py:93} INFO -   File "<frozen os>", line 216, in makedirs
[2025-10-29T03:19:50.732+0700] {subprocess.py:93} INFO -   File "<frozen os>", line 230, in makedirs
[2025-10-29T03:19:50.732+0700] {subprocess.py:93} INFO - PermissionError: [Errno 13] Permission denied: '/home/***/.cache/huggingface'
[2025-10-29T03:19:50.732+0700] {subprocess.py:93} INFO - 
[2025-10-29T03:19:50.732+0700] {subprocess.py:93} INFO - 
[2025-10-29T03:19:51.124+0700] {subprocess.py:97} INFO - Command exited with return code 1
[2025-10-29T03:19:51.124+0700] {taskinstance.py:441} INFO - ::group::Post task execution logs
[2025-10-29T03:19:51.130+0700] {taskinstance.py:2890} ERROR - Task failed with exception
Traceback (most recent call last):
  File "/home/airflow/.local/lib/python3.12/site-packages/airflow/models/taskinstance.py", line 460, in _execute_task
    result = _execute_callable(context=context, **execute_callable_kwargs)
             ^^^^^^^^^^^^^^^^^^^^^^^^^^^^^^^^^^^^^^^^^^^^^^^^^^^^^^^^^^^^^
  File "/home/airflow/.local/lib/python3.12/site-packages/airflow/models/taskinstance.py", line 432, in _execute_callable
    return execute_callable(context=context, **execute_callable_kwargs)
           ^^^^^^^^^^^^^^^^^^^^^^^^^^^^^^^^^^^^^^^^^^^^^^^^^^^^^^^^^^^^
  File "/home/airflow/.local/lib/python3.12/site-packages/airflow/models/baseoperator.py", line 400, in wrapper
    return func(self, *args, **kwargs)
           ^^^^^^^^^^^^^^^^^^^^^^^^^^^
  File "/home/airflow/.local/lib/python3.12/site-packages/airflow/operators/bash.py", line 243, in execute
    raise AirflowException(
airflow.exceptions.AirflowException: Bash command failed. The command returned a non-zero exit code 1.
[2025-10-29T03:19:51.133+0700] {taskinstance.py:1205} INFO - Marking task as UP_FOR_RETRY. dag_id=absa_streaming_lifecycle_demo1, task_id=deploy_consumer, execution_date=20251028T200718, start_date=20251028T201937, end_date=20251028T201951
[2025-10-29T03:19:51.140+0700] {standard_task_runner.py:110} ERROR - Failed to execute job 18 for task deploy_consumer (Bash command failed. The command returned a non-zero exit code 1.; 5251)
[2025-10-29T03:19:51.167+0700] {local_task_job_runner.py:240} INFO - Task exited with return code 1
[2025-10-29T03:19:51.179+0700] {taskinstance.py:3482} INFO - 0 downstream tasks scheduled from follow-on schedule check
[2025-10-29T03:19:51.181+0700] {local_task_job_runner.py:222} INFO - ::endgroup::
