[2025-10-29T03:17:19.580+0700] {local_task_job_runner.py:120} INFO - ::group::Pre task execution logs
[2025-10-29T03:17:19.594+0700] {taskinstance.py:2073} INFO - Dependencies all met for dep_context=non-requeueable deps ti=<TaskInstance: absa_streaming_lifecycle_demo1.deploy_consumer manual__2025-10-28T20:07:18.155316+00:00 [queued]>
[2025-10-29T03:17:19.598+0700] {taskinstance.py:2073} INFO - Dependencies all met for dep_context=requeueable deps ti=<TaskInstance: absa_streaming_lifecycle_demo1.deploy_consumer manual__2025-10-28T20:07:18.155316+00:00 [queued]>
[2025-10-29T03:17:19.599+0700] {taskinstance.py:2303} INFO - Starting attempt 6 of 11
[2025-10-29T03:17:19.607+0700] {taskinstance.py:2327} INFO - Executing <Task(BashOperator): deploy_consumer> on 2025-10-28 20:07:18.155316+00:00
[2025-10-29T03:17:19.614+0700] {warnings.py:110} WARNING - /home/***/.local/lib/python3.12/site-packages/***/task/task_runner/standard_task_runner.py:61: DeprecationWarning: This process (pid=4266) is multi-threaded, use of fork() may lead to deadlocks in the child.
  pid = os.fork()

[2025-10-29T03:17:19.615+0700] {standard_task_runner.py:63} INFO - Started process 4268 to run task
[2025-10-29T03:17:19.615+0700] {standard_task_runner.py:90} INFO - Running: ['***', 'tasks', 'run', 'absa_streaming_lifecycle_demo1', 'deploy_consumer', 'manual__2025-10-28T20:07:18.155316+00:00', '--job-id', '15', '--raw', '--subdir', 'DAGS_FOLDER/absa_streaming_lifecycle_dag1.py', '--cfg-path', '/tmp/tmpxqxfhbqy']
[2025-10-29T03:17:19.617+0700] {standard_task_runner.py:91} INFO - Job 15: Subtask deploy_consumer
[2025-10-29T03:17:19.642+0700] {task_command.py:426} INFO - Running <TaskInstance: absa_streaming_lifecycle_demo1.deploy_consumer manual__2025-10-28T20:07:18.155316+00:00 [running]> on host dfeadd712fc3
[2025-10-29T03:17:19.689+0700] {taskinstance.py:2644} INFO - Exporting env vars: AIRFLOW_CTX_DAG_OWNER='***' AIRFLOW_CTX_DAG_ID='absa_streaming_lifecycle_demo1' AIRFLOW_CTX_TASK_ID='deploy_consumer' AIRFLOW_CTX_EXECUTION_DATE='2025-10-28T20:07:18.155316+00:00' AIRFLOW_CTX_TRY_NUMBER='6' AIRFLOW_CTX_DAG_RUN_ID='manual__2025-10-28T20:07:18.155316+00:00'
[2025-10-29T03:17:19.691+0700] {taskinstance.py:430} INFO - ::endgroup::
[2025-10-29T03:17:19.691+0700] {subprocess.py:63} INFO - Tmp dir root location: /tmp
[2025-10-29T03:17:19.692+0700] {subprocess.py:75} INFO - Running command: ['/usr/bin/bash', '-c', 'bash -c "timeout 45m /opt/***/projects/absa_streaming/scripts/run_consumer.sh"']
[2025-10-29T03:17:19.704+0700] {subprocess.py:86} INFO - Output:
[2025-10-29T03:17:19.708+0700] {subprocess.py:93} INFO - [Consumer] Starting Spark Structured Streaming job...
[2025-10-29T03:17:19.741+0700] {subprocess.py:93} INFO - /home/***/.local/lib/python3.12/site-packages/pyspark/bin/load-spark-env.sh: line 68: ps: command not found
[2025-10-29T03:17:20.579+0700] {subprocess.py:93} INFO - :: loading settings :: url = jar:file:/home/***/.local/lib/python3.12/site-packages/pyspark/jars/ivy-2.5.1.jar!/org/apache/ivy/core/settings/ivysettings.xml
[2025-10-29T03:17:20.624+0700] {subprocess.py:93} INFO - Ivy Default Cache set to: /home/***/.ivy2/cache
[2025-10-29T03:17:20.625+0700] {subprocess.py:93} INFO - The jars for the packages stored in: /home/***/.ivy2/jars
[2025-10-29T03:17:20.628+0700] {subprocess.py:93} INFO - org.apache.spark#spark-sql-kafka-0-10_2.12 added as a dependency
[2025-10-29T03:17:20.628+0700] {subprocess.py:93} INFO - org.postgresql#postgresql added as a dependency
[2025-10-29T03:17:20.629+0700] {subprocess.py:93} INFO - :: resolving dependencies :: org.apache.spark#spark-submit-parent-1b913e48-8d5f-4708-8d4c-0c798a570ebb;1.0
[2025-10-29T03:17:20.629+0700] {subprocess.py:93} INFO - 	confs: [default]
[2025-10-29T03:17:20.741+0700] {subprocess.py:93} INFO - 	found org.apache.spark#spark-sql-kafka-0-10_2.12;3.5.1 in central
[2025-10-29T03:17:20.782+0700] {subprocess.py:93} INFO - 	found org.apache.spark#spark-token-provider-kafka-0-10_2.12;3.5.1 in central
[2025-10-29T03:17:20.801+0700] {subprocess.py:93} INFO - 	found org.apache.kafka#kafka-clients;3.4.1 in central
[2025-10-29T03:17:20.822+0700] {subprocess.py:93} INFO - 	found org.lz4#lz4-java;1.8.0 in central
[2025-10-29T03:17:20.842+0700] {subprocess.py:93} INFO - 	found org.xerial.snappy#snappy-java;1.1.10.3 in central
[2025-10-29T03:17:20.861+0700] {subprocess.py:93} INFO - 	found org.slf4j#slf4j-api;2.0.7 in central
[2025-10-29T03:17:20.880+0700] {subprocess.py:93} INFO - 	found org.apache.hadoop#hadoop-client-runtime;3.3.4 in central
[2025-10-29T03:17:20.899+0700] {subprocess.py:93} INFO - 	found org.apache.hadoop#hadoop-client-api;3.3.4 in central
[2025-10-29T03:17:20.920+0700] {subprocess.py:93} INFO - 	found commons-logging#commons-logging;1.1.3 in central
[2025-10-29T03:17:20.940+0700] {subprocess.py:93} INFO - 	found com.google.code.findbugs#jsr305;3.0.0 in central
[2025-10-29T03:17:20.957+0700] {subprocess.py:93} INFO - 	found org.apache.commons#commons-pool2;2.11.1 in central
[2025-10-29T03:17:20.972+0700] {subprocess.py:93} INFO - 	found org.postgresql#postgresql;42.6.0 in central
[2025-10-29T03:17:20.984+0700] {subprocess.py:93} INFO - 	found org.checkerframework#checker-qual;3.31.0 in central
[2025-10-29T03:17:21.016+0700] {subprocess.py:93} INFO - :: resolution report :: resolve 368ms :: artifacts dl 19ms
[2025-10-29T03:17:21.016+0700] {subprocess.py:93} INFO - 	:: modules in use:
[2025-10-29T03:17:21.017+0700] {subprocess.py:93} INFO - 	com.google.code.findbugs#jsr305;3.0.0 from central in [default]
[2025-10-29T03:17:21.017+0700] {subprocess.py:93} INFO - 	commons-logging#commons-logging;1.1.3 from central in [default]
[2025-10-29T03:17:21.018+0700] {subprocess.py:93} INFO - 	org.apache.commons#commons-pool2;2.11.1 from central in [default]
[2025-10-29T03:17:21.018+0700] {subprocess.py:93} INFO - 	org.apache.hadoop#hadoop-client-api;3.3.4 from central in [default]
[2025-10-29T03:17:21.018+0700] {subprocess.py:93} INFO - 	org.apache.hadoop#hadoop-client-runtime;3.3.4 from central in [default]
[2025-10-29T03:17:21.019+0700] {subprocess.py:93} INFO - 	org.apache.kafka#kafka-clients;3.4.1 from central in [default]
[2025-10-29T03:17:21.019+0700] {subprocess.py:93} INFO - 	org.apache.spark#spark-sql-kafka-0-10_2.12;3.5.1 from central in [default]
[2025-10-29T03:17:21.019+0700] {subprocess.py:93} INFO - 	org.apache.spark#spark-token-provider-kafka-0-10_2.12;3.5.1 from central in [default]
[2025-10-29T03:17:21.020+0700] {subprocess.py:93} INFO - 	org.checkerframework#checker-qual;3.31.0 from central in [default]
[2025-10-29T03:17:21.020+0700] {subprocess.py:93} INFO - 	org.lz4#lz4-java;1.8.0 from central in [default]
[2025-10-29T03:17:21.020+0700] {subprocess.py:93} INFO - 	org.postgresql#postgresql;42.6.0 from central in [default]
[2025-10-29T03:17:21.021+0700] {subprocess.py:93} INFO - 	org.slf4j#slf4j-api;2.0.7 from central in [default]
[2025-10-29T03:17:21.021+0700] {subprocess.py:93} INFO - 	org.xerial.snappy#snappy-java;1.1.10.3 from central in [default]
[2025-10-29T03:17:21.022+0700] {subprocess.py:93} INFO - 	---------------------------------------------------------------------
[2025-10-29T03:17:21.022+0700] {subprocess.py:93} INFO - 	|                  |            modules            ||   artifacts   |
[2025-10-29T03:17:21.022+0700] {subprocess.py:93} INFO - 	|       conf       | number| search|dwnlded|evicted|| number|dwnlded|
[2025-10-29T03:17:21.023+0700] {subprocess.py:93} INFO - 	---------------------------------------------------------------------
[2025-10-29T03:17:21.023+0700] {subprocess.py:93} INFO - 	|      default     |   13  |   0   |   0   |   0   ||   13  |   0   |
[2025-10-29T03:17:21.023+0700] {subprocess.py:93} INFO - 	---------------------------------------------------------------------
[2025-10-29T03:17:21.024+0700] {subprocess.py:93} INFO - :: retrieving :: org.apache.spark#spark-submit-parent-1b913e48-8d5f-4708-8d4c-0c798a570ebb
[2025-10-29T03:17:21.025+0700] {subprocess.py:93} INFO - 	confs: [default]
[2025-10-29T03:17:21.035+0700] {subprocess.py:93} INFO - 	0 artifacts copied, 13 already retrieved (0kB/11ms)
[2025-10-29T03:17:21.190+0700] {subprocess.py:93} INFO - 25/10/29 03:17:21 WARN NativeCodeLoader: Unable to load native-hadoop library for your platform... using builtin-java classes where applicable
[2025-10-29T03:17:24.603+0700] {subprocess.py:93} INFO - There was a problem when trying to write in your cache folder (/home/***/.cache/huggingface/hub). You should set the environment variable TRANSFORMERS_CACHE to a writable directory.
[2025-10-29T03:17:24.717+0700] {subprocess.py:93} INFO - 25/10/29 03:17:24 INFO SparkContext: Running Spark version 3.5.1
[2025-10-29T03:17:24.717+0700] {subprocess.py:93} INFO - 25/10/29 03:17:24 INFO SparkContext: OS info Linux, 6.14.0-33-generic, amd64
[2025-10-29T03:17:24.717+0700] {subprocess.py:93} INFO - 25/10/29 03:17:24 INFO SparkContext: Java version 17.0.17
[2025-10-29T03:17:24.729+0700] {subprocess.py:93} INFO - 25/10/29 03:17:24 INFO ResourceUtils: ==============================================================
[2025-10-29T03:17:24.729+0700] {subprocess.py:93} INFO - 25/10/29 03:17:24 INFO ResourceUtils: No custom resources configured for spark.driver.
[2025-10-29T03:17:24.729+0700] {subprocess.py:93} INFO - 25/10/29 03:17:24 INFO ResourceUtils: ==============================================================
[2025-10-29T03:17:24.730+0700] {subprocess.py:93} INFO - 25/10/29 03:17:24 INFO SparkContext: Submitted application: Kafka_ABSA_Postgres
[2025-10-29T03:17:24.741+0700] {subprocess.py:93} INFO - 25/10/29 03:17:24 INFO ResourceProfile: Default ResourceProfile created, executor resources: Map(cores -> name: cores, amount: 1, script: , vendor: , memory -> name: memory, amount: 1024, script: , vendor: , offHeap -> name: offHeap, amount: 0, script: , vendor: ), task resources: Map(cpus -> name: cpus, amount: 1.0)
[2025-10-29T03:17:24.746+0700] {subprocess.py:93} INFO - 25/10/29 03:17:24 INFO ResourceProfile: Limiting resource is cpu
[2025-10-29T03:17:24.747+0700] {subprocess.py:93} INFO - 25/10/29 03:17:24 INFO ResourceProfileManager: Added ResourceProfile id: 0
[2025-10-29T03:17:24.778+0700] {subprocess.py:93} INFO - 25/10/29 03:17:24 INFO SecurityManager: Changing view acls to: default
[2025-10-29T03:17:24.778+0700] {subprocess.py:93} INFO - 25/10/29 03:17:24 INFO SecurityManager: Changing modify acls to: default
[2025-10-29T03:17:24.779+0700] {subprocess.py:93} INFO - 25/10/29 03:17:24 INFO SecurityManager: Changing view acls groups to:
[2025-10-29T03:17:24.779+0700] {subprocess.py:93} INFO - 25/10/29 03:17:24 INFO SecurityManager: Changing modify acls groups to:
[2025-10-29T03:17:24.779+0700] {subprocess.py:93} INFO - 25/10/29 03:17:24 INFO SecurityManager: SecurityManager: authentication disabled; ui acls disabled; users with view permissions: default; groups with view permissions: EMPTY; users with modify permissions: default; groups with modify permissions: EMPTY
[2025-10-29T03:17:24.920+0700] {subprocess.py:93} INFO - 25/10/29 03:17:24 INFO Utils: Successfully started service 'sparkDriver' on port 37537.
[2025-10-29T03:17:24.946+0700] {subprocess.py:93} INFO - 25/10/29 03:17:24 INFO SparkEnv: Registering MapOutputTracker
[2025-10-29T03:17:24.973+0700] {subprocess.py:93} INFO - 25/10/29 03:17:24 INFO SparkEnv: Registering BlockManagerMaster
[2025-10-29T03:17:24.983+0700] {subprocess.py:93} INFO - 25/10/29 03:17:24 INFO BlockManagerMasterEndpoint: Using org.apache.spark.storage.DefaultTopologyMapper for getting topology information
[2025-10-29T03:17:24.983+0700] {subprocess.py:93} INFO - 25/10/29 03:17:24 INFO BlockManagerMasterEndpoint: BlockManagerMasterEndpoint up
[2025-10-29T03:17:24.985+0700] {subprocess.py:93} INFO - 25/10/29 03:17:24 INFO SparkEnv: Registering BlockManagerMasterHeartbeat
[2025-10-29T03:17:24.997+0700] {subprocess.py:93} INFO - 25/10/29 03:17:24 INFO DiskBlockManager: Created local directory at /tmp/blockmgr-c99ab171-c2dc-435d-afb7-e32ad0b7fbdb
[2025-10-29T03:17:25.007+0700] {subprocess.py:93} INFO - 25/10/29 03:17:25 INFO MemoryStore: MemoryStore started with capacity 434.4 MiB
[2025-10-29T03:17:25.016+0700] {subprocess.py:93} INFO - 25/10/29 03:17:25 INFO SparkEnv: Registering OutputCommitCoordinator
[2025-10-29T03:17:25.099+0700] {subprocess.py:93} INFO - 25/10/29 03:17:25 INFO JettyUtils: Start Jetty 0.0.0.0:4040 for SparkUI
[2025-10-29T03:17:25.140+0700] {subprocess.py:93} INFO - 25/10/29 03:17:25 INFO Utils: Successfully started service 'SparkUI' on port 4040.
[2025-10-29T03:17:25.172+0700] {subprocess.py:93} INFO - 25/10/29 03:17:25 INFO SparkContext: Added JAR file:///home/***/.ivy2/jars/org.apache.spark_spark-sql-kafka-0-10_2.12-3.5.1.jar at spark://dfeadd712fc3:37537/jars/org.apache.spark_spark-sql-kafka-0-10_2.12-3.5.1.jar with timestamp 1761682644713
[2025-10-29T03:17:25.173+0700] {subprocess.py:93} INFO - 25/10/29 03:17:25 INFO SparkContext: Added JAR file:///home/***/.ivy2/jars/org.postgresql_postgresql-42.6.0.jar at spark://dfeadd712fc3:37537/jars/org.postgresql_postgresql-42.6.0.jar with timestamp 1761682644713
[2025-10-29T03:17:25.173+0700] {subprocess.py:93} INFO - 25/10/29 03:17:25 INFO SparkContext: Added JAR file:///home/***/.ivy2/jars/org.apache.spark_spark-token-provider-kafka-0-10_2.12-3.5.1.jar at spark://dfeadd712fc3:37537/jars/org.apache.spark_spark-token-provider-kafka-0-10_2.12-3.5.1.jar with timestamp 1761682644713
[2025-10-29T03:17:25.173+0700] {subprocess.py:93} INFO - 25/10/29 03:17:25 INFO SparkContext: Added JAR file:///home/***/.ivy2/jars/org.apache.kafka_kafka-clients-3.4.1.jar at spark://dfeadd712fc3:37537/jars/org.apache.kafka_kafka-clients-3.4.1.jar with timestamp 1761682644713
[2025-10-29T03:17:25.173+0700] {subprocess.py:93} INFO - 25/10/29 03:17:25 INFO SparkContext: Added JAR file:///home/***/.ivy2/jars/com.google.code.findbugs_jsr305-3.0.0.jar at spark://dfeadd712fc3:37537/jars/com.google.code.findbugs_jsr305-3.0.0.jar with timestamp 1761682644713
[2025-10-29T03:17:25.173+0700] {subprocess.py:93} INFO - 25/10/29 03:17:25 INFO SparkContext: Added JAR file:///home/***/.ivy2/jars/org.apache.commons_commons-pool2-2.11.1.jar at spark://dfeadd712fc3:37537/jars/org.apache.commons_commons-pool2-2.11.1.jar with timestamp 1761682644713
[2025-10-29T03:17:25.174+0700] {subprocess.py:93} INFO - 25/10/29 03:17:25 INFO SparkContext: Added JAR file:///home/***/.ivy2/jars/org.apache.hadoop_hadoop-client-runtime-3.3.4.jar at spark://dfeadd712fc3:37537/jars/org.apache.hadoop_hadoop-client-runtime-3.3.4.jar with timestamp 1761682644713
[2025-10-29T03:17:25.174+0700] {subprocess.py:93} INFO - 25/10/29 03:17:25 INFO SparkContext: Added JAR file:///home/***/.ivy2/jars/org.lz4_lz4-java-1.8.0.jar at spark://dfeadd712fc3:37537/jars/org.lz4_lz4-java-1.8.0.jar with timestamp 1761682644713
[2025-10-29T03:17:25.174+0700] {subprocess.py:93} INFO - 25/10/29 03:17:25 INFO SparkContext: Added JAR file:///home/***/.ivy2/jars/org.xerial.snappy_snappy-java-1.1.10.3.jar at spark://dfeadd712fc3:37537/jars/org.xerial.snappy_snappy-java-1.1.10.3.jar with timestamp 1761682644713
[2025-10-29T03:17:25.174+0700] {subprocess.py:93} INFO - 25/10/29 03:17:25 INFO SparkContext: Added JAR file:///home/***/.ivy2/jars/org.slf4j_slf4j-api-2.0.7.jar at spark://dfeadd712fc3:37537/jars/org.slf4j_slf4j-api-2.0.7.jar with timestamp 1761682644713
[2025-10-29T03:17:25.174+0700] {subprocess.py:93} INFO - 25/10/29 03:17:25 INFO SparkContext: Added JAR file:///home/***/.ivy2/jars/org.apache.hadoop_hadoop-client-api-3.3.4.jar at spark://dfeadd712fc3:37537/jars/org.apache.hadoop_hadoop-client-api-3.3.4.jar with timestamp 1761682644713
[2025-10-29T03:17:25.174+0700] {subprocess.py:93} INFO - 25/10/29 03:17:25 INFO SparkContext: Added JAR file:///home/***/.ivy2/jars/commons-logging_commons-logging-1.1.3.jar at spark://dfeadd712fc3:37537/jars/commons-logging_commons-logging-1.1.3.jar with timestamp 1761682644713
[2025-10-29T03:17:25.175+0700] {subprocess.py:93} INFO - 25/10/29 03:17:25 INFO SparkContext: Added JAR file:///home/***/.ivy2/jars/org.checkerframework_checker-qual-3.31.0.jar at spark://dfeadd712fc3:37537/jars/org.checkerframework_checker-qual-3.31.0.jar with timestamp 1761682644713
[2025-10-29T03:17:25.177+0700] {subprocess.py:93} INFO - 25/10/29 03:17:25 INFO SparkContext: Added file file:///home/***/.ivy2/jars/org.apache.spark_spark-sql-kafka-0-10_2.12-3.5.1.jar at file:///home/***/.ivy2/jars/org.apache.spark_spark-sql-kafka-0-10_2.12-3.5.1.jar with timestamp 1761682644713
[2025-10-29T03:17:25.178+0700] {subprocess.py:93} INFO - 25/10/29 03:17:25 INFO Utils: Copying /home/***/.ivy2/jars/org.apache.spark_spark-sql-kafka-0-10_2.12-3.5.1.jar to /tmp/spark-863dda53-c7ff-4989-ae08-47f95f35d730/userFiles-a2edca89-2e5f-409c-a884-aad6f6025d73/org.apache.spark_spark-sql-kafka-0-10_2.12-3.5.1.jar
[2025-10-29T03:17:25.187+0700] {subprocess.py:93} INFO - 25/10/29 03:17:25 INFO SparkContext: Added file file:///home/***/.ivy2/jars/org.postgresql_postgresql-42.6.0.jar at file:///home/***/.ivy2/jars/org.postgresql_postgresql-42.6.0.jar with timestamp 1761682644713
[2025-10-29T03:17:25.188+0700] {subprocess.py:93} INFO - 25/10/29 03:17:25 INFO Utils: Copying /home/***/.ivy2/jars/org.postgresql_postgresql-42.6.0.jar to /tmp/spark-863dda53-c7ff-4989-ae08-47f95f35d730/userFiles-a2edca89-2e5f-409c-a884-aad6f6025d73/org.postgresql_postgresql-42.6.0.jar
[2025-10-29T03:17:25.193+0700] {subprocess.py:93} INFO - 25/10/29 03:17:25 INFO SparkContext: Added file file:///home/***/.ivy2/jars/org.apache.spark_spark-token-provider-kafka-0-10_2.12-3.5.1.jar at file:///home/***/.ivy2/jars/org.apache.spark_spark-token-provider-kafka-0-10_2.12-3.5.1.jar with timestamp 1761682644713
[2025-10-29T03:17:25.193+0700] {subprocess.py:93} INFO - 25/10/29 03:17:25 INFO Utils: Copying /home/***/.ivy2/jars/org.apache.spark_spark-token-provider-kafka-0-10_2.12-3.5.1.jar to /tmp/spark-863dda53-c7ff-4989-ae08-47f95f35d730/userFiles-a2edca89-2e5f-409c-a884-aad6f6025d73/org.apache.spark_spark-token-provider-kafka-0-10_2.12-3.5.1.jar
[2025-10-29T03:17:25.197+0700] {subprocess.py:93} INFO - 25/10/29 03:17:25 INFO SparkContext: Added file file:///home/***/.ivy2/jars/org.apache.kafka_kafka-clients-3.4.1.jar at file:///home/***/.ivy2/jars/org.apache.kafka_kafka-clients-3.4.1.jar with timestamp 1761682644713
[2025-10-29T03:17:25.197+0700] {subprocess.py:93} INFO - 25/10/29 03:17:25 INFO Utils: Copying /home/***/.ivy2/jars/org.apache.kafka_kafka-clients-3.4.1.jar to /tmp/spark-863dda53-c7ff-4989-ae08-47f95f35d730/userFiles-a2edca89-2e5f-409c-a884-aad6f6025d73/org.apache.kafka_kafka-clients-3.4.1.jar
[2025-10-29T03:17:25.205+0700] {subprocess.py:93} INFO - 25/10/29 03:17:25 INFO SparkContext: Added file file:///home/***/.ivy2/jars/com.google.code.findbugs_jsr305-3.0.0.jar at file:///home/***/.ivy2/jars/com.google.code.findbugs_jsr305-3.0.0.jar with timestamp 1761682644713
[2025-10-29T03:17:25.206+0700] {subprocess.py:93} INFO - 25/10/29 03:17:25 INFO Utils: Copying /home/***/.ivy2/jars/com.google.code.findbugs_jsr305-3.0.0.jar to /tmp/spark-863dda53-c7ff-4989-ae08-47f95f35d730/userFiles-a2edca89-2e5f-409c-a884-aad6f6025d73/com.google.code.findbugs_jsr305-3.0.0.jar
[2025-10-29T03:17:25.209+0700] {subprocess.py:93} INFO - 25/10/29 03:17:25 INFO SparkContext: Added file file:///home/***/.ivy2/jars/org.apache.commons_commons-pool2-2.11.1.jar at file:///home/***/.ivy2/jars/org.apache.commons_commons-pool2-2.11.1.jar with timestamp 1761682644713
[2025-10-29T03:17:25.210+0700] {subprocess.py:93} INFO - 25/10/29 03:17:25 INFO Utils: Copying /home/***/.ivy2/jars/org.apache.commons_commons-pool2-2.11.1.jar to /tmp/spark-863dda53-c7ff-4989-ae08-47f95f35d730/userFiles-a2edca89-2e5f-409c-a884-aad6f6025d73/org.apache.commons_commons-pool2-2.11.1.jar
[2025-10-29T03:17:25.213+0700] {subprocess.py:93} INFO - 25/10/29 03:17:25 INFO SparkContext: Added file file:///home/***/.ivy2/jars/org.apache.hadoop_hadoop-client-runtime-3.3.4.jar at file:///home/***/.ivy2/jars/org.apache.hadoop_hadoop-client-runtime-3.3.4.jar with timestamp 1761682644713
[2025-10-29T03:17:25.213+0700] {subprocess.py:93} INFO - 25/10/29 03:17:25 INFO Utils: Copying /home/***/.ivy2/jars/org.apache.hadoop_hadoop-client-runtime-3.3.4.jar to /tmp/spark-863dda53-c7ff-4989-ae08-47f95f35d730/userFiles-a2edca89-2e5f-409c-a884-aad6f6025d73/org.apache.hadoop_hadoop-client-runtime-3.3.4.jar
[2025-10-29T03:17:25.232+0700] {subprocess.py:93} INFO - 25/10/29 03:17:25 INFO SparkContext: Added file file:///home/***/.ivy2/jars/org.lz4_lz4-java-1.8.0.jar at file:///home/***/.ivy2/jars/org.lz4_lz4-java-1.8.0.jar with timestamp 1761682644713
[2025-10-29T03:17:25.233+0700] {subprocess.py:93} INFO - 25/10/29 03:17:25 INFO Utils: Copying /home/***/.ivy2/jars/org.lz4_lz4-java-1.8.0.jar to /tmp/spark-863dda53-c7ff-4989-ae08-47f95f35d730/userFiles-a2edca89-2e5f-409c-a884-aad6f6025d73/org.lz4_lz4-java-1.8.0.jar
[2025-10-29T03:17:25.236+0700] {subprocess.py:93} INFO - 25/10/29 03:17:25 INFO SparkContext: Added file file:///home/***/.ivy2/jars/org.xerial.snappy_snappy-java-1.1.10.3.jar at file:///home/***/.ivy2/jars/org.xerial.snappy_snappy-java-1.1.10.3.jar with timestamp 1761682644713
[2025-10-29T03:17:25.237+0700] {subprocess.py:93} INFO - 25/10/29 03:17:25 INFO Utils: Copying /home/***/.ivy2/jars/org.xerial.snappy_snappy-java-1.1.10.3.jar to /tmp/spark-863dda53-c7ff-4989-ae08-47f95f35d730/userFiles-a2edca89-2e5f-409c-a884-aad6f6025d73/org.xerial.snappy_snappy-java-1.1.10.3.jar
[2025-10-29T03:17:25.241+0700] {subprocess.py:93} INFO - 25/10/29 03:17:25 INFO SparkContext: Added file file:///home/***/.ivy2/jars/org.slf4j_slf4j-api-2.0.7.jar at file:///home/***/.ivy2/jars/org.slf4j_slf4j-api-2.0.7.jar with timestamp 1761682644713
[2025-10-29T03:17:25.242+0700] {subprocess.py:93} INFO - 25/10/29 03:17:25 INFO Utils: Copying /home/***/.ivy2/jars/org.slf4j_slf4j-api-2.0.7.jar to /tmp/spark-863dda53-c7ff-4989-ae08-47f95f35d730/userFiles-a2edca89-2e5f-409c-a884-aad6f6025d73/org.slf4j_slf4j-api-2.0.7.jar
[2025-10-29T03:17:25.244+0700] {subprocess.py:93} INFO - 25/10/29 03:17:25 INFO SparkContext: Added file file:///home/***/.ivy2/jars/org.apache.hadoop_hadoop-client-api-3.3.4.jar at file:///home/***/.ivy2/jars/org.apache.hadoop_hadoop-client-api-3.3.4.jar with timestamp 1761682644713
[2025-10-29T03:17:25.245+0700] {subprocess.py:93} INFO - 25/10/29 03:17:25 INFO Utils: Copying /home/***/.ivy2/jars/org.apache.hadoop_hadoop-client-api-3.3.4.jar to /tmp/spark-863dda53-c7ff-4989-ae08-47f95f35d730/userFiles-a2edca89-2e5f-409c-a884-aad6f6025d73/org.apache.hadoop_hadoop-client-api-3.3.4.jar
[2025-10-29T03:17:25.258+0700] {subprocess.py:93} INFO - 25/10/29 03:17:25 INFO SparkContext: Added file file:///home/***/.ivy2/jars/commons-logging_commons-logging-1.1.3.jar at file:///home/***/.ivy2/jars/commons-logging_commons-logging-1.1.3.jar with timestamp 1761682644713
[2025-10-29T03:17:25.259+0700] {subprocess.py:93} INFO - 25/10/29 03:17:25 INFO Utils: Copying /home/***/.ivy2/jars/commons-logging_commons-logging-1.1.3.jar to /tmp/spark-863dda53-c7ff-4989-ae08-47f95f35d730/userFiles-a2edca89-2e5f-409c-a884-aad6f6025d73/commons-logging_commons-logging-1.1.3.jar
[2025-10-29T03:17:25.261+0700] {subprocess.py:93} INFO - 25/10/29 03:17:25 INFO SparkContext: Added file file:///home/***/.ivy2/jars/org.checkerframework_checker-qual-3.31.0.jar at file:///home/***/.ivy2/jars/org.checkerframework_checker-qual-3.31.0.jar with timestamp 1761682644713
[2025-10-29T03:17:25.262+0700] {subprocess.py:93} INFO - 25/10/29 03:17:25 INFO Utils: Copying /home/***/.ivy2/jars/org.checkerframework_checker-qual-3.31.0.jar to /tmp/spark-863dda53-c7ff-4989-ae08-47f95f35d730/userFiles-a2edca89-2e5f-409c-a884-aad6f6025d73/org.checkerframework_checker-qual-3.31.0.jar
[2025-10-29T03:17:25.297+0700] {subprocess.py:93} INFO - 25/10/29 03:17:25 INFO Executor: Starting executor ID driver on host dfeadd712fc3
[2025-10-29T03:17:25.297+0700] {subprocess.py:93} INFO - 25/10/29 03:17:25 INFO Executor: OS info Linux, 6.14.0-33-generic, amd64
[2025-10-29T03:17:25.297+0700] {subprocess.py:93} INFO - 25/10/29 03:17:25 INFO Executor: Java version 17.0.17
[2025-10-29T03:17:25.300+0700] {subprocess.py:93} INFO - 25/10/29 03:17:25 INFO Executor: Starting executor with user classpath (userClassPathFirst = false): ''
[2025-10-29T03:17:25.301+0700] {subprocess.py:93} INFO - 25/10/29 03:17:25 INFO Executor: Created or updated repl class loader org.apache.spark.util.MutableURLClassLoader@1742ffe5 for default.
[2025-10-29T03:17:25.308+0700] {subprocess.py:93} INFO - 25/10/29 03:17:25 INFO Executor: Fetching file:///home/***/.ivy2/jars/org.apache.spark_spark-sql-kafka-0-10_2.12-3.5.1.jar with timestamp 1761682644713
[2025-10-29T03:17:25.323+0700] {subprocess.py:93} INFO - 25/10/29 03:17:25 INFO Utils: /home/***/.ivy2/jars/org.apache.spark_spark-sql-kafka-0-10_2.12-3.5.1.jar has been previously copied to /tmp/spark-863dda53-c7ff-4989-ae08-47f95f35d730/userFiles-a2edca89-2e5f-409c-a884-aad6f6025d73/org.apache.spark_spark-sql-kafka-0-10_2.12-3.5.1.jar
[2025-10-29T03:17:25.326+0700] {subprocess.py:93} INFO - 25/10/29 03:17:25 INFO Executor: Fetching file:///home/***/.ivy2/jars/org.apache.hadoop_hadoop-client-runtime-3.3.4.jar with timestamp 1761682644713
[2025-10-29T03:17:25.341+0700] {subprocess.py:93} INFO - 25/10/29 03:17:25 INFO Utils: /home/***/.ivy2/jars/org.apache.hadoop_hadoop-client-runtime-3.3.4.jar has been previously copied to /tmp/spark-863dda53-c7ff-4989-ae08-47f95f35d730/userFiles-a2edca89-2e5f-409c-a884-aad6f6025d73/org.apache.hadoop_hadoop-client-runtime-3.3.4.jar
[2025-10-29T03:17:25.344+0700] {subprocess.py:93} INFO - 25/10/29 03:17:25 INFO Executor: Fetching file:///home/***/.ivy2/jars/org.apache.hadoop_hadoop-client-api-3.3.4.jar with timestamp 1761682644713
[2025-10-29T03:17:25.354+0700] {subprocess.py:93} INFO - 25/10/29 03:17:25 INFO Utils: /home/***/.ivy2/jars/org.apache.hadoop_hadoop-client-api-3.3.4.jar has been previously copied to /tmp/spark-863dda53-c7ff-4989-ae08-47f95f35d730/userFiles-a2edca89-2e5f-409c-a884-aad6f6025d73/org.apache.hadoop_hadoop-client-api-3.3.4.jar
[2025-10-29T03:17:25.356+0700] {subprocess.py:93} INFO - 25/10/29 03:17:25 INFO Executor: Fetching file:///home/***/.ivy2/jars/org.apache.spark_spark-token-provider-kafka-0-10_2.12-3.5.1.jar with timestamp 1761682644713
[2025-10-29T03:17:25.357+0700] {subprocess.py:93} INFO - 25/10/29 03:17:25 INFO Utils: /home/***/.ivy2/jars/org.apache.spark_spark-token-provider-kafka-0-10_2.12-3.5.1.jar has been previously copied to /tmp/spark-863dda53-c7ff-4989-ae08-47f95f35d730/userFiles-a2edca89-2e5f-409c-a884-aad6f6025d73/org.apache.spark_spark-token-provider-kafka-0-10_2.12-3.5.1.jar
[2025-10-29T03:17:25.359+0700] {subprocess.py:93} INFO - 25/10/29 03:17:25 INFO Executor: Fetching file:///home/***/.ivy2/jars/com.google.code.findbugs_jsr305-3.0.0.jar with timestamp 1761682644713
[2025-10-29T03:17:25.359+0700] {subprocess.py:93} INFO - 25/10/29 03:17:25 INFO Utils: /home/***/.ivy2/jars/com.google.code.findbugs_jsr305-3.0.0.jar has been previously copied to /tmp/spark-863dda53-c7ff-4989-ae08-47f95f35d730/userFiles-a2edca89-2e5f-409c-a884-aad6f6025d73/com.google.code.findbugs_jsr305-3.0.0.jar
[2025-10-29T03:17:25.361+0700] {subprocess.py:93} INFO - 25/10/29 03:17:25 INFO Executor: Fetching file:///home/***/.ivy2/jars/org.lz4_lz4-java-1.8.0.jar with timestamp 1761682644713
[2025-10-29T03:17:25.362+0700] {subprocess.py:93} INFO - 25/10/29 03:17:25 INFO Utils: /home/***/.ivy2/jars/org.lz4_lz4-java-1.8.0.jar has been previously copied to /tmp/spark-863dda53-c7ff-4989-ae08-47f95f35d730/userFiles-a2edca89-2e5f-409c-a884-aad6f6025d73/org.lz4_lz4-java-1.8.0.jar
[2025-10-29T03:17:25.364+0700] {subprocess.py:93} INFO - 25/10/29 03:17:25 INFO Executor: Fetching file:///home/***/.ivy2/jars/org.slf4j_slf4j-api-2.0.7.jar with timestamp 1761682644713
[2025-10-29T03:17:25.364+0700] {subprocess.py:93} INFO - 25/10/29 03:17:25 INFO Utils: /home/***/.ivy2/jars/org.slf4j_slf4j-api-2.0.7.jar has been previously copied to /tmp/spark-863dda53-c7ff-4989-ae08-47f95f35d730/userFiles-a2edca89-2e5f-409c-a884-aad6f6025d73/org.slf4j_slf4j-api-2.0.7.jar
[2025-10-29T03:17:25.366+0700] {subprocess.py:93} INFO - 25/10/29 03:17:25 INFO Executor: Fetching file:///home/***/.ivy2/jars/org.checkerframework_checker-qual-3.31.0.jar with timestamp 1761682644713
[2025-10-29T03:17:25.367+0700] {subprocess.py:93} INFO - 25/10/29 03:17:25 INFO Utils: /home/***/.ivy2/jars/org.checkerframework_checker-qual-3.31.0.jar has been previously copied to /tmp/spark-863dda53-c7ff-4989-ae08-47f95f35d730/userFiles-a2edca89-2e5f-409c-a884-aad6f6025d73/org.checkerframework_checker-qual-3.31.0.jar
[2025-10-29T03:17:25.369+0700] {subprocess.py:93} INFO - 25/10/29 03:17:25 INFO Executor: Fetching file:///home/***/.ivy2/jars/org.apache.commons_commons-pool2-2.11.1.jar with timestamp 1761682644713
[2025-10-29T03:17:25.370+0700] {subprocess.py:93} INFO - 25/10/29 03:17:25 INFO Utils: /home/***/.ivy2/jars/org.apache.commons_commons-pool2-2.11.1.jar has been previously copied to /tmp/spark-863dda53-c7ff-4989-ae08-47f95f35d730/userFiles-a2edca89-2e5f-409c-a884-aad6f6025d73/org.apache.commons_commons-pool2-2.11.1.jar
[2025-10-29T03:17:25.372+0700] {subprocess.py:93} INFO - 25/10/29 03:17:25 INFO Executor: Fetching file:///home/***/.ivy2/jars/commons-logging_commons-logging-1.1.3.jar with timestamp 1761682644713
[2025-10-29T03:17:25.372+0700] {subprocess.py:93} INFO - 25/10/29 03:17:25 INFO Utils: /home/***/.ivy2/jars/commons-logging_commons-logging-1.1.3.jar has been previously copied to /tmp/spark-863dda53-c7ff-4989-ae08-47f95f35d730/userFiles-a2edca89-2e5f-409c-a884-aad6f6025d73/commons-logging_commons-logging-1.1.3.jar
[2025-10-29T03:17:25.374+0700] {subprocess.py:93} INFO - 25/10/29 03:17:25 INFO Executor: Fetching file:///home/***/.ivy2/jars/org.xerial.snappy_snappy-java-1.1.10.3.jar with timestamp 1761682644713
[2025-10-29T03:17:25.375+0700] {subprocess.py:93} INFO - 25/10/29 03:17:25 INFO Utils: /home/***/.ivy2/jars/org.xerial.snappy_snappy-java-1.1.10.3.jar has been previously copied to /tmp/spark-863dda53-c7ff-4989-ae08-47f95f35d730/userFiles-a2edca89-2e5f-409c-a884-aad6f6025d73/org.xerial.snappy_snappy-java-1.1.10.3.jar
[2025-10-29T03:17:25.377+0700] {subprocess.py:93} INFO - 25/10/29 03:17:25 INFO Executor: Fetching file:///home/***/.ivy2/jars/org.postgresql_postgresql-42.6.0.jar with timestamp 1761682644713
[2025-10-29T03:17:25.378+0700] {subprocess.py:93} INFO - 25/10/29 03:17:25 INFO Utils: /home/***/.ivy2/jars/org.postgresql_postgresql-42.6.0.jar has been previously copied to /tmp/spark-863dda53-c7ff-4989-ae08-47f95f35d730/userFiles-a2edca89-2e5f-409c-a884-aad6f6025d73/org.postgresql_postgresql-42.6.0.jar
[2025-10-29T03:17:25.380+0700] {subprocess.py:93} INFO - 25/10/29 03:17:25 INFO Executor: Fetching file:///home/***/.ivy2/jars/org.apache.kafka_kafka-clients-3.4.1.jar with timestamp 1761682644713
[2025-10-29T03:17:25.382+0700] {subprocess.py:93} INFO - 25/10/29 03:17:25 INFO Utils: /home/***/.ivy2/jars/org.apache.kafka_kafka-clients-3.4.1.jar has been previously copied to /tmp/spark-863dda53-c7ff-4989-ae08-47f95f35d730/userFiles-a2edca89-2e5f-409c-a884-aad6f6025d73/org.apache.kafka_kafka-clients-3.4.1.jar
[2025-10-29T03:17:25.385+0700] {subprocess.py:93} INFO - 25/10/29 03:17:25 INFO Executor: Fetching spark://dfeadd712fc3:37537/jars/org.apache.commons_commons-pool2-2.11.1.jar with timestamp 1761682644713
[2025-10-29T03:17:25.403+0700] {subprocess.py:93} INFO - 25/10/29 03:17:25 INFO TransportClientFactory: Successfully created connection to dfeadd712fc3/172.18.0.6:37537 after 12 ms (0 ms spent in bootstraps)
[2025-10-29T03:17:25.406+0700] {subprocess.py:93} INFO - 25/10/29 03:17:25 INFO Utils: Fetching spark://dfeadd712fc3:37537/jars/org.apache.commons_commons-pool2-2.11.1.jar to /tmp/spark-863dda53-c7ff-4989-ae08-47f95f35d730/userFiles-a2edca89-2e5f-409c-a884-aad6f6025d73/fetchFileTemp11540340109010842769.tmp
[2025-10-29T03:17:25.419+0700] {subprocess.py:93} INFO - 25/10/29 03:17:25 INFO Utils: /tmp/spark-863dda53-c7ff-4989-ae08-47f95f35d730/userFiles-a2edca89-2e5f-409c-a884-aad6f6025d73/fetchFileTemp11540340109010842769.tmp has been previously copied to /tmp/spark-863dda53-c7ff-4989-ae08-47f95f35d730/userFiles-a2edca89-2e5f-409c-a884-aad6f6025d73/org.apache.commons_commons-pool2-2.11.1.jar
[2025-10-29T03:17:25.423+0700] {subprocess.py:93} INFO - 25/10/29 03:17:25 INFO Executor: Adding file:/tmp/spark-863dda53-c7ff-4989-ae08-47f95f35d730/userFiles-a2edca89-2e5f-409c-a884-aad6f6025d73/org.apache.commons_commons-pool2-2.11.1.jar to class loader default
[2025-10-29T03:17:25.423+0700] {subprocess.py:93} INFO - 25/10/29 03:17:25 INFO Executor: Fetching spark://dfeadd712fc3:37537/jars/org.apache.kafka_kafka-clients-3.4.1.jar with timestamp 1761682644713
[2025-10-29T03:17:25.423+0700] {subprocess.py:93} INFO - 25/10/29 03:17:25 INFO Utils: Fetching spark://dfeadd712fc3:37537/jars/org.apache.kafka_kafka-clients-3.4.1.jar to /tmp/spark-863dda53-c7ff-4989-ae08-47f95f35d730/userFiles-a2edca89-2e5f-409c-a884-aad6f6025d73/fetchFileTemp8832452109256708635.tmp
[2025-10-29T03:17:25.435+0700] {subprocess.py:93} INFO - 25/10/29 03:17:25 INFO Utils: /tmp/spark-863dda53-c7ff-4989-ae08-47f95f35d730/userFiles-a2edca89-2e5f-409c-a884-aad6f6025d73/fetchFileTemp8832452109256708635.tmp has been previously copied to /tmp/spark-863dda53-c7ff-4989-ae08-47f95f35d730/userFiles-a2edca89-2e5f-409c-a884-aad6f6025d73/org.apache.kafka_kafka-clients-3.4.1.jar
[2025-10-29T03:17:25.445+0700] {subprocess.py:93} INFO - 25/10/29 03:17:25 INFO Executor: Adding file:/tmp/spark-863dda53-c7ff-4989-ae08-47f95f35d730/userFiles-a2edca89-2e5f-409c-a884-aad6f6025d73/org.apache.kafka_kafka-clients-3.4.1.jar to class loader default
[2025-10-29T03:17:25.445+0700] {subprocess.py:93} INFO - 25/10/29 03:17:25 INFO Executor: Fetching spark://dfeadd712fc3:37537/jars/org.checkerframework_checker-qual-3.31.0.jar with timestamp 1761682644713
[2025-10-29T03:17:25.445+0700] {subprocess.py:93} INFO - 25/10/29 03:17:25 INFO Utils: Fetching spark://dfeadd712fc3:37537/jars/org.checkerframework_checker-qual-3.31.0.jar to /tmp/spark-863dda53-c7ff-4989-ae08-47f95f35d730/userFiles-a2edca89-2e5f-409c-a884-aad6f6025d73/fetchFileTemp7789989776296173808.tmp
[2025-10-29T03:17:25.446+0700] {subprocess.py:93} INFO - 25/10/29 03:17:25 INFO Utils: /tmp/spark-863dda53-c7ff-4989-ae08-47f95f35d730/userFiles-a2edca89-2e5f-409c-a884-aad6f6025d73/fetchFileTemp7789989776296173808.tmp has been previously copied to /tmp/spark-863dda53-c7ff-4989-ae08-47f95f35d730/userFiles-a2edca89-2e5f-409c-a884-aad6f6025d73/org.checkerframework_checker-qual-3.31.0.jar
[2025-10-29T03:17:25.449+0700] {subprocess.py:93} INFO - 25/10/29 03:17:25 INFO Executor: Adding file:/tmp/spark-863dda53-c7ff-4989-ae08-47f95f35d730/userFiles-a2edca89-2e5f-409c-a884-aad6f6025d73/org.checkerframework_checker-qual-3.31.0.jar to class loader default
[2025-10-29T03:17:25.449+0700] {subprocess.py:93} INFO - 25/10/29 03:17:25 INFO Executor: Fetching spark://dfeadd712fc3:37537/jars/com.google.code.findbugs_jsr305-3.0.0.jar with timestamp 1761682644713
[2025-10-29T03:17:25.450+0700] {subprocess.py:93} INFO - 25/10/29 03:17:25 INFO Utils: Fetching spark://dfeadd712fc3:37537/jars/com.google.code.findbugs_jsr305-3.0.0.jar to /tmp/spark-863dda53-c7ff-4989-ae08-47f95f35d730/userFiles-a2edca89-2e5f-409c-a884-aad6f6025d73/fetchFileTemp15547960675419265598.tmp
[2025-10-29T03:17:25.450+0700] {subprocess.py:93} INFO - 25/10/29 03:17:25 INFO Utils: /tmp/spark-863dda53-c7ff-4989-ae08-47f95f35d730/userFiles-a2edca89-2e5f-409c-a884-aad6f6025d73/fetchFileTemp15547960675419265598.tmp has been previously copied to /tmp/spark-863dda53-c7ff-4989-ae08-47f95f35d730/userFiles-a2edca89-2e5f-409c-a884-aad6f6025d73/com.google.code.findbugs_jsr305-3.0.0.jar
[2025-10-29T03:17:25.453+0700] {subprocess.py:93} INFO - 25/10/29 03:17:25 INFO Executor: Adding file:/tmp/spark-863dda53-c7ff-4989-ae08-47f95f35d730/userFiles-a2edca89-2e5f-409c-a884-aad6f6025d73/com.google.code.findbugs_jsr305-3.0.0.jar to class loader default
[2025-10-29T03:17:25.453+0700] {subprocess.py:93} INFO - 25/10/29 03:17:25 INFO Executor: Fetching spark://dfeadd712fc3:37537/jars/org.slf4j_slf4j-api-2.0.7.jar with timestamp 1761682644713
[2025-10-29T03:17:25.453+0700] {subprocess.py:93} INFO - 25/10/29 03:17:25 INFO Utils: Fetching spark://dfeadd712fc3:37537/jars/org.slf4j_slf4j-api-2.0.7.jar to /tmp/spark-863dda53-c7ff-4989-ae08-47f95f35d730/userFiles-a2edca89-2e5f-409c-a884-aad6f6025d73/fetchFileTemp10558997782527385304.tmp
[2025-10-29T03:17:25.453+0700] {subprocess.py:93} INFO - 25/10/29 03:17:25 INFO Utils: /tmp/spark-863dda53-c7ff-4989-ae08-47f95f35d730/userFiles-a2edca89-2e5f-409c-a884-aad6f6025d73/fetchFileTemp10558997782527385304.tmp has been previously copied to /tmp/spark-863dda53-c7ff-4989-ae08-47f95f35d730/userFiles-a2edca89-2e5f-409c-a884-aad6f6025d73/org.slf4j_slf4j-api-2.0.7.jar
[2025-10-29T03:17:25.456+0700] {subprocess.py:93} INFO - 25/10/29 03:17:25 INFO Executor: Adding file:/tmp/spark-863dda53-c7ff-4989-ae08-47f95f35d730/userFiles-a2edca89-2e5f-409c-a884-aad6f6025d73/org.slf4j_slf4j-api-2.0.7.jar to class loader default
[2025-10-29T03:17:25.456+0700] {subprocess.py:93} INFO - 25/10/29 03:17:25 INFO Executor: Fetching spark://dfeadd712fc3:37537/jars/org.apache.hadoop_hadoop-client-api-3.3.4.jar with timestamp 1761682644713
[2025-10-29T03:17:25.456+0700] {subprocess.py:93} INFO - 25/10/29 03:17:25 INFO Utils: Fetching spark://dfeadd712fc3:37537/jars/org.apache.hadoop_hadoop-client-api-3.3.4.jar to /tmp/spark-863dda53-c7ff-4989-ae08-47f95f35d730/userFiles-a2edca89-2e5f-409c-a884-aad6f6025d73/fetchFileTemp15379421575225744488.tmp
[2025-10-29T03:17:25.533+0700] {subprocess.py:93} INFO - 25/10/29 03:17:25 INFO Utils: /tmp/spark-863dda53-c7ff-4989-ae08-47f95f35d730/userFiles-a2edca89-2e5f-409c-a884-aad6f6025d73/fetchFileTemp15379421575225744488.tmp has been previously copied to /tmp/spark-863dda53-c7ff-4989-ae08-47f95f35d730/userFiles-a2edca89-2e5f-409c-a884-aad6f6025d73/org.apache.hadoop_hadoop-client-api-3.3.4.jar
[2025-10-29T03:17:25.593+0700] {subprocess.py:93} INFO - 25/10/29 03:17:25 INFO Executor: Adding file:/tmp/spark-863dda53-c7ff-4989-ae08-47f95f35d730/userFiles-a2edca89-2e5f-409c-a884-aad6f6025d73/org.apache.hadoop_hadoop-client-api-3.3.4.jar to class loader default
[2025-10-29T03:17:25.594+0700] {subprocess.py:93} INFO - 25/10/29 03:17:25 INFO Executor: Fetching spark://dfeadd712fc3:37537/jars/org.apache.spark_spark-sql-kafka-0-10_2.12-3.5.1.jar with timestamp 1761682644713
[2025-10-29T03:17:25.595+0700] {subprocess.py:93} INFO - 25/10/29 03:17:25 INFO Utils: Fetching spark://dfeadd712fc3:37537/jars/org.apache.spark_spark-sql-kafka-0-10_2.12-3.5.1.jar to /tmp/spark-863dda53-c7ff-4989-ae08-47f95f35d730/userFiles-a2edca89-2e5f-409c-a884-aad6f6025d73/fetchFileTemp5541454372956819004.tmp
[2025-10-29T03:17:25.600+0700] {subprocess.py:93} INFO - 25/10/29 03:17:25 INFO Utils: /tmp/spark-863dda53-c7ff-4989-ae08-47f95f35d730/userFiles-a2edca89-2e5f-409c-a884-aad6f6025d73/fetchFileTemp5541454372956819004.tmp has been previously copied to /tmp/spark-863dda53-c7ff-4989-ae08-47f95f35d730/userFiles-a2edca89-2e5f-409c-a884-aad6f6025d73/org.apache.spark_spark-sql-kafka-0-10_2.12-3.5.1.jar
[2025-10-29T03:17:25.603+0700] {subprocess.py:93} INFO - 25/10/29 03:17:25 INFO Executor: Adding file:/tmp/spark-863dda53-c7ff-4989-ae08-47f95f35d730/userFiles-a2edca89-2e5f-409c-a884-aad6f6025d73/org.apache.spark_spark-sql-kafka-0-10_2.12-3.5.1.jar to class loader default
[2025-10-29T03:17:25.603+0700] {subprocess.py:93} INFO - 25/10/29 03:17:25 INFO Executor: Fetching spark://dfeadd712fc3:37537/jars/org.apache.spark_spark-token-provider-kafka-0-10_2.12-3.5.1.jar with timestamp 1761682644713
[2025-10-29T03:17:25.603+0700] {subprocess.py:93} INFO - 25/10/29 03:17:25 INFO Utils: Fetching spark://dfeadd712fc3:37537/jars/org.apache.spark_spark-token-provider-kafka-0-10_2.12-3.5.1.jar to /tmp/spark-863dda53-c7ff-4989-ae08-47f95f35d730/userFiles-a2edca89-2e5f-409c-a884-aad6f6025d73/fetchFileTemp843307147558999759.tmp
[2025-10-29T03:17:25.604+0700] {subprocess.py:93} INFO - 25/10/29 03:17:25 INFO Utils: /tmp/spark-863dda53-c7ff-4989-ae08-47f95f35d730/userFiles-a2edca89-2e5f-409c-a884-aad6f6025d73/fetchFileTemp843307147558999759.tmp has been previously copied to /tmp/spark-863dda53-c7ff-4989-ae08-47f95f35d730/userFiles-a2edca89-2e5f-409c-a884-aad6f6025d73/org.apache.spark_spark-token-provider-kafka-0-10_2.12-3.5.1.jar
[2025-10-29T03:17:25.606+0700] {subprocess.py:93} INFO - 25/10/29 03:17:25 INFO Executor: Adding file:/tmp/spark-863dda53-c7ff-4989-ae08-47f95f35d730/userFiles-a2edca89-2e5f-409c-a884-aad6f6025d73/org.apache.spark_spark-token-provider-kafka-0-10_2.12-3.5.1.jar to class loader default
[2025-10-29T03:17:25.606+0700] {subprocess.py:93} INFO - 25/10/29 03:17:25 INFO Executor: Fetching spark://dfeadd712fc3:37537/jars/org.postgresql_postgresql-42.6.0.jar with timestamp 1761682644713
[2025-10-29T03:17:25.606+0700] {subprocess.py:93} INFO - 25/10/29 03:17:25 INFO Utils: Fetching spark://dfeadd712fc3:37537/jars/org.postgresql_postgresql-42.6.0.jar to /tmp/spark-863dda53-c7ff-4989-ae08-47f95f35d730/userFiles-a2edca89-2e5f-409c-a884-aad6f6025d73/fetchFileTemp8102011570084295753.tmp
[2025-10-29T03:17:25.608+0700] {subprocess.py:93} INFO - 25/10/29 03:17:25 INFO Utils: /tmp/spark-863dda53-c7ff-4989-ae08-47f95f35d730/userFiles-a2edca89-2e5f-409c-a884-aad6f6025d73/fetchFileTemp8102011570084295753.tmp has been previously copied to /tmp/spark-863dda53-c7ff-4989-ae08-47f95f35d730/userFiles-a2edca89-2e5f-409c-a884-aad6f6025d73/org.postgresql_postgresql-42.6.0.jar
[2025-10-29T03:17:25.612+0700] {subprocess.py:93} INFO - 25/10/29 03:17:25 INFO Executor: Adding file:/tmp/spark-863dda53-c7ff-4989-ae08-47f95f35d730/userFiles-a2edca89-2e5f-409c-a884-aad6f6025d73/org.postgresql_postgresql-42.6.0.jar to class loader default
[2025-10-29T03:17:25.612+0700] {subprocess.py:93} INFO - 25/10/29 03:17:25 INFO Executor: Fetching spark://dfeadd712fc3:37537/jars/org.lz4_lz4-java-1.8.0.jar with timestamp 1761682644713
[2025-10-29T03:17:25.612+0700] {subprocess.py:93} INFO - 25/10/29 03:17:25 INFO Utils: Fetching spark://dfeadd712fc3:37537/jars/org.lz4_lz4-java-1.8.0.jar to /tmp/spark-863dda53-c7ff-4989-ae08-47f95f35d730/userFiles-a2edca89-2e5f-409c-a884-aad6f6025d73/fetchFileTemp13694522887404383653.tmp
[2025-10-29T03:17:25.613+0700] {subprocess.py:93} INFO - 25/10/29 03:17:25 INFO Utils: /tmp/spark-863dda53-c7ff-4989-ae08-47f95f35d730/userFiles-a2edca89-2e5f-409c-a884-aad6f6025d73/fetchFileTemp13694522887404383653.tmp has been previously copied to /tmp/spark-863dda53-c7ff-4989-ae08-47f95f35d730/userFiles-a2edca89-2e5f-409c-a884-aad6f6025d73/org.lz4_lz4-java-1.8.0.jar
[2025-10-29T03:17:25.616+0700] {subprocess.py:93} INFO - 25/10/29 03:17:25 INFO Executor: Adding file:/tmp/spark-863dda53-c7ff-4989-ae08-47f95f35d730/userFiles-a2edca89-2e5f-409c-a884-aad6f6025d73/org.lz4_lz4-java-1.8.0.jar to class loader default
[2025-10-29T03:17:25.617+0700] {subprocess.py:93} INFO - 25/10/29 03:17:25 INFO Executor: Fetching spark://dfeadd712fc3:37537/jars/org.xerial.snappy_snappy-java-1.1.10.3.jar with timestamp 1761682644713
[2025-10-29T03:17:25.617+0700] {subprocess.py:93} INFO - 25/10/29 03:17:25 INFO Utils: Fetching spark://dfeadd712fc3:37537/jars/org.xerial.snappy_snappy-java-1.1.10.3.jar to /tmp/spark-863dda53-c7ff-4989-ae08-47f95f35d730/userFiles-a2edca89-2e5f-409c-a884-aad6f6025d73/fetchFileTemp8048140758170535108.tmp
[2025-10-29T03:17:25.620+0700] {subprocess.py:93} INFO - 25/10/29 03:17:25 INFO Utils: /tmp/spark-863dda53-c7ff-4989-ae08-47f95f35d730/userFiles-a2edca89-2e5f-409c-a884-aad6f6025d73/fetchFileTemp8048140758170535108.tmp has been previously copied to /tmp/spark-863dda53-c7ff-4989-ae08-47f95f35d730/userFiles-a2edca89-2e5f-409c-a884-aad6f6025d73/org.xerial.snappy_snappy-java-1.1.10.3.jar
[2025-10-29T03:17:25.625+0700] {subprocess.py:93} INFO - 25/10/29 03:17:25 INFO Executor: Adding file:/tmp/spark-863dda53-c7ff-4989-ae08-47f95f35d730/userFiles-a2edca89-2e5f-409c-a884-aad6f6025d73/org.xerial.snappy_snappy-java-1.1.10.3.jar to class loader default
[2025-10-29T03:17:25.625+0700] {subprocess.py:93} INFO - 25/10/29 03:17:25 INFO Executor: Fetching spark://dfeadd712fc3:37537/jars/org.apache.hadoop_hadoop-client-runtime-3.3.4.jar with timestamp 1761682644713
[2025-10-29T03:17:25.626+0700] {subprocess.py:93} INFO - 25/10/29 03:17:25 INFO Utils: Fetching spark://dfeadd712fc3:37537/jars/org.apache.hadoop_hadoop-client-runtime-3.3.4.jar to /tmp/spark-863dda53-c7ff-4989-ae08-47f95f35d730/userFiles-a2edca89-2e5f-409c-a884-aad6f6025d73/fetchFileTemp18078738171352829952.tmp
[2025-10-29T03:17:25.728+0700] {subprocess.py:93} INFO - 25/10/29 03:17:25 INFO Utils: /tmp/spark-863dda53-c7ff-4989-ae08-47f95f35d730/userFiles-a2edca89-2e5f-409c-a884-aad6f6025d73/fetchFileTemp18078738171352829952.tmp has been previously copied to /tmp/spark-863dda53-c7ff-4989-ae08-47f95f35d730/userFiles-a2edca89-2e5f-409c-a884-aad6f6025d73/org.apache.hadoop_hadoop-client-runtime-3.3.4.jar
[2025-10-29T03:17:25.733+0700] {subprocess.py:93} INFO - 25/10/29 03:17:25 INFO Executor: Adding file:/tmp/spark-863dda53-c7ff-4989-ae08-47f95f35d730/userFiles-a2edca89-2e5f-409c-a884-aad6f6025d73/org.apache.hadoop_hadoop-client-runtime-3.3.4.jar to class loader default
[2025-10-29T03:17:25.733+0700] {subprocess.py:93} INFO - 25/10/29 03:17:25 INFO Executor: Fetching spark://dfeadd712fc3:37537/jars/commons-logging_commons-logging-1.1.3.jar with timestamp 1761682644713
[2025-10-29T03:17:25.733+0700] {subprocess.py:93} INFO - 25/10/29 03:17:25 INFO Utils: Fetching spark://dfeadd712fc3:37537/jars/commons-logging_commons-logging-1.1.3.jar to /tmp/spark-863dda53-c7ff-4989-ae08-47f95f35d730/userFiles-a2edca89-2e5f-409c-a884-aad6f6025d73/fetchFileTemp7665564866751490091.tmp
[2025-10-29T03:17:25.734+0700] {subprocess.py:93} INFO - 25/10/29 03:17:25 INFO Utils: /tmp/spark-863dda53-c7ff-4989-ae08-47f95f35d730/userFiles-a2edca89-2e5f-409c-a884-aad6f6025d73/fetchFileTemp7665564866751490091.tmp has been previously copied to /tmp/spark-863dda53-c7ff-4989-ae08-47f95f35d730/userFiles-a2edca89-2e5f-409c-a884-aad6f6025d73/commons-logging_commons-logging-1.1.3.jar
[2025-10-29T03:17:25.737+0700] {subprocess.py:93} INFO - 25/10/29 03:17:25 INFO Executor: Adding file:/tmp/spark-863dda53-c7ff-4989-ae08-47f95f35d730/userFiles-a2edca89-2e5f-409c-a884-aad6f6025d73/commons-logging_commons-logging-1.1.3.jar to class loader default
[2025-10-29T03:17:25.742+0700] {subprocess.py:93} INFO - 25/10/29 03:17:25 INFO Utils: Successfully started service 'org.apache.spark.network.netty.NettyBlockTransferService' on port 40185.
[2025-10-29T03:17:25.742+0700] {subprocess.py:93} INFO - 25/10/29 03:17:25 INFO NettyBlockTransferService: Server created on dfeadd712fc3:40185
[2025-10-29T03:17:25.743+0700] {subprocess.py:93} INFO - 25/10/29 03:17:25 INFO BlockManager: Using org.apache.spark.storage.RandomBlockReplicationPolicy for block replication policy
[2025-10-29T03:17:25.746+0700] {subprocess.py:93} INFO - 25/10/29 03:17:25 INFO BlockManagerMaster: Registering BlockManager BlockManagerId(driver, dfeadd712fc3, 40185, None)
[2025-10-29T03:17:25.748+0700] {subprocess.py:93} INFO - 25/10/29 03:17:25 INFO BlockManagerMasterEndpoint: Registering block manager dfeadd712fc3:40185 with 434.4 MiB RAM, BlockManagerId(driver, dfeadd712fc3, 40185, None)
[2025-10-29T03:17:25.749+0700] {subprocess.py:93} INFO - 25/10/29 03:17:25 INFO BlockManagerMaster: Registered BlockManager BlockManagerId(driver, dfeadd712fc3, 40185, None)
[2025-10-29T03:17:25.750+0700] {subprocess.py:93} INFO - 25/10/29 03:17:25 INFO BlockManager: Initialized BlockManager: BlockManagerId(driver, dfeadd712fc3, 40185, None)
[2025-10-29T03:17:27.768+0700] {subprocess.py:93} INFO - 25/10/29 03:17:27 WARN ResolveWriteToStream: spark.sql.adaptive.enabled is not supported in streaming DataFrames/Datasets and will be disabled.
[2025-10-29T03:17:27.860+0700] {subprocess.py:93} INFO - 🚀 Streaming job started — đang lắng nghe dữ liệu từ Kafka...
[2025-10-29T03:17:27.951+0700] {subprocess.py:93} INFO - 25/10/29 03:17:27 WARN AdminClientConfig: These configurations '[key.deserializer, value.deserializer, enable.auto.commit, max.poll.records, auto.offset.reset]' were supplied but are not used yet.
[2025-10-29T03:17:29.321+0700] {subprocess.py:93} INFO - [Batch 0] ⚠️ Không có dữ liệu mới.
[2025-10-29T03:17:31.301+0700] {subprocess.py:93} INFO - 25/10/29 03:17:31 WARN KafkaDataConsumer: KafkaDataConsumer is not running in UninterruptibleThread. It may hang when KafkaDataConsumer's methods are interrupted because of KAFKA-1894
[2025-10-29T03:17:31.936+0700] {subprocess.py:93} INFO - 25/10/29 03:17:31 WARN KafkaDataConsumer: KafkaDataConsumer is not running in UninterruptibleThread. It may hang when KafkaDataConsumer's methods are interrupted because of KAFKA-1894
[2025-10-29T03:17:34.556+0700] {subprocess.py:93} INFO - There was a problem when trying to write in your cache folder (/home/***/.cache/huggingface/hub). You should set the environment variable TRANSFORMERS_CACHE to a writable directory.
[2025-10-29T03:17:35.270+0700] {subprocess.py:93} INFO - 25/10/29 03:17:35 ERROR Executor: Exception in task 0.0 in stage 2.0 (TID 1)
[2025-10-29T03:17:35.271+0700] {subprocess.py:93} INFO - org.apache.spark.api.python.PythonException: Traceback (most recent call last):
[2025-10-29T03:17:35.271+0700] {subprocess.py:93} INFO -   File "/opt/***/projects/absa_streaming/scripts/consumer_postgres_streaming.py", line 73, in absa_infer_udf
[2025-10-29T03:17:35.271+0700] {subprocess.py:93} INFO -     _tokenizer = AutoTokenizer.from_pretrained(MODEL_NAME, use_fast=True)
[2025-10-29T03:17:35.271+0700] {subprocess.py:93} INFO -                  ^^^^^^^^^^^^^^^^^^^^^^^^^^^^^^^^^^^^^^^^^^^^^^^^^^^^^^^^
[2025-10-29T03:17:35.271+0700] {subprocess.py:93} INFO -   File "/home/***/.local/lib/python3.12/site-packages/transformers/models/auto/tokenization_auto.py", line 817, in from_pretrained
[2025-10-29T03:17:35.272+0700] {subprocess.py:93} INFO -     tokenizer_config = get_tokenizer_config(pretrained_model_name_or_path, **kwargs)
[2025-10-29T03:17:35.272+0700] {subprocess.py:93} INFO -                        ^^^^^^^^^^^^^^^^^^^^^^^^^^^^^^^^^^^^^^^^^^^^^^^^^^^^^^^^^^^^^
[2025-10-29T03:17:35.272+0700] {subprocess.py:93} INFO -   File "/home/***/.local/lib/python3.12/site-packages/transformers/models/auto/tokenization_auto.py", line 649, in get_tokenizer_config
[2025-10-29T03:17:35.272+0700] {subprocess.py:93} INFO -     resolved_config_file = cached_file(
[2025-10-29T03:17:35.272+0700] {subprocess.py:93} INFO -                            ^^^^^^^^^^^^
[2025-10-29T03:17:35.272+0700] {subprocess.py:93} INFO -   File "/home/***/.local/lib/python3.12/site-packages/transformers/utils/hub.py", line 462, in cached_file
[2025-10-29T03:17:35.272+0700] {subprocess.py:93} INFO -     except HFValidationError as e:
[2025-10-29T03:17:35.273+0700] {subprocess.py:93} INFO -   File "/home/***/.local/lib/python3.12/site-packages/huggingface_hub/utils/_validators.py", line 114, in _inner_fn
[2025-10-29T03:17:35.273+0700] {subprocess.py:93} INFO -     return fn(*args, **kwargs)
[2025-10-29T03:17:35.273+0700] {subprocess.py:93} INFO -            ^^^^^^^^^^^^^^^^^^^
[2025-10-29T03:17:35.273+0700] {subprocess.py:93} INFO -   File "/home/***/.local/lib/python3.12/site-packages/huggingface_hub/file_download.py", line 1007, in hf_hub_download
[2025-10-29T03:17:35.273+0700] {subprocess.py:93} INFO -     return _hf_hub_download_to_cache_dir(
[2025-10-29T03:17:35.273+0700] {subprocess.py:93} INFO -            ^^^^^^^^^^^^^^^^^^^^^^^^^^^^^^
[2025-10-29T03:17:35.273+0700] {subprocess.py:93} INFO -   File "/home/***/.local/lib/python3.12/site-packages/huggingface_hub/file_download.py", line 1124, in _hf_hub_download_to_cache_dir
[2025-10-29T03:17:35.273+0700] {subprocess.py:93} INFO -     os.makedirs(os.path.dirname(blob_path), exist_ok=True)
[2025-10-29T03:17:35.274+0700] {subprocess.py:93} INFO -   File "<frozen os>", line 216, in makedirs
[2025-10-29T03:17:35.274+0700] {subprocess.py:93} INFO -   File "<frozen os>", line 216, in makedirs
[2025-10-29T03:17:35.274+0700] {subprocess.py:93} INFO -   File "<frozen os>", line 216, in makedirs
[2025-10-29T03:17:35.274+0700] {subprocess.py:93} INFO -   File "<frozen os>", line 230, in makedirs
[2025-10-29T03:17:35.274+0700] {subprocess.py:93} INFO - PermissionError: [Errno 13] Permission denied: '/home/***/.cache/huggingface'
[2025-10-29T03:17:35.274+0700] {subprocess.py:93} INFO - 
[2025-10-29T03:17:35.274+0700] {subprocess.py:93} INFO - 	at org.apache.spark.api.python.BasePythonRunner$ReaderIterator.handlePythonException(PythonRunner.scala:572)
[2025-10-29T03:17:35.275+0700] {subprocess.py:93} INFO - 	at org.apache.spark.sql.execution.python.PythonArrowOutput$$anon$1.read(PythonArrowOutput.scala:118)
[2025-10-29T03:17:35.275+0700] {subprocess.py:93} INFO - 	at org.apache.spark.api.python.BasePythonRunner$ReaderIterator.hasNext(PythonRunner.scala:525)
[2025-10-29T03:17:35.275+0700] {subprocess.py:93} INFO - 	at org.apache.spark.InterruptibleIterator.hasNext(InterruptibleIterator.scala:37)
[2025-10-29T03:17:35.275+0700] {subprocess.py:93} INFO - 	at scala.collection.Iterator$$anon$11.hasNext(Iterator.scala:491)
[2025-10-29T03:17:35.275+0700] {subprocess.py:93} INFO - 	at scala.collection.Iterator$$anon$10.hasNext(Iterator.scala:460)
[2025-10-29T03:17:35.275+0700] {subprocess.py:93} INFO - 	at scala.collection.Iterator$$anon$10.hasNext(Iterator.scala:460)
[2025-10-29T03:17:35.275+0700] {subprocess.py:93} INFO - 	at org.apache.spark.sql.catalyst.expressions.GeneratedClass$GeneratedIteratorForCodegenStage1.hashAgg_doAggregateWithoutKey_0$(Unknown Source)
[2025-10-29T03:17:35.275+0700] {subprocess.py:93} INFO - 	at org.apache.spark.sql.catalyst.expressions.GeneratedClass$GeneratedIteratorForCodegenStage1.processNext(Unknown Source)
[2025-10-29T03:17:35.276+0700] {subprocess.py:93} INFO - 	at org.apache.spark.sql.execution.BufferedRowIterator.hasNext(BufferedRowIterator.java:43)
[2025-10-29T03:17:35.276+0700] {subprocess.py:93} INFO - 	at org.apache.spark.sql.execution.WholeStageCodegenEvaluatorFactory$WholeStageCodegenPartitionEvaluator$$anon$1.hasNext(WholeStageCodegenEvaluatorFactory.scala:43)
[2025-10-29T03:17:35.276+0700] {subprocess.py:93} INFO - 	at scala.collection.Iterator$$anon$10.hasNext(Iterator.scala:460)
[2025-10-29T03:17:35.276+0700] {subprocess.py:93} INFO - 	at org.apache.spark.shuffle.sort.BypassMergeSortShuffleWriter.write(BypassMergeSortShuffleWriter.java:140)
[2025-10-29T03:17:35.276+0700] {subprocess.py:93} INFO - 	at org.apache.spark.shuffle.ShuffleWriteProcessor.write(ShuffleWriteProcessor.scala:59)
[2025-10-29T03:17:35.276+0700] {subprocess.py:93} INFO - 	at org.apache.spark.scheduler.ShuffleMapTask.runTask(ShuffleMapTask.scala:104)
[2025-10-29T03:17:35.277+0700] {subprocess.py:93} INFO - 	at org.apache.spark.scheduler.ShuffleMapTask.runTask(ShuffleMapTask.scala:54)
[2025-10-29T03:17:35.277+0700] {subprocess.py:93} INFO - 	at org.apache.spark.TaskContext.runTaskWithListeners(TaskContext.scala:166)
[2025-10-29T03:17:35.277+0700] {subprocess.py:93} INFO - 	at org.apache.spark.scheduler.Task.run(Task.scala:141)
[2025-10-29T03:17:35.277+0700] {subprocess.py:93} INFO - 	at org.apache.spark.executor.Executor$TaskRunner.$anonfun$run$4(Executor.scala:620)
[2025-10-29T03:17:35.277+0700] {subprocess.py:93} INFO - 	at org.apache.spark.util.SparkErrorUtils.tryWithSafeFinally(SparkErrorUtils.scala:64)
[2025-10-29T03:17:35.277+0700] {subprocess.py:93} INFO - 	at org.apache.spark.util.SparkErrorUtils.tryWithSafeFinally$(SparkErrorUtils.scala:61)
[2025-10-29T03:17:35.277+0700] {subprocess.py:93} INFO - 	at org.apache.spark.util.Utils$.tryWithSafeFinally(Utils.scala:94)
[2025-10-29T03:17:35.277+0700] {subprocess.py:93} INFO - 	at org.apache.spark.executor.Executor$TaskRunner.run(Executor.scala:623)
[2025-10-29T03:17:35.277+0700] {subprocess.py:93} INFO - 	at java.base/java.util.concurrent.ThreadPoolExecutor.runWorker(ThreadPoolExecutor.java:1136)
[2025-10-29T03:17:35.278+0700] {subprocess.py:93} INFO - 	at java.base/java.util.concurrent.ThreadPoolExecutor$Worker.run(ThreadPoolExecutor.java:635)
[2025-10-29T03:17:35.278+0700] {subprocess.py:93} INFO - 	at java.base/java.lang.Thread.run(Thread.java:840)
[2025-10-29T03:17:35.283+0700] {subprocess.py:93} INFO - 25/10/29 03:17:35 WARN TaskSetManager: Lost task 0.0 in stage 2.0 (TID 1) (dfeadd712fc3 executor driver): org.apache.spark.api.python.PythonException: Traceback (most recent call last):
[2025-10-29T03:17:35.284+0700] {subprocess.py:93} INFO -   File "/opt/***/projects/absa_streaming/scripts/consumer_postgres_streaming.py", line 73, in absa_infer_udf
[2025-10-29T03:17:35.285+0700] {subprocess.py:93} INFO -     _tokenizer = AutoTokenizer.from_pretrained(MODEL_NAME, use_fast=True)
[2025-10-29T03:17:35.285+0700] {subprocess.py:93} INFO -                  ^^^^^^^^^^^^^^^^^^^^^^^^^^^^^^^^^^^^^^^^^^^^^^^^^^^^^^^^
[2025-10-29T03:17:35.285+0700] {subprocess.py:93} INFO -   File "/home/***/.local/lib/python3.12/site-packages/transformers/models/auto/tokenization_auto.py", line 817, in from_pretrained
[2025-10-29T03:17:35.285+0700] {subprocess.py:93} INFO -     tokenizer_config = get_tokenizer_config(pretrained_model_name_or_path, **kwargs)
[2025-10-29T03:17:35.286+0700] {subprocess.py:93} INFO -                        ^^^^^^^^^^^^^^^^^^^^^^^^^^^^^^^^^^^^^^^^^^^^^^^^^^^^^^^^^^^^^
[2025-10-29T03:17:35.286+0700] {subprocess.py:93} INFO -   File "/home/***/.local/lib/python3.12/site-packages/transformers/models/auto/tokenization_auto.py", line 649, in get_tokenizer_config
[2025-10-29T03:17:35.286+0700] {subprocess.py:93} INFO -     resolved_config_file = cached_file(
[2025-10-29T03:17:35.286+0700] {subprocess.py:93} INFO -                            ^^^^^^^^^^^^
[2025-10-29T03:17:35.286+0700] {subprocess.py:93} INFO -   File "/home/***/.local/lib/python3.12/site-packages/transformers/utils/hub.py", line 462, in cached_file
[2025-10-29T03:17:35.286+0700] {subprocess.py:93} INFO -     except HFValidationError as e:
[2025-10-29T03:17:35.287+0700] {subprocess.py:93} INFO -   File "/home/***/.local/lib/python3.12/site-packages/huggingface_hub/utils/_validators.py", line 114, in _inner_fn
[2025-10-29T03:17:35.287+0700] {subprocess.py:93} INFO -     return fn(*args, **kwargs)
[2025-10-29T03:17:35.287+0700] {subprocess.py:93} INFO -            ^^^^^^^^^^^^^^^^^^^
[2025-10-29T03:17:35.287+0700] {subprocess.py:93} INFO -   File "/home/***/.local/lib/python3.12/site-packages/huggingface_hub/file_download.py", line 1007, in hf_hub_download
[2025-10-29T03:17:35.287+0700] {subprocess.py:93} INFO -     return _hf_hub_download_to_cache_dir(
[2025-10-29T03:17:35.287+0700] {subprocess.py:93} INFO -            ^^^^^^^^^^^^^^^^^^^^^^^^^^^^^^
[2025-10-29T03:17:35.287+0700] {subprocess.py:93} INFO -   File "/home/***/.local/lib/python3.12/site-packages/huggingface_hub/file_download.py", line 1124, in _hf_hub_download_to_cache_dir
[2025-10-29T03:17:35.287+0700] {subprocess.py:93} INFO -     os.makedirs(os.path.dirname(blob_path), exist_ok=True)
[2025-10-29T03:17:35.288+0700] {subprocess.py:93} INFO -   File "<frozen os>", line 216, in makedirs
[2025-10-29T03:17:35.288+0700] {subprocess.py:93} INFO -   File "<frozen os>", line 216, in makedirs
[2025-10-29T03:17:35.288+0700] {subprocess.py:93} INFO -   File "<frozen os>", line 216, in makedirs
[2025-10-29T03:17:35.288+0700] {subprocess.py:93} INFO -   File "<frozen os>", line 230, in makedirs
[2025-10-29T03:17:35.288+0700] {subprocess.py:93} INFO - PermissionError: [Errno 13] Permission denied: '/home/***/.cache/huggingface'
[2025-10-29T03:17:35.288+0700] {subprocess.py:93} INFO - 
[2025-10-29T03:17:35.288+0700] {subprocess.py:93} INFO - 	at org.apache.spark.api.python.BasePythonRunner$ReaderIterator.handlePythonException(PythonRunner.scala:572)
[2025-10-29T03:17:35.288+0700] {subprocess.py:93} INFO - 	at org.apache.spark.sql.execution.python.PythonArrowOutput$$anon$1.read(PythonArrowOutput.scala:118)
[2025-10-29T03:17:35.289+0700] {subprocess.py:93} INFO - 	at org.apache.spark.api.python.BasePythonRunner$ReaderIterator.hasNext(PythonRunner.scala:525)
[2025-10-29T03:17:35.289+0700] {subprocess.py:93} INFO - 	at org.apache.spark.InterruptibleIterator.hasNext(InterruptibleIterator.scala:37)
[2025-10-29T03:17:35.289+0700] {subprocess.py:93} INFO - 	at scala.collection.Iterator$$anon$11.hasNext(Iterator.scala:491)
[2025-10-29T03:17:35.289+0700] {subprocess.py:93} INFO - 	at scala.collection.Iterator$$anon$10.hasNext(Iterator.scala:460)
[2025-10-29T03:17:35.289+0700] {subprocess.py:93} INFO - 	at scala.collection.Iterator$$anon$10.hasNext(Iterator.scala:460)
[2025-10-29T03:17:35.289+0700] {subprocess.py:93} INFO - 	at org.apache.spark.sql.catalyst.expressions.GeneratedClass$GeneratedIteratorForCodegenStage1.hashAgg_doAggregateWithoutKey_0$(Unknown Source)
[2025-10-29T03:17:35.289+0700] {subprocess.py:93} INFO - 	at org.apache.spark.sql.catalyst.expressions.GeneratedClass$GeneratedIteratorForCodegenStage1.processNext(Unknown Source)
[2025-10-29T03:17:35.290+0700] {subprocess.py:93} INFO - 	at org.apache.spark.sql.execution.BufferedRowIterator.hasNext(BufferedRowIterator.java:43)
[2025-10-29T03:17:35.290+0700] {subprocess.py:93} INFO - 	at org.apache.spark.sql.execution.WholeStageCodegenEvaluatorFactory$WholeStageCodegenPartitionEvaluator$$anon$1.hasNext(WholeStageCodegenEvaluatorFactory.scala:43)
[2025-10-29T03:17:35.290+0700] {subprocess.py:93} INFO - 	at scala.collection.Iterator$$anon$10.hasNext(Iterator.scala:460)
[2025-10-29T03:17:35.290+0700] {subprocess.py:93} INFO - 	at org.apache.spark.shuffle.sort.BypassMergeSortShuffleWriter.write(BypassMergeSortShuffleWriter.java:140)
[2025-10-29T03:17:35.290+0700] {subprocess.py:93} INFO - 	at org.apache.spark.shuffle.ShuffleWriteProcessor.write(ShuffleWriteProcessor.scala:59)
[2025-10-29T03:17:35.290+0700] {subprocess.py:93} INFO - 	at org.apache.spark.scheduler.ShuffleMapTask.runTask(ShuffleMapTask.scala:104)
[2025-10-29T03:17:35.290+0700] {subprocess.py:93} INFO - 	at org.apache.spark.scheduler.ShuffleMapTask.runTask(ShuffleMapTask.scala:54)
[2025-10-29T03:17:35.290+0700] {subprocess.py:93} INFO - 	at org.apache.spark.TaskContext.runTaskWithListeners(TaskContext.scala:166)
[2025-10-29T03:17:35.291+0700] {subprocess.py:93} INFO - 	at org.apache.spark.scheduler.Task.run(Task.scala:141)
[2025-10-29T03:17:35.291+0700] {subprocess.py:93} INFO - 	at org.apache.spark.executor.Executor$TaskRunner.$anonfun$run$4(Executor.scala:620)
[2025-10-29T03:17:35.291+0700] {subprocess.py:93} INFO - 	at org.apache.spark.util.SparkErrorUtils.tryWithSafeFinally(SparkErrorUtils.scala:64)
[2025-10-29T03:17:35.291+0700] {subprocess.py:93} INFO - 	at org.apache.spark.util.SparkErrorUtils.tryWithSafeFinally$(SparkErrorUtils.scala:61)
[2025-10-29T03:17:35.291+0700] {subprocess.py:93} INFO - 	at org.apache.spark.util.Utils$.tryWithSafeFinally(Utils.scala:94)
[2025-10-29T03:17:35.291+0700] {subprocess.py:93} INFO - 	at org.apache.spark.executor.Executor$TaskRunner.run(Executor.scala:623)
[2025-10-29T03:17:35.291+0700] {subprocess.py:93} INFO - 	at java.base/java.util.concurrent.ThreadPoolExecutor.runWorker(ThreadPoolExecutor.java:1136)
[2025-10-29T03:17:35.291+0700] {subprocess.py:93} INFO - 	at java.base/java.util.concurrent.ThreadPoolExecutor$Worker.run(ThreadPoolExecutor.java:635)
[2025-10-29T03:17:35.291+0700] {subprocess.py:93} INFO - 	at java.base/java.lang.Thread.run(Thread.java:840)
[2025-10-29T03:17:35.292+0700] {subprocess.py:93} INFO - 
[2025-10-29T03:17:35.292+0700] {subprocess.py:93} INFO - 25/10/29 03:17:35 ERROR TaskSetManager: Task 0 in stage 2.0 failed 1 times; aborting job
[2025-10-29T03:17:35.363+0700] {subprocess.py:93} INFO - 25/10/29 03:17:35 ERROR MicroBatchExecution: Query [id = c028e5c2-9361-44c8-a7f2-892af6599903, runId = 53157703-bcf5-46cb-84a4-1f5f1dd4e8e5] terminated with error
[2025-10-29T03:17:35.363+0700] {subprocess.py:93} INFO - py4j.Py4JException: An exception was raised by the Python Proxy. Return Message: Traceback (most recent call last):
[2025-10-29T03:17:35.363+0700] {subprocess.py:93} INFO -   File "/home/***/.local/lib/python3.12/site-packages/pyspark/python/lib/py4j-0.10.9.7-src.zip/py4j/clientserver.py", line 617, in _call_proxy
[2025-10-29T03:17:35.364+0700] {subprocess.py:93} INFO -     return_value = getattr(self.pool[obj_id], method)(*params)
[2025-10-29T03:17:35.364+0700] {subprocess.py:93} INFO -                    ^^^^^^^^^^^^^^^^^^^^^^^^^^^^^^^^^^^^^^^^^^^
[2025-10-29T03:17:35.364+0700] {subprocess.py:93} INFO -   File "/home/***/.local/lib/python3.12/site-packages/pyspark/python/lib/pyspark.zip/pyspark/sql/utils.py", line 120, in call
[2025-10-29T03:17:35.364+0700] {subprocess.py:93} INFO -     raise e
[2025-10-29T03:17:35.364+0700] {subprocess.py:93} INFO -   File "/home/***/.local/lib/python3.12/site-packages/pyspark/python/lib/pyspark.zip/pyspark/sql/utils.py", line 117, in call
[2025-10-29T03:17:35.364+0700] {subprocess.py:93} INFO -     self.func(DataFrame(jdf, wrapped_session_jdf), batch_id)
[2025-10-29T03:17:35.364+0700] {subprocess.py:93} INFO -   File "/opt/***/projects/absa_streaming/scripts/consumer_postgres_streaming.py", line 125, in write_to_postgres
[2025-10-29T03:17:35.365+0700] {subprocess.py:93} INFO -     total_rows = batch_df.count()
[2025-10-29T03:17:35.365+0700] {subprocess.py:93} INFO -                  ^^^^^^^^^^^^^^^^
[2025-10-29T03:17:35.365+0700] {subprocess.py:93} INFO -   File "/home/***/.local/lib/python3.12/site-packages/pyspark/python/lib/pyspark.zip/pyspark/sql/dataframe.py", line 1238, in count
[2025-10-29T03:17:35.365+0700] {subprocess.py:93} INFO -     return int(self._jdf.count())
[2025-10-29T03:17:35.365+0700] {subprocess.py:93} INFO -                ^^^^^^^^^^^^^^^^^
[2025-10-29T03:17:35.365+0700] {subprocess.py:93} INFO -   File "/home/***/.local/lib/python3.12/site-packages/pyspark/python/lib/py4j-0.10.9.7-src.zip/py4j/java_gateway.py", line 1322, in __call__
[2025-10-29T03:17:35.365+0700] {subprocess.py:93} INFO -     return_value = get_return_value(
[2025-10-29T03:17:35.365+0700] {subprocess.py:93} INFO -                    ^^^^^^^^^^^^^^^^^
[2025-10-29T03:17:35.366+0700] {subprocess.py:93} INFO -   File "/home/***/.local/lib/python3.12/site-packages/pyspark/python/lib/pyspark.zip/pyspark/errors/exceptions/captured.py", line 185, in deco
[2025-10-29T03:17:35.366+0700] {subprocess.py:93} INFO -     raise converted from None
[2025-10-29T03:17:35.366+0700] {subprocess.py:93} INFO - pyspark.errors.exceptions.captured.PythonException:
[2025-10-29T03:17:35.366+0700] {subprocess.py:93} INFO -   An exception was thrown from the Python worker. Please see the stack trace below.
[2025-10-29T03:17:35.366+0700] {subprocess.py:93} INFO - Traceback (most recent call last):
[2025-10-29T03:17:35.367+0700] {subprocess.py:93} INFO -   File "/opt/***/projects/absa_streaming/scripts/consumer_postgres_streaming.py", line 73, in absa_infer_udf
[2025-10-29T03:17:35.367+0700] {subprocess.py:93} INFO -     _tokenizer = AutoTokenizer.from_pretrained(MODEL_NAME, use_fast=True)
[2025-10-29T03:17:35.367+0700] {subprocess.py:93} INFO -                  ^^^^^^^^^^^^^^^^^^^^^^^^^^^^^^^^^^^^^^^^^^^^^^^^^^^^^^^^
[2025-10-29T03:17:35.367+0700] {subprocess.py:93} INFO -   File "/home/***/.local/lib/python3.12/site-packages/transformers/models/auto/tokenization_auto.py", line 817, in from_pretrained
[2025-10-29T03:17:35.367+0700] {subprocess.py:93} INFO -     tokenizer_config = get_tokenizer_config(pretrained_model_name_or_path, **kwargs)
[2025-10-29T03:17:35.368+0700] {subprocess.py:93} INFO -                        ^^^^^^^^^^^^^^^^^^^^^^^^^^^^^^^^^^^^^^^^^^^^^^^^^^^^^^^^^^^^^
[2025-10-29T03:17:35.368+0700] {subprocess.py:93} INFO -   File "/home/***/.local/lib/python3.12/site-packages/transformers/models/auto/tokenization_auto.py", line 649, in get_tokenizer_config
[2025-10-29T03:17:35.368+0700] {subprocess.py:93} INFO -     resolved_config_file = cached_file(
[2025-10-29T03:17:35.368+0700] {subprocess.py:93} INFO -                            ^^^^^^^^^^^^
[2025-10-29T03:17:35.368+0700] {subprocess.py:93} INFO -   File "/home/***/.local/lib/python3.12/site-packages/transformers/utils/hub.py", line 462, in cached_file
[2025-10-29T03:17:35.368+0700] {subprocess.py:93} INFO -     except HFValidationError as e:
[2025-10-29T03:17:35.369+0700] {subprocess.py:93} INFO -   File "/home/***/.local/lib/python3.12/site-packages/huggingface_hub/utils/_validators.py", line 114, in _inner_fn
[2025-10-29T03:17:35.369+0700] {subprocess.py:93} INFO -     return fn(*args, **kwargs)
[2025-10-29T03:17:35.369+0700] {subprocess.py:93} INFO -            ^^^^^^^^^^^^^^^^^^^
[2025-10-29T03:17:35.369+0700] {subprocess.py:93} INFO -   File "/home/***/.local/lib/python3.12/site-packages/huggingface_hub/file_download.py", line 1007, in hf_hub_download
[2025-10-29T03:17:35.370+0700] {subprocess.py:93} INFO -     return _hf_hub_download_to_cache_dir(
[2025-10-29T03:17:35.370+0700] {subprocess.py:93} INFO -            ^^^^^^^^^^^^^^^^^^^^^^^^^^^^^^
[2025-10-29T03:17:35.370+0700] {subprocess.py:93} INFO -   File "/home/***/.local/lib/python3.12/site-packages/huggingface_hub/file_download.py", line 1124, in _hf_hub_download_to_cache_dir
[2025-10-29T03:17:35.370+0700] {subprocess.py:93} INFO -     os.makedirs(os.path.dirname(blob_path), exist_ok=True)
[2025-10-29T03:17:35.370+0700] {subprocess.py:93} INFO -   File "<frozen os>", line 216, in makedirs
[2025-10-29T03:17:35.370+0700] {subprocess.py:93} INFO -   File "<frozen os>", line 216, in makedirs
[2025-10-29T03:17:35.370+0700] {subprocess.py:93} INFO -   File "<frozen os>", line 216, in makedirs
[2025-10-29T03:17:35.371+0700] {subprocess.py:93} INFO -   File "<frozen os>", line 230, in makedirs
[2025-10-29T03:17:35.371+0700] {subprocess.py:93} INFO - PermissionError: [Errno 13] Permission denied: '/home/***/.cache/huggingface'
[2025-10-29T03:17:35.371+0700] {subprocess.py:93} INFO - 
[2025-10-29T03:17:35.371+0700] {subprocess.py:93} INFO - 
[2025-10-29T03:17:35.371+0700] {subprocess.py:93} INFO - 	at py4j.Protocol.getReturnValue(Protocol.java:476)
[2025-10-29T03:17:35.371+0700] {subprocess.py:93} INFO - 	at py4j.reflection.PythonProxyHandler.invoke(PythonProxyHandler.java:108)
[2025-10-29T03:17:35.371+0700] {subprocess.py:93} INFO - 	at jdk.proxy3/jdk.proxy3.$Proxy32.call(Unknown Source)
[2025-10-29T03:17:35.371+0700] {subprocess.py:93} INFO - 	at org.apache.spark.sql.execution.streaming.sources.PythonForeachBatchHelper$.$anonfun$callForeachBatch$1(ForeachBatchSink.scala:53)
[2025-10-29T03:17:35.371+0700] {subprocess.py:93} INFO - 	at org.apache.spark.sql.execution.streaming.sources.PythonForeachBatchHelper$.$anonfun$callForeachBatch$1$adapted(ForeachBatchSink.scala:53)
[2025-10-29T03:17:35.372+0700] {subprocess.py:93} INFO - 	at org.apache.spark.sql.execution.streaming.sources.ForeachBatchSink.addBatch(ForeachBatchSink.scala:34)
[2025-10-29T03:17:35.372+0700] {subprocess.py:93} INFO - 	at org.apache.spark.sql.execution.streaming.MicroBatchExecution.$anonfun$runBatch$17(MicroBatchExecution.scala:732)
[2025-10-29T03:17:35.372+0700] {subprocess.py:93} INFO - 	at org.apache.spark.sql.execution.SQLExecution$.$anonfun$withNewExecutionId$6(SQLExecution.scala:125)
[2025-10-29T03:17:35.372+0700] {subprocess.py:93} INFO - 	at org.apache.spark.sql.execution.SQLExecution$.withSQLConfPropagated(SQLExecution.scala:201)
[2025-10-29T03:17:35.372+0700] {subprocess.py:93} INFO - 	at org.apache.spark.sql.execution.SQLExecution$.$anonfun$withNewExecutionId$1(SQLExecution.scala:108)
[2025-10-29T03:17:35.372+0700] {subprocess.py:93} INFO - 	at org.apache.spark.sql.SparkSession.withActive(SparkSession.scala:900)
[2025-10-29T03:17:35.372+0700] {subprocess.py:93} INFO - 	at org.apache.spark.sql.execution.SQLExecution$.withNewExecutionId(SQLExecution.scala:66)
[2025-10-29T03:17:35.372+0700] {subprocess.py:93} INFO - 	at org.apache.spark.sql.execution.streaming.MicroBatchExecution.$anonfun$runBatch$16(MicroBatchExecution.scala:729)
[2025-10-29T03:17:35.372+0700] {subprocess.py:93} INFO - 	at org.apache.spark.sql.execution.streaming.ProgressReporter.reportTimeTaken(ProgressReporter.scala:427)
[2025-10-29T03:17:35.373+0700] {subprocess.py:93} INFO - 	at org.apache.spark.sql.execution.streaming.ProgressReporter.reportTimeTaken$(ProgressReporter.scala:425)
[2025-10-29T03:17:35.373+0700] {subprocess.py:93} INFO - 	at org.apache.spark.sql.execution.streaming.StreamExecution.reportTimeTaken(StreamExecution.scala:67)
[2025-10-29T03:17:35.373+0700] {subprocess.py:93} INFO - 	at org.apache.spark.sql.execution.streaming.MicroBatchExecution.runBatch(MicroBatchExecution.scala:729)
[2025-10-29T03:17:35.373+0700] {subprocess.py:93} INFO - 	at org.apache.spark.sql.execution.streaming.MicroBatchExecution.$anonfun$runActivatedStream$2(MicroBatchExecution.scala:286)
[2025-10-29T03:17:35.373+0700] {subprocess.py:93} INFO - 	at scala.runtime.java8.JFunction0$mcV$sp.apply(JFunction0$mcV$sp.java:23)
[2025-10-29T03:17:35.373+0700] {subprocess.py:93} INFO - 	at org.apache.spark.sql.execution.streaming.ProgressReporter.reportTimeTaken(ProgressReporter.scala:427)
[2025-10-29T03:17:35.373+0700] {subprocess.py:93} INFO - 	at org.apache.spark.sql.execution.streaming.ProgressReporter.reportTimeTaken$(ProgressReporter.scala:425)
[2025-10-29T03:17:35.373+0700] {subprocess.py:93} INFO - 	at org.apache.spark.sql.execution.streaming.StreamExecution.reportTimeTaken(StreamExecution.scala:67)
[2025-10-29T03:17:35.374+0700] {subprocess.py:93} INFO - 	at org.apache.spark.sql.execution.streaming.MicroBatchExecution.$anonfun$runActivatedStream$1(MicroBatchExecution.scala:249)
[2025-10-29T03:17:35.374+0700] {subprocess.py:93} INFO - 	at org.apache.spark.sql.execution.streaming.ProcessingTimeExecutor.execute(TriggerExecutor.scala:67)
[2025-10-29T03:17:35.374+0700] {subprocess.py:93} INFO - 	at org.apache.spark.sql.execution.streaming.MicroBatchExecution.runActivatedStream(MicroBatchExecution.scala:239)
[2025-10-29T03:17:35.374+0700] {subprocess.py:93} INFO - 	at org.apache.spark.sql.execution.streaming.StreamExecution.$anonfun$runStream$1(StreamExecution.scala:311)
[2025-10-29T03:17:35.374+0700] {subprocess.py:93} INFO - 	at scala.runtime.java8.JFunction0$mcV$sp.apply(JFunction0$mcV$sp.java:23)
[2025-10-29T03:17:35.374+0700] {subprocess.py:93} INFO - 	at org.apache.spark.sql.SparkSession.withActive(SparkSession.scala:900)
[2025-10-29T03:17:35.374+0700] {subprocess.py:93} INFO - 	at org.apache.spark.sql.execution.streaming.StreamExecution.org$apache$spark$sql$execution$streaming$StreamExecution$$runStream(StreamExecution.scala:289)
[2025-10-29T03:17:35.375+0700] {subprocess.py:93} INFO - 	at org.apache.spark.sql.execution.streaming.StreamExecution$$anon$1.$anonfun$run$1(StreamExecution.scala:211)
[2025-10-29T03:17:35.375+0700] {subprocess.py:93} INFO - 	at scala.runtime.java8.JFunction0$mcV$sp.apply(JFunction0$mcV$sp.java:23)
[2025-10-29T03:17:35.375+0700] {subprocess.py:93} INFO - 	at org.apache.spark.JobArtifactSet$.withActiveJobArtifactState(JobArtifactSet.scala:94)
[2025-10-29T03:17:35.375+0700] {subprocess.py:93} INFO - 	at org.apache.spark.sql.execution.streaming.StreamExecution$$anon$1.run(StreamExecution.scala:211)
[2025-10-29T03:17:35.432+0700] {subprocess.py:93} INFO - Traceback (most recent call last):
[2025-10-29T03:17:35.432+0700] {subprocess.py:93} INFO -   File "/opt/***/projects/absa_streaming/scripts/consumer_postgres_streaming.py", line 175, in <module>
[2025-10-29T03:17:35.433+0700] {subprocess.py:93} INFO -     query.awaitTermination()
[2025-10-29T03:17:35.433+0700] {subprocess.py:93} INFO -   File "/home/***/.local/lib/python3.12/site-packages/pyspark/python/lib/pyspark.zip/pyspark/sql/streaming/query.py", line 221, in awaitTermination
[2025-10-29T03:17:35.433+0700] {subprocess.py:93} INFO -   File "/home/***/.local/lib/python3.12/site-packages/pyspark/python/lib/py4j-0.10.9.7-src.zip/py4j/java_gateway.py", line 1322, in __call__
[2025-10-29T03:17:35.433+0700] {subprocess.py:93} INFO -   File "/home/***/.local/lib/python3.12/site-packages/pyspark/python/lib/pyspark.zip/pyspark/errors/exceptions/captured.py", line 185, in deco
[2025-10-29T03:17:35.436+0700] {subprocess.py:93} INFO - pyspark.errors.exceptions.captured.StreamingQueryException: [STREAM_FAILED] Query [id = c028e5c2-9361-44c8-a7f2-892af6599903, runId = 53157703-bcf5-46cb-84a4-1f5f1dd4e8e5] terminated with exception: An exception was raised by the Python Proxy. Return Message: Traceback (most recent call last):
[2025-10-29T03:17:35.436+0700] {subprocess.py:93} INFO -   File "/home/***/.local/lib/python3.12/site-packages/pyspark/python/lib/py4j-0.10.9.7-src.zip/py4j/clientserver.py", line 617, in _call_proxy
[2025-10-29T03:17:35.437+0700] {subprocess.py:93} INFO -     return_value = getattr(self.pool[obj_id], method)(*params)
[2025-10-29T03:17:35.437+0700] {subprocess.py:93} INFO -                    ^^^^^^^^^^^^^^^^^^^^^^^^^^^^^^^^^^^^^^^^^^^
[2025-10-29T03:17:35.437+0700] {subprocess.py:93} INFO -   File "/home/***/.local/lib/python3.12/site-packages/pyspark/python/lib/pyspark.zip/pyspark/sql/utils.py", line 120, in call
[2025-10-29T03:17:35.437+0700] {subprocess.py:93} INFO -     raise e
[2025-10-29T03:17:35.438+0700] {subprocess.py:93} INFO -   File "/home/***/.local/lib/python3.12/site-packages/pyspark/python/lib/pyspark.zip/pyspark/sql/utils.py", line 117, in call
[2025-10-29T03:17:35.438+0700] {subprocess.py:93} INFO -     self.func(DataFrame(jdf, wrapped_session_jdf), batch_id)
[2025-10-29T03:17:35.438+0700] {subprocess.py:93} INFO -   File "/opt/***/projects/absa_streaming/scripts/consumer_postgres_streaming.py", line 125, in write_to_postgres
[2025-10-29T03:17:35.438+0700] {subprocess.py:93} INFO -     total_rows = batch_df.count()
[2025-10-29T03:17:35.438+0700] {subprocess.py:93} INFO -                  ^^^^^^^^^^^^^^^^
[2025-10-29T03:17:35.438+0700] {subprocess.py:93} INFO -   File "/home/***/.local/lib/python3.12/site-packages/pyspark/python/lib/pyspark.zip/pyspark/sql/dataframe.py", line 1238, in count
[2025-10-29T03:17:35.438+0700] {subprocess.py:93} INFO -     return int(self._jdf.count())
[2025-10-29T03:17:35.438+0700] {subprocess.py:93} INFO -                ^^^^^^^^^^^^^^^^^
[2025-10-29T03:17:35.439+0700] {subprocess.py:93} INFO -   File "/home/***/.local/lib/python3.12/site-packages/pyspark/python/lib/py4j-0.10.9.7-src.zip/py4j/java_gateway.py", line 1322, in __call__
[2025-10-29T03:17:35.439+0700] {subprocess.py:93} INFO -     return_value = get_return_value(
[2025-10-29T03:17:35.439+0700] {subprocess.py:93} INFO -                    ^^^^^^^^^^^^^^^^^
[2025-10-29T03:17:35.439+0700] {subprocess.py:93} INFO -   File "/home/***/.local/lib/python3.12/site-packages/pyspark/python/lib/pyspark.zip/pyspark/errors/exceptions/captured.py", line 185, in deco
[2025-10-29T03:17:35.439+0700] {subprocess.py:93} INFO -     raise converted from None
[2025-10-29T03:17:35.439+0700] {subprocess.py:93} INFO - pyspark.errors.exceptions.captured.PythonException:
[2025-10-29T03:17:35.439+0700] {subprocess.py:93} INFO -   An exception was thrown from the Python worker. Please see the stack trace below.
[2025-10-29T03:17:35.439+0700] {subprocess.py:93} INFO - Traceback (most recent call last):
[2025-10-29T03:17:35.439+0700] {subprocess.py:93} INFO -   File "/opt/***/projects/absa_streaming/scripts/consumer_postgres_streaming.py", line 73, in absa_infer_udf
[2025-10-29T03:17:35.440+0700] {subprocess.py:93} INFO -     _tokenizer = AutoTokenizer.from_pretrained(MODEL_NAME, use_fast=True)
[2025-10-29T03:17:35.440+0700] {subprocess.py:93} INFO -                  ^^^^^^^^^^^^^^^^^^^^^^^^^^^^^^^^^^^^^^^^^^^^^^^^^^^^^^^^
[2025-10-29T03:17:35.440+0700] {subprocess.py:93} INFO -   File "/home/***/.local/lib/python3.12/site-packages/transformers/models/auto/tokenization_auto.py", line 817, in from_pretrained
[2025-10-29T03:17:35.440+0700] {subprocess.py:93} INFO -     tokenizer_config = get_tokenizer_config(pretrained_model_name_or_path, **kwargs)
[2025-10-29T03:17:35.440+0700] {subprocess.py:93} INFO -                        ^^^^^^^^^^^^^^^^^^^^^^^^^^^^^^^^^^^^^^^^^^^^^^^^^^^^^^^^^^^^^
[2025-10-29T03:17:35.440+0700] {subprocess.py:93} INFO -   File "/home/***/.local/lib/python3.12/site-packages/transformers/models/auto/tokenization_auto.py", line 649, in get_tokenizer_config
[2025-10-29T03:17:35.440+0700] {subprocess.py:93} INFO -     resolved_config_file = cached_file(
[2025-10-29T03:17:35.440+0700] {subprocess.py:93} INFO -                            ^^^^^^^^^^^^
[2025-10-29T03:17:35.441+0700] {subprocess.py:93} INFO -   File "/home/***/.local/lib/python3.12/site-packages/transformers/utils/hub.py", line 462, in cached_file
[2025-10-29T03:17:35.441+0700] {subprocess.py:93} INFO -     except HFValidationError as e:
[2025-10-29T03:17:35.441+0700] {subprocess.py:93} INFO -   File "/home/***/.local/lib/python3.12/site-packages/huggingface_hub/utils/_validators.py", line 114, in _inner_fn
[2025-10-29T03:17:35.441+0700] {subprocess.py:93} INFO -     return fn(*args, **kwargs)
[2025-10-29T03:17:35.441+0700] {subprocess.py:93} INFO -            ^^^^^^^^^^^^^^^^^^^
[2025-10-29T03:17:35.441+0700] {subprocess.py:93} INFO -   File "/home/***/.local/lib/python3.12/site-packages/huggingface_hub/file_download.py", line 1007, in hf_hub_download
[2025-10-29T03:17:35.441+0700] {subprocess.py:93} INFO -     return _hf_hub_download_to_cache_dir(
[2025-10-29T03:17:35.441+0700] {subprocess.py:93} INFO -            ^^^^^^^^^^^^^^^^^^^^^^^^^^^^^^
[2025-10-29T03:17:35.442+0700] {subprocess.py:93} INFO -   File "/home/***/.local/lib/python3.12/site-packages/huggingface_hub/file_download.py", line 1124, in _hf_hub_download_to_cache_dir
[2025-10-29T03:17:35.442+0700] {subprocess.py:93} INFO -     os.makedirs(os.path.dirname(blob_path), exist_ok=True)
[2025-10-29T03:17:35.442+0700] {subprocess.py:93} INFO -   File "<frozen os>", line 216, in makedirs
[2025-10-29T03:17:35.442+0700] {subprocess.py:93} INFO -   File "<frozen os>", line 216, in makedirs
[2025-10-29T03:17:35.442+0700] {subprocess.py:93} INFO -   File "<frozen os>", line 216, in makedirs
[2025-10-29T03:17:35.442+0700] {subprocess.py:93} INFO -   File "<frozen os>", line 230, in makedirs
[2025-10-29T03:17:35.442+0700] {subprocess.py:93} INFO - PermissionError: [Errno 13] Permission denied: '/home/***/.cache/huggingface'
[2025-10-29T03:17:35.442+0700] {subprocess.py:93} INFO - 
[2025-10-29T03:17:35.442+0700] {subprocess.py:93} INFO - 
[2025-10-29T03:17:36.061+0700] {subprocess.py:97} INFO - Command exited with return code 1
[2025-10-29T03:17:36.061+0700] {taskinstance.py:441} INFO - ::group::Post task execution logs
[2025-10-29T03:17:36.069+0700] {taskinstance.py:2890} ERROR - Task failed with exception
Traceback (most recent call last):
  File "/home/airflow/.local/lib/python3.12/site-packages/airflow/models/taskinstance.py", line 460, in _execute_task
    result = _execute_callable(context=context, **execute_callable_kwargs)
             ^^^^^^^^^^^^^^^^^^^^^^^^^^^^^^^^^^^^^^^^^^^^^^^^^^^^^^^^^^^^^
  File "/home/airflow/.local/lib/python3.12/site-packages/airflow/models/taskinstance.py", line 432, in _execute_callable
    return execute_callable(context=context, **execute_callable_kwargs)
           ^^^^^^^^^^^^^^^^^^^^^^^^^^^^^^^^^^^^^^^^^^^^^^^^^^^^^^^^^^^^
  File "/home/airflow/.local/lib/python3.12/site-packages/airflow/models/baseoperator.py", line 400, in wrapper
    return func(self, *args, **kwargs)
           ^^^^^^^^^^^^^^^^^^^^^^^^^^^
  File "/home/airflow/.local/lib/python3.12/site-packages/airflow/operators/bash.py", line 243, in execute
    raise AirflowException(
airflow.exceptions.AirflowException: Bash command failed. The command returned a non-zero exit code 1.
[2025-10-29T03:17:36.072+0700] {taskinstance.py:1205} INFO - Marking task as UP_FOR_RETRY. dag_id=absa_streaming_lifecycle_demo1, task_id=deploy_consumer, execution_date=20251028T200718, start_date=20251028T201719, end_date=20251028T201736
[2025-10-29T03:17:36.081+0700] {standard_task_runner.py:110} ERROR - Failed to execute job 15 for task deploy_consumer (Bash command failed. The command returned a non-zero exit code 1.; 4268)
[2025-10-29T03:17:36.107+0700] {local_task_job_runner.py:240} INFO - Task exited with return code 1
[2025-10-29T03:17:36.120+0700] {taskinstance.py:3482} INFO - 0 downstream tasks scheduled from follow-on schedule check
[2025-10-29T03:17:36.122+0700] {local_task_job_runner.py:222} INFO - ::endgroup::
