[2025-10-29T03:09:36.748+0700] {local_task_job_runner.py:120} INFO - ::group::Pre task execution logs
[2025-10-29T03:09:36.764+0700] {taskinstance.py:2073} INFO - Dependencies all met for dep_context=non-requeueable deps ti=<TaskInstance: absa_streaming_lifecycle_demo1.deploy_consumer manual__2025-10-28T20:07:18.155316+00:00 [queued]>
[2025-10-29T03:09:36.770+0700] {taskinstance.py:2073} INFO - Dependencies all met for dep_context=requeueable deps ti=<TaskInstance: absa_streaming_lifecycle_demo1.deploy_consumer manual__2025-10-28T20:07:18.155316+00:00 [queued]>
[2025-10-29T03:09:36.770+0700] {taskinstance.py:2303} INFO - Starting attempt 2 of 6
[2025-10-29T03:09:36.779+0700] {taskinstance.py:2327} INFO - Executing <Task(BashOperator): deploy_consumer> on 2025-10-28 20:07:18.155316+00:00
[2025-10-29T03:09:36.787+0700] {warnings.py:110} WARNING - /home/***/.local/lib/python3.12/site-packages/***/task/task_runner/standard_task_runner.py:61: DeprecationWarning: This process (pid=568) is multi-threaded, use of fork() may lead to deadlocks in the child.
  pid = os.fork()

[2025-10-29T03:09:36.788+0700] {standard_task_runner.py:63} INFO - Started process 572 to run task
[2025-10-29T03:09:36.788+0700] {standard_task_runner.py:90} INFO - Running: ['***', 'tasks', 'run', 'absa_streaming_lifecycle_demo1', 'deploy_consumer', 'manual__2025-10-28T20:07:18.155316+00:00', '--job-id', '7', '--raw', '--subdir', 'DAGS_FOLDER/absa_streaming_lifecycle_dag1.py', '--cfg-path', '/tmp/tmp_heivqqf']
[2025-10-29T03:09:36.790+0700] {standard_task_runner.py:91} INFO - Job 7: Subtask deploy_consumer
[2025-10-29T03:09:36.821+0700] {task_command.py:426} INFO - Running <TaskInstance: absa_streaming_lifecycle_demo1.deploy_consumer manual__2025-10-28T20:07:18.155316+00:00 [running]> on host dfeadd712fc3
[2025-10-29T03:09:36.878+0700] {taskinstance.py:2644} INFO - Exporting env vars: AIRFLOW_CTX_DAG_OWNER='***' AIRFLOW_CTX_DAG_ID='absa_streaming_lifecycle_demo1' AIRFLOW_CTX_TASK_ID='deploy_consumer' AIRFLOW_CTX_EXECUTION_DATE='2025-10-28T20:07:18.155316+00:00' AIRFLOW_CTX_TRY_NUMBER='2' AIRFLOW_CTX_DAG_RUN_ID='manual__2025-10-28T20:07:18.155316+00:00'
[2025-10-29T03:09:36.880+0700] {taskinstance.py:430} INFO - ::endgroup::
[2025-10-29T03:09:36.880+0700] {subprocess.py:63} INFO - Tmp dir root location: /tmp
[2025-10-29T03:09:36.881+0700] {subprocess.py:75} INFO - Running command: ['/usr/bin/bash', '-c', 'bash -c "timeout 45m /opt/***/projects/absa_streaming/scripts/run_consumer.sh"']
[2025-10-29T03:09:36.895+0700] {subprocess.py:86} INFO - Output:
[2025-10-29T03:09:36.900+0700] {subprocess.py:93} INFO - [Consumer] Starting Spark Structured Streaming job...
[2025-10-29T03:09:36.937+0700] {subprocess.py:93} INFO - /home/***/.local/lib/python3.12/site-packages/pyspark/bin/load-spark-env.sh: line 68: ps: command not found
[2025-10-29T03:09:38.165+0700] {subprocess.py:93} INFO - :: loading settings :: url = jar:file:/home/***/.local/lib/python3.12/site-packages/pyspark/jars/ivy-2.5.1.jar!/org/apache/ivy/core/settings/ivysettings.xml
[2025-10-29T03:09:38.241+0700] {subprocess.py:93} INFO - Ivy Default Cache set to: /home/***/.ivy2/cache
[2025-10-29T03:09:38.242+0700] {subprocess.py:93} INFO - The jars for the packages stored in: /home/***/.ivy2/jars
[2025-10-29T03:09:38.246+0700] {subprocess.py:93} INFO - org.apache.spark#spark-sql-kafka-0-10_2.12 added as a dependency
[2025-10-29T03:09:38.246+0700] {subprocess.py:93} INFO - org.postgresql#postgresql added as a dependency
[2025-10-29T03:09:38.247+0700] {subprocess.py:93} INFO - :: resolving dependencies :: org.apache.spark#spark-submit-parent-6ae439cf-2c59-4f34-b4fd-c96fa92a2883;1.0
[2025-10-29T03:09:38.247+0700] {subprocess.py:93} INFO - 	confs: [default]
[2025-10-29T03:09:38.411+0700] {subprocess.py:93} INFO - 	found org.apache.spark#spark-sql-kafka-0-10_2.12;3.5.1 in central
[2025-10-29T03:09:38.468+0700] {subprocess.py:93} INFO - 	found org.apache.spark#spark-token-provider-kafka-0-10_2.12;3.5.1 in central
[2025-10-29T03:09:38.491+0700] {subprocess.py:93} INFO - 	found org.apache.kafka#kafka-clients;3.4.1 in central
[2025-10-29T03:09:38.512+0700] {subprocess.py:93} INFO - 	found org.lz4#lz4-java;1.8.0 in central
[2025-10-29T03:09:38.530+0700] {subprocess.py:93} INFO - 	found org.xerial.snappy#snappy-java;1.1.10.3 in central
[2025-10-29T03:09:38.550+0700] {subprocess.py:93} INFO - 	found org.slf4j#slf4j-api;2.0.7 in central
[2025-10-29T03:09:38.574+0700] {subprocess.py:93} INFO - 	found org.apache.hadoop#hadoop-client-runtime;3.3.4 in central
[2025-10-29T03:09:38.614+0700] {subprocess.py:93} INFO - 	found org.apache.hadoop#hadoop-client-api;3.3.4 in central
[2025-10-29T03:09:38.643+0700] {subprocess.py:93} INFO - 	found commons-logging#commons-logging;1.1.3 in central
[2025-10-29T03:09:38.661+0700] {subprocess.py:93} INFO - 	found com.google.code.findbugs#jsr305;3.0.0 in central
[2025-10-29T03:09:38.677+0700] {subprocess.py:93} INFO - 	found org.apache.commons#commons-pool2;2.11.1 in central
[2025-10-29T03:09:38.690+0700] {subprocess.py:93} INFO - 	found org.postgresql#postgresql;42.6.0 in central
[2025-10-29T03:09:38.702+0700] {subprocess.py:93} INFO - 	found org.checkerframework#checker-qual;3.31.0 in central
[2025-10-29T03:09:38.736+0700] {subprocess.py:93} INFO - :: resolution report :: resolve 469ms :: artifacts dl 20ms
[2025-10-29T03:09:38.736+0700] {subprocess.py:93} INFO - 	:: modules in use:
[2025-10-29T03:09:38.737+0700] {subprocess.py:93} INFO - 	com.google.code.findbugs#jsr305;3.0.0 from central in [default]
[2025-10-29T03:09:38.737+0700] {subprocess.py:93} INFO - 	commons-logging#commons-logging;1.1.3 from central in [default]
[2025-10-29T03:09:38.737+0700] {subprocess.py:93} INFO - 	org.apache.commons#commons-pool2;2.11.1 from central in [default]
[2025-10-29T03:09:38.737+0700] {subprocess.py:93} INFO - 	org.apache.hadoop#hadoop-client-api;3.3.4 from central in [default]
[2025-10-29T03:09:38.737+0700] {subprocess.py:93} INFO - 	org.apache.hadoop#hadoop-client-runtime;3.3.4 from central in [default]
[2025-10-29T03:09:38.738+0700] {subprocess.py:93} INFO - 	org.apache.kafka#kafka-clients;3.4.1 from central in [default]
[2025-10-29T03:09:38.738+0700] {subprocess.py:93} INFO - 	org.apache.spark#spark-sql-kafka-0-10_2.12;3.5.1 from central in [default]
[2025-10-29T03:09:38.738+0700] {subprocess.py:93} INFO - 	org.apache.spark#spark-token-provider-kafka-0-10_2.12;3.5.1 from central in [default]
[2025-10-29T03:09:38.738+0700] {subprocess.py:93} INFO - 	org.checkerframework#checker-qual;3.31.0 from central in [default]
[2025-10-29T03:09:38.738+0700] {subprocess.py:93} INFO - 	org.lz4#lz4-java;1.8.0 from central in [default]
[2025-10-29T03:09:38.738+0700] {subprocess.py:93} INFO - 	org.postgresql#postgresql;42.6.0 from central in [default]
[2025-10-29T03:09:38.739+0700] {subprocess.py:93} INFO - 	org.slf4j#slf4j-api;2.0.7 from central in [default]
[2025-10-29T03:09:38.739+0700] {subprocess.py:93} INFO - 	org.xerial.snappy#snappy-java;1.1.10.3 from central in [default]
[2025-10-29T03:09:38.739+0700] {subprocess.py:93} INFO - 	---------------------------------------------------------------------
[2025-10-29T03:09:38.739+0700] {subprocess.py:93} INFO - 	|                  |            modules            ||   artifacts   |
[2025-10-29T03:09:38.739+0700] {subprocess.py:93} INFO - 	|       conf       | number| search|dwnlded|evicted|| number|dwnlded|
[2025-10-29T03:09:38.740+0700] {subprocess.py:93} INFO - 	---------------------------------------------------------------------
[2025-10-29T03:09:38.740+0700] {subprocess.py:93} INFO - 	|      default     |   13  |   0   |   0   |   0   ||   13  |   0   |
[2025-10-29T03:09:38.740+0700] {subprocess.py:93} INFO - 	---------------------------------------------------------------------
[2025-10-29T03:09:38.744+0700] {subprocess.py:93} INFO - :: retrieving :: org.apache.spark#spark-submit-parent-6ae439cf-2c59-4f34-b4fd-c96fa92a2883
[2025-10-29T03:09:38.744+0700] {subprocess.py:93} INFO - 	confs: [default]
[2025-10-29T03:09:38.753+0700] {subprocess.py:93} INFO - 	0 artifacts copied, 13 already retrieved (0kB/9ms)
[2025-10-29T03:09:38.931+0700] {subprocess.py:93} INFO - 25/10/29 03:09:38 WARN NativeCodeLoader: Unable to load native-hadoop library for your platform... using builtin-java classes where applicable
[2025-10-29T03:09:43.930+0700] {subprocess.py:93} INFO - There was a problem when trying to write in your cache folder (/home/***/.cache/huggingface/hub). You should set the environment variable TRANSFORMERS_CACHE to a writable directory.
[2025-10-29T03:09:44.112+0700] {subprocess.py:93} INFO - 25/10/29 03:09:44 INFO SparkContext: Running Spark version 3.5.1
[2025-10-29T03:09:44.113+0700] {subprocess.py:93} INFO - 25/10/29 03:09:44 INFO SparkContext: OS info Linux, 6.14.0-33-generic, amd64
[2025-10-29T03:09:44.113+0700] {subprocess.py:93} INFO - 25/10/29 03:09:44 INFO SparkContext: Java version 17.0.17
[2025-10-29T03:09:44.137+0700] {subprocess.py:93} INFO - 25/10/29 03:09:44 INFO ResourceUtils: ==============================================================
[2025-10-29T03:09:44.138+0700] {subprocess.py:93} INFO - 25/10/29 03:09:44 INFO ResourceUtils: No custom resources configured for spark.driver.
[2025-10-29T03:09:44.138+0700] {subprocess.py:93} INFO - 25/10/29 03:09:44 INFO ResourceUtils: ==============================================================
[2025-10-29T03:09:44.138+0700] {subprocess.py:93} INFO - 25/10/29 03:09:44 INFO SparkContext: Submitted application: Kafka_ABSA_Postgres
[2025-10-29T03:09:44.158+0700] {subprocess.py:93} INFO - 25/10/29 03:09:44 INFO ResourceProfile: Default ResourceProfile created, executor resources: Map(cores -> name: cores, amount: 1, script: , vendor: , memory -> name: memory, amount: 1024, script: , vendor: , offHeap -> name: offHeap, amount: 0, script: , vendor: ), task resources: Map(cpus -> name: cpus, amount: 1.0)
[2025-10-29T03:09:44.165+0700] {subprocess.py:93} INFO - 25/10/29 03:09:44 INFO ResourceProfile: Limiting resource is cpu
[2025-10-29T03:09:44.165+0700] {subprocess.py:93} INFO - 25/10/29 03:09:44 INFO ResourceProfileManager: Added ResourceProfile id: 0
[2025-10-29T03:09:44.225+0700] {subprocess.py:93} INFO - 25/10/29 03:09:44 INFO SecurityManager: Changing view acls to: default
[2025-10-29T03:09:44.226+0700] {subprocess.py:93} INFO - 25/10/29 03:09:44 INFO SecurityManager: Changing modify acls to: default
[2025-10-29T03:09:44.226+0700] {subprocess.py:93} INFO - 25/10/29 03:09:44 INFO SecurityManager: Changing view acls groups to:
[2025-10-29T03:09:44.227+0700] {subprocess.py:93} INFO - 25/10/29 03:09:44 INFO SecurityManager: Changing modify acls groups to:
[2025-10-29T03:09:44.227+0700] {subprocess.py:93} INFO - 25/10/29 03:09:44 INFO SecurityManager: SecurityManager: authentication disabled; ui acls disabled; users with view permissions: default; groups with view permissions: EMPTY; users with modify permissions: default; groups with modify permissions: EMPTY
[2025-10-29T03:09:44.447+0700] {subprocess.py:93} INFO - 25/10/29 03:09:44 INFO Utils: Successfully started service 'sparkDriver' on port 41541.
[2025-10-29T03:09:44.486+0700] {subprocess.py:93} INFO - 25/10/29 03:09:44 INFO SparkEnv: Registering MapOutputTracker
[2025-10-29T03:09:44.525+0700] {subprocess.py:93} INFO - 25/10/29 03:09:44 INFO SparkEnv: Registering BlockManagerMaster
[2025-10-29T03:09:44.544+0700] {subprocess.py:93} INFO - 25/10/29 03:09:44 INFO BlockManagerMasterEndpoint: Using org.apache.spark.storage.DefaultTopologyMapper for getting topology information
[2025-10-29T03:09:44.545+0700] {subprocess.py:93} INFO - 25/10/29 03:09:44 INFO BlockManagerMasterEndpoint: BlockManagerMasterEndpoint up
[2025-10-29T03:09:44.549+0700] {subprocess.py:93} INFO - 25/10/29 03:09:44 INFO SparkEnv: Registering BlockManagerMasterHeartbeat
[2025-10-29T03:09:44.572+0700] {subprocess.py:93} INFO - 25/10/29 03:09:44 INFO DiskBlockManager: Created local directory at /tmp/blockmgr-66a95d46-04da-4a22-a758-cdb284e4ff8d
[2025-10-29T03:09:44.588+0700] {subprocess.py:93} INFO - 25/10/29 03:09:44 INFO MemoryStore: MemoryStore started with capacity 434.4 MiB
[2025-10-29T03:09:44.604+0700] {subprocess.py:93} INFO - 25/10/29 03:09:44 INFO SparkEnv: Registering OutputCommitCoordinator
[2025-10-29T03:09:44.730+0700] {subprocess.py:93} INFO - 25/10/29 03:09:44 INFO JettyUtils: Start Jetty 0.0.0.0:4040 for SparkUI
[2025-10-29T03:09:44.793+0700] {subprocess.py:93} INFO - 25/10/29 03:09:44 INFO Utils: Successfully started service 'SparkUI' on port 4040.
[2025-10-29T03:09:44.829+0700] {subprocess.py:93} INFO - 25/10/29 03:09:44 INFO SparkContext: Added JAR file:///home/***/.ivy2/jars/org.apache.spark_spark-sql-kafka-0-10_2.12-3.5.1.jar at spark://dfeadd712fc3:41541/jars/org.apache.spark_spark-sql-kafka-0-10_2.12-3.5.1.jar with timestamp 1761682184104
[2025-10-29T03:09:44.830+0700] {subprocess.py:93} INFO - 25/10/29 03:09:44 INFO SparkContext: Added JAR file:///home/***/.ivy2/jars/org.postgresql_postgresql-42.6.0.jar at spark://dfeadd712fc3:41541/jars/org.postgresql_postgresql-42.6.0.jar with timestamp 1761682184104
[2025-10-29T03:09:44.831+0700] {subprocess.py:93} INFO - 25/10/29 03:09:44 INFO SparkContext: Added JAR file:///home/***/.ivy2/jars/org.apache.spark_spark-token-provider-kafka-0-10_2.12-3.5.1.jar at spark://dfeadd712fc3:41541/jars/org.apache.spark_spark-token-provider-kafka-0-10_2.12-3.5.1.jar with timestamp 1761682184104
[2025-10-29T03:09:44.831+0700] {subprocess.py:93} INFO - 25/10/29 03:09:44 INFO SparkContext: Added JAR file:///home/***/.ivy2/jars/org.apache.kafka_kafka-clients-3.4.1.jar at spark://dfeadd712fc3:41541/jars/org.apache.kafka_kafka-clients-3.4.1.jar with timestamp 1761682184104
[2025-10-29T03:09:44.831+0700] {subprocess.py:93} INFO - 25/10/29 03:09:44 INFO SparkContext: Added JAR file:///home/***/.ivy2/jars/com.google.code.findbugs_jsr305-3.0.0.jar at spark://dfeadd712fc3:41541/jars/com.google.code.findbugs_jsr305-3.0.0.jar with timestamp 1761682184104
[2025-10-29T03:09:44.831+0700] {subprocess.py:93} INFO - 25/10/29 03:09:44 INFO SparkContext: Added JAR file:///home/***/.ivy2/jars/org.apache.commons_commons-pool2-2.11.1.jar at spark://dfeadd712fc3:41541/jars/org.apache.commons_commons-pool2-2.11.1.jar with timestamp 1761682184104
[2025-10-29T03:09:44.832+0700] {subprocess.py:93} INFO - 25/10/29 03:09:44 INFO SparkContext: Added JAR file:///home/***/.ivy2/jars/org.apache.hadoop_hadoop-client-runtime-3.3.4.jar at spark://dfeadd712fc3:41541/jars/org.apache.hadoop_hadoop-client-runtime-3.3.4.jar with timestamp 1761682184104
[2025-10-29T03:09:44.832+0700] {subprocess.py:93} INFO - 25/10/29 03:09:44 INFO SparkContext: Added JAR file:///home/***/.ivy2/jars/org.lz4_lz4-java-1.8.0.jar at spark://dfeadd712fc3:41541/jars/org.lz4_lz4-java-1.8.0.jar with timestamp 1761682184104
[2025-10-29T03:09:44.832+0700] {subprocess.py:93} INFO - 25/10/29 03:09:44 INFO SparkContext: Added JAR file:///home/***/.ivy2/jars/org.xerial.snappy_snappy-java-1.1.10.3.jar at spark://dfeadd712fc3:41541/jars/org.xerial.snappy_snappy-java-1.1.10.3.jar with timestamp 1761682184104
[2025-10-29T03:09:44.832+0700] {subprocess.py:93} INFO - 25/10/29 03:09:44 INFO SparkContext: Added JAR file:///home/***/.ivy2/jars/org.slf4j_slf4j-api-2.0.7.jar at spark://dfeadd712fc3:41541/jars/org.slf4j_slf4j-api-2.0.7.jar with timestamp 1761682184104
[2025-10-29T03:09:44.832+0700] {subprocess.py:93} INFO - 25/10/29 03:09:44 INFO SparkContext: Added JAR file:///home/***/.ivy2/jars/org.apache.hadoop_hadoop-client-api-3.3.4.jar at spark://dfeadd712fc3:41541/jars/org.apache.hadoop_hadoop-client-api-3.3.4.jar with timestamp 1761682184104
[2025-10-29T03:09:44.832+0700] {subprocess.py:93} INFO - 25/10/29 03:09:44 INFO SparkContext: Added JAR file:///home/***/.ivy2/jars/commons-logging_commons-logging-1.1.3.jar at spark://dfeadd712fc3:41541/jars/commons-logging_commons-logging-1.1.3.jar with timestamp 1761682184104
[2025-10-29T03:09:44.833+0700] {subprocess.py:93} INFO - 25/10/29 03:09:44 INFO SparkContext: Added JAR file:///home/***/.ivy2/jars/org.checkerframework_checker-qual-3.31.0.jar at spark://dfeadd712fc3:41541/jars/org.checkerframework_checker-qual-3.31.0.jar with timestamp 1761682184104
[2025-10-29T03:09:44.834+0700] {subprocess.py:93} INFO - 25/10/29 03:09:44 INFO SparkContext: Added file file:///home/***/.ivy2/jars/org.apache.spark_spark-sql-kafka-0-10_2.12-3.5.1.jar at file:///home/***/.ivy2/jars/org.apache.spark_spark-sql-kafka-0-10_2.12-3.5.1.jar with timestamp 1761682184104
[2025-10-29T03:09:44.835+0700] {subprocess.py:93} INFO - 25/10/29 03:09:44 INFO Utils: Copying /home/***/.ivy2/jars/org.apache.spark_spark-sql-kafka-0-10_2.12-3.5.1.jar to /tmp/spark-80185ce8-283c-4523-ad6e-ef6c03c22c27/userFiles-ed4d2066-2b83-4cc0-8394-049b4001f956/org.apache.spark_spark-sql-kafka-0-10_2.12-3.5.1.jar
[2025-10-29T03:09:44.847+0700] {subprocess.py:93} INFO - 25/10/29 03:09:44 INFO SparkContext: Added file file:///home/***/.ivy2/jars/org.postgresql_postgresql-42.6.0.jar at file:///home/***/.ivy2/jars/org.postgresql_postgresql-42.6.0.jar with timestamp 1761682184104
[2025-10-29T03:09:44.847+0700] {subprocess.py:93} INFO - 25/10/29 03:09:44 INFO Utils: Copying /home/***/.ivy2/jars/org.postgresql_postgresql-42.6.0.jar to /tmp/spark-80185ce8-283c-4523-ad6e-ef6c03c22c27/userFiles-ed4d2066-2b83-4cc0-8394-049b4001f956/org.postgresql_postgresql-42.6.0.jar
[2025-10-29T03:09:44.852+0700] {subprocess.py:93} INFO - 25/10/29 03:09:44 INFO SparkContext: Added file file:///home/***/.ivy2/jars/org.apache.spark_spark-token-provider-kafka-0-10_2.12-3.5.1.jar at file:///home/***/.ivy2/jars/org.apache.spark_spark-token-provider-kafka-0-10_2.12-3.5.1.jar with timestamp 1761682184104
[2025-10-29T03:09:44.853+0700] {subprocess.py:93} INFO - 25/10/29 03:09:44 INFO Utils: Copying /home/***/.ivy2/jars/org.apache.spark_spark-token-provider-kafka-0-10_2.12-3.5.1.jar to /tmp/spark-80185ce8-283c-4523-ad6e-ef6c03c22c27/userFiles-ed4d2066-2b83-4cc0-8394-049b4001f956/org.apache.spark_spark-token-provider-kafka-0-10_2.12-3.5.1.jar
[2025-10-29T03:09:44.857+0700] {subprocess.py:93} INFO - 25/10/29 03:09:44 INFO SparkContext: Added file file:///home/***/.ivy2/jars/org.apache.kafka_kafka-clients-3.4.1.jar at file:///home/***/.ivy2/jars/org.apache.kafka_kafka-clients-3.4.1.jar with timestamp 1761682184104
[2025-10-29T03:09:44.857+0700] {subprocess.py:93} INFO - 25/10/29 03:09:44 INFO Utils: Copying /home/***/.ivy2/jars/org.apache.kafka_kafka-clients-3.4.1.jar to /tmp/spark-80185ce8-283c-4523-ad6e-ef6c03c22c27/userFiles-ed4d2066-2b83-4cc0-8394-049b4001f956/org.apache.kafka_kafka-clients-3.4.1.jar
[2025-10-29T03:09:44.864+0700] {subprocess.py:93} INFO - 25/10/29 03:09:44 INFO SparkContext: Added file file:///home/***/.ivy2/jars/com.google.code.findbugs_jsr305-3.0.0.jar at file:///home/***/.ivy2/jars/com.google.code.findbugs_jsr305-3.0.0.jar with timestamp 1761682184104
[2025-10-29T03:09:44.864+0700] {subprocess.py:93} INFO - 25/10/29 03:09:44 INFO Utils: Copying /home/***/.ivy2/jars/com.google.code.findbugs_jsr305-3.0.0.jar to /tmp/spark-80185ce8-283c-4523-ad6e-ef6c03c22c27/userFiles-ed4d2066-2b83-4cc0-8394-049b4001f956/com.google.code.findbugs_jsr305-3.0.0.jar
[2025-10-29T03:09:44.868+0700] {subprocess.py:93} INFO - 25/10/29 03:09:44 INFO SparkContext: Added file file:///home/***/.ivy2/jars/org.apache.commons_commons-pool2-2.11.1.jar at file:///home/***/.ivy2/jars/org.apache.commons_commons-pool2-2.11.1.jar with timestamp 1761682184104
[2025-10-29T03:09:44.868+0700] {subprocess.py:93} INFO - 25/10/29 03:09:44 INFO Utils: Copying /home/***/.ivy2/jars/org.apache.commons_commons-pool2-2.11.1.jar to /tmp/spark-80185ce8-283c-4523-ad6e-ef6c03c22c27/userFiles-ed4d2066-2b83-4cc0-8394-049b4001f956/org.apache.commons_commons-pool2-2.11.1.jar
[2025-10-29T03:09:44.872+0700] {subprocess.py:93} INFO - 25/10/29 03:09:44 INFO SparkContext: Added file file:///home/***/.ivy2/jars/org.apache.hadoop_hadoop-client-runtime-3.3.4.jar at file:///home/***/.ivy2/jars/org.apache.hadoop_hadoop-client-runtime-3.3.4.jar with timestamp 1761682184104
[2025-10-29T03:09:44.873+0700] {subprocess.py:93} INFO - 25/10/29 03:09:44 INFO Utils: Copying /home/***/.ivy2/jars/org.apache.hadoop_hadoop-client-runtime-3.3.4.jar to /tmp/spark-80185ce8-283c-4523-ad6e-ef6c03c22c27/userFiles-ed4d2066-2b83-4cc0-8394-049b4001f956/org.apache.hadoop_hadoop-client-runtime-3.3.4.jar
[2025-10-29T03:09:44.895+0700] {subprocess.py:93} INFO - 25/10/29 03:09:44 INFO SparkContext: Added file file:///home/***/.ivy2/jars/org.lz4_lz4-java-1.8.0.jar at file:///home/***/.ivy2/jars/org.lz4_lz4-java-1.8.0.jar with timestamp 1761682184104
[2025-10-29T03:09:44.895+0700] {subprocess.py:93} INFO - 25/10/29 03:09:44 INFO Utils: Copying /home/***/.ivy2/jars/org.lz4_lz4-java-1.8.0.jar to /tmp/spark-80185ce8-283c-4523-ad6e-ef6c03c22c27/userFiles-ed4d2066-2b83-4cc0-8394-049b4001f956/org.lz4_lz4-java-1.8.0.jar
[2025-10-29T03:09:44.899+0700] {subprocess.py:93} INFO - 25/10/29 03:09:44 INFO SparkContext: Added file file:///home/***/.ivy2/jars/org.xerial.snappy_snappy-java-1.1.10.3.jar at file:///home/***/.ivy2/jars/org.xerial.snappy_snappy-java-1.1.10.3.jar with timestamp 1761682184104
[2025-10-29T03:09:44.899+0700] {subprocess.py:93} INFO - 25/10/29 03:09:44 INFO Utils: Copying /home/***/.ivy2/jars/org.xerial.snappy_snappy-java-1.1.10.3.jar to /tmp/spark-80185ce8-283c-4523-ad6e-ef6c03c22c27/userFiles-ed4d2066-2b83-4cc0-8394-049b4001f956/org.xerial.snappy_snappy-java-1.1.10.3.jar
[2025-10-29T03:09:44.904+0700] {subprocess.py:93} INFO - 25/10/29 03:09:44 INFO SparkContext: Added file file:///home/***/.ivy2/jars/org.slf4j_slf4j-api-2.0.7.jar at file:///home/***/.ivy2/jars/org.slf4j_slf4j-api-2.0.7.jar with timestamp 1761682184104
[2025-10-29T03:09:44.904+0700] {subprocess.py:93} INFO - 25/10/29 03:09:44 INFO Utils: Copying /home/***/.ivy2/jars/org.slf4j_slf4j-api-2.0.7.jar to /tmp/spark-80185ce8-283c-4523-ad6e-ef6c03c22c27/userFiles-ed4d2066-2b83-4cc0-8394-049b4001f956/org.slf4j_slf4j-api-2.0.7.jar
[2025-10-29T03:09:44.908+0700] {subprocess.py:93} INFO - 25/10/29 03:09:44 INFO SparkContext: Added file file:///home/***/.ivy2/jars/org.apache.hadoop_hadoop-client-api-3.3.4.jar at file:///home/***/.ivy2/jars/org.apache.hadoop_hadoop-client-api-3.3.4.jar with timestamp 1761682184104
[2025-10-29T03:09:44.908+0700] {subprocess.py:93} INFO - 25/10/29 03:09:44 INFO Utils: Copying /home/***/.ivy2/jars/org.apache.hadoop_hadoop-client-api-3.3.4.jar to /tmp/spark-80185ce8-283c-4523-ad6e-ef6c03c22c27/userFiles-ed4d2066-2b83-4cc0-8394-049b4001f956/org.apache.hadoop_hadoop-client-api-3.3.4.jar
[2025-10-29T03:09:44.924+0700] {subprocess.py:93} INFO - 25/10/29 03:09:44 INFO SparkContext: Added file file:///home/***/.ivy2/jars/commons-logging_commons-logging-1.1.3.jar at file:///home/***/.ivy2/jars/commons-logging_commons-logging-1.1.3.jar with timestamp 1761682184104
[2025-10-29T03:09:44.925+0700] {subprocess.py:93} INFO - 25/10/29 03:09:44 INFO Utils: Copying /home/***/.ivy2/jars/commons-logging_commons-logging-1.1.3.jar to /tmp/spark-80185ce8-283c-4523-ad6e-ef6c03c22c27/userFiles-ed4d2066-2b83-4cc0-8394-049b4001f956/commons-logging_commons-logging-1.1.3.jar
[2025-10-29T03:09:44.928+0700] {subprocess.py:93} INFO - 25/10/29 03:09:44 INFO SparkContext: Added file file:///home/***/.ivy2/jars/org.checkerframework_checker-qual-3.31.0.jar at file:///home/***/.ivy2/jars/org.checkerframework_checker-qual-3.31.0.jar with timestamp 1761682184104
[2025-10-29T03:09:44.928+0700] {subprocess.py:93} INFO - 25/10/29 03:09:44 INFO Utils: Copying /home/***/.ivy2/jars/org.checkerframework_checker-qual-3.31.0.jar to /tmp/spark-80185ce8-283c-4523-ad6e-ef6c03c22c27/userFiles-ed4d2066-2b83-4cc0-8394-049b4001f956/org.checkerframework_checker-qual-3.31.0.jar
[2025-10-29T03:09:44.981+0700] {subprocess.py:93} INFO - 25/10/29 03:09:44 INFO Executor: Starting executor ID driver on host dfeadd712fc3
[2025-10-29T03:09:44.981+0700] {subprocess.py:93} INFO - 25/10/29 03:09:44 INFO Executor: OS info Linux, 6.14.0-33-generic, amd64
[2025-10-29T03:09:44.982+0700] {subprocess.py:93} INFO - 25/10/29 03:09:44 INFO Executor: Java version 17.0.17
[2025-10-29T03:09:44.987+0700] {subprocess.py:93} INFO - 25/10/29 03:09:44 INFO Executor: Starting executor with user classpath (userClassPathFirst = false): ''
[2025-10-29T03:09:44.987+0700] {subprocess.py:93} INFO - 25/10/29 03:09:44 INFO Executor: Created or updated repl class loader org.apache.spark.util.MutableURLClassLoader@3d85cc31 for default.
[2025-10-29T03:09:44.996+0700] {subprocess.py:93} INFO - 25/10/29 03:09:44 INFO Executor: Fetching file:///home/***/.ivy2/jars/org.apache.spark_spark-sql-kafka-0-10_2.12-3.5.1.jar with timestamp 1761682184104
[2025-10-29T03:09:45.015+0700] {subprocess.py:93} INFO - 25/10/29 03:09:45 INFO Utils: /home/***/.ivy2/jars/org.apache.spark_spark-sql-kafka-0-10_2.12-3.5.1.jar has been previously copied to /tmp/spark-80185ce8-283c-4523-ad6e-ef6c03c22c27/userFiles-ed4d2066-2b83-4cc0-8394-049b4001f956/org.apache.spark_spark-sql-kafka-0-10_2.12-3.5.1.jar
[2025-10-29T03:09:45.019+0700] {subprocess.py:93} INFO - 25/10/29 03:09:45 INFO Executor: Fetching file:///home/***/.ivy2/jars/org.apache.hadoop_hadoop-client-runtime-3.3.4.jar with timestamp 1761682184104
[2025-10-29T03:09:45.036+0700] {subprocess.py:93} INFO - 25/10/29 03:09:45 INFO Utils: /home/***/.ivy2/jars/org.apache.hadoop_hadoop-client-runtime-3.3.4.jar has been previously copied to /tmp/spark-80185ce8-283c-4523-ad6e-ef6c03c22c27/userFiles-ed4d2066-2b83-4cc0-8394-049b4001f956/org.apache.hadoop_hadoop-client-runtime-3.3.4.jar
[2025-10-29T03:09:45.040+0700] {subprocess.py:93} INFO - 25/10/29 03:09:45 INFO Executor: Fetching file:///home/***/.ivy2/jars/org.apache.hadoop_hadoop-client-api-3.3.4.jar with timestamp 1761682184104
[2025-10-29T03:09:45.051+0700] {subprocess.py:93} INFO - 25/10/29 03:09:45 INFO Utils: /home/***/.ivy2/jars/org.apache.hadoop_hadoop-client-api-3.3.4.jar has been previously copied to /tmp/spark-80185ce8-283c-4523-ad6e-ef6c03c22c27/userFiles-ed4d2066-2b83-4cc0-8394-049b4001f956/org.apache.hadoop_hadoop-client-api-3.3.4.jar
[2025-10-29T03:09:45.054+0700] {subprocess.py:93} INFO - 25/10/29 03:09:45 INFO Executor: Fetching file:///home/***/.ivy2/jars/org.apache.spark_spark-token-provider-kafka-0-10_2.12-3.5.1.jar with timestamp 1761682184104
[2025-10-29T03:09:45.055+0700] {subprocess.py:93} INFO - 25/10/29 03:09:45 INFO Utils: /home/***/.ivy2/jars/org.apache.spark_spark-token-provider-kafka-0-10_2.12-3.5.1.jar has been previously copied to /tmp/spark-80185ce8-283c-4523-ad6e-ef6c03c22c27/userFiles-ed4d2066-2b83-4cc0-8394-049b4001f956/org.apache.spark_spark-token-provider-kafka-0-10_2.12-3.5.1.jar
[2025-10-29T03:09:45.057+0700] {subprocess.py:93} INFO - 25/10/29 03:09:45 INFO Executor: Fetching file:///home/***/.ivy2/jars/com.google.code.findbugs_jsr305-3.0.0.jar with timestamp 1761682184104
[2025-10-29T03:09:45.058+0700] {subprocess.py:93} INFO - 25/10/29 03:09:45 INFO Utils: /home/***/.ivy2/jars/com.google.code.findbugs_jsr305-3.0.0.jar has been previously copied to /tmp/spark-80185ce8-283c-4523-ad6e-ef6c03c22c27/userFiles-ed4d2066-2b83-4cc0-8394-049b4001f956/com.google.code.findbugs_jsr305-3.0.0.jar
[2025-10-29T03:09:45.060+0700] {subprocess.py:93} INFO - 25/10/29 03:09:45 INFO Executor: Fetching file:///home/***/.ivy2/jars/org.lz4_lz4-java-1.8.0.jar with timestamp 1761682184104
[2025-10-29T03:09:45.061+0700] {subprocess.py:93} INFO - 25/10/29 03:09:45 INFO Utils: /home/***/.ivy2/jars/org.lz4_lz4-java-1.8.0.jar has been previously copied to /tmp/spark-80185ce8-283c-4523-ad6e-ef6c03c22c27/userFiles-ed4d2066-2b83-4cc0-8394-049b4001f956/org.lz4_lz4-java-1.8.0.jar
[2025-10-29T03:09:45.064+0700] {subprocess.py:93} INFO - 25/10/29 03:09:45 INFO Executor: Fetching file:///home/***/.ivy2/jars/org.slf4j_slf4j-api-2.0.7.jar with timestamp 1761682184104
[2025-10-29T03:09:45.064+0700] {subprocess.py:93} INFO - 25/10/29 03:09:45 INFO Utils: /home/***/.ivy2/jars/org.slf4j_slf4j-api-2.0.7.jar has been previously copied to /tmp/spark-80185ce8-283c-4523-ad6e-ef6c03c22c27/userFiles-ed4d2066-2b83-4cc0-8394-049b4001f956/org.slf4j_slf4j-api-2.0.7.jar
[2025-10-29T03:09:45.066+0700] {subprocess.py:93} INFO - 25/10/29 03:09:45 INFO Executor: Fetching file:///home/***/.ivy2/jars/org.checkerframework_checker-qual-3.31.0.jar with timestamp 1761682184104
[2025-10-29T03:09:45.067+0700] {subprocess.py:93} INFO - 25/10/29 03:09:45 INFO Utils: /home/***/.ivy2/jars/org.checkerframework_checker-qual-3.31.0.jar has been previously copied to /tmp/spark-80185ce8-283c-4523-ad6e-ef6c03c22c27/userFiles-ed4d2066-2b83-4cc0-8394-049b4001f956/org.checkerframework_checker-qual-3.31.0.jar
[2025-10-29T03:09:45.070+0700] {subprocess.py:93} INFO - 25/10/29 03:09:45 INFO Executor: Fetching file:///home/***/.ivy2/jars/org.apache.commons_commons-pool2-2.11.1.jar with timestamp 1761682184104
[2025-10-29T03:09:45.070+0700] {subprocess.py:93} INFO - 25/10/29 03:09:45 INFO Utils: /home/***/.ivy2/jars/org.apache.commons_commons-pool2-2.11.1.jar has been previously copied to /tmp/spark-80185ce8-283c-4523-ad6e-ef6c03c22c27/userFiles-ed4d2066-2b83-4cc0-8394-049b4001f956/org.apache.commons_commons-pool2-2.11.1.jar
[2025-10-29T03:09:45.073+0700] {subprocess.py:93} INFO - 25/10/29 03:09:45 INFO Executor: Fetching file:///home/***/.ivy2/jars/commons-logging_commons-logging-1.1.3.jar with timestamp 1761682184104
[2025-10-29T03:09:45.073+0700] {subprocess.py:93} INFO - 25/10/29 03:09:45 INFO Utils: /home/***/.ivy2/jars/commons-logging_commons-logging-1.1.3.jar has been previously copied to /tmp/spark-80185ce8-283c-4523-ad6e-ef6c03c22c27/userFiles-ed4d2066-2b83-4cc0-8394-049b4001f956/commons-logging_commons-logging-1.1.3.jar
[2025-10-29T03:09:45.075+0700] {subprocess.py:93} INFO - 25/10/29 03:09:45 INFO Executor: Fetching file:///home/***/.ivy2/jars/org.xerial.snappy_snappy-java-1.1.10.3.jar with timestamp 1761682184104
[2025-10-29T03:09:45.077+0700] {subprocess.py:93} INFO - 25/10/29 03:09:45 INFO Utils: /home/***/.ivy2/jars/org.xerial.snappy_snappy-java-1.1.10.3.jar has been previously copied to /tmp/spark-80185ce8-283c-4523-ad6e-ef6c03c22c27/userFiles-ed4d2066-2b83-4cc0-8394-049b4001f956/org.xerial.snappy_snappy-java-1.1.10.3.jar
[2025-10-29T03:09:45.080+0700] {subprocess.py:93} INFO - 25/10/29 03:09:45 INFO Executor: Fetching file:///home/***/.ivy2/jars/org.postgresql_postgresql-42.6.0.jar with timestamp 1761682184104
[2025-10-29T03:09:45.081+0700] {subprocess.py:93} INFO - 25/10/29 03:09:45 INFO Utils: /home/***/.ivy2/jars/org.postgresql_postgresql-42.6.0.jar has been previously copied to /tmp/spark-80185ce8-283c-4523-ad6e-ef6c03c22c27/userFiles-ed4d2066-2b83-4cc0-8394-049b4001f956/org.postgresql_postgresql-42.6.0.jar
[2025-10-29T03:09:45.083+0700] {subprocess.py:93} INFO - 25/10/29 03:09:45 INFO Executor: Fetching file:///home/***/.ivy2/jars/org.apache.kafka_kafka-clients-3.4.1.jar with timestamp 1761682184104
[2025-10-29T03:09:45.087+0700] {subprocess.py:93} INFO - 25/10/29 03:09:45 INFO Utils: /home/***/.ivy2/jars/org.apache.kafka_kafka-clients-3.4.1.jar has been previously copied to /tmp/spark-80185ce8-283c-4523-ad6e-ef6c03c22c27/userFiles-ed4d2066-2b83-4cc0-8394-049b4001f956/org.apache.kafka_kafka-clients-3.4.1.jar
[2025-10-29T03:09:45.091+0700] {subprocess.py:93} INFO - 25/10/29 03:09:45 INFO Executor: Fetching spark://dfeadd712fc3:41541/jars/org.apache.spark_spark-sql-kafka-0-10_2.12-3.5.1.jar with timestamp 1761682184104
[2025-10-29T03:09:45.115+0700] {subprocess.py:93} INFO - 25/10/29 03:09:45 INFO TransportClientFactory: Successfully created connection to dfeadd712fc3/172.18.0.6:41541 after 16 ms (0 ms spent in bootstraps)
[2025-10-29T03:09:45.123+0700] {subprocess.py:93} INFO - 25/10/29 03:09:45 INFO Utils: Fetching spark://dfeadd712fc3:41541/jars/org.apache.spark_spark-sql-kafka-0-10_2.12-3.5.1.jar to /tmp/spark-80185ce8-283c-4523-ad6e-ef6c03c22c27/userFiles-ed4d2066-2b83-4cc0-8394-049b4001f956/fetchFileTemp10064512216058784370.tmp
[2025-10-29T03:09:45.137+0700] {subprocess.py:93} INFO - 25/10/29 03:09:45 INFO Utils: /tmp/spark-80185ce8-283c-4523-ad6e-ef6c03c22c27/userFiles-ed4d2066-2b83-4cc0-8394-049b4001f956/fetchFileTemp10064512216058784370.tmp has been previously copied to /tmp/spark-80185ce8-283c-4523-ad6e-ef6c03c22c27/userFiles-ed4d2066-2b83-4cc0-8394-049b4001f956/org.apache.spark_spark-sql-kafka-0-10_2.12-3.5.1.jar
[2025-10-29T03:09:45.143+0700] {subprocess.py:93} INFO - 25/10/29 03:09:45 INFO Executor: Adding file:/tmp/spark-80185ce8-283c-4523-ad6e-ef6c03c22c27/userFiles-ed4d2066-2b83-4cc0-8394-049b4001f956/org.apache.spark_spark-sql-kafka-0-10_2.12-3.5.1.jar to class loader default
[2025-10-29T03:09:45.143+0700] {subprocess.py:93} INFO - 25/10/29 03:09:45 INFO Executor: Fetching spark://dfeadd712fc3:41541/jars/org.checkerframework_checker-qual-3.31.0.jar with timestamp 1761682184104
[2025-10-29T03:09:45.143+0700] {subprocess.py:93} INFO - 25/10/29 03:09:45 INFO Utils: Fetching spark://dfeadd712fc3:41541/jars/org.checkerframework_checker-qual-3.31.0.jar to /tmp/spark-80185ce8-283c-4523-ad6e-ef6c03c22c27/userFiles-ed4d2066-2b83-4cc0-8394-049b4001f956/fetchFileTemp2910191077795563024.tmp
[2025-10-29T03:09:45.145+0700] {subprocess.py:93} INFO - 25/10/29 03:09:45 INFO Utils: /tmp/spark-80185ce8-283c-4523-ad6e-ef6c03c22c27/userFiles-ed4d2066-2b83-4cc0-8394-049b4001f956/fetchFileTemp2910191077795563024.tmp has been previously copied to /tmp/spark-80185ce8-283c-4523-ad6e-ef6c03c22c27/userFiles-ed4d2066-2b83-4cc0-8394-049b4001f956/org.checkerframework_checker-qual-3.31.0.jar
[2025-10-29T03:09:45.225+0700] {subprocess.py:93} INFO - 25/10/29 03:09:45 INFO Executor: Adding file:/tmp/spark-80185ce8-283c-4523-ad6e-ef6c03c22c27/userFiles-ed4d2066-2b83-4cc0-8394-049b4001f956/org.checkerframework_checker-qual-3.31.0.jar to class loader default
[2025-10-29T03:09:45.225+0700] {subprocess.py:93} INFO - 25/10/29 03:09:45 INFO Executor: Fetching spark://dfeadd712fc3:41541/jars/org.slf4j_slf4j-api-2.0.7.jar with timestamp 1761682184104
[2025-10-29T03:09:45.226+0700] {subprocess.py:93} INFO - 25/10/29 03:09:45 INFO Utils: Fetching spark://dfeadd712fc3:41541/jars/org.slf4j_slf4j-api-2.0.7.jar to /tmp/spark-80185ce8-283c-4523-ad6e-ef6c03c22c27/userFiles-ed4d2066-2b83-4cc0-8394-049b4001f956/fetchFileTemp5337990618658730885.tmp
[2025-10-29T03:09:45.227+0700] {subprocess.py:93} INFO - 25/10/29 03:09:45 INFO Utils: /tmp/spark-80185ce8-283c-4523-ad6e-ef6c03c22c27/userFiles-ed4d2066-2b83-4cc0-8394-049b4001f956/fetchFileTemp5337990618658730885.tmp has been previously copied to /tmp/spark-80185ce8-283c-4523-ad6e-ef6c03c22c27/userFiles-ed4d2066-2b83-4cc0-8394-049b4001f956/org.slf4j_slf4j-api-2.0.7.jar
[2025-10-29T03:09:45.230+0700] {subprocess.py:93} INFO - 25/10/29 03:09:45 INFO Executor: Adding file:/tmp/spark-80185ce8-283c-4523-ad6e-ef6c03c22c27/userFiles-ed4d2066-2b83-4cc0-8394-049b4001f956/org.slf4j_slf4j-api-2.0.7.jar to class loader default
[2025-10-29T03:09:45.231+0700] {subprocess.py:93} INFO - 25/10/29 03:09:45 INFO Executor: Fetching spark://dfeadd712fc3:41541/jars/org.apache.commons_commons-pool2-2.11.1.jar with timestamp 1761682184104
[2025-10-29T03:09:45.231+0700] {subprocess.py:93} INFO - 25/10/29 03:09:45 INFO Utils: Fetching spark://dfeadd712fc3:41541/jars/org.apache.commons_commons-pool2-2.11.1.jar to /tmp/spark-80185ce8-283c-4523-ad6e-ef6c03c22c27/userFiles-ed4d2066-2b83-4cc0-8394-049b4001f956/fetchFileTemp3360584783851256232.tmp
[2025-10-29T03:09:45.235+0700] {subprocess.py:93} INFO - 25/10/29 03:09:45 INFO Utils: /tmp/spark-80185ce8-283c-4523-ad6e-ef6c03c22c27/userFiles-ed4d2066-2b83-4cc0-8394-049b4001f956/fetchFileTemp3360584783851256232.tmp has been previously copied to /tmp/spark-80185ce8-283c-4523-ad6e-ef6c03c22c27/userFiles-ed4d2066-2b83-4cc0-8394-049b4001f956/org.apache.commons_commons-pool2-2.11.1.jar
[2025-10-29T03:09:45.239+0700] {subprocess.py:93} INFO - 25/10/29 03:09:45 INFO Executor: Adding file:/tmp/spark-80185ce8-283c-4523-ad6e-ef6c03c22c27/userFiles-ed4d2066-2b83-4cc0-8394-049b4001f956/org.apache.commons_commons-pool2-2.11.1.jar to class loader default
[2025-10-29T03:09:45.239+0700] {subprocess.py:93} INFO - 25/10/29 03:09:45 INFO Executor: Fetching spark://dfeadd712fc3:41541/jars/commons-logging_commons-logging-1.1.3.jar with timestamp 1761682184104
[2025-10-29T03:09:45.240+0700] {subprocess.py:93} INFO - 25/10/29 03:09:45 INFO Utils: Fetching spark://dfeadd712fc3:41541/jars/commons-logging_commons-logging-1.1.3.jar to /tmp/spark-80185ce8-283c-4523-ad6e-ef6c03c22c27/userFiles-ed4d2066-2b83-4cc0-8394-049b4001f956/fetchFileTemp4228361033966641700.tmp
[2025-10-29T03:09:45.253+0700] {subprocess.py:93} INFO - 25/10/29 03:09:45 INFO Utils: /tmp/spark-80185ce8-283c-4523-ad6e-ef6c03c22c27/userFiles-ed4d2066-2b83-4cc0-8394-049b4001f956/fetchFileTemp4228361033966641700.tmp has been previously copied to /tmp/spark-80185ce8-283c-4523-ad6e-ef6c03c22c27/userFiles-ed4d2066-2b83-4cc0-8394-049b4001f956/commons-logging_commons-logging-1.1.3.jar
[2025-10-29T03:09:45.257+0700] {subprocess.py:93} INFO - 25/10/29 03:09:45 INFO Executor: Adding file:/tmp/spark-80185ce8-283c-4523-ad6e-ef6c03c22c27/userFiles-ed4d2066-2b83-4cc0-8394-049b4001f956/commons-logging_commons-logging-1.1.3.jar to class loader default
[2025-10-29T03:09:45.257+0700] {subprocess.py:93} INFO - 25/10/29 03:09:45 INFO Executor: Fetching spark://dfeadd712fc3:41541/jars/org.apache.hadoop_hadoop-client-api-3.3.4.jar with timestamp 1761682184104
[2025-10-29T03:09:45.257+0700] {subprocess.py:93} INFO - 25/10/29 03:09:45 INFO Utils: Fetching spark://dfeadd712fc3:41541/jars/org.apache.hadoop_hadoop-client-api-3.3.4.jar to /tmp/spark-80185ce8-283c-4523-ad6e-ef6c03c22c27/userFiles-ed4d2066-2b83-4cc0-8394-049b4001f956/fetchFileTemp1087351337362417470.tmp
[2025-10-29T03:09:45.333+0700] {subprocess.py:93} INFO - 25/10/29 03:09:45 INFO Utils: /tmp/spark-80185ce8-283c-4523-ad6e-ef6c03c22c27/userFiles-ed4d2066-2b83-4cc0-8394-049b4001f956/fetchFileTemp1087351337362417470.tmp has been previously copied to /tmp/spark-80185ce8-283c-4523-ad6e-ef6c03c22c27/userFiles-ed4d2066-2b83-4cc0-8394-049b4001f956/org.apache.hadoop_hadoop-client-api-3.3.4.jar
[2025-10-29T03:09:45.339+0700] {subprocess.py:93} INFO - 25/10/29 03:09:45 INFO Executor: Adding file:/tmp/spark-80185ce8-283c-4523-ad6e-ef6c03c22c27/userFiles-ed4d2066-2b83-4cc0-8394-049b4001f956/org.apache.hadoop_hadoop-client-api-3.3.4.jar to class loader default
[2025-10-29T03:09:45.339+0700] {subprocess.py:93} INFO - 25/10/29 03:09:45 INFO Executor: Fetching spark://dfeadd712fc3:41541/jars/org.apache.hadoop_hadoop-client-runtime-3.3.4.jar with timestamp 1761682184104
[2025-10-29T03:09:45.340+0700] {subprocess.py:93} INFO - 25/10/29 03:09:45 INFO Utils: Fetching spark://dfeadd712fc3:41541/jars/org.apache.hadoop_hadoop-client-runtime-3.3.4.jar to /tmp/spark-80185ce8-283c-4523-ad6e-ef6c03c22c27/userFiles-ed4d2066-2b83-4cc0-8394-049b4001f956/fetchFileTemp8010658739670973010.tmp
[2025-10-29T03:09:45.492+0700] {subprocess.py:93} INFO - 25/10/29 03:09:45 INFO Utils: /tmp/spark-80185ce8-283c-4523-ad6e-ef6c03c22c27/userFiles-ed4d2066-2b83-4cc0-8394-049b4001f956/fetchFileTemp8010658739670973010.tmp has been previously copied to /tmp/spark-80185ce8-283c-4523-ad6e-ef6c03c22c27/userFiles-ed4d2066-2b83-4cc0-8394-049b4001f956/org.apache.hadoop_hadoop-client-runtime-3.3.4.jar
[2025-10-29T03:09:45.499+0700] {subprocess.py:93} INFO - 25/10/29 03:09:45 INFO Executor: Adding file:/tmp/spark-80185ce8-283c-4523-ad6e-ef6c03c22c27/userFiles-ed4d2066-2b83-4cc0-8394-049b4001f956/org.apache.hadoop_hadoop-client-runtime-3.3.4.jar to class loader default
[2025-10-29T03:09:45.499+0700] {subprocess.py:93} INFO - 25/10/29 03:09:45 INFO Executor: Fetching spark://dfeadd712fc3:41541/jars/org.xerial.snappy_snappy-java-1.1.10.3.jar with timestamp 1761682184104
[2025-10-29T03:09:45.499+0700] {subprocess.py:93} INFO - 25/10/29 03:09:45 INFO Utils: Fetching spark://dfeadd712fc3:41541/jars/org.xerial.snappy_snappy-java-1.1.10.3.jar to /tmp/spark-80185ce8-283c-4523-ad6e-ef6c03c22c27/userFiles-ed4d2066-2b83-4cc0-8394-049b4001f956/fetchFileTemp17169819023131542703.tmp
[2025-10-29T03:09:45.503+0700] {subprocess.py:93} INFO - 25/10/29 03:09:45 INFO Utils: /tmp/spark-80185ce8-283c-4523-ad6e-ef6c03c22c27/userFiles-ed4d2066-2b83-4cc0-8394-049b4001f956/fetchFileTemp17169819023131542703.tmp has been previously copied to /tmp/spark-80185ce8-283c-4523-ad6e-ef6c03c22c27/userFiles-ed4d2066-2b83-4cc0-8394-049b4001f956/org.xerial.snappy_snappy-java-1.1.10.3.jar
[2025-10-29T03:09:45.514+0700] {subprocess.py:93} INFO - 25/10/29 03:09:45 INFO Executor: Adding file:/tmp/spark-80185ce8-283c-4523-ad6e-ef6c03c22c27/userFiles-ed4d2066-2b83-4cc0-8394-049b4001f956/org.xerial.snappy_snappy-java-1.1.10.3.jar to class loader default
[2025-10-29T03:09:45.514+0700] {subprocess.py:93} INFO - 25/10/29 03:09:45 INFO Executor: Fetching spark://dfeadd712fc3:41541/jars/org.lz4_lz4-java-1.8.0.jar with timestamp 1761682184104
[2025-10-29T03:09:45.515+0700] {subprocess.py:93} INFO - 25/10/29 03:09:45 INFO Utils: Fetching spark://dfeadd712fc3:41541/jars/org.lz4_lz4-java-1.8.0.jar to /tmp/spark-80185ce8-283c-4523-ad6e-ef6c03c22c27/userFiles-ed4d2066-2b83-4cc0-8394-049b4001f956/fetchFileTemp6157206644240585810.tmp
[2025-10-29T03:09:45.516+0700] {subprocess.py:93} INFO - 25/10/29 03:09:45 INFO Utils: /tmp/spark-80185ce8-283c-4523-ad6e-ef6c03c22c27/userFiles-ed4d2066-2b83-4cc0-8394-049b4001f956/fetchFileTemp6157206644240585810.tmp has been previously copied to /tmp/spark-80185ce8-283c-4523-ad6e-ef6c03c22c27/userFiles-ed4d2066-2b83-4cc0-8394-049b4001f956/org.lz4_lz4-java-1.8.0.jar
[2025-10-29T03:09:45.520+0700] {subprocess.py:93} INFO - 25/10/29 03:09:45 INFO Executor: Adding file:/tmp/spark-80185ce8-283c-4523-ad6e-ef6c03c22c27/userFiles-ed4d2066-2b83-4cc0-8394-049b4001f956/org.lz4_lz4-java-1.8.0.jar to class loader default
[2025-10-29T03:09:45.521+0700] {subprocess.py:93} INFO - 25/10/29 03:09:45 INFO Executor: Fetching spark://dfeadd712fc3:41541/jars/org.postgresql_postgresql-42.6.0.jar with timestamp 1761682184104
[2025-10-29T03:09:45.521+0700] {subprocess.py:93} INFO - 25/10/29 03:09:45 INFO Utils: Fetching spark://dfeadd712fc3:41541/jars/org.postgresql_postgresql-42.6.0.jar to /tmp/spark-80185ce8-283c-4523-ad6e-ef6c03c22c27/userFiles-ed4d2066-2b83-4cc0-8394-049b4001f956/fetchFileTemp15042487729923952161.tmp
[2025-10-29T03:09:45.523+0700] {subprocess.py:93} INFO - 25/10/29 03:09:45 INFO Utils: /tmp/spark-80185ce8-283c-4523-ad6e-ef6c03c22c27/userFiles-ed4d2066-2b83-4cc0-8394-049b4001f956/fetchFileTemp15042487729923952161.tmp has been previously copied to /tmp/spark-80185ce8-283c-4523-ad6e-ef6c03c22c27/userFiles-ed4d2066-2b83-4cc0-8394-049b4001f956/org.postgresql_postgresql-42.6.0.jar
[2025-10-29T03:09:45.527+0700] {subprocess.py:93} INFO - 25/10/29 03:09:45 INFO Executor: Adding file:/tmp/spark-80185ce8-283c-4523-ad6e-ef6c03c22c27/userFiles-ed4d2066-2b83-4cc0-8394-049b4001f956/org.postgresql_postgresql-42.6.0.jar to class loader default
[2025-10-29T03:09:45.528+0700] {subprocess.py:93} INFO - 25/10/29 03:09:45 INFO Executor: Fetching spark://dfeadd712fc3:41541/jars/com.google.code.findbugs_jsr305-3.0.0.jar with timestamp 1761682184104
[2025-10-29T03:09:45.528+0700] {subprocess.py:93} INFO - 25/10/29 03:09:45 INFO Utils: Fetching spark://dfeadd712fc3:41541/jars/com.google.code.findbugs_jsr305-3.0.0.jar to /tmp/spark-80185ce8-283c-4523-ad6e-ef6c03c22c27/userFiles-ed4d2066-2b83-4cc0-8394-049b4001f956/fetchFileTemp3871369067737037288.tmp
[2025-10-29T03:09:45.529+0700] {subprocess.py:93} INFO - 25/10/29 03:09:45 INFO Utils: /tmp/spark-80185ce8-283c-4523-ad6e-ef6c03c22c27/userFiles-ed4d2066-2b83-4cc0-8394-049b4001f956/fetchFileTemp3871369067737037288.tmp has been previously copied to /tmp/spark-80185ce8-283c-4523-ad6e-ef6c03c22c27/userFiles-ed4d2066-2b83-4cc0-8394-049b4001f956/com.google.code.findbugs_jsr305-3.0.0.jar
[2025-10-29T03:09:45.532+0700] {subprocess.py:93} INFO - 25/10/29 03:09:45 INFO Executor: Adding file:/tmp/spark-80185ce8-283c-4523-ad6e-ef6c03c22c27/userFiles-ed4d2066-2b83-4cc0-8394-049b4001f956/com.google.code.findbugs_jsr305-3.0.0.jar to class loader default
[2025-10-29T03:09:45.532+0700] {subprocess.py:93} INFO - 25/10/29 03:09:45 INFO Executor: Fetching spark://dfeadd712fc3:41541/jars/org.apache.spark_spark-token-provider-kafka-0-10_2.12-3.5.1.jar with timestamp 1761682184104
[2025-10-29T03:09:45.533+0700] {subprocess.py:93} INFO - 25/10/29 03:09:45 INFO Utils: Fetching spark://dfeadd712fc3:41541/jars/org.apache.spark_spark-token-provider-kafka-0-10_2.12-3.5.1.jar to /tmp/spark-80185ce8-283c-4523-ad6e-ef6c03c22c27/userFiles-ed4d2066-2b83-4cc0-8394-049b4001f956/fetchFileTemp13734017183457041750.tmp
[2025-10-29T03:09:45.533+0700] {subprocess.py:93} INFO - 25/10/29 03:09:45 INFO Utils: /tmp/spark-80185ce8-283c-4523-ad6e-ef6c03c22c27/userFiles-ed4d2066-2b83-4cc0-8394-049b4001f956/fetchFileTemp13734017183457041750.tmp has been previously copied to /tmp/spark-80185ce8-283c-4523-ad6e-ef6c03c22c27/userFiles-ed4d2066-2b83-4cc0-8394-049b4001f956/org.apache.spark_spark-token-provider-kafka-0-10_2.12-3.5.1.jar
[2025-10-29T03:09:45.537+0700] {subprocess.py:93} INFO - 25/10/29 03:09:45 INFO Executor: Adding file:/tmp/spark-80185ce8-283c-4523-ad6e-ef6c03c22c27/userFiles-ed4d2066-2b83-4cc0-8394-049b4001f956/org.apache.spark_spark-token-provider-kafka-0-10_2.12-3.5.1.jar to class loader default
[2025-10-29T03:09:45.537+0700] {subprocess.py:93} INFO - 25/10/29 03:09:45 INFO Executor: Fetching spark://dfeadd712fc3:41541/jars/org.apache.kafka_kafka-clients-3.4.1.jar with timestamp 1761682184104
[2025-10-29T03:09:45.537+0700] {subprocess.py:93} INFO - 25/10/29 03:09:45 INFO Utils: Fetching spark://dfeadd712fc3:41541/jars/org.apache.kafka_kafka-clients-3.4.1.jar to /tmp/spark-80185ce8-283c-4523-ad6e-ef6c03c22c27/userFiles-ed4d2066-2b83-4cc0-8394-049b4001f956/fetchFileTemp9987537393550074959.tmp
[2025-10-29T03:09:45.550+0700] {subprocess.py:93} INFO - 25/10/29 03:09:45 INFO Utils: /tmp/spark-80185ce8-283c-4523-ad6e-ef6c03c22c27/userFiles-ed4d2066-2b83-4cc0-8394-049b4001f956/fetchFileTemp9987537393550074959.tmp has been previously copied to /tmp/spark-80185ce8-283c-4523-ad6e-ef6c03c22c27/userFiles-ed4d2066-2b83-4cc0-8394-049b4001f956/org.apache.kafka_kafka-clients-3.4.1.jar
[2025-10-29T03:09:45.558+0700] {subprocess.py:93} INFO - 25/10/29 03:09:45 INFO Executor: Adding file:/tmp/spark-80185ce8-283c-4523-ad6e-ef6c03c22c27/userFiles-ed4d2066-2b83-4cc0-8394-049b4001f956/org.apache.kafka_kafka-clients-3.4.1.jar to class loader default
[2025-10-29T03:09:45.573+0700] {subprocess.py:93} INFO - 25/10/29 03:09:45 INFO Utils: Successfully started service 'org.apache.spark.network.netty.NettyBlockTransferService' on port 44235.
[2025-10-29T03:09:45.573+0700] {subprocess.py:93} INFO - 25/10/29 03:09:45 INFO NettyBlockTransferService: Server created on dfeadd712fc3:44235
[2025-10-29T03:09:45.575+0700] {subprocess.py:93} INFO - 25/10/29 03:09:45 INFO BlockManager: Using org.apache.spark.storage.RandomBlockReplicationPolicy for block replication policy
[2025-10-29T03:09:45.583+0700] {subprocess.py:93} INFO - 25/10/29 03:09:45 INFO BlockManagerMaster: Registering BlockManager BlockManagerId(driver, dfeadd712fc3, 44235, None)
[2025-10-29T03:09:45.586+0700] {subprocess.py:93} INFO - 25/10/29 03:09:45 INFO BlockManagerMasterEndpoint: Registering block manager dfeadd712fc3:44235 with 434.4 MiB RAM, BlockManagerId(driver, dfeadd712fc3, 44235, None)
[2025-10-29T03:09:45.588+0700] {subprocess.py:93} INFO - 25/10/29 03:09:45 INFO BlockManagerMaster: Registered BlockManager BlockManagerId(driver, dfeadd712fc3, 44235, None)
[2025-10-29T03:09:45.590+0700] {subprocess.py:93} INFO - 25/10/29 03:09:45 INFO BlockManager: Initialized BlockManager: BlockManagerId(driver, dfeadd712fc3, 44235, None)
[2025-10-29T03:09:48.333+0700] {subprocess.py:93} INFO - 25/10/29 03:09:48 WARN ResolveWriteToStream: spark.sql.adaptive.enabled is not supported in streaming DataFrames/Datasets and will be disabled.
[2025-10-29T03:09:48.488+0700] {subprocess.py:93} INFO - 🚀 Streaming job started — đang lắng nghe dữ liệu từ Kafka...
[2025-10-29T03:09:48.617+0700] {subprocess.py:93} INFO - 25/10/29 03:09:48 WARN AdminClientConfig: These configurations '[key.deserializer, value.deserializer, enable.auto.commit, max.poll.records, auto.offset.reset]' were supplied but are not used yet.
[2025-10-29T03:09:50.470+0700] {subprocess.py:93} INFO - [Batch 0] ⚠️ Không có dữ liệu mới.
[2025-10-29T03:09:52.150+0700] {subprocess.py:93} INFO - 25/10/29 03:09:52 WARN KafkaDataConsumer: KafkaDataConsumer is not running in UninterruptibleThread. It may hang when KafkaDataConsumer's methods are interrupted because of KAFKA-1894
[2025-10-29T03:09:52.856+0700] {subprocess.py:93} INFO - 25/10/29 03:09:52 WARN KafkaDataConsumer: KafkaDataConsumer is not running in UninterruptibleThread. It may hang when KafkaDataConsumer's methods are interrupted because of KAFKA-1894
[2025-10-29T03:09:52.857+0700] {subprocess.py:93} INFO - 25/10/29 03:09:52 WARN KafkaDataConsumer: KafkaDataConsumer is not running in UninterruptibleThread. It may hang when KafkaDataConsumer's methods are interrupted because of KAFKA-1894
[2025-10-29T03:09:52.857+0700] {subprocess.py:93} INFO - 25/10/29 03:09:52 WARN KafkaDataConsumer: KafkaDataConsumer is not running in UninterruptibleThread. It may hang when KafkaDataConsumer's methods are interrupted because of KAFKA-1894
[2025-10-29T03:09:55.330+0700] {subprocess.py:93} INFO - There was a problem when trying to write in your cache folder (/home/***/.cache/huggingface/hub). You should set the environment variable TRANSFORMERS_CACHE to a writable directory.
[2025-10-29T03:09:55.922+0700] {subprocess.py:93} INFO - 25/10/29 03:09:55 ERROR Executor: Exception in task 0.0 in stage 2.0 (TID 1)
[2025-10-29T03:09:55.923+0700] {subprocess.py:93} INFO - org.apache.spark.api.python.PythonException: Traceback (most recent call last):
[2025-10-29T03:09:55.923+0700] {subprocess.py:93} INFO -   File "/opt/***/projects/absa_streaming/scripts/consumer_postgres_streaming.py", line 73, in absa_infer_udf
[2025-10-29T03:09:55.923+0700] {subprocess.py:93} INFO -     _tokenizer = AutoTokenizer.from_pretrained(MODEL_NAME, use_fast=True)
[2025-10-29T03:09:55.924+0700] {subprocess.py:93} INFO -                  ^^^^^^^^^^^^^^^^^^^^^^^^^^^^^^^^^^^^^^^^^^^^^^^^^^^^^^^^
[2025-10-29T03:09:55.924+0700] {subprocess.py:93} INFO -   File "/home/***/.local/lib/python3.12/site-packages/transformers/models/auto/tokenization_auto.py", line 817, in from_pretrained
[2025-10-29T03:09:55.924+0700] {subprocess.py:93} INFO -     tokenizer_config = get_tokenizer_config(pretrained_model_name_or_path, **kwargs)
[2025-10-29T03:09:55.925+0700] {subprocess.py:93} INFO -                        ^^^^^^^^^^^^^^^^^^^^^^^^^^^^^^^^^^^^^^^^^^^^^^^^^^^^^^^^^^^^^
[2025-10-29T03:09:55.925+0700] {subprocess.py:93} INFO -   File "/home/***/.local/lib/python3.12/site-packages/transformers/models/auto/tokenization_auto.py", line 649, in get_tokenizer_config
[2025-10-29T03:09:55.925+0700] {subprocess.py:93} INFO -     resolved_config_file = cached_file(
[2025-10-29T03:09:55.926+0700] {subprocess.py:93} INFO -                            ^^^^^^^^^^^^
[2025-10-29T03:09:55.926+0700] {subprocess.py:93} INFO -   File "/home/***/.local/lib/python3.12/site-packages/transformers/utils/hub.py", line 462, in cached_file
[2025-10-29T03:09:55.926+0700] {subprocess.py:93} INFO -     except HFValidationError as e:
[2025-10-29T03:09:55.926+0700] {subprocess.py:93} INFO -   File "/home/***/.local/lib/python3.12/site-packages/huggingface_hub/utils/_validators.py", line 114, in _inner_fn
[2025-10-29T03:09:55.927+0700] {subprocess.py:93} INFO -     return fn(*args, **kwargs)
[2025-10-29T03:09:55.927+0700] {subprocess.py:93} INFO -            ^^^^^^^^^^^^^^^^^^^
[2025-10-29T03:09:55.927+0700] {subprocess.py:93} INFO -   File "/home/***/.local/lib/python3.12/site-packages/huggingface_hub/file_download.py", line 1007, in hf_hub_download
[2025-10-29T03:09:55.928+0700] {subprocess.py:93} INFO -     return _hf_hub_download_to_cache_dir(
[2025-10-29T03:09:55.928+0700] {subprocess.py:93} INFO -            ^^^^^^^^^^^^^^^^^^^^^^^^^^^^^^
[2025-10-29T03:09:55.928+0700] {subprocess.py:93} INFO -   File "/home/***/.local/lib/python3.12/site-packages/huggingface_hub/file_download.py", line 1124, in _hf_hub_download_to_cache_dir
[2025-10-29T03:09:55.928+0700] {subprocess.py:93} INFO -     os.makedirs(os.path.dirname(blob_path), exist_ok=True)
[2025-10-29T03:09:55.929+0700] {subprocess.py:93} INFO -   File "<frozen os>", line 216, in makedirs
[2025-10-29T03:09:55.929+0700] {subprocess.py:93} INFO -   File "<frozen os>", line 216, in makedirs
[2025-10-29T03:09:55.929+0700] {subprocess.py:93} INFO -   File "<frozen os>", line 216, in makedirs
[2025-10-29T03:09:55.929+0700] {subprocess.py:93} INFO -   File "<frozen os>", line 230, in makedirs
[2025-10-29T03:09:55.930+0700] {subprocess.py:93} INFO - PermissionError: [Errno 13] Permission denied: '/home/***/.cache/huggingface'
[2025-10-29T03:09:55.930+0700] {subprocess.py:93} INFO - 
[2025-10-29T03:09:55.930+0700] {subprocess.py:93} INFO - 	at org.apache.spark.api.python.BasePythonRunner$ReaderIterator.handlePythonException(PythonRunner.scala:572)
[2025-10-29T03:09:55.930+0700] {subprocess.py:93} INFO - 	at org.apache.spark.sql.execution.python.PythonArrowOutput$$anon$1.read(PythonArrowOutput.scala:118)
[2025-10-29T03:09:55.931+0700] {subprocess.py:93} INFO - 	at org.apache.spark.api.python.BasePythonRunner$ReaderIterator.hasNext(PythonRunner.scala:525)
[2025-10-29T03:09:55.931+0700] {subprocess.py:93} INFO - 	at org.apache.spark.InterruptibleIterator.hasNext(InterruptibleIterator.scala:37)
[2025-10-29T03:09:55.931+0700] {subprocess.py:93} INFO - 	at scala.collection.Iterator$$anon$11.hasNext(Iterator.scala:491)
[2025-10-29T03:09:55.931+0700] {subprocess.py:93} INFO - 	at scala.collection.Iterator$$anon$10.hasNext(Iterator.scala:460)
[2025-10-29T03:09:55.932+0700] {subprocess.py:93} INFO - 	at scala.collection.Iterator$$anon$10.hasNext(Iterator.scala:460)
[2025-10-29T03:09:55.932+0700] {subprocess.py:93} INFO - 	at org.apache.spark.sql.catalyst.expressions.GeneratedClass$GeneratedIteratorForCodegenStage1.hashAgg_doAggregateWithoutKey_0$(Unknown Source)
[2025-10-29T03:09:55.932+0700] {subprocess.py:93} INFO - 	at org.apache.spark.sql.catalyst.expressions.GeneratedClass$GeneratedIteratorForCodegenStage1.processNext(Unknown Source)
[2025-10-29T03:09:55.932+0700] {subprocess.py:93} INFO - 	at org.apache.spark.sql.execution.BufferedRowIterator.hasNext(BufferedRowIterator.java:43)
[2025-10-29T03:09:55.932+0700] {subprocess.py:93} INFO - 	at org.apache.spark.sql.execution.WholeStageCodegenEvaluatorFactory$WholeStageCodegenPartitionEvaluator$$anon$1.hasNext(WholeStageCodegenEvaluatorFactory.scala:43)
[2025-10-29T03:09:55.933+0700] {subprocess.py:93} INFO - 	at scala.collection.Iterator$$anon$10.hasNext(Iterator.scala:460)
[2025-10-29T03:09:55.933+0700] {subprocess.py:93} INFO - 	at org.apache.spark.shuffle.sort.BypassMergeSortShuffleWriter.write(BypassMergeSortShuffleWriter.java:140)
[2025-10-29T03:09:55.933+0700] {subprocess.py:93} INFO - 	at org.apache.spark.shuffle.ShuffleWriteProcessor.write(ShuffleWriteProcessor.scala:59)
[2025-10-29T03:09:55.934+0700] {subprocess.py:93} INFO - 	at org.apache.spark.scheduler.ShuffleMapTask.runTask(ShuffleMapTask.scala:104)
[2025-10-29T03:09:55.934+0700] {subprocess.py:93} INFO - 	at org.apache.spark.scheduler.ShuffleMapTask.runTask(ShuffleMapTask.scala:54)
[2025-10-29T03:09:55.934+0700] {subprocess.py:93} INFO - 	at org.apache.spark.TaskContext.runTaskWithListeners(TaskContext.scala:166)
[2025-10-29T03:09:55.935+0700] {subprocess.py:93} INFO - 	at org.apache.spark.scheduler.Task.run(Task.scala:141)
[2025-10-29T03:09:55.935+0700] {subprocess.py:93} INFO - 	at org.apache.spark.executor.Executor$TaskRunner.$anonfun$run$4(Executor.scala:620)
[2025-10-29T03:09:55.935+0700] {subprocess.py:93} INFO - 	at org.apache.spark.util.SparkErrorUtils.tryWithSafeFinally(SparkErrorUtils.scala:64)
[2025-10-29T03:09:55.935+0700] {subprocess.py:93} INFO - 	at org.apache.spark.util.SparkErrorUtils.tryWithSafeFinally$(SparkErrorUtils.scala:61)
[2025-10-29T03:09:55.936+0700] {subprocess.py:93} INFO - 	at org.apache.spark.util.Utils$.tryWithSafeFinally(Utils.scala:94)
[2025-10-29T03:09:55.936+0700] {subprocess.py:93} INFO - 	at org.apache.spark.executor.Executor$TaskRunner.run(Executor.scala:623)
[2025-10-29T03:09:55.936+0700] {subprocess.py:93} INFO - 	at java.base/java.util.concurrent.ThreadPoolExecutor.runWorker(ThreadPoolExecutor.java:1136)
[2025-10-29T03:09:55.937+0700] {subprocess.py:93} INFO - 	at java.base/java.util.concurrent.ThreadPoolExecutor$Worker.run(ThreadPoolExecutor.java:635)
[2025-10-29T03:09:55.937+0700] {subprocess.py:93} INFO - 	at java.base/java.lang.Thread.run(Thread.java:840)
[2025-10-29T03:09:55.947+0700] {subprocess.py:93} INFO - 25/10/29 03:09:55 WARN TaskSetManager: Lost task 0.0 in stage 2.0 (TID 1) (dfeadd712fc3 executor driver): org.apache.spark.api.python.PythonException: Traceback (most recent call last):
[2025-10-29T03:09:55.948+0700] {subprocess.py:93} INFO -   File "/opt/***/projects/absa_streaming/scripts/consumer_postgres_streaming.py", line 73, in absa_infer_udf
[2025-10-29T03:09:55.948+0700] {subprocess.py:93} INFO -     _tokenizer = AutoTokenizer.from_pretrained(MODEL_NAME, use_fast=True)
[2025-10-29T03:09:55.949+0700] {subprocess.py:93} INFO -                  ^^^^^^^^^^^^^^^^^^^^^^^^^^^^^^^^^^^^^^^^^^^^^^^^^^^^^^^^
[2025-10-29T03:09:55.949+0700] {subprocess.py:93} INFO -   File "/home/***/.local/lib/python3.12/site-packages/transformers/models/auto/tokenization_auto.py", line 817, in from_pretrained
[2025-10-29T03:09:55.950+0700] {subprocess.py:93} INFO -     tokenizer_config = get_tokenizer_config(pretrained_model_name_or_path, **kwargs)
[2025-10-29T03:09:55.950+0700] {subprocess.py:93} INFO -                        ^^^^^^^^^^^^^^^^^^^^^^^^^^^^^^^^^^^^^^^^^^^^^^^^^^^^^^^^^^^^^
[2025-10-29T03:09:55.950+0700] {subprocess.py:93} INFO -   File "/home/***/.local/lib/python3.12/site-packages/transformers/models/auto/tokenization_auto.py", line 649, in get_tokenizer_config
[2025-10-29T03:09:55.951+0700] {subprocess.py:93} INFO -     resolved_config_file = cached_file(
[2025-10-29T03:09:55.951+0700] {subprocess.py:93} INFO -                            ^^^^^^^^^^^^
[2025-10-29T03:09:55.951+0700] {subprocess.py:93} INFO -   File "/home/***/.local/lib/python3.12/site-packages/transformers/utils/hub.py", line 462, in cached_file
[2025-10-29T03:09:55.952+0700] {subprocess.py:93} INFO -     except HFValidationError as e:
[2025-10-29T03:09:55.952+0700] {subprocess.py:93} INFO -   File "/home/***/.local/lib/python3.12/site-packages/huggingface_hub/utils/_validators.py", line 114, in _inner_fn
[2025-10-29T03:09:55.952+0700] {subprocess.py:93} INFO -     return fn(*args, **kwargs)
[2025-10-29T03:09:55.953+0700] {subprocess.py:93} INFO -            ^^^^^^^^^^^^^^^^^^^
[2025-10-29T03:09:55.953+0700] {subprocess.py:93} INFO -   File "/home/***/.local/lib/python3.12/site-packages/huggingface_hub/file_download.py", line 1007, in hf_hub_download
[2025-10-29T03:09:55.953+0700] {subprocess.py:93} INFO -     return _hf_hub_download_to_cache_dir(
[2025-10-29T03:09:55.954+0700] {subprocess.py:93} INFO -            ^^^^^^^^^^^^^^^^^^^^^^^^^^^^^^
[2025-10-29T03:09:55.954+0700] {subprocess.py:93} INFO -   File "/home/***/.local/lib/python3.12/site-packages/huggingface_hub/file_download.py", line 1124, in _hf_hub_download_to_cache_dir
[2025-10-29T03:09:55.954+0700] {subprocess.py:93} INFO -     os.makedirs(os.path.dirname(blob_path), exist_ok=True)
[2025-10-29T03:09:55.955+0700] {subprocess.py:93} INFO -   File "<frozen os>", line 216, in makedirs
[2025-10-29T03:09:55.955+0700] {subprocess.py:93} INFO -   File "<frozen os>", line 216, in makedirs
[2025-10-29T03:09:55.955+0700] {subprocess.py:93} INFO -   File "<frozen os>", line 216, in makedirs
[2025-10-29T03:09:55.956+0700] {subprocess.py:93} INFO -   File "<frozen os>", line 230, in makedirs
[2025-10-29T03:09:55.956+0700] {subprocess.py:93} INFO - PermissionError: [Errno 13] Permission denied: '/home/***/.cache/huggingface'
[2025-10-29T03:09:55.956+0700] {subprocess.py:93} INFO - 
[2025-10-29T03:09:55.956+0700] {subprocess.py:93} INFO - 	at org.apache.spark.api.python.BasePythonRunner$ReaderIterator.handlePythonException(PythonRunner.scala:572)
[2025-10-29T03:09:55.958+0700] {subprocess.py:93} INFO - 	at org.apache.spark.sql.execution.python.PythonArrowOutput$$anon$1.read(PythonArrowOutput.scala:118)
[2025-10-29T03:09:55.958+0700] {subprocess.py:93} INFO - 	at org.apache.spark.api.python.BasePythonRunner$ReaderIterator.hasNext(PythonRunner.scala:525)
[2025-10-29T03:09:55.958+0700] {subprocess.py:93} INFO - 	at org.apache.spark.InterruptibleIterator.hasNext(InterruptibleIterator.scala:37)
[2025-10-29T03:09:55.959+0700] {subprocess.py:93} INFO - 	at scala.collection.Iterator$$anon$11.hasNext(Iterator.scala:491)
[2025-10-29T03:09:55.959+0700] {subprocess.py:93} INFO - 	at scala.collection.Iterator$$anon$10.hasNext(Iterator.scala:460)
[2025-10-29T03:09:55.959+0700] {subprocess.py:93} INFO - 	at scala.collection.Iterator$$anon$10.hasNext(Iterator.scala:460)
[2025-10-29T03:09:55.960+0700] {subprocess.py:93} INFO - 	at org.apache.spark.sql.catalyst.expressions.GeneratedClass$GeneratedIteratorForCodegenStage1.hashAgg_doAggregateWithoutKey_0$(Unknown Source)
[2025-10-29T03:09:55.960+0700] {subprocess.py:93} INFO - 	at org.apache.spark.sql.catalyst.expressions.GeneratedClass$GeneratedIteratorForCodegenStage1.processNext(Unknown Source)
[2025-10-29T03:09:55.960+0700] {subprocess.py:93} INFO - 	at org.apache.spark.sql.execution.BufferedRowIterator.hasNext(BufferedRowIterator.java:43)
[2025-10-29T03:09:55.961+0700] {subprocess.py:93} INFO - 	at org.apache.spark.sql.execution.WholeStageCodegenEvaluatorFactory$WholeStageCodegenPartitionEvaluator$$anon$1.hasNext(WholeStageCodegenEvaluatorFactory.scala:43)
[2025-10-29T03:09:55.961+0700] {subprocess.py:93} INFO - 	at scala.collection.Iterator$$anon$10.hasNext(Iterator.scala:460)
[2025-10-29T03:09:55.961+0700] {subprocess.py:93} INFO - 	at org.apache.spark.shuffle.sort.BypassMergeSortShuffleWriter.write(BypassMergeSortShuffleWriter.java:140)
[2025-10-29T03:09:55.962+0700] {subprocess.py:93} INFO - 	at org.apache.spark.shuffle.ShuffleWriteProcessor.write(ShuffleWriteProcessor.scala:59)
[2025-10-29T03:09:55.962+0700] {subprocess.py:93} INFO - 	at org.apache.spark.scheduler.ShuffleMapTask.runTask(ShuffleMapTask.scala:104)
[2025-10-29T03:09:55.962+0700] {subprocess.py:93} INFO - 	at org.apache.spark.scheduler.ShuffleMapTask.runTask(ShuffleMapTask.scala:54)
[2025-10-29T03:09:55.963+0700] {subprocess.py:93} INFO - 	at org.apache.spark.TaskContext.runTaskWithListeners(TaskContext.scala:166)
[2025-10-29T03:09:55.964+0700] {subprocess.py:93} INFO - 	at org.apache.spark.scheduler.Task.run(Task.scala:141)
[2025-10-29T03:09:55.964+0700] {subprocess.py:93} INFO - 	at org.apache.spark.executor.Executor$TaskRunner.$anonfun$run$4(Executor.scala:620)
[2025-10-29T03:09:55.964+0700] {subprocess.py:93} INFO - 	at org.apache.spark.util.SparkErrorUtils.tryWithSafeFinally(SparkErrorUtils.scala:64)
[2025-10-29T03:09:55.965+0700] {subprocess.py:93} INFO - 	at org.apache.spark.util.SparkErrorUtils.tryWithSafeFinally$(SparkErrorUtils.scala:61)
[2025-10-29T03:09:55.965+0700] {subprocess.py:93} INFO - 	at org.apache.spark.util.Utils$.tryWithSafeFinally(Utils.scala:94)
[2025-10-29T03:09:55.966+0700] {subprocess.py:93} INFO - 	at org.apache.spark.executor.Executor$TaskRunner.run(Executor.scala:623)
[2025-10-29T03:09:55.966+0700] {subprocess.py:93} INFO - 	at java.base/java.util.concurrent.ThreadPoolExecutor.runWorker(ThreadPoolExecutor.java:1136)
[2025-10-29T03:09:55.966+0700] {subprocess.py:93} INFO - 	at java.base/java.util.concurrent.ThreadPoolExecutor$Worker.run(ThreadPoolExecutor.java:635)
[2025-10-29T03:09:55.967+0700] {subprocess.py:93} INFO - 	at java.base/java.lang.Thread.run(Thread.java:840)
[2025-10-29T03:09:55.967+0700] {subprocess.py:93} INFO - 
[2025-10-29T03:09:55.967+0700] {subprocess.py:93} INFO - 25/10/29 03:09:55 ERROR TaskSetManager: Task 0 in stage 2.0 failed 1 times; aborting job
[2025-10-29T03:09:56.062+0700] {subprocess.py:93} INFO - 25/10/29 03:09:56 ERROR MicroBatchExecution: Query [id = cd1e17ac-9e1a-48b7-abd4-cd0f8e455a94, runId = 697d23f1-0736-420f-a918-44ccf04d8939] terminated with error
[2025-10-29T03:09:56.062+0700] {subprocess.py:93} INFO - py4j.Py4JException: An exception was raised by the Python Proxy. Return Message: Traceback (most recent call last):
[2025-10-29T03:09:56.063+0700] {subprocess.py:93} INFO -   File "/home/***/.local/lib/python3.12/site-packages/pyspark/python/lib/py4j-0.10.9.7-src.zip/py4j/clientserver.py", line 617, in _call_proxy
[2025-10-29T03:09:56.063+0700] {subprocess.py:93} INFO -     return_value = getattr(self.pool[obj_id], method)(*params)
[2025-10-29T03:09:56.064+0700] {subprocess.py:93} INFO -                    ^^^^^^^^^^^^^^^^^^^^^^^^^^^^^^^^^^^^^^^^^^^
[2025-10-29T03:09:56.064+0700] {subprocess.py:93} INFO -   File "/home/***/.local/lib/python3.12/site-packages/pyspark/python/lib/pyspark.zip/pyspark/sql/utils.py", line 120, in call
[2025-10-29T03:09:56.065+0700] {subprocess.py:93} INFO -     raise e
[2025-10-29T03:09:56.065+0700] {subprocess.py:93} INFO -   File "/home/***/.local/lib/python3.12/site-packages/pyspark/python/lib/pyspark.zip/pyspark/sql/utils.py", line 117, in call
[2025-10-29T03:09:56.065+0700] {subprocess.py:93} INFO -     self.func(DataFrame(jdf, wrapped_session_jdf), batch_id)
[2025-10-29T03:09:56.065+0700] {subprocess.py:93} INFO -   File "/opt/***/projects/absa_streaming/scripts/consumer_postgres_streaming.py", line 125, in write_to_postgres
[2025-10-29T03:09:56.066+0700] {subprocess.py:93} INFO -     total_rows = batch_df.count()
[2025-10-29T03:09:56.066+0700] {subprocess.py:93} INFO -                  ^^^^^^^^^^^^^^^^
[2025-10-29T03:09:56.066+0700] {subprocess.py:93} INFO -   File "/home/***/.local/lib/python3.12/site-packages/pyspark/python/lib/pyspark.zip/pyspark/sql/dataframe.py", line 1238, in count
[2025-10-29T03:09:56.066+0700] {subprocess.py:93} INFO -     return int(self._jdf.count())
[2025-10-29T03:09:56.067+0700] {subprocess.py:93} INFO -                ^^^^^^^^^^^^^^^^^
[2025-10-29T03:09:56.067+0700] {subprocess.py:93} INFO -   File "/home/***/.local/lib/python3.12/site-packages/pyspark/python/lib/py4j-0.10.9.7-src.zip/py4j/java_gateway.py", line 1322, in __call__
[2025-10-29T03:09:56.067+0700] {subprocess.py:93} INFO -     return_value = get_return_value(
[2025-10-29T03:09:56.067+0700] {subprocess.py:93} INFO -                    ^^^^^^^^^^^^^^^^^
[2025-10-29T03:09:56.068+0700] {subprocess.py:93} INFO -   File "/home/***/.local/lib/python3.12/site-packages/pyspark/python/lib/pyspark.zip/pyspark/errors/exceptions/captured.py", line 185, in deco
[2025-10-29T03:09:56.068+0700] {subprocess.py:93} INFO -     raise converted from None
[2025-10-29T03:09:56.068+0700] {subprocess.py:93} INFO - pyspark.errors.exceptions.captured.PythonException:
[2025-10-29T03:09:56.069+0700] {subprocess.py:93} INFO -   An exception was thrown from the Python worker. Please see the stack trace below.
[2025-10-29T03:09:56.069+0700] {subprocess.py:93} INFO - Traceback (most recent call last):
[2025-10-29T03:09:56.069+0700] {subprocess.py:93} INFO -   File "/opt/***/projects/absa_streaming/scripts/consumer_postgres_streaming.py", line 73, in absa_infer_udf
[2025-10-29T03:09:56.069+0700] {subprocess.py:93} INFO -     _tokenizer = AutoTokenizer.from_pretrained(MODEL_NAME, use_fast=True)
[2025-10-29T03:09:56.069+0700] {subprocess.py:93} INFO -                  ^^^^^^^^^^^^^^^^^^^^^^^^^^^^^^^^^^^^^^^^^^^^^^^^^^^^^^^^
[2025-10-29T03:09:56.070+0700] {subprocess.py:93} INFO -   File "/home/***/.local/lib/python3.12/site-packages/transformers/models/auto/tokenization_auto.py", line 817, in from_pretrained
[2025-10-29T03:09:56.070+0700] {subprocess.py:93} INFO -     tokenizer_config = get_tokenizer_config(pretrained_model_name_or_path, **kwargs)
[2025-10-29T03:09:56.070+0700] {subprocess.py:93} INFO -                        ^^^^^^^^^^^^^^^^^^^^^^^^^^^^^^^^^^^^^^^^^^^^^^^^^^^^^^^^^^^^^
[2025-10-29T03:09:56.070+0700] {subprocess.py:93} INFO -   File "/home/***/.local/lib/python3.12/site-packages/transformers/models/auto/tokenization_auto.py", line 649, in get_tokenizer_config
[2025-10-29T03:09:56.070+0700] {subprocess.py:93} INFO -     resolved_config_file = cached_file(
[2025-10-29T03:09:56.071+0700] {subprocess.py:93} INFO -                            ^^^^^^^^^^^^
[2025-10-29T03:09:56.071+0700] {subprocess.py:93} INFO -   File "/home/***/.local/lib/python3.12/site-packages/transformers/utils/hub.py", line 462, in cached_file
[2025-10-29T03:09:56.071+0700] {subprocess.py:93} INFO -     except HFValidationError as e:
[2025-10-29T03:09:56.071+0700] {subprocess.py:93} INFO -   File "/home/***/.local/lib/python3.12/site-packages/huggingface_hub/utils/_validators.py", line 114, in _inner_fn
[2025-10-29T03:09:56.071+0700] {subprocess.py:93} INFO -     return fn(*args, **kwargs)
[2025-10-29T03:09:56.071+0700] {subprocess.py:93} INFO -            ^^^^^^^^^^^^^^^^^^^
[2025-10-29T03:09:56.071+0700] {subprocess.py:93} INFO -   File "/home/***/.local/lib/python3.12/site-packages/huggingface_hub/file_download.py", line 1007, in hf_hub_download
[2025-10-29T03:09:56.072+0700] {subprocess.py:93} INFO -     return _hf_hub_download_to_cache_dir(
[2025-10-29T03:09:56.072+0700] {subprocess.py:93} INFO -            ^^^^^^^^^^^^^^^^^^^^^^^^^^^^^^
[2025-10-29T03:09:56.072+0700] {subprocess.py:93} INFO -   File "/home/***/.local/lib/python3.12/site-packages/huggingface_hub/file_download.py", line 1124, in _hf_hub_download_to_cache_dir
[2025-10-29T03:09:56.072+0700] {subprocess.py:93} INFO -     os.makedirs(os.path.dirname(blob_path), exist_ok=True)
[2025-10-29T03:09:56.072+0700] {subprocess.py:93} INFO -   File "<frozen os>", line 216, in makedirs
[2025-10-29T03:09:56.072+0700] {subprocess.py:93} INFO -   File "<frozen os>", line 216, in makedirs
[2025-10-29T03:09:56.073+0700] {subprocess.py:93} INFO -   File "<frozen os>", line 216, in makedirs
[2025-10-29T03:09:56.073+0700] {subprocess.py:93} INFO -   File "<frozen os>", line 230, in makedirs
[2025-10-29T03:09:56.073+0700] {subprocess.py:93} INFO - PermissionError: [Errno 13] Permission denied: '/home/***/.cache/huggingface'
[2025-10-29T03:09:56.073+0700] {subprocess.py:93} INFO - 
[2025-10-29T03:09:56.073+0700] {subprocess.py:93} INFO - 
[2025-10-29T03:09:56.073+0700] {subprocess.py:93} INFO - 	at py4j.Protocol.getReturnValue(Protocol.java:476)
[2025-10-29T03:09:56.073+0700] {subprocess.py:93} INFO - 	at py4j.reflection.PythonProxyHandler.invoke(PythonProxyHandler.java:108)
[2025-10-29T03:09:56.074+0700] {subprocess.py:93} INFO - 	at jdk.proxy3/jdk.proxy3.$Proxy32.call(Unknown Source)
[2025-10-29T03:09:56.074+0700] {subprocess.py:93} INFO - 	at org.apache.spark.sql.execution.streaming.sources.PythonForeachBatchHelper$.$anonfun$callForeachBatch$1(ForeachBatchSink.scala:53)
[2025-10-29T03:09:56.074+0700] {subprocess.py:93} INFO - 	at org.apache.spark.sql.execution.streaming.sources.PythonForeachBatchHelper$.$anonfun$callForeachBatch$1$adapted(ForeachBatchSink.scala:53)
[2025-10-29T03:09:56.074+0700] {subprocess.py:93} INFO - 	at org.apache.spark.sql.execution.streaming.sources.ForeachBatchSink.addBatch(ForeachBatchSink.scala:34)
[2025-10-29T03:09:56.074+0700] {subprocess.py:93} INFO - 	at org.apache.spark.sql.execution.streaming.MicroBatchExecution.$anonfun$runBatch$17(MicroBatchExecution.scala:732)
[2025-10-29T03:09:56.074+0700] {subprocess.py:93} INFO - 	at org.apache.spark.sql.execution.SQLExecution$.$anonfun$withNewExecutionId$6(SQLExecution.scala:125)
[2025-10-29T03:09:56.074+0700] {subprocess.py:93} INFO - 	at org.apache.spark.sql.execution.SQLExecution$.withSQLConfPropagated(SQLExecution.scala:201)
[2025-10-29T03:09:56.075+0700] {subprocess.py:93} INFO - 	at org.apache.spark.sql.execution.SQLExecution$.$anonfun$withNewExecutionId$1(SQLExecution.scala:108)
[2025-10-29T03:09:56.075+0700] {subprocess.py:93} INFO - 	at org.apache.spark.sql.SparkSession.withActive(SparkSession.scala:900)
[2025-10-29T03:09:56.075+0700] {subprocess.py:93} INFO - 	at org.apache.spark.sql.execution.SQLExecution$.withNewExecutionId(SQLExecution.scala:66)
[2025-10-29T03:09:56.075+0700] {subprocess.py:93} INFO - 	at org.apache.spark.sql.execution.streaming.MicroBatchExecution.$anonfun$runBatch$16(MicroBatchExecution.scala:729)
[2025-10-29T03:09:56.075+0700] {subprocess.py:93} INFO - 	at org.apache.spark.sql.execution.streaming.ProgressReporter.reportTimeTaken(ProgressReporter.scala:427)
[2025-10-29T03:09:56.075+0700] {subprocess.py:93} INFO - 	at org.apache.spark.sql.execution.streaming.ProgressReporter.reportTimeTaken$(ProgressReporter.scala:425)
[2025-10-29T03:09:56.075+0700] {subprocess.py:93} INFO - 	at org.apache.spark.sql.execution.streaming.StreamExecution.reportTimeTaken(StreamExecution.scala:67)
[2025-10-29T03:09:56.076+0700] {subprocess.py:93} INFO - 	at org.apache.spark.sql.execution.streaming.MicroBatchExecution.runBatch(MicroBatchExecution.scala:729)
[2025-10-29T03:09:56.076+0700] {subprocess.py:93} INFO - 	at org.apache.spark.sql.execution.streaming.MicroBatchExecution.$anonfun$runActivatedStream$2(MicroBatchExecution.scala:286)
[2025-10-29T03:09:56.076+0700] {subprocess.py:93} INFO - 	at scala.runtime.java8.JFunction0$mcV$sp.apply(JFunction0$mcV$sp.java:23)
[2025-10-29T03:09:56.076+0700] {subprocess.py:93} INFO - 	at org.apache.spark.sql.execution.streaming.ProgressReporter.reportTimeTaken(ProgressReporter.scala:427)
[2025-10-29T03:09:56.077+0700] {subprocess.py:93} INFO - 	at org.apache.spark.sql.execution.streaming.ProgressReporter.reportTimeTaken$(ProgressReporter.scala:425)
[2025-10-29T03:09:56.077+0700] {subprocess.py:93} INFO - 	at org.apache.spark.sql.execution.streaming.StreamExecution.reportTimeTaken(StreamExecution.scala:67)
[2025-10-29T03:09:56.078+0700] {subprocess.py:93} INFO - 	at org.apache.spark.sql.execution.streaming.MicroBatchExecution.$anonfun$runActivatedStream$1(MicroBatchExecution.scala:249)
[2025-10-29T03:09:56.078+0700] {subprocess.py:93} INFO - 	at org.apache.spark.sql.execution.streaming.ProcessingTimeExecutor.execute(TriggerExecutor.scala:67)
[2025-10-29T03:09:56.078+0700] {subprocess.py:93} INFO - 	at org.apache.spark.sql.execution.streaming.MicroBatchExecution.runActivatedStream(MicroBatchExecution.scala:239)
[2025-10-29T03:09:56.078+0700] {subprocess.py:93} INFO - 	at org.apache.spark.sql.execution.streaming.StreamExecution.$anonfun$runStream$1(StreamExecution.scala:311)
[2025-10-29T03:09:56.079+0700] {subprocess.py:93} INFO - 	at scala.runtime.java8.JFunction0$mcV$sp.apply(JFunction0$mcV$sp.java:23)
[2025-10-29T03:09:56.079+0700] {subprocess.py:93} INFO - 	at org.apache.spark.sql.SparkSession.withActive(SparkSession.scala:900)
[2025-10-29T03:09:56.079+0700] {subprocess.py:93} INFO - 	at org.apache.spark.sql.execution.streaming.StreamExecution.org$apache$spark$sql$execution$streaming$StreamExecution$$runStream(StreamExecution.scala:289)
[2025-10-29T03:09:56.079+0700] {subprocess.py:93} INFO - 	at org.apache.spark.sql.execution.streaming.StreamExecution$$anon$1.$anonfun$run$1(StreamExecution.scala:211)
[2025-10-29T03:09:56.080+0700] {subprocess.py:93} INFO - 	at scala.runtime.java8.JFunction0$mcV$sp.apply(JFunction0$mcV$sp.java:23)
[2025-10-29T03:09:56.080+0700] {subprocess.py:93} INFO - 	at org.apache.spark.JobArtifactSet$.withActiveJobArtifactState(JobArtifactSet.scala:94)
[2025-10-29T03:09:56.080+0700] {subprocess.py:93} INFO - 	at org.apache.spark.sql.execution.streaming.StreamExecution$$anon$1.run(StreamExecution.scala:211)
[2025-10-29T03:09:56.148+0700] {subprocess.py:93} INFO - Traceback (most recent call last):
[2025-10-29T03:09:56.149+0700] {subprocess.py:93} INFO -   File "/opt/***/projects/absa_streaming/scripts/consumer_postgres_streaming.py", line 175, in <module>
[2025-10-29T03:09:56.149+0700] {subprocess.py:93} INFO -     query.awaitTermination()
[2025-10-29T03:09:56.149+0700] {subprocess.py:93} INFO -   File "/home/***/.local/lib/python3.12/site-packages/pyspark/python/lib/pyspark.zip/pyspark/sql/streaming/query.py", line 221, in awaitTermination
[2025-10-29T03:09:56.149+0700] {subprocess.py:93} INFO -   File "/home/***/.local/lib/python3.12/site-packages/pyspark/python/lib/py4j-0.10.9.7-src.zip/py4j/java_gateway.py", line 1322, in __call__
[2025-10-29T03:09:56.149+0700] {subprocess.py:93} INFO -   File "/home/***/.local/lib/python3.12/site-packages/pyspark/python/lib/pyspark.zip/pyspark/errors/exceptions/captured.py", line 185, in deco
[2025-10-29T03:09:56.154+0700] {subprocess.py:93} INFO - pyspark.errors.exceptions.captured.StreamingQueryException: [STREAM_FAILED] Query [id = cd1e17ac-9e1a-48b7-abd4-cd0f8e455a94, runId = 697d23f1-0736-420f-a918-44ccf04d8939] terminated with exception: An exception was raised by the Python Proxy. Return Message: Traceback (most recent call last):
[2025-10-29T03:09:56.154+0700] {subprocess.py:93} INFO -   File "/home/***/.local/lib/python3.12/site-packages/pyspark/python/lib/py4j-0.10.9.7-src.zip/py4j/clientserver.py", line 617, in _call_proxy
[2025-10-29T03:09:56.154+0700] {subprocess.py:93} INFO -     return_value = getattr(self.pool[obj_id], method)(*params)
[2025-10-29T03:09:56.155+0700] {subprocess.py:93} INFO -                    ^^^^^^^^^^^^^^^^^^^^^^^^^^^^^^^^^^^^^^^^^^^
[2025-10-29T03:09:56.155+0700] {subprocess.py:93} INFO -   File "/home/***/.local/lib/python3.12/site-packages/pyspark/python/lib/pyspark.zip/pyspark/sql/utils.py", line 120, in call
[2025-10-29T03:09:56.155+0700] {subprocess.py:93} INFO -     raise e
[2025-10-29T03:09:56.155+0700] {subprocess.py:93} INFO -   File "/home/***/.local/lib/python3.12/site-packages/pyspark/python/lib/pyspark.zip/pyspark/sql/utils.py", line 117, in call
[2025-10-29T03:09:56.155+0700] {subprocess.py:93} INFO -     self.func(DataFrame(jdf, wrapped_session_jdf), batch_id)
[2025-10-29T03:09:56.156+0700] {subprocess.py:93} INFO -   File "/opt/***/projects/absa_streaming/scripts/consumer_postgres_streaming.py", line 125, in write_to_postgres
[2025-10-29T03:09:56.156+0700] {subprocess.py:93} INFO -     total_rows = batch_df.count()
[2025-10-29T03:09:56.156+0700] {subprocess.py:93} INFO -                  ^^^^^^^^^^^^^^^^
[2025-10-29T03:09:56.156+0700] {subprocess.py:93} INFO -   File "/home/***/.local/lib/python3.12/site-packages/pyspark/python/lib/pyspark.zip/pyspark/sql/dataframe.py", line 1238, in count
[2025-10-29T03:09:56.156+0700] {subprocess.py:93} INFO -     return int(self._jdf.count())
[2025-10-29T03:09:56.157+0700] {subprocess.py:93} INFO -                ^^^^^^^^^^^^^^^^^
[2025-10-29T03:09:56.157+0700] {subprocess.py:93} INFO -   File "/home/***/.local/lib/python3.12/site-packages/pyspark/python/lib/py4j-0.10.9.7-src.zip/py4j/java_gateway.py", line 1322, in __call__
[2025-10-29T03:09:56.157+0700] {subprocess.py:93} INFO -     return_value = get_return_value(
[2025-10-29T03:09:56.157+0700] {subprocess.py:93} INFO -                    ^^^^^^^^^^^^^^^^^
[2025-10-29T03:09:56.157+0700] {subprocess.py:93} INFO -   File "/home/***/.local/lib/python3.12/site-packages/pyspark/python/lib/pyspark.zip/pyspark/errors/exceptions/captured.py", line 185, in deco
[2025-10-29T03:09:56.157+0700] {subprocess.py:93} INFO -     raise converted from None
[2025-10-29T03:09:56.157+0700] {subprocess.py:93} INFO - pyspark.errors.exceptions.captured.PythonException:
[2025-10-29T03:09:56.158+0700] {subprocess.py:93} INFO -   An exception was thrown from the Python worker. Please see the stack trace below.
[2025-10-29T03:09:56.158+0700] {subprocess.py:93} INFO - Traceback (most recent call last):
[2025-10-29T03:09:56.158+0700] {subprocess.py:93} INFO -   File "/opt/***/projects/absa_streaming/scripts/consumer_postgres_streaming.py", line 73, in absa_infer_udf
[2025-10-29T03:09:56.158+0700] {subprocess.py:93} INFO -     _tokenizer = AutoTokenizer.from_pretrained(MODEL_NAME, use_fast=True)
[2025-10-29T03:09:56.158+0700] {subprocess.py:93} INFO -                  ^^^^^^^^^^^^^^^^^^^^^^^^^^^^^^^^^^^^^^^^^^^^^^^^^^^^^^^^
[2025-10-29T03:09:56.159+0700] {subprocess.py:93} INFO -   File "/home/***/.local/lib/python3.12/site-packages/transformers/models/auto/tokenization_auto.py", line 817, in from_pretrained
[2025-10-29T03:09:56.159+0700] {subprocess.py:93} INFO -     tokenizer_config = get_tokenizer_config(pretrained_model_name_or_path, **kwargs)
[2025-10-29T03:09:56.159+0700] {subprocess.py:93} INFO -                        ^^^^^^^^^^^^^^^^^^^^^^^^^^^^^^^^^^^^^^^^^^^^^^^^^^^^^^^^^^^^^
[2025-10-29T03:09:56.159+0700] {subprocess.py:93} INFO -   File "/home/***/.local/lib/python3.12/site-packages/transformers/models/auto/tokenization_auto.py", line 649, in get_tokenizer_config
[2025-10-29T03:09:56.159+0700] {subprocess.py:93} INFO -     resolved_config_file = cached_file(
[2025-10-29T03:09:56.160+0700] {subprocess.py:93} INFO -                            ^^^^^^^^^^^^
[2025-10-29T03:09:56.160+0700] {subprocess.py:93} INFO -   File "/home/***/.local/lib/python3.12/site-packages/transformers/utils/hub.py", line 462, in cached_file
[2025-10-29T03:09:56.160+0700] {subprocess.py:93} INFO -     except HFValidationError as e:
[2025-10-29T03:09:56.160+0700] {subprocess.py:93} INFO -   File "/home/***/.local/lib/python3.12/site-packages/huggingface_hub/utils/_validators.py", line 114, in _inner_fn
[2025-10-29T03:09:56.160+0700] {subprocess.py:93} INFO -     return fn(*args, **kwargs)
[2025-10-29T03:09:56.161+0700] {subprocess.py:93} INFO -            ^^^^^^^^^^^^^^^^^^^
[2025-10-29T03:09:56.161+0700] {subprocess.py:93} INFO -   File "/home/***/.local/lib/python3.12/site-packages/huggingface_hub/file_download.py", line 1007, in hf_hub_download
[2025-10-29T03:09:56.161+0700] {subprocess.py:93} INFO -     return _hf_hub_download_to_cache_dir(
[2025-10-29T03:09:56.161+0700] {subprocess.py:93} INFO -            ^^^^^^^^^^^^^^^^^^^^^^^^^^^^^^
[2025-10-29T03:09:56.162+0700] {subprocess.py:93} INFO -   File "/home/***/.local/lib/python3.12/site-packages/huggingface_hub/file_download.py", line 1124, in _hf_hub_download_to_cache_dir
[2025-10-29T03:09:56.162+0700] {subprocess.py:93} INFO -     os.makedirs(os.path.dirname(blob_path), exist_ok=True)
[2025-10-29T03:09:56.162+0700] {subprocess.py:93} INFO -   File "<frozen os>", line 216, in makedirs
[2025-10-29T03:09:56.162+0700] {subprocess.py:93} INFO -   File "<frozen os>", line 216, in makedirs
[2025-10-29T03:09:56.162+0700] {subprocess.py:93} INFO -   File "<frozen os>", line 216, in makedirs
[2025-10-29T03:09:56.163+0700] {subprocess.py:93} INFO -   File "<frozen os>", line 230, in makedirs
[2025-10-29T03:09:56.163+0700] {subprocess.py:93} INFO - PermissionError: [Errno 13] Permission denied: '/home/***/.cache/huggingface'
[2025-10-29T03:09:56.163+0700] {subprocess.py:93} INFO - 
[2025-10-29T03:09:56.163+0700] {subprocess.py:93} INFO - 
[2025-10-29T03:09:57.538+0700] {subprocess.py:97} INFO - Command exited with return code 1
[2025-10-29T03:09:57.539+0700] {taskinstance.py:441} INFO - ::group::Post task execution logs
[2025-10-29T03:09:57.547+0700] {taskinstance.py:2890} ERROR - Task failed with exception
Traceback (most recent call last):
  File "/home/airflow/.local/lib/python3.12/site-packages/airflow/models/taskinstance.py", line 460, in _execute_task
    result = _execute_callable(context=context, **execute_callable_kwargs)
             ^^^^^^^^^^^^^^^^^^^^^^^^^^^^^^^^^^^^^^^^^^^^^^^^^^^^^^^^^^^^^
  File "/home/airflow/.local/lib/python3.12/site-packages/airflow/models/taskinstance.py", line 432, in _execute_callable
    return execute_callable(context=context, **execute_callable_kwargs)
           ^^^^^^^^^^^^^^^^^^^^^^^^^^^^^^^^^^^^^^^^^^^^^^^^^^^^^^^^^^^^
  File "/home/airflow/.local/lib/python3.12/site-packages/airflow/models/baseoperator.py", line 400, in wrapper
    return func(self, *args, **kwargs)
           ^^^^^^^^^^^^^^^^^^^^^^^^^^^
  File "/home/airflow/.local/lib/python3.12/site-packages/airflow/operators/bash.py", line 243, in execute
    raise AirflowException(
airflow.exceptions.AirflowException: Bash command failed. The command returned a non-zero exit code 1.
[2025-10-29T03:09:57.551+0700] {taskinstance.py:1205} INFO - Marking task as UP_FOR_RETRY. dag_id=absa_streaming_lifecycle_demo1, task_id=deploy_consumer, execution_date=20251028T200718, start_date=20251028T200936, end_date=20251028T200957
[2025-10-29T03:09:57.578+0700] {standard_task_runner.py:110} ERROR - Failed to execute job 7 for task deploy_consumer (Bash command failed. The command returned a non-zero exit code 1.; 572)
[2025-10-29T03:09:57.627+0700] {local_task_job_runner.py:240} INFO - Task exited with return code 1
[2025-10-29T03:09:57.643+0700] {taskinstance.py:3482} INFO - 0 downstream tasks scheduled from follow-on schedule check
[2025-10-29T03:09:57.660+0700] {local_task_job_runner.py:222} INFO - ::endgroup::
