[2025-10-29T03:14:18.661+0700] {local_task_job_runner.py:120} INFO - ::group::Pre task execution logs
[2025-10-29T03:14:18.690+0700] {taskinstance.py:2073} INFO - Dependencies all met for dep_context=non-requeueable deps ti=<TaskInstance: absa_streaming_lifecycle_demo1.deploy_consumer manual__2025-10-28T20:07:18.155316+00:00 [queued]>
[2025-10-29T03:14:18.699+0700] {taskinstance.py:2073} INFO - Dependencies all met for dep_context=requeueable deps ti=<TaskInstance: absa_streaming_lifecycle_demo1.deploy_consumer manual__2025-10-28T20:07:18.155316+00:00 [queued]>
[2025-10-29T03:14:18.700+0700] {taskinstance.py:2303} INFO - Starting attempt 4 of 6
[2025-10-29T03:14:18.715+0700] {taskinstance.py:2327} INFO - Executing <Task(BashOperator): deploy_consumer> on 2025-10-28 20:07:18.155316+00:00
[2025-10-29T03:14:18.727+0700] {warnings.py:110} WARNING - /home/***/.local/lib/python3.12/site-packages/***/task/task_runner/standard_task_runner.py:61: DeprecationWarning: This process (pid=2446) is multi-threaded, use of fork() may lead to deadlocks in the child.
  pid = os.fork()

[2025-10-29T03:14:18.728+0700] {standard_task_runner.py:63} INFO - Started process 2478 to run task
[2025-10-29T03:14:18.728+0700] {standard_task_runner.py:90} INFO - Running: ['***', 'tasks', 'run', 'absa_streaming_lifecycle_demo1', 'deploy_consumer', 'manual__2025-10-28T20:07:18.155316+00:00', '--job-id', '12', '--raw', '--subdir', 'DAGS_FOLDER/absa_streaming_lifecycle_dag1.py', '--cfg-path', '/tmp/tmpducvm19r']
[2025-10-29T03:14:18.730+0700] {standard_task_runner.py:91} INFO - Job 12: Subtask deploy_consumer
[2025-10-29T03:14:18.768+0700] {task_command.py:426} INFO - Running <TaskInstance: absa_streaming_lifecycle_demo1.deploy_consumer manual__2025-10-28T20:07:18.155316+00:00 [running]> on host dfeadd712fc3
[2025-10-29T03:14:18.863+0700] {taskinstance.py:2644} INFO - Exporting env vars: AIRFLOW_CTX_DAG_OWNER='***' AIRFLOW_CTX_DAG_ID='absa_streaming_lifecycle_demo1' AIRFLOW_CTX_TASK_ID='deploy_consumer' AIRFLOW_CTX_EXECUTION_DATE='2025-10-28T20:07:18.155316+00:00' AIRFLOW_CTX_TRY_NUMBER='4' AIRFLOW_CTX_DAG_RUN_ID='manual__2025-10-28T20:07:18.155316+00:00'
[2025-10-29T03:14:18.865+0700] {taskinstance.py:430} INFO - ::endgroup::
[2025-10-29T03:14:18.866+0700] {subprocess.py:63} INFO - Tmp dir root location: /tmp
[2025-10-29T03:14:18.867+0700] {subprocess.py:75} INFO - Running command: ['/usr/bin/bash', '-c', 'bash -c "timeout 45m /opt/***/projects/absa_streaming/scripts/run_consumer.sh"']
[2025-10-29T03:14:18.884+0700] {subprocess.py:86} INFO - Output:
[2025-10-29T03:14:18.890+0700] {subprocess.py:93} INFO - [Consumer] Starting Spark Structured Streaming job...
[2025-10-29T03:14:18.942+0700] {subprocess.py:93} INFO - /home/***/.local/lib/python3.12/site-packages/pyspark/bin/load-spark-env.sh: line 68: ps: command not found
[2025-10-29T03:14:19.851+0700] {subprocess.py:93} INFO - :: loading settings :: url = jar:file:/home/***/.local/lib/python3.12/site-packages/pyspark/jars/ivy-2.5.1.jar!/org/apache/ivy/core/settings/ivysettings.xml
[2025-10-29T03:14:19.922+0700] {subprocess.py:93} INFO - Ivy Default Cache set to: /home/***/.ivy2/cache
[2025-10-29T03:14:19.923+0700] {subprocess.py:93} INFO - The jars for the packages stored in: /home/***/.ivy2/jars
[2025-10-29T03:14:19.928+0700] {subprocess.py:93} INFO - org.apache.spark#spark-sql-kafka-0-10_2.12 added as a dependency
[2025-10-29T03:14:19.929+0700] {subprocess.py:93} INFO - org.postgresql#postgresql added as a dependency
[2025-10-29T03:14:19.929+0700] {subprocess.py:93} INFO - :: resolving dependencies :: org.apache.spark#spark-submit-parent-ecd42fb3-8f1f-45f9-943d-3af2013d8873;1.0
[2025-10-29T03:14:19.930+0700] {subprocess.py:93} INFO - 	confs: [default]
[2025-10-29T03:14:20.090+0700] {subprocess.py:93} INFO - 	found org.apache.spark#spark-sql-kafka-0-10_2.12;3.5.1 in central
[2025-10-29T03:14:20.138+0700] {subprocess.py:93} INFO - 	found org.apache.spark#spark-token-provider-kafka-0-10_2.12;3.5.1 in central
[2025-10-29T03:14:20.161+0700] {subprocess.py:93} INFO - 	found org.apache.kafka#kafka-clients;3.4.1 in central
[2025-10-29T03:14:20.180+0700] {subprocess.py:93} INFO - 	found org.lz4#lz4-java;1.8.0 in central
[2025-10-29T03:14:20.197+0700] {subprocess.py:93} INFO - 	found org.xerial.snappy#snappy-java;1.1.10.3 in central
[2025-10-29T03:14:20.215+0700] {subprocess.py:93} INFO - 	found org.slf4j#slf4j-api;2.0.7 in central
[2025-10-29T03:14:20.236+0700] {subprocess.py:93} INFO - 	found org.apache.hadoop#hadoop-client-runtime;3.3.4 in central
[2025-10-29T03:14:20.256+0700] {subprocess.py:93} INFO - 	found org.apache.hadoop#hadoop-client-api;3.3.4 in central
[2025-10-29T03:14:20.275+0700] {subprocess.py:93} INFO - 	found commons-logging#commons-logging;1.1.3 in central
[2025-10-29T03:14:20.289+0700] {subprocess.py:93} INFO - 	found com.google.code.findbugs#jsr305;3.0.0 in central
[2025-10-29T03:14:20.301+0700] {subprocess.py:93} INFO - 	found org.apache.commons#commons-pool2;2.11.1 in central
[2025-10-29T03:14:20.313+0700] {subprocess.py:93} INFO - 	found org.postgresql#postgresql;42.6.0 in central
[2025-10-29T03:14:20.321+0700] {subprocess.py:93} INFO - 	found org.checkerframework#checker-qual;3.31.0 in central
[2025-10-29T03:14:20.347+0700] {subprocess.py:93} INFO - :: resolution report :: resolve 403ms :: artifacts dl 15ms
[2025-10-29T03:14:20.348+0700] {subprocess.py:93} INFO - 	:: modules in use:
[2025-10-29T03:14:20.348+0700] {subprocess.py:93} INFO - 	com.google.code.findbugs#jsr305;3.0.0 from central in [default]
[2025-10-29T03:14:20.348+0700] {subprocess.py:93} INFO - 	commons-logging#commons-logging;1.1.3 from central in [default]
[2025-10-29T03:14:20.348+0700] {subprocess.py:93} INFO - 	org.apache.commons#commons-pool2;2.11.1 from central in [default]
[2025-10-29T03:14:20.348+0700] {subprocess.py:93} INFO - 	org.apache.hadoop#hadoop-client-api;3.3.4 from central in [default]
[2025-10-29T03:14:20.348+0700] {subprocess.py:93} INFO - 	org.apache.hadoop#hadoop-client-runtime;3.3.4 from central in [default]
[2025-10-29T03:14:20.349+0700] {subprocess.py:93} INFO - 	org.apache.kafka#kafka-clients;3.4.1 from central in [default]
[2025-10-29T03:14:20.349+0700] {subprocess.py:93} INFO - 	org.apache.spark#spark-sql-kafka-0-10_2.12;3.5.1 from central in [default]
[2025-10-29T03:14:20.349+0700] {subprocess.py:93} INFO - 	org.apache.spark#spark-token-provider-kafka-0-10_2.12;3.5.1 from central in [default]
[2025-10-29T03:14:20.349+0700] {subprocess.py:93} INFO - 	org.checkerframework#checker-qual;3.31.0 from central in [default]
[2025-10-29T03:14:20.349+0700] {subprocess.py:93} INFO - 	org.lz4#lz4-java;1.8.0 from central in [default]
[2025-10-29T03:14:20.349+0700] {subprocess.py:93} INFO - 	org.postgresql#postgresql;42.6.0 from central in [default]
[2025-10-29T03:14:20.349+0700] {subprocess.py:93} INFO - 	org.slf4j#slf4j-api;2.0.7 from central in [default]
[2025-10-29T03:14:20.349+0700] {subprocess.py:93} INFO - 	org.xerial.snappy#snappy-java;1.1.10.3 from central in [default]
[2025-10-29T03:14:20.350+0700] {subprocess.py:93} INFO - 	---------------------------------------------------------------------
[2025-10-29T03:14:20.350+0700] {subprocess.py:93} INFO - 	|                  |            modules            ||   artifacts   |
[2025-10-29T03:14:20.350+0700] {subprocess.py:93} INFO - 	|       conf       | number| search|dwnlded|evicted|| number|dwnlded|
[2025-10-29T03:14:20.350+0700] {subprocess.py:93} INFO - 	---------------------------------------------------------------------
[2025-10-29T03:14:20.350+0700] {subprocess.py:93} INFO - 	|      default     |   13  |   0   |   0   |   0   ||   13  |   0   |
[2025-10-29T03:14:20.350+0700] {subprocess.py:93} INFO - 	---------------------------------------------------------------------
[2025-10-29T03:14:20.355+0700] {subprocess.py:93} INFO - :: retrieving :: org.apache.spark#spark-submit-parent-ecd42fb3-8f1f-45f9-943d-3af2013d8873
[2025-10-29T03:14:20.355+0700] {subprocess.py:93} INFO - 	confs: [default]
[2025-10-29T03:14:20.364+0700] {subprocess.py:93} INFO - 	0 artifacts copied, 13 already retrieved (0kB/9ms)
[2025-10-29T03:14:20.522+0700] {subprocess.py:93} INFO - 25/10/29 03:14:20 WARN NativeCodeLoader: Unable to load native-hadoop library for your platform... using builtin-java classes where applicable
[2025-10-29T03:14:23.902+0700] {subprocess.py:93} INFO - There was a problem when trying to write in your cache folder (/home/***/.cache/huggingface/hub). You should set the environment variable TRANSFORMERS_CACHE to a writable directory.
[2025-10-29T03:14:24.040+0700] {subprocess.py:93} INFO - 25/10/29 03:14:24 INFO SparkContext: Running Spark version 3.5.1
[2025-10-29T03:14:24.040+0700] {subprocess.py:93} INFO - 25/10/29 03:14:24 INFO SparkContext: OS info Linux, 6.14.0-33-generic, amd64
[2025-10-29T03:14:24.040+0700] {subprocess.py:93} INFO - 25/10/29 03:14:24 INFO SparkContext: Java version 17.0.17
[2025-10-29T03:14:24.059+0700] {subprocess.py:93} INFO - 25/10/29 03:14:24 INFO ResourceUtils: ==============================================================
[2025-10-29T03:14:24.059+0700] {subprocess.py:93} INFO - 25/10/29 03:14:24 INFO ResourceUtils: No custom resources configured for spark.driver.
[2025-10-29T03:14:24.060+0700] {subprocess.py:93} INFO - 25/10/29 03:14:24 INFO ResourceUtils: ==============================================================
[2025-10-29T03:14:24.060+0700] {subprocess.py:93} INFO - 25/10/29 03:14:24 INFO SparkContext: Submitted application: Kafka_ABSA_Postgres
[2025-10-29T03:14:24.076+0700] {subprocess.py:93} INFO - 25/10/29 03:14:24 INFO ResourceProfile: Default ResourceProfile created, executor resources: Map(cores -> name: cores, amount: 1, script: , vendor: , memory -> name: memory, amount: 1024, script: , vendor: , offHeap -> name: offHeap, amount: 0, script: , vendor: ), task resources: Map(cpus -> name: cpus, amount: 1.0)
[2025-10-29T03:14:24.083+0700] {subprocess.py:93} INFO - 25/10/29 03:14:24 INFO ResourceProfile: Limiting resource is cpu
[2025-10-29T03:14:24.084+0700] {subprocess.py:93} INFO - 25/10/29 03:14:24 INFO ResourceProfileManager: Added ResourceProfile id: 0
[2025-10-29T03:14:24.129+0700] {subprocess.py:93} INFO - 25/10/29 03:14:24 INFO SecurityManager: Changing view acls to: default
[2025-10-29T03:14:24.129+0700] {subprocess.py:93} INFO - 25/10/29 03:14:24 INFO SecurityManager: Changing modify acls to: default
[2025-10-29T03:14:24.130+0700] {subprocess.py:93} INFO - 25/10/29 03:14:24 INFO SecurityManager: Changing view acls groups to:
[2025-10-29T03:14:24.130+0700] {subprocess.py:93} INFO - 25/10/29 03:14:24 INFO SecurityManager: Changing modify acls groups to:
[2025-10-29T03:14:24.130+0700] {subprocess.py:93} INFO - 25/10/29 03:14:24 INFO SecurityManager: SecurityManager: authentication disabled; ui acls disabled; users with view permissions: default; groups with view permissions: EMPTY; users with modify permissions: default; groups with modify permissions: EMPTY
[2025-10-29T03:14:24.288+0700] {subprocess.py:93} INFO - 25/10/29 03:14:24 INFO Utils: Successfully started service 'sparkDriver' on port 42961.
[2025-10-29T03:14:24.317+0700] {subprocess.py:93} INFO - 25/10/29 03:14:24 INFO SparkEnv: Registering MapOutputTracker
[2025-10-29T03:14:24.343+0700] {subprocess.py:93} INFO - 25/10/29 03:14:24 INFO SparkEnv: Registering BlockManagerMaster
[2025-10-29T03:14:24.354+0700] {subprocess.py:93} INFO - 25/10/29 03:14:24 INFO BlockManagerMasterEndpoint: Using org.apache.spark.storage.DefaultTopologyMapper for getting topology information
[2025-10-29T03:14:24.355+0700] {subprocess.py:93} INFO - 25/10/29 03:14:24 INFO BlockManagerMasterEndpoint: BlockManagerMasterEndpoint up
[2025-10-29T03:14:24.358+0700] {subprocess.py:93} INFO - 25/10/29 03:14:24 INFO SparkEnv: Registering BlockManagerMasterHeartbeat
[2025-10-29T03:14:24.372+0700] {subprocess.py:93} INFO - 25/10/29 03:14:24 INFO DiskBlockManager: Created local directory at /tmp/blockmgr-beed04aa-d0c4-4ba5-b999-58a1714a5e4d
[2025-10-29T03:14:24.383+0700] {subprocess.py:93} INFO - 25/10/29 03:14:24 INFO MemoryStore: MemoryStore started with capacity 434.4 MiB
[2025-10-29T03:14:24.394+0700] {subprocess.py:93} INFO - 25/10/29 03:14:24 INFO SparkEnv: Registering OutputCommitCoordinator
[2025-10-29T03:14:24.485+0700] {subprocess.py:93} INFO - 25/10/29 03:14:24 INFO JettyUtils: Start Jetty 0.0.0.0:4040 for SparkUI
[2025-10-29T03:14:24.521+0700] {subprocess.py:93} INFO - 25/10/29 03:14:24 WARN Utils: Service 'SparkUI' could not bind on port 4040. Attempting port 4041.
[2025-10-29T03:14:24.525+0700] {subprocess.py:93} INFO - 25/10/29 03:14:24 INFO Utils: Successfully started service 'SparkUI' on port 4041.
[2025-10-29T03:14:24.549+0700] {subprocess.py:93} INFO - 25/10/29 03:14:24 INFO SparkContext: Added JAR file:///home/***/.ivy2/jars/org.apache.spark_spark-sql-kafka-0-10_2.12-3.5.1.jar at spark://dfeadd712fc3:42961/jars/org.apache.spark_spark-sql-kafka-0-10_2.12-3.5.1.jar with timestamp 1761682464033
[2025-10-29T03:14:24.549+0700] {subprocess.py:93} INFO - 25/10/29 03:14:24 INFO SparkContext: Added JAR file:///home/***/.ivy2/jars/org.postgresql_postgresql-42.6.0.jar at spark://dfeadd712fc3:42961/jars/org.postgresql_postgresql-42.6.0.jar with timestamp 1761682464033
[2025-10-29T03:14:24.550+0700] {subprocess.py:93} INFO - 25/10/29 03:14:24 INFO SparkContext: Added JAR file:///home/***/.ivy2/jars/org.apache.spark_spark-token-provider-kafka-0-10_2.12-3.5.1.jar at spark://dfeadd712fc3:42961/jars/org.apache.spark_spark-token-provider-kafka-0-10_2.12-3.5.1.jar with timestamp 1761682464033
[2025-10-29T03:14:24.550+0700] {subprocess.py:93} INFO - 25/10/29 03:14:24 INFO SparkContext: Added JAR file:///home/***/.ivy2/jars/org.apache.kafka_kafka-clients-3.4.1.jar at spark://dfeadd712fc3:42961/jars/org.apache.kafka_kafka-clients-3.4.1.jar with timestamp 1761682464033
[2025-10-29T03:14:24.550+0700] {subprocess.py:93} INFO - 25/10/29 03:14:24 INFO SparkContext: Added JAR file:///home/***/.ivy2/jars/com.google.code.findbugs_jsr305-3.0.0.jar at spark://dfeadd712fc3:42961/jars/com.google.code.findbugs_jsr305-3.0.0.jar with timestamp 1761682464033
[2025-10-29T03:14:24.550+0700] {subprocess.py:93} INFO - 25/10/29 03:14:24 INFO SparkContext: Added JAR file:///home/***/.ivy2/jars/org.apache.commons_commons-pool2-2.11.1.jar at spark://dfeadd712fc3:42961/jars/org.apache.commons_commons-pool2-2.11.1.jar with timestamp 1761682464033
[2025-10-29T03:14:24.550+0700] {subprocess.py:93} INFO - 25/10/29 03:14:24 INFO SparkContext: Added JAR file:///home/***/.ivy2/jars/org.apache.hadoop_hadoop-client-runtime-3.3.4.jar at spark://dfeadd712fc3:42961/jars/org.apache.hadoop_hadoop-client-runtime-3.3.4.jar with timestamp 1761682464033
[2025-10-29T03:14:24.550+0700] {subprocess.py:93} INFO - 25/10/29 03:14:24 INFO SparkContext: Added JAR file:///home/***/.ivy2/jars/org.lz4_lz4-java-1.8.0.jar at spark://dfeadd712fc3:42961/jars/org.lz4_lz4-java-1.8.0.jar with timestamp 1761682464033
[2025-10-29T03:14:24.551+0700] {subprocess.py:93} INFO - 25/10/29 03:14:24 INFO SparkContext: Added JAR file:///home/***/.ivy2/jars/org.xerial.snappy_snappy-java-1.1.10.3.jar at spark://dfeadd712fc3:42961/jars/org.xerial.snappy_snappy-java-1.1.10.3.jar with timestamp 1761682464033
[2025-10-29T03:14:24.551+0700] {subprocess.py:93} INFO - 25/10/29 03:14:24 INFO SparkContext: Added JAR file:///home/***/.ivy2/jars/org.slf4j_slf4j-api-2.0.7.jar at spark://dfeadd712fc3:42961/jars/org.slf4j_slf4j-api-2.0.7.jar with timestamp 1761682464033
[2025-10-29T03:14:24.551+0700] {subprocess.py:93} INFO - 25/10/29 03:14:24 INFO SparkContext: Added JAR file:///home/***/.ivy2/jars/org.apache.hadoop_hadoop-client-api-3.3.4.jar at spark://dfeadd712fc3:42961/jars/org.apache.hadoop_hadoop-client-api-3.3.4.jar with timestamp 1761682464033
[2025-10-29T03:14:24.551+0700] {subprocess.py:93} INFO - 25/10/29 03:14:24 INFO SparkContext: Added JAR file:///home/***/.ivy2/jars/commons-logging_commons-logging-1.1.3.jar at spark://dfeadd712fc3:42961/jars/commons-logging_commons-logging-1.1.3.jar with timestamp 1761682464033
[2025-10-29T03:14:24.551+0700] {subprocess.py:93} INFO - 25/10/29 03:14:24 INFO SparkContext: Added JAR file:///home/***/.ivy2/jars/org.checkerframework_checker-qual-3.31.0.jar at spark://dfeadd712fc3:42961/jars/org.checkerframework_checker-qual-3.31.0.jar with timestamp 1761682464033
[2025-10-29T03:14:24.553+0700] {subprocess.py:93} INFO - 25/10/29 03:14:24 INFO SparkContext: Added file file:///home/***/.ivy2/jars/org.apache.spark_spark-sql-kafka-0-10_2.12-3.5.1.jar at file:///home/***/.ivy2/jars/org.apache.spark_spark-sql-kafka-0-10_2.12-3.5.1.jar with timestamp 1761682464033
[2025-10-29T03:14:24.553+0700] {subprocess.py:93} INFO - 25/10/29 03:14:24 INFO Utils: Copying /home/***/.ivy2/jars/org.apache.spark_spark-sql-kafka-0-10_2.12-3.5.1.jar to /tmp/spark-12630ccf-871e-4848-b13d-f90ed42236ed/userFiles-7a1f4c55-197f-4c2b-8325-5ad0afe8dcb5/org.apache.spark_spark-sql-kafka-0-10_2.12-3.5.1.jar
[2025-10-29T03:14:24.562+0700] {subprocess.py:93} INFO - 25/10/29 03:14:24 INFO SparkContext: Added file file:///home/***/.ivy2/jars/org.postgresql_postgresql-42.6.0.jar at file:///home/***/.ivy2/jars/org.postgresql_postgresql-42.6.0.jar with timestamp 1761682464033
[2025-10-29T03:14:24.563+0700] {subprocess.py:93} INFO - 25/10/29 03:14:24 INFO Utils: Copying /home/***/.ivy2/jars/org.postgresql_postgresql-42.6.0.jar to /tmp/spark-12630ccf-871e-4848-b13d-f90ed42236ed/userFiles-7a1f4c55-197f-4c2b-8325-5ad0afe8dcb5/org.postgresql_postgresql-42.6.0.jar
[2025-10-29T03:14:24.567+0700] {subprocess.py:93} INFO - 25/10/29 03:14:24 INFO SparkContext: Added file file:///home/***/.ivy2/jars/org.apache.spark_spark-token-provider-kafka-0-10_2.12-3.5.1.jar at file:///home/***/.ivy2/jars/org.apache.spark_spark-token-provider-kafka-0-10_2.12-3.5.1.jar with timestamp 1761682464033
[2025-10-29T03:14:24.567+0700] {subprocess.py:93} INFO - 25/10/29 03:14:24 INFO Utils: Copying /home/***/.ivy2/jars/org.apache.spark_spark-token-provider-kafka-0-10_2.12-3.5.1.jar to /tmp/spark-12630ccf-871e-4848-b13d-f90ed42236ed/userFiles-7a1f4c55-197f-4c2b-8325-5ad0afe8dcb5/org.apache.spark_spark-token-provider-kafka-0-10_2.12-3.5.1.jar
[2025-10-29T03:14:24.571+0700] {subprocess.py:93} INFO - 25/10/29 03:14:24 INFO SparkContext: Added file file:///home/***/.ivy2/jars/org.apache.kafka_kafka-clients-3.4.1.jar at file:///home/***/.ivy2/jars/org.apache.kafka_kafka-clients-3.4.1.jar with timestamp 1761682464033
[2025-10-29T03:14:24.572+0700] {subprocess.py:93} INFO - 25/10/29 03:14:24 INFO Utils: Copying /home/***/.ivy2/jars/org.apache.kafka_kafka-clients-3.4.1.jar to /tmp/spark-12630ccf-871e-4848-b13d-f90ed42236ed/userFiles-7a1f4c55-197f-4c2b-8325-5ad0afe8dcb5/org.apache.kafka_kafka-clients-3.4.1.jar
[2025-10-29T03:14:24.578+0700] {subprocess.py:93} INFO - 25/10/29 03:14:24 INFO SparkContext: Added file file:///home/***/.ivy2/jars/com.google.code.findbugs_jsr305-3.0.0.jar at file:///home/***/.ivy2/jars/com.google.code.findbugs_jsr305-3.0.0.jar with timestamp 1761682464033
[2025-10-29T03:14:24.579+0700] {subprocess.py:93} INFO - 25/10/29 03:14:24 INFO Utils: Copying /home/***/.ivy2/jars/com.google.code.findbugs_jsr305-3.0.0.jar to /tmp/spark-12630ccf-871e-4848-b13d-f90ed42236ed/userFiles-7a1f4c55-197f-4c2b-8325-5ad0afe8dcb5/com.google.code.findbugs_jsr305-3.0.0.jar
[2025-10-29T03:14:24.582+0700] {subprocess.py:93} INFO - 25/10/29 03:14:24 INFO SparkContext: Added file file:///home/***/.ivy2/jars/org.apache.commons_commons-pool2-2.11.1.jar at file:///home/***/.ivy2/jars/org.apache.commons_commons-pool2-2.11.1.jar with timestamp 1761682464033
[2025-10-29T03:14:24.583+0700] {subprocess.py:93} INFO - 25/10/29 03:14:24 INFO Utils: Copying /home/***/.ivy2/jars/org.apache.commons_commons-pool2-2.11.1.jar to /tmp/spark-12630ccf-871e-4848-b13d-f90ed42236ed/userFiles-7a1f4c55-197f-4c2b-8325-5ad0afe8dcb5/org.apache.commons_commons-pool2-2.11.1.jar
[2025-10-29T03:14:24.586+0700] {subprocess.py:93} INFO - 25/10/29 03:14:24 INFO SparkContext: Added file file:///home/***/.ivy2/jars/org.apache.hadoop_hadoop-client-runtime-3.3.4.jar at file:///home/***/.ivy2/jars/org.apache.hadoop_hadoop-client-runtime-3.3.4.jar with timestamp 1761682464033
[2025-10-29T03:14:24.587+0700] {subprocess.py:93} INFO - 25/10/29 03:14:24 INFO Utils: Copying /home/***/.ivy2/jars/org.apache.hadoop_hadoop-client-runtime-3.3.4.jar to /tmp/spark-12630ccf-871e-4848-b13d-f90ed42236ed/userFiles-7a1f4c55-197f-4c2b-8325-5ad0afe8dcb5/org.apache.hadoop_hadoop-client-runtime-3.3.4.jar
[2025-10-29T03:14:24.606+0700] {subprocess.py:93} INFO - 25/10/29 03:14:24 INFO SparkContext: Added file file:///home/***/.ivy2/jars/org.lz4_lz4-java-1.8.0.jar at file:///home/***/.ivy2/jars/org.lz4_lz4-java-1.8.0.jar with timestamp 1761682464033
[2025-10-29T03:14:24.606+0700] {subprocess.py:93} INFO - 25/10/29 03:14:24 INFO Utils: Copying /home/***/.ivy2/jars/org.lz4_lz4-java-1.8.0.jar to /tmp/spark-12630ccf-871e-4848-b13d-f90ed42236ed/userFiles-7a1f4c55-197f-4c2b-8325-5ad0afe8dcb5/org.lz4_lz4-java-1.8.0.jar
[2025-10-29T03:14:24.611+0700] {subprocess.py:93} INFO - 25/10/29 03:14:24 INFO SparkContext: Added file file:///home/***/.ivy2/jars/org.xerial.snappy_snappy-java-1.1.10.3.jar at file:///home/***/.ivy2/jars/org.xerial.snappy_snappy-java-1.1.10.3.jar with timestamp 1761682464033
[2025-10-29T03:14:24.611+0700] {subprocess.py:93} INFO - 25/10/29 03:14:24 INFO Utils: Copying /home/***/.ivy2/jars/org.xerial.snappy_snappy-java-1.1.10.3.jar to /tmp/spark-12630ccf-871e-4848-b13d-f90ed42236ed/userFiles-7a1f4c55-197f-4c2b-8325-5ad0afe8dcb5/org.xerial.snappy_snappy-java-1.1.10.3.jar
[2025-10-29T03:14:24.615+0700] {subprocess.py:93} INFO - 25/10/29 03:14:24 INFO SparkContext: Added file file:///home/***/.ivy2/jars/org.slf4j_slf4j-api-2.0.7.jar at file:///home/***/.ivy2/jars/org.slf4j_slf4j-api-2.0.7.jar with timestamp 1761682464033
[2025-10-29T03:14:24.616+0700] {subprocess.py:93} INFO - 25/10/29 03:14:24 INFO Utils: Copying /home/***/.ivy2/jars/org.slf4j_slf4j-api-2.0.7.jar to /tmp/spark-12630ccf-871e-4848-b13d-f90ed42236ed/userFiles-7a1f4c55-197f-4c2b-8325-5ad0afe8dcb5/org.slf4j_slf4j-api-2.0.7.jar
[2025-10-29T03:14:24.619+0700] {subprocess.py:93} INFO - 25/10/29 03:14:24 INFO SparkContext: Added file file:///home/***/.ivy2/jars/org.apache.hadoop_hadoop-client-api-3.3.4.jar at file:///home/***/.ivy2/jars/org.apache.hadoop_hadoop-client-api-3.3.4.jar with timestamp 1761682464033
[2025-10-29T03:14:24.619+0700] {subprocess.py:93} INFO - 25/10/29 03:14:24 INFO Utils: Copying /home/***/.ivy2/jars/org.apache.hadoop_hadoop-client-api-3.3.4.jar to /tmp/spark-12630ccf-871e-4848-b13d-f90ed42236ed/userFiles-7a1f4c55-197f-4c2b-8325-5ad0afe8dcb5/org.apache.hadoop_hadoop-client-api-3.3.4.jar
[2025-10-29T03:14:24.632+0700] {subprocess.py:93} INFO - 25/10/29 03:14:24 INFO SparkContext: Added file file:///home/***/.ivy2/jars/commons-logging_commons-logging-1.1.3.jar at file:///home/***/.ivy2/jars/commons-logging_commons-logging-1.1.3.jar with timestamp 1761682464033
[2025-10-29T03:14:24.633+0700] {subprocess.py:93} INFO - 25/10/29 03:14:24 INFO Utils: Copying /home/***/.ivy2/jars/commons-logging_commons-logging-1.1.3.jar to /tmp/spark-12630ccf-871e-4848-b13d-f90ed42236ed/userFiles-7a1f4c55-197f-4c2b-8325-5ad0afe8dcb5/commons-logging_commons-logging-1.1.3.jar
[2025-10-29T03:14:24.636+0700] {subprocess.py:93} INFO - 25/10/29 03:14:24 INFO SparkContext: Added file file:///home/***/.ivy2/jars/org.checkerframework_checker-qual-3.31.0.jar at file:///home/***/.ivy2/jars/org.checkerframework_checker-qual-3.31.0.jar with timestamp 1761682464033
[2025-10-29T03:14:24.636+0700] {subprocess.py:93} INFO - 25/10/29 03:14:24 INFO Utils: Copying /home/***/.ivy2/jars/org.checkerframework_checker-qual-3.31.0.jar to /tmp/spark-12630ccf-871e-4848-b13d-f90ed42236ed/userFiles-7a1f4c55-197f-4c2b-8325-5ad0afe8dcb5/org.checkerframework_checker-qual-3.31.0.jar
[2025-10-29T03:14:24.680+0700] {subprocess.py:93} INFO - 25/10/29 03:14:24 INFO Executor: Starting executor ID driver on host dfeadd712fc3
[2025-10-29T03:14:24.681+0700] {subprocess.py:93} INFO - 25/10/29 03:14:24 INFO Executor: OS info Linux, 6.14.0-33-generic, amd64
[2025-10-29T03:14:24.681+0700] {subprocess.py:93} INFO - 25/10/29 03:14:24 INFO Executor: Java version 17.0.17
[2025-10-29T03:14:24.685+0700] {subprocess.py:93} INFO - 25/10/29 03:14:24 INFO Executor: Starting executor with user classpath (userClassPathFirst = false): ''
[2025-10-29T03:14:24.685+0700] {subprocess.py:93} INFO - 25/10/29 03:14:24 INFO Executor: Created or updated repl class loader org.apache.spark.util.MutableURLClassLoader@614e4eee for default.
[2025-10-29T03:14:24.693+0700] {subprocess.py:93} INFO - 25/10/29 03:14:24 INFO Executor: Fetching file:///home/***/.ivy2/jars/org.apache.spark_spark-sql-kafka-0-10_2.12-3.5.1.jar with timestamp 1761682464033
[2025-10-29T03:14:24.709+0700] {subprocess.py:93} INFO - 25/10/29 03:14:24 INFO Utils: /home/***/.ivy2/jars/org.apache.spark_spark-sql-kafka-0-10_2.12-3.5.1.jar has been previously copied to /tmp/spark-12630ccf-871e-4848-b13d-f90ed42236ed/userFiles-7a1f4c55-197f-4c2b-8325-5ad0afe8dcb5/org.apache.spark_spark-sql-kafka-0-10_2.12-3.5.1.jar
[2025-10-29T03:14:24.714+0700] {subprocess.py:93} INFO - 25/10/29 03:14:24 INFO Executor: Fetching file:///home/***/.ivy2/jars/org.apache.hadoop_hadoop-client-runtime-3.3.4.jar with timestamp 1761682464033
[2025-10-29T03:14:24.736+0700] {subprocess.py:93} INFO - 25/10/29 03:14:24 INFO Utils: /home/***/.ivy2/jars/org.apache.hadoop_hadoop-client-runtime-3.3.4.jar has been previously copied to /tmp/spark-12630ccf-871e-4848-b13d-f90ed42236ed/userFiles-7a1f4c55-197f-4c2b-8325-5ad0afe8dcb5/org.apache.hadoop_hadoop-client-runtime-3.3.4.jar
[2025-10-29T03:14:24.739+0700] {subprocess.py:93} INFO - 25/10/29 03:14:24 INFO Executor: Fetching file:///home/***/.ivy2/jars/org.apache.hadoop_hadoop-client-api-3.3.4.jar with timestamp 1761682464033
[2025-10-29T03:14:24.754+0700] {subprocess.py:93} INFO - 25/10/29 03:14:24 INFO Utils: /home/***/.ivy2/jars/org.apache.hadoop_hadoop-client-api-3.3.4.jar has been previously copied to /tmp/spark-12630ccf-871e-4848-b13d-f90ed42236ed/userFiles-7a1f4c55-197f-4c2b-8325-5ad0afe8dcb5/org.apache.hadoop_hadoop-client-api-3.3.4.jar
[2025-10-29T03:14:24.758+0700] {subprocess.py:93} INFO - 25/10/29 03:14:24 INFO Executor: Fetching file:///home/***/.ivy2/jars/org.apache.spark_spark-token-provider-kafka-0-10_2.12-3.5.1.jar with timestamp 1761682464033
[2025-10-29T03:14:24.758+0700] {subprocess.py:93} INFO - 25/10/29 03:14:24 INFO Utils: /home/***/.ivy2/jars/org.apache.spark_spark-token-provider-kafka-0-10_2.12-3.5.1.jar has been previously copied to /tmp/spark-12630ccf-871e-4848-b13d-f90ed42236ed/userFiles-7a1f4c55-197f-4c2b-8325-5ad0afe8dcb5/org.apache.spark_spark-token-provider-kafka-0-10_2.12-3.5.1.jar
[2025-10-29T03:14:24.762+0700] {subprocess.py:93} INFO - 25/10/29 03:14:24 INFO Executor: Fetching file:///home/***/.ivy2/jars/com.google.code.findbugs_jsr305-3.0.0.jar with timestamp 1761682464033
[2025-10-29T03:14:24.762+0700] {subprocess.py:93} INFO - 25/10/29 03:14:24 INFO Utils: /home/***/.ivy2/jars/com.google.code.findbugs_jsr305-3.0.0.jar has been previously copied to /tmp/spark-12630ccf-871e-4848-b13d-f90ed42236ed/userFiles-7a1f4c55-197f-4c2b-8325-5ad0afe8dcb5/com.google.code.findbugs_jsr305-3.0.0.jar
[2025-10-29T03:14:24.765+0700] {subprocess.py:93} INFO - 25/10/29 03:14:24 INFO Executor: Fetching file:///home/***/.ivy2/jars/org.lz4_lz4-java-1.8.0.jar with timestamp 1761682464033
[2025-10-29T03:14:24.766+0700] {subprocess.py:93} INFO - 25/10/29 03:14:24 INFO Utils: /home/***/.ivy2/jars/org.lz4_lz4-java-1.8.0.jar has been previously copied to /tmp/spark-12630ccf-871e-4848-b13d-f90ed42236ed/userFiles-7a1f4c55-197f-4c2b-8325-5ad0afe8dcb5/org.lz4_lz4-java-1.8.0.jar
[2025-10-29T03:14:24.769+0700] {subprocess.py:93} INFO - 25/10/29 03:14:24 INFO Executor: Fetching file:///home/***/.ivy2/jars/org.slf4j_slf4j-api-2.0.7.jar with timestamp 1761682464033
[2025-10-29T03:14:24.769+0700] {subprocess.py:93} INFO - 25/10/29 03:14:24 INFO Utils: /home/***/.ivy2/jars/org.slf4j_slf4j-api-2.0.7.jar has been previously copied to /tmp/spark-12630ccf-871e-4848-b13d-f90ed42236ed/userFiles-7a1f4c55-197f-4c2b-8325-5ad0afe8dcb5/org.slf4j_slf4j-api-2.0.7.jar
[2025-10-29T03:14:24.772+0700] {subprocess.py:93} INFO - 25/10/29 03:14:24 INFO Executor: Fetching file:///home/***/.ivy2/jars/org.checkerframework_checker-qual-3.31.0.jar with timestamp 1761682464033
[2025-10-29T03:14:24.772+0700] {subprocess.py:93} INFO - 25/10/29 03:14:24 INFO Utils: /home/***/.ivy2/jars/org.checkerframework_checker-qual-3.31.0.jar has been previously copied to /tmp/spark-12630ccf-871e-4848-b13d-f90ed42236ed/userFiles-7a1f4c55-197f-4c2b-8325-5ad0afe8dcb5/org.checkerframework_checker-qual-3.31.0.jar
[2025-10-29T03:14:24.776+0700] {subprocess.py:93} INFO - 25/10/29 03:14:24 INFO Executor: Fetching file:///home/***/.ivy2/jars/org.apache.commons_commons-pool2-2.11.1.jar with timestamp 1761682464033
[2025-10-29T03:14:24.776+0700] {subprocess.py:93} INFO - 25/10/29 03:14:24 INFO Utils: /home/***/.ivy2/jars/org.apache.commons_commons-pool2-2.11.1.jar has been previously copied to /tmp/spark-12630ccf-871e-4848-b13d-f90ed42236ed/userFiles-7a1f4c55-197f-4c2b-8325-5ad0afe8dcb5/org.apache.commons_commons-pool2-2.11.1.jar
[2025-10-29T03:14:24.779+0700] {subprocess.py:93} INFO - 25/10/29 03:14:24 INFO Executor: Fetching file:///home/***/.ivy2/jars/commons-logging_commons-logging-1.1.3.jar with timestamp 1761682464033
[2025-10-29T03:14:24.779+0700] {subprocess.py:93} INFO - 25/10/29 03:14:24 INFO Utils: /home/***/.ivy2/jars/commons-logging_commons-logging-1.1.3.jar has been previously copied to /tmp/spark-12630ccf-871e-4848-b13d-f90ed42236ed/userFiles-7a1f4c55-197f-4c2b-8325-5ad0afe8dcb5/commons-logging_commons-logging-1.1.3.jar
[2025-10-29T03:14:24.783+0700] {subprocess.py:93} INFO - 25/10/29 03:14:24 INFO Executor: Fetching file:///home/***/.ivy2/jars/org.xerial.snappy_snappy-java-1.1.10.3.jar with timestamp 1761682464033
[2025-10-29T03:14:24.785+0700] {subprocess.py:93} INFO - 25/10/29 03:14:24 INFO Utils: /home/***/.ivy2/jars/org.xerial.snappy_snappy-java-1.1.10.3.jar has been previously copied to /tmp/spark-12630ccf-871e-4848-b13d-f90ed42236ed/userFiles-7a1f4c55-197f-4c2b-8325-5ad0afe8dcb5/org.xerial.snappy_snappy-java-1.1.10.3.jar
[2025-10-29T03:14:24.788+0700] {subprocess.py:93} INFO - 25/10/29 03:14:24 INFO Executor: Fetching file:///home/***/.ivy2/jars/org.postgresql_postgresql-42.6.0.jar with timestamp 1761682464033
[2025-10-29T03:14:24.789+0700] {subprocess.py:93} INFO - 25/10/29 03:14:24 INFO Utils: /home/***/.ivy2/jars/org.postgresql_postgresql-42.6.0.jar has been previously copied to /tmp/spark-12630ccf-871e-4848-b13d-f90ed42236ed/userFiles-7a1f4c55-197f-4c2b-8325-5ad0afe8dcb5/org.postgresql_postgresql-42.6.0.jar
[2025-10-29T03:14:24.792+0700] {subprocess.py:93} INFO - 25/10/29 03:14:24 INFO Executor: Fetching file:///home/***/.ivy2/jars/org.apache.kafka_kafka-clients-3.4.1.jar with timestamp 1761682464033
[2025-10-29T03:14:24.795+0700] {subprocess.py:93} INFO - 25/10/29 03:14:24 INFO Utils: /home/***/.ivy2/jars/org.apache.kafka_kafka-clients-3.4.1.jar has been previously copied to /tmp/spark-12630ccf-871e-4848-b13d-f90ed42236ed/userFiles-7a1f4c55-197f-4c2b-8325-5ad0afe8dcb5/org.apache.kafka_kafka-clients-3.4.1.jar
[2025-10-29T03:14:24.800+0700] {subprocess.py:93} INFO - 25/10/29 03:14:24 INFO Executor: Fetching spark://dfeadd712fc3:42961/jars/org.apache.commons_commons-pool2-2.11.1.jar with timestamp 1761682464033
[2025-10-29T03:14:24.828+0700] {subprocess.py:93} INFO - 25/10/29 03:14:24 INFO TransportClientFactory: Successfully created connection to dfeadd712fc3/172.18.0.6:42961 after 20 ms (0 ms spent in bootstraps)
[2025-10-29T03:14:24.832+0700] {subprocess.py:93} INFO - 25/10/29 03:14:24 INFO Utils: Fetching spark://dfeadd712fc3:42961/jars/org.apache.commons_commons-pool2-2.11.1.jar to /tmp/spark-12630ccf-871e-4848-b13d-f90ed42236ed/userFiles-7a1f4c55-197f-4c2b-8325-5ad0afe8dcb5/fetchFileTemp16357476073933289632.tmp
[2025-10-29T03:14:24.846+0700] {subprocess.py:93} INFO - 25/10/29 03:14:24 INFO Utils: /tmp/spark-12630ccf-871e-4848-b13d-f90ed42236ed/userFiles-7a1f4c55-197f-4c2b-8325-5ad0afe8dcb5/fetchFileTemp16357476073933289632.tmp has been previously copied to /tmp/spark-12630ccf-871e-4848-b13d-f90ed42236ed/userFiles-7a1f4c55-197f-4c2b-8325-5ad0afe8dcb5/org.apache.commons_commons-pool2-2.11.1.jar
[2025-10-29T03:14:24.851+0700] {subprocess.py:93} INFO - 25/10/29 03:14:24 INFO Executor: Adding file:/tmp/spark-12630ccf-871e-4848-b13d-f90ed42236ed/userFiles-7a1f4c55-197f-4c2b-8325-5ad0afe8dcb5/org.apache.commons_commons-pool2-2.11.1.jar to class loader default
[2025-10-29T03:14:24.851+0700] {subprocess.py:93} INFO - 25/10/29 03:14:24 INFO Executor: Fetching spark://dfeadd712fc3:42961/jars/org.apache.hadoop_hadoop-client-runtime-3.3.4.jar with timestamp 1761682464033
[2025-10-29T03:14:24.852+0700] {subprocess.py:93} INFO - 25/10/29 03:14:24 INFO Utils: Fetching spark://dfeadd712fc3:42961/jars/org.apache.hadoop_hadoop-client-runtime-3.3.4.jar to /tmp/spark-12630ccf-871e-4848-b13d-f90ed42236ed/userFiles-7a1f4c55-197f-4c2b-8325-5ad0afe8dcb5/fetchFileTemp3684490559687941463.tmp
[2025-10-29T03:14:24.970+0700] {subprocess.py:93} INFO - 25/10/29 03:14:24 INFO Utils: /tmp/spark-12630ccf-871e-4848-b13d-f90ed42236ed/userFiles-7a1f4c55-197f-4c2b-8325-5ad0afe8dcb5/fetchFileTemp3684490559687941463.tmp has been previously copied to /tmp/spark-12630ccf-871e-4848-b13d-f90ed42236ed/userFiles-7a1f4c55-197f-4c2b-8325-5ad0afe8dcb5/org.apache.hadoop_hadoop-client-runtime-3.3.4.jar
[2025-10-29T03:14:24.976+0700] {subprocess.py:93} INFO - 25/10/29 03:14:24 INFO Executor: Adding file:/tmp/spark-12630ccf-871e-4848-b13d-f90ed42236ed/userFiles-7a1f4c55-197f-4c2b-8325-5ad0afe8dcb5/org.apache.hadoop_hadoop-client-runtime-3.3.4.jar to class loader default
[2025-10-29T03:14:24.976+0700] {subprocess.py:93} INFO - 25/10/29 03:14:24 INFO Executor: Fetching spark://dfeadd712fc3:42961/jars/org.postgresql_postgresql-42.6.0.jar with timestamp 1761682464033
[2025-10-29T03:14:24.977+0700] {subprocess.py:93} INFO - 25/10/29 03:14:24 INFO Utils: Fetching spark://dfeadd712fc3:42961/jars/org.postgresql_postgresql-42.6.0.jar to /tmp/spark-12630ccf-871e-4848-b13d-f90ed42236ed/userFiles-7a1f4c55-197f-4c2b-8325-5ad0afe8dcb5/fetchFileTemp1553955616542998556.tmp
[2025-10-29T03:14:24.979+0700] {subprocess.py:93} INFO - 25/10/29 03:14:24 INFO Utils: /tmp/spark-12630ccf-871e-4848-b13d-f90ed42236ed/userFiles-7a1f4c55-197f-4c2b-8325-5ad0afe8dcb5/fetchFileTemp1553955616542998556.tmp has been previously copied to /tmp/spark-12630ccf-871e-4848-b13d-f90ed42236ed/userFiles-7a1f4c55-197f-4c2b-8325-5ad0afe8dcb5/org.postgresql_postgresql-42.6.0.jar
[2025-10-29T03:14:24.984+0700] {subprocess.py:93} INFO - 25/10/29 03:14:24 INFO Executor: Adding file:/tmp/spark-12630ccf-871e-4848-b13d-f90ed42236ed/userFiles-7a1f4c55-197f-4c2b-8325-5ad0afe8dcb5/org.postgresql_postgresql-42.6.0.jar to class loader default
[2025-10-29T03:14:24.985+0700] {subprocess.py:93} INFO - 25/10/29 03:14:24 INFO Executor: Fetching spark://dfeadd712fc3:42961/jars/commons-logging_commons-logging-1.1.3.jar with timestamp 1761682464033
[2025-10-29T03:14:24.985+0700] {subprocess.py:93} INFO - 25/10/29 03:14:24 INFO Utils: Fetching spark://dfeadd712fc3:42961/jars/commons-logging_commons-logging-1.1.3.jar to /tmp/spark-12630ccf-871e-4848-b13d-f90ed42236ed/userFiles-7a1f4c55-197f-4c2b-8325-5ad0afe8dcb5/fetchFileTemp10233212227641009593.tmp
[2025-10-29T03:14:24.986+0700] {subprocess.py:93} INFO - 25/10/29 03:14:24 INFO Utils: /tmp/spark-12630ccf-871e-4848-b13d-f90ed42236ed/userFiles-7a1f4c55-197f-4c2b-8325-5ad0afe8dcb5/fetchFileTemp10233212227641009593.tmp has been previously copied to /tmp/spark-12630ccf-871e-4848-b13d-f90ed42236ed/userFiles-7a1f4c55-197f-4c2b-8325-5ad0afe8dcb5/commons-logging_commons-logging-1.1.3.jar
[2025-10-29T03:14:24.989+0700] {subprocess.py:93} INFO - 25/10/29 03:14:24 INFO Executor: Adding file:/tmp/spark-12630ccf-871e-4848-b13d-f90ed42236ed/userFiles-7a1f4c55-197f-4c2b-8325-5ad0afe8dcb5/commons-logging_commons-logging-1.1.3.jar to class loader default
[2025-10-29T03:14:24.989+0700] {subprocess.py:93} INFO - 25/10/29 03:14:24 INFO Executor: Fetching spark://dfeadd712fc3:42961/jars/org.apache.hadoop_hadoop-client-api-3.3.4.jar with timestamp 1761682464033
[2025-10-29T03:14:24.989+0700] {subprocess.py:93} INFO - 25/10/29 03:14:24 INFO Utils: Fetching spark://dfeadd712fc3:42961/jars/org.apache.hadoop_hadoop-client-api-3.3.4.jar to /tmp/spark-12630ccf-871e-4848-b13d-f90ed42236ed/userFiles-7a1f4c55-197f-4c2b-8325-5ad0afe8dcb5/fetchFileTemp18314382241815061913.tmp
[2025-10-29T03:14:25.060+0700] {subprocess.py:93} INFO - 25/10/29 03:14:25 INFO Utils: /tmp/spark-12630ccf-871e-4848-b13d-f90ed42236ed/userFiles-7a1f4c55-197f-4c2b-8325-5ad0afe8dcb5/fetchFileTemp18314382241815061913.tmp has been previously copied to /tmp/spark-12630ccf-871e-4848-b13d-f90ed42236ed/userFiles-7a1f4c55-197f-4c2b-8325-5ad0afe8dcb5/org.apache.hadoop_hadoop-client-api-3.3.4.jar
[2025-10-29T03:14:25.066+0700] {subprocess.py:93} INFO - 25/10/29 03:14:25 INFO Executor: Adding file:/tmp/spark-12630ccf-871e-4848-b13d-f90ed42236ed/userFiles-7a1f4c55-197f-4c2b-8325-5ad0afe8dcb5/org.apache.hadoop_hadoop-client-api-3.3.4.jar to class loader default
[2025-10-29T03:14:25.066+0700] {subprocess.py:93} INFO - 25/10/29 03:14:25 INFO Executor: Fetching spark://dfeadd712fc3:42961/jars/org.apache.spark_spark-sql-kafka-0-10_2.12-3.5.1.jar with timestamp 1761682464033
[2025-10-29T03:14:25.067+0700] {subprocess.py:93} INFO - 25/10/29 03:14:25 INFO Utils: Fetching spark://dfeadd712fc3:42961/jars/org.apache.spark_spark-sql-kafka-0-10_2.12-3.5.1.jar to /tmp/spark-12630ccf-871e-4848-b13d-f90ed42236ed/userFiles-7a1f4c55-197f-4c2b-8325-5ad0afe8dcb5/fetchFileTemp17983829319251003330.tmp
[2025-10-29T03:14:25.068+0700] {subprocess.py:93} INFO - 25/10/29 03:14:25 INFO Utils: /tmp/spark-12630ccf-871e-4848-b13d-f90ed42236ed/userFiles-7a1f4c55-197f-4c2b-8325-5ad0afe8dcb5/fetchFileTemp17983829319251003330.tmp has been previously copied to /tmp/spark-12630ccf-871e-4848-b13d-f90ed42236ed/userFiles-7a1f4c55-197f-4c2b-8325-5ad0afe8dcb5/org.apache.spark_spark-sql-kafka-0-10_2.12-3.5.1.jar
[2025-10-29T03:14:25.072+0700] {subprocess.py:93} INFO - 25/10/29 03:14:25 INFO Executor: Adding file:/tmp/spark-12630ccf-871e-4848-b13d-f90ed42236ed/userFiles-7a1f4c55-197f-4c2b-8325-5ad0afe8dcb5/org.apache.spark_spark-sql-kafka-0-10_2.12-3.5.1.jar to class loader default
[2025-10-29T03:14:25.073+0700] {subprocess.py:93} INFO - 25/10/29 03:14:25 INFO Executor: Fetching spark://dfeadd712fc3:42961/jars/org.slf4j_slf4j-api-2.0.7.jar with timestamp 1761682464033
[2025-10-29T03:14:25.073+0700] {subprocess.py:93} INFO - 25/10/29 03:14:25 INFO Utils: Fetching spark://dfeadd712fc3:42961/jars/org.slf4j_slf4j-api-2.0.7.jar to /tmp/spark-12630ccf-871e-4848-b13d-f90ed42236ed/userFiles-7a1f4c55-197f-4c2b-8325-5ad0afe8dcb5/fetchFileTemp5065321850970494008.tmp
[2025-10-29T03:14:25.074+0700] {subprocess.py:93} INFO - 25/10/29 03:14:25 INFO Utils: /tmp/spark-12630ccf-871e-4848-b13d-f90ed42236ed/userFiles-7a1f4c55-197f-4c2b-8325-5ad0afe8dcb5/fetchFileTemp5065321850970494008.tmp has been previously copied to /tmp/spark-12630ccf-871e-4848-b13d-f90ed42236ed/userFiles-7a1f4c55-197f-4c2b-8325-5ad0afe8dcb5/org.slf4j_slf4j-api-2.0.7.jar
[2025-10-29T03:14:25.078+0700] {subprocess.py:93} INFO - 25/10/29 03:14:25 INFO Executor: Adding file:/tmp/spark-12630ccf-871e-4848-b13d-f90ed42236ed/userFiles-7a1f4c55-197f-4c2b-8325-5ad0afe8dcb5/org.slf4j_slf4j-api-2.0.7.jar to class loader default
[2025-10-29T03:14:25.078+0700] {subprocess.py:93} INFO - 25/10/29 03:14:25 INFO Executor: Fetching spark://dfeadd712fc3:42961/jars/org.apache.spark_spark-token-provider-kafka-0-10_2.12-3.5.1.jar with timestamp 1761682464033
[2025-10-29T03:14:25.079+0700] {subprocess.py:93} INFO - 25/10/29 03:14:25 INFO Utils: Fetching spark://dfeadd712fc3:42961/jars/org.apache.spark_spark-token-provider-kafka-0-10_2.12-3.5.1.jar to /tmp/spark-12630ccf-871e-4848-b13d-f90ed42236ed/userFiles-7a1f4c55-197f-4c2b-8325-5ad0afe8dcb5/fetchFileTemp15380525272217880426.tmp
[2025-10-29T03:14:25.080+0700] {subprocess.py:93} INFO - 25/10/29 03:14:25 INFO Utils: /tmp/spark-12630ccf-871e-4848-b13d-f90ed42236ed/userFiles-7a1f4c55-197f-4c2b-8325-5ad0afe8dcb5/fetchFileTemp15380525272217880426.tmp has been previously copied to /tmp/spark-12630ccf-871e-4848-b13d-f90ed42236ed/userFiles-7a1f4c55-197f-4c2b-8325-5ad0afe8dcb5/org.apache.spark_spark-token-provider-kafka-0-10_2.12-3.5.1.jar
[2025-10-29T03:14:25.084+0700] {subprocess.py:93} INFO - 25/10/29 03:14:25 INFO Executor: Adding file:/tmp/spark-12630ccf-871e-4848-b13d-f90ed42236ed/userFiles-7a1f4c55-197f-4c2b-8325-5ad0afe8dcb5/org.apache.spark_spark-token-provider-kafka-0-10_2.12-3.5.1.jar to class loader default
[2025-10-29T03:14:25.084+0700] {subprocess.py:93} INFO - 25/10/29 03:14:25 INFO Executor: Fetching spark://dfeadd712fc3:42961/jars/com.google.code.findbugs_jsr305-3.0.0.jar with timestamp 1761682464033
[2025-10-29T03:14:25.084+0700] {subprocess.py:93} INFO - 25/10/29 03:14:25 INFO Utils: Fetching spark://dfeadd712fc3:42961/jars/com.google.code.findbugs_jsr305-3.0.0.jar to /tmp/spark-12630ccf-871e-4848-b13d-f90ed42236ed/userFiles-7a1f4c55-197f-4c2b-8325-5ad0afe8dcb5/fetchFileTemp5262130347541895059.tmp
[2025-10-29T03:14:25.085+0700] {subprocess.py:93} INFO - 25/10/29 03:14:25 INFO Utils: /tmp/spark-12630ccf-871e-4848-b13d-f90ed42236ed/userFiles-7a1f4c55-197f-4c2b-8325-5ad0afe8dcb5/fetchFileTemp5262130347541895059.tmp has been previously copied to /tmp/spark-12630ccf-871e-4848-b13d-f90ed42236ed/userFiles-7a1f4c55-197f-4c2b-8325-5ad0afe8dcb5/com.google.code.findbugs_jsr305-3.0.0.jar
[2025-10-29T03:14:25.088+0700] {subprocess.py:93} INFO - 25/10/29 03:14:25 INFO Executor: Adding file:/tmp/spark-12630ccf-871e-4848-b13d-f90ed42236ed/userFiles-7a1f4c55-197f-4c2b-8325-5ad0afe8dcb5/com.google.code.findbugs_jsr305-3.0.0.jar to class loader default
[2025-10-29T03:14:25.088+0700] {subprocess.py:93} INFO - 25/10/29 03:14:25 INFO Executor: Fetching spark://dfeadd712fc3:42961/jars/org.lz4_lz4-java-1.8.0.jar with timestamp 1761682464033
[2025-10-29T03:14:25.088+0700] {subprocess.py:93} INFO - 25/10/29 03:14:25 INFO Utils: Fetching spark://dfeadd712fc3:42961/jars/org.lz4_lz4-java-1.8.0.jar to /tmp/spark-12630ccf-871e-4848-b13d-f90ed42236ed/userFiles-7a1f4c55-197f-4c2b-8325-5ad0afe8dcb5/fetchFileTemp6696241470858398636.tmp
[2025-10-29T03:14:25.089+0700] {subprocess.py:93} INFO - 25/10/29 03:14:25 INFO Utils: /tmp/spark-12630ccf-871e-4848-b13d-f90ed42236ed/userFiles-7a1f4c55-197f-4c2b-8325-5ad0afe8dcb5/fetchFileTemp6696241470858398636.tmp has been previously copied to /tmp/spark-12630ccf-871e-4848-b13d-f90ed42236ed/userFiles-7a1f4c55-197f-4c2b-8325-5ad0afe8dcb5/org.lz4_lz4-java-1.8.0.jar
[2025-10-29T03:14:25.094+0700] {subprocess.py:93} INFO - 25/10/29 03:14:25 INFO Executor: Adding file:/tmp/spark-12630ccf-871e-4848-b13d-f90ed42236ed/userFiles-7a1f4c55-197f-4c2b-8325-5ad0afe8dcb5/org.lz4_lz4-java-1.8.0.jar to class loader default
[2025-10-29T03:14:25.094+0700] {subprocess.py:93} INFO - 25/10/29 03:14:25 INFO Executor: Fetching spark://dfeadd712fc3:42961/jars/org.xerial.snappy_snappy-java-1.1.10.3.jar with timestamp 1761682464033
[2025-10-29T03:14:25.094+0700] {subprocess.py:93} INFO - 25/10/29 03:14:25 INFO Utils: Fetching spark://dfeadd712fc3:42961/jars/org.xerial.snappy_snappy-java-1.1.10.3.jar to /tmp/spark-12630ccf-871e-4848-b13d-f90ed42236ed/userFiles-7a1f4c55-197f-4c2b-8325-5ad0afe8dcb5/fetchFileTemp8415274811056109226.tmp
[2025-10-29T03:14:25.099+0700] {subprocess.py:93} INFO - 25/10/29 03:14:25 INFO Utils: /tmp/spark-12630ccf-871e-4848-b13d-f90ed42236ed/userFiles-7a1f4c55-197f-4c2b-8325-5ad0afe8dcb5/fetchFileTemp8415274811056109226.tmp has been previously copied to /tmp/spark-12630ccf-871e-4848-b13d-f90ed42236ed/userFiles-7a1f4c55-197f-4c2b-8325-5ad0afe8dcb5/org.xerial.snappy_snappy-java-1.1.10.3.jar
[2025-10-29T03:14:25.105+0700] {subprocess.py:93} INFO - 25/10/29 03:14:25 INFO Executor: Adding file:/tmp/spark-12630ccf-871e-4848-b13d-f90ed42236ed/userFiles-7a1f4c55-197f-4c2b-8325-5ad0afe8dcb5/org.xerial.snappy_snappy-java-1.1.10.3.jar to class loader default
[2025-10-29T03:14:25.106+0700] {subprocess.py:93} INFO - 25/10/29 03:14:25 INFO Executor: Fetching spark://dfeadd712fc3:42961/jars/org.apache.kafka_kafka-clients-3.4.1.jar with timestamp 1761682464033
[2025-10-29T03:14:25.106+0700] {subprocess.py:93} INFO - 25/10/29 03:14:25 INFO Utils: Fetching spark://dfeadd712fc3:42961/jars/org.apache.kafka_kafka-clients-3.4.1.jar to /tmp/spark-12630ccf-871e-4848-b13d-f90ed42236ed/userFiles-7a1f4c55-197f-4c2b-8325-5ad0afe8dcb5/fetchFileTemp4632946841852981365.tmp
[2025-10-29T03:14:25.114+0700] {subprocess.py:93} INFO - 25/10/29 03:14:25 INFO Utils: /tmp/spark-12630ccf-871e-4848-b13d-f90ed42236ed/userFiles-7a1f4c55-197f-4c2b-8325-5ad0afe8dcb5/fetchFileTemp4632946841852981365.tmp has been previously copied to /tmp/spark-12630ccf-871e-4848-b13d-f90ed42236ed/userFiles-7a1f4c55-197f-4c2b-8325-5ad0afe8dcb5/org.apache.kafka_kafka-clients-3.4.1.jar
[2025-10-29T03:14:25.125+0700] {subprocess.py:93} INFO - 25/10/29 03:14:25 INFO Executor: Adding file:/tmp/spark-12630ccf-871e-4848-b13d-f90ed42236ed/userFiles-7a1f4c55-197f-4c2b-8325-5ad0afe8dcb5/org.apache.kafka_kafka-clients-3.4.1.jar to class loader default
[2025-10-29T03:14:25.125+0700] {subprocess.py:93} INFO - 25/10/29 03:14:25 INFO Executor: Fetching spark://dfeadd712fc3:42961/jars/org.checkerframework_checker-qual-3.31.0.jar with timestamp 1761682464033
[2025-10-29T03:14:25.126+0700] {subprocess.py:93} INFO - 25/10/29 03:14:25 INFO Utils: Fetching spark://dfeadd712fc3:42961/jars/org.checkerframework_checker-qual-3.31.0.jar to /tmp/spark-12630ccf-871e-4848-b13d-f90ed42236ed/userFiles-7a1f4c55-197f-4c2b-8325-5ad0afe8dcb5/fetchFileTemp293755649092977980.tmp
[2025-10-29T03:14:25.127+0700] {subprocess.py:93} INFO - 25/10/29 03:14:25 INFO Utils: /tmp/spark-12630ccf-871e-4848-b13d-f90ed42236ed/userFiles-7a1f4c55-197f-4c2b-8325-5ad0afe8dcb5/fetchFileTemp293755649092977980.tmp has been previously copied to /tmp/spark-12630ccf-871e-4848-b13d-f90ed42236ed/userFiles-7a1f4c55-197f-4c2b-8325-5ad0afe8dcb5/org.checkerframework_checker-qual-3.31.0.jar
[2025-10-29T03:14:25.131+0700] {subprocess.py:93} INFO - 25/10/29 03:14:25 INFO Executor: Adding file:/tmp/spark-12630ccf-871e-4848-b13d-f90ed42236ed/userFiles-7a1f4c55-197f-4c2b-8325-5ad0afe8dcb5/org.checkerframework_checker-qual-3.31.0.jar to class loader default
[2025-10-29T03:14:25.138+0700] {subprocess.py:93} INFO - 25/10/29 03:14:25 INFO Utils: Successfully started service 'org.apache.spark.network.netty.NettyBlockTransferService' on port 41743.
[2025-10-29T03:14:25.139+0700] {subprocess.py:93} INFO - 25/10/29 03:14:25 INFO NettyBlockTransferService: Server created on dfeadd712fc3:41743
[2025-10-29T03:14:25.140+0700] {subprocess.py:93} INFO - 25/10/29 03:14:25 INFO BlockManager: Using org.apache.spark.storage.RandomBlockReplicationPolicy for block replication policy
[2025-10-29T03:14:25.145+0700] {subprocess.py:93} INFO - 25/10/29 03:14:25 INFO BlockManagerMaster: Registering BlockManager BlockManagerId(driver, dfeadd712fc3, 41743, None)
[2025-10-29T03:14:25.148+0700] {subprocess.py:93} INFO - 25/10/29 03:14:25 INFO BlockManagerMasterEndpoint: Registering block manager dfeadd712fc3:41743 with 434.4 MiB RAM, BlockManagerId(driver, dfeadd712fc3, 41743, None)
[2025-10-29T03:14:25.150+0700] {subprocess.py:93} INFO - 25/10/29 03:14:25 INFO BlockManagerMaster: Registered BlockManager BlockManagerId(driver, dfeadd712fc3, 41743, None)
[2025-10-29T03:14:25.151+0700] {subprocess.py:93} INFO - 25/10/29 03:14:25 INFO BlockManager: Initialized BlockManager: BlockManagerId(driver, dfeadd712fc3, 41743, None)
[2025-10-29T03:14:27.653+0700] {subprocess.py:93} INFO - 25/10/29 03:14:27 WARN ResolveWriteToStream: spark.sql.adaptive.enabled is not supported in streaming DataFrames/Datasets and will be disabled.
[2025-10-29T03:14:27.793+0700] {subprocess.py:93} INFO - 🚀 Streaming job started — đang lắng nghe dữ liệu từ Kafka...
[2025-10-29T03:14:27.924+0700] {subprocess.py:93} INFO - 25/10/29 03:14:27 WARN AdminClientConfig: These configurations '[key.deserializer, value.deserializer, enable.auto.commit, max.poll.records, auto.offset.reset]' were supplied but are not used yet.
[2025-10-29T03:14:29.334+0700] {subprocess.py:93} INFO - [Batch 0] ⚠️ Không có dữ liệu mới.
[2025-10-29T03:14:31.712+0700] {subprocess.py:93} INFO - 25/10/29 03:14:31 WARN KafkaDataConsumer: KafkaDataConsumer is not running in UninterruptibleThread. It may hang when KafkaDataConsumer's methods are interrupted because of KAFKA-1894
[2025-10-29T03:14:32.171+0700] {subprocess.py:93} INFO - 25/10/29 03:14:32 WARN KafkaDataConsumer: KafkaDataConsumer is not running in UninterruptibleThread. It may hang when KafkaDataConsumer's methods are interrupted because of KAFKA-1894
[2025-10-29T03:14:32.172+0700] {subprocess.py:93} INFO - 25/10/29 03:14:32 WARN KafkaDataConsumer: KafkaDataConsumer is not running in UninterruptibleThread. It may hang when KafkaDataConsumer's methods are interrupted because of KAFKA-1894
[2025-10-29T03:14:34.799+0700] {subprocess.py:93} INFO - There was a problem when trying to write in your cache folder (/home/***/.cache/huggingface/hub). You should set the environment variable TRANSFORMERS_CACHE to a writable directory.
[2025-10-29T03:14:35.400+0700] {subprocess.py:93} INFO - 25/10/29 03:14:35 ERROR Executor: Exception in task 0.0 in stage 2.0 (TID 1)
[2025-10-29T03:14:35.400+0700] {subprocess.py:93} INFO - org.apache.spark.api.python.PythonException: Traceback (most recent call last):
[2025-10-29T03:14:35.401+0700] {subprocess.py:93} INFO -   File "/opt/***/projects/absa_streaming/scripts/consumer_postgres_streaming.py", line 73, in absa_infer_udf
[2025-10-29T03:14:35.401+0700] {subprocess.py:93} INFO -     _tokenizer = AutoTokenizer.from_pretrained(MODEL_NAME, use_fast=True)
[2025-10-29T03:14:35.401+0700] {subprocess.py:93} INFO -                  ^^^^^^^^^^^^^^^^^^^^^^^^^^^^^^^^^^^^^^^^^^^^^^^^^^^^^^^^
[2025-10-29T03:14:35.401+0700] {subprocess.py:93} INFO -   File "/home/***/.local/lib/python3.12/site-packages/transformers/models/auto/tokenization_auto.py", line 817, in from_pretrained
[2025-10-29T03:14:35.402+0700] {subprocess.py:93} INFO -     tokenizer_config = get_tokenizer_config(pretrained_model_name_or_path, **kwargs)
[2025-10-29T03:14:35.402+0700] {subprocess.py:93} INFO -                        ^^^^^^^^^^^^^^^^^^^^^^^^^^^^^^^^^^^^^^^^^^^^^^^^^^^^^^^^^^^^^
[2025-10-29T03:14:35.402+0700] {subprocess.py:93} INFO -   File "/home/***/.local/lib/python3.12/site-packages/transformers/models/auto/tokenization_auto.py", line 649, in get_tokenizer_config
[2025-10-29T03:14:35.402+0700] {subprocess.py:93} INFO -     resolved_config_file = cached_file(
[2025-10-29T03:14:35.402+0700] {subprocess.py:93} INFO -                            ^^^^^^^^^^^^
[2025-10-29T03:14:35.402+0700] {subprocess.py:93} INFO -   File "/home/***/.local/lib/python3.12/site-packages/transformers/utils/hub.py", line 462, in cached_file
[2025-10-29T03:14:35.402+0700] {subprocess.py:93} INFO -     except HFValidationError as e:
[2025-10-29T03:14:35.402+0700] {subprocess.py:93} INFO -   File "/home/***/.local/lib/python3.12/site-packages/huggingface_hub/utils/_validators.py", line 114, in _inner_fn
[2025-10-29T03:14:35.403+0700] {subprocess.py:93} INFO -     return fn(*args, **kwargs)
[2025-10-29T03:14:35.403+0700] {subprocess.py:93} INFO -            ^^^^^^^^^^^^^^^^^^^
[2025-10-29T03:14:35.403+0700] {subprocess.py:93} INFO -   File "/home/***/.local/lib/python3.12/site-packages/huggingface_hub/file_download.py", line 1007, in hf_hub_download
[2025-10-29T03:14:35.403+0700] {subprocess.py:93} INFO -     return _hf_hub_download_to_cache_dir(
[2025-10-29T03:14:35.403+0700] {subprocess.py:93} INFO -            ^^^^^^^^^^^^^^^^^^^^^^^^^^^^^^
[2025-10-29T03:14:35.403+0700] {subprocess.py:93} INFO -   File "/home/***/.local/lib/python3.12/site-packages/huggingface_hub/file_download.py", line 1124, in _hf_hub_download_to_cache_dir
[2025-10-29T03:14:35.403+0700] {subprocess.py:93} INFO -     os.makedirs(os.path.dirname(blob_path), exist_ok=True)
[2025-10-29T03:14:35.403+0700] {subprocess.py:93} INFO -   File "<frozen os>", line 216, in makedirs
[2025-10-29T03:14:35.404+0700] {subprocess.py:93} INFO -   File "<frozen os>", line 216, in makedirs
[2025-10-29T03:14:35.404+0700] {subprocess.py:93} INFO -   File "<frozen os>", line 216, in makedirs
[2025-10-29T03:14:35.404+0700] {subprocess.py:93} INFO -   File "<frozen os>", line 230, in makedirs
[2025-10-29T03:14:35.404+0700] {subprocess.py:93} INFO - PermissionError: [Errno 13] Permission denied: '/home/***/.cache/huggingface'
[2025-10-29T03:14:35.404+0700] {subprocess.py:93} INFO - 
[2025-10-29T03:14:35.404+0700] {subprocess.py:93} INFO - 	at org.apache.spark.api.python.BasePythonRunner$ReaderIterator.handlePythonException(PythonRunner.scala:572)
[2025-10-29T03:14:35.404+0700] {subprocess.py:93} INFO - 	at org.apache.spark.sql.execution.python.PythonArrowOutput$$anon$1.read(PythonArrowOutput.scala:118)
[2025-10-29T03:14:35.404+0700] {subprocess.py:93} INFO - 	at org.apache.spark.api.python.BasePythonRunner$ReaderIterator.hasNext(PythonRunner.scala:525)
[2025-10-29T03:14:35.405+0700] {subprocess.py:93} INFO - 	at org.apache.spark.InterruptibleIterator.hasNext(InterruptibleIterator.scala:37)
[2025-10-29T03:14:35.405+0700] {subprocess.py:93} INFO - 	at scala.collection.Iterator$$anon$11.hasNext(Iterator.scala:491)
[2025-10-29T03:14:35.405+0700] {subprocess.py:93} INFO - 	at scala.collection.Iterator$$anon$10.hasNext(Iterator.scala:460)
[2025-10-29T03:14:35.405+0700] {subprocess.py:93} INFO - 	at scala.collection.Iterator$$anon$10.hasNext(Iterator.scala:460)
[2025-10-29T03:14:35.405+0700] {subprocess.py:93} INFO - 	at org.apache.spark.sql.catalyst.expressions.GeneratedClass$GeneratedIteratorForCodegenStage1.hashAgg_doAggregateWithoutKey_0$(Unknown Source)
[2025-10-29T03:14:35.405+0700] {subprocess.py:93} INFO - 	at org.apache.spark.sql.catalyst.expressions.GeneratedClass$GeneratedIteratorForCodegenStage1.processNext(Unknown Source)
[2025-10-29T03:14:35.406+0700] {subprocess.py:93} INFO - 	at org.apache.spark.sql.execution.BufferedRowIterator.hasNext(BufferedRowIterator.java:43)
[2025-10-29T03:14:35.406+0700] {subprocess.py:93} INFO - 	at org.apache.spark.sql.execution.WholeStageCodegenEvaluatorFactory$WholeStageCodegenPartitionEvaluator$$anon$1.hasNext(WholeStageCodegenEvaluatorFactory.scala:43)
[2025-10-29T03:14:35.406+0700] {subprocess.py:93} INFO - 	at scala.collection.Iterator$$anon$10.hasNext(Iterator.scala:460)
[2025-10-29T03:14:35.406+0700] {subprocess.py:93} INFO - 	at org.apache.spark.shuffle.sort.BypassMergeSortShuffleWriter.write(BypassMergeSortShuffleWriter.java:140)
[2025-10-29T03:14:35.406+0700] {subprocess.py:93} INFO - 	at org.apache.spark.shuffle.ShuffleWriteProcessor.write(ShuffleWriteProcessor.scala:59)
[2025-10-29T03:14:35.407+0700] {subprocess.py:93} INFO - 	at org.apache.spark.scheduler.ShuffleMapTask.runTask(ShuffleMapTask.scala:104)
[2025-10-29T03:14:35.407+0700] {subprocess.py:93} INFO - 	at org.apache.spark.scheduler.ShuffleMapTask.runTask(ShuffleMapTask.scala:54)
[2025-10-29T03:14:35.407+0700] {subprocess.py:93} INFO - 	at org.apache.spark.TaskContext.runTaskWithListeners(TaskContext.scala:166)
[2025-10-29T03:14:35.407+0700] {subprocess.py:93} INFO - 	at org.apache.spark.scheduler.Task.run(Task.scala:141)
[2025-10-29T03:14:35.407+0700] {subprocess.py:93} INFO - 	at org.apache.spark.executor.Executor$TaskRunner.$anonfun$run$4(Executor.scala:620)
[2025-10-29T03:14:35.407+0700] {subprocess.py:93} INFO - 	at org.apache.spark.util.SparkErrorUtils.tryWithSafeFinally(SparkErrorUtils.scala:64)
[2025-10-29T03:14:35.407+0700] {subprocess.py:93} INFO - 	at org.apache.spark.util.SparkErrorUtils.tryWithSafeFinally$(SparkErrorUtils.scala:61)
[2025-10-29T03:14:35.407+0700] {subprocess.py:93} INFO - 	at org.apache.spark.util.Utils$.tryWithSafeFinally(Utils.scala:94)
[2025-10-29T03:14:35.408+0700] {subprocess.py:93} INFO - 	at org.apache.spark.executor.Executor$TaskRunner.run(Executor.scala:623)
[2025-10-29T03:14:35.408+0700] {subprocess.py:93} INFO - 	at java.base/java.util.concurrent.ThreadPoolExecutor.runWorker(ThreadPoolExecutor.java:1136)
[2025-10-29T03:14:35.408+0700] {subprocess.py:93} INFO - 	at java.base/java.util.concurrent.ThreadPoolExecutor$Worker.run(ThreadPoolExecutor.java:635)
[2025-10-29T03:14:35.408+0700] {subprocess.py:93} INFO - 	at java.base/java.lang.Thread.run(Thread.java:840)
[2025-10-29T03:14:35.409+0700] {subprocess.py:93} INFO - 25/10/29 03:14:35 WARN TaskSetManager: Lost task 0.0 in stage 2.0 (TID 1) (dfeadd712fc3 executor driver): org.apache.spark.api.python.PythonException: Traceback (most recent call last):
[2025-10-29T03:14:35.409+0700] {subprocess.py:93} INFO -   File "/opt/***/projects/absa_streaming/scripts/consumer_postgres_streaming.py", line 73, in absa_infer_udf
[2025-10-29T03:14:35.409+0700] {subprocess.py:93} INFO -     _tokenizer = AutoTokenizer.from_pretrained(MODEL_NAME, use_fast=True)
[2025-10-29T03:14:35.409+0700] {subprocess.py:93} INFO -                  ^^^^^^^^^^^^^^^^^^^^^^^^^^^^^^^^^^^^^^^^^^^^^^^^^^^^^^^^
[2025-10-29T03:14:35.410+0700] {subprocess.py:93} INFO -   File "/home/***/.local/lib/python3.12/site-packages/transformers/models/auto/tokenization_auto.py", line 817, in from_pretrained
[2025-10-29T03:14:35.410+0700] {subprocess.py:93} INFO -     tokenizer_config = get_tokenizer_config(pretrained_model_name_or_path, **kwargs)
[2025-10-29T03:14:35.410+0700] {subprocess.py:93} INFO -                        ^^^^^^^^^^^^^^^^^^^^^^^^^^^^^^^^^^^^^^^^^^^^^^^^^^^^^^^^^^^^^
[2025-10-29T03:14:35.410+0700] {subprocess.py:93} INFO -   File "/home/***/.local/lib/python3.12/site-packages/transformers/models/auto/tokenization_auto.py", line 649, in get_tokenizer_config
[2025-10-29T03:14:35.411+0700] {subprocess.py:93} INFO -     resolved_config_file = cached_file(
[2025-10-29T03:14:35.411+0700] {subprocess.py:93} INFO -                            ^^^^^^^^^^^^
[2025-10-29T03:14:35.411+0700] {subprocess.py:93} INFO -   File "/home/***/.local/lib/python3.12/site-packages/transformers/utils/hub.py", line 462, in cached_file
[2025-10-29T03:14:35.411+0700] {subprocess.py:93} INFO -     except HFValidationError as e:
[2025-10-29T03:14:35.411+0700] {subprocess.py:93} INFO -   File "/home/***/.local/lib/python3.12/site-packages/huggingface_hub/utils/_validators.py", line 114, in _inner_fn
[2025-10-29T03:14:35.411+0700] {subprocess.py:93} INFO -     return fn(*args, **kwargs)
[2025-10-29T03:14:35.411+0700] {subprocess.py:93} INFO -            ^^^^^^^^^^^^^^^^^^^
[2025-10-29T03:14:35.411+0700] {subprocess.py:93} INFO -   File "/home/***/.local/lib/python3.12/site-packages/huggingface_hub/file_download.py", line 1007, in hf_hub_download
[2025-10-29T03:14:35.412+0700] {subprocess.py:93} INFO -     return _hf_hub_download_to_cache_dir(
[2025-10-29T03:14:35.412+0700] {subprocess.py:93} INFO -            ^^^^^^^^^^^^^^^^^^^^^^^^^^^^^^
[2025-10-29T03:14:35.412+0700] {subprocess.py:93} INFO -   File "/home/***/.local/lib/python3.12/site-packages/huggingface_hub/file_download.py", line 1124, in _hf_hub_download_to_cache_dir
[2025-10-29T03:14:35.412+0700] {subprocess.py:93} INFO -     os.makedirs(os.path.dirname(blob_path), exist_ok=True)
[2025-10-29T03:14:35.412+0700] {subprocess.py:93} INFO -   File "<frozen os>", line 216, in makedirs
[2025-10-29T03:14:35.413+0700] {subprocess.py:93} INFO -   File "<frozen os>", line 216, in makedirs
[2025-10-29T03:14:35.413+0700] {subprocess.py:93} INFO -   File "<frozen os>", line 216, in makedirs
[2025-10-29T03:14:35.413+0700] {subprocess.py:93} INFO -   File "<frozen os>", line 230, in makedirs
[2025-10-29T03:14:35.414+0700] {subprocess.py:93} INFO - PermissionError: [Errno 13] Permission denied: '/home/***/.cache/huggingface'
[2025-10-29T03:14:35.414+0700] {subprocess.py:93} INFO - 
[2025-10-29T03:14:35.414+0700] {subprocess.py:93} INFO - 	at org.apache.spark.api.python.BasePythonRunner$ReaderIterator.handlePythonException(PythonRunner.scala:572)
[2025-10-29T03:14:35.414+0700] {subprocess.py:93} INFO - 	at org.apache.spark.sql.execution.python.PythonArrowOutput$$anon$1.read(PythonArrowOutput.scala:118)
[2025-10-29T03:14:35.414+0700] {subprocess.py:93} INFO - 	at org.apache.spark.api.python.BasePythonRunner$ReaderIterator.hasNext(PythonRunner.scala:525)
[2025-10-29T03:14:35.415+0700] {subprocess.py:93} INFO - 	at org.apache.spark.InterruptibleIterator.hasNext(InterruptibleIterator.scala:37)
[2025-10-29T03:14:35.415+0700] {subprocess.py:93} INFO - 	at scala.collection.Iterator$$anon$11.hasNext(Iterator.scala:491)
[2025-10-29T03:14:35.415+0700] {subprocess.py:93} INFO - 	at scala.collection.Iterator$$anon$10.hasNext(Iterator.scala:460)
[2025-10-29T03:14:35.415+0700] {subprocess.py:93} INFO - 	at scala.collection.Iterator$$anon$10.hasNext(Iterator.scala:460)
[2025-10-29T03:14:35.415+0700] {subprocess.py:93} INFO - 	at org.apache.spark.sql.catalyst.expressions.GeneratedClass$GeneratedIteratorForCodegenStage1.hashAgg_doAggregateWithoutKey_0$(Unknown Source)
[2025-10-29T03:14:35.416+0700] {subprocess.py:93} INFO - 	at org.apache.spark.sql.catalyst.expressions.GeneratedClass$GeneratedIteratorForCodegenStage1.processNext(Unknown Source)
[2025-10-29T03:14:35.416+0700] {subprocess.py:93} INFO - 	at org.apache.spark.sql.execution.BufferedRowIterator.hasNext(BufferedRowIterator.java:43)
[2025-10-29T03:14:35.416+0700] {subprocess.py:93} INFO - 	at org.apache.spark.sql.execution.WholeStageCodegenEvaluatorFactory$WholeStageCodegenPartitionEvaluator$$anon$1.hasNext(WholeStageCodegenEvaluatorFactory.scala:43)
[2025-10-29T03:14:35.416+0700] {subprocess.py:93} INFO - 	at scala.collection.Iterator$$anon$10.hasNext(Iterator.scala:460)
[2025-10-29T03:14:35.417+0700] {subprocess.py:93} INFO - 	at org.apache.spark.shuffle.sort.BypassMergeSortShuffleWriter.write(BypassMergeSortShuffleWriter.java:140)
[2025-10-29T03:14:35.417+0700] {subprocess.py:93} INFO - 	at org.apache.spark.shuffle.ShuffleWriteProcessor.write(ShuffleWriteProcessor.scala:59)
[2025-10-29T03:14:35.417+0700] {subprocess.py:93} INFO - 	at org.apache.spark.scheduler.ShuffleMapTask.runTask(ShuffleMapTask.scala:104)
[2025-10-29T03:14:35.418+0700] {subprocess.py:93} INFO - 	at org.apache.spark.scheduler.ShuffleMapTask.runTask(ShuffleMapTask.scala:54)
[2025-10-29T03:14:35.418+0700] {subprocess.py:93} INFO - 	at org.apache.spark.TaskContext.runTaskWithListeners(TaskContext.scala:166)
[2025-10-29T03:14:35.418+0700] {subprocess.py:93} INFO - 	at org.apache.spark.scheduler.Task.run(Task.scala:141)
[2025-10-29T03:14:35.418+0700] {subprocess.py:93} INFO - 	at org.apache.spark.executor.Executor$TaskRunner.$anonfun$run$4(Executor.scala:620)
[2025-10-29T03:14:35.418+0700] {subprocess.py:93} INFO - 	at org.apache.spark.util.SparkErrorUtils.tryWithSafeFinally(SparkErrorUtils.scala:64)
[2025-10-29T03:14:35.418+0700] {subprocess.py:93} INFO - 	at org.apache.spark.util.SparkErrorUtils.tryWithSafeFinally$(SparkErrorUtils.scala:61)
[2025-10-29T03:14:35.419+0700] {subprocess.py:93} INFO - 	at org.apache.spark.util.Utils$.tryWithSafeFinally(Utils.scala:94)
[2025-10-29T03:14:35.419+0700] {subprocess.py:93} INFO - 	at org.apache.spark.executor.Executor$TaskRunner.run(Executor.scala:623)
[2025-10-29T03:14:35.419+0700] {subprocess.py:93} INFO - 	at java.base/java.util.concurrent.ThreadPoolExecutor.runWorker(ThreadPoolExecutor.java:1136)
[2025-10-29T03:14:35.419+0700] {subprocess.py:93} INFO - 	at java.base/java.util.concurrent.ThreadPoolExecutor$Worker.run(ThreadPoolExecutor.java:635)
[2025-10-29T03:14:35.419+0700] {subprocess.py:93} INFO - 	at java.base/java.lang.Thread.run(Thread.java:840)
[2025-10-29T03:14:35.419+0700] {subprocess.py:93} INFO - 
[2025-10-29T03:14:35.419+0700] {subprocess.py:93} INFO - 25/10/29 03:14:35 ERROR TaskSetManager: Task 0 in stage 2.0 failed 1 times; aborting job
[2025-10-29T03:14:35.486+0700] {subprocess.py:93} INFO - 25/10/29 03:14:35 ERROR MicroBatchExecution: Query [id = a2e32ad2-ae9e-46e9-b342-1e77380ec6af, runId = 91e32bc0-2c12-4bdd-a281-7a24ed332e7e] terminated with error
[2025-10-29T03:14:35.487+0700] {subprocess.py:93} INFO - py4j.Py4JException: An exception was raised by the Python Proxy. Return Message: Traceback (most recent call last):
[2025-10-29T03:14:35.487+0700] {subprocess.py:93} INFO -   File "/home/***/.local/lib/python3.12/site-packages/pyspark/python/lib/py4j-0.10.9.7-src.zip/py4j/clientserver.py", line 617, in _call_proxy
[2025-10-29T03:14:35.487+0700] {subprocess.py:93} INFO -     return_value = getattr(self.pool[obj_id], method)(*params)
[2025-10-29T03:14:35.487+0700] {subprocess.py:93} INFO -                    ^^^^^^^^^^^^^^^^^^^^^^^^^^^^^^^^^^^^^^^^^^^
[2025-10-29T03:14:35.487+0700] {subprocess.py:93} INFO -   File "/home/***/.local/lib/python3.12/site-packages/pyspark/python/lib/pyspark.zip/pyspark/sql/utils.py", line 120, in call
[2025-10-29T03:14:35.487+0700] {subprocess.py:93} INFO -     raise e
[2025-10-29T03:14:35.488+0700] {subprocess.py:93} INFO -   File "/home/***/.local/lib/python3.12/site-packages/pyspark/python/lib/pyspark.zip/pyspark/sql/utils.py", line 117, in call
[2025-10-29T03:14:35.488+0700] {subprocess.py:93} INFO -     self.func(DataFrame(jdf, wrapped_session_jdf), batch_id)
[2025-10-29T03:14:35.488+0700] {subprocess.py:93} INFO -   File "/opt/***/projects/absa_streaming/scripts/consumer_postgres_streaming.py", line 125, in write_to_postgres
[2025-10-29T03:14:35.488+0700] {subprocess.py:93} INFO -     total_rows = batch_df.count()
[2025-10-29T03:14:35.488+0700] {subprocess.py:93} INFO -                  ^^^^^^^^^^^^^^^^
[2025-10-29T03:14:35.489+0700] {subprocess.py:93} INFO -   File "/home/***/.local/lib/python3.12/site-packages/pyspark/python/lib/pyspark.zip/pyspark/sql/dataframe.py", line 1238, in count
[2025-10-29T03:14:35.489+0700] {subprocess.py:93} INFO -     return int(self._jdf.count())
[2025-10-29T03:14:35.489+0700] {subprocess.py:93} INFO -                ^^^^^^^^^^^^^^^^^
[2025-10-29T03:14:35.489+0700] {subprocess.py:93} INFO -   File "/home/***/.local/lib/python3.12/site-packages/pyspark/python/lib/py4j-0.10.9.7-src.zip/py4j/java_gateway.py", line 1322, in __call__
[2025-10-29T03:14:35.489+0700] {subprocess.py:93} INFO -     return_value = get_return_value(
[2025-10-29T03:14:35.489+0700] {subprocess.py:93} INFO -                    ^^^^^^^^^^^^^^^^^
[2025-10-29T03:14:35.490+0700] {subprocess.py:93} INFO -   File "/home/***/.local/lib/python3.12/site-packages/pyspark/python/lib/pyspark.zip/pyspark/errors/exceptions/captured.py", line 185, in deco
[2025-10-29T03:14:35.490+0700] {subprocess.py:93} INFO -     raise converted from None
[2025-10-29T03:14:35.490+0700] {subprocess.py:93} INFO - pyspark.errors.exceptions.captured.PythonException:
[2025-10-29T03:14:35.490+0700] {subprocess.py:93} INFO -   An exception was thrown from the Python worker. Please see the stack trace below.
[2025-10-29T03:14:35.490+0700] {subprocess.py:93} INFO - Traceback (most recent call last):
[2025-10-29T03:14:35.490+0700] {subprocess.py:93} INFO -   File "/opt/***/projects/absa_streaming/scripts/consumer_postgres_streaming.py", line 73, in absa_infer_udf
[2025-10-29T03:14:35.491+0700] {subprocess.py:93} INFO -     _tokenizer = AutoTokenizer.from_pretrained(MODEL_NAME, use_fast=True)
[2025-10-29T03:14:35.491+0700] {subprocess.py:93} INFO -                  ^^^^^^^^^^^^^^^^^^^^^^^^^^^^^^^^^^^^^^^^^^^^^^^^^^^^^^^^
[2025-10-29T03:14:35.491+0700] {subprocess.py:93} INFO -   File "/home/***/.local/lib/python3.12/site-packages/transformers/models/auto/tokenization_auto.py", line 817, in from_pretrained
[2025-10-29T03:14:35.491+0700] {subprocess.py:93} INFO -     tokenizer_config = get_tokenizer_config(pretrained_model_name_or_path, **kwargs)
[2025-10-29T03:14:35.491+0700] {subprocess.py:93} INFO -                        ^^^^^^^^^^^^^^^^^^^^^^^^^^^^^^^^^^^^^^^^^^^^^^^^^^^^^^^^^^^^^
[2025-10-29T03:14:35.491+0700] {subprocess.py:93} INFO -   File "/home/***/.local/lib/python3.12/site-packages/transformers/models/auto/tokenization_auto.py", line 649, in get_tokenizer_config
[2025-10-29T03:14:35.492+0700] {subprocess.py:93} INFO -     resolved_config_file = cached_file(
[2025-10-29T03:14:35.492+0700] {subprocess.py:93} INFO -                            ^^^^^^^^^^^^
[2025-10-29T03:14:35.492+0700] {subprocess.py:93} INFO -   File "/home/***/.local/lib/python3.12/site-packages/transformers/utils/hub.py", line 462, in cached_file
[2025-10-29T03:14:35.492+0700] {subprocess.py:93} INFO -     except HFValidationError as e:
[2025-10-29T03:14:35.492+0700] {subprocess.py:93} INFO -   File "/home/***/.local/lib/python3.12/site-packages/huggingface_hub/utils/_validators.py", line 114, in _inner_fn
[2025-10-29T03:14:35.493+0700] {subprocess.py:93} INFO -     return fn(*args, **kwargs)
[2025-10-29T03:14:35.493+0700] {subprocess.py:93} INFO -            ^^^^^^^^^^^^^^^^^^^
[2025-10-29T03:14:35.493+0700] {subprocess.py:93} INFO -   File "/home/***/.local/lib/python3.12/site-packages/huggingface_hub/file_download.py", line 1007, in hf_hub_download
[2025-10-29T03:14:35.493+0700] {subprocess.py:93} INFO -     return _hf_hub_download_to_cache_dir(
[2025-10-29T03:14:35.493+0700] {subprocess.py:93} INFO -            ^^^^^^^^^^^^^^^^^^^^^^^^^^^^^^
[2025-10-29T03:14:35.493+0700] {subprocess.py:93} INFO -   File "/home/***/.local/lib/python3.12/site-packages/huggingface_hub/file_download.py", line 1124, in _hf_hub_download_to_cache_dir
[2025-10-29T03:14:35.493+0700] {subprocess.py:93} INFO -     os.makedirs(os.path.dirname(blob_path), exist_ok=True)
[2025-10-29T03:14:35.494+0700] {subprocess.py:93} INFO -   File "<frozen os>", line 216, in makedirs
[2025-10-29T03:14:35.494+0700] {subprocess.py:93} INFO -   File "<frozen os>", line 216, in makedirs
[2025-10-29T03:14:35.494+0700] {subprocess.py:93} INFO -   File "<frozen os>", line 216, in makedirs
[2025-10-29T03:14:35.494+0700] {subprocess.py:93} INFO -   File "<frozen os>", line 230, in makedirs
[2025-10-29T03:14:35.494+0700] {subprocess.py:93} INFO - PermissionError: [Errno 13] Permission denied: '/home/***/.cache/huggingface'
[2025-10-29T03:14:35.494+0700] {subprocess.py:93} INFO - 
[2025-10-29T03:14:35.495+0700] {subprocess.py:93} INFO - 
[2025-10-29T03:14:35.495+0700] {subprocess.py:93} INFO - 	at py4j.Protocol.getReturnValue(Protocol.java:476)
[2025-10-29T03:14:35.495+0700] {subprocess.py:93} INFO - 	at py4j.reflection.PythonProxyHandler.invoke(PythonProxyHandler.java:108)
[2025-10-29T03:14:35.495+0700] {subprocess.py:93} INFO - 	at jdk.proxy3/jdk.proxy3.$Proxy32.call(Unknown Source)
[2025-10-29T03:14:35.495+0700] {subprocess.py:93} INFO - 	at org.apache.spark.sql.execution.streaming.sources.PythonForeachBatchHelper$.$anonfun$callForeachBatch$1(ForeachBatchSink.scala:53)
[2025-10-29T03:14:35.495+0700] {subprocess.py:93} INFO - 	at org.apache.spark.sql.execution.streaming.sources.PythonForeachBatchHelper$.$anonfun$callForeachBatch$1$adapted(ForeachBatchSink.scala:53)
[2025-10-29T03:14:35.495+0700] {subprocess.py:93} INFO - 	at org.apache.spark.sql.execution.streaming.sources.ForeachBatchSink.addBatch(ForeachBatchSink.scala:34)
[2025-10-29T03:14:35.496+0700] {subprocess.py:93} INFO - 	at org.apache.spark.sql.execution.streaming.MicroBatchExecution.$anonfun$runBatch$17(MicroBatchExecution.scala:732)
[2025-10-29T03:14:35.496+0700] {subprocess.py:93} INFO - 	at org.apache.spark.sql.execution.SQLExecution$.$anonfun$withNewExecutionId$6(SQLExecution.scala:125)
[2025-10-29T03:14:35.496+0700] {subprocess.py:93} INFO - 	at org.apache.spark.sql.execution.SQLExecution$.withSQLConfPropagated(SQLExecution.scala:201)
[2025-10-29T03:14:35.496+0700] {subprocess.py:93} INFO - 	at org.apache.spark.sql.execution.SQLExecution$.$anonfun$withNewExecutionId$1(SQLExecution.scala:108)
[2025-10-29T03:14:35.496+0700] {subprocess.py:93} INFO - 	at org.apache.spark.sql.SparkSession.withActive(SparkSession.scala:900)
[2025-10-29T03:14:35.496+0700] {subprocess.py:93} INFO - 	at org.apache.spark.sql.execution.SQLExecution$.withNewExecutionId(SQLExecution.scala:66)
[2025-10-29T03:14:35.496+0700] {subprocess.py:93} INFO - 	at org.apache.spark.sql.execution.streaming.MicroBatchExecution.$anonfun$runBatch$16(MicroBatchExecution.scala:729)
[2025-10-29T03:14:35.497+0700] {subprocess.py:93} INFO - 	at org.apache.spark.sql.execution.streaming.ProgressReporter.reportTimeTaken(ProgressReporter.scala:427)
[2025-10-29T03:14:35.497+0700] {subprocess.py:93} INFO - 	at org.apache.spark.sql.execution.streaming.ProgressReporter.reportTimeTaken$(ProgressReporter.scala:425)
[2025-10-29T03:14:35.497+0700] {subprocess.py:93} INFO - 	at org.apache.spark.sql.execution.streaming.StreamExecution.reportTimeTaken(StreamExecution.scala:67)
[2025-10-29T03:14:35.497+0700] {subprocess.py:93} INFO - 	at org.apache.spark.sql.execution.streaming.MicroBatchExecution.runBatch(MicroBatchExecution.scala:729)
[2025-10-29T03:14:35.497+0700] {subprocess.py:93} INFO - 	at org.apache.spark.sql.execution.streaming.MicroBatchExecution.$anonfun$runActivatedStream$2(MicroBatchExecution.scala:286)
[2025-10-29T03:14:35.497+0700] {subprocess.py:93} INFO - 	at scala.runtime.java8.JFunction0$mcV$sp.apply(JFunction0$mcV$sp.java:23)
[2025-10-29T03:14:35.498+0700] {subprocess.py:93} INFO - 	at org.apache.spark.sql.execution.streaming.ProgressReporter.reportTimeTaken(ProgressReporter.scala:427)
[2025-10-29T03:14:35.498+0700] {subprocess.py:93} INFO - 	at org.apache.spark.sql.execution.streaming.ProgressReporter.reportTimeTaken$(ProgressReporter.scala:425)
[2025-10-29T03:14:35.498+0700] {subprocess.py:93} INFO - 	at org.apache.spark.sql.execution.streaming.StreamExecution.reportTimeTaken(StreamExecution.scala:67)
[2025-10-29T03:14:35.498+0700] {subprocess.py:93} INFO - 	at org.apache.spark.sql.execution.streaming.MicroBatchExecution.$anonfun$runActivatedStream$1(MicroBatchExecution.scala:249)
[2025-10-29T03:14:35.498+0700] {subprocess.py:93} INFO - 	at org.apache.spark.sql.execution.streaming.ProcessingTimeExecutor.execute(TriggerExecutor.scala:67)
[2025-10-29T03:14:35.498+0700] {subprocess.py:93} INFO - 	at org.apache.spark.sql.execution.streaming.MicroBatchExecution.runActivatedStream(MicroBatchExecution.scala:239)
[2025-10-29T03:14:35.498+0700] {subprocess.py:93} INFO - 	at org.apache.spark.sql.execution.streaming.StreamExecution.$anonfun$runStream$1(StreamExecution.scala:311)
[2025-10-29T03:14:35.499+0700] {subprocess.py:93} INFO - 	at scala.runtime.java8.JFunction0$mcV$sp.apply(JFunction0$mcV$sp.java:23)
[2025-10-29T03:14:35.499+0700] {subprocess.py:93} INFO - 	at org.apache.spark.sql.SparkSession.withActive(SparkSession.scala:900)
[2025-10-29T03:14:35.499+0700] {subprocess.py:93} INFO - 	at org.apache.spark.sql.execution.streaming.StreamExecution.org$apache$spark$sql$execution$streaming$StreamExecution$$runStream(StreamExecution.scala:289)
[2025-10-29T03:14:35.499+0700] {subprocess.py:93} INFO - 	at org.apache.spark.sql.execution.streaming.StreamExecution$$anon$1.$anonfun$run$1(StreamExecution.scala:211)
[2025-10-29T03:14:35.499+0700] {subprocess.py:93} INFO - 	at scala.runtime.java8.JFunction0$mcV$sp.apply(JFunction0$mcV$sp.java:23)
[2025-10-29T03:14:35.499+0700] {subprocess.py:93} INFO - 	at org.apache.spark.JobArtifactSet$.withActiveJobArtifactState(JobArtifactSet.scala:94)
[2025-10-29T03:14:35.499+0700] {subprocess.py:93} INFO - 	at org.apache.spark.sql.execution.streaming.StreamExecution$$anon$1.run(StreamExecution.scala:211)
[2025-10-29T03:14:35.550+0700] {subprocess.py:93} INFO - Traceback (most recent call last):
[2025-10-29T03:14:35.551+0700] {subprocess.py:93} INFO -   File "/opt/***/projects/absa_streaming/scripts/consumer_postgres_streaming.py", line 175, in <module>
[2025-10-29T03:14:35.551+0700] {subprocess.py:93} INFO -     query.awaitTermination()
[2025-10-29T03:14:35.551+0700] {subprocess.py:93} INFO -   File "/home/***/.local/lib/python3.12/site-packages/pyspark/python/lib/pyspark.zip/pyspark/sql/streaming/query.py", line 221, in awaitTermination
[2025-10-29T03:14:35.551+0700] {subprocess.py:93} INFO -   File "/home/***/.local/lib/python3.12/site-packages/pyspark/python/lib/py4j-0.10.9.7-src.zip/py4j/java_gateway.py", line 1322, in __call__
[2025-10-29T03:14:35.551+0700] {subprocess.py:93} INFO -   File "/home/***/.local/lib/python3.12/site-packages/pyspark/python/lib/pyspark.zip/pyspark/errors/exceptions/captured.py", line 185, in deco
[2025-10-29T03:14:35.553+0700] {subprocess.py:93} INFO - pyspark.errors.exceptions.captured.StreamingQueryException: [STREAM_FAILED] Query [id = a2e32ad2-ae9e-46e9-b342-1e77380ec6af, runId = 91e32bc0-2c12-4bdd-a281-7a24ed332e7e] terminated with exception: An exception was raised by the Python Proxy. Return Message: Traceback (most recent call last):
[2025-10-29T03:14:35.553+0700] {subprocess.py:93} INFO -   File "/home/***/.local/lib/python3.12/site-packages/pyspark/python/lib/py4j-0.10.9.7-src.zip/py4j/clientserver.py", line 617, in _call_proxy
[2025-10-29T03:14:35.553+0700] {subprocess.py:93} INFO -     return_value = getattr(self.pool[obj_id], method)(*params)
[2025-10-29T03:14:35.553+0700] {subprocess.py:93} INFO -                    ^^^^^^^^^^^^^^^^^^^^^^^^^^^^^^^^^^^^^^^^^^^
[2025-10-29T03:14:35.553+0700] {subprocess.py:93} INFO -   File "/home/***/.local/lib/python3.12/site-packages/pyspark/python/lib/pyspark.zip/pyspark/sql/utils.py", line 120, in call
[2025-10-29T03:14:35.553+0700] {subprocess.py:93} INFO -     raise e
[2025-10-29T03:14:35.553+0700] {subprocess.py:93} INFO -   File "/home/***/.local/lib/python3.12/site-packages/pyspark/python/lib/pyspark.zip/pyspark/sql/utils.py", line 117, in call
[2025-10-29T03:14:35.554+0700] {subprocess.py:93} INFO -     self.func(DataFrame(jdf, wrapped_session_jdf), batch_id)
[2025-10-29T03:14:35.554+0700] {subprocess.py:93} INFO -   File "/opt/***/projects/absa_streaming/scripts/consumer_postgres_streaming.py", line 125, in write_to_postgres
[2025-10-29T03:14:35.555+0700] {subprocess.py:93} INFO -     total_rows = batch_df.count()
[2025-10-29T03:14:35.555+0700] {subprocess.py:93} INFO -                  ^^^^^^^^^^^^^^^^
[2025-10-29T03:14:35.556+0700] {subprocess.py:93} INFO -   File "/home/***/.local/lib/python3.12/site-packages/pyspark/python/lib/pyspark.zip/pyspark/sql/dataframe.py", line 1238, in count
[2025-10-29T03:14:35.556+0700] {subprocess.py:93} INFO -     return int(self._jdf.count())
[2025-10-29T03:14:35.557+0700] {subprocess.py:93} INFO -                ^^^^^^^^^^^^^^^^^
[2025-10-29T03:14:35.557+0700] {subprocess.py:93} INFO -   File "/home/***/.local/lib/python3.12/site-packages/pyspark/python/lib/py4j-0.10.9.7-src.zip/py4j/java_gateway.py", line 1322, in __call__
[2025-10-29T03:14:35.557+0700] {subprocess.py:93} INFO -     return_value = get_return_value(
[2025-10-29T03:14:35.557+0700] {subprocess.py:93} INFO -                    ^^^^^^^^^^^^^^^^^
[2025-10-29T03:14:35.558+0700] {subprocess.py:93} INFO -   File "/home/***/.local/lib/python3.12/site-packages/pyspark/python/lib/pyspark.zip/pyspark/errors/exceptions/captured.py", line 185, in deco
[2025-10-29T03:14:35.558+0700] {subprocess.py:93} INFO -     raise converted from None
[2025-10-29T03:14:35.558+0700] {subprocess.py:93} INFO - pyspark.errors.exceptions.captured.PythonException:
[2025-10-29T03:14:35.558+0700] {subprocess.py:93} INFO -   An exception was thrown from the Python worker. Please see the stack trace below.
[2025-10-29T03:14:35.558+0700] {subprocess.py:93} INFO - Traceback (most recent call last):
[2025-10-29T03:14:35.559+0700] {subprocess.py:93} INFO -   File "/opt/***/projects/absa_streaming/scripts/consumer_postgres_streaming.py", line 73, in absa_infer_udf
[2025-10-29T03:14:35.559+0700] {subprocess.py:93} INFO -     _tokenizer = AutoTokenizer.from_pretrained(MODEL_NAME, use_fast=True)
[2025-10-29T03:14:35.559+0700] {subprocess.py:93} INFO -                  ^^^^^^^^^^^^^^^^^^^^^^^^^^^^^^^^^^^^^^^^^^^^^^^^^^^^^^^^
[2025-10-29T03:14:35.559+0700] {subprocess.py:93} INFO -   File "/home/***/.local/lib/python3.12/site-packages/transformers/models/auto/tokenization_auto.py", line 817, in from_pretrained
[2025-10-29T03:14:35.559+0700] {subprocess.py:93} INFO -     tokenizer_config = get_tokenizer_config(pretrained_model_name_or_path, **kwargs)
[2025-10-29T03:14:35.560+0700] {subprocess.py:93} INFO -                        ^^^^^^^^^^^^^^^^^^^^^^^^^^^^^^^^^^^^^^^^^^^^^^^^^^^^^^^^^^^^^
[2025-10-29T03:14:35.560+0700] {subprocess.py:93} INFO -   File "/home/***/.local/lib/python3.12/site-packages/transformers/models/auto/tokenization_auto.py", line 649, in get_tokenizer_config
[2025-10-29T03:14:35.560+0700] {subprocess.py:93} INFO -     resolved_config_file = cached_file(
[2025-10-29T03:14:35.560+0700] {subprocess.py:93} INFO -                            ^^^^^^^^^^^^
[2025-10-29T03:14:35.560+0700] {subprocess.py:93} INFO -   File "/home/***/.local/lib/python3.12/site-packages/transformers/utils/hub.py", line 462, in cached_file
[2025-10-29T03:14:35.561+0700] {subprocess.py:93} INFO -     except HFValidationError as e:
[2025-10-29T03:14:35.561+0700] {subprocess.py:93} INFO -   File "/home/***/.local/lib/python3.12/site-packages/huggingface_hub/utils/_validators.py", line 114, in _inner_fn
[2025-10-29T03:14:35.561+0700] {subprocess.py:93} INFO -     return fn(*args, **kwargs)
[2025-10-29T03:14:35.561+0700] {subprocess.py:93} INFO -            ^^^^^^^^^^^^^^^^^^^
[2025-10-29T03:14:35.561+0700] {subprocess.py:93} INFO -   File "/home/***/.local/lib/python3.12/site-packages/huggingface_hub/file_download.py", line 1007, in hf_hub_download
[2025-10-29T03:14:35.562+0700] {subprocess.py:93} INFO -     return _hf_hub_download_to_cache_dir(
[2025-10-29T03:14:35.562+0700] {subprocess.py:93} INFO -            ^^^^^^^^^^^^^^^^^^^^^^^^^^^^^^
[2025-10-29T03:14:35.562+0700] {subprocess.py:93} INFO -   File "/home/***/.local/lib/python3.12/site-packages/huggingface_hub/file_download.py", line 1124, in _hf_hub_download_to_cache_dir
[2025-10-29T03:14:35.562+0700] {subprocess.py:93} INFO -     os.makedirs(os.path.dirname(blob_path), exist_ok=True)
[2025-10-29T03:14:35.562+0700] {subprocess.py:93} INFO -   File "<frozen os>", line 216, in makedirs
[2025-10-29T03:14:35.562+0700] {subprocess.py:93} INFO -   File "<frozen os>", line 216, in makedirs
[2025-10-29T03:14:35.562+0700] {subprocess.py:93} INFO -   File "<frozen os>", line 216, in makedirs
[2025-10-29T03:14:35.562+0700] {subprocess.py:93} INFO -   File "<frozen os>", line 230, in makedirs
[2025-10-29T03:14:35.563+0700] {subprocess.py:93} INFO - PermissionError: [Errno 13] Permission denied: '/home/***/.cache/huggingface'
[2025-10-29T03:14:35.563+0700] {subprocess.py:93} INFO - 
[2025-10-29T03:14:35.563+0700] {subprocess.py:93} INFO - 
[2025-10-29T03:14:36.152+0700] {subprocess.py:97} INFO - Command exited with return code 1
[2025-10-29T03:14:36.152+0700] {taskinstance.py:441} INFO - ::group::Post task execution logs
[2025-10-29T03:14:36.159+0700] {taskinstance.py:2890} ERROR - Task failed with exception
Traceback (most recent call last):
  File "/home/airflow/.local/lib/python3.12/site-packages/airflow/models/taskinstance.py", line 460, in _execute_task
    result = _execute_callable(context=context, **execute_callable_kwargs)
             ^^^^^^^^^^^^^^^^^^^^^^^^^^^^^^^^^^^^^^^^^^^^^^^^^^^^^^^^^^^^^
  File "/home/airflow/.local/lib/python3.12/site-packages/airflow/models/taskinstance.py", line 432, in _execute_callable
    return execute_callable(context=context, **execute_callable_kwargs)
           ^^^^^^^^^^^^^^^^^^^^^^^^^^^^^^^^^^^^^^^^^^^^^^^^^^^^^^^^^^^^
  File "/home/airflow/.local/lib/python3.12/site-packages/airflow/models/baseoperator.py", line 400, in wrapper
    return func(self, *args, **kwargs)
           ^^^^^^^^^^^^^^^^^^^^^^^^^^^
  File "/home/airflow/.local/lib/python3.12/site-packages/airflow/operators/bash.py", line 243, in execute
    raise AirflowException(
airflow.exceptions.AirflowException: Bash command failed. The command returned a non-zero exit code 1.
[2025-10-29T03:14:36.163+0700] {taskinstance.py:1205} INFO - Marking task as UP_FOR_RETRY. dag_id=absa_streaming_lifecycle_demo1, task_id=deploy_consumer, execution_date=20251028T200718, start_date=20251028T201418, end_date=20251028T201436
[2025-10-29T03:14:36.172+0700] {standard_task_runner.py:110} ERROR - Failed to execute job 12 for task deploy_consumer (Bash command failed. The command returned a non-zero exit code 1.; 2478)
[2025-10-29T03:14:36.188+0700] {local_task_job_runner.py:240} INFO - Task exited with return code 1
[2025-10-29T03:14:36.202+0700] {taskinstance.py:3482} INFO - 0 downstream tasks scheduled from follow-on schedule check
[2025-10-29T03:14:36.203+0700] {local_task_job_runner.py:222} INFO - ::endgroup::
