[2025-10-29T03:28:51.830+0700] {local_task_job_runner.py:120} INFO - ::group::Pre task execution logs
[2025-10-29T03:28:51.842+0700] {taskinstance.py:2073} INFO - Dependencies all met for dep_context=non-requeueable deps ti=<TaskInstance: absa_streaming_lifecycle_demo1.deploy_consumer manual__2025-10-28T20:07:18.155316+00:00 [queued]>
[2025-10-29T03:28:51.846+0700] {taskinstance.py:2073} INFO - Dependencies all met for dep_context=requeueable deps ti=<TaskInstance: absa_streaming_lifecycle_demo1.deploy_consumer manual__2025-10-28T20:07:18.155316+00:00 [queued]>
[2025-10-29T03:28:51.846+0700] {taskinstance.py:2303} INFO - Starting attempt 11 of 11
[2025-10-29T03:28:51.854+0700] {taskinstance.py:2327} INFO - Executing <Task(BashOperator): deploy_consumer> on 2025-10-28 20:07:18.155316+00:00
[2025-10-29T03:28:51.861+0700] {warnings.py:110} WARNING - /home/***/.local/lib/python3.12/site-packages/***/task/task_runner/standard_task_runner.py:61: DeprecationWarning: This process (pid=9074) is multi-threaded, use of fork() may lead to deadlocks in the child.
  pid = os.fork()

[2025-10-29T03:28:51.862+0700] {standard_task_runner.py:63} INFO - Started process 9076 to run task
[2025-10-29T03:28:51.862+0700] {standard_task_runner.py:90} INFO - Running: ['***', 'tasks', 'run', 'absa_streaming_lifecycle_demo1', 'deploy_consumer', 'manual__2025-10-28T20:07:18.155316+00:00', '--job-id', '27', '--raw', '--subdir', 'DAGS_FOLDER/absa_streaming_lifecycle_dag1.py', '--cfg-path', '/tmp/tmpoxac1v7z']
[2025-10-29T03:28:51.864+0700] {standard_task_runner.py:91} INFO - Job 27: Subtask deploy_consumer
[2025-10-29T03:28:51.889+0700] {task_command.py:426} INFO - Running <TaskInstance: absa_streaming_lifecycle_demo1.deploy_consumer manual__2025-10-28T20:07:18.155316+00:00 [running]> on host dfeadd712fc3
[2025-10-29T03:28:51.929+0700] {taskinstance.py:2644} INFO - Exporting env vars: AIRFLOW_CTX_DAG_OWNER='***' AIRFLOW_CTX_DAG_ID='absa_streaming_lifecycle_demo1' AIRFLOW_CTX_TASK_ID='deploy_consumer' AIRFLOW_CTX_EXECUTION_DATE='2025-10-28T20:07:18.155316+00:00' AIRFLOW_CTX_TRY_NUMBER='11' AIRFLOW_CTX_DAG_RUN_ID='manual__2025-10-28T20:07:18.155316+00:00'
[2025-10-29T03:28:51.930+0700] {taskinstance.py:430} INFO - ::endgroup::
[2025-10-29T03:28:51.930+0700] {subprocess.py:63} INFO - Tmp dir root location: /tmp
[2025-10-29T03:28:51.931+0700] {subprocess.py:75} INFO - Running command: ['/usr/bin/bash', '-c', 'bash -c "timeout 45m /opt/***/projects/absa_streaming/scripts/run_consumer.sh"']
[2025-10-29T03:28:51.941+0700] {subprocess.py:86} INFO - Output:
[2025-10-29T03:28:51.946+0700] {subprocess.py:93} INFO - [Consumer] Starting Spark Structured Streaming job...
[2025-10-29T03:28:51.978+0700] {subprocess.py:93} INFO - /home/***/.local/lib/python3.12/site-packages/pyspark/bin/load-spark-env.sh: line 68: ps: command not found
[2025-10-29T03:28:52.961+0700] {subprocess.py:93} INFO - :: loading settings :: url = jar:file:/home/***/.local/lib/python3.12/site-packages/pyspark/jars/ivy-2.5.1.jar!/org/apache/ivy/core/settings/ivysettings.xml
[2025-10-29T03:28:53.010+0700] {subprocess.py:93} INFO - Ivy Default Cache set to: /home/***/.ivy2/cache
[2025-10-29T03:28:53.010+0700] {subprocess.py:93} INFO - The jars for the packages stored in: /home/***/.ivy2/jars
[2025-10-29T03:28:53.013+0700] {subprocess.py:93} INFO - org.apache.spark#spark-sql-kafka-0-10_2.12 added as a dependency
[2025-10-29T03:28:53.013+0700] {subprocess.py:93} INFO - org.postgresql#postgresql added as a dependency
[2025-10-29T03:28:53.014+0700] {subprocess.py:93} INFO - :: resolving dependencies :: org.apache.spark#spark-submit-parent-71106466-6a38-4173-87d1-668e74f71e17;1.0
[2025-10-29T03:28:53.014+0700] {subprocess.py:93} INFO - 	confs: [default]
[2025-10-29T03:28:53.139+0700] {subprocess.py:93} INFO - 	found org.apache.spark#spark-sql-kafka-0-10_2.12;3.5.1 in central
[2025-10-29T03:28:53.190+0700] {subprocess.py:93} INFO - 	found org.apache.spark#spark-token-provider-kafka-0-10_2.12;3.5.1 in central
[2025-10-29T03:28:53.208+0700] {subprocess.py:93} INFO - 	found org.apache.kafka#kafka-clients;3.4.1 in central
[2025-10-29T03:28:53.225+0700] {subprocess.py:93} INFO - 	found org.lz4#lz4-java;1.8.0 in central
[2025-10-29T03:28:53.239+0700] {subprocess.py:93} INFO - 	found org.xerial.snappy#snappy-java;1.1.10.3 in central
[2025-10-29T03:28:53.254+0700] {subprocess.py:93} INFO - 	found org.slf4j#slf4j-api;2.0.7 in central
[2025-10-29T03:28:53.274+0700] {subprocess.py:93} INFO - 	found org.apache.hadoop#hadoop-client-runtime;3.3.4 in central
[2025-10-29T03:28:53.295+0700] {subprocess.py:93} INFO - 	found org.apache.hadoop#hadoop-client-api;3.3.4 in central
[2025-10-29T03:28:53.312+0700] {subprocess.py:93} INFO - 	found commons-logging#commons-logging;1.1.3 in central
[2025-10-29T03:28:53.324+0700] {subprocess.py:93} INFO - 	found com.google.code.findbugs#jsr305;3.0.0 in central
[2025-10-29T03:28:53.334+0700] {subprocess.py:93} INFO - 	found org.apache.commons#commons-pool2;2.11.1 in central
[2025-10-29T03:28:53.343+0700] {subprocess.py:93} INFO - 	found org.postgresql#postgresql;42.6.0 in central
[2025-10-29T03:28:53.350+0700] {subprocess.py:93} INFO - 	found org.checkerframework#checker-qual;3.31.0 in central
[2025-10-29T03:28:53.368+0700] {subprocess.py:93} INFO - :: resolution report :: resolve 344ms :: artifacts dl 10ms
[2025-10-29T03:28:53.369+0700] {subprocess.py:93} INFO - 	:: modules in use:
[2025-10-29T03:28:53.369+0700] {subprocess.py:93} INFO - 	com.google.code.findbugs#jsr305;3.0.0 from central in [default]
[2025-10-29T03:28:53.369+0700] {subprocess.py:93} INFO - 	commons-logging#commons-logging;1.1.3 from central in [default]
[2025-10-29T03:28:53.369+0700] {subprocess.py:93} INFO - 	org.apache.commons#commons-pool2;2.11.1 from central in [default]
[2025-10-29T03:28:53.369+0700] {subprocess.py:93} INFO - 	org.apache.hadoop#hadoop-client-api;3.3.4 from central in [default]
[2025-10-29T03:28:53.369+0700] {subprocess.py:93} INFO - 	org.apache.hadoop#hadoop-client-runtime;3.3.4 from central in [default]
[2025-10-29T03:28:53.370+0700] {subprocess.py:93} INFO - 	org.apache.kafka#kafka-clients;3.4.1 from central in [default]
[2025-10-29T03:28:53.370+0700] {subprocess.py:93} INFO - 	org.apache.spark#spark-sql-kafka-0-10_2.12;3.5.1 from central in [default]
[2025-10-29T03:28:53.370+0700] {subprocess.py:93} INFO - 	org.apache.spark#spark-token-provider-kafka-0-10_2.12;3.5.1 from central in [default]
[2025-10-29T03:28:53.370+0700] {subprocess.py:93} INFO - 	org.checkerframework#checker-qual;3.31.0 from central in [default]
[2025-10-29T03:28:53.370+0700] {subprocess.py:93} INFO - 	org.lz4#lz4-java;1.8.0 from central in [default]
[2025-10-29T03:28:53.370+0700] {subprocess.py:93} INFO - 	org.postgresql#postgresql;42.6.0 from central in [default]
[2025-10-29T03:28:53.370+0700] {subprocess.py:93} INFO - 	org.slf4j#slf4j-api;2.0.7 from central in [default]
[2025-10-29T03:28:53.371+0700] {subprocess.py:93} INFO - 	org.xerial.snappy#snappy-java;1.1.10.3 from central in [default]
[2025-10-29T03:28:53.371+0700] {subprocess.py:93} INFO - 	---------------------------------------------------------------------
[2025-10-29T03:28:53.371+0700] {subprocess.py:93} INFO - 	|                  |            modules            ||   artifacts   |
[2025-10-29T03:28:53.371+0700] {subprocess.py:93} INFO - 	|       conf       | number| search|dwnlded|evicted|| number|dwnlded|
[2025-10-29T03:28:53.371+0700] {subprocess.py:93} INFO - 	---------------------------------------------------------------------
[2025-10-29T03:28:53.371+0700] {subprocess.py:93} INFO - 	|      default     |   13  |   0   |   0   |   0   ||   13  |   0   |
[2025-10-29T03:28:53.372+0700] {subprocess.py:93} INFO - 	---------------------------------------------------------------------
[2025-10-29T03:28:53.374+0700] {subprocess.py:93} INFO - :: retrieving :: org.apache.spark#spark-submit-parent-71106466-6a38-4173-87d1-668e74f71e17
[2025-10-29T03:28:53.374+0700] {subprocess.py:93} INFO - 	confs: [default]
[2025-10-29T03:28:53.381+0700] {subprocess.py:93} INFO - 	0 artifacts copied, 13 already retrieved (0kB/7ms)
[2025-10-29T03:28:53.511+0700] {subprocess.py:93} INFO - 25/10/29 03:28:53 WARN NativeCodeLoader: Unable to load native-hadoop library for your platform... using builtin-java classes where applicable
[2025-10-29T03:28:56.835+0700] {subprocess.py:93} INFO - There was a problem when trying to write in your cache folder (/home/***/.cache/huggingface/hub). You should set the environment variable TRANSFORMERS_CACHE to a writable directory.
[2025-10-29T03:28:56.943+0700] {subprocess.py:93} INFO - 25/10/29 03:28:56 INFO SparkContext: Running Spark version 3.5.1
[2025-10-29T03:28:56.944+0700] {subprocess.py:93} INFO - 25/10/29 03:28:56 INFO SparkContext: OS info Linux, 6.14.0-33-generic, amd64
[2025-10-29T03:28:56.944+0700] {subprocess.py:93} INFO - 25/10/29 03:28:56 INFO SparkContext: Java version 17.0.17
[2025-10-29T03:28:56.955+0700] {subprocess.py:93} INFO - 25/10/29 03:28:56 INFO ResourceUtils: ==============================================================
[2025-10-29T03:28:56.955+0700] {subprocess.py:93} INFO - 25/10/29 03:28:56 INFO ResourceUtils: No custom resources configured for spark.driver.
[2025-10-29T03:28:56.955+0700] {subprocess.py:93} INFO - 25/10/29 03:28:56 INFO ResourceUtils: ==============================================================
[2025-10-29T03:28:56.955+0700] {subprocess.py:93} INFO - 25/10/29 03:28:56 INFO SparkContext: Submitted application: Kafka_ABSA_Postgres
[2025-10-29T03:28:56.968+0700] {subprocess.py:93} INFO - 25/10/29 03:28:56 INFO ResourceProfile: Default ResourceProfile created, executor resources: Map(cores -> name: cores, amount: 1, script: , vendor: , memory -> name: memory, amount: 1024, script: , vendor: , offHeap -> name: offHeap, amount: 0, script: , vendor: ), task resources: Map(cpus -> name: cpus, amount: 1.0)
[2025-10-29T03:28:56.973+0700] {subprocess.py:93} INFO - 25/10/29 03:28:56 INFO ResourceProfile: Limiting resource is cpu
[2025-10-29T03:28:56.973+0700] {subprocess.py:93} INFO - 25/10/29 03:28:56 INFO ResourceProfileManager: Added ResourceProfile id: 0
[2025-10-29T03:28:57.004+0700] {subprocess.py:93} INFO - 25/10/29 03:28:57 INFO SecurityManager: Changing view acls to: default
[2025-10-29T03:28:57.004+0700] {subprocess.py:93} INFO - 25/10/29 03:28:57 INFO SecurityManager: Changing modify acls to: default
[2025-10-29T03:28:57.004+0700] {subprocess.py:93} INFO - 25/10/29 03:28:57 INFO SecurityManager: Changing view acls groups to:
[2025-10-29T03:28:57.005+0700] {subprocess.py:93} INFO - 25/10/29 03:28:57 INFO SecurityManager: Changing modify acls groups to:
[2025-10-29T03:28:57.005+0700] {subprocess.py:93} INFO - 25/10/29 03:28:57 INFO SecurityManager: SecurityManager: authentication disabled; ui acls disabled; users with view permissions: default; groups with view permissions: EMPTY; users with modify permissions: default; groups with modify permissions: EMPTY
[2025-10-29T03:28:57.121+0700] {subprocess.py:93} INFO - 25/10/29 03:28:57 INFO Utils: Successfully started service 'sparkDriver' on port 43581.
[2025-10-29T03:28:57.141+0700] {subprocess.py:93} INFO - 25/10/29 03:28:57 INFO SparkEnv: Registering MapOutputTracker
[2025-10-29T03:28:57.160+0700] {subprocess.py:93} INFO - 25/10/29 03:28:57 INFO SparkEnv: Registering BlockManagerMaster
[2025-10-29T03:28:57.170+0700] {subprocess.py:93} INFO - 25/10/29 03:28:57 INFO BlockManagerMasterEndpoint: Using org.apache.spark.storage.DefaultTopologyMapper for getting topology information
[2025-10-29T03:28:57.170+0700] {subprocess.py:93} INFO - 25/10/29 03:28:57 INFO BlockManagerMasterEndpoint: BlockManagerMasterEndpoint up
[2025-10-29T03:28:57.172+0700] {subprocess.py:93} INFO - 25/10/29 03:28:57 INFO SparkEnv: Registering BlockManagerMasterHeartbeat
[2025-10-29T03:28:57.183+0700] {subprocess.py:93} INFO - 25/10/29 03:28:57 INFO DiskBlockManager: Created local directory at /tmp/blockmgr-df95d346-28dd-407f-96cf-5e630b06e4f5
[2025-10-29T03:28:57.192+0700] {subprocess.py:93} INFO - 25/10/29 03:28:57 INFO MemoryStore: MemoryStore started with capacity 434.4 MiB
[2025-10-29T03:28:57.201+0700] {subprocess.py:93} INFO - 25/10/29 03:28:57 INFO SparkEnv: Registering OutputCommitCoordinator
[2025-10-29T03:28:57.273+0700] {subprocess.py:93} INFO - 25/10/29 03:28:57 INFO JettyUtils: Start Jetty 0.0.0.0:4040 for SparkUI
[2025-10-29T03:28:57.307+0700] {subprocess.py:93} INFO - 25/10/29 03:28:57 INFO Utils: Successfully started service 'SparkUI' on port 4040.
[2025-10-29T03:28:57.331+0700] {subprocess.py:93} INFO - 25/10/29 03:28:57 INFO SparkContext: Added JAR file:///home/***/.ivy2/jars/org.apache.spark_spark-sql-kafka-0-10_2.12-3.5.1.jar at spark://dfeadd712fc3:43581/jars/org.apache.spark_spark-sql-kafka-0-10_2.12-3.5.1.jar with timestamp 1761683336940
[2025-10-29T03:28:57.332+0700] {subprocess.py:93} INFO - 25/10/29 03:28:57 INFO SparkContext: Added JAR file:///home/***/.ivy2/jars/org.postgresql_postgresql-42.6.0.jar at spark://dfeadd712fc3:43581/jars/org.postgresql_postgresql-42.6.0.jar with timestamp 1761683336940
[2025-10-29T03:28:57.332+0700] {subprocess.py:93} INFO - 25/10/29 03:28:57 INFO SparkContext: Added JAR file:///home/***/.ivy2/jars/org.apache.spark_spark-token-provider-kafka-0-10_2.12-3.5.1.jar at spark://dfeadd712fc3:43581/jars/org.apache.spark_spark-token-provider-kafka-0-10_2.12-3.5.1.jar with timestamp 1761683336940
[2025-10-29T03:28:57.332+0700] {subprocess.py:93} INFO - 25/10/29 03:28:57 INFO SparkContext: Added JAR file:///home/***/.ivy2/jars/org.apache.kafka_kafka-clients-3.4.1.jar at spark://dfeadd712fc3:43581/jars/org.apache.kafka_kafka-clients-3.4.1.jar with timestamp 1761683336940
[2025-10-29T03:28:57.332+0700] {subprocess.py:93} INFO - 25/10/29 03:28:57 INFO SparkContext: Added JAR file:///home/***/.ivy2/jars/com.google.code.findbugs_jsr305-3.0.0.jar at spark://dfeadd712fc3:43581/jars/com.google.code.findbugs_jsr305-3.0.0.jar with timestamp 1761683336940
[2025-10-29T03:28:57.332+0700] {subprocess.py:93} INFO - 25/10/29 03:28:57 INFO SparkContext: Added JAR file:///home/***/.ivy2/jars/org.apache.commons_commons-pool2-2.11.1.jar at spark://dfeadd712fc3:43581/jars/org.apache.commons_commons-pool2-2.11.1.jar with timestamp 1761683336940
[2025-10-29T03:28:57.332+0700] {subprocess.py:93} INFO - 25/10/29 03:28:57 INFO SparkContext: Added JAR file:///home/***/.ivy2/jars/org.apache.hadoop_hadoop-client-runtime-3.3.4.jar at spark://dfeadd712fc3:43581/jars/org.apache.hadoop_hadoop-client-runtime-3.3.4.jar with timestamp 1761683336940
[2025-10-29T03:28:57.332+0700] {subprocess.py:93} INFO - 25/10/29 03:28:57 INFO SparkContext: Added JAR file:///home/***/.ivy2/jars/org.lz4_lz4-java-1.8.0.jar at spark://dfeadd712fc3:43581/jars/org.lz4_lz4-java-1.8.0.jar with timestamp 1761683336940
[2025-10-29T03:28:57.333+0700] {subprocess.py:93} INFO - 25/10/29 03:28:57 INFO SparkContext: Added JAR file:///home/***/.ivy2/jars/org.xerial.snappy_snappy-java-1.1.10.3.jar at spark://dfeadd712fc3:43581/jars/org.xerial.snappy_snappy-java-1.1.10.3.jar with timestamp 1761683336940
[2025-10-29T03:28:57.333+0700] {subprocess.py:93} INFO - 25/10/29 03:28:57 INFO SparkContext: Added JAR file:///home/***/.ivy2/jars/org.slf4j_slf4j-api-2.0.7.jar at spark://dfeadd712fc3:43581/jars/org.slf4j_slf4j-api-2.0.7.jar with timestamp 1761683336940
[2025-10-29T03:28:57.333+0700] {subprocess.py:93} INFO - 25/10/29 03:28:57 INFO SparkContext: Added JAR file:///home/***/.ivy2/jars/org.apache.hadoop_hadoop-client-api-3.3.4.jar at spark://dfeadd712fc3:43581/jars/org.apache.hadoop_hadoop-client-api-3.3.4.jar with timestamp 1761683336940
[2025-10-29T03:28:57.333+0700] {subprocess.py:93} INFO - 25/10/29 03:28:57 INFO SparkContext: Added JAR file:///home/***/.ivy2/jars/commons-logging_commons-logging-1.1.3.jar at spark://dfeadd712fc3:43581/jars/commons-logging_commons-logging-1.1.3.jar with timestamp 1761683336940
[2025-10-29T03:28:57.333+0700] {subprocess.py:93} INFO - 25/10/29 03:28:57 INFO SparkContext: Added JAR file:///home/***/.ivy2/jars/org.checkerframework_checker-qual-3.31.0.jar at spark://dfeadd712fc3:43581/jars/org.checkerframework_checker-qual-3.31.0.jar with timestamp 1761683336940
[2025-10-29T03:28:57.335+0700] {subprocess.py:93} INFO - 25/10/29 03:28:57 INFO SparkContext: Added file file:///home/***/.ivy2/jars/org.apache.spark_spark-sql-kafka-0-10_2.12-3.5.1.jar at file:///home/***/.ivy2/jars/org.apache.spark_spark-sql-kafka-0-10_2.12-3.5.1.jar with timestamp 1761683336940
[2025-10-29T03:28:57.336+0700] {subprocess.py:93} INFO - 25/10/29 03:28:57 INFO Utils: Copying /home/***/.ivy2/jars/org.apache.spark_spark-sql-kafka-0-10_2.12-3.5.1.jar to /tmp/spark-64bd4779-603e-4764-89ab-d382c5904cbe/userFiles-03cabd0e-2281-422a-a2c4-40d95f9988de/org.apache.spark_spark-sql-kafka-0-10_2.12-3.5.1.jar
[2025-10-29T03:28:57.342+0700] {subprocess.py:93} INFO - 25/10/29 03:28:57 INFO SparkContext: Added file file:///home/***/.ivy2/jars/org.postgresql_postgresql-42.6.0.jar at file:///home/***/.ivy2/jars/org.postgresql_postgresql-42.6.0.jar with timestamp 1761683336940
[2025-10-29T03:28:57.342+0700] {subprocess.py:93} INFO - 25/10/29 03:28:57 INFO Utils: Copying /home/***/.ivy2/jars/org.postgresql_postgresql-42.6.0.jar to /tmp/spark-64bd4779-603e-4764-89ab-d382c5904cbe/userFiles-03cabd0e-2281-422a-a2c4-40d95f9988de/org.postgresql_postgresql-42.6.0.jar
[2025-10-29T03:28:57.345+0700] {subprocess.py:93} INFO - 25/10/29 03:28:57 INFO SparkContext: Added file file:///home/***/.ivy2/jars/org.apache.spark_spark-token-provider-kafka-0-10_2.12-3.5.1.jar at file:///home/***/.ivy2/jars/org.apache.spark_spark-token-provider-kafka-0-10_2.12-3.5.1.jar with timestamp 1761683336940
[2025-10-29T03:28:57.345+0700] {subprocess.py:93} INFO - 25/10/29 03:28:57 INFO Utils: Copying /home/***/.ivy2/jars/org.apache.spark_spark-token-provider-kafka-0-10_2.12-3.5.1.jar to /tmp/spark-64bd4779-603e-4764-89ab-d382c5904cbe/userFiles-03cabd0e-2281-422a-a2c4-40d95f9988de/org.apache.spark_spark-token-provider-kafka-0-10_2.12-3.5.1.jar
[2025-10-29T03:28:57.348+0700] {subprocess.py:93} INFO - 25/10/29 03:28:57 INFO SparkContext: Added file file:///home/***/.ivy2/jars/org.apache.kafka_kafka-clients-3.4.1.jar at file:///home/***/.ivy2/jars/org.apache.kafka_kafka-clients-3.4.1.jar with timestamp 1761683336940
[2025-10-29T03:28:57.348+0700] {subprocess.py:93} INFO - 25/10/29 03:28:57 INFO Utils: Copying /home/***/.ivy2/jars/org.apache.kafka_kafka-clients-3.4.1.jar to /tmp/spark-64bd4779-603e-4764-89ab-d382c5904cbe/userFiles-03cabd0e-2281-422a-a2c4-40d95f9988de/org.apache.kafka_kafka-clients-3.4.1.jar
[2025-10-29T03:28:57.352+0700] {subprocess.py:93} INFO - 25/10/29 03:28:57 INFO SparkContext: Added file file:///home/***/.ivy2/jars/com.google.code.findbugs_jsr305-3.0.0.jar at file:///home/***/.ivy2/jars/com.google.code.findbugs_jsr305-3.0.0.jar with timestamp 1761683336940
[2025-10-29T03:28:57.352+0700] {subprocess.py:93} INFO - 25/10/29 03:28:57 INFO Utils: Copying /home/***/.ivy2/jars/com.google.code.findbugs_jsr305-3.0.0.jar to /tmp/spark-64bd4779-603e-4764-89ab-d382c5904cbe/userFiles-03cabd0e-2281-422a-a2c4-40d95f9988de/com.google.code.findbugs_jsr305-3.0.0.jar
[2025-10-29T03:28:57.355+0700] {subprocess.py:93} INFO - 25/10/29 03:28:57 INFO SparkContext: Added file file:///home/***/.ivy2/jars/org.apache.commons_commons-pool2-2.11.1.jar at file:///home/***/.ivy2/jars/org.apache.commons_commons-pool2-2.11.1.jar with timestamp 1761683336940
[2025-10-29T03:28:57.355+0700] {subprocess.py:93} INFO - 25/10/29 03:28:57 INFO Utils: Copying /home/***/.ivy2/jars/org.apache.commons_commons-pool2-2.11.1.jar to /tmp/spark-64bd4779-603e-4764-89ab-d382c5904cbe/userFiles-03cabd0e-2281-422a-a2c4-40d95f9988de/org.apache.commons_commons-pool2-2.11.1.jar
[2025-10-29T03:28:57.357+0700] {subprocess.py:93} INFO - 25/10/29 03:28:57 INFO SparkContext: Added file file:///home/***/.ivy2/jars/org.apache.hadoop_hadoop-client-runtime-3.3.4.jar at file:///home/***/.ivy2/jars/org.apache.hadoop_hadoop-client-runtime-3.3.4.jar with timestamp 1761683336940
[2025-10-29T03:28:57.358+0700] {subprocess.py:93} INFO - 25/10/29 03:28:57 INFO Utils: Copying /home/***/.ivy2/jars/org.apache.hadoop_hadoop-client-runtime-3.3.4.jar to /tmp/spark-64bd4779-603e-4764-89ab-d382c5904cbe/userFiles-03cabd0e-2281-422a-a2c4-40d95f9988de/org.apache.hadoop_hadoop-client-runtime-3.3.4.jar
[2025-10-29T03:28:57.372+0700] {subprocess.py:93} INFO - 25/10/29 03:28:57 INFO SparkContext: Added file file:///home/***/.ivy2/jars/org.lz4_lz4-java-1.8.0.jar at file:///home/***/.ivy2/jars/org.lz4_lz4-java-1.8.0.jar with timestamp 1761683336940
[2025-10-29T03:28:57.372+0700] {subprocess.py:93} INFO - 25/10/29 03:28:57 INFO Utils: Copying /home/***/.ivy2/jars/org.lz4_lz4-java-1.8.0.jar to /tmp/spark-64bd4779-603e-4764-89ab-d382c5904cbe/userFiles-03cabd0e-2281-422a-a2c4-40d95f9988de/org.lz4_lz4-java-1.8.0.jar
[2025-10-29T03:28:57.375+0700] {subprocess.py:93} INFO - 25/10/29 03:28:57 INFO SparkContext: Added file file:///home/***/.ivy2/jars/org.xerial.snappy_snappy-java-1.1.10.3.jar at file:///home/***/.ivy2/jars/org.xerial.snappy_snappy-java-1.1.10.3.jar with timestamp 1761683336940
[2025-10-29T03:28:57.375+0700] {subprocess.py:93} INFO - 25/10/29 03:28:57 INFO Utils: Copying /home/***/.ivy2/jars/org.xerial.snappy_snappy-java-1.1.10.3.jar to /tmp/spark-64bd4779-603e-4764-89ab-d382c5904cbe/userFiles-03cabd0e-2281-422a-a2c4-40d95f9988de/org.xerial.snappy_snappy-java-1.1.10.3.jar
[2025-10-29T03:28:57.379+0700] {subprocess.py:93} INFO - 25/10/29 03:28:57 INFO SparkContext: Added file file:///home/***/.ivy2/jars/org.slf4j_slf4j-api-2.0.7.jar at file:///home/***/.ivy2/jars/org.slf4j_slf4j-api-2.0.7.jar with timestamp 1761683336940
[2025-10-29T03:28:57.379+0700] {subprocess.py:93} INFO - 25/10/29 03:28:57 INFO Utils: Copying /home/***/.ivy2/jars/org.slf4j_slf4j-api-2.0.7.jar to /tmp/spark-64bd4779-603e-4764-89ab-d382c5904cbe/userFiles-03cabd0e-2281-422a-a2c4-40d95f9988de/org.slf4j_slf4j-api-2.0.7.jar
[2025-10-29T03:28:57.382+0700] {subprocess.py:93} INFO - 25/10/29 03:28:57 INFO SparkContext: Added file file:///home/***/.ivy2/jars/org.apache.hadoop_hadoop-client-api-3.3.4.jar at file:///home/***/.ivy2/jars/org.apache.hadoop_hadoop-client-api-3.3.4.jar with timestamp 1761683336940
[2025-10-29T03:28:57.382+0700] {subprocess.py:93} INFO - 25/10/29 03:28:57 INFO Utils: Copying /home/***/.ivy2/jars/org.apache.hadoop_hadoop-client-api-3.3.4.jar to /tmp/spark-64bd4779-603e-4764-89ab-d382c5904cbe/userFiles-03cabd0e-2281-422a-a2c4-40d95f9988de/org.apache.hadoop_hadoop-client-api-3.3.4.jar
[2025-10-29T03:28:57.393+0700] {subprocess.py:93} INFO - 25/10/29 03:28:57 INFO SparkContext: Added file file:///home/***/.ivy2/jars/commons-logging_commons-logging-1.1.3.jar at file:///home/***/.ivy2/jars/commons-logging_commons-logging-1.1.3.jar with timestamp 1761683336940
[2025-10-29T03:28:57.394+0700] {subprocess.py:93} INFO - 25/10/29 03:28:57 INFO Utils: Copying /home/***/.ivy2/jars/commons-logging_commons-logging-1.1.3.jar to /tmp/spark-64bd4779-603e-4764-89ab-d382c5904cbe/userFiles-03cabd0e-2281-422a-a2c4-40d95f9988de/commons-logging_commons-logging-1.1.3.jar
[2025-10-29T03:28:57.397+0700] {subprocess.py:93} INFO - 25/10/29 03:28:57 INFO SparkContext: Added file file:///home/***/.ivy2/jars/org.checkerframework_checker-qual-3.31.0.jar at file:///home/***/.ivy2/jars/org.checkerframework_checker-qual-3.31.0.jar with timestamp 1761683336940
[2025-10-29T03:28:57.397+0700] {subprocess.py:93} INFO - 25/10/29 03:28:57 INFO Utils: Copying /home/***/.ivy2/jars/org.checkerframework_checker-qual-3.31.0.jar to /tmp/spark-64bd4779-603e-4764-89ab-d382c5904cbe/userFiles-03cabd0e-2281-422a-a2c4-40d95f9988de/org.checkerframework_checker-qual-3.31.0.jar
[2025-10-29T03:28:57.432+0700] {subprocess.py:93} INFO - 25/10/29 03:28:57 INFO Executor: Starting executor ID driver on host dfeadd712fc3
[2025-10-29T03:28:57.432+0700] {subprocess.py:93} INFO - 25/10/29 03:28:57 INFO Executor: OS info Linux, 6.14.0-33-generic, amd64
[2025-10-29T03:28:57.432+0700] {subprocess.py:93} INFO - 25/10/29 03:28:57 INFO Executor: Java version 17.0.17
[2025-10-29T03:28:57.436+0700] {subprocess.py:93} INFO - 25/10/29 03:28:57 INFO Executor: Starting executor with user classpath (userClassPathFirst = false): ''
[2025-10-29T03:28:57.436+0700] {subprocess.py:93} INFO - 25/10/29 03:28:57 INFO Executor: Created or updated repl class loader org.apache.spark.util.MutableURLClassLoader@1ebdaf86 for default.
[2025-10-29T03:28:57.442+0700] {subprocess.py:93} INFO - 25/10/29 03:28:57 INFO Executor: Fetching file:///home/***/.ivy2/jars/org.apache.spark_spark-sql-kafka-0-10_2.12-3.5.1.jar with timestamp 1761683336940
[2025-10-29T03:28:57.456+0700] {subprocess.py:93} INFO - 25/10/29 03:28:57 INFO Utils: /home/***/.ivy2/jars/org.apache.spark_spark-sql-kafka-0-10_2.12-3.5.1.jar has been previously copied to /tmp/spark-64bd4779-603e-4764-89ab-d382c5904cbe/userFiles-03cabd0e-2281-422a-a2c4-40d95f9988de/org.apache.spark_spark-sql-kafka-0-10_2.12-3.5.1.jar
[2025-10-29T03:28:57.459+0700] {subprocess.py:93} INFO - 25/10/29 03:28:57 INFO Executor: Fetching file:///home/***/.ivy2/jars/org.apache.hadoop_hadoop-client-runtime-3.3.4.jar with timestamp 1761683336940
[2025-10-29T03:28:57.475+0700] {subprocess.py:93} INFO - 25/10/29 03:28:57 INFO Utils: /home/***/.ivy2/jars/org.apache.hadoop_hadoop-client-runtime-3.3.4.jar has been previously copied to /tmp/spark-64bd4779-603e-4764-89ab-d382c5904cbe/userFiles-03cabd0e-2281-422a-a2c4-40d95f9988de/org.apache.hadoop_hadoop-client-runtime-3.3.4.jar
[2025-10-29T03:28:57.478+0700] {subprocess.py:93} INFO - 25/10/29 03:28:57 INFO Executor: Fetching file:///home/***/.ivy2/jars/org.apache.hadoop_hadoop-client-api-3.3.4.jar with timestamp 1761683336940
[2025-10-29T03:28:57.489+0700] {subprocess.py:93} INFO - 25/10/29 03:28:57 INFO Utils: /home/***/.ivy2/jars/org.apache.hadoop_hadoop-client-api-3.3.4.jar has been previously copied to /tmp/spark-64bd4779-603e-4764-89ab-d382c5904cbe/userFiles-03cabd0e-2281-422a-a2c4-40d95f9988de/org.apache.hadoop_hadoop-client-api-3.3.4.jar
[2025-10-29T03:28:57.492+0700] {subprocess.py:93} INFO - 25/10/29 03:28:57 INFO Executor: Fetching file:///home/***/.ivy2/jars/org.apache.spark_spark-token-provider-kafka-0-10_2.12-3.5.1.jar with timestamp 1761683336940
[2025-10-29T03:28:57.492+0700] {subprocess.py:93} INFO - 25/10/29 03:28:57 INFO Utils: /home/***/.ivy2/jars/org.apache.spark_spark-token-provider-kafka-0-10_2.12-3.5.1.jar has been previously copied to /tmp/spark-64bd4779-603e-4764-89ab-d382c5904cbe/userFiles-03cabd0e-2281-422a-a2c4-40d95f9988de/org.apache.spark_spark-token-provider-kafka-0-10_2.12-3.5.1.jar
[2025-10-29T03:28:57.494+0700] {subprocess.py:93} INFO - 25/10/29 03:28:57 INFO Executor: Fetching file:///home/***/.ivy2/jars/com.google.code.findbugs_jsr305-3.0.0.jar with timestamp 1761683336940
[2025-10-29T03:28:57.495+0700] {subprocess.py:93} INFO - 25/10/29 03:28:57 INFO Utils: /home/***/.ivy2/jars/com.google.code.findbugs_jsr305-3.0.0.jar has been previously copied to /tmp/spark-64bd4779-603e-4764-89ab-d382c5904cbe/userFiles-03cabd0e-2281-422a-a2c4-40d95f9988de/com.google.code.findbugs_jsr305-3.0.0.jar
[2025-10-29T03:28:57.497+0700] {subprocess.py:93} INFO - 25/10/29 03:28:57 INFO Executor: Fetching file:///home/***/.ivy2/jars/org.lz4_lz4-java-1.8.0.jar with timestamp 1761683336940
[2025-10-29T03:28:57.498+0700] {subprocess.py:93} INFO - 25/10/29 03:28:57 INFO Utils: /home/***/.ivy2/jars/org.lz4_lz4-java-1.8.0.jar has been previously copied to /tmp/spark-64bd4779-603e-4764-89ab-d382c5904cbe/userFiles-03cabd0e-2281-422a-a2c4-40d95f9988de/org.lz4_lz4-java-1.8.0.jar
[2025-10-29T03:28:57.500+0700] {subprocess.py:93} INFO - 25/10/29 03:28:57 INFO Executor: Fetching file:///home/***/.ivy2/jars/org.slf4j_slf4j-api-2.0.7.jar with timestamp 1761683336940
[2025-10-29T03:28:57.500+0700] {subprocess.py:93} INFO - 25/10/29 03:28:57 INFO Utils: /home/***/.ivy2/jars/org.slf4j_slf4j-api-2.0.7.jar has been previously copied to /tmp/spark-64bd4779-603e-4764-89ab-d382c5904cbe/userFiles-03cabd0e-2281-422a-a2c4-40d95f9988de/org.slf4j_slf4j-api-2.0.7.jar
[2025-10-29T03:28:57.503+0700] {subprocess.py:93} INFO - 25/10/29 03:28:57 INFO Executor: Fetching file:///home/***/.ivy2/jars/org.checkerframework_checker-qual-3.31.0.jar with timestamp 1761683336940
[2025-10-29T03:28:57.503+0700] {subprocess.py:93} INFO - 25/10/29 03:28:57 INFO Utils: /home/***/.ivy2/jars/org.checkerframework_checker-qual-3.31.0.jar has been previously copied to /tmp/spark-64bd4779-603e-4764-89ab-d382c5904cbe/userFiles-03cabd0e-2281-422a-a2c4-40d95f9988de/org.checkerframework_checker-qual-3.31.0.jar
[2025-10-29T03:28:57.506+0700] {subprocess.py:93} INFO - 25/10/29 03:28:57 INFO Executor: Fetching file:///home/***/.ivy2/jars/org.apache.commons_commons-pool2-2.11.1.jar with timestamp 1761683336940
[2025-10-29T03:28:57.506+0700] {subprocess.py:93} INFO - 25/10/29 03:28:57 INFO Utils: /home/***/.ivy2/jars/org.apache.commons_commons-pool2-2.11.1.jar has been previously copied to /tmp/spark-64bd4779-603e-4764-89ab-d382c5904cbe/userFiles-03cabd0e-2281-422a-a2c4-40d95f9988de/org.apache.commons_commons-pool2-2.11.1.jar
[2025-10-29T03:28:57.509+0700] {subprocess.py:93} INFO - 25/10/29 03:28:57 INFO Executor: Fetching file:///home/***/.ivy2/jars/commons-logging_commons-logging-1.1.3.jar with timestamp 1761683336940
[2025-10-29T03:28:57.509+0700] {subprocess.py:93} INFO - 25/10/29 03:28:57 INFO Utils: /home/***/.ivy2/jars/commons-logging_commons-logging-1.1.3.jar has been previously copied to /tmp/spark-64bd4779-603e-4764-89ab-d382c5904cbe/userFiles-03cabd0e-2281-422a-a2c4-40d95f9988de/commons-logging_commons-logging-1.1.3.jar
[2025-10-29T03:28:57.512+0700] {subprocess.py:93} INFO - 25/10/29 03:28:57 INFO Executor: Fetching file:///home/***/.ivy2/jars/org.xerial.snappy_snappy-java-1.1.10.3.jar with timestamp 1761683336940
[2025-10-29T03:28:57.513+0700] {subprocess.py:93} INFO - 25/10/29 03:28:57 INFO Utils: /home/***/.ivy2/jars/org.xerial.snappy_snappy-java-1.1.10.3.jar has been previously copied to /tmp/spark-64bd4779-603e-4764-89ab-d382c5904cbe/userFiles-03cabd0e-2281-422a-a2c4-40d95f9988de/org.xerial.snappy_snappy-java-1.1.10.3.jar
[2025-10-29T03:28:57.516+0700] {subprocess.py:93} INFO - 25/10/29 03:28:57 INFO Executor: Fetching file:///home/***/.ivy2/jars/org.postgresql_postgresql-42.6.0.jar with timestamp 1761683336940
[2025-10-29T03:28:57.517+0700] {subprocess.py:93} INFO - 25/10/29 03:28:57 INFO Utils: /home/***/.ivy2/jars/org.postgresql_postgresql-42.6.0.jar has been previously copied to /tmp/spark-64bd4779-603e-4764-89ab-d382c5904cbe/userFiles-03cabd0e-2281-422a-a2c4-40d95f9988de/org.postgresql_postgresql-42.6.0.jar
[2025-10-29T03:28:57.519+0700] {subprocess.py:93} INFO - 25/10/29 03:28:57 INFO Executor: Fetching file:///home/***/.ivy2/jars/org.apache.kafka_kafka-clients-3.4.1.jar with timestamp 1761683336940
[2025-10-29T03:28:57.522+0700] {subprocess.py:93} INFO - 25/10/29 03:28:57 INFO Utils: /home/***/.ivy2/jars/org.apache.kafka_kafka-clients-3.4.1.jar has been previously copied to /tmp/spark-64bd4779-603e-4764-89ab-d382c5904cbe/userFiles-03cabd0e-2281-422a-a2c4-40d95f9988de/org.apache.kafka_kafka-clients-3.4.1.jar
[2025-10-29T03:28:57.526+0700] {subprocess.py:93} INFO - 25/10/29 03:28:57 INFO Executor: Fetching spark://dfeadd712fc3:43581/jars/org.apache.spark_spark-token-provider-kafka-0-10_2.12-3.5.1.jar with timestamp 1761683336940
[2025-10-29T03:28:57.548+0700] {subprocess.py:93} INFO - 25/10/29 03:28:57 INFO TransportClientFactory: Successfully created connection to dfeadd712fc3/172.18.0.6:43581 after 15 ms (0 ms spent in bootstraps)
[2025-10-29T03:28:57.551+0700] {subprocess.py:93} INFO - 25/10/29 03:28:57 INFO Utils: Fetching spark://dfeadd712fc3:43581/jars/org.apache.spark_spark-token-provider-kafka-0-10_2.12-3.5.1.jar to /tmp/spark-64bd4779-603e-4764-89ab-d382c5904cbe/userFiles-03cabd0e-2281-422a-a2c4-40d95f9988de/fetchFileTemp17564835091375283507.tmp
[2025-10-29T03:28:57.566+0700] {subprocess.py:93} INFO - 25/10/29 03:28:57 INFO Utils: /tmp/spark-64bd4779-603e-4764-89ab-d382c5904cbe/userFiles-03cabd0e-2281-422a-a2c4-40d95f9988de/fetchFileTemp17564835091375283507.tmp has been previously copied to /tmp/spark-64bd4779-603e-4764-89ab-d382c5904cbe/userFiles-03cabd0e-2281-422a-a2c4-40d95f9988de/org.apache.spark_spark-token-provider-kafka-0-10_2.12-3.5.1.jar
[2025-10-29T03:28:57.570+0700] {subprocess.py:93} INFO - 25/10/29 03:28:57 INFO Executor: Adding file:/tmp/spark-64bd4779-603e-4764-89ab-d382c5904cbe/userFiles-03cabd0e-2281-422a-a2c4-40d95f9988de/org.apache.spark_spark-token-provider-kafka-0-10_2.12-3.5.1.jar to class loader default
[2025-10-29T03:28:57.570+0700] {subprocess.py:93} INFO - 25/10/29 03:28:57 INFO Executor: Fetching spark://dfeadd712fc3:43581/jars/commons-logging_commons-logging-1.1.3.jar with timestamp 1761683336940
[2025-10-29T03:28:57.570+0700] {subprocess.py:93} INFO - 25/10/29 03:28:57 INFO Utils: Fetching spark://dfeadd712fc3:43581/jars/commons-logging_commons-logging-1.1.3.jar to /tmp/spark-64bd4779-603e-4764-89ab-d382c5904cbe/userFiles-03cabd0e-2281-422a-a2c4-40d95f9988de/fetchFileTemp18429957038232387363.tmp
[2025-10-29T03:28:57.571+0700] {subprocess.py:93} INFO - 25/10/29 03:28:57 INFO Utils: /tmp/spark-64bd4779-603e-4764-89ab-d382c5904cbe/userFiles-03cabd0e-2281-422a-a2c4-40d95f9988de/fetchFileTemp18429957038232387363.tmp has been previously copied to /tmp/spark-64bd4779-603e-4764-89ab-d382c5904cbe/userFiles-03cabd0e-2281-422a-a2c4-40d95f9988de/commons-logging_commons-logging-1.1.3.jar
[2025-10-29T03:28:57.574+0700] {subprocess.py:93} INFO - 25/10/29 03:28:57 INFO Executor: Adding file:/tmp/spark-64bd4779-603e-4764-89ab-d382c5904cbe/userFiles-03cabd0e-2281-422a-a2c4-40d95f9988de/commons-logging_commons-logging-1.1.3.jar to class loader default
[2025-10-29T03:28:57.574+0700] {subprocess.py:93} INFO - 25/10/29 03:28:57 INFO Executor: Fetching spark://dfeadd712fc3:43581/jars/org.checkerframework_checker-qual-3.31.0.jar with timestamp 1761683336940
[2025-10-29T03:28:57.575+0700] {subprocess.py:93} INFO - 25/10/29 03:28:57 INFO Utils: Fetching spark://dfeadd712fc3:43581/jars/org.checkerframework_checker-qual-3.31.0.jar to /tmp/spark-64bd4779-603e-4764-89ab-d382c5904cbe/userFiles-03cabd0e-2281-422a-a2c4-40d95f9988de/fetchFileTemp10162254042084539190.tmp
[2025-10-29T03:28:57.576+0700] {subprocess.py:93} INFO - 25/10/29 03:28:57 INFO Utils: /tmp/spark-64bd4779-603e-4764-89ab-d382c5904cbe/userFiles-03cabd0e-2281-422a-a2c4-40d95f9988de/fetchFileTemp10162254042084539190.tmp has been previously copied to /tmp/spark-64bd4779-603e-4764-89ab-d382c5904cbe/userFiles-03cabd0e-2281-422a-a2c4-40d95f9988de/org.checkerframework_checker-qual-3.31.0.jar
[2025-10-29T03:28:57.579+0700] {subprocess.py:93} INFO - 25/10/29 03:28:57 INFO Executor: Adding file:/tmp/spark-64bd4779-603e-4764-89ab-d382c5904cbe/userFiles-03cabd0e-2281-422a-a2c4-40d95f9988de/org.checkerframework_checker-qual-3.31.0.jar to class loader default
[2025-10-29T03:28:57.579+0700] {subprocess.py:93} INFO - 25/10/29 03:28:57 INFO Executor: Fetching spark://dfeadd712fc3:43581/jars/org.apache.spark_spark-sql-kafka-0-10_2.12-3.5.1.jar with timestamp 1761683336940
[2025-10-29T03:28:57.579+0700] {subprocess.py:93} INFO - 25/10/29 03:28:57 INFO Utils: Fetching spark://dfeadd712fc3:43581/jars/org.apache.spark_spark-sql-kafka-0-10_2.12-3.5.1.jar to /tmp/spark-64bd4779-603e-4764-89ab-d382c5904cbe/userFiles-03cabd0e-2281-422a-a2c4-40d95f9988de/fetchFileTemp11668791250599131549.tmp
[2025-10-29T03:28:57.581+0700] {subprocess.py:93} INFO - 25/10/29 03:28:57 INFO Utils: /tmp/spark-64bd4779-603e-4764-89ab-d382c5904cbe/userFiles-03cabd0e-2281-422a-a2c4-40d95f9988de/fetchFileTemp11668791250599131549.tmp has been previously copied to /tmp/spark-64bd4779-603e-4764-89ab-d382c5904cbe/userFiles-03cabd0e-2281-422a-a2c4-40d95f9988de/org.apache.spark_spark-sql-kafka-0-10_2.12-3.5.1.jar
[2025-10-29T03:28:57.584+0700] {subprocess.py:93} INFO - 25/10/29 03:28:57 INFO Executor: Adding file:/tmp/spark-64bd4779-603e-4764-89ab-d382c5904cbe/userFiles-03cabd0e-2281-422a-a2c4-40d95f9988de/org.apache.spark_spark-sql-kafka-0-10_2.12-3.5.1.jar to class loader default
[2025-10-29T03:28:57.585+0700] {subprocess.py:93} INFO - 25/10/29 03:28:57 INFO Executor: Fetching spark://dfeadd712fc3:43581/jars/org.apache.kafka_kafka-clients-3.4.1.jar with timestamp 1761683336940
[2025-10-29T03:28:57.585+0700] {subprocess.py:93} INFO - 25/10/29 03:28:57 INFO Utils: Fetching spark://dfeadd712fc3:43581/jars/org.apache.kafka_kafka-clients-3.4.1.jar to /tmp/spark-64bd4779-603e-4764-89ab-d382c5904cbe/userFiles-03cabd0e-2281-422a-a2c4-40d95f9988de/fetchFileTemp2617152044321192468.tmp
[2025-10-29T03:28:57.599+0700] {subprocess.py:93} INFO - 25/10/29 03:28:57 INFO Utils: /tmp/spark-64bd4779-603e-4764-89ab-d382c5904cbe/userFiles-03cabd0e-2281-422a-a2c4-40d95f9988de/fetchFileTemp2617152044321192468.tmp has been previously copied to /tmp/spark-64bd4779-603e-4764-89ab-d382c5904cbe/userFiles-03cabd0e-2281-422a-a2c4-40d95f9988de/org.apache.kafka_kafka-clients-3.4.1.jar
[2025-10-29T03:28:57.608+0700] {subprocess.py:93} INFO - 25/10/29 03:28:57 INFO Executor: Adding file:/tmp/spark-64bd4779-603e-4764-89ab-d382c5904cbe/userFiles-03cabd0e-2281-422a-a2c4-40d95f9988de/org.apache.kafka_kafka-clients-3.4.1.jar to class loader default
[2025-10-29T03:28:57.608+0700] {subprocess.py:93} INFO - 25/10/29 03:28:57 INFO Executor: Fetching spark://dfeadd712fc3:43581/jars/org.lz4_lz4-java-1.8.0.jar with timestamp 1761683336940
[2025-10-29T03:28:57.608+0700] {subprocess.py:93} INFO - 25/10/29 03:28:57 INFO Utils: Fetching spark://dfeadd712fc3:43581/jars/org.lz4_lz4-java-1.8.0.jar to /tmp/spark-64bd4779-603e-4764-89ab-d382c5904cbe/userFiles-03cabd0e-2281-422a-a2c4-40d95f9988de/fetchFileTemp15891058911887575570.tmp
[2025-10-29T03:28:57.610+0700] {subprocess.py:93} INFO - 25/10/29 03:28:57 INFO Utils: /tmp/spark-64bd4779-603e-4764-89ab-d382c5904cbe/userFiles-03cabd0e-2281-422a-a2c4-40d95f9988de/fetchFileTemp15891058911887575570.tmp has been previously copied to /tmp/spark-64bd4779-603e-4764-89ab-d382c5904cbe/userFiles-03cabd0e-2281-422a-a2c4-40d95f9988de/org.lz4_lz4-java-1.8.0.jar
[2025-10-29T03:28:57.614+0700] {subprocess.py:93} INFO - 25/10/29 03:28:57 INFO Executor: Adding file:/tmp/spark-64bd4779-603e-4764-89ab-d382c5904cbe/userFiles-03cabd0e-2281-422a-a2c4-40d95f9988de/org.lz4_lz4-java-1.8.0.jar to class loader default
[2025-10-29T03:28:57.614+0700] {subprocess.py:93} INFO - 25/10/29 03:28:57 INFO Executor: Fetching spark://dfeadd712fc3:43581/jars/org.apache.commons_commons-pool2-2.11.1.jar with timestamp 1761683336940
[2025-10-29T03:28:57.614+0700] {subprocess.py:93} INFO - 25/10/29 03:28:57 INFO Utils: Fetching spark://dfeadd712fc3:43581/jars/org.apache.commons_commons-pool2-2.11.1.jar to /tmp/spark-64bd4779-603e-4764-89ab-d382c5904cbe/userFiles-03cabd0e-2281-422a-a2c4-40d95f9988de/fetchFileTemp14001473665584241244.tmp
[2025-10-29T03:28:57.615+0700] {subprocess.py:93} INFO - 25/10/29 03:28:57 INFO Utils: /tmp/spark-64bd4779-603e-4764-89ab-d382c5904cbe/userFiles-03cabd0e-2281-422a-a2c4-40d95f9988de/fetchFileTemp14001473665584241244.tmp has been previously copied to /tmp/spark-64bd4779-603e-4764-89ab-d382c5904cbe/userFiles-03cabd0e-2281-422a-a2c4-40d95f9988de/org.apache.commons_commons-pool2-2.11.1.jar
[2025-10-29T03:28:57.618+0700] {subprocess.py:93} INFO - 25/10/29 03:28:57 INFO Executor: Adding file:/tmp/spark-64bd4779-603e-4764-89ab-d382c5904cbe/userFiles-03cabd0e-2281-422a-a2c4-40d95f9988de/org.apache.commons_commons-pool2-2.11.1.jar to class loader default
[2025-10-29T03:28:57.619+0700] {subprocess.py:93} INFO - 25/10/29 03:28:57 INFO Executor: Fetching spark://dfeadd712fc3:43581/jars/com.google.code.findbugs_jsr305-3.0.0.jar with timestamp 1761683336940
[2025-10-29T03:28:57.619+0700] {subprocess.py:93} INFO - 25/10/29 03:28:57 INFO Utils: Fetching spark://dfeadd712fc3:43581/jars/com.google.code.findbugs_jsr305-3.0.0.jar to /tmp/spark-64bd4779-603e-4764-89ab-d382c5904cbe/userFiles-03cabd0e-2281-422a-a2c4-40d95f9988de/fetchFileTemp8013778952643774649.tmp
[2025-10-29T03:28:57.619+0700] {subprocess.py:93} INFO - 25/10/29 03:28:57 INFO Utils: /tmp/spark-64bd4779-603e-4764-89ab-d382c5904cbe/userFiles-03cabd0e-2281-422a-a2c4-40d95f9988de/fetchFileTemp8013778952643774649.tmp has been previously copied to /tmp/spark-64bd4779-603e-4764-89ab-d382c5904cbe/userFiles-03cabd0e-2281-422a-a2c4-40d95f9988de/com.google.code.findbugs_jsr305-3.0.0.jar
[2025-10-29T03:28:57.622+0700] {subprocess.py:93} INFO - 25/10/29 03:28:57 INFO Executor: Adding file:/tmp/spark-64bd4779-603e-4764-89ab-d382c5904cbe/userFiles-03cabd0e-2281-422a-a2c4-40d95f9988de/com.google.code.findbugs_jsr305-3.0.0.jar to class loader default
[2025-10-29T03:28:57.622+0700] {subprocess.py:93} INFO - 25/10/29 03:28:57 INFO Executor: Fetching spark://dfeadd712fc3:43581/jars/org.apache.hadoop_hadoop-client-runtime-3.3.4.jar with timestamp 1761683336940
[2025-10-29T03:28:57.622+0700] {subprocess.py:93} INFO - 25/10/29 03:28:57 INFO Utils: Fetching spark://dfeadd712fc3:43581/jars/org.apache.hadoop_hadoop-client-runtime-3.3.4.jar to /tmp/spark-64bd4779-603e-4764-89ab-d382c5904cbe/userFiles-03cabd0e-2281-422a-a2c4-40d95f9988de/fetchFileTemp13691346375826903113.tmp
[2025-10-29T03:28:57.721+0700] {subprocess.py:93} INFO - 25/10/29 03:28:57 INFO Utils: /tmp/spark-64bd4779-603e-4764-89ab-d382c5904cbe/userFiles-03cabd0e-2281-422a-a2c4-40d95f9988de/fetchFileTemp13691346375826903113.tmp has been previously copied to /tmp/spark-64bd4779-603e-4764-89ab-d382c5904cbe/userFiles-03cabd0e-2281-422a-a2c4-40d95f9988de/org.apache.hadoop_hadoop-client-runtime-3.3.4.jar
[2025-10-29T03:28:57.727+0700] {subprocess.py:93} INFO - 25/10/29 03:28:57 INFO Executor: Adding file:/tmp/spark-64bd4779-603e-4764-89ab-d382c5904cbe/userFiles-03cabd0e-2281-422a-a2c4-40d95f9988de/org.apache.hadoop_hadoop-client-runtime-3.3.4.jar to class loader default
[2025-10-29T03:28:57.727+0700] {subprocess.py:93} INFO - 25/10/29 03:28:57 INFO Executor: Fetching spark://dfeadd712fc3:43581/jars/org.apache.hadoop_hadoop-client-api-3.3.4.jar with timestamp 1761683336940
[2025-10-29T03:28:57.728+0700] {subprocess.py:93} INFO - 25/10/29 03:28:57 INFO Utils: Fetching spark://dfeadd712fc3:43581/jars/org.apache.hadoop_hadoop-client-api-3.3.4.jar to /tmp/spark-64bd4779-603e-4764-89ab-d382c5904cbe/userFiles-03cabd0e-2281-422a-a2c4-40d95f9988de/fetchFileTemp14739182025315130303.tmp
[2025-10-29T03:28:57.802+0700] {subprocess.py:93} INFO - 25/10/29 03:28:57 INFO Utils: /tmp/spark-64bd4779-603e-4764-89ab-d382c5904cbe/userFiles-03cabd0e-2281-422a-a2c4-40d95f9988de/fetchFileTemp14739182025315130303.tmp has been previously copied to /tmp/spark-64bd4779-603e-4764-89ab-d382c5904cbe/userFiles-03cabd0e-2281-422a-a2c4-40d95f9988de/org.apache.hadoop_hadoop-client-api-3.3.4.jar
[2025-10-29T03:28:57.807+0700] {subprocess.py:93} INFO - 25/10/29 03:28:57 INFO Executor: Adding file:/tmp/spark-64bd4779-603e-4764-89ab-d382c5904cbe/userFiles-03cabd0e-2281-422a-a2c4-40d95f9988de/org.apache.hadoop_hadoop-client-api-3.3.4.jar to class loader default
[2025-10-29T03:28:57.807+0700] {subprocess.py:93} INFO - 25/10/29 03:28:57 INFO Executor: Fetching spark://dfeadd712fc3:43581/jars/org.postgresql_postgresql-42.6.0.jar with timestamp 1761683336940
[2025-10-29T03:28:57.807+0700] {subprocess.py:93} INFO - 25/10/29 03:28:57 INFO Utils: Fetching spark://dfeadd712fc3:43581/jars/org.postgresql_postgresql-42.6.0.jar to /tmp/spark-64bd4779-603e-4764-89ab-d382c5904cbe/userFiles-03cabd0e-2281-422a-a2c4-40d95f9988de/fetchFileTemp13288884569667266876.tmp
[2025-10-29T03:28:57.810+0700] {subprocess.py:93} INFO - 25/10/29 03:28:57 INFO Utils: /tmp/spark-64bd4779-603e-4764-89ab-d382c5904cbe/userFiles-03cabd0e-2281-422a-a2c4-40d95f9988de/fetchFileTemp13288884569667266876.tmp has been previously copied to /tmp/spark-64bd4779-603e-4764-89ab-d382c5904cbe/userFiles-03cabd0e-2281-422a-a2c4-40d95f9988de/org.postgresql_postgresql-42.6.0.jar
[2025-10-29T03:28:57.814+0700] {subprocess.py:93} INFO - 25/10/29 03:28:57 INFO Executor: Adding file:/tmp/spark-64bd4779-603e-4764-89ab-d382c5904cbe/userFiles-03cabd0e-2281-422a-a2c4-40d95f9988de/org.postgresql_postgresql-42.6.0.jar to class loader default
[2025-10-29T03:28:57.814+0700] {subprocess.py:93} INFO - 25/10/29 03:28:57 INFO Executor: Fetching spark://dfeadd712fc3:43581/jars/org.slf4j_slf4j-api-2.0.7.jar with timestamp 1761683336940
[2025-10-29T03:28:57.814+0700] {subprocess.py:93} INFO - 25/10/29 03:28:57 INFO Utils: Fetching spark://dfeadd712fc3:43581/jars/org.slf4j_slf4j-api-2.0.7.jar to /tmp/spark-64bd4779-603e-4764-89ab-d382c5904cbe/userFiles-03cabd0e-2281-422a-a2c4-40d95f9988de/fetchFileTemp18346257705574717310.tmp
[2025-10-29T03:28:57.815+0700] {subprocess.py:93} INFO - 25/10/29 03:28:57 INFO Utils: /tmp/spark-64bd4779-603e-4764-89ab-d382c5904cbe/userFiles-03cabd0e-2281-422a-a2c4-40d95f9988de/fetchFileTemp18346257705574717310.tmp has been previously copied to /tmp/spark-64bd4779-603e-4764-89ab-d382c5904cbe/userFiles-03cabd0e-2281-422a-a2c4-40d95f9988de/org.slf4j_slf4j-api-2.0.7.jar
[2025-10-29T03:28:57.817+0700] {subprocess.py:93} INFO - 25/10/29 03:28:57 INFO Executor: Adding file:/tmp/spark-64bd4779-603e-4764-89ab-d382c5904cbe/userFiles-03cabd0e-2281-422a-a2c4-40d95f9988de/org.slf4j_slf4j-api-2.0.7.jar to class loader default
[2025-10-29T03:28:57.817+0700] {subprocess.py:93} INFO - 25/10/29 03:28:57 INFO Executor: Fetching spark://dfeadd712fc3:43581/jars/org.xerial.snappy_snappy-java-1.1.10.3.jar with timestamp 1761683336940
[2025-10-29T03:28:57.817+0700] {subprocess.py:93} INFO - 25/10/29 03:28:57 INFO Utils: Fetching spark://dfeadd712fc3:43581/jars/org.xerial.snappy_snappy-java-1.1.10.3.jar to /tmp/spark-64bd4779-603e-4764-89ab-d382c5904cbe/userFiles-03cabd0e-2281-422a-a2c4-40d95f9988de/fetchFileTemp6552346302776326785.tmp
[2025-10-29T03:28:57.820+0700] {subprocess.py:93} INFO - 25/10/29 03:28:57 INFO Utils: /tmp/spark-64bd4779-603e-4764-89ab-d382c5904cbe/userFiles-03cabd0e-2281-422a-a2c4-40d95f9988de/fetchFileTemp6552346302776326785.tmp has been previously copied to /tmp/spark-64bd4779-603e-4764-89ab-d382c5904cbe/userFiles-03cabd0e-2281-422a-a2c4-40d95f9988de/org.xerial.snappy_snappy-java-1.1.10.3.jar
[2025-10-29T03:28:57.826+0700] {subprocess.py:93} INFO - 25/10/29 03:28:57 INFO Executor: Adding file:/tmp/spark-64bd4779-603e-4764-89ab-d382c5904cbe/userFiles-03cabd0e-2281-422a-a2c4-40d95f9988de/org.xerial.snappy_snappy-java-1.1.10.3.jar to class loader default
[2025-10-29T03:28:57.831+0700] {subprocess.py:93} INFO - 25/10/29 03:28:57 INFO Utils: Successfully started service 'org.apache.spark.network.netty.NettyBlockTransferService' on port 42733.
[2025-10-29T03:28:57.831+0700] {subprocess.py:93} INFO - 25/10/29 03:28:57 INFO NettyBlockTransferService: Server created on dfeadd712fc3:42733
[2025-10-29T03:28:57.832+0700] {subprocess.py:93} INFO - 25/10/29 03:28:57 INFO BlockManager: Using org.apache.spark.storage.RandomBlockReplicationPolicy for block replication policy
[2025-10-29T03:28:57.835+0700] {subprocess.py:93} INFO - 25/10/29 03:28:57 INFO BlockManagerMaster: Registering BlockManager BlockManagerId(driver, dfeadd712fc3, 42733, None)
[2025-10-29T03:28:57.837+0700] {subprocess.py:93} INFO - 25/10/29 03:28:57 INFO BlockManagerMasterEndpoint: Registering block manager dfeadd712fc3:42733 with 434.4 MiB RAM, BlockManagerId(driver, dfeadd712fc3, 42733, None)
[2025-10-29T03:28:57.838+0700] {subprocess.py:93} INFO - 25/10/29 03:28:57 INFO BlockManagerMaster: Registered BlockManager BlockManagerId(driver, dfeadd712fc3, 42733, None)
[2025-10-29T03:28:57.839+0700] {subprocess.py:93} INFO - 25/10/29 03:28:57 INFO BlockManager: Initialized BlockManager: BlockManagerId(driver, dfeadd712fc3, 42733, None)
[2025-10-29T03:28:59.828+0700] {subprocess.py:93} INFO - 25/10/29 03:28:59 WARN ResolveWriteToStream: spark.sql.adaptive.enabled is not supported in streaming DataFrames/Datasets and will be disabled.
[2025-10-29T03:28:59.949+0700] {subprocess.py:93} INFO - 🚀 Streaming job started — đang lắng nghe dữ liệu từ Kafka...
[2025-10-29T03:29:00.053+0700] {subprocess.py:93} INFO - 25/10/29 03:29:00 WARN AdminClientConfig: These configurations '[key.deserializer, value.deserializer, enable.auto.commit, max.poll.records, auto.offset.reset]' were supplied but are not used yet.
[2025-10-29T03:29:01.293+0700] {subprocess.py:93} INFO - [Batch 0] ⚠️ Không có dữ liệu mới.
[2025-10-29T03:29:02.652+0700] {subprocess.py:93} INFO - 25/10/29 03:29:02 WARN KafkaDataConsumer: KafkaDataConsumer is not running in UninterruptibleThread. It may hang when KafkaDataConsumer's methods are interrupted because of KAFKA-1894
[2025-10-29T03:29:03.111+0700] {subprocess.py:93} INFO - 25/10/29 03:29:03 WARN KafkaDataConsumer: KafkaDataConsumer is not running in UninterruptibleThread. It may hang when KafkaDataConsumer's methods are interrupted because of KAFKA-1894
[2025-10-29T03:29:05.446+0700] {subprocess.py:93} INFO - There was a problem when trying to write in your cache folder (/home/***/.cache/huggingface/hub). You should set the environment variable TRANSFORMERS_CACHE to a writable directory.
[2025-10-29T03:29:06.818+0700] {subprocess.py:93} INFO - 25/10/29 03:29:06 ERROR Executor: Exception in task 0.0 in stage 2.0 (TID 1)
[2025-10-29T03:29:06.819+0700] {subprocess.py:93} INFO - org.apache.spark.api.python.PythonException: Traceback (most recent call last):
[2025-10-29T03:29:06.819+0700] {subprocess.py:93} INFO -   File "/opt/***/projects/absa_streaming/scripts/consumer_postgres_streaming.py", line 73, in absa_infer_udf
[2025-10-29T03:29:06.819+0700] {subprocess.py:93} INFO -     _tokenizer = AutoTokenizer.from_pretrained(MODEL_NAME, use_fast=True)
[2025-10-29T03:29:06.819+0700] {subprocess.py:93} INFO -                  ^^^^^^^^^^^^^^^^^^^^^^^^^^^^^^^^^^^^^^^^^^^^^^^^^^^^^^^^
[2025-10-29T03:29:06.819+0700] {subprocess.py:93} INFO -   File "/home/***/.local/lib/python3.12/site-packages/transformers/models/auto/tokenization_auto.py", line 817, in from_pretrained
[2025-10-29T03:29:06.819+0700] {subprocess.py:93} INFO -     tokenizer_config = get_tokenizer_config(pretrained_model_name_or_path, **kwargs)
[2025-10-29T03:29:06.819+0700] {subprocess.py:93} INFO -                        ^^^^^^^^^^^^^^^^^^^^^^^^^^^^^^^^^^^^^^^^^^^^^^^^^^^^^^^^^^^^^
[2025-10-29T03:29:06.819+0700] {subprocess.py:93} INFO -   File "/home/***/.local/lib/python3.12/site-packages/transformers/models/auto/tokenization_auto.py", line 649, in get_tokenizer_config
[2025-10-29T03:29:06.820+0700] {subprocess.py:93} INFO -     resolved_config_file = cached_file(
[2025-10-29T03:29:06.820+0700] {subprocess.py:93} INFO -                            ^^^^^^^^^^^^
[2025-10-29T03:29:06.820+0700] {subprocess.py:93} INFO -   File "/home/***/.local/lib/python3.12/site-packages/transformers/utils/hub.py", line 462, in cached_file
[2025-10-29T03:29:06.820+0700] {subprocess.py:93} INFO -     except HFValidationError as e:
[2025-10-29T03:29:06.820+0700] {subprocess.py:93} INFO -   File "/home/***/.local/lib/python3.12/site-packages/huggingface_hub/utils/_validators.py", line 114, in _inner_fn
[2025-10-29T03:29:06.820+0700] {subprocess.py:93} INFO -     return fn(*args, **kwargs)
[2025-10-29T03:29:06.820+0700] {subprocess.py:93} INFO -            ^^^^^^^^^^^^^^^^^^^
[2025-10-29T03:29:06.820+0700] {subprocess.py:93} INFO -   File "/home/***/.local/lib/python3.12/site-packages/huggingface_hub/file_download.py", line 1007, in hf_hub_download
[2025-10-29T03:29:06.820+0700] {subprocess.py:93} INFO -     return _hf_hub_download_to_cache_dir(
[2025-10-29T03:29:06.820+0700] {subprocess.py:93} INFO -            ^^^^^^^^^^^^^^^^^^^^^^^^^^^^^^
[2025-10-29T03:29:06.820+0700] {subprocess.py:93} INFO -   File "/home/***/.local/lib/python3.12/site-packages/huggingface_hub/file_download.py", line 1124, in _hf_hub_download_to_cache_dir
[2025-10-29T03:29:06.821+0700] {subprocess.py:93} INFO -     os.makedirs(os.path.dirname(blob_path), exist_ok=True)
[2025-10-29T03:29:06.821+0700] {subprocess.py:93} INFO -   File "<frozen os>", line 216, in makedirs
[2025-10-29T03:29:06.821+0700] {subprocess.py:93} INFO -   File "<frozen os>", line 216, in makedirs
[2025-10-29T03:29:06.821+0700] {subprocess.py:93} INFO -   File "<frozen os>", line 216, in makedirs
[2025-10-29T03:29:06.821+0700] {subprocess.py:93} INFO -   File "<frozen os>", line 230, in makedirs
[2025-10-29T03:29:06.821+0700] {subprocess.py:93} INFO - PermissionError: [Errno 13] Permission denied: '/home/***/.cache/huggingface'
[2025-10-29T03:29:06.821+0700] {subprocess.py:93} INFO - 
[2025-10-29T03:29:06.821+0700] {subprocess.py:93} INFO - 	at org.apache.spark.api.python.BasePythonRunner$ReaderIterator.handlePythonException(PythonRunner.scala:572)
[2025-10-29T03:29:06.821+0700] {subprocess.py:93} INFO - 	at org.apache.spark.sql.execution.python.PythonArrowOutput$$anon$1.read(PythonArrowOutput.scala:118)
[2025-10-29T03:29:06.821+0700] {subprocess.py:93} INFO - 	at org.apache.spark.api.python.BasePythonRunner$ReaderIterator.hasNext(PythonRunner.scala:525)
[2025-10-29T03:29:06.821+0700] {subprocess.py:93} INFO - 	at org.apache.spark.InterruptibleIterator.hasNext(InterruptibleIterator.scala:37)
[2025-10-29T03:29:06.822+0700] {subprocess.py:93} INFO - 	at scala.collection.Iterator$$anon$11.hasNext(Iterator.scala:491)
[2025-10-29T03:29:06.822+0700] {subprocess.py:93} INFO - 	at scala.collection.Iterator$$anon$10.hasNext(Iterator.scala:460)
[2025-10-29T03:29:06.822+0700] {subprocess.py:93} INFO - 	at scala.collection.Iterator$$anon$10.hasNext(Iterator.scala:460)
[2025-10-29T03:29:06.822+0700] {subprocess.py:93} INFO - 	at org.apache.spark.sql.catalyst.expressions.GeneratedClass$GeneratedIteratorForCodegenStage1.hashAgg_doAggregateWithoutKey_0$(Unknown Source)
[2025-10-29T03:29:06.822+0700] {subprocess.py:93} INFO - 	at org.apache.spark.sql.catalyst.expressions.GeneratedClass$GeneratedIteratorForCodegenStage1.processNext(Unknown Source)
[2025-10-29T03:29:06.822+0700] {subprocess.py:93} INFO - 	at org.apache.spark.sql.execution.BufferedRowIterator.hasNext(BufferedRowIterator.java:43)
[2025-10-29T03:29:06.822+0700] {subprocess.py:93} INFO - 	at org.apache.spark.sql.execution.WholeStageCodegenEvaluatorFactory$WholeStageCodegenPartitionEvaluator$$anon$1.hasNext(WholeStageCodegenEvaluatorFactory.scala:43)
[2025-10-29T03:29:06.822+0700] {subprocess.py:93} INFO - 	at scala.collection.Iterator$$anon$10.hasNext(Iterator.scala:460)
[2025-10-29T03:29:06.822+0700] {subprocess.py:93} INFO - 	at org.apache.spark.shuffle.sort.BypassMergeSortShuffleWriter.write(BypassMergeSortShuffleWriter.java:140)
[2025-10-29T03:29:06.822+0700] {subprocess.py:93} INFO - 	at org.apache.spark.shuffle.ShuffleWriteProcessor.write(ShuffleWriteProcessor.scala:59)
[2025-10-29T03:29:06.822+0700] {subprocess.py:93} INFO - 	at org.apache.spark.scheduler.ShuffleMapTask.runTask(ShuffleMapTask.scala:104)
[2025-10-29T03:29:06.822+0700] {subprocess.py:93} INFO - 	at org.apache.spark.scheduler.ShuffleMapTask.runTask(ShuffleMapTask.scala:54)
[2025-10-29T03:29:06.823+0700] {subprocess.py:93} INFO - 	at org.apache.spark.TaskContext.runTaskWithListeners(TaskContext.scala:166)
[2025-10-29T03:29:06.823+0700] {subprocess.py:93} INFO - 	at org.apache.spark.scheduler.Task.run(Task.scala:141)
[2025-10-29T03:29:06.823+0700] {subprocess.py:93} INFO - 	at org.apache.spark.executor.Executor$TaskRunner.$anonfun$run$4(Executor.scala:620)
[2025-10-29T03:29:06.823+0700] {subprocess.py:93} INFO - 	at org.apache.spark.util.SparkErrorUtils.tryWithSafeFinally(SparkErrorUtils.scala:64)
[2025-10-29T03:29:06.823+0700] {subprocess.py:93} INFO - 	at org.apache.spark.util.SparkErrorUtils.tryWithSafeFinally$(SparkErrorUtils.scala:61)
[2025-10-29T03:29:06.823+0700] {subprocess.py:93} INFO - 	at org.apache.spark.util.Utils$.tryWithSafeFinally(Utils.scala:94)
[2025-10-29T03:29:06.823+0700] {subprocess.py:93} INFO - 	at org.apache.spark.executor.Executor$TaskRunner.run(Executor.scala:623)
[2025-10-29T03:29:06.823+0700] {subprocess.py:93} INFO - 	at java.base/java.util.concurrent.ThreadPoolExecutor.runWorker(ThreadPoolExecutor.java:1136)
[2025-10-29T03:29:06.823+0700] {subprocess.py:93} INFO - 	at java.base/java.util.concurrent.ThreadPoolExecutor$Worker.run(ThreadPoolExecutor.java:635)
[2025-10-29T03:29:06.823+0700] {subprocess.py:93} INFO - 	at java.base/java.lang.Thread.run(Thread.java:840)
[2025-10-29T03:29:06.826+0700] {subprocess.py:93} INFO - 25/10/29 03:29:06 WARN TaskSetManager: Lost task 0.0 in stage 2.0 (TID 1) (dfeadd712fc3 executor driver): org.apache.spark.api.python.PythonException: Traceback (most recent call last):
[2025-10-29T03:29:06.826+0700] {subprocess.py:93} INFO -   File "/opt/***/projects/absa_streaming/scripts/consumer_postgres_streaming.py", line 73, in absa_infer_udf
[2025-10-29T03:29:06.826+0700] {subprocess.py:93} INFO -     _tokenizer = AutoTokenizer.from_pretrained(MODEL_NAME, use_fast=True)
[2025-10-29T03:29:06.826+0700] {subprocess.py:93} INFO -                  ^^^^^^^^^^^^^^^^^^^^^^^^^^^^^^^^^^^^^^^^^^^^^^^^^^^^^^^^
[2025-10-29T03:29:06.827+0700] {subprocess.py:93} INFO -   File "/home/***/.local/lib/python3.12/site-packages/transformers/models/auto/tokenization_auto.py", line 817, in from_pretrained
[2025-10-29T03:29:06.827+0700] {subprocess.py:93} INFO -     tokenizer_config = get_tokenizer_config(pretrained_model_name_or_path, **kwargs)
[2025-10-29T03:29:06.827+0700] {subprocess.py:93} INFO -                        ^^^^^^^^^^^^^^^^^^^^^^^^^^^^^^^^^^^^^^^^^^^^^^^^^^^^^^^^^^^^^
[2025-10-29T03:29:06.827+0700] {subprocess.py:93} INFO -   File "/home/***/.local/lib/python3.12/site-packages/transformers/models/auto/tokenization_auto.py", line 649, in get_tokenizer_config
[2025-10-29T03:29:06.827+0700] {subprocess.py:93} INFO -     resolved_config_file = cached_file(
[2025-10-29T03:29:06.827+0700] {subprocess.py:93} INFO -                            ^^^^^^^^^^^^
[2025-10-29T03:29:06.827+0700] {subprocess.py:93} INFO -   File "/home/***/.local/lib/python3.12/site-packages/transformers/utils/hub.py", line 462, in cached_file
[2025-10-29T03:29:06.828+0700] {subprocess.py:93} INFO -     except HFValidationError as e:
[2025-10-29T03:29:06.828+0700] {subprocess.py:93} INFO -   File "/home/***/.local/lib/python3.12/site-packages/huggingface_hub/utils/_validators.py", line 114, in _inner_fn
[2025-10-29T03:29:06.828+0700] {subprocess.py:93} INFO -     return fn(*args, **kwargs)
[2025-10-29T03:29:06.828+0700] {subprocess.py:93} INFO -            ^^^^^^^^^^^^^^^^^^^
[2025-10-29T03:29:06.828+0700] {subprocess.py:93} INFO -   File "/home/***/.local/lib/python3.12/site-packages/huggingface_hub/file_download.py", line 1007, in hf_hub_download
[2025-10-29T03:29:06.828+0700] {subprocess.py:93} INFO -     return _hf_hub_download_to_cache_dir(
[2025-10-29T03:29:06.828+0700] {subprocess.py:93} INFO -            ^^^^^^^^^^^^^^^^^^^^^^^^^^^^^^
[2025-10-29T03:29:06.828+0700] {subprocess.py:93} INFO -   File "/home/***/.local/lib/python3.12/site-packages/huggingface_hub/file_download.py", line 1124, in _hf_hub_download_to_cache_dir
[2025-10-29T03:29:06.828+0700] {subprocess.py:93} INFO -     os.makedirs(os.path.dirname(blob_path), exist_ok=True)
[2025-10-29T03:29:06.828+0700] {subprocess.py:93} INFO -   File "<frozen os>", line 216, in makedirs
[2025-10-29T03:29:06.829+0700] {subprocess.py:93} INFO -   File "<frozen os>", line 216, in makedirs
[2025-10-29T03:29:06.829+0700] {subprocess.py:93} INFO -   File "<frozen os>", line 216, in makedirs
[2025-10-29T03:29:06.829+0700] {subprocess.py:93} INFO -   File "<frozen os>", line 230, in makedirs
[2025-10-29T03:29:06.829+0700] {subprocess.py:93} INFO - PermissionError: [Errno 13] Permission denied: '/home/***/.cache/huggingface'
[2025-10-29T03:29:06.829+0700] {subprocess.py:93} INFO - 
[2025-10-29T03:29:06.829+0700] {subprocess.py:93} INFO - 	at org.apache.spark.api.python.BasePythonRunner$ReaderIterator.handlePythonException(PythonRunner.scala:572)
[2025-10-29T03:29:06.829+0700] {subprocess.py:93} INFO - 	at org.apache.spark.sql.execution.python.PythonArrowOutput$$anon$1.read(PythonArrowOutput.scala:118)
[2025-10-29T03:29:06.829+0700] {subprocess.py:93} INFO - 	at org.apache.spark.api.python.BasePythonRunner$ReaderIterator.hasNext(PythonRunner.scala:525)
[2025-10-29T03:29:06.829+0700] {subprocess.py:93} INFO - 	at org.apache.spark.InterruptibleIterator.hasNext(InterruptibleIterator.scala:37)
[2025-10-29T03:29:06.829+0700] {subprocess.py:93} INFO - 	at scala.collection.Iterator$$anon$11.hasNext(Iterator.scala:491)
[2025-10-29T03:29:06.829+0700] {subprocess.py:93} INFO - 	at scala.collection.Iterator$$anon$10.hasNext(Iterator.scala:460)
[2025-10-29T03:29:06.830+0700] {subprocess.py:93} INFO - 	at scala.collection.Iterator$$anon$10.hasNext(Iterator.scala:460)
[2025-10-29T03:29:06.830+0700] {subprocess.py:93} INFO - 	at org.apache.spark.sql.catalyst.expressions.GeneratedClass$GeneratedIteratorForCodegenStage1.hashAgg_doAggregateWithoutKey_0$(Unknown Source)
[2025-10-29T03:29:06.830+0700] {subprocess.py:93} INFO - 	at org.apache.spark.sql.catalyst.expressions.GeneratedClass$GeneratedIteratorForCodegenStage1.processNext(Unknown Source)
[2025-10-29T03:29:06.830+0700] {subprocess.py:93} INFO - 	at org.apache.spark.sql.execution.BufferedRowIterator.hasNext(BufferedRowIterator.java:43)
[2025-10-29T03:29:06.830+0700] {subprocess.py:93} INFO - 	at org.apache.spark.sql.execution.WholeStageCodegenEvaluatorFactory$WholeStageCodegenPartitionEvaluator$$anon$1.hasNext(WholeStageCodegenEvaluatorFactory.scala:43)
[2025-10-29T03:29:06.830+0700] {subprocess.py:93} INFO - 	at scala.collection.Iterator$$anon$10.hasNext(Iterator.scala:460)
[2025-10-29T03:29:06.830+0700] {subprocess.py:93} INFO - 	at org.apache.spark.shuffle.sort.BypassMergeSortShuffleWriter.write(BypassMergeSortShuffleWriter.java:140)
[2025-10-29T03:29:06.830+0700] {subprocess.py:93} INFO - 	at org.apache.spark.shuffle.ShuffleWriteProcessor.write(ShuffleWriteProcessor.scala:59)
[2025-10-29T03:29:06.830+0700] {subprocess.py:93} INFO - 	at org.apache.spark.scheduler.ShuffleMapTask.runTask(ShuffleMapTask.scala:104)
[2025-10-29T03:29:06.831+0700] {subprocess.py:93} INFO - 	at org.apache.spark.scheduler.ShuffleMapTask.runTask(ShuffleMapTask.scala:54)
[2025-10-29T03:29:06.831+0700] {subprocess.py:93} INFO - 	at org.apache.spark.TaskContext.runTaskWithListeners(TaskContext.scala:166)
[2025-10-29T03:29:06.831+0700] {subprocess.py:93} INFO - 	at org.apache.spark.scheduler.Task.run(Task.scala:141)
[2025-10-29T03:29:06.831+0700] {subprocess.py:93} INFO - 	at org.apache.spark.executor.Executor$TaskRunner.$anonfun$run$4(Executor.scala:620)
[2025-10-29T03:29:06.831+0700] {subprocess.py:93} INFO - 	at org.apache.spark.util.SparkErrorUtils.tryWithSafeFinally(SparkErrorUtils.scala:64)
[2025-10-29T03:29:06.831+0700] {subprocess.py:93} INFO - 	at org.apache.spark.util.SparkErrorUtils.tryWithSafeFinally$(SparkErrorUtils.scala:61)
[2025-10-29T03:29:06.831+0700] {subprocess.py:93} INFO - 	at org.apache.spark.util.Utils$.tryWithSafeFinally(Utils.scala:94)
[2025-10-29T03:29:06.831+0700] {subprocess.py:93} INFO - 	at org.apache.spark.executor.Executor$TaskRunner.run(Executor.scala:623)
[2025-10-29T03:29:06.832+0700] {subprocess.py:93} INFO - 	at java.base/java.util.concurrent.ThreadPoolExecutor.runWorker(ThreadPoolExecutor.java:1136)
[2025-10-29T03:29:06.832+0700] {subprocess.py:93} INFO - 	at java.base/java.util.concurrent.ThreadPoolExecutor$Worker.run(ThreadPoolExecutor.java:635)
[2025-10-29T03:29:06.832+0700] {subprocess.py:93} INFO - 	at java.base/java.lang.Thread.run(Thread.java:840)
[2025-10-29T03:29:06.832+0700] {subprocess.py:93} INFO - 
[2025-10-29T03:29:06.832+0700] {subprocess.py:93} INFO - 25/10/29 03:29:06 ERROR TaskSetManager: Task 0 in stage 2.0 failed 1 times; aborting job
[2025-10-29T03:29:06.896+0700] {subprocess.py:93} INFO - 25/10/29 03:29:06 ERROR MicroBatchExecution: Query [id = 6897087f-553b-4e00-aa9f-533d2c161776, runId = aef830d7-66fa-4240-bfc2-e9d4faaf266f] terminated with error
[2025-10-29T03:29:06.896+0700] {subprocess.py:93} INFO - py4j.Py4JException: An exception was raised by the Python Proxy. Return Message: Traceback (most recent call last):
[2025-10-29T03:29:06.896+0700] {subprocess.py:93} INFO -   File "/home/***/.local/lib/python3.12/site-packages/pyspark/python/lib/py4j-0.10.9.7-src.zip/py4j/clientserver.py", line 617, in _call_proxy
[2025-10-29T03:29:06.897+0700] {subprocess.py:93} INFO -     return_value = getattr(self.pool[obj_id], method)(*params)
[2025-10-29T03:29:06.897+0700] {subprocess.py:93} INFO -                    ^^^^^^^^^^^^^^^^^^^^^^^^^^^^^^^^^^^^^^^^^^^
[2025-10-29T03:29:06.897+0700] {subprocess.py:93} INFO -   File "/home/***/.local/lib/python3.12/site-packages/pyspark/python/lib/pyspark.zip/pyspark/sql/utils.py", line 120, in call
[2025-10-29T03:29:06.897+0700] {subprocess.py:93} INFO -     raise e
[2025-10-29T03:29:06.897+0700] {subprocess.py:93} INFO -   File "/home/***/.local/lib/python3.12/site-packages/pyspark/python/lib/pyspark.zip/pyspark/sql/utils.py", line 117, in call
[2025-10-29T03:29:06.897+0700] {subprocess.py:93} INFO -     self.func(DataFrame(jdf, wrapped_session_jdf), batch_id)
[2025-10-29T03:29:06.897+0700] {subprocess.py:93} INFO -   File "/opt/***/projects/absa_streaming/scripts/consumer_postgres_streaming.py", line 125, in write_to_postgres
[2025-10-29T03:29:06.897+0700] {subprocess.py:93} INFO -     total_rows = batch_df.count()
[2025-10-29T03:29:06.897+0700] {subprocess.py:93} INFO -                  ^^^^^^^^^^^^^^^^
[2025-10-29T03:29:06.897+0700] {subprocess.py:93} INFO -   File "/home/***/.local/lib/python3.12/site-packages/pyspark/python/lib/pyspark.zip/pyspark/sql/dataframe.py", line 1238, in count
[2025-10-29T03:29:06.898+0700] {subprocess.py:93} INFO -     return int(self._jdf.count())
[2025-10-29T03:29:06.898+0700] {subprocess.py:93} INFO -                ^^^^^^^^^^^^^^^^^
[2025-10-29T03:29:06.898+0700] {subprocess.py:93} INFO -   File "/home/***/.local/lib/python3.12/site-packages/pyspark/python/lib/py4j-0.10.9.7-src.zip/py4j/java_gateway.py", line 1322, in __call__
[2025-10-29T03:29:06.898+0700] {subprocess.py:93} INFO -     return_value = get_return_value(
[2025-10-29T03:29:06.898+0700] {subprocess.py:93} INFO -                    ^^^^^^^^^^^^^^^^^
[2025-10-29T03:29:06.898+0700] {subprocess.py:93} INFO -   File "/home/***/.local/lib/python3.12/site-packages/pyspark/python/lib/pyspark.zip/pyspark/errors/exceptions/captured.py", line 185, in deco
[2025-10-29T03:29:06.898+0700] {subprocess.py:93} INFO -     raise converted from None
[2025-10-29T03:29:06.899+0700] {subprocess.py:93} INFO - pyspark.errors.exceptions.captured.PythonException:
[2025-10-29T03:29:06.899+0700] {subprocess.py:93} INFO -   An exception was thrown from the Python worker. Please see the stack trace below.
[2025-10-29T03:29:06.899+0700] {subprocess.py:93} INFO - Traceback (most recent call last):
[2025-10-29T03:29:06.899+0700] {subprocess.py:93} INFO -   File "/opt/***/projects/absa_streaming/scripts/consumer_postgres_streaming.py", line 73, in absa_infer_udf
[2025-10-29T03:29:06.899+0700] {subprocess.py:93} INFO -     _tokenizer = AutoTokenizer.from_pretrained(MODEL_NAME, use_fast=True)
[2025-10-29T03:29:06.900+0700] {subprocess.py:93} INFO -                  ^^^^^^^^^^^^^^^^^^^^^^^^^^^^^^^^^^^^^^^^^^^^^^^^^^^^^^^^
[2025-10-29T03:29:06.900+0700] {subprocess.py:93} INFO -   File "/home/***/.local/lib/python3.12/site-packages/transformers/models/auto/tokenization_auto.py", line 817, in from_pretrained
[2025-10-29T03:29:06.900+0700] {subprocess.py:93} INFO -     tokenizer_config = get_tokenizer_config(pretrained_model_name_or_path, **kwargs)
[2025-10-29T03:29:06.900+0700] {subprocess.py:93} INFO -                        ^^^^^^^^^^^^^^^^^^^^^^^^^^^^^^^^^^^^^^^^^^^^^^^^^^^^^^^^^^^^^
[2025-10-29T03:29:06.900+0700] {subprocess.py:93} INFO -   File "/home/***/.local/lib/python3.12/site-packages/transformers/models/auto/tokenization_auto.py", line 649, in get_tokenizer_config
[2025-10-29T03:29:06.900+0700] {subprocess.py:93} INFO -     resolved_config_file = cached_file(
[2025-10-29T03:29:06.900+0700] {subprocess.py:93} INFO -                            ^^^^^^^^^^^^
[2025-10-29T03:29:06.900+0700] {subprocess.py:93} INFO -   File "/home/***/.local/lib/python3.12/site-packages/transformers/utils/hub.py", line 462, in cached_file
[2025-10-29T03:29:06.901+0700] {subprocess.py:93} INFO -     except HFValidationError as e:
[2025-10-29T03:29:06.901+0700] {subprocess.py:93} INFO -   File "/home/***/.local/lib/python3.12/site-packages/huggingface_hub/utils/_validators.py", line 114, in _inner_fn
[2025-10-29T03:29:06.901+0700] {subprocess.py:93} INFO -     return fn(*args, **kwargs)
[2025-10-29T03:29:06.901+0700] {subprocess.py:93} INFO -            ^^^^^^^^^^^^^^^^^^^
[2025-10-29T03:29:06.901+0700] {subprocess.py:93} INFO -   File "/home/***/.local/lib/python3.12/site-packages/huggingface_hub/file_download.py", line 1007, in hf_hub_download
[2025-10-29T03:29:06.901+0700] {subprocess.py:93} INFO -     return _hf_hub_download_to_cache_dir(
[2025-10-29T03:29:06.901+0700] {subprocess.py:93} INFO -            ^^^^^^^^^^^^^^^^^^^^^^^^^^^^^^
[2025-10-29T03:29:06.901+0700] {subprocess.py:93} INFO -   File "/home/***/.local/lib/python3.12/site-packages/huggingface_hub/file_download.py", line 1124, in _hf_hub_download_to_cache_dir
[2025-10-29T03:29:06.901+0700] {subprocess.py:93} INFO -     os.makedirs(os.path.dirname(blob_path), exist_ok=True)
[2025-10-29T03:29:06.901+0700] {subprocess.py:93} INFO -   File "<frozen os>", line 216, in makedirs
[2025-10-29T03:29:06.902+0700] {subprocess.py:93} INFO -   File "<frozen os>", line 216, in makedirs
[2025-10-29T03:29:06.902+0700] {subprocess.py:93} INFO -   File "<frozen os>", line 216, in makedirs
[2025-10-29T03:29:06.902+0700] {subprocess.py:93} INFO -   File "<frozen os>", line 230, in makedirs
[2025-10-29T03:29:06.902+0700] {subprocess.py:93} INFO - PermissionError: [Errno 13] Permission denied: '/home/***/.cache/huggingface'
[2025-10-29T03:29:06.902+0700] {subprocess.py:93} INFO - 
[2025-10-29T03:29:06.902+0700] {subprocess.py:93} INFO - 
[2025-10-29T03:29:06.902+0700] {subprocess.py:93} INFO - 	at py4j.Protocol.getReturnValue(Protocol.java:476)
[2025-10-29T03:29:06.902+0700] {subprocess.py:93} INFO - 	at py4j.reflection.PythonProxyHandler.invoke(PythonProxyHandler.java:108)
[2025-10-29T03:29:06.902+0700] {subprocess.py:93} INFO - 	at jdk.proxy3/jdk.proxy3.$Proxy32.call(Unknown Source)
[2025-10-29T03:29:06.902+0700] {subprocess.py:93} INFO - 	at org.apache.spark.sql.execution.streaming.sources.PythonForeachBatchHelper$.$anonfun$callForeachBatch$1(ForeachBatchSink.scala:53)
[2025-10-29T03:29:06.902+0700] {subprocess.py:93} INFO - 	at org.apache.spark.sql.execution.streaming.sources.PythonForeachBatchHelper$.$anonfun$callForeachBatch$1$adapted(ForeachBatchSink.scala:53)
[2025-10-29T03:29:06.903+0700] {subprocess.py:93} INFO - 	at org.apache.spark.sql.execution.streaming.sources.ForeachBatchSink.addBatch(ForeachBatchSink.scala:34)
[2025-10-29T03:29:06.903+0700] {subprocess.py:93} INFO - 	at org.apache.spark.sql.execution.streaming.MicroBatchExecution.$anonfun$runBatch$17(MicroBatchExecution.scala:732)
[2025-10-29T03:29:06.903+0700] {subprocess.py:93} INFO - 	at org.apache.spark.sql.execution.SQLExecution$.$anonfun$withNewExecutionId$6(SQLExecution.scala:125)
[2025-10-29T03:29:06.903+0700] {subprocess.py:93} INFO - 	at org.apache.spark.sql.execution.SQLExecution$.withSQLConfPropagated(SQLExecution.scala:201)
[2025-10-29T03:29:06.903+0700] {subprocess.py:93} INFO - 	at org.apache.spark.sql.execution.SQLExecution$.$anonfun$withNewExecutionId$1(SQLExecution.scala:108)
[2025-10-29T03:29:06.903+0700] {subprocess.py:93} INFO - 	at org.apache.spark.sql.SparkSession.withActive(SparkSession.scala:900)
[2025-10-29T03:29:06.903+0700] {subprocess.py:93} INFO - 	at org.apache.spark.sql.execution.SQLExecution$.withNewExecutionId(SQLExecution.scala:66)
[2025-10-29T03:29:06.903+0700] {subprocess.py:93} INFO - 	at org.apache.spark.sql.execution.streaming.MicroBatchExecution.$anonfun$runBatch$16(MicroBatchExecution.scala:729)
[2025-10-29T03:29:06.903+0700] {subprocess.py:93} INFO - 	at org.apache.spark.sql.execution.streaming.ProgressReporter.reportTimeTaken(ProgressReporter.scala:427)
[2025-10-29T03:29:06.903+0700] {subprocess.py:93} INFO - 	at org.apache.spark.sql.execution.streaming.ProgressReporter.reportTimeTaken$(ProgressReporter.scala:425)
[2025-10-29T03:29:06.904+0700] {subprocess.py:93} INFO - 	at org.apache.spark.sql.execution.streaming.StreamExecution.reportTimeTaken(StreamExecution.scala:67)
[2025-10-29T03:29:06.904+0700] {subprocess.py:93} INFO - 	at org.apache.spark.sql.execution.streaming.MicroBatchExecution.runBatch(MicroBatchExecution.scala:729)
[2025-10-29T03:29:06.904+0700] {subprocess.py:93} INFO - 	at org.apache.spark.sql.execution.streaming.MicroBatchExecution.$anonfun$runActivatedStream$2(MicroBatchExecution.scala:286)
[2025-10-29T03:29:06.904+0700] {subprocess.py:93} INFO - 	at scala.runtime.java8.JFunction0$mcV$sp.apply(JFunction0$mcV$sp.java:23)
[2025-10-29T03:29:06.904+0700] {subprocess.py:93} INFO - 	at org.apache.spark.sql.execution.streaming.ProgressReporter.reportTimeTaken(ProgressReporter.scala:427)
[2025-10-29T03:29:06.904+0700] {subprocess.py:93} INFO - 	at org.apache.spark.sql.execution.streaming.ProgressReporter.reportTimeTaken$(ProgressReporter.scala:425)
[2025-10-29T03:29:06.904+0700] {subprocess.py:93} INFO - 	at org.apache.spark.sql.execution.streaming.StreamExecution.reportTimeTaken(StreamExecution.scala:67)
[2025-10-29T03:29:06.904+0700] {subprocess.py:93} INFO - 	at org.apache.spark.sql.execution.streaming.MicroBatchExecution.$anonfun$runActivatedStream$1(MicroBatchExecution.scala:249)
[2025-10-29T03:29:06.904+0700] {subprocess.py:93} INFO - 	at org.apache.spark.sql.execution.streaming.ProcessingTimeExecutor.execute(TriggerExecutor.scala:67)
[2025-10-29T03:29:06.905+0700] {subprocess.py:93} INFO - 	at org.apache.spark.sql.execution.streaming.MicroBatchExecution.runActivatedStream(MicroBatchExecution.scala:239)
[2025-10-29T03:29:06.905+0700] {subprocess.py:93} INFO - 	at org.apache.spark.sql.execution.streaming.StreamExecution.$anonfun$runStream$1(StreamExecution.scala:311)
[2025-10-29T03:29:06.905+0700] {subprocess.py:93} INFO - 	at scala.runtime.java8.JFunction0$mcV$sp.apply(JFunction0$mcV$sp.java:23)
[2025-10-29T03:29:06.905+0700] {subprocess.py:93} INFO - 	at org.apache.spark.sql.SparkSession.withActive(SparkSession.scala:900)
[2025-10-29T03:29:06.905+0700] {subprocess.py:93} INFO - 	at org.apache.spark.sql.execution.streaming.StreamExecution.org$apache$spark$sql$execution$streaming$StreamExecution$$runStream(StreamExecution.scala:289)
[2025-10-29T03:29:06.905+0700] {subprocess.py:93} INFO - 	at org.apache.spark.sql.execution.streaming.StreamExecution$$anon$1.$anonfun$run$1(StreamExecution.scala:211)
[2025-10-29T03:29:06.905+0700] {subprocess.py:93} INFO - 	at scala.runtime.java8.JFunction0$mcV$sp.apply(JFunction0$mcV$sp.java:23)
[2025-10-29T03:29:06.905+0700] {subprocess.py:93} INFO - 	at org.apache.spark.JobArtifactSet$.withActiveJobArtifactState(JobArtifactSet.scala:94)
[2025-10-29T03:29:06.905+0700] {subprocess.py:93} INFO - 	at org.apache.spark.sql.execution.streaming.StreamExecution$$anon$1.run(StreamExecution.scala:211)
[2025-10-29T03:29:06.968+0700] {subprocess.py:93} INFO - Traceback (most recent call last):
[2025-10-29T03:29:06.968+0700] {subprocess.py:93} INFO -   File "/opt/***/projects/absa_streaming/scripts/consumer_postgres_streaming.py", line 175, in <module>
[2025-10-29T03:29:06.968+0700] {subprocess.py:93} INFO -     query.awaitTermination()
[2025-10-29T03:29:06.968+0700] {subprocess.py:93} INFO -   File "/home/***/.local/lib/python3.12/site-packages/pyspark/python/lib/pyspark.zip/pyspark/sql/streaming/query.py", line 221, in awaitTermination
[2025-10-29T03:29:06.969+0700] {subprocess.py:93} INFO -   File "/home/***/.local/lib/python3.12/site-packages/pyspark/python/lib/py4j-0.10.9.7-src.zip/py4j/java_gateway.py", line 1322, in __call__
[2025-10-29T03:29:06.969+0700] {subprocess.py:93} INFO -   File "/home/***/.local/lib/python3.12/site-packages/pyspark/python/lib/pyspark.zip/pyspark/errors/exceptions/captured.py", line 185, in deco
[2025-10-29T03:29:06.972+0700] {subprocess.py:93} INFO - pyspark.errors.exceptions.captured.StreamingQueryException: [STREAM_FAILED] Query [id = 6897087f-553b-4e00-aa9f-533d2c161776, runId = aef830d7-66fa-4240-bfc2-e9d4faaf266f] terminated with exception: An exception was raised by the Python Proxy. Return Message: Traceback (most recent call last):
[2025-10-29T03:29:06.972+0700] {subprocess.py:93} INFO -   File "/home/***/.local/lib/python3.12/site-packages/pyspark/python/lib/py4j-0.10.9.7-src.zip/py4j/clientserver.py", line 617, in _call_proxy
[2025-10-29T03:29:06.972+0700] {subprocess.py:93} INFO -     return_value = getattr(self.pool[obj_id], method)(*params)
[2025-10-29T03:29:06.972+0700] {subprocess.py:93} INFO -                    ^^^^^^^^^^^^^^^^^^^^^^^^^^^^^^^^^^^^^^^^^^^
[2025-10-29T03:29:06.973+0700] {subprocess.py:93} INFO -   File "/home/***/.local/lib/python3.12/site-packages/pyspark/python/lib/pyspark.zip/pyspark/sql/utils.py", line 120, in call
[2025-10-29T03:29:06.973+0700] {subprocess.py:93} INFO -     raise e
[2025-10-29T03:29:06.973+0700] {subprocess.py:93} INFO -   File "/home/***/.local/lib/python3.12/site-packages/pyspark/python/lib/pyspark.zip/pyspark/sql/utils.py", line 117, in call
[2025-10-29T03:29:06.973+0700] {subprocess.py:93} INFO -     self.func(DataFrame(jdf, wrapped_session_jdf), batch_id)
[2025-10-29T03:29:06.973+0700] {subprocess.py:93} INFO -   File "/opt/***/projects/absa_streaming/scripts/consumer_postgres_streaming.py", line 125, in write_to_postgres
[2025-10-29T03:29:06.974+0700] {subprocess.py:93} INFO -     total_rows = batch_df.count()
[2025-10-29T03:29:06.974+0700] {subprocess.py:93} INFO -                  ^^^^^^^^^^^^^^^^
[2025-10-29T03:29:06.974+0700] {subprocess.py:93} INFO -   File "/home/***/.local/lib/python3.12/site-packages/pyspark/python/lib/pyspark.zip/pyspark/sql/dataframe.py", line 1238, in count
[2025-10-29T03:29:06.974+0700] {subprocess.py:93} INFO -     return int(self._jdf.count())
[2025-10-29T03:29:06.974+0700] {subprocess.py:93} INFO -                ^^^^^^^^^^^^^^^^^
[2025-10-29T03:29:06.974+0700] {subprocess.py:93} INFO -   File "/home/***/.local/lib/python3.12/site-packages/pyspark/python/lib/py4j-0.10.9.7-src.zip/py4j/java_gateway.py", line 1322, in __call__
[2025-10-29T03:29:06.975+0700] {subprocess.py:93} INFO -     return_value = get_return_value(
[2025-10-29T03:29:06.975+0700] {subprocess.py:93} INFO -                    ^^^^^^^^^^^^^^^^^
[2025-10-29T03:29:06.975+0700] {subprocess.py:93} INFO -   File "/home/***/.local/lib/python3.12/site-packages/pyspark/python/lib/pyspark.zip/pyspark/errors/exceptions/captured.py", line 185, in deco
[2025-10-29T03:29:06.975+0700] {subprocess.py:93} INFO -     raise converted from None
[2025-10-29T03:29:06.975+0700] {subprocess.py:93} INFO - pyspark.errors.exceptions.captured.PythonException:
[2025-10-29T03:29:06.975+0700] {subprocess.py:93} INFO -   An exception was thrown from the Python worker. Please see the stack trace below.
[2025-10-29T03:29:06.975+0700] {subprocess.py:93} INFO - Traceback (most recent call last):
[2025-10-29T03:29:06.976+0700] {subprocess.py:93} INFO -   File "/opt/***/projects/absa_streaming/scripts/consumer_postgres_streaming.py", line 73, in absa_infer_udf
[2025-10-29T03:29:06.976+0700] {subprocess.py:93} INFO -     _tokenizer = AutoTokenizer.from_pretrained(MODEL_NAME, use_fast=True)
[2025-10-29T03:29:06.976+0700] {subprocess.py:93} INFO -                  ^^^^^^^^^^^^^^^^^^^^^^^^^^^^^^^^^^^^^^^^^^^^^^^^^^^^^^^^
[2025-10-29T03:29:06.976+0700] {subprocess.py:93} INFO -   File "/home/***/.local/lib/python3.12/site-packages/transformers/models/auto/tokenization_auto.py", line 817, in from_pretrained
[2025-10-29T03:29:06.976+0700] {subprocess.py:93} INFO -     tokenizer_config = get_tokenizer_config(pretrained_model_name_or_path, **kwargs)
[2025-10-29T03:29:06.976+0700] {subprocess.py:93} INFO -                        ^^^^^^^^^^^^^^^^^^^^^^^^^^^^^^^^^^^^^^^^^^^^^^^^^^^^^^^^^^^^^
[2025-10-29T03:29:06.977+0700] {subprocess.py:93} INFO -   File "/home/***/.local/lib/python3.12/site-packages/transformers/models/auto/tokenization_auto.py", line 649, in get_tokenizer_config
[2025-10-29T03:29:06.977+0700] {subprocess.py:93} INFO -     resolved_config_file = cached_file(
[2025-10-29T03:29:06.977+0700] {subprocess.py:93} INFO -                            ^^^^^^^^^^^^
[2025-10-29T03:29:06.977+0700] {subprocess.py:93} INFO -   File "/home/***/.local/lib/python3.12/site-packages/transformers/utils/hub.py", line 462, in cached_file
[2025-10-29T03:29:06.977+0700] {subprocess.py:93} INFO -     except HFValidationError as e:
[2025-10-29T03:29:06.977+0700] {subprocess.py:93} INFO -   File "/home/***/.local/lib/python3.12/site-packages/huggingface_hub/utils/_validators.py", line 114, in _inner_fn
[2025-10-29T03:29:06.978+0700] {subprocess.py:93} INFO -     return fn(*args, **kwargs)
[2025-10-29T03:29:06.978+0700] {subprocess.py:93} INFO -            ^^^^^^^^^^^^^^^^^^^
[2025-10-29T03:29:06.978+0700] {subprocess.py:93} INFO -   File "/home/***/.local/lib/python3.12/site-packages/huggingface_hub/file_download.py", line 1007, in hf_hub_download
[2025-10-29T03:29:06.978+0700] {subprocess.py:93} INFO -     return _hf_hub_download_to_cache_dir(
[2025-10-29T03:29:06.978+0700] {subprocess.py:93} INFO -            ^^^^^^^^^^^^^^^^^^^^^^^^^^^^^^
[2025-10-29T03:29:06.978+0700] {subprocess.py:93} INFO -   File "/home/***/.local/lib/python3.12/site-packages/huggingface_hub/file_download.py", line 1124, in _hf_hub_download_to_cache_dir
[2025-10-29T03:29:06.979+0700] {subprocess.py:93} INFO -     os.makedirs(os.path.dirname(blob_path), exist_ok=True)
[2025-10-29T03:29:06.979+0700] {subprocess.py:93} INFO -   File "<frozen os>", line 216, in makedirs
[2025-10-29T03:29:06.979+0700] {subprocess.py:93} INFO -   File "<frozen os>", line 216, in makedirs
[2025-10-29T03:29:06.979+0700] {subprocess.py:93} INFO -   File "<frozen os>", line 216, in makedirs
[2025-10-29T03:29:06.979+0700] {subprocess.py:93} INFO -   File "<frozen os>", line 230, in makedirs
[2025-10-29T03:29:06.979+0700] {subprocess.py:93} INFO - PermissionError: [Errno 13] Permission denied: '/home/***/.cache/huggingface'
[2025-10-29T03:29:06.979+0700] {subprocess.py:93} INFO - 
[2025-10-29T03:29:06.980+0700] {subprocess.py:93} INFO - 
[2025-10-29T03:29:07.528+0700] {subprocess.py:97} INFO - Command exited with return code 1
[2025-10-29T03:29:07.529+0700] {taskinstance.py:441} INFO - ::group::Post task execution logs
[2025-10-29T03:29:07.537+0700] {taskinstance.py:2890} ERROR - Task failed with exception
Traceback (most recent call last):
  File "/home/airflow/.local/lib/python3.12/site-packages/airflow/models/taskinstance.py", line 460, in _execute_task
    result = _execute_callable(context=context, **execute_callable_kwargs)
             ^^^^^^^^^^^^^^^^^^^^^^^^^^^^^^^^^^^^^^^^^^^^^^^^^^^^^^^^^^^^^
  File "/home/airflow/.local/lib/python3.12/site-packages/airflow/models/taskinstance.py", line 432, in _execute_callable
    return execute_callable(context=context, **execute_callable_kwargs)
           ^^^^^^^^^^^^^^^^^^^^^^^^^^^^^^^^^^^^^^^^^^^^^^^^^^^^^^^^^^^^
  File "/home/airflow/.local/lib/python3.12/site-packages/airflow/models/baseoperator.py", line 400, in wrapper
    return func(self, *args, **kwargs)
           ^^^^^^^^^^^^^^^^^^^^^^^^^^^
  File "/home/airflow/.local/lib/python3.12/site-packages/airflow/operators/bash.py", line 243, in execute
    raise AirflowException(
airflow.exceptions.AirflowException: Bash command failed. The command returned a non-zero exit code 1.
[2025-10-29T03:29:07.540+0700] {taskinstance.py:1205} INFO - Marking task as FAILED. dag_id=absa_streaming_lifecycle_demo1, task_id=deploy_consumer, execution_date=20251028T200718, start_date=20251028T202851, end_date=20251028T202907
[2025-10-29T03:29:07.550+0700] {standard_task_runner.py:110} ERROR - Failed to execute job 27 for task deploy_consumer (Bash command failed. The command returned a non-zero exit code 1.; 9076)
[2025-10-29T03:29:07.593+0700] {local_task_job_runner.py:240} INFO - Task exited with return code 1
[2025-10-29T03:29:07.609+0700] {taskinstance.py:3482} INFO - 0 downstream tasks scheduled from follow-on schedule check
[2025-10-29T03:29:07.610+0700] {local_task_job_runner.py:222} INFO - ::endgroup::
