[2025-10-29T04:10:01.929+0700] {local_task_job_runner.py:120} INFO - ::group::Pre task execution logs
[2025-10-29T04:10:01.955+0700] {taskinstance.py:2073} INFO - Dependencies all met for dep_context=non-requeueable deps ti=<TaskInstance: absa_streaming_lifecycle_demo1.deploy_consumer scheduled__2025-10-28T20:00:00+00:00 [queued]>
[2025-10-29T04:10:01.968+0700] {taskinstance.py:2073} INFO - Dependencies all met for dep_context=requeueable deps ti=<TaskInstance: absa_streaming_lifecycle_demo1.deploy_consumer scheduled__2025-10-28T20:00:00+00:00 [queued]>
[2025-10-29T04:10:01.969+0700] {taskinstance.py:2303} INFO - Starting attempt 3 of 8
[2025-10-29T04:10:01.984+0700] {taskinstance.py:2327} INFO - Executing <Task(BashOperator): deploy_consumer> on 2025-10-28 20:00:00+00:00
[2025-10-29T04:10:01.996+0700] {warnings.py:110} WARNING - /home/***/.local/lib/python3.12/site-packages/***/task/task_runner/standard_task_runner.py:61: DeprecationWarning: This process (pid=1559) is multi-threaded, use of fork() may lead to deadlocks in the child.
  pid = os.fork()

[2025-10-29T04:10:01.998+0700] {standard_task_runner.py:63} INFO - Started process 1577 to run task
[2025-10-29T04:10:01.998+0700] {standard_task_runner.py:90} INFO - Running: ['***', 'tasks', 'run', 'absa_streaming_lifecycle_demo1', 'deploy_consumer', 'scheduled__2025-10-28T20:00:00+00:00', '--job-id', '10', '--raw', '--subdir', 'DAGS_FOLDER/absa_streaming_lifecycle_dag1.py', '--cfg-path', '/tmp/tmpvsyia39n']
[2025-10-29T04:10:02.001+0700] {standard_task_runner.py:91} INFO - Job 10: Subtask deploy_consumer
[2025-10-29T04:10:02.035+0700] {task_command.py:426} INFO - Running <TaskInstance: absa_streaming_lifecycle_demo1.deploy_consumer scheduled__2025-10-28T20:00:00+00:00 [running]> on host c8122caeb8bc
[2025-10-29T04:10:02.103+0700] {taskinstance.py:2644} INFO - Exporting env vars: AIRFLOW_CTX_DAG_OWNER='***' AIRFLOW_CTX_DAG_ID='absa_streaming_lifecycle_demo1' AIRFLOW_CTX_TASK_ID='deploy_consumer' AIRFLOW_CTX_EXECUTION_DATE='2025-10-28T20:00:00+00:00' AIRFLOW_CTX_TRY_NUMBER='3' AIRFLOW_CTX_DAG_RUN_ID='scheduled__2025-10-28T20:00:00+00:00'
[2025-10-29T04:10:02.104+0700] {taskinstance.py:430} INFO - ::endgroup::
[2025-10-29T04:10:02.105+0700] {subprocess.py:63} INFO - Tmp dir root location: /tmp
[2025-10-29T04:10:02.105+0700] {subprocess.py:75} INFO - Running command: ['/usr/bin/bash', '-c', 'bash -c "timeout 45m /opt/***/projects/absa_streaming/scripts/run_consumer.sh"']
[2025-10-29T04:10:02.118+0700] {subprocess.py:86} INFO - Output:
[2025-10-29T04:10:02.124+0700] {subprocess.py:93} INFO - [Consumer] Starting Spark Structured Streaming job...
[2025-10-29T04:10:02.168+0700] {subprocess.py:93} INFO - /home/***/.local/lib/python3.12/site-packages/pyspark/bin/load-spark-env.sh: line 68: ps: command not found
[2025-10-29T04:10:03.766+0700] {subprocess.py:93} INFO - :: loading settings :: url = jar:file:/home/***/.local/lib/python3.12/site-packages/pyspark/jars/ivy-2.5.1.jar!/org/apache/ivy/core/settings/ivysettings.xml
[2025-10-29T04:10:03.848+0700] {subprocess.py:93} INFO - Ivy Default Cache set to: /home/***/.ivy2/cache
[2025-10-29T04:10:03.849+0700] {subprocess.py:93} INFO - The jars for the packages stored in: /home/***/.ivy2/jars
[2025-10-29T04:10:03.852+0700] {subprocess.py:93} INFO - org.apache.spark#spark-sql-kafka-0-10_2.12 added as a dependency
[2025-10-29T04:10:03.852+0700] {subprocess.py:93} INFO - org.postgresql#postgresql added as a dependency
[2025-10-29T04:10:03.853+0700] {subprocess.py:93} INFO - :: resolving dependencies :: org.apache.spark#spark-submit-parent-1333f106-7cb7-4a69-9afa-5174be64d530;1.0
[2025-10-29T04:10:03.853+0700] {subprocess.py:93} INFO - 	confs: [default]
[2025-10-29T04:10:04.010+0700] {subprocess.py:93} INFO - 	found org.apache.spark#spark-sql-kafka-0-10_2.12;3.5.1 in central
[2025-10-29T04:10:04.054+0700] {subprocess.py:93} INFO - 	found org.apache.spark#spark-token-provider-kafka-0-10_2.12;3.5.1 in central
[2025-10-29T04:10:04.079+0700] {subprocess.py:93} INFO - 	found org.apache.kafka#kafka-clients;3.4.1 in central
[2025-10-29T04:10:04.103+0700] {subprocess.py:93} INFO - 	found org.lz4#lz4-java;1.8.0 in central
[2025-10-29T04:10:04.122+0700] {subprocess.py:93} INFO - 	found org.xerial.snappy#snappy-java;1.1.10.3 in central
[2025-10-29T04:10:04.140+0700] {subprocess.py:93} INFO - 	found org.slf4j#slf4j-api;2.0.7 in central
[2025-10-29T04:10:04.159+0700] {subprocess.py:93} INFO - 	found org.apache.hadoop#hadoop-client-runtime;3.3.4 in central
[2025-10-29T04:10:04.183+0700] {subprocess.py:93} INFO - 	found org.apache.hadoop#hadoop-client-api;3.3.4 in central
[2025-10-29T04:10:04.204+0700] {subprocess.py:93} INFO - 	found commons-logging#commons-logging;1.1.3 in central
[2025-10-29T04:10:04.219+0700] {subprocess.py:93} INFO - 	found com.google.code.findbugs#jsr305;3.0.0 in central
[2025-10-29T04:10:04.237+0700] {subprocess.py:93} INFO - 	found org.apache.commons#commons-pool2;2.11.1 in central
[2025-10-29T04:10:04.253+0700] {subprocess.py:93} INFO - 	found org.postgresql#postgresql;42.6.0 in central
[2025-10-29T04:10:04.263+0700] {subprocess.py:93} INFO - 	found org.checkerframework#checker-qual;3.31.0 in central
[2025-10-29T04:10:04.287+0700] {subprocess.py:93} INFO - :: resolution report :: resolve 420ms :: artifacts dl 14ms
[2025-10-29T04:10:04.288+0700] {subprocess.py:93} INFO - 	:: modules in use:
[2025-10-29T04:10:04.288+0700] {subprocess.py:93} INFO - 	com.google.code.findbugs#jsr305;3.0.0 from central in [default]
[2025-10-29T04:10:04.288+0700] {subprocess.py:93} INFO - 	commons-logging#commons-logging;1.1.3 from central in [default]
[2025-10-29T04:10:04.288+0700] {subprocess.py:93} INFO - 	org.apache.commons#commons-pool2;2.11.1 from central in [default]
[2025-10-29T04:10:04.289+0700] {subprocess.py:93} INFO - 	org.apache.hadoop#hadoop-client-api;3.3.4 from central in [default]
[2025-10-29T04:10:04.289+0700] {subprocess.py:93} INFO - 	org.apache.hadoop#hadoop-client-runtime;3.3.4 from central in [default]
[2025-10-29T04:10:04.289+0700] {subprocess.py:93} INFO - 	org.apache.kafka#kafka-clients;3.4.1 from central in [default]
[2025-10-29T04:10:04.289+0700] {subprocess.py:93} INFO - 	org.apache.spark#spark-sql-kafka-0-10_2.12;3.5.1 from central in [default]
[2025-10-29T04:10:04.289+0700] {subprocess.py:93} INFO - 	org.apache.spark#spark-token-provider-kafka-0-10_2.12;3.5.1 from central in [default]
[2025-10-29T04:10:04.290+0700] {subprocess.py:93} INFO - 	org.checkerframework#checker-qual;3.31.0 from central in [default]
[2025-10-29T04:10:04.290+0700] {subprocess.py:93} INFO - 	org.lz4#lz4-java;1.8.0 from central in [default]
[2025-10-29T04:10:04.290+0700] {subprocess.py:93} INFO - 	org.postgresql#postgresql;42.6.0 from central in [default]
[2025-10-29T04:10:04.290+0700] {subprocess.py:93} INFO - 	org.slf4j#slf4j-api;2.0.7 from central in [default]
[2025-10-29T04:10:04.291+0700] {subprocess.py:93} INFO - 	org.xerial.snappy#snappy-java;1.1.10.3 from central in [default]
[2025-10-29T04:10:04.291+0700] {subprocess.py:93} INFO - 	---------------------------------------------------------------------
[2025-10-29T04:10:04.291+0700] {subprocess.py:93} INFO - 	|                  |            modules            ||   artifacts   |
[2025-10-29T04:10:04.292+0700] {subprocess.py:93} INFO - 	|       conf       | number| search|dwnlded|evicted|| number|dwnlded|
[2025-10-29T04:10:04.292+0700] {subprocess.py:93} INFO - 	---------------------------------------------------------------------
[2025-10-29T04:10:04.292+0700] {subprocess.py:93} INFO - 	|      default     |   13  |   0   |   0   |   0   ||   13  |   0   |
[2025-10-29T04:10:04.292+0700] {subprocess.py:93} INFO - 	---------------------------------------------------------------------
[2025-10-29T04:10:04.295+0700] {subprocess.py:93} INFO - :: retrieving :: org.apache.spark#spark-submit-parent-1333f106-7cb7-4a69-9afa-5174be64d530
[2025-10-29T04:10:04.295+0700] {subprocess.py:93} INFO - 	confs: [default]
[2025-10-29T04:10:04.303+0700] {subprocess.py:93} INFO - 	0 artifacts copied, 13 already retrieved (0kB/8ms)
[2025-10-29T04:10:04.501+0700] {subprocess.py:93} INFO - 25/10/29 04:10:04 WARN NativeCodeLoader: Unable to load native-hadoop library for your platform... using builtin-java classes where applicable
[2025-10-29T04:10:09.061+0700] {subprocess.py:93} INFO - 25/10/29 04:10:09 INFO SparkContext: Running Spark version 3.5.1
[2025-10-29T04:10:09.061+0700] {subprocess.py:93} INFO - 25/10/29 04:10:09 INFO SparkContext: OS info Linux, 6.14.0-33-generic, amd64
[2025-10-29T04:10:09.062+0700] {subprocess.py:93} INFO - 25/10/29 04:10:09 INFO SparkContext: Java version 17.0.17
[2025-10-29T04:10:09.092+0700] {subprocess.py:93} INFO - 25/10/29 04:10:09 INFO ResourceUtils: ==============================================================
[2025-10-29T04:10:09.092+0700] {subprocess.py:93} INFO - 25/10/29 04:10:09 INFO ResourceUtils: No custom resources configured for spark.driver.
[2025-10-29T04:10:09.092+0700] {subprocess.py:93} INFO - 25/10/29 04:10:09 INFO ResourceUtils: ==============================================================
[2025-10-29T04:10:09.093+0700] {subprocess.py:93} INFO - 25/10/29 04:10:09 INFO SparkContext: Submitted application: Kafka_ABSA_Postgres
[2025-10-29T04:10:09.118+0700] {subprocess.py:93} INFO - 25/10/29 04:10:09 INFO ResourceProfile: Default ResourceProfile created, executor resources: Map(cores -> name: cores, amount: 1, script: , vendor: , memory -> name: memory, amount: 1024, script: , vendor: , offHeap -> name: offHeap, amount: 0, script: , vendor: ), task resources: Map(cpus -> name: cpus, amount: 1.0)
[2025-10-29T04:10:09.128+0700] {subprocess.py:93} INFO - 25/10/29 04:10:09 INFO ResourceProfile: Limiting resource is cpu
[2025-10-29T04:10:09.129+0700] {subprocess.py:93} INFO - 25/10/29 04:10:09 INFO ResourceProfileManager: Added ResourceProfile id: 0
[2025-10-29T04:10:09.197+0700] {subprocess.py:93} INFO - 25/10/29 04:10:09 INFO SecurityManager: Changing view acls to: default
[2025-10-29T04:10:09.198+0700] {subprocess.py:93} INFO - 25/10/29 04:10:09 INFO SecurityManager: Changing modify acls to: default
[2025-10-29T04:10:09.199+0700] {subprocess.py:93} INFO - 25/10/29 04:10:09 INFO SecurityManager: Changing view acls groups to:
[2025-10-29T04:10:09.200+0700] {subprocess.py:93} INFO - 25/10/29 04:10:09 INFO SecurityManager: Changing modify acls groups to:
[2025-10-29T04:10:09.200+0700] {subprocess.py:93} INFO - 25/10/29 04:10:09 INFO SecurityManager: SecurityManager: authentication disabled; ui acls disabled; users with view permissions: default; groups with view permissions: EMPTY; users with modify permissions: default; groups with modify permissions: EMPTY
[2025-10-29T04:10:10.426+0700] {subprocess.py:93} INFO - 25/10/29 04:10:10 INFO Utils: Successfully started service 'sparkDriver' on port 44413.
[2025-10-29T04:10:10.566+0700] {subprocess.py:93} INFO - 25/10/29 04:10:10 INFO SparkEnv: Registering MapOutputTracker
[2025-10-29T04:10:10.599+0700] {subprocess.py:93} INFO - 25/10/29 04:10:10 INFO SparkEnv: Registering BlockManagerMaster
[2025-10-29T04:10:10.614+0700] {subprocess.py:93} INFO - 25/10/29 04:10:10 INFO BlockManagerMasterEndpoint: Using org.apache.spark.storage.DefaultTopologyMapper for getting topology information
[2025-10-29T04:10:10.615+0700] {subprocess.py:93} INFO - 25/10/29 04:10:10 INFO BlockManagerMasterEndpoint: BlockManagerMasterEndpoint up
[2025-10-29T04:10:10.617+0700] {subprocess.py:93} INFO - 25/10/29 04:10:10 INFO SparkEnv: Registering BlockManagerMasterHeartbeat
[2025-10-29T04:10:10.639+0700] {subprocess.py:93} INFO - 25/10/29 04:10:10 INFO DiskBlockManager: Created local directory at /tmp/blockmgr-11c8f1cf-f2d1-4a25-a678-3fa13b266c86
[2025-10-29T04:10:10.650+0700] {subprocess.py:93} INFO - 25/10/29 04:10:10 INFO MemoryStore: MemoryStore started with capacity 434.4 MiB
[2025-10-29T04:10:10.660+0700] {subprocess.py:93} INFO - 25/10/29 04:10:10 INFO SparkEnv: Registering OutputCommitCoordinator
[2025-10-29T04:10:10.866+0700] {subprocess.py:93} INFO - 25/10/29 04:10:10 INFO JettyUtils: Start Jetty 0.0.0.0:4040 for SparkUI
[2025-10-29T04:10:11.375+0700] {subprocess.py:93} INFO - 25/10/29 04:10:11 INFO Utils: Successfully started service 'SparkUI' on port 4040.
[2025-10-29T04:10:11.505+0700] {subprocess.py:93} INFO - 25/10/29 04:10:11 INFO SparkContext: Added JAR file:///home/***/.ivy2/jars/org.apache.spark_spark-sql-kafka-0-10_2.12-3.5.1.jar at spark://c8122caeb8bc:44413/jars/org.apache.spark_spark-sql-kafka-0-10_2.12-3.5.1.jar with timestamp 1761685809053
[2025-10-29T04:10:11.506+0700] {subprocess.py:93} INFO - 25/10/29 04:10:11 INFO SparkContext: Added JAR file:///home/***/.ivy2/jars/org.postgresql_postgresql-42.6.0.jar at spark://c8122caeb8bc:44413/jars/org.postgresql_postgresql-42.6.0.jar with timestamp 1761685809053
[2025-10-29T04:10:11.506+0700] {subprocess.py:93} INFO - 25/10/29 04:10:11 INFO SparkContext: Added JAR file:///home/***/.ivy2/jars/org.apache.spark_spark-token-provider-kafka-0-10_2.12-3.5.1.jar at spark://c8122caeb8bc:44413/jars/org.apache.spark_spark-token-provider-kafka-0-10_2.12-3.5.1.jar with timestamp 1761685809053
[2025-10-29T04:10:11.506+0700] {subprocess.py:93} INFO - 25/10/29 04:10:11 INFO SparkContext: Added JAR file:///home/***/.ivy2/jars/org.apache.kafka_kafka-clients-3.4.1.jar at spark://c8122caeb8bc:44413/jars/org.apache.kafka_kafka-clients-3.4.1.jar with timestamp 1761685809053
[2025-10-29T04:10:11.506+0700] {subprocess.py:93} INFO - 25/10/29 04:10:11 INFO SparkContext: Added JAR file:///home/***/.ivy2/jars/com.google.code.findbugs_jsr305-3.0.0.jar at spark://c8122caeb8bc:44413/jars/com.google.code.findbugs_jsr305-3.0.0.jar with timestamp 1761685809053
[2025-10-29T04:10:11.506+0700] {subprocess.py:93} INFO - 25/10/29 04:10:11 INFO SparkContext: Added JAR file:///home/***/.ivy2/jars/org.apache.commons_commons-pool2-2.11.1.jar at spark://c8122caeb8bc:44413/jars/org.apache.commons_commons-pool2-2.11.1.jar with timestamp 1761685809053
[2025-10-29T04:10:11.507+0700] {subprocess.py:93} INFO - 25/10/29 04:10:11 INFO SparkContext: Added JAR file:///home/***/.ivy2/jars/org.apache.hadoop_hadoop-client-runtime-3.3.4.jar at spark://c8122caeb8bc:44413/jars/org.apache.hadoop_hadoop-client-runtime-3.3.4.jar with timestamp 1761685809053
[2025-10-29T04:10:11.507+0700] {subprocess.py:93} INFO - 25/10/29 04:10:11 INFO SparkContext: Added JAR file:///home/***/.ivy2/jars/org.lz4_lz4-java-1.8.0.jar at spark://c8122caeb8bc:44413/jars/org.lz4_lz4-java-1.8.0.jar with timestamp 1761685809053
[2025-10-29T04:10:11.507+0700] {subprocess.py:93} INFO - 25/10/29 04:10:11 INFO SparkContext: Added JAR file:///home/***/.ivy2/jars/org.xerial.snappy_snappy-java-1.1.10.3.jar at spark://c8122caeb8bc:44413/jars/org.xerial.snappy_snappy-java-1.1.10.3.jar with timestamp 1761685809053
[2025-10-29T04:10:11.507+0700] {subprocess.py:93} INFO - 25/10/29 04:10:11 INFO SparkContext: Added JAR file:///home/***/.ivy2/jars/org.slf4j_slf4j-api-2.0.7.jar at spark://c8122caeb8bc:44413/jars/org.slf4j_slf4j-api-2.0.7.jar with timestamp 1761685809053
[2025-10-29T04:10:11.507+0700] {subprocess.py:93} INFO - 25/10/29 04:10:11 INFO SparkContext: Added JAR file:///home/***/.ivy2/jars/org.apache.hadoop_hadoop-client-api-3.3.4.jar at spark://c8122caeb8bc:44413/jars/org.apache.hadoop_hadoop-client-api-3.3.4.jar with timestamp 1761685809053
[2025-10-29T04:10:11.507+0700] {subprocess.py:93} INFO - 25/10/29 04:10:11 INFO SparkContext: Added JAR file:///home/***/.ivy2/jars/commons-logging_commons-logging-1.1.3.jar at spark://c8122caeb8bc:44413/jars/commons-logging_commons-logging-1.1.3.jar with timestamp 1761685809053
[2025-10-29T04:10:11.508+0700] {subprocess.py:93} INFO - 25/10/29 04:10:11 INFO SparkContext: Added JAR file:///home/***/.ivy2/jars/org.checkerframework_checker-qual-3.31.0.jar at spark://c8122caeb8bc:44413/jars/org.checkerframework_checker-qual-3.31.0.jar with timestamp 1761685809053
[2025-10-29T04:10:11.508+0700] {subprocess.py:93} INFO - 25/10/29 04:10:11 INFO SparkContext: Added file file:///home/***/.ivy2/jars/org.apache.spark_spark-sql-kafka-0-10_2.12-3.5.1.jar at file:///home/***/.ivy2/jars/org.apache.spark_spark-sql-kafka-0-10_2.12-3.5.1.jar with timestamp 1761685809053
[2025-10-29T04:10:11.511+0700] {subprocess.py:93} INFO - 25/10/29 04:10:11 INFO Utils: Copying /home/***/.ivy2/jars/org.apache.spark_spark-sql-kafka-0-10_2.12-3.5.1.jar to /tmp/spark-47bcdd81-a8e9-4900-a5d3-bc0c493c32ad/userFiles-4085f66f-e8a0-49ca-b8cf-41fa3ad4ce39/org.apache.spark_spark-sql-kafka-0-10_2.12-3.5.1.jar
[2025-10-29T04:10:11.612+0700] {subprocess.py:93} INFO - 25/10/29 04:10:11 INFO SparkContext: Added file file:///home/***/.ivy2/jars/org.postgresql_postgresql-42.6.0.jar at file:///home/***/.ivy2/jars/org.postgresql_postgresql-42.6.0.jar with timestamp 1761685809053
[2025-10-29T04:10:11.613+0700] {subprocess.py:93} INFO - 25/10/29 04:10:11 INFO Utils: Copying /home/***/.ivy2/jars/org.postgresql_postgresql-42.6.0.jar to /tmp/spark-47bcdd81-a8e9-4900-a5d3-bc0c493c32ad/userFiles-4085f66f-e8a0-49ca-b8cf-41fa3ad4ce39/org.postgresql_postgresql-42.6.0.jar
[2025-10-29T04:10:11.616+0700] {subprocess.py:93} INFO - 25/10/29 04:10:11 INFO SparkContext: Added file file:///home/***/.ivy2/jars/org.apache.spark_spark-token-provider-kafka-0-10_2.12-3.5.1.jar at file:///home/***/.ivy2/jars/org.apache.spark_spark-token-provider-kafka-0-10_2.12-3.5.1.jar with timestamp 1761685809053
[2025-10-29T04:10:11.616+0700] {subprocess.py:93} INFO - 25/10/29 04:10:11 INFO Utils: Copying /home/***/.ivy2/jars/org.apache.spark_spark-token-provider-kafka-0-10_2.12-3.5.1.jar to /tmp/spark-47bcdd81-a8e9-4900-a5d3-bc0c493c32ad/userFiles-4085f66f-e8a0-49ca-b8cf-41fa3ad4ce39/org.apache.spark_spark-token-provider-kafka-0-10_2.12-3.5.1.jar
[2025-10-29T04:10:11.623+0700] {subprocess.py:93} INFO - 25/10/29 04:10:11 INFO SparkContext: Added file file:///home/***/.ivy2/jars/org.apache.kafka_kafka-clients-3.4.1.jar at file:///home/***/.ivy2/jars/org.apache.kafka_kafka-clients-3.4.1.jar with timestamp 1761685809053
[2025-10-29T04:10:11.624+0700] {subprocess.py:93} INFO - 25/10/29 04:10:11 INFO Utils: Copying /home/***/.ivy2/jars/org.apache.kafka_kafka-clients-3.4.1.jar to /tmp/spark-47bcdd81-a8e9-4900-a5d3-bc0c493c32ad/userFiles-4085f66f-e8a0-49ca-b8cf-41fa3ad4ce39/org.apache.kafka_kafka-clients-3.4.1.jar
[2025-10-29T04:10:11.795+0700] {subprocess.py:93} INFO - 25/10/29 04:10:11 INFO SparkContext: Added file file:///home/***/.ivy2/jars/com.google.code.findbugs_jsr305-3.0.0.jar at file:///home/***/.ivy2/jars/com.google.code.findbugs_jsr305-3.0.0.jar with timestamp 1761685809053
[2025-10-29T04:10:11.795+0700] {subprocess.py:93} INFO - 25/10/29 04:10:11 INFO Utils: Copying /home/***/.ivy2/jars/com.google.code.findbugs_jsr305-3.0.0.jar to /tmp/spark-47bcdd81-a8e9-4900-a5d3-bc0c493c32ad/userFiles-4085f66f-e8a0-49ca-b8cf-41fa3ad4ce39/com.google.code.findbugs_jsr305-3.0.0.jar
[2025-10-29T04:10:11.800+0700] {subprocess.py:93} INFO - 25/10/29 04:10:11 INFO SparkContext: Added file file:///home/***/.ivy2/jars/org.apache.commons_commons-pool2-2.11.1.jar at file:///home/***/.ivy2/jars/org.apache.commons_commons-pool2-2.11.1.jar with timestamp 1761685809053
[2025-10-29T04:10:11.801+0700] {subprocess.py:93} INFO - 25/10/29 04:10:11 INFO Utils: Copying /home/***/.ivy2/jars/org.apache.commons_commons-pool2-2.11.1.jar to /tmp/spark-47bcdd81-a8e9-4900-a5d3-bc0c493c32ad/userFiles-4085f66f-e8a0-49ca-b8cf-41fa3ad4ce39/org.apache.commons_commons-pool2-2.11.1.jar
[2025-10-29T04:10:11.814+0700] {subprocess.py:93} INFO - 25/10/29 04:10:11 INFO SparkContext: Added file file:///home/***/.ivy2/jars/org.apache.hadoop_hadoop-client-runtime-3.3.4.jar at file:///home/***/.ivy2/jars/org.apache.hadoop_hadoop-client-runtime-3.3.4.jar with timestamp 1761685809053
[2025-10-29T04:10:11.814+0700] {subprocess.py:93} INFO - 25/10/29 04:10:11 INFO Utils: Copying /home/***/.ivy2/jars/org.apache.hadoop_hadoop-client-runtime-3.3.4.jar to /tmp/spark-47bcdd81-a8e9-4900-a5d3-bc0c493c32ad/userFiles-4085f66f-e8a0-49ca-b8cf-41fa3ad4ce39/org.apache.hadoop_hadoop-client-runtime-3.3.4.jar
[2025-10-29T04:10:12.125+0700] {subprocess.py:93} INFO - 25/10/29 04:10:12 INFO SparkContext: Added file file:///home/***/.ivy2/jars/org.lz4_lz4-java-1.8.0.jar at file:///home/***/.ivy2/jars/org.lz4_lz4-java-1.8.0.jar with timestamp 1761685809053
[2025-10-29T04:10:12.126+0700] {subprocess.py:93} INFO - 25/10/29 04:10:12 INFO Utils: Copying /home/***/.ivy2/jars/org.lz4_lz4-java-1.8.0.jar to /tmp/spark-47bcdd81-a8e9-4900-a5d3-bc0c493c32ad/userFiles-4085f66f-e8a0-49ca-b8cf-41fa3ad4ce39/org.lz4_lz4-java-1.8.0.jar
[2025-10-29T04:10:12.131+0700] {subprocess.py:93} INFO - 25/10/29 04:10:12 INFO SparkContext: Added file file:///home/***/.ivy2/jars/org.xerial.snappy_snappy-java-1.1.10.3.jar at file:///home/***/.ivy2/jars/org.xerial.snappy_snappy-java-1.1.10.3.jar with timestamp 1761685809053
[2025-10-29T04:10:12.132+0700] {subprocess.py:93} INFO - 25/10/29 04:10:12 INFO Utils: Copying /home/***/.ivy2/jars/org.xerial.snappy_snappy-java-1.1.10.3.jar to /tmp/spark-47bcdd81-a8e9-4900-a5d3-bc0c493c32ad/userFiles-4085f66f-e8a0-49ca-b8cf-41fa3ad4ce39/org.xerial.snappy_snappy-java-1.1.10.3.jar
[2025-10-29T04:10:12.138+0700] {subprocess.py:93} INFO - 25/10/29 04:10:12 INFO SparkContext: Added file file:///home/***/.ivy2/jars/org.slf4j_slf4j-api-2.0.7.jar at file:///home/***/.ivy2/jars/org.slf4j_slf4j-api-2.0.7.jar with timestamp 1761685809053
[2025-10-29T04:10:12.139+0700] {subprocess.py:93} INFO - 25/10/29 04:10:12 INFO Utils: Copying /home/***/.ivy2/jars/org.slf4j_slf4j-api-2.0.7.jar to /tmp/spark-47bcdd81-a8e9-4900-a5d3-bc0c493c32ad/userFiles-4085f66f-e8a0-49ca-b8cf-41fa3ad4ce39/org.slf4j_slf4j-api-2.0.7.jar
[2025-10-29T04:10:12.144+0700] {subprocess.py:93} INFO - 25/10/29 04:10:12 INFO SparkContext: Added file file:///home/***/.ivy2/jars/org.apache.hadoop_hadoop-client-api-3.3.4.jar at file:///home/***/.ivy2/jars/org.apache.hadoop_hadoop-client-api-3.3.4.jar with timestamp 1761685809053
[2025-10-29T04:10:12.144+0700] {subprocess.py:93} INFO - 25/10/29 04:10:12 INFO Utils: Copying /home/***/.ivy2/jars/org.apache.hadoop_hadoop-client-api-3.3.4.jar to /tmp/spark-47bcdd81-a8e9-4900-a5d3-bc0c493c32ad/userFiles-4085f66f-e8a0-49ca-b8cf-41fa3ad4ce39/org.apache.hadoop_hadoop-client-api-3.3.4.jar
[2025-10-29T04:10:12.159+0700] {subprocess.py:93} INFO - 25/10/29 04:10:12 INFO SparkContext: Added file file:///home/***/.ivy2/jars/commons-logging_commons-logging-1.1.3.jar at file:///home/***/.ivy2/jars/commons-logging_commons-logging-1.1.3.jar with timestamp 1761685809053
[2025-10-29T04:10:12.160+0700] {subprocess.py:93} INFO - 25/10/29 04:10:12 INFO Utils: Copying /home/***/.ivy2/jars/commons-logging_commons-logging-1.1.3.jar to /tmp/spark-47bcdd81-a8e9-4900-a5d3-bc0c493c32ad/userFiles-4085f66f-e8a0-49ca-b8cf-41fa3ad4ce39/commons-logging_commons-logging-1.1.3.jar
[2025-10-29T04:10:12.164+0700] {subprocess.py:93} INFO - 25/10/29 04:10:12 INFO SparkContext: Added file file:///home/***/.ivy2/jars/org.checkerframework_checker-qual-3.31.0.jar at file:///home/***/.ivy2/jars/org.checkerframework_checker-qual-3.31.0.jar with timestamp 1761685809053
[2025-10-29T04:10:12.164+0700] {subprocess.py:93} INFO - 25/10/29 04:10:12 INFO Utils: Copying /home/***/.ivy2/jars/org.checkerframework_checker-qual-3.31.0.jar to /tmp/spark-47bcdd81-a8e9-4900-a5d3-bc0c493c32ad/userFiles-4085f66f-e8a0-49ca-b8cf-41fa3ad4ce39/org.checkerframework_checker-qual-3.31.0.jar
[2025-10-29T04:10:12.236+0700] {subprocess.py:93} INFO - 25/10/29 04:10:12 INFO Executor: Starting executor ID driver on host c8122caeb8bc
[2025-10-29T04:10:12.236+0700] {subprocess.py:93} INFO - 25/10/29 04:10:12 INFO Executor: OS info Linux, 6.14.0-33-generic, amd64
[2025-10-29T04:10:12.237+0700] {subprocess.py:93} INFO - 25/10/29 04:10:12 INFO Executor: Java version 17.0.17
[2025-10-29T04:10:12.244+0700] {subprocess.py:93} INFO - 25/10/29 04:10:12 INFO Executor: Starting executor with user classpath (userClassPathFirst = false): ''
[2025-10-29T04:10:12.245+0700] {subprocess.py:93} INFO - 25/10/29 04:10:12 INFO Executor: Created or updated repl class loader org.apache.spark.util.MutableURLClassLoader@4b9facdc for default.
[2025-10-29T04:10:12.257+0700] {subprocess.py:93} INFO - 25/10/29 04:10:12 INFO Executor: Fetching file:///home/***/.ivy2/jars/org.apache.spark_spark-sql-kafka-0-10_2.12-3.5.1.jar with timestamp 1761685809053
[2025-10-29T04:10:12.278+0700] {subprocess.py:93} INFO - 25/10/29 04:10:12 INFO Utils: /home/***/.ivy2/jars/org.apache.spark_spark-sql-kafka-0-10_2.12-3.5.1.jar has been previously copied to /tmp/spark-47bcdd81-a8e9-4900-a5d3-bc0c493c32ad/userFiles-4085f66f-e8a0-49ca-b8cf-41fa3ad4ce39/org.apache.spark_spark-sql-kafka-0-10_2.12-3.5.1.jar
[2025-10-29T04:10:12.282+0700] {subprocess.py:93} INFO - 25/10/29 04:10:12 INFO Executor: Fetching file:///home/***/.ivy2/jars/org.apache.hadoop_hadoop-client-runtime-3.3.4.jar with timestamp 1761685809053
[2025-10-29T04:10:12.306+0700] {subprocess.py:93} INFO - 25/10/29 04:10:12 INFO Utils: /home/***/.ivy2/jars/org.apache.hadoop_hadoop-client-runtime-3.3.4.jar has been previously copied to /tmp/spark-47bcdd81-a8e9-4900-a5d3-bc0c493c32ad/userFiles-4085f66f-e8a0-49ca-b8cf-41fa3ad4ce39/org.apache.hadoop_hadoop-client-runtime-3.3.4.jar
[2025-10-29T04:10:12.310+0700] {subprocess.py:93} INFO - 25/10/29 04:10:12 INFO Executor: Fetching file:///home/***/.ivy2/jars/org.apache.hadoop_hadoop-client-api-3.3.4.jar with timestamp 1761685809053
[2025-10-29T04:10:12.326+0700] {subprocess.py:93} INFO - 25/10/29 04:10:12 INFO Utils: /home/***/.ivy2/jars/org.apache.hadoop_hadoop-client-api-3.3.4.jar has been previously copied to /tmp/spark-47bcdd81-a8e9-4900-a5d3-bc0c493c32ad/userFiles-4085f66f-e8a0-49ca-b8cf-41fa3ad4ce39/org.apache.hadoop_hadoop-client-api-3.3.4.jar
[2025-10-29T04:10:12.330+0700] {subprocess.py:93} INFO - 25/10/29 04:10:12 INFO Executor: Fetching file:///home/***/.ivy2/jars/org.apache.spark_spark-token-provider-kafka-0-10_2.12-3.5.1.jar with timestamp 1761685809053
[2025-10-29T04:10:12.330+0700] {subprocess.py:93} INFO - 25/10/29 04:10:12 INFO Utils: /home/***/.ivy2/jars/org.apache.spark_spark-token-provider-kafka-0-10_2.12-3.5.1.jar has been previously copied to /tmp/spark-47bcdd81-a8e9-4900-a5d3-bc0c493c32ad/userFiles-4085f66f-e8a0-49ca-b8cf-41fa3ad4ce39/org.apache.spark_spark-token-provider-kafka-0-10_2.12-3.5.1.jar
[2025-10-29T04:10:12.336+0700] {subprocess.py:93} INFO - 25/10/29 04:10:12 INFO Executor: Fetching file:///home/***/.ivy2/jars/com.google.code.findbugs_jsr305-3.0.0.jar with timestamp 1761685809053
[2025-10-29T04:10:12.337+0700] {subprocess.py:93} INFO - 25/10/29 04:10:12 INFO Utils: /home/***/.ivy2/jars/com.google.code.findbugs_jsr305-3.0.0.jar has been previously copied to /tmp/spark-47bcdd81-a8e9-4900-a5d3-bc0c493c32ad/userFiles-4085f66f-e8a0-49ca-b8cf-41fa3ad4ce39/com.google.code.findbugs_jsr305-3.0.0.jar
[2025-10-29T04:10:12.341+0700] {subprocess.py:93} INFO - 25/10/29 04:10:12 INFO Executor: Fetching file:///home/***/.ivy2/jars/org.lz4_lz4-java-1.8.0.jar with timestamp 1761685809053
[2025-10-29T04:10:12.342+0700] {subprocess.py:93} INFO - 25/10/29 04:10:12 INFO Utils: /home/***/.ivy2/jars/org.lz4_lz4-java-1.8.0.jar has been previously copied to /tmp/spark-47bcdd81-a8e9-4900-a5d3-bc0c493c32ad/userFiles-4085f66f-e8a0-49ca-b8cf-41fa3ad4ce39/org.lz4_lz4-java-1.8.0.jar
[2025-10-29T04:10:12.345+0700] {subprocess.py:93} INFO - 25/10/29 04:10:12 INFO Executor: Fetching file:///home/***/.ivy2/jars/org.slf4j_slf4j-api-2.0.7.jar with timestamp 1761685809053
[2025-10-29T04:10:12.345+0700] {subprocess.py:93} INFO - 25/10/29 04:10:12 INFO Utils: /home/***/.ivy2/jars/org.slf4j_slf4j-api-2.0.7.jar has been previously copied to /tmp/spark-47bcdd81-a8e9-4900-a5d3-bc0c493c32ad/userFiles-4085f66f-e8a0-49ca-b8cf-41fa3ad4ce39/org.slf4j_slf4j-api-2.0.7.jar
[2025-10-29T04:10:12.348+0700] {subprocess.py:93} INFO - 25/10/29 04:10:12 INFO Executor: Fetching file:///home/***/.ivy2/jars/org.checkerframework_checker-qual-3.31.0.jar with timestamp 1761685809053
[2025-10-29T04:10:12.349+0700] {subprocess.py:93} INFO - 25/10/29 04:10:12 INFO Utils: /home/***/.ivy2/jars/org.checkerframework_checker-qual-3.31.0.jar has been previously copied to /tmp/spark-47bcdd81-a8e9-4900-a5d3-bc0c493c32ad/userFiles-4085f66f-e8a0-49ca-b8cf-41fa3ad4ce39/org.checkerframework_checker-qual-3.31.0.jar
[2025-10-29T04:10:12.352+0700] {subprocess.py:93} INFO - 25/10/29 04:10:12 INFO Executor: Fetching file:///home/***/.ivy2/jars/org.apache.commons_commons-pool2-2.11.1.jar with timestamp 1761685809053
[2025-10-29T04:10:12.352+0700] {subprocess.py:93} INFO - 25/10/29 04:10:12 INFO Utils: /home/***/.ivy2/jars/org.apache.commons_commons-pool2-2.11.1.jar has been previously copied to /tmp/spark-47bcdd81-a8e9-4900-a5d3-bc0c493c32ad/userFiles-4085f66f-e8a0-49ca-b8cf-41fa3ad4ce39/org.apache.commons_commons-pool2-2.11.1.jar
[2025-10-29T04:10:12.355+0700] {subprocess.py:93} INFO - 25/10/29 04:10:12 INFO Executor: Fetching file:///home/***/.ivy2/jars/commons-logging_commons-logging-1.1.3.jar with timestamp 1761685809053
[2025-10-29T04:10:12.355+0700] {subprocess.py:93} INFO - 25/10/29 04:10:12 INFO Utils: /home/***/.ivy2/jars/commons-logging_commons-logging-1.1.3.jar has been previously copied to /tmp/spark-47bcdd81-a8e9-4900-a5d3-bc0c493c32ad/userFiles-4085f66f-e8a0-49ca-b8cf-41fa3ad4ce39/commons-logging_commons-logging-1.1.3.jar
[2025-10-29T04:10:12.358+0700] {subprocess.py:93} INFO - 25/10/29 04:10:12 INFO Executor: Fetching file:///home/***/.ivy2/jars/org.xerial.snappy_snappy-java-1.1.10.3.jar with timestamp 1761685809053
[2025-10-29T04:10:12.360+0700] {subprocess.py:93} INFO - 25/10/29 04:10:12 INFO Utils: /home/***/.ivy2/jars/org.xerial.snappy_snappy-java-1.1.10.3.jar has been previously copied to /tmp/spark-47bcdd81-a8e9-4900-a5d3-bc0c493c32ad/userFiles-4085f66f-e8a0-49ca-b8cf-41fa3ad4ce39/org.xerial.snappy_snappy-java-1.1.10.3.jar
[2025-10-29T04:10:12.362+0700] {subprocess.py:93} INFO - 25/10/29 04:10:12 INFO Executor: Fetching file:///home/***/.ivy2/jars/org.postgresql_postgresql-42.6.0.jar with timestamp 1761685809053
[2025-10-29T04:10:12.363+0700] {subprocess.py:93} INFO - 25/10/29 04:10:12 INFO Utils: /home/***/.ivy2/jars/org.postgresql_postgresql-42.6.0.jar has been previously copied to /tmp/spark-47bcdd81-a8e9-4900-a5d3-bc0c493c32ad/userFiles-4085f66f-e8a0-49ca-b8cf-41fa3ad4ce39/org.postgresql_postgresql-42.6.0.jar
[2025-10-29T04:10:12.366+0700] {subprocess.py:93} INFO - 25/10/29 04:10:12 INFO Executor: Fetching file:///home/***/.ivy2/jars/org.apache.kafka_kafka-clients-3.4.1.jar with timestamp 1761685809053
[2025-10-29T04:10:12.369+0700] {subprocess.py:93} INFO - 25/10/29 04:10:12 INFO Utils: /home/***/.ivy2/jars/org.apache.kafka_kafka-clients-3.4.1.jar has been previously copied to /tmp/spark-47bcdd81-a8e9-4900-a5d3-bc0c493c32ad/userFiles-4085f66f-e8a0-49ca-b8cf-41fa3ad4ce39/org.apache.kafka_kafka-clients-3.4.1.jar
[2025-10-29T04:10:12.374+0700] {subprocess.py:93} INFO - 25/10/29 04:10:12 INFO Executor: Fetching spark://c8122caeb8bc:44413/jars/org.slf4j_slf4j-api-2.0.7.jar with timestamp 1761685809053
[2025-10-29T04:10:12.406+0700] {subprocess.py:93} INFO - 25/10/29 04:10:12 INFO TransportClientFactory: Successfully created connection to c8122caeb8bc/172.18.0.8:44413 after 22 ms (0 ms spent in bootstraps)
[2025-10-29T04:10:12.410+0700] {subprocess.py:93} INFO - 25/10/29 04:10:12 INFO Utils: Fetching spark://c8122caeb8bc:44413/jars/org.slf4j_slf4j-api-2.0.7.jar to /tmp/spark-47bcdd81-a8e9-4900-a5d3-bc0c493c32ad/userFiles-4085f66f-e8a0-49ca-b8cf-41fa3ad4ce39/fetchFileTemp10990552596280592324.tmp
[2025-10-29T04:10:12.428+0700] {subprocess.py:93} INFO - 25/10/29 04:10:12 INFO Utils: /tmp/spark-47bcdd81-a8e9-4900-a5d3-bc0c493c32ad/userFiles-4085f66f-e8a0-49ca-b8cf-41fa3ad4ce39/fetchFileTemp10990552596280592324.tmp has been previously copied to /tmp/spark-47bcdd81-a8e9-4900-a5d3-bc0c493c32ad/userFiles-4085f66f-e8a0-49ca-b8cf-41fa3ad4ce39/org.slf4j_slf4j-api-2.0.7.jar
[2025-10-29T04:10:12.432+0700] {subprocess.py:93} INFO - 25/10/29 04:10:12 INFO Executor: Adding file:/tmp/spark-47bcdd81-a8e9-4900-a5d3-bc0c493c32ad/userFiles-4085f66f-e8a0-49ca-b8cf-41fa3ad4ce39/org.slf4j_slf4j-api-2.0.7.jar to class loader default
[2025-10-29T04:10:12.432+0700] {subprocess.py:93} INFO - 25/10/29 04:10:12 INFO Executor: Fetching spark://c8122caeb8bc:44413/jars/commons-logging_commons-logging-1.1.3.jar with timestamp 1761685809053
[2025-10-29T04:10:12.432+0700] {subprocess.py:93} INFO - 25/10/29 04:10:12 INFO Utils: Fetching spark://c8122caeb8bc:44413/jars/commons-logging_commons-logging-1.1.3.jar to /tmp/spark-47bcdd81-a8e9-4900-a5d3-bc0c493c32ad/userFiles-4085f66f-e8a0-49ca-b8cf-41fa3ad4ce39/fetchFileTemp6677667848112066086.tmp
[2025-10-29T04:10:12.434+0700] {subprocess.py:93} INFO - 25/10/29 04:10:12 INFO Utils: /tmp/spark-47bcdd81-a8e9-4900-a5d3-bc0c493c32ad/userFiles-4085f66f-e8a0-49ca-b8cf-41fa3ad4ce39/fetchFileTemp6677667848112066086.tmp has been previously copied to /tmp/spark-47bcdd81-a8e9-4900-a5d3-bc0c493c32ad/userFiles-4085f66f-e8a0-49ca-b8cf-41fa3ad4ce39/commons-logging_commons-logging-1.1.3.jar
[2025-10-29T04:10:12.437+0700] {subprocess.py:93} INFO - 25/10/29 04:10:12 INFO Executor: Adding file:/tmp/spark-47bcdd81-a8e9-4900-a5d3-bc0c493c32ad/userFiles-4085f66f-e8a0-49ca-b8cf-41fa3ad4ce39/commons-logging_commons-logging-1.1.3.jar to class loader default
[2025-10-29T04:10:12.438+0700] {subprocess.py:93} INFO - 25/10/29 04:10:12 INFO Executor: Fetching spark://c8122caeb8bc:44413/jars/org.xerial.snappy_snappy-java-1.1.10.3.jar with timestamp 1761685809053
[2025-10-29T04:10:12.438+0700] {subprocess.py:93} INFO - 25/10/29 04:10:12 INFO Utils: Fetching spark://c8122caeb8bc:44413/jars/org.xerial.snappy_snappy-java-1.1.10.3.jar to /tmp/spark-47bcdd81-a8e9-4900-a5d3-bc0c493c32ad/userFiles-4085f66f-e8a0-49ca-b8cf-41fa3ad4ce39/fetchFileTemp17059396063534184378.tmp
[2025-10-29T04:10:12.444+0700] {subprocess.py:93} INFO - 25/10/29 04:10:12 INFO Utils: /tmp/spark-47bcdd81-a8e9-4900-a5d3-bc0c493c32ad/userFiles-4085f66f-e8a0-49ca-b8cf-41fa3ad4ce39/fetchFileTemp17059396063534184378.tmp has been previously copied to /tmp/spark-47bcdd81-a8e9-4900-a5d3-bc0c493c32ad/userFiles-4085f66f-e8a0-49ca-b8cf-41fa3ad4ce39/org.xerial.snappy_snappy-java-1.1.10.3.jar
[2025-10-29T04:10:12.451+0700] {subprocess.py:93} INFO - 25/10/29 04:10:12 INFO Executor: Adding file:/tmp/spark-47bcdd81-a8e9-4900-a5d3-bc0c493c32ad/userFiles-4085f66f-e8a0-49ca-b8cf-41fa3ad4ce39/org.xerial.snappy_snappy-java-1.1.10.3.jar to class loader default
[2025-10-29T04:10:12.451+0700] {subprocess.py:93} INFO - 25/10/29 04:10:12 INFO Executor: Fetching spark://c8122caeb8bc:44413/jars/org.apache.kafka_kafka-clients-3.4.1.jar with timestamp 1761685809053
[2025-10-29T04:10:12.451+0700] {subprocess.py:93} INFO - 25/10/29 04:10:12 INFO Utils: Fetching spark://c8122caeb8bc:44413/jars/org.apache.kafka_kafka-clients-3.4.1.jar to /tmp/spark-47bcdd81-a8e9-4900-a5d3-bc0c493c32ad/userFiles-4085f66f-e8a0-49ca-b8cf-41fa3ad4ce39/fetchFileTemp13361677918309344083.tmp
[2025-10-29T04:10:12.464+0700] {subprocess.py:93} INFO - 25/10/29 04:10:12 INFO Utils: /tmp/spark-47bcdd81-a8e9-4900-a5d3-bc0c493c32ad/userFiles-4085f66f-e8a0-49ca-b8cf-41fa3ad4ce39/fetchFileTemp13361677918309344083.tmp has been previously copied to /tmp/spark-47bcdd81-a8e9-4900-a5d3-bc0c493c32ad/userFiles-4085f66f-e8a0-49ca-b8cf-41fa3ad4ce39/org.apache.kafka_kafka-clients-3.4.1.jar
[2025-10-29T04:10:12.474+0700] {subprocess.py:93} INFO - 25/10/29 04:10:12 INFO Executor: Adding file:/tmp/spark-47bcdd81-a8e9-4900-a5d3-bc0c493c32ad/userFiles-4085f66f-e8a0-49ca-b8cf-41fa3ad4ce39/org.apache.kafka_kafka-clients-3.4.1.jar to class loader default
[2025-10-29T04:10:12.474+0700] {subprocess.py:93} INFO - 25/10/29 04:10:12 INFO Executor: Fetching spark://c8122caeb8bc:44413/jars/org.apache.commons_commons-pool2-2.11.1.jar with timestamp 1761685809053
[2025-10-29T04:10:12.475+0700] {subprocess.py:93} INFO - 25/10/29 04:10:12 INFO Utils: Fetching spark://c8122caeb8bc:44413/jars/org.apache.commons_commons-pool2-2.11.1.jar to /tmp/spark-47bcdd81-a8e9-4900-a5d3-bc0c493c32ad/userFiles-4085f66f-e8a0-49ca-b8cf-41fa3ad4ce39/fetchFileTemp8256770170148091446.tmp
[2025-10-29T04:10:12.476+0700] {subprocess.py:93} INFO - 25/10/29 04:10:12 INFO Utils: /tmp/spark-47bcdd81-a8e9-4900-a5d3-bc0c493c32ad/userFiles-4085f66f-e8a0-49ca-b8cf-41fa3ad4ce39/fetchFileTemp8256770170148091446.tmp has been previously copied to /tmp/spark-47bcdd81-a8e9-4900-a5d3-bc0c493c32ad/userFiles-4085f66f-e8a0-49ca-b8cf-41fa3ad4ce39/org.apache.commons_commons-pool2-2.11.1.jar
[2025-10-29T04:10:12.480+0700] {subprocess.py:93} INFO - 25/10/29 04:10:12 INFO Executor: Adding file:/tmp/spark-47bcdd81-a8e9-4900-a5d3-bc0c493c32ad/userFiles-4085f66f-e8a0-49ca-b8cf-41fa3ad4ce39/org.apache.commons_commons-pool2-2.11.1.jar to class loader default
[2025-10-29T04:10:12.480+0700] {subprocess.py:93} INFO - 25/10/29 04:10:12 INFO Executor: Fetching spark://c8122caeb8bc:44413/jars/com.google.code.findbugs_jsr305-3.0.0.jar with timestamp 1761685809053
[2025-10-29T04:10:12.480+0700] {subprocess.py:93} INFO - 25/10/29 04:10:12 INFO Utils: Fetching spark://c8122caeb8bc:44413/jars/com.google.code.findbugs_jsr305-3.0.0.jar to /tmp/spark-47bcdd81-a8e9-4900-a5d3-bc0c493c32ad/userFiles-4085f66f-e8a0-49ca-b8cf-41fa3ad4ce39/fetchFileTemp14792791591761959851.tmp
[2025-10-29T04:10:12.481+0700] {subprocess.py:93} INFO - 25/10/29 04:10:12 INFO Utils: /tmp/spark-47bcdd81-a8e9-4900-a5d3-bc0c493c32ad/userFiles-4085f66f-e8a0-49ca-b8cf-41fa3ad4ce39/fetchFileTemp14792791591761959851.tmp has been previously copied to /tmp/spark-47bcdd81-a8e9-4900-a5d3-bc0c493c32ad/userFiles-4085f66f-e8a0-49ca-b8cf-41fa3ad4ce39/com.google.code.findbugs_jsr305-3.0.0.jar
[2025-10-29T04:10:12.485+0700] {subprocess.py:93} INFO - 25/10/29 04:10:12 INFO Executor: Adding file:/tmp/spark-47bcdd81-a8e9-4900-a5d3-bc0c493c32ad/userFiles-4085f66f-e8a0-49ca-b8cf-41fa3ad4ce39/com.google.code.findbugs_jsr305-3.0.0.jar to class loader default
[2025-10-29T04:10:12.485+0700] {subprocess.py:93} INFO - 25/10/29 04:10:12 INFO Executor: Fetching spark://c8122caeb8bc:44413/jars/org.apache.spark_spark-token-provider-kafka-0-10_2.12-3.5.1.jar with timestamp 1761685809053
[2025-10-29T04:10:12.485+0700] {subprocess.py:93} INFO - 25/10/29 04:10:12 INFO Utils: Fetching spark://c8122caeb8bc:44413/jars/org.apache.spark_spark-token-provider-kafka-0-10_2.12-3.5.1.jar to /tmp/spark-47bcdd81-a8e9-4900-a5d3-bc0c493c32ad/userFiles-4085f66f-e8a0-49ca-b8cf-41fa3ad4ce39/fetchFileTemp8149809641722712420.tmp
[2025-10-29T04:10:12.486+0700] {subprocess.py:93} INFO - 25/10/29 04:10:12 INFO Utils: /tmp/spark-47bcdd81-a8e9-4900-a5d3-bc0c493c32ad/userFiles-4085f66f-e8a0-49ca-b8cf-41fa3ad4ce39/fetchFileTemp8149809641722712420.tmp has been previously copied to /tmp/spark-47bcdd81-a8e9-4900-a5d3-bc0c493c32ad/userFiles-4085f66f-e8a0-49ca-b8cf-41fa3ad4ce39/org.apache.spark_spark-token-provider-kafka-0-10_2.12-3.5.1.jar
[2025-10-29T04:10:12.490+0700] {subprocess.py:93} INFO - 25/10/29 04:10:12 INFO Executor: Adding file:/tmp/spark-47bcdd81-a8e9-4900-a5d3-bc0c493c32ad/userFiles-4085f66f-e8a0-49ca-b8cf-41fa3ad4ce39/org.apache.spark_spark-token-provider-kafka-0-10_2.12-3.5.1.jar to class loader default
[2025-10-29T04:10:12.490+0700] {subprocess.py:93} INFO - 25/10/29 04:10:12 INFO Executor: Fetching spark://c8122caeb8bc:44413/jars/org.apache.spark_spark-sql-kafka-0-10_2.12-3.5.1.jar with timestamp 1761685809053
[2025-10-29T04:10:12.491+0700] {subprocess.py:93} INFO - 25/10/29 04:10:12 INFO Utils: Fetching spark://c8122caeb8bc:44413/jars/org.apache.spark_spark-sql-kafka-0-10_2.12-3.5.1.jar to /tmp/spark-47bcdd81-a8e9-4900-a5d3-bc0c493c32ad/userFiles-4085f66f-e8a0-49ca-b8cf-41fa3ad4ce39/fetchFileTemp12947883713811298546.tmp
[2025-10-29T04:10:12.492+0700] {subprocess.py:93} INFO - 25/10/29 04:10:12 INFO Utils: /tmp/spark-47bcdd81-a8e9-4900-a5d3-bc0c493c32ad/userFiles-4085f66f-e8a0-49ca-b8cf-41fa3ad4ce39/fetchFileTemp12947883713811298546.tmp has been previously copied to /tmp/spark-47bcdd81-a8e9-4900-a5d3-bc0c493c32ad/userFiles-4085f66f-e8a0-49ca-b8cf-41fa3ad4ce39/org.apache.spark_spark-sql-kafka-0-10_2.12-3.5.1.jar
[2025-10-29T04:10:12.497+0700] {subprocess.py:93} INFO - 25/10/29 04:10:12 INFO Executor: Adding file:/tmp/spark-47bcdd81-a8e9-4900-a5d3-bc0c493c32ad/userFiles-4085f66f-e8a0-49ca-b8cf-41fa3ad4ce39/org.apache.spark_spark-sql-kafka-0-10_2.12-3.5.1.jar to class loader default
[2025-10-29T04:10:12.497+0700] {subprocess.py:93} INFO - 25/10/29 04:10:12 INFO Executor: Fetching spark://c8122caeb8bc:44413/jars/org.apache.hadoop_hadoop-client-api-3.3.4.jar with timestamp 1761685809053
[2025-10-29T04:10:12.497+0700] {subprocess.py:93} INFO - 25/10/29 04:10:12 INFO Utils: Fetching spark://c8122caeb8bc:44413/jars/org.apache.hadoop_hadoop-client-api-3.3.4.jar to /tmp/spark-47bcdd81-a8e9-4900-a5d3-bc0c493c32ad/userFiles-4085f66f-e8a0-49ca-b8cf-41fa3ad4ce39/fetchFileTemp9317569061539675290.tmp
[2025-10-29T04:10:12.557+0700] {subprocess.py:93} INFO - 25/10/29 04:10:12 INFO Utils: /tmp/spark-47bcdd81-a8e9-4900-a5d3-bc0c493c32ad/userFiles-4085f66f-e8a0-49ca-b8cf-41fa3ad4ce39/fetchFileTemp9317569061539675290.tmp has been previously copied to /tmp/spark-47bcdd81-a8e9-4900-a5d3-bc0c493c32ad/userFiles-4085f66f-e8a0-49ca-b8cf-41fa3ad4ce39/org.apache.hadoop_hadoop-client-api-3.3.4.jar
[2025-10-29T04:10:12.565+0700] {subprocess.py:93} INFO - 25/10/29 04:10:12 INFO Executor: Adding file:/tmp/spark-47bcdd81-a8e9-4900-a5d3-bc0c493c32ad/userFiles-4085f66f-e8a0-49ca-b8cf-41fa3ad4ce39/org.apache.hadoop_hadoop-client-api-3.3.4.jar to class loader default
[2025-10-29T04:10:12.566+0700] {subprocess.py:93} INFO - 25/10/29 04:10:12 INFO Executor: Fetching spark://c8122caeb8bc:44413/jars/org.checkerframework_checker-qual-3.31.0.jar with timestamp 1761685809053
[2025-10-29T04:10:12.566+0700] {subprocess.py:93} INFO - 25/10/29 04:10:12 INFO Utils: Fetching spark://c8122caeb8bc:44413/jars/org.checkerframework_checker-qual-3.31.0.jar to /tmp/spark-47bcdd81-a8e9-4900-a5d3-bc0c493c32ad/userFiles-4085f66f-e8a0-49ca-b8cf-41fa3ad4ce39/fetchFileTemp1842430391551416695.tmp
[2025-10-29T04:10:12.567+0700] {subprocess.py:93} INFO - 25/10/29 04:10:12 INFO Utils: /tmp/spark-47bcdd81-a8e9-4900-a5d3-bc0c493c32ad/userFiles-4085f66f-e8a0-49ca-b8cf-41fa3ad4ce39/fetchFileTemp1842430391551416695.tmp has been previously copied to /tmp/spark-47bcdd81-a8e9-4900-a5d3-bc0c493c32ad/userFiles-4085f66f-e8a0-49ca-b8cf-41fa3ad4ce39/org.checkerframework_checker-qual-3.31.0.jar
[2025-10-29T04:10:12.570+0700] {subprocess.py:93} INFO - 25/10/29 04:10:12 INFO Executor: Adding file:/tmp/spark-47bcdd81-a8e9-4900-a5d3-bc0c493c32ad/userFiles-4085f66f-e8a0-49ca-b8cf-41fa3ad4ce39/org.checkerframework_checker-qual-3.31.0.jar to class loader default
[2025-10-29T04:10:12.571+0700] {subprocess.py:93} INFO - 25/10/29 04:10:12 INFO Executor: Fetching spark://c8122caeb8bc:44413/jars/org.postgresql_postgresql-42.6.0.jar with timestamp 1761685809053
[2025-10-29T04:10:12.571+0700] {subprocess.py:93} INFO - 25/10/29 04:10:12 INFO Utils: Fetching spark://c8122caeb8bc:44413/jars/org.postgresql_postgresql-42.6.0.jar to /tmp/spark-47bcdd81-a8e9-4900-a5d3-bc0c493c32ad/userFiles-4085f66f-e8a0-49ca-b8cf-41fa3ad4ce39/fetchFileTemp7146911430432754761.tmp
[2025-10-29T04:10:12.574+0700] {subprocess.py:93} INFO - 25/10/29 04:10:12 INFO Utils: /tmp/spark-47bcdd81-a8e9-4900-a5d3-bc0c493c32ad/userFiles-4085f66f-e8a0-49ca-b8cf-41fa3ad4ce39/fetchFileTemp7146911430432754761.tmp has been previously copied to /tmp/spark-47bcdd81-a8e9-4900-a5d3-bc0c493c32ad/userFiles-4085f66f-e8a0-49ca-b8cf-41fa3ad4ce39/org.postgresql_postgresql-42.6.0.jar
[2025-10-29T04:10:12.578+0700] {subprocess.py:93} INFO - 25/10/29 04:10:12 INFO Executor: Adding file:/tmp/spark-47bcdd81-a8e9-4900-a5d3-bc0c493c32ad/userFiles-4085f66f-e8a0-49ca-b8cf-41fa3ad4ce39/org.postgresql_postgresql-42.6.0.jar to class loader default
[2025-10-29T04:10:12.579+0700] {subprocess.py:93} INFO - 25/10/29 04:10:12 INFO Executor: Fetching spark://c8122caeb8bc:44413/jars/org.lz4_lz4-java-1.8.0.jar with timestamp 1761685809053
[2025-10-29T04:10:12.579+0700] {subprocess.py:93} INFO - 25/10/29 04:10:12 INFO Utils: Fetching spark://c8122caeb8bc:44413/jars/org.lz4_lz4-java-1.8.0.jar to /tmp/spark-47bcdd81-a8e9-4900-a5d3-bc0c493c32ad/userFiles-4085f66f-e8a0-49ca-b8cf-41fa3ad4ce39/fetchFileTemp4043664626430809770.tmp
[2025-10-29T04:10:12.581+0700] {subprocess.py:93} INFO - 25/10/29 04:10:12 INFO Utils: /tmp/spark-47bcdd81-a8e9-4900-a5d3-bc0c493c32ad/userFiles-4085f66f-e8a0-49ca-b8cf-41fa3ad4ce39/fetchFileTemp4043664626430809770.tmp has been previously copied to /tmp/spark-47bcdd81-a8e9-4900-a5d3-bc0c493c32ad/userFiles-4085f66f-e8a0-49ca-b8cf-41fa3ad4ce39/org.lz4_lz4-java-1.8.0.jar
[2025-10-29T04:10:12.585+0700] {subprocess.py:93} INFO - 25/10/29 04:10:12 INFO Executor: Adding file:/tmp/spark-47bcdd81-a8e9-4900-a5d3-bc0c493c32ad/userFiles-4085f66f-e8a0-49ca-b8cf-41fa3ad4ce39/org.lz4_lz4-java-1.8.0.jar to class loader default
[2025-10-29T04:10:12.585+0700] {subprocess.py:93} INFO - 25/10/29 04:10:12 INFO Executor: Fetching spark://c8122caeb8bc:44413/jars/org.apache.hadoop_hadoop-client-runtime-3.3.4.jar with timestamp 1761685809053
[2025-10-29T04:10:12.585+0700] {subprocess.py:93} INFO - 25/10/29 04:10:12 INFO Utils: Fetching spark://c8122caeb8bc:44413/jars/org.apache.hadoop_hadoop-client-runtime-3.3.4.jar to /tmp/spark-47bcdd81-a8e9-4900-a5d3-bc0c493c32ad/userFiles-4085f66f-e8a0-49ca-b8cf-41fa3ad4ce39/fetchFileTemp14952817102499643938.tmp
[2025-10-29T04:10:12.706+0700] {subprocess.py:93} INFO - 25/10/29 04:10:12 INFO Utils: /tmp/spark-47bcdd81-a8e9-4900-a5d3-bc0c493c32ad/userFiles-4085f66f-e8a0-49ca-b8cf-41fa3ad4ce39/fetchFileTemp14952817102499643938.tmp has been previously copied to /tmp/spark-47bcdd81-a8e9-4900-a5d3-bc0c493c32ad/userFiles-4085f66f-e8a0-49ca-b8cf-41fa3ad4ce39/org.apache.hadoop_hadoop-client-runtime-3.3.4.jar
[2025-10-29T04:10:12.713+0700] {subprocess.py:93} INFO - 25/10/29 04:10:12 INFO Executor: Adding file:/tmp/spark-47bcdd81-a8e9-4900-a5d3-bc0c493c32ad/userFiles-4085f66f-e8a0-49ca-b8cf-41fa3ad4ce39/org.apache.hadoop_hadoop-client-runtime-3.3.4.jar to class loader default
[2025-10-29T04:10:12.722+0700] {subprocess.py:93} INFO - 25/10/29 04:10:12 INFO Utils: Successfully started service 'org.apache.spark.network.netty.NettyBlockTransferService' on port 44983.
[2025-10-29T04:10:12.722+0700] {subprocess.py:93} INFO - 25/10/29 04:10:12 INFO NettyBlockTransferService: Server created on c8122caeb8bc:44983
[2025-10-29T04:10:12.723+0700] {subprocess.py:93} INFO - 25/10/29 04:10:12 INFO BlockManager: Using org.apache.spark.storage.RandomBlockReplicationPolicy for block replication policy
[2025-10-29T04:10:12.728+0700] {subprocess.py:93} INFO - 25/10/29 04:10:12 INFO BlockManagerMaster: Registering BlockManager BlockManagerId(driver, c8122caeb8bc, 44983, None)
[2025-10-29T04:10:12.731+0700] {subprocess.py:93} INFO - 25/10/29 04:10:12 INFO BlockManagerMasterEndpoint: Registering block manager c8122caeb8bc:44983 with 434.4 MiB RAM, BlockManagerId(driver, c8122caeb8bc, 44983, None)
[2025-10-29T04:10:12.734+0700] {subprocess.py:93} INFO - 25/10/29 04:10:12 INFO BlockManagerMaster: Registered BlockManager BlockManagerId(driver, c8122caeb8bc, 44983, None)
[2025-10-29T04:10:12.734+0700] {subprocess.py:93} INFO - 25/10/29 04:10:12 INFO BlockManager: Initialized BlockManager: BlockManagerId(driver, c8122caeb8bc, 44983, None)
[2025-10-29T04:10:15.365+0700] {subprocess.py:93} INFO - 25/10/29 04:10:15 WARN ResolveWriteToStream: spark.sql.adaptive.enabled is not supported in streaming DataFrames/Datasets and will be disabled.
[2025-10-29T04:10:15.472+0700] {subprocess.py:93} INFO - 🚀 Streaming job started — đang lắng nghe dữ liệu từ Kafka...
[2025-10-29T04:10:15.560+0700] {subprocess.py:93} INFO - 25/10/29 04:10:15 WARN AdminClientConfig: These configurations '[key.deserializer, value.deserializer, enable.auto.commit, max.poll.records, auto.offset.reset]' were supplied but are not used yet.
[2025-10-29T04:10:17.066+0700] {subprocess.py:93} INFO - [Batch 0] ⚠️ Không có dữ liệu mới.
[2025-10-29T04:10:21.447+0700] {subprocess.py:93} INFO - 25/10/29 04:10:21 WARN KafkaDataConsumer: KafkaDataConsumer is not running in UninterruptibleThread. It may hang when KafkaDataConsumer's methods are interrupted because of KAFKA-1894
[2025-10-29T04:10:22.233+0700] {subprocess.py:93} INFO - 25/10/29 04:10:22 WARN KafkaDataConsumer: KafkaDataConsumer is not running in UninterruptibleThread. It may hang when KafkaDataConsumer's methods are interrupted because of KAFKA-1894
[2025-10-29T04:10:22.234+0700] {subprocess.py:93} INFO - 25/10/29 04:10:22 WARN KafkaDataConsumer: KafkaDataConsumer is not running in UninterruptibleThread. It may hang when KafkaDataConsumer's methods are interrupted because of KAFKA-1894
[2025-10-29T04:10:22.234+0700] {subprocess.py:93} INFO - 25/10/29 04:10:22 WARN KafkaDataConsumer: KafkaDataConsumer is not running in UninterruptibleThread. It may hang when KafkaDataConsumer's methods are interrupted because of KAFKA-1894
[2025-10-29T04:10:22.234+0700] {subprocess.py:93} INFO - 25/10/29 04:10:22 WARN KafkaDataConsumer: KafkaDataConsumer is not running in UninterruptibleThread. It may hang when KafkaDataConsumer's methods are interrupted because of KAFKA-1894
[2025-10-29T04:10:22.234+0700] {subprocess.py:93} INFO - 25/10/29 04:10:22 WARN KafkaDataConsumer: KafkaDataConsumer is not running in UninterruptibleThread. It may hang when KafkaDataConsumer's methods are interrupted because of KAFKA-1894
[2025-10-29T04:10:22.235+0700] {subprocess.py:93} INFO - 25/10/29 04:10:22 WARN KafkaDataConsumer: KafkaDataConsumer is not running in UninterruptibleThread. It may hang when KafkaDataConsumer's methods are interrupted because of KAFKA-1894
[2025-10-29T04:10:22.235+0700] {subprocess.py:93} INFO - 25/10/29 04:10:22 WARN KafkaDataConsumer: KafkaDataConsumer is not running in UninterruptibleThread. It may hang when KafkaDataConsumer's methods are interrupted because of KAFKA-1894
[2025-10-29T04:15:49.950+0700] {local_task_job_runner.py:310} WARNING - State of this instance has been externally set to restarting. Terminating instance.
[2025-10-29T04:15:49.951+0700] {local_task_job_runner.py:222} INFO - ::endgroup::
[2025-10-29T04:15:49.952+0700] {process_utils.py:132} INFO - Sending 15 to group 1577. PIDs of all processes in the group: [1578, 1579, 1580, 1655, 1965, 1968, 1577]
[2025-10-29T04:15:49.952+0700] {process_utils.py:87} INFO - Sending the signal 15 to group 1577
[2025-10-29T04:15:49.952+0700] {taskinstance.py:2607} ERROR - Received SIGTERM. Terminating subprocesses.
[2025-10-29T04:15:49.953+0700] {subprocess.py:104} INFO - Sending SIGTERM signal to process group
[2025-10-29T04:15:49.953+0700] {taskinstance.py:441} INFO - ::group::Post task execution logs
[2025-10-29T04:15:49.954+0700] {process_utils.py:80} INFO - Process psutil.Process(pid=1579, status='terminated', started='04:10:01') (1579) terminated with exit code None
[2025-10-29T04:15:49.960+0700] {taskinstance.py:2890} ERROR - Task failed with exception
Traceback (most recent call last):
  File "/home/airflow/.local/lib/python3.12/site-packages/airflow/models/taskinstance.py", line 460, in _execute_task
    result = _execute_callable(context=context, **execute_callable_kwargs)
             ^^^^^^^^^^^^^^^^^^^^^^^^^^^^^^^^^^^^^^^^^^^^^^^^^^^^^^^^^^^^^
  File "/home/airflow/.local/lib/python3.12/site-packages/airflow/models/taskinstance.py", line 432, in _execute_callable
    return execute_callable(context=context, **execute_callable_kwargs)
           ^^^^^^^^^^^^^^^^^^^^^^^^^^^^^^^^^^^^^^^^^^^^^^^^^^^^^^^^^^^^
  File "/home/airflow/.local/lib/python3.12/site-packages/airflow/models/baseoperator.py", line 400, in wrapper
    return func(self, *args, **kwargs)
           ^^^^^^^^^^^^^^^^^^^^^^^^^^^
  File "/home/airflow/.local/lib/python3.12/site-packages/airflow/operators/bash.py", line 234, in execute
    result = self.subprocess_hook.run_command(
             ^^^^^^^^^^^^^^^^^^^^^^^^^^^^^^^^^
  File "/home/airflow/.local/lib/python3.12/site-packages/airflow/hooks/subprocess.py", line 91, in run_command
    for raw_line in iter(self.sub_process.stdout.readline, b""):
  File "/home/airflow/.local/lib/python3.12/site-packages/airflow/models/taskinstance.py", line 2609, in signal_handler
    raise AirflowTaskTerminated("Task received SIGTERM signal")
airflow.exceptions.AirflowTaskTerminated: Task received SIGTERM signal
[2025-10-29T04:15:49.964+0700] {taskinstance.py:1205} INFO - Marking task as UP_FOR_RETRY. dag_id=absa_streaming_lifecycle_demo1, task_id=deploy_consumer, execution_date=20251028T200000, start_date=20251028T211001, end_date=20251028T211549
[2025-10-29T04:15:50.006+0700] {process_utils.py:80} INFO - Process psutil.Process(pid=1577, status='terminated', exitcode=2, started='04:10:01') (1577) terminated with exit code 2
[2025-10-29T04:15:50.007+0700] {process_utils.py:80} INFO - Process psutil.Process(pid=1578, status='terminated', started='04:10:01') (1578) terminated with exit code None
[2025-10-29T04:15:50.099+0700] {process_utils.py:80} INFO - Process psutil.Process(pid=1580, status='terminated', started='04:10:01') (1580) terminated with exit code None
[2025-10-29T04:15:50.100+0700] {process_utils.py:80} INFO - Process psutil.Process(pid=1965, status='terminated', started='04:10:19') (1965) terminated with exit code None
[2025-10-29T04:15:50.100+0700] {process_utils.py:80} INFO - Process psutil.Process(pid=1655, status='terminated', started='04:10:04') (1655) terminated with exit code None
[2025-10-29T04:15:50.101+0700] {process_utils.py:80} INFO - Process psutil.Process(pid=1968, status='terminated', started='04:10:20') (1968) terminated with exit code None
