[2025-10-29T04:06:17.509+0700] {local_task_job_runner.py:120} INFO - ::group::Pre task execution logs
[2025-10-29T04:06:17.521+0700] {taskinstance.py:2073} INFO - Dependencies all met for dep_context=non-requeueable deps ti=<TaskInstance: absa_streaming_lifecycle_demo1.deploy_consumer scheduled__2025-10-28T20:00:00+00:00 [queued]>
[2025-10-29T04:06:17.526+0700] {taskinstance.py:2073} INFO - Dependencies all met for dep_context=requeueable deps ti=<TaskInstance: absa_streaming_lifecycle_demo1.deploy_consumer scheduled__2025-10-28T20:00:00+00:00 [queued]>
[2025-10-29T04:06:17.526+0700] {taskinstance.py:2303} INFO - Starting attempt 2 of 7
[2025-10-29T04:06:17.534+0700] {taskinstance.py:2327} INFO - Executing <Task(BashOperator): deploy_consumer> on 2025-10-28 20:00:00+00:00
[2025-10-29T04:06:17.541+0700] {warnings.py:110} WARNING - /home/***/.local/lib/python3.12/site-packages/***/task/task_runner/standard_task_runner.py:61: DeprecationWarning: This process (pid=498) is multi-threaded, use of fork() may lead to deadlocks in the child.
  pid = os.fork()

[2025-10-29T04:06:17.542+0700] {standard_task_runner.py:63} INFO - Started process 507 to run task
[2025-10-29T04:06:17.542+0700] {standard_task_runner.py:90} INFO - Running: ['***', 'tasks', 'run', 'absa_streaming_lifecycle_demo1', 'deploy_consumer', 'scheduled__2025-10-28T20:00:00+00:00', '--job-id', '7', '--raw', '--subdir', 'DAGS_FOLDER/absa_streaming_lifecycle_dag1.py', '--cfg-path', '/tmp/tmp89lzd_rm']
[2025-10-29T04:06:17.544+0700] {standard_task_runner.py:91} INFO - Job 7: Subtask deploy_consumer
[2025-10-29T04:06:17.572+0700] {task_command.py:426} INFO - Running <TaskInstance: absa_streaming_lifecycle_demo1.deploy_consumer scheduled__2025-10-28T20:00:00+00:00 [running]> on host c8122caeb8bc
[2025-10-29T04:06:17.624+0700] {taskinstance.py:2644} INFO - Exporting env vars: AIRFLOW_CTX_DAG_OWNER='***' AIRFLOW_CTX_DAG_ID='absa_streaming_lifecycle_demo1' AIRFLOW_CTX_TASK_ID='deploy_consumer' AIRFLOW_CTX_EXECUTION_DATE='2025-10-28T20:00:00+00:00' AIRFLOW_CTX_TRY_NUMBER='2' AIRFLOW_CTX_DAG_RUN_ID='scheduled__2025-10-28T20:00:00+00:00'
[2025-10-29T04:06:17.626+0700] {taskinstance.py:430} INFO - ::endgroup::
[2025-10-29T04:06:17.626+0700] {subprocess.py:63} INFO - Tmp dir root location: /tmp
[2025-10-29T04:06:17.627+0700] {subprocess.py:75} INFO - Running command: ['/usr/bin/bash', '-c', 'bash -c "timeout 45m /opt/***/projects/absa_streaming/scripts/run_consumer.sh"']
[2025-10-29T04:06:17.640+0700] {subprocess.py:86} INFO - Output:
[2025-10-29T04:06:17.646+0700] {subprocess.py:93} INFO - [Consumer] Starting Spark Structured Streaming job...
[2025-10-29T04:06:17.686+0700] {subprocess.py:93} INFO - /home/***/.local/lib/python3.12/site-packages/pyspark/bin/load-spark-env.sh: line 68: ps: command not found
[2025-10-29T04:06:19.027+0700] {subprocess.py:93} INFO - :: loading settings :: url = jar:file:/home/***/.local/lib/python3.12/site-packages/pyspark/jars/ivy-2.5.1.jar!/org/apache/ivy/core/settings/ivysettings.xml
[2025-10-29T04:06:19.088+0700] {subprocess.py:93} INFO - Ivy Default Cache set to: /home/***/.ivy2/cache
[2025-10-29T04:06:19.089+0700] {subprocess.py:93} INFO - The jars for the packages stored in: /home/***/.ivy2/jars
[2025-10-29T04:06:19.092+0700] {subprocess.py:93} INFO - org.apache.spark#spark-sql-kafka-0-10_2.12 added as a dependency
[2025-10-29T04:06:19.093+0700] {subprocess.py:93} INFO - org.postgresql#postgresql added as a dependency
[2025-10-29T04:06:19.093+0700] {subprocess.py:93} INFO - :: resolving dependencies :: org.apache.spark#spark-submit-parent-a3716918-88ce-4e0e-b017-d020dabd8795;1.0
[2025-10-29T04:06:19.093+0700] {subprocess.py:93} INFO - 	confs: [default]
[2025-10-29T04:06:19.231+0700] {subprocess.py:93} INFO - 	found org.apache.spark#spark-sql-kafka-0-10_2.12;3.5.1 in central
[2025-10-29T04:06:19.290+0700] {subprocess.py:93} INFO - 	found org.apache.spark#spark-token-provider-kafka-0-10_2.12;3.5.1 in central
[2025-10-29T04:06:19.322+0700] {subprocess.py:93} INFO - 	found org.apache.kafka#kafka-clients;3.4.1 in central
[2025-10-29T04:06:19.356+0700] {subprocess.py:93} INFO - 	found org.lz4#lz4-java;1.8.0 in central
[2025-10-29T04:06:19.387+0700] {subprocess.py:93} INFO - 	found org.xerial.snappy#snappy-java;1.1.10.3 in central
[2025-10-29T04:06:19.413+0700] {subprocess.py:93} INFO - 	found org.slf4j#slf4j-api;2.0.7 in central
[2025-10-29T04:06:19.447+0700] {subprocess.py:93} INFO - 	found org.apache.hadoop#hadoop-client-runtime;3.3.4 in central
[2025-10-29T04:06:19.483+0700] {subprocess.py:93} INFO - 	found org.apache.hadoop#hadoop-client-api;3.3.4 in central
[2025-10-29T04:06:19.506+0700] {subprocess.py:93} INFO - 	found commons-logging#commons-logging;1.1.3 in central
[2025-10-29T04:06:19.524+0700] {subprocess.py:93} INFO - 	found com.google.code.findbugs#jsr305;3.0.0 in central
[2025-10-29T04:06:19.539+0700] {subprocess.py:93} INFO - 	found org.apache.commons#commons-pool2;2.11.1 in central
[2025-10-29T04:06:19.549+0700] {subprocess.py:93} INFO - 	found org.postgresql#postgresql;42.6.0 in central
[2025-10-29T04:06:19.559+0700] {subprocess.py:93} INFO - 	found org.checkerframework#checker-qual;3.31.0 in central
[2025-10-29T04:06:19.592+0700] {subprocess.py:93} INFO - :: resolution report :: resolve 478ms :: artifacts dl 21ms
[2025-10-29T04:06:19.592+0700] {subprocess.py:93} INFO - 	:: modules in use:
[2025-10-29T04:06:19.593+0700] {subprocess.py:93} INFO - 	com.google.code.findbugs#jsr305;3.0.0 from central in [default]
[2025-10-29T04:06:19.593+0700] {subprocess.py:93} INFO - 	commons-logging#commons-logging;1.1.3 from central in [default]
[2025-10-29T04:06:19.593+0700] {subprocess.py:93} INFO - 	org.apache.commons#commons-pool2;2.11.1 from central in [default]
[2025-10-29T04:06:19.593+0700] {subprocess.py:93} INFO - 	org.apache.hadoop#hadoop-client-api;3.3.4 from central in [default]
[2025-10-29T04:06:19.594+0700] {subprocess.py:93} INFO - 	org.apache.hadoop#hadoop-client-runtime;3.3.4 from central in [default]
[2025-10-29T04:06:19.594+0700] {subprocess.py:93} INFO - 	org.apache.kafka#kafka-clients;3.4.1 from central in [default]
[2025-10-29T04:06:19.594+0700] {subprocess.py:93} INFO - 	org.apache.spark#spark-sql-kafka-0-10_2.12;3.5.1 from central in [default]
[2025-10-29T04:06:19.594+0700] {subprocess.py:93} INFO - 	org.apache.spark#spark-token-provider-kafka-0-10_2.12;3.5.1 from central in [default]
[2025-10-29T04:06:19.595+0700] {subprocess.py:93} INFO - 	org.checkerframework#checker-qual;3.31.0 from central in [default]
[2025-10-29T04:06:19.595+0700] {subprocess.py:93} INFO - 	org.lz4#lz4-java;1.8.0 from central in [default]
[2025-10-29T04:06:19.595+0700] {subprocess.py:93} INFO - 	org.postgresql#postgresql;42.6.0 from central in [default]
[2025-10-29T04:06:19.595+0700] {subprocess.py:93} INFO - 	org.slf4j#slf4j-api;2.0.7 from central in [default]
[2025-10-29T04:06:19.595+0700] {subprocess.py:93} INFO - 	org.xerial.snappy#snappy-java;1.1.10.3 from central in [default]
[2025-10-29T04:06:19.595+0700] {subprocess.py:93} INFO - 	---------------------------------------------------------------------
[2025-10-29T04:06:19.596+0700] {subprocess.py:93} INFO - 	|                  |            modules            ||   artifacts   |
[2025-10-29T04:06:19.596+0700] {subprocess.py:93} INFO - 	|       conf       | number| search|dwnlded|evicted|| number|dwnlded|
[2025-10-29T04:06:19.596+0700] {subprocess.py:93} INFO - 	---------------------------------------------------------------------
[2025-10-29T04:06:19.596+0700] {subprocess.py:93} INFO - 	|      default     |   13  |   0   |   0   |   0   ||   13  |   0   |
[2025-10-29T04:06:19.597+0700] {subprocess.py:93} INFO - 	---------------------------------------------------------------------
[2025-10-29T04:06:19.600+0700] {subprocess.py:93} INFO - :: retrieving :: org.apache.spark#spark-submit-parent-a3716918-88ce-4e0e-b017-d020dabd8795
[2025-10-29T04:06:19.601+0700] {subprocess.py:93} INFO - 	confs: [default]
[2025-10-29T04:06:19.657+0700] {subprocess.py:93} INFO - 	13 artifacts copied, 0 already retrieved (58042kB/57ms)
[2025-10-29T04:06:19.818+0700] {subprocess.py:93} INFO - 25/10/29 04:06:19 WARN NativeCodeLoader: Unable to load native-hadoop library for your platform... using builtin-java classes where applicable
[2025-10-29T04:06:23.846+0700] {subprocess.py:93} INFO - 25/10/29 04:06:23 INFO SparkContext: Running Spark version 3.5.1
[2025-10-29T04:06:23.846+0700] {subprocess.py:93} INFO - 25/10/29 04:06:23 INFO SparkContext: OS info Linux, 6.14.0-33-generic, amd64
[2025-10-29T04:06:23.847+0700] {subprocess.py:93} INFO - 25/10/29 04:06:23 INFO SparkContext: Java version 17.0.17
[2025-10-29T04:06:23.862+0700] {subprocess.py:93} INFO - 25/10/29 04:06:23 INFO ResourceUtils: ==============================================================
[2025-10-29T04:06:23.862+0700] {subprocess.py:93} INFO - 25/10/29 04:06:23 INFO ResourceUtils: No custom resources configured for spark.driver.
[2025-10-29T04:06:23.862+0700] {subprocess.py:93} INFO - 25/10/29 04:06:23 INFO ResourceUtils: ==============================================================
[2025-10-29T04:06:23.863+0700] {subprocess.py:93} INFO - 25/10/29 04:06:23 INFO SparkContext: Submitted application: Kafka_ABSA_Postgres
[2025-10-29T04:06:23.880+0700] {subprocess.py:93} INFO - 25/10/29 04:06:23 INFO ResourceProfile: Default ResourceProfile created, executor resources: Map(cores -> name: cores, amount: 1, script: , vendor: , memory -> name: memory, amount: 1024, script: , vendor: , offHeap -> name: offHeap, amount: 0, script: , vendor: ), task resources: Map(cpus -> name: cpus, amount: 1.0)
[2025-10-29T04:06:23.887+0700] {subprocess.py:93} INFO - 25/10/29 04:06:23 INFO ResourceProfile: Limiting resource is cpu
[2025-10-29T04:06:23.887+0700] {subprocess.py:93} INFO - 25/10/29 04:06:23 INFO ResourceProfileManager: Added ResourceProfile id: 0
[2025-10-29T04:06:23.934+0700] {subprocess.py:93} INFO - 25/10/29 04:06:23 INFO SecurityManager: Changing view acls to: default
[2025-10-29T04:06:23.935+0700] {subprocess.py:93} INFO - 25/10/29 04:06:23 INFO SecurityManager: Changing modify acls to: default
[2025-10-29T04:06:23.935+0700] {subprocess.py:93} INFO - 25/10/29 04:06:23 INFO SecurityManager: Changing view acls groups to:
[2025-10-29T04:06:23.935+0700] {subprocess.py:93} INFO - 25/10/29 04:06:23 INFO SecurityManager: Changing modify acls groups to:
[2025-10-29T04:06:23.936+0700] {subprocess.py:93} INFO - 25/10/29 04:06:23 INFO SecurityManager: SecurityManager: authentication disabled; ui acls disabled; users with view permissions: default; groups with view permissions: EMPTY; users with modify permissions: default; groups with modify permissions: EMPTY
[2025-10-29T04:06:24.098+0700] {subprocess.py:93} INFO - 25/10/29 04:06:24 INFO Utils: Successfully started service 'sparkDriver' on port 38105.
[2025-10-29T04:06:24.120+0700] {subprocess.py:93} INFO - 25/10/29 04:06:24 INFO SparkEnv: Registering MapOutputTracker
[2025-10-29T04:06:24.141+0700] {subprocess.py:93} INFO - 25/10/29 04:06:24 INFO SparkEnv: Registering BlockManagerMaster
[2025-10-29T04:06:24.151+0700] {subprocess.py:93} INFO - 25/10/29 04:06:24 INFO BlockManagerMasterEndpoint: Using org.apache.spark.storage.DefaultTopologyMapper for getting topology information
[2025-10-29T04:06:24.152+0700] {subprocess.py:93} INFO - 25/10/29 04:06:24 INFO BlockManagerMasterEndpoint: BlockManagerMasterEndpoint up
[2025-10-29T04:06:24.154+0700] {subprocess.py:93} INFO - 25/10/29 04:06:24 INFO SparkEnv: Registering BlockManagerMasterHeartbeat
[2025-10-29T04:06:24.167+0700] {subprocess.py:93} INFO - 25/10/29 04:06:24 INFO DiskBlockManager: Created local directory at /tmp/blockmgr-3821bc09-8dd6-4d3c-ac5d-251142349b66
[2025-10-29T04:06:24.175+0700] {subprocess.py:93} INFO - 25/10/29 04:06:24 INFO MemoryStore: MemoryStore started with capacity 434.4 MiB
[2025-10-29T04:06:24.184+0700] {subprocess.py:93} INFO - 25/10/29 04:06:24 INFO SparkEnv: Registering OutputCommitCoordinator
[2025-10-29T04:06:24.270+0700] {subprocess.py:93} INFO - 25/10/29 04:06:24 INFO JettyUtils: Start Jetty 0.0.0.0:4040 for SparkUI
[2025-10-29T04:06:24.318+0700] {subprocess.py:93} INFO - 25/10/29 04:06:24 INFO Utils: Successfully started service 'SparkUI' on port 4040.
[2025-10-29T04:06:24.359+0700] {subprocess.py:93} INFO - 25/10/29 04:06:24 INFO SparkContext: Added JAR file:///home/***/.ivy2/jars/org.apache.spark_spark-sql-kafka-0-10_2.12-3.5.1.jar at spark://c8122caeb8bc:38105/jars/org.apache.spark_spark-sql-kafka-0-10_2.12-3.5.1.jar with timestamp 1761685583842
[2025-10-29T04:06:24.360+0700] {subprocess.py:93} INFO - 25/10/29 04:06:24 INFO SparkContext: Added JAR file:///home/***/.ivy2/jars/org.postgresql_postgresql-42.6.0.jar at spark://c8122caeb8bc:38105/jars/org.postgresql_postgresql-42.6.0.jar with timestamp 1761685583842
[2025-10-29T04:06:24.360+0700] {subprocess.py:93} INFO - 25/10/29 04:06:24 INFO SparkContext: Added JAR file:///home/***/.ivy2/jars/org.apache.spark_spark-token-provider-kafka-0-10_2.12-3.5.1.jar at spark://c8122caeb8bc:38105/jars/org.apache.spark_spark-token-provider-kafka-0-10_2.12-3.5.1.jar with timestamp 1761685583842
[2025-10-29T04:06:24.360+0700] {subprocess.py:93} INFO - 25/10/29 04:06:24 INFO SparkContext: Added JAR file:///home/***/.ivy2/jars/org.apache.kafka_kafka-clients-3.4.1.jar at spark://c8122caeb8bc:38105/jars/org.apache.kafka_kafka-clients-3.4.1.jar with timestamp 1761685583842
[2025-10-29T04:06:24.361+0700] {subprocess.py:93} INFO - 25/10/29 04:06:24 INFO SparkContext: Added JAR file:///home/***/.ivy2/jars/com.google.code.findbugs_jsr305-3.0.0.jar at spark://c8122caeb8bc:38105/jars/com.google.code.findbugs_jsr305-3.0.0.jar with timestamp 1761685583842
[2025-10-29T04:06:24.361+0700] {subprocess.py:93} INFO - 25/10/29 04:06:24 INFO SparkContext: Added JAR file:///home/***/.ivy2/jars/org.apache.commons_commons-pool2-2.11.1.jar at spark://c8122caeb8bc:38105/jars/org.apache.commons_commons-pool2-2.11.1.jar with timestamp 1761685583842
[2025-10-29T04:06:24.361+0700] {subprocess.py:93} INFO - 25/10/29 04:06:24 INFO SparkContext: Added JAR file:///home/***/.ivy2/jars/org.apache.hadoop_hadoop-client-runtime-3.3.4.jar at spark://c8122caeb8bc:38105/jars/org.apache.hadoop_hadoop-client-runtime-3.3.4.jar with timestamp 1761685583842
[2025-10-29T04:06:24.361+0700] {subprocess.py:93} INFO - 25/10/29 04:06:24 INFO SparkContext: Added JAR file:///home/***/.ivy2/jars/org.lz4_lz4-java-1.8.0.jar at spark://c8122caeb8bc:38105/jars/org.lz4_lz4-java-1.8.0.jar with timestamp 1761685583842
[2025-10-29T04:06:24.361+0700] {subprocess.py:93} INFO - 25/10/29 04:06:24 INFO SparkContext: Added JAR file:///home/***/.ivy2/jars/org.xerial.snappy_snappy-java-1.1.10.3.jar at spark://c8122caeb8bc:38105/jars/org.xerial.snappy_snappy-java-1.1.10.3.jar with timestamp 1761685583842
[2025-10-29T04:06:24.361+0700] {subprocess.py:93} INFO - 25/10/29 04:06:24 INFO SparkContext: Added JAR file:///home/***/.ivy2/jars/org.slf4j_slf4j-api-2.0.7.jar at spark://c8122caeb8bc:38105/jars/org.slf4j_slf4j-api-2.0.7.jar with timestamp 1761685583842
[2025-10-29T04:06:24.362+0700] {subprocess.py:93} INFO - 25/10/29 04:06:24 INFO SparkContext: Added JAR file:///home/***/.ivy2/jars/org.apache.hadoop_hadoop-client-api-3.3.4.jar at spark://c8122caeb8bc:38105/jars/org.apache.hadoop_hadoop-client-api-3.3.4.jar with timestamp 1761685583842
[2025-10-29T04:06:24.362+0700] {subprocess.py:93} INFO - 25/10/29 04:06:24 INFO SparkContext: Added JAR file:///home/***/.ivy2/jars/commons-logging_commons-logging-1.1.3.jar at spark://c8122caeb8bc:38105/jars/commons-logging_commons-logging-1.1.3.jar with timestamp 1761685583842
[2025-10-29T04:06:24.362+0700] {subprocess.py:93} INFO - 25/10/29 04:06:24 INFO SparkContext: Added JAR file:///home/***/.ivy2/jars/org.checkerframework_checker-qual-3.31.0.jar at spark://c8122caeb8bc:38105/jars/org.checkerframework_checker-qual-3.31.0.jar with timestamp 1761685583842
[2025-10-29T04:06:24.363+0700] {subprocess.py:93} INFO - 25/10/29 04:06:24 INFO SparkContext: Added file file:///home/***/.ivy2/jars/org.apache.spark_spark-sql-kafka-0-10_2.12-3.5.1.jar at file:///home/***/.ivy2/jars/org.apache.spark_spark-sql-kafka-0-10_2.12-3.5.1.jar with timestamp 1761685583842
[2025-10-29T04:06:24.364+0700] {subprocess.py:93} INFO - 25/10/29 04:06:24 INFO Utils: Copying /home/***/.ivy2/jars/org.apache.spark_spark-sql-kafka-0-10_2.12-3.5.1.jar to /tmp/spark-eebd5d31-c442-4215-89f1-e3bf28b8ca6e/userFiles-d29fef64-4b86-4993-95b2-a434a55fc016/org.apache.spark_spark-sql-kafka-0-10_2.12-3.5.1.jar
[2025-10-29T04:06:24.374+0700] {subprocess.py:93} INFO - 25/10/29 04:06:24 INFO SparkContext: Added file file:///home/***/.ivy2/jars/org.postgresql_postgresql-42.6.0.jar at file:///home/***/.ivy2/jars/org.postgresql_postgresql-42.6.0.jar with timestamp 1761685583842
[2025-10-29T04:06:24.374+0700] {subprocess.py:93} INFO - 25/10/29 04:06:24 INFO Utils: Copying /home/***/.ivy2/jars/org.postgresql_postgresql-42.6.0.jar to /tmp/spark-eebd5d31-c442-4215-89f1-e3bf28b8ca6e/userFiles-d29fef64-4b86-4993-95b2-a434a55fc016/org.postgresql_postgresql-42.6.0.jar
[2025-10-29T04:06:24.380+0700] {subprocess.py:93} INFO - 25/10/29 04:06:24 INFO SparkContext: Added file file:///home/***/.ivy2/jars/org.apache.spark_spark-token-provider-kafka-0-10_2.12-3.5.1.jar at file:///home/***/.ivy2/jars/org.apache.spark_spark-token-provider-kafka-0-10_2.12-3.5.1.jar with timestamp 1761685583842
[2025-10-29T04:06:24.381+0700] {subprocess.py:93} INFO - 25/10/29 04:06:24 INFO Utils: Copying /home/***/.ivy2/jars/org.apache.spark_spark-token-provider-kafka-0-10_2.12-3.5.1.jar to /tmp/spark-eebd5d31-c442-4215-89f1-e3bf28b8ca6e/userFiles-d29fef64-4b86-4993-95b2-a434a55fc016/org.apache.spark_spark-token-provider-kafka-0-10_2.12-3.5.1.jar
[2025-10-29T04:06:24.386+0700] {subprocess.py:93} INFO - 25/10/29 04:06:24 INFO SparkContext: Added file file:///home/***/.ivy2/jars/org.apache.kafka_kafka-clients-3.4.1.jar at file:///home/***/.ivy2/jars/org.apache.kafka_kafka-clients-3.4.1.jar with timestamp 1761685583842
[2025-10-29T04:06:24.386+0700] {subprocess.py:93} INFO - 25/10/29 04:06:24 INFO Utils: Copying /home/***/.ivy2/jars/org.apache.kafka_kafka-clients-3.4.1.jar to /tmp/spark-eebd5d31-c442-4215-89f1-e3bf28b8ca6e/userFiles-d29fef64-4b86-4993-95b2-a434a55fc016/org.apache.kafka_kafka-clients-3.4.1.jar
[2025-10-29T04:06:24.394+0700] {subprocess.py:93} INFO - 25/10/29 04:06:24 INFO SparkContext: Added file file:///home/***/.ivy2/jars/com.google.code.findbugs_jsr305-3.0.0.jar at file:///home/***/.ivy2/jars/com.google.code.findbugs_jsr305-3.0.0.jar with timestamp 1761685583842
[2025-10-29T04:06:24.395+0700] {subprocess.py:93} INFO - 25/10/29 04:06:24 INFO Utils: Copying /home/***/.ivy2/jars/com.google.code.findbugs_jsr305-3.0.0.jar to /tmp/spark-eebd5d31-c442-4215-89f1-e3bf28b8ca6e/userFiles-d29fef64-4b86-4993-95b2-a434a55fc016/com.google.code.findbugs_jsr305-3.0.0.jar
[2025-10-29T04:06:24.399+0700] {subprocess.py:93} INFO - 25/10/29 04:06:24 INFO SparkContext: Added file file:///home/***/.ivy2/jars/org.apache.commons_commons-pool2-2.11.1.jar at file:///home/***/.ivy2/jars/org.apache.commons_commons-pool2-2.11.1.jar with timestamp 1761685583842
[2025-10-29T04:06:24.399+0700] {subprocess.py:93} INFO - 25/10/29 04:06:24 INFO Utils: Copying /home/***/.ivy2/jars/org.apache.commons_commons-pool2-2.11.1.jar to /tmp/spark-eebd5d31-c442-4215-89f1-e3bf28b8ca6e/userFiles-d29fef64-4b86-4993-95b2-a434a55fc016/org.apache.commons_commons-pool2-2.11.1.jar
[2025-10-29T04:06:24.404+0700] {subprocess.py:93} INFO - 25/10/29 04:06:24 INFO SparkContext: Added file file:///home/***/.ivy2/jars/org.apache.hadoop_hadoop-client-runtime-3.3.4.jar at file:///home/***/.ivy2/jars/org.apache.hadoop_hadoop-client-runtime-3.3.4.jar with timestamp 1761685583842
[2025-10-29T04:06:24.404+0700] {subprocess.py:93} INFO - 25/10/29 04:06:24 INFO Utils: Copying /home/***/.ivy2/jars/org.apache.hadoop_hadoop-client-runtime-3.3.4.jar to /tmp/spark-eebd5d31-c442-4215-89f1-e3bf28b8ca6e/userFiles-d29fef64-4b86-4993-95b2-a434a55fc016/org.apache.hadoop_hadoop-client-runtime-3.3.4.jar
[2025-10-29T04:06:24.426+0700] {subprocess.py:93} INFO - 25/10/29 04:06:24 INFO SparkContext: Added file file:///home/***/.ivy2/jars/org.lz4_lz4-java-1.8.0.jar at file:///home/***/.ivy2/jars/org.lz4_lz4-java-1.8.0.jar with timestamp 1761685583842
[2025-10-29T04:06:24.426+0700] {subprocess.py:93} INFO - 25/10/29 04:06:24 INFO Utils: Copying /home/***/.ivy2/jars/org.lz4_lz4-java-1.8.0.jar to /tmp/spark-eebd5d31-c442-4215-89f1-e3bf28b8ca6e/userFiles-d29fef64-4b86-4993-95b2-a434a55fc016/org.lz4_lz4-java-1.8.0.jar
[2025-10-29T04:06:24.430+0700] {subprocess.py:93} INFO - 25/10/29 04:06:24 INFO SparkContext: Added file file:///home/***/.ivy2/jars/org.xerial.snappy_snappy-java-1.1.10.3.jar at file:///home/***/.ivy2/jars/org.xerial.snappy_snappy-java-1.1.10.3.jar with timestamp 1761685583842
[2025-10-29T04:06:24.431+0700] {subprocess.py:93} INFO - 25/10/29 04:06:24 INFO Utils: Copying /home/***/.ivy2/jars/org.xerial.snappy_snappy-java-1.1.10.3.jar to /tmp/spark-eebd5d31-c442-4215-89f1-e3bf28b8ca6e/userFiles-d29fef64-4b86-4993-95b2-a434a55fc016/org.xerial.snappy_snappy-java-1.1.10.3.jar
[2025-10-29T04:06:24.435+0700] {subprocess.py:93} INFO - 25/10/29 04:06:24 INFO SparkContext: Added file file:///home/***/.ivy2/jars/org.slf4j_slf4j-api-2.0.7.jar at file:///home/***/.ivy2/jars/org.slf4j_slf4j-api-2.0.7.jar with timestamp 1761685583842
[2025-10-29T04:06:24.436+0700] {subprocess.py:93} INFO - 25/10/29 04:06:24 INFO Utils: Copying /home/***/.ivy2/jars/org.slf4j_slf4j-api-2.0.7.jar to /tmp/spark-eebd5d31-c442-4215-89f1-e3bf28b8ca6e/userFiles-d29fef64-4b86-4993-95b2-a434a55fc016/org.slf4j_slf4j-api-2.0.7.jar
[2025-10-29T04:06:24.440+0700] {subprocess.py:93} INFO - 25/10/29 04:06:24 INFO SparkContext: Added file file:///home/***/.ivy2/jars/org.apache.hadoop_hadoop-client-api-3.3.4.jar at file:///home/***/.ivy2/jars/org.apache.hadoop_hadoop-client-api-3.3.4.jar with timestamp 1761685583842
[2025-10-29T04:06:24.440+0700] {subprocess.py:93} INFO - 25/10/29 04:06:24 INFO Utils: Copying /home/***/.ivy2/jars/org.apache.hadoop_hadoop-client-api-3.3.4.jar to /tmp/spark-eebd5d31-c442-4215-89f1-e3bf28b8ca6e/userFiles-d29fef64-4b86-4993-95b2-a434a55fc016/org.apache.hadoop_hadoop-client-api-3.3.4.jar
[2025-10-29T04:06:24.453+0700] {subprocess.py:93} INFO - 25/10/29 04:06:24 INFO SparkContext: Added file file:///home/***/.ivy2/jars/commons-logging_commons-logging-1.1.3.jar at file:///home/***/.ivy2/jars/commons-logging_commons-logging-1.1.3.jar with timestamp 1761685583842
[2025-10-29T04:06:24.454+0700] {subprocess.py:93} INFO - 25/10/29 04:06:24 INFO Utils: Copying /home/***/.ivy2/jars/commons-logging_commons-logging-1.1.3.jar to /tmp/spark-eebd5d31-c442-4215-89f1-e3bf28b8ca6e/userFiles-d29fef64-4b86-4993-95b2-a434a55fc016/commons-logging_commons-logging-1.1.3.jar
[2025-10-29T04:06:24.457+0700] {subprocess.py:93} INFO - 25/10/29 04:06:24 INFO SparkContext: Added file file:///home/***/.ivy2/jars/org.checkerframework_checker-qual-3.31.0.jar at file:///home/***/.ivy2/jars/org.checkerframework_checker-qual-3.31.0.jar with timestamp 1761685583842
[2025-10-29T04:06:24.457+0700] {subprocess.py:93} INFO - 25/10/29 04:06:24 INFO Utils: Copying /home/***/.ivy2/jars/org.checkerframework_checker-qual-3.31.0.jar to /tmp/spark-eebd5d31-c442-4215-89f1-e3bf28b8ca6e/userFiles-d29fef64-4b86-4993-95b2-a434a55fc016/org.checkerframework_checker-qual-3.31.0.jar
[2025-10-29T04:06:24.502+0700] {subprocess.py:93} INFO - 25/10/29 04:06:24 INFO Executor: Starting executor ID driver on host c8122caeb8bc
[2025-10-29T04:06:24.503+0700] {subprocess.py:93} INFO - 25/10/29 04:06:24 INFO Executor: OS info Linux, 6.14.0-33-generic, amd64
[2025-10-29T04:06:24.503+0700] {subprocess.py:93} INFO - 25/10/29 04:06:24 INFO Executor: Java version 17.0.17
[2025-10-29T04:06:24.508+0700] {subprocess.py:93} INFO - 25/10/29 04:06:24 INFO Executor: Starting executor with user classpath (userClassPathFirst = false): ''
[2025-10-29T04:06:24.508+0700] {subprocess.py:93} INFO - 25/10/29 04:06:24 INFO Executor: Created or updated repl class loader org.apache.spark.util.MutableURLClassLoader@be9d6d4 for default.
[2025-10-29T04:06:24.520+0700] {subprocess.py:93} INFO - 25/10/29 04:06:24 INFO Executor: Fetching file:///home/***/.ivy2/jars/org.apache.spark_spark-sql-kafka-0-10_2.12-3.5.1.jar with timestamp 1761685583842
[2025-10-29T04:06:24.539+0700] {subprocess.py:93} INFO - 25/10/29 04:06:24 INFO Utils: /home/***/.ivy2/jars/org.apache.spark_spark-sql-kafka-0-10_2.12-3.5.1.jar has been previously copied to /tmp/spark-eebd5d31-c442-4215-89f1-e3bf28b8ca6e/userFiles-d29fef64-4b86-4993-95b2-a434a55fc016/org.apache.spark_spark-sql-kafka-0-10_2.12-3.5.1.jar
[2025-10-29T04:06:24.543+0700] {subprocess.py:93} INFO - 25/10/29 04:06:24 INFO Executor: Fetching file:///home/***/.ivy2/jars/org.apache.hadoop_hadoop-client-runtime-3.3.4.jar with timestamp 1761685583842
[2025-10-29T04:06:24.567+0700] {subprocess.py:93} INFO - 25/10/29 04:06:24 INFO Utils: /home/***/.ivy2/jars/org.apache.hadoop_hadoop-client-runtime-3.3.4.jar has been previously copied to /tmp/spark-eebd5d31-c442-4215-89f1-e3bf28b8ca6e/userFiles-d29fef64-4b86-4993-95b2-a434a55fc016/org.apache.hadoop_hadoop-client-runtime-3.3.4.jar
[2025-10-29T04:06:24.571+0700] {subprocess.py:93} INFO - 25/10/29 04:06:24 INFO Executor: Fetching file:///home/***/.ivy2/jars/org.apache.hadoop_hadoop-client-api-3.3.4.jar with timestamp 1761685583842
[2025-10-29T04:06:24.584+0700] {subprocess.py:93} INFO - 25/10/29 04:06:24 INFO Utils: /home/***/.ivy2/jars/org.apache.hadoop_hadoop-client-api-3.3.4.jar has been previously copied to /tmp/spark-eebd5d31-c442-4215-89f1-e3bf28b8ca6e/userFiles-d29fef64-4b86-4993-95b2-a434a55fc016/org.apache.hadoop_hadoop-client-api-3.3.4.jar
[2025-10-29T04:06:24.587+0700] {subprocess.py:93} INFO - 25/10/29 04:06:24 INFO Executor: Fetching file:///home/***/.ivy2/jars/org.apache.spark_spark-token-provider-kafka-0-10_2.12-3.5.1.jar with timestamp 1761685583842
[2025-10-29T04:06:24.587+0700] {subprocess.py:93} INFO - 25/10/29 04:06:24 INFO Utils: /home/***/.ivy2/jars/org.apache.spark_spark-token-provider-kafka-0-10_2.12-3.5.1.jar has been previously copied to /tmp/spark-eebd5d31-c442-4215-89f1-e3bf28b8ca6e/userFiles-d29fef64-4b86-4993-95b2-a434a55fc016/org.apache.spark_spark-token-provider-kafka-0-10_2.12-3.5.1.jar
[2025-10-29T04:06:24.590+0700] {subprocess.py:93} INFO - 25/10/29 04:06:24 INFO Executor: Fetching file:///home/***/.ivy2/jars/com.google.code.findbugs_jsr305-3.0.0.jar with timestamp 1761685583842
[2025-10-29T04:06:24.591+0700] {subprocess.py:93} INFO - 25/10/29 04:06:24 INFO Utils: /home/***/.ivy2/jars/com.google.code.findbugs_jsr305-3.0.0.jar has been previously copied to /tmp/spark-eebd5d31-c442-4215-89f1-e3bf28b8ca6e/userFiles-d29fef64-4b86-4993-95b2-a434a55fc016/com.google.code.findbugs_jsr305-3.0.0.jar
[2025-10-29T04:06:24.593+0700] {subprocess.py:93} INFO - 25/10/29 04:06:24 INFO Executor: Fetching file:///home/***/.ivy2/jars/org.lz4_lz4-java-1.8.0.jar with timestamp 1761685583842
[2025-10-29T04:06:24.594+0700] {subprocess.py:93} INFO - 25/10/29 04:06:24 INFO Utils: /home/***/.ivy2/jars/org.lz4_lz4-java-1.8.0.jar has been previously copied to /tmp/spark-eebd5d31-c442-4215-89f1-e3bf28b8ca6e/userFiles-d29fef64-4b86-4993-95b2-a434a55fc016/org.lz4_lz4-java-1.8.0.jar
[2025-10-29T04:06:24.597+0700] {subprocess.py:93} INFO - 25/10/29 04:06:24 INFO Executor: Fetching file:///home/***/.ivy2/jars/org.slf4j_slf4j-api-2.0.7.jar with timestamp 1761685583842
[2025-10-29T04:06:24.597+0700] {subprocess.py:93} INFO - 25/10/29 04:06:24 INFO Utils: /home/***/.ivy2/jars/org.slf4j_slf4j-api-2.0.7.jar has been previously copied to /tmp/spark-eebd5d31-c442-4215-89f1-e3bf28b8ca6e/userFiles-d29fef64-4b86-4993-95b2-a434a55fc016/org.slf4j_slf4j-api-2.0.7.jar
[2025-10-29T04:06:24.600+0700] {subprocess.py:93} INFO - 25/10/29 04:06:24 INFO Executor: Fetching file:///home/***/.ivy2/jars/org.checkerframework_checker-qual-3.31.0.jar with timestamp 1761685583842
[2025-10-29T04:06:24.601+0700] {subprocess.py:93} INFO - 25/10/29 04:06:24 INFO Utils: /home/***/.ivy2/jars/org.checkerframework_checker-qual-3.31.0.jar has been previously copied to /tmp/spark-eebd5d31-c442-4215-89f1-e3bf28b8ca6e/userFiles-d29fef64-4b86-4993-95b2-a434a55fc016/org.checkerframework_checker-qual-3.31.0.jar
[2025-10-29T04:06:24.603+0700] {subprocess.py:93} INFO - 25/10/29 04:06:24 INFO Executor: Fetching file:///home/***/.ivy2/jars/org.apache.commons_commons-pool2-2.11.1.jar with timestamp 1761685583842
[2025-10-29T04:06:24.604+0700] {subprocess.py:93} INFO - 25/10/29 04:06:24 INFO Utils: /home/***/.ivy2/jars/org.apache.commons_commons-pool2-2.11.1.jar has been previously copied to /tmp/spark-eebd5d31-c442-4215-89f1-e3bf28b8ca6e/userFiles-d29fef64-4b86-4993-95b2-a434a55fc016/org.apache.commons_commons-pool2-2.11.1.jar
[2025-10-29T04:06:24.607+0700] {subprocess.py:93} INFO - 25/10/29 04:06:24 INFO Executor: Fetching file:///home/***/.ivy2/jars/commons-logging_commons-logging-1.1.3.jar with timestamp 1761685583842
[2025-10-29T04:06:24.607+0700] {subprocess.py:93} INFO - 25/10/29 04:06:24 INFO Utils: /home/***/.ivy2/jars/commons-logging_commons-logging-1.1.3.jar has been previously copied to /tmp/spark-eebd5d31-c442-4215-89f1-e3bf28b8ca6e/userFiles-d29fef64-4b86-4993-95b2-a434a55fc016/commons-logging_commons-logging-1.1.3.jar
[2025-10-29T04:06:24.610+0700] {subprocess.py:93} INFO - 25/10/29 04:06:24 INFO Executor: Fetching file:///home/***/.ivy2/jars/org.xerial.snappy_snappy-java-1.1.10.3.jar with timestamp 1761685583842
[2025-10-29T04:06:24.611+0700] {subprocess.py:93} INFO - 25/10/29 04:06:24 INFO Utils: /home/***/.ivy2/jars/org.xerial.snappy_snappy-java-1.1.10.3.jar has been previously copied to /tmp/spark-eebd5d31-c442-4215-89f1-e3bf28b8ca6e/userFiles-d29fef64-4b86-4993-95b2-a434a55fc016/org.xerial.snappy_snappy-java-1.1.10.3.jar
[2025-10-29T04:06:24.614+0700] {subprocess.py:93} INFO - 25/10/29 04:06:24 INFO Executor: Fetching file:///home/***/.ivy2/jars/org.postgresql_postgresql-42.6.0.jar with timestamp 1761685583842
[2025-10-29T04:06:24.615+0700] {subprocess.py:93} INFO - 25/10/29 04:06:24 INFO Utils: /home/***/.ivy2/jars/org.postgresql_postgresql-42.6.0.jar has been previously copied to /tmp/spark-eebd5d31-c442-4215-89f1-e3bf28b8ca6e/userFiles-d29fef64-4b86-4993-95b2-a434a55fc016/org.postgresql_postgresql-42.6.0.jar
[2025-10-29T04:06:24.617+0700] {subprocess.py:93} INFO - 25/10/29 04:06:24 INFO Executor: Fetching file:///home/***/.ivy2/jars/org.apache.kafka_kafka-clients-3.4.1.jar with timestamp 1761685583842
[2025-10-29T04:06:24.621+0700] {subprocess.py:93} INFO - 25/10/29 04:06:24 INFO Utils: /home/***/.ivy2/jars/org.apache.kafka_kafka-clients-3.4.1.jar has been previously copied to /tmp/spark-eebd5d31-c442-4215-89f1-e3bf28b8ca6e/userFiles-d29fef64-4b86-4993-95b2-a434a55fc016/org.apache.kafka_kafka-clients-3.4.1.jar
[2025-10-29T04:06:24.625+0700] {subprocess.py:93} INFO - 25/10/29 04:06:24 INFO Executor: Fetching spark://c8122caeb8bc:38105/jars/org.apache.spark_spark-sql-kafka-0-10_2.12-3.5.1.jar with timestamp 1761685583842
[2025-10-29T04:06:24.647+0700] {subprocess.py:93} INFO - 25/10/29 04:06:24 INFO TransportClientFactory: Successfully created connection to c8122caeb8bc/172.18.0.8:38105 after 15 ms (0 ms spent in bootstraps)
[2025-10-29T04:06:24.650+0700] {subprocess.py:93} INFO - 25/10/29 04:06:24 INFO Utils: Fetching spark://c8122caeb8bc:38105/jars/org.apache.spark_spark-sql-kafka-0-10_2.12-3.5.1.jar to /tmp/spark-eebd5d31-c442-4215-89f1-e3bf28b8ca6e/userFiles-d29fef64-4b86-4993-95b2-a434a55fc016/fetchFileTemp14599992523627047926.tmp
[2025-10-29T04:06:24.667+0700] {subprocess.py:93} INFO - 25/10/29 04:06:24 INFO Utils: /tmp/spark-eebd5d31-c442-4215-89f1-e3bf28b8ca6e/userFiles-d29fef64-4b86-4993-95b2-a434a55fc016/fetchFileTemp14599992523627047926.tmp has been previously copied to /tmp/spark-eebd5d31-c442-4215-89f1-e3bf28b8ca6e/userFiles-d29fef64-4b86-4993-95b2-a434a55fc016/org.apache.spark_spark-sql-kafka-0-10_2.12-3.5.1.jar
[2025-10-29T04:06:24.671+0700] {subprocess.py:93} INFO - 25/10/29 04:06:24 INFO Executor: Adding file:/tmp/spark-eebd5d31-c442-4215-89f1-e3bf28b8ca6e/userFiles-d29fef64-4b86-4993-95b2-a434a55fc016/org.apache.spark_spark-sql-kafka-0-10_2.12-3.5.1.jar to class loader default
[2025-10-29T04:06:24.672+0700] {subprocess.py:93} INFO - 25/10/29 04:06:24 INFO Executor: Fetching spark://c8122caeb8bc:38105/jars/org.apache.hadoop_hadoop-client-api-3.3.4.jar with timestamp 1761685583842
[2025-10-29T04:06:24.672+0700] {subprocess.py:93} INFO - 25/10/29 04:06:24 INFO Utils: Fetching spark://c8122caeb8bc:38105/jars/org.apache.hadoop_hadoop-client-api-3.3.4.jar to /tmp/spark-eebd5d31-c442-4215-89f1-e3bf28b8ca6e/userFiles-d29fef64-4b86-4993-95b2-a434a55fc016/fetchFileTemp1653062669053876864.tmp
[2025-10-29T04:06:24.739+0700] {subprocess.py:93} INFO - 25/10/29 04:06:24 INFO Utils: /tmp/spark-eebd5d31-c442-4215-89f1-e3bf28b8ca6e/userFiles-d29fef64-4b86-4993-95b2-a434a55fc016/fetchFileTemp1653062669053876864.tmp has been previously copied to /tmp/spark-eebd5d31-c442-4215-89f1-e3bf28b8ca6e/userFiles-d29fef64-4b86-4993-95b2-a434a55fc016/org.apache.hadoop_hadoop-client-api-3.3.4.jar
[2025-10-29T04:06:24.744+0700] {subprocess.py:93} INFO - 25/10/29 04:06:24 INFO Executor: Adding file:/tmp/spark-eebd5d31-c442-4215-89f1-e3bf28b8ca6e/userFiles-d29fef64-4b86-4993-95b2-a434a55fc016/org.apache.hadoop_hadoop-client-api-3.3.4.jar to class loader default
[2025-10-29T04:06:24.744+0700] {subprocess.py:93} INFO - 25/10/29 04:06:24 INFO Executor: Fetching spark://c8122caeb8bc:38105/jars/org.xerial.snappy_snappy-java-1.1.10.3.jar with timestamp 1761685583842
[2025-10-29T04:06:24.744+0700] {subprocess.py:93} INFO - 25/10/29 04:06:24 INFO Utils: Fetching spark://c8122caeb8bc:38105/jars/org.xerial.snappy_snappy-java-1.1.10.3.jar to /tmp/spark-eebd5d31-c442-4215-89f1-e3bf28b8ca6e/userFiles-d29fef64-4b86-4993-95b2-a434a55fc016/fetchFileTemp16064928260648842050.tmp
[2025-10-29T04:06:24.749+0700] {subprocess.py:93} INFO - 25/10/29 04:06:24 INFO Utils: /tmp/spark-eebd5d31-c442-4215-89f1-e3bf28b8ca6e/userFiles-d29fef64-4b86-4993-95b2-a434a55fc016/fetchFileTemp16064928260648842050.tmp has been previously copied to /tmp/spark-eebd5d31-c442-4215-89f1-e3bf28b8ca6e/userFiles-d29fef64-4b86-4993-95b2-a434a55fc016/org.xerial.snappy_snappy-java-1.1.10.3.jar
[2025-10-29T04:06:24.755+0700] {subprocess.py:93} INFO - 25/10/29 04:06:24 INFO Executor: Adding file:/tmp/spark-eebd5d31-c442-4215-89f1-e3bf28b8ca6e/userFiles-d29fef64-4b86-4993-95b2-a434a55fc016/org.xerial.snappy_snappy-java-1.1.10.3.jar to class loader default
[2025-10-29T04:06:24.755+0700] {subprocess.py:93} INFO - 25/10/29 04:06:24 INFO Executor: Fetching spark://c8122caeb8bc:38105/jars/org.slf4j_slf4j-api-2.0.7.jar with timestamp 1761685583842
[2025-10-29T04:06:24.755+0700] {subprocess.py:93} INFO - 25/10/29 04:06:24 INFO Utils: Fetching spark://c8122caeb8bc:38105/jars/org.slf4j_slf4j-api-2.0.7.jar to /tmp/spark-eebd5d31-c442-4215-89f1-e3bf28b8ca6e/userFiles-d29fef64-4b86-4993-95b2-a434a55fc016/fetchFileTemp14103044050459215192.tmp
[2025-10-29T04:06:24.756+0700] {subprocess.py:93} INFO - 25/10/29 04:06:24 INFO Utils: /tmp/spark-eebd5d31-c442-4215-89f1-e3bf28b8ca6e/userFiles-d29fef64-4b86-4993-95b2-a434a55fc016/fetchFileTemp14103044050459215192.tmp has been previously copied to /tmp/spark-eebd5d31-c442-4215-89f1-e3bf28b8ca6e/userFiles-d29fef64-4b86-4993-95b2-a434a55fc016/org.slf4j_slf4j-api-2.0.7.jar
[2025-10-29T04:06:24.759+0700] {subprocess.py:93} INFO - 25/10/29 04:06:24 INFO Executor: Adding file:/tmp/spark-eebd5d31-c442-4215-89f1-e3bf28b8ca6e/userFiles-d29fef64-4b86-4993-95b2-a434a55fc016/org.slf4j_slf4j-api-2.0.7.jar to class loader default
[2025-10-29T04:06:24.759+0700] {subprocess.py:93} INFO - 25/10/29 04:06:24 INFO Executor: Fetching spark://c8122caeb8bc:38105/jars/com.google.code.findbugs_jsr305-3.0.0.jar with timestamp 1761685583842
[2025-10-29T04:06:24.760+0700] {subprocess.py:93} INFO - 25/10/29 04:06:24 INFO Utils: Fetching spark://c8122caeb8bc:38105/jars/com.google.code.findbugs_jsr305-3.0.0.jar to /tmp/spark-eebd5d31-c442-4215-89f1-e3bf28b8ca6e/userFiles-d29fef64-4b86-4993-95b2-a434a55fc016/fetchFileTemp1459317050633615445.tmp
[2025-10-29T04:06:24.760+0700] {subprocess.py:93} INFO - 25/10/29 04:06:24 INFO Utils: /tmp/spark-eebd5d31-c442-4215-89f1-e3bf28b8ca6e/userFiles-d29fef64-4b86-4993-95b2-a434a55fc016/fetchFileTemp1459317050633615445.tmp has been previously copied to /tmp/spark-eebd5d31-c442-4215-89f1-e3bf28b8ca6e/userFiles-d29fef64-4b86-4993-95b2-a434a55fc016/com.google.code.findbugs_jsr305-3.0.0.jar
[2025-10-29T04:06:24.763+0700] {subprocess.py:93} INFO - 25/10/29 04:06:24 INFO Executor: Adding file:/tmp/spark-eebd5d31-c442-4215-89f1-e3bf28b8ca6e/userFiles-d29fef64-4b86-4993-95b2-a434a55fc016/com.google.code.findbugs_jsr305-3.0.0.jar to class loader default
[2025-10-29T04:06:24.763+0700] {subprocess.py:93} INFO - 25/10/29 04:06:24 INFO Executor: Fetching spark://c8122caeb8bc:38105/jars/org.lz4_lz4-java-1.8.0.jar with timestamp 1761685583842
[2025-10-29T04:06:24.763+0700] {subprocess.py:93} INFO - 25/10/29 04:06:24 INFO Utils: Fetching spark://c8122caeb8bc:38105/jars/org.lz4_lz4-java-1.8.0.jar to /tmp/spark-eebd5d31-c442-4215-89f1-e3bf28b8ca6e/userFiles-d29fef64-4b86-4993-95b2-a434a55fc016/fetchFileTemp10851085093130070291.tmp
[2025-10-29T04:06:24.765+0700] {subprocess.py:93} INFO - 25/10/29 04:06:24 INFO Utils: /tmp/spark-eebd5d31-c442-4215-89f1-e3bf28b8ca6e/userFiles-d29fef64-4b86-4993-95b2-a434a55fc016/fetchFileTemp10851085093130070291.tmp has been previously copied to /tmp/spark-eebd5d31-c442-4215-89f1-e3bf28b8ca6e/userFiles-d29fef64-4b86-4993-95b2-a434a55fc016/org.lz4_lz4-java-1.8.0.jar
[2025-10-29T04:06:24.769+0700] {subprocess.py:93} INFO - 25/10/29 04:06:24 INFO Executor: Adding file:/tmp/spark-eebd5d31-c442-4215-89f1-e3bf28b8ca6e/userFiles-d29fef64-4b86-4993-95b2-a434a55fc016/org.lz4_lz4-java-1.8.0.jar to class loader default
[2025-10-29T04:06:24.769+0700] {subprocess.py:93} INFO - 25/10/29 04:06:24 INFO Executor: Fetching spark://c8122caeb8bc:38105/jars/commons-logging_commons-logging-1.1.3.jar with timestamp 1761685583842
[2025-10-29T04:06:24.770+0700] {subprocess.py:93} INFO - 25/10/29 04:06:24 INFO Utils: Fetching spark://c8122caeb8bc:38105/jars/commons-logging_commons-logging-1.1.3.jar to /tmp/spark-eebd5d31-c442-4215-89f1-e3bf28b8ca6e/userFiles-d29fef64-4b86-4993-95b2-a434a55fc016/fetchFileTemp1074278307514143945.tmp
[2025-10-29T04:06:24.770+0700] {subprocess.py:93} INFO - 25/10/29 04:06:24 INFO Utils: /tmp/spark-eebd5d31-c442-4215-89f1-e3bf28b8ca6e/userFiles-d29fef64-4b86-4993-95b2-a434a55fc016/fetchFileTemp1074278307514143945.tmp has been previously copied to /tmp/spark-eebd5d31-c442-4215-89f1-e3bf28b8ca6e/userFiles-d29fef64-4b86-4993-95b2-a434a55fc016/commons-logging_commons-logging-1.1.3.jar
[2025-10-29T04:06:24.774+0700] {subprocess.py:93} INFO - 25/10/29 04:06:24 INFO Executor: Adding file:/tmp/spark-eebd5d31-c442-4215-89f1-e3bf28b8ca6e/userFiles-d29fef64-4b86-4993-95b2-a434a55fc016/commons-logging_commons-logging-1.1.3.jar to class loader default
[2025-10-29T04:06:24.774+0700] {subprocess.py:93} INFO - 25/10/29 04:06:24 INFO Executor: Fetching spark://c8122caeb8bc:38105/jars/org.apache.hadoop_hadoop-client-runtime-3.3.4.jar with timestamp 1761685583842
[2025-10-29T04:06:24.775+0700] {subprocess.py:93} INFO - 25/10/29 04:06:24 INFO Utils: Fetching spark://c8122caeb8bc:38105/jars/org.apache.hadoop_hadoop-client-runtime-3.3.4.jar to /tmp/spark-eebd5d31-c442-4215-89f1-e3bf28b8ca6e/userFiles-d29fef64-4b86-4993-95b2-a434a55fc016/fetchFileTemp2394437722130342935.tmp
[2025-10-29T04:06:24.926+0700] {subprocess.py:93} INFO - 25/10/29 04:06:24 INFO Utils: /tmp/spark-eebd5d31-c442-4215-89f1-e3bf28b8ca6e/userFiles-d29fef64-4b86-4993-95b2-a434a55fc016/fetchFileTemp2394437722130342935.tmp has been previously copied to /tmp/spark-eebd5d31-c442-4215-89f1-e3bf28b8ca6e/userFiles-d29fef64-4b86-4993-95b2-a434a55fc016/org.apache.hadoop_hadoop-client-runtime-3.3.4.jar
[2025-10-29T04:06:24.932+0700] {subprocess.py:93} INFO - 25/10/29 04:06:24 INFO Executor: Adding file:/tmp/spark-eebd5d31-c442-4215-89f1-e3bf28b8ca6e/userFiles-d29fef64-4b86-4993-95b2-a434a55fc016/org.apache.hadoop_hadoop-client-runtime-3.3.4.jar to class loader default
[2025-10-29T04:06:24.932+0700] {subprocess.py:93} INFO - 25/10/29 04:06:24 INFO Executor: Fetching spark://c8122caeb8bc:38105/jars/org.apache.commons_commons-pool2-2.11.1.jar with timestamp 1761685583842
[2025-10-29T04:06:24.932+0700] {subprocess.py:93} INFO - 25/10/29 04:06:24 INFO Utils: Fetching spark://c8122caeb8bc:38105/jars/org.apache.commons_commons-pool2-2.11.1.jar to /tmp/spark-eebd5d31-c442-4215-89f1-e3bf28b8ca6e/userFiles-d29fef64-4b86-4993-95b2-a434a55fc016/fetchFileTemp10761284993390002293.tmp
[2025-10-29T04:06:24.933+0700] {subprocess.py:93} INFO - 25/10/29 04:06:24 INFO Utils: /tmp/spark-eebd5d31-c442-4215-89f1-e3bf28b8ca6e/userFiles-d29fef64-4b86-4993-95b2-a434a55fc016/fetchFileTemp10761284993390002293.tmp has been previously copied to /tmp/spark-eebd5d31-c442-4215-89f1-e3bf28b8ca6e/userFiles-d29fef64-4b86-4993-95b2-a434a55fc016/org.apache.commons_commons-pool2-2.11.1.jar
[2025-10-29T04:06:24.936+0700] {subprocess.py:93} INFO - 25/10/29 04:06:24 INFO Executor: Adding file:/tmp/spark-eebd5d31-c442-4215-89f1-e3bf28b8ca6e/userFiles-d29fef64-4b86-4993-95b2-a434a55fc016/org.apache.commons_commons-pool2-2.11.1.jar to class loader default
[2025-10-29T04:06:24.936+0700] {subprocess.py:93} INFO - 25/10/29 04:06:24 INFO Executor: Fetching spark://c8122caeb8bc:38105/jars/org.apache.kafka_kafka-clients-3.4.1.jar with timestamp 1761685583842
[2025-10-29T04:06:24.936+0700] {subprocess.py:93} INFO - 25/10/29 04:06:24 INFO Utils: Fetching spark://c8122caeb8bc:38105/jars/org.apache.kafka_kafka-clients-3.4.1.jar to /tmp/spark-eebd5d31-c442-4215-89f1-e3bf28b8ca6e/userFiles-d29fef64-4b86-4993-95b2-a434a55fc016/fetchFileTemp9077966885663274810.tmp
[2025-10-29T04:06:24.943+0700] {subprocess.py:93} INFO - 25/10/29 04:06:24 INFO Utils: /tmp/spark-eebd5d31-c442-4215-89f1-e3bf28b8ca6e/userFiles-d29fef64-4b86-4993-95b2-a434a55fc016/fetchFileTemp9077966885663274810.tmp has been previously copied to /tmp/spark-eebd5d31-c442-4215-89f1-e3bf28b8ca6e/userFiles-d29fef64-4b86-4993-95b2-a434a55fc016/org.apache.kafka_kafka-clients-3.4.1.jar
[2025-10-29T04:06:24.953+0700] {subprocess.py:93} INFO - 25/10/29 04:06:24 INFO Executor: Adding file:/tmp/spark-eebd5d31-c442-4215-89f1-e3bf28b8ca6e/userFiles-d29fef64-4b86-4993-95b2-a434a55fc016/org.apache.kafka_kafka-clients-3.4.1.jar to class loader default
[2025-10-29T04:06:24.953+0700] {subprocess.py:93} INFO - 25/10/29 04:06:24 INFO Executor: Fetching spark://c8122caeb8bc:38105/jars/org.postgresql_postgresql-42.6.0.jar with timestamp 1761685583842
[2025-10-29T04:06:24.953+0700] {subprocess.py:93} INFO - 25/10/29 04:06:24 INFO Utils: Fetching spark://c8122caeb8bc:38105/jars/org.postgresql_postgresql-42.6.0.jar to /tmp/spark-eebd5d31-c442-4215-89f1-e3bf28b8ca6e/userFiles-d29fef64-4b86-4993-95b2-a434a55fc016/fetchFileTemp5380896219834990098.tmp
[2025-10-29T04:06:24.955+0700] {subprocess.py:93} INFO - 25/10/29 04:06:24 INFO Utils: /tmp/spark-eebd5d31-c442-4215-89f1-e3bf28b8ca6e/userFiles-d29fef64-4b86-4993-95b2-a434a55fc016/fetchFileTemp5380896219834990098.tmp has been previously copied to /tmp/spark-eebd5d31-c442-4215-89f1-e3bf28b8ca6e/userFiles-d29fef64-4b86-4993-95b2-a434a55fc016/org.postgresql_postgresql-42.6.0.jar
[2025-10-29T04:06:24.959+0700] {subprocess.py:93} INFO - 25/10/29 04:06:24 INFO Executor: Adding file:/tmp/spark-eebd5d31-c442-4215-89f1-e3bf28b8ca6e/userFiles-d29fef64-4b86-4993-95b2-a434a55fc016/org.postgresql_postgresql-42.6.0.jar to class loader default
[2025-10-29T04:06:24.959+0700] {subprocess.py:93} INFO - 25/10/29 04:06:24 INFO Executor: Fetching spark://c8122caeb8bc:38105/jars/org.checkerframework_checker-qual-3.31.0.jar with timestamp 1761685583842
[2025-10-29T04:06:24.959+0700] {subprocess.py:93} INFO - 25/10/29 04:06:24 INFO Utils: Fetching spark://c8122caeb8bc:38105/jars/org.checkerframework_checker-qual-3.31.0.jar to /tmp/spark-eebd5d31-c442-4215-89f1-e3bf28b8ca6e/userFiles-d29fef64-4b86-4993-95b2-a434a55fc016/fetchFileTemp15008790632062737612.tmp
[2025-10-29T04:06:24.960+0700] {subprocess.py:93} INFO - 25/10/29 04:06:24 INFO Utils: /tmp/spark-eebd5d31-c442-4215-89f1-e3bf28b8ca6e/userFiles-d29fef64-4b86-4993-95b2-a434a55fc016/fetchFileTemp15008790632062737612.tmp has been previously copied to /tmp/spark-eebd5d31-c442-4215-89f1-e3bf28b8ca6e/userFiles-d29fef64-4b86-4993-95b2-a434a55fc016/org.checkerframework_checker-qual-3.31.0.jar
[2025-10-29T04:06:24.963+0700] {subprocess.py:93} INFO - 25/10/29 04:06:24 INFO Executor: Adding file:/tmp/spark-eebd5d31-c442-4215-89f1-e3bf28b8ca6e/userFiles-d29fef64-4b86-4993-95b2-a434a55fc016/org.checkerframework_checker-qual-3.31.0.jar to class loader default
[2025-10-29T04:06:24.963+0700] {subprocess.py:93} INFO - 25/10/29 04:06:24 INFO Executor: Fetching spark://c8122caeb8bc:38105/jars/org.apache.spark_spark-token-provider-kafka-0-10_2.12-3.5.1.jar with timestamp 1761685583842
[2025-10-29T04:06:24.963+0700] {subprocess.py:93} INFO - 25/10/29 04:06:24 INFO Utils: Fetching spark://c8122caeb8bc:38105/jars/org.apache.spark_spark-token-provider-kafka-0-10_2.12-3.5.1.jar to /tmp/spark-eebd5d31-c442-4215-89f1-e3bf28b8ca6e/userFiles-d29fef64-4b86-4993-95b2-a434a55fc016/fetchFileTemp14895079032606700776.tmp
[2025-10-29T04:06:24.964+0700] {subprocess.py:93} INFO - 25/10/29 04:06:24 INFO Utils: /tmp/spark-eebd5d31-c442-4215-89f1-e3bf28b8ca6e/userFiles-d29fef64-4b86-4993-95b2-a434a55fc016/fetchFileTemp14895079032606700776.tmp has been previously copied to /tmp/spark-eebd5d31-c442-4215-89f1-e3bf28b8ca6e/userFiles-d29fef64-4b86-4993-95b2-a434a55fc016/org.apache.spark_spark-token-provider-kafka-0-10_2.12-3.5.1.jar
[2025-10-29T04:06:24.966+0700] {subprocess.py:93} INFO - 25/10/29 04:06:24 INFO Executor: Adding file:/tmp/spark-eebd5d31-c442-4215-89f1-e3bf28b8ca6e/userFiles-d29fef64-4b86-4993-95b2-a434a55fc016/org.apache.spark_spark-token-provider-kafka-0-10_2.12-3.5.1.jar to class loader default
[2025-10-29T04:06:24.971+0700] {subprocess.py:93} INFO - 25/10/29 04:06:24 INFO Utils: Successfully started service 'org.apache.spark.network.netty.NettyBlockTransferService' on port 41929.
[2025-10-29T04:06:24.971+0700] {subprocess.py:93} INFO - 25/10/29 04:06:24 INFO NettyBlockTransferService: Server created on c8122caeb8bc:41929
[2025-10-29T04:06:24.972+0700] {subprocess.py:93} INFO - 25/10/29 04:06:24 INFO BlockManager: Using org.apache.spark.storage.RandomBlockReplicationPolicy for block replication policy
[2025-10-29T04:06:24.975+0700] {subprocess.py:93} INFO - 25/10/29 04:06:24 INFO BlockManagerMaster: Registering BlockManager BlockManagerId(driver, c8122caeb8bc, 41929, None)
[2025-10-29T04:06:24.976+0700] {subprocess.py:93} INFO - 25/10/29 04:06:24 INFO BlockManagerMasterEndpoint: Registering block manager c8122caeb8bc:41929 with 434.4 MiB RAM, BlockManagerId(driver, c8122caeb8bc, 41929, None)
[2025-10-29T04:06:24.978+0700] {subprocess.py:93} INFO - 25/10/29 04:06:24 INFO BlockManagerMaster: Registered BlockManager BlockManagerId(driver, c8122caeb8bc, 41929, None)
[2025-10-29T04:06:24.978+0700] {subprocess.py:93} INFO - 25/10/29 04:06:24 INFO BlockManager: Initialized BlockManager: BlockManagerId(driver, c8122caeb8bc, 41929, None)
[2025-10-29T04:06:27.369+0700] {subprocess.py:93} INFO - 25/10/29 04:06:27 WARN ResolveWriteToStream: spark.sql.adaptive.enabled is not supported in streaming DataFrames/Datasets and will be disabled.
[2025-10-29T04:06:27.472+0700] {subprocess.py:93} INFO - 🚀 Streaming job started — đang lắng nghe dữ liệu từ Kafka...
[2025-10-29T04:06:27.582+0700] {subprocess.py:93} INFO - 25/10/29 04:06:27 WARN AdminClientConfig: These configurations '[key.deserializer, value.deserializer, enable.auto.commit, max.poll.records, auto.offset.reset]' were supplied but are not used yet.
[2025-10-29T04:06:28.996+0700] {subprocess.py:93} INFO - [Batch 0] ⚠️ Không có dữ liệu mới.
[2025-10-29T04:06:31.260+0700] {subprocess.py:93} INFO - 25/10/29 04:06:31 WARN KafkaDataConsumer: KafkaDataConsumer is not running in UninterruptibleThread. It may hang when KafkaDataConsumer's methods are interrupted because of KAFKA-1894
[2025-10-29T04:06:31.911+0700] {subprocess.py:93} INFO - 25/10/29 04:06:31 WARN KafkaDataConsumer: KafkaDataConsumer is not running in UninterruptibleThread. It may hang when KafkaDataConsumer's methods are interrupted because of KAFKA-1894
[2025-10-29T04:06:35.312+0700] {subprocess.py:93} INFO - /home/***/.local/lib/python3.12/site-packages/huggingface_hub/file_download.py:942: FutureWarning: `resume_download` is deprecated and will be removed in version 1.0.0. Downloads always resume when possible. If you want to force a new download, use `force_download=True`.
[2025-10-29T04:06:35.313+0700] {subprocess.py:93} INFO -   warnings.warn(
[2025-10-29T04:09:59.361+0700] {local_task_job_runner.py:310} WARNING - State of this instance has been externally set to restarting. Terminating instance.
[2025-10-29T04:09:59.362+0700] {local_task_job_runner.py:222} INFO - ::endgroup::
[2025-10-29T04:09:59.364+0700] {process_utils.py:132} INFO - Sending 15 to group 507. PIDs of all processes in the group: [508, 509, 510, 583, 899, 902, 507]
[2025-10-29T04:09:59.364+0700] {process_utils.py:87} INFO - Sending the signal 15 to group 507
[2025-10-29T04:09:59.364+0700] {taskinstance.py:2607} ERROR - Received SIGTERM. Terminating subprocesses.
[2025-10-29T04:09:59.365+0700] {subprocess.py:104} INFO - Sending SIGTERM signal to process group
[2025-10-29T04:09:59.366+0700] {taskinstance.py:441} INFO - ::group::Post task execution logs
[2025-10-29T04:09:59.373+0700] {taskinstance.py:2890} ERROR - Task failed with exception
Traceback (most recent call last):
  File "/home/airflow/.local/lib/python3.12/site-packages/airflow/models/taskinstance.py", line 460, in _execute_task
    result = _execute_callable(context=context, **execute_callable_kwargs)
             ^^^^^^^^^^^^^^^^^^^^^^^^^^^^^^^^^^^^^^^^^^^^^^^^^^^^^^^^^^^^^
  File "/home/airflow/.local/lib/python3.12/site-packages/airflow/models/taskinstance.py", line 432, in _execute_callable
    return execute_callable(context=context, **execute_callable_kwargs)
           ^^^^^^^^^^^^^^^^^^^^^^^^^^^^^^^^^^^^^^^^^^^^^^^^^^^^^^^^^^^^
  File "/home/airflow/.local/lib/python3.12/site-packages/airflow/models/baseoperator.py", line 400, in wrapper
    return func(self, *args, **kwargs)
           ^^^^^^^^^^^^^^^^^^^^^^^^^^^
  File "/home/airflow/.local/lib/python3.12/site-packages/airflow/operators/bash.py", line 234, in execute
    result = self.subprocess_hook.run_command(
             ^^^^^^^^^^^^^^^^^^^^^^^^^^^^^^^^^
  File "/home/airflow/.local/lib/python3.12/site-packages/airflow/hooks/subprocess.py", line 91, in run_command
    for raw_line in iter(self.sub_process.stdout.readline, b""):
  File "/home/airflow/.local/lib/python3.12/site-packages/airflow/models/taskinstance.py", line 2609, in signal_handler
    raise AirflowTaskTerminated("Task received SIGTERM signal")
airflow.exceptions.AirflowTaskTerminated: Task received SIGTERM signal
[2025-10-29T04:09:59.376+0700] {taskinstance.py:1205} INFO - Marking task as UP_FOR_RETRY. dag_id=absa_streaming_lifecycle_demo1, task_id=deploy_consumer, execution_date=20251028T200000, start_date=20251028T210617, end_date=20251028T210959
[2025-10-29T04:09:59.456+0700] {process_utils.py:80} INFO - Process psutil.Process(pid=902, status='terminated', started='04:06:30') (902) terminated with exit code None
[2025-10-29T04:09:59.457+0700] {process_utils.py:80} INFO - Process psutil.Process(pid=509, status='terminated', started='04:06:17') (509) terminated with exit code None
[2025-10-29T04:09:59.483+0700] {process_utils.py:80} INFO - Process psutil.Process(pid=510, status='terminated', started='04:06:17') (510) terminated with exit code None
[2025-10-29T04:09:59.484+0700] {process_utils.py:80} INFO - Process psutil.Process(pid=899, status='terminated', started='04:06:29') (899) terminated with exit code None
[2025-10-29T04:09:59.484+0700] {process_utils.py:80} INFO - Process psutil.Process(pid=508, status='terminated', started='04:06:17') (508) terminated with exit code None
[2025-10-29T04:09:59.484+0700] {process_utils.py:80} INFO - Process psutil.Process(pid=583, status='terminated', started='04:06:19') (583) terminated with exit code None
[2025-10-29T04:09:59.484+0700] {process_utils.py:80} INFO - Process psutil.Process(pid=507, status='terminated', exitcode=2, started='04:06:16') (507) terminated with exit code 2
