[2025-10-29T04:08:14.842+0700] {local_task_job_runner.py:120} INFO - ::group::Pre task execution logs
[2025-10-29T04:08:14.856+0700] {taskinstance.py:2073} INFO - Dependencies all met for dep_context=non-requeueable deps ti=<TaskInstance: absa_streaming_lifecycle_demo1.deploy_consumer manual__2025-10-28T21:05:57.406980+00:00 [queued]>
[2025-10-29T04:08:14.861+0700] {taskinstance.py:2073} INFO - Dependencies all met for dep_context=requeueable deps ti=<TaskInstance: absa_streaming_lifecycle_demo1.deploy_consumer manual__2025-10-28T21:05:57.406980+00:00 [queued]>
[2025-10-29T04:08:14.862+0700] {taskinstance.py:2303} INFO - Starting attempt 2 of 6
[2025-10-29T04:08:14.871+0700] {taskinstance.py:2327} INFO - Executing <Task(BashOperator): deploy_consumer> on 2025-10-28 21:05:57.406980+00:00
[2025-10-29T04:08:14.881+0700] {warnings.py:110} WARNING - /home/***/.local/lib/python3.12/site-packages/***/task/task_runner/standard_task_runner.py:61: DeprecationWarning: This process (pid=1030) is multi-threaded, use of fork() may lead to deadlocks in the child.
  pid = os.fork()

[2025-10-29T04:08:14.882+0700] {standard_task_runner.py:63} INFO - Started process 1032 to run task
[2025-10-29T04:08:14.882+0700] {standard_task_runner.py:90} INFO - Running: ['***', 'tasks', 'run', 'absa_streaming_lifecycle_demo1', 'deploy_consumer', 'manual__2025-10-28T21:05:57.406980+00:00', '--job-id', '8', '--raw', '--subdir', 'DAGS_FOLDER/absa_streaming_lifecycle_dag1.py', '--cfg-path', '/tmp/tmpf13yxhvp']
[2025-10-29T04:08:14.884+0700] {standard_task_runner.py:91} INFO - Job 8: Subtask deploy_consumer
[2025-10-29T04:08:14.920+0700] {task_command.py:426} INFO - Running <TaskInstance: absa_streaming_lifecycle_demo1.deploy_consumer manual__2025-10-28T21:05:57.406980+00:00 [running]> on host c8122caeb8bc
[2025-10-29T04:08:14.997+0700] {taskinstance.py:2644} INFO - Exporting env vars: AIRFLOW_CTX_DAG_OWNER='***' AIRFLOW_CTX_DAG_ID='absa_streaming_lifecycle_demo1' AIRFLOW_CTX_TASK_ID='deploy_consumer' AIRFLOW_CTX_EXECUTION_DATE='2025-10-28T21:05:57.406980+00:00' AIRFLOW_CTX_TRY_NUMBER='2' AIRFLOW_CTX_DAG_RUN_ID='manual__2025-10-28T21:05:57.406980+00:00'
[2025-10-29T04:08:14.999+0700] {taskinstance.py:430} INFO - ::endgroup::
[2025-10-29T04:08:15.000+0700] {subprocess.py:63} INFO - Tmp dir root location: /tmp
[2025-10-29T04:08:15.000+0700] {subprocess.py:75} INFO - Running command: ['/usr/bin/bash', '-c', 'bash -c "timeout 45m /opt/***/projects/absa_streaming/scripts/run_consumer.sh"']
[2025-10-29T04:08:15.017+0700] {subprocess.py:86} INFO - Output:
[2025-10-29T04:08:15.023+0700] {subprocess.py:93} INFO - [Consumer] Starting Spark Structured Streaming job...
[2025-10-29T04:08:15.061+0700] {subprocess.py:93} INFO - /home/***/.local/lib/python3.12/site-packages/pyspark/bin/load-spark-env.sh: line 68: ps: command not found
[2025-10-29T04:08:16.331+0700] {subprocess.py:93} INFO - :: loading settings :: url = jar:file:/home/***/.local/lib/python3.12/site-packages/pyspark/jars/ivy-2.5.1.jar!/org/apache/ivy/core/settings/ivysettings.xml
[2025-10-29T04:08:16.397+0700] {subprocess.py:93} INFO - Ivy Default Cache set to: /home/***/.ivy2/cache
[2025-10-29T04:08:16.397+0700] {subprocess.py:93} INFO - The jars for the packages stored in: /home/***/.ivy2/jars
[2025-10-29T04:08:16.400+0700] {subprocess.py:93} INFO - org.apache.spark#spark-sql-kafka-0-10_2.12 added as a dependency
[2025-10-29T04:08:16.401+0700] {subprocess.py:93} INFO - org.postgresql#postgresql added as a dependency
[2025-10-29T04:08:16.401+0700] {subprocess.py:93} INFO - :: resolving dependencies :: org.apache.spark#spark-submit-parent-c4f22a1c-e66e-4589-8f34-bcbbccbf9546;1.0
[2025-10-29T04:08:16.401+0700] {subprocess.py:93} INFO - 	confs: [default]
[2025-10-29T04:08:16.518+0700] {subprocess.py:93} INFO - 	found org.apache.spark#spark-sql-kafka-0-10_2.12;3.5.1 in central
[2025-10-29T04:08:16.558+0700] {subprocess.py:93} INFO - 	found org.apache.spark#spark-token-provider-kafka-0-10_2.12;3.5.1 in central
[2025-10-29T04:08:16.576+0700] {subprocess.py:93} INFO - 	found org.apache.kafka#kafka-clients;3.4.1 in central
[2025-10-29T04:08:16.593+0700] {subprocess.py:93} INFO - 	found org.lz4#lz4-java;1.8.0 in central
[2025-10-29T04:08:16.608+0700] {subprocess.py:93} INFO - 	found org.xerial.snappy#snappy-java;1.1.10.3 in central
[2025-10-29T04:08:16.622+0700] {subprocess.py:93} INFO - 	found org.slf4j#slf4j-api;2.0.7 in central
[2025-10-29T04:08:16.640+0700] {subprocess.py:93} INFO - 	found org.apache.hadoop#hadoop-client-runtime;3.3.4 in central
[2025-10-29T04:08:16.662+0700] {subprocess.py:93} INFO - 	found org.apache.hadoop#hadoop-client-api;3.3.4 in central
[2025-10-29T04:08:16.679+0700] {subprocess.py:93} INFO - 	found commons-logging#commons-logging;1.1.3 in central
[2025-10-29T04:08:16.690+0700] {subprocess.py:93} INFO - 	found com.google.code.findbugs#jsr305;3.0.0 in central
[2025-10-29T04:08:16.701+0700] {subprocess.py:93} INFO - 	found org.apache.commons#commons-pool2;2.11.1 in central
[2025-10-29T04:08:16.710+0700] {subprocess.py:93} INFO - 	found org.postgresql#postgresql;42.6.0 in central
[2025-10-29T04:08:16.718+0700] {subprocess.py:93} INFO - 	found org.checkerframework#checker-qual;3.31.0 in central
[2025-10-29T04:08:16.740+0700] {subprocess.py:93} INFO - :: resolution report :: resolve 327ms :: artifacts dl 12ms
[2025-10-29T04:08:16.740+0700] {subprocess.py:93} INFO - 	:: modules in use:
[2025-10-29T04:08:16.740+0700] {subprocess.py:93} INFO - 	com.google.code.findbugs#jsr305;3.0.0 from central in [default]
[2025-10-29T04:08:16.741+0700] {subprocess.py:93} INFO - 	commons-logging#commons-logging;1.1.3 from central in [default]
[2025-10-29T04:08:16.741+0700] {subprocess.py:93} INFO - 	org.apache.commons#commons-pool2;2.11.1 from central in [default]
[2025-10-29T04:08:16.741+0700] {subprocess.py:93} INFO - 	org.apache.hadoop#hadoop-client-api;3.3.4 from central in [default]
[2025-10-29T04:08:16.741+0700] {subprocess.py:93} INFO - 	org.apache.hadoop#hadoop-client-runtime;3.3.4 from central in [default]
[2025-10-29T04:08:16.741+0700] {subprocess.py:93} INFO - 	org.apache.kafka#kafka-clients;3.4.1 from central in [default]
[2025-10-29T04:08:16.741+0700] {subprocess.py:93} INFO - 	org.apache.spark#spark-sql-kafka-0-10_2.12;3.5.1 from central in [default]
[2025-10-29T04:08:16.741+0700] {subprocess.py:93} INFO - 	org.apache.spark#spark-token-provider-kafka-0-10_2.12;3.5.1 from central in [default]
[2025-10-29T04:08:16.741+0700] {subprocess.py:93} INFO - 	org.checkerframework#checker-qual;3.31.0 from central in [default]
[2025-10-29T04:08:16.742+0700] {subprocess.py:93} INFO - 	org.lz4#lz4-java;1.8.0 from central in [default]
[2025-10-29T04:08:16.742+0700] {subprocess.py:93} INFO - 	org.postgresql#postgresql;42.6.0 from central in [default]
[2025-10-29T04:08:16.742+0700] {subprocess.py:93} INFO - 	org.slf4j#slf4j-api;2.0.7 from central in [default]
[2025-10-29T04:08:16.742+0700] {subprocess.py:93} INFO - 	org.xerial.snappy#snappy-java;1.1.10.3 from central in [default]
[2025-10-29T04:08:16.742+0700] {subprocess.py:93} INFO - 	---------------------------------------------------------------------
[2025-10-29T04:08:16.743+0700] {subprocess.py:93} INFO - 	|                  |            modules            ||   artifacts   |
[2025-10-29T04:08:16.743+0700] {subprocess.py:93} INFO - 	|       conf       | number| search|dwnlded|evicted|| number|dwnlded|
[2025-10-29T04:08:16.743+0700] {subprocess.py:93} INFO - 	---------------------------------------------------------------------
[2025-10-29T04:08:16.743+0700] {subprocess.py:93} INFO - 	|      default     |   13  |   0   |   0   |   0   ||   13  |   0   |
[2025-10-29T04:08:16.743+0700] {subprocess.py:93} INFO - 	---------------------------------------------------------------------
[2025-10-29T04:08:16.745+0700] {subprocess.py:93} INFO - :: retrieving :: org.apache.spark#spark-submit-parent-c4f22a1c-e66e-4589-8f34-bcbbccbf9546
[2025-10-29T04:08:16.745+0700] {subprocess.py:93} INFO - 	confs: [default]
[2025-10-29T04:08:16.750+0700] {subprocess.py:93} INFO - 	0 artifacts copied, 13 already retrieved (0kB/5ms)
[2025-10-29T04:08:16.932+0700] {subprocess.py:93} INFO - 25/10/29 04:08:16 WARN NativeCodeLoader: Unable to load native-hadoop library for your platform... using builtin-java classes where applicable
[2025-10-29T04:08:20.707+0700] {subprocess.py:93} INFO - 25/10/29 04:08:20 INFO SparkContext: Running Spark version 3.5.1
[2025-10-29T04:08:20.708+0700] {subprocess.py:93} INFO - 25/10/29 04:08:20 INFO SparkContext: OS info Linux, 6.14.0-33-generic, amd64
[2025-10-29T04:08:20.708+0700] {subprocess.py:93} INFO - 25/10/29 04:08:20 INFO SparkContext: Java version 17.0.17
[2025-10-29T04:08:20.723+0700] {subprocess.py:93} INFO - 25/10/29 04:08:20 INFO ResourceUtils: ==============================================================
[2025-10-29T04:08:20.723+0700] {subprocess.py:93} INFO - 25/10/29 04:08:20 INFO ResourceUtils: No custom resources configured for spark.driver.
[2025-10-29T04:08:20.723+0700] {subprocess.py:93} INFO - 25/10/29 04:08:20 INFO ResourceUtils: ==============================================================
[2025-10-29T04:08:20.724+0700] {subprocess.py:93} INFO - 25/10/29 04:08:20 INFO SparkContext: Submitted application: Kafka_ABSA_Postgres
[2025-10-29T04:08:20.739+0700] {subprocess.py:93} INFO - 25/10/29 04:08:20 INFO ResourceProfile: Default ResourceProfile created, executor resources: Map(cores -> name: cores, amount: 1, script: , vendor: , memory -> name: memory, amount: 1024, script: , vendor: , offHeap -> name: offHeap, amount: 0, script: , vendor: ), task resources: Map(cpus -> name: cpus, amount: 1.0)
[2025-10-29T04:08:20.744+0700] {subprocess.py:93} INFO - 25/10/29 04:08:20 INFO ResourceProfile: Limiting resource is cpu
[2025-10-29T04:08:20.744+0700] {subprocess.py:93} INFO - 25/10/29 04:08:20 INFO ResourceProfileManager: Added ResourceProfile id: 0
[2025-10-29T04:08:20.785+0700] {subprocess.py:93} INFO - 25/10/29 04:08:20 INFO SecurityManager: Changing view acls to: default
[2025-10-29T04:08:20.785+0700] {subprocess.py:93} INFO - 25/10/29 04:08:20 INFO SecurityManager: Changing modify acls to: default
[2025-10-29T04:08:20.786+0700] {subprocess.py:93} INFO - 25/10/29 04:08:20 INFO SecurityManager: Changing view acls groups to:
[2025-10-29T04:08:20.786+0700] {subprocess.py:93} INFO - 25/10/29 04:08:20 INFO SecurityManager: Changing modify acls groups to:
[2025-10-29T04:08:20.786+0700] {subprocess.py:93} INFO - 25/10/29 04:08:20 INFO SecurityManager: SecurityManager: authentication disabled; ui acls disabled; users with view permissions: default; groups with view permissions: EMPTY; users with modify permissions: default; groups with modify permissions: EMPTY
[2025-10-29T04:08:20.970+0700] {subprocess.py:93} INFO - 25/10/29 04:08:20 INFO Utils: Successfully started service 'sparkDriver' on port 42307.
[2025-10-29T04:08:20.999+0700] {subprocess.py:93} INFO - 25/10/29 04:08:20 INFO SparkEnv: Registering MapOutputTracker
[2025-10-29T04:08:21.033+0700] {subprocess.py:93} INFO - 25/10/29 04:08:21 INFO SparkEnv: Registering BlockManagerMaster
[2025-10-29T04:08:21.049+0700] {subprocess.py:93} INFO - 25/10/29 04:08:21 INFO BlockManagerMasterEndpoint: Using org.apache.spark.storage.DefaultTopologyMapper for getting topology information
[2025-10-29T04:08:21.049+0700] {subprocess.py:93} INFO - 25/10/29 04:08:21 INFO BlockManagerMasterEndpoint: BlockManagerMasterEndpoint up
[2025-10-29T04:08:21.052+0700] {subprocess.py:93} INFO - 25/10/29 04:08:21 INFO SparkEnv: Registering BlockManagerMasterHeartbeat
[2025-10-29T04:08:21.075+0700] {subprocess.py:93} INFO - 25/10/29 04:08:21 INFO DiskBlockManager: Created local directory at /tmp/blockmgr-7126d220-e0a6-435b-934b-df790993ddde
[2025-10-29T04:08:21.087+0700] {subprocess.py:93} INFO - 25/10/29 04:08:21 INFO MemoryStore: MemoryStore started with capacity 434.4 MiB
[2025-10-29T04:08:21.097+0700] {subprocess.py:93} INFO - 25/10/29 04:08:21 INFO SparkEnv: Registering OutputCommitCoordinator
[2025-10-29T04:08:21.216+0700] {subprocess.py:93} INFO - 25/10/29 04:08:21 INFO JettyUtils: Start Jetty 0.0.0.0:4040 for SparkUI
[2025-10-29T04:08:21.268+0700] {subprocess.py:93} INFO - 25/10/29 04:08:21 WARN Utils: Service 'SparkUI' could not bind on port 4040. Attempting port 4041.
[2025-10-29T04:08:21.274+0700] {subprocess.py:93} INFO - 25/10/29 04:08:21 INFO Utils: Successfully started service 'SparkUI' on port 4041.
[2025-10-29T04:08:21.303+0700] {subprocess.py:93} INFO - 25/10/29 04:08:21 INFO SparkContext: Added JAR file:///home/***/.ivy2/jars/org.apache.spark_spark-sql-kafka-0-10_2.12-3.5.1.jar at spark://c8122caeb8bc:42307/jars/org.apache.spark_spark-sql-kafka-0-10_2.12-3.5.1.jar with timestamp 1761685700701
[2025-10-29T04:08:21.303+0700] {subprocess.py:93} INFO - 25/10/29 04:08:21 INFO SparkContext: Added JAR file:///home/***/.ivy2/jars/org.postgresql_postgresql-42.6.0.jar at spark://c8122caeb8bc:42307/jars/org.postgresql_postgresql-42.6.0.jar with timestamp 1761685700701
[2025-10-29T04:08:21.303+0700] {subprocess.py:93} INFO - 25/10/29 04:08:21 INFO SparkContext: Added JAR file:///home/***/.ivy2/jars/org.apache.spark_spark-token-provider-kafka-0-10_2.12-3.5.1.jar at spark://c8122caeb8bc:42307/jars/org.apache.spark_spark-token-provider-kafka-0-10_2.12-3.5.1.jar with timestamp 1761685700701
[2025-10-29T04:08:21.304+0700] {subprocess.py:93} INFO - 25/10/29 04:08:21 INFO SparkContext: Added JAR file:///home/***/.ivy2/jars/org.apache.kafka_kafka-clients-3.4.1.jar at spark://c8122caeb8bc:42307/jars/org.apache.kafka_kafka-clients-3.4.1.jar with timestamp 1761685700701
[2025-10-29T04:08:21.304+0700] {subprocess.py:93} INFO - 25/10/29 04:08:21 INFO SparkContext: Added JAR file:///home/***/.ivy2/jars/com.google.code.findbugs_jsr305-3.0.0.jar at spark://c8122caeb8bc:42307/jars/com.google.code.findbugs_jsr305-3.0.0.jar with timestamp 1761685700701
[2025-10-29T04:08:21.304+0700] {subprocess.py:93} INFO - 25/10/29 04:08:21 INFO SparkContext: Added JAR file:///home/***/.ivy2/jars/org.apache.commons_commons-pool2-2.11.1.jar at spark://c8122caeb8bc:42307/jars/org.apache.commons_commons-pool2-2.11.1.jar with timestamp 1761685700701
[2025-10-29T04:08:21.304+0700] {subprocess.py:93} INFO - 25/10/29 04:08:21 INFO SparkContext: Added JAR file:///home/***/.ivy2/jars/org.apache.hadoop_hadoop-client-runtime-3.3.4.jar at spark://c8122caeb8bc:42307/jars/org.apache.hadoop_hadoop-client-runtime-3.3.4.jar with timestamp 1761685700701
[2025-10-29T04:08:21.304+0700] {subprocess.py:93} INFO - 25/10/29 04:08:21 INFO SparkContext: Added JAR file:///home/***/.ivy2/jars/org.lz4_lz4-java-1.8.0.jar at spark://c8122caeb8bc:42307/jars/org.lz4_lz4-java-1.8.0.jar with timestamp 1761685700701
[2025-10-29T04:08:21.305+0700] {subprocess.py:93} INFO - 25/10/29 04:08:21 INFO SparkContext: Added JAR file:///home/***/.ivy2/jars/org.xerial.snappy_snappy-java-1.1.10.3.jar at spark://c8122caeb8bc:42307/jars/org.xerial.snappy_snappy-java-1.1.10.3.jar with timestamp 1761685700701
[2025-10-29T04:08:21.305+0700] {subprocess.py:93} INFO - 25/10/29 04:08:21 INFO SparkContext: Added JAR file:///home/***/.ivy2/jars/org.slf4j_slf4j-api-2.0.7.jar at spark://c8122caeb8bc:42307/jars/org.slf4j_slf4j-api-2.0.7.jar with timestamp 1761685700701
[2025-10-29T04:08:21.305+0700] {subprocess.py:93} INFO - 25/10/29 04:08:21 INFO SparkContext: Added JAR file:///home/***/.ivy2/jars/org.apache.hadoop_hadoop-client-api-3.3.4.jar at spark://c8122caeb8bc:42307/jars/org.apache.hadoop_hadoop-client-api-3.3.4.jar with timestamp 1761685700701
[2025-10-29T04:08:21.305+0700] {subprocess.py:93} INFO - 25/10/29 04:08:21 INFO SparkContext: Added JAR file:///home/***/.ivy2/jars/commons-logging_commons-logging-1.1.3.jar at spark://c8122caeb8bc:42307/jars/commons-logging_commons-logging-1.1.3.jar with timestamp 1761685700701
[2025-10-29T04:08:21.305+0700] {subprocess.py:93} INFO - 25/10/29 04:08:21 INFO SparkContext: Added JAR file:///home/***/.ivy2/jars/org.checkerframework_checker-qual-3.31.0.jar at spark://c8122caeb8bc:42307/jars/org.checkerframework_checker-qual-3.31.0.jar with timestamp 1761685700701
[2025-10-29T04:08:21.306+0700] {subprocess.py:93} INFO - 25/10/29 04:08:21 INFO SparkContext: Added file file:///home/***/.ivy2/jars/org.apache.spark_spark-sql-kafka-0-10_2.12-3.5.1.jar at file:///home/***/.ivy2/jars/org.apache.spark_spark-sql-kafka-0-10_2.12-3.5.1.jar with timestamp 1761685700701
[2025-10-29T04:08:21.307+0700] {subprocess.py:93} INFO - 25/10/29 04:08:21 INFO Utils: Copying /home/***/.ivy2/jars/org.apache.spark_spark-sql-kafka-0-10_2.12-3.5.1.jar to /tmp/spark-4970cb01-5f4e-47ca-9542-809dd78fd16e/userFiles-44bb804f-9534-49a8-ac92-d70526a1aa0a/org.apache.spark_spark-sql-kafka-0-10_2.12-3.5.1.jar
[2025-10-29T04:08:21.320+0700] {subprocess.py:93} INFO - 25/10/29 04:08:21 INFO SparkContext: Added file file:///home/***/.ivy2/jars/org.postgresql_postgresql-42.6.0.jar at file:///home/***/.ivy2/jars/org.postgresql_postgresql-42.6.0.jar with timestamp 1761685700701
[2025-10-29T04:08:21.320+0700] {subprocess.py:93} INFO - 25/10/29 04:08:21 INFO Utils: Copying /home/***/.ivy2/jars/org.postgresql_postgresql-42.6.0.jar to /tmp/spark-4970cb01-5f4e-47ca-9542-809dd78fd16e/userFiles-44bb804f-9534-49a8-ac92-d70526a1aa0a/org.postgresql_postgresql-42.6.0.jar
[2025-10-29T04:08:21.324+0700] {subprocess.py:93} INFO - 25/10/29 04:08:21 INFO SparkContext: Added file file:///home/***/.ivy2/jars/org.apache.spark_spark-token-provider-kafka-0-10_2.12-3.5.1.jar at file:///home/***/.ivy2/jars/org.apache.spark_spark-token-provider-kafka-0-10_2.12-3.5.1.jar with timestamp 1761685700701
[2025-10-29T04:08:21.324+0700] {subprocess.py:93} INFO - 25/10/29 04:08:21 INFO Utils: Copying /home/***/.ivy2/jars/org.apache.spark_spark-token-provider-kafka-0-10_2.12-3.5.1.jar to /tmp/spark-4970cb01-5f4e-47ca-9542-809dd78fd16e/userFiles-44bb804f-9534-49a8-ac92-d70526a1aa0a/org.apache.spark_spark-token-provider-kafka-0-10_2.12-3.5.1.jar
[2025-10-29T04:08:21.328+0700] {subprocess.py:93} INFO - 25/10/29 04:08:21 INFO SparkContext: Added file file:///home/***/.ivy2/jars/org.apache.kafka_kafka-clients-3.4.1.jar at file:///home/***/.ivy2/jars/org.apache.kafka_kafka-clients-3.4.1.jar with timestamp 1761685700701
[2025-10-29T04:08:21.328+0700] {subprocess.py:93} INFO - 25/10/29 04:08:21 INFO Utils: Copying /home/***/.ivy2/jars/org.apache.kafka_kafka-clients-3.4.1.jar to /tmp/spark-4970cb01-5f4e-47ca-9542-809dd78fd16e/userFiles-44bb804f-9534-49a8-ac92-d70526a1aa0a/org.apache.kafka_kafka-clients-3.4.1.jar
[2025-10-29T04:08:21.347+0700] {subprocess.py:93} INFO - 25/10/29 04:08:21 INFO SparkContext: Added file file:///home/***/.ivy2/jars/com.google.code.findbugs_jsr305-3.0.0.jar at file:///home/***/.ivy2/jars/com.google.code.findbugs_jsr305-3.0.0.jar with timestamp 1761685700701
[2025-10-29T04:08:21.347+0700] {subprocess.py:93} INFO - 25/10/29 04:08:21 INFO Utils: Copying /home/***/.ivy2/jars/com.google.code.findbugs_jsr305-3.0.0.jar to /tmp/spark-4970cb01-5f4e-47ca-9542-809dd78fd16e/userFiles-44bb804f-9534-49a8-ac92-d70526a1aa0a/com.google.code.findbugs_jsr305-3.0.0.jar
[2025-10-29T04:08:21.350+0700] {subprocess.py:93} INFO - 25/10/29 04:08:21 INFO SparkContext: Added file file:///home/***/.ivy2/jars/org.apache.commons_commons-pool2-2.11.1.jar at file:///home/***/.ivy2/jars/org.apache.commons_commons-pool2-2.11.1.jar with timestamp 1761685700701
[2025-10-29T04:08:21.350+0700] {subprocess.py:93} INFO - 25/10/29 04:08:21 INFO Utils: Copying /home/***/.ivy2/jars/org.apache.commons_commons-pool2-2.11.1.jar to /tmp/spark-4970cb01-5f4e-47ca-9542-809dd78fd16e/userFiles-44bb804f-9534-49a8-ac92-d70526a1aa0a/org.apache.commons_commons-pool2-2.11.1.jar
[2025-10-29T04:08:21.354+0700] {subprocess.py:93} INFO - 25/10/29 04:08:21 INFO SparkContext: Added file file:///home/***/.ivy2/jars/org.apache.hadoop_hadoop-client-runtime-3.3.4.jar at file:///home/***/.ivy2/jars/org.apache.hadoop_hadoop-client-runtime-3.3.4.jar with timestamp 1761685700701
[2025-10-29T04:08:21.354+0700] {subprocess.py:93} INFO - 25/10/29 04:08:21 INFO Utils: Copying /home/***/.ivy2/jars/org.apache.hadoop_hadoop-client-runtime-3.3.4.jar to /tmp/spark-4970cb01-5f4e-47ca-9542-809dd78fd16e/userFiles-44bb804f-9534-49a8-ac92-d70526a1aa0a/org.apache.hadoop_hadoop-client-runtime-3.3.4.jar
[2025-10-29T04:08:21.419+0700] {subprocess.py:93} INFO - 25/10/29 04:08:21 INFO SparkContext: Added file file:///home/***/.ivy2/jars/org.lz4_lz4-java-1.8.0.jar at file:///home/***/.ivy2/jars/org.lz4_lz4-java-1.8.0.jar with timestamp 1761685700701
[2025-10-29T04:08:21.419+0700] {subprocess.py:93} INFO - 25/10/29 04:08:21 INFO Utils: Copying /home/***/.ivy2/jars/org.lz4_lz4-java-1.8.0.jar to /tmp/spark-4970cb01-5f4e-47ca-9542-809dd78fd16e/userFiles-44bb804f-9534-49a8-ac92-d70526a1aa0a/org.lz4_lz4-java-1.8.0.jar
[2025-10-29T04:08:21.423+0700] {subprocess.py:93} INFO - 25/10/29 04:08:21 INFO SparkContext: Added file file:///home/***/.ivy2/jars/org.xerial.snappy_snappy-java-1.1.10.3.jar at file:///home/***/.ivy2/jars/org.xerial.snappy_snappy-java-1.1.10.3.jar with timestamp 1761685700701
[2025-10-29T04:08:21.423+0700] {subprocess.py:93} INFO - 25/10/29 04:08:21 INFO Utils: Copying /home/***/.ivy2/jars/org.xerial.snappy_snappy-java-1.1.10.3.jar to /tmp/spark-4970cb01-5f4e-47ca-9542-809dd78fd16e/userFiles-44bb804f-9534-49a8-ac92-d70526a1aa0a/org.xerial.snappy_snappy-java-1.1.10.3.jar
[2025-10-29T04:08:21.428+0700] {subprocess.py:93} INFO - 25/10/29 04:08:21 INFO SparkContext: Added file file:///home/***/.ivy2/jars/org.slf4j_slf4j-api-2.0.7.jar at file:///home/***/.ivy2/jars/org.slf4j_slf4j-api-2.0.7.jar with timestamp 1761685700701
[2025-10-29T04:08:21.428+0700] {subprocess.py:93} INFO - 25/10/29 04:08:21 INFO Utils: Copying /home/***/.ivy2/jars/org.slf4j_slf4j-api-2.0.7.jar to /tmp/spark-4970cb01-5f4e-47ca-9542-809dd78fd16e/userFiles-44bb804f-9534-49a8-ac92-d70526a1aa0a/org.slf4j_slf4j-api-2.0.7.jar
[2025-10-29T04:08:21.432+0700] {subprocess.py:93} INFO - 25/10/29 04:08:21 INFO SparkContext: Added file file:///home/***/.ivy2/jars/org.apache.hadoop_hadoop-client-api-3.3.4.jar at file:///home/***/.ivy2/jars/org.apache.hadoop_hadoop-client-api-3.3.4.jar with timestamp 1761685700701
[2025-10-29T04:08:21.432+0700] {subprocess.py:93} INFO - 25/10/29 04:08:21 INFO Utils: Copying /home/***/.ivy2/jars/org.apache.hadoop_hadoop-client-api-3.3.4.jar to /tmp/spark-4970cb01-5f4e-47ca-9542-809dd78fd16e/userFiles-44bb804f-9534-49a8-ac92-d70526a1aa0a/org.apache.hadoop_hadoop-client-api-3.3.4.jar
[2025-10-29T04:08:21.444+0700] {subprocess.py:93} INFO - 25/10/29 04:08:21 INFO SparkContext: Added file file:///home/***/.ivy2/jars/commons-logging_commons-logging-1.1.3.jar at file:///home/***/.ivy2/jars/commons-logging_commons-logging-1.1.3.jar with timestamp 1761685700701
[2025-10-29T04:08:21.444+0700] {subprocess.py:93} INFO - 25/10/29 04:08:21 INFO Utils: Copying /home/***/.ivy2/jars/commons-logging_commons-logging-1.1.3.jar to /tmp/spark-4970cb01-5f4e-47ca-9542-809dd78fd16e/userFiles-44bb804f-9534-49a8-ac92-d70526a1aa0a/commons-logging_commons-logging-1.1.3.jar
[2025-10-29T04:08:21.447+0700] {subprocess.py:93} INFO - 25/10/29 04:08:21 INFO SparkContext: Added file file:///home/***/.ivy2/jars/org.checkerframework_checker-qual-3.31.0.jar at file:///home/***/.ivy2/jars/org.checkerframework_checker-qual-3.31.0.jar with timestamp 1761685700701
[2025-10-29T04:08:21.447+0700] {subprocess.py:93} INFO - 25/10/29 04:08:21 INFO Utils: Copying /home/***/.ivy2/jars/org.checkerframework_checker-qual-3.31.0.jar to /tmp/spark-4970cb01-5f4e-47ca-9542-809dd78fd16e/userFiles-44bb804f-9534-49a8-ac92-d70526a1aa0a/org.checkerframework_checker-qual-3.31.0.jar
[2025-10-29T04:08:21.502+0700] {subprocess.py:93} INFO - 25/10/29 04:08:21 INFO Executor: Starting executor ID driver on host c8122caeb8bc
[2025-10-29T04:08:21.503+0700] {subprocess.py:93} INFO - 25/10/29 04:08:21 INFO Executor: OS info Linux, 6.14.0-33-generic, amd64
[2025-10-29T04:08:21.503+0700] {subprocess.py:93} INFO - 25/10/29 04:08:21 INFO Executor: Java version 17.0.17
[2025-10-29T04:08:21.508+0700] {subprocess.py:93} INFO - 25/10/29 04:08:21 INFO Executor: Starting executor with user classpath (userClassPathFirst = false): ''
[2025-10-29T04:08:21.509+0700] {subprocess.py:93} INFO - 25/10/29 04:08:21 INFO Executor: Created or updated repl class loader org.apache.spark.util.MutableURLClassLoader@74bfde7 for default.
[2025-10-29T04:08:21.517+0700] {subprocess.py:93} INFO - 25/10/29 04:08:21 INFO Executor: Fetching file:///home/***/.ivy2/jars/org.apache.spark_spark-sql-kafka-0-10_2.12-3.5.1.jar with timestamp 1761685700701
[2025-10-29T04:08:21.536+0700] {subprocess.py:93} INFO - 25/10/29 04:08:21 INFO Utils: /home/***/.ivy2/jars/org.apache.spark_spark-sql-kafka-0-10_2.12-3.5.1.jar has been previously copied to /tmp/spark-4970cb01-5f4e-47ca-9542-809dd78fd16e/userFiles-44bb804f-9534-49a8-ac92-d70526a1aa0a/org.apache.spark_spark-sql-kafka-0-10_2.12-3.5.1.jar
[2025-10-29T04:08:21.540+0700] {subprocess.py:93} INFO - 25/10/29 04:08:21 INFO Executor: Fetching file:///home/***/.ivy2/jars/org.apache.hadoop_hadoop-client-runtime-3.3.4.jar with timestamp 1761685700701
[2025-10-29T04:08:21.559+0700] {subprocess.py:93} INFO - 25/10/29 04:08:21 INFO Utils: /home/***/.ivy2/jars/org.apache.hadoop_hadoop-client-runtime-3.3.4.jar has been previously copied to /tmp/spark-4970cb01-5f4e-47ca-9542-809dd78fd16e/userFiles-44bb804f-9534-49a8-ac92-d70526a1aa0a/org.apache.hadoop_hadoop-client-runtime-3.3.4.jar
[2025-10-29T04:08:21.563+0700] {subprocess.py:93} INFO - 25/10/29 04:08:21 INFO Executor: Fetching file:///home/***/.ivy2/jars/org.apache.hadoop_hadoop-client-api-3.3.4.jar with timestamp 1761685700701
[2025-10-29T04:08:21.576+0700] {subprocess.py:93} INFO - 25/10/29 04:08:21 INFO Utils: /home/***/.ivy2/jars/org.apache.hadoop_hadoop-client-api-3.3.4.jar has been previously copied to /tmp/spark-4970cb01-5f4e-47ca-9542-809dd78fd16e/userFiles-44bb804f-9534-49a8-ac92-d70526a1aa0a/org.apache.hadoop_hadoop-client-api-3.3.4.jar
[2025-10-29T04:08:21.582+0700] {subprocess.py:93} INFO - 25/10/29 04:08:21 INFO Executor: Fetching file:///home/***/.ivy2/jars/org.apache.spark_spark-token-provider-kafka-0-10_2.12-3.5.1.jar with timestamp 1761685700701
[2025-10-29T04:08:21.582+0700] {subprocess.py:93} INFO - 25/10/29 04:08:21 INFO Utils: /home/***/.ivy2/jars/org.apache.spark_spark-token-provider-kafka-0-10_2.12-3.5.1.jar has been previously copied to /tmp/spark-4970cb01-5f4e-47ca-9542-809dd78fd16e/userFiles-44bb804f-9534-49a8-ac92-d70526a1aa0a/org.apache.spark_spark-token-provider-kafka-0-10_2.12-3.5.1.jar
[2025-10-29T04:08:21.585+0700] {subprocess.py:93} INFO - 25/10/29 04:08:21 INFO Executor: Fetching file:///home/***/.ivy2/jars/com.google.code.findbugs_jsr305-3.0.0.jar with timestamp 1761685700701
[2025-10-29T04:08:21.586+0700] {subprocess.py:93} INFO - 25/10/29 04:08:21 INFO Utils: /home/***/.ivy2/jars/com.google.code.findbugs_jsr305-3.0.0.jar has been previously copied to /tmp/spark-4970cb01-5f4e-47ca-9542-809dd78fd16e/userFiles-44bb804f-9534-49a8-ac92-d70526a1aa0a/com.google.code.findbugs_jsr305-3.0.0.jar
[2025-10-29T04:08:21.588+0700] {subprocess.py:93} INFO - 25/10/29 04:08:21 INFO Executor: Fetching file:///home/***/.ivy2/jars/org.lz4_lz4-java-1.8.0.jar with timestamp 1761685700701
[2025-10-29T04:08:21.589+0700] {subprocess.py:93} INFO - 25/10/29 04:08:21 INFO Utils: /home/***/.ivy2/jars/org.lz4_lz4-java-1.8.0.jar has been previously copied to /tmp/spark-4970cb01-5f4e-47ca-9542-809dd78fd16e/userFiles-44bb804f-9534-49a8-ac92-d70526a1aa0a/org.lz4_lz4-java-1.8.0.jar
[2025-10-29T04:08:21.592+0700] {subprocess.py:93} INFO - 25/10/29 04:08:21 INFO Executor: Fetching file:///home/***/.ivy2/jars/org.slf4j_slf4j-api-2.0.7.jar with timestamp 1761685700701
[2025-10-29T04:08:21.592+0700] {subprocess.py:93} INFO - 25/10/29 04:08:21 INFO Utils: /home/***/.ivy2/jars/org.slf4j_slf4j-api-2.0.7.jar has been previously copied to /tmp/spark-4970cb01-5f4e-47ca-9542-809dd78fd16e/userFiles-44bb804f-9534-49a8-ac92-d70526a1aa0a/org.slf4j_slf4j-api-2.0.7.jar
[2025-10-29T04:08:21.595+0700] {subprocess.py:93} INFO - 25/10/29 04:08:21 INFO Executor: Fetching file:///home/***/.ivy2/jars/org.checkerframework_checker-qual-3.31.0.jar with timestamp 1761685700701
[2025-10-29T04:08:21.595+0700] {subprocess.py:93} INFO - 25/10/29 04:08:21 INFO Utils: /home/***/.ivy2/jars/org.checkerframework_checker-qual-3.31.0.jar has been previously copied to /tmp/spark-4970cb01-5f4e-47ca-9542-809dd78fd16e/userFiles-44bb804f-9534-49a8-ac92-d70526a1aa0a/org.checkerframework_checker-qual-3.31.0.jar
[2025-10-29T04:08:21.598+0700] {subprocess.py:93} INFO - 25/10/29 04:08:21 INFO Executor: Fetching file:///home/***/.ivy2/jars/org.apache.commons_commons-pool2-2.11.1.jar with timestamp 1761685700701
[2025-10-29T04:08:21.598+0700] {subprocess.py:93} INFO - 25/10/29 04:08:21 INFO Utils: /home/***/.ivy2/jars/org.apache.commons_commons-pool2-2.11.1.jar has been previously copied to /tmp/spark-4970cb01-5f4e-47ca-9542-809dd78fd16e/userFiles-44bb804f-9534-49a8-ac92-d70526a1aa0a/org.apache.commons_commons-pool2-2.11.1.jar
[2025-10-29T04:08:21.601+0700] {subprocess.py:93} INFO - 25/10/29 04:08:21 INFO Executor: Fetching file:///home/***/.ivy2/jars/commons-logging_commons-logging-1.1.3.jar with timestamp 1761685700701
[2025-10-29T04:08:21.601+0700] {subprocess.py:93} INFO - 25/10/29 04:08:21 INFO Utils: /home/***/.ivy2/jars/commons-logging_commons-logging-1.1.3.jar has been previously copied to /tmp/spark-4970cb01-5f4e-47ca-9542-809dd78fd16e/userFiles-44bb804f-9534-49a8-ac92-d70526a1aa0a/commons-logging_commons-logging-1.1.3.jar
[2025-10-29T04:08:21.604+0700] {subprocess.py:93} INFO - 25/10/29 04:08:21 INFO Executor: Fetching file:///home/***/.ivy2/jars/org.xerial.snappy_snappy-java-1.1.10.3.jar with timestamp 1761685700701
[2025-10-29T04:08:21.605+0700] {subprocess.py:93} INFO - 25/10/29 04:08:21 INFO Utils: /home/***/.ivy2/jars/org.xerial.snappy_snappy-java-1.1.10.3.jar has been previously copied to /tmp/spark-4970cb01-5f4e-47ca-9542-809dd78fd16e/userFiles-44bb804f-9534-49a8-ac92-d70526a1aa0a/org.xerial.snappy_snappy-java-1.1.10.3.jar
[2025-10-29T04:08:21.607+0700] {subprocess.py:93} INFO - 25/10/29 04:08:21 INFO Executor: Fetching file:///home/***/.ivy2/jars/org.postgresql_postgresql-42.6.0.jar with timestamp 1761685700701
[2025-10-29T04:08:21.608+0700] {subprocess.py:93} INFO - 25/10/29 04:08:21 INFO Utils: /home/***/.ivy2/jars/org.postgresql_postgresql-42.6.0.jar has been previously copied to /tmp/spark-4970cb01-5f4e-47ca-9542-809dd78fd16e/userFiles-44bb804f-9534-49a8-ac92-d70526a1aa0a/org.postgresql_postgresql-42.6.0.jar
[2025-10-29T04:08:21.611+0700] {subprocess.py:93} INFO - 25/10/29 04:08:21 INFO Executor: Fetching file:///home/***/.ivy2/jars/org.apache.kafka_kafka-clients-3.4.1.jar with timestamp 1761685700701
[2025-10-29T04:08:21.613+0700] {subprocess.py:93} INFO - 25/10/29 04:08:21 INFO Utils: /home/***/.ivy2/jars/org.apache.kafka_kafka-clients-3.4.1.jar has been previously copied to /tmp/spark-4970cb01-5f4e-47ca-9542-809dd78fd16e/userFiles-44bb804f-9534-49a8-ac92-d70526a1aa0a/org.apache.kafka_kafka-clients-3.4.1.jar
[2025-10-29T04:08:21.617+0700] {subprocess.py:93} INFO - 25/10/29 04:08:21 INFO Executor: Fetching spark://c8122caeb8bc:42307/jars/org.postgresql_postgresql-42.6.0.jar with timestamp 1761685700701
[2025-10-29T04:08:21.639+0700] {subprocess.py:93} INFO - 25/10/29 04:08:21 INFO TransportClientFactory: Successfully created connection to c8122caeb8bc/172.18.0.8:42307 after 15 ms (0 ms spent in bootstraps)
[2025-10-29T04:08:21.642+0700] {subprocess.py:93} INFO - 25/10/29 04:08:21 INFO Utils: Fetching spark://c8122caeb8bc:42307/jars/org.postgresql_postgresql-42.6.0.jar to /tmp/spark-4970cb01-5f4e-47ca-9542-809dd78fd16e/userFiles-44bb804f-9534-49a8-ac92-d70526a1aa0a/fetchFileTemp653590691285219196.tmp
[2025-10-29T04:08:21.658+0700] {subprocess.py:93} INFO - 25/10/29 04:08:21 INFO Utils: /tmp/spark-4970cb01-5f4e-47ca-9542-809dd78fd16e/userFiles-44bb804f-9534-49a8-ac92-d70526a1aa0a/fetchFileTemp653590691285219196.tmp has been previously copied to /tmp/spark-4970cb01-5f4e-47ca-9542-809dd78fd16e/userFiles-44bb804f-9534-49a8-ac92-d70526a1aa0a/org.postgresql_postgresql-42.6.0.jar
[2025-10-29T04:08:21.663+0700] {subprocess.py:93} INFO - 25/10/29 04:08:21 INFO Executor: Adding file:/tmp/spark-4970cb01-5f4e-47ca-9542-809dd78fd16e/userFiles-44bb804f-9534-49a8-ac92-d70526a1aa0a/org.postgresql_postgresql-42.6.0.jar to class loader default
[2025-10-29T04:08:21.663+0700] {subprocess.py:93} INFO - 25/10/29 04:08:21 INFO Executor: Fetching spark://c8122caeb8bc:42307/jars/org.apache.hadoop_hadoop-client-runtime-3.3.4.jar with timestamp 1761685700701
[2025-10-29T04:08:21.663+0700] {subprocess.py:93} INFO - 25/10/29 04:08:21 INFO Utils: Fetching spark://c8122caeb8bc:42307/jars/org.apache.hadoop_hadoop-client-runtime-3.3.4.jar to /tmp/spark-4970cb01-5f4e-47ca-9542-809dd78fd16e/userFiles-44bb804f-9534-49a8-ac92-d70526a1aa0a/fetchFileTemp9129388883960381644.tmp
[2025-10-29T04:08:21.833+0700] {subprocess.py:93} INFO - 25/10/29 04:08:21 INFO Utils: /tmp/spark-4970cb01-5f4e-47ca-9542-809dd78fd16e/userFiles-44bb804f-9534-49a8-ac92-d70526a1aa0a/fetchFileTemp9129388883960381644.tmp has been previously copied to /tmp/spark-4970cb01-5f4e-47ca-9542-809dd78fd16e/userFiles-44bb804f-9534-49a8-ac92-d70526a1aa0a/org.apache.hadoop_hadoop-client-runtime-3.3.4.jar
[2025-10-29T04:08:21.840+0700] {subprocess.py:93} INFO - 25/10/29 04:08:21 INFO Executor: Adding file:/tmp/spark-4970cb01-5f4e-47ca-9542-809dd78fd16e/userFiles-44bb804f-9534-49a8-ac92-d70526a1aa0a/org.apache.hadoop_hadoop-client-runtime-3.3.4.jar to class loader default
[2025-10-29T04:08:21.840+0700] {subprocess.py:93} INFO - 25/10/29 04:08:21 INFO Executor: Fetching spark://c8122caeb8bc:42307/jars/com.google.code.findbugs_jsr305-3.0.0.jar with timestamp 1761685700701
[2025-10-29T04:08:21.840+0700] {subprocess.py:93} INFO - 25/10/29 04:08:21 INFO Utils: Fetching spark://c8122caeb8bc:42307/jars/com.google.code.findbugs_jsr305-3.0.0.jar to /tmp/spark-4970cb01-5f4e-47ca-9542-809dd78fd16e/userFiles-44bb804f-9534-49a8-ac92-d70526a1aa0a/fetchFileTemp680233973628403609.tmp
[2025-10-29T04:08:21.841+0700] {subprocess.py:93} INFO - 25/10/29 04:08:21 INFO Utils: /tmp/spark-4970cb01-5f4e-47ca-9542-809dd78fd16e/userFiles-44bb804f-9534-49a8-ac92-d70526a1aa0a/fetchFileTemp680233973628403609.tmp has been previously copied to /tmp/spark-4970cb01-5f4e-47ca-9542-809dd78fd16e/userFiles-44bb804f-9534-49a8-ac92-d70526a1aa0a/com.google.code.findbugs_jsr305-3.0.0.jar
[2025-10-29T04:08:21.843+0700] {subprocess.py:93} INFO - 25/10/29 04:08:21 INFO Executor: Adding file:/tmp/spark-4970cb01-5f4e-47ca-9542-809dd78fd16e/userFiles-44bb804f-9534-49a8-ac92-d70526a1aa0a/com.google.code.findbugs_jsr305-3.0.0.jar to class loader default
[2025-10-29T04:08:21.844+0700] {subprocess.py:93} INFO - 25/10/29 04:08:21 INFO Executor: Fetching spark://c8122caeb8bc:42307/jars/org.lz4_lz4-java-1.8.0.jar with timestamp 1761685700701
[2025-10-29T04:08:21.844+0700] {subprocess.py:93} INFO - 25/10/29 04:08:21 INFO Utils: Fetching spark://c8122caeb8bc:42307/jars/org.lz4_lz4-java-1.8.0.jar to /tmp/spark-4970cb01-5f4e-47ca-9542-809dd78fd16e/userFiles-44bb804f-9534-49a8-ac92-d70526a1aa0a/fetchFileTemp13638551736591671102.tmp
[2025-10-29T04:08:21.846+0700] {subprocess.py:93} INFO - 25/10/29 04:08:21 INFO Utils: /tmp/spark-4970cb01-5f4e-47ca-9542-809dd78fd16e/userFiles-44bb804f-9534-49a8-ac92-d70526a1aa0a/fetchFileTemp13638551736591671102.tmp has been previously copied to /tmp/spark-4970cb01-5f4e-47ca-9542-809dd78fd16e/userFiles-44bb804f-9534-49a8-ac92-d70526a1aa0a/org.lz4_lz4-java-1.8.0.jar
[2025-10-29T04:08:21.849+0700] {subprocess.py:93} INFO - 25/10/29 04:08:21 INFO Executor: Adding file:/tmp/spark-4970cb01-5f4e-47ca-9542-809dd78fd16e/userFiles-44bb804f-9534-49a8-ac92-d70526a1aa0a/org.lz4_lz4-java-1.8.0.jar to class loader default
[2025-10-29T04:08:21.849+0700] {subprocess.py:93} INFO - 25/10/29 04:08:21 INFO Executor: Fetching spark://c8122caeb8bc:42307/jars/commons-logging_commons-logging-1.1.3.jar with timestamp 1761685700701
[2025-10-29T04:08:21.849+0700] {subprocess.py:93} INFO - 25/10/29 04:08:21 INFO Utils: Fetching spark://c8122caeb8bc:42307/jars/commons-logging_commons-logging-1.1.3.jar to /tmp/spark-4970cb01-5f4e-47ca-9542-809dd78fd16e/userFiles-44bb804f-9534-49a8-ac92-d70526a1aa0a/fetchFileTemp12592423917368557355.tmp
[2025-10-29T04:08:21.850+0700] {subprocess.py:93} INFO - 25/10/29 04:08:21 INFO Utils: /tmp/spark-4970cb01-5f4e-47ca-9542-809dd78fd16e/userFiles-44bb804f-9534-49a8-ac92-d70526a1aa0a/fetchFileTemp12592423917368557355.tmp has been previously copied to /tmp/spark-4970cb01-5f4e-47ca-9542-809dd78fd16e/userFiles-44bb804f-9534-49a8-ac92-d70526a1aa0a/commons-logging_commons-logging-1.1.3.jar
[2025-10-29T04:08:21.852+0700] {subprocess.py:93} INFO - 25/10/29 04:08:21 INFO Executor: Adding file:/tmp/spark-4970cb01-5f4e-47ca-9542-809dd78fd16e/userFiles-44bb804f-9534-49a8-ac92-d70526a1aa0a/commons-logging_commons-logging-1.1.3.jar to class loader default
[2025-10-29T04:08:21.853+0700] {subprocess.py:93} INFO - 25/10/29 04:08:21 INFO Executor: Fetching spark://c8122caeb8bc:42307/jars/org.apache.spark_spark-token-provider-kafka-0-10_2.12-3.5.1.jar with timestamp 1761685700701
[2025-10-29T04:08:21.853+0700] {subprocess.py:93} INFO - 25/10/29 04:08:21 INFO Utils: Fetching spark://c8122caeb8bc:42307/jars/org.apache.spark_spark-token-provider-kafka-0-10_2.12-3.5.1.jar to /tmp/spark-4970cb01-5f4e-47ca-9542-809dd78fd16e/userFiles-44bb804f-9534-49a8-ac92-d70526a1aa0a/fetchFileTemp12593867006584734848.tmp
[2025-10-29T04:08:21.853+0700] {subprocess.py:93} INFO - 25/10/29 04:08:21 INFO Utils: /tmp/spark-4970cb01-5f4e-47ca-9542-809dd78fd16e/userFiles-44bb804f-9534-49a8-ac92-d70526a1aa0a/fetchFileTemp12593867006584734848.tmp has been previously copied to /tmp/spark-4970cb01-5f4e-47ca-9542-809dd78fd16e/userFiles-44bb804f-9534-49a8-ac92-d70526a1aa0a/org.apache.spark_spark-token-provider-kafka-0-10_2.12-3.5.1.jar
[2025-10-29T04:08:21.856+0700] {subprocess.py:93} INFO - 25/10/29 04:08:21 INFO Executor: Adding file:/tmp/spark-4970cb01-5f4e-47ca-9542-809dd78fd16e/userFiles-44bb804f-9534-49a8-ac92-d70526a1aa0a/org.apache.spark_spark-token-provider-kafka-0-10_2.12-3.5.1.jar to class loader default
[2025-10-29T04:08:21.856+0700] {subprocess.py:93} INFO - 25/10/29 04:08:21 INFO Executor: Fetching spark://c8122caeb8bc:42307/jars/org.apache.spark_spark-sql-kafka-0-10_2.12-3.5.1.jar with timestamp 1761685700701
[2025-10-29T04:08:21.856+0700] {subprocess.py:93} INFO - 25/10/29 04:08:21 INFO Utils: Fetching spark://c8122caeb8bc:42307/jars/org.apache.spark_spark-sql-kafka-0-10_2.12-3.5.1.jar to /tmp/spark-4970cb01-5f4e-47ca-9542-809dd78fd16e/userFiles-44bb804f-9534-49a8-ac92-d70526a1aa0a/fetchFileTemp5696458271698889813.tmp
[2025-10-29T04:08:21.857+0700] {subprocess.py:93} INFO - 25/10/29 04:08:21 INFO Utils: /tmp/spark-4970cb01-5f4e-47ca-9542-809dd78fd16e/userFiles-44bb804f-9534-49a8-ac92-d70526a1aa0a/fetchFileTemp5696458271698889813.tmp has been previously copied to /tmp/spark-4970cb01-5f4e-47ca-9542-809dd78fd16e/userFiles-44bb804f-9534-49a8-ac92-d70526a1aa0a/org.apache.spark_spark-sql-kafka-0-10_2.12-3.5.1.jar
[2025-10-29T04:08:21.860+0700] {subprocess.py:93} INFO - 25/10/29 04:08:21 INFO Executor: Adding file:/tmp/spark-4970cb01-5f4e-47ca-9542-809dd78fd16e/userFiles-44bb804f-9534-49a8-ac92-d70526a1aa0a/org.apache.spark_spark-sql-kafka-0-10_2.12-3.5.1.jar to class loader default
[2025-10-29T04:08:21.860+0700] {subprocess.py:93} INFO - 25/10/29 04:08:21 INFO Executor: Fetching spark://c8122caeb8bc:42307/jars/org.checkerframework_checker-qual-3.31.0.jar with timestamp 1761685700701
[2025-10-29T04:08:21.861+0700] {subprocess.py:93} INFO - 25/10/29 04:08:21 INFO Utils: Fetching spark://c8122caeb8bc:42307/jars/org.checkerframework_checker-qual-3.31.0.jar to /tmp/spark-4970cb01-5f4e-47ca-9542-809dd78fd16e/userFiles-44bb804f-9534-49a8-ac92-d70526a1aa0a/fetchFileTemp16877853787218665329.tmp
[2025-10-29T04:08:21.862+0700] {subprocess.py:93} INFO - 25/10/29 04:08:21 INFO Utils: /tmp/spark-4970cb01-5f4e-47ca-9542-809dd78fd16e/userFiles-44bb804f-9534-49a8-ac92-d70526a1aa0a/fetchFileTemp16877853787218665329.tmp has been previously copied to /tmp/spark-4970cb01-5f4e-47ca-9542-809dd78fd16e/userFiles-44bb804f-9534-49a8-ac92-d70526a1aa0a/org.checkerframework_checker-qual-3.31.0.jar
[2025-10-29T04:08:21.864+0700] {subprocess.py:93} INFO - 25/10/29 04:08:21 INFO Executor: Adding file:/tmp/spark-4970cb01-5f4e-47ca-9542-809dd78fd16e/userFiles-44bb804f-9534-49a8-ac92-d70526a1aa0a/org.checkerframework_checker-qual-3.31.0.jar to class loader default
[2025-10-29T04:08:21.864+0700] {subprocess.py:93} INFO - 25/10/29 04:08:21 INFO Executor: Fetching spark://c8122caeb8bc:42307/jars/org.apache.kafka_kafka-clients-3.4.1.jar with timestamp 1761685700701
[2025-10-29T04:08:21.865+0700] {subprocess.py:93} INFO - 25/10/29 04:08:21 INFO Utils: Fetching spark://c8122caeb8bc:42307/jars/org.apache.kafka_kafka-clients-3.4.1.jar to /tmp/spark-4970cb01-5f4e-47ca-9542-809dd78fd16e/userFiles-44bb804f-9534-49a8-ac92-d70526a1aa0a/fetchFileTemp4972801702593770128.tmp
[2025-10-29T04:08:21.879+0700] {subprocess.py:93} INFO - 25/10/29 04:08:21 INFO Utils: /tmp/spark-4970cb01-5f4e-47ca-9542-809dd78fd16e/userFiles-44bb804f-9534-49a8-ac92-d70526a1aa0a/fetchFileTemp4972801702593770128.tmp has been previously copied to /tmp/spark-4970cb01-5f4e-47ca-9542-809dd78fd16e/userFiles-44bb804f-9534-49a8-ac92-d70526a1aa0a/org.apache.kafka_kafka-clients-3.4.1.jar
[2025-10-29T04:08:21.883+0700] {subprocess.py:93} INFO - 25/10/29 04:08:21 INFO Executor: Adding file:/tmp/spark-4970cb01-5f4e-47ca-9542-809dd78fd16e/userFiles-44bb804f-9534-49a8-ac92-d70526a1aa0a/org.apache.kafka_kafka-clients-3.4.1.jar to class loader default
[2025-10-29T04:08:21.883+0700] {subprocess.py:93} INFO - 25/10/29 04:08:21 INFO Executor: Fetching spark://c8122caeb8bc:42307/jars/org.slf4j_slf4j-api-2.0.7.jar with timestamp 1761685700701
[2025-10-29T04:08:21.883+0700] {subprocess.py:93} INFO - 25/10/29 04:08:21 INFO Utils: Fetching spark://c8122caeb8bc:42307/jars/org.slf4j_slf4j-api-2.0.7.jar to /tmp/spark-4970cb01-5f4e-47ca-9542-809dd78fd16e/userFiles-44bb804f-9534-49a8-ac92-d70526a1aa0a/fetchFileTemp15300258399569524053.tmp
[2025-10-29T04:08:21.884+0700] {subprocess.py:93} INFO - 25/10/29 04:08:21 INFO Utils: /tmp/spark-4970cb01-5f4e-47ca-9542-809dd78fd16e/userFiles-44bb804f-9534-49a8-ac92-d70526a1aa0a/fetchFileTemp15300258399569524053.tmp has been previously copied to /tmp/spark-4970cb01-5f4e-47ca-9542-809dd78fd16e/userFiles-44bb804f-9534-49a8-ac92-d70526a1aa0a/org.slf4j_slf4j-api-2.0.7.jar
[2025-10-29T04:08:21.887+0700] {subprocess.py:93} INFO - 25/10/29 04:08:21 INFO Executor: Adding file:/tmp/spark-4970cb01-5f4e-47ca-9542-809dd78fd16e/userFiles-44bb804f-9534-49a8-ac92-d70526a1aa0a/org.slf4j_slf4j-api-2.0.7.jar to class loader default
[2025-10-29T04:08:21.887+0700] {subprocess.py:93} INFO - 25/10/29 04:08:21 INFO Executor: Fetching spark://c8122caeb8bc:42307/jars/org.xerial.snappy_snappy-java-1.1.10.3.jar with timestamp 1761685700701
[2025-10-29T04:08:21.887+0700] {subprocess.py:93} INFO - 25/10/29 04:08:21 INFO Utils: Fetching spark://c8122caeb8bc:42307/jars/org.xerial.snappy_snappy-java-1.1.10.3.jar to /tmp/spark-4970cb01-5f4e-47ca-9542-809dd78fd16e/userFiles-44bb804f-9534-49a8-ac92-d70526a1aa0a/fetchFileTemp15502943874251114667.tmp
[2025-10-29T04:08:21.890+0700] {subprocess.py:93} INFO - 25/10/29 04:08:21 INFO Utils: /tmp/spark-4970cb01-5f4e-47ca-9542-809dd78fd16e/userFiles-44bb804f-9534-49a8-ac92-d70526a1aa0a/fetchFileTemp15502943874251114667.tmp has been previously copied to /tmp/spark-4970cb01-5f4e-47ca-9542-809dd78fd16e/userFiles-44bb804f-9534-49a8-ac92-d70526a1aa0a/org.xerial.snappy_snappy-java-1.1.10.3.jar
[2025-10-29T04:08:21.896+0700] {subprocess.py:93} INFO - 25/10/29 04:08:21 INFO Executor: Adding file:/tmp/spark-4970cb01-5f4e-47ca-9542-809dd78fd16e/userFiles-44bb804f-9534-49a8-ac92-d70526a1aa0a/org.xerial.snappy_snappy-java-1.1.10.3.jar to class loader default
[2025-10-29T04:08:21.896+0700] {subprocess.py:93} INFO - 25/10/29 04:08:21 INFO Executor: Fetching spark://c8122caeb8bc:42307/jars/org.apache.commons_commons-pool2-2.11.1.jar with timestamp 1761685700701
[2025-10-29T04:08:21.897+0700] {subprocess.py:93} INFO - 25/10/29 04:08:21 INFO Utils: Fetching spark://c8122caeb8bc:42307/jars/org.apache.commons_commons-pool2-2.11.1.jar to /tmp/spark-4970cb01-5f4e-47ca-9542-809dd78fd16e/userFiles-44bb804f-9534-49a8-ac92-d70526a1aa0a/fetchFileTemp13500628181687653250.tmp
[2025-10-29T04:08:21.897+0700] {subprocess.py:93} INFO - 25/10/29 04:08:21 INFO Utils: /tmp/spark-4970cb01-5f4e-47ca-9542-809dd78fd16e/userFiles-44bb804f-9534-49a8-ac92-d70526a1aa0a/fetchFileTemp13500628181687653250.tmp has been previously copied to /tmp/spark-4970cb01-5f4e-47ca-9542-809dd78fd16e/userFiles-44bb804f-9534-49a8-ac92-d70526a1aa0a/org.apache.commons_commons-pool2-2.11.1.jar
[2025-10-29T04:08:21.900+0700] {subprocess.py:93} INFO - 25/10/29 04:08:21 INFO Executor: Adding file:/tmp/spark-4970cb01-5f4e-47ca-9542-809dd78fd16e/userFiles-44bb804f-9534-49a8-ac92-d70526a1aa0a/org.apache.commons_commons-pool2-2.11.1.jar to class loader default
[2025-10-29T04:08:21.900+0700] {subprocess.py:93} INFO - 25/10/29 04:08:21 INFO Executor: Fetching spark://c8122caeb8bc:42307/jars/org.apache.hadoop_hadoop-client-api-3.3.4.jar with timestamp 1761685700701
[2025-10-29T04:08:21.901+0700] {subprocess.py:93} INFO - 25/10/29 04:08:21 INFO Utils: Fetching spark://c8122caeb8bc:42307/jars/org.apache.hadoop_hadoop-client-api-3.3.4.jar to /tmp/spark-4970cb01-5f4e-47ca-9542-809dd78fd16e/userFiles-44bb804f-9534-49a8-ac92-d70526a1aa0a/fetchFileTemp7820665113710666543.tmp
[2025-10-29T04:08:21.962+0700] {subprocess.py:93} INFO - 25/10/29 04:08:21 INFO Utils: /tmp/spark-4970cb01-5f4e-47ca-9542-809dd78fd16e/userFiles-44bb804f-9534-49a8-ac92-d70526a1aa0a/fetchFileTemp7820665113710666543.tmp has been previously copied to /tmp/spark-4970cb01-5f4e-47ca-9542-809dd78fd16e/userFiles-44bb804f-9534-49a8-ac92-d70526a1aa0a/org.apache.hadoop_hadoop-client-api-3.3.4.jar
[2025-10-29T04:08:21.967+0700] {subprocess.py:93} INFO - 25/10/29 04:08:21 INFO Executor: Adding file:/tmp/spark-4970cb01-5f4e-47ca-9542-809dd78fd16e/userFiles-44bb804f-9534-49a8-ac92-d70526a1aa0a/org.apache.hadoop_hadoop-client-api-3.3.4.jar to class loader default
[2025-10-29T04:08:21.975+0700] {subprocess.py:93} INFO - 25/10/29 04:08:21 INFO Utils: Successfully started service 'org.apache.spark.network.netty.NettyBlockTransferService' on port 46525.
[2025-10-29T04:08:21.975+0700] {subprocess.py:93} INFO - 25/10/29 04:08:21 INFO NettyBlockTransferService: Server created on c8122caeb8bc:46525
[2025-10-29T04:08:21.976+0700] {subprocess.py:93} INFO - 25/10/29 04:08:21 INFO BlockManager: Using org.apache.spark.storage.RandomBlockReplicationPolicy for block replication policy
[2025-10-29T04:08:21.982+0700] {subprocess.py:93} INFO - 25/10/29 04:08:21 INFO BlockManagerMaster: Registering BlockManager BlockManagerId(driver, c8122caeb8bc, 46525, None)
[2025-10-29T04:08:21.984+0700] {subprocess.py:93} INFO - 25/10/29 04:08:21 INFO BlockManagerMasterEndpoint: Registering block manager c8122caeb8bc:46525 with 434.4 MiB RAM, BlockManagerId(driver, c8122caeb8bc, 46525, None)
[2025-10-29T04:08:21.985+0700] {subprocess.py:93} INFO - 25/10/29 04:08:21 INFO BlockManagerMaster: Registered BlockManager BlockManagerId(driver, c8122caeb8bc, 46525, None)
[2025-10-29T04:08:21.986+0700] {subprocess.py:93} INFO - 25/10/29 04:08:21 INFO BlockManager: Initialized BlockManager: BlockManagerId(driver, c8122caeb8bc, 46525, None)
[2025-10-29T04:08:24.255+0700] {subprocess.py:93} INFO - 25/10/29 04:08:24 WARN ResolveWriteToStream: spark.sql.adaptive.enabled is not supported in streaming DataFrames/Datasets and will be disabled.
[2025-10-29T04:08:24.370+0700] {subprocess.py:93} INFO - 🚀 Streaming job started — đang lắng nghe dữ liệu từ Kafka...
[2025-10-29T04:08:24.460+0700] {subprocess.py:93} INFO - 25/10/29 04:08:24 WARN AdminClientConfig: These configurations '[key.deserializer, value.deserializer, enable.auto.commit, max.poll.records, auto.offset.reset]' were supplied but are not used yet.
[2025-10-29T04:08:25.914+0700] {subprocess.py:93} INFO - [Batch 0] ⚠️ Không có dữ liệu mới.
[2025-10-29T04:08:27.173+0700] {subprocess.py:93} INFO - 25/10/29 04:08:27 WARN KafkaDataConsumer: KafkaDataConsumer is not running in UninterruptibleThread. It may hang when KafkaDataConsumer's methods are interrupted because of KAFKA-1894
[2025-10-29T04:08:27.291+0700] {subprocess.py:93} INFO - 25/10/29 04:08:27 WARN KafkaDataConsumer: KafkaDataConsumer is not running in UninterruptibleThread. It may hang when KafkaDataConsumer's methods are interrupted because of KAFKA-1894
[2025-10-29T04:16:03.859+0700] {local_task_job_runner.py:310} WARNING - State of this instance has been externally set to restarting. Terminating instance.
[2025-10-29T04:16:03.860+0700] {local_task_job_runner.py:222} INFO - ::endgroup::
[2025-10-29T04:16:03.862+0700] {process_utils.py:132} INFO - Sending 15 to group 1032. PIDs of all processes in the group: [1033, 1034, 1035, 1102, 1411, 1414, 1032]
[2025-10-29T04:16:03.862+0700] {process_utils.py:87} INFO - Sending the signal 15 to group 1032
[2025-10-29T04:16:03.863+0700] {taskinstance.py:2607} ERROR - Received SIGTERM. Terminating subprocesses.
[2025-10-29T04:16:03.863+0700] {subprocess.py:104} INFO - Sending SIGTERM signal to process group
[2025-10-29T04:16:03.864+0700] {taskinstance.py:441} INFO - ::group::Post task execution logs
[2025-10-29T04:16:03.875+0700] {taskinstance.py:2890} ERROR - Task failed with exception
Traceback (most recent call last):
  File "/home/airflow/.local/lib/python3.12/site-packages/airflow/models/taskinstance.py", line 460, in _execute_task
    result = _execute_callable(context=context, **execute_callable_kwargs)
             ^^^^^^^^^^^^^^^^^^^^^^^^^^^^^^^^^^^^^^^^^^^^^^^^^^^^^^^^^^^^^
  File "/home/airflow/.local/lib/python3.12/site-packages/airflow/models/taskinstance.py", line 432, in _execute_callable
    return execute_callable(context=context, **execute_callable_kwargs)
           ^^^^^^^^^^^^^^^^^^^^^^^^^^^^^^^^^^^^^^^^^^^^^^^^^^^^^^^^^^^^
  File "/home/airflow/.local/lib/python3.12/site-packages/airflow/models/baseoperator.py", line 400, in wrapper
    return func(self, *args, **kwargs)
           ^^^^^^^^^^^^^^^^^^^^^^^^^^^
  File "/home/airflow/.local/lib/python3.12/site-packages/airflow/operators/bash.py", line 234, in execute
    result = self.subprocess_hook.run_command(
             ^^^^^^^^^^^^^^^^^^^^^^^^^^^^^^^^^
  File "/home/airflow/.local/lib/python3.12/site-packages/airflow/hooks/subprocess.py", line 91, in run_command
    for raw_line in iter(self.sub_process.stdout.readline, b""):
  File "/home/airflow/.local/lib/python3.12/site-packages/airflow/models/taskinstance.py", line 2609, in signal_handler
    raise AirflowTaskTerminated("Task received SIGTERM signal")
airflow.exceptions.AirflowTaskTerminated: Task received SIGTERM signal
[2025-10-29T04:16:03.881+0700] {taskinstance.py:1205} INFO - Marking task as UP_FOR_RETRY. dag_id=absa_streaming_lifecycle_demo1, task_id=deploy_consumer, execution_date=20251028T210557, start_date=20251028T210814, end_date=20251028T211603
[2025-10-29T04:16:03.914+0700] {process_utils.py:80} INFO - Process psutil.Process(pid=1033, status='terminated', started='04:08:14') (1033) terminated with exit code None
[2025-10-29T04:16:04.087+0700] {process_utils.py:80} INFO - Process psutil.Process(pid=1102, status='terminated', started='04:08:16') (1102) terminated with exit code None
[2025-10-29T04:16:04.089+0700] {process_utils.py:80} INFO - Process psutil.Process(pid=1411, status='terminated', started='04:08:25') (1411) terminated with exit code None
[2025-10-29T04:16:04.089+0700] {process_utils.py:80} INFO - Process psutil.Process(pid=1034, status='terminated', started='04:08:14') (1034) terminated with exit code None
[2025-10-29T04:16:04.090+0700] {process_utils.py:80} INFO - Process psutil.Process(pid=1032, status='terminated', exitcode=2, started='04:08:14') (1032) terminated with exit code 2
[2025-10-29T04:16:04.223+0700] {process_utils.py:80} INFO - Process psutil.Process(pid=1035, status='terminated', started='04:08:14') (1035) terminated with exit code None
[2025-10-29T04:16:04.224+0700] {process_utils.py:80} INFO - Process psutil.Process(pid=1414, status='terminated', started='04:08:26') (1414) terminated with exit code None
