[2025-11-11T23:31:05.455+0700] {local_task_job_runner.py:120} INFO - ::group::Pre task execution logs
[2025-11-11T23:31:05.492+0700] {taskinstance.py:2073} INFO - Dependencies all met for dep_context=non-requeueable deps ti=<TaskInstance: check_gpu_dag.check_gpu_task manual__2025-11-11T16:30:58.994952+00:00 [queued]>
[2025-11-11T23:31:05.505+0700] {taskinstance.py:2073} INFO - Dependencies all met for dep_context=requeueable deps ti=<TaskInstance: check_gpu_dag.check_gpu_task manual__2025-11-11T16:30:58.994952+00:00 [queued]>
[2025-11-11T23:31:05.506+0700] {taskinstance.py:2303} INFO - Starting attempt 1 of 1
[2025-11-11T23:31:05.524+0700] {taskinstance.py:2327} INFO - Executing <Task(PythonOperator): check_gpu_task> on 2025-11-11 16:30:58.994952+00:00
[2025-11-11T23:31:05.542+0700] {warnings.py:110} WARNING - /home/***/.local/lib/python3.12/site-packages/***/task/task_runner/standard_task_runner.py:61: DeprecationWarning: This process (pid=441) is multi-threaded, use of fork() may lead to deadlocks in the child.
  pid = os.fork()

[2025-11-11T23:31:05.544+0700] {standard_task_runner.py:63} INFO - Started process 443 to run task
[2025-11-11T23:31:05.545+0700] {standard_task_runner.py:90} INFO - Running: ['***', 'tasks', 'run', 'check_gpu_dag', 'check_gpu_task', 'manual__2025-11-11T16:30:58.994952+00:00', '--job-id', '3', '--raw', '--subdir', 'DAGS_FOLDER/gpu.py', '--cfg-path', '/tmp/tmp2ipmv8uf']
[2025-11-11T23:31:05.548+0700] {standard_task_runner.py:91} INFO - Job 3: Subtask check_gpu_task
[2025-11-11T23:31:05.616+0700] {task_command.py:426} INFO - Running <TaskInstance: check_gpu_dag.check_gpu_task manual__2025-11-11T16:30:58.994952+00:00 [running]> on host 2f71e0d1049c
[2025-11-11T23:31:05.784+0700] {taskinstance.py:2644} INFO - Exporting env vars: AIRFLOW_CTX_DAG_OWNER='***' AIRFLOW_CTX_DAG_ID='check_gpu_dag' AIRFLOW_CTX_TASK_ID='check_gpu_task' AIRFLOW_CTX_EXECUTION_DATE='2025-11-11T16:30:58.994952+00:00' AIRFLOW_CTX_TRY_NUMBER='1' AIRFLOW_CTX_DAG_RUN_ID='manual__2025-11-11T16:30:58.994952+00:00'
[2025-11-11T23:31:05.787+0700] {taskinstance.py:430} INFO - ::endgroup::
[2025-11-11T23:31:05.788+0700] {logging_mixin.py:188} INFO - PyTorch version: 2.3.0+cu121
[2025-11-11T23:31:07.295+0700] {logging_mixin.py:188} INFO - CUDA available: True
[2025-11-11T23:31:07.325+0700] {logging_mixin.py:188} INFO - GPU count: 1
[2025-11-11T23:31:07.330+0700] {logging_mixin.py:188} INFO - GPU 0: NVIDIA GeForce RTX 3050 Ti Laptop GPU
[2025-11-11T23:31:07.331+0700] {logging_mixin.py:188} INFO - Current device: 0
[2025-11-11T23:31:07.331+0700] {python.py:237} INFO - Done. Returned value was: None
[2025-11-11T23:31:07.332+0700] {taskinstance.py:441} INFO - ::group::Post task execution logs
[2025-11-11T23:31:07.343+0700] {taskinstance.py:1205} INFO - Marking task as SUCCESS. dag_id=check_gpu_dag, task_id=check_gpu_task, execution_date=20251111T163058, start_date=20251111T163105, end_date=20251111T163107
[2025-11-11T23:31:07.403+0700] {local_task_job_runner.py:240} INFO - Task exited with return code 0
[2025-11-11T23:31:07.424+0700] {taskinstance.py:3482} INFO - 0 downstream tasks scheduled from follow-on schedule check
[2025-11-11T23:31:07.426+0700] {local_task_job_runner.py:222} INFO - ::endgroup::
