[2025-10-29T07:39:07.165+0700] {local_task_job_runner.py:120} INFO - ::group::Pre task execution logs
[2025-10-29T07:39:07.176+0700] {taskinstance.py:2073} INFO - Dependencies all met for dep_context=non-requeueable deps ti=<TaskInstance: absa_streaming_lifecycle_demo1.cleanup_checkpoints scheduled__2025-10-28T23:00:00+00:00 [queued]>
[2025-10-29T07:39:07.180+0700] {taskinstance.py:2073} INFO - Dependencies all met for dep_context=requeueable deps ti=<TaskInstance: absa_streaming_lifecycle_demo1.cleanup_checkpoints scheduled__2025-10-28T23:00:00+00:00 [queued]>
[2025-10-29T07:39:07.180+0700] {taskinstance.py:2303} INFO - Starting attempt 1 of 3
[2025-10-29T07:39:07.186+0700] {taskinstance.py:2327} INFO - Executing <Task(BashOperator): cleanup_checkpoints> on 2025-10-28 23:00:00+00:00
[2025-10-29T07:39:07.192+0700] {warnings.py:110} WARNING - /home/***/.local/lib/python3.12/site-packages/***/task/task_runner/standard_task_runner.py:61: DeprecationWarning: This process (pid=23343) is multi-threaded, use of fork() may lead to deadlocks in the child.
  pid = os.fork()

[2025-10-29T07:39:07.193+0700] {standard_task_runner.py:63} INFO - Started process 23345 to run task
[2025-10-29T07:39:07.194+0700] {standard_task_runner.py:90} INFO - Running: ['***', 'tasks', 'run', 'absa_streaming_lifecycle_demo1', 'cleanup_checkpoints', 'scheduled__2025-10-28T23:00:00+00:00', '--job-id', '30', '--raw', '--subdir', 'DAGS_FOLDER/absa_streaming_lifecycle_dag1.py', '--cfg-path', '/tmp/tmpz70_q6f6']
[2025-10-29T07:39:07.195+0700] {standard_task_runner.py:91} INFO - Job 30: Subtask cleanup_checkpoints
[2025-10-29T07:39:07.217+0700] {task_command.py:426} INFO - Running <TaskInstance: absa_streaming_lifecycle_demo1.cleanup_checkpoints scheduled__2025-10-28T23:00:00+00:00 [running]> on host 6f0586100d56
[2025-10-29T07:39:07.259+0700] {taskinstance.py:2644} INFO - Exporting env vars: AIRFLOW_CTX_DAG_OWNER='***' AIRFLOW_CTX_DAG_ID='absa_streaming_lifecycle_demo1' AIRFLOW_CTX_TASK_ID='cleanup_checkpoints' AIRFLOW_CTX_EXECUTION_DATE='2025-10-28T23:00:00+00:00' AIRFLOW_CTX_TRY_NUMBER='1' AIRFLOW_CTX_DAG_RUN_ID='scheduled__2025-10-28T23:00:00+00:00'
[2025-10-29T07:39:07.260+0700] {taskinstance.py:430} INFO - ::endgroup::
[2025-10-29T07:39:07.261+0700] {subprocess.py:63} INFO - Tmp dir root location: /tmp
[2025-10-29T07:39:07.261+0700] {subprocess.py:75} INFO - Running command: ['/usr/bin/bash', '-c', "echo '[Cleanup] Removing old checkpoint...'; rm -rf /opt/***/checkpoints/absa_streaming_checkpoint || true; echo '[Cleanup] Done.'"]
[2025-10-29T07:39:07.271+0700] {subprocess.py:86} INFO - Output:
[2025-10-29T07:39:07.272+0700] {subprocess.py:93} INFO - [Cleanup] Removing old checkpoint...
[2025-10-29T07:39:07.276+0700] {subprocess.py:93} INFO - [Cleanup] Done.
[2025-10-29T07:39:07.276+0700] {subprocess.py:97} INFO - Command exited with return code 0
[2025-10-29T07:39:07.276+0700] {taskinstance.py:441} INFO - ::group::Post task execution logs
[2025-10-29T07:39:07.288+0700] {taskinstance.py:1205} INFO - Marking task as SUCCESS. dag_id=absa_streaming_lifecycle_demo1, task_id=cleanup_checkpoints, execution_date=20251028T230000, start_date=20251029T003907, end_date=20251029T003907
[2025-10-29T07:39:07.326+0700] {local_task_job_runner.py:240} INFO - Task exited with return code 0
[2025-10-29T07:39:07.335+0700] {taskinstance.py:3482} INFO - 0 downstream tasks scheduled from follow-on schedule check
[2025-10-29T07:39:07.337+0700] {local_task_job_runner.py:222} INFO - ::endgroup::
