[2025-10-29T10:39:06.603+0700] {local_task_job_runner.py:120} INFO - ::group::Pre task execution logs
[2025-10-29T10:39:06.614+0700] {taskinstance.py:2073} INFO - Dependencies all met for dep_context=non-requeueable deps ti=<TaskInstance: absa_streaming_lifecycle_demo1.cleanup_checkpoints scheduled__2025-10-29T02:00:00+00:00 [queued]>
[2025-10-29T10:39:06.618+0700] {taskinstance.py:2073} INFO - Dependencies all met for dep_context=requeueable deps ti=<TaskInstance: absa_streaming_lifecycle_demo1.cleanup_checkpoints scheduled__2025-10-29T02:00:00+00:00 [queued]>
[2025-10-29T10:39:06.618+0700] {taskinstance.py:2303} INFO - Starting attempt 1 of 3
[2025-10-29T10:39:06.625+0700] {taskinstance.py:2327} INFO - Executing <Task(BashOperator): cleanup_checkpoints> on 2025-10-29 02:00:00+00:00
[2025-10-29T10:39:06.631+0700] {warnings.py:110} WARNING - /home/***/.local/lib/python3.12/site-packages/***/task/task_runner/standard_task_runner.py:61: DeprecationWarning: This process (pid=48621) is multi-threaded, use of fork() may lead to deadlocks in the child.
  pid = os.fork()

[2025-10-29T10:39:06.632+0700] {standard_task_runner.py:63} INFO - Started process 48623 to run task
[2025-10-29T10:39:06.632+0700] {standard_task_runner.py:90} INFO - Running: ['***', 'tasks', 'run', 'absa_streaming_lifecycle_demo1', 'cleanup_checkpoints', 'scheduled__2025-10-29T02:00:00+00:00', '--job-id', '57', '--raw', '--subdir', 'DAGS_FOLDER/absa_streaming_lifecycle_dag1.py', '--cfg-path', '/tmp/tmprx1agw7b']
[2025-10-29T10:39:06.634+0700] {standard_task_runner.py:91} INFO - Job 57: Subtask cleanup_checkpoints
[2025-10-29T10:39:06.656+0700] {task_command.py:426} INFO - Running <TaskInstance: absa_streaming_lifecycle_demo1.cleanup_checkpoints scheduled__2025-10-29T02:00:00+00:00 [running]> on host 6f0586100d56
[2025-10-29T10:39:06.698+0700] {taskinstance.py:2644} INFO - Exporting env vars: AIRFLOW_CTX_DAG_OWNER='***' AIRFLOW_CTX_DAG_ID='absa_streaming_lifecycle_demo1' AIRFLOW_CTX_TASK_ID='cleanup_checkpoints' AIRFLOW_CTX_EXECUTION_DATE='2025-10-29T02:00:00+00:00' AIRFLOW_CTX_TRY_NUMBER='1' AIRFLOW_CTX_DAG_RUN_ID='scheduled__2025-10-29T02:00:00+00:00'
[2025-10-29T10:39:06.699+0700] {taskinstance.py:430} INFO - ::endgroup::
[2025-10-29T10:39:06.700+0700] {subprocess.py:63} INFO - Tmp dir root location: /tmp
[2025-10-29T10:39:06.700+0700] {subprocess.py:75} INFO - Running command: ['/usr/bin/bash', '-c', "echo '[Cleanup] Removing old checkpoint...'; rm -rf /opt/***/checkpoints/absa_streaming_checkpoint || true; echo '[Cleanup] Done.'"]
[2025-10-29T10:39:06.710+0700] {subprocess.py:86} INFO - Output:
[2025-10-29T10:39:06.711+0700] {subprocess.py:93} INFO - [Cleanup] Removing old checkpoint...
[2025-10-29T10:39:06.714+0700] {subprocess.py:93} INFO - [Cleanup] Done.
[2025-10-29T10:39:06.715+0700] {subprocess.py:97} INFO - Command exited with return code 0
[2025-10-29T10:39:06.715+0700] {taskinstance.py:441} INFO - ::group::Post task execution logs
[2025-10-29T10:39:06.727+0700] {taskinstance.py:1205} INFO - Marking task as SUCCESS. dag_id=absa_streaming_lifecycle_demo1, task_id=cleanup_checkpoints, execution_date=20251029T020000, start_date=20251029T033906, end_date=20251029T033906
[2025-10-29T10:39:06.765+0700] {local_task_job_runner.py:240} INFO - Task exited with return code 0
[2025-10-29T10:39:06.773+0700] {taskinstance.py:3482} INFO - 0 downstream tasks scheduled from follow-on schedule check
[2025-10-29T10:39:06.774+0700] {local_task_job_runner.py:222} INFO - ::endgroup::
