[2025-10-30T22:47:55.293+0700] {local_task_job_runner.py:120} INFO - ::group::Pre task execution logs
[2025-10-30T22:47:55.313+0700] {taskinstance.py:2073} INFO - Dependencies all met for dep_context=non-requeueable deps ti=<TaskInstance: absa_streaming_lifecycle_demo11.deploy_producer scheduled__2025-10-30T14:00:00+00:00 [queued]>
[2025-10-30T22:47:55.320+0700] {taskinstance.py:2073} INFO - Dependencies all met for dep_context=requeueable deps ti=<TaskInstance: absa_streaming_lifecycle_demo11.deploy_producer scheduled__2025-10-30T14:00:00+00:00 [queued]>
[2025-10-30T22:47:55.320+0700] {taskinstance.py:2303} INFO - Starting attempt 3 of 6
[2025-10-30T22:47:55.335+0700] {taskinstance.py:2327} INFO - Executing <Task(BashOperator): deploy_producer> on 2025-10-30 14:00:00+00:00
[2025-10-30T22:47:55.348+0700] {warnings.py:110} WARNING - /home/***/.local/lib/python3.12/site-packages/***/task/task_runner/standard_task_runner.py:61: DeprecationWarning: This process (pid=3136) is multi-threaded, use of fork() may lead to deadlocks in the child.
  pid = os.fork()

[2025-10-30T22:47:55.349+0700] {standard_task_runner.py:63} INFO - Started process 3138 to run task
[2025-10-30T22:47:55.349+0700] {standard_task_runner.py:90} INFO - Running: ['***', 'tasks', 'run', 'absa_streaming_lifecycle_demo11', 'deploy_producer', 'scheduled__2025-10-30T14:00:00+00:00', '--job-id', '8', '--raw', '--subdir', 'DAGS_FOLDER/absa_streaming_lifecycle_dag1.py', '--cfg-path', '/tmp/tmpjrc8i54q']
[2025-10-30T22:47:55.352+0700] {standard_task_runner.py:91} INFO - Job 8: Subtask deploy_producer
[2025-10-30T22:47:55.392+0700] {task_command.py:426} INFO - Running <TaskInstance: absa_streaming_lifecycle_demo11.deploy_producer scheduled__2025-10-30T14:00:00+00:00 [running]> on host be079b239c4c
[2025-10-30T22:47:55.444+0700] {taskinstance.py:2644} INFO - Exporting env vars: AIRFLOW_CTX_DAG_OWNER='***' AIRFLOW_CTX_DAG_ID='absa_streaming_lifecycle_demo11' AIRFLOW_CTX_TASK_ID='deploy_producer' AIRFLOW_CTX_EXECUTION_DATE='2025-10-30T14:00:00+00:00' AIRFLOW_CTX_TRY_NUMBER='3' AIRFLOW_CTX_DAG_RUN_ID='scheduled__2025-10-30T14:00:00+00:00'
[2025-10-30T22:47:55.445+0700] {taskinstance.py:430} INFO - ::endgroup::
[2025-10-30T22:47:55.446+0700] {subprocess.py:63} INFO - Tmp dir root location: /tmp
[2025-10-30T22:47:55.446+0700] {subprocess.py:75} INFO - Running command: ['/usr/bin/bash', '-c', 'bash -c "timeout 45m /opt/***/projects/absa_streaming/scripts/run_producer.sh"']
[2025-10-30T22:47:55.458+0700] {subprocess.py:86} INFO - Output:
[2025-10-30T22:47:55.463+0700] {subprocess.py:93} INFO - [Producer] Starting Kafka Producer...
[2025-10-30T22:48:05.431+0700] {local_task_job_runner.py:310} WARNING - State of this instance has been externally set to up_for_retry. Terminating instance.
[2025-10-30T22:48:05.432+0700] {local_task_job_runner.py:222} INFO - ::endgroup::
[2025-10-30T22:48:05.433+0700] {process_utils.py:132} INFO - Sending 15 to group 3138. PIDs of all processes in the group: [3139, 3140, 3141, 3138]
[2025-10-30T22:48:05.433+0700] {process_utils.py:87} INFO - Sending the signal 15 to group 3138
[2025-10-30T22:48:05.433+0700] {taskinstance.py:2607} ERROR - Received SIGTERM. Terminating subprocesses.
[2025-10-30T22:48:05.433+0700] {subprocess.py:104} INFO - Sending SIGTERM signal to process group
[2025-10-30T22:48:05.434+0700] {taskinstance.py:441} INFO - ::group::Post task execution logs
[2025-10-30T22:48:05.434+0700] {process_utils.py:80} INFO - Process psutil.Process(pid=3140, status='terminated', started='22:47:55') (3140) terminated with exit code None
[2025-10-30T22:48:05.440+0700] {taskinstance.py:2890} ERROR - Task failed with exception
Traceback (most recent call last):
  File "/home/airflow/.local/lib/python3.12/site-packages/airflow/models/taskinstance.py", line 460, in _execute_task
    result = _execute_callable(context=context, **execute_callable_kwargs)
             ^^^^^^^^^^^^^^^^^^^^^^^^^^^^^^^^^^^^^^^^^^^^^^^^^^^^^^^^^^^^^
  File "/home/airflow/.local/lib/python3.12/site-packages/airflow/models/taskinstance.py", line 432, in _execute_callable
    return execute_callable(context=context, **execute_callable_kwargs)
           ^^^^^^^^^^^^^^^^^^^^^^^^^^^^^^^^^^^^^^^^^^^^^^^^^^^^^^^^^^^^
  File "/home/airflow/.local/lib/python3.12/site-packages/airflow/models/baseoperator.py", line 400, in wrapper
    return func(self, *args, **kwargs)
           ^^^^^^^^^^^^^^^^^^^^^^^^^^^
  File "/home/airflow/.local/lib/python3.12/site-packages/airflow/operators/bash.py", line 234, in execute
    result = self.subprocess_hook.run_command(
             ^^^^^^^^^^^^^^^^^^^^^^^^^^^^^^^^^
  File "/home/airflow/.local/lib/python3.12/site-packages/airflow/hooks/subprocess.py", line 91, in run_command
    for raw_line in iter(self.sub_process.stdout.readline, b""):
  File "/home/airflow/.local/lib/python3.12/site-packages/airflow/models/taskinstance.py", line 2609, in signal_handler
    raise AirflowTaskTerminated("Task received SIGTERM signal")
airflow.exceptions.AirflowTaskTerminated: Task received SIGTERM signal
[2025-10-30T22:48:05.443+0700] {taskinstance.py:1205} INFO - Marking task as UP_FOR_RETRY. dag_id=absa_streaming_lifecycle_demo11, task_id=deploy_producer, execution_date=20251030T140000, start_date=20251030T154755, end_date=20251030T154805
[2025-10-30T22:48:05.460+0700] {process_utils.py:80} INFO - Process psutil.Process(pid=3138, status='terminated', exitcode=2, started='22:47:55') (3138) terminated with exit code 2
[2025-10-30T22:48:05.461+0700] {process_utils.py:80} INFO - Process psutil.Process(pid=3141, status='terminated', started='22:47:55') (3141) terminated with exit code None
[2025-10-30T22:48:05.462+0700] {process_utils.py:80} INFO - Process psutil.Process(pid=3139, status='terminated', started='22:47:55') (3139) terminated with exit code None
