[2025-10-29T04:45:55.579+0700] {local_task_job_runner.py:120} INFO - ::group::Pre task execution logs
[2025-10-29T04:45:55.607+0700] {taskinstance.py:2073} INFO - Dependencies all met for dep_context=non-requeueable deps ti=<TaskInstance: absa_streaming_lifecycle_demo1.deploy_consumer manual__2025-10-28T21:45:52.478836+00:00 [queued]>
[2025-10-29T04:45:55.616+0700] {taskinstance.py:2073} INFO - Dependencies all met for dep_context=requeueable deps ti=<TaskInstance: absa_streaming_lifecycle_demo1.deploy_consumer manual__2025-10-28T21:45:52.478836+00:00 [queued]>
[2025-10-29T04:45:55.617+0700] {taskinstance.py:2303} INFO - Starting attempt 1 of 6
[2025-10-29T04:45:55.633+0700] {taskinstance.py:2327} INFO - Executing <Task(BashOperator): deploy_consumer> on 2025-10-28 21:45:52.478836+00:00
[2025-10-29T04:45:55.643+0700] {warnings.py:110} WARNING - /home/***/.local/lib/python3.12/site-packages/***/task/task_runner/standard_task_runner.py:61: DeprecationWarning: This process (pid=165) is multi-threaded, use of fork() may lead to deadlocks in the child.
  pid = os.fork()

[2025-10-29T04:45:55.645+0700] {standard_task_runner.py:63} INFO - Started process 179 to run task
[2025-10-29T04:45:55.644+0700] {standard_task_runner.py:90} INFO - Running: ['***', 'tasks', 'run', 'absa_streaming_lifecycle_demo1', 'deploy_consumer', 'manual__2025-10-28T21:45:52.478836+00:00', '--job-id', '5', '--raw', '--subdir', 'DAGS_FOLDER/absa_streaming_lifecycle_dag1.py', '--cfg-path', '/tmp/tmp4p1gfdj_']
[2025-10-29T04:45:55.647+0700] {standard_task_runner.py:91} INFO - Job 5: Subtask deploy_consumer
[2025-10-29T04:45:55.691+0700] {task_command.py:426} INFO - Running <TaskInstance: absa_streaming_lifecycle_demo1.deploy_consumer manual__2025-10-28T21:45:52.478836+00:00 [running]> on host 781fdc00a34c
[2025-10-29T04:45:55.794+0700] {taskinstance.py:2644} INFO - Exporting env vars: AIRFLOW_CTX_DAG_OWNER='***' AIRFLOW_CTX_DAG_ID='absa_streaming_lifecycle_demo1' AIRFLOW_CTX_TASK_ID='deploy_consumer' AIRFLOW_CTX_EXECUTION_DATE='2025-10-28T21:45:52.478836+00:00' AIRFLOW_CTX_TRY_NUMBER='1' AIRFLOW_CTX_DAG_RUN_ID='manual__2025-10-28T21:45:52.478836+00:00'
[2025-10-29T04:45:55.796+0700] {taskinstance.py:430} INFO - ::endgroup::
[2025-10-29T04:45:55.797+0700] {subprocess.py:63} INFO - Tmp dir root location: /tmp
[2025-10-29T04:45:55.797+0700] {subprocess.py:75} INFO - Running command: ['/usr/bin/bash', '-c', 'bash -c "timeout 45m /opt/***/projects/absa_streaming/scripts/run_consumer.sh"']
[2025-10-29T04:45:55.811+0700] {subprocess.py:86} INFO - Output:
[2025-10-29T04:45:55.817+0700] {subprocess.py:93} INFO - [Consumer] Starting Spark Structured Streaming job...
[2025-10-29T04:45:55.869+0700] {subprocess.py:93} INFO - /home/***/.local/lib/python3.12/site-packages/pyspark/bin/load-spark-env.sh: line 68: ps: command not found
[2025-10-29T04:45:58.145+0700] {subprocess.py:93} INFO - :: loading settings :: url = jar:file:/home/***/.local/lib/python3.12/site-packages/pyspark/jars/ivy-2.5.1.jar!/org/apache/ivy/core/settings/ivysettings.xml
[2025-10-29T04:45:58.245+0700] {subprocess.py:93} INFO - Ivy Default Cache set to: /home/***/.ivy2/cache
[2025-10-29T04:45:58.246+0700] {subprocess.py:93} INFO - The jars for the packages stored in: /home/***/.ivy2/jars
[2025-10-29T04:45:58.252+0700] {subprocess.py:93} INFO - org.apache.spark#spark-sql-kafka-0-10_2.12 added as a dependency
[2025-10-29T04:45:58.252+0700] {subprocess.py:93} INFO - org.postgresql#postgresql added as a dependency
[2025-10-29T04:45:58.253+0700] {subprocess.py:93} INFO - :: resolving dependencies :: org.apache.spark#spark-submit-parent-91205cc5-7da4-4cce-8aae-fbea116a8520;1.0
[2025-10-29T04:45:58.253+0700] {subprocess.py:93} INFO - 	confs: [default]
[2025-10-29T04:46:02.447+0700] {subprocess.py:93} INFO - 	found org.apache.spark#spark-sql-kafka-0-10_2.12;3.5.1 in central
[2025-10-29T04:46:02.698+0700] {subprocess.py:93} INFO - 	found org.apache.spark#spark-token-provider-kafka-0-10_2.12;3.5.1 in central
[2025-10-29T04:46:02.927+0700] {subprocess.py:93} INFO - 	found org.apache.kafka#kafka-clients;3.4.1 in central
[2025-10-29T04:46:03.176+0700] {subprocess.py:93} INFO - 	found org.lz4#lz4-java;1.8.0 in central
[2025-10-29T04:46:03.411+0700] {subprocess.py:93} INFO - 	found org.xerial.snappy#snappy-java;1.1.10.3 in central
[2025-10-29T04:46:04.605+0700] {subprocess.py:93} INFO - 	found org.slf4j#slf4j-api;2.0.7 in central
[2025-10-29T04:46:06.610+0700] {subprocess.py:93} INFO - 	found org.apache.hadoop#hadoop-client-runtime;3.3.4 in central
[2025-10-29T04:46:06.778+0700] {subprocess.py:93} INFO - 	found org.apache.hadoop#hadoop-client-api;3.3.4 in central
[2025-10-29T04:46:08.881+0700] {subprocess.py:93} INFO - 	found commons-logging#commons-logging;1.1.3 in central
[2025-10-29T04:46:09.011+0700] {subprocess.py:93} INFO - 	found com.google.code.findbugs#jsr305;3.0.0 in central
[2025-10-29T04:46:10.955+0700] {subprocess.py:93} INFO - 	found org.apache.commons#commons-pool2;2.11.1 in central
[2025-10-29T04:46:10.961+0700] {subprocess.py:93} INFO - 	found org.postgresql#postgresql;42.6.0 in central
[2025-10-29T04:46:10.966+0700] {subprocess.py:93} INFO - 	found org.checkerframework#checker-qual;3.31.0 in central
[2025-10-29T04:46:11.042+0700] {subprocess.py:93} INFO - downloading https://repo1.maven.org/maven2/org/apache/spark/spark-sql-kafka-0-10_2.12/3.5.1/spark-sql-kafka-0-10_2.12-3.5.1.jar ...
[2025-10-29T04:46:11.245+0700] {subprocess.py:93} INFO - 	[SUCCESSFUL ] org.apache.spark#spark-sql-kafka-0-10_2.12;3.5.1!spark-sql-kafka-0-10_2.12.jar (273ms)
[2025-10-29T04:46:11.308+0700] {subprocess.py:93} INFO - downloading https://repo1.maven.org/maven2/org/apache/spark/spark-token-provider-kafka-0-10_2.12/3.5.1/spark-token-provider-kafka-0-10_2.12-3.5.1.jar ...
[2025-10-29T04:46:11.370+0700] {subprocess.py:93} INFO - 	[SUCCESSFUL ] org.apache.spark#spark-token-provider-kafka-0-10_2.12;3.5.1!spark-token-provider-kafka-0-10_2.12.jar (123ms)
[2025-10-29T04:46:11.436+0700] {subprocess.py:93} INFO - downloading https://repo1.maven.org/maven2/org/apache/kafka/kafka-clients/3.4.1/kafka-clients-3.4.1.jar ...
[2025-10-29T04:46:11.655+0700] {subprocess.py:93} INFO - 	[SUCCESSFUL ] org.apache.kafka#kafka-clients;3.4.1!kafka-clients.jar (284ms)
[2025-10-29T04:46:11.720+0700] {subprocess.py:93} INFO - downloading https://repo1.maven.org/maven2/com/google/code/findbugs/jsr305/3.0.0/jsr305-3.0.0.jar ...
[2025-10-29T04:46:11.787+0700] {subprocess.py:93} INFO - 	[SUCCESSFUL ] com.google.code.findbugs#jsr305;3.0.0!jsr305.jar (132ms)
[2025-10-29T04:46:11.859+0700] {subprocess.py:93} INFO - downloading https://repo1.maven.org/maven2/org/apache/commons/commons-pool2/2.11.1/commons-pool2-2.11.1.jar ...
[2025-10-29T04:46:11.930+0700] {subprocess.py:93} INFO - 	[SUCCESSFUL ] org.apache.commons#commons-pool2;2.11.1!commons-pool2.jar (141ms)
[2025-10-29T04:46:11.991+0700] {subprocess.py:93} INFO - downloading https://repo1.maven.org/maven2/org/apache/hadoop/hadoop-client-runtime/3.3.4/hadoop-client-runtime-3.3.4.jar ...
[2025-10-29T04:46:12.488+0700] {subprocess.py:93} INFO - 	[SUCCESSFUL ] org.apache.hadoop#hadoop-client-runtime;3.3.4!hadoop-client-runtime.jar (557ms)
[2025-10-29T04:46:12.550+0700] {subprocess.py:93} INFO - downloading https://repo1.maven.org/maven2/org/lz4/lz4-java/1.8.0/lz4-java-1.8.0.jar ...
[2025-10-29T04:46:12.629+0700] {subprocess.py:93} INFO - 	[SUCCESSFUL ] org.lz4#lz4-java;1.8.0!lz4-java.jar (140ms)
[2025-10-29T04:46:12.690+0700] {subprocess.py:93} INFO - downloading https://repo1.maven.org/maven2/org/xerial/snappy/snappy-java/1.1.10.3/snappy-java-1.1.10.3.jar ...
[2025-10-29T04:46:12.779+0700] {subprocess.py:93} INFO - 	[SUCCESSFUL ] org.xerial.snappy#snappy-java;1.1.10.3!snappy-java.jar(bundle) (149ms)
[2025-10-29T04:46:12.836+0700] {subprocess.py:93} INFO - downloading https://repo1.maven.org/maven2/org/slf4j/slf4j-api/2.0.7/slf4j-api-2.0.7.jar ...
[2025-10-29T04:46:12.894+0700] {subprocess.py:93} INFO - 	[SUCCESSFUL ] org.slf4j#slf4j-api;2.0.7!slf4j-api.jar (113ms)
[2025-10-29T04:46:12.951+0700] {subprocess.py:93} INFO - downloading https://repo1.maven.org/maven2/org/apache/hadoop/hadoop-client-api/3.3.4/hadoop-client-api-3.3.4.jar ...
[2025-10-29T04:46:13.265+0700] {subprocess.py:93} INFO - 	[SUCCESSFUL ] org.apache.hadoop#hadoop-client-api;3.3.4!hadoop-client-api.jar (371ms)
[2025-10-29T04:46:13.330+0700] {subprocess.py:93} INFO - downloading https://repo1.maven.org/maven2/commons-logging/commons-logging/1.1.3/commons-logging-1.1.3.jar ...
[2025-10-29T04:46:13.387+0700] {subprocess.py:93} INFO - 	[SUCCESSFUL ] commons-logging#commons-logging;1.1.3!commons-logging.jar (122ms)
[2025-10-29T04:46:13.387+0700] {subprocess.py:93} INFO - :: resolution report :: resolve 12717ms :: artifacts dl 2417ms
[2025-10-29T04:46:13.388+0700] {subprocess.py:93} INFO - 	:: modules in use:
[2025-10-29T04:46:13.388+0700] {subprocess.py:93} INFO - 	com.google.code.findbugs#jsr305;3.0.0 from central in [default]
[2025-10-29T04:46:13.388+0700] {subprocess.py:93} INFO - 	commons-logging#commons-logging;1.1.3 from central in [default]
[2025-10-29T04:46:13.388+0700] {subprocess.py:93} INFO - 	org.apache.commons#commons-pool2;2.11.1 from central in [default]
[2025-10-29T04:46:13.388+0700] {subprocess.py:93} INFO - 	org.apache.hadoop#hadoop-client-api;3.3.4 from central in [default]
[2025-10-29T04:46:13.388+0700] {subprocess.py:93} INFO - 	org.apache.hadoop#hadoop-client-runtime;3.3.4 from central in [default]
[2025-10-29T04:46:13.388+0700] {subprocess.py:93} INFO - 	org.apache.kafka#kafka-clients;3.4.1 from central in [default]
[2025-10-29T04:46:13.388+0700] {subprocess.py:93} INFO - 	org.apache.spark#spark-sql-kafka-0-10_2.12;3.5.1 from central in [default]
[2025-10-29T04:46:13.388+0700] {subprocess.py:93} INFO - 	org.apache.spark#spark-token-provider-kafka-0-10_2.12;3.5.1 from central in [default]
[2025-10-29T04:46:13.388+0700] {subprocess.py:93} INFO - 	org.checkerframework#checker-qual;3.31.0 from central in [default]
[2025-10-29T04:46:13.389+0700] {subprocess.py:93} INFO - 	org.lz4#lz4-java;1.8.0 from central in [default]
[2025-10-29T04:46:13.389+0700] {subprocess.py:93} INFO - 	org.postgresql#postgresql;42.6.0 from central in [default]
[2025-10-29T04:46:13.389+0700] {subprocess.py:93} INFO - 	org.slf4j#slf4j-api;2.0.7 from central in [default]
[2025-10-29T04:46:13.389+0700] {subprocess.py:93} INFO - 	org.xerial.snappy#snappy-java;1.1.10.3 from central in [default]
[2025-10-29T04:46:13.389+0700] {subprocess.py:93} INFO - 	---------------------------------------------------------------------
[2025-10-29T04:46:13.389+0700] {subprocess.py:93} INFO - 	|                  |            modules            ||   artifacts   |
[2025-10-29T04:46:13.389+0700] {subprocess.py:93} INFO - 	|       conf       | number| search|dwnlded|evicted|| number|dwnlded|
[2025-10-29T04:46:13.389+0700] {subprocess.py:93} INFO - 	---------------------------------------------------------------------
[2025-10-29T04:46:13.389+0700] {subprocess.py:93} INFO - 	|      default     |   13  |   11  |   11  |   0   ||   13  |   11  |
[2025-10-29T04:46:13.390+0700] {subprocess.py:93} INFO - 	---------------------------------------------------------------------
[2025-10-29T04:46:13.390+0700] {subprocess.py:93} INFO - :: retrieving :: org.apache.spark#spark-submit-parent-91205cc5-7da4-4cce-8aae-fbea116a8520
[2025-10-29T04:46:13.391+0700] {subprocess.py:93} INFO - 	confs: [default]
[2025-10-29T04:46:13.425+0700] {subprocess.py:93} INFO - 	13 artifacts copied, 0 already retrieved (58042kB/35ms)
[2025-10-29T04:46:13.587+0700] {subprocess.py:93} INFO - 25/10/29 04:46:13 WARN NativeCodeLoader: Unable to load native-hadoop library for your platform... using builtin-java classes where applicable
[2025-10-29T04:46:17.187+0700] {subprocess.py:93} INFO - 25/10/29 04:46:17 INFO SparkContext: Running Spark version 3.5.1
[2025-10-29T04:46:17.187+0700] {subprocess.py:93} INFO - 25/10/29 04:46:17 INFO SparkContext: OS info Linux, 6.14.0-33-generic, amd64
[2025-10-29T04:46:17.187+0700] {subprocess.py:93} INFO - 25/10/29 04:46:17 INFO SparkContext: Java version 17.0.17
[2025-10-29T04:46:17.200+0700] {subprocess.py:93} INFO - 25/10/29 04:46:17 INFO ResourceUtils: ==============================================================
[2025-10-29T04:46:17.201+0700] {subprocess.py:93} INFO - 25/10/29 04:46:17 INFO ResourceUtils: No custom resources configured for spark.driver.
[2025-10-29T04:46:17.201+0700] {subprocess.py:93} INFO - 25/10/29 04:46:17 INFO ResourceUtils: ==============================================================
[2025-10-29T04:46:17.201+0700] {subprocess.py:93} INFO - 25/10/29 04:46:17 INFO SparkContext: Submitted application: Kafka_ABSA_Postgres
[2025-10-29T04:46:17.279+0700] {subprocess.py:93} INFO - 25/10/29 04:46:17 INFO ResourceProfile: Default ResourceProfile created, executor resources: Map(cores -> name: cores, amount: 1, script: , vendor: , memory -> name: memory, amount: 1024, script: , vendor: , offHeap -> name: offHeap, amount: 0, script: , vendor: ), task resources: Map(cpus -> name: cpus, amount: 1.0)
[2025-10-29T04:46:17.283+0700] {subprocess.py:93} INFO - 25/10/29 04:46:17 INFO ResourceProfile: Limiting resource is cpu
[2025-10-29T04:46:17.284+0700] {subprocess.py:93} INFO - 25/10/29 04:46:17 INFO ResourceProfileManager: Added ResourceProfile id: 0
[2025-10-29T04:46:17.324+0700] {subprocess.py:93} INFO - 25/10/29 04:46:17 INFO SecurityManager: Changing view acls to: default
[2025-10-29T04:46:17.324+0700] {subprocess.py:93} INFO - 25/10/29 04:46:17 INFO SecurityManager: Changing modify acls to: default
[2025-10-29T04:46:17.324+0700] {subprocess.py:93} INFO - 25/10/29 04:46:17 INFO SecurityManager: Changing view acls groups to:
[2025-10-29T04:46:17.324+0700] {subprocess.py:93} INFO - 25/10/29 04:46:17 INFO SecurityManager: Changing modify acls groups to:
[2025-10-29T04:46:17.325+0700] {subprocess.py:93} INFO - 25/10/29 04:46:17 INFO SecurityManager: SecurityManager: authentication disabled; ui acls disabled; users with view permissions: default; groups with view permissions: EMPTY; users with modify permissions: default; groups with modify permissions: EMPTY
[2025-10-29T04:46:17.479+0700] {subprocess.py:93} INFO - 25/10/29 04:46:17 INFO Utils: Successfully started service 'sparkDriver' on port 46655.
[2025-10-29T04:46:17.508+0700] {subprocess.py:93} INFO - 25/10/29 04:46:17 INFO SparkEnv: Registering MapOutputTracker
[2025-10-29T04:46:17.533+0700] {subprocess.py:93} INFO - 25/10/29 04:46:17 INFO SparkEnv: Registering BlockManagerMaster
[2025-10-29T04:46:17.559+0700] {subprocess.py:93} INFO - 25/10/29 04:46:17 INFO BlockManagerMasterEndpoint: Using org.apache.spark.storage.DefaultTopologyMapper for getting topology information
[2025-10-29T04:46:17.560+0700] {subprocess.py:93} INFO - 25/10/29 04:46:17 INFO BlockManagerMasterEndpoint: BlockManagerMasterEndpoint up
[2025-10-29T04:46:17.571+0700] {subprocess.py:93} INFO - 25/10/29 04:46:17 INFO SparkEnv: Registering BlockManagerMasterHeartbeat
[2025-10-29T04:46:17.608+0700] {subprocess.py:93} INFO - 25/10/29 04:46:17 INFO DiskBlockManager: Created local directory at /tmp/blockmgr-d1a0b38b-d29c-4018-b2fc-157699404826
[2025-10-29T04:46:17.619+0700] {subprocess.py:93} INFO - 25/10/29 04:46:17 INFO MemoryStore: MemoryStore started with capacity 434.4 MiB
[2025-10-29T04:46:17.660+0700] {subprocess.py:93} INFO - 25/10/29 04:46:17 INFO SparkEnv: Registering OutputCommitCoordinator
[2025-10-29T04:46:17.771+0700] {subprocess.py:93} INFO - 25/10/29 04:46:17 INFO JettyUtils: Start Jetty 0.0.0.0:4040 for SparkUI
[2025-10-29T04:46:17.824+0700] {subprocess.py:93} INFO - 25/10/29 04:46:17 INFO Utils: Successfully started service 'SparkUI' on port 4040.
[2025-10-29T04:46:17.854+0700] {subprocess.py:93} INFO - 25/10/29 04:46:17 INFO SparkContext: Added JAR file:///home/***/.ivy2/jars/org.apache.spark_spark-sql-kafka-0-10_2.12-3.5.1.jar at spark://781fdc00a34c:46655/jars/org.apache.spark_spark-sql-kafka-0-10_2.12-3.5.1.jar with timestamp 1761687977182
[2025-10-29T04:46:17.855+0700] {subprocess.py:93} INFO - 25/10/29 04:46:17 INFO SparkContext: Added JAR file:///home/***/.ivy2/jars/org.postgresql_postgresql-42.6.0.jar at spark://781fdc00a34c:46655/jars/org.postgresql_postgresql-42.6.0.jar with timestamp 1761687977182
[2025-10-29T04:46:17.855+0700] {subprocess.py:93} INFO - 25/10/29 04:46:17 INFO SparkContext: Added JAR file:///home/***/.ivy2/jars/org.apache.spark_spark-token-provider-kafka-0-10_2.12-3.5.1.jar at spark://781fdc00a34c:46655/jars/org.apache.spark_spark-token-provider-kafka-0-10_2.12-3.5.1.jar with timestamp 1761687977182
[2025-10-29T04:46:17.855+0700] {subprocess.py:93} INFO - 25/10/29 04:46:17 INFO SparkContext: Added JAR file:///home/***/.ivy2/jars/org.apache.kafka_kafka-clients-3.4.1.jar at spark://781fdc00a34c:46655/jars/org.apache.kafka_kafka-clients-3.4.1.jar with timestamp 1761687977182
[2025-10-29T04:46:17.855+0700] {subprocess.py:93} INFO - 25/10/29 04:46:17 INFO SparkContext: Added JAR file:///home/***/.ivy2/jars/com.google.code.findbugs_jsr305-3.0.0.jar at spark://781fdc00a34c:46655/jars/com.google.code.findbugs_jsr305-3.0.0.jar with timestamp 1761687977182
[2025-10-29T04:46:17.856+0700] {subprocess.py:93} INFO - 25/10/29 04:46:17 INFO SparkContext: Added JAR file:///home/***/.ivy2/jars/org.apache.commons_commons-pool2-2.11.1.jar at spark://781fdc00a34c:46655/jars/org.apache.commons_commons-pool2-2.11.1.jar with timestamp 1761687977182
[2025-10-29T04:46:17.856+0700] {subprocess.py:93} INFO - 25/10/29 04:46:17 INFO SparkContext: Added JAR file:///home/***/.ivy2/jars/org.apache.hadoop_hadoop-client-runtime-3.3.4.jar at spark://781fdc00a34c:46655/jars/org.apache.hadoop_hadoop-client-runtime-3.3.4.jar with timestamp 1761687977182
[2025-10-29T04:46:17.856+0700] {subprocess.py:93} INFO - 25/10/29 04:46:17 INFO SparkContext: Added JAR file:///home/***/.ivy2/jars/org.lz4_lz4-java-1.8.0.jar at spark://781fdc00a34c:46655/jars/org.lz4_lz4-java-1.8.0.jar with timestamp 1761687977182
[2025-10-29T04:46:17.856+0700] {subprocess.py:93} INFO - 25/10/29 04:46:17 INFO SparkContext: Added JAR file:///home/***/.ivy2/jars/org.xerial.snappy_snappy-java-1.1.10.3.jar at spark://781fdc00a34c:46655/jars/org.xerial.snappy_snappy-java-1.1.10.3.jar with timestamp 1761687977182
[2025-10-29T04:46:17.856+0700] {subprocess.py:93} INFO - 25/10/29 04:46:17 INFO SparkContext: Added JAR file:///home/***/.ivy2/jars/org.slf4j_slf4j-api-2.0.7.jar at spark://781fdc00a34c:46655/jars/org.slf4j_slf4j-api-2.0.7.jar with timestamp 1761687977182
[2025-10-29T04:46:17.856+0700] {subprocess.py:93} INFO - 25/10/29 04:46:17 INFO SparkContext: Added JAR file:///home/***/.ivy2/jars/org.apache.hadoop_hadoop-client-api-3.3.4.jar at spark://781fdc00a34c:46655/jars/org.apache.hadoop_hadoop-client-api-3.3.4.jar with timestamp 1761687977182
[2025-10-29T04:46:17.857+0700] {subprocess.py:93} INFO - 25/10/29 04:46:17 INFO SparkContext: Added JAR file:///home/***/.ivy2/jars/commons-logging_commons-logging-1.1.3.jar at spark://781fdc00a34c:46655/jars/commons-logging_commons-logging-1.1.3.jar with timestamp 1761687977182
[2025-10-29T04:46:17.857+0700] {subprocess.py:93} INFO - 25/10/29 04:46:17 INFO SparkContext: Added JAR file:///home/***/.ivy2/jars/org.checkerframework_checker-qual-3.31.0.jar at spark://781fdc00a34c:46655/jars/org.checkerframework_checker-qual-3.31.0.jar with timestamp 1761687977182
[2025-10-29T04:46:17.858+0700] {subprocess.py:93} INFO - 25/10/29 04:46:17 INFO SparkContext: Added file file:///home/***/.ivy2/jars/org.apache.spark_spark-sql-kafka-0-10_2.12-3.5.1.jar at file:///home/***/.ivy2/jars/org.apache.spark_spark-sql-kafka-0-10_2.12-3.5.1.jar with timestamp 1761687977182
[2025-10-29T04:46:17.859+0700] {subprocess.py:93} INFO - 25/10/29 04:46:17 INFO Utils: Copying /home/***/.ivy2/jars/org.apache.spark_spark-sql-kafka-0-10_2.12-3.5.1.jar to /tmp/spark-3621c554-9ff9-4404-bfe5-7e135246b5b5/userFiles-2b774b30-f6c0-4647-87c2-ee93fc6d1530/org.apache.spark_spark-sql-kafka-0-10_2.12-3.5.1.jar
[2025-10-29T04:46:17.869+0700] {subprocess.py:93} INFO - 25/10/29 04:46:17 INFO SparkContext: Added file file:///home/***/.ivy2/jars/org.postgresql_postgresql-42.6.0.jar at file:///home/***/.ivy2/jars/org.postgresql_postgresql-42.6.0.jar with timestamp 1761687977182
[2025-10-29T04:46:17.869+0700] {subprocess.py:93} INFO - 25/10/29 04:46:17 INFO Utils: Copying /home/***/.ivy2/jars/org.postgresql_postgresql-42.6.0.jar to /tmp/spark-3621c554-9ff9-4404-bfe5-7e135246b5b5/userFiles-2b774b30-f6c0-4647-87c2-ee93fc6d1530/org.postgresql_postgresql-42.6.0.jar
[2025-10-29T04:46:17.872+0700] {subprocess.py:93} INFO - 25/10/29 04:46:17 INFO SparkContext: Added file file:///home/***/.ivy2/jars/org.apache.spark_spark-token-provider-kafka-0-10_2.12-3.5.1.jar at file:///home/***/.ivy2/jars/org.apache.spark_spark-token-provider-kafka-0-10_2.12-3.5.1.jar with timestamp 1761687977182
[2025-10-29T04:46:17.872+0700] {subprocess.py:93} INFO - 25/10/29 04:46:17 INFO Utils: Copying /home/***/.ivy2/jars/org.apache.spark_spark-token-provider-kafka-0-10_2.12-3.5.1.jar to /tmp/spark-3621c554-9ff9-4404-bfe5-7e135246b5b5/userFiles-2b774b30-f6c0-4647-87c2-ee93fc6d1530/org.apache.spark_spark-token-provider-kafka-0-10_2.12-3.5.1.jar
[2025-10-29T04:46:17.875+0700] {subprocess.py:93} INFO - 25/10/29 04:46:17 INFO SparkContext: Added file file:///home/***/.ivy2/jars/org.apache.kafka_kafka-clients-3.4.1.jar at file:///home/***/.ivy2/jars/org.apache.kafka_kafka-clients-3.4.1.jar with timestamp 1761687977182
[2025-10-29T04:46:17.876+0700] {subprocess.py:93} INFO - 25/10/29 04:46:17 INFO Utils: Copying /home/***/.ivy2/jars/org.apache.kafka_kafka-clients-3.4.1.jar to /tmp/spark-3621c554-9ff9-4404-bfe5-7e135246b5b5/userFiles-2b774b30-f6c0-4647-87c2-ee93fc6d1530/org.apache.kafka_kafka-clients-3.4.1.jar
[2025-10-29T04:46:17.881+0700] {subprocess.py:93} INFO - 25/10/29 04:46:17 INFO SparkContext: Added file file:///home/***/.ivy2/jars/com.google.code.findbugs_jsr305-3.0.0.jar at file:///home/***/.ivy2/jars/com.google.code.findbugs_jsr305-3.0.0.jar with timestamp 1761687977182
[2025-10-29T04:46:17.882+0700] {subprocess.py:93} INFO - 25/10/29 04:46:17 INFO Utils: Copying /home/***/.ivy2/jars/com.google.code.findbugs_jsr305-3.0.0.jar to /tmp/spark-3621c554-9ff9-4404-bfe5-7e135246b5b5/userFiles-2b774b30-f6c0-4647-87c2-ee93fc6d1530/com.google.code.findbugs_jsr305-3.0.0.jar
[2025-10-29T04:46:17.884+0700] {subprocess.py:93} INFO - 25/10/29 04:46:17 INFO SparkContext: Added file file:///home/***/.ivy2/jars/org.apache.commons_commons-pool2-2.11.1.jar at file:///home/***/.ivy2/jars/org.apache.commons_commons-pool2-2.11.1.jar with timestamp 1761687977182
[2025-10-29T04:46:17.885+0700] {subprocess.py:93} INFO - 25/10/29 04:46:17 INFO Utils: Copying /home/***/.ivy2/jars/org.apache.commons_commons-pool2-2.11.1.jar to /tmp/spark-3621c554-9ff9-4404-bfe5-7e135246b5b5/userFiles-2b774b30-f6c0-4647-87c2-ee93fc6d1530/org.apache.commons_commons-pool2-2.11.1.jar
[2025-10-29T04:46:17.887+0700] {subprocess.py:93} INFO - 25/10/29 04:46:17 INFO SparkContext: Added file file:///home/***/.ivy2/jars/org.apache.hadoop_hadoop-client-runtime-3.3.4.jar at file:///home/***/.ivy2/jars/org.apache.hadoop_hadoop-client-runtime-3.3.4.jar with timestamp 1761687977182
[2025-10-29T04:46:17.888+0700] {subprocess.py:93} INFO - 25/10/29 04:46:17 INFO Utils: Copying /home/***/.ivy2/jars/org.apache.hadoop_hadoop-client-runtime-3.3.4.jar to /tmp/spark-3621c554-9ff9-4404-bfe5-7e135246b5b5/userFiles-2b774b30-f6c0-4647-87c2-ee93fc6d1530/org.apache.hadoop_hadoop-client-runtime-3.3.4.jar
[2025-10-29T04:46:17.903+0700] {subprocess.py:93} INFO - 25/10/29 04:46:17 INFO SparkContext: Added file file:///home/***/.ivy2/jars/org.lz4_lz4-java-1.8.0.jar at file:///home/***/.ivy2/jars/org.lz4_lz4-java-1.8.0.jar with timestamp 1761687977182
[2025-10-29T04:46:17.904+0700] {subprocess.py:93} INFO - 25/10/29 04:46:17 INFO Utils: Copying /home/***/.ivy2/jars/org.lz4_lz4-java-1.8.0.jar to /tmp/spark-3621c554-9ff9-4404-bfe5-7e135246b5b5/userFiles-2b774b30-f6c0-4647-87c2-ee93fc6d1530/org.lz4_lz4-java-1.8.0.jar
[2025-10-29T04:46:17.907+0700] {subprocess.py:93} INFO - 25/10/29 04:46:17 INFO SparkContext: Added file file:///home/***/.ivy2/jars/org.xerial.snappy_snappy-java-1.1.10.3.jar at file:///home/***/.ivy2/jars/org.xerial.snappy_snappy-java-1.1.10.3.jar with timestamp 1761687977182
[2025-10-29T04:46:17.907+0700] {subprocess.py:93} INFO - 25/10/29 04:46:17 INFO Utils: Copying /home/***/.ivy2/jars/org.xerial.snappy_snappy-java-1.1.10.3.jar to /tmp/spark-3621c554-9ff9-4404-bfe5-7e135246b5b5/userFiles-2b774b30-f6c0-4647-87c2-ee93fc6d1530/org.xerial.snappy_snappy-java-1.1.10.3.jar
[2025-10-29T04:46:17.910+0700] {subprocess.py:93} INFO - 25/10/29 04:46:17 INFO SparkContext: Added file file:///home/***/.ivy2/jars/org.slf4j_slf4j-api-2.0.7.jar at file:///home/***/.ivy2/jars/org.slf4j_slf4j-api-2.0.7.jar with timestamp 1761687977182
[2025-10-29T04:46:17.910+0700] {subprocess.py:93} INFO - 25/10/29 04:46:17 INFO Utils: Copying /home/***/.ivy2/jars/org.slf4j_slf4j-api-2.0.7.jar to /tmp/spark-3621c554-9ff9-4404-bfe5-7e135246b5b5/userFiles-2b774b30-f6c0-4647-87c2-ee93fc6d1530/org.slf4j_slf4j-api-2.0.7.jar
[2025-10-29T04:46:17.913+0700] {subprocess.py:93} INFO - 25/10/29 04:46:17 INFO SparkContext: Added file file:///home/***/.ivy2/jars/org.apache.hadoop_hadoop-client-api-3.3.4.jar at file:///home/***/.ivy2/jars/org.apache.hadoop_hadoop-client-api-3.3.4.jar with timestamp 1761687977182
[2025-10-29T04:46:17.913+0700] {subprocess.py:93} INFO - 25/10/29 04:46:17 INFO Utils: Copying /home/***/.ivy2/jars/org.apache.hadoop_hadoop-client-api-3.3.4.jar to /tmp/spark-3621c554-9ff9-4404-bfe5-7e135246b5b5/userFiles-2b774b30-f6c0-4647-87c2-ee93fc6d1530/org.apache.hadoop_hadoop-client-api-3.3.4.jar
[2025-10-29T04:46:17.922+0700] {subprocess.py:93} INFO - 25/10/29 04:46:17 INFO SparkContext: Added file file:///home/***/.ivy2/jars/commons-logging_commons-logging-1.1.3.jar at file:///home/***/.ivy2/jars/commons-logging_commons-logging-1.1.3.jar with timestamp 1761687977182
[2025-10-29T04:46:17.922+0700] {subprocess.py:93} INFO - 25/10/29 04:46:17 INFO Utils: Copying /home/***/.ivy2/jars/commons-logging_commons-logging-1.1.3.jar to /tmp/spark-3621c554-9ff9-4404-bfe5-7e135246b5b5/userFiles-2b774b30-f6c0-4647-87c2-ee93fc6d1530/commons-logging_commons-logging-1.1.3.jar
[2025-10-29T04:46:17.924+0700] {subprocess.py:93} INFO - 25/10/29 04:46:17 INFO SparkContext: Added file file:///home/***/.ivy2/jars/org.checkerframework_checker-qual-3.31.0.jar at file:///home/***/.ivy2/jars/org.checkerframework_checker-qual-3.31.0.jar with timestamp 1761687977182
[2025-10-29T04:46:17.924+0700] {subprocess.py:93} INFO - 25/10/29 04:46:17 INFO Utils: Copying /home/***/.ivy2/jars/org.checkerframework_checker-qual-3.31.0.jar to /tmp/spark-3621c554-9ff9-4404-bfe5-7e135246b5b5/userFiles-2b774b30-f6c0-4647-87c2-ee93fc6d1530/org.checkerframework_checker-qual-3.31.0.jar
[2025-10-29T04:46:17.965+0700] {subprocess.py:93} INFO - 25/10/29 04:46:17 INFO Executor: Starting executor ID driver on host 781fdc00a34c
[2025-10-29T04:46:17.966+0700] {subprocess.py:93} INFO - 25/10/29 04:46:17 INFO Executor: OS info Linux, 6.14.0-33-generic, amd64
[2025-10-29T04:46:17.966+0700] {subprocess.py:93} INFO - 25/10/29 04:46:17 INFO Executor: Java version 17.0.17
[2025-10-29T04:46:17.970+0700] {subprocess.py:93} INFO - 25/10/29 04:46:17 INFO Executor: Starting executor with user classpath (userClassPathFirst = false): ''
[2025-10-29T04:46:17.971+0700] {subprocess.py:93} INFO - 25/10/29 04:46:17 INFO Executor: Created or updated repl class loader org.apache.spark.util.MutableURLClassLoader@a6e6c91 for default.
[2025-10-29T04:46:17.981+0700] {subprocess.py:93} INFO - 25/10/29 04:46:17 INFO Executor: Fetching file:///home/***/.ivy2/jars/org.apache.spark_spark-sql-kafka-0-10_2.12-3.5.1.jar with timestamp 1761687977182
[2025-10-29T04:46:18.001+0700] {subprocess.py:93} INFO - 25/10/29 04:46:18 INFO Utils: /home/***/.ivy2/jars/org.apache.spark_spark-sql-kafka-0-10_2.12-3.5.1.jar has been previously copied to /tmp/spark-3621c554-9ff9-4404-bfe5-7e135246b5b5/userFiles-2b774b30-f6c0-4647-87c2-ee93fc6d1530/org.apache.spark_spark-sql-kafka-0-10_2.12-3.5.1.jar
[2025-10-29T04:46:18.004+0700] {subprocess.py:93} INFO - 25/10/29 04:46:18 INFO Executor: Fetching file:///home/***/.ivy2/jars/org.apache.hadoop_hadoop-client-runtime-3.3.4.jar with timestamp 1761687977182
[2025-10-29T04:46:18.022+0700] {subprocess.py:93} INFO - 25/10/29 04:46:18 INFO Utils: /home/***/.ivy2/jars/org.apache.hadoop_hadoop-client-runtime-3.3.4.jar has been previously copied to /tmp/spark-3621c554-9ff9-4404-bfe5-7e135246b5b5/userFiles-2b774b30-f6c0-4647-87c2-ee93fc6d1530/org.apache.hadoop_hadoop-client-runtime-3.3.4.jar
[2025-10-29T04:46:18.026+0700] {subprocess.py:93} INFO - 25/10/29 04:46:18 INFO Executor: Fetching file:///home/***/.ivy2/jars/org.apache.hadoop_hadoop-client-api-3.3.4.jar with timestamp 1761687977182
[2025-10-29T04:46:18.038+0700] {subprocess.py:93} INFO - 25/10/29 04:46:18 INFO Utils: /home/***/.ivy2/jars/org.apache.hadoop_hadoop-client-api-3.3.4.jar has been previously copied to /tmp/spark-3621c554-9ff9-4404-bfe5-7e135246b5b5/userFiles-2b774b30-f6c0-4647-87c2-ee93fc6d1530/org.apache.hadoop_hadoop-client-api-3.3.4.jar
[2025-10-29T04:46:18.041+0700] {subprocess.py:93} INFO - 25/10/29 04:46:18 INFO Executor: Fetching file:///home/***/.ivy2/jars/org.apache.spark_spark-token-provider-kafka-0-10_2.12-3.5.1.jar with timestamp 1761687977182
[2025-10-29T04:46:18.042+0700] {subprocess.py:93} INFO - 25/10/29 04:46:18 INFO Utils: /home/***/.ivy2/jars/org.apache.spark_spark-token-provider-kafka-0-10_2.12-3.5.1.jar has been previously copied to /tmp/spark-3621c554-9ff9-4404-bfe5-7e135246b5b5/userFiles-2b774b30-f6c0-4647-87c2-ee93fc6d1530/org.apache.spark_spark-token-provider-kafka-0-10_2.12-3.5.1.jar
[2025-10-29T04:46:18.044+0700] {subprocess.py:93} INFO - 25/10/29 04:46:18 INFO Executor: Fetching file:///home/***/.ivy2/jars/com.google.code.findbugs_jsr305-3.0.0.jar with timestamp 1761687977182
[2025-10-29T04:46:18.045+0700] {subprocess.py:93} INFO - 25/10/29 04:46:18 INFO Utils: /home/***/.ivy2/jars/com.google.code.findbugs_jsr305-3.0.0.jar has been previously copied to /tmp/spark-3621c554-9ff9-4404-bfe5-7e135246b5b5/userFiles-2b774b30-f6c0-4647-87c2-ee93fc6d1530/com.google.code.findbugs_jsr305-3.0.0.jar
[2025-10-29T04:46:18.047+0700] {subprocess.py:93} INFO - 25/10/29 04:46:18 INFO Executor: Fetching file:///home/***/.ivy2/jars/org.lz4_lz4-java-1.8.0.jar with timestamp 1761687977182
[2025-10-29T04:46:18.048+0700] {subprocess.py:93} INFO - 25/10/29 04:46:18 INFO Utils: /home/***/.ivy2/jars/org.lz4_lz4-java-1.8.0.jar has been previously copied to /tmp/spark-3621c554-9ff9-4404-bfe5-7e135246b5b5/userFiles-2b774b30-f6c0-4647-87c2-ee93fc6d1530/org.lz4_lz4-java-1.8.0.jar
[2025-10-29T04:46:18.050+0700] {subprocess.py:93} INFO - 25/10/29 04:46:18 INFO Executor: Fetching file:///home/***/.ivy2/jars/org.slf4j_slf4j-api-2.0.7.jar with timestamp 1761687977182
[2025-10-29T04:46:18.050+0700] {subprocess.py:93} INFO - 25/10/29 04:46:18 INFO Utils: /home/***/.ivy2/jars/org.slf4j_slf4j-api-2.0.7.jar has been previously copied to /tmp/spark-3621c554-9ff9-4404-bfe5-7e135246b5b5/userFiles-2b774b30-f6c0-4647-87c2-ee93fc6d1530/org.slf4j_slf4j-api-2.0.7.jar
[2025-10-29T04:46:18.053+0700] {subprocess.py:93} INFO - 25/10/29 04:46:18 INFO Executor: Fetching file:///home/***/.ivy2/jars/org.checkerframework_checker-qual-3.31.0.jar with timestamp 1761687977182
[2025-10-29T04:46:18.053+0700] {subprocess.py:93} INFO - 25/10/29 04:46:18 INFO Utils: /home/***/.ivy2/jars/org.checkerframework_checker-qual-3.31.0.jar has been previously copied to /tmp/spark-3621c554-9ff9-4404-bfe5-7e135246b5b5/userFiles-2b774b30-f6c0-4647-87c2-ee93fc6d1530/org.checkerframework_checker-qual-3.31.0.jar
[2025-10-29T04:46:18.055+0700] {subprocess.py:93} INFO - 25/10/29 04:46:18 INFO Executor: Fetching file:///home/***/.ivy2/jars/org.apache.commons_commons-pool2-2.11.1.jar with timestamp 1761687977182
[2025-10-29T04:46:18.055+0700] {subprocess.py:93} INFO - 25/10/29 04:46:18 INFO Utils: /home/***/.ivy2/jars/org.apache.commons_commons-pool2-2.11.1.jar has been previously copied to /tmp/spark-3621c554-9ff9-4404-bfe5-7e135246b5b5/userFiles-2b774b30-f6c0-4647-87c2-ee93fc6d1530/org.apache.commons_commons-pool2-2.11.1.jar
[2025-10-29T04:46:18.058+0700] {subprocess.py:93} INFO - 25/10/29 04:46:18 INFO Executor: Fetching file:///home/***/.ivy2/jars/commons-logging_commons-logging-1.1.3.jar with timestamp 1761687977182
[2025-10-29T04:46:18.058+0700] {subprocess.py:93} INFO - 25/10/29 04:46:18 INFO Utils: /home/***/.ivy2/jars/commons-logging_commons-logging-1.1.3.jar has been previously copied to /tmp/spark-3621c554-9ff9-4404-bfe5-7e135246b5b5/userFiles-2b774b30-f6c0-4647-87c2-ee93fc6d1530/commons-logging_commons-logging-1.1.3.jar
[2025-10-29T04:46:18.061+0700] {subprocess.py:93} INFO - 25/10/29 04:46:18 INFO Executor: Fetching file:///home/***/.ivy2/jars/org.xerial.snappy_snappy-java-1.1.10.3.jar with timestamp 1761687977182
[2025-10-29T04:46:18.062+0700] {subprocess.py:93} INFO - 25/10/29 04:46:18 INFO Utils: /home/***/.ivy2/jars/org.xerial.snappy_snappy-java-1.1.10.3.jar has been previously copied to /tmp/spark-3621c554-9ff9-4404-bfe5-7e135246b5b5/userFiles-2b774b30-f6c0-4647-87c2-ee93fc6d1530/org.xerial.snappy_snappy-java-1.1.10.3.jar
[2025-10-29T04:46:18.065+0700] {subprocess.py:93} INFO - 25/10/29 04:46:18 INFO Executor: Fetching file:///home/***/.ivy2/jars/org.postgresql_postgresql-42.6.0.jar with timestamp 1761687977182
[2025-10-29T04:46:18.066+0700] {subprocess.py:93} INFO - 25/10/29 04:46:18 INFO Utils: /home/***/.ivy2/jars/org.postgresql_postgresql-42.6.0.jar has been previously copied to /tmp/spark-3621c554-9ff9-4404-bfe5-7e135246b5b5/userFiles-2b774b30-f6c0-4647-87c2-ee93fc6d1530/org.postgresql_postgresql-42.6.0.jar
[2025-10-29T04:46:18.068+0700] {subprocess.py:93} INFO - 25/10/29 04:46:18 INFO Executor: Fetching file:///home/***/.ivy2/jars/org.apache.kafka_kafka-clients-3.4.1.jar with timestamp 1761687977182
[2025-10-29T04:46:18.071+0700] {subprocess.py:93} INFO - 25/10/29 04:46:18 INFO Utils: /home/***/.ivy2/jars/org.apache.kafka_kafka-clients-3.4.1.jar has been previously copied to /tmp/spark-3621c554-9ff9-4404-bfe5-7e135246b5b5/userFiles-2b774b30-f6c0-4647-87c2-ee93fc6d1530/org.apache.kafka_kafka-clients-3.4.1.jar
[2025-10-29T04:46:18.075+0700] {subprocess.py:93} INFO - 25/10/29 04:46:18 INFO Executor: Fetching spark://781fdc00a34c:46655/jars/org.slf4j_slf4j-api-2.0.7.jar with timestamp 1761687977182
[2025-10-29T04:46:18.102+0700] {subprocess.py:93} INFO - 25/10/29 04:46:18 INFO TransportClientFactory: Successfully created connection to 781fdc00a34c/172.18.0.5:46655 after 18 ms (0 ms spent in bootstraps)
[2025-10-29T04:46:18.105+0700] {subprocess.py:93} INFO - 25/10/29 04:46:18 INFO Utils: Fetching spark://781fdc00a34c:46655/jars/org.slf4j_slf4j-api-2.0.7.jar to /tmp/spark-3621c554-9ff9-4404-bfe5-7e135246b5b5/userFiles-2b774b30-f6c0-4647-87c2-ee93fc6d1530/fetchFileTemp8726498039561560393.tmp
[2025-10-29T04:46:18.119+0700] {subprocess.py:93} INFO - 25/10/29 04:46:18 INFO Utils: /tmp/spark-3621c554-9ff9-4404-bfe5-7e135246b5b5/userFiles-2b774b30-f6c0-4647-87c2-ee93fc6d1530/fetchFileTemp8726498039561560393.tmp has been previously copied to /tmp/spark-3621c554-9ff9-4404-bfe5-7e135246b5b5/userFiles-2b774b30-f6c0-4647-87c2-ee93fc6d1530/org.slf4j_slf4j-api-2.0.7.jar
[2025-10-29T04:46:18.123+0700] {subprocess.py:93} INFO - 25/10/29 04:46:18 INFO Executor: Adding file:/tmp/spark-3621c554-9ff9-4404-bfe5-7e135246b5b5/userFiles-2b774b30-f6c0-4647-87c2-ee93fc6d1530/org.slf4j_slf4j-api-2.0.7.jar to class loader default
[2025-10-29T04:46:18.123+0700] {subprocess.py:93} INFO - 25/10/29 04:46:18 INFO Executor: Fetching spark://781fdc00a34c:46655/jars/org.postgresql_postgresql-42.6.0.jar with timestamp 1761687977182
[2025-10-29T04:46:18.123+0700] {subprocess.py:93} INFO - 25/10/29 04:46:18 INFO Utils: Fetching spark://781fdc00a34c:46655/jars/org.postgresql_postgresql-42.6.0.jar to /tmp/spark-3621c554-9ff9-4404-bfe5-7e135246b5b5/userFiles-2b774b30-f6c0-4647-87c2-ee93fc6d1530/fetchFileTemp10840575905268131143.tmp
[2025-10-29T04:46:18.127+0700] {subprocess.py:93} INFO - 25/10/29 04:46:18 INFO Utils: /tmp/spark-3621c554-9ff9-4404-bfe5-7e135246b5b5/userFiles-2b774b30-f6c0-4647-87c2-ee93fc6d1530/fetchFileTemp10840575905268131143.tmp has been previously copied to /tmp/spark-3621c554-9ff9-4404-bfe5-7e135246b5b5/userFiles-2b774b30-f6c0-4647-87c2-ee93fc6d1530/org.postgresql_postgresql-42.6.0.jar
[2025-10-29T04:46:18.146+0700] {subprocess.py:93} INFO - 25/10/29 04:46:18 INFO Executor: Adding file:/tmp/spark-3621c554-9ff9-4404-bfe5-7e135246b5b5/userFiles-2b774b30-f6c0-4647-87c2-ee93fc6d1530/org.postgresql_postgresql-42.6.0.jar to class loader default
[2025-10-29T04:46:18.147+0700] {subprocess.py:93} INFO - 25/10/29 04:46:18 INFO Executor: Fetching spark://781fdc00a34c:46655/jars/org.apache.hadoop_hadoop-client-runtime-3.3.4.jar with timestamp 1761687977182
[2025-10-29T04:46:18.147+0700] {subprocess.py:93} INFO - 25/10/29 04:46:18 INFO Utils: Fetching spark://781fdc00a34c:46655/jars/org.apache.hadoop_hadoop-client-runtime-3.3.4.jar to /tmp/spark-3621c554-9ff9-4404-bfe5-7e135246b5b5/userFiles-2b774b30-f6c0-4647-87c2-ee93fc6d1530/fetchFileTemp1741198831906071177.tmp
[2025-10-29T04:46:18.716+0700] {subprocess.py:93} INFO - 25/10/29 04:46:18 INFO Utils: /tmp/spark-3621c554-9ff9-4404-bfe5-7e135246b5b5/userFiles-2b774b30-f6c0-4647-87c2-ee93fc6d1530/fetchFileTemp1741198831906071177.tmp has been previously copied to /tmp/spark-3621c554-9ff9-4404-bfe5-7e135246b5b5/userFiles-2b774b30-f6c0-4647-87c2-ee93fc6d1530/org.apache.hadoop_hadoop-client-runtime-3.3.4.jar
[2025-10-29T04:46:18.740+0700] {subprocess.py:93} INFO - 25/10/29 04:46:18 INFO Executor: Adding file:/tmp/spark-3621c554-9ff9-4404-bfe5-7e135246b5b5/userFiles-2b774b30-f6c0-4647-87c2-ee93fc6d1530/org.apache.hadoop_hadoop-client-runtime-3.3.4.jar to class loader default
[2025-10-29T04:46:18.740+0700] {subprocess.py:93} INFO - 25/10/29 04:46:18 INFO Executor: Fetching spark://781fdc00a34c:46655/jars/org.apache.hadoop_hadoop-client-api-3.3.4.jar with timestamp 1761687977182
[2025-10-29T04:46:18.741+0700] {subprocess.py:93} INFO - 25/10/29 04:46:18 INFO Utils: Fetching spark://781fdc00a34c:46655/jars/org.apache.hadoop_hadoop-client-api-3.3.4.jar to /tmp/spark-3621c554-9ff9-4404-bfe5-7e135246b5b5/userFiles-2b774b30-f6c0-4647-87c2-ee93fc6d1530/fetchFileTemp13272223108646046544.tmp
[2025-10-29T04:46:19.014+0700] {subprocess.py:93} INFO - 25/10/29 04:46:19 INFO Utils: /tmp/spark-3621c554-9ff9-4404-bfe5-7e135246b5b5/userFiles-2b774b30-f6c0-4647-87c2-ee93fc6d1530/fetchFileTemp13272223108646046544.tmp has been previously copied to /tmp/spark-3621c554-9ff9-4404-bfe5-7e135246b5b5/userFiles-2b774b30-f6c0-4647-87c2-ee93fc6d1530/org.apache.hadoop_hadoop-client-api-3.3.4.jar
[2025-10-29T04:46:19.175+0700] {subprocess.py:93} INFO - 25/10/29 04:46:19 INFO Executor: Adding file:/tmp/spark-3621c554-9ff9-4404-bfe5-7e135246b5b5/userFiles-2b774b30-f6c0-4647-87c2-ee93fc6d1530/org.apache.hadoop_hadoop-client-api-3.3.4.jar to class loader default
[2025-10-29T04:46:19.175+0700] {subprocess.py:93} INFO - 25/10/29 04:46:19 INFO Executor: Fetching spark://781fdc00a34c:46655/jars/org.apache.kafka_kafka-clients-3.4.1.jar with timestamp 1761687977182
[2025-10-29T04:46:19.175+0700] {subprocess.py:93} INFO - 25/10/29 04:46:19 INFO Utils: Fetching spark://781fdc00a34c:46655/jars/org.apache.kafka_kafka-clients-3.4.1.jar to /tmp/spark-3621c554-9ff9-4404-bfe5-7e135246b5b5/userFiles-2b774b30-f6c0-4647-87c2-ee93fc6d1530/fetchFileTemp11016870890716387079.tmp
[2025-10-29T04:46:19.182+0700] {subprocess.py:93} INFO - 25/10/29 04:46:19 INFO Utils: /tmp/spark-3621c554-9ff9-4404-bfe5-7e135246b5b5/userFiles-2b774b30-f6c0-4647-87c2-ee93fc6d1530/fetchFileTemp11016870890716387079.tmp has been previously copied to /tmp/spark-3621c554-9ff9-4404-bfe5-7e135246b5b5/userFiles-2b774b30-f6c0-4647-87c2-ee93fc6d1530/org.apache.kafka_kafka-clients-3.4.1.jar
[2025-10-29T04:46:19.268+0700] {subprocess.py:93} INFO - 25/10/29 04:46:19 INFO Executor: Adding file:/tmp/spark-3621c554-9ff9-4404-bfe5-7e135246b5b5/userFiles-2b774b30-f6c0-4647-87c2-ee93fc6d1530/org.apache.kafka_kafka-clients-3.4.1.jar to class loader default
[2025-10-29T04:46:19.268+0700] {subprocess.py:93} INFO - 25/10/29 04:46:19 INFO Executor: Fetching spark://781fdc00a34c:46655/jars/org.lz4_lz4-java-1.8.0.jar with timestamp 1761687977182
[2025-10-29T04:46:19.268+0700] {subprocess.py:93} INFO - 25/10/29 04:46:19 INFO Utils: Fetching spark://781fdc00a34c:46655/jars/org.lz4_lz4-java-1.8.0.jar to /tmp/spark-3621c554-9ff9-4404-bfe5-7e135246b5b5/userFiles-2b774b30-f6c0-4647-87c2-ee93fc6d1530/fetchFileTemp16093283054980754054.tmp
[2025-10-29T04:46:19.270+0700] {subprocess.py:93} INFO - 25/10/29 04:46:19 INFO Utils: /tmp/spark-3621c554-9ff9-4404-bfe5-7e135246b5b5/userFiles-2b774b30-f6c0-4647-87c2-ee93fc6d1530/fetchFileTemp16093283054980754054.tmp has been previously copied to /tmp/spark-3621c554-9ff9-4404-bfe5-7e135246b5b5/userFiles-2b774b30-f6c0-4647-87c2-ee93fc6d1530/org.lz4_lz4-java-1.8.0.jar
[2025-10-29T04:46:19.302+0700] {subprocess.py:93} INFO - 25/10/29 04:46:19 INFO Executor: Adding file:/tmp/spark-3621c554-9ff9-4404-bfe5-7e135246b5b5/userFiles-2b774b30-f6c0-4647-87c2-ee93fc6d1530/org.lz4_lz4-java-1.8.0.jar to class loader default
[2025-10-29T04:46:19.303+0700] {subprocess.py:93} INFO - 25/10/29 04:46:19 INFO Executor: Fetching spark://781fdc00a34c:46655/jars/com.google.code.findbugs_jsr305-3.0.0.jar with timestamp 1761687977182
[2025-10-29T04:46:19.303+0700] {subprocess.py:93} INFO - 25/10/29 04:46:19 INFO Utils: Fetching spark://781fdc00a34c:46655/jars/com.google.code.findbugs_jsr305-3.0.0.jar to /tmp/spark-3621c554-9ff9-4404-bfe5-7e135246b5b5/userFiles-2b774b30-f6c0-4647-87c2-ee93fc6d1530/fetchFileTemp421527432473320834.tmp
[2025-10-29T04:46:19.304+0700] {subprocess.py:93} INFO - 25/10/29 04:46:19 INFO Utils: /tmp/spark-3621c554-9ff9-4404-bfe5-7e135246b5b5/userFiles-2b774b30-f6c0-4647-87c2-ee93fc6d1530/fetchFileTemp421527432473320834.tmp has been previously copied to /tmp/spark-3621c554-9ff9-4404-bfe5-7e135246b5b5/userFiles-2b774b30-f6c0-4647-87c2-ee93fc6d1530/com.google.code.findbugs_jsr305-3.0.0.jar
[2025-10-29T04:46:19.306+0700] {subprocess.py:93} INFO - 25/10/29 04:46:19 INFO Executor: Adding file:/tmp/spark-3621c554-9ff9-4404-bfe5-7e135246b5b5/userFiles-2b774b30-f6c0-4647-87c2-ee93fc6d1530/com.google.code.findbugs_jsr305-3.0.0.jar to class loader default
[2025-10-29T04:46:19.307+0700] {subprocess.py:93} INFO - 25/10/29 04:46:19 INFO Executor: Fetching spark://781fdc00a34c:46655/jars/org.checkerframework_checker-qual-3.31.0.jar with timestamp 1761687977182
[2025-10-29T04:46:19.307+0700] {subprocess.py:93} INFO - 25/10/29 04:46:19 INFO Utils: Fetching spark://781fdc00a34c:46655/jars/org.checkerframework_checker-qual-3.31.0.jar to /tmp/spark-3621c554-9ff9-4404-bfe5-7e135246b5b5/userFiles-2b774b30-f6c0-4647-87c2-ee93fc6d1530/fetchFileTemp5389916272517206280.tmp
[2025-10-29T04:46:19.308+0700] {subprocess.py:93} INFO - 25/10/29 04:46:19 INFO Utils: /tmp/spark-3621c554-9ff9-4404-bfe5-7e135246b5b5/userFiles-2b774b30-f6c0-4647-87c2-ee93fc6d1530/fetchFileTemp5389916272517206280.tmp has been previously copied to /tmp/spark-3621c554-9ff9-4404-bfe5-7e135246b5b5/userFiles-2b774b30-f6c0-4647-87c2-ee93fc6d1530/org.checkerframework_checker-qual-3.31.0.jar
[2025-10-29T04:46:19.310+0700] {subprocess.py:93} INFO - 25/10/29 04:46:19 INFO Executor: Adding file:/tmp/spark-3621c554-9ff9-4404-bfe5-7e135246b5b5/userFiles-2b774b30-f6c0-4647-87c2-ee93fc6d1530/org.checkerframework_checker-qual-3.31.0.jar to class loader default
[2025-10-29T04:46:19.310+0700] {subprocess.py:93} INFO - 25/10/29 04:46:19 INFO Executor: Fetching spark://781fdc00a34c:46655/jars/org.xerial.snappy_snappy-java-1.1.10.3.jar with timestamp 1761687977182
[2025-10-29T04:46:19.311+0700] {subprocess.py:93} INFO - 25/10/29 04:46:19 INFO Utils: Fetching spark://781fdc00a34c:46655/jars/org.xerial.snappy_snappy-java-1.1.10.3.jar to /tmp/spark-3621c554-9ff9-4404-bfe5-7e135246b5b5/userFiles-2b774b30-f6c0-4647-87c2-ee93fc6d1530/fetchFileTemp7757428699691046131.tmp
[2025-10-29T04:46:19.314+0700] {subprocess.py:93} INFO - 25/10/29 04:46:19 INFO Utils: /tmp/spark-3621c554-9ff9-4404-bfe5-7e135246b5b5/userFiles-2b774b30-f6c0-4647-87c2-ee93fc6d1530/fetchFileTemp7757428699691046131.tmp has been previously copied to /tmp/spark-3621c554-9ff9-4404-bfe5-7e135246b5b5/userFiles-2b774b30-f6c0-4647-87c2-ee93fc6d1530/org.xerial.snappy_snappy-java-1.1.10.3.jar
[2025-10-29T04:46:19.336+0700] {subprocess.py:93} INFO - 25/10/29 04:46:19 INFO Executor: Adding file:/tmp/spark-3621c554-9ff9-4404-bfe5-7e135246b5b5/userFiles-2b774b30-f6c0-4647-87c2-ee93fc6d1530/org.xerial.snappy_snappy-java-1.1.10.3.jar to class loader default
[2025-10-29T04:46:19.336+0700] {subprocess.py:93} INFO - 25/10/29 04:46:19 INFO Executor: Fetching spark://781fdc00a34c:46655/jars/org.apache.spark_spark-sql-kafka-0-10_2.12-3.5.1.jar with timestamp 1761687977182
[2025-10-29T04:46:19.336+0700] {subprocess.py:93} INFO - 25/10/29 04:46:19 INFO Utils: Fetching spark://781fdc00a34c:46655/jars/org.apache.spark_spark-sql-kafka-0-10_2.12-3.5.1.jar to /tmp/spark-3621c554-9ff9-4404-bfe5-7e135246b5b5/userFiles-2b774b30-f6c0-4647-87c2-ee93fc6d1530/fetchFileTemp15963882091297049218.tmp
[2025-10-29T04:46:19.337+0700] {subprocess.py:93} INFO - 25/10/29 04:46:19 INFO Utils: /tmp/spark-3621c554-9ff9-4404-bfe5-7e135246b5b5/userFiles-2b774b30-f6c0-4647-87c2-ee93fc6d1530/fetchFileTemp15963882091297049218.tmp has been previously copied to /tmp/spark-3621c554-9ff9-4404-bfe5-7e135246b5b5/userFiles-2b774b30-f6c0-4647-87c2-ee93fc6d1530/org.apache.spark_spark-sql-kafka-0-10_2.12-3.5.1.jar
[2025-10-29T04:46:19.340+0700] {subprocess.py:93} INFO - 25/10/29 04:46:19 INFO Executor: Adding file:/tmp/spark-3621c554-9ff9-4404-bfe5-7e135246b5b5/userFiles-2b774b30-f6c0-4647-87c2-ee93fc6d1530/org.apache.spark_spark-sql-kafka-0-10_2.12-3.5.1.jar to class loader default
[2025-10-29T04:46:19.340+0700] {subprocess.py:93} INFO - 25/10/29 04:46:19 INFO Executor: Fetching spark://781fdc00a34c:46655/jars/org.apache.spark_spark-token-provider-kafka-0-10_2.12-3.5.1.jar with timestamp 1761687977182
[2025-10-29T04:46:19.341+0700] {subprocess.py:93} INFO - 25/10/29 04:46:19 INFO Utils: Fetching spark://781fdc00a34c:46655/jars/org.apache.spark_spark-token-provider-kafka-0-10_2.12-3.5.1.jar to /tmp/spark-3621c554-9ff9-4404-bfe5-7e135246b5b5/userFiles-2b774b30-f6c0-4647-87c2-ee93fc6d1530/fetchFileTemp1965324450807250059.tmp
[2025-10-29T04:46:19.341+0700] {subprocess.py:93} INFO - 25/10/29 04:46:19 INFO Utils: /tmp/spark-3621c554-9ff9-4404-bfe5-7e135246b5b5/userFiles-2b774b30-f6c0-4647-87c2-ee93fc6d1530/fetchFileTemp1965324450807250059.tmp has been previously copied to /tmp/spark-3621c554-9ff9-4404-bfe5-7e135246b5b5/userFiles-2b774b30-f6c0-4647-87c2-ee93fc6d1530/org.apache.spark_spark-token-provider-kafka-0-10_2.12-3.5.1.jar
[2025-10-29T04:46:19.361+0700] {subprocess.py:93} INFO - 25/10/29 04:46:19 INFO Executor: Adding file:/tmp/spark-3621c554-9ff9-4404-bfe5-7e135246b5b5/userFiles-2b774b30-f6c0-4647-87c2-ee93fc6d1530/org.apache.spark_spark-token-provider-kafka-0-10_2.12-3.5.1.jar to class loader default
[2025-10-29T04:46:19.362+0700] {subprocess.py:93} INFO - 25/10/29 04:46:19 INFO Executor: Fetching spark://781fdc00a34c:46655/jars/org.apache.commons_commons-pool2-2.11.1.jar with timestamp 1761687977182
[2025-10-29T04:46:19.362+0700] {subprocess.py:93} INFO - 25/10/29 04:46:19 INFO Utils: Fetching spark://781fdc00a34c:46655/jars/org.apache.commons_commons-pool2-2.11.1.jar to /tmp/spark-3621c554-9ff9-4404-bfe5-7e135246b5b5/userFiles-2b774b30-f6c0-4647-87c2-ee93fc6d1530/fetchFileTemp1821794386499542725.tmp
[2025-10-29T04:46:19.363+0700] {subprocess.py:93} INFO - 25/10/29 04:46:19 INFO Utils: /tmp/spark-3621c554-9ff9-4404-bfe5-7e135246b5b5/userFiles-2b774b30-f6c0-4647-87c2-ee93fc6d1530/fetchFileTemp1821794386499542725.tmp has been previously copied to /tmp/spark-3621c554-9ff9-4404-bfe5-7e135246b5b5/userFiles-2b774b30-f6c0-4647-87c2-ee93fc6d1530/org.apache.commons_commons-pool2-2.11.1.jar
[2025-10-29T04:46:19.365+0700] {subprocess.py:93} INFO - 25/10/29 04:46:19 INFO Executor: Adding file:/tmp/spark-3621c554-9ff9-4404-bfe5-7e135246b5b5/userFiles-2b774b30-f6c0-4647-87c2-ee93fc6d1530/org.apache.commons_commons-pool2-2.11.1.jar to class loader default
[2025-10-29T04:46:19.365+0700] {subprocess.py:93} INFO - 25/10/29 04:46:19 INFO Executor: Fetching spark://781fdc00a34c:46655/jars/commons-logging_commons-logging-1.1.3.jar with timestamp 1761687977182
[2025-10-29T04:46:19.365+0700] {subprocess.py:93} INFO - 25/10/29 04:46:19 INFO Utils: Fetching spark://781fdc00a34c:46655/jars/commons-logging_commons-logging-1.1.3.jar to /tmp/spark-3621c554-9ff9-4404-bfe5-7e135246b5b5/userFiles-2b774b30-f6c0-4647-87c2-ee93fc6d1530/fetchFileTemp1914818520645193802.tmp
[2025-10-29T04:46:19.366+0700] {subprocess.py:93} INFO - 25/10/29 04:46:19 INFO Utils: /tmp/spark-3621c554-9ff9-4404-bfe5-7e135246b5b5/userFiles-2b774b30-f6c0-4647-87c2-ee93fc6d1530/fetchFileTemp1914818520645193802.tmp has been previously copied to /tmp/spark-3621c554-9ff9-4404-bfe5-7e135246b5b5/userFiles-2b774b30-f6c0-4647-87c2-ee93fc6d1530/commons-logging_commons-logging-1.1.3.jar
[2025-10-29T04:46:19.368+0700] {subprocess.py:93} INFO - 25/10/29 04:46:19 INFO Executor: Adding file:/tmp/spark-3621c554-9ff9-4404-bfe5-7e135246b5b5/userFiles-2b774b30-f6c0-4647-87c2-ee93fc6d1530/commons-logging_commons-logging-1.1.3.jar to class loader default
[2025-10-29T04:46:19.392+0700] {subprocess.py:93} INFO - 25/10/29 04:46:19 INFO Utils: Successfully started service 'org.apache.spark.network.netty.NettyBlockTransferService' on port 38165.
[2025-10-29T04:46:19.393+0700] {subprocess.py:93} INFO - 25/10/29 04:46:19 INFO NettyBlockTransferService: Server created on 781fdc00a34c:38165
[2025-10-29T04:46:19.394+0700] {subprocess.py:93} INFO - 25/10/29 04:46:19 INFO BlockManager: Using org.apache.spark.storage.RandomBlockReplicationPolicy for block replication policy
[2025-10-29T04:46:19.401+0700] {subprocess.py:93} INFO - 25/10/29 04:46:19 INFO BlockManagerMaster: Registering BlockManager BlockManagerId(driver, 781fdc00a34c, 38165, None)
[2025-10-29T04:46:19.403+0700] {subprocess.py:93} INFO - 25/10/29 04:46:19 INFO BlockManagerMasterEndpoint: Registering block manager 781fdc00a34c:38165 with 434.4 MiB RAM, BlockManagerId(driver, 781fdc00a34c, 38165, None)
[2025-10-29T04:46:19.404+0700] {subprocess.py:93} INFO - 25/10/29 04:46:19 INFO BlockManagerMaster: Registered BlockManager BlockManagerId(driver, 781fdc00a34c, 38165, None)
[2025-10-29T04:46:19.405+0700] {subprocess.py:93} INFO - 25/10/29 04:46:19 INFO BlockManager: Initialized BlockManager: BlockManagerId(driver, 781fdc00a34c, 38165, None)
[2025-10-29T04:46:25.382+0700] {subprocess.py:93} INFO - 25/10/29 04:46:25 WARN ResolveWriteToStream: spark.sql.adaptive.enabled is not supported in streaming DataFrames/Datasets and will be disabled.
[2025-10-29T04:46:26.140+0700] {subprocess.py:93} INFO -  Streaming job started  ang lng nghe d liu t Kafka...
[2025-10-29T04:46:26.245+0700] {subprocess.py:93} INFO - 25/10/29 04:46:26 WARN AdminClientConfig: These configurations '[key.deserializer, value.deserializer, enable.auto.commit, max.poll.records, auto.offset.reset]' were supplied but are not used yet.
[2025-10-29T04:46:29.149+0700] {subprocess.py:93} INFO - [Batch 0]  Khng c d liu mi.
[2025-10-29T04:46:32.068+0700] {subprocess.py:93} INFO - 25/10/29 04:46:32 WARN KafkaDataConsumer: KafkaDataConsumer is not running in UninterruptibleThread. It may hang when KafkaDataConsumer's methods are interrupted because of KAFKA-1894
[2025-10-29T04:46:32.419+0700] {subprocess.py:93} INFO - 25/10/29 04:46:32 WARN KafkaDataConsumer: KafkaDataConsumer is not running in UninterruptibleThread. It may hang when KafkaDataConsumer's methods are interrupted because of KAFKA-1894
[2025-10-29T04:46:32.420+0700] {subprocess.py:93} INFO - 25/10/29 04:46:32 WARN KafkaDataConsumer: KafkaDataConsumer is not running in UninterruptibleThread. It may hang when KafkaDataConsumer's methods are interrupted because of KAFKA-1894
[2025-10-29T04:46:32.420+0700] {subprocess.py:93} INFO - 25/10/29 04:46:32 WARN KafkaDataConsumer: KafkaDataConsumer is not running in UninterruptibleThread. It may hang when KafkaDataConsumer's methods are interrupted because of KAFKA-1894
[2025-10-29T04:46:32.420+0700] {subprocess.py:93} INFO - 25/10/29 04:46:32 WARN KafkaDataConsumer: KafkaDataConsumer is not running in UninterruptibleThread. It may hang when KafkaDataConsumer's methods are interrupted because of KAFKA-1894
[2025-10-29T04:46:32.421+0700] {subprocess.py:93} INFO - 25/10/29 04:46:32 WARN KafkaDataConsumer: KafkaDataConsumer is not running in UninterruptibleThread. It may hang when KafkaDataConsumer's methods are interrupted because of KAFKA-1894
[2025-10-29T04:46:32.421+0700] {subprocess.py:93} INFO - 25/10/29 04:46:32 WARN KafkaDataConsumer: KafkaDataConsumer is not running in UninterruptibleThread. It may hang when KafkaDataConsumer's methods are interrupted because of KAFKA-1894
[2025-10-29T04:46:32.421+0700] {subprocess.py:93} INFO - 25/10/29 04:46:32 WARN KafkaDataConsumer: KafkaDataConsumer is not running in UninterruptibleThread. It may hang when KafkaDataConsumer's methods are interrupted because of KAFKA-1894
[2025-10-29T04:46:32.421+0700] {subprocess.py:93} INFO - 25/10/29 04:46:32 WARN KafkaDataConsumer: KafkaDataConsumer is not running in UninterruptibleThread. It may hang when KafkaDataConsumer's methods are interrupted because of KAFKA-1894
[2025-10-29T04:46:32.422+0700] {subprocess.py:93} INFO - 25/10/29 04:46:32 WARN KafkaDataConsumer: KafkaDataConsumer is not running in UninterruptibleThread. It may hang when KafkaDataConsumer's methods are interrupted because of KAFKA-1894
[2025-10-29T04:46:36.045+0700] {subprocess.py:93} INFO - /home/***/.local/lib/python3.12/site-packages/huggingface_hub/file_download.py:942: FutureWarning: `resume_download` is deprecated and will be removed in version 1.0.0. Downloads always resume when possible. If you want to force a new download, use `force_download=True`.
[2025-10-29T04:46:36.046+0700] {subprocess.py:93} INFO -   warnings.warn(
