[2025-10-31T03:51:33.565+0700] {local_task_job_runner.py:120} INFO - ::group::Pre task execution logs
[2025-10-31T03:51:33.579+0700] {taskinstance.py:2073} INFO - Dependencies all met for dep_context=non-requeueable deps ti=<TaskInstance: absa_streaming_lifecycle_demo11.deploy_consumer scheduled__2025-10-30T19:00:00+00:00 [queued]>
[2025-10-31T03:51:33.583+0700] {taskinstance.py:2073} INFO - Dependencies all met for dep_context=requeueable deps ti=<TaskInstance: absa_streaming_lifecycle_demo11.deploy_consumer scheduled__2025-10-30T19:00:00+00:00 [queued]>
[2025-10-31T03:51:33.584+0700] {taskinstance.py:2303} INFO - Starting attempt 2 of 6
[2025-10-31T03:51:33.592+0700] {taskinstance.py:2327} INFO - Executing <Task(BashOperator): deploy_consumer> on 2025-10-30 19:00:00+00:00
[2025-10-31T03:51:33.600+0700] {warnings.py:110} WARNING - /home/***/.local/lib/python3.12/site-packages/***/task/task_runner/standard_task_runner.py:61: DeprecationWarning: This process (pid=20203) is multi-threaded, use of fork() may lead to deadlocks in the child.
  pid = os.fork()

[2025-10-31T03:51:33.601+0700] {standard_task_runner.py:63} INFO - Started process 20227 to run task
[2025-10-31T03:51:33.602+0700] {standard_task_runner.py:90} INFO - Running: ['***', 'tasks', 'run', 'absa_streaming_lifecycle_demo11', 'deploy_consumer', 'scheduled__2025-10-30T19:00:00+00:00', '--job-id', '22', '--raw', '--subdir', 'DAGS_FOLDER/absa_streaming_lifecycle_dag1.py', '--cfg-path', '/tmp/tmppgnrny2a']
[2025-10-31T03:51:33.604+0700] {standard_task_runner.py:91} INFO - Job 22: Subtask deploy_consumer
[2025-10-31T03:51:33.640+0700] {task_command.py:426} INFO - Running <TaskInstance: absa_streaming_lifecycle_demo11.deploy_consumer scheduled__2025-10-30T19:00:00+00:00 [running]> on host be079b239c4c
[2025-10-31T03:51:33.691+0700] {taskinstance.py:2644} INFO - Exporting env vars: AIRFLOW_CTX_DAG_OWNER='***' AIRFLOW_CTX_DAG_ID='absa_streaming_lifecycle_demo11' AIRFLOW_CTX_TASK_ID='deploy_consumer' AIRFLOW_CTX_EXECUTION_DATE='2025-10-30T19:00:00+00:00' AIRFLOW_CTX_TRY_NUMBER='2' AIRFLOW_CTX_DAG_RUN_ID='scheduled__2025-10-30T19:00:00+00:00'
[2025-10-31T03:51:33.692+0700] {taskinstance.py:430} INFO - ::endgroup::
[2025-10-31T03:51:33.693+0700] {subprocess.py:63} INFO - Tmp dir root location: /tmp
[2025-10-31T03:51:33.693+0700] {subprocess.py:75} INFO - Running command: ['/usr/bin/bash', '-c', 'bash -c "timeout 45m /opt/***/projects/absa_streaming/scripts/run_consumer.sh"']
[2025-10-31T03:51:33.709+0700] {subprocess.py:86} INFO - Output:
[2025-10-31T03:51:33.715+0700] {subprocess.py:93} INFO - [Consumer] Starting Spark Structured Streaming job...
[2025-10-31T03:51:33.752+0700] {subprocess.py:93} INFO - /home/***/.local/lib/python3.12/site-packages/pyspark/bin/load-spark-env.sh: line 68: ps: command not found
[2025-10-31T03:51:36.832+0700] {subprocess.py:93} INFO - :: loading settings :: url = jar:file:/home/***/.local/lib/python3.12/site-packages/pyspark/jars/ivy-2.5.1.jar!/org/apache/ivy/core/settings/ivysettings.xml
[2025-10-31T03:51:36.917+0700] {subprocess.py:93} INFO - Ivy Default Cache set to: /home/***/.ivy2/cache
[2025-10-31T03:51:36.918+0700] {subprocess.py:93} INFO - The jars for the packages stored in: /home/***/.ivy2/jars
[2025-10-31T03:51:36.923+0700] {subprocess.py:93} INFO - org.apache.spark#spark-sql-kafka-0-10_2.12 added as a dependency
[2025-10-31T03:51:36.923+0700] {subprocess.py:93} INFO - org.postgresql#postgresql added as a dependency
[2025-10-31T03:51:36.924+0700] {subprocess.py:93} INFO - :: resolving dependencies :: org.apache.spark#spark-submit-parent-c7a87c3b-7d07-454b-ab90-77685796a3d0;1.0
[2025-10-31T03:51:36.924+0700] {subprocess.py:93} INFO - 	confs: [default]
[2025-10-31T03:51:37.091+0700] {subprocess.py:93} INFO - 	found org.apache.spark#spark-sql-kafka-0-10_2.12;3.5.1 in central
[2025-10-31T03:51:37.150+0700] {subprocess.py:93} INFO - 	found org.apache.spark#spark-token-provider-kafka-0-10_2.12;3.5.1 in central
[2025-10-31T03:51:37.177+0700] {subprocess.py:93} INFO - 	found org.apache.kafka#kafka-clients;3.4.1 in central
[2025-10-31T03:51:37.208+0700] {subprocess.py:93} INFO - 	found org.lz4#lz4-java;1.8.0 in central
[2025-10-31T03:51:37.237+0700] {subprocess.py:93} INFO - 	found org.xerial.snappy#snappy-java;1.1.10.3 in central
[2025-10-31T03:51:37.260+0700] {subprocess.py:93} INFO - 	found org.slf4j#slf4j-api;2.0.7 in central
[2025-10-31T03:51:37.284+0700] {subprocess.py:93} INFO - 	found org.apache.hadoop#hadoop-client-runtime;3.3.4 in central
[2025-10-31T03:51:37.310+0700] {subprocess.py:93} INFO - 	found org.apache.hadoop#hadoop-client-api;3.3.4 in central
[2025-10-31T03:51:37.343+0700] {subprocess.py:93} INFO - 	found commons-logging#commons-logging;1.1.3 in central
[2025-10-31T03:51:37.365+0700] {subprocess.py:93} INFO - 	found com.google.code.findbugs#jsr305;3.0.0 in central
[2025-10-31T03:51:37.385+0700] {subprocess.py:93} INFO - 	found org.apache.commons#commons-pool2;2.11.1 in central
[2025-10-31T03:51:37.402+0700] {subprocess.py:93} INFO - 	found org.postgresql#postgresql;42.6.0 in central
[2025-10-31T03:51:37.415+0700] {subprocess.py:93} INFO - 	found org.checkerframework#checker-qual;3.31.0 in central
[2025-10-31T03:51:37.446+0700] {subprocess.py:93} INFO - :: resolution report :: resolve 500ms :: artifacts dl 22ms
[2025-10-31T03:51:37.447+0700] {subprocess.py:93} INFO - 	:: modules in use:
[2025-10-31T03:51:37.447+0700] {subprocess.py:93} INFO - 	com.google.code.findbugs#jsr305;3.0.0 from central in [default]
[2025-10-31T03:51:37.448+0700] {subprocess.py:93} INFO - 	commons-logging#commons-logging;1.1.3 from central in [default]
[2025-10-31T03:51:37.448+0700] {subprocess.py:93} INFO - 	org.apache.commons#commons-pool2;2.11.1 from central in [default]
[2025-10-31T03:51:37.448+0700] {subprocess.py:93} INFO - 	org.apache.hadoop#hadoop-client-api;3.3.4 from central in [default]
[2025-10-31T03:51:37.449+0700] {subprocess.py:93} INFO - 	org.apache.hadoop#hadoop-client-runtime;3.3.4 from central in [default]
[2025-10-31T03:51:37.449+0700] {subprocess.py:93} INFO - 	org.apache.kafka#kafka-clients;3.4.1 from central in [default]
[2025-10-31T03:51:37.449+0700] {subprocess.py:93} INFO - 	org.apache.spark#spark-sql-kafka-0-10_2.12;3.5.1 from central in [default]
[2025-10-31T03:51:37.450+0700] {subprocess.py:93} INFO - 	org.apache.spark#spark-token-provider-kafka-0-10_2.12;3.5.1 from central in [default]
[2025-10-31T03:51:37.450+0700] {subprocess.py:93} INFO - 	org.checkerframework#checker-qual;3.31.0 from central in [default]
[2025-10-31T03:51:37.451+0700] {subprocess.py:93} INFO - 	org.lz4#lz4-java;1.8.0 from central in [default]
[2025-10-31T03:51:37.451+0700] {subprocess.py:93} INFO - 	org.postgresql#postgresql;42.6.0 from central in [default]
[2025-10-31T03:51:37.452+0700] {subprocess.py:93} INFO - 	org.slf4j#slf4j-api;2.0.7 from central in [default]
[2025-10-31T03:51:37.452+0700] {subprocess.py:93} INFO - 	org.xerial.snappy#snappy-java;1.1.10.3 from central in [default]
[2025-10-31T03:51:37.452+0700] {subprocess.py:93} INFO - 	---------------------------------------------------------------------
[2025-10-31T03:51:37.452+0700] {subprocess.py:93} INFO - 	|                  |            modules            ||   artifacts   |
[2025-10-31T03:51:37.453+0700] {subprocess.py:93} INFO - 	|       conf       | number| search|dwnlded|evicted|| number|dwnlded|
[2025-10-31T03:51:37.453+0700] {subprocess.py:93} INFO - 	---------------------------------------------------------------------
[2025-10-31T03:51:37.453+0700] {subprocess.py:93} INFO - 	|      default     |   13  |   0   |   0   |   0   ||   13  |   0   |
[2025-10-31T03:51:37.453+0700] {subprocess.py:93} INFO - 	---------------------------------------------------------------------
[2025-10-31T03:51:37.457+0700] {subprocess.py:93} INFO - :: retrieving :: org.apache.spark#spark-submit-parent-c7a87c3b-7d07-454b-ab90-77685796a3d0
[2025-10-31T03:51:37.458+0700] {subprocess.py:93} INFO - 	confs: [default]
[2025-10-31T03:51:37.468+0700] {subprocess.py:93} INFO - 	0 artifacts copied, 13 already retrieved (0kB/11ms)
[2025-10-31T03:51:37.719+0700] {subprocess.py:93} INFO - 25/10/31 03:51:37 WARN NativeCodeLoader: Unable to load native-hadoop library for your platform... using builtin-java classes where applicable
[2025-10-31T03:51:41.496+0700] {subprocess.py:93} INFO - 25/10/31 03:51:41 INFO SparkContext: Running Spark version 3.5.1
[2025-10-31T03:51:41.497+0700] {subprocess.py:93} INFO - 25/10/31 03:51:41 INFO SparkContext: OS info Linux, 6.14.0-33-generic, amd64
[2025-10-31T03:51:41.497+0700] {subprocess.py:93} INFO - 25/10/31 03:51:41 INFO SparkContext: Java version 17.0.17
[2025-10-31T03:51:41.527+0700] {subprocess.py:93} INFO - 25/10/31 03:51:41 INFO ResourceUtils: ==============================================================
[2025-10-31T03:51:41.527+0700] {subprocess.py:93} INFO - 25/10/31 03:51:41 INFO ResourceUtils: No custom resources configured for spark.driver.
[2025-10-31T03:51:41.528+0700] {subprocess.py:93} INFO - 25/10/31 03:51:41 INFO ResourceUtils: ==============================================================
[2025-10-31T03:51:41.528+0700] {subprocess.py:93} INFO - 25/10/31 03:51:41 INFO SparkContext: Submitted application: Kafka_ABSA_Postgres
[2025-10-31T03:51:41.544+0700] {subprocess.py:93} INFO - 25/10/31 03:51:41 INFO ResourceProfile: Default ResourceProfile created, executor resources: Map(cores -> name: cores, amount: 1, script: , vendor: , memory -> name: memory, amount: 1024, script: , vendor: , offHeap -> name: offHeap, amount: 0, script: , vendor: ), task resources: Map(cpus -> name: cpus, amount: 1.0)
[2025-10-31T03:51:41.550+0700] {subprocess.py:93} INFO - 25/10/31 03:51:41 INFO ResourceProfile: Limiting resource is cpu
[2025-10-31T03:51:41.550+0700] {subprocess.py:93} INFO - 25/10/31 03:51:41 INFO ResourceProfileManager: Added ResourceProfile id: 0
[2025-10-31T03:51:41.608+0700] {subprocess.py:93} INFO - 25/10/31 03:51:41 INFO SecurityManager: Changing view acls to: default
[2025-10-31T03:51:41.609+0700] {subprocess.py:93} INFO - 25/10/31 03:51:41 INFO SecurityManager: Changing modify acls to: default
[2025-10-31T03:51:41.609+0700] {subprocess.py:93} INFO - 25/10/31 03:51:41 INFO SecurityManager: Changing view acls groups to:
[2025-10-31T03:51:41.609+0700] {subprocess.py:93} INFO - 25/10/31 03:51:41 INFO SecurityManager: Changing modify acls groups to:
[2025-10-31T03:51:41.610+0700] {subprocess.py:93} INFO - 25/10/31 03:51:41 INFO SecurityManager: SecurityManager: authentication disabled; ui acls disabled; users with view permissions: default; groups with view permissions: EMPTY; users with modify permissions: default; groups with modify permissions: EMPTY
[2025-10-31T03:51:41.819+0700] {subprocess.py:93} INFO - 25/10/31 03:51:41 INFO Utils: Successfully started service 'sparkDriver' on port 40239.
[2025-10-31T03:51:41.847+0700] {subprocess.py:93} INFO - 25/10/31 03:51:41 INFO SparkEnv: Registering MapOutputTracker
[2025-10-31T03:51:41.879+0700] {subprocess.py:93} INFO - 25/10/31 03:51:41 INFO SparkEnv: Registering BlockManagerMaster
[2025-10-31T03:51:41.983+0700] {subprocess.py:93} INFO - 25/10/31 03:51:41 INFO BlockManagerMasterEndpoint: Using org.apache.spark.storage.DefaultTopologyMapper for getting topology information
[2025-10-31T03:51:41.984+0700] {subprocess.py:93} INFO - 25/10/31 03:51:41 INFO BlockManagerMasterEndpoint: BlockManagerMasterEndpoint up
[2025-10-31T03:51:41.987+0700] {subprocess.py:93} INFO - 25/10/31 03:51:41 INFO SparkEnv: Registering BlockManagerMasterHeartbeat
[2025-10-31T03:51:42.001+0700] {subprocess.py:93} INFO - 25/10/31 03:51:42 INFO DiskBlockManager: Created local directory at /tmp/blockmgr-ec18e846-0da4-48d4-8ef4-09b02284a9a2
[2025-10-31T03:51:42.009+0700] {subprocess.py:93} INFO - 25/10/31 03:51:42 INFO MemoryStore: MemoryStore started with capacity 434.4 MiB
[2025-10-31T03:51:42.019+0700] {subprocess.py:93} INFO - 25/10/31 03:51:42 INFO SparkEnv: Registering OutputCommitCoordinator
[2025-10-31T03:51:42.110+0700] {subprocess.py:93} INFO - 25/10/31 03:51:42 INFO JettyUtils: Start Jetty 0.0.0.0:4040 for SparkUI
[2025-10-31T03:51:42.155+0700] {subprocess.py:93} INFO - 25/10/31 03:51:42 INFO Utils: Successfully started service 'SparkUI' on port 4040.
[2025-10-31T03:51:42.182+0700] {subprocess.py:93} INFO - 25/10/31 03:51:42 INFO SparkContext: Added JAR file:///home/***/.ivy2/jars/org.apache.spark_spark-sql-kafka-0-10_2.12-3.5.1.jar at spark://be079b239c4c:40239/jars/org.apache.spark_spark-sql-kafka-0-10_2.12-3.5.1.jar with timestamp 1761857501491
[2025-10-31T03:51:42.183+0700] {subprocess.py:93} INFO - 25/10/31 03:51:42 INFO SparkContext: Added JAR file:///home/***/.ivy2/jars/org.postgresql_postgresql-42.6.0.jar at spark://be079b239c4c:40239/jars/org.postgresql_postgresql-42.6.0.jar with timestamp 1761857501491
[2025-10-31T03:51:42.183+0700] {subprocess.py:93} INFO - 25/10/31 03:51:42 INFO SparkContext: Added JAR file:///home/***/.ivy2/jars/org.apache.spark_spark-token-provider-kafka-0-10_2.12-3.5.1.jar at spark://be079b239c4c:40239/jars/org.apache.spark_spark-token-provider-kafka-0-10_2.12-3.5.1.jar with timestamp 1761857501491
[2025-10-31T03:51:42.183+0700] {subprocess.py:93} INFO - 25/10/31 03:51:42 INFO SparkContext: Added JAR file:///home/***/.ivy2/jars/org.apache.kafka_kafka-clients-3.4.1.jar at spark://be079b239c4c:40239/jars/org.apache.kafka_kafka-clients-3.4.1.jar with timestamp 1761857501491
[2025-10-31T03:51:42.183+0700] {subprocess.py:93} INFO - 25/10/31 03:51:42 INFO SparkContext: Added JAR file:///home/***/.ivy2/jars/com.google.code.findbugs_jsr305-3.0.0.jar at spark://be079b239c4c:40239/jars/com.google.code.findbugs_jsr305-3.0.0.jar with timestamp 1761857501491
[2025-10-31T03:51:42.183+0700] {subprocess.py:93} INFO - 25/10/31 03:51:42 INFO SparkContext: Added JAR file:///home/***/.ivy2/jars/org.apache.commons_commons-pool2-2.11.1.jar at spark://be079b239c4c:40239/jars/org.apache.commons_commons-pool2-2.11.1.jar with timestamp 1761857501491
[2025-10-31T03:51:42.183+0700] {subprocess.py:93} INFO - 25/10/31 03:51:42 INFO SparkContext: Added JAR file:///home/***/.ivy2/jars/org.apache.hadoop_hadoop-client-runtime-3.3.4.jar at spark://be079b239c4c:40239/jars/org.apache.hadoop_hadoop-client-runtime-3.3.4.jar with timestamp 1761857501491
[2025-10-31T03:51:42.184+0700] {subprocess.py:93} INFO - 25/10/31 03:51:42 INFO SparkContext: Added JAR file:///home/***/.ivy2/jars/org.lz4_lz4-java-1.8.0.jar at spark://be079b239c4c:40239/jars/org.lz4_lz4-java-1.8.0.jar with timestamp 1761857501491
[2025-10-31T03:51:42.184+0700] {subprocess.py:93} INFO - 25/10/31 03:51:42 INFO SparkContext: Added JAR file:///home/***/.ivy2/jars/org.xerial.snappy_snappy-java-1.1.10.3.jar at spark://be079b239c4c:40239/jars/org.xerial.snappy_snappy-java-1.1.10.3.jar with timestamp 1761857501491
[2025-10-31T03:51:42.184+0700] {subprocess.py:93} INFO - 25/10/31 03:51:42 INFO SparkContext: Added JAR file:///home/***/.ivy2/jars/org.slf4j_slf4j-api-2.0.7.jar at spark://be079b239c4c:40239/jars/org.slf4j_slf4j-api-2.0.7.jar with timestamp 1761857501491
[2025-10-31T03:51:42.184+0700] {subprocess.py:93} INFO - 25/10/31 03:51:42 INFO SparkContext: Added JAR file:///home/***/.ivy2/jars/org.apache.hadoop_hadoop-client-api-3.3.4.jar at spark://be079b239c4c:40239/jars/org.apache.hadoop_hadoop-client-api-3.3.4.jar with timestamp 1761857501491
[2025-10-31T03:51:42.184+0700] {subprocess.py:93} INFO - 25/10/31 03:51:42 INFO SparkContext: Added JAR file:///home/***/.ivy2/jars/commons-logging_commons-logging-1.1.3.jar at spark://be079b239c4c:40239/jars/commons-logging_commons-logging-1.1.3.jar with timestamp 1761857501491
[2025-10-31T03:51:42.184+0700] {subprocess.py:93} INFO - 25/10/31 03:51:42 INFO SparkContext: Added JAR file:///home/***/.ivy2/jars/org.checkerframework_checker-qual-3.31.0.jar at spark://be079b239c4c:40239/jars/org.checkerframework_checker-qual-3.31.0.jar with timestamp 1761857501491
[2025-10-31T03:51:42.186+0700] {subprocess.py:93} INFO - 25/10/31 03:51:42 INFO SparkContext: Added file file:///home/***/.ivy2/jars/org.apache.spark_spark-sql-kafka-0-10_2.12-3.5.1.jar at file:///home/***/.ivy2/jars/org.apache.spark_spark-sql-kafka-0-10_2.12-3.5.1.jar with timestamp 1761857501491
[2025-10-31T03:51:42.186+0700] {subprocess.py:93} INFO - 25/10/31 03:51:42 INFO Utils: Copying /home/***/.ivy2/jars/org.apache.spark_spark-sql-kafka-0-10_2.12-3.5.1.jar to /tmp/spark-1edf9921-9711-4e5a-a881-354dcee84c06/userFiles-c4dd5da8-b0cf-4417-9d3c-68940be0c503/org.apache.spark_spark-sql-kafka-0-10_2.12-3.5.1.jar
[2025-10-31T03:51:42.197+0700] {subprocess.py:93} INFO - 25/10/31 03:51:42 INFO SparkContext: Added file file:///home/***/.ivy2/jars/org.postgresql_postgresql-42.6.0.jar at file:///home/***/.ivy2/jars/org.postgresql_postgresql-42.6.0.jar with timestamp 1761857501491
[2025-10-31T03:51:42.197+0700] {subprocess.py:93} INFO - 25/10/31 03:51:42 INFO Utils: Copying /home/***/.ivy2/jars/org.postgresql_postgresql-42.6.0.jar to /tmp/spark-1edf9921-9711-4e5a-a881-354dcee84c06/userFiles-c4dd5da8-b0cf-4417-9d3c-68940be0c503/org.postgresql_postgresql-42.6.0.jar
[2025-10-31T03:51:42.201+0700] {subprocess.py:93} INFO - 25/10/31 03:51:42 INFO SparkContext: Added file file:///home/***/.ivy2/jars/org.apache.spark_spark-token-provider-kafka-0-10_2.12-3.5.1.jar at file:///home/***/.ivy2/jars/org.apache.spark_spark-token-provider-kafka-0-10_2.12-3.5.1.jar with timestamp 1761857501491
[2025-10-31T03:51:42.201+0700] {subprocess.py:93} INFO - 25/10/31 03:51:42 INFO Utils: Copying /home/***/.ivy2/jars/org.apache.spark_spark-token-provider-kafka-0-10_2.12-3.5.1.jar to /tmp/spark-1edf9921-9711-4e5a-a881-354dcee84c06/userFiles-c4dd5da8-b0cf-4417-9d3c-68940be0c503/org.apache.spark_spark-token-provider-kafka-0-10_2.12-3.5.1.jar
[2025-10-31T03:51:42.204+0700] {subprocess.py:93} INFO - 25/10/31 03:51:42 INFO SparkContext: Added file file:///home/***/.ivy2/jars/org.apache.kafka_kafka-clients-3.4.1.jar at file:///home/***/.ivy2/jars/org.apache.kafka_kafka-clients-3.4.1.jar with timestamp 1761857501491
[2025-10-31T03:51:42.205+0700] {subprocess.py:93} INFO - 25/10/31 03:51:42 INFO Utils: Copying /home/***/.ivy2/jars/org.apache.kafka_kafka-clients-3.4.1.jar to /tmp/spark-1edf9921-9711-4e5a-a881-354dcee84c06/userFiles-c4dd5da8-b0cf-4417-9d3c-68940be0c503/org.apache.kafka_kafka-clients-3.4.1.jar
[2025-10-31T03:51:42.211+0700] {subprocess.py:93} INFO - 25/10/31 03:51:42 INFO SparkContext: Added file file:///home/***/.ivy2/jars/com.google.code.findbugs_jsr305-3.0.0.jar at file:///home/***/.ivy2/jars/com.google.code.findbugs_jsr305-3.0.0.jar with timestamp 1761857501491
[2025-10-31T03:51:42.211+0700] {subprocess.py:93} INFO - 25/10/31 03:51:42 INFO Utils: Copying /home/***/.ivy2/jars/com.google.code.findbugs_jsr305-3.0.0.jar to /tmp/spark-1edf9921-9711-4e5a-a881-354dcee84c06/userFiles-c4dd5da8-b0cf-4417-9d3c-68940be0c503/com.google.code.findbugs_jsr305-3.0.0.jar
[2025-10-31T03:51:42.215+0700] {subprocess.py:93} INFO - 25/10/31 03:51:42 INFO SparkContext: Added file file:///home/***/.ivy2/jars/org.apache.commons_commons-pool2-2.11.1.jar at file:///home/***/.ivy2/jars/org.apache.commons_commons-pool2-2.11.1.jar with timestamp 1761857501491
[2025-10-31T03:51:42.215+0700] {subprocess.py:93} INFO - 25/10/31 03:51:42 INFO Utils: Copying /home/***/.ivy2/jars/org.apache.commons_commons-pool2-2.11.1.jar to /tmp/spark-1edf9921-9711-4e5a-a881-354dcee84c06/userFiles-c4dd5da8-b0cf-4417-9d3c-68940be0c503/org.apache.commons_commons-pool2-2.11.1.jar
[2025-10-31T03:51:42.218+0700] {subprocess.py:93} INFO - 25/10/31 03:51:42 INFO SparkContext: Added file file:///home/***/.ivy2/jars/org.apache.hadoop_hadoop-client-runtime-3.3.4.jar at file:///home/***/.ivy2/jars/org.apache.hadoop_hadoop-client-runtime-3.3.4.jar with timestamp 1761857501491
[2025-10-31T03:51:42.218+0700] {subprocess.py:93} INFO - 25/10/31 03:51:42 INFO Utils: Copying /home/***/.ivy2/jars/org.apache.hadoop_hadoop-client-runtime-3.3.4.jar to /tmp/spark-1edf9921-9711-4e5a-a881-354dcee84c06/userFiles-c4dd5da8-b0cf-4417-9d3c-68940be0c503/org.apache.hadoop_hadoop-client-runtime-3.3.4.jar
[2025-10-31T03:51:42.236+0700] {subprocess.py:93} INFO - 25/10/31 03:51:42 INFO SparkContext: Added file file:///home/***/.ivy2/jars/org.lz4_lz4-java-1.8.0.jar at file:///home/***/.ivy2/jars/org.lz4_lz4-java-1.8.0.jar with timestamp 1761857501491
[2025-10-31T03:51:42.236+0700] {subprocess.py:93} INFO - 25/10/31 03:51:42 INFO Utils: Copying /home/***/.ivy2/jars/org.lz4_lz4-java-1.8.0.jar to /tmp/spark-1edf9921-9711-4e5a-a881-354dcee84c06/userFiles-c4dd5da8-b0cf-4417-9d3c-68940be0c503/org.lz4_lz4-java-1.8.0.jar
[2025-10-31T03:51:42.239+0700] {subprocess.py:93} INFO - 25/10/31 03:51:42 INFO SparkContext: Added file file:///home/***/.ivy2/jars/org.xerial.snappy_snappy-java-1.1.10.3.jar at file:///home/***/.ivy2/jars/org.xerial.snappy_snappy-java-1.1.10.3.jar with timestamp 1761857501491
[2025-10-31T03:51:42.240+0700] {subprocess.py:93} INFO - 25/10/31 03:51:42 INFO Utils: Copying /home/***/.ivy2/jars/org.xerial.snappy_snappy-java-1.1.10.3.jar to /tmp/spark-1edf9921-9711-4e5a-a881-354dcee84c06/userFiles-c4dd5da8-b0cf-4417-9d3c-68940be0c503/org.xerial.snappy_snappy-java-1.1.10.3.jar
[2025-10-31T03:51:42.243+0700] {subprocess.py:93} INFO - 25/10/31 03:51:42 INFO SparkContext: Added file file:///home/***/.ivy2/jars/org.slf4j_slf4j-api-2.0.7.jar at file:///home/***/.ivy2/jars/org.slf4j_slf4j-api-2.0.7.jar with timestamp 1761857501491
[2025-10-31T03:51:42.243+0700] {subprocess.py:93} INFO - 25/10/31 03:51:42 INFO Utils: Copying /home/***/.ivy2/jars/org.slf4j_slf4j-api-2.0.7.jar to /tmp/spark-1edf9921-9711-4e5a-a881-354dcee84c06/userFiles-c4dd5da8-b0cf-4417-9d3c-68940be0c503/org.slf4j_slf4j-api-2.0.7.jar
[2025-10-31T03:51:42.246+0700] {subprocess.py:93} INFO - 25/10/31 03:51:42 INFO SparkContext: Added file file:///home/***/.ivy2/jars/org.apache.hadoop_hadoop-client-api-3.3.4.jar at file:///home/***/.ivy2/jars/org.apache.hadoop_hadoop-client-api-3.3.4.jar with timestamp 1761857501491
[2025-10-31T03:51:42.246+0700] {subprocess.py:93} INFO - 25/10/31 03:51:42 INFO Utils: Copying /home/***/.ivy2/jars/org.apache.hadoop_hadoop-client-api-3.3.4.jar to /tmp/spark-1edf9921-9711-4e5a-a881-354dcee84c06/userFiles-c4dd5da8-b0cf-4417-9d3c-68940be0c503/org.apache.hadoop_hadoop-client-api-3.3.4.jar
[2025-10-31T03:51:42.256+0700] {subprocess.py:93} INFO - 25/10/31 03:51:42 INFO SparkContext: Added file file:///home/***/.ivy2/jars/commons-logging_commons-logging-1.1.3.jar at file:///home/***/.ivy2/jars/commons-logging_commons-logging-1.1.3.jar with timestamp 1761857501491
[2025-10-31T03:51:42.257+0700] {subprocess.py:93} INFO - 25/10/31 03:51:42 INFO Utils: Copying /home/***/.ivy2/jars/commons-logging_commons-logging-1.1.3.jar to /tmp/spark-1edf9921-9711-4e5a-a881-354dcee84c06/userFiles-c4dd5da8-b0cf-4417-9d3c-68940be0c503/commons-logging_commons-logging-1.1.3.jar
[2025-10-31T03:51:42.259+0700] {subprocess.py:93} INFO - 25/10/31 03:51:42 INFO SparkContext: Added file file:///home/***/.ivy2/jars/org.checkerframework_checker-qual-3.31.0.jar at file:///home/***/.ivy2/jars/org.checkerframework_checker-qual-3.31.0.jar with timestamp 1761857501491
[2025-10-31T03:51:42.259+0700] {subprocess.py:93} INFO - 25/10/31 03:51:42 INFO Utils: Copying /home/***/.ivy2/jars/org.checkerframework_checker-qual-3.31.0.jar to /tmp/spark-1edf9921-9711-4e5a-a881-354dcee84c06/userFiles-c4dd5da8-b0cf-4417-9d3c-68940be0c503/org.checkerframework_checker-qual-3.31.0.jar
[2025-10-31T03:51:42.301+0700] {subprocess.py:93} INFO - 25/10/31 03:51:42 INFO Executor: Starting executor ID driver on host be079b239c4c
[2025-10-31T03:51:42.301+0700] {subprocess.py:93} INFO - 25/10/31 03:51:42 INFO Executor: OS info Linux, 6.14.0-33-generic, amd64
[2025-10-31T03:51:42.302+0700] {subprocess.py:93} INFO - 25/10/31 03:51:42 INFO Executor: Java version 17.0.17
[2025-10-31T03:51:42.305+0700] {subprocess.py:93} INFO - 25/10/31 03:51:42 INFO Executor: Starting executor with user classpath (userClassPathFirst = false): ''
[2025-10-31T03:51:42.306+0700] {subprocess.py:93} INFO - 25/10/31 03:51:42 INFO Executor: Created or updated repl class loader org.apache.spark.util.MutableURLClassLoader@162c229b for default.
[2025-10-31T03:51:42.312+0700] {subprocess.py:93} INFO - 25/10/31 03:51:42 INFO Executor: Fetching file:///home/***/.ivy2/jars/org.apache.spark_spark-sql-kafka-0-10_2.12-3.5.1.jar with timestamp 1761857501491
[2025-10-31T03:51:42.327+0700] {subprocess.py:93} INFO - 25/10/31 03:51:42 INFO Utils: /home/***/.ivy2/jars/org.apache.spark_spark-sql-kafka-0-10_2.12-3.5.1.jar has been previously copied to /tmp/spark-1edf9921-9711-4e5a-a881-354dcee84c06/userFiles-c4dd5da8-b0cf-4417-9d3c-68940be0c503/org.apache.spark_spark-sql-kafka-0-10_2.12-3.5.1.jar
[2025-10-31T03:51:42.330+0700] {subprocess.py:93} INFO - 25/10/31 03:51:42 INFO Executor: Fetching file:///home/***/.ivy2/jars/org.apache.hadoop_hadoop-client-runtime-3.3.4.jar with timestamp 1761857501491
[2025-10-31T03:51:42.349+0700] {subprocess.py:93} INFO - 25/10/31 03:51:42 INFO Utils: /home/***/.ivy2/jars/org.apache.hadoop_hadoop-client-runtime-3.3.4.jar has been previously copied to /tmp/spark-1edf9921-9711-4e5a-a881-354dcee84c06/userFiles-c4dd5da8-b0cf-4417-9d3c-68940be0c503/org.apache.hadoop_hadoop-client-runtime-3.3.4.jar
[2025-10-31T03:51:42.352+0700] {subprocess.py:93} INFO - 25/10/31 03:51:42 INFO Executor: Fetching file:///home/***/.ivy2/jars/org.apache.hadoop_hadoop-client-api-3.3.4.jar with timestamp 1761857501491
[2025-10-31T03:51:42.366+0700] {subprocess.py:93} INFO - 25/10/31 03:51:42 INFO Utils: /home/***/.ivy2/jars/org.apache.hadoop_hadoop-client-api-3.3.4.jar has been previously copied to /tmp/spark-1edf9921-9711-4e5a-a881-354dcee84c06/userFiles-c4dd5da8-b0cf-4417-9d3c-68940be0c503/org.apache.hadoop_hadoop-client-api-3.3.4.jar
[2025-10-31T03:51:42.370+0700] {subprocess.py:93} INFO - 25/10/31 03:51:42 INFO Executor: Fetching file:///home/***/.ivy2/jars/org.apache.spark_spark-token-provider-kafka-0-10_2.12-3.5.1.jar with timestamp 1761857501491
[2025-10-31T03:51:42.370+0700] {subprocess.py:93} INFO - 25/10/31 03:51:42 INFO Utils: /home/***/.ivy2/jars/org.apache.spark_spark-token-provider-kafka-0-10_2.12-3.5.1.jar has been previously copied to /tmp/spark-1edf9921-9711-4e5a-a881-354dcee84c06/userFiles-c4dd5da8-b0cf-4417-9d3c-68940be0c503/org.apache.spark_spark-token-provider-kafka-0-10_2.12-3.5.1.jar
[2025-10-31T03:51:42.377+0700] {subprocess.py:93} INFO - 25/10/31 03:51:42 INFO Executor: Fetching file:///home/***/.ivy2/jars/com.google.code.findbugs_jsr305-3.0.0.jar with timestamp 1761857501491
[2025-10-31T03:51:42.377+0700] {subprocess.py:93} INFO - 25/10/31 03:51:42 INFO Utils: /home/***/.ivy2/jars/com.google.code.findbugs_jsr305-3.0.0.jar has been previously copied to /tmp/spark-1edf9921-9711-4e5a-a881-354dcee84c06/userFiles-c4dd5da8-b0cf-4417-9d3c-68940be0c503/com.google.code.findbugs_jsr305-3.0.0.jar
[2025-10-31T03:51:42.381+0700] {subprocess.py:93} INFO - 25/10/31 03:51:42 INFO Executor: Fetching file:///home/***/.ivy2/jars/org.lz4_lz4-java-1.8.0.jar with timestamp 1761857501491
[2025-10-31T03:51:42.381+0700] {subprocess.py:93} INFO - 25/10/31 03:51:42 INFO Utils: /home/***/.ivy2/jars/org.lz4_lz4-java-1.8.0.jar has been previously copied to /tmp/spark-1edf9921-9711-4e5a-a881-354dcee84c06/userFiles-c4dd5da8-b0cf-4417-9d3c-68940be0c503/org.lz4_lz4-java-1.8.0.jar
[2025-10-31T03:51:42.385+0700] {subprocess.py:93} INFO - 25/10/31 03:51:42 INFO Executor: Fetching file:///home/***/.ivy2/jars/org.slf4j_slf4j-api-2.0.7.jar with timestamp 1761857501491
[2025-10-31T03:51:42.386+0700] {subprocess.py:93} INFO - 25/10/31 03:51:42 INFO Utils: /home/***/.ivy2/jars/org.slf4j_slf4j-api-2.0.7.jar has been previously copied to /tmp/spark-1edf9921-9711-4e5a-a881-354dcee84c06/userFiles-c4dd5da8-b0cf-4417-9d3c-68940be0c503/org.slf4j_slf4j-api-2.0.7.jar
[2025-10-31T03:51:42.388+0700] {subprocess.py:93} INFO - 25/10/31 03:51:42 INFO Executor: Fetching file:///home/***/.ivy2/jars/org.checkerframework_checker-qual-3.31.0.jar with timestamp 1761857501491
[2025-10-31T03:51:42.389+0700] {subprocess.py:93} INFO - 25/10/31 03:51:42 INFO Utils: /home/***/.ivy2/jars/org.checkerframework_checker-qual-3.31.0.jar has been previously copied to /tmp/spark-1edf9921-9711-4e5a-a881-354dcee84c06/userFiles-c4dd5da8-b0cf-4417-9d3c-68940be0c503/org.checkerframework_checker-qual-3.31.0.jar
[2025-10-31T03:51:42.392+0700] {subprocess.py:93} INFO - 25/10/31 03:51:42 INFO Executor: Fetching file:///home/***/.ivy2/jars/org.apache.commons_commons-pool2-2.11.1.jar with timestamp 1761857501491
[2025-10-31T03:51:42.392+0700] {subprocess.py:93} INFO - 25/10/31 03:51:42 INFO Utils: /home/***/.ivy2/jars/org.apache.commons_commons-pool2-2.11.1.jar has been previously copied to /tmp/spark-1edf9921-9711-4e5a-a881-354dcee84c06/userFiles-c4dd5da8-b0cf-4417-9d3c-68940be0c503/org.apache.commons_commons-pool2-2.11.1.jar
[2025-10-31T03:51:42.395+0700] {subprocess.py:93} INFO - 25/10/31 03:51:42 INFO Executor: Fetching file:///home/***/.ivy2/jars/commons-logging_commons-logging-1.1.3.jar with timestamp 1761857501491
[2025-10-31T03:51:42.396+0700] {subprocess.py:93} INFO - 25/10/31 03:51:42 INFO Utils: /home/***/.ivy2/jars/commons-logging_commons-logging-1.1.3.jar has been previously copied to /tmp/spark-1edf9921-9711-4e5a-a881-354dcee84c06/userFiles-c4dd5da8-b0cf-4417-9d3c-68940be0c503/commons-logging_commons-logging-1.1.3.jar
[2025-10-31T03:51:42.398+0700] {subprocess.py:93} INFO - 25/10/31 03:51:42 INFO Executor: Fetching file:///home/***/.ivy2/jars/org.xerial.snappy_snappy-java-1.1.10.3.jar with timestamp 1761857501491
[2025-10-31T03:51:42.400+0700] {subprocess.py:93} INFO - 25/10/31 03:51:42 INFO Utils: /home/***/.ivy2/jars/org.xerial.snappy_snappy-java-1.1.10.3.jar has been previously copied to /tmp/spark-1edf9921-9711-4e5a-a881-354dcee84c06/userFiles-c4dd5da8-b0cf-4417-9d3c-68940be0c503/org.xerial.snappy_snappy-java-1.1.10.3.jar
[2025-10-31T03:51:42.403+0700] {subprocess.py:93} INFO - 25/10/31 03:51:42 INFO Executor: Fetching file:///home/***/.ivy2/jars/org.postgresql_postgresql-42.6.0.jar with timestamp 1761857501491
[2025-10-31T03:51:42.404+0700] {subprocess.py:93} INFO - 25/10/31 03:51:42 INFO Utils: /home/***/.ivy2/jars/org.postgresql_postgresql-42.6.0.jar has been previously copied to /tmp/spark-1edf9921-9711-4e5a-a881-354dcee84c06/userFiles-c4dd5da8-b0cf-4417-9d3c-68940be0c503/org.postgresql_postgresql-42.6.0.jar
[2025-10-31T03:51:42.407+0700] {subprocess.py:93} INFO - 25/10/31 03:51:42 INFO Executor: Fetching file:///home/***/.ivy2/jars/org.apache.kafka_kafka-clients-3.4.1.jar with timestamp 1761857501491
[2025-10-31T03:51:42.411+0700] {subprocess.py:93} INFO - 25/10/31 03:51:42 INFO Utils: /home/***/.ivy2/jars/org.apache.kafka_kafka-clients-3.4.1.jar has been previously copied to /tmp/spark-1edf9921-9711-4e5a-a881-354dcee84c06/userFiles-c4dd5da8-b0cf-4417-9d3c-68940be0c503/org.apache.kafka_kafka-clients-3.4.1.jar
[2025-10-31T03:51:42.415+0700] {subprocess.py:93} INFO - 25/10/31 03:51:42 INFO Executor: Fetching spark://be079b239c4c:40239/jars/com.google.code.findbugs_jsr305-3.0.0.jar with timestamp 1761857501491
[2025-10-31T03:51:42.446+0700] {subprocess.py:93} INFO - 25/10/31 03:51:42 INFO TransportClientFactory: Successfully created connection to be079b239c4c/172.18.0.8:40239 after 22 ms (0 ms spent in bootstraps)
[2025-10-31T03:51:42.452+0700] {subprocess.py:93} INFO - 25/10/31 03:51:42 INFO Utils: Fetching spark://be079b239c4c:40239/jars/com.google.code.findbugs_jsr305-3.0.0.jar to /tmp/spark-1edf9921-9711-4e5a-a881-354dcee84c06/userFiles-c4dd5da8-b0cf-4417-9d3c-68940be0c503/fetchFileTemp8965620332329255211.tmp
[2025-10-31T03:51:42.468+0700] {subprocess.py:93} INFO - 25/10/31 03:51:42 INFO Utils: /tmp/spark-1edf9921-9711-4e5a-a881-354dcee84c06/userFiles-c4dd5da8-b0cf-4417-9d3c-68940be0c503/fetchFileTemp8965620332329255211.tmp has been previously copied to /tmp/spark-1edf9921-9711-4e5a-a881-354dcee84c06/userFiles-c4dd5da8-b0cf-4417-9d3c-68940be0c503/com.google.code.findbugs_jsr305-3.0.0.jar
[2025-10-31T03:51:42.472+0700] {subprocess.py:93} INFO - 25/10/31 03:51:42 INFO Executor: Adding file:/tmp/spark-1edf9921-9711-4e5a-a881-354dcee84c06/userFiles-c4dd5da8-b0cf-4417-9d3c-68940be0c503/com.google.code.findbugs_jsr305-3.0.0.jar to class loader default
[2025-10-31T03:51:42.473+0700] {subprocess.py:93} INFO - 25/10/31 03:51:42 INFO Executor: Fetching spark://be079b239c4c:40239/jars/org.apache.hadoop_hadoop-client-runtime-3.3.4.jar with timestamp 1761857501491
[2025-10-31T03:51:42.473+0700] {subprocess.py:93} INFO - 25/10/31 03:51:42 INFO Utils: Fetching spark://be079b239c4c:40239/jars/org.apache.hadoop_hadoop-client-runtime-3.3.4.jar to /tmp/spark-1edf9921-9711-4e5a-a881-354dcee84c06/userFiles-c4dd5da8-b0cf-4417-9d3c-68940be0c503/fetchFileTemp13518881809898749047.tmp
[2025-10-31T03:51:43.003+0700] {subprocess.py:93} INFO - 25/10/31 03:51:43 INFO Utils: /tmp/spark-1edf9921-9711-4e5a-a881-354dcee84c06/userFiles-c4dd5da8-b0cf-4417-9d3c-68940be0c503/fetchFileTemp13518881809898749047.tmp has been previously copied to /tmp/spark-1edf9921-9711-4e5a-a881-354dcee84c06/userFiles-c4dd5da8-b0cf-4417-9d3c-68940be0c503/org.apache.hadoop_hadoop-client-runtime-3.3.4.jar
[2025-10-31T03:51:43.075+0700] {subprocess.py:93} INFO - 25/10/31 03:51:43 INFO Executor: Adding file:/tmp/spark-1edf9921-9711-4e5a-a881-354dcee84c06/userFiles-c4dd5da8-b0cf-4417-9d3c-68940be0c503/org.apache.hadoop_hadoop-client-runtime-3.3.4.jar to class loader default
[2025-10-31T03:51:43.076+0700] {subprocess.py:93} INFO - 25/10/31 03:51:43 INFO Executor: Fetching spark://be079b239c4c:40239/jars/org.apache.spark_spark-token-provider-kafka-0-10_2.12-3.5.1.jar with timestamp 1761857501491
[2025-10-31T03:51:43.076+0700] {subprocess.py:93} INFO - 25/10/31 03:51:43 INFO Utils: Fetching spark://be079b239c4c:40239/jars/org.apache.spark_spark-token-provider-kafka-0-10_2.12-3.5.1.jar to /tmp/spark-1edf9921-9711-4e5a-a881-354dcee84c06/userFiles-c4dd5da8-b0cf-4417-9d3c-68940be0c503/fetchFileTemp12116026138743851993.tmp
[2025-10-31T03:51:43.077+0700] {subprocess.py:93} INFO - 25/10/31 03:51:43 INFO Utils: /tmp/spark-1edf9921-9711-4e5a-a881-354dcee84c06/userFiles-c4dd5da8-b0cf-4417-9d3c-68940be0c503/fetchFileTemp12116026138743851993.tmp has been previously copied to /tmp/spark-1edf9921-9711-4e5a-a881-354dcee84c06/userFiles-c4dd5da8-b0cf-4417-9d3c-68940be0c503/org.apache.spark_spark-token-provider-kafka-0-10_2.12-3.5.1.jar
[2025-10-31T03:51:43.094+0700] {subprocess.py:93} INFO - 25/10/31 03:51:43 INFO Executor: Adding file:/tmp/spark-1edf9921-9711-4e5a-a881-354dcee84c06/userFiles-c4dd5da8-b0cf-4417-9d3c-68940be0c503/org.apache.spark_spark-token-provider-kafka-0-10_2.12-3.5.1.jar to class loader default
[2025-10-31T03:51:43.094+0700] {subprocess.py:93} INFO - 25/10/31 03:51:43 INFO Executor: Fetching spark://be079b239c4c:40239/jars/org.apache.commons_commons-pool2-2.11.1.jar with timestamp 1761857501491
[2025-10-31T03:51:43.095+0700] {subprocess.py:93} INFO - 25/10/31 03:51:43 INFO Utils: Fetching spark://be079b239c4c:40239/jars/org.apache.commons_commons-pool2-2.11.1.jar to /tmp/spark-1edf9921-9711-4e5a-a881-354dcee84c06/userFiles-c4dd5da8-b0cf-4417-9d3c-68940be0c503/fetchFileTemp2159667148614486040.tmp
[2025-10-31T03:51:43.097+0700] {subprocess.py:93} INFO - 25/10/31 03:51:43 INFO Utils: /tmp/spark-1edf9921-9711-4e5a-a881-354dcee84c06/userFiles-c4dd5da8-b0cf-4417-9d3c-68940be0c503/fetchFileTemp2159667148614486040.tmp has been previously copied to /tmp/spark-1edf9921-9711-4e5a-a881-354dcee84c06/userFiles-c4dd5da8-b0cf-4417-9d3c-68940be0c503/org.apache.commons_commons-pool2-2.11.1.jar
[2025-10-31T03:51:43.110+0700] {subprocess.py:93} INFO - 25/10/31 03:51:43 INFO Executor: Adding file:/tmp/spark-1edf9921-9711-4e5a-a881-354dcee84c06/userFiles-c4dd5da8-b0cf-4417-9d3c-68940be0c503/org.apache.commons_commons-pool2-2.11.1.jar to class loader default
[2025-10-31T03:51:43.111+0700] {subprocess.py:93} INFO - 25/10/31 03:51:43 INFO Executor: Fetching spark://be079b239c4c:40239/jars/org.apache.spark_spark-sql-kafka-0-10_2.12-3.5.1.jar with timestamp 1761857501491
[2025-10-31T03:51:43.111+0700] {subprocess.py:93} INFO - 25/10/31 03:51:43 INFO Utils: Fetching spark://be079b239c4c:40239/jars/org.apache.spark_spark-sql-kafka-0-10_2.12-3.5.1.jar to /tmp/spark-1edf9921-9711-4e5a-a881-354dcee84c06/userFiles-c4dd5da8-b0cf-4417-9d3c-68940be0c503/fetchFileTemp14487127390575851280.tmp
[2025-10-31T03:51:43.113+0700] {subprocess.py:93} INFO - 25/10/31 03:51:43 INFO Utils: /tmp/spark-1edf9921-9711-4e5a-a881-354dcee84c06/userFiles-c4dd5da8-b0cf-4417-9d3c-68940be0c503/fetchFileTemp14487127390575851280.tmp has been previously copied to /tmp/spark-1edf9921-9711-4e5a-a881-354dcee84c06/userFiles-c4dd5da8-b0cf-4417-9d3c-68940be0c503/org.apache.spark_spark-sql-kafka-0-10_2.12-3.5.1.jar
[2025-10-31T03:51:43.132+0700] {subprocess.py:93} INFO - 25/10/31 03:51:43 INFO Executor: Adding file:/tmp/spark-1edf9921-9711-4e5a-a881-354dcee84c06/userFiles-c4dd5da8-b0cf-4417-9d3c-68940be0c503/org.apache.spark_spark-sql-kafka-0-10_2.12-3.5.1.jar to class loader default
[2025-10-31T03:51:43.132+0700] {subprocess.py:93} INFO - 25/10/31 03:51:43 INFO Executor: Fetching spark://be079b239c4c:40239/jars/org.lz4_lz4-java-1.8.0.jar with timestamp 1761857501491
[2025-10-31T03:51:43.132+0700] {subprocess.py:93} INFO - 25/10/31 03:51:43 INFO Utils: Fetching spark://be079b239c4c:40239/jars/org.lz4_lz4-java-1.8.0.jar to /tmp/spark-1edf9921-9711-4e5a-a881-354dcee84c06/userFiles-c4dd5da8-b0cf-4417-9d3c-68940be0c503/fetchFileTemp18325855289139629400.tmp
[2025-10-31T03:51:43.134+0700] {subprocess.py:93} INFO - 25/10/31 03:51:43 INFO Utils: /tmp/spark-1edf9921-9711-4e5a-a881-354dcee84c06/userFiles-c4dd5da8-b0cf-4417-9d3c-68940be0c503/fetchFileTemp18325855289139629400.tmp has been previously copied to /tmp/spark-1edf9921-9711-4e5a-a881-354dcee84c06/userFiles-c4dd5da8-b0cf-4417-9d3c-68940be0c503/org.lz4_lz4-java-1.8.0.jar
[2025-10-31T03:51:43.156+0700] {subprocess.py:93} INFO - 25/10/31 03:51:43 INFO Executor: Adding file:/tmp/spark-1edf9921-9711-4e5a-a881-354dcee84c06/userFiles-c4dd5da8-b0cf-4417-9d3c-68940be0c503/org.lz4_lz4-java-1.8.0.jar to class loader default
[2025-10-31T03:51:43.156+0700] {subprocess.py:93} INFO - 25/10/31 03:51:43 INFO Executor: Fetching spark://be079b239c4c:40239/jars/commons-logging_commons-logging-1.1.3.jar with timestamp 1761857501491
[2025-10-31T03:51:43.156+0700] {subprocess.py:93} INFO - 25/10/31 03:51:43 INFO Utils: Fetching spark://be079b239c4c:40239/jars/commons-logging_commons-logging-1.1.3.jar to /tmp/spark-1edf9921-9711-4e5a-a881-354dcee84c06/userFiles-c4dd5da8-b0cf-4417-9d3c-68940be0c503/fetchFileTemp4735229372008279015.tmp
[2025-10-31T03:51:43.175+0700] {subprocess.py:93} INFO - 25/10/31 03:51:43 INFO Utils: /tmp/spark-1edf9921-9711-4e5a-a881-354dcee84c06/userFiles-c4dd5da8-b0cf-4417-9d3c-68940be0c503/fetchFileTemp4735229372008279015.tmp has been previously copied to /tmp/spark-1edf9921-9711-4e5a-a881-354dcee84c06/userFiles-c4dd5da8-b0cf-4417-9d3c-68940be0c503/commons-logging_commons-logging-1.1.3.jar
[2025-10-31T03:51:43.178+0700] {subprocess.py:93} INFO - 25/10/31 03:51:43 INFO Executor: Adding file:/tmp/spark-1edf9921-9711-4e5a-a881-354dcee84c06/userFiles-c4dd5da8-b0cf-4417-9d3c-68940be0c503/commons-logging_commons-logging-1.1.3.jar to class loader default
[2025-10-31T03:51:43.178+0700] {subprocess.py:93} INFO - 25/10/31 03:51:43 INFO Executor: Fetching spark://be079b239c4c:40239/jars/org.apache.hadoop_hadoop-client-api-3.3.4.jar with timestamp 1761857501491
[2025-10-31T03:51:43.179+0700] {subprocess.py:93} INFO - 25/10/31 03:51:43 INFO Utils: Fetching spark://be079b239c4c:40239/jars/org.apache.hadoop_hadoop-client-api-3.3.4.jar to /tmp/spark-1edf9921-9711-4e5a-a881-354dcee84c06/userFiles-c4dd5da8-b0cf-4417-9d3c-68940be0c503/fetchFileTemp5909301966876501892.tmp
[2025-10-31T03:51:43.528+0700] {subprocess.py:93} INFO - 25/10/31 03:51:43 INFO Utils: /tmp/spark-1edf9921-9711-4e5a-a881-354dcee84c06/userFiles-c4dd5da8-b0cf-4417-9d3c-68940be0c503/fetchFileTemp5909301966876501892.tmp has been previously copied to /tmp/spark-1edf9921-9711-4e5a-a881-354dcee84c06/userFiles-c4dd5da8-b0cf-4417-9d3c-68940be0c503/org.apache.hadoop_hadoop-client-api-3.3.4.jar
[2025-10-31T03:51:43.555+0700] {subprocess.py:93} INFO - 25/10/31 03:51:43 INFO Executor: Adding file:/tmp/spark-1edf9921-9711-4e5a-a881-354dcee84c06/userFiles-c4dd5da8-b0cf-4417-9d3c-68940be0c503/org.apache.hadoop_hadoop-client-api-3.3.4.jar to class loader default
[2025-10-31T03:51:43.556+0700] {subprocess.py:93} INFO - 25/10/31 03:51:43 INFO Executor: Fetching spark://be079b239c4c:40239/jars/org.slf4j_slf4j-api-2.0.7.jar with timestamp 1761857501491
[2025-10-31T03:51:43.556+0700] {subprocess.py:93} INFO - 25/10/31 03:51:43 INFO Utils: Fetching spark://be079b239c4c:40239/jars/org.slf4j_slf4j-api-2.0.7.jar to /tmp/spark-1edf9921-9711-4e5a-a881-354dcee84c06/userFiles-c4dd5da8-b0cf-4417-9d3c-68940be0c503/fetchFileTemp1580868386788673300.tmp
[2025-10-31T03:51:43.557+0700] {subprocess.py:93} INFO - 25/10/31 03:51:43 INFO Utils: /tmp/spark-1edf9921-9711-4e5a-a881-354dcee84c06/userFiles-c4dd5da8-b0cf-4417-9d3c-68940be0c503/fetchFileTemp1580868386788673300.tmp has been previously copied to /tmp/spark-1edf9921-9711-4e5a-a881-354dcee84c06/userFiles-c4dd5da8-b0cf-4417-9d3c-68940be0c503/org.slf4j_slf4j-api-2.0.7.jar
[2025-10-31T03:51:43.571+0700] {subprocess.py:93} INFO - 25/10/31 03:51:43 INFO Executor: Adding file:/tmp/spark-1edf9921-9711-4e5a-a881-354dcee84c06/userFiles-c4dd5da8-b0cf-4417-9d3c-68940be0c503/org.slf4j_slf4j-api-2.0.7.jar to class loader default
[2025-10-31T03:51:43.571+0700] {subprocess.py:93} INFO - 25/10/31 03:51:43 INFO Executor: Fetching spark://be079b239c4c:40239/jars/org.apache.kafka_kafka-clients-3.4.1.jar with timestamp 1761857501491
[2025-10-31T03:51:43.571+0700] {subprocess.py:93} INFO - 25/10/31 03:51:43 INFO Utils: Fetching spark://be079b239c4c:40239/jars/org.apache.kafka_kafka-clients-3.4.1.jar to /tmp/spark-1edf9921-9711-4e5a-a881-354dcee84c06/userFiles-c4dd5da8-b0cf-4417-9d3c-68940be0c503/fetchFileTemp16237053907168696395.tmp
[2025-10-31T03:51:43.644+0700] {subprocess.py:93} INFO - 25/10/31 03:51:43 INFO Utils: /tmp/spark-1edf9921-9711-4e5a-a881-354dcee84c06/userFiles-c4dd5da8-b0cf-4417-9d3c-68940be0c503/fetchFileTemp16237053907168696395.tmp has been previously copied to /tmp/spark-1edf9921-9711-4e5a-a881-354dcee84c06/userFiles-c4dd5da8-b0cf-4417-9d3c-68940be0c503/org.apache.kafka_kafka-clients-3.4.1.jar
[2025-10-31T03:51:43.706+0700] {subprocess.py:93} INFO - 25/10/31 03:51:43 INFO Executor: Adding file:/tmp/spark-1edf9921-9711-4e5a-a881-354dcee84c06/userFiles-c4dd5da8-b0cf-4417-9d3c-68940be0c503/org.apache.kafka_kafka-clients-3.4.1.jar to class loader default
[2025-10-31T03:51:43.707+0700] {subprocess.py:93} INFO - 25/10/31 03:51:43 INFO Executor: Fetching spark://be079b239c4c:40239/jars/org.xerial.snappy_snappy-java-1.1.10.3.jar with timestamp 1761857501491
[2025-10-31T03:51:43.708+0700] {subprocess.py:93} INFO - 25/10/31 03:51:43 INFO Utils: Fetching spark://be079b239c4c:40239/jars/org.xerial.snappy_snappy-java-1.1.10.3.jar to /tmp/spark-1edf9921-9711-4e5a-a881-354dcee84c06/userFiles-c4dd5da8-b0cf-4417-9d3c-68940be0c503/fetchFileTemp1973296498985800877.tmp
[2025-10-31T03:51:43.715+0700] {subprocess.py:93} INFO - 25/10/31 03:51:43 INFO Utils: /tmp/spark-1edf9921-9711-4e5a-a881-354dcee84c06/userFiles-c4dd5da8-b0cf-4417-9d3c-68940be0c503/fetchFileTemp1973296498985800877.tmp has been previously copied to /tmp/spark-1edf9921-9711-4e5a-a881-354dcee84c06/userFiles-c4dd5da8-b0cf-4417-9d3c-68940be0c503/org.xerial.snappy_snappy-java-1.1.10.3.jar
[2025-10-31T03:51:43.777+0700] {subprocess.py:93} INFO - 25/10/31 03:51:43 INFO Executor: Adding file:/tmp/spark-1edf9921-9711-4e5a-a881-354dcee84c06/userFiles-c4dd5da8-b0cf-4417-9d3c-68940be0c503/org.xerial.snappy_snappy-java-1.1.10.3.jar to class loader default
[2025-10-31T03:51:43.778+0700] {subprocess.py:93} INFO - 25/10/31 03:51:43 INFO Executor: Fetching spark://be079b239c4c:40239/jars/org.checkerframework_checker-qual-3.31.0.jar with timestamp 1761857501491
[2025-10-31T03:51:43.778+0700] {subprocess.py:93} INFO - 25/10/31 03:51:43 INFO Utils: Fetching spark://be079b239c4c:40239/jars/org.checkerframework_checker-qual-3.31.0.jar to /tmp/spark-1edf9921-9711-4e5a-a881-354dcee84c06/userFiles-c4dd5da8-b0cf-4417-9d3c-68940be0c503/fetchFileTemp3021655081580188217.tmp
[2025-10-31T03:51:43.780+0700] {subprocess.py:93} INFO - 25/10/31 03:51:43 INFO Utils: /tmp/spark-1edf9921-9711-4e5a-a881-354dcee84c06/userFiles-c4dd5da8-b0cf-4417-9d3c-68940be0c503/fetchFileTemp3021655081580188217.tmp has been previously copied to /tmp/spark-1edf9921-9711-4e5a-a881-354dcee84c06/userFiles-c4dd5da8-b0cf-4417-9d3c-68940be0c503/org.checkerframework_checker-qual-3.31.0.jar
[2025-10-31T03:51:43.783+0700] {subprocess.py:93} INFO - 25/10/31 03:51:43 INFO Executor: Adding file:/tmp/spark-1edf9921-9711-4e5a-a881-354dcee84c06/userFiles-c4dd5da8-b0cf-4417-9d3c-68940be0c503/org.checkerframework_checker-qual-3.31.0.jar to class loader default
[2025-10-31T03:51:43.783+0700] {subprocess.py:93} INFO - 25/10/31 03:51:43 INFO Executor: Fetching spark://be079b239c4c:40239/jars/org.postgresql_postgresql-42.6.0.jar with timestamp 1761857501491
[2025-10-31T03:51:43.783+0700] {subprocess.py:93} INFO - 25/10/31 03:51:43 INFO Utils: Fetching spark://be079b239c4c:40239/jars/org.postgresql_postgresql-42.6.0.jar to /tmp/spark-1edf9921-9711-4e5a-a881-354dcee84c06/userFiles-c4dd5da8-b0cf-4417-9d3c-68940be0c503/fetchFileTemp3724865233925235741.tmp
[2025-10-31T03:51:43.786+0700] {subprocess.py:93} INFO - 25/10/31 03:51:43 INFO Utils: /tmp/spark-1edf9921-9711-4e5a-a881-354dcee84c06/userFiles-c4dd5da8-b0cf-4417-9d3c-68940be0c503/fetchFileTemp3724865233925235741.tmp has been previously copied to /tmp/spark-1edf9921-9711-4e5a-a881-354dcee84c06/userFiles-c4dd5da8-b0cf-4417-9d3c-68940be0c503/org.postgresql_postgresql-42.6.0.jar
[2025-10-31T03:51:43.808+0700] {subprocess.py:93} INFO - 25/10/31 03:51:43 INFO Executor: Adding file:/tmp/spark-1edf9921-9711-4e5a-a881-354dcee84c06/userFiles-c4dd5da8-b0cf-4417-9d3c-68940be0c503/org.postgresql_postgresql-42.6.0.jar to class loader default
[2025-10-31T03:51:43.835+0700] {subprocess.py:93} INFO - 25/10/31 03:51:43 INFO Utils: Successfully started service 'org.apache.spark.network.netty.NettyBlockTransferService' on port 42961.
[2025-10-31T03:51:43.835+0700] {subprocess.py:93} INFO - 25/10/31 03:51:43 INFO NettyBlockTransferService: Server created on be079b239c4c:42961
[2025-10-31T03:51:43.837+0700] {subprocess.py:93} INFO - 25/10/31 03:51:43 INFO BlockManager: Using org.apache.spark.storage.RandomBlockReplicationPolicy for block replication policy
[2025-10-31T03:51:43.843+0700] {subprocess.py:93} INFO - 25/10/31 03:51:43 INFO BlockManagerMaster: Registering BlockManager BlockManagerId(driver, be079b239c4c, 42961, None)
[2025-10-31T03:51:43.846+0700] {subprocess.py:93} INFO - 25/10/31 03:51:43 INFO BlockManagerMasterEndpoint: Registering block manager be079b239c4c:42961 with 434.4 MiB RAM, BlockManagerId(driver, be079b239c4c, 42961, None)
[2025-10-31T03:51:43.849+0700] {subprocess.py:93} INFO - 25/10/31 03:51:43 INFO BlockManagerMaster: Registered BlockManager BlockManagerId(driver, be079b239c4c, 42961, None)
[2025-10-31T03:51:43.850+0700] {subprocess.py:93} INFO - 25/10/31 03:51:43 INFO BlockManager: Initialized BlockManager: BlockManagerId(driver, be079b239c4c, 42961, None)
[2025-10-31T03:51:46.643+0700] {subprocess.py:93} INFO - 🚀 Streaming job started — đang lắng nghe dữ liệu từ Kafka...
[2025-10-31T03:51:48.464+0700] {subprocess.py:93} INFO - [Batch 0] ⚠️ Không có dữ liệu mới.
[2025-10-31T03:51:57.840+0700] {subprocess.py:93} INFO - [INFO] Dùng model mới nhất: /opt/***/models/newer_models/best_absa_1/model.pt
[2025-10-31T03:52:04.238+0700] {subprocess.py:93} INFO - [INFO] Dùng model mới nhất: /opt/***/models/newer_models/best_absa_1/model.pt
[2025-10-31T03:52:09.678+0700] {subprocess.py:93} INFO - [INFO] Dùng model mới nhất: /opt/***/models/newer_models/best_absa_1/model.pt
[2025-10-31T03:52:13.339+0700] {subprocess.py:93} INFO - [INFO] Dùng model mới nhất: /opt/***/models/newer_models/best_absa_1/model.pt
[2025-10-31T03:52:15.873+0700] {subprocess.py:93} INFO - 
[2025-10-31T03:52:15.873+0700] {subprocess.py:93} INFO - [Batch 1] Nhận 3 dòng, hiển thị 5 dòng đầu:
[2025-10-31T03:52:15.873+0700] {subprocess.py:93} INFO - [
[2025-10-31T03:52:15.873+0700] {subprocess.py:93} INFO -   {
[2025-10-31T03:52:15.874+0700] {subprocess.py:93} INFO -     "ReviewText": "Giày đẹp. Đi gọn chân k thô nhé. Êm. Có vẻ bền. Đag gioi thieu bạn bè mua thêm ấy. 91k cả ship đc đôi giày rất ưng như trên 200k ấy",
[2025-10-31T03:52:15.874+0700] {subprocess.py:93} INFO -     "Price": "NEG",
[2025-10-31T03:52:15.874+0700] {subprocess.py:93} INFO -     "Shipping": "NEG",
[2025-10-31T03:52:15.874+0700] {subprocess.py:93} INFO -     "Outlook": "NEG",
[2025-10-31T03:52:15.874+0700] {subprocess.py:93} INFO -     "Quality": "NEG",
[2025-10-31T03:52:15.874+0700] {subprocess.py:93} INFO -     "Size": "NEG",
[2025-10-31T03:52:15.874+0700] {subprocess.py:93} INFO -     "Shop_Service": "NEG",
[2025-10-31T03:52:15.874+0700] {subprocess.py:93} INFO -     "General": "NEG",
[2025-10-31T03:52:15.875+0700] {subprocess.py:93} INFO -     "Others": "NEG"
[2025-10-31T03:52:15.875+0700] {subprocess.py:93} INFO -   },
[2025-10-31T03:52:15.875+0700] {subprocess.py:93} INFO -   {
[2025-10-31T03:52:15.875+0700] {subprocess.py:93} INFO -     "ReviewText": "Chất lượng giày okie đáng thử dày dặn cứng cáp ạ nên mua nhe mngg",
[2025-10-31T03:52:15.875+0700] {subprocess.py:93} INFO -     "Price": "NEG",
[2025-10-31T03:52:15.875+0700] {subprocess.py:93} INFO -     "Shipping": "NEG",
[2025-10-31T03:52:15.875+0700] {subprocess.py:93} INFO -     "Outlook": "NEG",
[2025-10-31T03:52:15.875+0700] {subprocess.py:93} INFO -     "Quality": "NEG",
[2025-10-31T03:52:15.876+0700] {subprocess.py:93} INFO -     "Size": "NEG",
[2025-10-31T03:52:15.876+0700] {subprocess.py:93} INFO -     "Shop_Service": "NEG",
[2025-10-31T03:52:15.876+0700] {subprocess.py:93} INFO -     "General": "NEG",
[2025-10-31T03:52:15.876+0700] {subprocess.py:93} INFO -     "Others": "NEG"
[2025-10-31T03:52:15.876+0700] {subprocess.py:93} INFO -   },
[2025-10-31T03:52:15.876+0700] {subprocess.py:93} INFO -   {
[2025-10-31T03:52:15.876+0700] {subprocess.py:93} INFO -     "ReviewText": "Mình đặt  hàng của shop lần 3 rồi sản phẩm ok chất lượng chưa biết mua về ai cũng ưng shop giao hàng nhanh",
[2025-10-31T03:52:15.876+0700] {subprocess.py:93} INFO -     "Price": "NEG",
[2025-10-31T03:52:15.876+0700] {subprocess.py:93} INFO -     "Shipping": "NEG",
[2025-10-31T03:52:15.877+0700] {subprocess.py:93} INFO -     "Outlook": "NEG",
[2025-10-31T03:52:15.877+0700] {subprocess.py:93} INFO -     "Quality": "NEG",
[2025-10-31T03:52:15.877+0700] {subprocess.py:93} INFO -     "Size": "NEG",
[2025-10-31T03:52:15.877+0700] {subprocess.py:93} INFO -     "Shop_Service": "NEG",
[2025-10-31T03:52:15.877+0700] {subprocess.py:93} INFO -     "General": "NEG",
[2025-10-31T03:52:15.877+0700] {subprocess.py:93} INFO -     "Others": "NEG"
[2025-10-31T03:52:15.878+0700] {subprocess.py:93} INFO -   }
[2025-10-31T03:52:15.878+0700] {subprocess.py:93} INFO - ]
[2025-10-31T03:52:19.485+0700] {subprocess.py:93} INFO - [INFO] Dùng model mới nhất: /opt/***/models/newer_models/best_absa_1/model.pt
[2025-10-31T03:52:22.395+0700] {subprocess.py:93} INFO - [INFO] Dùng model mới nhất: /opt/***/models/newer_models/best_absa_1/model.pt
[2025-10-31T03:52:24.330+0700] {subprocess.py:93} INFO - [Batch 1] ✅ Ghi PostgreSQL thành công (3 dòng).
[2025-10-31T03:52:26.759+0700] {subprocess.py:93} INFO - [INFO] Dùng model mới nhất: /opt/***/models/newer_models/best_absa_1/model.pt
[2025-10-31T03:52:29.593+0700] {subprocess.py:93} INFO - [INFO] Dùng model mới nhất: /opt/***/models/newer_models/best_absa_1/model.pt
[2025-10-31T03:52:31.080+0700] {subprocess.py:93} INFO - [Batch 1] Dữ liệu đã ghi (mẫu):
[2025-10-31T03:52:31.081+0700] {subprocess.py:93} INFO - [
[2025-10-31T03:52:31.081+0700] {subprocess.py:93} INFO -   {
[2025-10-31T03:52:31.081+0700] {subprocess.py:93} INFO -     "ReviewText": "Giày đẹp. Đi gọn chân k thô nhé. Êm. Có vẻ bền. Đag gioi thieu bạn bè mua thêm ấy. 91k cả ship đc đôi giày rất ưng như trên 200k ấy",
[2025-10-31T03:52:31.082+0700] {subprocess.py:93} INFO -     "Price": "NEG",
[2025-10-31T03:52:31.082+0700] {subprocess.py:93} INFO -     "Shipping": "NEG",
[2025-10-31T03:52:31.082+0700] {subprocess.py:93} INFO -     "Outlook": "NEG",
[2025-10-31T03:52:31.082+0700] {subprocess.py:93} INFO -     "Quality": "NEG",
[2025-10-31T03:52:31.082+0700] {subprocess.py:93} INFO -     "Size": "NEG",
[2025-10-31T03:52:31.082+0700] {subprocess.py:93} INFO -     "Shop_Service": "NEG",
[2025-10-31T03:52:31.082+0700] {subprocess.py:93} INFO -     "General": "NEG",
[2025-10-31T03:52:31.082+0700] {subprocess.py:93} INFO -     "Others": "NEG"
[2025-10-31T03:52:31.082+0700] {subprocess.py:93} INFO -   },
[2025-10-31T03:52:31.082+0700] {subprocess.py:93} INFO -   {
[2025-10-31T03:52:31.082+0700] {subprocess.py:93} INFO -     "ReviewText": "Chất lượng giày okie đáng thử dày dặn cứng cáp ạ nên mua nhe mngg",
[2025-10-31T03:52:31.083+0700] {subprocess.py:93} INFO -     "Price": "NEG",
[2025-10-31T03:52:31.083+0700] {subprocess.py:93} INFO -     "Shipping": "NEG",
[2025-10-31T03:52:31.083+0700] {subprocess.py:93} INFO -     "Outlook": "NEG",
[2025-10-31T03:52:31.083+0700] {subprocess.py:93} INFO -     "Quality": "NEG",
[2025-10-31T03:52:31.083+0700] {subprocess.py:93} INFO -     "Size": "NEG",
[2025-10-31T03:52:31.083+0700] {subprocess.py:93} INFO -     "Shop_Service": "NEG",
[2025-10-31T03:52:31.083+0700] {subprocess.py:93} INFO -     "General": "NEG",
[2025-10-31T03:52:31.083+0700] {subprocess.py:93} INFO -     "Others": "NEG"
[2025-10-31T03:52:31.083+0700] {subprocess.py:93} INFO -   },
[2025-10-31T03:52:31.083+0700] {subprocess.py:93} INFO -   {
[2025-10-31T03:52:31.084+0700] {subprocess.py:93} INFO -     "ReviewText": "Mình đặt  hàng của shop lần 3 rồi sản phẩm ok chất lượng chưa biết mua về ai cũng ưng shop giao hàng nhanh",
[2025-10-31T03:52:31.084+0700] {subprocess.py:93} INFO -     "Price": "NEG",
[2025-10-31T03:52:31.084+0700] {subprocess.py:93} INFO -     "Shipping": "NEG",
[2025-10-31T03:52:31.084+0700] {subprocess.py:93} INFO -     "Outlook": "NEG",
[2025-10-31T03:52:31.084+0700] {subprocess.py:93} INFO -     "Quality": "NEG",
[2025-10-31T03:52:31.084+0700] {subprocess.py:93} INFO -     "Size": "NEG",
[2025-10-31T03:52:31.084+0700] {subprocess.py:93} INFO -     "Shop_Service": "NEG",
[2025-10-31T03:52:31.084+0700] {subprocess.py:93} INFO -     "General": "NEG",
[2025-10-31T03:52:31.084+0700] {subprocess.py:93} INFO -     "Others": "NEG"
[2025-10-31T03:52:31.084+0700] {subprocess.py:93} INFO -   }
[2025-10-31T03:52:31.085+0700] {subprocess.py:93} INFO - ]
[2025-10-31T03:52:36.369+0700] {subprocess.py:93} INFO - [INFO] Dùng model mới nhất: /opt/***/models/newer_models/best_absa_1/model.pt
[2025-10-31T03:52:40.092+0700] {subprocess.py:93} INFO - [INFO] Dùng model mới nhất: /opt/***/models/newer_models/best_absa_1/model.pt
[2025-10-31T03:52:43.496+0700] {subprocess.py:93} INFO - [INFO] Dùng model mới nhất: /opt/***/models/newer_models/best_absa_1/model.pt
[2025-10-31T03:52:46.759+0700] {subprocess.py:93} INFO - [INFO] Dùng model mới nhất: /opt/***/models/newer_models/best_absa_1/model.pt
[2025-10-31T03:52:48.098+0700] {subprocess.py:93} INFO - 
[2025-10-31T03:52:48.098+0700] {subprocess.py:93} INFO - [Batch 2] Nhận 10 dòng, hiển thị 5 dòng đầu:
[2025-10-31T03:52:48.098+0700] {subprocess.py:93} INFO - [
[2025-10-31T03:52:48.098+0700] {subprocess.py:93} INFO -   {
[2025-10-31T03:52:48.098+0700] {subprocess.py:93} INFO -     "ReviewText": "đẹp nhưng giày hơi to được tặng thêm 1 đôi tất xinh lắm ạ 🥰🥰 chất lượng tốttt",
[2025-10-31T03:52:48.098+0700] {subprocess.py:93} INFO -     "Price": "NEG",
[2025-10-31T03:52:48.099+0700] {subprocess.py:93} INFO -     "Shipping": "NEG",
[2025-10-31T03:52:48.099+0700] {subprocess.py:93} INFO -     "Outlook": "NEG",
[2025-10-31T03:52:48.099+0700] {subprocess.py:93} INFO -     "Quality": "NEG",
[2025-10-31T03:52:48.099+0700] {subprocess.py:93} INFO -     "Size": "NEG",
[2025-10-31T03:52:48.099+0700] {subprocess.py:93} INFO -     "Shop_Service": "NEG",
[2025-10-31T03:52:48.099+0700] {subprocess.py:93} INFO -     "General": "NEG",
[2025-10-31T03:52:48.099+0700] {subprocess.py:93} INFO -     "Others": "NEG"
[2025-10-31T03:52:48.099+0700] {subprocess.py:93} INFO -   },
[2025-10-31T03:52:48.099+0700] {subprocess.py:93} INFO -   {
[2025-10-31T03:52:48.099+0700] {subprocess.py:93} INFO -     "ReviewText": "Phù hợp vs giá tiền",
[2025-10-31T03:52:48.100+0700] {subprocess.py:93} INFO -     "Price": "NEG",
[2025-10-31T03:52:48.100+0700] {subprocess.py:93} INFO -     "Shipping": "NEG",
[2025-10-31T03:52:48.100+0700] {subprocess.py:93} INFO -     "Outlook": "NEG",
[2025-10-31T03:52:48.100+0700] {subprocess.py:93} INFO -     "Quality": "NEG",
[2025-10-31T03:52:48.100+0700] {subprocess.py:93} INFO -     "Size": "NEG",
[2025-10-31T03:52:48.100+0700] {subprocess.py:93} INFO -     "Shop_Service": "NEG",
[2025-10-31T03:52:48.100+0700] {subprocess.py:93} INFO -     "General": "NEG",
[2025-10-31T03:52:48.100+0700] {subprocess.py:93} INFO -     "Others": "NEG"
[2025-10-31T03:52:48.100+0700] {subprocess.py:93} INFO -   },
[2025-10-31T03:52:48.101+0700] {subprocess.py:93} INFO -   {
[2025-10-31T03:52:48.101+0700] {subprocess.py:93} INFO -     "ReviewText": "Cũng được lắm ạ giá như vậy cx phù hợp loại bên mình là kco sắt ở dây nhưng vẫn đẹp ạ có chỗ hơi bẩn xíu. Ship nhanh okila",
[2025-10-31T03:52:48.101+0700] {subprocess.py:93} INFO -     "Price": "NEG",
[2025-10-31T03:52:48.101+0700] {subprocess.py:93} INFO -     "Shipping": "NEG",
[2025-10-31T03:52:48.101+0700] {subprocess.py:93} INFO -     "Outlook": "NEG",
[2025-10-31T03:52:48.101+0700] {subprocess.py:93} INFO -     "Quality": "NEG",
[2025-10-31T03:52:48.101+0700] {subprocess.py:93} INFO -     "Size": "NEG",
[2025-10-31T03:52:48.101+0700] {subprocess.py:93} INFO -     "Shop_Service": "NEG",
[2025-10-31T03:52:48.101+0700] {subprocess.py:93} INFO -     "General": "NEG",
[2025-10-31T03:52:48.102+0700] {subprocess.py:93} INFO -     "Others": "NEG"
[2025-10-31T03:52:48.102+0700] {subprocess.py:93} INFO -   },
[2025-10-31T03:52:48.102+0700] {subprocess.py:93} INFO -   {
[2025-10-31T03:52:48.102+0700] {subprocess.py:93} INFO -     "ReviewText": "Màu sắc như quảng cáo, đi êm chân, phom gọn, kg nên giặt bằng nước, giá rẻ nên chất lượng tương đương giá thành.",
[2025-10-31T03:52:48.102+0700] {subprocess.py:93} INFO -     "Price": "NEG",
[2025-10-31T03:52:48.102+0700] {subprocess.py:93} INFO -     "Shipping": "NEG",
[2025-10-31T03:52:48.102+0700] {subprocess.py:93} INFO -     "Outlook": "NEG",
[2025-10-31T03:52:48.102+0700] {subprocess.py:93} INFO -     "Quality": "NEG",
[2025-10-31T03:52:48.102+0700] {subprocess.py:93} INFO -     "Size": "NEG",
[2025-10-31T03:52:48.102+0700] {subprocess.py:93} INFO -     "Shop_Service": "NEG",
[2025-10-31T03:52:48.103+0700] {subprocess.py:93} INFO -     "General": "NEG",
[2025-10-31T03:52:48.103+0700] {subprocess.py:93} INFO -     "Others": "NEG"
[2025-10-31T03:52:48.103+0700] {subprocess.py:93} INFO -   },
[2025-10-31T03:52:48.103+0700] {subprocess.py:93} INFO -   {
[2025-10-31T03:52:48.103+0700] {subprocess.py:93} INFO -     "ReviewText": "Giày xinh lắm luôn, ko ngờ giày rẻ và chất lượng thật sự. Mình cứ sợ mua onl là giày sẽ chật và ko giữ được form giày, nhưng shop cực kì cẩn thận khi có tặng cả miếng giữ form nha. Giày đi vừa size nên cực kì êm chân luôn. Sẽ ủng hộ shop dài dài nha.",
[2025-10-31T03:52:48.103+0700] {subprocess.py:93} INFO -     "Price": "NEG",
[2025-10-31T03:52:48.103+0700] {subprocess.py:93} INFO -     "Shipping": "NEG",
[2025-10-31T03:52:48.103+0700] {subprocess.py:93} INFO -     "Outlook": "NEG",
[2025-10-31T03:52:48.103+0700] {subprocess.py:93} INFO -     "Quality": "NEG",
[2025-10-31T03:52:48.104+0700] {subprocess.py:93} INFO -     "Size": "NEG",
[2025-10-31T03:52:48.104+0700] {subprocess.py:93} INFO -     "Shop_Service": "NEG",
[2025-10-31T03:52:48.104+0700] {subprocess.py:93} INFO -     "General": "NEG",
[2025-10-31T03:52:48.104+0700] {subprocess.py:93} INFO -     "Others": "NEG"
[2025-10-31T03:52:48.104+0700] {subprocess.py:93} INFO -   }
[2025-10-31T03:52:48.104+0700] {subprocess.py:93} INFO - ]
[2025-10-31T03:52:53.226+0700] {subprocess.py:93} INFO - [INFO] Dùng model mới nhất: /opt/***/models/newer_models/best_absa_1/model.pt
[2025-10-31T03:52:56.780+0700] {subprocess.py:93} INFO - [INFO] Dùng model mới nhất: /opt/***/models/newer_models/best_absa_1/model.pt
[2025-10-31T03:52:58.043+0700] {subprocess.py:93} INFO - [Batch 2] ✅ Ghi PostgreSQL thành công (10 dòng).
[2025-10-31T03:52:59.925+0700] {subprocess.py:93} INFO - [INFO] Dùng model mới nhất: /opt/***/models/newer_models/best_absa_1/model.pt
[2025-10-31T03:53:03.112+0700] {subprocess.py:93} INFO - [INFO] Dùng model mới nhất: /opt/***/models/newer_models/best_absa_1/model.pt
[2025-10-31T03:53:04.494+0700] {subprocess.py:93} INFO - [Batch 2] Dữ liệu đã ghi (mẫu):
[2025-10-31T03:53:04.494+0700] {subprocess.py:93} INFO - [
[2025-10-31T03:53:04.495+0700] {subprocess.py:93} INFO -   {
[2025-10-31T03:53:04.495+0700] {subprocess.py:93} INFO -     "ReviewText": "đẹp nhưng giày hơi to được tặng thêm 1 đôi tất xinh lắm ạ 🥰🥰 chất lượng tốttt",
[2025-10-31T03:53:04.495+0700] {subprocess.py:93} INFO -     "Price": "NEG",
[2025-10-31T03:53:04.495+0700] {subprocess.py:93} INFO -     "Shipping": "NEG",
[2025-10-31T03:53:04.495+0700] {subprocess.py:93} INFO -     "Outlook": "NEG",
[2025-10-31T03:53:04.495+0700] {subprocess.py:93} INFO -     "Quality": "NEG",
[2025-10-31T03:53:04.495+0700] {subprocess.py:93} INFO -     "Size": "NEG",
[2025-10-31T03:53:04.495+0700] {subprocess.py:93} INFO -     "Shop_Service": "NEG",
[2025-10-31T03:53:04.495+0700] {subprocess.py:93} INFO -     "General": "NEG",
[2025-10-31T03:53:04.495+0700] {subprocess.py:93} INFO -     "Others": "NEG"
[2025-10-31T03:53:04.495+0700] {subprocess.py:93} INFO -   },
[2025-10-31T03:53:04.496+0700] {subprocess.py:93} INFO -   {
[2025-10-31T03:53:04.496+0700] {subprocess.py:93} INFO -     "ReviewText": "Phù hợp vs giá tiền",
[2025-10-31T03:53:04.496+0700] {subprocess.py:93} INFO -     "Price": "NEG",
[2025-10-31T03:53:04.496+0700] {subprocess.py:93} INFO -     "Shipping": "NEG",
[2025-10-31T03:53:04.496+0700] {subprocess.py:93} INFO -     "Outlook": "NEG",
[2025-10-31T03:53:04.496+0700] {subprocess.py:93} INFO -     "Quality": "NEG",
[2025-10-31T03:53:04.496+0700] {subprocess.py:93} INFO -     "Size": "NEG",
[2025-10-31T03:53:04.496+0700] {subprocess.py:93} INFO -     "Shop_Service": "NEG",
[2025-10-31T03:53:04.496+0700] {subprocess.py:93} INFO -     "General": "NEG",
[2025-10-31T03:53:04.496+0700] {subprocess.py:93} INFO -     "Others": "NEG"
[2025-10-31T03:53:04.497+0700] {subprocess.py:93} INFO -   },
[2025-10-31T03:53:04.497+0700] {subprocess.py:93} INFO -   {
[2025-10-31T03:53:04.497+0700] {subprocess.py:93} INFO -     "ReviewText": "Cũng được lắm ạ giá như vậy cx phù hợp loại bên mình là kco sắt ở dây nhưng vẫn đẹp ạ có chỗ hơi bẩn xíu. Ship nhanh okila",
[2025-10-31T03:53:04.497+0700] {subprocess.py:93} INFO -     "Price": "NEG",
[2025-10-31T03:53:04.497+0700] {subprocess.py:93} INFO -     "Shipping": "NEG",
[2025-10-31T03:53:04.497+0700] {subprocess.py:93} INFO -     "Outlook": "NEG",
[2025-10-31T03:53:04.497+0700] {subprocess.py:93} INFO -     "Quality": "NEG",
[2025-10-31T03:53:04.497+0700] {subprocess.py:93} INFO -     "Size": "NEG",
[2025-10-31T03:53:04.497+0700] {subprocess.py:93} INFO -     "Shop_Service": "NEG",
[2025-10-31T03:53:04.497+0700] {subprocess.py:93} INFO -     "General": "NEG",
[2025-10-31T03:53:04.497+0700] {subprocess.py:93} INFO -     "Others": "NEG"
[2025-10-31T03:53:04.497+0700] {subprocess.py:93} INFO -   }
[2025-10-31T03:53:04.498+0700] {subprocess.py:93} INFO - ]
[2025-10-31T03:53:09.906+0700] {subprocess.py:93} INFO - [INFO] Dùng model mới nhất: /opt/***/models/newer_models/best_absa_1/model.pt
[2025-10-31T03:53:13.572+0700] {subprocess.py:93} INFO - [INFO] Dùng model mới nhất: /opt/***/models/newer_models/best_absa_1/model.pt
[2025-10-31T03:53:17.339+0700] {subprocess.py:93} INFO - [INFO] Dùng model mới nhất: /opt/***/models/newer_models/best_absa_1/model.pt
[2025-10-31T03:53:20.582+0700] {subprocess.py:93} INFO - [INFO] Dùng model mới nhất: /opt/***/models/newer_models/best_absa_1/model.pt
[2025-10-31T03:53:22.306+0700] {subprocess.py:93} INFO - 
[2025-10-31T03:53:22.307+0700] {subprocess.py:93} INFO - [Batch 3] Nhận 10 dòng, hiển thị 5 dòng đầu:
[2025-10-31T03:53:22.307+0700] {subprocess.py:93} INFO - [
[2025-10-31T03:53:22.307+0700] {subprocess.py:93} INFO -   {
[2025-10-31T03:53:22.307+0700] {subprocess.py:93} INFO -     "ReviewText": "giày khá đẹp,đúng với mô tả",
[2025-10-31T03:53:22.307+0700] {subprocess.py:93} INFO -     "Price": "NEG",
[2025-10-31T03:53:22.307+0700] {subprocess.py:93} INFO -     "Shipping": "NEG",
[2025-10-31T03:53:22.307+0700] {subprocess.py:93} INFO -     "Outlook": "NEG",
[2025-10-31T03:53:22.308+0700] {subprocess.py:93} INFO -     "Quality": "NEG",
[2025-10-31T03:53:22.308+0700] {subprocess.py:93} INFO -     "Size": "NEG",
[2025-10-31T03:53:22.308+0700] {subprocess.py:93} INFO -     "Shop_Service": "NEG",
[2025-10-31T03:53:22.308+0700] {subprocess.py:93} INFO -     "General": "NEG",
[2025-10-31T03:53:22.308+0700] {subprocess.py:93} INFO -     "Others": "NEG"
[2025-10-31T03:53:22.308+0700] {subprocess.py:93} INFO -   },
[2025-10-31T03:53:22.308+0700] {subprocess.py:93} INFO -   {
[2025-10-31T03:53:22.308+0700] {subprocess.py:93} INFO -     "ReviewText": "\"Chất lượng sản phẩm tuyệt vời đóng gói sản phẩm rất chắc chắn và đẹp sắc phục vụ rất tốt thời gian giao hàng rất nhanh rất đáng tiền \"",
[2025-10-31T03:53:22.308+0700] {subprocess.py:93} INFO -     "Price": "NEG",
[2025-10-31T03:53:22.309+0700] {subprocess.py:93} INFO -     "Shipping": "NEG",
[2025-10-31T03:53:22.309+0700] {subprocess.py:93} INFO -     "Outlook": "NEG",
[2025-10-31T03:53:22.309+0700] {subprocess.py:93} INFO -     "Quality": "NEG",
[2025-10-31T03:53:22.309+0700] {subprocess.py:93} INFO -     "Size": "NEG",
[2025-10-31T03:53:22.309+0700] {subprocess.py:93} INFO -     "Shop_Service": "NEG",
[2025-10-31T03:53:22.309+0700] {subprocess.py:93} INFO -     "General": "NEG",
[2025-10-31T03:53:22.309+0700] {subprocess.py:93} INFO -     "Others": "NEG"
[2025-10-31T03:53:22.309+0700] {subprocess.py:93} INFO -   },
[2025-10-31T03:53:22.309+0700] {subprocess.py:93} INFO -   {
[2025-10-31T03:53:22.309+0700] {subprocess.py:93} INFO -     "ReviewText": "Ko nghỉ 150k đc đôi như v luôn á",
[2025-10-31T03:53:22.309+0700] {subprocess.py:93} INFO -     "Price": "NEG",
[2025-10-31T03:53:22.310+0700] {subprocess.py:93} INFO -     "Shipping": "NEG",
[2025-10-31T03:53:22.310+0700] {subprocess.py:93} INFO -     "Outlook": "NEG",
[2025-10-31T03:53:22.310+0700] {subprocess.py:93} INFO -     "Quality": "NEG",
[2025-10-31T03:53:22.310+0700] {subprocess.py:93} INFO -     "Size": "NEG",
[2025-10-31T03:53:22.310+0700] {subprocess.py:93} INFO -     "Shop_Service": "NEG",
[2025-10-31T03:53:22.310+0700] {subprocess.py:93} INFO -     "General": "NEG",
[2025-10-31T03:53:22.310+0700] {subprocess.py:93} INFO -     "Others": "NEG"
[2025-10-31T03:53:22.310+0700] {subprocess.py:93} INFO -   },
[2025-10-31T03:53:22.310+0700] {subprocess.py:93} INFO -   {
[2025-10-31T03:53:22.310+0700] {subprocess.py:93} INFO -     "ReviewText": "Giày đẹp, chất liệu tốt, vừa chân, rất chi là chim ưng luôn. Sẽ ủng hộ shop nhiều nhiều Shop giao hàng nhanh thần tốc luôn đó, giày đẹp, không bị mất form, đóng gói cẩn thận còn được tặng thêm tất nữa",
[2025-10-31T03:53:22.311+0700] {subprocess.py:93} INFO -     "Price": "NEG",
[2025-10-31T03:53:22.311+0700] {subprocess.py:93} INFO -     "Shipping": "NEG",
[2025-10-31T03:53:22.311+0700] {subprocess.py:93} INFO -     "Outlook": "NEG",
[2025-10-31T03:53:22.311+0700] {subprocess.py:93} INFO -     "Quality": "NEG",
[2025-10-31T03:53:22.311+0700] {subprocess.py:93} INFO -     "Size": "NEG",
[2025-10-31T03:53:22.311+0700] {subprocess.py:93} INFO -     "Shop_Service": "NEG",
[2025-10-31T03:53:22.311+0700] {subprocess.py:93} INFO -     "General": "NEG",
[2025-10-31T03:53:22.311+0700] {subprocess.py:93} INFO -     "Others": "NEG"
[2025-10-31T03:53:22.311+0700] {subprocess.py:93} INFO -   },
[2025-10-31T03:53:22.311+0700] {subprocess.py:93} INFO -   {
[2025-10-31T03:53:22.312+0700] {subprocess.py:93} INFO -     "ReviewText": "Shop đóng hàng cẩn thận giao hàng nhanh, Giao hàng nhanh đẹp và chắc chắn, Sop tư vấn trả lời nhiệt tình, Sản phẩm rất tốt",
[2025-10-31T03:53:22.312+0700] {subprocess.py:93} INFO -     "Price": "NEG",
[2025-10-31T03:53:22.312+0700] {subprocess.py:93} INFO -     "Shipping": "NEG",
[2025-10-31T03:53:22.312+0700] {subprocess.py:93} INFO -     "Outlook": "NEG",
[2025-10-31T03:53:22.312+0700] {subprocess.py:93} INFO -     "Quality": "NEG",
[2025-10-31T03:53:22.312+0700] {subprocess.py:93} INFO -     "Size": "NEG",
[2025-10-31T03:53:22.312+0700] {subprocess.py:93} INFO -     "Shop_Service": "NEG",
[2025-10-31T03:53:22.312+0700] {subprocess.py:93} INFO -     "General": "NEG",
[2025-10-31T03:53:22.312+0700] {subprocess.py:93} INFO -     "Others": "NEG"
[2025-10-31T03:53:22.312+0700] {subprocess.py:93} INFO -   }
[2025-10-31T03:53:22.313+0700] {subprocess.py:93} INFO - ]
[2025-10-31T03:53:27.580+0700] {subprocess.py:93} INFO - [INFO] Dùng model mới nhất: /opt/***/models/newer_models/best_absa_1/model.pt
[2025-10-31T03:53:31.466+0700] {subprocess.py:93} INFO - [INFO] Dùng model mới nhất: /opt/***/models/newer_models/best_absa_1/model.pt
[2025-10-31T03:53:32.858+0700] {subprocess.py:93} INFO - [Batch 3] ✅ Ghi PostgreSQL thành công (10 dòng).
[2025-10-31T03:53:34.759+0700] {subprocess.py:93} INFO - [INFO] Dùng model mới nhất: /opt/***/models/newer_models/best_absa_1/model.pt
[2025-10-31T03:53:37.658+0700] {subprocess.py:93} INFO - [INFO] Dùng model mới nhất: /opt/***/models/newer_models/best_absa_1/model.pt
[2025-10-31T03:53:39.026+0700] {subprocess.py:93} INFO - [Batch 3] Dữ liệu đã ghi (mẫu):
[2025-10-31T03:53:39.027+0700] {subprocess.py:93} INFO - [
[2025-10-31T03:53:39.027+0700] {subprocess.py:93} INFO -   {
[2025-10-31T03:53:39.027+0700] {subprocess.py:93} INFO -     "ReviewText": "giày khá đẹp,đúng với mô tả",
[2025-10-31T03:53:39.027+0700] {subprocess.py:93} INFO -     "Price": "NEG",
[2025-10-31T03:53:39.027+0700] {subprocess.py:93} INFO -     "Shipping": "NEG",
[2025-10-31T03:53:39.027+0700] {subprocess.py:93} INFO -     "Outlook": "NEG",
[2025-10-31T03:53:39.027+0700] {subprocess.py:93} INFO -     "Quality": "NEG",
[2025-10-31T03:53:39.027+0700] {subprocess.py:93} INFO -     "Size": "NEG",
[2025-10-31T03:53:39.027+0700] {subprocess.py:93} INFO -     "Shop_Service": "NEG",
[2025-10-31T03:53:39.028+0700] {subprocess.py:93} INFO -     "General": "NEG",
[2025-10-31T03:53:39.028+0700] {subprocess.py:93} INFO -     "Others": "NEG"
[2025-10-31T03:53:39.028+0700] {subprocess.py:93} INFO -   },
[2025-10-31T03:53:39.028+0700] {subprocess.py:93} INFO -   {
[2025-10-31T03:53:39.028+0700] {subprocess.py:93} INFO -     "ReviewText": "\"Chất lượng sản phẩm tuyệt vời đóng gói sản phẩm rất chắc chắn và đẹp sắc phục vụ rất tốt thời gian giao hàng rất nhanh rất đáng tiền \"",
[2025-10-31T03:53:39.028+0700] {subprocess.py:93} INFO -     "Price": "NEG",
[2025-10-31T03:53:39.028+0700] {subprocess.py:93} INFO -     "Shipping": "NEG",
[2025-10-31T03:53:39.028+0700] {subprocess.py:93} INFO -     "Outlook": "NEG",
[2025-10-31T03:53:39.028+0700] {subprocess.py:93} INFO -     "Quality": "NEG",
[2025-10-31T03:53:39.028+0700] {subprocess.py:93} INFO -     "Size": "NEG",
[2025-10-31T03:53:39.028+0700] {subprocess.py:93} INFO -     "Shop_Service": "NEG",
[2025-10-31T03:53:39.029+0700] {subprocess.py:93} INFO -     "General": "NEG",
[2025-10-31T03:53:39.029+0700] {subprocess.py:93} INFO -     "Others": "NEG"
[2025-10-31T03:53:39.029+0700] {subprocess.py:93} INFO -   },
[2025-10-31T03:53:39.029+0700] {subprocess.py:93} INFO -   {
[2025-10-31T03:53:39.029+0700] {subprocess.py:93} INFO -     "ReviewText": "Ko nghỉ 150k đc đôi như v luôn á",
[2025-10-31T03:53:39.029+0700] {subprocess.py:93} INFO -     "Price": "NEG",
[2025-10-31T03:53:39.029+0700] {subprocess.py:93} INFO -     "Shipping": "NEG",
[2025-10-31T03:53:39.029+0700] {subprocess.py:93} INFO -     "Outlook": "NEG",
[2025-10-31T03:53:39.029+0700] {subprocess.py:93} INFO -     "Quality": "NEG",
[2025-10-31T03:53:39.029+0700] {subprocess.py:93} INFO -     "Size": "NEG",
[2025-10-31T03:53:39.029+0700] {subprocess.py:93} INFO -     "Shop_Service": "NEG",
[2025-10-31T03:53:39.030+0700] {subprocess.py:93} INFO -     "General": "NEG",
[2025-10-31T03:53:39.030+0700] {subprocess.py:93} INFO -     "Others": "NEG"
[2025-10-31T03:53:39.030+0700] {subprocess.py:93} INFO -   }
[2025-10-31T03:53:39.030+0700] {subprocess.py:93} INFO - ]
[2025-10-31T03:53:44.256+0700] {subprocess.py:93} INFO - [INFO] Dùng model mới nhất: /opt/***/models/newer_models/best_absa_1/model.pt
[2025-10-31T03:53:47.884+0700] {subprocess.py:93} INFO - [INFO] Dùng model mới nhất: /opt/***/models/newer_models/best_absa_1/model.pt
[2025-10-31T03:53:50.949+0700] {subprocess.py:93} INFO - [INFO] Dùng model mới nhất: /opt/***/models/newer_models/best_absa_1/model.pt
[2025-10-31T03:53:53.560+0700] {subprocess.py:93} INFO - [INFO] Dùng model mới nhất: /opt/***/models/newer_models/best_absa_1/model.pt
[2025-10-31T03:53:54.928+0700] {subprocess.py:93} INFO - 
[2025-10-31T03:53:54.928+0700] {subprocess.py:93} INFO - [Batch 4] Nhận 10 dòng, hiển thị 5 dòng đầu:
[2025-10-31T03:53:54.929+0700] {subprocess.py:93} INFO - [
[2025-10-31T03:53:54.929+0700] {subprocess.py:93} INFO -   {
[2025-10-31T03:53:54.929+0700] {subprocess.py:93} INFO -     "ReviewText": "Xinh lắm nha sz 37 đi vừa in. Ưng lắm ạ ! Nhưng giày có vết dơ k biết có lau được đi k",
[2025-10-31T03:53:54.929+0700] {subprocess.py:93} INFO -     "Price": "NEG",
[2025-10-31T03:53:54.929+0700] {subprocess.py:93} INFO -     "Shipping": "NEG",
[2025-10-31T03:53:54.929+0700] {subprocess.py:93} INFO -     "Outlook": "NEG",
[2025-10-31T03:53:54.929+0700] {subprocess.py:93} INFO -     "Quality": "NEG",
[2025-10-31T03:53:54.929+0700] {subprocess.py:93} INFO -     "Size": "NEG",
[2025-10-31T03:53:54.930+0700] {subprocess.py:93} INFO -     "Shop_Service": "NEG",
[2025-10-31T03:53:54.930+0700] {subprocess.py:93} INFO -     "General": "NEG",
[2025-10-31T03:53:54.930+0700] {subprocess.py:93} INFO -     "Others": "NEG"
[2025-10-31T03:53:54.930+0700] {subprocess.py:93} INFO -   },
[2025-10-31T03:53:54.930+0700] {subprocess.py:93} INFO -   {
[2025-10-31T03:53:54.930+0700] {subprocess.py:93} INFO -     "ReviewText": "Không giống trong hình lắm . vừa với số tiền nên mua nha",
[2025-10-31T03:53:54.930+0700] {subprocess.py:93} INFO -     "Price": "NEG",
[2025-10-31T03:53:54.930+0700] {subprocess.py:93} INFO -     "Shipping": "NEG",
[2025-10-31T03:53:54.930+0700] {subprocess.py:93} INFO -     "Outlook": "NEG",
[2025-10-31T03:53:54.931+0700] {subprocess.py:93} INFO -     "Quality": "NEG",
[2025-10-31T03:53:54.931+0700] {subprocess.py:93} INFO -     "Size": "NEG",
[2025-10-31T03:53:54.931+0700] {subprocess.py:93} INFO -     "Shop_Service": "NEG",
[2025-10-31T03:53:54.931+0700] {subprocess.py:93} INFO -     "General": "NEG",
[2025-10-31T03:53:54.931+0700] {subprocess.py:93} INFO -     "Others": "NEG"
[2025-10-31T03:53:54.931+0700] {subprocess.py:93} INFO -   },
[2025-10-31T03:53:54.931+0700] {subprocess.py:93} INFO -   {
[2025-10-31T03:53:54.931+0700] {subprocess.py:93} INFO -     "ReviewText": "chất lượng",
[2025-10-31T03:53:54.931+0700] {subprocess.py:93} INFO -     "Price": "NEG",
[2025-10-31T03:53:54.932+0700] {subprocess.py:93} INFO -     "Shipping": "NEG",
[2025-10-31T03:53:54.932+0700] {subprocess.py:93} INFO -     "Outlook": "NEG",
[2025-10-31T03:53:54.932+0700] {subprocess.py:93} INFO -     "Quality": "NEG",
[2025-10-31T03:53:54.932+0700] {subprocess.py:93} INFO -     "Size": "NEG",
[2025-10-31T03:53:54.932+0700] {subprocess.py:93} INFO -     "Shop_Service": "NEG",
[2025-10-31T03:53:54.932+0700] {subprocess.py:93} INFO -     "General": "NEG",
[2025-10-31T03:53:54.932+0700] {subprocess.py:93} INFO -     "Others": "NEG"
[2025-10-31T03:53:54.932+0700] {subprocess.py:93} INFO -   },
[2025-10-31T03:53:54.932+0700] {subprocess.py:93} INFO -   {
[2025-10-31T03:53:54.932+0700] {subprocess.py:93} INFO -     "ReviewText": "Chất lượng ổn áp  Màu sắc đẹp  Sản phẩm đúng với mô tả  Giao hàng chậm so vs dự kiến",
[2025-10-31T03:53:54.933+0700] {subprocess.py:93} INFO -     "Price": "NEG",
[2025-10-31T03:53:54.933+0700] {subprocess.py:93} INFO -     "Shipping": "NEG",
[2025-10-31T03:53:54.933+0700] {subprocess.py:93} INFO -     "Outlook": "NEG",
[2025-10-31T03:53:54.933+0700] {subprocess.py:93} INFO -     "Quality": "NEG",
[2025-10-31T03:53:54.933+0700] {subprocess.py:93} INFO -     "Size": "NEG",
[2025-10-31T03:53:54.933+0700] {subprocess.py:93} INFO -     "Shop_Service": "NEG",
[2025-10-31T03:53:54.933+0700] {subprocess.py:93} INFO -     "General": "NEG",
[2025-10-31T03:53:54.933+0700] {subprocess.py:93} INFO -     "Others": "NEG"
[2025-10-31T03:53:54.933+0700] {subprocess.py:93} INFO -   },
[2025-10-31T03:53:54.934+0700] {subprocess.py:93} INFO -   {
[2025-10-31T03:53:54.934+0700] {subprocess.py:93} INFO -     "ReviewText": "Giày đẹp lắm mọi người, giá vậy là hợp lí rồi",
[2025-10-31T03:53:54.934+0700] {subprocess.py:93} INFO -     "Price": "NEG",
[2025-10-31T03:53:54.934+0700] {subprocess.py:93} INFO -     "Shipping": "NEG",
[2025-10-31T03:53:54.934+0700] {subprocess.py:93} INFO -     "Outlook": "NEG",
[2025-10-31T03:53:54.934+0700] {subprocess.py:93} INFO -     "Quality": "NEG",
[2025-10-31T03:53:54.934+0700] {subprocess.py:93} INFO -     "Size": "NEG",
[2025-10-31T03:53:54.934+0700] {subprocess.py:93} INFO -     "Shop_Service": "NEG",
[2025-10-31T03:53:54.934+0700] {subprocess.py:93} INFO -     "General": "NEG",
[2025-10-31T03:53:54.935+0700] {subprocess.py:93} INFO -     "Others": "NEG"
[2025-10-31T03:53:54.935+0700] {subprocess.py:93} INFO -   }
[2025-10-31T03:53:54.935+0700] {subprocess.py:93} INFO - ]
[2025-10-31T03:54:00.219+0700] {subprocess.py:93} INFO - [INFO] Dùng model mới nhất: /opt/***/models/newer_models/best_absa_1/model.pt
[2025-10-31T03:54:03.558+0700] {subprocess.py:93} INFO - [INFO] Dùng model mới nhất: /opt/***/models/newer_models/best_absa_1/model.pt
[2025-10-31T03:54:04.779+0700] {subprocess.py:93} INFO - [Batch 4] ✅ Ghi PostgreSQL thành công (10 dòng).
[2025-10-31T03:54:06.683+0700] {subprocess.py:93} INFO - [INFO] Dùng model mới nhất: /opt/***/models/newer_models/best_absa_1/model.pt
[2025-10-31T03:54:09.322+0700] {subprocess.py:93} INFO - [INFO] Dùng model mới nhất: /opt/***/models/newer_models/best_absa_1/model.pt
[2025-10-31T03:54:10.708+0700] {subprocess.py:93} INFO - [Batch 4] Dữ liệu đã ghi (mẫu):
[2025-10-31T03:54:10.708+0700] {subprocess.py:93} INFO - [
[2025-10-31T03:54:10.708+0700] {subprocess.py:93} INFO -   {
[2025-10-31T03:54:10.709+0700] {subprocess.py:93} INFO -     "ReviewText": "Xinh lắm nha sz 37 đi vừa in. Ưng lắm ạ ! Nhưng giày có vết dơ k biết có lau được đi k",
[2025-10-31T03:54:10.709+0700] {subprocess.py:93} INFO -     "Price": "NEG",
[2025-10-31T03:54:10.709+0700] {subprocess.py:93} INFO -     "Shipping": "NEG",
[2025-10-31T03:54:10.709+0700] {subprocess.py:93} INFO -     "Outlook": "NEG",
[2025-10-31T03:54:10.709+0700] {subprocess.py:93} INFO -     "Quality": "NEG",
[2025-10-31T03:54:10.709+0700] {subprocess.py:93} INFO -     "Size": "NEG",
[2025-10-31T03:54:10.709+0700] {subprocess.py:93} INFO -     "Shop_Service": "NEG",
[2025-10-31T03:54:10.709+0700] {subprocess.py:93} INFO -     "General": "NEG",
[2025-10-31T03:54:10.710+0700] {subprocess.py:93} INFO -     "Others": "NEG"
[2025-10-31T03:54:10.710+0700] {subprocess.py:93} INFO -   },
[2025-10-31T03:54:10.710+0700] {subprocess.py:93} INFO -   {
[2025-10-31T03:54:10.710+0700] {subprocess.py:93} INFO -     "ReviewText": "Không giống trong hình lắm . vừa với số tiền nên mua nha",
[2025-10-31T03:54:10.710+0700] {subprocess.py:93} INFO -     "Price": "NEG",
[2025-10-31T03:54:10.710+0700] {subprocess.py:93} INFO -     "Shipping": "NEG",
[2025-10-31T03:54:10.710+0700] {subprocess.py:93} INFO -     "Outlook": "NEG",
[2025-10-31T03:54:10.710+0700] {subprocess.py:93} INFO -     "Quality": "NEG",
[2025-10-31T03:54:10.711+0700] {subprocess.py:93} INFO -     "Size": "NEG",
[2025-10-31T03:54:10.711+0700] {subprocess.py:93} INFO -     "Shop_Service": "NEG",
[2025-10-31T03:54:10.711+0700] {subprocess.py:93} INFO -     "General": "NEG",
[2025-10-31T03:54:10.711+0700] {subprocess.py:93} INFO -     "Others": "NEG"
[2025-10-31T03:54:10.711+0700] {subprocess.py:93} INFO -   },
[2025-10-31T03:54:10.711+0700] {subprocess.py:93} INFO -   {
[2025-10-31T03:54:10.711+0700] {subprocess.py:93} INFO -     "ReviewText": "chất lượng",
[2025-10-31T03:54:10.711+0700] {subprocess.py:93} INFO -     "Price": "NEG",
[2025-10-31T03:54:10.711+0700] {subprocess.py:93} INFO -     "Shipping": "NEG",
[2025-10-31T03:54:10.712+0700] {subprocess.py:93} INFO -     "Outlook": "NEG",
[2025-10-31T03:54:10.712+0700] {subprocess.py:93} INFO -     "Quality": "NEG",
[2025-10-31T03:54:10.712+0700] {subprocess.py:93} INFO -     "Size": "NEG",
[2025-10-31T03:54:10.712+0700] {subprocess.py:93} INFO -     "Shop_Service": "NEG",
[2025-10-31T03:54:10.712+0700] {subprocess.py:93} INFO -     "General": "NEG",
[2025-10-31T03:54:10.712+0700] {subprocess.py:93} INFO -     "Others": "NEG"
[2025-10-31T03:54:10.712+0700] {subprocess.py:93} INFO -   }
[2025-10-31T03:54:10.712+0700] {subprocess.py:93} INFO - ]
[2025-10-31T03:54:15.944+0700] {subprocess.py:93} INFO - [INFO] Dùng model mới nhất: /opt/***/models/newer_models/best_absa_1/model.pt
[2025-10-31T03:54:19.287+0700] {subprocess.py:93} INFO - [INFO] Dùng model mới nhất: /opt/***/models/newer_models/best_absa_1/model.pt
[2025-10-31T03:54:22.667+0700] {subprocess.py:93} INFO - [INFO] Dùng model mới nhất: /opt/***/models/newer_models/best_absa_1/model.pt
[2025-10-31T03:54:25.529+0700] {subprocess.py:93} INFO - [INFO] Dùng model mới nhất: /opt/***/models/newer_models/best_absa_1/model.pt
[2025-10-31T03:54:26.858+0700] {subprocess.py:93} INFO - 
[2025-10-31T03:54:26.858+0700] {subprocess.py:93} INFO - [Batch 5] Nhận 10 dòng, hiển thị 5 dòng đầu:
[2025-10-31T03:54:26.859+0700] {subprocess.py:93} INFO - [
[2025-10-31T03:54:26.859+0700] {subprocess.py:93} INFO -   {
[2025-10-31T03:54:26.859+0700] {subprocess.py:93} INFO -     "ReviewText": "giày xinh lắm mn oii 😭 shop đóng gói rất kĩ, hộp giày adidas k bị móp miếng nào, với giá này thì quá uki rui. mn nên mua ủng hộ shop nhen",
[2025-10-31T03:54:26.859+0700] {subprocess.py:93} INFO -     "Price": "NEG",
[2025-10-31T03:54:26.859+0700] {subprocess.py:93} INFO -     "Shipping": "NEG",
[2025-10-31T03:54:26.859+0700] {subprocess.py:93} INFO -     "Outlook": "NEG",
[2025-10-31T03:54:26.859+0700] {subprocess.py:93} INFO -     "Quality": "NEG",
[2025-10-31T03:54:26.859+0700] {subprocess.py:93} INFO -     "Size": "NEG",
[2025-10-31T03:54:26.859+0700] {subprocess.py:93} INFO -     "Shop_Service": "NEG",
[2025-10-31T03:54:26.859+0700] {subprocess.py:93} INFO -     "General": "NEG",
[2025-10-31T03:54:26.860+0700] {subprocess.py:93} INFO -     "Others": "NEG"
[2025-10-31T03:54:26.860+0700] {subprocess.py:93} INFO -   },
[2025-10-31T03:54:26.860+0700] {subprocess.py:93} INFO -   {
[2025-10-31T03:54:26.860+0700] {subprocess.py:93} INFO -     "ReviewText": "tr đất oiii giày vs giá như nnay thì không có chỗ nào để chê nha, mỗi tội là hộp bị rách thuiii",
[2025-10-31T03:54:26.860+0700] {subprocess.py:93} INFO -     "Price": "NEG",
[2025-10-31T03:54:26.860+0700] {subprocess.py:93} INFO -     "Shipping": "NEG",
[2025-10-31T03:54:26.860+0700] {subprocess.py:93} INFO -     "Outlook": "NEG",
[2025-10-31T03:54:26.860+0700] {subprocess.py:93} INFO -     "Quality": "NEG",
[2025-10-31T03:54:26.860+0700] {subprocess.py:93} INFO -     "Size": "NEG",
[2025-10-31T03:54:26.860+0700] {subprocess.py:93} INFO -     "Shop_Service": "NEG",
[2025-10-31T03:54:26.860+0700] {subprocess.py:93} INFO -     "General": "NEG",
[2025-10-31T03:54:26.860+0700] {subprocess.py:93} INFO -     "Others": "NEG"
[2025-10-31T03:54:26.861+0700] {subprocess.py:93} INFO -   },
[2025-10-31T03:54:26.861+0700] {subprocess.py:93} INFO -   {
[2025-10-31T03:54:26.861+0700] {subprocess.py:93} INFO -     "ReviewText": "mình lấy tăng sz nên hơi rộng, đôi này đi đúng size thôi nhé, huhu",
[2025-10-31T03:54:26.861+0700] {subprocess.py:93} INFO -     "Price": "NEG",
[2025-10-31T03:54:26.861+0700] {subprocess.py:93} INFO -     "Shipping": "NEG",
[2025-10-31T03:54:26.861+0700] {subprocess.py:93} INFO -     "Outlook": "NEG",
[2025-10-31T03:54:26.861+0700] {subprocess.py:93} INFO -     "Quality": "NEG",
[2025-10-31T03:54:26.861+0700] {subprocess.py:93} INFO -     "Size": "NEG",
[2025-10-31T03:54:26.861+0700] {subprocess.py:93} INFO -     "Shop_Service": "NEG",
[2025-10-31T03:54:26.861+0700] {subprocess.py:93} INFO -     "General": "NEG",
[2025-10-31T03:54:26.861+0700] {subprocess.py:93} INFO -     "Others": "NEG"
[2025-10-31T03:54:26.862+0700] {subprocess.py:93} INFO -   },
[2025-10-31T03:54:26.862+0700] {subprocess.py:93} INFO -   {
[2025-10-31T03:54:26.862+0700] {subprocess.py:93} INFO -     "ReviewText": "Mọi người nên ủng hộ shop",
[2025-10-31T03:54:26.862+0700] {subprocess.py:93} INFO -     "Price": "NEG",
[2025-10-31T03:54:26.862+0700] {subprocess.py:93} INFO -     "Shipping": "NEG",
[2025-10-31T03:54:26.862+0700] {subprocess.py:93} INFO -     "Outlook": "NEG",
[2025-10-31T03:54:26.862+0700] {subprocess.py:93} INFO -     "Quality": "NEG",
[2025-10-31T03:54:26.862+0700] {subprocess.py:93} INFO -     "Size": "NEG",
[2025-10-31T03:54:26.862+0700] {subprocess.py:93} INFO -     "Shop_Service": "NEG",
[2025-10-31T03:54:26.862+0700] {subprocess.py:93} INFO -     "General": "NEG",
[2025-10-31T03:54:26.862+0700] {subprocess.py:93} INFO -     "Others": "NEG"
[2025-10-31T03:54:26.863+0700] {subprocess.py:93} INFO -   },
[2025-10-31T03:54:26.863+0700] {subprocess.py:93} INFO -   {
[2025-10-31T03:54:26.863+0700] {subprocess.py:93} INFO -     "ReviewText": "Giày đẹp lắm nha rất ưng ý hình ảnh mang tính chất minh hoạ nhận xu",
[2025-10-31T03:54:26.863+0700] {subprocess.py:93} INFO -     "Price": "NEG",
[2025-10-31T03:54:26.863+0700] {subprocess.py:93} INFO -     "Shipping": "NEG",
[2025-10-31T03:54:26.863+0700] {subprocess.py:93} INFO -     "Outlook": "NEG",
[2025-10-31T03:54:26.863+0700] {subprocess.py:93} INFO -     "Quality": "NEG",
[2025-10-31T03:54:26.863+0700] {subprocess.py:93} INFO -     "Size": "NEG",
[2025-10-31T03:54:26.863+0700] {subprocess.py:93} INFO -     "Shop_Service": "NEG",
[2025-10-31T03:54:26.863+0700] {subprocess.py:93} INFO -     "General": "NEG",
[2025-10-31T03:54:26.863+0700] {subprocess.py:93} INFO -     "Others": "NEG"
[2025-10-31T03:54:26.863+0700] {subprocess.py:93} INFO -   }
[2025-10-31T03:54:26.864+0700] {subprocess.py:93} INFO - ]
[2025-10-31T03:54:26.864+0700] {subprocess.py:93} INFO - [Batch 5] 💥 Giả lập sự cố: crash mô phỏng.
[2025-10-31T03:54:26.864+0700] {subprocess.py:93} INFO - 25/10/31 03:54:26 ERROR MicroBatchExecution: Query [id = d4e0669d-c9d9-4745-9a0a-228f4c82a2b5, runId = bff6a8dd-637c-43b3-84b6-e7cc70e57bce] terminated with error
[2025-10-31T03:54:26.864+0700] {subprocess.py:93} INFO - py4j.Py4JException: An exception was raised by the Python Proxy. Return Message: Traceback (most recent call last):
[2025-10-31T03:54:26.864+0700] {subprocess.py:93} INFO -   File "/home/***/.local/lib/python3.12/site-packages/pyspark/python/lib/py4j-0.10.9.7-src.zip/py4j/clientserver.py", line 617, in _call_proxy
[2025-10-31T03:54:26.864+0700] {subprocess.py:93} INFO -     return_value = getattr(self.pool[obj_id], method)(*params)
[2025-10-31T03:54:26.864+0700] {subprocess.py:93} INFO -                    ^^^^^^^^^^^^^^^^^^^^^^^^^^^^^^^^^^^^^^^^^^^
[2025-10-31T03:54:26.864+0700] {subprocess.py:93} INFO -   File "/home/***/.local/lib/python3.12/site-packages/pyspark/python/lib/pyspark.zip/pyspark/sql/utils.py", line 120, in call
[2025-10-31T03:54:26.864+0700] {subprocess.py:93} INFO -     raise e
[2025-10-31T03:54:26.864+0700] {subprocess.py:93} INFO -   File "/home/***/.local/lib/python3.12/site-packages/pyspark/python/lib/pyspark.zip/pyspark/sql/utils.py", line 117, in call
[2025-10-31T03:54:26.865+0700] {subprocess.py:93} INFO -     self.func(DataFrame(jdf, wrapped_session_jdf), batch_id)
[2025-10-31T03:54:26.865+0700] {subprocess.py:93} INFO -   File "/opt/***/projects/absa_streaming/scripts/consumer_postgres_streaming.py", line 154, in write_to_postgres
[2025-10-31T03:54:26.865+0700] {subprocess.py:93} INFO -     raise Exception(f"Simulated crash at batch {batch_id}")
[2025-10-31T03:54:26.865+0700] {subprocess.py:93} INFO - Exception: Simulated crash at batch 5
[2025-10-31T03:54:26.865+0700] {subprocess.py:93} INFO - 
[2025-10-31T03:54:26.865+0700] {subprocess.py:93} INFO - 	at py4j.Protocol.getReturnValue(Protocol.java:476)
[2025-10-31T03:54:26.865+0700] {subprocess.py:93} INFO - 	at py4j.reflection.PythonProxyHandler.invoke(PythonProxyHandler.java:108)
[2025-10-31T03:54:26.865+0700] {subprocess.py:93} INFO - 	at jdk.proxy3/jdk.proxy3.$Proxy32.call(Unknown Source)
[2025-10-31T03:54:26.865+0700] {subprocess.py:93} INFO - 	at org.apache.spark.sql.execution.streaming.sources.PythonForeachBatchHelper$.$anonfun$callForeachBatch$1(ForeachBatchSink.scala:53)
[2025-10-31T03:54:26.866+0700] {subprocess.py:93} INFO - 	at org.apache.spark.sql.execution.streaming.sources.PythonForeachBatchHelper$.$anonfun$callForeachBatch$1$adapted(ForeachBatchSink.scala:53)
[2025-10-31T03:54:26.866+0700] {subprocess.py:93} INFO - 	at org.apache.spark.sql.execution.streaming.sources.ForeachBatchSink.addBatch(ForeachBatchSink.scala:34)
[2025-10-31T03:54:26.866+0700] {subprocess.py:93} INFO - 	at org.apache.spark.sql.execution.streaming.MicroBatchExecution.$anonfun$runBatch$17(MicroBatchExecution.scala:732)
[2025-10-31T03:54:26.866+0700] {subprocess.py:93} INFO - 	at org.apache.spark.sql.execution.SQLExecution$.$anonfun$withNewExecutionId$6(SQLExecution.scala:125)
[2025-10-31T03:54:26.866+0700] {subprocess.py:93} INFO - 	at org.apache.spark.sql.execution.SQLExecution$.withSQLConfPropagated(SQLExecution.scala:201)
[2025-10-31T03:54:26.866+0700] {subprocess.py:93} INFO - 	at org.apache.spark.sql.execution.SQLExecution$.$anonfun$withNewExecutionId$1(SQLExecution.scala:108)
[2025-10-31T03:54:26.866+0700] {subprocess.py:93} INFO - 	at org.apache.spark.sql.SparkSession.withActive(SparkSession.scala:900)
[2025-10-31T03:54:26.866+0700] {subprocess.py:93} INFO - 	at org.apache.spark.sql.execution.SQLExecution$.withNewExecutionId(SQLExecution.scala:66)
[2025-10-31T03:54:26.866+0700] {subprocess.py:93} INFO - 	at org.apache.spark.sql.execution.streaming.MicroBatchExecution.$anonfun$runBatch$16(MicroBatchExecution.scala:729)
[2025-10-31T03:54:26.866+0700] {subprocess.py:93} INFO - 	at org.apache.spark.sql.execution.streaming.ProgressReporter.reportTimeTaken(ProgressReporter.scala:427)
[2025-10-31T03:54:26.866+0700] {subprocess.py:93} INFO - 	at org.apache.spark.sql.execution.streaming.ProgressReporter.reportTimeTaken$(ProgressReporter.scala:425)
[2025-10-31T03:54:26.867+0700] {subprocess.py:93} INFO - 	at org.apache.spark.sql.execution.streaming.StreamExecution.reportTimeTaken(StreamExecution.scala:67)
[2025-10-31T03:54:26.867+0700] {subprocess.py:93} INFO - 	at org.apache.spark.sql.execution.streaming.MicroBatchExecution.runBatch(MicroBatchExecution.scala:729)
[2025-10-31T03:54:26.867+0700] {subprocess.py:93} INFO - 	at org.apache.spark.sql.execution.streaming.MicroBatchExecution.$anonfun$runActivatedStream$2(MicroBatchExecution.scala:286)
[2025-10-31T03:54:26.867+0700] {subprocess.py:93} INFO - 	at scala.runtime.java8.JFunction0$mcV$sp.apply(JFunction0$mcV$sp.java:23)
[2025-10-31T03:54:26.867+0700] {subprocess.py:93} INFO - 	at org.apache.spark.sql.execution.streaming.ProgressReporter.reportTimeTaken(ProgressReporter.scala:427)
[2025-10-31T03:54:26.867+0700] {subprocess.py:93} INFO - 	at org.apache.spark.sql.execution.streaming.ProgressReporter.reportTimeTaken$(ProgressReporter.scala:425)
[2025-10-31T03:54:26.867+0700] {subprocess.py:93} INFO - 	at org.apache.spark.sql.execution.streaming.StreamExecution.reportTimeTaken(StreamExecution.scala:67)
[2025-10-31T03:54:26.867+0700] {subprocess.py:93} INFO - 	at org.apache.spark.sql.execution.streaming.MicroBatchExecution.$anonfun$runActivatedStream$1(MicroBatchExecution.scala:249)
[2025-10-31T03:54:26.867+0700] {subprocess.py:93} INFO - 	at org.apache.spark.sql.execution.streaming.ProcessingTimeExecutor.execute(TriggerExecutor.scala:67)
[2025-10-31T03:54:26.867+0700] {subprocess.py:93} INFO - 	at org.apache.spark.sql.execution.streaming.MicroBatchExecution.runActivatedStream(MicroBatchExecution.scala:239)
[2025-10-31T03:54:26.867+0700] {subprocess.py:93} INFO - 	at org.apache.spark.sql.execution.streaming.StreamExecution.$anonfun$runStream$1(StreamExecution.scala:311)
[2025-10-31T03:54:26.868+0700] {subprocess.py:93} INFO - 	at scala.runtime.java8.JFunction0$mcV$sp.apply(JFunction0$mcV$sp.java:23)
[2025-10-31T03:54:26.868+0700] {subprocess.py:93} INFO - 	at org.apache.spark.sql.SparkSession.withActive(SparkSession.scala:900)
[2025-10-31T03:54:26.868+0700] {subprocess.py:93} INFO - 	at org.apache.spark.sql.execution.streaming.StreamExecution.org$apache$spark$sql$execution$streaming$StreamExecution$$runStream(StreamExecution.scala:289)
[2025-10-31T03:54:26.868+0700] {subprocess.py:93} INFO - 	at org.apache.spark.sql.execution.streaming.StreamExecution$$anon$1.$anonfun$run$1(StreamExecution.scala:211)
[2025-10-31T03:54:26.868+0700] {subprocess.py:93} INFO - 	at scala.runtime.java8.JFunction0$mcV$sp.apply(JFunction0$mcV$sp.java:23)
[2025-10-31T03:54:26.868+0700] {subprocess.py:93} INFO - 	at org.apache.spark.JobArtifactSet$.withActiveJobArtifactState(JobArtifactSet.scala:94)
[2025-10-31T03:54:26.868+0700] {subprocess.py:93} INFO - 	at org.apache.spark.sql.execution.streaming.StreamExecution$$anon$1.run(StreamExecution.scala:211)
[2025-10-31T03:54:26.888+0700] {subprocess.py:93} INFO - Traceback (most recent call last):
[2025-10-31T03:54:26.888+0700] {subprocess.py:93} INFO -   File "/opt/***/projects/absa_streaming/scripts/consumer_postgres_streaming.py", line 191, in <module>
[2025-10-31T03:54:26.888+0700] {subprocess.py:93} INFO -     query.awaitTermination()
[2025-10-31T03:54:26.888+0700] {subprocess.py:93} INFO -   File "/home/***/.local/lib/python3.12/site-packages/pyspark/python/lib/pyspark.zip/pyspark/sql/streaming/query.py", line 221, in awaitTermination
[2025-10-31T03:54:26.888+0700] {subprocess.py:93} INFO -   File "/home/***/.local/lib/python3.12/site-packages/pyspark/python/lib/py4j-0.10.9.7-src.zip/py4j/java_gateway.py", line 1322, in __call__
[2025-10-31T03:54:26.888+0700] {subprocess.py:93} INFO -   File "/home/***/.local/lib/python3.12/site-packages/pyspark/python/lib/pyspark.zip/pyspark/errors/exceptions/captured.py", line 185, in deco
[2025-10-31T03:54:26.891+0700] {subprocess.py:93} INFO - pyspark.errors.exceptions.captured.StreamingQueryException: [STREAM_FAILED] Query [id = d4e0669d-c9d9-4745-9a0a-228f4c82a2b5, runId = bff6a8dd-637c-43b3-84b6-e7cc70e57bce] terminated with exception: An exception was raised by the Python Proxy. Return Message: Traceback (most recent call last):
[2025-10-31T03:54:26.891+0700] {subprocess.py:93} INFO -   File "/home/***/.local/lib/python3.12/site-packages/pyspark/python/lib/py4j-0.10.9.7-src.zip/py4j/clientserver.py", line 617, in _call_proxy
[2025-10-31T03:54:26.891+0700] {subprocess.py:93} INFO -     return_value = getattr(self.pool[obj_id], method)(*params)
[2025-10-31T03:54:26.891+0700] {subprocess.py:93} INFO -                    ^^^^^^^^^^^^^^^^^^^^^^^^^^^^^^^^^^^^^^^^^^^
[2025-10-31T03:54:26.891+0700] {subprocess.py:93} INFO -   File "/home/***/.local/lib/python3.12/site-packages/pyspark/python/lib/pyspark.zip/pyspark/sql/utils.py", line 120, in call
[2025-10-31T03:54:26.892+0700] {subprocess.py:93} INFO -     raise e
[2025-10-31T03:54:26.892+0700] {subprocess.py:93} INFO -   File "/home/***/.local/lib/python3.12/site-packages/pyspark/python/lib/pyspark.zip/pyspark/sql/utils.py", line 117, in call
[2025-10-31T03:54:26.892+0700] {subprocess.py:93} INFO -     self.func(DataFrame(jdf, wrapped_session_jdf), batch_id)
[2025-10-31T03:54:26.892+0700] {subprocess.py:93} INFO -   File "/opt/***/projects/absa_streaming/scripts/consumer_postgres_streaming.py", line 154, in write_to_postgres
[2025-10-31T03:54:26.892+0700] {subprocess.py:93} INFO -     raise Exception(f"Simulated crash at batch {batch_id}")
[2025-10-31T03:54:26.892+0700] {subprocess.py:93} INFO - Exception: Simulated crash at batch 5
[2025-10-31T03:54:26.892+0700] {subprocess.py:93} INFO - 
[2025-10-31T03:54:27.481+0700] {subprocess.py:97} INFO - Command exited with return code 1
[2025-10-31T03:54:27.482+0700] {taskinstance.py:441} INFO - ::group::Post task execution logs
[2025-10-31T03:54:27.489+0700] {taskinstance.py:2890} ERROR - Task failed with exception
Traceback (most recent call last):
  File "/home/airflow/.local/lib/python3.12/site-packages/airflow/models/taskinstance.py", line 460, in _execute_task
    result = _execute_callable(context=context, **execute_callable_kwargs)
             ^^^^^^^^^^^^^^^^^^^^^^^^^^^^^^^^^^^^^^^^^^^^^^^^^^^^^^^^^^^^^
  File "/home/airflow/.local/lib/python3.12/site-packages/airflow/models/taskinstance.py", line 432, in _execute_callable
    return execute_callable(context=context, **execute_callable_kwargs)
           ^^^^^^^^^^^^^^^^^^^^^^^^^^^^^^^^^^^^^^^^^^^^^^^^^^^^^^^^^^^^
  File "/home/airflow/.local/lib/python3.12/site-packages/airflow/models/baseoperator.py", line 400, in wrapper
    return func(self, *args, **kwargs)
           ^^^^^^^^^^^^^^^^^^^^^^^^^^^
  File "/home/airflow/.local/lib/python3.12/site-packages/airflow/operators/bash.py", line 243, in execute
    raise AirflowException(
airflow.exceptions.AirflowException: Bash command failed. The command returned a non-zero exit code 1.
[2025-10-31T03:54:27.493+0700] {taskinstance.py:1205} INFO - Marking task as UP_FOR_RETRY. dag_id=absa_streaming_lifecycle_demo11, task_id=deploy_consumer, execution_date=20251030T190000, start_date=20251030T205133, end_date=20251030T205427
[2025-10-31T03:54:27.500+0700] {standard_task_runner.py:110} ERROR - Failed to execute job 22 for task deploy_consumer (Bash command failed. The command returned a non-zero exit code 1.; 20227)
[2025-10-31T03:54:27.542+0700] {local_task_job_runner.py:240} INFO - Task exited with return code 1
[2025-10-31T03:54:27.559+0700] {taskinstance.py:3482} INFO - 0 downstream tasks scheduled from follow-on schedule check
[2025-10-31T03:54:27.560+0700] {local_task_job_runner.py:222} INFO - ::endgroup::
