[2025-10-30T23:05:12.323+0700] {local_task_job_runner.py:120} INFO - ::group::Pre task execution logs
[2025-10-30T23:05:12.344+0700] {taskinstance.py:2073} INFO - Dependencies all met for dep_context=non-requeueable deps ti=<TaskInstance: absa_streaming_lifecycle_demo11.deploy_consumer scheduled__2025-10-30T15:00:00+00:00 [queued]>
[2025-10-30T23:05:12.349+0700] {taskinstance.py:2073} INFO - Dependencies all met for dep_context=requeueable deps ti=<TaskInstance: absa_streaming_lifecycle_demo11.deploy_consumer scheduled__2025-10-30T15:00:00+00:00 [queued]>
[2025-10-30T23:05:12.349+0700] {taskinstance.py:2303} INFO - Starting attempt 2 of 6
[2025-10-30T23:05:12.359+0700] {taskinstance.py:2327} INFO - Executing <Task(BashOperator): deploy_consumer> on 2025-10-30 15:00:00+00:00
[2025-10-30T23:05:12.370+0700] {warnings.py:110} WARNING - /home/***/.local/lib/python3.12/site-packages/***/task/task_runner/standard_task_runner.py:61: DeprecationWarning: This process (pid=7068) is multi-threaded, use of fork() may lead to deadlocks in the child.
  pid = os.fork()

[2025-10-30T23:05:12.371+0700] {standard_task_runner.py:63} INFO - Started process 7070 to run task
[2025-10-30T23:05:12.371+0700] {standard_task_runner.py:90} INFO - Running: ['***', 'tasks', 'run', 'absa_streaming_lifecycle_demo11', 'deploy_consumer', 'scheduled__2025-10-30T15:00:00+00:00', '--job-id', '15', '--raw', '--subdir', 'DAGS_FOLDER/absa_streaming_lifecycle_dag1.py', '--cfg-path', '/tmp/tmp717n2cep']
[2025-10-30T23:05:12.373+0700] {standard_task_runner.py:91} INFO - Job 15: Subtask deploy_consumer
[2025-10-30T23:05:12.404+0700] {task_command.py:426} INFO - Running <TaskInstance: absa_streaming_lifecycle_demo11.deploy_consumer scheduled__2025-10-30T15:00:00+00:00 [running]> on host be079b239c4c
[2025-10-30T23:05:12.458+0700] {taskinstance.py:2644} INFO - Exporting env vars: AIRFLOW_CTX_DAG_OWNER='***' AIRFLOW_CTX_DAG_ID='absa_streaming_lifecycle_demo11' AIRFLOW_CTX_TASK_ID='deploy_consumer' AIRFLOW_CTX_EXECUTION_DATE='2025-10-30T15:00:00+00:00' AIRFLOW_CTX_TRY_NUMBER='2' AIRFLOW_CTX_DAG_RUN_ID='scheduled__2025-10-30T15:00:00+00:00'
[2025-10-30T23:05:12.459+0700] {taskinstance.py:430} INFO - ::endgroup::
[2025-10-30T23:05:12.463+0700] {subprocess.py:63} INFO - Tmp dir root location: /tmp
[2025-10-30T23:05:12.464+0700] {subprocess.py:75} INFO - Running command: ['/usr/bin/bash', '-c', 'bash -c "timeout 45m /opt/***/projects/absa_streaming/scripts/run_consumer.sh"']
[2025-10-30T23:05:12.477+0700] {subprocess.py:86} INFO - Output:
[2025-10-30T23:05:12.485+0700] {subprocess.py:93} INFO - [Consumer] Starting Spark Structured Streaming job...
[2025-10-30T23:05:12.532+0700] {subprocess.py:93} INFO - /home/***/.local/lib/python3.12/site-packages/pyspark/bin/load-spark-env.sh: line 68: ps: command not found
[2025-10-30T23:05:14.120+0700] {subprocess.py:93} INFO - :: loading settings :: url = jar:file:/home/***/.local/lib/python3.12/site-packages/pyspark/jars/ivy-2.5.1.jar!/org/apache/ivy/core/settings/ivysettings.xml
[2025-10-30T23:05:14.187+0700] {subprocess.py:93} INFO - Ivy Default Cache set to: /home/***/.ivy2/cache
[2025-10-30T23:05:14.188+0700] {subprocess.py:93} INFO - The jars for the packages stored in: /home/***/.ivy2/jars
[2025-10-30T23:05:14.190+0700] {subprocess.py:93} INFO - org.apache.spark#spark-sql-kafka-0-10_2.12 added as a dependency
[2025-10-30T23:05:14.190+0700] {subprocess.py:93} INFO - org.postgresql#postgresql added as a dependency
[2025-10-30T23:05:14.191+0700] {subprocess.py:93} INFO - :: resolving dependencies :: org.apache.spark#spark-submit-parent-003060ba-628d-4046-a6b9-c12714bf0ccf;1.0
[2025-10-30T23:05:14.191+0700] {subprocess.py:93} INFO - 	confs: [default]
[2025-10-30T23:05:14.356+0700] {subprocess.py:93} INFO - 	found org.apache.spark#spark-sql-kafka-0-10_2.12;3.5.1 in central
[2025-10-30T23:05:14.428+0700] {subprocess.py:93} INFO - 	found org.apache.spark#spark-token-provider-kafka-0-10_2.12;3.5.1 in central
[2025-10-30T23:05:14.459+0700] {subprocess.py:93} INFO - 	found org.apache.kafka#kafka-clients;3.4.1 in central
[2025-10-30T23:05:14.488+0700] {subprocess.py:93} INFO - 	found org.lz4#lz4-java;1.8.0 in central
[2025-10-30T23:05:14.513+0700] {subprocess.py:93} INFO - 	found org.xerial.snappy#snappy-java;1.1.10.3 in central
[2025-10-30T23:05:14.541+0700] {subprocess.py:93} INFO - 	found org.slf4j#slf4j-api;2.0.7 in central
[2025-10-30T23:05:14.576+0700] {subprocess.py:93} INFO - 	found org.apache.hadoop#hadoop-client-runtime;3.3.4 in central
[2025-10-30T23:05:14.619+0700] {subprocess.py:93} INFO - 	found org.apache.hadoop#hadoop-client-api;3.3.4 in central
[2025-10-30T23:05:14.651+0700] {subprocess.py:93} INFO - 	found commons-logging#commons-logging;1.1.3 in central
[2025-10-30T23:05:14.669+0700] {subprocess.py:93} INFO - 	found com.google.code.findbugs#jsr305;3.0.0 in central
[2025-10-30T23:05:14.688+0700] {subprocess.py:93} INFO - 	found org.apache.commons#commons-pool2;2.11.1 in central
[2025-10-30T23:05:14.707+0700] {subprocess.py:93} INFO - 	found org.postgresql#postgresql;42.6.0 in central
[2025-10-30T23:05:14.726+0700] {subprocess.py:93} INFO - 	found org.checkerframework#checker-qual;3.31.0 in central
[2025-10-30T23:05:14.761+0700] {subprocess.py:93} INFO - :: resolution report :: resolve 550ms :: artifacts dl 20ms
[2025-10-30T23:05:14.762+0700] {subprocess.py:93} INFO - 	:: modules in use:
[2025-10-30T23:05:14.763+0700] {subprocess.py:93} INFO - 	com.google.code.findbugs#jsr305;3.0.0 from central in [default]
[2025-10-30T23:05:14.763+0700] {subprocess.py:93} INFO - 	commons-logging#commons-logging;1.1.3 from central in [default]
[2025-10-30T23:05:14.764+0700] {subprocess.py:93} INFO - 	org.apache.commons#commons-pool2;2.11.1 from central in [default]
[2025-10-30T23:05:14.764+0700] {subprocess.py:93} INFO - 	org.apache.hadoop#hadoop-client-api;3.3.4 from central in [default]
[2025-10-30T23:05:14.764+0700] {subprocess.py:93} INFO - 	org.apache.hadoop#hadoop-client-runtime;3.3.4 from central in [default]
[2025-10-30T23:05:14.764+0700] {subprocess.py:93} INFO - 	org.apache.kafka#kafka-clients;3.4.1 from central in [default]
[2025-10-30T23:05:14.765+0700] {subprocess.py:93} INFO - 	org.apache.spark#spark-sql-kafka-0-10_2.12;3.5.1 from central in [default]
[2025-10-30T23:05:14.765+0700] {subprocess.py:93} INFO - 	org.apache.spark#spark-token-provider-kafka-0-10_2.12;3.5.1 from central in [default]
[2025-10-30T23:05:14.765+0700] {subprocess.py:93} INFO - 	org.checkerframework#checker-qual;3.31.0 from central in [default]
[2025-10-30T23:05:14.766+0700] {subprocess.py:93} INFO - 	org.lz4#lz4-java;1.8.0 from central in [default]
[2025-10-30T23:05:14.766+0700] {subprocess.py:93} INFO - 	org.postgresql#postgresql;42.6.0 from central in [default]
[2025-10-30T23:05:14.766+0700] {subprocess.py:93} INFO - 	org.slf4j#slf4j-api;2.0.7 from central in [default]
[2025-10-30T23:05:14.766+0700] {subprocess.py:93} INFO - 	org.xerial.snappy#snappy-java;1.1.10.3 from central in [default]
[2025-10-30T23:05:14.767+0700] {subprocess.py:93} INFO - 	---------------------------------------------------------------------
[2025-10-30T23:05:14.767+0700] {subprocess.py:93} INFO - 	|                  |            modules            ||   artifacts   |
[2025-10-30T23:05:14.767+0700] {subprocess.py:93} INFO - 	|       conf       | number| search|dwnlded|evicted|| number|dwnlded|
[2025-10-30T23:05:14.768+0700] {subprocess.py:93} INFO - 	---------------------------------------------------------------------
[2025-10-30T23:05:14.768+0700] {subprocess.py:93} INFO - 	|      default     |   13  |   0   |   0   |   0   ||   13  |   0   |
[2025-10-30T23:05:14.768+0700] {subprocess.py:93} INFO - 	---------------------------------------------------------------------
[2025-10-30T23:05:14.772+0700] {subprocess.py:93} INFO - :: retrieving :: org.apache.spark#spark-submit-parent-003060ba-628d-4046-a6b9-c12714bf0ccf
[2025-10-30T23:05:14.772+0700] {subprocess.py:93} INFO - 	confs: [default]
[2025-10-30T23:05:14.785+0700] {subprocess.py:93} INFO - 	0 artifacts copied, 13 already retrieved (0kB/12ms)
[2025-10-30T23:05:15.069+0700] {subprocess.py:93} INFO - 25/10/30 23:05:15 WARN NativeCodeLoader: Unable to load native-hadoop library for your platform... using builtin-java classes where applicable
[2025-10-30T23:05:20.523+0700] {subprocess.py:93} INFO - 25/10/30 23:05:20 INFO SparkContext: Running Spark version 3.5.1
[2025-10-30T23:05:20.523+0700] {subprocess.py:93} INFO - 25/10/30 23:05:20 INFO SparkContext: OS info Linux, 6.14.0-33-generic, amd64
[2025-10-30T23:05:20.524+0700] {subprocess.py:93} INFO - 25/10/30 23:05:20 INFO SparkContext: Java version 17.0.17
[2025-10-30T23:05:20.548+0700] {subprocess.py:93} INFO - 25/10/30 23:05:20 INFO ResourceUtils: ==============================================================
[2025-10-30T23:05:20.549+0700] {subprocess.py:93} INFO - 25/10/30 23:05:20 INFO ResourceUtils: No custom resources configured for spark.driver.
[2025-10-30T23:05:20.549+0700] {subprocess.py:93} INFO - 25/10/30 23:05:20 INFO ResourceUtils: ==============================================================
[2025-10-30T23:05:20.549+0700] {subprocess.py:93} INFO - 25/10/30 23:05:20 INFO SparkContext: Submitted application: Kafka_ABSA_Postgres
[2025-10-30T23:05:20.576+0700] {subprocess.py:93} INFO - 25/10/30 23:05:20 INFO ResourceProfile: Default ResourceProfile created, executor resources: Map(cores -> name: cores, amount: 1, script: , vendor: , memory -> name: memory, amount: 1024, script: , vendor: , offHeap -> name: offHeap, amount: 0, script: , vendor: ), task resources: Map(cpus -> name: cpus, amount: 1.0)
[2025-10-30T23:05:20.590+0700] {subprocess.py:93} INFO - 25/10/30 23:05:20 INFO ResourceProfile: Limiting resource is cpu
[2025-10-30T23:05:20.590+0700] {subprocess.py:93} INFO - 25/10/30 23:05:20 INFO ResourceProfileManager: Added ResourceProfile id: 0
[2025-10-30T23:05:20.666+0700] {subprocess.py:93} INFO - 25/10/30 23:05:20 INFO SecurityManager: Changing view acls to: default
[2025-10-30T23:05:20.667+0700] {subprocess.py:93} INFO - 25/10/30 23:05:20 INFO SecurityManager: Changing modify acls to: default
[2025-10-30T23:05:20.667+0700] {subprocess.py:93} INFO - 25/10/30 23:05:20 INFO SecurityManager: Changing view acls groups to:
[2025-10-30T23:05:20.667+0700] {subprocess.py:93} INFO - 25/10/30 23:05:20 INFO SecurityManager: Changing modify acls groups to:
[2025-10-30T23:05:20.668+0700] {subprocess.py:93} INFO - 25/10/30 23:05:20 INFO SecurityManager: SecurityManager: authentication disabled; ui acls disabled; users with view permissions: default; groups with view permissions: EMPTY; users with modify permissions: default; groups with modify permissions: EMPTY
[2025-10-30T23:05:20.939+0700] {subprocess.py:93} INFO - 25/10/30 23:05:20 INFO Utils: Successfully started service 'sparkDriver' on port 46183.
[2025-10-30T23:05:20.979+0700] {subprocess.py:93} INFO - 25/10/30 23:05:20 INFO SparkEnv: Registering MapOutputTracker
[2025-10-30T23:05:21.021+0700] {subprocess.py:93} INFO - 25/10/30 23:05:21 INFO SparkEnv: Registering BlockManagerMaster
[2025-10-30T23:05:21.040+0700] {subprocess.py:93} INFO - 25/10/30 23:05:21 INFO BlockManagerMasterEndpoint: Using org.apache.spark.storage.DefaultTopologyMapper for getting topology information
[2025-10-30T23:05:21.041+0700] {subprocess.py:93} INFO - 25/10/30 23:05:21 INFO BlockManagerMasterEndpoint: BlockManagerMasterEndpoint up
[2025-10-30T23:05:21.044+0700] {subprocess.py:93} INFO - 25/10/30 23:05:21 INFO SparkEnv: Registering BlockManagerMasterHeartbeat
[2025-10-30T23:05:21.071+0700] {subprocess.py:93} INFO - 25/10/30 23:05:21 INFO DiskBlockManager: Created local directory at /tmp/blockmgr-4bd6755b-7d15-40c2-8c1e-8a2faaf80de9
[2025-10-30T23:05:21.087+0700] {subprocess.py:93} INFO - 25/10/30 23:05:21 INFO MemoryStore: MemoryStore started with capacity 434.4 MiB
[2025-10-30T23:05:21.102+0700] {subprocess.py:93} INFO - 25/10/30 23:05:21 INFO SparkEnv: Registering OutputCommitCoordinator
[2025-10-30T23:05:21.254+0700] {subprocess.py:93} INFO - 25/10/30 23:05:21 INFO JettyUtils: Start Jetty 0.0.0.0:4040 for SparkUI
[2025-10-30T23:05:21.329+0700] {subprocess.py:93} INFO - 25/10/30 23:05:21 INFO Utils: Successfully started service 'SparkUI' on port 4040.
[2025-10-30T23:05:21.367+0700] {subprocess.py:93} INFO - 25/10/30 23:05:21 INFO SparkContext: Added JAR file:///home/***/.ivy2/jars/org.apache.spark_spark-sql-kafka-0-10_2.12-3.5.1.jar at spark://be079b239c4c:46183/jars/org.apache.spark_spark-sql-kafka-0-10_2.12-3.5.1.jar with timestamp 1761840320511
[2025-10-30T23:05:21.368+0700] {subprocess.py:93} INFO - 25/10/30 23:05:21 INFO SparkContext: Added JAR file:///home/***/.ivy2/jars/org.postgresql_postgresql-42.6.0.jar at spark://be079b239c4c:46183/jars/org.postgresql_postgresql-42.6.0.jar with timestamp 1761840320511
[2025-10-30T23:05:21.369+0700] {subprocess.py:93} INFO - 25/10/30 23:05:21 INFO SparkContext: Added JAR file:///home/***/.ivy2/jars/org.apache.spark_spark-token-provider-kafka-0-10_2.12-3.5.1.jar at spark://be079b239c4c:46183/jars/org.apache.spark_spark-token-provider-kafka-0-10_2.12-3.5.1.jar with timestamp 1761840320511
[2025-10-30T23:05:21.369+0700] {subprocess.py:93} INFO - 25/10/30 23:05:21 INFO SparkContext: Added JAR file:///home/***/.ivy2/jars/org.apache.kafka_kafka-clients-3.4.1.jar at spark://be079b239c4c:46183/jars/org.apache.kafka_kafka-clients-3.4.1.jar with timestamp 1761840320511
[2025-10-30T23:05:21.369+0700] {subprocess.py:93} INFO - 25/10/30 23:05:21 INFO SparkContext: Added JAR file:///home/***/.ivy2/jars/com.google.code.findbugs_jsr305-3.0.0.jar at spark://be079b239c4c:46183/jars/com.google.code.findbugs_jsr305-3.0.0.jar with timestamp 1761840320511
[2025-10-30T23:05:21.369+0700] {subprocess.py:93} INFO - 25/10/30 23:05:21 INFO SparkContext: Added JAR file:///home/***/.ivy2/jars/org.apache.commons_commons-pool2-2.11.1.jar at spark://be079b239c4c:46183/jars/org.apache.commons_commons-pool2-2.11.1.jar with timestamp 1761840320511
[2025-10-30T23:05:21.370+0700] {subprocess.py:93} INFO - 25/10/30 23:05:21 INFO SparkContext: Added JAR file:///home/***/.ivy2/jars/org.apache.hadoop_hadoop-client-runtime-3.3.4.jar at spark://be079b239c4c:46183/jars/org.apache.hadoop_hadoop-client-runtime-3.3.4.jar with timestamp 1761840320511
[2025-10-30T23:05:21.370+0700] {subprocess.py:93} INFO - 25/10/30 23:05:21 INFO SparkContext: Added JAR file:///home/***/.ivy2/jars/org.lz4_lz4-java-1.8.0.jar at spark://be079b239c4c:46183/jars/org.lz4_lz4-java-1.8.0.jar with timestamp 1761840320511
[2025-10-30T23:05:21.370+0700] {subprocess.py:93} INFO - 25/10/30 23:05:21 INFO SparkContext: Added JAR file:///home/***/.ivy2/jars/org.xerial.snappy_snappy-java-1.1.10.3.jar at spark://be079b239c4c:46183/jars/org.xerial.snappy_snappy-java-1.1.10.3.jar with timestamp 1761840320511
[2025-10-30T23:05:21.370+0700] {subprocess.py:93} INFO - 25/10/30 23:05:21 INFO SparkContext: Added JAR file:///home/***/.ivy2/jars/org.slf4j_slf4j-api-2.0.7.jar at spark://be079b239c4c:46183/jars/org.slf4j_slf4j-api-2.0.7.jar with timestamp 1761840320511
[2025-10-30T23:05:21.371+0700] {subprocess.py:93} INFO - 25/10/30 23:05:21 INFO SparkContext: Added JAR file:///home/***/.ivy2/jars/org.apache.hadoop_hadoop-client-api-3.3.4.jar at spark://be079b239c4c:46183/jars/org.apache.hadoop_hadoop-client-api-3.3.4.jar with timestamp 1761840320511
[2025-10-30T23:05:21.371+0700] {subprocess.py:93} INFO - 25/10/30 23:05:21 INFO SparkContext: Added JAR file:///home/***/.ivy2/jars/commons-logging_commons-logging-1.1.3.jar at spark://be079b239c4c:46183/jars/commons-logging_commons-logging-1.1.3.jar with timestamp 1761840320511
[2025-10-30T23:05:21.371+0700] {subprocess.py:93} INFO - 25/10/30 23:05:21 INFO SparkContext: Added JAR file:///home/***/.ivy2/jars/org.checkerframework_checker-qual-3.31.0.jar at spark://be079b239c4c:46183/jars/org.checkerframework_checker-qual-3.31.0.jar with timestamp 1761840320511
[2025-10-30T23:05:21.372+0700] {subprocess.py:93} INFO - 25/10/30 23:05:21 INFO SparkContext: Added file file:///home/***/.ivy2/jars/org.apache.spark_spark-sql-kafka-0-10_2.12-3.5.1.jar at file:///home/***/.ivy2/jars/org.apache.spark_spark-sql-kafka-0-10_2.12-3.5.1.jar with timestamp 1761840320511
[2025-10-30T23:05:21.373+0700] {subprocess.py:93} INFO - 25/10/30 23:05:21 INFO Utils: Copying /home/***/.ivy2/jars/org.apache.spark_spark-sql-kafka-0-10_2.12-3.5.1.jar to /tmp/spark-63f51e7d-aa82-4996-a5b2-dff6904526bc/userFiles-80601dfc-000c-42ea-8f04-aeb906b0b97a/org.apache.spark_spark-sql-kafka-0-10_2.12-3.5.1.jar
[2025-10-30T23:05:21.388+0700] {subprocess.py:93} INFO - 25/10/30 23:05:21 INFO SparkContext: Added file file:///home/***/.ivy2/jars/org.postgresql_postgresql-42.6.0.jar at file:///home/***/.ivy2/jars/org.postgresql_postgresql-42.6.0.jar with timestamp 1761840320511
[2025-10-30T23:05:21.389+0700] {subprocess.py:93} INFO - 25/10/30 23:05:21 INFO Utils: Copying /home/***/.ivy2/jars/org.postgresql_postgresql-42.6.0.jar to /tmp/spark-63f51e7d-aa82-4996-a5b2-dff6904526bc/userFiles-80601dfc-000c-42ea-8f04-aeb906b0b97a/org.postgresql_postgresql-42.6.0.jar
[2025-10-30T23:05:21.396+0700] {subprocess.py:93} INFO - 25/10/30 23:05:21 INFO SparkContext: Added file file:///home/***/.ivy2/jars/org.apache.spark_spark-token-provider-kafka-0-10_2.12-3.5.1.jar at file:///home/***/.ivy2/jars/org.apache.spark_spark-token-provider-kafka-0-10_2.12-3.5.1.jar with timestamp 1761840320511
[2025-10-30T23:05:21.396+0700] {subprocess.py:93} INFO - 25/10/30 23:05:21 INFO Utils: Copying /home/***/.ivy2/jars/org.apache.spark_spark-token-provider-kafka-0-10_2.12-3.5.1.jar to /tmp/spark-63f51e7d-aa82-4996-a5b2-dff6904526bc/userFiles-80601dfc-000c-42ea-8f04-aeb906b0b97a/org.apache.spark_spark-token-provider-kafka-0-10_2.12-3.5.1.jar
[2025-10-30T23:05:21.400+0700] {subprocess.py:93} INFO - 25/10/30 23:05:21 INFO SparkContext: Added file file:///home/***/.ivy2/jars/org.apache.kafka_kafka-clients-3.4.1.jar at file:///home/***/.ivy2/jars/org.apache.kafka_kafka-clients-3.4.1.jar with timestamp 1761840320511
[2025-10-30T23:05:21.401+0700] {subprocess.py:93} INFO - 25/10/30 23:05:21 INFO Utils: Copying /home/***/.ivy2/jars/org.apache.kafka_kafka-clients-3.4.1.jar to /tmp/spark-63f51e7d-aa82-4996-a5b2-dff6904526bc/userFiles-80601dfc-000c-42ea-8f04-aeb906b0b97a/org.apache.kafka_kafka-clients-3.4.1.jar
[2025-10-30T23:05:21.417+0700] {subprocess.py:93} INFO - 25/10/30 23:05:21 INFO SparkContext: Added file file:///home/***/.ivy2/jars/com.google.code.findbugs_jsr305-3.0.0.jar at file:///home/***/.ivy2/jars/com.google.code.findbugs_jsr305-3.0.0.jar with timestamp 1761840320511
[2025-10-30T23:05:21.418+0700] {subprocess.py:93} INFO - 25/10/30 23:05:21 INFO Utils: Copying /home/***/.ivy2/jars/com.google.code.findbugs_jsr305-3.0.0.jar to /tmp/spark-63f51e7d-aa82-4996-a5b2-dff6904526bc/userFiles-80601dfc-000c-42ea-8f04-aeb906b0b97a/com.google.code.findbugs_jsr305-3.0.0.jar
[2025-10-30T23:05:21.422+0700] {subprocess.py:93} INFO - 25/10/30 23:05:21 INFO SparkContext: Added file file:///home/***/.ivy2/jars/org.apache.commons_commons-pool2-2.11.1.jar at file:///home/***/.ivy2/jars/org.apache.commons_commons-pool2-2.11.1.jar with timestamp 1761840320511
[2025-10-30T23:05:21.422+0700] {subprocess.py:93} INFO - 25/10/30 23:05:21 INFO Utils: Copying /home/***/.ivy2/jars/org.apache.commons_commons-pool2-2.11.1.jar to /tmp/spark-63f51e7d-aa82-4996-a5b2-dff6904526bc/userFiles-80601dfc-000c-42ea-8f04-aeb906b0b97a/org.apache.commons_commons-pool2-2.11.1.jar
[2025-10-30T23:05:21.426+0700] {subprocess.py:93} INFO - 25/10/30 23:05:21 INFO SparkContext: Added file file:///home/***/.ivy2/jars/org.apache.hadoop_hadoop-client-runtime-3.3.4.jar at file:///home/***/.ivy2/jars/org.apache.hadoop_hadoop-client-runtime-3.3.4.jar with timestamp 1761840320511
[2025-10-30T23:05:21.426+0700] {subprocess.py:93} INFO - 25/10/30 23:05:21 INFO Utils: Copying /home/***/.ivy2/jars/org.apache.hadoop_hadoop-client-runtime-3.3.4.jar to /tmp/spark-63f51e7d-aa82-4996-a5b2-dff6904526bc/userFiles-80601dfc-000c-42ea-8f04-aeb906b0b97a/org.apache.hadoop_hadoop-client-runtime-3.3.4.jar
[2025-10-30T23:05:21.547+0700] {subprocess.py:93} INFO - 25/10/30 23:05:21 INFO SparkContext: Added file file:///home/***/.ivy2/jars/org.lz4_lz4-java-1.8.0.jar at file:///home/***/.ivy2/jars/org.lz4_lz4-java-1.8.0.jar with timestamp 1761840320511
[2025-10-30T23:05:21.547+0700] {subprocess.py:93} INFO - 25/10/30 23:05:21 INFO Utils: Copying /home/***/.ivy2/jars/org.lz4_lz4-java-1.8.0.jar to /tmp/spark-63f51e7d-aa82-4996-a5b2-dff6904526bc/userFiles-80601dfc-000c-42ea-8f04-aeb906b0b97a/org.lz4_lz4-java-1.8.0.jar
[2025-10-30T23:05:21.553+0700] {subprocess.py:93} INFO - 25/10/30 23:05:21 INFO SparkContext: Added file file:///home/***/.ivy2/jars/org.xerial.snappy_snappy-java-1.1.10.3.jar at file:///home/***/.ivy2/jars/org.xerial.snappy_snappy-java-1.1.10.3.jar with timestamp 1761840320511
[2025-10-30T23:05:21.554+0700] {subprocess.py:93} INFO - 25/10/30 23:05:21 INFO Utils: Copying /home/***/.ivy2/jars/org.xerial.snappy_snappy-java-1.1.10.3.jar to /tmp/spark-63f51e7d-aa82-4996-a5b2-dff6904526bc/userFiles-80601dfc-000c-42ea-8f04-aeb906b0b97a/org.xerial.snappy_snappy-java-1.1.10.3.jar
[2025-10-30T23:05:21.568+0700] {subprocess.py:93} INFO - 25/10/30 23:05:21 INFO SparkContext: Added file file:///home/***/.ivy2/jars/org.slf4j_slf4j-api-2.0.7.jar at file:///home/***/.ivy2/jars/org.slf4j_slf4j-api-2.0.7.jar with timestamp 1761840320511
[2025-10-30T23:05:21.569+0700] {subprocess.py:93} INFO - 25/10/30 23:05:21 INFO Utils: Copying /home/***/.ivy2/jars/org.slf4j_slf4j-api-2.0.7.jar to /tmp/spark-63f51e7d-aa82-4996-a5b2-dff6904526bc/userFiles-80601dfc-000c-42ea-8f04-aeb906b0b97a/org.slf4j_slf4j-api-2.0.7.jar
[2025-10-30T23:05:21.574+0700] {subprocess.py:93} INFO - 25/10/30 23:05:21 INFO SparkContext: Added file file:///home/***/.ivy2/jars/org.apache.hadoop_hadoop-client-api-3.3.4.jar at file:///home/***/.ivy2/jars/org.apache.hadoop_hadoop-client-api-3.3.4.jar with timestamp 1761840320511
[2025-10-30T23:05:21.574+0700] {subprocess.py:93} INFO - 25/10/30 23:05:21 INFO Utils: Copying /home/***/.ivy2/jars/org.apache.hadoop_hadoop-client-api-3.3.4.jar to /tmp/spark-63f51e7d-aa82-4996-a5b2-dff6904526bc/userFiles-80601dfc-000c-42ea-8f04-aeb906b0b97a/org.apache.hadoop_hadoop-client-api-3.3.4.jar
[2025-10-30T23:05:21.685+0700] {subprocess.py:93} INFO - 25/10/30 23:05:21 INFO SparkContext: Added file file:///home/***/.ivy2/jars/commons-logging_commons-logging-1.1.3.jar at file:///home/***/.ivy2/jars/commons-logging_commons-logging-1.1.3.jar with timestamp 1761840320511
[2025-10-30T23:05:21.686+0700] {subprocess.py:93} INFO - 25/10/30 23:05:21 INFO Utils: Copying /home/***/.ivy2/jars/commons-logging_commons-logging-1.1.3.jar to /tmp/spark-63f51e7d-aa82-4996-a5b2-dff6904526bc/userFiles-80601dfc-000c-42ea-8f04-aeb906b0b97a/commons-logging_commons-logging-1.1.3.jar
[2025-10-30T23:05:21.691+0700] {subprocess.py:93} INFO - 25/10/30 23:05:21 INFO SparkContext: Added file file:///home/***/.ivy2/jars/org.checkerframework_checker-qual-3.31.0.jar at file:///home/***/.ivy2/jars/org.checkerframework_checker-qual-3.31.0.jar with timestamp 1761840320511
[2025-10-30T23:05:21.692+0700] {subprocess.py:93} INFO - 25/10/30 23:05:21 INFO Utils: Copying /home/***/.ivy2/jars/org.checkerframework_checker-qual-3.31.0.jar to /tmp/spark-63f51e7d-aa82-4996-a5b2-dff6904526bc/userFiles-80601dfc-000c-42ea-8f04-aeb906b0b97a/org.checkerframework_checker-qual-3.31.0.jar
[2025-10-30T23:05:21.770+0700] {subprocess.py:93} INFO - 25/10/30 23:05:21 INFO Executor: Starting executor ID driver on host be079b239c4c
[2025-10-30T23:05:21.771+0700] {subprocess.py:93} INFO - 25/10/30 23:05:21 INFO Executor: OS info Linux, 6.14.0-33-generic, amd64
[2025-10-30T23:05:21.772+0700] {subprocess.py:93} INFO - 25/10/30 23:05:21 INFO Executor: Java version 17.0.17
[2025-10-30T23:05:21.780+0700] {subprocess.py:93} INFO - 25/10/30 23:05:21 INFO Executor: Starting executor with user classpath (userClassPathFirst = false): ''
[2025-10-30T23:05:21.780+0700] {subprocess.py:93} INFO - 25/10/30 23:05:21 INFO Executor: Created or updated repl class loader org.apache.spark.util.MutableURLClassLoader@1742ffe5 for default.
[2025-10-30T23:05:21.792+0700] {subprocess.py:93} INFO - 25/10/30 23:05:21 INFO Executor: Fetching file:///home/***/.ivy2/jars/org.apache.spark_spark-sql-kafka-0-10_2.12-3.5.1.jar with timestamp 1761840320511
[2025-10-30T23:05:21.822+0700] {subprocess.py:93} INFO - 25/10/30 23:05:21 INFO Utils: /home/***/.ivy2/jars/org.apache.spark_spark-sql-kafka-0-10_2.12-3.5.1.jar has been previously copied to /tmp/spark-63f51e7d-aa82-4996-a5b2-dff6904526bc/userFiles-80601dfc-000c-42ea-8f04-aeb906b0b97a/org.apache.spark_spark-sql-kafka-0-10_2.12-3.5.1.jar
[2025-10-30T23:05:21.828+0700] {subprocess.py:93} INFO - 25/10/30 23:05:21 INFO Executor: Fetching file:///home/***/.ivy2/jars/org.apache.hadoop_hadoop-client-runtime-3.3.4.jar with timestamp 1761840320511
[2025-10-30T23:05:21.852+0700] {subprocess.py:93} INFO - 25/10/30 23:05:21 INFO Utils: /home/***/.ivy2/jars/org.apache.hadoop_hadoop-client-runtime-3.3.4.jar has been previously copied to /tmp/spark-63f51e7d-aa82-4996-a5b2-dff6904526bc/userFiles-80601dfc-000c-42ea-8f04-aeb906b0b97a/org.apache.hadoop_hadoop-client-runtime-3.3.4.jar
[2025-10-30T23:05:21.857+0700] {subprocess.py:93} INFO - 25/10/30 23:05:21 INFO Executor: Fetching file:///home/***/.ivy2/jars/org.apache.hadoop_hadoop-client-api-3.3.4.jar with timestamp 1761840320511
[2025-10-30T23:05:21.874+0700] {subprocess.py:93} INFO - 25/10/30 23:05:21 INFO Utils: /home/***/.ivy2/jars/org.apache.hadoop_hadoop-client-api-3.3.4.jar has been previously copied to /tmp/spark-63f51e7d-aa82-4996-a5b2-dff6904526bc/userFiles-80601dfc-000c-42ea-8f04-aeb906b0b97a/org.apache.hadoop_hadoop-client-api-3.3.4.jar
[2025-10-30T23:05:21.878+0700] {subprocess.py:93} INFO - 25/10/30 23:05:21 INFO Executor: Fetching file:///home/***/.ivy2/jars/org.apache.spark_spark-token-provider-kafka-0-10_2.12-3.5.1.jar with timestamp 1761840320511
[2025-10-30T23:05:21.879+0700] {subprocess.py:93} INFO - 25/10/30 23:05:21 INFO Utils: /home/***/.ivy2/jars/org.apache.spark_spark-token-provider-kafka-0-10_2.12-3.5.1.jar has been previously copied to /tmp/spark-63f51e7d-aa82-4996-a5b2-dff6904526bc/userFiles-80601dfc-000c-42ea-8f04-aeb906b0b97a/org.apache.spark_spark-token-provider-kafka-0-10_2.12-3.5.1.jar
[2025-10-30T23:05:21.883+0700] {subprocess.py:93} INFO - 25/10/30 23:05:21 INFO Executor: Fetching file:///home/***/.ivy2/jars/com.google.code.findbugs_jsr305-3.0.0.jar with timestamp 1761840320511
[2025-10-30T23:05:21.883+0700] {subprocess.py:93} INFO - 25/10/30 23:05:21 INFO Utils: /home/***/.ivy2/jars/com.google.code.findbugs_jsr305-3.0.0.jar has been previously copied to /tmp/spark-63f51e7d-aa82-4996-a5b2-dff6904526bc/userFiles-80601dfc-000c-42ea-8f04-aeb906b0b97a/com.google.code.findbugs_jsr305-3.0.0.jar
[2025-10-30T23:05:21.887+0700] {subprocess.py:93} INFO - 25/10/30 23:05:21 INFO Executor: Fetching file:///home/***/.ivy2/jars/org.lz4_lz4-java-1.8.0.jar with timestamp 1761840320511
[2025-10-30T23:05:21.888+0700] {subprocess.py:93} INFO - 25/10/30 23:05:21 INFO Utils: /home/***/.ivy2/jars/org.lz4_lz4-java-1.8.0.jar has been previously copied to /tmp/spark-63f51e7d-aa82-4996-a5b2-dff6904526bc/userFiles-80601dfc-000c-42ea-8f04-aeb906b0b97a/org.lz4_lz4-java-1.8.0.jar
[2025-10-30T23:05:21.891+0700] {subprocess.py:93} INFO - 25/10/30 23:05:21 INFO Executor: Fetching file:///home/***/.ivy2/jars/org.slf4j_slf4j-api-2.0.7.jar with timestamp 1761840320511
[2025-10-30T23:05:21.892+0700] {subprocess.py:93} INFO - 25/10/30 23:05:21 INFO Utils: /home/***/.ivy2/jars/org.slf4j_slf4j-api-2.0.7.jar has been previously copied to /tmp/spark-63f51e7d-aa82-4996-a5b2-dff6904526bc/userFiles-80601dfc-000c-42ea-8f04-aeb906b0b97a/org.slf4j_slf4j-api-2.0.7.jar
[2025-10-30T23:05:21.895+0700] {subprocess.py:93} INFO - 25/10/30 23:05:21 INFO Executor: Fetching file:///home/***/.ivy2/jars/org.checkerframework_checker-qual-3.31.0.jar with timestamp 1761840320511
[2025-10-30T23:05:21.896+0700] {subprocess.py:93} INFO - 25/10/30 23:05:21 INFO Utils: /home/***/.ivy2/jars/org.checkerframework_checker-qual-3.31.0.jar has been previously copied to /tmp/spark-63f51e7d-aa82-4996-a5b2-dff6904526bc/userFiles-80601dfc-000c-42ea-8f04-aeb906b0b97a/org.checkerframework_checker-qual-3.31.0.jar
[2025-10-30T23:05:21.899+0700] {subprocess.py:93} INFO - 25/10/30 23:05:21 INFO Executor: Fetching file:///home/***/.ivy2/jars/org.apache.commons_commons-pool2-2.11.1.jar with timestamp 1761840320511
[2025-10-30T23:05:21.900+0700] {subprocess.py:93} INFO - 25/10/30 23:05:21 INFO Utils: /home/***/.ivy2/jars/org.apache.commons_commons-pool2-2.11.1.jar has been previously copied to /tmp/spark-63f51e7d-aa82-4996-a5b2-dff6904526bc/userFiles-80601dfc-000c-42ea-8f04-aeb906b0b97a/org.apache.commons_commons-pool2-2.11.1.jar
[2025-10-30T23:05:21.903+0700] {subprocess.py:93} INFO - 25/10/30 23:05:21 INFO Executor: Fetching file:///home/***/.ivy2/jars/commons-logging_commons-logging-1.1.3.jar with timestamp 1761840320511
[2025-10-30T23:05:21.904+0700] {subprocess.py:93} INFO - 25/10/30 23:05:21 INFO Utils: /home/***/.ivy2/jars/commons-logging_commons-logging-1.1.3.jar has been previously copied to /tmp/spark-63f51e7d-aa82-4996-a5b2-dff6904526bc/userFiles-80601dfc-000c-42ea-8f04-aeb906b0b97a/commons-logging_commons-logging-1.1.3.jar
[2025-10-30T23:05:21.908+0700] {subprocess.py:93} INFO - 25/10/30 23:05:21 INFO Executor: Fetching file:///home/***/.ivy2/jars/org.xerial.snappy_snappy-java-1.1.10.3.jar with timestamp 1761840320511
[2025-10-30T23:05:21.910+0700] {subprocess.py:93} INFO - 25/10/30 23:05:21 INFO Utils: /home/***/.ivy2/jars/org.xerial.snappy_snappy-java-1.1.10.3.jar has been previously copied to /tmp/spark-63f51e7d-aa82-4996-a5b2-dff6904526bc/userFiles-80601dfc-000c-42ea-8f04-aeb906b0b97a/org.xerial.snappy_snappy-java-1.1.10.3.jar
[2025-10-30T23:05:21.914+0700] {subprocess.py:93} INFO - 25/10/30 23:05:21 INFO Executor: Fetching file:///home/***/.ivy2/jars/org.postgresql_postgresql-42.6.0.jar with timestamp 1761840320511
[2025-10-30T23:05:21.915+0700] {subprocess.py:93} INFO - 25/10/30 23:05:21 INFO Utils: /home/***/.ivy2/jars/org.postgresql_postgresql-42.6.0.jar has been previously copied to /tmp/spark-63f51e7d-aa82-4996-a5b2-dff6904526bc/userFiles-80601dfc-000c-42ea-8f04-aeb906b0b97a/org.postgresql_postgresql-42.6.0.jar
[2025-10-30T23:05:21.918+0700] {subprocess.py:93} INFO - 25/10/30 23:05:21 INFO Executor: Fetching file:///home/***/.ivy2/jars/org.apache.kafka_kafka-clients-3.4.1.jar with timestamp 1761840320511
[2025-10-30T23:05:21.922+0700] {subprocess.py:93} INFO - 25/10/30 23:05:21 INFO Utils: /home/***/.ivy2/jars/org.apache.kafka_kafka-clients-3.4.1.jar has been previously copied to /tmp/spark-63f51e7d-aa82-4996-a5b2-dff6904526bc/userFiles-80601dfc-000c-42ea-8f04-aeb906b0b97a/org.apache.kafka_kafka-clients-3.4.1.jar
[2025-10-30T23:05:21.927+0700] {subprocess.py:93} INFO - 25/10/30 23:05:21 INFO Executor: Fetching spark://be079b239c4c:46183/jars/com.google.code.findbugs_jsr305-3.0.0.jar with timestamp 1761840320511
[2025-10-30T23:05:21.960+0700] {subprocess.py:93} INFO - 25/10/30 23:05:21 INFO TransportClientFactory: Successfully created connection to be079b239c4c/172.18.0.8:46183 after 21 ms (0 ms spent in bootstraps)
[2025-10-30T23:05:21.966+0700] {subprocess.py:93} INFO - 25/10/30 23:05:21 INFO Utils: Fetching spark://be079b239c4c:46183/jars/com.google.code.findbugs_jsr305-3.0.0.jar to /tmp/spark-63f51e7d-aa82-4996-a5b2-dff6904526bc/userFiles-80601dfc-000c-42ea-8f04-aeb906b0b97a/fetchFileTemp16119362871186856530.tmp
[2025-10-30T23:05:21.986+0700] {subprocess.py:93} INFO - 25/10/30 23:05:21 INFO Utils: /tmp/spark-63f51e7d-aa82-4996-a5b2-dff6904526bc/userFiles-80601dfc-000c-42ea-8f04-aeb906b0b97a/fetchFileTemp16119362871186856530.tmp has been previously copied to /tmp/spark-63f51e7d-aa82-4996-a5b2-dff6904526bc/userFiles-80601dfc-000c-42ea-8f04-aeb906b0b97a/com.google.code.findbugs_jsr305-3.0.0.jar
[2025-10-30T23:05:21.991+0700] {subprocess.py:93} INFO - 25/10/30 23:05:21 INFO Executor: Adding file:/tmp/spark-63f51e7d-aa82-4996-a5b2-dff6904526bc/userFiles-80601dfc-000c-42ea-8f04-aeb906b0b97a/com.google.code.findbugs_jsr305-3.0.0.jar to class loader default
[2025-10-30T23:05:21.992+0700] {subprocess.py:93} INFO - 25/10/30 23:05:21 INFO Executor: Fetching spark://be079b239c4c:46183/jars/commons-logging_commons-logging-1.1.3.jar with timestamp 1761840320511
[2025-10-30T23:05:21.993+0700] {subprocess.py:93} INFO - 25/10/30 23:05:21 INFO Utils: Fetching spark://be079b239c4c:46183/jars/commons-logging_commons-logging-1.1.3.jar to /tmp/spark-63f51e7d-aa82-4996-a5b2-dff6904526bc/userFiles-80601dfc-000c-42ea-8f04-aeb906b0b97a/fetchFileTemp12357074553814796365.tmp
[2025-10-30T23:05:21.994+0700] {subprocess.py:93} INFO - 25/10/30 23:05:21 INFO Utils: /tmp/spark-63f51e7d-aa82-4996-a5b2-dff6904526bc/userFiles-80601dfc-000c-42ea-8f04-aeb906b0b97a/fetchFileTemp12357074553814796365.tmp has been previously copied to /tmp/spark-63f51e7d-aa82-4996-a5b2-dff6904526bc/userFiles-80601dfc-000c-42ea-8f04-aeb906b0b97a/commons-logging_commons-logging-1.1.3.jar
[2025-10-30T23:05:21.999+0700] {subprocess.py:93} INFO - 25/10/30 23:05:21 INFO Executor: Adding file:/tmp/spark-63f51e7d-aa82-4996-a5b2-dff6904526bc/userFiles-80601dfc-000c-42ea-8f04-aeb906b0b97a/commons-logging_commons-logging-1.1.3.jar to class loader default
[2025-10-30T23:05:22.000+0700] {subprocess.py:93} INFO - 25/10/30 23:05:21 INFO Executor: Fetching spark://be079b239c4c:46183/jars/org.apache.commons_commons-pool2-2.11.1.jar with timestamp 1761840320511
[2025-10-30T23:05:22.000+0700] {subprocess.py:93} INFO - 25/10/30 23:05:22 INFO Utils: Fetching spark://be079b239c4c:46183/jars/org.apache.commons_commons-pool2-2.11.1.jar to /tmp/spark-63f51e7d-aa82-4996-a5b2-dff6904526bc/userFiles-80601dfc-000c-42ea-8f04-aeb906b0b97a/fetchFileTemp12502832668772328107.tmp
[2025-10-30T23:05:22.002+0700] {subprocess.py:93} INFO - 25/10/30 23:05:22 INFO Utils: /tmp/spark-63f51e7d-aa82-4996-a5b2-dff6904526bc/userFiles-80601dfc-000c-42ea-8f04-aeb906b0b97a/fetchFileTemp12502832668772328107.tmp has been previously copied to /tmp/spark-63f51e7d-aa82-4996-a5b2-dff6904526bc/userFiles-80601dfc-000c-42ea-8f04-aeb906b0b97a/org.apache.commons_commons-pool2-2.11.1.jar
[2025-10-30T23:05:22.007+0700] {subprocess.py:93} INFO - 25/10/30 23:05:22 INFO Executor: Adding file:/tmp/spark-63f51e7d-aa82-4996-a5b2-dff6904526bc/userFiles-80601dfc-000c-42ea-8f04-aeb906b0b97a/org.apache.commons_commons-pool2-2.11.1.jar to class loader default
[2025-10-30T23:05:22.007+0700] {subprocess.py:93} INFO - 25/10/30 23:05:22 INFO Executor: Fetching spark://be079b239c4c:46183/jars/org.slf4j_slf4j-api-2.0.7.jar with timestamp 1761840320511
[2025-10-30T23:05:22.007+0700] {subprocess.py:93} INFO - 25/10/30 23:05:22 INFO Utils: Fetching spark://be079b239c4c:46183/jars/org.slf4j_slf4j-api-2.0.7.jar to /tmp/spark-63f51e7d-aa82-4996-a5b2-dff6904526bc/userFiles-80601dfc-000c-42ea-8f04-aeb906b0b97a/fetchFileTemp9698484456977655039.tmp
[2025-10-30T23:05:22.009+0700] {subprocess.py:93} INFO - 25/10/30 23:05:22 INFO Utils: /tmp/spark-63f51e7d-aa82-4996-a5b2-dff6904526bc/userFiles-80601dfc-000c-42ea-8f04-aeb906b0b97a/fetchFileTemp9698484456977655039.tmp has been previously copied to /tmp/spark-63f51e7d-aa82-4996-a5b2-dff6904526bc/userFiles-80601dfc-000c-42ea-8f04-aeb906b0b97a/org.slf4j_slf4j-api-2.0.7.jar
[2025-10-30T23:05:22.014+0700] {subprocess.py:93} INFO - 25/10/30 23:05:22 INFO Executor: Adding file:/tmp/spark-63f51e7d-aa82-4996-a5b2-dff6904526bc/userFiles-80601dfc-000c-42ea-8f04-aeb906b0b97a/org.slf4j_slf4j-api-2.0.7.jar to class loader default
[2025-10-30T23:05:22.015+0700] {subprocess.py:93} INFO - 25/10/30 23:05:22 INFO Executor: Fetching spark://be079b239c4c:46183/jars/org.apache.spark_spark-sql-kafka-0-10_2.12-3.5.1.jar with timestamp 1761840320511
[2025-10-30T23:05:22.015+0700] {subprocess.py:93} INFO - 25/10/30 23:05:22 INFO Utils: Fetching spark://be079b239c4c:46183/jars/org.apache.spark_spark-sql-kafka-0-10_2.12-3.5.1.jar to /tmp/spark-63f51e7d-aa82-4996-a5b2-dff6904526bc/userFiles-80601dfc-000c-42ea-8f04-aeb906b0b97a/fetchFileTemp11718159570733605651.tmp
[2025-10-30T23:05:22.018+0700] {subprocess.py:93} INFO - 25/10/30 23:05:22 INFO Utils: /tmp/spark-63f51e7d-aa82-4996-a5b2-dff6904526bc/userFiles-80601dfc-000c-42ea-8f04-aeb906b0b97a/fetchFileTemp11718159570733605651.tmp has been previously copied to /tmp/spark-63f51e7d-aa82-4996-a5b2-dff6904526bc/userFiles-80601dfc-000c-42ea-8f04-aeb906b0b97a/org.apache.spark_spark-sql-kafka-0-10_2.12-3.5.1.jar
[2025-10-30T23:05:22.022+0700] {subprocess.py:93} INFO - 25/10/30 23:05:22 INFO Executor: Adding file:/tmp/spark-63f51e7d-aa82-4996-a5b2-dff6904526bc/userFiles-80601dfc-000c-42ea-8f04-aeb906b0b97a/org.apache.spark_spark-sql-kafka-0-10_2.12-3.5.1.jar to class loader default
[2025-10-30T23:05:22.023+0700] {subprocess.py:93} INFO - 25/10/30 23:05:22 INFO Executor: Fetching spark://be079b239c4c:46183/jars/org.xerial.snappy_snappy-java-1.1.10.3.jar with timestamp 1761840320511
[2025-10-30T23:05:22.023+0700] {subprocess.py:93} INFO - 25/10/30 23:05:22 INFO Utils: Fetching spark://be079b239c4c:46183/jars/org.xerial.snappy_snappy-java-1.1.10.3.jar to /tmp/spark-63f51e7d-aa82-4996-a5b2-dff6904526bc/userFiles-80601dfc-000c-42ea-8f04-aeb906b0b97a/fetchFileTemp307113195489974388.tmp
[2025-10-30T23:05:22.030+0700] {subprocess.py:93} INFO - 25/10/30 23:05:22 INFO Utils: /tmp/spark-63f51e7d-aa82-4996-a5b2-dff6904526bc/userFiles-80601dfc-000c-42ea-8f04-aeb906b0b97a/fetchFileTemp307113195489974388.tmp has been previously copied to /tmp/spark-63f51e7d-aa82-4996-a5b2-dff6904526bc/userFiles-80601dfc-000c-42ea-8f04-aeb906b0b97a/org.xerial.snappy_snappy-java-1.1.10.3.jar
[2025-10-30T23:05:22.037+0700] {subprocess.py:93} INFO - 25/10/30 23:05:22 INFO Executor: Adding file:/tmp/spark-63f51e7d-aa82-4996-a5b2-dff6904526bc/userFiles-80601dfc-000c-42ea-8f04-aeb906b0b97a/org.xerial.snappy_snappy-java-1.1.10.3.jar to class loader default
[2025-10-30T23:05:22.037+0700] {subprocess.py:93} INFO - 25/10/30 23:05:22 INFO Executor: Fetching spark://be079b239c4c:46183/jars/org.apache.kafka_kafka-clients-3.4.1.jar with timestamp 1761840320511
[2025-10-30T23:05:22.038+0700] {subprocess.py:93} INFO - 25/10/30 23:05:22 INFO Utils: Fetching spark://be079b239c4c:46183/jars/org.apache.kafka_kafka-clients-3.4.1.jar to /tmp/spark-63f51e7d-aa82-4996-a5b2-dff6904526bc/userFiles-80601dfc-000c-42ea-8f04-aeb906b0b97a/fetchFileTemp11342490255215868385.tmp
[2025-10-30T23:05:22.054+0700] {subprocess.py:93} INFO - 25/10/30 23:05:22 INFO Utils: /tmp/spark-63f51e7d-aa82-4996-a5b2-dff6904526bc/userFiles-80601dfc-000c-42ea-8f04-aeb906b0b97a/fetchFileTemp11342490255215868385.tmp has been previously copied to /tmp/spark-63f51e7d-aa82-4996-a5b2-dff6904526bc/userFiles-80601dfc-000c-42ea-8f04-aeb906b0b97a/org.apache.kafka_kafka-clients-3.4.1.jar
[2025-10-30T23:05:22.064+0700] {subprocess.py:93} INFO - 25/10/30 23:05:22 INFO Executor: Adding file:/tmp/spark-63f51e7d-aa82-4996-a5b2-dff6904526bc/userFiles-80601dfc-000c-42ea-8f04-aeb906b0b97a/org.apache.kafka_kafka-clients-3.4.1.jar to class loader default
[2025-10-30T23:05:22.064+0700] {subprocess.py:93} INFO - 25/10/30 23:05:22 INFO Executor: Fetching spark://be079b239c4c:46183/jars/org.checkerframework_checker-qual-3.31.0.jar with timestamp 1761840320511
[2025-10-30T23:05:22.064+0700] {subprocess.py:93} INFO - 25/10/30 23:05:22 INFO Utils: Fetching spark://be079b239c4c:46183/jars/org.checkerframework_checker-qual-3.31.0.jar to /tmp/spark-63f51e7d-aa82-4996-a5b2-dff6904526bc/userFiles-80601dfc-000c-42ea-8f04-aeb906b0b97a/fetchFileTemp13608121339656243137.tmp
[2025-10-30T23:05:22.066+0700] {subprocess.py:93} INFO - 25/10/30 23:05:22 INFO Utils: /tmp/spark-63f51e7d-aa82-4996-a5b2-dff6904526bc/userFiles-80601dfc-000c-42ea-8f04-aeb906b0b97a/fetchFileTemp13608121339656243137.tmp has been previously copied to /tmp/spark-63f51e7d-aa82-4996-a5b2-dff6904526bc/userFiles-80601dfc-000c-42ea-8f04-aeb906b0b97a/org.checkerframework_checker-qual-3.31.0.jar
[2025-10-30T23:05:22.071+0700] {subprocess.py:93} INFO - 25/10/30 23:05:22 INFO Executor: Adding file:/tmp/spark-63f51e7d-aa82-4996-a5b2-dff6904526bc/userFiles-80601dfc-000c-42ea-8f04-aeb906b0b97a/org.checkerframework_checker-qual-3.31.0.jar to class loader default
[2025-10-30T23:05:22.071+0700] {subprocess.py:93} INFO - 25/10/30 23:05:22 INFO Executor: Fetching spark://be079b239c4c:46183/jars/org.apache.hadoop_hadoop-client-api-3.3.4.jar with timestamp 1761840320511
[2025-10-30T23:05:22.071+0700] {subprocess.py:93} INFO - 25/10/30 23:05:22 INFO Utils: Fetching spark://be079b239c4c:46183/jars/org.apache.hadoop_hadoop-client-api-3.3.4.jar to /tmp/spark-63f51e7d-aa82-4996-a5b2-dff6904526bc/userFiles-80601dfc-000c-42ea-8f04-aeb906b0b97a/fetchFileTemp12517609068993396134.tmp
[2025-10-30T23:05:22.238+0700] {subprocess.py:93} INFO - 25/10/30 23:05:22 INFO Utils: /tmp/spark-63f51e7d-aa82-4996-a5b2-dff6904526bc/userFiles-80601dfc-000c-42ea-8f04-aeb906b0b97a/fetchFileTemp12517609068993396134.tmp has been previously copied to /tmp/spark-63f51e7d-aa82-4996-a5b2-dff6904526bc/userFiles-80601dfc-000c-42ea-8f04-aeb906b0b97a/org.apache.hadoop_hadoop-client-api-3.3.4.jar
[2025-10-30T23:05:22.245+0700] {subprocess.py:93} INFO - 25/10/30 23:05:22 INFO Executor: Adding file:/tmp/spark-63f51e7d-aa82-4996-a5b2-dff6904526bc/userFiles-80601dfc-000c-42ea-8f04-aeb906b0b97a/org.apache.hadoop_hadoop-client-api-3.3.4.jar to class loader default
[2025-10-30T23:05:22.246+0700] {subprocess.py:93} INFO - 25/10/30 23:05:22 INFO Executor: Fetching spark://be079b239c4c:46183/jars/org.apache.hadoop_hadoop-client-runtime-3.3.4.jar with timestamp 1761840320511
[2025-10-30T23:05:22.246+0700] {subprocess.py:93} INFO - 25/10/30 23:05:22 INFO Utils: Fetching spark://be079b239c4c:46183/jars/org.apache.hadoop_hadoop-client-runtime-3.3.4.jar to /tmp/spark-63f51e7d-aa82-4996-a5b2-dff6904526bc/userFiles-80601dfc-000c-42ea-8f04-aeb906b0b97a/fetchFileTemp6771423770900937297.tmp
[2025-10-30T23:05:22.363+0700] {subprocess.py:93} INFO - 25/10/30 23:05:22 INFO Utils: /tmp/spark-63f51e7d-aa82-4996-a5b2-dff6904526bc/userFiles-80601dfc-000c-42ea-8f04-aeb906b0b97a/fetchFileTemp6771423770900937297.tmp has been previously copied to /tmp/spark-63f51e7d-aa82-4996-a5b2-dff6904526bc/userFiles-80601dfc-000c-42ea-8f04-aeb906b0b97a/org.apache.hadoop_hadoop-client-runtime-3.3.4.jar
[2025-10-30T23:05:22.371+0700] {subprocess.py:93} INFO - 25/10/30 23:05:22 INFO Executor: Adding file:/tmp/spark-63f51e7d-aa82-4996-a5b2-dff6904526bc/userFiles-80601dfc-000c-42ea-8f04-aeb906b0b97a/org.apache.hadoop_hadoop-client-runtime-3.3.4.jar to class loader default
[2025-10-30T23:05:22.372+0700] {subprocess.py:93} INFO - 25/10/30 23:05:22 INFO Executor: Fetching spark://be079b239c4c:46183/jars/org.apache.spark_spark-token-provider-kafka-0-10_2.12-3.5.1.jar with timestamp 1761840320511
[2025-10-30T23:05:22.372+0700] {subprocess.py:93} INFO - 25/10/30 23:05:22 INFO Utils: Fetching spark://be079b239c4c:46183/jars/org.apache.spark_spark-token-provider-kafka-0-10_2.12-3.5.1.jar to /tmp/spark-63f51e7d-aa82-4996-a5b2-dff6904526bc/userFiles-80601dfc-000c-42ea-8f04-aeb906b0b97a/fetchFileTemp7399082089446869154.tmp
[2025-10-30T23:05:22.373+0700] {subprocess.py:93} INFO - 25/10/30 23:05:22 INFO Utils: /tmp/spark-63f51e7d-aa82-4996-a5b2-dff6904526bc/userFiles-80601dfc-000c-42ea-8f04-aeb906b0b97a/fetchFileTemp7399082089446869154.tmp has been previously copied to /tmp/spark-63f51e7d-aa82-4996-a5b2-dff6904526bc/userFiles-80601dfc-000c-42ea-8f04-aeb906b0b97a/org.apache.spark_spark-token-provider-kafka-0-10_2.12-3.5.1.jar
[2025-10-30T23:05:22.378+0700] {subprocess.py:93} INFO - 25/10/30 23:05:22 INFO Executor: Adding file:/tmp/spark-63f51e7d-aa82-4996-a5b2-dff6904526bc/userFiles-80601dfc-000c-42ea-8f04-aeb906b0b97a/org.apache.spark_spark-token-provider-kafka-0-10_2.12-3.5.1.jar to class loader default
[2025-10-30T23:05:22.378+0700] {subprocess.py:93} INFO - 25/10/30 23:05:22 INFO Executor: Fetching spark://be079b239c4c:46183/jars/org.postgresql_postgresql-42.6.0.jar with timestamp 1761840320511
[2025-10-30T23:05:22.379+0700] {subprocess.py:93} INFO - 25/10/30 23:05:22 INFO Utils: Fetching spark://be079b239c4c:46183/jars/org.postgresql_postgresql-42.6.0.jar to /tmp/spark-63f51e7d-aa82-4996-a5b2-dff6904526bc/userFiles-80601dfc-000c-42ea-8f04-aeb906b0b97a/fetchFileTemp13227319940660622259.tmp
[2025-10-30T23:05:22.382+0700] {subprocess.py:93} INFO - 25/10/30 23:05:22 INFO Utils: /tmp/spark-63f51e7d-aa82-4996-a5b2-dff6904526bc/userFiles-80601dfc-000c-42ea-8f04-aeb906b0b97a/fetchFileTemp13227319940660622259.tmp has been previously copied to /tmp/spark-63f51e7d-aa82-4996-a5b2-dff6904526bc/userFiles-80601dfc-000c-42ea-8f04-aeb906b0b97a/org.postgresql_postgresql-42.6.0.jar
[2025-10-30T23:05:22.387+0700] {subprocess.py:93} INFO - 25/10/30 23:05:22 INFO Executor: Adding file:/tmp/spark-63f51e7d-aa82-4996-a5b2-dff6904526bc/userFiles-80601dfc-000c-42ea-8f04-aeb906b0b97a/org.postgresql_postgresql-42.6.0.jar to class loader default
[2025-10-30T23:05:22.389+0700] {subprocess.py:93} INFO - 25/10/30 23:05:22 INFO Executor: Fetching spark://be079b239c4c:46183/jars/org.lz4_lz4-java-1.8.0.jar with timestamp 1761840320511
[2025-10-30T23:05:22.390+0700] {subprocess.py:93} INFO - 25/10/30 23:05:22 INFO Utils: Fetching spark://be079b239c4c:46183/jars/org.lz4_lz4-java-1.8.0.jar to /tmp/spark-63f51e7d-aa82-4996-a5b2-dff6904526bc/userFiles-80601dfc-000c-42ea-8f04-aeb906b0b97a/fetchFileTemp11618142126535005636.tmp
[2025-10-30T23:05:22.391+0700] {subprocess.py:93} INFO - 25/10/30 23:05:22 INFO Utils: /tmp/spark-63f51e7d-aa82-4996-a5b2-dff6904526bc/userFiles-80601dfc-000c-42ea-8f04-aeb906b0b97a/fetchFileTemp11618142126535005636.tmp has been previously copied to /tmp/spark-63f51e7d-aa82-4996-a5b2-dff6904526bc/userFiles-80601dfc-000c-42ea-8f04-aeb906b0b97a/org.lz4_lz4-java-1.8.0.jar
[2025-10-30T23:05:22.397+0700] {subprocess.py:93} INFO - 25/10/30 23:05:22 INFO Executor: Adding file:/tmp/spark-63f51e7d-aa82-4996-a5b2-dff6904526bc/userFiles-80601dfc-000c-42ea-8f04-aeb906b0b97a/org.lz4_lz4-java-1.8.0.jar to class loader default
[2025-10-30T23:05:22.409+0700] {subprocess.py:93} INFO - 25/10/30 23:05:22 INFO Utils: Successfully started service 'org.apache.spark.network.netty.NettyBlockTransferService' on port 33679.
[2025-10-30T23:05:22.410+0700] {subprocess.py:93} INFO - 25/10/30 23:05:22 INFO NettyBlockTransferService: Server created on be079b239c4c:33679
[2025-10-30T23:05:22.411+0700] {subprocess.py:93} INFO - 25/10/30 23:05:22 INFO BlockManager: Using org.apache.spark.storage.RandomBlockReplicationPolicy for block replication policy
[2025-10-30T23:05:22.419+0700] {subprocess.py:93} INFO - 25/10/30 23:05:22 INFO BlockManagerMaster: Registering BlockManager BlockManagerId(driver, be079b239c4c, 33679, None)
[2025-10-30T23:05:22.424+0700] {subprocess.py:93} INFO - 25/10/30 23:05:22 INFO BlockManagerMasterEndpoint: Registering block manager be079b239c4c:33679 with 434.4 MiB RAM, BlockManagerId(driver, be079b239c4c, 33679, None)
[2025-10-30T23:05:22.426+0700] {subprocess.py:93} INFO - 25/10/30 23:05:22 INFO BlockManagerMaster: Registered BlockManager BlockManagerId(driver, be079b239c4c, 33679, None)
[2025-10-30T23:05:22.427+0700] {subprocess.py:93} INFO - 25/10/30 23:05:22 INFO BlockManager: Initialized BlockManager: BlockManagerId(driver, be079b239c4c, 33679, None)
[2025-10-30T23:05:25.337+0700] {subprocess.py:93} INFO - 25/10/30 23:05:25 WARN ResolveWriteToStream: spark.sql.adaptive.enabled is not supported in streaming DataFrames/Datasets and will be disabled.
[2025-10-30T23:05:25.488+0700] {subprocess.py:93} INFO - 🚀 Streaming job started — đang lắng nghe dữ liệu từ Kafka...
[2025-10-30T23:05:25.614+0700] {subprocess.py:93} INFO - 25/10/30 23:05:25 WARN AdminClientConfig: These configurations '[key.deserializer, value.deserializer, enable.auto.commit, max.poll.records, auto.offset.reset]' were supplied but are not used yet.
[2025-10-30T23:05:27.827+0700] {subprocess.py:93} INFO - [Batch 0] ⚠️ Không có dữ liệu mới.
[2025-10-30T23:05:32.092+0700] {subprocess.py:93} INFO - 25/10/30 23:05:32 WARN KafkaDataConsumer: KafkaDataConsumer is not running in UninterruptibleThread. It may hang when KafkaDataConsumer's methods are interrupted because of KAFKA-1894
[2025-10-30T23:05:32.831+0700] {subprocess.py:93} INFO - 25/10/30 23:05:32 WARN KafkaDataConsumer: KafkaDataConsumer is not running in UninterruptibleThread. It may hang when KafkaDataConsumer's methods are interrupted because of KAFKA-1894
[2025-10-30T23:05:32.832+0700] {subprocess.py:93} INFO - 25/10/30 23:05:32 WARN KafkaDataConsumer: KafkaDataConsumer is not running in UninterruptibleThread. It may hang when KafkaDataConsumer's methods are interrupted because of KAFKA-1894
[2025-10-30T23:05:32.836+0700] {subprocess.py:93} INFO - 25/10/30 23:05:32 WARN KafkaDataConsumer: KafkaDataConsumer is not running in UninterruptibleThread. It may hang when KafkaDataConsumer's methods are interrupted because of KAFKA-1894
[2025-10-30T23:05:32.837+0700] {subprocess.py:93} INFO - 25/10/30 23:05:32 WARN KafkaDataConsumer: KafkaDataConsumer is not running in UninterruptibleThread. It may hang when KafkaDataConsumer's methods are interrupted because of KAFKA-1894
[2025-10-30T23:05:32.837+0700] {subprocess.py:93} INFO - 25/10/30 23:05:32 WARN KafkaDataConsumer: KafkaDataConsumer is not running in UninterruptibleThread. It may hang when KafkaDataConsumer's methods are interrupted because of KAFKA-1894
[2025-10-30T23:05:32.838+0700] {subprocess.py:93} INFO - 25/10/30 23:05:32 WARN KafkaDataConsumer: KafkaDataConsumer is not running in UninterruptibleThread. It may hang when KafkaDataConsumer's methods are interrupted because of KAFKA-1894
[2025-10-30T23:05:32.838+0700] {subprocess.py:93} INFO - 25/10/30 23:05:32 WARN KafkaDataConsumer: KafkaDataConsumer is not running in UninterruptibleThread. It may hang when KafkaDataConsumer's methods are interrupted because of KAFKA-1894
[2025-10-30T23:07:34.868+0700] {job.py:218} ERROR - Job heartbeat got an exception
Traceback (most recent call last):
  File "/home/airflow/.local/lib/python3.12/site-packages/sqlalchemy/engine/base.py", line 3371, in _wrap_pool_connect
    return fn()
           ^^^^
  File "/home/airflow/.local/lib/python3.12/site-packages/sqlalchemy/pool/base.py", line 327, in connect
    return _ConnectionFairy._checkout(self)
           ^^^^^^^^^^^^^^^^^^^^^^^^^^^^^^^^
  File "/home/airflow/.local/lib/python3.12/site-packages/sqlalchemy/pool/base.py", line 894, in _checkout
    fairy = _ConnectionRecord.checkout(pool)
            ^^^^^^^^^^^^^^^^^^^^^^^^^^^^^^^^
  File "/home/airflow/.local/lib/python3.12/site-packages/sqlalchemy/pool/base.py", line 493, in checkout
    rec = pool._do_get()
          ^^^^^^^^^^^^^^
  File "/home/airflow/.local/lib/python3.12/site-packages/sqlalchemy/pool/impl.py", line 256, in _do_get
    return self._create_connection()
           ^^^^^^^^^^^^^^^^^^^^^^^^^
  File "/home/airflow/.local/lib/python3.12/site-packages/sqlalchemy/pool/base.py", line 273, in _create_connection
    return _ConnectionRecord(self)
           ^^^^^^^^^^^^^^^^^^^^^^^
  File "/home/airflow/.local/lib/python3.12/site-packages/sqlalchemy/pool/base.py", line 388, in __init__
    self.__connect()
  File "/home/airflow/.local/lib/python3.12/site-packages/sqlalchemy/pool/base.py", line 690, in __connect
    with util.safe_reraise():
  File "/home/airflow/.local/lib/python3.12/site-packages/sqlalchemy/util/langhelpers.py", line 70, in __exit__
    compat.raise_(
  File "/home/airflow/.local/lib/python3.12/site-packages/sqlalchemy/util/compat.py", line 211, in raise_
    raise exception
  File "/home/airflow/.local/lib/python3.12/site-packages/sqlalchemy/pool/base.py", line 686, in __connect
    self.dbapi_connection = connection = pool._invoke_creator(self)
                                         ^^^^^^^^^^^^^^^^^^^^^^^^^^
  File "/home/airflow/.local/lib/python3.12/site-packages/sqlalchemy/engine/create.py", line 574, in connect
    return dialect.connect(*cargs, **cparams)
           ^^^^^^^^^^^^^^^^^^^^^^^^^^^^^^^^^^
  File "/home/airflow/.local/lib/python3.12/site-packages/sqlalchemy/engine/default.py", line 598, in connect
    return self.dbapi.connect(*cargs, **cparams)
           ^^^^^^^^^^^^^^^^^^^^^^^^^^^^^^^^^^^^^
  File "/home/airflow/.local/lib/python3.12/site-packages/psycopg2/__init__.py", line 122, in connect
    conn = _connect(dsn, connection_factory=connection_factory, **kwasync)
           ^^^^^^^^^^^^^^^^^^^^^^^^^^^^^^^^^^^^^^^^^^^^^^^^^^^^^^^^^^^^^^^
psycopg2.OperationalError: could not translate host name "postgres" to address: Temporary failure in name resolution


The above exception was the direct cause of the following exception:

Traceback (most recent call last):
  File "/home/airflow/.local/lib/python3.12/site-packages/airflow/jobs/job.py", line 192, in heartbeat
    self._merge_from(Job._fetch_from_db(self, session))
                     ^^^^^^^^^^^^^^^^^^^^^^^^^^^^^^^^^
  File "/home/airflow/.local/lib/python3.12/site-packages/airflow/api_internal/internal_api_call.py", line 115, in wrapper
    return func(*args, **kwargs)
           ^^^^^^^^^^^^^^^^^^^^^
  File "/home/airflow/.local/lib/python3.12/site-packages/airflow/utils/session.py", line 76, in wrapper
    return func(*args, **kwargs)
           ^^^^^^^^^^^^^^^^^^^^^
  File "/home/airflow/.local/lib/python3.12/site-packages/airflow/utils/retries.py", line 89, in wrapped_function
    for attempt in run_with_db_retries(max_retries=retries, logger=logger, **retry_kwargs):
  File "/home/airflow/.local/lib/python3.12/site-packages/tenacity/__init__.py", line 347, in __iter__
    do = self.iter(retry_state=retry_state)
         ^^^^^^^^^^^^^^^^^^^^^^^^^^^^^^^^^^
  File "/home/airflow/.local/lib/python3.12/site-packages/tenacity/__init__.py", line 325, in iter
    raise retry_exc.reraise()
          ^^^^^^^^^^^^^^^^^^^
  File "/home/airflow/.local/lib/python3.12/site-packages/tenacity/__init__.py", line 158, in reraise
    raise self.last_attempt.result()
          ^^^^^^^^^^^^^^^^^^^^^^^^^^
  File "/usr/local/lib/python3.12/concurrent/futures/_base.py", line 449, in result
    return self.__get_result()
           ^^^^^^^^^^^^^^^^^^^
  File "/usr/local/lib/python3.12/concurrent/futures/_base.py", line 401, in __get_result
    raise self._exception
  File "/home/airflow/.local/lib/python3.12/site-packages/airflow/utils/retries.py", line 98, in wrapped_function
    return func(*args, **kwargs)
           ^^^^^^^^^^^^^^^^^^^^^
  File "/home/airflow/.local/lib/python3.12/site-packages/airflow/jobs/job.py", line 316, in _fetch_from_db
    session.merge(job)
  File "/home/airflow/.local/lib/python3.12/site-packages/sqlalchemy/orm/session.py", line 3056, in merge
    return self._merge(
           ^^^^^^^^^^^^
  File "/home/airflow/.local/lib/python3.12/site-packages/sqlalchemy/orm/session.py", line 3136, in _merge
    merged = self.get(
             ^^^^^^^^^
  File "/home/airflow/.local/lib/python3.12/site-packages/sqlalchemy/orm/session.py", line 2853, in get
    return self._get_impl(
           ^^^^^^^^^^^^^^^
  File "/home/airflow/.local/lib/python3.12/site-packages/sqlalchemy/orm/session.py", line 2975, in _get_impl
    return db_load_fn(
           ^^^^^^^^^^^
  File "/home/airflow/.local/lib/python3.12/site-packages/sqlalchemy/orm/loading.py", line 530, in load_on_pk_identity
    session.execute(
  File "/home/airflow/.local/lib/python3.12/site-packages/sqlalchemy/orm/session.py", line 1716, in execute
    conn = self._connection_for_bind(bind)
           ^^^^^^^^^^^^^^^^^^^^^^^^^^^^^^^
  File "/home/airflow/.local/lib/python3.12/site-packages/sqlalchemy/orm/session.py", line 1555, in _connection_for_bind
    return self._transaction._connection_for_bind(
           ^^^^^^^^^^^^^^^^^^^^^^^^^^^^^^^^^^^^^^^
  File "/home/airflow/.local/lib/python3.12/site-packages/sqlalchemy/orm/session.py", line 750, in _connection_for_bind
    conn = bind.connect()
           ^^^^^^^^^^^^^^
  File "/home/airflow/.local/lib/python3.12/site-packages/sqlalchemy/future/engine.py", line 412, in connect
    return super(Engine, self).connect()
           ^^^^^^^^^^^^^^^^^^^^^^^^^^^^^
  File "/home/airflow/.local/lib/python3.12/site-packages/sqlalchemy/engine/base.py", line 3325, in connect
    return self._connection_cls(self, close_with_result=close_with_result)
           ^^^^^^^^^^^^^^^^^^^^^^^^^^^^^^^^^^^^^^^^^^^^^^^^^^^^^^^^^^^^^^^
  File "/home/airflow/.local/lib/python3.12/site-packages/sqlalchemy/engine/base.py", line 96, in __init__
    else engine.raw_connection()
         ^^^^^^^^^^^^^^^^^^^^^^^
  File "/home/airflow/.local/lib/python3.12/site-packages/sqlalchemy/engine/base.py", line 3404, in raw_connection
    return self._wrap_pool_connect(self.pool.connect, _connection)
           ^^^^^^^^^^^^^^^^^^^^^^^^^^^^^^^^^^^^^^^^^^^^^^^^^^^^^^^
  File "/home/airflow/.local/lib/python3.12/site-packages/sqlalchemy/engine/base.py", line 3374, in _wrap_pool_connect
    Connection._handle_dbapi_exception_noconnection(
  File "/home/airflow/.local/lib/python3.12/site-packages/sqlalchemy/engine/base.py", line 2208, in _handle_dbapi_exception_noconnection
    util.raise_(
  File "/home/airflow/.local/lib/python3.12/site-packages/sqlalchemy/util/compat.py", line 211, in raise_
    raise exception
  File "/home/airflow/.local/lib/python3.12/site-packages/sqlalchemy/engine/base.py", line 3371, in _wrap_pool_connect
    return fn()
           ^^^^
  File "/home/airflow/.local/lib/python3.12/site-packages/sqlalchemy/pool/base.py", line 327, in connect
    return _ConnectionFairy._checkout(self)
           ^^^^^^^^^^^^^^^^^^^^^^^^^^^^^^^^
  File "/home/airflow/.local/lib/python3.12/site-packages/sqlalchemy/pool/base.py", line 894, in _checkout
    fairy = _ConnectionRecord.checkout(pool)
            ^^^^^^^^^^^^^^^^^^^^^^^^^^^^^^^^
  File "/home/airflow/.local/lib/python3.12/site-packages/sqlalchemy/pool/base.py", line 493, in checkout
    rec = pool._do_get()
          ^^^^^^^^^^^^^^
  File "/home/airflow/.local/lib/python3.12/site-packages/sqlalchemy/pool/impl.py", line 256, in _do_get
    return self._create_connection()
           ^^^^^^^^^^^^^^^^^^^^^^^^^
  File "/home/airflow/.local/lib/python3.12/site-packages/sqlalchemy/pool/base.py", line 273, in _create_connection
    return _ConnectionRecord(self)
           ^^^^^^^^^^^^^^^^^^^^^^^
  File "/home/airflow/.local/lib/python3.12/site-packages/sqlalchemy/pool/base.py", line 388, in __init__
    self.__connect()
  File "/home/airflow/.local/lib/python3.12/site-packages/sqlalchemy/pool/base.py", line 690, in __connect
    with util.safe_reraise():
  File "/home/airflow/.local/lib/python3.12/site-packages/sqlalchemy/util/langhelpers.py", line 70, in __exit__
    compat.raise_(
  File "/home/airflow/.local/lib/python3.12/site-packages/sqlalchemy/util/compat.py", line 211, in raise_
    raise exception
  File "/home/airflow/.local/lib/python3.12/site-packages/sqlalchemy/pool/base.py", line 686, in __connect
    self.dbapi_connection = connection = pool._invoke_creator(self)
                                         ^^^^^^^^^^^^^^^^^^^^^^^^^^
  File "/home/airflow/.local/lib/python3.12/site-packages/sqlalchemy/engine/create.py", line 574, in connect
    return dialect.connect(*cargs, **cparams)
           ^^^^^^^^^^^^^^^^^^^^^^^^^^^^^^^^^^
  File "/home/airflow/.local/lib/python3.12/site-packages/sqlalchemy/engine/default.py", line 598, in connect
    return self.dbapi.connect(*cargs, **cparams)
           ^^^^^^^^^^^^^^^^^^^^^^^^^^^^^^^^^^^^^
  File "/home/airflow/.local/lib/python3.12/site-packages/psycopg2/__init__.py", line 122, in connect
    conn = _connect(dsn, connection_factory=connection_factory, **kwasync)
           ^^^^^^^^^^^^^^^^^^^^^^^^^^^^^^^^^^^^^^^^^^^^^^^^^^^^^^^^^^^^^^^
sqlalchemy.exc.OperationalError: (psycopg2.OperationalError) could not translate host name "postgres" to address: Temporary failure in name resolution

(Background on this error at: https://sqlalche.me/e/14/e3q8)
[2025-10-30T23:10:54.118+0700] {job.py:226} ERROR - Job heartbeat failed with error. Scheduler is in unhealthy state
[2025-10-30T23:10:59.869+0700] {local_task_job_runner.py:214} ERROR - Heartbeat time limit exceeded!
[2025-10-30T23:11:05.735+0700] {local_task_job_runner.py:222} INFO - ::endgroup::
[2025-10-30T23:11:16.855+0700] {process_utils.py:132} INFO - Sending 15 to group 7070. PIDs of all processes in the group: [7071, 7072, 7073, 7147, 7507, 7526, 7070]
[2025-10-30T23:11:24.653+0700] {process_utils.py:87} INFO - Sending the signal 15 to group 7070
[2025-10-30T23:11:38.897+0700] {taskinstance.py:2607} ERROR - Received SIGTERM. Terminating subprocesses.
[2025-10-30T23:11:39.752+0700] {subprocess.py:104} INFO - Sending SIGTERM signal to process group
[2025-10-30T23:11:39.849+0700] {taskinstance.py:441} INFO - ::group::Post task execution logs
[2025-10-30T23:11:39.877+0700] {process_utils.py:80} INFO - Process psutil.Process(pid=7147, status='terminated', started='23:05:15') (7147) terminated with exit code None
[2025-10-30T23:11:40.456+0700] {taskinstance.py:2890} ERROR - Task failed with exception
Traceback (most recent call last):
  File "/home/airflow/.local/lib/python3.12/site-packages/airflow/models/taskinstance.py", line 460, in _execute_task
    result = _execute_callable(context=context, **execute_callable_kwargs)
             ^^^^^^^^^^^^^^^^^^^^^^^^^^^^^^^^^^^^^^^^^^^^^^^^^^^^^^^^^^^^^
  File "/home/airflow/.local/lib/python3.12/site-packages/airflow/models/taskinstance.py", line 432, in _execute_callable
    return execute_callable(context=context, **execute_callable_kwargs)
           ^^^^^^^^^^^^^^^^^^^^^^^^^^^^^^^^^^^^^^^^^^^^^^^^^^^^^^^^^^^^
  File "/home/airflow/.local/lib/python3.12/site-packages/airflow/models/baseoperator.py", line 400, in wrapper
    return func(self, *args, **kwargs)
           ^^^^^^^^^^^^^^^^^^^^^^^^^^^
  File "/home/airflow/.local/lib/python3.12/site-packages/airflow/operators/bash.py", line 234, in execute
    result = self.subprocess_hook.run_command(
             ^^^^^^^^^^^^^^^^^^^^^^^^^^^^^^^^^
  File "/home/airflow/.local/lib/python3.12/site-packages/airflow/hooks/subprocess.py", line 91, in run_command
    for raw_line in iter(self.sub_process.stdout.readline, b""):
  File "/home/airflow/.local/lib/python3.12/site-packages/airflow/models/taskinstance.py", line 2609, in signal_handler
    raise AirflowTaskTerminated("Task received SIGTERM signal")
airflow.exceptions.AirflowTaskTerminated: Task received SIGTERM signal
[2025-10-30T23:11:40.539+0700] {taskinstance.py:1205} INFO - Marking task as UP_FOR_RETRY. dag_id=absa_streaming_lifecycle_demo11, task_id=deploy_consumer, execution_date=20251030T150000, start_date=20251030T160512, end_date=20251030T161140
[2025-10-30T23:11:40.584+0700] {process_utils.py:80} INFO - Process psutil.Process(pid=7070, status='terminated', exitcode=2, started='23:05:12') (7070) terminated with exit code 2
[2025-10-30T23:11:40.585+0700] {process_utils.py:80} INFO - Process psutil.Process(pid=7072, status='terminated', started='23:05:12') (7072) terminated with exit code None
[2025-10-30T23:11:40.758+0700] {process_utils.py:80} INFO - Process psutil.Process(pid=7071, status='terminated', started='23:05:12') (7071) terminated with exit code None
[2025-10-30T23:11:40.890+0700] {process_utils.py:80} INFO - Process psutil.Process(pid=7526, status='terminated', started='23:05:31') (7526) terminated with exit code None
[2025-10-30T23:11:40.891+0700] {process_utils.py:80} INFO - Process psutil.Process(pid=7507, status='terminated', started='23:05:30') (7507) terminated with exit code None
[2025-10-30T23:11:40.983+0700] {process_utils.py:80} INFO - Process psutil.Process(pid=7073, status='terminated', started='23:05:12') (7073) terminated with exit code None
