[2025-10-29T05:02:30.358+0700] {local_task_job_runner.py:120} INFO - ::group::Pre task execution logs
[2025-10-29T05:02:30.375+0700] {taskinstance.py:2073} INFO - Dependencies all met for dep_context=non-requeueable deps ti=<TaskInstance: absa_streaming_lifecycle_demo1.deploy_producer scheduled__2025-10-28T21:00:00+00:00 [queued]>
[2025-10-29T05:02:30.380+0700] {taskinstance.py:2073} INFO - Dependencies all met for dep_context=requeueable deps ti=<TaskInstance: absa_streaming_lifecycle_demo1.deploy_producer scheduled__2025-10-28T21:00:00+00:00 [queued]>
[2025-10-29T05:02:30.381+0700] {taskinstance.py:2303} INFO - Starting attempt 2 of 4
[2025-10-29T05:02:30.392+0700] {taskinstance.py:2327} INFO - Executing <Task(BashOperator): deploy_producer> on 2025-10-28 21:00:00+00:00
[2025-10-29T05:02:30.400+0700] {warnings.py:110} WARNING - /home/***/.local/lib/python3.12/site-packages/***/task/task_runner/standard_task_runner.py:61: DeprecationWarning: This process (pid=162) is multi-threaded, use of fork() may lead to deadlocks in the child.
  pid = os.fork()

[2025-10-29T05:02:30.401+0700] {standard_task_runner.py:63} INFO - Started process 164 to run task
[2025-10-29T05:02:30.402+0700] {standard_task_runner.py:90} INFO - Running: ['***', 'tasks', 'run', 'absa_streaming_lifecycle_demo1', 'deploy_producer', 'scheduled__2025-10-28T21:00:00+00:00', '--job-id', '15', '--raw', '--subdir', 'DAGS_FOLDER/absa_streaming_lifecycle_dag1.py', '--cfg-path', '/tmp/tmpemc3jevi']
[2025-10-29T05:02:30.403+0700] {standard_task_runner.py:91} INFO - Job 15: Subtask deploy_producer
[2025-10-29T05:02:30.435+0700] {task_command.py:426} INFO - Running <TaskInstance: absa_streaming_lifecycle_demo1.deploy_producer scheduled__2025-10-28T21:00:00+00:00 [running]> on host 7a50d2e57783
[2025-10-29T05:02:30.494+0700] {taskinstance.py:2644} INFO - Exporting env vars: AIRFLOW_CTX_DAG_OWNER='***' AIRFLOW_CTX_DAG_ID='absa_streaming_lifecycle_demo1' AIRFLOW_CTX_TASK_ID='deploy_producer' AIRFLOW_CTX_EXECUTION_DATE='2025-10-28T21:00:00+00:00' AIRFLOW_CTX_TRY_NUMBER='2' AIRFLOW_CTX_DAG_RUN_ID='scheduled__2025-10-28T21:00:00+00:00'
[2025-10-29T05:02:30.496+0700] {taskinstance.py:430} INFO - ::endgroup::
[2025-10-29T05:02:30.496+0700] {subprocess.py:63} INFO - Tmp dir root location: /tmp
[2025-10-29T05:02:30.497+0700] {subprocess.py:75} INFO - Running command: ['/usr/bin/bash', '-c', 'bash -c "timeout 45m /opt/***/projects/absa_streaming/scripts/run_producer.sh"']
[2025-10-29T05:02:30.510+0700] {subprocess.py:86} INFO - Output:
[2025-10-29T05:02:30.516+0700] {subprocess.py:93} INFO - [Producer] Starting Kafka Producer...
[2025-10-29T05:03:27.907+0700] {subprocess.py:93} INFO - ✅ Created topic: absa-reviews
[2025-10-29T05:03:27.907+0700] {subprocess.py:93} INFO - Loaded 2340 rows from /opt/***/projects/absa_streaming/data/test_data.csv
[2025-10-29T05:03:27.907+0700] {subprocess.py:93} INFO - [1/2340] Sent → {'id': 0, 'review': 'Giày hơi có mùi nồng, lưu ý đôi LA không phải đế xám nên mng cân nhắc kĩ nhé ạ nhma với giá tiền này thì là oke'}
[2025-10-29T05:03:27.908+0700] {subprocess.py:93} INFO - [2/2340] Sent → {'id': 1, 'review': 'Hàng về đẹp lắm nha ship thân thiện đi giày vừa in❤️'}
[2025-10-29T05:03:27.908+0700] {subprocess.py:93} INFO - [3/2340] Sent → {'id': 2, 'review': 'Hàng ôk nên mua Dày rất đẹp'}
[2025-10-29T05:03:27.908+0700] {subprocess.py:93} INFO - [4/2340] Sent → {'id': 3, 'review': 'Bun. GTI gửi Oke  sớ ơ đi sidbd. Bởi đi được đạn síbd ke à đi dính sượng.'}
[2025-10-29T05:03:27.908+0700] {subprocess.py:93} INFO - [5/2340] Sent → {'id': 4, 'review': 'Màu đẹp giống trong hình mọi người nên mua nha Mình thấy cực kỳ đẹp luôn ý'}
[2025-10-29T05:03:27.908+0700] {subprocess.py:93} INFO - [6/2340] Sent → {'id': 5, 'review': 'chất lượng phù hợp với giá tiền đi đúng sz nhưng  hơi rộng xíu ạ'}
[2025-10-29T05:03:27.908+0700] {subprocess.py:93} INFO - [7/2340] Sent → {'id': 6, 'review': 'Giày trượt lắm huhu Đánh giải trường mà trượt trên sân như trượt patin luôn💔 Được cái ngoại hình đẹp Mua với giá 200 ý nhma lười chọn không biết chọn cái mua đại'}
[2025-10-29T05:03:27.909+0700] {subprocess.py:93} INFO - [8/2340] Sent → {'id': 7, 'review': 'Tr ơi dép đẹp vs dth lắm nha vs giá này mà chất lượng v quá toẹt vời mình thấy mn nên đi đúng size'}
[2025-10-29T05:03:27.909+0700] {subprocess.py:93} INFO - [9/2340] Sent → {'id': 8, 'review': 'Cũng tạm được thoi'}
[2025-10-29T05:03:27.909+0700] {subprocess.py:93} INFO - [10/2340] Sent → {'id': 9, 'review': 'Shop hỗ trợ rất tốt. Mn nên mua nhé'}
[2025-10-29T05:03:27.909+0700] {subprocess.py:93} INFO - [11/2340] Sent → {'id': 10, 'review': 'Sp tốt nha'}
[2025-10-29T05:03:27.909+0700] {subprocess.py:93} INFO - [12/2340] Sent → {'id': 11, 'review': 'Chưa thử nhưng thấy khá ổn.'}
[2025-10-29T05:03:27.909+0700] {subprocess.py:93} INFO - [13/2340] Sent → {'id': 12, 'review': 'giao hàng nhanh, sản phẩm tốt, mình rất hài lòng, tặng shop 5 sao, cám ơn shop rất nhiều'}
[2025-10-29T05:03:27.910+0700] {subprocess.py:93} INFO - [14/2340] Sent → {'id': 13, 'review': 'Đi êm, giày đẹp . Giao hàng nhanh . Cho shop 10 đierm'}
[2025-10-29T05:03:27.910+0700] {subprocess.py:93} INFO - [15/2340] Sent → {'id': 14, 'review': 'Đã nhận được hàng nhanh chóng chất lượng sản phẩm tốt ncl okk'}
[2025-10-29T05:03:27.910+0700] {subprocess.py:93} INFO - [16/2340] Sent → {'id': 15, 'review': 'Sản phẩm tốt đẹp 10₫'}
[2025-10-29T05:03:27.910+0700] {subprocess.py:93} INFO - [17/2340] Sent → {'id': 16, 'review': 'Hàng đóng gói rất đẹp. Quả nhiên người bán đã gửi gắm rất nhiều tâm tư và tình cảm trong lúc gói hàng. Hộp không có dấu hiệu bị móp, chứng tỏ bộ phận vận chuyển đã nâng như nâng trứng hứng như hứng hoa. xin nghiêng mình kính cẩn cảm ơn vì tất cả'}
[2025-10-29T05:03:27.910+0700] {subprocess.py:93} INFO - [18/2340] Sent → {'id': 17, 'review': 'Sản phẩm tốt giao hàng nhanh có đk sẽ ủng hộ shop tiếp nhé ok vvv'}
[2025-10-29T05:03:27.910+0700] {subprocess.py:93} INFO - [19/2340] Sent → {'id': 18, 'review': 'Giày đẹpppp nha mn Nênnnn muaaa ạ mình mua sz 37 vừa chân luônn'}
[2025-10-29T05:03:27.911+0700] {subprocess.py:93} INFO - [20/2340] Sent → {'id': 19, 'review': 'Đế nhựa nên rất trơn.đi nền bóng trượt như bôi dầu. Đi đứng lâu sẽ đau chân'}
[2025-10-29T05:03:27.911+0700] {subprocess.py:93} INFO - [21/2340] Sent → {'id': 20, 'review': 'Cảm ơn Shop mình đã nhận được hàng rồi nhé, lần sau mình sẽ ủng hộ Shop tiếp'}
[2025-10-29T05:03:27.911+0700] {subprocess.py:93} INFO - [22/2340] Sent → {'id': 21, 'review': 'Shop ở: Hẻm 44 đối diện CC: Hoàng Kim Thế Gia (44/22A Trương Phước Phan, P.Bình Trị Đông, Q.Bình Tân, TP.HCM) Anh seach chung cư Hoàng Kim Thế Gia rồi đi theo nha'}
[2025-10-29T05:03:27.911+0700] {subprocess.py:93} INFO - [23/2340] Sent → {'id': 22, 'review': 'Giày ok lắm mọi người ạ , mọi người nên mua nhé , giao hàng nhanh'}
[2025-10-29T05:03:27.911+0700] {subprocess.py:93} INFO - [24/2340] Sent → {'id': 23, 'review': 'Hàng đêm hơi mỏng nhưng mà giá v là OK rồi hơi rộng nhưng mà k S hi'}
[2025-10-29T05:03:27.911+0700] {subprocess.py:93} INFO - [25/2340] Sent → {'id': 24, 'review': 'Giày đẹp nha mọi người giá rẻ nhưng giao hàng lâu quá đặt hàng trước nên chờ gần nữa tháng mới có . Nhưng đẹp nên cho 5 sao'}
[2025-10-29T05:03:27.911+0700] {subprocess.py:93} INFO - [26/2340] Sent → {'id': 25, 'review': 'Giày gì mà keo nó cao cả mét thế này'}
[2025-10-29T05:03:27.912+0700] {subprocess.py:93} INFO - [27/2340] Sent → {'id': 26, 'review': 'Shop bán hàng có tâm quá.. Mua mà ưng quá luôn.. Giày đẹp lắm ạ..mọi người nên mua nhaaa'}
[2025-10-29T05:03:27.912+0700] {subprocess.py:93} INFO - [28/2340] Sent → {'id': 27, 'review': 'Gửi 2 chiếc 1 chiều,còn bị rách ở viền nữa'}
[2025-10-29T05:03:27.912+0700] {subprocess.py:93} INFO - [29/2340] Sent → {'id': 28, 'review': 'Dày dặn đẹp nên mua nhé mọi người, đừng phân vân đẹp lắm phù hợp'}
[2025-10-29T05:03:27.912+0700] {subprocess.py:93} INFO - [30/2340] Sent → {'id': 29, 'review': 'Giày đẹp nên mua nhé mnnnnnnnnnnnnnnnnnnnnnnnnnnnnnnnnnnn'}
[2025-10-29T05:03:27.912+0700] {subprocess.py:93} INFO - [31/2340] Sent → {'id': 30, 'review': '10 điểm :3 mng nên tăng lên 2 size nha'}
[2025-10-29T05:03:27.912+0700] {subprocess.py:93} INFO - [32/2340] Sent → {'id': 31, 'review': 'Kh có hộp hay gì cả chán'}
[2025-10-29T05:03:27.912+0700] {subprocess.py:93} INFO - [33/2340] Sent → {'id': 32, 'review': 'Hf có thể làm được điều đó không phải là người có thể làm được điều  Đế cứng'}
[2025-10-29T05:03:27.913+0700] {subprocess.py:93} INFO - [34/2340] Sent → {'id': 33, 'review': 'Giao hàng nhanh lắm ạ Giày đẹp chất lương rất ưng ý ạ hihijihih'}
[2025-10-29T05:03:27.913+0700] {subprocess.py:93} INFO - [35/2340] Sent → {'id': 34, 'review': 'Cũng khá rộng ở gót chân:V'}
[2025-10-29T05:03:27.913+0700] {subprocess.py:93} INFO - [36/2340] Sent → {'id': 35, 'review': 'Giày đẹp nhưng shop gửi nhầm cho e sz 43 e thấy sz bị mờ mờ nhưng so với giá tiền v là ok'}
[2025-10-29T05:03:27.913+0700] {subprocess.py:93} INFO - [37/2340] Sent → {'id': 36, 'review': 'Giày tương ứng với giá'}
[2025-10-29T05:03:27.913+0700] {subprocess.py:93} INFO - [38/2340] Sent → {'id': 37, 'review': 'Với cái giá gần 300k thì đôi giày này quá tệ. Chất liệu thô ráp, phần mũi giày vẫn còn dấu vết khuôn đúc, cổ giày thì như kiểu may cho có, lót dày nhăn nhúm. Nhắn tin cho shop ở cả zalo và phần chat đều không có phản hồi. Quá thất vọng'}
[2025-10-29T05:03:27.913+0700] {subprocess.py:93} INFO - [39/2340] Sent → {'id': 38, 'review': 'Hình ảnh, video mang tính chất minh hoạ Sản phẩm đẹp, đúng ảnh, đúng mẫu, vừa túi tiền. Sẽ mua lại'}
[2025-10-29T05:03:27.913+0700] {subprocess.py:93} INFO - [40/2340] Sent → {'id': 39, 'review': 'Giao hàng nhanh Sp chất lượng Đóng gói cẩn thận Rất thíchhhhhh'}
[2025-10-29T05:03:27.914+0700] {subprocess.py:93} INFO - [41/2340] Sent → {'id': 40, 'review': 'Giày đẹp với giá tiền mk bỏ ra,đáng mua ak,'}
[2025-10-29T05:03:27.914+0700] {subprocess.py:93} INFO - [42/2340] Sent → {'id': 41, 'review': 'Giày xịn xò, đẹp, bạn nhà mình rất thích, shop giao hàng cũng nhanh nữa'}
[2025-10-29T05:03:27.914+0700] {subprocess.py:93} INFO - [43/2340] Sent → {'id': 42, 'review': 'Shop đóng gói rất cẩn thận  Giày đẹp đáng đồng tiền  Nma lần sau shop nhớ đóng hàng đúng hẹn nhá để em đợi hơi lâu :)) Thái độ phục vụ của shop đáng 100d'}
[2025-10-29T05:03:27.914+0700] {subprocess.py:93} INFO - [44/2340] Sent → {'id': 43, 'review': 'Hàng đẹp nhưng đi hơi kích chân 1 xíu nên lùi lại 1 size sẽ vừa hơn'}
[2025-10-29T05:03:27.914+0700] {subprocess.py:93} INFO - [45/2340] Sent → {'id': 44, 'review': 'Giày đẹp, giá cả phải chăng,mọi người nên mua ủng hộ shop!!'}
[2025-10-29T05:03:27.914+0700] {subprocess.py:93} INFO - [46/2340] Sent → {'id': 45, 'review': 'Hàng đẹp lắm , tem phiếu đầy đủ. Với giá tiền này thì quá tuyệt vời. Sẽ ủng hộ shop nhiều hơn'}
[2025-10-29T05:03:27.914+0700] {subprocess.py:93} INFO - [47/2340] Sent → {'id': 46, 'review': 'Hàng đẹp nha với giá này thì đẹp rồi giao hàng nhanh  rất ưng ý ..'}
[2025-10-29T05:03:27.915+0700] {subprocess.py:93} INFO - [48/2340] Sent → {'id': 47, 'review': 'Hình ảnh mang tính chất nhận xu, giao đúng mẫu giao hàng nhanhh, êm chân nên mua ạ'}
[2025-10-29T05:03:27.915+0700] {subprocess.py:93} INFO - [49/2340] Sent → {'id': 48, 'review': 'Đẹp khá ổn với giá như thế có dư ít sợi chỉ thừa nhưng ko ảnh hưởng đến chất lượng'}
[2025-10-29T05:03:27.915+0700] {subprocess.py:93} INFO - [50/2340] Sent → {'id': 49, 'review': 'Giày rất oke ổn với giá tiền mang rất đẹp da cũng oke không quá tệ mang vô  hack thêm được vài cm luôn nói chung là ổn với giá tiền giao hàng tầm ba bônd ngàu là tới rất oke nếu có diệp sẽ ủng hộ shop rất ổn áp nên cho 5 sao luôn rất hài lòng luôn á hihi!'}
[2025-10-29T05:03:27.915+0700] {subprocess.py:93} INFO - [51/2340] Sent → {'id': 50, 'review': 'Đẹp lắm nha, mua cho mẹ mẹ ưng quá chời'}
[2025-10-29T05:03:27.915+0700] {subprocess.py:93} INFO - [52/2340] Sent → {'id': 51, 'review': 'Ko có dây giày nha'}
[2025-10-29T05:03:27.915+0700] {subprocess.py:93} INFO - [53/2340] Sent → {'id': 52, 'review': 'Giầy cute nhưng đi hơi nặng ok ok ok ok ok ok ok'}
[2025-10-29T05:03:27.916+0700] {subprocess.py:93} INFO - [54/2340] Sent → {'id': 53, 'review': 'Dễ mang quá tuyệt vời không còn gì để bàn cãi sẽ ủng hộ thêm'}
[2025-10-29T05:03:27.916+0700] {subprocess.py:93} INFO - [55/2340] Sent → {'id': 54, 'review': 'Hình ảnh mang tính chất nhận xu, sản phầm dùng rất tốt phù hợp vs giá tiền'}
[2025-10-29T05:03:27.916+0700] {subprocess.py:93} INFO - [56/2340] Sent → {'id': 55, 'review': 'Dong goi so sai mất fon giày'}
[2025-10-29T05:03:40.959+0700] {local_task_job_runner.py:310} WARNING - State of this instance has been externally set to restarting. Terminating instance.
[2025-10-29T05:03:40.960+0700] {local_task_job_runner.py:222} INFO - ::endgroup::
[2025-10-29T05:03:40.961+0700] {process_utils.py:132} INFO - Sending 15 to group 164. PIDs of all processes in the group: [165, 166, 167, 164]
[2025-10-29T05:03:40.961+0700] {process_utils.py:87} INFO - Sending the signal 15 to group 164
[2025-10-29T05:03:40.961+0700] {taskinstance.py:2607} ERROR - Received SIGTERM. Terminating subprocesses.
[2025-10-29T05:03:40.962+0700] {subprocess.py:104} INFO - Sending SIGTERM signal to process group
[2025-10-29T05:03:40.962+0700] {taskinstance.py:441} INFO - ::group::Post task execution logs
[2025-10-29T05:03:40.971+0700] {taskinstance.py:2890} ERROR - Task failed with exception
Traceback (most recent call last):
  File "/home/airflow/.local/lib/python3.12/site-packages/airflow/models/taskinstance.py", line 460, in _execute_task
    result = _execute_callable(context=context, **execute_callable_kwargs)
             ^^^^^^^^^^^^^^^^^^^^^^^^^^^^^^^^^^^^^^^^^^^^^^^^^^^^^^^^^^^^^
  File "/home/airflow/.local/lib/python3.12/site-packages/airflow/models/taskinstance.py", line 432, in _execute_callable
    return execute_callable(context=context, **execute_callable_kwargs)
           ^^^^^^^^^^^^^^^^^^^^^^^^^^^^^^^^^^^^^^^^^^^^^^^^^^^^^^^^^^^^
  File "/home/airflow/.local/lib/python3.12/site-packages/airflow/models/baseoperator.py", line 400, in wrapper
    return func(self, *args, **kwargs)
           ^^^^^^^^^^^^^^^^^^^^^^^^^^^
  File "/home/airflow/.local/lib/python3.12/site-packages/airflow/operators/bash.py", line 234, in execute
    result = self.subprocess_hook.run_command(
             ^^^^^^^^^^^^^^^^^^^^^^^^^^^^^^^^^
  File "/home/airflow/.local/lib/python3.12/site-packages/airflow/hooks/subprocess.py", line 91, in run_command
    for raw_line in iter(self.sub_process.stdout.readline, b""):
  File "/home/airflow/.local/lib/python3.12/site-packages/airflow/models/taskinstance.py", line 2609, in signal_handler
    raise AirflowTaskTerminated("Task received SIGTERM signal")
airflow.exceptions.AirflowTaskTerminated: Task received SIGTERM signal
[2025-10-29T05:03:40.975+0700] {taskinstance.py:1205} INFO - Marking task as UP_FOR_RETRY. dag_id=absa_streaming_lifecycle_demo1, task_id=deploy_producer, execution_date=20251028T210000, start_date=20251028T220230, end_date=20251028T220340
[2025-10-29T05:03:41.013+0700] {process_utils.py:80} INFO - Process psutil.Process(pid=165, status='terminated', started='05:02:30') (165) terminated with exit code None
[2025-10-29T05:03:41.014+0700] {process_utils.py:80} INFO - Process psutil.Process(pid=166, status='terminated', started='05:02:30') (166) terminated with exit code None
[2025-10-29T05:03:41.014+0700] {process_utils.py:80} INFO - Process psutil.Process(pid=164, status='terminated', exitcode=2, started='05:02:30') (164) terminated with exit code 2
[2025-10-29T05:03:41.014+0700] {process_utils.py:80} INFO - Process psutil.Process(pid=167, status='terminated', started='05:02:30') (167) terminated with exit code None
