[2025-10-29T01:59:54.419+0700] {processor.py:161} INFO - Started process (PID=102) to work on /opt/airflow/dags/absa_streaming_lifecycle_dag.py
[2025-10-29T01:59:54.420+0700] {processor.py:830} INFO - Processing file /opt/airflow/dags/absa_streaming_lifecycle_dag.py for tasks to queue
[2025-10-29T01:59:54.421+0700] {logging_mixin.py:188} INFO - [2025-10-29T01:59:54.421+0700] {dagbag.py:540} INFO - Filling up the DagBag from /opt/airflow/dags/absa_streaming_lifecycle_dag.py
[2025-10-29T01:59:54.443+0700] {processor.py:840} INFO - DAG(s) 'absa_streaming_lifecycle_demo' retrieved from /opt/airflow/dags/absa_streaming_lifecycle_dag.py
[2025-10-29T01:59:54.684+0700] {logging_mixin.py:188} INFO - [2025-10-29T01:59:54.684+0700] {dag.py:3096} INFO - Sync 1 DAGs
[2025-10-29T01:59:54.701+0700] {logging_mixin.py:188} INFO - [2025-10-29T01:59:54.701+0700] {dag.py:3954} INFO - Setting next_dagrun for absa_streaming_lifecycle_demo to 2025-10-28 18:00:00+00:00, run_after=2025-10-28 19:00:00+00:00
[2025-10-29T01:59:54.715+0700] {processor.py:183} INFO - Processing /opt/airflow/dags/absa_streaming_lifecycle_dag.py took 0.301 seconds
[2025-10-29T02:00:24.802+0700] {processor.py:161} INFO - Started process (PID=162) to work on /opt/airflow/dags/absa_streaming_lifecycle_dag.py
[2025-10-29T02:00:24.803+0700] {processor.py:830} INFO - Processing file /opt/airflow/dags/absa_streaming_lifecycle_dag.py for tasks to queue
[2025-10-29T02:00:24.804+0700] {logging_mixin.py:188} INFO - [2025-10-29T02:00:24.804+0700] {dagbag.py:540} INFO - Filling up the DagBag from /opt/airflow/dags/absa_streaming_lifecycle_dag.py
[2025-10-29T02:00:24.808+0700] {processor.py:840} INFO - DAG(s) 'absa_streaming_lifecycle_demo' retrieved from /opt/airflow/dags/absa_streaming_lifecycle_dag.py
[2025-10-29T02:00:24.822+0700] {logging_mixin.py:188} INFO - [2025-10-29T02:00:24.821+0700] {dag.py:3096} INFO - Sync 1 DAGs
[2025-10-29T02:00:24.836+0700] {logging_mixin.py:188} INFO - [2025-10-29T02:00:24.836+0700] {dag.py:3954} INFO - Setting next_dagrun for absa_streaming_lifecycle_demo to 2025-10-28 18:00:00+00:00, run_after=2025-10-28 19:00:00+00:00
[2025-10-29T02:00:24.846+0700] {processor.py:183} INFO - Processing /opt/airflow/dags/absa_streaming_lifecycle_dag.py took 0.048 seconds
[2025-10-29T02:00:55.662+0700] {processor.py:161} INFO - Started process (PID=222) to work on /opt/airflow/dags/absa_streaming_lifecycle_dag.py
[2025-10-29T02:00:55.663+0700] {processor.py:830} INFO - Processing file /opt/airflow/dags/absa_streaming_lifecycle_dag.py for tasks to queue
[2025-10-29T02:00:55.664+0700] {logging_mixin.py:188} INFO - [2025-10-29T02:00:55.664+0700] {dagbag.py:540} INFO - Filling up the DagBag from /opt/airflow/dags/absa_streaming_lifecycle_dag.py
[2025-10-29T02:00:55.669+0700] {processor.py:840} INFO - DAG(s) 'absa_streaming_lifecycle_demo' retrieved from /opt/airflow/dags/absa_streaming_lifecycle_dag.py
[2025-10-29T02:00:55.683+0700] {logging_mixin.py:188} INFO - [2025-10-29T02:00:55.683+0700] {dag.py:3096} INFO - Sync 1 DAGs
[2025-10-29T02:00:55.699+0700] {logging_mixin.py:188} INFO - [2025-10-29T02:00:55.699+0700] {dag.py:3954} INFO - Setting next_dagrun for absa_streaming_lifecycle_demo to 2025-10-28 18:00:00+00:00, run_after=2025-10-28 19:00:00+00:00
[2025-10-29T02:00:55.711+0700] {processor.py:183} INFO - Processing /opt/airflow/dags/absa_streaming_lifecycle_dag.py took 0.053 seconds
[2025-10-29T02:01:25.753+0700] {processor.py:161} INFO - Started process (PID=282) to work on /opt/airflow/dags/absa_streaming_lifecycle_dag.py
[2025-10-29T02:01:25.753+0700] {processor.py:830} INFO - Processing file /opt/airflow/dags/absa_streaming_lifecycle_dag.py for tasks to queue
[2025-10-29T02:01:25.754+0700] {logging_mixin.py:188} INFO - [2025-10-29T02:01:25.754+0700] {dagbag.py:540} INFO - Filling up the DagBag from /opt/airflow/dags/absa_streaming_lifecycle_dag.py
[2025-10-29T02:01:25.759+0700] {processor.py:840} INFO - DAG(s) 'absa_streaming_lifecycle_demo' retrieved from /opt/airflow/dags/absa_streaming_lifecycle_dag.py
[2025-10-29T02:01:25.772+0700] {logging_mixin.py:188} INFO - [2025-10-29T02:01:25.772+0700] {dag.py:3096} INFO - Sync 1 DAGs
[2025-10-29T02:01:25.788+0700] {logging_mixin.py:188} INFO - [2025-10-29T02:01:25.788+0700] {dag.py:3954} INFO - Setting next_dagrun for absa_streaming_lifecycle_demo to 2025-10-28 18:00:00+00:00, run_after=2025-10-28 19:00:00+00:00
[2025-10-29T02:01:25.800+0700] {processor.py:183} INFO - Processing /opt/airflow/dags/absa_streaming_lifecycle_dag.py took 0.051 seconds
[2025-10-29T02:01:55.887+0700] {processor.py:161} INFO - Started process (PID=342) to work on /opt/airflow/dags/absa_streaming_lifecycle_dag.py
[2025-10-29T02:01:55.887+0700] {processor.py:830} INFO - Processing file /opt/airflow/dags/absa_streaming_lifecycle_dag.py for tasks to queue
[2025-10-29T02:01:55.889+0700] {logging_mixin.py:188} INFO - [2025-10-29T02:01:55.888+0700] {dagbag.py:540} INFO - Filling up the DagBag from /opt/airflow/dags/absa_streaming_lifecycle_dag.py
[2025-10-29T02:01:55.895+0700] {processor.py:840} INFO - DAG(s) 'absa_streaming_lifecycle_demo' retrieved from /opt/airflow/dags/absa_streaming_lifecycle_dag.py
[2025-10-29T02:01:55.911+0700] {logging_mixin.py:188} INFO - [2025-10-29T02:01:55.910+0700] {dag.py:3096} INFO - Sync 1 DAGs
[2025-10-29T02:01:55.928+0700] {logging_mixin.py:188} INFO - [2025-10-29T02:01:55.927+0700] {dag.py:3954} INFO - Setting next_dagrun for absa_streaming_lifecycle_demo to 2025-10-28 18:00:00+00:00, run_after=2025-10-28 19:00:00+00:00
[2025-10-29T02:01:55.941+0700] {processor.py:183} INFO - Processing /opt/airflow/dags/absa_streaming_lifecycle_dag.py took 0.059 seconds
[2025-10-29T02:02:26.063+0700] {processor.py:161} INFO - Started process (PID=402) to work on /opt/airflow/dags/absa_streaming_lifecycle_dag.py
[2025-10-29T02:02:26.063+0700] {processor.py:830} INFO - Processing file /opt/airflow/dags/absa_streaming_lifecycle_dag.py for tasks to queue
[2025-10-29T02:02:26.064+0700] {logging_mixin.py:188} INFO - [2025-10-29T02:02:26.064+0700] {dagbag.py:540} INFO - Filling up the DagBag from /opt/airflow/dags/absa_streaming_lifecycle_dag.py
[2025-10-29T02:02:26.068+0700] {processor.py:840} INFO - DAG(s) 'absa_streaming_lifecycle_demo' retrieved from /opt/airflow/dags/absa_streaming_lifecycle_dag.py
[2025-10-29T02:02:26.080+0700] {logging_mixin.py:188} INFO - [2025-10-29T02:02:26.080+0700] {dag.py:3096} INFO - Sync 1 DAGs
[2025-10-29T02:02:26.095+0700] {logging_mixin.py:188} INFO - [2025-10-29T02:02:26.095+0700] {dag.py:3954} INFO - Setting next_dagrun for absa_streaming_lifecycle_demo to 2025-10-28 18:00:00+00:00, run_after=2025-10-28 19:00:00+00:00
[2025-10-29T02:02:26.105+0700] {processor.py:183} INFO - Processing /opt/airflow/dags/absa_streaming_lifecycle_dag.py took 0.046 seconds
[2025-10-29T02:02:56.568+0700] {processor.py:161} INFO - Started process (PID=468) to work on /opt/airflow/dags/absa_streaming_lifecycle_dag.py
[2025-10-29T02:02:56.568+0700] {processor.py:830} INFO - Processing file /opt/airflow/dags/absa_streaming_lifecycle_dag.py for tasks to queue
[2025-10-29T02:02:56.569+0700] {logging_mixin.py:188} INFO - [2025-10-29T02:02:56.569+0700] {dagbag.py:540} INFO - Filling up the DagBag from /opt/airflow/dags/absa_streaming_lifecycle_dag.py
[2025-10-29T02:02:56.573+0700] {processor.py:840} INFO - DAG(s) 'absa_streaming_lifecycle_demo' retrieved from /opt/airflow/dags/absa_streaming_lifecycle_dag.py
[2025-10-29T02:02:56.586+0700] {logging_mixin.py:188} INFO - [2025-10-29T02:02:56.585+0700] {dag.py:3096} INFO - Sync 1 DAGs
[2025-10-29T02:02:56.599+0700] {logging_mixin.py:188} INFO - [2025-10-29T02:02:56.599+0700] {dag.py:3954} INFO - Setting next_dagrun for absa_streaming_lifecycle_demo to 2025-10-28 18:00:00+00:00, run_after=2025-10-28 19:00:00+00:00
[2025-10-29T02:02:56.609+0700] {processor.py:183} INFO - Processing /opt/airflow/dags/absa_streaming_lifecycle_dag.py took 0.046 seconds
[2025-10-29T02:03:26.649+0700] {processor.py:161} INFO - Started process (PID=528) to work on /opt/airflow/dags/absa_streaming_lifecycle_dag.py
[2025-10-29T02:03:26.649+0700] {processor.py:830} INFO - Processing file /opt/airflow/dags/absa_streaming_lifecycle_dag.py for tasks to queue
[2025-10-29T02:03:26.650+0700] {logging_mixin.py:188} INFO - [2025-10-29T02:03:26.650+0700] {dagbag.py:540} INFO - Filling up the DagBag from /opt/airflow/dags/absa_streaming_lifecycle_dag.py
[2025-10-29T02:03:26.654+0700] {processor.py:840} INFO - DAG(s) 'absa_streaming_lifecycle_demo' retrieved from /opt/airflow/dags/absa_streaming_lifecycle_dag.py
[2025-10-29T02:03:26.667+0700] {logging_mixin.py:188} INFO - [2025-10-29T02:03:26.666+0700] {dag.py:3096} INFO - Sync 1 DAGs
[2025-10-29T02:03:26.681+0700] {logging_mixin.py:188} INFO - [2025-10-29T02:03:26.680+0700] {dag.py:3954} INFO - Setting next_dagrun for absa_streaming_lifecycle_demo to 2025-10-28 18:00:00+00:00, run_after=2025-10-28 19:00:00+00:00
[2025-10-29T02:03:26.800+0700] {processor.py:183} INFO - Processing /opt/airflow/dags/absa_streaming_lifecycle_dag.py took 0.155 seconds
[2025-10-29T02:03:55.286+0700] {processor.py:161} INFO - Started process (PID=582) to work on /opt/airflow/dags/absa_streaming_lifecycle_dag.py
[2025-10-29T02:03:55.286+0700] {processor.py:830} INFO - Processing file /opt/airflow/dags/absa_streaming_lifecycle_dag.py for tasks to queue
[2025-10-29T02:03:55.287+0700] {logging_mixin.py:188} INFO - [2025-10-29T02:03:55.287+0700] {dagbag.py:540} INFO - Filling up the DagBag from /opt/airflow/dags/absa_streaming_lifecycle_dag.py
[2025-10-29T02:03:55.291+0700] {processor.py:840} INFO - DAG(s) 'absa_streaming_lifecycle_demo' retrieved from /opt/airflow/dags/absa_streaming_lifecycle_dag.py
[2025-10-29T02:03:55.304+0700] {logging_mixin.py:188} INFO - [2025-10-29T02:03:55.304+0700] {taskinstance.py:2892} ERROR - {'DAG Id': 'absa_streaming_lifecycle_demo', 'Task Id': 'deploy_producer', 'Run Id': 'manual__2025-10-28T18:45:20.228343+00:00', 'Hostname': '0a0d95c7e4dd', 'External Executor Id': 'f0e41404-5499-4b3f-96cb-0fe4248751a5'}
[2025-10-29T02:03:55.314+0700] {logging_mixin.py:188} INFO - [2025-10-29T02:03:55.314+0700] {taskinstance.py:1205} INFO - Marking task as UP_FOR_RETRY. dag_id=absa_streaming_lifecycle_demo, task_id=deploy_producer, execution_date=20251028T184520, start_date=20251028T185124, end_date=20251028T190355
[2025-10-29T02:03:55.321+0700] {processor.py:791} INFO - Executed failure callback for <TaskInstance: absa_streaming_lifecycle_demo.deploy_producer manual__2025-10-28T18:45:20.228343+00:00 [up_for_retry]> in state up_for_retry
[2025-10-29T02:03:55.328+0700] {logging_mixin.py:188} INFO - [2025-10-29T02:03:55.328+0700] {dag.py:3096} INFO - Sync 1 DAGs
[2025-10-29T02:03:55.434+0700] {logging_mixin.py:188} INFO - [2025-10-29T02:03:55.434+0700] {dag.py:3954} INFO - Setting next_dagrun for absa_streaming_lifecycle_demo to 2025-10-28 18:00:00+00:00, run_after=2025-10-28 19:00:00+00:00
[2025-10-29T02:03:55.443+0700] {processor.py:183} INFO - Processing /opt/airflow/dags/absa_streaming_lifecycle_dag.py took 0.161 seconds
[2025-10-29T02:04:05.326+0700] {processor.py:161} INFO - Started process (PID=642) to work on /opt/airflow/dags/absa_streaming_lifecycle_dag.py
[2025-10-29T02:04:05.326+0700] {processor.py:830} INFO - Processing file /opt/airflow/dags/absa_streaming_lifecycle_dag.py for tasks to queue
[2025-10-29T02:04:05.328+0700] {logging_mixin.py:188} INFO - [2025-10-29T02:04:05.327+0700] {dagbag.py:540} INFO - Filling up the DagBag from /opt/airflow/dags/absa_streaming_lifecycle_dag.py
[2025-10-29T02:04:05.332+0700] {processor.py:840} INFO - DAG(s) 'absa_streaming_lifecycle_demo' retrieved from /opt/airflow/dags/absa_streaming_lifecycle_dag.py
[2025-10-29T02:04:05.346+0700] {logging_mixin.py:188} INFO - [2025-10-29T02:04:05.346+0700] {taskinstance.py:2892} ERROR - {'DAG Id': 'absa_streaming_lifecycle_demo', 'Task Id': 'deploy_producer', 'Run Id': 'scheduled__2025-10-28T17:00:00+00:00', 'Hostname': '0a0d95c7e4dd', 'External Executor Id': 'da1426cb-cede-4e52-a5a9-e5fa31c3e087'}
[2025-10-29T02:04:05.355+0700] {logging_mixin.py:188} INFO - [2025-10-29T02:04:05.355+0700] {taskinstance.py:1205} INFO - Marking task as UP_FOR_RETRY. dag_id=absa_streaming_lifecycle_demo, task_id=deploy_producer, execution_date=20251028T170000, start_date=20251028T185124, end_date=20251028T190405
[2025-10-29T02:04:05.359+0700] {processor.py:791} INFO - Executed failure callback for <TaskInstance: absa_streaming_lifecycle_demo.deploy_producer scheduled__2025-10-28T17:00:00+00:00 [up_for_retry]> in state up_for_retry
[2025-10-29T02:04:05.361+0700] {logging_mixin.py:188} INFO - [2025-10-29T02:04:05.360+0700] {taskinstance.py:2892} ERROR - {'DAG Id': 'absa_streaming_lifecycle_demo', 'Task Id': 'deploy_producer', 'Run Id': 'manual__2025-10-28T18:40:42.152918+00:00', 'Hostname': '0a0d95c7e4dd', 'External Executor Id': '2b422b8c-16de-4b13-9c05-6a7c0e9eed3d'}
[2025-10-29T02:04:05.364+0700] {logging_mixin.py:188} INFO - [2025-10-29T02:04:05.364+0700] {taskinstance.py:1205} INFO - Marking task as UP_FOR_RETRY. dag_id=absa_streaming_lifecycle_demo, task_id=deploy_producer, execution_date=20251028T184042, start_date=20251028T185124, end_date=20251028T190405
[2025-10-29T02:04:05.365+0700] {processor.py:791} INFO - Executed failure callback for <TaskInstance: absa_streaming_lifecycle_demo.deploy_producer manual__2025-10-28T18:40:42.152918+00:00 [up_for_retry]> in state up_for_retry
[2025-10-29T02:04:05.366+0700] {logging_mixin.py:188} INFO - [2025-10-29T02:04:05.366+0700] {taskinstance.py:2892} ERROR - {'DAG Id': 'absa_streaming_lifecycle_demo', 'Task Id': 'deploy_producer', 'Run Id': 'manual__2025-10-28T18:51:19.906190+00:00', 'Hostname': '0a0d95c7e4dd', 'External Executor Id': 'fe00b0c9-bc8a-4382-be22-53fe7e9dba06'}
[2025-10-29T02:04:05.369+0700] {logging_mixin.py:188} INFO - [2025-10-29T02:04:05.369+0700] {taskinstance.py:1205} INFO - Marking task as UP_FOR_RETRY. dag_id=absa_streaming_lifecycle_demo, task_id=deploy_producer, execution_date=20251028T185119, start_date=20251028T185124, end_date=20251028T190405
[2025-10-29T02:04:05.371+0700] {processor.py:791} INFO - Executed failure callback for <TaskInstance: absa_streaming_lifecycle_demo.deploy_producer manual__2025-10-28T18:51:19.906190+00:00 [up_for_retry]> in state up_for_retry
[2025-10-29T02:04:05.372+0700] {logging_mixin.py:188} INFO - [2025-10-29T02:04:05.372+0700] {taskinstance.py:2892} ERROR - {'DAG Id': 'absa_streaming_lifecycle_demo', 'Task Id': 'deploy_producer', 'Run Id': 'manual__2025-10-28T18:43:46.242813+00:00', 'Hostname': '0a0d95c7e4dd', 'External Executor Id': '40a259a5-221d-4d28-bc9e-950e6bc9d9e1'}
[2025-10-29T02:04:05.375+0700] {logging_mixin.py:188} INFO - [2025-10-29T02:04:05.374+0700] {taskinstance.py:1205} INFO - Marking task as UP_FOR_RETRY. dag_id=absa_streaming_lifecycle_demo, task_id=deploy_producer, execution_date=20251028T184346, start_date=20251028T185124, end_date=20251028T190405
[2025-10-29T02:04:05.376+0700] {processor.py:791} INFO - Executed failure callback for <TaskInstance: absa_streaming_lifecycle_demo.deploy_producer manual__2025-10-28T18:43:46.242813+00:00 [up_for_retry]> in state up_for_retry
[2025-10-29T02:04:05.377+0700] {logging_mixin.py:188} INFO - [2025-10-29T02:04:05.377+0700] {taskinstance.py:2892} ERROR - {'DAG Id': 'absa_streaming_lifecycle_demo', 'Task Id': 'deploy_producer', 'Run Id': 'scheduled__2025-10-28T17:00:00+00:00', 'Hostname': '0a0d95c7e4dd', 'External Executor Id': 'da1426cb-cede-4e52-a5a9-e5fa31c3e087'}
[2025-10-29T02:04:05.380+0700] {logging_mixin.py:188} INFO - [2025-10-29T02:04:05.380+0700] {taskinstance.py:1205} INFO - Marking task as FAILED. dag_id=absa_streaming_lifecycle_demo, task_id=deploy_producer, execution_date=20251028T170000, start_date=20251028T185124, end_date=20251028T190405
[2025-10-29T02:04:05.381+0700] {processor.py:791} INFO - Executed failure callback for <TaskInstance: absa_streaming_lifecycle_demo.deploy_producer scheduled__2025-10-28T17:00:00+00:00 [failed]> in state failed
[2025-10-29T02:04:05.388+0700] {logging_mixin.py:188} INFO - [2025-10-29T02:04:05.388+0700] {dag.py:3096} INFO - Sync 1 DAGs
[2025-10-29T02:04:05.510+0700] {logging_mixin.py:188} INFO - [2025-10-29T02:04:05.509+0700] {dag.py:3954} INFO - Setting next_dagrun for absa_streaming_lifecycle_demo to 2025-10-28 18:00:00+00:00, run_after=2025-10-28 19:00:00+00:00
[2025-10-29T02:04:05.518+0700] {processor.py:183} INFO - Processing /opt/airflow/dags/absa_streaming_lifecycle_dag.py took 0.196 seconds
[2025-10-29T02:04:25.431+0700] {processor.py:161} INFO - Started process (PID=686) to work on /opt/airflow/dags/absa_streaming_lifecycle_dag.py
[2025-10-29T02:04:25.431+0700] {processor.py:830} INFO - Processing file /opt/airflow/dags/absa_streaming_lifecycle_dag.py for tasks to queue
[2025-10-29T02:04:25.433+0700] {logging_mixin.py:188} INFO - [2025-10-29T02:04:25.432+0700] {dagbag.py:540} INFO - Filling up the DagBag from /opt/airflow/dags/absa_streaming_lifecycle_dag.py
[2025-10-29T02:04:25.436+0700] {processor.py:840} INFO - DAG(s) 'absa_streaming_lifecycle_demo' retrieved from /opt/airflow/dags/absa_streaming_lifecycle_dag.py
[2025-10-29T02:04:25.517+0700] {logging_mixin.py:188} INFO - [2025-10-29T02:04:25.517+0700] {override.py:1829} INFO - Created Permission View: can edit on DAG:absa_streaming_lifecycle_demo
[2025-10-29T02:04:25.522+0700] {logging_mixin.py:188} INFO - [2025-10-29T02:04:25.522+0700] {override.py:1829} INFO - Created Permission View: can delete on DAG:absa_streaming_lifecycle_demo
[2025-10-29T02:04:25.526+0700] {logging_mixin.py:188} INFO - [2025-10-29T02:04:25.526+0700] {override.py:1829} INFO - Created Permission View: can read on DAG:absa_streaming_lifecycle_demo
[2025-10-29T02:04:25.526+0700] {logging_mixin.py:188} INFO - [2025-10-29T02:04:25.526+0700] {dag.py:3096} INFO - Sync 1 DAGs
[2025-10-29T02:04:25.534+0700] {logging_mixin.py:188} INFO - [2025-10-29T02:04:25.533+0700] {dag.py:3118} INFO - Creating ORM DAG for absa_streaming_lifecycle_demo
[2025-10-29T02:04:25.539+0700] {logging_mixin.py:188} INFO - [2025-10-29T02:04:25.539+0700] {dag.py:3954} INFO - Setting next_dagrun for absa_streaming_lifecycle_demo to 2025-10-28 18:00:00+00:00, run_after=2025-10-28 19:00:00+00:00
[2025-10-29T02:04:25.551+0700] {processor.py:183} INFO - Processing /opt/airflow/dags/absa_streaming_lifecycle_dag.py took 0.124 seconds
[2025-10-29T02:04:41.785+0700] {processor.py:161} INFO - Started process (PID=95) to work on /opt/airflow/dags/absa_streaming_lifecycle_dag.py
[2025-10-29T02:04:41.786+0700] {processor.py:830} INFO - Processing file /opt/airflow/dags/absa_streaming_lifecycle_dag.py for tasks to queue
[2025-10-29T02:04:41.787+0700] {logging_mixin.py:188} INFO - [2025-10-29T02:04:41.787+0700] {dagbag.py:540} INFO - Filling up the DagBag from /opt/airflow/dags/absa_streaming_lifecycle_dag.py
[2025-10-29T02:04:41.795+0700] {processor.py:840} INFO - DAG(s) 'absa_streaming_lifecycle_demo' retrieved from /opt/airflow/dags/absa_streaming_lifecycle_dag.py
[2025-10-29T02:04:41.815+0700] {logging_mixin.py:188} INFO - [2025-10-29T02:04:41.815+0700] {dag.py:3096} INFO - Sync 1 DAGs
[2025-10-29T02:04:41.834+0700] {logging_mixin.py:188} INFO - [2025-10-29T02:04:41.834+0700] {dag.py:3954} INFO - Setting next_dagrun for absa_streaming_lifecycle_demo to 2025-10-28 18:00:00+00:00, run_after=2025-10-28 19:00:00+00:00
[2025-10-29T02:04:41.848+0700] {processor.py:183} INFO - Processing /opt/airflow/dags/absa_streaming_lifecycle_dag.py took 0.068 seconds
[2025-10-29T02:05:12.125+0700] {processor.py:161} INFO - Started process (PID=155) to work on /opt/airflow/dags/absa_streaming_lifecycle_dag.py
[2025-10-29T02:05:12.125+0700] {processor.py:830} INFO - Processing file /opt/airflow/dags/absa_streaming_lifecycle_dag.py for tasks to queue
[2025-10-29T02:05:12.126+0700] {logging_mixin.py:188} INFO - [2025-10-29T02:05:12.126+0700] {dagbag.py:540} INFO - Filling up the DagBag from /opt/airflow/dags/absa_streaming_lifecycle_dag.py
[2025-10-29T02:05:12.130+0700] {processor.py:840} INFO - DAG(s) 'absa_streaming_lifecycle_demo' retrieved from /opt/airflow/dags/absa_streaming_lifecycle_dag.py
[2025-10-29T02:05:12.142+0700] {logging_mixin.py:188} INFO - [2025-10-29T02:05:12.141+0700] {dag.py:3096} INFO - Sync 1 DAGs
[2025-10-29T02:05:12.155+0700] {logging_mixin.py:188} INFO - [2025-10-29T02:05:12.155+0700] {dag.py:3954} INFO - Setting next_dagrun for absa_streaming_lifecycle_demo to 2025-10-28 18:00:00+00:00, run_after=2025-10-28 19:00:00+00:00
[2025-10-29T02:05:12.165+0700] {processor.py:183} INFO - Processing /opt/airflow/dags/absa_streaming_lifecycle_dag.py took 0.044 seconds
