[2025-10-29T01:59:54.425+0700] {processor.py:161} INFO - Started process (PID=103) to work on /opt/airflow/dags/demo_dag.py
[2025-10-29T01:59:54.425+0700] {processor.py:830} INFO - Processing file /opt/airflow/dags/demo_dag.py for tasks to queue
[2025-10-29T01:59:54.427+0700] {logging_mixin.py:188} INFO - [2025-10-29T01:59:54.426+0700] {dagbag.py:540} INFO - Filling up the DagBag from /opt/airflow/dags/demo_dag.py
[2025-10-29T01:59:54.443+0700] {processor.py:840} INFO - DAG(s) 'demo_airflow_basic' retrieved from /opt/airflow/dags/demo_dag.py
[2025-10-29T01:59:54.684+0700] {logging_mixin.py:188} INFO - [2025-10-29T01:59:54.684+0700] {dag.py:3096} INFO - Sync 1 DAGs
[2025-10-29T01:59:54.701+0700] {logging_mixin.py:188} INFO - [2025-10-29T01:59:54.701+0700] {dag.py:3954} INFO - Setting next_dagrun for demo_airflow_basic to 2025-10-28 18:58:00+00:00, run_after=2025-10-28 18:59:00+00:00
[2025-10-29T01:59:54.714+0700] {processor.py:183} INFO - Processing /opt/airflow/dags/demo_dag.py took 0.294 seconds
[2025-10-29T02:00:24.808+0700] {processor.py:161} INFO - Started process (PID=163) to work on /opt/airflow/dags/demo_dag.py
[2025-10-29T02:00:24.808+0700] {processor.py:830} INFO - Processing file /opt/airflow/dags/demo_dag.py for tasks to queue
[2025-10-29T02:00:24.809+0700] {logging_mixin.py:188} INFO - [2025-10-29T02:00:24.809+0700] {dagbag.py:540} INFO - Filling up the DagBag from /opt/airflow/dags/demo_dag.py
[2025-10-29T02:00:24.814+0700] {processor.py:840} INFO - DAG(s) 'demo_airflow_basic' retrieved from /opt/airflow/dags/demo_dag.py
[2025-10-29T02:00:24.825+0700] {logging_mixin.py:188} INFO - [2025-10-29T02:00:24.825+0700] {dag.py:3096} INFO - Sync 1 DAGs
[2025-10-29T02:00:24.838+0700] {logging_mixin.py:188} INFO - [2025-10-29T02:00:24.838+0700] {dag.py:3954} INFO - Setting next_dagrun for demo_airflow_basic to 2025-10-28 18:59:00+00:00, run_after=2025-10-28 19:00:00+00:00
[2025-10-29T02:00:24.849+0700] {processor.py:183} INFO - Processing /opt/airflow/dags/demo_dag.py took 0.044 seconds
[2025-10-29T02:00:55.668+0700] {processor.py:161} INFO - Started process (PID=223) to work on /opt/airflow/dags/demo_dag.py
[2025-10-29T02:00:55.669+0700] {processor.py:830} INFO - Processing file /opt/airflow/dags/demo_dag.py for tasks to queue
[2025-10-29T02:00:55.670+0700] {logging_mixin.py:188} INFO - [2025-10-29T02:00:55.670+0700] {dagbag.py:540} INFO - Filling up the DagBag from /opt/airflow/dags/demo_dag.py
[2025-10-29T02:00:55.674+0700] {processor.py:840} INFO - DAG(s) 'demo_airflow_basic' retrieved from /opt/airflow/dags/demo_dag.py
[2025-10-29T02:00:55.689+0700] {logging_mixin.py:188} INFO - [2025-10-29T02:00:55.689+0700] {dag.py:3096} INFO - Sync 1 DAGs
[2025-10-29T02:00:55.710+0700] {logging_mixin.py:188} INFO - [2025-10-29T02:00:55.710+0700] {dag.py:3954} INFO - Setting next_dagrun for demo_airflow_basic to 2025-10-28 18:59:00+00:00, run_after=2025-10-28 19:00:00+00:00
[2025-10-29T02:00:55.722+0700] {processor.py:183} INFO - Processing /opt/airflow/dags/demo_dag.py took 0.059 seconds
[2025-10-29T02:01:25.758+0700] {processor.py:161} INFO - Started process (PID=283) to work on /opt/airflow/dags/demo_dag.py
[2025-10-29T02:01:25.758+0700] {processor.py:830} INFO - Processing file /opt/airflow/dags/demo_dag.py for tasks to queue
[2025-10-29T02:01:25.759+0700] {logging_mixin.py:188} INFO - [2025-10-29T02:01:25.759+0700] {dagbag.py:540} INFO - Filling up the DagBag from /opt/airflow/dags/demo_dag.py
[2025-10-29T02:01:25.763+0700] {processor.py:840} INFO - DAG(s) 'demo_airflow_basic' retrieved from /opt/airflow/dags/demo_dag.py
[2025-10-29T02:01:25.775+0700] {logging_mixin.py:188} INFO - [2025-10-29T02:01:25.774+0700] {dag.py:3096} INFO - Sync 1 DAGs
[2025-10-29T02:01:25.789+0700] {logging_mixin.py:188} INFO - [2025-10-29T02:01:25.788+0700] {dag.py:3954} INFO - Setting next_dagrun for demo_airflow_basic to 2025-10-28 19:00:00+00:00, run_after=2025-10-28 19:01:00+00:00
[2025-10-29T02:01:25.800+0700] {processor.py:183} INFO - Processing /opt/airflow/dags/demo_dag.py took 0.046 seconds
[2025-10-29T02:01:55.894+0700] {processor.py:161} INFO - Started process (PID=343) to work on /opt/airflow/dags/demo_dag.py
[2025-10-29T02:01:55.895+0700] {processor.py:830} INFO - Processing file /opt/airflow/dags/demo_dag.py for tasks to queue
[2025-10-29T02:01:55.896+0700] {logging_mixin.py:188} INFO - [2025-10-29T02:01:55.896+0700] {dagbag.py:540} INFO - Filling up the DagBag from /opt/airflow/dags/demo_dag.py
[2025-10-29T02:01:55.901+0700] {processor.py:840} INFO - DAG(s) 'demo_airflow_basic' retrieved from /opt/airflow/dags/demo_dag.py
[2025-10-29T02:01:55.915+0700] {logging_mixin.py:188} INFO - [2025-10-29T02:01:55.915+0700] {dag.py:3096} INFO - Sync 1 DAGs
[2025-10-29T02:01:55.931+0700] {logging_mixin.py:188} INFO - [2025-10-29T02:01:55.931+0700] {dag.py:3954} INFO - Setting next_dagrun for demo_airflow_basic to 2025-10-28 19:00:00+00:00, run_after=2025-10-28 19:01:00+00:00
[2025-10-29T02:01:55.944+0700] {processor.py:183} INFO - Processing /opt/airflow/dags/demo_dag.py took 0.055 seconds
[2025-10-29T02:02:26.066+0700] {processor.py:161} INFO - Started process (PID=403) to work on /opt/airflow/dags/demo_dag.py
[2025-10-29T02:02:26.067+0700] {processor.py:830} INFO - Processing file /opt/airflow/dags/demo_dag.py for tasks to queue
[2025-10-29T02:02:26.068+0700] {logging_mixin.py:188} INFO - [2025-10-29T02:02:26.067+0700] {dagbag.py:540} INFO - Filling up the DagBag from /opt/airflow/dags/demo_dag.py
[2025-10-29T02:02:26.071+0700] {processor.py:840} INFO - DAG(s) 'demo_airflow_basic' retrieved from /opt/airflow/dags/demo_dag.py
[2025-10-29T02:02:26.081+0700] {logging_mixin.py:188} INFO - [2025-10-29T02:02:26.081+0700] {dag.py:3096} INFO - Sync 1 DAGs
[2025-10-29T02:02:26.095+0700] {logging_mixin.py:188} INFO - [2025-10-29T02:02:26.095+0700] {dag.py:3954} INFO - Setting next_dagrun for demo_airflow_basic to 2025-10-28 19:01:00+00:00, run_after=2025-10-28 19:02:00+00:00
[2025-10-29T02:02:26.105+0700] {processor.py:183} INFO - Processing /opt/airflow/dags/demo_dag.py took 0.042 seconds
[2025-10-29T02:02:56.572+0700] {processor.py:161} INFO - Started process (PID=469) to work on /opt/airflow/dags/demo_dag.py
[2025-10-29T02:02:56.572+0700] {processor.py:830} INFO - Processing file /opt/airflow/dags/demo_dag.py for tasks to queue
[2025-10-29T02:02:56.573+0700] {logging_mixin.py:188} INFO - [2025-10-29T02:02:56.573+0700] {dagbag.py:540} INFO - Filling up the DagBag from /opt/airflow/dags/demo_dag.py
[2025-10-29T02:02:56.576+0700] {processor.py:840} INFO - DAG(s) 'demo_airflow_basic' retrieved from /opt/airflow/dags/demo_dag.py
[2025-10-29T02:02:56.587+0700] {logging_mixin.py:188} INFO - [2025-10-29T02:02:56.587+0700] {dag.py:3096} INFO - Sync 1 DAGs
[2025-10-29T02:02:56.600+0700] {logging_mixin.py:188} INFO - [2025-10-29T02:02:56.600+0700] {dag.py:3954} INFO - Setting next_dagrun for demo_airflow_basic to 2025-10-28 19:01:00+00:00, run_after=2025-10-28 19:02:00+00:00
[2025-10-29T02:02:56.610+0700] {processor.py:183} INFO - Processing /opt/airflow/dags/demo_dag.py took 0.041 seconds
[2025-10-29T02:03:26.653+0700] {processor.py:161} INFO - Started process (PID=529) to work on /opt/airflow/dags/demo_dag.py
[2025-10-29T02:03:26.654+0700] {processor.py:830} INFO - Processing file /opt/airflow/dags/demo_dag.py for tasks to queue
[2025-10-29T02:03:26.655+0700] {logging_mixin.py:188} INFO - [2025-10-29T02:03:26.655+0700] {dagbag.py:540} INFO - Filling up the DagBag from /opt/airflow/dags/demo_dag.py
[2025-10-29T02:03:26.658+0700] {processor.py:840} INFO - DAG(s) 'demo_airflow_basic' retrieved from /opt/airflow/dags/demo_dag.py
[2025-10-29T02:03:26.669+0700] {logging_mixin.py:188} INFO - [2025-10-29T02:03:26.669+0700] {dag.py:3096} INFO - Sync 1 DAGs
[2025-10-29T02:03:26.682+0700] {logging_mixin.py:188} INFO - [2025-10-29T02:03:26.682+0700] {dag.py:3954} INFO - Setting next_dagrun for demo_airflow_basic to 2025-10-28 19:02:00+00:00, run_after=2025-10-28 19:03:00+00:00
[2025-10-29T02:03:26.800+0700] {processor.py:183} INFO - Processing /opt/airflow/dags/demo_dag.py took 0.150 seconds
[2025-10-29T02:03:57.305+0700] {processor.py:161} INFO - Started process (PID=589) to work on /opt/airflow/dags/demo_dag.py
[2025-10-29T02:03:57.306+0700] {processor.py:830} INFO - Processing file /opt/airflow/dags/demo_dag.py for tasks to queue
[2025-10-29T02:03:57.308+0700] {logging_mixin.py:188} INFO - [2025-10-29T02:03:57.307+0700] {dagbag.py:540} INFO - Filling up the DagBag from /opt/airflow/dags/demo_dag.py
[2025-10-29T02:03:57.312+0700] {processor.py:840} INFO - DAG(s) 'demo_airflow_basic' retrieved from /opt/airflow/dags/demo_dag.py
[2025-10-29T02:03:57.327+0700] {logging_mixin.py:188} INFO - [2025-10-29T02:03:57.327+0700] {dag.py:3096} INFO - Sync 1 DAGs
[2025-10-29T02:03:57.344+0700] {logging_mixin.py:188} INFO - [2025-10-29T02:03:57.344+0700] {dag.py:3954} INFO - Setting next_dagrun for demo_airflow_basic to 2025-10-28 19:02:00+00:00, run_after=2025-10-28 19:03:00+00:00
[2025-10-29T02:03:57.358+0700] {processor.py:183} INFO - Processing /opt/airflow/dags/demo_dag.py took 0.057 seconds
[2025-10-29T02:04:25.436+0700] {processor.py:161} INFO - Started process (PID=687) to work on /opt/airflow/dags/demo_dag.py
[2025-10-29T02:04:25.436+0700] {processor.py:830} INFO - Processing file /opt/airflow/dags/demo_dag.py for tasks to queue
[2025-10-29T02:04:25.437+0700] {logging_mixin.py:188} INFO - [2025-10-29T02:04:25.437+0700] {dagbag.py:540} INFO - Filling up the DagBag from /opt/airflow/dags/demo_dag.py
[2025-10-29T02:04:25.440+0700] {processor.py:840} INFO - DAG(s) 'demo_airflow_basic' retrieved from /opt/airflow/dags/demo_dag.py
[2025-10-29T02:04:25.516+0700] {logging_mixin.py:188} INFO - [2025-10-29T02:04:25.515+0700] {override.py:1677} ERROR - Add Permission: (psycopg2.errors.UniqueViolation) duplicate key value violates unique constraint "ab_permission_name_uq"
DETAIL:  Key (name)=(can_edit) already exists.

[SQL: INSERT INTO ab_permission (name) VALUES (%(name)s) RETURNING ab_permission.id]
[parameters: {'name': 'can_edit'}]
(Background on this error at: https://sqlalche.me/e/14/gkpj)
[2025-10-29T02:04:25.520+0700] {logging_mixin.py:188} INFO - [2025-10-29T02:04:25.519+0700] {override.py:1829} INFO - Created Permission View: None on DAG:demo_airflow_basic
[2025-10-29T02:04:25.526+0700] {logging_mixin.py:188} INFO - [2025-10-29T02:04:25.526+0700] {override.py:1829} INFO - Created Permission View: can delete on DAG:demo_airflow_basic
[2025-10-29T02:04:25.530+0700] {logging_mixin.py:188} INFO - [2025-10-29T02:04:25.530+0700] {override.py:1829} INFO - Created Permission View: can read on DAG:demo_airflow_basic
[2025-10-29T02:04:25.531+0700] {logging_mixin.py:188} INFO - [2025-10-29T02:04:25.531+0700] {dag.py:3096} INFO - Sync 1 DAGs
[2025-10-29T02:04:25.537+0700] {logging_mixin.py:188} INFO - [2025-10-29T02:04:25.537+0700] {dag.py:3118} INFO - Creating ORM DAG for demo_airflow_basic
[2025-10-29T02:04:25.542+0700] {logging_mixin.py:188} INFO - [2025-10-29T02:04:25.542+0700] {dag.py:3954} INFO - Setting next_dagrun for demo_airflow_basic to 2025-10-28 19:03:00+00:00, run_after=2025-10-28 19:04:00+00:00
[2025-10-29T02:04:25.553+0700] {processor.py:183} INFO - Processing /opt/airflow/dags/demo_dag.py took 0.120 seconds
[2025-10-29T02:04:41.790+0700] {processor.py:161} INFO - Started process (PID=96) to work on /opt/airflow/dags/demo_dag.py
[2025-10-29T02:04:41.791+0700] {processor.py:830} INFO - Processing file /opt/airflow/dags/demo_dag.py for tasks to queue
[2025-10-29T02:04:41.792+0700] {logging_mixin.py:188} INFO - [2025-10-29T02:04:41.792+0700] {dagbag.py:540} INFO - Filling up the DagBag from /opt/airflow/dags/demo_dag.py
[2025-10-29T02:04:41.799+0700] {processor.py:840} INFO - DAG(s) 'demo_airflow_basic' retrieved from /opt/airflow/dags/demo_dag.py
[2025-10-29T02:04:41.817+0700] {logging_mixin.py:188} INFO - [2025-10-29T02:04:41.817+0700] {dag.py:3096} INFO - Sync 1 DAGs
[2025-10-29T02:04:41.835+0700] {logging_mixin.py:188} INFO - [2025-10-29T02:04:41.835+0700] {dag.py:3954} INFO - Setting next_dagrun for demo_airflow_basic to 2025-10-28 19:03:00+00:00, run_after=2025-10-28 19:04:00+00:00
[2025-10-29T02:04:41.849+0700] {processor.py:183} INFO - Processing /opt/airflow/dags/demo_dag.py took 0.063 seconds
[2025-10-29T02:05:12.128+0700] {processor.py:161} INFO - Started process (PID=156) to work on /opt/airflow/dags/demo_dag.py
[2025-10-29T02:05:12.128+0700] {processor.py:830} INFO - Processing file /opt/airflow/dags/demo_dag.py for tasks to queue
[2025-10-29T02:05:12.129+0700] {logging_mixin.py:188} INFO - [2025-10-29T02:05:12.129+0700] {dagbag.py:540} INFO - Filling up the DagBag from /opt/airflow/dags/demo_dag.py
[2025-10-29T02:05:12.132+0700] {processor.py:840} INFO - DAG(s) 'demo_airflow_basic' retrieved from /opt/airflow/dags/demo_dag.py
[2025-10-29T02:05:12.142+0700] {logging_mixin.py:188} INFO - [2025-10-29T02:05:12.142+0700] {dag.py:3096} INFO - Sync 1 DAGs
[2025-10-29T02:05:12.155+0700] {logging_mixin.py:188} INFO - [2025-10-29T02:05:12.155+0700] {dag.py:3954} INFO - Setting next_dagrun for demo_airflow_basic to 2025-10-28 19:04:00+00:00, run_after=2025-10-28 19:05:00+00:00
[2025-10-29T02:05:12.165+0700] {processor.py:183} INFO - Processing /opt/airflow/dags/demo_dag.py took 0.041 seconds
