[2025-10-31T09:19:06.559+0700] {local_task_job_runner.py:120} INFO - ::group::Pre task execution logs
[2025-10-31T09:19:06.580+0700] {taskinstance.py:2073} INFO - Dependencies all met for dep_context=non-requeueable deps ti=<TaskInstance: absa_streaming_lifecycle_demo11.deploy_consumer scheduled__2025-10-31T01:00:00+00:00 [queued]>
[2025-10-31T09:19:06.586+0700] {taskinstance.py:2073} INFO - Dependencies all met for dep_context=requeueable deps ti=<TaskInstance: absa_streaming_lifecycle_demo11.deploy_consumer scheduled__2025-10-31T01:00:00+00:00 [queued]>
[2025-10-31T09:19:06.586+0700] {taskinstance.py:2303} INFO - Starting attempt 2 of 6
[2025-10-31T09:19:06.597+0700] {taskinstance.py:2327} INFO - Executing <Task(BashOperator): deploy_consumer> on 2025-10-31 01:00:00+00:00
[2025-10-31T09:19:06.606+0700] {warnings.py:110} WARNING - /home/***/.local/lib/python3.12/site-packages/***/task/task_runner/standard_task_runner.py:61: DeprecationWarning: This process (pid=1368) is multi-threaded, use of fork() may lead to deadlocks in the child.
  pid = os.fork()

[2025-10-31T09:19:06.607+0700] {standard_task_runner.py:63} INFO - Started process 1392 to run task
[2025-10-31T09:19:06.607+0700] {standard_task_runner.py:90} INFO - Running: ['***', 'tasks', 'run', 'absa_streaming_lifecycle_demo11', 'deploy_consumer', 'scheduled__2025-10-31T01:00:00+00:00', '--job-id', '6', '--raw', '--subdir', 'DAGS_FOLDER/absa_streaming_lifecycle_dag1.py', '--cfg-path', '/tmp/tmpbprszvq1']
[2025-10-31T09:19:06.609+0700] {standard_task_runner.py:91} INFO - Job 6: Subtask deploy_consumer
[2025-10-31T09:19:06.645+0700] {task_command.py:426} INFO - Running <TaskInstance: absa_streaming_lifecycle_demo11.deploy_consumer scheduled__2025-10-31T01:00:00+00:00 [running]> on host cf6042098ac0
[2025-10-31T09:19:06.728+0700] {taskinstance.py:2644} INFO - Exporting env vars: AIRFLOW_CTX_DAG_OWNER='***' AIRFLOW_CTX_DAG_ID='absa_streaming_lifecycle_demo11' AIRFLOW_CTX_TASK_ID='deploy_consumer' AIRFLOW_CTX_EXECUTION_DATE='2025-10-31T01:00:00+00:00' AIRFLOW_CTX_TRY_NUMBER='2' AIRFLOW_CTX_DAG_RUN_ID='scheduled__2025-10-31T01:00:00+00:00'
[2025-10-31T09:19:06.730+0700] {taskinstance.py:430} INFO - ::endgroup::
[2025-10-31T09:19:06.731+0700] {subprocess.py:63} INFO - Tmp dir root location: /tmp
[2025-10-31T09:19:06.732+0700] {subprocess.py:75} INFO - Running command: ['/usr/bin/bash', '-c', 'bash -c "timeout 45m /opt/***/projects/absa_streaming/scripts/run_consumer.sh"']
[2025-10-31T09:19:06.751+0700] {subprocess.py:86} INFO - Output:
[2025-10-31T09:19:06.761+0700] {subprocess.py:93} INFO - [Consumer] Starting Spark Structured Streaming job...
[2025-10-31T09:19:06.812+0700] {subprocess.py:93} INFO - /home/***/.local/lib/python3.12/site-packages/pyspark/bin/load-spark-env.sh: line 68: ps: command not found
[2025-10-31T09:19:08.446+0700] {subprocess.py:93} INFO - :: loading settings :: url = jar:file:/home/***/.local/lib/python3.12/site-packages/pyspark/jars/ivy-2.5.1.jar!/org/apache/ivy/core/settings/ivysettings.xml
[2025-10-31T09:19:08.523+0700] {subprocess.py:93} INFO - Ivy Default Cache set to: /home/***/.ivy2/cache
[2025-10-31T09:19:08.523+0700] {subprocess.py:93} INFO - The jars for the packages stored in: /home/***/.ivy2/jars
[2025-10-31T09:19:08.527+0700] {subprocess.py:93} INFO - org.apache.spark#spark-sql-kafka-0-10_2.12 added as a dependency
[2025-10-31T09:19:08.527+0700] {subprocess.py:93} INFO - org.postgresql#postgresql added as a dependency
[2025-10-31T09:19:08.527+0700] {subprocess.py:93} INFO - :: resolving dependencies :: org.apache.spark#spark-submit-parent-eeab7d27-cec6-4034-be13-5a1b551bb6c6;1.0
[2025-10-31T09:19:08.527+0700] {subprocess.py:93} INFO - 	confs: [default]
[2025-10-31T09:19:08.692+0700] {subprocess.py:93} INFO - 	found org.apache.spark#spark-sql-kafka-0-10_2.12;3.5.1 in central
[2025-10-31T09:19:08.741+0700] {subprocess.py:93} INFO - 	found org.apache.spark#spark-token-provider-kafka-0-10_2.12;3.5.1 in central
[2025-10-31T09:19:08.768+0700] {subprocess.py:93} INFO - 	found org.apache.kafka#kafka-clients;3.4.1 in central
[2025-10-31T09:19:08.792+0700] {subprocess.py:93} INFO - 	found org.lz4#lz4-java;1.8.0 in central
[2025-10-31T09:19:08.814+0700] {subprocess.py:93} INFO - 	found org.xerial.snappy#snappy-java;1.1.10.3 in central
[2025-10-31T09:19:08.834+0700] {subprocess.py:93} INFO - 	found org.slf4j#slf4j-api;2.0.7 in central
[2025-10-31T09:19:08.853+0700] {subprocess.py:93} INFO - 	found org.apache.hadoop#hadoop-client-runtime;3.3.4 in central
[2025-10-31T09:19:08.876+0700] {subprocess.py:93} INFO - 	found org.apache.hadoop#hadoop-client-api;3.3.4 in central
[2025-10-31T09:19:08.901+0700] {subprocess.py:93} INFO - 	found commons-logging#commons-logging;1.1.3 in central
[2025-10-31T09:19:08.917+0700] {subprocess.py:93} INFO - 	found com.google.code.findbugs#jsr305;3.0.0 in central
[2025-10-31T09:19:08.931+0700] {subprocess.py:93} INFO - 	found org.apache.commons#commons-pool2;2.11.1 in central
[2025-10-31T09:19:08.942+0700] {subprocess.py:93} INFO - 	found org.postgresql#postgresql;42.6.0 in central
[2025-10-31T09:19:08.955+0700] {subprocess.py:93} INFO - 	found org.checkerframework#checker-qual;3.31.0 in central
[2025-10-31T09:19:08.982+0700] {subprocess.py:93} INFO - :: resolution report :: resolve 438ms :: artifacts dl 17ms
[2025-10-31T09:19:08.983+0700] {subprocess.py:93} INFO - 	:: modules in use:
[2025-10-31T09:19:08.983+0700] {subprocess.py:93} INFO - 	com.google.code.findbugs#jsr305;3.0.0 from central in [default]
[2025-10-31T09:19:08.983+0700] {subprocess.py:93} INFO - 	commons-logging#commons-logging;1.1.3 from central in [default]
[2025-10-31T09:19:08.984+0700] {subprocess.py:93} INFO - 	org.apache.commons#commons-pool2;2.11.1 from central in [default]
[2025-10-31T09:19:08.984+0700] {subprocess.py:93} INFO - 	org.apache.hadoop#hadoop-client-api;3.3.4 from central in [default]
[2025-10-31T09:19:08.984+0700] {subprocess.py:93} INFO - 	org.apache.hadoop#hadoop-client-runtime;3.3.4 from central in [default]
[2025-10-31T09:19:08.984+0700] {subprocess.py:93} INFO - 	org.apache.kafka#kafka-clients;3.4.1 from central in [default]
[2025-10-31T09:19:08.985+0700] {subprocess.py:93} INFO - 	org.apache.spark#spark-sql-kafka-0-10_2.12;3.5.1 from central in [default]
[2025-10-31T09:19:08.985+0700] {subprocess.py:93} INFO - 	org.apache.spark#spark-token-provider-kafka-0-10_2.12;3.5.1 from central in [default]
[2025-10-31T09:19:08.986+0700] {subprocess.py:93} INFO - 	org.checkerframework#checker-qual;3.31.0 from central in [default]
[2025-10-31T09:19:08.986+0700] {subprocess.py:93} INFO - 	org.lz4#lz4-java;1.8.0 from central in [default]
[2025-10-31T09:19:08.986+0700] {subprocess.py:93} INFO - 	org.postgresql#postgresql;42.6.0 from central in [default]
[2025-10-31T09:19:08.987+0700] {subprocess.py:93} INFO - 	org.slf4j#slf4j-api;2.0.7 from central in [default]
[2025-10-31T09:19:08.987+0700] {subprocess.py:93} INFO - 	org.xerial.snappy#snappy-java;1.1.10.3 from central in [default]
[2025-10-31T09:19:08.987+0700] {subprocess.py:93} INFO - 	---------------------------------------------------------------------
[2025-10-31T09:19:08.987+0700] {subprocess.py:93} INFO - 	|                  |            modules            ||   artifacts   |
[2025-10-31T09:19:08.988+0700] {subprocess.py:93} INFO - 	|       conf       | number| search|dwnlded|evicted|| number|dwnlded|
[2025-10-31T09:19:08.988+0700] {subprocess.py:93} INFO - 	---------------------------------------------------------------------
[2025-10-31T09:19:08.988+0700] {subprocess.py:93} INFO - 	|      default     |   13  |   0   |   0   |   0   ||   13  |   0   |
[2025-10-31T09:19:08.989+0700] {subprocess.py:93} INFO - 	---------------------------------------------------------------------
[2025-10-31T09:19:08.994+0700] {subprocess.py:93} INFO - :: retrieving :: org.apache.spark#spark-submit-parent-eeab7d27-cec6-4034-be13-5a1b551bb6c6
[2025-10-31T09:19:08.994+0700] {subprocess.py:93} INFO - 	confs: [default]
[2025-10-31T09:19:09.007+0700] {subprocess.py:93} INFO - 	0 artifacts copied, 13 already retrieved (0kB/14ms)
[2025-10-31T09:19:09.232+0700] {subprocess.py:93} INFO - 25/10/31 09:19:09 WARN NativeCodeLoader: Unable to load native-hadoop library for your platform... using builtin-java classes where applicable
[2025-10-31T09:19:13.162+0700] {subprocess.py:93} INFO - 25/10/31 09:19:13 INFO SparkContext: Running Spark version 3.5.1
[2025-10-31T09:19:13.162+0700] {subprocess.py:93} INFO - 25/10/31 09:19:13 INFO SparkContext: OS info Linux, 6.14.0-33-generic, amd64
[2025-10-31T09:19:13.163+0700] {subprocess.py:93} INFO - 25/10/31 09:19:13 INFO SparkContext: Java version 17.0.17
[2025-10-31T09:19:13.179+0700] {subprocess.py:93} INFO - 25/10/31 09:19:13 INFO ResourceUtils: ==============================================================
[2025-10-31T09:19:13.179+0700] {subprocess.py:93} INFO - 25/10/31 09:19:13 INFO ResourceUtils: No custom resources configured for spark.driver.
[2025-10-31T09:19:13.179+0700] {subprocess.py:93} INFO - 25/10/31 09:19:13 INFO ResourceUtils: ==============================================================
[2025-10-31T09:19:13.180+0700] {subprocess.py:93} INFO - 25/10/31 09:19:13 INFO SparkContext: Submitted application: Kafka_ABSA_Postgres
[2025-10-31T09:19:13.197+0700] {subprocess.py:93} INFO - 25/10/31 09:19:13 INFO ResourceProfile: Default ResourceProfile created, executor resources: Map(cores -> name: cores, amount: 1, script: , vendor: , memory -> name: memory, amount: 1024, script: , vendor: , offHeap -> name: offHeap, amount: 0, script: , vendor: ), task resources: Map(cpus -> name: cpus, amount: 1.0)
[2025-10-31T09:19:13.203+0700] {subprocess.py:93} INFO - 25/10/31 09:19:13 INFO ResourceProfile: Limiting resource is cpu
[2025-10-31T09:19:13.204+0700] {subprocess.py:93} INFO - 25/10/31 09:19:13 INFO ResourceProfileManager: Added ResourceProfile id: 0
[2025-10-31T09:19:13.257+0700] {subprocess.py:93} INFO - 25/10/31 09:19:13 INFO SecurityManager: Changing view acls to: default
[2025-10-31T09:19:13.257+0700] {subprocess.py:93} INFO - 25/10/31 09:19:13 INFO SecurityManager: Changing modify acls to: default
[2025-10-31T09:19:13.257+0700] {subprocess.py:93} INFO - 25/10/31 09:19:13 INFO SecurityManager: Changing view acls groups to:
[2025-10-31T09:19:13.258+0700] {subprocess.py:93} INFO - 25/10/31 09:19:13 INFO SecurityManager: Changing modify acls groups to:
[2025-10-31T09:19:13.258+0700] {subprocess.py:93} INFO - 25/10/31 09:19:13 INFO SecurityManager: SecurityManager: authentication disabled; ui acls disabled; users with view permissions: default; groups with view permissions: EMPTY; users with modify permissions: default; groups with modify permissions: EMPTY
[2025-10-31T09:19:13.455+0700] {subprocess.py:93} INFO - 25/10/31 09:19:13 INFO Utils: Successfully started service 'sparkDriver' on port 40555.
[2025-10-31T09:19:13.482+0700] {subprocess.py:93} INFO - 25/10/31 09:19:13 INFO SparkEnv: Registering MapOutputTracker
[2025-10-31T09:19:13.517+0700] {subprocess.py:93} INFO - 25/10/31 09:19:13 INFO SparkEnv: Registering BlockManagerMaster
[2025-10-31T09:19:13.533+0700] {subprocess.py:93} INFO - 25/10/31 09:19:13 INFO BlockManagerMasterEndpoint: Using org.apache.spark.storage.DefaultTopologyMapper for getting topology information
[2025-10-31T09:19:13.534+0700] {subprocess.py:93} INFO - 25/10/31 09:19:13 INFO BlockManagerMasterEndpoint: BlockManagerMasterEndpoint up
[2025-10-31T09:19:13.536+0700] {subprocess.py:93} INFO - 25/10/31 09:19:13 INFO SparkEnv: Registering BlockManagerMasterHeartbeat
[2025-10-31T09:19:13.557+0700] {subprocess.py:93} INFO - 25/10/31 09:19:13 INFO DiskBlockManager: Created local directory at /tmp/blockmgr-248ee3b3-dbc8-4300-a389-62253c0e2b56
[2025-10-31T09:19:13.568+0700] {subprocess.py:93} INFO - 25/10/31 09:19:13 INFO MemoryStore: MemoryStore started with capacity 434.4 MiB
[2025-10-31T09:19:13.578+0700] {subprocess.py:93} INFO - 25/10/31 09:19:13 INFO SparkEnv: Registering OutputCommitCoordinator
[2025-10-31T09:19:13.689+0700] {subprocess.py:93} INFO - 25/10/31 09:19:13 INFO JettyUtils: Start Jetty 0.0.0.0:4040 for SparkUI
[2025-10-31T09:19:13.747+0700] {subprocess.py:93} INFO - 25/10/31 09:19:13 INFO Utils: Successfully started service 'SparkUI' on port 4040.
[2025-10-31T09:19:13.776+0700] {subprocess.py:93} INFO - 25/10/31 09:19:13 INFO SparkContext: Added JAR file:///home/***/.ivy2/jars/org.apache.spark_spark-sql-kafka-0-10_2.12-3.5.1.jar at spark://cf6042098ac0:40555/jars/org.apache.spark_spark-sql-kafka-0-10_2.12-3.5.1.jar with timestamp 1761877153156
[2025-10-31T09:19:13.776+0700] {subprocess.py:93} INFO - 25/10/31 09:19:13 INFO SparkContext: Added JAR file:///home/***/.ivy2/jars/org.postgresql_postgresql-42.6.0.jar at spark://cf6042098ac0:40555/jars/org.postgresql_postgresql-42.6.0.jar with timestamp 1761877153156
[2025-10-31T09:19:13.777+0700] {subprocess.py:93} INFO - 25/10/31 09:19:13 INFO SparkContext: Added JAR file:///home/***/.ivy2/jars/org.apache.spark_spark-token-provider-kafka-0-10_2.12-3.5.1.jar at spark://cf6042098ac0:40555/jars/org.apache.spark_spark-token-provider-kafka-0-10_2.12-3.5.1.jar with timestamp 1761877153156
[2025-10-31T09:19:13.777+0700] {subprocess.py:93} INFO - 25/10/31 09:19:13 INFO SparkContext: Added JAR file:///home/***/.ivy2/jars/org.apache.kafka_kafka-clients-3.4.1.jar at spark://cf6042098ac0:40555/jars/org.apache.kafka_kafka-clients-3.4.1.jar with timestamp 1761877153156
[2025-10-31T09:19:13.777+0700] {subprocess.py:93} INFO - 25/10/31 09:19:13 INFO SparkContext: Added JAR file:///home/***/.ivy2/jars/com.google.code.findbugs_jsr305-3.0.0.jar at spark://cf6042098ac0:40555/jars/com.google.code.findbugs_jsr305-3.0.0.jar with timestamp 1761877153156
[2025-10-31T09:19:13.777+0700] {subprocess.py:93} INFO - 25/10/31 09:19:13 INFO SparkContext: Added JAR file:///home/***/.ivy2/jars/org.apache.commons_commons-pool2-2.11.1.jar at spark://cf6042098ac0:40555/jars/org.apache.commons_commons-pool2-2.11.1.jar with timestamp 1761877153156
[2025-10-31T09:19:13.778+0700] {subprocess.py:93} INFO - 25/10/31 09:19:13 INFO SparkContext: Added JAR file:///home/***/.ivy2/jars/org.apache.hadoop_hadoop-client-runtime-3.3.4.jar at spark://cf6042098ac0:40555/jars/org.apache.hadoop_hadoop-client-runtime-3.3.4.jar with timestamp 1761877153156
[2025-10-31T09:19:13.778+0700] {subprocess.py:93} INFO - 25/10/31 09:19:13 INFO SparkContext: Added JAR file:///home/***/.ivy2/jars/org.lz4_lz4-java-1.8.0.jar at spark://cf6042098ac0:40555/jars/org.lz4_lz4-java-1.8.0.jar with timestamp 1761877153156
[2025-10-31T09:19:13.778+0700] {subprocess.py:93} INFO - 25/10/31 09:19:13 INFO SparkContext: Added JAR file:///home/***/.ivy2/jars/org.xerial.snappy_snappy-java-1.1.10.3.jar at spark://cf6042098ac0:40555/jars/org.xerial.snappy_snappy-java-1.1.10.3.jar with timestamp 1761877153156
[2025-10-31T09:19:13.778+0700] {subprocess.py:93} INFO - 25/10/31 09:19:13 INFO SparkContext: Added JAR file:///home/***/.ivy2/jars/org.slf4j_slf4j-api-2.0.7.jar at spark://cf6042098ac0:40555/jars/org.slf4j_slf4j-api-2.0.7.jar with timestamp 1761877153156
[2025-10-31T09:19:13.778+0700] {subprocess.py:93} INFO - 25/10/31 09:19:13 INFO SparkContext: Added JAR file:///home/***/.ivy2/jars/org.apache.hadoop_hadoop-client-api-3.3.4.jar at spark://cf6042098ac0:40555/jars/org.apache.hadoop_hadoop-client-api-3.3.4.jar with timestamp 1761877153156
[2025-10-31T09:19:13.778+0700] {subprocess.py:93} INFO - 25/10/31 09:19:13 INFO SparkContext: Added JAR file:///home/***/.ivy2/jars/commons-logging_commons-logging-1.1.3.jar at spark://cf6042098ac0:40555/jars/commons-logging_commons-logging-1.1.3.jar with timestamp 1761877153156
[2025-10-31T09:19:13.778+0700] {subprocess.py:93} INFO - 25/10/31 09:19:13 INFO SparkContext: Added JAR file:///home/***/.ivy2/jars/org.checkerframework_checker-qual-3.31.0.jar at spark://cf6042098ac0:40555/jars/org.checkerframework_checker-qual-3.31.0.jar with timestamp 1761877153156
[2025-10-31T09:19:13.779+0700] {subprocess.py:93} INFO - 25/10/31 09:19:13 INFO SparkContext: Added file file:///home/***/.ivy2/jars/org.apache.spark_spark-sql-kafka-0-10_2.12-3.5.1.jar at file:///home/***/.ivy2/jars/org.apache.spark_spark-sql-kafka-0-10_2.12-3.5.1.jar with timestamp 1761877153156
[2025-10-31T09:19:13.780+0700] {subprocess.py:93} INFO - 25/10/31 09:19:13 INFO Utils: Copying /home/***/.ivy2/jars/org.apache.spark_spark-sql-kafka-0-10_2.12-3.5.1.jar to /tmp/spark-d6baed95-8376-4c2d-8935-7f1358d3b4f1/userFiles-4b255fc5-2136-4efc-9722-bc49c2af8fa4/org.apache.spark_spark-sql-kafka-0-10_2.12-3.5.1.jar
[2025-10-31T09:19:13.792+0700] {subprocess.py:93} INFO - 25/10/31 09:19:13 INFO SparkContext: Added file file:///home/***/.ivy2/jars/org.postgresql_postgresql-42.6.0.jar at file:///home/***/.ivy2/jars/org.postgresql_postgresql-42.6.0.jar with timestamp 1761877153156
[2025-10-31T09:19:13.792+0700] {subprocess.py:93} INFO - 25/10/31 09:19:13 INFO Utils: Copying /home/***/.ivy2/jars/org.postgresql_postgresql-42.6.0.jar to /tmp/spark-d6baed95-8376-4c2d-8935-7f1358d3b4f1/userFiles-4b255fc5-2136-4efc-9722-bc49c2af8fa4/org.postgresql_postgresql-42.6.0.jar
[2025-10-31T09:19:13.799+0700] {subprocess.py:93} INFO - 25/10/31 09:19:13 INFO SparkContext: Added file file:///home/***/.ivy2/jars/org.apache.spark_spark-token-provider-kafka-0-10_2.12-3.5.1.jar at file:///home/***/.ivy2/jars/org.apache.spark_spark-token-provider-kafka-0-10_2.12-3.5.1.jar with timestamp 1761877153156
[2025-10-31T09:19:13.799+0700] {subprocess.py:93} INFO - 25/10/31 09:19:13 INFO Utils: Copying /home/***/.ivy2/jars/org.apache.spark_spark-token-provider-kafka-0-10_2.12-3.5.1.jar to /tmp/spark-d6baed95-8376-4c2d-8935-7f1358d3b4f1/userFiles-4b255fc5-2136-4efc-9722-bc49c2af8fa4/org.apache.spark_spark-token-provider-kafka-0-10_2.12-3.5.1.jar
[2025-10-31T09:19:13.804+0700] {subprocess.py:93} INFO - 25/10/31 09:19:13 INFO SparkContext: Added file file:///home/***/.ivy2/jars/org.apache.kafka_kafka-clients-3.4.1.jar at file:///home/***/.ivy2/jars/org.apache.kafka_kafka-clients-3.4.1.jar with timestamp 1761877153156
[2025-10-31T09:19:13.804+0700] {subprocess.py:93} INFO - 25/10/31 09:19:13 INFO Utils: Copying /home/***/.ivy2/jars/org.apache.kafka_kafka-clients-3.4.1.jar to /tmp/spark-d6baed95-8376-4c2d-8935-7f1358d3b4f1/userFiles-4b255fc5-2136-4efc-9722-bc49c2af8fa4/org.apache.kafka_kafka-clients-3.4.1.jar
[2025-10-31T09:19:13.820+0700] {subprocess.py:93} INFO - 25/10/31 09:19:13 INFO SparkContext: Added file file:///home/***/.ivy2/jars/com.google.code.findbugs_jsr305-3.0.0.jar at file:///home/***/.ivy2/jars/com.google.code.findbugs_jsr305-3.0.0.jar with timestamp 1761877153156
[2025-10-31T09:19:13.820+0700] {subprocess.py:93} INFO - 25/10/31 09:19:13 INFO Utils: Copying /home/***/.ivy2/jars/com.google.code.findbugs_jsr305-3.0.0.jar to /tmp/spark-d6baed95-8376-4c2d-8935-7f1358d3b4f1/userFiles-4b255fc5-2136-4efc-9722-bc49c2af8fa4/com.google.code.findbugs_jsr305-3.0.0.jar
[2025-10-31T09:19:13.824+0700] {subprocess.py:93} INFO - 25/10/31 09:19:13 INFO SparkContext: Added file file:///home/***/.ivy2/jars/org.apache.commons_commons-pool2-2.11.1.jar at file:///home/***/.ivy2/jars/org.apache.commons_commons-pool2-2.11.1.jar with timestamp 1761877153156
[2025-10-31T09:19:13.824+0700] {subprocess.py:93} INFO - 25/10/31 09:19:13 INFO Utils: Copying /home/***/.ivy2/jars/org.apache.commons_commons-pool2-2.11.1.jar to /tmp/spark-d6baed95-8376-4c2d-8935-7f1358d3b4f1/userFiles-4b255fc5-2136-4efc-9722-bc49c2af8fa4/org.apache.commons_commons-pool2-2.11.1.jar
[2025-10-31T09:19:13.828+0700] {subprocess.py:93} INFO - 25/10/31 09:19:13 INFO SparkContext: Added file file:///home/***/.ivy2/jars/org.apache.hadoop_hadoop-client-runtime-3.3.4.jar at file:///home/***/.ivy2/jars/org.apache.hadoop_hadoop-client-runtime-3.3.4.jar with timestamp 1761877153156
[2025-10-31T09:19:13.828+0700] {subprocess.py:93} INFO - 25/10/31 09:19:13 INFO Utils: Copying /home/***/.ivy2/jars/org.apache.hadoop_hadoop-client-runtime-3.3.4.jar to /tmp/spark-d6baed95-8376-4c2d-8935-7f1358d3b4f1/userFiles-4b255fc5-2136-4efc-9722-bc49c2af8fa4/org.apache.hadoop_hadoop-client-runtime-3.3.4.jar
[2025-10-31T09:19:13.894+0700] {subprocess.py:93} INFO - 25/10/31 09:19:13 INFO SparkContext: Added file file:///home/***/.ivy2/jars/org.lz4_lz4-java-1.8.0.jar at file:///home/***/.ivy2/jars/org.lz4_lz4-java-1.8.0.jar with timestamp 1761877153156
[2025-10-31T09:19:13.894+0700] {subprocess.py:93} INFO - 25/10/31 09:19:13 INFO Utils: Copying /home/***/.ivy2/jars/org.lz4_lz4-java-1.8.0.jar to /tmp/spark-d6baed95-8376-4c2d-8935-7f1358d3b4f1/userFiles-4b255fc5-2136-4efc-9722-bc49c2af8fa4/org.lz4_lz4-java-1.8.0.jar
[2025-10-31T09:19:13.900+0700] {subprocess.py:93} INFO - 25/10/31 09:19:13 INFO SparkContext: Added file file:///home/***/.ivy2/jars/org.xerial.snappy_snappy-java-1.1.10.3.jar at file:///home/***/.ivy2/jars/org.xerial.snappy_snappy-java-1.1.10.3.jar with timestamp 1761877153156
[2025-10-31T09:19:13.901+0700] {subprocess.py:93} INFO - 25/10/31 09:19:13 INFO Utils: Copying /home/***/.ivy2/jars/org.xerial.snappy_snappy-java-1.1.10.3.jar to /tmp/spark-d6baed95-8376-4c2d-8935-7f1358d3b4f1/userFiles-4b255fc5-2136-4efc-9722-bc49c2af8fa4/org.xerial.snappy_snappy-java-1.1.10.3.jar
[2025-10-31T09:19:13.909+0700] {subprocess.py:93} INFO - 25/10/31 09:19:13 INFO SparkContext: Added file file:///home/***/.ivy2/jars/org.slf4j_slf4j-api-2.0.7.jar at file:///home/***/.ivy2/jars/org.slf4j_slf4j-api-2.0.7.jar with timestamp 1761877153156
[2025-10-31T09:19:13.909+0700] {subprocess.py:93} INFO - 25/10/31 09:19:13 INFO Utils: Copying /home/***/.ivy2/jars/org.slf4j_slf4j-api-2.0.7.jar to /tmp/spark-d6baed95-8376-4c2d-8935-7f1358d3b4f1/userFiles-4b255fc5-2136-4efc-9722-bc49c2af8fa4/org.slf4j_slf4j-api-2.0.7.jar
[2025-10-31T09:19:13.912+0700] {subprocess.py:93} INFO - 25/10/31 09:19:13 INFO SparkContext: Added file file:///home/***/.ivy2/jars/org.apache.hadoop_hadoop-client-api-3.3.4.jar at file:///home/***/.ivy2/jars/org.apache.hadoop_hadoop-client-api-3.3.4.jar with timestamp 1761877153156
[2025-10-31T09:19:13.913+0700] {subprocess.py:93} INFO - 25/10/31 09:19:13 INFO Utils: Copying /home/***/.ivy2/jars/org.apache.hadoop_hadoop-client-api-3.3.4.jar to /tmp/spark-d6baed95-8376-4c2d-8935-7f1358d3b4f1/userFiles-4b255fc5-2136-4efc-9722-bc49c2af8fa4/org.apache.hadoop_hadoop-client-api-3.3.4.jar
[2025-10-31T09:19:13.954+0700] {subprocess.py:93} INFO - 25/10/31 09:19:13 INFO SparkContext: Added file file:///home/***/.ivy2/jars/commons-logging_commons-logging-1.1.3.jar at file:///home/***/.ivy2/jars/commons-logging_commons-logging-1.1.3.jar with timestamp 1761877153156
[2025-10-31T09:19:13.955+0700] {subprocess.py:93} INFO - 25/10/31 09:19:13 INFO Utils: Copying /home/***/.ivy2/jars/commons-logging_commons-logging-1.1.3.jar to /tmp/spark-d6baed95-8376-4c2d-8935-7f1358d3b4f1/userFiles-4b255fc5-2136-4efc-9722-bc49c2af8fa4/commons-logging_commons-logging-1.1.3.jar
[2025-10-31T09:19:13.958+0700] {subprocess.py:93} INFO - 25/10/31 09:19:13 INFO SparkContext: Added file file:///home/***/.ivy2/jars/org.checkerframework_checker-qual-3.31.0.jar at file:///home/***/.ivy2/jars/org.checkerframework_checker-qual-3.31.0.jar with timestamp 1761877153156
[2025-10-31T09:19:13.958+0700] {subprocess.py:93} INFO - 25/10/31 09:19:13 INFO Utils: Copying /home/***/.ivy2/jars/org.checkerframework_checker-qual-3.31.0.jar to /tmp/spark-d6baed95-8376-4c2d-8935-7f1358d3b4f1/userFiles-4b255fc5-2136-4efc-9722-bc49c2af8fa4/org.checkerframework_checker-qual-3.31.0.jar
[2025-10-31T09:19:14.005+0700] {subprocess.py:93} INFO - 25/10/31 09:19:14 INFO Executor: Starting executor ID driver on host cf6042098ac0
[2025-10-31T09:19:14.006+0700] {subprocess.py:93} INFO - 25/10/31 09:19:14 INFO Executor: OS info Linux, 6.14.0-33-generic, amd64
[2025-10-31T09:19:14.006+0700] {subprocess.py:93} INFO - 25/10/31 09:19:14 INFO Executor: Java version 17.0.17
[2025-10-31T09:19:14.011+0700] {subprocess.py:93} INFO - 25/10/31 09:19:14 INFO Executor: Starting executor with user classpath (userClassPathFirst = false): ''
[2025-10-31T09:19:14.011+0700] {subprocess.py:93} INFO - 25/10/31 09:19:14 INFO Executor: Created or updated repl class loader org.apache.spark.util.MutableURLClassLoader@2ad4931 for default.
[2025-10-31T09:19:14.020+0700] {subprocess.py:93} INFO - 25/10/31 09:19:14 INFO Executor: Fetching file:///home/***/.ivy2/jars/org.apache.spark_spark-sql-kafka-0-10_2.12-3.5.1.jar with timestamp 1761877153156
[2025-10-31T09:19:14.041+0700] {subprocess.py:93} INFO - 25/10/31 09:19:14 INFO Utils: /home/***/.ivy2/jars/org.apache.spark_spark-sql-kafka-0-10_2.12-3.5.1.jar has been previously copied to /tmp/spark-d6baed95-8376-4c2d-8935-7f1358d3b4f1/userFiles-4b255fc5-2136-4efc-9722-bc49c2af8fa4/org.apache.spark_spark-sql-kafka-0-10_2.12-3.5.1.jar
[2025-10-31T09:19:14.045+0700] {subprocess.py:93} INFO - 25/10/31 09:19:14 INFO Executor: Fetching file:///home/***/.ivy2/jars/org.apache.hadoop_hadoop-client-runtime-3.3.4.jar with timestamp 1761877153156
[2025-10-31T09:19:14.065+0700] {subprocess.py:93} INFO - 25/10/31 09:19:14 INFO Utils: /home/***/.ivy2/jars/org.apache.hadoop_hadoop-client-runtime-3.3.4.jar has been previously copied to /tmp/spark-d6baed95-8376-4c2d-8935-7f1358d3b4f1/userFiles-4b255fc5-2136-4efc-9722-bc49c2af8fa4/org.apache.hadoop_hadoop-client-runtime-3.3.4.jar
[2025-10-31T09:19:14.068+0700] {subprocess.py:93} INFO - 25/10/31 09:19:14 INFO Executor: Fetching file:///home/***/.ivy2/jars/org.apache.hadoop_hadoop-client-api-3.3.4.jar with timestamp 1761877153156
[2025-10-31T09:19:14.084+0700] {subprocess.py:93} INFO - 25/10/31 09:19:14 INFO Utils: /home/***/.ivy2/jars/org.apache.hadoop_hadoop-client-api-3.3.4.jar has been previously copied to /tmp/spark-d6baed95-8376-4c2d-8935-7f1358d3b4f1/userFiles-4b255fc5-2136-4efc-9722-bc49c2af8fa4/org.apache.hadoop_hadoop-client-api-3.3.4.jar
[2025-10-31T09:19:14.090+0700] {subprocess.py:93} INFO - 25/10/31 09:19:14 INFO Executor: Fetching file:///home/***/.ivy2/jars/org.apache.spark_spark-token-provider-kafka-0-10_2.12-3.5.1.jar with timestamp 1761877153156
[2025-10-31T09:19:14.090+0700] {subprocess.py:93} INFO - 25/10/31 09:19:14 INFO Utils: /home/***/.ivy2/jars/org.apache.spark_spark-token-provider-kafka-0-10_2.12-3.5.1.jar has been previously copied to /tmp/spark-d6baed95-8376-4c2d-8935-7f1358d3b4f1/userFiles-4b255fc5-2136-4efc-9722-bc49c2af8fa4/org.apache.spark_spark-token-provider-kafka-0-10_2.12-3.5.1.jar
[2025-10-31T09:19:14.093+0700] {subprocess.py:93} INFO - 25/10/31 09:19:14 INFO Executor: Fetching file:///home/***/.ivy2/jars/com.google.code.findbugs_jsr305-3.0.0.jar with timestamp 1761877153156
[2025-10-31T09:19:14.093+0700] {subprocess.py:93} INFO - 25/10/31 09:19:14 INFO Utils: /home/***/.ivy2/jars/com.google.code.findbugs_jsr305-3.0.0.jar has been previously copied to /tmp/spark-d6baed95-8376-4c2d-8935-7f1358d3b4f1/userFiles-4b255fc5-2136-4efc-9722-bc49c2af8fa4/com.google.code.findbugs_jsr305-3.0.0.jar
[2025-10-31T09:19:14.096+0700] {subprocess.py:93} INFO - 25/10/31 09:19:14 INFO Executor: Fetching file:///home/***/.ivy2/jars/org.lz4_lz4-java-1.8.0.jar with timestamp 1761877153156
[2025-10-31T09:19:14.097+0700] {subprocess.py:93} INFO - 25/10/31 09:19:14 INFO Utils: /home/***/.ivy2/jars/org.lz4_lz4-java-1.8.0.jar has been previously copied to /tmp/spark-d6baed95-8376-4c2d-8935-7f1358d3b4f1/userFiles-4b255fc5-2136-4efc-9722-bc49c2af8fa4/org.lz4_lz4-java-1.8.0.jar
[2025-10-31T09:19:14.100+0700] {subprocess.py:93} INFO - 25/10/31 09:19:14 INFO Executor: Fetching file:///home/***/.ivy2/jars/org.slf4j_slf4j-api-2.0.7.jar with timestamp 1761877153156
[2025-10-31T09:19:14.100+0700] {subprocess.py:93} INFO - 25/10/31 09:19:14 INFO Utils: /home/***/.ivy2/jars/org.slf4j_slf4j-api-2.0.7.jar has been previously copied to /tmp/spark-d6baed95-8376-4c2d-8935-7f1358d3b4f1/userFiles-4b255fc5-2136-4efc-9722-bc49c2af8fa4/org.slf4j_slf4j-api-2.0.7.jar
[2025-10-31T09:19:14.103+0700] {subprocess.py:93} INFO - 25/10/31 09:19:14 INFO Executor: Fetching file:///home/***/.ivy2/jars/org.checkerframework_checker-qual-3.31.0.jar with timestamp 1761877153156
[2025-10-31T09:19:14.104+0700] {subprocess.py:93} INFO - 25/10/31 09:19:14 INFO Utils: /home/***/.ivy2/jars/org.checkerframework_checker-qual-3.31.0.jar has been previously copied to /tmp/spark-d6baed95-8376-4c2d-8935-7f1358d3b4f1/userFiles-4b255fc5-2136-4efc-9722-bc49c2af8fa4/org.checkerframework_checker-qual-3.31.0.jar
[2025-10-31T09:19:14.107+0700] {subprocess.py:93} INFO - 25/10/31 09:19:14 INFO Executor: Fetching file:///home/***/.ivy2/jars/org.apache.commons_commons-pool2-2.11.1.jar with timestamp 1761877153156
[2025-10-31T09:19:14.107+0700] {subprocess.py:93} INFO - 25/10/31 09:19:14 INFO Utils: /home/***/.ivy2/jars/org.apache.commons_commons-pool2-2.11.1.jar has been previously copied to /tmp/spark-d6baed95-8376-4c2d-8935-7f1358d3b4f1/userFiles-4b255fc5-2136-4efc-9722-bc49c2af8fa4/org.apache.commons_commons-pool2-2.11.1.jar
[2025-10-31T09:19:14.110+0700] {subprocess.py:93} INFO - 25/10/31 09:19:14 INFO Executor: Fetching file:///home/***/.ivy2/jars/commons-logging_commons-logging-1.1.3.jar with timestamp 1761877153156
[2025-10-31T09:19:14.110+0700] {subprocess.py:93} INFO - 25/10/31 09:19:14 INFO Utils: /home/***/.ivy2/jars/commons-logging_commons-logging-1.1.3.jar has been previously copied to /tmp/spark-d6baed95-8376-4c2d-8935-7f1358d3b4f1/userFiles-4b255fc5-2136-4efc-9722-bc49c2af8fa4/commons-logging_commons-logging-1.1.3.jar
[2025-10-31T09:19:14.112+0700] {subprocess.py:93} INFO - 25/10/31 09:19:14 INFO Executor: Fetching file:///home/***/.ivy2/jars/org.xerial.snappy_snappy-java-1.1.10.3.jar with timestamp 1761877153156
[2025-10-31T09:19:14.114+0700] {subprocess.py:93} INFO - 25/10/31 09:19:14 INFO Utils: /home/***/.ivy2/jars/org.xerial.snappy_snappy-java-1.1.10.3.jar has been previously copied to /tmp/spark-d6baed95-8376-4c2d-8935-7f1358d3b4f1/userFiles-4b255fc5-2136-4efc-9722-bc49c2af8fa4/org.xerial.snappy_snappy-java-1.1.10.3.jar
[2025-10-31T09:19:14.116+0700] {subprocess.py:93} INFO - 25/10/31 09:19:14 INFO Executor: Fetching file:///home/***/.ivy2/jars/org.postgresql_postgresql-42.6.0.jar with timestamp 1761877153156
[2025-10-31T09:19:14.117+0700] {subprocess.py:93} INFO - 25/10/31 09:19:14 INFO Utils: /home/***/.ivy2/jars/org.postgresql_postgresql-42.6.0.jar has been previously copied to /tmp/spark-d6baed95-8376-4c2d-8935-7f1358d3b4f1/userFiles-4b255fc5-2136-4efc-9722-bc49c2af8fa4/org.postgresql_postgresql-42.6.0.jar
[2025-10-31T09:19:14.119+0700] {subprocess.py:93} INFO - 25/10/31 09:19:14 INFO Executor: Fetching file:///home/***/.ivy2/jars/org.apache.kafka_kafka-clients-3.4.1.jar with timestamp 1761877153156
[2025-10-31T09:19:14.122+0700] {subprocess.py:93} INFO - 25/10/31 09:19:14 INFO Utils: /home/***/.ivy2/jars/org.apache.kafka_kafka-clients-3.4.1.jar has been previously copied to /tmp/spark-d6baed95-8376-4c2d-8935-7f1358d3b4f1/userFiles-4b255fc5-2136-4efc-9722-bc49c2af8fa4/org.apache.kafka_kafka-clients-3.4.1.jar
[2025-10-31T09:19:14.126+0700] {subprocess.py:93} INFO - 25/10/31 09:19:14 INFO Executor: Fetching spark://cf6042098ac0:40555/jars/org.apache.kafka_kafka-clients-3.4.1.jar with timestamp 1761877153156
[2025-10-31T09:19:14.148+0700] {subprocess.py:93} INFO - 25/10/31 09:19:14 INFO TransportClientFactory: Successfully created connection to cf6042098ac0/172.18.0.9:40555 after 15 ms (0 ms spent in bootstraps)
[2025-10-31T09:19:14.151+0700] {subprocess.py:93} INFO - 25/10/31 09:19:14 INFO Utils: Fetching spark://cf6042098ac0:40555/jars/org.apache.kafka_kafka-clients-3.4.1.jar to /tmp/spark-d6baed95-8376-4c2d-8935-7f1358d3b4f1/userFiles-4b255fc5-2136-4efc-9722-bc49c2af8fa4/fetchFileTemp9364091050632428383.tmp
[2025-10-31T09:19:14.252+0700] {subprocess.py:93} INFO - 25/10/31 09:19:14 INFO Utils: /tmp/spark-d6baed95-8376-4c2d-8935-7f1358d3b4f1/userFiles-4b255fc5-2136-4efc-9722-bc49c2af8fa4/fetchFileTemp9364091050632428383.tmp has been previously copied to /tmp/spark-d6baed95-8376-4c2d-8935-7f1358d3b4f1/userFiles-4b255fc5-2136-4efc-9722-bc49c2af8fa4/org.apache.kafka_kafka-clients-3.4.1.jar
[2025-10-31T09:19:14.256+0700] {subprocess.py:93} INFO - 25/10/31 09:19:14 INFO Executor: Adding file:/tmp/spark-d6baed95-8376-4c2d-8935-7f1358d3b4f1/userFiles-4b255fc5-2136-4efc-9722-bc49c2af8fa4/org.apache.kafka_kafka-clients-3.4.1.jar to class loader default
[2025-10-31T09:19:14.256+0700] {subprocess.py:93} INFO - 25/10/31 09:19:14 INFO Executor: Fetching spark://cf6042098ac0:40555/jars/com.google.code.findbugs_jsr305-3.0.0.jar with timestamp 1761877153156
[2025-10-31T09:19:14.256+0700] {subprocess.py:93} INFO - 25/10/31 09:19:14 INFO Utils: Fetching spark://cf6042098ac0:40555/jars/com.google.code.findbugs_jsr305-3.0.0.jar to /tmp/spark-d6baed95-8376-4c2d-8935-7f1358d3b4f1/userFiles-4b255fc5-2136-4efc-9722-bc49c2af8fa4/fetchFileTemp16255080556122601900.tmp
[2025-10-31T09:19:14.257+0700] {subprocess.py:93} INFO - 25/10/31 09:19:14 INFO Utils: /tmp/spark-d6baed95-8376-4c2d-8935-7f1358d3b4f1/userFiles-4b255fc5-2136-4efc-9722-bc49c2af8fa4/fetchFileTemp16255080556122601900.tmp has been previously copied to /tmp/spark-d6baed95-8376-4c2d-8935-7f1358d3b4f1/userFiles-4b255fc5-2136-4efc-9722-bc49c2af8fa4/com.google.code.findbugs_jsr305-3.0.0.jar
[2025-10-31T09:19:14.260+0700] {subprocess.py:93} INFO - 25/10/31 09:19:14 INFO Executor: Adding file:/tmp/spark-d6baed95-8376-4c2d-8935-7f1358d3b4f1/userFiles-4b255fc5-2136-4efc-9722-bc49c2af8fa4/com.google.code.findbugs_jsr305-3.0.0.jar to class loader default
[2025-10-31T09:19:14.260+0700] {subprocess.py:93} INFO - 25/10/31 09:19:14 INFO Executor: Fetching spark://cf6042098ac0:40555/jars/org.checkerframework_checker-qual-3.31.0.jar with timestamp 1761877153156
[2025-10-31T09:19:14.260+0700] {subprocess.py:93} INFO - 25/10/31 09:19:14 INFO Utils: Fetching spark://cf6042098ac0:40555/jars/org.checkerframework_checker-qual-3.31.0.jar to /tmp/spark-d6baed95-8376-4c2d-8935-7f1358d3b4f1/userFiles-4b255fc5-2136-4efc-9722-bc49c2af8fa4/fetchFileTemp16390637418464667033.tmp
[2025-10-31T09:19:14.261+0700] {subprocess.py:93} INFO - 25/10/31 09:19:14 INFO Utils: /tmp/spark-d6baed95-8376-4c2d-8935-7f1358d3b4f1/userFiles-4b255fc5-2136-4efc-9722-bc49c2af8fa4/fetchFileTemp16390637418464667033.tmp has been previously copied to /tmp/spark-d6baed95-8376-4c2d-8935-7f1358d3b4f1/userFiles-4b255fc5-2136-4efc-9722-bc49c2af8fa4/org.checkerframework_checker-qual-3.31.0.jar
[2025-10-31T09:19:14.264+0700] {subprocess.py:93} INFO - 25/10/31 09:19:14 INFO Executor: Adding file:/tmp/spark-d6baed95-8376-4c2d-8935-7f1358d3b4f1/userFiles-4b255fc5-2136-4efc-9722-bc49c2af8fa4/org.checkerframework_checker-qual-3.31.0.jar to class loader default
[2025-10-31T09:19:14.264+0700] {subprocess.py:93} INFO - 25/10/31 09:19:14 INFO Executor: Fetching spark://cf6042098ac0:40555/jars/org.slf4j_slf4j-api-2.0.7.jar with timestamp 1761877153156
[2025-10-31T09:19:14.265+0700] {subprocess.py:93} INFO - 25/10/31 09:19:14 INFO Utils: Fetching spark://cf6042098ac0:40555/jars/org.slf4j_slf4j-api-2.0.7.jar to /tmp/spark-d6baed95-8376-4c2d-8935-7f1358d3b4f1/userFiles-4b255fc5-2136-4efc-9722-bc49c2af8fa4/fetchFileTemp7639802117854686949.tmp
[2025-10-31T09:19:14.265+0700] {subprocess.py:93} INFO - 25/10/31 09:19:14 INFO Utils: /tmp/spark-d6baed95-8376-4c2d-8935-7f1358d3b4f1/userFiles-4b255fc5-2136-4efc-9722-bc49c2af8fa4/fetchFileTemp7639802117854686949.tmp has been previously copied to /tmp/spark-d6baed95-8376-4c2d-8935-7f1358d3b4f1/userFiles-4b255fc5-2136-4efc-9722-bc49c2af8fa4/org.slf4j_slf4j-api-2.0.7.jar
[2025-10-31T09:19:14.268+0700] {subprocess.py:93} INFO - 25/10/31 09:19:14 INFO Executor: Adding file:/tmp/spark-d6baed95-8376-4c2d-8935-7f1358d3b4f1/userFiles-4b255fc5-2136-4efc-9722-bc49c2af8fa4/org.slf4j_slf4j-api-2.0.7.jar to class loader default
[2025-10-31T09:19:14.268+0700] {subprocess.py:93} INFO - 25/10/31 09:19:14 INFO Executor: Fetching spark://cf6042098ac0:40555/jars/org.xerial.snappy_snappy-java-1.1.10.3.jar with timestamp 1761877153156
[2025-10-31T09:19:14.268+0700] {subprocess.py:93} INFO - 25/10/31 09:19:14 INFO Utils: Fetching spark://cf6042098ac0:40555/jars/org.xerial.snappy_snappy-java-1.1.10.3.jar to /tmp/spark-d6baed95-8376-4c2d-8935-7f1358d3b4f1/userFiles-4b255fc5-2136-4efc-9722-bc49c2af8fa4/fetchFileTemp5412925769757313584.tmp
[2025-10-31T09:19:14.273+0700] {subprocess.py:93} INFO - 25/10/31 09:19:14 INFO Utils: /tmp/spark-d6baed95-8376-4c2d-8935-7f1358d3b4f1/userFiles-4b255fc5-2136-4efc-9722-bc49c2af8fa4/fetchFileTemp5412925769757313584.tmp has been previously copied to /tmp/spark-d6baed95-8376-4c2d-8935-7f1358d3b4f1/userFiles-4b255fc5-2136-4efc-9722-bc49c2af8fa4/org.xerial.snappy_snappy-java-1.1.10.3.jar
[2025-10-31T09:19:14.278+0700] {subprocess.py:93} INFO - 25/10/31 09:19:14 INFO Executor: Adding file:/tmp/spark-d6baed95-8376-4c2d-8935-7f1358d3b4f1/userFiles-4b255fc5-2136-4efc-9722-bc49c2af8fa4/org.xerial.snappy_snappy-java-1.1.10.3.jar to class loader default
[2025-10-31T09:19:14.279+0700] {subprocess.py:93} INFO - 25/10/31 09:19:14 INFO Executor: Fetching spark://cf6042098ac0:40555/jars/org.apache.spark_spark-token-provider-kafka-0-10_2.12-3.5.1.jar with timestamp 1761877153156
[2025-10-31T09:19:14.279+0700] {subprocess.py:93} INFO - 25/10/31 09:19:14 INFO Utils: Fetching spark://cf6042098ac0:40555/jars/org.apache.spark_spark-token-provider-kafka-0-10_2.12-3.5.1.jar to /tmp/spark-d6baed95-8376-4c2d-8935-7f1358d3b4f1/userFiles-4b255fc5-2136-4efc-9722-bc49c2af8fa4/fetchFileTemp220318793609844502.tmp
[2025-10-31T09:19:14.280+0700] {subprocess.py:93} INFO - 25/10/31 09:19:14 INFO Utils: /tmp/spark-d6baed95-8376-4c2d-8935-7f1358d3b4f1/userFiles-4b255fc5-2136-4efc-9722-bc49c2af8fa4/fetchFileTemp220318793609844502.tmp has been previously copied to /tmp/spark-d6baed95-8376-4c2d-8935-7f1358d3b4f1/userFiles-4b255fc5-2136-4efc-9722-bc49c2af8fa4/org.apache.spark_spark-token-provider-kafka-0-10_2.12-3.5.1.jar
[2025-10-31T09:19:14.282+0700] {subprocess.py:93} INFO - 25/10/31 09:19:14 INFO Executor: Adding file:/tmp/spark-d6baed95-8376-4c2d-8935-7f1358d3b4f1/userFiles-4b255fc5-2136-4efc-9722-bc49c2af8fa4/org.apache.spark_spark-token-provider-kafka-0-10_2.12-3.5.1.jar to class loader default
[2025-10-31T09:19:14.282+0700] {subprocess.py:93} INFO - 25/10/31 09:19:14 INFO Executor: Fetching spark://cf6042098ac0:40555/jars/org.lz4_lz4-java-1.8.0.jar with timestamp 1761877153156
[2025-10-31T09:19:14.283+0700] {subprocess.py:93} INFO - 25/10/31 09:19:14 INFO Utils: Fetching spark://cf6042098ac0:40555/jars/org.lz4_lz4-java-1.8.0.jar to /tmp/spark-d6baed95-8376-4c2d-8935-7f1358d3b4f1/userFiles-4b255fc5-2136-4efc-9722-bc49c2af8fa4/fetchFileTemp7321215460232616319.tmp
[2025-10-31T09:19:14.284+0700] {subprocess.py:93} INFO - 25/10/31 09:19:14 INFO Utils: /tmp/spark-d6baed95-8376-4c2d-8935-7f1358d3b4f1/userFiles-4b255fc5-2136-4efc-9722-bc49c2af8fa4/fetchFileTemp7321215460232616319.tmp has been previously copied to /tmp/spark-d6baed95-8376-4c2d-8935-7f1358d3b4f1/userFiles-4b255fc5-2136-4efc-9722-bc49c2af8fa4/org.lz4_lz4-java-1.8.0.jar
[2025-10-31T09:19:14.288+0700] {subprocess.py:93} INFO - 25/10/31 09:19:14 INFO Executor: Adding file:/tmp/spark-d6baed95-8376-4c2d-8935-7f1358d3b4f1/userFiles-4b255fc5-2136-4efc-9722-bc49c2af8fa4/org.lz4_lz4-java-1.8.0.jar to class loader default
[2025-10-31T09:19:14.288+0700] {subprocess.py:93} INFO - 25/10/31 09:19:14 INFO Executor: Fetching spark://cf6042098ac0:40555/jars/org.apache.hadoop_hadoop-client-api-3.3.4.jar with timestamp 1761877153156
[2025-10-31T09:19:14.288+0700] {subprocess.py:93} INFO - 25/10/31 09:19:14 INFO Utils: Fetching spark://cf6042098ac0:40555/jars/org.apache.hadoop_hadoop-client-api-3.3.4.jar to /tmp/spark-d6baed95-8376-4c2d-8935-7f1358d3b4f1/userFiles-4b255fc5-2136-4efc-9722-bc49c2af8fa4/fetchFileTemp10593935969789516293.tmp
[2025-10-31T09:19:14.347+0700] {subprocess.py:93} INFO - 25/10/31 09:19:14 INFO Utils: /tmp/spark-d6baed95-8376-4c2d-8935-7f1358d3b4f1/userFiles-4b255fc5-2136-4efc-9722-bc49c2af8fa4/fetchFileTemp10593935969789516293.tmp has been previously copied to /tmp/spark-d6baed95-8376-4c2d-8935-7f1358d3b4f1/userFiles-4b255fc5-2136-4efc-9722-bc49c2af8fa4/org.apache.hadoop_hadoop-client-api-3.3.4.jar
[2025-10-31T09:19:14.352+0700] {subprocess.py:93} INFO - 25/10/31 09:19:14 INFO Executor: Adding file:/tmp/spark-d6baed95-8376-4c2d-8935-7f1358d3b4f1/userFiles-4b255fc5-2136-4efc-9722-bc49c2af8fa4/org.apache.hadoop_hadoop-client-api-3.3.4.jar to class loader default
[2025-10-31T09:19:14.352+0700] {subprocess.py:93} INFO - 25/10/31 09:19:14 INFO Executor: Fetching spark://cf6042098ac0:40555/jars/org.apache.spark_spark-sql-kafka-0-10_2.12-3.5.1.jar with timestamp 1761877153156
[2025-10-31T09:19:14.353+0700] {subprocess.py:93} INFO - 25/10/31 09:19:14 INFO Utils: Fetching spark://cf6042098ac0:40555/jars/org.apache.spark_spark-sql-kafka-0-10_2.12-3.5.1.jar to /tmp/spark-d6baed95-8376-4c2d-8935-7f1358d3b4f1/userFiles-4b255fc5-2136-4efc-9722-bc49c2af8fa4/fetchFileTemp17662792927039680396.tmp
[2025-10-31T09:19:14.354+0700] {subprocess.py:93} INFO - 25/10/31 09:19:14 INFO Utils: /tmp/spark-d6baed95-8376-4c2d-8935-7f1358d3b4f1/userFiles-4b255fc5-2136-4efc-9722-bc49c2af8fa4/fetchFileTemp17662792927039680396.tmp has been previously copied to /tmp/spark-d6baed95-8376-4c2d-8935-7f1358d3b4f1/userFiles-4b255fc5-2136-4efc-9722-bc49c2af8fa4/org.apache.spark_spark-sql-kafka-0-10_2.12-3.5.1.jar
[2025-10-31T09:19:14.357+0700] {subprocess.py:93} INFO - 25/10/31 09:19:14 INFO Executor: Adding file:/tmp/spark-d6baed95-8376-4c2d-8935-7f1358d3b4f1/userFiles-4b255fc5-2136-4efc-9722-bc49c2af8fa4/org.apache.spark_spark-sql-kafka-0-10_2.12-3.5.1.jar to class loader default
[2025-10-31T09:19:14.357+0700] {subprocess.py:93} INFO - 25/10/31 09:19:14 INFO Executor: Fetching spark://cf6042098ac0:40555/jars/org.postgresql_postgresql-42.6.0.jar with timestamp 1761877153156
[2025-10-31T09:19:14.357+0700] {subprocess.py:93} INFO - 25/10/31 09:19:14 INFO Utils: Fetching spark://cf6042098ac0:40555/jars/org.postgresql_postgresql-42.6.0.jar to /tmp/spark-d6baed95-8376-4c2d-8935-7f1358d3b4f1/userFiles-4b255fc5-2136-4efc-9722-bc49c2af8fa4/fetchFileTemp15104913062940123202.tmp
[2025-10-31T09:19:14.359+0700] {subprocess.py:93} INFO - 25/10/31 09:19:14 INFO Utils: /tmp/spark-d6baed95-8376-4c2d-8935-7f1358d3b4f1/userFiles-4b255fc5-2136-4efc-9722-bc49c2af8fa4/fetchFileTemp15104913062940123202.tmp has been previously copied to /tmp/spark-d6baed95-8376-4c2d-8935-7f1358d3b4f1/userFiles-4b255fc5-2136-4efc-9722-bc49c2af8fa4/org.postgresql_postgresql-42.6.0.jar
[2025-10-31T09:19:14.363+0700] {subprocess.py:93} INFO - 25/10/31 09:19:14 INFO Executor: Adding file:/tmp/spark-d6baed95-8376-4c2d-8935-7f1358d3b4f1/userFiles-4b255fc5-2136-4efc-9722-bc49c2af8fa4/org.postgresql_postgresql-42.6.0.jar to class loader default
[2025-10-31T09:19:14.363+0700] {subprocess.py:93} INFO - 25/10/31 09:19:14 INFO Executor: Fetching spark://cf6042098ac0:40555/jars/org.apache.hadoop_hadoop-client-runtime-3.3.4.jar with timestamp 1761877153156
[2025-10-31T09:19:14.364+0700] {subprocess.py:93} INFO - 25/10/31 09:19:14 INFO Utils: Fetching spark://cf6042098ac0:40555/jars/org.apache.hadoop_hadoop-client-runtime-3.3.4.jar to /tmp/spark-d6baed95-8376-4c2d-8935-7f1358d3b4f1/userFiles-4b255fc5-2136-4efc-9722-bc49c2af8fa4/fetchFileTemp541799312463495781.tmp
[2025-10-31T09:19:14.469+0700] {subprocess.py:93} INFO - 25/10/31 09:19:14 INFO Utils: /tmp/spark-d6baed95-8376-4c2d-8935-7f1358d3b4f1/userFiles-4b255fc5-2136-4efc-9722-bc49c2af8fa4/fetchFileTemp541799312463495781.tmp has been previously copied to /tmp/spark-d6baed95-8376-4c2d-8935-7f1358d3b4f1/userFiles-4b255fc5-2136-4efc-9722-bc49c2af8fa4/org.apache.hadoop_hadoop-client-runtime-3.3.4.jar
[2025-10-31T09:19:14.474+0700] {subprocess.py:93} INFO - 25/10/31 09:19:14 INFO Executor: Adding file:/tmp/spark-d6baed95-8376-4c2d-8935-7f1358d3b4f1/userFiles-4b255fc5-2136-4efc-9722-bc49c2af8fa4/org.apache.hadoop_hadoop-client-runtime-3.3.4.jar to class loader default
[2025-10-31T09:19:14.475+0700] {subprocess.py:93} INFO - 25/10/31 09:19:14 INFO Executor: Fetching spark://cf6042098ac0:40555/jars/commons-logging_commons-logging-1.1.3.jar with timestamp 1761877153156
[2025-10-31T09:19:14.475+0700] {subprocess.py:93} INFO - 25/10/31 09:19:14 INFO Utils: Fetching spark://cf6042098ac0:40555/jars/commons-logging_commons-logging-1.1.3.jar to /tmp/spark-d6baed95-8376-4c2d-8935-7f1358d3b4f1/userFiles-4b255fc5-2136-4efc-9722-bc49c2af8fa4/fetchFileTemp4205435392145605309.tmp
[2025-10-31T09:19:14.476+0700] {subprocess.py:93} INFO - 25/10/31 09:19:14 INFO Utils: /tmp/spark-d6baed95-8376-4c2d-8935-7f1358d3b4f1/userFiles-4b255fc5-2136-4efc-9722-bc49c2af8fa4/fetchFileTemp4205435392145605309.tmp has been previously copied to /tmp/spark-d6baed95-8376-4c2d-8935-7f1358d3b4f1/userFiles-4b255fc5-2136-4efc-9722-bc49c2af8fa4/commons-logging_commons-logging-1.1.3.jar
[2025-10-31T09:19:14.479+0700] {subprocess.py:93} INFO - 25/10/31 09:19:14 INFO Executor: Adding file:/tmp/spark-d6baed95-8376-4c2d-8935-7f1358d3b4f1/userFiles-4b255fc5-2136-4efc-9722-bc49c2af8fa4/commons-logging_commons-logging-1.1.3.jar to class loader default
[2025-10-31T09:19:14.479+0700] {subprocess.py:93} INFO - 25/10/31 09:19:14 INFO Executor: Fetching spark://cf6042098ac0:40555/jars/org.apache.commons_commons-pool2-2.11.1.jar with timestamp 1761877153156
[2025-10-31T09:19:14.479+0700] {subprocess.py:93} INFO - 25/10/31 09:19:14 INFO Utils: Fetching spark://cf6042098ac0:40555/jars/org.apache.commons_commons-pool2-2.11.1.jar to /tmp/spark-d6baed95-8376-4c2d-8935-7f1358d3b4f1/userFiles-4b255fc5-2136-4efc-9722-bc49c2af8fa4/fetchFileTemp6529535521926721952.tmp
[2025-10-31T09:19:14.480+0700] {subprocess.py:93} INFO - 25/10/31 09:19:14 INFO Utils: /tmp/spark-d6baed95-8376-4c2d-8935-7f1358d3b4f1/userFiles-4b255fc5-2136-4efc-9722-bc49c2af8fa4/fetchFileTemp6529535521926721952.tmp has been previously copied to /tmp/spark-d6baed95-8376-4c2d-8935-7f1358d3b4f1/userFiles-4b255fc5-2136-4efc-9722-bc49c2af8fa4/org.apache.commons_commons-pool2-2.11.1.jar
[2025-10-31T09:19:14.483+0700] {subprocess.py:93} INFO - 25/10/31 09:19:14 INFO Executor: Adding file:/tmp/spark-d6baed95-8376-4c2d-8935-7f1358d3b4f1/userFiles-4b255fc5-2136-4efc-9722-bc49c2af8fa4/org.apache.commons_commons-pool2-2.11.1.jar to class loader default
[2025-10-31T09:19:14.489+0700] {subprocess.py:93} INFO - 25/10/31 09:19:14 INFO Utils: Successfully started service 'org.apache.spark.network.netty.NettyBlockTransferService' on port 40689.
[2025-10-31T09:19:14.489+0700] {subprocess.py:93} INFO - 25/10/31 09:19:14 INFO NettyBlockTransferService: Server created on cf6042098ac0:40689
[2025-10-31T09:19:14.490+0700] {subprocess.py:93} INFO - 25/10/31 09:19:14 INFO BlockManager: Using org.apache.spark.storage.RandomBlockReplicationPolicy for block replication policy
[2025-10-31T09:19:14.495+0700] {subprocess.py:93} INFO - 25/10/31 09:19:14 INFO BlockManagerMaster: Registering BlockManager BlockManagerId(driver, cf6042098ac0, 40689, None)
[2025-10-31T09:19:14.497+0700] {subprocess.py:93} INFO - 25/10/31 09:19:14 INFO BlockManagerMasterEndpoint: Registering block manager cf6042098ac0:40689 with 434.4 MiB RAM, BlockManagerId(driver, cf6042098ac0, 40689, None)
[2025-10-31T09:19:14.499+0700] {subprocess.py:93} INFO - 25/10/31 09:19:14 INFO BlockManagerMaster: Registered BlockManager BlockManagerId(driver, cf6042098ac0, 40689, None)
[2025-10-31T09:19:14.500+0700] {subprocess.py:93} INFO - 25/10/31 09:19:14 INFO BlockManager: Initialized BlockManager: BlockManagerId(driver, cf6042098ac0, 40689, None)
[2025-10-31T09:19:17.807+0700] {subprocess.py:93} INFO - 🚀 Streaming job started — đang lắng nghe dữ liệu từ Kafka...
[2025-10-31T09:19:20.057+0700] {subprocess.py:93} INFO - [Batch 0] ⚠️ Không có dữ liệu mới.
[2025-10-31T09:19:30.529+0700] {subprocess.py:93} INFO - [INFO] PostgreSQL rỗng — chưa có model retrain nào, dùng model mặc định.
[2025-10-31T09:19:30.529+0700] {subprocess.py:93} INFO - [INFO] 🔁 Dùng model mặc định: /opt/***/models/best_absa_hardshare.pt
[2025-10-31T09:19:36.445+0700] {subprocess.py:93} INFO - [INFO] PostgreSQL rỗng — chưa có model retrain nào, dùng model mặc định.
[2025-10-31T09:19:36.445+0700] {subprocess.py:93} INFO - [INFO] 🔁 Dùng model mặc định: /opt/***/models/best_absa_hardshare.pt
[2025-10-31T09:19:52.133+0700] {subprocess.py:93} INFO - [INFO] PostgreSQL rỗng — chưa có model retrain nào, dùng model mặc định.
[2025-10-31T09:19:52.134+0700] {subprocess.py:93} INFO - [INFO] 🔁 Dùng model mặc định: /opt/***/models/best_absa_hardshare.pt
[2025-10-31T09:19:52.502+0700] {subprocess.py:93} INFO - 25/10/31 09:19:52 ERROR Executor: Exception in task 0.0 in stage 4.0 (TID 3)
[2025-10-31T09:19:52.502+0700] {subprocess.py:93} INFO - org.apache.spark.api.python.PythonException: Traceback (most recent call last):
[2025-10-31T09:19:52.503+0700] {subprocess.py:93} INFO -   File "/opt/***/projects/absa_streaming/scripts/consumer_postgres_streaming.py", line 134, in absa_infer_udf
[2025-10-31T09:19:52.503+0700] {subprocess.py:93} INFO -     _model.load_state_dict(torch.load(MODEL_PATH, map_location=DEVICE))
[2025-10-31T09:19:52.503+0700] {subprocess.py:93} INFO -                            ^^^^^^^^^^^^^^^^^^^^^^^^^^^^^^^^^^^^^^^^^^^
[2025-10-31T09:19:52.504+0700] {subprocess.py:93} INFO -   File "/home/***/.local/lib/python3.12/site-packages/torch/serialization.py", line 1025, in load
[2025-10-31T09:19:52.504+0700] {subprocess.py:93} INFO -     return _load(opened_zipfile,
[2025-10-31T09:19:52.504+0700] {subprocess.py:93} INFO -            ^^^^^^^^^^^^^^^^^^^^^
[2025-10-31T09:19:52.504+0700] {subprocess.py:93} INFO -   File "/home/***/.local/lib/python3.12/site-packages/torch/serialization.py", line 1446, in _load
[2025-10-31T09:19:52.504+0700] {subprocess.py:93} INFO -     result = unpickler.load()
[2025-10-31T09:19:52.504+0700] {subprocess.py:93} INFO -              ^^^^^^^^^^^^^^^^
[2025-10-31T09:19:52.505+0700] {subprocess.py:93} INFO -   File "/home/***/.local/lib/python3.12/site-packages/torch/serialization.py", line 1416, in persistent_load
[2025-10-31T09:19:52.505+0700] {subprocess.py:93} INFO -     typed_storage = load_tensor(dtype, nbytes, key, _maybe_decode_ascii(location))
[2025-10-31T09:19:52.505+0700] {subprocess.py:93} INFO -                     ^^^^^^^^^^^^^^^^^^^^^^^^^^^^^^^^^^^^^^^^^^^^^^^^^^^^^^^^^^^^^^
[2025-10-31T09:19:52.505+0700] {subprocess.py:93} INFO -   File "/home/***/.local/lib/python3.12/site-packages/torch/serialization.py", line 1390, in load_tensor
[2025-10-31T09:19:52.505+0700] {subprocess.py:93} INFO -     wrap_storage=restore_location(storage, location),
[2025-10-31T09:19:52.506+0700] {subprocess.py:93} INFO -                  ^^^^^^^^^^^^^^^^^^^^^^^^^^^^^^^^^^^
[2025-10-31T09:19:52.506+0700] {subprocess.py:93} INFO -   File "/home/***/.local/lib/python3.12/site-packages/torch/serialization.py", line 1313, in restore_location
[2025-10-31T09:19:52.506+0700] {subprocess.py:93} INFO -     return default_restore_location(storage, map_location)
[2025-10-31T09:19:52.506+0700] {subprocess.py:93} INFO -            ^^^^^^^^^^^^^^^^^^^^^^^^^^^^^^^^^^^^^^^^^^^^^^^
[2025-10-31T09:19:52.506+0700] {subprocess.py:93} INFO -   File "/home/***/.local/lib/python3.12/site-packages/torch/serialization.py", line 390, in default_restore_location
[2025-10-31T09:19:52.506+0700] {subprocess.py:93} INFO -     result = fn(storage, location)
[2025-10-31T09:19:52.507+0700] {subprocess.py:93} INFO -              ^^^^^^^^^^^^^^^^^^^^^
[2025-10-31T09:19:52.507+0700] {subprocess.py:93} INFO -   File "/home/***/.local/lib/python3.12/site-packages/torch/serialization.py", line 270, in _cuda_deserialize
[2025-10-31T09:19:52.507+0700] {subprocess.py:93} INFO -     return obj.cuda(device)
[2025-10-31T09:19:52.507+0700] {subprocess.py:93} INFO -            ^^^^^^^^^^^^^^^^
[2025-10-31T09:19:52.507+0700] {subprocess.py:93} INFO -   File "/home/***/.local/lib/python3.12/site-packages/torch/_utils.py", line 114, in _cuda
[2025-10-31T09:19:52.508+0700] {subprocess.py:93} INFO -     untyped_storage = torch.UntypedStorage(
[2025-10-31T09:19:52.508+0700] {subprocess.py:93} INFO -                       ^^^^^^^^^^^^^^^^^^^^^
[2025-10-31T09:19:52.508+0700] {subprocess.py:93} INFO - torch.cuda.OutOfMemoryError: CUDA out of memory. Tried to allocate 734.00 MiB. GPU
[2025-10-31T09:19:52.508+0700] {subprocess.py:93} INFO - 
[2025-10-31T09:19:52.509+0700] {subprocess.py:93} INFO - 	at org.apache.spark.api.python.BasePythonRunner$ReaderIterator.handlePythonException(PythonRunner.scala:572)
[2025-10-31T09:19:52.509+0700] {subprocess.py:93} INFO - 	at org.apache.spark.sql.execution.python.PythonArrowOutput$$anon$1.read(PythonArrowOutput.scala:118)
[2025-10-31T09:19:52.509+0700] {subprocess.py:93} INFO - 	at org.apache.spark.api.python.BasePythonRunner$ReaderIterator.hasNext(PythonRunner.scala:525)
[2025-10-31T09:19:52.509+0700] {subprocess.py:93} INFO - 	at org.apache.spark.InterruptibleIterator.hasNext(InterruptibleIterator.scala:37)
[2025-10-31T09:19:52.509+0700] {subprocess.py:93} INFO - 	at scala.collection.Iterator$$anon$11.hasNext(Iterator.scala:491)
[2025-10-31T09:19:52.510+0700] {subprocess.py:93} INFO - 	at scala.collection.Iterator$$anon$10.hasNext(Iterator.scala:460)
[2025-10-31T09:19:52.510+0700] {subprocess.py:93} INFO - 	at scala.collection.Iterator$$anon$10.hasNext(Iterator.scala:460)
[2025-10-31T09:19:52.510+0700] {subprocess.py:93} INFO - 	at org.apache.spark.sql.catalyst.expressions.GeneratedClass$GeneratedIteratorForCodegenStage1.processNext(Unknown Source)
[2025-10-31T09:19:52.510+0700] {subprocess.py:93} INFO - 	at org.apache.spark.sql.execution.BufferedRowIterator.hasNext(BufferedRowIterator.java:43)
[2025-10-31T09:19:52.510+0700] {subprocess.py:93} INFO - 	at org.apache.spark.sql.execution.WholeStageCodegenEvaluatorFactory$WholeStageCodegenPartitionEvaluator$$anon$1.hasNext(WholeStageCodegenEvaluatorFactory.scala:43)
[2025-10-31T09:19:52.511+0700] {subprocess.py:93} INFO - 	at org.apache.spark.sql.execution.SparkPlan.$anonfun$getByteArrayRdd$1(SparkPlan.scala:388)
[2025-10-31T09:19:52.511+0700] {subprocess.py:93} INFO - 	at org.apache.spark.rdd.RDD.$anonfun$mapPartitionsInternal$2(RDD.scala:893)
[2025-10-31T09:19:52.511+0700] {subprocess.py:93} INFO - 	at org.apache.spark.rdd.RDD.$anonfun$mapPartitionsInternal$2$adapted(RDD.scala:893)
[2025-10-31T09:19:52.511+0700] {subprocess.py:93} INFO - 	at org.apache.spark.rdd.MapPartitionsRDD.compute(MapPartitionsRDD.scala:52)
[2025-10-31T09:19:52.511+0700] {subprocess.py:93} INFO - 	at org.apache.spark.rdd.RDD.computeOrReadCheckpoint(RDD.scala:367)
[2025-10-31T09:19:52.512+0700] {subprocess.py:93} INFO - 	at org.apache.spark.rdd.RDD.iterator(RDD.scala:331)
[2025-10-31T09:19:52.512+0700] {subprocess.py:93} INFO - 	at org.apache.spark.scheduler.ResultTask.runTask(ResultTask.scala:93)
[2025-10-31T09:19:52.512+0700] {subprocess.py:93} INFO - 	at org.apache.spark.TaskContext.runTaskWithListeners(TaskContext.scala:166)
[2025-10-31T09:19:52.512+0700] {subprocess.py:93} INFO - 	at org.apache.spark.scheduler.Task.run(Task.scala:141)
[2025-10-31T09:19:52.512+0700] {subprocess.py:93} INFO - 	at org.apache.spark.executor.Executor$TaskRunner.$anonfun$run$4(Executor.scala:620)
[2025-10-31T09:19:52.512+0700] {subprocess.py:93} INFO - 	at org.apache.spark.util.SparkErrorUtils.tryWithSafeFinally(SparkErrorUtils.scala:64)
[2025-10-31T09:19:52.513+0700] {subprocess.py:93} INFO - 	at org.apache.spark.util.SparkErrorUtils.tryWithSafeFinally$(SparkErrorUtils.scala:61)
[2025-10-31T09:19:52.513+0700] {subprocess.py:93} INFO - 	at org.apache.spark.util.Utils$.tryWithSafeFinally(Utils.scala:94)
[2025-10-31T09:19:52.513+0700] {subprocess.py:93} INFO - 	at org.apache.spark.executor.Executor$TaskRunner.run(Executor.scala:623)
[2025-10-31T09:19:52.513+0700] {subprocess.py:93} INFO - 	at java.base/java.util.concurrent.ThreadPoolExecutor.runWorker(ThreadPoolExecutor.java:1136)
[2025-10-31T09:19:52.513+0700] {subprocess.py:93} INFO - 	at java.base/java.util.concurrent.ThreadPoolExecutor$Worker.run(ThreadPoolExecutor.java:635)
[2025-10-31T09:19:52.513+0700] {subprocess.py:93} INFO - 	at java.base/java.lang.Thread.run(Thread.java:840)
[2025-10-31T09:19:52.517+0700] {subprocess.py:93} INFO - 25/10/31 09:19:52 ERROR TaskSetManager: Task 0 in stage 4.0 failed 1 times; aborting job
[2025-10-31T09:19:52.585+0700] {subprocess.py:93} INFO - 25/10/31 09:19:52 ERROR MicroBatchExecution: Query [id = c943563b-1046-4512-ab04-581f797919d5, runId = e663306e-8da0-4eb0-90b7-023921f738a2] terminated with error
[2025-10-31T09:19:52.585+0700] {subprocess.py:93} INFO - py4j.Py4JException: An exception was raised by the Python Proxy. Return Message: Traceback (most recent call last):
[2025-10-31T09:19:52.585+0700] {subprocess.py:93} INFO -   File "/home/***/.local/lib/python3.12/site-packages/pyspark/python/lib/py4j-0.10.9.7-src.zip/py4j/clientserver.py", line 617, in _call_proxy
[2025-10-31T09:19:52.585+0700] {subprocess.py:93} INFO -     return_value = getattr(self.pool[obj_id], method)(*params)
[2025-10-31T09:19:52.585+0700] {subprocess.py:93} INFO -                    ^^^^^^^^^^^^^^^^^^^^^^^^^^^^^^^^^^^^^^^^^^^
[2025-10-31T09:19:52.586+0700] {subprocess.py:93} INFO -   File "/home/***/.local/lib/python3.12/site-packages/pyspark/python/lib/pyspark.zip/pyspark/sql/utils.py", line 120, in call
[2025-10-31T09:19:52.586+0700] {subprocess.py:93} INFO -     raise e
[2025-10-31T09:19:52.586+0700] {subprocess.py:93} INFO -   File "/home/***/.local/lib/python3.12/site-packages/pyspark/python/lib/pyspark.zip/pyspark/sql/utils.py", line 117, in call
[2025-10-31T09:19:52.586+0700] {subprocess.py:93} INFO -     self.func(DataFrame(jdf, wrapped_session_jdf), batch_id)
[2025-10-31T09:19:52.586+0700] {subprocess.py:93} INFO -   File "/opt/***/projects/absa_streaming/scripts/consumer_postgres_streaming.py", line 191, in write_to_postgres
[2025-10-31T09:19:52.586+0700] {subprocess.py:93} INFO -     preview = batch_df.select("ReviewText", *ASPECTS).limit(5).toPandas().to_dict(orient="records")
[2025-10-31T09:19:52.586+0700] {subprocess.py:93} INFO -               ^^^^^^^^^^^^^^^^^^^^^^^^^^^^^^^^^^^^^^^^^^^^^^^^^^^^^^^^^^^
[2025-10-31T09:19:52.586+0700] {subprocess.py:93} INFO -   File "/home/***/.local/lib/python3.12/site-packages/pyspark/python/lib/pyspark.zip/pyspark/sql/pandas/conversion.py", line 202, in toPandas
[2025-10-31T09:19:52.587+0700] {subprocess.py:93} INFO -     rows = self.collect()
[2025-10-31T09:19:52.587+0700] {subprocess.py:93} INFO -            ^^^^^^^^^^^^^^
[2025-10-31T09:19:52.587+0700] {subprocess.py:93} INFO -   File "/home/***/.local/lib/python3.12/site-packages/pyspark/python/lib/pyspark.zip/pyspark/sql/dataframe.py", line 1261, in collect
[2025-10-31T09:19:52.587+0700] {subprocess.py:93} INFO -     sock_info = self._jdf.collectToPython()
[2025-10-31T09:19:52.587+0700] {subprocess.py:93} INFO -                 ^^^^^^^^^^^^^^^^^^^^^^^^^^^
[2025-10-31T09:19:52.587+0700] {subprocess.py:93} INFO -   File "/home/***/.local/lib/python3.12/site-packages/pyspark/python/lib/py4j-0.10.9.7-src.zip/py4j/java_gateway.py", line 1322, in __call__
[2025-10-31T09:19:52.587+0700] {subprocess.py:93} INFO -     return_value = get_return_value(
[2025-10-31T09:19:52.587+0700] {subprocess.py:93} INFO -                    ^^^^^^^^^^^^^^^^^
[2025-10-31T09:19:52.588+0700] {subprocess.py:93} INFO -   File "/home/***/.local/lib/python3.12/site-packages/pyspark/python/lib/pyspark.zip/pyspark/errors/exceptions/captured.py", line 185, in deco
[2025-10-31T09:19:52.588+0700] {subprocess.py:93} INFO -     raise converted from None
[2025-10-31T09:19:52.588+0700] {subprocess.py:93} INFO - pyspark.errors.exceptions.captured.PythonException:
[2025-10-31T09:19:52.588+0700] {subprocess.py:93} INFO -   An exception was thrown from the Python worker. Please see the stack trace below.
[2025-10-31T09:19:52.588+0700] {subprocess.py:93} INFO - Traceback (most recent call last):
[2025-10-31T09:19:52.588+0700] {subprocess.py:93} INFO -   File "/opt/***/projects/absa_streaming/scripts/consumer_postgres_streaming.py", line 134, in absa_infer_udf
[2025-10-31T09:19:52.588+0700] {subprocess.py:93} INFO -     _model.load_state_dict(torch.load(MODEL_PATH, map_location=DEVICE))
[2025-10-31T09:19:52.588+0700] {subprocess.py:93} INFO -                            ^^^^^^^^^^^^^^^^^^^^^^^^^^^^^^^^^^^^^^^^^^^
[2025-10-31T09:19:52.589+0700] {subprocess.py:93} INFO -   File "/home/***/.local/lib/python3.12/site-packages/torch/serialization.py", line 1025, in load
[2025-10-31T09:19:52.589+0700] {subprocess.py:93} INFO -     return _load(opened_zipfile,
[2025-10-31T09:19:52.589+0700] {subprocess.py:93} INFO -            ^^^^^^^^^^^^^^^^^^^^^
[2025-10-31T09:19:52.589+0700] {subprocess.py:93} INFO -   File "/home/***/.local/lib/python3.12/site-packages/torch/serialization.py", line 1446, in _load
[2025-10-31T09:19:52.589+0700] {subprocess.py:93} INFO -     result = unpickler.load()
[2025-10-31T09:19:52.589+0700] {subprocess.py:93} INFO -              ^^^^^^^^^^^^^^^^
[2025-10-31T09:19:52.589+0700] {subprocess.py:93} INFO -   File "/home/***/.local/lib/python3.12/site-packages/torch/serialization.py", line 1416, in persistent_load
[2025-10-31T09:19:52.589+0700] {subprocess.py:93} INFO -     typed_storage = load_tensor(dtype, nbytes, key, _maybe_decode_ascii(location))
[2025-10-31T09:19:52.589+0700] {subprocess.py:93} INFO -                     ^^^^^^^^^^^^^^^^^^^^^^^^^^^^^^^^^^^^^^^^^^^^^^^^^^^^^^^^^^^^^^
[2025-10-31T09:19:52.590+0700] {subprocess.py:93} INFO -   File "/home/***/.local/lib/python3.12/site-packages/torch/serialization.py", line 1390, in load_tensor
[2025-10-31T09:19:52.590+0700] {subprocess.py:93} INFO -     wrap_storage=restore_location(storage, location),
[2025-10-31T09:19:52.590+0700] {subprocess.py:93} INFO -                  ^^^^^^^^^^^^^^^^^^^^^^^^^^^^^^^^^^^
[2025-10-31T09:19:52.590+0700] {subprocess.py:93} INFO -   File "/home/***/.local/lib/python3.12/site-packages/torch/serialization.py", line 1313, in restore_location
[2025-10-31T09:19:52.590+0700] {subprocess.py:93} INFO -     return default_restore_location(storage, map_location)
[2025-10-31T09:19:52.590+0700] {subprocess.py:93} INFO -            ^^^^^^^^^^^^^^^^^^^^^^^^^^^^^^^^^^^^^^^^^^^^^^^
[2025-10-31T09:19:52.590+0700] {subprocess.py:93} INFO -   File "/home/***/.local/lib/python3.12/site-packages/torch/serialization.py", line 390, in default_restore_location
[2025-10-31T09:19:52.590+0700] {subprocess.py:93} INFO -     result = fn(storage, location)
[2025-10-31T09:19:52.590+0700] {subprocess.py:93} INFO -              ^^^^^^^^^^^^^^^^^^^^^
[2025-10-31T09:19:52.591+0700] {subprocess.py:93} INFO -   File "/home/***/.local/lib/python3.12/site-packages/torch/serialization.py", line 270, in _cuda_deserialize
[2025-10-31T09:19:52.591+0700] {subprocess.py:93} INFO -     return obj.cuda(device)
[2025-10-31T09:19:52.591+0700] {subprocess.py:93} INFO -            ^^^^^^^^^^^^^^^^
[2025-10-31T09:19:52.591+0700] {subprocess.py:93} INFO -   File "/home/***/.local/lib/python3.12/site-packages/torch/_utils.py", line 114, in _cuda
[2025-10-31T09:19:52.591+0700] {subprocess.py:93} INFO -     untyped_storage = torch.UntypedStorage(
[2025-10-31T09:19:52.591+0700] {subprocess.py:93} INFO -                       ^^^^^^^^^^^^^^^^^^^^^
[2025-10-31T09:19:52.591+0700] {subprocess.py:93} INFO - torch.cuda.OutOfMemoryError: CUDA out of memory. Tried to allocate 734.00 MiB. GPU
[2025-10-31T09:19:52.591+0700] {subprocess.py:93} INFO - 
[2025-10-31T09:19:52.592+0700] {subprocess.py:93} INFO - 
[2025-10-31T09:19:52.592+0700] {subprocess.py:93} INFO - 	at py4j.Protocol.getReturnValue(Protocol.java:476)
[2025-10-31T09:19:52.592+0700] {subprocess.py:93} INFO - 	at py4j.reflection.PythonProxyHandler.invoke(PythonProxyHandler.java:108)
[2025-10-31T09:19:52.592+0700] {subprocess.py:93} INFO - 	at jdk.proxy3/jdk.proxy3.$Proxy32.call(Unknown Source)
[2025-10-31T09:19:52.592+0700] {subprocess.py:93} INFO - 	at org.apache.spark.sql.execution.streaming.sources.PythonForeachBatchHelper$.$anonfun$callForeachBatch$1(ForeachBatchSink.scala:53)
[2025-10-31T09:19:52.592+0700] {subprocess.py:93} INFO - 	at org.apache.spark.sql.execution.streaming.sources.PythonForeachBatchHelper$.$anonfun$callForeachBatch$1$adapted(ForeachBatchSink.scala:53)
[2025-10-31T09:19:52.592+0700] {subprocess.py:93} INFO - 	at org.apache.spark.sql.execution.streaming.sources.ForeachBatchSink.addBatch(ForeachBatchSink.scala:34)
[2025-10-31T09:19:52.592+0700] {subprocess.py:93} INFO - 	at org.apache.spark.sql.execution.streaming.MicroBatchExecution.$anonfun$runBatch$17(MicroBatchExecution.scala:732)
[2025-10-31T09:19:52.592+0700] {subprocess.py:93} INFO - 	at org.apache.spark.sql.execution.SQLExecution$.$anonfun$withNewExecutionId$6(SQLExecution.scala:125)
[2025-10-31T09:19:52.592+0700] {subprocess.py:93} INFO - 	at org.apache.spark.sql.execution.SQLExecution$.withSQLConfPropagated(SQLExecution.scala:201)
[2025-10-31T09:19:52.593+0700] {subprocess.py:93} INFO - 	at org.apache.spark.sql.execution.SQLExecution$.$anonfun$withNewExecutionId$1(SQLExecution.scala:108)
[2025-10-31T09:19:52.593+0700] {subprocess.py:93} INFO - 	at org.apache.spark.sql.SparkSession.withActive(SparkSession.scala:900)
[2025-10-31T09:19:52.593+0700] {subprocess.py:93} INFO - 	at org.apache.spark.sql.execution.SQLExecution$.withNewExecutionId(SQLExecution.scala:66)
[2025-10-31T09:19:52.593+0700] {subprocess.py:93} INFO - 	at org.apache.spark.sql.execution.streaming.MicroBatchExecution.$anonfun$runBatch$16(MicroBatchExecution.scala:729)
[2025-10-31T09:19:52.593+0700] {subprocess.py:93} INFO - 	at org.apache.spark.sql.execution.streaming.ProgressReporter.reportTimeTaken(ProgressReporter.scala:427)
[2025-10-31T09:19:52.593+0700] {subprocess.py:93} INFO - 	at org.apache.spark.sql.execution.streaming.ProgressReporter.reportTimeTaken$(ProgressReporter.scala:425)
[2025-10-31T09:19:52.593+0700] {subprocess.py:93} INFO - 	at org.apache.spark.sql.execution.streaming.StreamExecution.reportTimeTaken(StreamExecution.scala:67)
[2025-10-31T09:19:52.593+0700] {subprocess.py:93} INFO - 	at org.apache.spark.sql.execution.streaming.MicroBatchExecution.runBatch(MicroBatchExecution.scala:729)
[2025-10-31T09:19:52.594+0700] {subprocess.py:93} INFO - 	at org.apache.spark.sql.execution.streaming.MicroBatchExecution.$anonfun$runActivatedStream$2(MicroBatchExecution.scala:286)
[2025-10-31T09:19:52.594+0700] {subprocess.py:93} INFO - 	at scala.runtime.java8.JFunction0$mcV$sp.apply(JFunction0$mcV$sp.java:23)
[2025-10-31T09:19:52.594+0700] {subprocess.py:93} INFO - 	at org.apache.spark.sql.execution.streaming.ProgressReporter.reportTimeTaken(ProgressReporter.scala:427)
[2025-10-31T09:19:52.594+0700] {subprocess.py:93} INFO - 	at org.apache.spark.sql.execution.streaming.ProgressReporter.reportTimeTaken$(ProgressReporter.scala:425)
[2025-10-31T09:19:52.594+0700] {subprocess.py:93} INFO - 	at org.apache.spark.sql.execution.streaming.StreamExecution.reportTimeTaken(StreamExecution.scala:67)
[2025-10-31T09:19:52.594+0700] {subprocess.py:93} INFO - 	at org.apache.spark.sql.execution.streaming.MicroBatchExecution.$anonfun$runActivatedStream$1(MicroBatchExecution.scala:249)
[2025-10-31T09:19:52.594+0700] {subprocess.py:93} INFO - 	at org.apache.spark.sql.execution.streaming.ProcessingTimeExecutor.execute(TriggerExecutor.scala:67)
[2025-10-31T09:19:52.594+0700] {subprocess.py:93} INFO - 	at org.apache.spark.sql.execution.streaming.MicroBatchExecution.runActivatedStream(MicroBatchExecution.scala:239)
[2025-10-31T09:19:52.594+0700] {subprocess.py:93} INFO - 	at org.apache.spark.sql.execution.streaming.StreamExecution.$anonfun$runStream$1(StreamExecution.scala:311)
[2025-10-31T09:19:52.595+0700] {subprocess.py:93} INFO - 	at scala.runtime.java8.JFunction0$mcV$sp.apply(JFunction0$mcV$sp.java:23)
[2025-10-31T09:19:52.595+0700] {subprocess.py:93} INFO - 	at org.apache.spark.sql.SparkSession.withActive(SparkSession.scala:900)
[2025-10-31T09:19:52.595+0700] {subprocess.py:93} INFO - 	at org.apache.spark.sql.execution.streaming.StreamExecution.org$apache$spark$sql$execution$streaming$StreamExecution$$runStream(StreamExecution.scala:289)
[2025-10-31T09:19:52.595+0700] {subprocess.py:93} INFO - 	at org.apache.spark.sql.execution.streaming.StreamExecution$$anon$1.$anonfun$run$1(StreamExecution.scala:211)
[2025-10-31T09:19:52.595+0700] {subprocess.py:93} INFO - 	at scala.runtime.java8.JFunction0$mcV$sp.apply(JFunction0$mcV$sp.java:23)
[2025-10-31T09:19:52.595+0700] {subprocess.py:93} INFO - 	at org.apache.spark.JobArtifactSet$.withActiveJobArtifactState(JobArtifactSet.scala:94)
[2025-10-31T09:19:52.595+0700] {subprocess.py:93} INFO - 	at org.apache.spark.sql.execution.streaming.StreamExecution$$anon$1.run(StreamExecution.scala:211)
[2025-10-31T09:19:52.658+0700] {subprocess.py:93} INFO - Traceback (most recent call last):
[2025-10-31T09:19:52.659+0700] {subprocess.py:93} INFO -   File "/opt/***/projects/absa_streaming/scripts/consumer_postgres_streaming.py", line 235, in <module>
[2025-10-31T09:19:52.659+0700] {subprocess.py:93} INFO -     query.awaitTermination()
[2025-10-31T09:19:52.660+0700] {subprocess.py:93} INFO -   File "/home/***/.local/lib/python3.12/site-packages/pyspark/python/lib/pyspark.zip/pyspark/sql/streaming/query.py", line 221, in awaitTermination
[2025-10-31T09:19:52.660+0700] {subprocess.py:93} INFO -   File "/home/***/.local/lib/python3.12/site-packages/pyspark/python/lib/py4j-0.10.9.7-src.zip/py4j/java_gateway.py", line 1322, in __call__
[2025-10-31T09:19:52.660+0700] {subprocess.py:93} INFO -   File "/home/***/.local/lib/python3.12/site-packages/pyspark/python/lib/pyspark.zip/pyspark/errors/exceptions/captured.py", line 185, in deco
[2025-10-31T09:19:52.664+0700] {subprocess.py:93} INFO - pyspark.errors.exceptions.captured.StreamingQueryException: [STREAM_FAILED] Query [id = c943563b-1046-4512-ab04-581f797919d5, runId = e663306e-8da0-4eb0-90b7-023921f738a2] terminated with exception: An exception was raised by the Python Proxy. Return Message: Traceback (most recent call last):
[2025-10-31T09:19:52.664+0700] {subprocess.py:93} INFO -   File "/home/***/.local/lib/python3.12/site-packages/pyspark/python/lib/py4j-0.10.9.7-src.zip/py4j/clientserver.py", line 617, in _call_proxy
[2025-10-31T09:19:52.664+0700] {subprocess.py:93} INFO -     return_value = getattr(self.pool[obj_id], method)(*params)
[2025-10-31T09:19:52.664+0700] {subprocess.py:93} INFO -                    ^^^^^^^^^^^^^^^^^^^^^^^^^^^^^^^^^^^^^^^^^^^
[2025-10-31T09:19:52.665+0700] {subprocess.py:93} INFO -   File "/home/***/.local/lib/python3.12/site-packages/pyspark/python/lib/pyspark.zip/pyspark/sql/utils.py", line 120, in call
[2025-10-31T09:19:52.665+0700] {subprocess.py:93} INFO -     raise e
[2025-10-31T09:19:52.665+0700] {subprocess.py:93} INFO -   File "/home/***/.local/lib/python3.12/site-packages/pyspark/python/lib/pyspark.zip/pyspark/sql/utils.py", line 117, in call
[2025-10-31T09:19:52.665+0700] {subprocess.py:93} INFO -     self.func(DataFrame(jdf, wrapped_session_jdf), batch_id)
[2025-10-31T09:19:52.665+0700] {subprocess.py:93} INFO -   File "/opt/***/projects/absa_streaming/scripts/consumer_postgres_streaming.py", line 191, in write_to_postgres
[2025-10-31T09:19:52.666+0700] {subprocess.py:93} INFO -     preview = batch_df.select("ReviewText", *ASPECTS).limit(5).toPandas().to_dict(orient="records")
[2025-10-31T09:19:52.666+0700] {subprocess.py:93} INFO -               ^^^^^^^^^^^^^^^^^^^^^^^^^^^^^^^^^^^^^^^^^^^^^^^^^^^^^^^^^^^
[2025-10-31T09:19:52.666+0700] {subprocess.py:93} INFO -   File "/home/***/.local/lib/python3.12/site-packages/pyspark/python/lib/pyspark.zip/pyspark/sql/pandas/conversion.py", line 202, in toPandas
[2025-10-31T09:19:52.666+0700] {subprocess.py:93} INFO -     rows = self.collect()
[2025-10-31T09:19:52.667+0700] {subprocess.py:93} INFO -            ^^^^^^^^^^^^^^
[2025-10-31T09:19:52.667+0700] {subprocess.py:93} INFO -   File "/home/***/.local/lib/python3.12/site-packages/pyspark/python/lib/pyspark.zip/pyspark/sql/dataframe.py", line 1261, in collect
[2025-10-31T09:19:52.667+0700] {subprocess.py:93} INFO -     sock_info = self._jdf.collectToPython()
[2025-10-31T09:19:52.667+0700] {subprocess.py:93} INFO -                 ^^^^^^^^^^^^^^^^^^^^^^^^^^^
[2025-10-31T09:19:52.668+0700] {subprocess.py:93} INFO -   File "/home/***/.local/lib/python3.12/site-packages/pyspark/python/lib/py4j-0.10.9.7-src.zip/py4j/java_gateway.py", line 1322, in __call__
[2025-10-31T09:19:52.668+0700] {subprocess.py:93} INFO -     return_value = get_return_value(
[2025-10-31T09:19:52.668+0700] {subprocess.py:93} INFO -                    ^^^^^^^^^^^^^^^^^
[2025-10-31T09:19:52.668+0700] {subprocess.py:93} INFO -   File "/home/***/.local/lib/python3.12/site-packages/pyspark/python/lib/pyspark.zip/pyspark/errors/exceptions/captured.py", line 185, in deco
[2025-10-31T09:19:52.669+0700] {subprocess.py:93} INFO -     raise converted from None
[2025-10-31T09:19:52.669+0700] {subprocess.py:93} INFO - pyspark.errors.exceptions.captured.PythonException:
[2025-10-31T09:19:52.669+0700] {subprocess.py:93} INFO -   An exception was thrown from the Python worker. Please see the stack trace below.
[2025-10-31T09:19:52.669+0700] {subprocess.py:93} INFO - Traceback (most recent call last):
[2025-10-31T09:19:52.669+0700] {subprocess.py:93} INFO -   File "/opt/***/projects/absa_streaming/scripts/consumer_postgres_streaming.py", line 134, in absa_infer_udf
[2025-10-31T09:19:52.670+0700] {subprocess.py:93} INFO -     _model.load_state_dict(torch.load(MODEL_PATH, map_location=DEVICE))
[2025-10-31T09:19:52.670+0700] {subprocess.py:93} INFO -                            ^^^^^^^^^^^^^^^^^^^^^^^^^^^^^^^^^^^^^^^^^^^
[2025-10-31T09:19:52.670+0700] {subprocess.py:93} INFO -   File "/home/***/.local/lib/python3.12/site-packages/torch/serialization.py", line 1025, in load
[2025-10-31T09:19:52.670+0700] {subprocess.py:93} INFO -     return _load(opened_zipfile,
[2025-10-31T09:19:52.671+0700] {subprocess.py:93} INFO -            ^^^^^^^^^^^^^^^^^^^^^
[2025-10-31T09:19:52.671+0700] {subprocess.py:93} INFO -   File "/home/***/.local/lib/python3.12/site-packages/torch/serialization.py", line 1446, in _load
[2025-10-31T09:19:52.671+0700] {subprocess.py:93} INFO -     result = unpickler.load()
[2025-10-31T09:19:52.671+0700] {subprocess.py:93} INFO -              ^^^^^^^^^^^^^^^^
[2025-10-31T09:19:52.671+0700] {subprocess.py:93} INFO -   File "/home/***/.local/lib/python3.12/site-packages/torch/serialization.py", line 1416, in persistent_load
[2025-10-31T09:19:52.672+0700] {subprocess.py:93} INFO -     typed_storage = load_tensor(dtype, nbytes, key, _maybe_decode_ascii(location))
[2025-10-31T09:19:52.672+0700] {subprocess.py:93} INFO -                     ^^^^^^^^^^^^^^^^^^^^^^^^^^^^^^^^^^^^^^^^^^^^^^^^^^^^^^^^^^^^^^
[2025-10-31T09:19:52.672+0700] {subprocess.py:93} INFO -   File "/home/***/.local/lib/python3.12/site-packages/torch/serialization.py", line 1390, in load_tensor
[2025-10-31T09:19:52.673+0700] {subprocess.py:93} INFO -     wrap_storage=restore_location(storage, location),
[2025-10-31T09:19:52.673+0700] {subprocess.py:93} INFO -                  ^^^^^^^^^^^^^^^^^^^^^^^^^^^^^^^^^^^
[2025-10-31T09:19:52.673+0700] {subprocess.py:93} INFO -   File "/home/***/.local/lib/python3.12/site-packages/torch/serialization.py", line 1313, in restore_location
[2025-10-31T09:19:52.673+0700] {subprocess.py:93} INFO -     return default_restore_location(storage, map_location)
[2025-10-31T09:19:52.674+0700] {subprocess.py:93} INFO -            ^^^^^^^^^^^^^^^^^^^^^^^^^^^^^^^^^^^^^^^^^^^^^^^
[2025-10-31T09:19:52.674+0700] {subprocess.py:93} INFO -   File "/home/***/.local/lib/python3.12/site-packages/torch/serialization.py", line 390, in default_restore_location
[2025-10-31T09:19:52.674+0700] {subprocess.py:93} INFO -     result = fn(storage, location)
[2025-10-31T09:19:52.674+0700] {subprocess.py:93} INFO -              ^^^^^^^^^^^^^^^^^^^^^
[2025-10-31T09:19:52.674+0700] {subprocess.py:93} INFO -   File "/home/***/.local/lib/python3.12/site-packages/torch/serialization.py", line 270, in _cuda_deserialize
[2025-10-31T09:19:52.675+0700] {subprocess.py:93} INFO -     return obj.cuda(device)
[2025-10-31T09:19:52.675+0700] {subprocess.py:93} INFO -            ^^^^^^^^^^^^^^^^
[2025-10-31T09:19:52.675+0700] {subprocess.py:93} INFO -   File "/home/***/.local/lib/python3.12/site-packages/torch/_utils.py", line 114, in _cuda
[2025-10-31T09:19:52.675+0700] {subprocess.py:93} INFO -     untyped_storage = torch.UntypedStorage(
[2025-10-31T09:19:52.676+0700] {subprocess.py:93} INFO -                       ^^^^^^^^^^^^^^^^^^^^^
[2025-10-31T09:19:52.676+0700] {subprocess.py:93} INFO - torch.cuda.OutOfMemoryError: CUDA out of memory. Tried to allocate 734.00 MiB. GPU
[2025-10-31T09:19:52.676+0700] {subprocess.py:93} INFO - 
[2025-10-31T09:19:52.676+0700] {subprocess.py:93} INFO - 
[2025-10-31T09:19:53.296+0700] {subprocess.py:97} INFO - Command exited with return code 1
[2025-10-31T09:19:53.297+0700] {taskinstance.py:441} INFO - ::group::Post task execution logs
[2025-10-31T09:19:53.305+0700] {taskinstance.py:2890} ERROR - Task failed with exception
Traceback (most recent call last):
  File "/home/airflow/.local/lib/python3.12/site-packages/airflow/models/taskinstance.py", line 460, in _execute_task
    result = _execute_callable(context=context, **execute_callable_kwargs)
             ^^^^^^^^^^^^^^^^^^^^^^^^^^^^^^^^^^^^^^^^^^^^^^^^^^^^^^^^^^^^^
  File "/home/airflow/.local/lib/python3.12/site-packages/airflow/models/taskinstance.py", line 432, in _execute_callable
    return execute_callable(context=context, **execute_callable_kwargs)
           ^^^^^^^^^^^^^^^^^^^^^^^^^^^^^^^^^^^^^^^^^^^^^^^^^^^^^^^^^^^^
  File "/home/airflow/.local/lib/python3.12/site-packages/airflow/models/baseoperator.py", line 400, in wrapper
    return func(self, *args, **kwargs)
           ^^^^^^^^^^^^^^^^^^^^^^^^^^^
  File "/home/airflow/.local/lib/python3.12/site-packages/airflow/operators/bash.py", line 243, in execute
    raise AirflowException(
airflow.exceptions.AirflowException: Bash command failed. The command returned a non-zero exit code 1.
[2025-10-31T09:19:53.309+0700] {taskinstance.py:1205} INFO - Marking task as UP_FOR_RETRY. dag_id=absa_streaming_lifecycle_demo11, task_id=deploy_consumer, execution_date=20251031T010000, start_date=20251031T021906, end_date=20251031T021953
[2025-10-31T09:19:53.319+0700] {standard_task_runner.py:110} ERROR - Failed to execute job 6 for task deploy_consumer (Bash command failed. The command returned a non-zero exit code 1.; 1392)
[2025-10-31T09:19:53.343+0700] {local_task_job_runner.py:240} INFO - Task exited with return code 1
[2025-10-31T09:19:53.360+0700] {taskinstance.py:3482} INFO - 0 downstream tasks scheduled from follow-on schedule check
[2025-10-31T09:19:53.362+0700] {local_task_job_runner.py:222} INFO - ::endgroup::
