[2025-10-31T09:09:14.252+0700] {local_task_job_runner.py:120} INFO - ::group::Pre task execution logs
[2025-10-31T09:09:14.270+0700] {taskinstance.py:2073} INFO - Dependencies all met for dep_context=non-requeueable deps ti=<TaskInstance: absa_streaming_lifecycle_demo11.deploy_consumer scheduled__2025-10-31T01:00:00+00:00 [queued]>
[2025-10-31T09:09:14.277+0700] {taskinstance.py:2073} INFO - Dependencies all met for dep_context=requeueable deps ti=<TaskInstance: absa_streaming_lifecycle_demo11.deploy_consumer scheduled__2025-10-31T01:00:00+00:00 [queued]>
[2025-10-31T09:09:14.277+0700] {taskinstance.py:2303} INFO - Starting attempt 1 of 6
[2025-10-31T09:09:14.290+0700] {taskinstance.py:2327} INFO - Executing <Task(BashOperator): deploy_consumer> on 2025-10-31 01:00:00+00:00
[2025-10-31T09:09:14.298+0700] {warnings.py:110} WARNING - /home/***/.local/lib/python3.12/site-packages/***/task/task_runner/standard_task_runner.py:61: DeprecationWarning: This process (pid=337) is multi-threaded, use of fork() may lead to deadlocks in the child.
  pid = os.fork()

[2025-10-31T09:09:14.300+0700] {standard_task_runner.py:63} INFO - Started process 343 to run task
[2025-10-31T09:09:14.300+0700] {standard_task_runner.py:90} INFO - Running: ['***', 'tasks', 'run', 'absa_streaming_lifecycle_demo11', 'deploy_consumer', 'scheduled__2025-10-31T01:00:00+00:00', '--job-id', '3', '--raw', '--subdir', 'DAGS_FOLDER/absa_streaming_lifecycle_dag1.py', '--cfg-path', '/tmp/tmpg9tzw0b9']
[2025-10-31T09:09:14.303+0700] {standard_task_runner.py:91} INFO - Job 3: Subtask deploy_consumer
[2025-10-31T09:09:14.339+0700] {task_command.py:426} INFO - Running <TaskInstance: absa_streaming_lifecycle_demo11.deploy_consumer scheduled__2025-10-31T01:00:00+00:00 [running]> on host cf6042098ac0
[2025-10-31T09:09:14.407+0700] {taskinstance.py:2644} INFO - Exporting env vars: AIRFLOW_CTX_DAG_OWNER='***' AIRFLOW_CTX_DAG_ID='absa_streaming_lifecycle_demo11' AIRFLOW_CTX_TASK_ID='deploy_consumer' AIRFLOW_CTX_EXECUTION_DATE='2025-10-31T01:00:00+00:00' AIRFLOW_CTX_TRY_NUMBER='1' AIRFLOW_CTX_DAG_RUN_ID='scheduled__2025-10-31T01:00:00+00:00'
[2025-10-31T09:09:14.408+0700] {taskinstance.py:430} INFO - ::endgroup::
[2025-10-31T09:09:14.409+0700] {subprocess.py:63} INFO - Tmp dir root location: /tmp
[2025-10-31T09:09:14.409+0700] {subprocess.py:75} INFO - Running command: ['/usr/bin/bash', '-c', 'bash -c "timeout 45m /opt/***/projects/absa_streaming/scripts/run_consumer.sh"']
[2025-10-31T09:09:14.422+0700] {subprocess.py:86} INFO - Output:
[2025-10-31T09:09:14.430+0700] {subprocess.py:93} INFO - [Consumer] Starting Spark Structured Streaming job...
[2025-10-31T09:09:14.479+0700] {subprocess.py:93} INFO - /home/***/.local/lib/python3.12/site-packages/pyspark/bin/load-spark-env.sh: line 68: ps: command not found
[2025-10-31T09:09:16.373+0700] {subprocess.py:93} INFO - :: loading settings :: url = jar:file:/home/***/.local/lib/python3.12/site-packages/pyspark/jars/ivy-2.5.1.jar!/org/apache/ivy/core/settings/ivysettings.xml
[2025-10-31T09:09:16.452+0700] {subprocess.py:93} INFO - Ivy Default Cache set to: /home/***/.ivy2/cache
[2025-10-31T09:09:16.452+0700] {subprocess.py:93} INFO - The jars for the packages stored in: /home/***/.ivy2/jars
[2025-10-31T09:09:16.456+0700] {subprocess.py:93} INFO - org.apache.spark#spark-sql-kafka-0-10_2.12 added as a dependency
[2025-10-31T09:09:16.456+0700] {subprocess.py:93} INFO - org.postgresql#postgresql added as a dependency
[2025-10-31T09:09:16.456+0700] {subprocess.py:93} INFO - :: resolving dependencies :: org.apache.spark#spark-submit-parent-dab8e63c-68c8-43ab-91db-60ccf983cd13;1.0
[2025-10-31T09:09:16.457+0700] {subprocess.py:93} INFO - 	confs: [default]
[2025-10-31T09:09:21.434+0700] {subprocess.py:93} INFO - 	found org.apache.spark#spark-sql-kafka-0-10_2.12;3.5.1 in central
[2025-10-31T09:09:21.938+0700] {subprocess.py:93} INFO - 	found org.apache.spark#spark-token-provider-kafka-0-10_2.12;3.5.1 in central
[2025-10-31T09:09:22.347+0700] {subprocess.py:93} INFO - 	found org.apache.kafka#kafka-clients;3.4.1 in central
[2025-10-31T09:09:22.636+0700] {subprocess.py:93} INFO - 	found org.lz4#lz4-java;1.8.0 in central
[2025-10-31T09:09:23.156+0700] {subprocess.py:93} INFO - 	found org.xerial.snappy#snappy-java;1.1.10.3 in central
[2025-10-31T09:09:25.421+0700] {subprocess.py:93} INFO - 	found org.slf4j#slf4j-api;2.0.7 in central
[2025-10-31T09:09:28.171+0700] {subprocess.py:93} INFO - 	found org.apache.hadoop#hadoop-client-runtime;3.3.4 in central
[2025-10-31T09:09:28.498+0700] {subprocess.py:93} INFO - 	found org.apache.hadoop#hadoop-client-api;3.3.4 in central
[2025-10-31T09:09:30.470+0700] {subprocess.py:93} INFO - 	found commons-logging#commons-logging;1.1.3 in central
[2025-10-31T09:09:30.729+0700] {subprocess.py:93} INFO - 	found com.google.code.findbugs#jsr305;3.0.0 in central
[2025-10-31T09:09:33.596+0700] {subprocess.py:93} INFO - 	found org.apache.commons#commons-pool2;2.11.1 in central
[2025-10-31T09:09:33.817+0700] {subprocess.py:93} INFO - 	found org.postgresql#postgresql;42.6.0 in central
[2025-10-31T09:09:34.112+0700] {subprocess.py:93} INFO - 	found org.checkerframework#checker-qual;3.31.0 in central
[2025-10-31T09:09:34.320+0700] {subprocess.py:93} INFO - downloading https://repo1.maven.org/maven2/org/apache/spark/spark-sql-kafka-0-10_2.12/3.5.1/spark-sql-kafka-0-10_2.12-3.5.1.jar ...
[2025-10-31T09:09:34.652+0700] {subprocess.py:93} INFO - 	[SUCCESSFUL ] org.apache.spark#spark-sql-kafka-0-10_2.12;3.5.1!spark-sql-kafka-0-10_2.12.jar (535ms)
[2025-10-31T09:09:34.721+0700] {subprocess.py:93} INFO - downloading https://repo1.maven.org/maven2/org/postgresql/postgresql/42.6.0/postgresql-42.6.0.jar ...
[2025-10-31T09:09:35.075+0700] {subprocess.py:93} INFO - 	[SUCCESSFUL ] org.postgresql#postgresql;42.6.0!postgresql.jar (423ms)
[2025-10-31T09:09:35.141+0700] {subprocess.py:93} INFO - downloading https://repo1.maven.org/maven2/org/apache/spark/spark-token-provider-kafka-0-10_2.12/3.5.1/spark-token-provider-kafka-0-10_2.12-3.5.1.jar ...
[2025-10-31T09:09:35.239+0700] {subprocess.py:93} INFO - 	[SUCCESSFUL ] org.apache.spark#spark-token-provider-kafka-0-10_2.12;3.5.1!spark-token-provider-kafka-0-10_2.12.jar (163ms)
[2025-10-31T09:09:35.336+0700] {subprocess.py:93} INFO - downloading https://repo1.maven.org/maven2/org/apache/kafka/kafka-clients/3.4.1/kafka-clients-3.4.1.jar ...
[2025-10-31T09:09:37.229+0700] {subprocess.py:93} INFO - 	[SUCCESSFUL ] org.apache.kafka#kafka-clients;3.4.1!kafka-clients.jar (1990ms)
[2025-10-31T09:09:37.328+0700] {subprocess.py:93} INFO - downloading https://repo1.maven.org/maven2/com/google/code/findbugs/jsr305/3.0.0/jsr305-3.0.0.jar ...
[2025-10-31T09:09:37.501+0700] {subprocess.py:93} INFO - 	[SUCCESSFUL ] com.google.code.findbugs#jsr305;3.0.0!jsr305.jar (272ms)
[2025-10-31T09:09:37.596+0700] {subprocess.py:93} INFO - downloading https://repo1.maven.org/maven2/org/apache/commons/commons-pool2/2.11.1/commons-pool2-2.11.1.jar ...
[2025-10-31T09:09:39.155+0700] {subprocess.py:93} INFO - 	[SUCCESSFUL ] org.apache.commons#commons-pool2;2.11.1!commons-pool2.jar (1652ms)
[2025-10-31T09:09:39.353+0700] {subprocess.py:93} INFO - downloading https://repo1.maven.org/maven2/org/apache/hadoop/hadoop-client-runtime/3.3.4/hadoop-client-runtime-3.3.4.jar ...
[2025-10-31T09:13:35.347+0700] {subprocess.py:93} INFO - 	[SUCCESSFUL ] org.apache.hadoop#hadoop-client-runtime;3.3.4!hadoop-client-runtime.jar (236192ms)
[2025-10-31T09:13:35.526+0700] {subprocess.py:93} INFO - downloading https://repo1.maven.org/maven2/org/lz4/lz4-java/1.8.0/lz4-java-1.8.0.jar ...
[2025-10-31T09:13:37.385+0700] {subprocess.py:93} INFO - 	[SUCCESSFUL ] org.lz4#lz4-java;1.8.0!lz4-java.jar (2037ms)
[2025-10-31T09:13:37.477+0700] {subprocess.py:93} INFO - downloading https://repo1.maven.org/maven2/org/xerial/snappy/snappy-java/1.1.10.3/snappy-java-1.1.10.3.jar ...
[2025-10-31T09:13:42.609+0700] {subprocess.py:93} INFO - 	[SUCCESSFUL ] org.xerial.snappy#snappy-java;1.1.10.3!snappy-java.jar(bundle) (5222ms)
[2025-10-31T09:13:42.697+0700] {subprocess.py:93} INFO - downloading https://repo1.maven.org/maven2/org/slf4j/slf4j-api/2.0.7/slf4j-api-2.0.7.jar ...
[2025-10-31T09:13:42.916+0700] {subprocess.py:93} INFO - 	[SUCCESSFUL ] org.slf4j#slf4j-api;2.0.7!slf4j-api.jar (305ms)
[2025-10-31T09:13:43.022+0700] {subprocess.py:93} INFO - downloading https://repo1.maven.org/maven2/org/apache/hadoop/hadoop-client-api/3.3.4/hadoop-client-api-3.3.4.jar ...
[2025-10-31T09:14:07.080+0700] {subprocess.py:93} INFO - 	[SUCCESSFUL ] org.apache.hadoop#hadoop-client-api;3.3.4!hadoop-client-api.jar (24163ms)
[2025-10-31T09:14:07.170+0700] {subprocess.py:93} INFO - downloading https://repo1.maven.org/maven2/commons-logging/commons-logging/1.1.3/commons-logging-1.1.3.jar ...
[2025-10-31T09:14:07.279+0700] {subprocess.py:93} INFO - 	[SUCCESSFUL ] commons-logging#commons-logging;1.1.3!commons-logging.jar (198ms)
[2025-10-31T09:14:07.378+0700] {subprocess.py:93} INFO - downloading https://repo1.maven.org/maven2/org/checkerframework/checker-qual/3.31.0/checker-qual-3.31.0.jar ...
[2025-10-31T09:14:07.584+0700] {subprocess.py:93} INFO - 	[SUCCESSFUL ] org.checkerframework#checker-qual;3.31.0!checker-qual.jar (304ms)
[2025-10-31T09:14:07.584+0700] {subprocess.py:93} INFO - :: resolution report :: resolve 17660ms :: artifacts dl 273468ms
[2025-10-31T09:14:07.584+0700] {subprocess.py:93} INFO - 	:: modules in use:
[2025-10-31T09:14:07.585+0700] {subprocess.py:93} INFO - 	com.google.code.findbugs#jsr305;3.0.0 from central in [default]
[2025-10-31T09:14:07.585+0700] {subprocess.py:93} INFO - 	commons-logging#commons-logging;1.1.3 from central in [default]
[2025-10-31T09:14:07.585+0700] {subprocess.py:93} INFO - 	org.apache.commons#commons-pool2;2.11.1 from central in [default]
[2025-10-31T09:14:07.585+0700] {subprocess.py:93} INFO - 	org.apache.hadoop#hadoop-client-api;3.3.4 from central in [default]
[2025-10-31T09:14:07.585+0700] {subprocess.py:93} INFO - 	org.apache.hadoop#hadoop-client-runtime;3.3.4 from central in [default]
[2025-10-31T09:14:07.585+0700] {subprocess.py:93} INFO - 	org.apache.kafka#kafka-clients;3.4.1 from central in [default]
[2025-10-31T09:14:07.585+0700] {subprocess.py:93} INFO - 	org.apache.spark#spark-sql-kafka-0-10_2.12;3.5.1 from central in [default]
[2025-10-31T09:14:07.585+0700] {subprocess.py:93} INFO - 	org.apache.spark#spark-token-provider-kafka-0-10_2.12;3.5.1 from central in [default]
[2025-10-31T09:14:07.585+0700] {subprocess.py:93} INFO - 	org.checkerframework#checker-qual;3.31.0 from central in [default]
[2025-10-31T09:14:07.585+0700] {subprocess.py:93} INFO - 	org.lz4#lz4-java;1.8.0 from central in [default]
[2025-10-31T09:14:07.586+0700] {subprocess.py:93} INFO - 	org.postgresql#postgresql;42.6.0 from central in [default]
[2025-10-31T09:14:07.586+0700] {subprocess.py:93} INFO - 	org.slf4j#slf4j-api;2.0.7 from central in [default]
[2025-10-31T09:14:07.586+0700] {subprocess.py:93} INFO - 	org.xerial.snappy#snappy-java;1.1.10.3 from central in [default]
[2025-10-31T09:14:07.586+0700] {subprocess.py:93} INFO - 	---------------------------------------------------------------------
[2025-10-31T09:14:07.586+0700] {subprocess.py:93} INFO - 	|                  |            modules            ||   artifacts   |
[2025-10-31T09:14:07.586+0700] {subprocess.py:93} INFO - 	|       conf       | number| search|dwnlded|evicted|| number|dwnlded|
[2025-10-31T09:14:07.586+0700] {subprocess.py:93} INFO - 	---------------------------------------------------------------------
[2025-10-31T09:14:07.586+0700] {subprocess.py:93} INFO - 	|      default     |   13  |   13  |   13  |   0   ||   13  |   13  |
[2025-10-31T09:14:07.586+0700] {subprocess.py:93} INFO - 	---------------------------------------------------------------------
[2025-10-31T09:14:07.590+0700] {subprocess.py:93} INFO - :: retrieving :: org.apache.spark#spark-submit-parent-dab8e63c-68c8-43ab-91db-60ccf983cd13
[2025-10-31T09:14:07.590+0700] {subprocess.py:93} INFO - 	confs: [default]
[2025-10-31T09:14:07.681+0700] {subprocess.py:93} INFO - 	13 artifacts copied, 0 already retrieved (58042kB/91ms)
[2025-10-31T09:14:08.000+0700] {subprocess.py:93} INFO - 25/10/31 09:14:07 WARN NativeCodeLoader: Unable to load native-hadoop library for your platform... using builtin-java classes where applicable
[2025-10-31T09:14:54.829+0700] {subprocess.py:93} INFO - 25/10/31 09:14:51 INFO SparkContext: Running Spark version 3.5.1
[2025-10-31T09:14:55.165+0700] {subprocess.py:93} INFO - 25/10/31 09:14:51 INFO SparkContext: OS info Linux, 6.14.0-33-generic, amd64
[2025-10-31T09:14:55.167+0700] {subprocess.py:93} INFO - 25/10/31 09:14:51 INFO SparkContext: Java version 17.0.17
[2025-10-31T09:14:55.169+0700] {subprocess.py:93} INFO - 25/10/31 09:14:53 INFO ResourceUtils: ==============================================================
[2025-10-31T09:14:55.171+0700] {subprocess.py:93} INFO - 25/10/31 09:14:53 INFO ResourceUtils: No custom resources configured for spark.driver.
[2025-10-31T09:14:55.173+0700] {subprocess.py:93} INFO - 25/10/31 09:14:53 INFO ResourceUtils: ==============================================================
[2025-10-31T09:14:55.175+0700] {subprocess.py:93} INFO - 25/10/31 09:14:53 INFO SparkContext: Submitted application: Kafka_ABSA_Postgres
[2025-10-31T09:14:55.177+0700] {subprocess.py:93} INFO - 25/10/31 09:14:54 INFO ResourceProfile: Default ResourceProfile created, executor resources: Map(cores -> name: cores, amount: 1, script: , vendor: , memory -> name: memory, amount: 1024, script: , vendor: , offHeap -> name: offHeap, amount: 0, script: , vendor: ), task resources: Map(cpus -> name: cpus, amount: 1.0)
[2025-10-31T09:14:55.181+0700] {subprocess.py:93} INFO - 25/10/31 09:14:54 INFO ResourceProfile: Limiting resource is cpu
[2025-10-31T09:14:55.184+0700] {subprocess.py:93} INFO - 25/10/31 09:14:54 INFO ResourceProfileManager: Added ResourceProfile id: 0
[2025-10-31T09:14:55.186+0700] {subprocess.py:93} INFO - 25/10/31 09:14:55 INFO SecurityManager: Changing view acls to: default
[2025-10-31T09:14:55.188+0700] {subprocess.py:93} INFO - 25/10/31 09:14:55 INFO SecurityManager: Changing modify acls to: default
[2025-10-31T09:14:55.190+0700] {subprocess.py:93} INFO - 25/10/31 09:14:55 INFO SecurityManager: Changing view acls groups to:
[2025-10-31T09:14:55.193+0700] {subprocess.py:93} INFO - 25/10/31 09:14:55 INFO SecurityManager: Changing modify acls groups to:
[2025-10-31T09:14:55.194+0700] {subprocess.py:93} INFO - 25/10/31 09:14:55 INFO SecurityManager: SecurityManager: authentication disabled; ui acls disabled; users with view permissions: default; groups with view permissions: EMPTY; users with modify permissions: default; groups with modify permissions: EMPTY
[2025-10-31T09:14:55.773+0700] {subprocess.py:93} INFO - 25/10/31 09:14:55 INFO Utils: Successfully started service 'sparkDriver' on port 35993.
[2025-10-31T09:14:55.846+0700] {subprocess.py:93} INFO - 25/10/31 09:14:55 INFO SparkEnv: Registering MapOutputTracker
[2025-10-31T09:14:55.938+0700] {subprocess.py:93} INFO - 25/10/31 09:14:55 INFO SparkEnv: Registering BlockManagerMaster
[2025-10-31T09:14:56.090+0700] {subprocess.py:93} INFO - 25/10/31 09:14:56 INFO BlockManagerMasterEndpoint: Using org.apache.spark.storage.DefaultTopologyMapper for getting topology information
[2025-10-31T09:14:56.107+0700] {subprocess.py:93} INFO - 25/10/31 09:14:56 INFO BlockManagerMasterEndpoint: BlockManagerMasterEndpoint up
[2025-10-31T09:14:56.118+0700] {subprocess.py:93} INFO - 25/10/31 09:14:56 INFO SparkEnv: Registering BlockManagerMasterHeartbeat
[2025-10-31T09:14:56.345+0700] {subprocess.py:93} INFO - 25/10/31 09:14:56 INFO DiskBlockManager: Created local directory at /tmp/blockmgr-71afc8ee-fe86-4bc8-97e9-1233645e9e28
[2025-10-31T09:14:56.373+0700] {subprocess.py:93} INFO - 25/10/31 09:14:56 INFO MemoryStore: MemoryStore started with capacity 434.4 MiB
[2025-10-31T09:14:56.394+0700] {subprocess.py:93} INFO - 25/10/31 09:14:56 INFO SparkEnv: Registering OutputCommitCoordinator
[2025-10-31T09:14:57.430+0700] {subprocess.py:93} INFO - 25/10/31 09:14:57 INFO JettyUtils: Start Jetty 0.0.0.0:4040 for SparkUI
[2025-10-31T09:14:57.635+0700] {subprocess.py:93} INFO - 25/10/31 09:14:57 INFO Utils: Successfully started service 'SparkUI' on port 4040.
[2025-10-31T09:14:57.690+0700] {subprocess.py:93} INFO - 25/10/31 09:14:57 INFO SparkContext: Added JAR file:///home/***/.ivy2/jars/org.apache.spark_spark-sql-kafka-0-10_2.12-3.5.1.jar at spark://cf6042098ac0:35993/jars/org.apache.spark_spark-sql-kafka-0-10_2.12-3.5.1.jar with timestamp 1761876887928
[2025-10-31T09:14:57.743+0700] {subprocess.py:93} INFO - 25/10/31 09:14:57 INFO SparkContext: Added JAR file:///home/***/.ivy2/jars/org.postgresql_postgresql-42.6.0.jar at spark://cf6042098ac0:35993/jars/org.postgresql_postgresql-42.6.0.jar with timestamp 1761876887928
[2025-10-31T09:14:57.746+0700] {subprocess.py:93} INFO - 25/10/31 09:14:57 INFO SparkContext: Added JAR file:///home/***/.ivy2/jars/org.apache.spark_spark-token-provider-kafka-0-10_2.12-3.5.1.jar at spark://cf6042098ac0:35993/jars/org.apache.spark_spark-token-provider-kafka-0-10_2.12-3.5.1.jar with timestamp 1761876887928
[2025-10-31T09:14:57.753+0700] {subprocess.py:93} INFO - 25/10/31 09:14:57 INFO SparkContext: Added JAR file:///home/***/.ivy2/jars/org.apache.kafka_kafka-clients-3.4.1.jar at spark://cf6042098ac0:35993/jars/org.apache.kafka_kafka-clients-3.4.1.jar with timestamp 1761876887928
[2025-10-31T09:14:57.761+0700] {subprocess.py:93} INFO - 25/10/31 09:14:57 INFO SparkContext: Added JAR file:///home/***/.ivy2/jars/com.google.code.findbugs_jsr305-3.0.0.jar at spark://cf6042098ac0:35993/jars/com.google.code.findbugs_jsr305-3.0.0.jar with timestamp 1761876887928
[2025-10-31T09:14:57.783+0700] {subprocess.py:93} INFO - 25/10/31 09:14:57 INFO SparkContext: Added JAR file:///home/***/.ivy2/jars/org.apache.commons_commons-pool2-2.11.1.jar at spark://cf6042098ac0:35993/jars/org.apache.commons_commons-pool2-2.11.1.jar with timestamp 1761876887928
[2025-10-31T09:14:57.788+0700] {subprocess.py:93} INFO - 25/10/31 09:14:57 INFO SparkContext: Added JAR file:///home/***/.ivy2/jars/org.apache.hadoop_hadoop-client-runtime-3.3.4.jar at spark://cf6042098ac0:35993/jars/org.apache.hadoop_hadoop-client-runtime-3.3.4.jar with timestamp 1761876887928
[2025-10-31T09:14:57.805+0700] {subprocess.py:93} INFO - 25/10/31 09:14:57 INFO SparkContext: Added JAR file:///home/***/.ivy2/jars/org.lz4_lz4-java-1.8.0.jar at spark://cf6042098ac0:35993/jars/org.lz4_lz4-java-1.8.0.jar with timestamp 1761876887928
[2025-10-31T09:14:57.837+0700] {subprocess.py:93} INFO - 25/10/31 09:14:57 INFO SparkContext: Added JAR file:///home/***/.ivy2/jars/org.xerial.snappy_snappy-java-1.1.10.3.jar at spark://cf6042098ac0:35993/jars/org.xerial.snappy_snappy-java-1.1.10.3.jar with timestamp 1761876887928
[2025-10-31T09:14:57.857+0700] {subprocess.py:93} INFO - 25/10/31 09:14:57 INFO SparkContext: Added JAR file:///home/***/.ivy2/jars/org.slf4j_slf4j-api-2.0.7.jar at spark://cf6042098ac0:35993/jars/org.slf4j_slf4j-api-2.0.7.jar with timestamp 1761876887928
[2025-10-31T09:14:57.881+0700] {subprocess.py:93} INFO - 25/10/31 09:14:57 INFO SparkContext: Added JAR file:///home/***/.ivy2/jars/org.apache.hadoop_hadoop-client-api-3.3.4.jar at spark://cf6042098ac0:35993/jars/org.apache.hadoop_hadoop-client-api-3.3.4.jar with timestamp 1761876887928
[2025-10-31T09:14:57.902+0700] {subprocess.py:93} INFO - 25/10/31 09:14:57 INFO SparkContext: Added JAR file:///home/***/.ivy2/jars/commons-logging_commons-logging-1.1.3.jar at spark://cf6042098ac0:35993/jars/commons-logging_commons-logging-1.1.3.jar with timestamp 1761876887928
[2025-10-31T09:14:57.912+0700] {subprocess.py:93} INFO - 25/10/31 09:14:57 INFO SparkContext: Added JAR file:///home/***/.ivy2/jars/org.checkerframework_checker-qual-3.31.0.jar at spark://cf6042098ac0:35993/jars/org.checkerframework_checker-qual-3.31.0.jar with timestamp 1761876887928
[2025-10-31T09:14:57.934+0700] {subprocess.py:93} INFO - 25/10/31 09:14:57 INFO SparkContext: Added file file:///home/***/.ivy2/jars/org.apache.spark_spark-sql-kafka-0-10_2.12-3.5.1.jar at file:///home/***/.ivy2/jars/org.apache.spark_spark-sql-kafka-0-10_2.12-3.5.1.jar with timestamp 1761876887928
[2025-10-31T09:14:57.960+0700] {subprocess.py:93} INFO - 25/10/31 09:14:57 INFO Utils: Copying /home/***/.ivy2/jars/org.apache.spark_spark-sql-kafka-0-10_2.12-3.5.1.jar to /tmp/spark-46bfe3ee-6d7c-43eb-be94-9b05ddea8b4e/userFiles-c342445f-3816-4380-ad71-4408afebf59f/org.apache.spark_spark-sql-kafka-0-10_2.12-3.5.1.jar
[2025-10-31T09:14:57.979+0700] {subprocess.py:93} INFO - 25/10/31 09:14:57 INFO SparkContext: Added file file:///home/***/.ivy2/jars/org.postgresql_postgresql-42.6.0.jar at file:///home/***/.ivy2/jars/org.postgresql_postgresql-42.6.0.jar with timestamp 1761876887928
[2025-10-31T09:14:58.020+0700] {subprocess.py:93} INFO - 25/10/31 09:14:57 INFO Utils: Copying /home/***/.ivy2/jars/org.postgresql_postgresql-42.6.0.jar to /tmp/spark-46bfe3ee-6d7c-43eb-be94-9b05ddea8b4e/userFiles-c342445f-3816-4380-ad71-4408afebf59f/org.postgresql_postgresql-42.6.0.jar
[2025-10-31T09:14:58.050+0700] {subprocess.py:93} INFO - 25/10/31 09:14:57 INFO SparkContext: Added file file:///home/***/.ivy2/jars/org.apache.spark_spark-token-provider-kafka-0-10_2.12-3.5.1.jar at file:///home/***/.ivy2/jars/org.apache.spark_spark-token-provider-kafka-0-10_2.12-3.5.1.jar with timestamp 1761876887928
[2025-10-31T09:14:58.062+0700] {subprocess.py:93} INFO - 25/10/31 09:14:57 INFO Utils: Copying /home/***/.ivy2/jars/org.apache.spark_spark-token-provider-kafka-0-10_2.12-3.5.1.jar to /tmp/spark-46bfe3ee-6d7c-43eb-be94-9b05ddea8b4e/userFiles-c342445f-3816-4380-ad71-4408afebf59f/org.apache.spark_spark-token-provider-kafka-0-10_2.12-3.5.1.jar
[2025-10-31T09:14:58.099+0700] {subprocess.py:93} INFO - 25/10/31 09:14:57 INFO SparkContext: Added file file:///home/***/.ivy2/jars/org.apache.kafka_kafka-clients-3.4.1.jar at file:///home/***/.ivy2/jars/org.apache.kafka_kafka-clients-3.4.1.jar with timestamp 1761876887928
[2025-10-31T09:14:58.113+0700] {subprocess.py:93} INFO - 25/10/31 09:14:57 INFO Utils: Copying /home/***/.ivy2/jars/org.apache.kafka_kafka-clients-3.4.1.jar to /tmp/spark-46bfe3ee-6d7c-43eb-be94-9b05ddea8b4e/userFiles-c342445f-3816-4380-ad71-4408afebf59f/org.apache.kafka_kafka-clients-3.4.1.jar
[2025-10-31T09:14:58.131+0700] {subprocess.py:93} INFO - 25/10/31 09:14:58 INFO SparkContext: Added file file:///home/***/.ivy2/jars/com.google.code.findbugs_jsr305-3.0.0.jar at file:///home/***/.ivy2/jars/com.google.code.findbugs_jsr305-3.0.0.jar with timestamp 1761876887928
[2025-10-31T09:14:58.174+0700] {subprocess.py:93} INFO - 25/10/31 09:14:58 INFO Utils: Copying /home/***/.ivy2/jars/com.google.code.findbugs_jsr305-3.0.0.jar to /tmp/spark-46bfe3ee-6d7c-43eb-be94-9b05ddea8b4e/userFiles-c342445f-3816-4380-ad71-4408afebf59f/com.google.code.findbugs_jsr305-3.0.0.jar
[2025-10-31T09:14:58.200+0700] {subprocess.py:93} INFO - 25/10/31 09:14:58 INFO SparkContext: Added file file:///home/***/.ivy2/jars/org.apache.commons_commons-pool2-2.11.1.jar at file:///home/***/.ivy2/jars/org.apache.commons_commons-pool2-2.11.1.jar with timestamp 1761876887928
[2025-10-31T09:14:58.226+0700] {subprocess.py:93} INFO - 25/10/31 09:14:58 INFO Utils: Copying /home/***/.ivy2/jars/org.apache.commons_commons-pool2-2.11.1.jar to /tmp/spark-46bfe3ee-6d7c-43eb-be94-9b05ddea8b4e/userFiles-c342445f-3816-4380-ad71-4408afebf59f/org.apache.commons_commons-pool2-2.11.1.jar
[2025-10-31T09:14:58.235+0700] {subprocess.py:93} INFO - 25/10/31 09:14:58 INFO SparkContext: Added file file:///home/***/.ivy2/jars/org.apache.hadoop_hadoop-client-runtime-3.3.4.jar at file:///home/***/.ivy2/jars/org.apache.hadoop_hadoop-client-runtime-3.3.4.jar with timestamp 1761876887928
[2025-10-31T09:14:58.249+0700] {subprocess.py:93} INFO - 25/10/31 09:14:58 INFO Utils: Copying /home/***/.ivy2/jars/org.apache.hadoop_hadoop-client-runtime-3.3.4.jar to /tmp/spark-46bfe3ee-6d7c-43eb-be94-9b05ddea8b4e/userFiles-c342445f-3816-4380-ad71-4408afebf59f/org.apache.hadoop_hadoop-client-runtime-3.3.4.jar
[2025-10-31T09:14:58.547+0700] {subprocess.py:93} INFO - 25/10/31 09:14:58 INFO SparkContext: Added file file:///home/***/.ivy2/jars/org.lz4_lz4-java-1.8.0.jar at file:///home/***/.ivy2/jars/org.lz4_lz4-java-1.8.0.jar with timestamp 1761876887928
[2025-10-31T09:14:58.552+0700] {subprocess.py:93} INFO - 25/10/31 09:14:58 INFO Utils: Copying /home/***/.ivy2/jars/org.lz4_lz4-java-1.8.0.jar to /tmp/spark-46bfe3ee-6d7c-43eb-be94-9b05ddea8b4e/userFiles-c342445f-3816-4380-ad71-4408afebf59f/org.lz4_lz4-java-1.8.0.jar
[2025-10-31T09:14:58.555+0700] {subprocess.py:93} INFO - 25/10/31 09:14:58 INFO SparkContext: Added file file:///home/***/.ivy2/jars/org.xerial.snappy_snappy-java-1.1.10.3.jar at file:///home/***/.ivy2/jars/org.xerial.snappy_snappy-java-1.1.10.3.jar with timestamp 1761876887928
[2025-10-31T09:14:58.560+0700] {subprocess.py:93} INFO - 25/10/31 09:14:58 INFO Utils: Copying /home/***/.ivy2/jars/org.xerial.snappy_snappy-java-1.1.10.3.jar to /tmp/spark-46bfe3ee-6d7c-43eb-be94-9b05ddea8b4e/userFiles-c342445f-3816-4380-ad71-4408afebf59f/org.xerial.snappy_snappy-java-1.1.10.3.jar
[2025-10-31T09:14:58.580+0700] {subprocess.py:93} INFO - 25/10/31 09:14:58 INFO SparkContext: Added file file:///home/***/.ivy2/jars/org.slf4j_slf4j-api-2.0.7.jar at file:///home/***/.ivy2/jars/org.slf4j_slf4j-api-2.0.7.jar with timestamp 1761876887928
[2025-10-31T09:14:58.604+0700] {subprocess.py:93} INFO - 25/10/31 09:14:58 INFO Utils: Copying /home/***/.ivy2/jars/org.slf4j_slf4j-api-2.0.7.jar to /tmp/spark-46bfe3ee-6d7c-43eb-be94-9b05ddea8b4e/userFiles-c342445f-3816-4380-ad71-4408afebf59f/org.slf4j_slf4j-api-2.0.7.jar
[2025-10-31T09:14:58.680+0700] {subprocess.py:93} INFO - 25/10/31 09:14:58 INFO SparkContext: Added file file:///home/***/.ivy2/jars/org.apache.hadoop_hadoop-client-api-3.3.4.jar at file:///home/***/.ivy2/jars/org.apache.hadoop_hadoop-client-api-3.3.4.jar with timestamp 1761876887928
[2025-10-31T09:14:59.148+0700] {subprocess.py:93} INFO - 25/10/31 09:14:58 INFO Utils: Copying /home/***/.ivy2/jars/org.apache.hadoop_hadoop-client-api-3.3.4.jar to /tmp/spark-46bfe3ee-6d7c-43eb-be94-9b05ddea8b4e/userFiles-c342445f-3816-4380-ad71-4408afebf59f/org.apache.hadoop_hadoop-client-api-3.3.4.jar
[2025-10-31T09:15:09.655+0700] {subprocess.py:93} INFO - 25/10/31 09:15:09 INFO SparkContext: Added file file:///home/***/.ivy2/jars/commons-logging_commons-logging-1.1.3.jar at file:///home/***/.ivy2/jars/commons-logging_commons-logging-1.1.3.jar with timestamp 1761876887928
[2025-10-31T09:15:09.878+0700] {subprocess.py:93} INFO - 25/10/31 09:15:09 INFO Utils: Copying /home/***/.ivy2/jars/commons-logging_commons-logging-1.1.3.jar to /tmp/spark-46bfe3ee-6d7c-43eb-be94-9b05ddea8b4e/userFiles-c342445f-3816-4380-ad71-4408afebf59f/commons-logging_commons-logging-1.1.3.jar
[2025-10-31T09:15:10.015+0700] {subprocess.py:93} INFO - 25/10/31 09:15:09 INFO SparkContext: Added file file:///home/***/.ivy2/jars/org.checkerframework_checker-qual-3.31.0.jar at file:///home/***/.ivy2/jars/org.checkerframework_checker-qual-3.31.0.jar with timestamp 1761876887928
[2025-10-31T09:15:10.734+0700] {subprocess.py:93} INFO - 25/10/31 09:15:09 INFO Utils: Copying /home/***/.ivy2/jars/org.checkerframework_checker-qual-3.31.0.jar to /tmp/spark-46bfe3ee-6d7c-43eb-be94-9b05ddea8b4e/userFiles-c342445f-3816-4380-ad71-4408afebf59f/org.checkerframework_checker-qual-3.31.0.jar
[2025-10-31T09:15:11.674+0700] {subprocess.py:93} INFO - 25/10/31 09:15:11 INFO Executor: Starting executor ID driver on host cf6042098ac0
[2025-10-31T09:15:11.674+0700] {subprocess.py:93} INFO - 25/10/31 09:15:11 INFO Executor: OS info Linux, 6.14.0-33-generic, amd64
[2025-10-31T09:15:11.674+0700] {subprocess.py:93} INFO - 25/10/31 09:15:11 INFO Executor: Java version 17.0.17
[2025-10-31T09:15:11.754+0700] {subprocess.py:93} INFO - 25/10/31 09:15:11 INFO Executor: Starting executor with user classpath (userClassPathFirst = false): ''
[2025-10-31T09:15:11.766+0700] {subprocess.py:93} INFO - 25/10/31 09:15:11 INFO Executor: Created or updated repl class loader org.apache.spark.util.MutableURLClassLoader@2a957b14 for default.
[2025-10-31T09:15:11.805+0700] {subprocess.py:93} INFO - 25/10/31 09:15:11 INFO Executor: Fetching file:///home/***/.ivy2/jars/org.apache.spark_spark-sql-kafka-0-10_2.12-3.5.1.jar with timestamp 1761876887928
[2025-10-31T09:15:11.830+0700] {subprocess.py:93} INFO - 25/10/31 09:15:11 INFO Utils: /home/***/.ivy2/jars/org.apache.spark_spark-sql-kafka-0-10_2.12-3.5.1.jar has been previously copied to /tmp/spark-46bfe3ee-6d7c-43eb-be94-9b05ddea8b4e/userFiles-c342445f-3816-4380-ad71-4408afebf59f/org.apache.spark_spark-sql-kafka-0-10_2.12-3.5.1.jar
[2025-10-31T09:15:11.834+0700] {subprocess.py:93} INFO - 25/10/31 09:15:11 INFO Executor: Fetching file:///home/***/.ivy2/jars/org.apache.hadoop_hadoop-client-runtime-3.3.4.jar with timestamp 1761876887928
[2025-10-31T09:15:11.854+0700] {subprocess.py:93} INFO - 25/10/31 09:15:11 INFO Utils: /home/***/.ivy2/jars/org.apache.hadoop_hadoop-client-runtime-3.3.4.jar has been previously copied to /tmp/spark-46bfe3ee-6d7c-43eb-be94-9b05ddea8b4e/userFiles-c342445f-3816-4380-ad71-4408afebf59f/org.apache.hadoop_hadoop-client-runtime-3.3.4.jar
[2025-10-31T09:15:11.858+0700] {subprocess.py:93} INFO - 25/10/31 09:15:11 INFO Executor: Fetching file:///home/***/.ivy2/jars/org.apache.hadoop_hadoop-client-api-3.3.4.jar with timestamp 1761876887928
[2025-10-31T09:15:11.873+0700] {subprocess.py:93} INFO - 25/10/31 09:15:11 INFO Utils: /home/***/.ivy2/jars/org.apache.hadoop_hadoop-client-api-3.3.4.jar has been previously copied to /tmp/spark-46bfe3ee-6d7c-43eb-be94-9b05ddea8b4e/userFiles-c342445f-3816-4380-ad71-4408afebf59f/org.apache.hadoop_hadoop-client-api-3.3.4.jar
[2025-10-31T09:15:11.877+0700] {subprocess.py:93} INFO - 25/10/31 09:15:11 INFO Executor: Fetching file:///home/***/.ivy2/jars/org.apache.spark_spark-token-provider-kafka-0-10_2.12-3.5.1.jar with timestamp 1761876887928
[2025-10-31T09:15:11.877+0700] {subprocess.py:93} INFO - 25/10/31 09:15:11 INFO Utils: /home/***/.ivy2/jars/org.apache.spark_spark-token-provider-kafka-0-10_2.12-3.5.1.jar has been previously copied to /tmp/spark-46bfe3ee-6d7c-43eb-be94-9b05ddea8b4e/userFiles-c342445f-3816-4380-ad71-4408afebf59f/org.apache.spark_spark-token-provider-kafka-0-10_2.12-3.5.1.jar
[2025-10-31T09:15:11.881+0700] {subprocess.py:93} INFO - 25/10/31 09:15:11 INFO Executor: Fetching file:///home/***/.ivy2/jars/com.google.code.findbugs_jsr305-3.0.0.jar with timestamp 1761876887928
[2025-10-31T09:15:11.881+0700] {subprocess.py:93} INFO - 25/10/31 09:15:11 INFO Utils: /home/***/.ivy2/jars/com.google.code.findbugs_jsr305-3.0.0.jar has been previously copied to /tmp/spark-46bfe3ee-6d7c-43eb-be94-9b05ddea8b4e/userFiles-c342445f-3816-4380-ad71-4408afebf59f/com.google.code.findbugs_jsr305-3.0.0.jar
[2025-10-31T09:15:11.884+0700] {subprocess.py:93} INFO - 25/10/31 09:15:11 INFO Executor: Fetching file:///home/***/.ivy2/jars/org.lz4_lz4-java-1.8.0.jar with timestamp 1761876887928
[2025-10-31T09:15:11.885+0700] {subprocess.py:93} INFO - 25/10/31 09:15:11 INFO Utils: /home/***/.ivy2/jars/org.lz4_lz4-java-1.8.0.jar has been previously copied to /tmp/spark-46bfe3ee-6d7c-43eb-be94-9b05ddea8b4e/userFiles-c342445f-3816-4380-ad71-4408afebf59f/org.lz4_lz4-java-1.8.0.jar
[2025-10-31T09:15:11.889+0700] {subprocess.py:93} INFO - 25/10/31 09:15:11 INFO Executor: Fetching file:///home/***/.ivy2/jars/org.slf4j_slf4j-api-2.0.7.jar with timestamp 1761876887928
[2025-10-31T09:15:11.889+0700] {subprocess.py:93} INFO - 25/10/31 09:15:11 INFO Utils: /home/***/.ivy2/jars/org.slf4j_slf4j-api-2.0.7.jar has been previously copied to /tmp/spark-46bfe3ee-6d7c-43eb-be94-9b05ddea8b4e/userFiles-c342445f-3816-4380-ad71-4408afebf59f/org.slf4j_slf4j-api-2.0.7.jar
[2025-10-31T09:15:11.901+0700] {subprocess.py:93} INFO - 25/10/31 09:15:11 INFO Executor: Fetching file:///home/***/.ivy2/jars/org.checkerframework_checker-qual-3.31.0.jar with timestamp 1761876887928
[2025-10-31T09:15:11.908+0700] {subprocess.py:93} INFO - 25/10/31 09:15:11 INFO Utils: /home/***/.ivy2/jars/org.checkerframework_checker-qual-3.31.0.jar has been previously copied to /tmp/spark-46bfe3ee-6d7c-43eb-be94-9b05ddea8b4e/userFiles-c342445f-3816-4380-ad71-4408afebf59f/org.checkerframework_checker-qual-3.31.0.jar
[2025-10-31T09:15:11.921+0700] {subprocess.py:93} INFO - 25/10/31 09:15:11 INFO Executor: Fetching file:///home/***/.ivy2/jars/org.apache.commons_commons-pool2-2.11.1.jar with timestamp 1761876887928
[2025-10-31T09:15:11.924+0700] {subprocess.py:93} INFO - 25/10/31 09:15:11 INFO Utils: /home/***/.ivy2/jars/org.apache.commons_commons-pool2-2.11.1.jar has been previously copied to /tmp/spark-46bfe3ee-6d7c-43eb-be94-9b05ddea8b4e/userFiles-c342445f-3816-4380-ad71-4408afebf59f/org.apache.commons_commons-pool2-2.11.1.jar
[2025-10-31T09:15:11.936+0700] {subprocess.py:93} INFO - 25/10/31 09:15:11 INFO Executor: Fetching file:///home/***/.ivy2/jars/commons-logging_commons-logging-1.1.3.jar with timestamp 1761876887928
[2025-10-31T09:15:11.939+0700] {subprocess.py:93} INFO - 25/10/31 09:15:11 INFO Utils: /home/***/.ivy2/jars/commons-logging_commons-logging-1.1.3.jar has been previously copied to /tmp/spark-46bfe3ee-6d7c-43eb-be94-9b05ddea8b4e/userFiles-c342445f-3816-4380-ad71-4408afebf59f/commons-logging_commons-logging-1.1.3.jar
[2025-10-31T09:15:11.950+0700] {subprocess.py:93} INFO - 25/10/31 09:15:11 INFO Executor: Fetching file:///home/***/.ivy2/jars/org.xerial.snappy_snappy-java-1.1.10.3.jar with timestamp 1761876887928
[2025-10-31T09:15:11.959+0700] {subprocess.py:93} INFO - 25/10/31 09:15:11 INFO Utils: /home/***/.ivy2/jars/org.xerial.snappy_snappy-java-1.1.10.3.jar has been previously copied to /tmp/spark-46bfe3ee-6d7c-43eb-be94-9b05ddea8b4e/userFiles-c342445f-3816-4380-ad71-4408afebf59f/org.xerial.snappy_snappy-java-1.1.10.3.jar
[2025-10-31T09:15:11.972+0700] {subprocess.py:93} INFO - 25/10/31 09:15:11 INFO Executor: Fetching file:///home/***/.ivy2/jars/org.postgresql_postgresql-42.6.0.jar with timestamp 1761876887928
[2025-10-31T09:15:11.977+0700] {subprocess.py:93} INFO - 25/10/31 09:15:11 INFO Utils: /home/***/.ivy2/jars/org.postgresql_postgresql-42.6.0.jar has been previously copied to /tmp/spark-46bfe3ee-6d7c-43eb-be94-9b05ddea8b4e/userFiles-c342445f-3816-4380-ad71-4408afebf59f/org.postgresql_postgresql-42.6.0.jar
[2025-10-31T09:15:11.982+0700] {subprocess.py:93} INFO - 25/10/31 09:15:11 INFO Executor: Fetching file:///home/***/.ivy2/jars/org.apache.kafka_kafka-clients-3.4.1.jar with timestamp 1761876887928
[2025-10-31T09:15:11.987+0700] {subprocess.py:93} INFO - 25/10/31 09:15:11 INFO Utils: /home/***/.ivy2/jars/org.apache.kafka_kafka-clients-3.4.1.jar has been previously copied to /tmp/spark-46bfe3ee-6d7c-43eb-be94-9b05ddea8b4e/userFiles-c342445f-3816-4380-ad71-4408afebf59f/org.apache.kafka_kafka-clients-3.4.1.jar
[2025-10-31T09:15:11.995+0700] {subprocess.py:93} INFO - 25/10/31 09:15:11 INFO Executor: Fetching spark://cf6042098ac0:35993/jars/org.postgresql_postgresql-42.6.0.jar with timestamp 1761876887928
[2025-10-31T09:15:12.053+0700] {subprocess.py:93} INFO - 25/10/31 09:15:12 INFO TransportClientFactory: Successfully created connection to cf6042098ac0/172.18.0.9:35993 after 33 ms (0 ms spent in bootstraps)
[2025-10-31T09:15:12.136+0700] {subprocess.py:93} INFO - 25/10/31 09:15:12 INFO Utils: Fetching spark://cf6042098ac0:35993/jars/org.postgresql_postgresql-42.6.0.jar to /tmp/spark-46bfe3ee-6d7c-43eb-be94-9b05ddea8b4e/userFiles-c342445f-3816-4380-ad71-4408afebf59f/fetchFileTemp11831250461812788126.tmp
[2025-10-31T09:15:12.298+0700] {subprocess.py:93} INFO - 25/10/31 09:15:12 INFO Utils: /tmp/spark-46bfe3ee-6d7c-43eb-be94-9b05ddea8b4e/userFiles-c342445f-3816-4380-ad71-4408afebf59f/fetchFileTemp11831250461812788126.tmp has been previously copied to /tmp/spark-46bfe3ee-6d7c-43eb-be94-9b05ddea8b4e/userFiles-c342445f-3816-4380-ad71-4408afebf59f/org.postgresql_postgresql-42.6.0.jar
[2025-10-31T09:15:12.304+0700] {subprocess.py:93} INFO - 25/10/31 09:15:12 INFO Executor: Adding file:/tmp/spark-46bfe3ee-6d7c-43eb-be94-9b05ddea8b4e/userFiles-c342445f-3816-4380-ad71-4408afebf59f/org.postgresql_postgresql-42.6.0.jar to class loader default
[2025-10-31T09:15:12.304+0700] {subprocess.py:93} INFO - 25/10/31 09:15:12 INFO Executor: Fetching spark://cf6042098ac0:35993/jars/org.apache.commons_commons-pool2-2.11.1.jar with timestamp 1761876887928
[2025-10-31T09:15:12.305+0700] {subprocess.py:93} INFO - 25/10/31 09:15:12 INFO Utils: Fetching spark://cf6042098ac0:35993/jars/org.apache.commons_commons-pool2-2.11.1.jar to /tmp/spark-46bfe3ee-6d7c-43eb-be94-9b05ddea8b4e/userFiles-c342445f-3816-4380-ad71-4408afebf59f/fetchFileTemp864585089405755639.tmp
[2025-10-31T09:15:12.306+0700] {subprocess.py:93} INFO - 25/10/31 09:15:12 INFO Utils: /tmp/spark-46bfe3ee-6d7c-43eb-be94-9b05ddea8b4e/userFiles-c342445f-3816-4380-ad71-4408afebf59f/fetchFileTemp864585089405755639.tmp has been previously copied to /tmp/spark-46bfe3ee-6d7c-43eb-be94-9b05ddea8b4e/userFiles-c342445f-3816-4380-ad71-4408afebf59f/org.apache.commons_commons-pool2-2.11.1.jar
[2025-10-31T09:15:12.312+0700] {subprocess.py:93} INFO - 25/10/31 09:15:12 INFO Executor: Adding file:/tmp/spark-46bfe3ee-6d7c-43eb-be94-9b05ddea8b4e/userFiles-c342445f-3816-4380-ad71-4408afebf59f/org.apache.commons_commons-pool2-2.11.1.jar to class loader default
[2025-10-31T09:15:12.312+0700] {subprocess.py:93} INFO - 25/10/31 09:15:12 INFO Executor: Fetching spark://cf6042098ac0:35993/jars/org.slf4j_slf4j-api-2.0.7.jar with timestamp 1761876887928
[2025-10-31T09:15:12.312+0700] {subprocess.py:93} INFO - 25/10/31 09:15:12 INFO Utils: Fetching spark://cf6042098ac0:35993/jars/org.slf4j_slf4j-api-2.0.7.jar to /tmp/spark-46bfe3ee-6d7c-43eb-be94-9b05ddea8b4e/userFiles-c342445f-3816-4380-ad71-4408afebf59f/fetchFileTemp2050938869499434523.tmp
[2025-10-31T09:15:12.313+0700] {subprocess.py:93} INFO - 25/10/31 09:15:12 INFO Utils: /tmp/spark-46bfe3ee-6d7c-43eb-be94-9b05ddea8b4e/userFiles-c342445f-3816-4380-ad71-4408afebf59f/fetchFileTemp2050938869499434523.tmp has been previously copied to /tmp/spark-46bfe3ee-6d7c-43eb-be94-9b05ddea8b4e/userFiles-c342445f-3816-4380-ad71-4408afebf59f/org.slf4j_slf4j-api-2.0.7.jar
[2025-10-31T09:15:12.318+0700] {subprocess.py:93} INFO - 25/10/31 09:15:12 INFO Executor: Adding file:/tmp/spark-46bfe3ee-6d7c-43eb-be94-9b05ddea8b4e/userFiles-c342445f-3816-4380-ad71-4408afebf59f/org.slf4j_slf4j-api-2.0.7.jar to class loader default
[2025-10-31T09:15:12.319+0700] {subprocess.py:93} INFO - 25/10/31 09:15:12 INFO Executor: Fetching spark://cf6042098ac0:35993/jars/org.apache.hadoop_hadoop-client-runtime-3.3.4.jar with timestamp 1761876887928
[2025-10-31T09:15:12.319+0700] {subprocess.py:93} INFO - 25/10/31 09:15:12 INFO Utils: Fetching spark://cf6042098ac0:35993/jars/org.apache.hadoop_hadoop-client-runtime-3.3.4.jar to /tmp/spark-46bfe3ee-6d7c-43eb-be94-9b05ddea8b4e/userFiles-c342445f-3816-4380-ad71-4408afebf59f/fetchFileTemp4005812810554676469.tmp
[2025-10-31T09:15:12.529+0700] {subprocess.py:93} INFO - 25/10/31 09:15:12 INFO Utils: /tmp/spark-46bfe3ee-6d7c-43eb-be94-9b05ddea8b4e/userFiles-c342445f-3816-4380-ad71-4408afebf59f/fetchFileTemp4005812810554676469.tmp has been previously copied to /tmp/spark-46bfe3ee-6d7c-43eb-be94-9b05ddea8b4e/userFiles-c342445f-3816-4380-ad71-4408afebf59f/org.apache.hadoop_hadoop-client-runtime-3.3.4.jar
[2025-10-31T09:15:12.538+0700] {subprocess.py:93} INFO - 25/10/31 09:15:12 INFO Executor: Adding file:/tmp/spark-46bfe3ee-6d7c-43eb-be94-9b05ddea8b4e/userFiles-c342445f-3816-4380-ad71-4408afebf59f/org.apache.hadoop_hadoop-client-runtime-3.3.4.jar to class loader default
[2025-10-31T09:15:12.539+0700] {subprocess.py:93} INFO - 25/10/31 09:15:12 INFO Executor: Fetching spark://cf6042098ac0:35993/jars/org.apache.kafka_kafka-clients-3.4.1.jar with timestamp 1761876887928
[2025-10-31T09:15:12.539+0700] {subprocess.py:93} INFO - 25/10/31 09:15:12 INFO Utils: Fetching spark://cf6042098ac0:35993/jars/org.apache.kafka_kafka-clients-3.4.1.jar to /tmp/spark-46bfe3ee-6d7c-43eb-be94-9b05ddea8b4e/userFiles-c342445f-3816-4380-ad71-4408afebf59f/fetchFileTemp2773228465644458684.tmp
[2025-10-31T09:15:12.558+0700] {subprocess.py:93} INFO - 25/10/31 09:15:12 INFO Utils: /tmp/spark-46bfe3ee-6d7c-43eb-be94-9b05ddea8b4e/userFiles-c342445f-3816-4380-ad71-4408afebf59f/fetchFileTemp2773228465644458684.tmp has been previously copied to /tmp/spark-46bfe3ee-6d7c-43eb-be94-9b05ddea8b4e/userFiles-c342445f-3816-4380-ad71-4408afebf59f/org.apache.kafka_kafka-clients-3.4.1.jar
[2025-10-31T09:15:12.562+0700] {subprocess.py:93} INFO - 25/10/31 09:15:12 INFO Executor: Adding file:/tmp/spark-46bfe3ee-6d7c-43eb-be94-9b05ddea8b4e/userFiles-c342445f-3816-4380-ad71-4408afebf59f/org.apache.kafka_kafka-clients-3.4.1.jar to class loader default
[2025-10-31T09:15:12.563+0700] {subprocess.py:93} INFO - 25/10/31 09:15:12 INFO Executor: Fetching spark://cf6042098ac0:35993/jars/org.checkerframework_checker-qual-3.31.0.jar with timestamp 1761876887928
[2025-10-31T09:15:12.563+0700] {subprocess.py:93} INFO - 25/10/31 09:15:12 INFO Utils: Fetching spark://cf6042098ac0:35993/jars/org.checkerframework_checker-qual-3.31.0.jar to /tmp/spark-46bfe3ee-6d7c-43eb-be94-9b05ddea8b4e/userFiles-c342445f-3816-4380-ad71-4408afebf59f/fetchFileTemp16036188721332330041.tmp
[2025-10-31T09:15:12.564+0700] {subprocess.py:93} INFO - 25/10/31 09:15:12 INFO Utils: /tmp/spark-46bfe3ee-6d7c-43eb-be94-9b05ddea8b4e/userFiles-c342445f-3816-4380-ad71-4408afebf59f/fetchFileTemp16036188721332330041.tmp has been previously copied to /tmp/spark-46bfe3ee-6d7c-43eb-be94-9b05ddea8b4e/userFiles-c342445f-3816-4380-ad71-4408afebf59f/org.checkerframework_checker-qual-3.31.0.jar
[2025-10-31T09:15:12.569+0700] {subprocess.py:93} INFO - 25/10/31 09:15:12 INFO Executor: Adding file:/tmp/spark-46bfe3ee-6d7c-43eb-be94-9b05ddea8b4e/userFiles-c342445f-3816-4380-ad71-4408afebf59f/org.checkerframework_checker-qual-3.31.0.jar to class loader default
[2025-10-31T09:15:12.571+0700] {subprocess.py:93} INFO - 25/10/31 09:15:12 INFO Executor: Fetching spark://cf6042098ac0:35993/jars/com.google.code.findbugs_jsr305-3.0.0.jar with timestamp 1761876887928
[2025-10-31T09:15:12.572+0700] {subprocess.py:93} INFO - 25/10/31 09:15:12 INFO Utils: Fetching spark://cf6042098ac0:35993/jars/com.google.code.findbugs_jsr305-3.0.0.jar to /tmp/spark-46bfe3ee-6d7c-43eb-be94-9b05ddea8b4e/userFiles-c342445f-3816-4380-ad71-4408afebf59f/fetchFileTemp16744662319809409904.tmp
[2025-10-31T09:15:12.574+0700] {subprocess.py:93} INFO - 25/10/31 09:15:12 INFO Utils: /tmp/spark-46bfe3ee-6d7c-43eb-be94-9b05ddea8b4e/userFiles-c342445f-3816-4380-ad71-4408afebf59f/fetchFileTemp16744662319809409904.tmp has been previously copied to /tmp/spark-46bfe3ee-6d7c-43eb-be94-9b05ddea8b4e/userFiles-c342445f-3816-4380-ad71-4408afebf59f/com.google.code.findbugs_jsr305-3.0.0.jar
[2025-10-31T09:15:12.579+0700] {subprocess.py:93} INFO - 25/10/31 09:15:12 INFO Executor: Adding file:/tmp/spark-46bfe3ee-6d7c-43eb-be94-9b05ddea8b4e/userFiles-c342445f-3816-4380-ad71-4408afebf59f/com.google.code.findbugs_jsr305-3.0.0.jar to class loader default
[2025-10-31T09:15:12.579+0700] {subprocess.py:93} INFO - 25/10/31 09:15:12 INFO Executor: Fetching spark://cf6042098ac0:35993/jars/org.lz4_lz4-java-1.8.0.jar with timestamp 1761876887928
[2025-10-31T09:15:12.579+0700] {subprocess.py:93} INFO - 25/10/31 09:15:12 INFO Utils: Fetching spark://cf6042098ac0:35993/jars/org.lz4_lz4-java-1.8.0.jar to /tmp/spark-46bfe3ee-6d7c-43eb-be94-9b05ddea8b4e/userFiles-c342445f-3816-4380-ad71-4408afebf59f/fetchFileTemp4210369677820754980.tmp
[2025-10-31T09:15:12.581+0700] {subprocess.py:93} INFO - 25/10/31 09:15:12 INFO Utils: /tmp/spark-46bfe3ee-6d7c-43eb-be94-9b05ddea8b4e/userFiles-c342445f-3816-4380-ad71-4408afebf59f/fetchFileTemp4210369677820754980.tmp has been previously copied to /tmp/spark-46bfe3ee-6d7c-43eb-be94-9b05ddea8b4e/userFiles-c342445f-3816-4380-ad71-4408afebf59f/org.lz4_lz4-java-1.8.0.jar
[2025-10-31T09:15:12.587+0700] {subprocess.py:93} INFO - 25/10/31 09:15:12 INFO Executor: Adding file:/tmp/spark-46bfe3ee-6d7c-43eb-be94-9b05ddea8b4e/userFiles-c342445f-3816-4380-ad71-4408afebf59f/org.lz4_lz4-java-1.8.0.jar to class loader default
[2025-10-31T09:15:12.587+0700] {subprocess.py:93} INFO - 25/10/31 09:15:12 INFO Executor: Fetching spark://cf6042098ac0:35993/jars/org.xerial.snappy_snappy-java-1.1.10.3.jar with timestamp 1761876887928
[2025-10-31T09:15:12.588+0700] {subprocess.py:93} INFO - 25/10/31 09:15:12 INFO Utils: Fetching spark://cf6042098ac0:35993/jars/org.xerial.snappy_snappy-java-1.1.10.3.jar to /tmp/spark-46bfe3ee-6d7c-43eb-be94-9b05ddea8b4e/userFiles-c342445f-3816-4380-ad71-4408afebf59f/fetchFileTemp11240719569780238707.tmp
[2025-10-31T09:15:12.594+0700] {subprocess.py:93} INFO - 25/10/31 09:15:12 INFO Utils: /tmp/spark-46bfe3ee-6d7c-43eb-be94-9b05ddea8b4e/userFiles-c342445f-3816-4380-ad71-4408afebf59f/fetchFileTemp11240719569780238707.tmp has been previously copied to /tmp/spark-46bfe3ee-6d7c-43eb-be94-9b05ddea8b4e/userFiles-c342445f-3816-4380-ad71-4408afebf59f/org.xerial.snappy_snappy-java-1.1.10.3.jar
[2025-10-31T09:15:12.600+0700] {subprocess.py:93} INFO - 25/10/31 09:15:12 INFO Executor: Adding file:/tmp/spark-46bfe3ee-6d7c-43eb-be94-9b05ddea8b4e/userFiles-c342445f-3816-4380-ad71-4408afebf59f/org.xerial.snappy_snappy-java-1.1.10.3.jar to class loader default
[2025-10-31T09:15:12.601+0700] {subprocess.py:93} INFO - 25/10/31 09:15:12 INFO Executor: Fetching spark://cf6042098ac0:35993/jars/commons-logging_commons-logging-1.1.3.jar with timestamp 1761876887928
[2025-10-31T09:15:12.601+0700] {subprocess.py:93} INFO - 25/10/31 09:15:12 INFO Utils: Fetching spark://cf6042098ac0:35993/jars/commons-logging_commons-logging-1.1.3.jar to /tmp/spark-46bfe3ee-6d7c-43eb-be94-9b05ddea8b4e/userFiles-c342445f-3816-4380-ad71-4408afebf59f/fetchFileTemp12233417196707388127.tmp
[2025-10-31T09:15:12.602+0700] {subprocess.py:93} INFO - 25/10/31 09:15:12 INFO Utils: /tmp/spark-46bfe3ee-6d7c-43eb-be94-9b05ddea8b4e/userFiles-c342445f-3816-4380-ad71-4408afebf59f/fetchFileTemp12233417196707388127.tmp has been previously copied to /tmp/spark-46bfe3ee-6d7c-43eb-be94-9b05ddea8b4e/userFiles-c342445f-3816-4380-ad71-4408afebf59f/commons-logging_commons-logging-1.1.3.jar
[2025-10-31T09:15:12.606+0700] {subprocess.py:93} INFO - 25/10/31 09:15:12 INFO Executor: Adding file:/tmp/spark-46bfe3ee-6d7c-43eb-be94-9b05ddea8b4e/userFiles-c342445f-3816-4380-ad71-4408afebf59f/commons-logging_commons-logging-1.1.3.jar to class loader default
[2025-10-31T09:15:12.606+0700] {subprocess.py:93} INFO - 25/10/31 09:15:12 INFO Executor: Fetching spark://cf6042098ac0:35993/jars/org.apache.hadoop_hadoop-client-api-3.3.4.jar with timestamp 1761876887928
[2025-10-31T09:15:12.606+0700] {subprocess.py:93} INFO - 25/10/31 09:15:12 INFO Utils: Fetching spark://cf6042098ac0:35993/jars/org.apache.hadoop_hadoop-client-api-3.3.4.jar to /tmp/spark-46bfe3ee-6d7c-43eb-be94-9b05ddea8b4e/userFiles-c342445f-3816-4380-ad71-4408afebf59f/fetchFileTemp1837442374661707931.tmp
[2025-10-31T09:15:12.720+0700] {subprocess.py:93} INFO - 25/10/31 09:15:12 INFO Utils: /tmp/spark-46bfe3ee-6d7c-43eb-be94-9b05ddea8b4e/userFiles-c342445f-3816-4380-ad71-4408afebf59f/fetchFileTemp1837442374661707931.tmp has been previously copied to /tmp/spark-46bfe3ee-6d7c-43eb-be94-9b05ddea8b4e/userFiles-c342445f-3816-4380-ad71-4408afebf59f/org.apache.hadoop_hadoop-client-api-3.3.4.jar
[2025-10-31T09:15:12.726+0700] {subprocess.py:93} INFO - 25/10/31 09:15:12 INFO Executor: Adding file:/tmp/spark-46bfe3ee-6d7c-43eb-be94-9b05ddea8b4e/userFiles-c342445f-3816-4380-ad71-4408afebf59f/org.apache.hadoop_hadoop-client-api-3.3.4.jar to class loader default
[2025-10-31T09:15:12.726+0700] {subprocess.py:93} INFO - 25/10/31 09:15:12 INFO Executor: Fetching spark://cf6042098ac0:35993/jars/org.apache.spark_spark-sql-kafka-0-10_2.12-3.5.1.jar with timestamp 1761876887928
[2025-10-31T09:15:12.727+0700] {subprocess.py:93} INFO - 25/10/31 09:15:12 INFO Utils: Fetching spark://cf6042098ac0:35993/jars/org.apache.spark_spark-sql-kafka-0-10_2.12-3.5.1.jar to /tmp/spark-46bfe3ee-6d7c-43eb-be94-9b05ddea8b4e/userFiles-c342445f-3816-4380-ad71-4408afebf59f/fetchFileTemp10289470307753166667.tmp
[2025-10-31T09:15:12.728+0700] {subprocess.py:93} INFO - 25/10/31 09:15:12 INFO Utils: /tmp/spark-46bfe3ee-6d7c-43eb-be94-9b05ddea8b4e/userFiles-c342445f-3816-4380-ad71-4408afebf59f/fetchFileTemp10289470307753166667.tmp has been previously copied to /tmp/spark-46bfe3ee-6d7c-43eb-be94-9b05ddea8b4e/userFiles-c342445f-3816-4380-ad71-4408afebf59f/org.apache.spark_spark-sql-kafka-0-10_2.12-3.5.1.jar
[2025-10-31T09:15:12.732+0700] {subprocess.py:93} INFO - 25/10/31 09:15:12 INFO Executor: Adding file:/tmp/spark-46bfe3ee-6d7c-43eb-be94-9b05ddea8b4e/userFiles-c342445f-3816-4380-ad71-4408afebf59f/org.apache.spark_spark-sql-kafka-0-10_2.12-3.5.1.jar to class loader default
[2025-10-31T09:15:12.733+0700] {subprocess.py:93} INFO - 25/10/31 09:15:12 INFO Executor: Fetching spark://cf6042098ac0:35993/jars/org.apache.spark_spark-token-provider-kafka-0-10_2.12-3.5.1.jar with timestamp 1761876887928
[2025-10-31T09:15:12.734+0700] {subprocess.py:93} INFO - 25/10/31 09:15:12 INFO Utils: Fetching spark://cf6042098ac0:35993/jars/org.apache.spark_spark-token-provider-kafka-0-10_2.12-3.5.1.jar to /tmp/spark-46bfe3ee-6d7c-43eb-be94-9b05ddea8b4e/userFiles-c342445f-3816-4380-ad71-4408afebf59f/fetchFileTemp14474160781165322919.tmp
[2025-10-31T09:15:12.735+0700] {subprocess.py:93} INFO - 25/10/31 09:15:12 INFO Utils: /tmp/spark-46bfe3ee-6d7c-43eb-be94-9b05ddea8b4e/userFiles-c342445f-3816-4380-ad71-4408afebf59f/fetchFileTemp14474160781165322919.tmp has been previously copied to /tmp/spark-46bfe3ee-6d7c-43eb-be94-9b05ddea8b4e/userFiles-c342445f-3816-4380-ad71-4408afebf59f/org.apache.spark_spark-token-provider-kafka-0-10_2.12-3.5.1.jar
[2025-10-31T09:15:12.740+0700] {subprocess.py:93} INFO - 25/10/31 09:15:12 INFO Executor: Adding file:/tmp/spark-46bfe3ee-6d7c-43eb-be94-9b05ddea8b4e/userFiles-c342445f-3816-4380-ad71-4408afebf59f/org.apache.spark_spark-token-provider-kafka-0-10_2.12-3.5.1.jar to class loader default
[2025-10-31T09:15:12.757+0700] {subprocess.py:93} INFO - 25/10/31 09:15:12 INFO Utils: Successfully started service 'org.apache.spark.network.netty.NettyBlockTransferService' on port 33447.
[2025-10-31T09:15:12.757+0700] {subprocess.py:93} INFO - 25/10/31 09:15:12 INFO NettyBlockTransferService: Server created on cf6042098ac0:33447
[2025-10-31T09:15:12.760+0700] {subprocess.py:93} INFO - 25/10/31 09:15:12 INFO BlockManager: Using org.apache.spark.storage.RandomBlockReplicationPolicy for block replication policy
[2025-10-31T09:15:12.768+0700] {subprocess.py:93} INFO - 25/10/31 09:15:12 INFO BlockManagerMaster: Registering BlockManager BlockManagerId(driver, cf6042098ac0, 33447, None)
[2025-10-31T09:15:12.772+0700] {subprocess.py:93} INFO - 25/10/31 09:15:12 INFO BlockManagerMasterEndpoint: Registering block manager cf6042098ac0:33447 with 434.4 MiB RAM, BlockManagerId(driver, cf6042098ac0, 33447, None)
[2025-10-31T09:15:12.777+0700] {subprocess.py:93} INFO - 25/10/31 09:15:12 INFO BlockManagerMaster: Registered BlockManager BlockManagerId(driver, cf6042098ac0, 33447, None)
[2025-10-31T09:15:12.778+0700] {subprocess.py:93} INFO - 25/10/31 09:15:12 INFO BlockManager: Initialized BlockManager: BlockManagerId(driver, cf6042098ac0, 33447, None)
[2025-10-31T09:15:16.128+0700] {subprocess.py:93} INFO -  Streaming job started  ang lng nghe d liu t Kafka...
[2025-10-31T09:15:17.830+0700] {subprocess.py:93} INFO - [Batch 0]  Khng c d liu mi.
[2025-10-31T09:15:42.554+0700] {subprocess.py:93} INFO - [INFO] PostgreSQL rng  cha c model retrain no, dng model mc nh.
[2025-10-31T09:15:42.555+0700] {subprocess.py:93} INFO - [INFO]  Dng model mc nh: /opt/***/models/best_absa_hardshare.pt
[2025-10-31T09:15:51.791+0700] {subprocess.py:93} INFO - [INFO] PostgreSQL rng  cha c model retrain no, dng model mc nh.
[2025-10-31T09:15:51.792+0700] {subprocess.py:93} INFO - [INFO]  Dng model mc nh: /opt/***/models/best_absa_hardshare.pt
[2025-10-31T09:16:48.376+0700] {subprocess.py:93} INFO - [INFO] PostgreSQL rng  cha c model retrain no, dng model mc nh.
[2025-10-31T09:16:48.376+0700] {subprocess.py:93} INFO - [INFO]  Dng model mc nh: /opt/***/models/best_absa_hardshare.pt
[2025-10-31T09:16:50.518+0700] {subprocess.py:93} INFO - 25/10/31 09:16:50 ERROR Executor: Exception in task 0.0 in stage 4.0 (TID 3)
[2025-10-31T09:16:50.552+0700] {subprocess.py:93} INFO - org.apache.spark.api.python.PythonException: Traceback (most recent call last):
[2025-10-31T09:16:50.553+0700] {subprocess.py:93} INFO -   File "/opt/***/projects/absa_streaming/scripts/consumer_postgres_streaming.py", line 134, in absa_infer_udf
[2025-10-31T09:16:50.553+0700] {subprocess.py:93} INFO -     _model.load_state_dict(torch.load(MODEL_PATH, map_location=DEVICE))
[2025-10-31T09:16:50.587+0700] {subprocess.py:93} INFO -                            ^^^^^^^^^^^^^^^^^^^^^^^^^^^^^^^^^^^^^^^^^^^
[2025-10-31T09:16:50.587+0700] {subprocess.py:93} INFO -   File "/home/***/.local/lib/python3.12/site-packages/torch/serialization.py", line 1025, in load
[2025-10-31T09:16:50.587+0700] {subprocess.py:93} INFO -     return _load(opened_zipfile,
[2025-10-31T09:16:50.587+0700] {subprocess.py:93} INFO -            ^^^^^^^^^^^^^^^^^^^^^
[2025-10-31T09:16:50.588+0700] {subprocess.py:93} INFO -   File "/home/***/.local/lib/python3.12/site-packages/torch/serialization.py", line 1446, in _load
[2025-10-31T09:16:50.588+0700] {subprocess.py:93} INFO -     result = unpickler.load()
[2025-10-31T09:16:50.629+0700] {subprocess.py:93} INFO -              ^^^^^^^^^^^^^^^^
[2025-10-31T09:16:50.629+0700] {subprocess.py:93} INFO -   File "/home/***/.local/lib/python3.12/site-packages/torch/serialization.py", line 1416, in persistent_load
[2025-10-31T09:16:50.629+0700] {subprocess.py:93} INFO -     typed_storage = load_tensor(dtype, nbytes, key, _maybe_decode_ascii(location))
[2025-10-31T09:16:50.630+0700] {subprocess.py:93} INFO -                     ^^^^^^^^^^^^^^^^^^^^^^^^^^^^^^^^^^^^^^^^^^^^^^^^^^^^^^^^^^^^^^
[2025-10-31T09:16:50.630+0700] {subprocess.py:93} INFO -   File "/home/***/.local/lib/python3.12/site-packages/torch/serialization.py", line 1390, in load_tensor
[2025-10-31T09:16:50.630+0700] {subprocess.py:93} INFO -     wrap_storage=restore_location(storage, location),
[2025-10-31T09:16:50.630+0700] {subprocess.py:93} INFO -                  ^^^^^^^^^^^^^^^^^^^^^^^^^^^^^^^^^^^
[2025-10-31T09:16:50.684+0700] {subprocess.py:93} INFO -   File "/home/***/.local/lib/python3.12/site-packages/torch/serialization.py", line 1313, in restore_location
[2025-10-31T09:16:50.709+0700] {subprocess.py:93} INFO -     return default_restore_location(storage, map_location)
[2025-10-31T09:16:50.710+0700] {subprocess.py:93} INFO -            ^^^^^^^^^^^^^^^^^^^^^^^^^^^^^^^^^^^^^^^^^^^^^^^
[2025-10-31T09:16:50.710+0700] {subprocess.py:93} INFO -   File "/home/***/.local/lib/python3.12/site-packages/torch/serialization.py", line 390, in default_restore_location
[2025-10-31T09:16:50.710+0700] {subprocess.py:93} INFO -     result = fn(storage, location)
[2025-10-31T09:16:50.728+0700] {subprocess.py:93} INFO -              ^^^^^^^^^^^^^^^^^^^^^
[2025-10-31T09:16:50.728+0700] {subprocess.py:93} INFO -   File "/home/***/.local/lib/python3.12/site-packages/torch/serialization.py", line 270, in _cuda_deserialize
[2025-10-31T09:16:50.728+0700] {subprocess.py:93} INFO -     return obj.cuda(device)
[2025-10-31T09:16:50.729+0700] {subprocess.py:93} INFO -            ^^^^^^^^^^^^^^^^
[2025-10-31T09:16:50.729+0700] {subprocess.py:93} INFO -   File "/home/***/.local/lib/python3.12/site-packages/torch/_utils.py", line 114, in _cuda
[2025-10-31T09:16:50.729+0700] {subprocess.py:93} INFO -     untyped_storage = torch.UntypedStorage(
[2025-10-31T09:16:50.779+0700] {subprocess.py:93} INFO -                       ^^^^^^^^^^^^^^^^^^^^^
[2025-10-31T09:16:50.779+0700] {subprocess.py:93} INFO - torch.cuda.OutOfMemoryError: CUDA out of memory. Tried to allocate 734.00 MiB. GPU
[2025-10-31T09:16:50.779+0700] {subprocess.py:93} INFO - 
[2025-10-31T09:16:50.779+0700] {subprocess.py:93} INFO - 	at org.apache.spark.api.python.BasePythonRunner$ReaderIterator.handlePythonException(PythonRunner.scala:572)
[2025-10-31T09:16:50.779+0700] {subprocess.py:93} INFO - 	at org.apache.spark.sql.execution.python.PythonArrowOutput$$anon$1.read(PythonArrowOutput.scala:118)
[2025-10-31T09:16:50.780+0700] {subprocess.py:93} INFO - 	at org.apache.spark.api.python.BasePythonRunner$ReaderIterator.hasNext(PythonRunner.scala:525)
[2025-10-31T09:16:50.780+0700] {subprocess.py:93} INFO - 	at org.apache.spark.InterruptibleIterator.hasNext(InterruptibleIterator.scala:37)
[2025-10-31T09:16:50.780+0700] {subprocess.py:93} INFO - 	at scala.collection.Iterator$$anon$11.hasNext(Iterator.scala:491)
[2025-10-31T09:16:50.780+0700] {subprocess.py:93} INFO - 	at scala.collection.Iterator$$anon$10.hasNext(Iterator.scala:460)
[2025-10-31T09:16:50.780+0700] {subprocess.py:93} INFO - 	at scala.collection.Iterator$$anon$10.hasNext(Iterator.scala:460)
[2025-10-31T09:16:50.780+0700] {subprocess.py:93} INFO - 	at org.apache.spark.sql.catalyst.expressions.GeneratedClass$GeneratedIteratorForCodegenStage1.processNext(Unknown Source)
[2025-10-31T09:16:50.780+0700] {subprocess.py:93} INFO - 	at org.apache.spark.sql.execution.BufferedRowIterator.hasNext(BufferedRowIterator.java:43)
[2025-10-31T09:16:50.847+0700] {subprocess.py:93} INFO - 	at org.apache.spark.sql.execution.WholeStageCodegenEvaluatorFactory$WholeStageCodegenPartitionEvaluator$$anon$1.hasNext(WholeStageCodegenEvaluatorFactory.scala:43)
[2025-10-31T09:16:50.848+0700] {subprocess.py:93} INFO - 	at org.apache.spark.sql.execution.SparkPlan.$anonfun$getByteArrayRdd$1(SparkPlan.scala:388)
[2025-10-31T09:16:50.848+0700] {subprocess.py:93} INFO - 	at org.apache.spark.rdd.RDD.$anonfun$mapPartitionsInternal$2(RDD.scala:893)
[2025-10-31T09:16:50.865+0700] {subprocess.py:93} INFO - 	at org.apache.spark.rdd.RDD.$anonfun$mapPartitionsInternal$2$adapted(RDD.scala:893)
[2025-10-31T09:16:50.865+0700] {subprocess.py:93} INFO - 	at org.apache.spark.rdd.MapPartitionsRDD.compute(MapPartitionsRDD.scala:52)
[2025-10-31T09:16:50.865+0700] {subprocess.py:93} INFO - 	at org.apache.spark.rdd.RDD.computeOrReadCheckpoint(RDD.scala:367)
[2025-10-31T09:16:50.865+0700] {subprocess.py:93} INFO - 	at org.apache.spark.rdd.RDD.iterator(RDD.scala:331)
[2025-10-31T09:16:50.865+0700] {subprocess.py:93} INFO - 	at org.apache.spark.scheduler.ResultTask.runTask(ResultTask.scala:93)
[2025-10-31T09:16:50.865+0700] {subprocess.py:93} INFO - 	at org.apache.spark.TaskContext.runTaskWithListeners(TaskContext.scala:166)
[2025-10-31T09:16:50.866+0700] {subprocess.py:93} INFO - 	at org.apache.spark.scheduler.Task.run(Task.scala:141)
[2025-10-31T09:16:50.866+0700] {subprocess.py:93} INFO - 	at org.apache.spark.executor.Executor$TaskRunner.$anonfun$run$4(Executor.scala:620)
[2025-10-31T09:16:50.866+0700] {subprocess.py:93} INFO - 	at org.apache.spark.util.SparkErrorUtils.tryWithSafeFinally(SparkErrorUtils.scala:64)
[2025-10-31T09:16:50.866+0700] {subprocess.py:93} INFO - 	at org.apache.spark.util.SparkErrorUtils.tryWithSafeFinally$(SparkErrorUtils.scala:61)
[2025-10-31T09:16:50.866+0700] {subprocess.py:93} INFO - 	at org.apache.spark.util.Utils$.tryWithSafeFinally(Utils.scala:94)
[2025-10-31T09:16:50.866+0700] {subprocess.py:93} INFO - 	at org.apache.spark.executor.Executor$TaskRunner.run(Executor.scala:623)
[2025-10-31T09:16:50.866+0700] {subprocess.py:93} INFO - 	at java.base/java.util.concurrent.ThreadPoolExecutor.runWorker(ThreadPoolExecutor.java:1136)
[2025-10-31T09:16:50.866+0700] {subprocess.py:93} INFO - 	at java.base/java.util.concurrent.ThreadPoolExecutor$Worker.run(ThreadPoolExecutor.java:635)
[2025-10-31T09:16:50.866+0700] {subprocess.py:93} INFO - 	at java.base/java.lang.Thread.run(Thread.java:840)
[2025-10-31T09:16:50.866+0700] {subprocess.py:93} INFO - 25/10/31 09:16:50 ERROR TaskSetManager: Task 0 in stage 4.0 failed 1 times; aborting job
[2025-10-31T09:16:53.253+0700] {subprocess.py:93} INFO - 25/10/31 09:16:53 ERROR MicroBatchExecution: Query [id = b86d5ea6-18cb-444a-bdd5-989b46028df1, runId = b1e00d23-819b-4f26-8fa8-908bab6a66da] terminated with error
[2025-10-31T09:16:53.253+0700] {subprocess.py:93} INFO - py4j.Py4JException: An exception was raised by the Python Proxy. Return Message: Traceback (most recent call last):
[2025-10-31T09:16:53.253+0700] {subprocess.py:93} INFO -   File "/home/***/.local/lib/python3.12/site-packages/pyspark/python/lib/py4j-0.10.9.7-src.zip/py4j/clientserver.py", line 617, in _call_proxy
[2025-10-31T09:16:53.253+0700] {subprocess.py:93} INFO -     return_value = getattr(self.pool[obj_id], method)(*params)
[2025-10-31T09:16:53.253+0700] {subprocess.py:93} INFO -                    ^^^^^^^^^^^^^^^^^^^^^^^^^^^^^^^^^^^^^^^^^^^
[2025-10-31T09:16:53.254+0700] {subprocess.py:93} INFO -   File "/home/***/.local/lib/python3.12/site-packages/pyspark/python/lib/pyspark.zip/pyspark/sql/utils.py", line 120, in call
[2025-10-31T09:16:53.254+0700] {subprocess.py:93} INFO -     raise e
[2025-10-31T09:16:53.254+0700] {subprocess.py:93} INFO -   File "/home/***/.local/lib/python3.12/site-packages/pyspark/python/lib/pyspark.zip/pyspark/sql/utils.py", line 117, in call
[2025-10-31T09:16:53.254+0700] {subprocess.py:93} INFO -     self.func(DataFrame(jdf, wrapped_session_jdf), batch_id)
[2025-10-31T09:16:53.254+0700] {subprocess.py:93} INFO -   File "/opt/***/projects/absa_streaming/scripts/consumer_postgres_streaming.py", line 191, in write_to_postgres
[2025-10-31T09:16:53.254+0700] {subprocess.py:93} INFO -     preview = batch_df.select("ReviewText", *ASPECTS).limit(5).toPandas().to_dict(orient="records")
[2025-10-31T09:16:53.254+0700] {subprocess.py:93} INFO -               ^^^^^^^^^^^^^^^^^^^^^^^^^^^^^^^^^^^^^^^^^^^^^^^^^^^^^^^^^^^
[2025-10-31T09:16:53.254+0700] {subprocess.py:93} INFO -   File "/home/***/.local/lib/python3.12/site-packages/pyspark/python/lib/pyspark.zip/pyspark/sql/pandas/conversion.py", line 202, in toPandas
[2025-10-31T09:16:53.254+0700] {subprocess.py:93} INFO -     rows = self.collect()
[2025-10-31T09:16:53.255+0700] {subprocess.py:93} INFO -            ^^^^^^^^^^^^^^
[2025-10-31T09:16:53.255+0700] {subprocess.py:93} INFO -   File "/home/***/.local/lib/python3.12/site-packages/pyspark/python/lib/pyspark.zip/pyspark/sql/dataframe.py", line 1261, in collect
[2025-10-31T09:16:53.255+0700] {subprocess.py:93} INFO -     sock_info = self._jdf.collectToPython()
[2025-10-31T09:16:53.255+0700] {subprocess.py:93} INFO -                 ^^^^^^^^^^^^^^^^^^^^^^^^^^^
[2025-10-31T09:16:53.255+0700] {subprocess.py:93} INFO -   File "/home/***/.local/lib/python3.12/site-packages/pyspark/python/lib/py4j-0.10.9.7-src.zip/py4j/java_gateway.py", line 1322, in __call__
[2025-10-31T09:16:53.255+0700] {subprocess.py:93} INFO -     return_value = get_return_value(
[2025-10-31T09:16:53.255+0700] {subprocess.py:93} INFO -                    ^^^^^^^^^^^^^^^^^
[2025-10-31T09:16:53.255+0700] {subprocess.py:93} INFO -   File "/home/***/.local/lib/python3.12/site-packages/pyspark/python/lib/pyspark.zip/pyspark/errors/exceptions/captured.py", line 185, in deco
[2025-10-31T09:16:53.255+0700] {subprocess.py:93} INFO -     raise converted from None
[2025-10-31T09:16:53.255+0700] {subprocess.py:93} INFO - pyspark.errors.exceptions.captured.PythonException:
[2025-10-31T09:16:53.256+0700] {subprocess.py:93} INFO -   An exception was thrown from the Python worker. Please see the stack trace below.
[2025-10-31T09:16:53.256+0700] {subprocess.py:93} INFO - Traceback (most recent call last):
[2025-10-31T09:16:53.256+0700] {subprocess.py:93} INFO -   File "/opt/***/projects/absa_streaming/scripts/consumer_postgres_streaming.py", line 134, in absa_infer_udf
[2025-10-31T09:16:53.256+0700] {subprocess.py:93} INFO -     _model.load_state_dict(torch.load(MODEL_PATH, map_location=DEVICE))
[2025-10-31T09:16:53.256+0700] {subprocess.py:93} INFO -                            ^^^^^^^^^^^^^^^^^^^^^^^^^^^^^^^^^^^^^^^^^^^
[2025-10-31T09:16:53.256+0700] {subprocess.py:93} INFO -   File "/home/***/.local/lib/python3.12/site-packages/torch/serialization.py", line 1025, in load
[2025-10-31T09:16:53.256+0700] {subprocess.py:93} INFO -     return _load(opened_zipfile,
[2025-10-31T09:16:53.256+0700] {subprocess.py:93} INFO -            ^^^^^^^^^^^^^^^^^^^^^
[2025-10-31T09:16:53.256+0700] {subprocess.py:93} INFO -   File "/home/***/.local/lib/python3.12/site-packages/torch/serialization.py", line 1446, in _load
[2025-10-31T09:16:53.257+0700] {subprocess.py:93} INFO -     result = unpickler.load()
[2025-10-31T09:16:53.257+0700] {subprocess.py:93} INFO -              ^^^^^^^^^^^^^^^^
[2025-10-31T09:16:53.257+0700] {subprocess.py:93} INFO -   File "/home/***/.local/lib/python3.12/site-packages/torch/serialization.py", line 1416, in persistent_load
[2025-10-31T09:16:53.257+0700] {subprocess.py:93} INFO -     typed_storage = load_tensor(dtype, nbytes, key, _maybe_decode_ascii(location))
[2025-10-31T09:16:53.257+0700] {subprocess.py:93} INFO -                     ^^^^^^^^^^^^^^^^^^^^^^^^^^^^^^^^^^^^^^^^^^^^^^^^^^^^^^^^^^^^^^
[2025-10-31T09:16:53.257+0700] {subprocess.py:93} INFO -   File "/home/***/.local/lib/python3.12/site-packages/torch/serialization.py", line 1390, in load_tensor
[2025-10-31T09:16:53.421+0700] {subprocess.py:93} INFO -     wrap_storage=restore_location(storage, location),
[2025-10-31T09:16:53.421+0700] {subprocess.py:93} INFO -                  ^^^^^^^^^^^^^^^^^^^^^^^^^^^^^^^^^^^
[2025-10-31T09:16:53.421+0700] {subprocess.py:93} INFO -   File "/home/***/.local/lib/python3.12/site-packages/torch/serialization.py", line 1313, in restore_location
[2025-10-31T09:16:53.421+0700] {subprocess.py:93} INFO -     return default_restore_location(storage, map_location)
[2025-10-31T09:16:53.421+0700] {subprocess.py:93} INFO -            ^^^^^^^^^^^^^^^^^^^^^^^^^^^^^^^^^^^^^^^^^^^^^^^
[2025-10-31T09:16:53.421+0700] {subprocess.py:93} INFO -   File "/home/***/.local/lib/python3.12/site-packages/torch/serialization.py", line 390, in default_restore_location
[2025-10-31T09:16:53.422+0700] {subprocess.py:93} INFO -     result = fn(storage, location)
[2025-10-31T09:16:53.422+0700] {subprocess.py:93} INFO -              ^^^^^^^^^^^^^^^^^^^^^
[2025-10-31T09:16:53.422+0700] {subprocess.py:93} INFO -   File "/home/***/.local/lib/python3.12/site-packages/torch/serialization.py", line 270, in _cuda_deserialize
[2025-10-31T09:16:53.422+0700] {subprocess.py:93} INFO -     return obj.cuda(device)
[2025-10-31T09:16:53.422+0700] {subprocess.py:93} INFO -            ^^^^^^^^^^^^^^^^
[2025-10-31T09:16:53.422+0700] {subprocess.py:93} INFO -   File "/home/***/.local/lib/python3.12/site-packages/torch/_utils.py", line 114, in _cuda
[2025-10-31T09:16:53.422+0700] {subprocess.py:93} INFO -     untyped_storage = torch.UntypedStorage(
[2025-10-31T09:16:53.422+0700] {subprocess.py:93} INFO -                       ^^^^^^^^^^^^^^^^^^^^^
[2025-10-31T09:16:53.422+0700] {subprocess.py:93} INFO - torch.cuda.OutOfMemoryError: CUDA out of memory. Tried to allocate 734.00 MiB. GPU
[2025-10-31T09:16:53.422+0700] {subprocess.py:93} INFO - 
[2025-10-31T09:16:53.423+0700] {subprocess.py:93} INFO - 
[2025-10-31T09:16:53.423+0700] {subprocess.py:93} INFO - 	at py4j.Protocol.getReturnValue(Protocol.java:476)
[2025-10-31T09:16:53.423+0700] {subprocess.py:93} INFO - 	at py4j.reflection.PythonProxyHandler.invoke(PythonProxyHandler.java:108)
[2025-10-31T09:16:53.423+0700] {subprocess.py:93} INFO - 	at jdk.proxy3/jdk.proxy3.$Proxy32.call(Unknown Source)
[2025-10-31T09:16:53.423+0700] {subprocess.py:93} INFO - 	at org.apache.spark.sql.execution.streaming.sources.PythonForeachBatchHelper$.$anonfun$callForeachBatch$1(ForeachBatchSink.scala:53)
[2025-10-31T09:16:53.423+0700] {subprocess.py:93} INFO - 	at org.apache.spark.sql.execution.streaming.sources.PythonForeachBatchHelper$.$anonfun$callForeachBatch$1$adapted(ForeachBatchSink.scala:53)
[2025-10-31T09:16:53.423+0700] {subprocess.py:93} INFO - 	at org.apache.spark.sql.execution.streaming.sources.ForeachBatchSink.addBatch(ForeachBatchSink.scala:34)
[2025-10-31T09:16:53.423+0700] {subprocess.py:93} INFO - 	at org.apache.spark.sql.execution.streaming.MicroBatchExecution.$anonfun$runBatch$17(MicroBatchExecution.scala:732)
[2025-10-31T09:16:53.423+0700] {subprocess.py:93} INFO - 	at org.apache.spark.sql.execution.SQLExecution$.$anonfun$withNewExecutionId$6(SQLExecution.scala:125)
[2025-10-31T09:16:53.423+0700] {subprocess.py:93} INFO - 	at org.apache.spark.sql.execution.SQLExecution$.withSQLConfPropagated(SQLExecution.scala:201)
[2025-10-31T09:16:53.424+0700] {subprocess.py:93} INFO - 	at org.apache.spark.sql.execution.SQLExecution$.$anonfun$withNewExecutionId$1(SQLExecution.scala:108)
[2025-10-31T09:16:53.424+0700] {subprocess.py:93} INFO - 	at org.apache.spark.sql.SparkSession.withActive(SparkSession.scala:900)
[2025-10-31T09:16:53.424+0700] {subprocess.py:93} INFO - 	at org.apache.spark.sql.execution.SQLExecution$.withNewExecutionId(SQLExecution.scala:66)
[2025-10-31T09:16:53.424+0700] {subprocess.py:93} INFO - 	at org.apache.spark.sql.execution.streaming.MicroBatchExecution.$anonfun$runBatch$16(MicroBatchExecution.scala:729)
[2025-10-31T09:16:53.424+0700] {subprocess.py:93} INFO - 	at org.apache.spark.sql.execution.streaming.ProgressReporter.reportTimeTaken(ProgressReporter.scala:427)
[2025-10-31T09:16:53.424+0700] {subprocess.py:93} INFO - 	at org.apache.spark.sql.execution.streaming.ProgressReporter.reportTimeTaken$(ProgressReporter.scala:425)
[2025-10-31T09:16:53.424+0700] {subprocess.py:93} INFO - 	at org.apache.spark.sql.execution.streaming.StreamExecution.reportTimeTaken(StreamExecution.scala:67)
[2025-10-31T09:16:53.424+0700] {subprocess.py:93} INFO - 	at org.apache.spark.sql.execution.streaming.MicroBatchExecution.runBatch(MicroBatchExecution.scala:729)
[2025-10-31T09:16:53.424+0700] {subprocess.py:93} INFO - 	at org.apache.spark.sql.execution.streaming.MicroBatchExecution.$anonfun$runActivatedStream$2(MicroBatchExecution.scala:286)
[2025-10-31T09:16:53.425+0700] {subprocess.py:93} INFO - 	at scala.runtime.java8.JFunction0$mcV$sp.apply(JFunction0$mcV$sp.java:23)
[2025-10-31T09:16:53.425+0700] {subprocess.py:93} INFO - 	at org.apache.spark.sql.execution.streaming.ProgressReporter.reportTimeTaken(ProgressReporter.scala:427)
[2025-10-31T09:16:53.425+0700] {subprocess.py:93} INFO - 	at org.apache.spark.sql.execution.streaming.ProgressReporter.reportTimeTaken$(ProgressReporter.scala:425)
[2025-10-31T09:16:53.425+0700] {subprocess.py:93} INFO - 	at org.apache.spark.sql.execution.streaming.StreamExecution.reportTimeTaken(StreamExecution.scala:67)
[2025-10-31T09:16:53.425+0700] {subprocess.py:93} INFO - 	at org.apache.spark.sql.execution.streaming.MicroBatchExecution.$anonfun$runActivatedStream$1(MicroBatchExecution.scala:249)
[2025-10-31T09:16:53.425+0700] {subprocess.py:93} INFO - 	at org.apache.spark.sql.execution.streaming.ProcessingTimeExecutor.execute(TriggerExecutor.scala:67)
[2025-10-31T09:16:53.425+0700] {subprocess.py:93} INFO - 	at org.apache.spark.sql.execution.streaming.MicroBatchExecution.runActivatedStream(MicroBatchExecution.scala:239)
[2025-10-31T09:16:53.425+0700] {subprocess.py:93} INFO - 	at org.apache.spark.sql.execution.streaming.StreamExecution.$anonfun$runStream$1(StreamExecution.scala:311)
[2025-10-31T09:16:53.425+0700] {subprocess.py:93} INFO - 	at scala.runtime.java8.JFunction0$mcV$sp.apply(JFunction0$mcV$sp.java:23)
[2025-10-31T09:16:53.425+0700] {subprocess.py:93} INFO - 	at org.apache.spark.sql.SparkSession.withActive(SparkSession.scala:900)
[2025-10-31T09:16:53.426+0700] {subprocess.py:93} INFO - 	at org.apache.spark.sql.execution.streaming.StreamExecution.org$apache$spark$sql$execution$streaming$StreamExecution$$runStream(StreamExecution.scala:289)
[2025-10-31T09:16:53.426+0700] {subprocess.py:93} INFO - 	at org.apache.spark.sql.execution.streaming.StreamExecution$$anon$1.$anonfun$run$1(StreamExecution.scala:211)
[2025-10-31T09:16:53.426+0700] {subprocess.py:93} INFO - 	at scala.runtime.java8.JFunction0$mcV$sp.apply(JFunction0$mcV$sp.java:23)
[2025-10-31T09:16:53.426+0700] {subprocess.py:93} INFO - 	at org.apache.spark.JobArtifactSet$.withActiveJobArtifactState(JobArtifactSet.scala:94)
[2025-10-31T09:16:53.426+0700] {subprocess.py:93} INFO - 	at org.apache.spark.sql.execution.streaming.StreamExecution$$anon$1.run(StreamExecution.scala:211)
[2025-10-31T09:16:54.038+0700] {subprocess.py:93} INFO - Traceback (most recent call last):
[2025-10-31T09:16:54.038+0700] {subprocess.py:93} INFO -   File "/opt/***/projects/absa_streaming/scripts/consumer_postgres_streaming.py", line 235, in <module>
[2025-10-31T09:16:54.038+0700] {subprocess.py:93} INFO -     query.awaitTermination()
[2025-10-31T09:16:54.039+0700] {subprocess.py:93} INFO -   File "/home/***/.local/lib/python3.12/site-packages/pyspark/python/lib/pyspark.zip/pyspark/sql/streaming/query.py", line 221, in awaitTermination
[2025-10-31T09:16:54.055+0700] {subprocess.py:93} INFO -   File "/home/***/.local/lib/python3.12/site-packages/pyspark/python/lib/py4j-0.10.9.7-src.zip/py4j/java_gateway.py", line 1322, in __call__
[2025-10-31T09:16:54.056+0700] {subprocess.py:93} INFO -   File "/home/***/.local/lib/python3.12/site-packages/pyspark/python/lib/pyspark.zip/pyspark/errors/exceptions/captured.py", line 185, in deco
[2025-10-31T09:16:54.058+0700] {subprocess.py:93} INFO - pyspark.errors.exceptions.captured.StreamingQueryException: [STREAM_FAILED] Query [id = b86d5ea6-18cb-444a-bdd5-989b46028df1, runId = b1e00d23-819b-4f26-8fa8-908bab6a66da] terminated with exception: An exception was raised by the Python Proxy. Return Message: Traceback (most recent call last):
[2025-10-31T09:16:54.058+0700] {subprocess.py:93} INFO -   File "/home/***/.local/lib/python3.12/site-packages/pyspark/python/lib/py4j-0.10.9.7-src.zip/py4j/clientserver.py", line 617, in _call_proxy
[2025-10-31T09:16:54.058+0700] {subprocess.py:93} INFO -     return_value = getattr(self.pool[obj_id], method)(*params)
[2025-10-31T09:16:54.059+0700] {subprocess.py:93} INFO -                    ^^^^^^^^^^^^^^^^^^^^^^^^^^^^^^^^^^^^^^^^^^^
[2025-10-31T09:16:54.091+0700] {subprocess.py:93} INFO -   File "/home/***/.local/lib/python3.12/site-packages/pyspark/python/lib/pyspark.zip/pyspark/sql/utils.py", line 120, in call
[2025-10-31T09:16:54.091+0700] {subprocess.py:93} INFO -     raise e
[2025-10-31T09:16:54.126+0700] {subprocess.py:93} INFO -   File "/home/***/.local/lib/python3.12/site-packages/pyspark/python/lib/pyspark.zip/pyspark/sql/utils.py", line 117, in call
[2025-10-31T09:16:54.126+0700] {subprocess.py:93} INFO -     self.func(DataFrame(jdf, wrapped_session_jdf), batch_id)
[2025-10-31T09:16:54.126+0700] {subprocess.py:93} INFO -   File "/opt/***/projects/absa_streaming/scripts/consumer_postgres_streaming.py", line 191, in write_to_postgres
[2025-10-31T09:16:54.126+0700] {subprocess.py:93} INFO -     preview = batch_df.select("ReviewText", *ASPECTS).limit(5).toPandas().to_dict(orient="records")
[2025-10-31T09:16:54.127+0700] {subprocess.py:93} INFO -               ^^^^^^^^^^^^^^^^^^^^^^^^^^^^^^^^^^^^^^^^^^^^^^^^^^^^^^^^^^^
[2025-10-31T09:16:54.127+0700] {subprocess.py:93} INFO -   File "/home/***/.local/lib/python3.12/site-packages/pyspark/python/lib/pyspark.zip/pyspark/sql/pandas/conversion.py", line 202, in toPandas
[2025-10-31T09:16:54.127+0700] {subprocess.py:93} INFO -     rows = self.collect()
[2025-10-31T09:16:54.127+0700] {subprocess.py:93} INFO -            ^^^^^^^^^^^^^^
[2025-10-31T09:16:54.127+0700] {subprocess.py:93} INFO -   File "/home/***/.local/lib/python3.12/site-packages/pyspark/python/lib/pyspark.zip/pyspark/sql/dataframe.py", line 1261, in collect
[2025-10-31T09:16:54.127+0700] {subprocess.py:93} INFO -     sock_info = self._jdf.collectToPython()
[2025-10-31T09:16:54.128+0700] {subprocess.py:93} INFO -                 ^^^^^^^^^^^^^^^^^^^^^^^^^^^
[2025-10-31T09:16:54.128+0700] {subprocess.py:93} INFO -   File "/home/***/.local/lib/python3.12/site-packages/pyspark/python/lib/py4j-0.10.9.7-src.zip/py4j/java_gateway.py", line 1322, in __call__
[2025-10-31T09:16:54.128+0700] {subprocess.py:93} INFO -     return_value = get_return_value(
[2025-10-31T09:16:54.128+0700] {subprocess.py:93} INFO -                    ^^^^^^^^^^^^^^^^^
[2025-10-31T09:16:54.128+0700] {subprocess.py:93} INFO -   File "/home/***/.local/lib/python3.12/site-packages/pyspark/python/lib/pyspark.zip/pyspark/errors/exceptions/captured.py", line 185, in deco
[2025-10-31T09:16:54.128+0700] {subprocess.py:93} INFO -     raise converted from None
[2025-10-31T09:16:54.129+0700] {subprocess.py:93} INFO - pyspark.errors.exceptions.captured.PythonException:
[2025-10-31T09:16:54.129+0700] {subprocess.py:93} INFO -   An exception was thrown from the Python worker. Please see the stack trace below.
[2025-10-31T09:16:54.129+0700] {subprocess.py:93} INFO - Traceback (most recent call last):
[2025-10-31T09:16:54.129+0700] {subprocess.py:93} INFO -   File "/opt/***/projects/absa_streaming/scripts/consumer_postgres_streaming.py", line 134, in absa_infer_udf
[2025-10-31T09:16:54.129+0700] {subprocess.py:93} INFO -     _model.load_state_dict(torch.load(MODEL_PATH, map_location=DEVICE))
[2025-10-31T09:16:54.129+0700] {subprocess.py:93} INFO -                            ^^^^^^^^^^^^^^^^^^^^^^^^^^^^^^^^^^^^^^^^^^^
[2025-10-31T09:16:54.180+0700] {subprocess.py:93} INFO -   File "/home/***/.local/lib/python3.12/site-packages/torch/serialization.py", line 1025, in load
[2025-10-31T09:16:54.234+0700] {subprocess.py:93} INFO -     return _load(opened_zipfile,
[2025-10-31T09:16:54.234+0700] {subprocess.py:93} INFO -            ^^^^^^^^^^^^^^^^^^^^^
[2025-10-31T09:16:54.235+0700] {subprocess.py:93} INFO -   File "/home/***/.local/lib/python3.12/site-packages/torch/serialization.py", line 1446, in _load
[2025-10-31T09:16:54.270+0700] {subprocess.py:93} INFO -     result = unpickler.load()
[2025-10-31T09:16:54.271+0700] {subprocess.py:93} INFO -              ^^^^^^^^^^^^^^^^
[2025-10-31T09:16:54.271+0700] {subprocess.py:93} INFO -   File "/home/***/.local/lib/python3.12/site-packages/torch/serialization.py", line 1416, in persistent_load
[2025-10-31T09:16:54.305+0700] {subprocess.py:93} INFO -     typed_storage = load_tensor(dtype, nbytes, key, _maybe_decode_ascii(location))
[2025-10-31T09:16:54.305+0700] {subprocess.py:93} INFO -                     ^^^^^^^^^^^^^^^^^^^^^^^^^^^^^^^^^^^^^^^^^^^^^^^^^^^^^^^^^^^^^^
[2025-10-31T09:16:54.360+0700] {subprocess.py:93} INFO -   File "/home/***/.local/lib/python3.12/site-packages/torch/serialization.py", line 1390, in load_tensor
[2025-10-31T09:16:54.360+0700] {subprocess.py:93} INFO -     wrap_storage=restore_location(storage, location),
[2025-10-31T09:16:54.360+0700] {subprocess.py:93} INFO -                  ^^^^^^^^^^^^^^^^^^^^^^^^^^^^^^^^^^^
[2025-10-31T09:16:54.360+0700] {subprocess.py:93} INFO -   File "/home/***/.local/lib/python3.12/site-packages/torch/serialization.py", line 1313, in restore_location
[2025-10-31T09:16:54.360+0700] {subprocess.py:93} INFO -     return default_restore_location(storage, map_location)
[2025-10-31T09:16:54.360+0700] {subprocess.py:93} INFO -            ^^^^^^^^^^^^^^^^^^^^^^^^^^^^^^^^^^^^^^^^^^^^^^^
[2025-10-31T09:16:54.360+0700] {subprocess.py:93} INFO -   File "/home/***/.local/lib/python3.12/site-packages/torch/serialization.py", line 390, in default_restore_location
[2025-10-31T09:16:54.361+0700] {subprocess.py:93} INFO -     result = fn(storage, location)
[2025-10-31T09:16:54.361+0700] {subprocess.py:93} INFO -              ^^^^^^^^^^^^^^^^^^^^^
[2025-10-31T09:16:54.361+0700] {subprocess.py:93} INFO -   File "/home/***/.local/lib/python3.12/site-packages/torch/serialization.py", line 270, in _cuda_deserialize
[2025-10-31T09:16:54.361+0700] {subprocess.py:93} INFO -     return obj.cuda(device)
[2025-10-31T09:16:54.361+0700] {subprocess.py:93} INFO -            ^^^^^^^^^^^^^^^^
[2025-10-31T09:16:54.361+0700] {subprocess.py:93} INFO -   File "/home/***/.local/lib/python3.12/site-packages/torch/_utils.py", line 114, in _cuda
[2025-10-31T09:16:54.361+0700] {subprocess.py:93} INFO -     untyped_storage = torch.UntypedStorage(
[2025-10-31T09:16:54.361+0700] {subprocess.py:93} INFO -                       ^^^^^^^^^^^^^^^^^^^^^
[2025-10-31T09:16:54.361+0700] {subprocess.py:93} INFO - torch.cuda.OutOfMemoryError: CUDA out of memory. Tried to allocate 734.00 MiB. GPU
[2025-10-31T09:16:54.361+0700] {subprocess.py:93} INFO - 
[2025-10-31T09:16:54.361+0700] {subprocess.py:93} INFO - 
[2025-10-31T09:16:59.685+0700] {subprocess.py:97} INFO - Command exited with return code 1
[2025-10-31T09:16:59.749+0700] {taskinstance.py:441} INFO - ::group::Post task execution logs
[2025-10-31T09:17:00.165+0700] {taskinstance.py:2890} ERROR - Task failed with exception
Traceback (most recent call last):
  File "/home/airflow/.local/lib/python3.12/site-packages/airflow/models/taskinstance.py", line 460, in _execute_task
    result = _execute_callable(context=context, **execute_callable_kwargs)
             ^^^^^^^^^^^^^^^^^^^^^^^^^^^^^^^^^^^^^^^^^^^^^^^^^^^^^^^^^^^^^
  File "/home/airflow/.local/lib/python3.12/site-packages/airflow/models/taskinstance.py", line 432, in _execute_callable
    return execute_callable(context=context, **execute_callable_kwargs)
           ^^^^^^^^^^^^^^^^^^^^^^^^^^^^^^^^^^^^^^^^^^^^^^^^^^^^^^^^^^^^
  File "/home/airflow/.local/lib/python3.12/site-packages/airflow/models/baseoperator.py", line 400, in wrapper
    return func(self, *args, **kwargs)
           ^^^^^^^^^^^^^^^^^^^^^^^^^^^
  File "/home/airflow/.local/lib/python3.12/site-packages/airflow/operators/bash.py", line 243, in execute
    raise AirflowException(
airflow.exceptions.AirflowException: Bash command failed. The command returned a non-zero exit code 1.
[2025-10-31T09:17:00.292+0700] {taskinstance.py:1205} INFO - Marking task as UP_FOR_RETRY. dag_id=absa_streaming_lifecycle_demo11, task_id=deploy_consumer, execution_date=20251031T010000, start_date=20251031T020914, end_date=20251031T021700
[2025-10-31T09:17:00.546+0700] {standard_task_runner.py:110} ERROR - Failed to execute job 3 for task deploy_consumer (Bash command failed. The command returned a non-zero exit code 1.; 343)
[2025-10-31T09:17:00.619+0700] {local_task_job_runner.py:240} INFO - Task exited with return code 1
[2025-10-31T09:17:01.238+0700] {taskinstance.py:3482} INFO - 0 downstream tasks scheduled from follow-on schedule check
[2025-10-31T09:17:01.256+0700] {local_task_job_runner.py:222} INFO - ::endgroup::
