[2025-10-31T09:32:00.143+0700] {local_task_job_runner.py:120} INFO - ::group::Pre task execution logs
[2025-10-31T09:32:00.160+0700] {taskinstance.py:2073} INFO - Dependencies all met for dep_context=non-requeueable deps ti=<TaskInstance: absa_streaming_lifecycle_demo11.deploy_consumer scheduled__2025-10-31T01:00:00+00:00 [queued]>
[2025-10-31T09:32:00.164+0700] {taskinstance.py:2073} INFO - Dependencies all met for dep_context=requeueable deps ti=<TaskInstance: absa_streaming_lifecycle_demo11.deploy_consumer scheduled__2025-10-31T01:00:00+00:00 [queued]>
[2025-10-31T09:32:00.165+0700] {taskinstance.py:2303} INFO - Starting attempt 5 of 6
[2025-10-31T09:32:00.173+0700] {taskinstance.py:2327} INFO - Executing <Task(BashOperator): deploy_consumer> on 2025-10-31 01:00:00+00:00
[2025-10-31T09:32:00.180+0700] {warnings.py:110} WARNING - /home/***/.local/lib/python3.12/site-packages/***/task/task_runner/standard_task_runner.py:61: DeprecationWarning: This process (pid=4401) is multi-threaded, use of fork() may lead to deadlocks in the child.
  pid = os.fork()

[2025-10-31T09:32:00.181+0700] {standard_task_runner.py:63} INFO - Started process 4403 to run task
[2025-10-31T09:32:00.181+0700] {standard_task_runner.py:90} INFO - Running: ['***', 'tasks', 'run', 'absa_streaming_lifecycle_demo11', 'deploy_consumer', 'scheduled__2025-10-31T01:00:00+00:00', '--job-id', '9', '--raw', '--subdir', 'DAGS_FOLDER/absa_streaming_lifecycle_dag1.py', '--cfg-path', '/tmp/tmpnu26vnx1']
[2025-10-31T09:32:00.182+0700] {standard_task_runner.py:91} INFO - Job 9: Subtask deploy_consumer
[2025-10-31T09:32:00.210+0700] {task_command.py:426} INFO - Running <TaskInstance: absa_streaming_lifecycle_demo11.deploy_consumer scheduled__2025-10-31T01:00:00+00:00 [running]> on host cf6042098ac0
[2025-10-31T09:32:00.262+0700] {taskinstance.py:2644} INFO - Exporting env vars: AIRFLOW_CTX_DAG_OWNER='***' AIRFLOW_CTX_DAG_ID='absa_streaming_lifecycle_demo11' AIRFLOW_CTX_TASK_ID='deploy_consumer' AIRFLOW_CTX_EXECUTION_DATE='2025-10-31T01:00:00+00:00' AIRFLOW_CTX_TRY_NUMBER='5' AIRFLOW_CTX_DAG_RUN_ID='scheduled__2025-10-31T01:00:00+00:00'
[2025-10-31T09:32:00.264+0700] {taskinstance.py:430} INFO - ::endgroup::
[2025-10-31T09:32:00.264+0700] {subprocess.py:63} INFO - Tmp dir root location: /tmp
[2025-10-31T09:32:00.265+0700] {subprocess.py:75} INFO - Running command: ['/usr/bin/bash', '-c', 'bash -c "timeout 45m /opt/***/projects/absa_streaming/scripts/run_consumer.sh"']
[2025-10-31T09:32:00.275+0700] {subprocess.py:86} INFO - Output:
[2025-10-31T09:32:00.280+0700] {subprocess.py:93} INFO - [Consumer] Starting Spark Structured Streaming job...
[2025-10-31T09:32:00.314+0700] {subprocess.py:93} INFO - /home/***/.local/lib/python3.12/site-packages/pyspark/bin/load-spark-env.sh: line 68: ps: command not found
[2025-10-31T09:32:01.663+0700] {subprocess.py:93} INFO - :: loading settings :: url = jar:file:/home/***/.local/lib/python3.12/site-packages/pyspark/jars/ivy-2.5.1.jar!/org/apache/ivy/core/settings/ivysettings.xml
[2025-10-31T09:32:01.722+0700] {subprocess.py:93} INFO - Ivy Default Cache set to: /home/***/.ivy2/cache
[2025-10-31T09:32:01.722+0700] {subprocess.py:93} INFO - The jars for the packages stored in: /home/***/.ivy2/jars
[2025-10-31T09:32:01.724+0700] {subprocess.py:93} INFO - org.apache.spark#spark-sql-kafka-0-10_2.12 added as a dependency
[2025-10-31T09:32:01.725+0700] {subprocess.py:93} INFO - org.postgresql#postgresql added as a dependency
[2025-10-31T09:32:01.725+0700] {subprocess.py:93} INFO - :: resolving dependencies :: org.apache.spark#spark-submit-parent-e13b1972-35ce-485f-b4d2-205658b1c11f;1.0
[2025-10-31T09:32:01.725+0700] {subprocess.py:93} INFO - 	confs: [default]
[2025-10-31T09:32:01.841+0700] {subprocess.py:93} INFO - 	found org.apache.spark#spark-sql-kafka-0-10_2.12;3.5.1 in central
[2025-10-31T09:32:01.874+0700] {subprocess.py:93} INFO - 	found org.apache.spark#spark-token-provider-kafka-0-10_2.12;3.5.1 in central
[2025-10-31T09:32:01.891+0700] {subprocess.py:93} INFO - 	found org.apache.kafka#kafka-clients;3.4.1 in central
[2025-10-31T09:32:01.907+0700] {subprocess.py:93} INFO - 	found org.lz4#lz4-java;1.8.0 in central
[2025-10-31T09:32:01.920+0700] {subprocess.py:93} INFO - 	found org.xerial.snappy#snappy-java;1.1.10.3 in central
[2025-10-31T09:32:01.933+0700] {subprocess.py:93} INFO - 	found org.slf4j#slf4j-api;2.0.7 in central
[2025-10-31T09:32:01.951+0700] {subprocess.py:93} INFO - 	found org.apache.hadoop#hadoop-client-runtime;3.3.4 in central
[2025-10-31T09:32:01.973+0700] {subprocess.py:93} INFO - 	found org.apache.hadoop#hadoop-client-api;3.3.4 in central
[2025-10-31T09:32:01.994+0700] {subprocess.py:93} INFO - 	found commons-logging#commons-logging;1.1.3 in central
[2025-10-31T09:32:02.006+0700] {subprocess.py:93} INFO - 	found com.google.code.findbugs#jsr305;3.0.0 in central
[2025-10-31T09:32:02.017+0700] {subprocess.py:93} INFO - 	found org.apache.commons#commons-pool2;2.11.1 in central
[2025-10-31T09:32:02.026+0700] {subprocess.py:93} INFO - 	found org.postgresql#postgresql;42.6.0 in central
[2025-10-31T09:32:02.035+0700] {subprocess.py:93} INFO - 	found org.checkerframework#checker-qual;3.31.0 in central
[2025-10-31T09:32:02.054+0700] {subprocess.py:93} INFO - :: resolution report :: resolve 318ms :: artifacts dl 10ms
[2025-10-31T09:32:02.054+0700] {subprocess.py:93} INFO - 	:: modules in use:
[2025-10-31T09:32:02.055+0700] {subprocess.py:93} INFO - 	com.google.code.findbugs#jsr305;3.0.0 from central in [default]
[2025-10-31T09:32:02.055+0700] {subprocess.py:93} INFO - 	commons-logging#commons-logging;1.1.3 from central in [default]
[2025-10-31T09:32:02.055+0700] {subprocess.py:93} INFO - 	org.apache.commons#commons-pool2;2.11.1 from central in [default]
[2025-10-31T09:32:02.055+0700] {subprocess.py:93} INFO - 	org.apache.hadoop#hadoop-client-api;3.3.4 from central in [default]
[2025-10-31T09:32:02.056+0700] {subprocess.py:93} INFO - 	org.apache.hadoop#hadoop-client-runtime;3.3.4 from central in [default]
[2025-10-31T09:32:02.056+0700] {subprocess.py:93} INFO - 	org.apache.kafka#kafka-clients;3.4.1 from central in [default]
[2025-10-31T09:32:02.056+0700] {subprocess.py:93} INFO - 	org.apache.spark#spark-sql-kafka-0-10_2.12;3.5.1 from central in [default]
[2025-10-31T09:32:02.057+0700] {subprocess.py:93} INFO - 	org.apache.spark#spark-token-provider-kafka-0-10_2.12;3.5.1 from central in [default]
[2025-10-31T09:32:02.057+0700] {subprocess.py:93} INFO - 	org.checkerframework#checker-qual;3.31.0 from central in [default]
[2025-10-31T09:32:02.057+0700] {subprocess.py:93} INFO - 	org.lz4#lz4-java;1.8.0 from central in [default]
[2025-10-31T09:32:02.057+0700] {subprocess.py:93} INFO - 	org.postgresql#postgresql;42.6.0 from central in [default]
[2025-10-31T09:32:02.058+0700] {subprocess.py:93} INFO - 	org.slf4j#slf4j-api;2.0.7 from central in [default]
[2025-10-31T09:32:02.058+0700] {subprocess.py:93} INFO - 	org.xerial.snappy#snappy-java;1.1.10.3 from central in [default]
[2025-10-31T09:32:02.058+0700] {subprocess.py:93} INFO - 	---------------------------------------------------------------------
[2025-10-31T09:32:02.058+0700] {subprocess.py:93} INFO - 	|                  |            modules            ||   artifacts   |
[2025-10-31T09:32:02.059+0700] {subprocess.py:93} INFO - 	|       conf       | number| search|dwnlded|evicted|| number|dwnlded|
[2025-10-31T09:32:02.059+0700] {subprocess.py:93} INFO - 	---------------------------------------------------------------------
[2025-10-31T09:32:02.059+0700] {subprocess.py:93} INFO - 	|      default     |   13  |   0   |   0   |   0   ||   13  |   0   |
[2025-10-31T09:32:02.059+0700] {subprocess.py:93} INFO - 	---------------------------------------------------------------------
[2025-10-31T09:32:02.060+0700] {subprocess.py:93} INFO - :: retrieving :: org.apache.spark#spark-submit-parent-e13b1972-35ce-485f-b4d2-205658b1c11f
[2025-10-31T09:32:02.060+0700] {subprocess.py:93} INFO - 	confs: [default]
[2025-10-31T09:32:02.066+0700] {subprocess.py:93} INFO - 	0 artifacts copied, 13 already retrieved (0kB/6ms)
[2025-10-31T09:32:02.240+0700] {subprocess.py:93} INFO - 25/10/31 09:32:02 WARN NativeCodeLoader: Unable to load native-hadoop library for your platform... using builtin-java classes where applicable
[2025-10-31T09:32:05.332+0700] {subprocess.py:93} INFO - 25/10/31 09:32:05 INFO SparkContext: Running Spark version 3.5.1
[2025-10-31T09:32:05.332+0700] {subprocess.py:93} INFO - 25/10/31 09:32:05 INFO SparkContext: OS info Linux, 6.14.0-33-generic, amd64
[2025-10-31T09:32:05.332+0700] {subprocess.py:93} INFO - 25/10/31 09:32:05 INFO SparkContext: Java version 17.0.17
[2025-10-31T09:32:05.346+0700] {subprocess.py:93} INFO - 25/10/31 09:32:05 INFO ResourceUtils: ==============================================================
[2025-10-31T09:32:05.347+0700] {subprocess.py:93} INFO - 25/10/31 09:32:05 INFO ResourceUtils: No custom resources configured for spark.driver.
[2025-10-31T09:32:05.347+0700] {subprocess.py:93} INFO - 25/10/31 09:32:05 INFO ResourceUtils: ==============================================================
[2025-10-31T09:32:05.347+0700] {subprocess.py:93} INFO - 25/10/31 09:32:05 INFO SparkContext: Submitted application: Kafka_ABSA_Postgres
[2025-10-31T09:32:05.363+0700] {subprocess.py:93} INFO - 25/10/31 09:32:05 INFO ResourceProfile: Default ResourceProfile created, executor resources: Map(cores -> name: cores, amount: 1, script: , vendor: , memory -> name: memory, amount: 1024, script: , vendor: , offHeap -> name: offHeap, amount: 0, script: , vendor: ), task resources: Map(cpus -> name: cpus, amount: 1.0)
[2025-10-31T09:32:05.368+0700] {subprocess.py:93} INFO - 25/10/31 09:32:05 INFO ResourceProfile: Limiting resource is cpu
[2025-10-31T09:32:05.369+0700] {subprocess.py:93} INFO - 25/10/31 09:32:05 INFO ResourceProfileManager: Added ResourceProfile id: 0
[2025-10-31T09:32:05.415+0700] {subprocess.py:93} INFO - 25/10/31 09:32:05 INFO SecurityManager: Changing view acls to: default
[2025-10-31T09:32:05.416+0700] {subprocess.py:93} INFO - 25/10/31 09:32:05 INFO SecurityManager: Changing modify acls to: default
[2025-10-31T09:32:05.416+0700] {subprocess.py:93} INFO - 25/10/31 09:32:05 INFO SecurityManager: Changing view acls groups to:
[2025-10-31T09:32:05.416+0700] {subprocess.py:93} INFO - 25/10/31 09:32:05 INFO SecurityManager: Changing modify acls groups to:
[2025-10-31T09:32:05.416+0700] {subprocess.py:93} INFO - 25/10/31 09:32:05 INFO SecurityManager: SecurityManager: authentication disabled; ui acls disabled; users with view permissions: default; groups with view permissions: EMPTY; users with modify permissions: default; groups with modify permissions: EMPTY
[2025-10-31T09:32:05.582+0700] {subprocess.py:93} INFO - 25/10/31 09:32:05 INFO Utils: Successfully started service 'sparkDriver' on port 41867.
[2025-10-31T09:32:05.610+0700] {subprocess.py:93} INFO - 25/10/31 09:32:05 INFO SparkEnv: Registering MapOutputTracker
[2025-10-31T09:32:05.641+0700] {subprocess.py:93} INFO - 25/10/31 09:32:05 INFO SparkEnv: Registering BlockManagerMaster
[2025-10-31T09:32:05.655+0700] {subprocess.py:93} INFO - 25/10/31 09:32:05 INFO BlockManagerMasterEndpoint: Using org.apache.spark.storage.DefaultTopologyMapper for getting topology information
[2025-10-31T09:32:05.655+0700] {subprocess.py:93} INFO - 25/10/31 09:32:05 INFO BlockManagerMasterEndpoint: BlockManagerMasterEndpoint up
[2025-10-31T09:32:05.658+0700] {subprocess.py:93} INFO - 25/10/31 09:32:05 INFO SparkEnv: Registering BlockManagerMasterHeartbeat
[2025-10-31T09:32:05.679+0700] {subprocess.py:93} INFO - 25/10/31 09:32:05 INFO DiskBlockManager: Created local directory at /tmp/blockmgr-5a3c5517-f7f9-48b3-a894-d37fa55d32f2
[2025-10-31T09:32:05.691+0700] {subprocess.py:93} INFO - 25/10/31 09:32:05 INFO MemoryStore: MemoryStore started with capacity 434.4 MiB
[2025-10-31T09:32:05.702+0700] {subprocess.py:93} INFO - 25/10/31 09:32:05 INFO SparkEnv: Registering OutputCommitCoordinator
[2025-10-31T09:32:05.805+0700] {subprocess.py:93} INFO - 25/10/31 09:32:05 INFO JettyUtils: Start Jetty 0.0.0.0:4040 for SparkUI
[2025-10-31T09:32:05.854+0700] {subprocess.py:93} INFO - 25/10/31 09:32:05 INFO Utils: Successfully started service 'SparkUI' on port 4040.
[2025-10-31T09:32:05.883+0700] {subprocess.py:93} INFO - 25/10/31 09:32:05 INFO SparkContext: Added JAR file:///home/***/.ivy2/jars/org.apache.spark_spark-sql-kafka-0-10_2.12-3.5.1.jar at spark://cf6042098ac0:41867/jars/org.apache.spark_spark-sql-kafka-0-10_2.12-3.5.1.jar with timestamp 1761877925326
[2025-10-31T09:32:05.884+0700] {subprocess.py:93} INFO - 25/10/31 09:32:05 INFO SparkContext: Added JAR file:///home/***/.ivy2/jars/org.postgresql_postgresql-42.6.0.jar at spark://cf6042098ac0:41867/jars/org.postgresql_postgresql-42.6.0.jar with timestamp 1761877925326
[2025-10-31T09:32:05.884+0700] {subprocess.py:93} INFO - 25/10/31 09:32:05 INFO SparkContext: Added JAR file:///home/***/.ivy2/jars/org.apache.spark_spark-token-provider-kafka-0-10_2.12-3.5.1.jar at spark://cf6042098ac0:41867/jars/org.apache.spark_spark-token-provider-kafka-0-10_2.12-3.5.1.jar with timestamp 1761877925326
[2025-10-31T09:32:05.884+0700] {subprocess.py:93} INFO - 25/10/31 09:32:05 INFO SparkContext: Added JAR file:///home/***/.ivy2/jars/org.apache.kafka_kafka-clients-3.4.1.jar at spark://cf6042098ac0:41867/jars/org.apache.kafka_kafka-clients-3.4.1.jar with timestamp 1761877925326
[2025-10-31T09:32:05.885+0700] {subprocess.py:93} INFO - 25/10/31 09:32:05 INFO SparkContext: Added JAR file:///home/***/.ivy2/jars/com.google.code.findbugs_jsr305-3.0.0.jar at spark://cf6042098ac0:41867/jars/com.google.code.findbugs_jsr305-3.0.0.jar with timestamp 1761877925326
[2025-10-31T09:32:05.885+0700] {subprocess.py:93} INFO - 25/10/31 09:32:05 INFO SparkContext: Added JAR file:///home/***/.ivy2/jars/org.apache.commons_commons-pool2-2.11.1.jar at spark://cf6042098ac0:41867/jars/org.apache.commons_commons-pool2-2.11.1.jar with timestamp 1761877925326
[2025-10-31T09:32:05.885+0700] {subprocess.py:93} INFO - 25/10/31 09:32:05 INFO SparkContext: Added JAR file:///home/***/.ivy2/jars/org.apache.hadoop_hadoop-client-runtime-3.3.4.jar at spark://cf6042098ac0:41867/jars/org.apache.hadoop_hadoop-client-runtime-3.3.4.jar with timestamp 1761877925326
[2025-10-31T09:32:05.885+0700] {subprocess.py:93} INFO - 25/10/31 09:32:05 INFO SparkContext: Added JAR file:///home/***/.ivy2/jars/org.lz4_lz4-java-1.8.0.jar at spark://cf6042098ac0:41867/jars/org.lz4_lz4-java-1.8.0.jar with timestamp 1761877925326
[2025-10-31T09:32:05.886+0700] {subprocess.py:93} INFO - 25/10/31 09:32:05 INFO SparkContext: Added JAR file:///home/***/.ivy2/jars/org.xerial.snappy_snappy-java-1.1.10.3.jar at spark://cf6042098ac0:41867/jars/org.xerial.snappy_snappy-java-1.1.10.3.jar with timestamp 1761877925326
[2025-10-31T09:32:05.886+0700] {subprocess.py:93} INFO - 25/10/31 09:32:05 INFO SparkContext: Added JAR file:///home/***/.ivy2/jars/org.slf4j_slf4j-api-2.0.7.jar at spark://cf6042098ac0:41867/jars/org.slf4j_slf4j-api-2.0.7.jar with timestamp 1761877925326
[2025-10-31T09:32:05.886+0700] {subprocess.py:93} INFO - 25/10/31 09:32:05 INFO SparkContext: Added JAR file:///home/***/.ivy2/jars/org.apache.hadoop_hadoop-client-api-3.3.4.jar at spark://cf6042098ac0:41867/jars/org.apache.hadoop_hadoop-client-api-3.3.4.jar with timestamp 1761877925326
[2025-10-31T09:32:05.886+0700] {subprocess.py:93} INFO - 25/10/31 09:32:05 INFO SparkContext: Added JAR file:///home/***/.ivy2/jars/commons-logging_commons-logging-1.1.3.jar at spark://cf6042098ac0:41867/jars/commons-logging_commons-logging-1.1.3.jar with timestamp 1761877925326
[2025-10-31T09:32:05.886+0700] {subprocess.py:93} INFO - 25/10/31 09:32:05 INFO SparkContext: Added JAR file:///home/***/.ivy2/jars/org.checkerframework_checker-qual-3.31.0.jar at spark://cf6042098ac0:41867/jars/org.checkerframework_checker-qual-3.31.0.jar with timestamp 1761877925326
[2025-10-31T09:32:05.887+0700] {subprocess.py:93} INFO - 25/10/31 09:32:05 INFO SparkContext: Added file file:///home/***/.ivy2/jars/org.apache.spark_spark-sql-kafka-0-10_2.12-3.5.1.jar at file:///home/***/.ivy2/jars/org.apache.spark_spark-sql-kafka-0-10_2.12-3.5.1.jar with timestamp 1761877925326
[2025-10-31T09:32:05.888+0700] {subprocess.py:93} INFO - 25/10/31 09:32:05 INFO Utils: Copying /home/***/.ivy2/jars/org.apache.spark_spark-sql-kafka-0-10_2.12-3.5.1.jar to /tmp/spark-26396bdb-8337-478a-8510-c0dc40e7b2da/userFiles-c0e789f8-96dd-4c65-b8df-4d1154dbe7b1/org.apache.spark_spark-sql-kafka-0-10_2.12-3.5.1.jar
[2025-10-31T09:32:05.902+0700] {subprocess.py:93} INFO - 25/10/31 09:32:05 INFO SparkContext: Added file file:///home/***/.ivy2/jars/org.postgresql_postgresql-42.6.0.jar at file:///home/***/.ivy2/jars/org.postgresql_postgresql-42.6.0.jar with timestamp 1761877925326
[2025-10-31T09:32:05.902+0700] {subprocess.py:93} INFO - 25/10/31 09:32:05 INFO Utils: Copying /home/***/.ivy2/jars/org.postgresql_postgresql-42.6.0.jar to /tmp/spark-26396bdb-8337-478a-8510-c0dc40e7b2da/userFiles-c0e789f8-96dd-4c65-b8df-4d1154dbe7b1/org.postgresql_postgresql-42.6.0.jar
[2025-10-31T09:32:05.911+0700] {subprocess.py:93} INFO - 25/10/31 09:32:05 INFO SparkContext: Added file file:///home/***/.ivy2/jars/org.apache.spark_spark-token-provider-kafka-0-10_2.12-3.5.1.jar at file:///home/***/.ivy2/jars/org.apache.spark_spark-token-provider-kafka-0-10_2.12-3.5.1.jar with timestamp 1761877925326
[2025-10-31T09:32:05.912+0700] {subprocess.py:93} INFO - 25/10/31 09:32:05 INFO Utils: Copying /home/***/.ivy2/jars/org.apache.spark_spark-token-provider-kafka-0-10_2.12-3.5.1.jar to /tmp/spark-26396bdb-8337-478a-8510-c0dc40e7b2da/userFiles-c0e789f8-96dd-4c65-b8df-4d1154dbe7b1/org.apache.spark_spark-token-provider-kafka-0-10_2.12-3.5.1.jar
[2025-10-31T09:32:05.916+0700] {subprocess.py:93} INFO - 25/10/31 09:32:05 INFO SparkContext: Added file file:///home/***/.ivy2/jars/org.apache.kafka_kafka-clients-3.4.1.jar at file:///home/***/.ivy2/jars/org.apache.kafka_kafka-clients-3.4.1.jar with timestamp 1761877925326
[2025-10-31T09:32:05.916+0700] {subprocess.py:93} INFO - 25/10/31 09:32:05 INFO Utils: Copying /home/***/.ivy2/jars/org.apache.kafka_kafka-clients-3.4.1.jar to /tmp/spark-26396bdb-8337-478a-8510-c0dc40e7b2da/userFiles-c0e789f8-96dd-4c65-b8df-4d1154dbe7b1/org.apache.kafka_kafka-clients-3.4.1.jar
[2025-10-31T09:32:05.952+0700] {subprocess.py:93} INFO - 25/10/31 09:32:05 INFO SparkContext: Added file file:///home/***/.ivy2/jars/com.google.code.findbugs_jsr305-3.0.0.jar at file:///home/***/.ivy2/jars/com.google.code.findbugs_jsr305-3.0.0.jar with timestamp 1761877925326
[2025-10-31T09:32:05.952+0700] {subprocess.py:93} INFO - 25/10/31 09:32:05 INFO Utils: Copying /home/***/.ivy2/jars/com.google.code.findbugs_jsr305-3.0.0.jar to /tmp/spark-26396bdb-8337-478a-8510-c0dc40e7b2da/userFiles-c0e789f8-96dd-4c65-b8df-4d1154dbe7b1/com.google.code.findbugs_jsr305-3.0.0.jar
[2025-10-31T09:32:05.955+0700] {subprocess.py:93} INFO - 25/10/31 09:32:05 INFO SparkContext: Added file file:///home/***/.ivy2/jars/org.apache.commons_commons-pool2-2.11.1.jar at file:///home/***/.ivy2/jars/org.apache.commons_commons-pool2-2.11.1.jar with timestamp 1761877925326
[2025-10-31T09:32:05.955+0700] {subprocess.py:93} INFO - 25/10/31 09:32:05 INFO Utils: Copying /home/***/.ivy2/jars/org.apache.commons_commons-pool2-2.11.1.jar to /tmp/spark-26396bdb-8337-478a-8510-c0dc40e7b2da/userFiles-c0e789f8-96dd-4c65-b8df-4d1154dbe7b1/org.apache.commons_commons-pool2-2.11.1.jar
[2025-10-31T09:32:05.958+0700] {subprocess.py:93} INFO - 25/10/31 09:32:05 INFO SparkContext: Added file file:///home/***/.ivy2/jars/org.apache.hadoop_hadoop-client-runtime-3.3.4.jar at file:///home/***/.ivy2/jars/org.apache.hadoop_hadoop-client-runtime-3.3.4.jar with timestamp 1761877925326
[2025-10-31T09:32:05.958+0700] {subprocess.py:93} INFO - 25/10/31 09:32:05 INFO Utils: Copying /home/***/.ivy2/jars/org.apache.hadoop_hadoop-client-runtime-3.3.4.jar to /tmp/spark-26396bdb-8337-478a-8510-c0dc40e7b2da/userFiles-c0e789f8-96dd-4c65-b8df-4d1154dbe7b1/org.apache.hadoop_hadoop-client-runtime-3.3.4.jar
[2025-10-31T09:32:06.043+0700] {subprocess.py:93} INFO - 25/10/31 09:32:06 INFO SparkContext: Added file file:///home/***/.ivy2/jars/org.lz4_lz4-java-1.8.0.jar at file:///home/***/.ivy2/jars/org.lz4_lz4-java-1.8.0.jar with timestamp 1761877925326
[2025-10-31T09:32:06.043+0700] {subprocess.py:93} INFO - 25/10/31 09:32:06 INFO Utils: Copying /home/***/.ivy2/jars/org.lz4_lz4-java-1.8.0.jar to /tmp/spark-26396bdb-8337-478a-8510-c0dc40e7b2da/userFiles-c0e789f8-96dd-4c65-b8df-4d1154dbe7b1/org.lz4_lz4-java-1.8.0.jar
[2025-10-31T09:32:06.049+0700] {subprocess.py:93} INFO - 25/10/31 09:32:06 INFO SparkContext: Added file file:///home/***/.ivy2/jars/org.xerial.snappy_snappy-java-1.1.10.3.jar at file:///home/***/.ivy2/jars/org.xerial.snappy_snappy-java-1.1.10.3.jar with timestamp 1761877925326
[2025-10-31T09:32:06.049+0700] {subprocess.py:93} INFO - 25/10/31 09:32:06 INFO Utils: Copying /home/***/.ivy2/jars/org.xerial.snappy_snappy-java-1.1.10.3.jar to /tmp/spark-26396bdb-8337-478a-8510-c0dc40e7b2da/userFiles-c0e789f8-96dd-4c65-b8df-4d1154dbe7b1/org.xerial.snappy_snappy-java-1.1.10.3.jar
[2025-10-31T09:32:06.061+0700] {subprocess.py:93} INFO - 25/10/31 09:32:06 INFO SparkContext: Added file file:///home/***/.ivy2/jars/org.slf4j_slf4j-api-2.0.7.jar at file:///home/***/.ivy2/jars/org.slf4j_slf4j-api-2.0.7.jar with timestamp 1761877925326
[2025-10-31T09:32:06.061+0700] {subprocess.py:93} INFO - 25/10/31 09:32:06 INFO Utils: Copying /home/***/.ivy2/jars/org.slf4j_slf4j-api-2.0.7.jar to /tmp/spark-26396bdb-8337-478a-8510-c0dc40e7b2da/userFiles-c0e789f8-96dd-4c65-b8df-4d1154dbe7b1/org.slf4j_slf4j-api-2.0.7.jar
[2025-10-31T09:32:06.064+0700] {subprocess.py:93} INFO - 25/10/31 09:32:06 INFO SparkContext: Added file file:///home/***/.ivy2/jars/org.apache.hadoop_hadoop-client-api-3.3.4.jar at file:///home/***/.ivy2/jars/org.apache.hadoop_hadoop-client-api-3.3.4.jar with timestamp 1761877925326
[2025-10-31T09:32:06.064+0700] {subprocess.py:93} INFO - 25/10/31 09:32:06 INFO Utils: Copying /home/***/.ivy2/jars/org.apache.hadoop_hadoop-client-api-3.3.4.jar to /tmp/spark-26396bdb-8337-478a-8510-c0dc40e7b2da/userFiles-c0e789f8-96dd-4c65-b8df-4d1154dbe7b1/org.apache.hadoop_hadoop-client-api-3.3.4.jar
[2025-10-31T09:32:06.121+0700] {subprocess.py:93} INFO - 25/10/31 09:32:06 INFO SparkContext: Added file file:///home/***/.ivy2/jars/commons-logging_commons-logging-1.1.3.jar at file:///home/***/.ivy2/jars/commons-logging_commons-logging-1.1.3.jar with timestamp 1761877925326
[2025-10-31T09:32:06.122+0700] {subprocess.py:93} INFO - 25/10/31 09:32:06 INFO Utils: Copying /home/***/.ivy2/jars/commons-logging_commons-logging-1.1.3.jar to /tmp/spark-26396bdb-8337-478a-8510-c0dc40e7b2da/userFiles-c0e789f8-96dd-4c65-b8df-4d1154dbe7b1/commons-logging_commons-logging-1.1.3.jar
[2025-10-31T09:32:06.125+0700] {subprocess.py:93} INFO - 25/10/31 09:32:06 INFO SparkContext: Added file file:///home/***/.ivy2/jars/org.checkerframework_checker-qual-3.31.0.jar at file:///home/***/.ivy2/jars/org.checkerframework_checker-qual-3.31.0.jar with timestamp 1761877925326
[2025-10-31T09:32:06.125+0700] {subprocess.py:93} INFO - 25/10/31 09:32:06 INFO Utils: Copying /home/***/.ivy2/jars/org.checkerframework_checker-qual-3.31.0.jar to /tmp/spark-26396bdb-8337-478a-8510-c0dc40e7b2da/userFiles-c0e789f8-96dd-4c65-b8df-4d1154dbe7b1/org.checkerframework_checker-qual-3.31.0.jar
[2025-10-31T09:32:06.228+0700] {subprocess.py:93} INFO - 25/10/31 09:32:06 INFO Executor: Starting executor ID driver on host cf6042098ac0
[2025-10-31T09:32:06.229+0700] {subprocess.py:93} INFO - 25/10/31 09:32:06 INFO Executor: OS info Linux, 6.14.0-33-generic, amd64
[2025-10-31T09:32:06.232+0700] {subprocess.py:93} INFO - 25/10/31 09:32:06 INFO Executor: Java version 17.0.17
[2025-10-31T09:32:06.245+0700] {subprocess.py:93} INFO - 25/10/31 09:32:06 INFO Executor: Starting executor with user classpath (userClassPathFirst = false): ''
[2025-10-31T09:32:06.246+0700] {subprocess.py:93} INFO - 25/10/31 09:32:06 INFO Executor: Created or updated repl class loader org.apache.spark.util.MutableURLClassLoader@162c229b for default.
[2025-10-31T09:32:06.261+0700] {subprocess.py:93} INFO - 25/10/31 09:32:06 INFO Executor: Fetching file:///home/***/.ivy2/jars/org.apache.spark_spark-sql-kafka-0-10_2.12-3.5.1.jar with timestamp 1761877925326
[2025-10-31T09:32:06.283+0700] {subprocess.py:93} INFO - 25/10/31 09:32:06 INFO Utils: /home/***/.ivy2/jars/org.apache.spark_spark-sql-kafka-0-10_2.12-3.5.1.jar has been previously copied to /tmp/spark-26396bdb-8337-478a-8510-c0dc40e7b2da/userFiles-c0e789f8-96dd-4c65-b8df-4d1154dbe7b1/org.apache.spark_spark-sql-kafka-0-10_2.12-3.5.1.jar
[2025-10-31T09:32:06.286+0700] {subprocess.py:93} INFO - 25/10/31 09:32:06 INFO Executor: Fetching file:///home/***/.ivy2/jars/org.apache.hadoop_hadoop-client-runtime-3.3.4.jar with timestamp 1761877925326
[2025-10-31T09:32:06.304+0700] {subprocess.py:93} INFO - 25/10/31 09:32:06 INFO Utils: /home/***/.ivy2/jars/org.apache.hadoop_hadoop-client-runtime-3.3.4.jar has been previously copied to /tmp/spark-26396bdb-8337-478a-8510-c0dc40e7b2da/userFiles-c0e789f8-96dd-4c65-b8df-4d1154dbe7b1/org.apache.hadoop_hadoop-client-runtime-3.3.4.jar
[2025-10-31T09:32:06.307+0700] {subprocess.py:93} INFO - 25/10/31 09:32:06 INFO Executor: Fetching file:///home/***/.ivy2/jars/org.apache.hadoop_hadoop-client-api-3.3.4.jar with timestamp 1761877925326
[2025-10-31T09:32:06.316+0700] {subprocess.py:93} INFO - 25/10/31 09:32:06 INFO Utils: /home/***/.ivy2/jars/org.apache.hadoop_hadoop-client-api-3.3.4.jar has been previously copied to /tmp/spark-26396bdb-8337-478a-8510-c0dc40e7b2da/userFiles-c0e789f8-96dd-4c65-b8df-4d1154dbe7b1/org.apache.hadoop_hadoop-client-api-3.3.4.jar
[2025-10-31T09:32:06.318+0700] {subprocess.py:93} INFO - 25/10/31 09:32:06 INFO Executor: Fetching file:///home/***/.ivy2/jars/org.apache.spark_spark-token-provider-kafka-0-10_2.12-3.5.1.jar with timestamp 1761877925326
[2025-10-31T09:32:06.318+0700] {subprocess.py:93} INFO - 25/10/31 09:32:06 INFO Utils: /home/***/.ivy2/jars/org.apache.spark_spark-token-provider-kafka-0-10_2.12-3.5.1.jar has been previously copied to /tmp/spark-26396bdb-8337-478a-8510-c0dc40e7b2da/userFiles-c0e789f8-96dd-4c65-b8df-4d1154dbe7b1/org.apache.spark_spark-token-provider-kafka-0-10_2.12-3.5.1.jar
[2025-10-31T09:32:06.323+0700] {subprocess.py:93} INFO - 25/10/31 09:32:06 INFO Executor: Fetching file:///home/***/.ivy2/jars/com.google.code.findbugs_jsr305-3.0.0.jar with timestamp 1761877925326
[2025-10-31T09:32:06.323+0700] {subprocess.py:93} INFO - 25/10/31 09:32:06 INFO Utils: /home/***/.ivy2/jars/com.google.code.findbugs_jsr305-3.0.0.jar has been previously copied to /tmp/spark-26396bdb-8337-478a-8510-c0dc40e7b2da/userFiles-c0e789f8-96dd-4c65-b8df-4d1154dbe7b1/com.google.code.findbugs_jsr305-3.0.0.jar
[2025-10-31T09:32:06.326+0700] {subprocess.py:93} INFO - 25/10/31 09:32:06 INFO Executor: Fetching file:///home/***/.ivy2/jars/org.lz4_lz4-java-1.8.0.jar with timestamp 1761877925326
[2025-10-31T09:32:06.326+0700] {subprocess.py:93} INFO - 25/10/31 09:32:06 INFO Utils: /home/***/.ivy2/jars/org.lz4_lz4-java-1.8.0.jar has been previously copied to /tmp/spark-26396bdb-8337-478a-8510-c0dc40e7b2da/userFiles-c0e789f8-96dd-4c65-b8df-4d1154dbe7b1/org.lz4_lz4-java-1.8.0.jar
[2025-10-31T09:32:06.329+0700] {subprocess.py:93} INFO - 25/10/31 09:32:06 INFO Executor: Fetching file:///home/***/.ivy2/jars/org.slf4j_slf4j-api-2.0.7.jar with timestamp 1761877925326
[2025-10-31T09:32:06.329+0700] {subprocess.py:93} INFO - 25/10/31 09:32:06 INFO Utils: /home/***/.ivy2/jars/org.slf4j_slf4j-api-2.0.7.jar has been previously copied to /tmp/spark-26396bdb-8337-478a-8510-c0dc40e7b2da/userFiles-c0e789f8-96dd-4c65-b8df-4d1154dbe7b1/org.slf4j_slf4j-api-2.0.7.jar
[2025-10-31T09:32:06.331+0700] {subprocess.py:93} INFO - 25/10/31 09:32:06 INFO Executor: Fetching file:///home/***/.ivy2/jars/org.checkerframework_checker-qual-3.31.0.jar with timestamp 1761877925326
[2025-10-31T09:32:06.332+0700] {subprocess.py:93} INFO - 25/10/31 09:32:06 INFO Utils: /home/***/.ivy2/jars/org.checkerframework_checker-qual-3.31.0.jar has been previously copied to /tmp/spark-26396bdb-8337-478a-8510-c0dc40e7b2da/userFiles-c0e789f8-96dd-4c65-b8df-4d1154dbe7b1/org.checkerframework_checker-qual-3.31.0.jar
[2025-10-31T09:32:06.334+0700] {subprocess.py:93} INFO - 25/10/31 09:32:06 INFO Executor: Fetching file:///home/***/.ivy2/jars/org.apache.commons_commons-pool2-2.11.1.jar with timestamp 1761877925326
[2025-10-31T09:32:06.334+0700] {subprocess.py:93} INFO - 25/10/31 09:32:06 INFO Utils: /home/***/.ivy2/jars/org.apache.commons_commons-pool2-2.11.1.jar has been previously copied to /tmp/spark-26396bdb-8337-478a-8510-c0dc40e7b2da/userFiles-c0e789f8-96dd-4c65-b8df-4d1154dbe7b1/org.apache.commons_commons-pool2-2.11.1.jar
[2025-10-31T09:32:06.337+0700] {subprocess.py:93} INFO - 25/10/31 09:32:06 INFO Executor: Fetching file:///home/***/.ivy2/jars/commons-logging_commons-logging-1.1.3.jar with timestamp 1761877925326
[2025-10-31T09:32:06.337+0700] {subprocess.py:93} INFO - 25/10/31 09:32:06 INFO Utils: /home/***/.ivy2/jars/commons-logging_commons-logging-1.1.3.jar has been previously copied to /tmp/spark-26396bdb-8337-478a-8510-c0dc40e7b2da/userFiles-c0e789f8-96dd-4c65-b8df-4d1154dbe7b1/commons-logging_commons-logging-1.1.3.jar
[2025-10-31T09:32:06.340+0700] {subprocess.py:93} INFO - 25/10/31 09:32:06 INFO Executor: Fetching file:///home/***/.ivy2/jars/org.xerial.snappy_snappy-java-1.1.10.3.jar with timestamp 1761877925326
[2025-10-31T09:32:06.341+0700] {subprocess.py:93} INFO - 25/10/31 09:32:06 INFO Utils: /home/***/.ivy2/jars/org.xerial.snappy_snappy-java-1.1.10.3.jar has been previously copied to /tmp/spark-26396bdb-8337-478a-8510-c0dc40e7b2da/userFiles-c0e789f8-96dd-4c65-b8df-4d1154dbe7b1/org.xerial.snappy_snappy-java-1.1.10.3.jar
[2025-10-31T09:32:06.343+0700] {subprocess.py:93} INFO - 25/10/31 09:32:06 INFO Executor: Fetching file:///home/***/.ivy2/jars/org.postgresql_postgresql-42.6.0.jar with timestamp 1761877925326
[2025-10-31T09:32:06.344+0700] {subprocess.py:93} INFO - 25/10/31 09:32:06 INFO Utils: /home/***/.ivy2/jars/org.postgresql_postgresql-42.6.0.jar has been previously copied to /tmp/spark-26396bdb-8337-478a-8510-c0dc40e7b2da/userFiles-c0e789f8-96dd-4c65-b8df-4d1154dbe7b1/org.postgresql_postgresql-42.6.0.jar
[2025-10-31T09:32:06.347+0700] {subprocess.py:93} INFO - 25/10/31 09:32:06 INFO Executor: Fetching file:///home/***/.ivy2/jars/org.apache.kafka_kafka-clients-3.4.1.jar with timestamp 1761877925326
[2025-10-31T09:32:06.350+0700] {subprocess.py:93} INFO - 25/10/31 09:32:06 INFO Utils: /home/***/.ivy2/jars/org.apache.kafka_kafka-clients-3.4.1.jar has been previously copied to /tmp/spark-26396bdb-8337-478a-8510-c0dc40e7b2da/userFiles-c0e789f8-96dd-4c65-b8df-4d1154dbe7b1/org.apache.kafka_kafka-clients-3.4.1.jar
[2025-10-31T09:32:06.353+0700] {subprocess.py:93} INFO - 25/10/31 09:32:06 INFO Executor: Fetching spark://cf6042098ac0:41867/jars/org.slf4j_slf4j-api-2.0.7.jar with timestamp 1761877925326
[2025-10-31T09:32:06.377+0700] {subprocess.py:93} INFO - 25/10/31 09:32:06 INFO TransportClientFactory: Successfully created connection to cf6042098ac0/172.18.0.9:41867 after 16 ms (0 ms spent in bootstraps)
[2025-10-31T09:32:06.380+0700] {subprocess.py:93} INFO - 25/10/31 09:32:06 INFO Utils: Fetching spark://cf6042098ac0:41867/jars/org.slf4j_slf4j-api-2.0.7.jar to /tmp/spark-26396bdb-8337-478a-8510-c0dc40e7b2da/userFiles-c0e789f8-96dd-4c65-b8df-4d1154dbe7b1/fetchFileTemp9677061180151646845.tmp
[2025-10-31T09:32:06.393+0700] {subprocess.py:93} INFO - 25/10/31 09:32:06 INFO Utils: /tmp/spark-26396bdb-8337-478a-8510-c0dc40e7b2da/userFiles-c0e789f8-96dd-4c65-b8df-4d1154dbe7b1/fetchFileTemp9677061180151646845.tmp has been previously copied to /tmp/spark-26396bdb-8337-478a-8510-c0dc40e7b2da/userFiles-c0e789f8-96dd-4c65-b8df-4d1154dbe7b1/org.slf4j_slf4j-api-2.0.7.jar
[2025-10-31T09:32:06.397+0700] {subprocess.py:93} INFO - 25/10/31 09:32:06 INFO Executor: Adding file:/tmp/spark-26396bdb-8337-478a-8510-c0dc40e7b2da/userFiles-c0e789f8-96dd-4c65-b8df-4d1154dbe7b1/org.slf4j_slf4j-api-2.0.7.jar to class loader default
[2025-10-31T09:32:06.397+0700] {subprocess.py:93} INFO - 25/10/31 09:32:06 INFO Executor: Fetching spark://cf6042098ac0:41867/jars/org.apache.spark_spark-token-provider-kafka-0-10_2.12-3.5.1.jar with timestamp 1761877925326
[2025-10-31T09:32:06.397+0700] {subprocess.py:93} INFO - 25/10/31 09:32:06 INFO Utils: Fetching spark://cf6042098ac0:41867/jars/org.apache.spark_spark-token-provider-kafka-0-10_2.12-3.5.1.jar to /tmp/spark-26396bdb-8337-478a-8510-c0dc40e7b2da/userFiles-c0e789f8-96dd-4c65-b8df-4d1154dbe7b1/fetchFileTemp18069156458276510744.tmp
[2025-10-31T09:32:06.398+0700] {subprocess.py:93} INFO - 25/10/31 09:32:06 INFO Utils: /tmp/spark-26396bdb-8337-478a-8510-c0dc40e7b2da/userFiles-c0e789f8-96dd-4c65-b8df-4d1154dbe7b1/fetchFileTemp18069156458276510744.tmp has been previously copied to /tmp/spark-26396bdb-8337-478a-8510-c0dc40e7b2da/userFiles-c0e789f8-96dd-4c65-b8df-4d1154dbe7b1/org.apache.spark_spark-token-provider-kafka-0-10_2.12-3.5.1.jar
[2025-10-31T09:32:06.402+0700] {subprocess.py:93} INFO - 25/10/31 09:32:06 INFO Executor: Adding file:/tmp/spark-26396bdb-8337-478a-8510-c0dc40e7b2da/userFiles-c0e789f8-96dd-4c65-b8df-4d1154dbe7b1/org.apache.spark_spark-token-provider-kafka-0-10_2.12-3.5.1.jar to class loader default
[2025-10-31T09:32:06.402+0700] {subprocess.py:93} INFO - 25/10/31 09:32:06 INFO Executor: Fetching spark://cf6042098ac0:41867/jars/org.postgresql_postgresql-42.6.0.jar with timestamp 1761877925326
[2025-10-31T09:32:06.402+0700] {subprocess.py:93} INFO - 25/10/31 09:32:06 INFO Utils: Fetching spark://cf6042098ac0:41867/jars/org.postgresql_postgresql-42.6.0.jar to /tmp/spark-26396bdb-8337-478a-8510-c0dc40e7b2da/userFiles-c0e789f8-96dd-4c65-b8df-4d1154dbe7b1/fetchFileTemp5898050315568498773.tmp
[2025-10-31T09:32:06.405+0700] {subprocess.py:93} INFO - 25/10/31 09:32:06 INFO Utils: /tmp/spark-26396bdb-8337-478a-8510-c0dc40e7b2da/userFiles-c0e789f8-96dd-4c65-b8df-4d1154dbe7b1/fetchFileTemp5898050315568498773.tmp has been previously copied to /tmp/spark-26396bdb-8337-478a-8510-c0dc40e7b2da/userFiles-c0e789f8-96dd-4c65-b8df-4d1154dbe7b1/org.postgresql_postgresql-42.6.0.jar
[2025-10-31T09:32:06.410+0700] {subprocess.py:93} INFO - 25/10/31 09:32:06 INFO Executor: Adding file:/tmp/spark-26396bdb-8337-478a-8510-c0dc40e7b2da/userFiles-c0e789f8-96dd-4c65-b8df-4d1154dbe7b1/org.postgresql_postgresql-42.6.0.jar to class loader default
[2025-10-31T09:32:06.410+0700] {subprocess.py:93} INFO - 25/10/31 09:32:06 INFO Executor: Fetching spark://cf6042098ac0:41867/jars/commons-logging_commons-logging-1.1.3.jar with timestamp 1761877925326
[2025-10-31T09:32:06.410+0700] {subprocess.py:93} INFO - 25/10/31 09:32:06 INFO Utils: Fetching spark://cf6042098ac0:41867/jars/commons-logging_commons-logging-1.1.3.jar to /tmp/spark-26396bdb-8337-478a-8510-c0dc40e7b2da/userFiles-c0e789f8-96dd-4c65-b8df-4d1154dbe7b1/fetchFileTemp13563476289221486838.tmp
[2025-10-31T09:32:06.411+0700] {subprocess.py:93} INFO - 25/10/31 09:32:06 INFO Utils: /tmp/spark-26396bdb-8337-478a-8510-c0dc40e7b2da/userFiles-c0e789f8-96dd-4c65-b8df-4d1154dbe7b1/fetchFileTemp13563476289221486838.tmp has been previously copied to /tmp/spark-26396bdb-8337-478a-8510-c0dc40e7b2da/userFiles-c0e789f8-96dd-4c65-b8df-4d1154dbe7b1/commons-logging_commons-logging-1.1.3.jar
[2025-10-31T09:32:06.414+0700] {subprocess.py:93} INFO - 25/10/31 09:32:06 INFO Executor: Adding file:/tmp/spark-26396bdb-8337-478a-8510-c0dc40e7b2da/userFiles-c0e789f8-96dd-4c65-b8df-4d1154dbe7b1/commons-logging_commons-logging-1.1.3.jar to class loader default
[2025-10-31T09:32:06.414+0700] {subprocess.py:93} INFO - 25/10/31 09:32:06 INFO Executor: Fetching spark://cf6042098ac0:41867/jars/org.xerial.snappy_snappy-java-1.1.10.3.jar with timestamp 1761877925326
[2025-10-31T09:32:06.414+0700] {subprocess.py:93} INFO - 25/10/31 09:32:06 INFO Utils: Fetching spark://cf6042098ac0:41867/jars/org.xerial.snappy_snappy-java-1.1.10.3.jar to /tmp/spark-26396bdb-8337-478a-8510-c0dc40e7b2da/userFiles-c0e789f8-96dd-4c65-b8df-4d1154dbe7b1/fetchFileTemp16977830570116155087.tmp
[2025-10-31T09:32:06.419+0700] {subprocess.py:93} INFO - 25/10/31 09:32:06 INFO Utils: /tmp/spark-26396bdb-8337-478a-8510-c0dc40e7b2da/userFiles-c0e789f8-96dd-4c65-b8df-4d1154dbe7b1/fetchFileTemp16977830570116155087.tmp has been previously copied to /tmp/spark-26396bdb-8337-478a-8510-c0dc40e7b2da/userFiles-c0e789f8-96dd-4c65-b8df-4d1154dbe7b1/org.xerial.snappy_snappy-java-1.1.10.3.jar
[2025-10-31T09:32:06.425+0700] {subprocess.py:93} INFO - 25/10/31 09:32:06 INFO Executor: Adding file:/tmp/spark-26396bdb-8337-478a-8510-c0dc40e7b2da/userFiles-c0e789f8-96dd-4c65-b8df-4d1154dbe7b1/org.xerial.snappy_snappy-java-1.1.10.3.jar to class loader default
[2025-10-31T09:32:06.425+0700] {subprocess.py:93} INFO - 25/10/31 09:32:06 INFO Executor: Fetching spark://cf6042098ac0:41867/jars/org.apache.hadoop_hadoop-client-api-3.3.4.jar with timestamp 1761877925326
[2025-10-31T09:32:06.426+0700] {subprocess.py:93} INFO - 25/10/31 09:32:06 INFO Utils: Fetching spark://cf6042098ac0:41867/jars/org.apache.hadoop_hadoop-client-api-3.3.4.jar to /tmp/spark-26396bdb-8337-478a-8510-c0dc40e7b2da/userFiles-c0e789f8-96dd-4c65-b8df-4d1154dbe7b1/fetchFileTemp9661967430240067061.tmp
[2025-10-31T09:32:06.490+0700] {subprocess.py:93} INFO - 25/10/31 09:32:06 INFO Utils: /tmp/spark-26396bdb-8337-478a-8510-c0dc40e7b2da/userFiles-c0e789f8-96dd-4c65-b8df-4d1154dbe7b1/fetchFileTemp9661967430240067061.tmp has been previously copied to /tmp/spark-26396bdb-8337-478a-8510-c0dc40e7b2da/userFiles-c0e789f8-96dd-4c65-b8df-4d1154dbe7b1/org.apache.hadoop_hadoop-client-api-3.3.4.jar
[2025-10-31T09:32:06.495+0700] {subprocess.py:93} INFO - 25/10/31 09:32:06 INFO Executor: Adding file:/tmp/spark-26396bdb-8337-478a-8510-c0dc40e7b2da/userFiles-c0e789f8-96dd-4c65-b8df-4d1154dbe7b1/org.apache.hadoop_hadoop-client-api-3.3.4.jar to class loader default
[2025-10-31T09:32:06.495+0700] {subprocess.py:93} INFO - 25/10/31 09:32:06 INFO Executor: Fetching spark://cf6042098ac0:41867/jars/org.apache.kafka_kafka-clients-3.4.1.jar with timestamp 1761877925326
[2025-10-31T09:32:06.495+0700] {subprocess.py:93} INFO - 25/10/31 09:32:06 INFO Utils: Fetching spark://cf6042098ac0:41867/jars/org.apache.kafka_kafka-clients-3.4.1.jar to /tmp/spark-26396bdb-8337-478a-8510-c0dc40e7b2da/userFiles-c0e789f8-96dd-4c65-b8df-4d1154dbe7b1/fetchFileTemp10979407625760383991.tmp
[2025-10-31T09:32:06.505+0700] {subprocess.py:93} INFO - 25/10/31 09:32:06 INFO Utils: /tmp/spark-26396bdb-8337-478a-8510-c0dc40e7b2da/userFiles-c0e789f8-96dd-4c65-b8df-4d1154dbe7b1/fetchFileTemp10979407625760383991.tmp has been previously copied to /tmp/spark-26396bdb-8337-478a-8510-c0dc40e7b2da/userFiles-c0e789f8-96dd-4c65-b8df-4d1154dbe7b1/org.apache.kafka_kafka-clients-3.4.1.jar
[2025-10-31T09:32:06.514+0700] {subprocess.py:93} INFO - 25/10/31 09:32:06 INFO Executor: Adding file:/tmp/spark-26396bdb-8337-478a-8510-c0dc40e7b2da/userFiles-c0e789f8-96dd-4c65-b8df-4d1154dbe7b1/org.apache.kafka_kafka-clients-3.4.1.jar to class loader default
[2025-10-31T09:32:06.514+0700] {subprocess.py:93} INFO - 25/10/31 09:32:06 INFO Executor: Fetching spark://cf6042098ac0:41867/jars/com.google.code.findbugs_jsr305-3.0.0.jar with timestamp 1761877925326
[2025-10-31T09:32:06.514+0700] {subprocess.py:93} INFO - 25/10/31 09:32:06 INFO Utils: Fetching spark://cf6042098ac0:41867/jars/com.google.code.findbugs_jsr305-3.0.0.jar to /tmp/spark-26396bdb-8337-478a-8510-c0dc40e7b2da/userFiles-c0e789f8-96dd-4c65-b8df-4d1154dbe7b1/fetchFileTemp9867244163343212510.tmp
[2025-10-31T09:32:06.515+0700] {subprocess.py:93} INFO - 25/10/31 09:32:06 INFO Utils: /tmp/spark-26396bdb-8337-478a-8510-c0dc40e7b2da/userFiles-c0e789f8-96dd-4c65-b8df-4d1154dbe7b1/fetchFileTemp9867244163343212510.tmp has been previously copied to /tmp/spark-26396bdb-8337-478a-8510-c0dc40e7b2da/userFiles-c0e789f8-96dd-4c65-b8df-4d1154dbe7b1/com.google.code.findbugs_jsr305-3.0.0.jar
[2025-10-31T09:32:06.518+0700] {subprocess.py:93} INFO - 25/10/31 09:32:06 INFO Executor: Adding file:/tmp/spark-26396bdb-8337-478a-8510-c0dc40e7b2da/userFiles-c0e789f8-96dd-4c65-b8df-4d1154dbe7b1/com.google.code.findbugs_jsr305-3.0.0.jar to class loader default
[2025-10-31T09:32:06.518+0700] {subprocess.py:93} INFO - 25/10/31 09:32:06 INFO Executor: Fetching spark://cf6042098ac0:41867/jars/org.checkerframework_checker-qual-3.31.0.jar with timestamp 1761877925326
[2025-10-31T09:32:06.518+0700] {subprocess.py:93} INFO - 25/10/31 09:32:06 INFO Utils: Fetching spark://cf6042098ac0:41867/jars/org.checkerframework_checker-qual-3.31.0.jar to /tmp/spark-26396bdb-8337-478a-8510-c0dc40e7b2da/userFiles-c0e789f8-96dd-4c65-b8df-4d1154dbe7b1/fetchFileTemp17654424175251310153.tmp
[2025-10-31T09:32:06.519+0700] {subprocess.py:93} INFO - 25/10/31 09:32:06 INFO Utils: /tmp/spark-26396bdb-8337-478a-8510-c0dc40e7b2da/userFiles-c0e789f8-96dd-4c65-b8df-4d1154dbe7b1/fetchFileTemp17654424175251310153.tmp has been previously copied to /tmp/spark-26396bdb-8337-478a-8510-c0dc40e7b2da/userFiles-c0e789f8-96dd-4c65-b8df-4d1154dbe7b1/org.checkerframework_checker-qual-3.31.0.jar
[2025-10-31T09:32:06.522+0700] {subprocess.py:93} INFO - 25/10/31 09:32:06 INFO Executor: Adding file:/tmp/spark-26396bdb-8337-478a-8510-c0dc40e7b2da/userFiles-c0e789f8-96dd-4c65-b8df-4d1154dbe7b1/org.checkerframework_checker-qual-3.31.0.jar to class loader default
[2025-10-31T09:32:06.522+0700] {subprocess.py:93} INFO - 25/10/31 09:32:06 INFO Executor: Fetching spark://cf6042098ac0:41867/jars/org.apache.spark_spark-sql-kafka-0-10_2.12-3.5.1.jar with timestamp 1761877925326
[2025-10-31T09:32:06.522+0700] {subprocess.py:93} INFO - 25/10/31 09:32:06 INFO Utils: Fetching spark://cf6042098ac0:41867/jars/org.apache.spark_spark-sql-kafka-0-10_2.12-3.5.1.jar to /tmp/spark-26396bdb-8337-478a-8510-c0dc40e7b2da/userFiles-c0e789f8-96dd-4c65-b8df-4d1154dbe7b1/fetchFileTemp4145094240296730192.tmp
[2025-10-31T09:32:06.523+0700] {subprocess.py:93} INFO - 25/10/31 09:32:06 INFO Utils: /tmp/spark-26396bdb-8337-478a-8510-c0dc40e7b2da/userFiles-c0e789f8-96dd-4c65-b8df-4d1154dbe7b1/fetchFileTemp4145094240296730192.tmp has been previously copied to /tmp/spark-26396bdb-8337-478a-8510-c0dc40e7b2da/userFiles-c0e789f8-96dd-4c65-b8df-4d1154dbe7b1/org.apache.spark_spark-sql-kafka-0-10_2.12-3.5.1.jar
[2025-10-31T09:32:06.526+0700] {subprocess.py:93} INFO - 25/10/31 09:32:06 INFO Executor: Adding file:/tmp/spark-26396bdb-8337-478a-8510-c0dc40e7b2da/userFiles-c0e789f8-96dd-4c65-b8df-4d1154dbe7b1/org.apache.spark_spark-sql-kafka-0-10_2.12-3.5.1.jar to class loader default
[2025-10-31T09:32:06.526+0700] {subprocess.py:93} INFO - 25/10/31 09:32:06 INFO Executor: Fetching spark://cf6042098ac0:41867/jars/org.apache.commons_commons-pool2-2.11.1.jar with timestamp 1761877925326
[2025-10-31T09:32:06.527+0700] {subprocess.py:93} INFO - 25/10/31 09:32:06 INFO Utils: Fetching spark://cf6042098ac0:41867/jars/org.apache.commons_commons-pool2-2.11.1.jar to /tmp/spark-26396bdb-8337-478a-8510-c0dc40e7b2da/userFiles-c0e789f8-96dd-4c65-b8df-4d1154dbe7b1/fetchFileTemp5833769063399829070.tmp
[2025-10-31T09:32:06.527+0700] {subprocess.py:93} INFO - 25/10/31 09:32:06 INFO Utils: /tmp/spark-26396bdb-8337-478a-8510-c0dc40e7b2da/userFiles-c0e789f8-96dd-4c65-b8df-4d1154dbe7b1/fetchFileTemp5833769063399829070.tmp has been previously copied to /tmp/spark-26396bdb-8337-478a-8510-c0dc40e7b2da/userFiles-c0e789f8-96dd-4c65-b8df-4d1154dbe7b1/org.apache.commons_commons-pool2-2.11.1.jar
[2025-10-31T09:32:06.530+0700] {subprocess.py:93} INFO - 25/10/31 09:32:06 INFO Executor: Adding file:/tmp/spark-26396bdb-8337-478a-8510-c0dc40e7b2da/userFiles-c0e789f8-96dd-4c65-b8df-4d1154dbe7b1/org.apache.commons_commons-pool2-2.11.1.jar to class loader default
[2025-10-31T09:32:06.530+0700] {subprocess.py:93} INFO - 25/10/31 09:32:06 INFO Executor: Fetching spark://cf6042098ac0:41867/jars/org.apache.hadoop_hadoop-client-runtime-3.3.4.jar with timestamp 1761877925326
[2025-10-31T09:32:06.530+0700] {subprocess.py:93} INFO - 25/10/31 09:32:06 INFO Utils: Fetching spark://cf6042098ac0:41867/jars/org.apache.hadoop_hadoop-client-runtime-3.3.4.jar to /tmp/spark-26396bdb-8337-478a-8510-c0dc40e7b2da/userFiles-c0e789f8-96dd-4c65-b8df-4d1154dbe7b1/fetchFileTemp8228193386874309727.tmp
[2025-10-31T09:32:06.673+0700] {subprocess.py:93} INFO - 25/10/31 09:32:06 INFO Utils: /tmp/spark-26396bdb-8337-478a-8510-c0dc40e7b2da/userFiles-c0e789f8-96dd-4c65-b8df-4d1154dbe7b1/fetchFileTemp8228193386874309727.tmp has been previously copied to /tmp/spark-26396bdb-8337-478a-8510-c0dc40e7b2da/userFiles-c0e789f8-96dd-4c65-b8df-4d1154dbe7b1/org.apache.hadoop_hadoop-client-runtime-3.3.4.jar
[2025-10-31T09:32:06.679+0700] {subprocess.py:93} INFO - 25/10/31 09:32:06 INFO Executor: Adding file:/tmp/spark-26396bdb-8337-478a-8510-c0dc40e7b2da/userFiles-c0e789f8-96dd-4c65-b8df-4d1154dbe7b1/org.apache.hadoop_hadoop-client-runtime-3.3.4.jar to class loader default
[2025-10-31T09:32:06.679+0700] {subprocess.py:93} INFO - 25/10/31 09:32:06 INFO Executor: Fetching spark://cf6042098ac0:41867/jars/org.lz4_lz4-java-1.8.0.jar with timestamp 1761877925326
[2025-10-31T09:32:06.679+0700] {subprocess.py:93} INFO - 25/10/31 09:32:06 INFO Utils: Fetching spark://cf6042098ac0:41867/jars/org.lz4_lz4-java-1.8.0.jar to /tmp/spark-26396bdb-8337-478a-8510-c0dc40e7b2da/userFiles-c0e789f8-96dd-4c65-b8df-4d1154dbe7b1/fetchFileTemp102913442730895103.tmp
[2025-10-31T09:32:06.681+0700] {subprocess.py:93} INFO - 25/10/31 09:32:06 INFO Utils: /tmp/spark-26396bdb-8337-478a-8510-c0dc40e7b2da/userFiles-c0e789f8-96dd-4c65-b8df-4d1154dbe7b1/fetchFileTemp102913442730895103.tmp has been previously copied to /tmp/spark-26396bdb-8337-478a-8510-c0dc40e7b2da/userFiles-c0e789f8-96dd-4c65-b8df-4d1154dbe7b1/org.lz4_lz4-java-1.8.0.jar
[2025-10-31T09:32:06.685+0700] {subprocess.py:93} INFO - 25/10/31 09:32:06 INFO Executor: Adding file:/tmp/spark-26396bdb-8337-478a-8510-c0dc40e7b2da/userFiles-c0e789f8-96dd-4c65-b8df-4d1154dbe7b1/org.lz4_lz4-java-1.8.0.jar to class loader default
[2025-10-31T09:32:06.692+0700] {subprocess.py:93} INFO - 25/10/31 09:32:06 INFO Utils: Successfully started service 'org.apache.spark.network.netty.NettyBlockTransferService' on port 40741.
[2025-10-31T09:32:06.692+0700] {subprocess.py:93} INFO - 25/10/31 09:32:06 INFO NettyBlockTransferService: Server created on cf6042098ac0:40741
[2025-10-31T09:32:06.693+0700] {subprocess.py:93} INFO - 25/10/31 09:32:06 INFO BlockManager: Using org.apache.spark.storage.RandomBlockReplicationPolicy for block replication policy
[2025-10-31T09:32:06.698+0700] {subprocess.py:93} INFO - 25/10/31 09:32:06 INFO BlockManagerMaster: Registering BlockManager BlockManagerId(driver, cf6042098ac0, 40741, None)
[2025-10-31T09:32:06.700+0700] {subprocess.py:93} INFO - 25/10/31 09:32:06 INFO BlockManagerMasterEndpoint: Registering block manager cf6042098ac0:40741 with 434.4 MiB RAM, BlockManagerId(driver, cf6042098ac0, 40741, None)
[2025-10-31T09:32:06.701+0700] {subprocess.py:93} INFO - 25/10/31 09:32:06 INFO BlockManagerMaster: Registered BlockManager BlockManagerId(driver, cf6042098ac0, 40741, None)
[2025-10-31T09:32:06.701+0700] {subprocess.py:93} INFO - 25/10/31 09:32:06 INFO BlockManager: Initialized BlockManager: BlockManagerId(driver, cf6042098ac0, 40741, None)
[2025-10-31T09:32:09.083+0700] {subprocess.py:93} INFO - 🚀 Streaming job started — đang lắng nghe dữ liệu từ Kafka...
[2025-10-31T09:32:10.564+0700] {subprocess.py:93} INFO - [Batch 0] ⚠️ Không có dữ liệu mới.
[2025-10-31T09:32:17.224+0700] {subprocess.py:93} INFO - [INFO] Model tốt nhất trong PostgreSQL: best_absa_4
[2025-10-31T09:32:17.224+0700] {subprocess.py:93} INFO - [INFO] ✅ Dùng model mới nhất từ PostgreSQL: /opt/***/models/newer_models/best_absa_4/model.pt
[2025-10-31T09:32:20.827+0700] {subprocess.py:93} INFO - [INFO] Model tốt nhất trong PostgreSQL: best_absa_4
[2025-10-31T09:32:20.827+0700] {subprocess.py:93} INFO - [INFO] ✅ Dùng model mới nhất từ PostgreSQL: /opt/***/models/newer_models/best_absa_4/model.pt
[2025-10-31T09:32:24.565+0700] {subprocess.py:93} INFO - [INFO] Model tốt nhất trong PostgreSQL: best_absa_4
[2025-10-31T09:32:24.565+0700] {subprocess.py:93} INFO - [INFO] ✅ Dùng model mới nhất từ PostgreSQL: /opt/***/models/newer_models/best_absa_4/model.pt
[2025-10-31T09:32:27.635+0700] {subprocess.py:93} INFO - [INFO] Model tốt nhất trong PostgreSQL: best_absa_4
[2025-10-31T09:32:27.635+0700] {subprocess.py:93} INFO - [INFO] ✅ Dùng model mới nhất từ PostgreSQL: /opt/***/models/newer_models/best_absa_4/model.pt
[2025-10-31T09:32:28.985+0700] {subprocess.py:93} INFO - 
[2025-10-31T09:32:28.985+0700] {subprocess.py:93} INFO - [Batch 1] Nhận 1 dòng, hiển thị 5 dòng đầu:
[2025-10-31T09:32:28.986+0700] {subprocess.py:93} INFO - [
[2025-10-31T09:32:28.986+0700] {subprocess.py:93} INFO -   {
[2025-10-31T09:32:28.986+0700] {subprocess.py:93} INFO -     "ReviewText": "Giày không đứng Form chất liệu không tốt bấm cái lỗ xỏ giày còn không đều nữa",
[2025-10-31T09:32:28.986+0700] {subprocess.py:93} INFO -     "Price": "NEU",
[2025-10-31T09:32:28.986+0700] {subprocess.py:93} INFO -     "Shipping": "NEG",
[2025-10-31T09:32:28.986+0700] {subprocess.py:93} INFO -     "Outlook": "POS",
[2025-10-31T09:32:28.986+0700] {subprocess.py:93} INFO -     "Quality": "NEU",
[2025-10-31T09:32:28.986+0700] {subprocess.py:93} INFO -     "Size": "NEU",
[2025-10-31T09:32:28.986+0700] {subprocess.py:93} INFO -     "Shop_Service": "NEG",
[2025-10-31T09:32:28.987+0700] {subprocess.py:93} INFO -     "General": "NEU",
[2025-10-31T09:32:28.987+0700] {subprocess.py:93} INFO -     "Others": "NEU"
[2025-10-31T09:32:28.987+0700] {subprocess.py:93} INFO -   }
[2025-10-31T09:32:28.987+0700] {subprocess.py:93} INFO - ]
[2025-10-31T09:32:31.757+0700] {subprocess.py:93} INFO - [INFO] Model tốt nhất trong PostgreSQL: best_absa_4
[2025-10-31T09:32:31.758+0700] {subprocess.py:93} INFO - [INFO] ✅ Dùng model mới nhất từ PostgreSQL: /opt/***/models/newer_models/best_absa_4/model.pt
[2025-10-31T09:32:35.010+0700] {subprocess.py:93} INFO - [INFO] Model tốt nhất trong PostgreSQL: best_absa_4
[2025-10-31T09:32:35.010+0700] {subprocess.py:93} INFO - [INFO] ✅ Dùng model mới nhất từ PostgreSQL: /opt/***/models/newer_models/best_absa_4/model.pt
[2025-10-31T09:32:36.367+0700] {subprocess.py:93} INFO - [Batch 1] ✅ Ghi PostgreSQL thành công (1 dòng).
[2025-10-31T09:32:38.825+0700] {subprocess.py:93} INFO - [INFO] Model tốt nhất trong PostgreSQL: best_absa_4
[2025-10-31T09:32:38.826+0700] {subprocess.py:93} INFO - [INFO] ✅ Dùng model mới nhất từ PostgreSQL: /opt/***/models/newer_models/best_absa_4/model.pt
[2025-10-31T09:32:41.727+0700] {subprocess.py:93} INFO - [INFO] Model tốt nhất trong PostgreSQL: best_absa_4
[2025-10-31T09:32:41.728+0700] {subprocess.py:93} INFO - [INFO] ✅ Dùng model mới nhất từ PostgreSQL: /opt/***/models/newer_models/best_absa_4/model.pt
[2025-10-31T09:32:43.026+0700] {subprocess.py:93} INFO - [Batch 1] Dữ liệu đã ghi (mẫu):
[2025-10-31T09:32:43.026+0700] {subprocess.py:93} INFO - [
[2025-10-31T09:32:43.026+0700] {subprocess.py:93} INFO -   {
[2025-10-31T09:32:43.027+0700] {subprocess.py:93} INFO -     "ReviewText": "Giày không đứng Form chất liệu không tốt bấm cái lỗ xỏ giày còn không đều nữa",
[2025-10-31T09:32:43.027+0700] {subprocess.py:93} INFO -     "Price": "NEU",
[2025-10-31T09:32:43.027+0700] {subprocess.py:93} INFO -     "Shipping": "NEG",
[2025-10-31T09:32:43.027+0700] {subprocess.py:93} INFO -     "Outlook": "POS",
[2025-10-31T09:32:43.027+0700] {subprocess.py:93} INFO -     "Quality": "NEU",
[2025-10-31T09:32:43.027+0700] {subprocess.py:93} INFO -     "Size": "NEU",
[2025-10-31T09:32:43.027+0700] {subprocess.py:93} INFO -     "Shop_Service": "NEG",
[2025-10-31T09:32:43.027+0700] {subprocess.py:93} INFO -     "General": "NEU",
[2025-10-31T09:32:43.027+0700] {subprocess.py:93} INFO -     "Others": "NEU"
[2025-10-31T09:32:43.027+0700] {subprocess.py:93} INFO -   }
[2025-10-31T09:32:43.027+0700] {subprocess.py:93} INFO - ]
[2025-10-31T09:32:45.654+0700] {subprocess.py:93} INFO - [INFO] Model tốt nhất trong PostgreSQL: best_absa_4
[2025-10-31T09:32:45.654+0700] {subprocess.py:93} INFO - [INFO] ✅ Dùng model mới nhất từ PostgreSQL: /opt/***/models/newer_models/best_absa_4/model.pt
[2025-10-31T09:32:48.633+0700] {subprocess.py:93} INFO - [INFO] Model tốt nhất trong PostgreSQL: best_absa_4
[2025-10-31T09:32:48.634+0700] {subprocess.py:93} INFO - [INFO] ✅ Dùng model mới nhất từ PostgreSQL: /opt/***/models/newer_models/best_absa_4/model.pt
[2025-10-31T09:32:52.310+0700] {subprocess.py:93} INFO - [INFO] Model tốt nhất trong PostgreSQL: best_absa_4
[2025-10-31T09:32:52.311+0700] {subprocess.py:93} INFO - [INFO] ✅ Dùng model mới nhất từ PostgreSQL: /opt/***/models/newer_models/best_absa_4/model.pt
[2025-10-31T09:32:55.332+0700] {subprocess.py:93} INFO - [INFO] Model tốt nhất trong PostgreSQL: best_absa_4
[2025-10-31T09:32:55.332+0700] {subprocess.py:93} INFO - [INFO] ✅ Dùng model mới nhất từ PostgreSQL: /opt/***/models/newer_models/best_absa_4/model.pt
[2025-10-31T09:32:56.726+0700] {subprocess.py:93} INFO - 
[2025-10-31T09:32:56.727+0700] {subprocess.py:93} INFO - [Batch 2] Nhận 10 dòng, hiển thị 5 dòng đầu:
[2025-10-31T09:32:56.727+0700] {subprocess.py:93} INFO - [
[2025-10-31T09:32:56.727+0700] {subprocess.py:93} INFO -   {
[2025-10-31T09:32:56.727+0700] {subprocess.py:93} INFO -     "ReviewText": "giày đẹp lắm nha mn oi rất rất re com men mn mua nhó chỉ hai chem mà như hàng like auth",
[2025-10-31T09:32:56.727+0700] {subprocess.py:93} INFO -     "Price": "NEU",
[2025-10-31T09:32:56.727+0700] {subprocess.py:93} INFO -     "Shipping": "NEG",
[2025-10-31T09:32:56.727+0700] {subprocess.py:93} INFO -     "Outlook": "POS",
[2025-10-31T09:32:56.727+0700] {subprocess.py:93} INFO -     "Quality": "NEU",
[2025-10-31T09:32:56.727+0700] {subprocess.py:93} INFO -     "Size": "NEU",
[2025-10-31T09:32:56.728+0700] {subprocess.py:93} INFO -     "Shop_Service": "NEG",
[2025-10-31T09:32:56.728+0700] {subprocess.py:93} INFO -     "General": "NEU",
[2025-10-31T09:32:56.728+0700] {subprocess.py:93} INFO -     "Others": "NEU"
[2025-10-31T09:32:56.728+0700] {subprocess.py:93} INFO -   },
[2025-10-31T09:32:56.728+0700] {subprocess.py:93} INFO -   {
[2025-10-31T09:32:56.728+0700] {subprocess.py:93} INFO -     "ReviewText": "Đẹp như hình vừa size luôn ạ giao hàng nhanh thân thiện nữa",
[2025-10-31T09:32:56.728+0700] {subprocess.py:93} INFO -     "Price": "NEU",
[2025-10-31T09:32:56.728+0700] {subprocess.py:93} INFO -     "Shipping": "NEG",
[2025-10-31T09:32:56.728+0700] {subprocess.py:93} INFO -     "Outlook": "POS",
[2025-10-31T09:32:56.728+0700] {subprocess.py:93} INFO -     "Quality": "NEU",
[2025-10-31T09:32:56.728+0700] {subprocess.py:93} INFO -     "Size": "NEU",
[2025-10-31T09:32:56.729+0700] {subprocess.py:93} INFO -     "Shop_Service": "NEG",
[2025-10-31T09:32:56.729+0700] {subprocess.py:93} INFO -     "General": "NEU",
[2025-10-31T09:32:56.729+0700] {subprocess.py:93} INFO -     "Others": "NEU"
[2025-10-31T09:32:56.729+0700] {subprocess.py:93} INFO -   },
[2025-10-31T09:32:56.729+0700] {subprocess.py:93} INFO -   {
[2025-10-31T09:32:56.729+0700] {subprocess.py:93} INFO -     "ReviewText": "Xau lam moi nguoif dung mua phi tienf de no cu cong coc congcoc kho chiyj vaix truong",
[2025-10-31T09:32:56.729+0700] {subprocess.py:93} INFO -     "Price": "NEU",
[2025-10-31T09:32:56.729+0700] {subprocess.py:93} INFO -     "Shipping": "NEG",
[2025-10-31T09:32:56.729+0700] {subprocess.py:93} INFO -     "Outlook": "POS",
[2025-10-31T09:32:56.729+0700] {subprocess.py:93} INFO -     "Quality": "NEU",
[2025-10-31T09:32:56.729+0700] {subprocess.py:93} INFO -     "Size": "NEU",
[2025-10-31T09:32:56.729+0700] {subprocess.py:93} INFO -     "Shop_Service": "NEG",
[2025-10-31T09:32:56.730+0700] {subprocess.py:93} INFO -     "General": "NEU",
[2025-10-31T09:32:56.730+0700] {subprocess.py:93} INFO -     "Others": "NEU"
[2025-10-31T09:32:56.730+0700] {subprocess.py:93} INFO -   },
[2025-10-31T09:32:56.730+0700] {subprocess.py:93} INFO -   {
[2025-10-31T09:32:56.730+0700] {subprocess.py:93} INFO -     "ReviewText": "Sản phẩm đẹp,giày mang êm chân,đáng để mua,mà giá hơi mắc hơn chỗ khác nhưng đổi lại hàng chất lượng tốt",
[2025-10-31T09:32:56.730+0700] {subprocess.py:93} INFO -     "Price": "NEU",
[2025-10-31T09:32:56.730+0700] {subprocess.py:93} INFO -     "Shipping": "NEG",
[2025-10-31T09:32:56.730+0700] {subprocess.py:93} INFO -     "Outlook": "POS",
[2025-10-31T09:32:56.730+0700] {subprocess.py:93} INFO -     "Quality": "NEU",
[2025-10-31T09:32:56.730+0700] {subprocess.py:93} INFO -     "Size": "NEU",
[2025-10-31T09:32:56.730+0700] {subprocess.py:93} INFO -     "Shop_Service": "NEG",
[2025-10-31T09:32:56.731+0700] {subprocess.py:93} INFO -     "General": "NEU",
[2025-10-31T09:32:56.731+0700] {subprocess.py:93} INFO -     "Others": "NEU"
[2025-10-31T09:32:56.731+0700] {subprocess.py:93} INFO -   },
[2025-10-31T09:32:56.731+0700] {subprocess.py:93} INFO -   {
[2025-10-31T09:32:56.731+0700] {subprocess.py:93} INFO -     "ReviewText": "Shop đóng gói rất cẩn thận lun nha, có hộp đàng hoàng.",
[2025-10-31T09:32:56.731+0700] {subprocess.py:93} INFO -     "Price": "NEU",
[2025-10-31T09:32:56.731+0700] {subprocess.py:93} INFO -     "Shipping": "NEG",
[2025-10-31T09:32:56.731+0700] {subprocess.py:93} INFO -     "Outlook": "POS",
[2025-10-31T09:32:56.731+0700] {subprocess.py:93} INFO -     "Quality": "NEU",
[2025-10-31T09:32:56.731+0700] {subprocess.py:93} INFO -     "Size": "NEU",
[2025-10-31T09:32:56.731+0700] {subprocess.py:93} INFO -     "Shop_Service": "POS",
[2025-10-31T09:32:56.731+0700] {subprocess.py:93} INFO -     "General": "NEU",
[2025-10-31T09:32:56.732+0700] {subprocess.py:93} INFO -     "Others": "NEU"
[2025-10-31T09:32:56.732+0700] {subprocess.py:93} INFO -   }
[2025-10-31T09:32:56.732+0700] {subprocess.py:93} INFO - ]
[2025-10-31T09:33:01.613+0700] {subprocess.py:93} INFO - [INFO] Model tốt nhất trong PostgreSQL: best_absa_4
[2025-10-31T09:33:01.613+0700] {subprocess.py:93} INFO - [INFO] ✅ Dùng model mới nhất từ PostgreSQL: /opt/***/models/newer_models/best_absa_4/model.pt
[2025-10-31T09:33:05.553+0700] {subprocess.py:93} INFO - [INFO] Model tốt nhất trong PostgreSQL: best_absa_4
[2025-10-31T09:33:05.553+0700] {subprocess.py:93} INFO - [INFO] ✅ Dùng model mới nhất từ PostgreSQL: /opt/***/models/newer_models/best_absa_4/model.pt
[2025-10-31T09:33:06.848+0700] {subprocess.py:93} INFO - [Batch 2] ✅ Ghi PostgreSQL thành công (10 dòng).
[2025-10-31T09:33:08.830+0700] {subprocess.py:93} INFO - [INFO] Model tốt nhất trong PostgreSQL: best_absa_4
[2025-10-31T09:33:08.831+0700] {subprocess.py:93} INFO - [INFO] ✅ Dùng model mới nhất từ PostgreSQL: /opt/***/models/newer_models/best_absa_4/model.pt
[2025-10-31T09:33:11.975+0700] {subprocess.py:93} INFO - [INFO] Model tốt nhất trong PostgreSQL: best_absa_4
[2025-10-31T09:33:11.976+0700] {subprocess.py:93} INFO - [INFO] ✅ Dùng model mới nhất từ PostgreSQL: /opt/***/models/newer_models/best_absa_4/model.pt
[2025-10-31T09:33:13.350+0700] {subprocess.py:93} INFO - [Batch 2] Dữ liệu đã ghi (mẫu):
[2025-10-31T09:33:13.351+0700] {subprocess.py:93} INFO - [
[2025-10-31T09:33:13.351+0700] {subprocess.py:93} INFO -   {
[2025-10-31T09:33:13.351+0700] {subprocess.py:93} INFO -     "ReviewText": "giày đẹp lắm nha mn oi rất rất re com men mn mua nhó chỉ hai chem mà như hàng like auth",
[2025-10-31T09:33:13.351+0700] {subprocess.py:93} INFO -     "Price": "NEU",
[2025-10-31T09:33:13.351+0700] {subprocess.py:93} INFO -     "Shipping": "NEG",
[2025-10-31T09:33:13.351+0700] {subprocess.py:93} INFO -     "Outlook": "POS",
[2025-10-31T09:33:13.352+0700] {subprocess.py:93} INFO -     "Quality": "NEU",
[2025-10-31T09:33:13.352+0700] {subprocess.py:93} INFO -     "Size": "NEU",
[2025-10-31T09:33:13.352+0700] {subprocess.py:93} INFO -     "Shop_Service": "NEG",
[2025-10-31T09:33:13.352+0700] {subprocess.py:93} INFO -     "General": "NEU",
[2025-10-31T09:33:13.352+0700] {subprocess.py:93} INFO -     "Others": "NEU"
[2025-10-31T09:33:13.352+0700] {subprocess.py:93} INFO -   },
[2025-10-31T09:33:13.352+0700] {subprocess.py:93} INFO -   {
[2025-10-31T09:33:13.352+0700] {subprocess.py:93} INFO -     "ReviewText": "Đẹp như hình vừa size luôn ạ giao hàng nhanh thân thiện nữa",
[2025-10-31T09:33:13.352+0700] {subprocess.py:93} INFO -     "Price": "NEU",
[2025-10-31T09:33:13.352+0700] {subprocess.py:93} INFO -     "Shipping": "NEG",
[2025-10-31T09:33:13.352+0700] {subprocess.py:93} INFO -     "Outlook": "POS",
[2025-10-31T09:33:13.353+0700] {subprocess.py:93} INFO -     "Quality": "NEU",
[2025-10-31T09:33:13.353+0700] {subprocess.py:93} INFO -     "Size": "NEU",
[2025-10-31T09:33:13.353+0700] {subprocess.py:93} INFO -     "Shop_Service": "NEG",
[2025-10-31T09:33:13.353+0700] {subprocess.py:93} INFO -     "General": "NEU",
[2025-10-31T09:33:13.353+0700] {subprocess.py:93} INFO -     "Others": "NEU"
[2025-10-31T09:33:13.353+0700] {subprocess.py:93} INFO -   },
[2025-10-31T09:33:13.353+0700] {subprocess.py:93} INFO -   {
[2025-10-31T09:33:13.353+0700] {subprocess.py:93} INFO -     "ReviewText": "Xau lam moi nguoif dung mua phi tienf de no cu cong coc congcoc kho chiyj vaix truong",
[2025-10-31T09:33:13.353+0700] {subprocess.py:93} INFO -     "Price": "NEU",
[2025-10-31T09:33:13.353+0700] {subprocess.py:93} INFO -     "Shipping": "NEG",
[2025-10-31T09:33:13.354+0700] {subprocess.py:93} INFO -     "Outlook": "POS",
[2025-10-31T09:33:13.354+0700] {subprocess.py:93} INFO -     "Quality": "NEU",
[2025-10-31T09:33:13.354+0700] {subprocess.py:93} INFO -     "Size": "NEU",
[2025-10-31T09:33:13.354+0700] {subprocess.py:93} INFO -     "Shop_Service": "NEG",
[2025-10-31T09:33:13.354+0700] {subprocess.py:93} INFO -     "General": "NEU",
[2025-10-31T09:33:13.354+0700] {subprocess.py:93} INFO -     "Others": "NEU"
[2025-10-31T09:33:13.354+0700] {subprocess.py:93} INFO -   }
[2025-10-31T09:33:13.354+0700] {subprocess.py:93} INFO - ]
[2025-10-31T09:33:18.638+0700] {subprocess.py:93} INFO - [INFO] Model tốt nhất trong PostgreSQL: best_absa_4
[2025-10-31T09:33:18.638+0700] {subprocess.py:93} INFO - [INFO] ✅ Dùng model mới nhất từ PostgreSQL: /opt/***/models/newer_models/best_absa_4/model.pt
[2025-10-31T09:33:22.231+0700] {subprocess.py:93} INFO - [INFO] Model tốt nhất trong PostgreSQL: best_absa_4
[2025-10-31T09:33:22.232+0700] {subprocess.py:93} INFO - [INFO] ✅ Dùng model mới nhất từ PostgreSQL: /opt/***/models/newer_models/best_absa_4/model.pt
[2025-10-31T09:33:25.783+0700] {subprocess.py:93} INFO - [INFO] Model tốt nhất trong PostgreSQL: best_absa_4
[2025-10-31T09:33:25.783+0700] {subprocess.py:93} INFO - [INFO] ✅ Dùng model mới nhất từ PostgreSQL: /opt/***/models/newer_models/best_absa_4/model.pt
[2025-10-31T09:33:29.356+0700] {subprocess.py:93} INFO - [INFO] Model tốt nhất trong PostgreSQL: best_absa_4
[2025-10-31T09:33:29.356+0700] {subprocess.py:93} INFO - [INFO] ✅ Dùng model mới nhất từ PostgreSQL: /opt/***/models/newer_models/best_absa_4/model.pt
[2025-10-31T09:33:30.707+0700] {subprocess.py:93} INFO - 
[2025-10-31T09:33:30.708+0700] {subprocess.py:93} INFO - [Batch 3] Nhận 10 dòng, hiển thị 5 dòng đầu:
[2025-10-31T09:33:30.708+0700] {subprocess.py:93} INFO - [
[2025-10-31T09:33:30.708+0700] {subprocess.py:93} INFO -   {
[2025-10-31T09:33:30.708+0700] {subprocess.py:93} INFO -     "ReviewText": ":))) k bt nói j hơn là lên mua nha",
[2025-10-31T09:33:30.708+0700] {subprocess.py:93} INFO -     "Price": "NEU",
[2025-10-31T09:33:30.709+0700] {subprocess.py:93} INFO -     "Shipping": "NEG",
[2025-10-31T09:33:30.709+0700] {subprocess.py:93} INFO -     "Outlook": "POS",
[2025-10-31T09:33:30.709+0700] {subprocess.py:93} INFO -     "Quality": "NEU",
[2025-10-31T09:33:30.709+0700] {subprocess.py:93} INFO -     "Size": "NEU",
[2025-10-31T09:33:30.709+0700] {subprocess.py:93} INFO -     "Shop_Service": "NEG",
[2025-10-31T09:33:30.709+0700] {subprocess.py:93} INFO -     "General": "NEU",
[2025-10-31T09:33:30.709+0700] {subprocess.py:93} INFO -     "Others": "NEU"
[2025-10-31T09:33:30.710+0700] {subprocess.py:93} INFO -   },
[2025-10-31T09:33:30.710+0700] {subprocess.py:93} INFO -   {
[2025-10-31T09:33:30.710+0700] {subprocess.py:93} INFO -     "ReviewText": "Giày rất cháy,cháy tưởng ho,giày rất ổn,ổn đầy bìa :)))))))",
[2025-10-31T09:33:30.710+0700] {subprocess.py:93} INFO -     "Price": "NEU",
[2025-10-31T09:33:30.710+0700] {subprocess.py:93} INFO -     "Shipping": "NEG",
[2025-10-31T09:33:30.710+0700] {subprocess.py:93} INFO -     "Outlook": "POS",
[2025-10-31T09:33:30.710+0700] {subprocess.py:93} INFO -     "Quality": "NEU",
[2025-10-31T09:33:30.711+0700] {subprocess.py:93} INFO -     "Size": "NEU",
[2025-10-31T09:33:30.711+0700] {subprocess.py:93} INFO -     "Shop_Service": "NEG",
[2025-10-31T09:33:30.711+0700] {subprocess.py:93} INFO -     "General": "NEU",
[2025-10-31T09:33:30.711+0700] {subprocess.py:93} INFO -     "Others": "NEU"
[2025-10-31T09:33:30.711+0700] {subprocess.py:93} INFO -   },
[2025-10-31T09:33:30.711+0700] {subprocess.py:93} INFO -   {
[2025-10-31T09:33:30.712+0700] {subprocess.py:93} INFO -     "ReviewText": "Hàng đẹp sẽ ủng hộ shop ạ 🥰 shop đóng hàng cẫn thận siêu ưng nhaaa",
[2025-10-31T09:33:30.712+0700] {subprocess.py:93} INFO -     "Price": "NEU",
[2025-10-31T09:33:30.712+0700] {subprocess.py:93} INFO -     "Shipping": "NEG",
[2025-10-31T09:33:30.712+0700] {subprocess.py:93} INFO -     "Outlook": "POS",
[2025-10-31T09:33:30.712+0700] {subprocess.py:93} INFO -     "Quality": "NEU",
[2025-10-31T09:33:30.712+0700] {subprocess.py:93} INFO -     "Size": "NEU",
[2025-10-31T09:33:30.713+0700] {subprocess.py:93} INFO -     "Shop_Service": "NEG",
[2025-10-31T09:33:30.713+0700] {subprocess.py:93} INFO -     "General": "NEU",
[2025-10-31T09:33:30.713+0700] {subprocess.py:93} INFO -     "Others": "NEU"
[2025-10-31T09:33:30.713+0700] {subprocess.py:93} INFO -   },
[2025-10-31T09:33:30.713+0700] {subprocess.py:93} INFO -   {
[2025-10-31T09:33:30.713+0700] {subprocess.py:93} INFO -     "ReviewText": "Chất liệu ổn, đúng như mong đợi. Đáng tiền nha mọi người, tôi rất thích",
[2025-10-31T09:33:30.714+0700] {subprocess.py:93} INFO -     "Price": "NEU",
[2025-10-31T09:33:30.714+0700] {subprocess.py:93} INFO -     "Shipping": "NEG",
[2025-10-31T09:33:30.714+0700] {subprocess.py:93} INFO -     "Outlook": "POS",
[2025-10-31T09:33:30.714+0700] {subprocess.py:93} INFO -     "Quality": "NEU",
[2025-10-31T09:33:30.714+0700] {subprocess.py:93} INFO -     "Size": "NEU",
[2025-10-31T09:33:30.714+0700] {subprocess.py:93} INFO -     "Shop_Service": "NEG",
[2025-10-31T09:33:30.714+0700] {subprocess.py:93} INFO -     "General": "NEU",
[2025-10-31T09:33:30.715+0700] {subprocess.py:93} INFO -     "Others": "NEU"
[2025-10-31T09:33:30.715+0700] {subprocess.py:93} INFO -   },
[2025-10-31T09:33:30.715+0700] {subprocess.py:93} INFO -   {
[2025-10-31T09:33:30.715+0700] {subprocess.py:93} INFO -     "ReviewText": "Chất liệu vừa giá tiền . mua hơi rộng",
[2025-10-31T09:33:30.715+0700] {subprocess.py:93} INFO -     "Price": "NEU",
[2025-10-31T09:33:30.715+0700] {subprocess.py:93} INFO -     "Shipping": "NEG",
[2025-10-31T09:33:30.716+0700] {subprocess.py:93} INFO -     "Outlook": "POS",
[2025-10-31T09:33:30.716+0700] {subprocess.py:93} INFO -     "Quality": "NEU",
[2025-10-31T09:33:30.716+0700] {subprocess.py:93} INFO -     "Size": "NEU",
[2025-10-31T09:33:30.716+0700] {subprocess.py:93} INFO -     "Shop_Service": "NEG",
[2025-10-31T09:33:30.716+0700] {subprocess.py:93} INFO -     "General": "NEU",
[2025-10-31T09:33:30.717+0700] {subprocess.py:93} INFO -     "Others": "NEU"
[2025-10-31T09:33:30.717+0700] {subprocess.py:93} INFO -   }
[2025-10-31T09:33:30.717+0700] {subprocess.py:93} INFO - ]
[2025-10-31T09:33:36.726+0700] {subprocess.py:93} INFO - [INFO] Model tốt nhất trong PostgreSQL: best_absa_4
[2025-10-31T09:33:36.727+0700] {subprocess.py:93} INFO - [INFO] ✅ Dùng model mới nhất từ PostgreSQL: /opt/***/models/newer_models/best_absa_4/model.pt
[2025-10-31T09:33:41.081+0700] {subprocess.py:93} INFO - [INFO] Model tốt nhất trong PostgreSQL: best_absa_4
[2025-10-31T09:33:41.081+0700] {subprocess.py:93} INFO - [INFO] ✅ Dùng model mới nhất từ PostgreSQL: /opt/***/models/newer_models/best_absa_4/model.pt
[2025-10-31T09:33:42.417+0700] {subprocess.py:93} INFO - [Batch 3] ✅ Ghi PostgreSQL thành công (10 dòng).
[2025-10-31T09:33:44.669+0700] {subprocess.py:93} INFO - [INFO] Model tốt nhất trong PostgreSQL: best_absa_4
[2025-10-31T09:33:44.669+0700] {subprocess.py:93} INFO - [INFO] ✅ Dùng model mới nhất từ PostgreSQL: /opt/***/models/newer_models/best_absa_4/model.pt
[2025-10-31T09:33:48.132+0700] {subprocess.py:93} INFO - [INFO] Model tốt nhất trong PostgreSQL: best_absa_4
[2025-10-31T09:33:48.133+0700] {subprocess.py:93} INFO - [INFO] ✅ Dùng model mới nhất từ PostgreSQL: /opt/***/models/newer_models/best_absa_4/model.pt
[2025-10-31T09:33:49.458+0700] {subprocess.py:93} INFO - [Batch 3] Dữ liệu đã ghi (mẫu):
[2025-10-31T09:33:49.459+0700] {subprocess.py:93} INFO - [
[2025-10-31T09:33:49.459+0700] {subprocess.py:93} INFO -   {
[2025-10-31T09:33:49.459+0700] {subprocess.py:93} INFO -     "ReviewText": ":))) k bt nói j hơn là lên mua nha",
[2025-10-31T09:33:49.459+0700] {subprocess.py:93} INFO -     "Price": "NEU",
[2025-10-31T09:33:49.459+0700] {subprocess.py:93} INFO -     "Shipping": "NEG",
[2025-10-31T09:33:49.459+0700] {subprocess.py:93} INFO -     "Outlook": "POS",
[2025-10-31T09:33:49.459+0700] {subprocess.py:93} INFO -     "Quality": "NEU",
[2025-10-31T09:33:49.459+0700] {subprocess.py:93} INFO -     "Size": "NEU",
[2025-10-31T09:33:49.460+0700] {subprocess.py:93} INFO -     "Shop_Service": "NEG",
[2025-10-31T09:33:49.460+0700] {subprocess.py:93} INFO -     "General": "NEU",
[2025-10-31T09:33:49.460+0700] {subprocess.py:93} INFO -     "Others": "NEU"
[2025-10-31T09:33:49.460+0700] {subprocess.py:93} INFO -   },
[2025-10-31T09:33:49.460+0700] {subprocess.py:93} INFO -   {
[2025-10-31T09:33:49.460+0700] {subprocess.py:93} INFO -     "ReviewText": "Giày rất cháy,cháy tưởng ho,giày rất ổn,ổn đầy bìa :)))))))",
[2025-10-31T09:33:49.460+0700] {subprocess.py:93} INFO -     "Price": "NEU",
[2025-10-31T09:33:49.460+0700] {subprocess.py:93} INFO -     "Shipping": "NEG",
[2025-10-31T09:33:49.460+0700] {subprocess.py:93} INFO -     "Outlook": "POS",
[2025-10-31T09:33:49.460+0700] {subprocess.py:93} INFO -     "Quality": "NEU",
[2025-10-31T09:33:49.460+0700] {subprocess.py:93} INFO -     "Size": "NEU",
[2025-10-31T09:33:49.461+0700] {subprocess.py:93} INFO -     "Shop_Service": "NEG",
[2025-10-31T09:33:49.461+0700] {subprocess.py:93} INFO -     "General": "NEU",
[2025-10-31T09:33:49.461+0700] {subprocess.py:93} INFO -     "Others": "NEU"
[2025-10-31T09:33:49.461+0700] {subprocess.py:93} INFO -   },
[2025-10-31T09:33:49.461+0700] {subprocess.py:93} INFO -   {
[2025-10-31T09:33:49.461+0700] {subprocess.py:93} INFO -     "ReviewText": "Hàng đẹp sẽ ủng hộ shop ạ 🥰 shop đóng hàng cẫn thận siêu ưng nhaaa",
[2025-10-31T09:33:49.461+0700] {subprocess.py:93} INFO -     "Price": "NEU",
[2025-10-31T09:33:49.461+0700] {subprocess.py:93} INFO -     "Shipping": "NEG",
[2025-10-31T09:33:49.461+0700] {subprocess.py:93} INFO -     "Outlook": "POS",
[2025-10-31T09:33:49.461+0700] {subprocess.py:93} INFO -     "Quality": "NEU",
[2025-10-31T09:33:49.461+0700] {subprocess.py:93} INFO -     "Size": "NEU",
[2025-10-31T09:33:49.462+0700] {subprocess.py:93} INFO -     "Shop_Service": "NEG",
[2025-10-31T09:33:49.462+0700] {subprocess.py:93} INFO -     "General": "NEU",
[2025-10-31T09:33:49.462+0700] {subprocess.py:93} INFO -     "Others": "NEU"
[2025-10-31T09:33:49.462+0700] {subprocess.py:93} INFO -   }
[2025-10-31T09:33:49.462+0700] {subprocess.py:93} INFO - ]
[2025-10-31T09:33:54.497+0700] {subprocess.py:93} INFO - [INFO] Model tốt nhất trong PostgreSQL: best_absa_4
[2025-10-31T09:33:54.497+0700] {subprocess.py:93} INFO - [INFO] ✅ Dùng model mới nhất từ PostgreSQL: /opt/***/models/newer_models/best_absa_4/model.pt
[2025-10-31T09:33:58.285+0700] {subprocess.py:93} INFO - [INFO] Model tốt nhất trong PostgreSQL: best_absa_4
[2025-10-31T09:33:58.286+0700] {subprocess.py:93} INFO - [INFO] ✅ Dùng model mới nhất từ PostgreSQL: /opt/***/models/newer_models/best_absa_4/model.pt
[2025-10-31T09:34:01.605+0700] {subprocess.py:93} INFO - [INFO] Model tốt nhất trong PostgreSQL: best_absa_4
[2025-10-31T09:34:01.605+0700] {subprocess.py:93} INFO - [INFO] ✅ Dùng model mới nhất từ PostgreSQL: /opt/***/models/newer_models/best_absa_4/model.pt
[2025-10-31T09:34:04.422+0700] {subprocess.py:93} INFO - [INFO] Model tốt nhất trong PostgreSQL: best_absa_4
[2025-10-31T09:34:04.422+0700] {subprocess.py:93} INFO - [INFO] ✅ Dùng model mới nhất từ PostgreSQL: /opt/***/models/newer_models/best_absa_4/model.pt
[2025-10-31T09:34:05.840+0700] {subprocess.py:93} INFO - 
[2025-10-31T09:34:05.841+0700] {subprocess.py:93} INFO - [Batch 4] Nhận 10 dòng, hiển thị 5 dòng đầu:
[2025-10-31T09:34:05.841+0700] {subprocess.py:93} INFO - [
[2025-10-31T09:34:05.841+0700] {subprocess.py:93} INFO -   {
[2025-10-31T09:34:05.841+0700] {subprocess.py:93} INFO -     "ReviewText": "Sản phẩm rất chìa oke nha @ mọi người đã thế giá rẻ nữa chứ giữ đúng form và đóng gói cẩn thận",
[2025-10-31T09:34:05.841+0700] {subprocess.py:93} INFO -     "Price": "POS",
[2025-10-31T09:34:05.841+0700] {subprocess.py:93} INFO -     "Shipping": "NEG",
[2025-10-31T09:34:05.841+0700] {subprocess.py:93} INFO -     "Outlook": "POS",
[2025-10-31T09:34:05.841+0700] {subprocess.py:93} INFO -     "Quality": "POS",
[2025-10-31T09:34:05.841+0700] {subprocess.py:93} INFO -     "Size": "NEU",
[2025-10-31T09:34:05.842+0700] {subprocess.py:93} INFO -     "Shop_Service": "POS",
[2025-10-31T09:34:05.842+0700] {subprocess.py:93} INFO -     "General": "POS",
[2025-10-31T09:34:05.842+0700] {subprocess.py:93} INFO -     "Others": "NEU"
[2025-10-31T09:34:05.842+0700] {subprocess.py:93} INFO -   },
[2025-10-31T09:34:05.842+0700] {subprocess.py:93} INFO -   {
[2025-10-31T09:34:05.842+0700] {subprocess.py:93} INFO -     "ReviewText": "Giày xinh xỉu luôn mềm mại, đẹp quá, y hình nha giá thì ok lắm hi",
[2025-10-31T09:34:05.842+0700] {subprocess.py:93} INFO -     "Price": "POS",
[2025-10-31T09:34:05.842+0700] {subprocess.py:93} INFO -     "Shipping": "NEG",
[2025-10-31T09:34:05.842+0700] {subprocess.py:93} INFO -     "Outlook": "POS",
[2025-10-31T09:34:05.842+0700] {subprocess.py:93} INFO -     "Quality": "NEU",
[2025-10-31T09:34:05.842+0700] {subprocess.py:93} INFO -     "Size": "NEU",
[2025-10-31T09:34:05.843+0700] {subprocess.py:93} INFO -     "Shop_Service": "POS",
[2025-10-31T09:34:05.843+0700] {subprocess.py:93} INFO -     "General": "NEU",
[2025-10-31T09:34:05.843+0700] {subprocess.py:93} INFO -     "Others": "NEU"
[2025-10-31T09:34:05.843+0700] {subprocess.py:93} INFO -   },
[2025-10-31T09:34:05.843+0700] {subprocess.py:93} INFO -   {
[2025-10-31T09:34:05.843+0700] {subprocess.py:93} INFO -     "ReviewText": "Giao hàng nhanh quá đóng gói ok chất lượng ok đáng mua nha",
[2025-10-31T09:34:05.843+0700] {subprocess.py:93} INFO -     "Price": "POS",
[2025-10-31T09:34:05.843+0700] {subprocess.py:93} INFO -     "Shipping": "POS",
[2025-10-31T09:34:05.843+0700] {subprocess.py:93} INFO -     "Outlook": "POS",
[2025-10-31T09:34:05.843+0700] {subprocess.py:93} INFO -     "Quality": "POS",
[2025-10-31T09:34:05.843+0700] {subprocess.py:93} INFO -     "Size": "NEU",
[2025-10-31T09:34:05.843+0700] {subprocess.py:93} INFO -     "Shop_Service": "POS",
[2025-10-31T09:34:05.844+0700] {subprocess.py:93} INFO -     "General": "NEU",
[2025-10-31T09:34:05.844+0700] {subprocess.py:93} INFO -     "Others": "NEU"
[2025-10-31T09:34:05.844+0700] {subprocess.py:93} INFO -   },
[2025-10-31T09:34:05.844+0700] {subprocess.py:93} INFO -   {
[2025-10-31T09:34:05.844+0700] {subprocess.py:93} INFO -     "ReviewText": "Dày đi êm chân, tạm được, dây dày dễ xù Nói chung ok, xứng đáng với giá tiền",
[2025-10-31T09:34:05.844+0700] {subprocess.py:93} INFO -     "Price": "NEU",
[2025-10-31T09:34:05.844+0700] {subprocess.py:93} INFO -     "Shipping": "NEG",
[2025-10-31T09:34:05.844+0700] {subprocess.py:93} INFO -     "Outlook": "POS",
[2025-10-31T09:34:05.844+0700] {subprocess.py:93} INFO -     "Quality": "NEU",
[2025-10-31T09:34:05.844+0700] {subprocess.py:93} INFO -     "Size": "NEU",
[2025-10-31T09:34:05.844+0700] {subprocess.py:93} INFO -     "Shop_Service": "NEG",
[2025-10-31T09:34:05.845+0700] {subprocess.py:93} INFO -     "General": "NEU",
[2025-10-31T09:34:05.845+0700] {subprocess.py:93} INFO -     "Others": "NEU"
[2025-10-31T09:34:05.845+0700] {subprocess.py:93} INFO -   },
[2025-10-31T09:34:05.845+0700] {subprocess.py:93} INFO -   {
[2025-10-31T09:34:05.845+0700] {subprocess.py:93} INFO -     "ReviewText": "Lần đầu mua giầy mà đi vừa chân ưng nha",
[2025-10-31T09:34:05.845+0700] {subprocess.py:93} INFO -     "Price": "NEU",
[2025-10-31T09:34:05.845+0700] {subprocess.py:93} INFO -     "Shipping": "NEG",
[2025-10-31T09:34:05.845+0700] {subprocess.py:93} INFO -     "Outlook": "POS",
[2025-10-31T09:34:05.845+0700] {subprocess.py:93} INFO -     "Quality": "NEU",
[2025-10-31T09:34:05.845+0700] {subprocess.py:93} INFO -     "Size": "NEU",
[2025-10-31T09:34:05.845+0700] {subprocess.py:93} INFO -     "Shop_Service": "NEG",
[2025-10-31T09:34:05.846+0700] {subprocess.py:93} INFO -     "General": "NEU",
[2025-10-31T09:34:05.846+0700] {subprocess.py:93} INFO -     "Others": "NEU"
[2025-10-31T09:34:05.846+0700] {subprocess.py:93} INFO -   }
[2025-10-31T09:34:05.846+0700] {subprocess.py:93} INFO - ]
[2025-10-31T09:34:11.367+0700] {subprocess.py:93} INFO - [INFO] Model tốt nhất trong PostgreSQL: best_absa_4
[2025-10-31T09:34:11.367+0700] {subprocess.py:93} INFO - [INFO] ✅ Dùng model mới nhất từ PostgreSQL: /opt/***/models/newer_models/best_absa_4/model.pt
[2025-10-31T09:34:15.247+0700] {subprocess.py:93} INFO - [INFO] Model tốt nhất trong PostgreSQL: best_absa_4
[2025-10-31T09:34:15.247+0700] {subprocess.py:93} INFO - [INFO] ✅ Dùng model mới nhất từ PostgreSQL: /opt/***/models/newer_models/best_absa_4/model.pt
[2025-10-31T09:34:16.419+0700] {subprocess.py:93} INFO - [Batch 4] ✅ Ghi PostgreSQL thành công (10 dòng).
[2025-10-31T09:34:18.776+0700] {subprocess.py:93} INFO - [INFO] Model tốt nhất trong PostgreSQL: best_absa_4
[2025-10-31T09:34:18.776+0700] {subprocess.py:93} INFO - [INFO] ✅ Dùng model mới nhất từ PostgreSQL: /opt/***/models/newer_models/best_absa_4/model.pt
[2025-10-31T09:34:22.084+0700] {subprocess.py:93} INFO - [INFO] Model tốt nhất trong PostgreSQL: best_absa_4
[2025-10-31T09:34:22.084+0700] {subprocess.py:93} INFO - [INFO] ✅ Dùng model mới nhất từ PostgreSQL: /opt/***/models/newer_models/best_absa_4/model.pt
[2025-10-31T09:34:23.361+0700] {subprocess.py:93} INFO - [Batch 4] Dữ liệu đã ghi (mẫu):
[2025-10-31T09:34:23.362+0700] {subprocess.py:93} INFO - [
[2025-10-31T09:34:23.362+0700] {subprocess.py:93} INFO -   {
[2025-10-31T09:34:23.362+0700] {subprocess.py:93} INFO -     "ReviewText": "Sản phẩm rất chìa oke nha @ mọi người đã thế giá rẻ nữa chứ giữ đúng form và đóng gói cẩn thận",
[2025-10-31T09:34:23.362+0700] {subprocess.py:93} INFO -     "Price": "POS",
[2025-10-31T09:34:23.362+0700] {subprocess.py:93} INFO -     "Shipping": "NEG",
[2025-10-31T09:34:23.362+0700] {subprocess.py:93} INFO -     "Outlook": "POS",
[2025-10-31T09:34:23.363+0700] {subprocess.py:93} INFO -     "Quality": "POS",
[2025-10-31T09:34:23.363+0700] {subprocess.py:93} INFO -     "Size": "NEU",
[2025-10-31T09:34:23.363+0700] {subprocess.py:93} INFO -     "Shop_Service": "POS",
[2025-10-31T09:34:23.363+0700] {subprocess.py:93} INFO -     "General": "POS",
[2025-10-31T09:34:23.363+0700] {subprocess.py:93} INFO -     "Others": "NEU"
[2025-10-31T09:34:23.363+0700] {subprocess.py:93} INFO -   },
[2025-10-31T09:34:23.363+0700] {subprocess.py:93} INFO -   {
[2025-10-31T09:34:23.363+0700] {subprocess.py:93} INFO -     "ReviewText": "Giày xinh xỉu luôn mềm mại, đẹp quá, y hình nha giá thì ok lắm hi",
[2025-10-31T09:34:23.363+0700] {subprocess.py:93} INFO -     "Price": "POS",
[2025-10-31T09:34:23.363+0700] {subprocess.py:93} INFO -     "Shipping": "NEG",
[2025-10-31T09:34:23.363+0700] {subprocess.py:93} INFO -     "Outlook": "POS",
[2025-10-31T09:34:23.363+0700] {subprocess.py:93} INFO -     "Quality": "NEU",
[2025-10-31T09:34:23.364+0700] {subprocess.py:93} INFO -     "Size": "NEU",
[2025-10-31T09:34:23.364+0700] {subprocess.py:93} INFO -     "Shop_Service": "POS",
[2025-10-31T09:34:23.364+0700] {subprocess.py:93} INFO -     "General": "NEU",
[2025-10-31T09:34:23.364+0700] {subprocess.py:93} INFO -     "Others": "NEU"
[2025-10-31T09:34:23.364+0700] {subprocess.py:93} INFO -   },
[2025-10-31T09:34:23.364+0700] {subprocess.py:93} INFO -   {
[2025-10-31T09:34:23.364+0700] {subprocess.py:93} INFO -     "ReviewText": "Giao hàng nhanh quá đóng gói ok chất lượng ok đáng mua nha",
[2025-10-31T09:34:23.364+0700] {subprocess.py:93} INFO -     "Price": "POS",
[2025-10-31T09:34:23.364+0700] {subprocess.py:93} INFO -     "Shipping": "POS",
[2025-10-31T09:34:23.365+0700] {subprocess.py:93} INFO -     "Outlook": "POS",
[2025-10-31T09:34:23.365+0700] {subprocess.py:93} INFO -     "Quality": "POS",
[2025-10-31T09:34:23.365+0700] {subprocess.py:93} INFO -     "Size": "NEU",
[2025-10-31T09:34:23.365+0700] {subprocess.py:93} INFO -     "Shop_Service": "POS",
[2025-10-31T09:34:23.365+0700] {subprocess.py:93} INFO -     "General": "NEU",
[2025-10-31T09:34:23.365+0700] {subprocess.py:93} INFO -     "Others": "NEU"
[2025-10-31T09:34:23.365+0700] {subprocess.py:93} INFO -   }
[2025-10-31T09:34:23.366+0700] {subprocess.py:93} INFO - ]
[2025-10-31T09:34:29.213+0700] {subprocess.py:93} INFO - [INFO] Model tốt nhất trong PostgreSQL: best_absa_4
[2025-10-31T09:34:29.213+0700] {subprocess.py:93} INFO - [INFO] ✅ Dùng model mới nhất từ PostgreSQL: /opt/***/models/newer_models/best_absa_4/model.pt
[2025-10-31T09:34:32.992+0700] {subprocess.py:93} INFO - [INFO] Model tốt nhất trong PostgreSQL: best_absa_4
[2025-10-31T09:34:32.993+0700] {subprocess.py:93} INFO - [INFO] ✅ Dùng model mới nhất từ PostgreSQL: /opt/***/models/newer_models/best_absa_4/model.pt
[2025-10-31T09:34:36.337+0700] {subprocess.py:93} INFO - [INFO] Model tốt nhất trong PostgreSQL: best_absa_4
[2025-10-31T09:34:36.337+0700] {subprocess.py:93} INFO - [INFO] ✅ Dùng model mới nhất từ PostgreSQL: /opt/***/models/newer_models/best_absa_4/model.pt
[2025-10-31T09:34:39.507+0700] {subprocess.py:93} INFO - [INFO] Model tốt nhất trong PostgreSQL: best_absa_4
[2025-10-31T09:34:39.508+0700] {subprocess.py:93} INFO - [INFO] ✅ Dùng model mới nhất từ PostgreSQL: /opt/***/models/newer_models/best_absa_4/model.pt
[2025-10-31T09:34:40.839+0700] {subprocess.py:93} INFO - 
[2025-10-31T09:34:40.839+0700] {subprocess.py:93} INFO - [Batch 5] Nhận 10 dòng, hiển thị 5 dòng đầu:
[2025-10-31T09:34:40.839+0700] {subprocess.py:93} INFO - [
[2025-10-31T09:34:40.839+0700] {subprocess.py:93} INFO -   {
[2025-10-31T09:34:40.840+0700] {subprocess.py:93} INFO -     "ReviewText": "Giày sai mẫu, nt hơi cọc Nhìn xấu lắm mọi người ạ",
[2025-10-31T09:34:40.840+0700] {subprocess.py:93} INFO -     "Price": "NEU",
[2025-10-31T09:34:40.840+0700] {subprocess.py:93} INFO -     "Shipping": "NEG",
[2025-10-31T09:34:40.840+0700] {subprocess.py:93} INFO -     "Outlook": "POS",
[2025-10-31T09:34:40.840+0700] {subprocess.py:93} INFO -     "Quality": "NEU",
[2025-10-31T09:34:40.840+0700] {subprocess.py:93} INFO -     "Size": "NEU",
[2025-10-31T09:34:40.840+0700] {subprocess.py:93} INFO -     "Shop_Service": "NEG",
[2025-10-31T09:34:40.840+0700] {subprocess.py:93} INFO -     "General": "NEU",
[2025-10-31T09:34:40.841+0700] {subprocess.py:93} INFO -     "Others": "NEU"
[2025-10-31T09:34:40.841+0700] {subprocess.py:93} INFO -   },
[2025-10-31T09:34:40.841+0700] {subprocess.py:93} INFO -   {
[2025-10-31T09:34:40.841+0700] {subprocess.py:93} INFO -     "ReviewText": "Xinh xỉuuuu lun",
[2025-10-31T09:34:40.841+0700] {subprocess.py:93} INFO -     "Price": "POS",
[2025-10-31T09:34:40.841+0700] {subprocess.py:93} INFO -     "Shipping": "NEG",
[2025-10-31T09:34:40.841+0700] {subprocess.py:93} INFO -     "Outlook": "POS",
[2025-10-31T09:34:40.841+0700] {subprocess.py:93} INFO -     "Quality": "NEU",
[2025-10-31T09:34:40.841+0700] {subprocess.py:93} INFO -     "Size": "NEU",
[2025-10-31T09:34:40.842+0700] {subprocess.py:93} INFO -     "Shop_Service": "NEG",
[2025-10-31T09:34:40.842+0700] {subprocess.py:93} INFO -     "General": "NEU",
[2025-10-31T09:34:40.842+0700] {subprocess.py:93} INFO -     "Others": "NEU"
[2025-10-31T09:34:40.842+0700] {subprocess.py:93} INFO -   },
[2025-10-31T09:34:40.842+0700] {subprocess.py:93} INFO -   {
[2025-10-31T09:34:40.842+0700] {subprocess.py:93} INFO -     "ReviewText": "Mình rất thích đôi này mình sẽ quay lại shop để mua",
[2025-10-31T09:34:40.842+0700] {subprocess.py:93} INFO -     "Price": "NEU",
[2025-10-31T09:34:40.842+0700] {subprocess.py:93} INFO -     "Shipping": "NEG",
[2025-10-31T09:34:40.842+0700] {subprocess.py:93} INFO -     "Outlook": "POS",
[2025-10-31T09:34:40.842+0700] {subprocess.py:93} INFO -     "Quality": "NEU",
[2025-10-31T09:34:40.842+0700] {subprocess.py:93} INFO -     "Size": "NEU",
[2025-10-31T09:34:40.843+0700] {subprocess.py:93} INFO -     "Shop_Service": "NEG",
[2025-10-31T09:34:40.843+0700] {subprocess.py:93} INFO -     "General": "NEU",
[2025-10-31T09:34:40.843+0700] {subprocess.py:93} INFO -     "Others": "NEU"
[2025-10-31T09:34:40.843+0700] {subprocess.py:93} INFO -   },
[2025-10-31T09:34:40.843+0700] {subprocess.py:93} INFO -   {
[2025-10-31T09:34:40.843+0700] {subprocess.py:93} INFO -     "ReviewText": "Sản phẩm đúng như quảng cao nhìn cũng đẹp nhưng có cái là đế hơi nặng và dây bị tưa gần đứt ra ln shop xem xét lại điều này.noi chúng sản phẩm hợp với giá tiền",
[2025-10-31T09:34:40.843+0700] {subprocess.py:93} INFO -     "Price": "NEU",
[2025-10-31T09:34:40.843+0700] {subprocess.py:93} INFO -     "Shipping": "NEG",
[2025-10-31T09:34:40.843+0700] {subprocess.py:93} INFO -     "Outlook": "POS",
[2025-10-31T09:34:40.844+0700] {subprocess.py:93} INFO -     "Quality": "NEU",
[2025-10-31T09:34:40.844+0700] {subprocess.py:93} INFO -     "Size": "NEU",
[2025-10-31T09:34:40.844+0700] {subprocess.py:93} INFO -     "Shop_Service": "NEG",
[2025-10-31T09:34:40.844+0700] {subprocess.py:93} INFO -     "General": "NEU",
[2025-10-31T09:34:40.844+0700] {subprocess.py:93} INFO -     "Others": "NEU"
[2025-10-31T09:34:40.844+0700] {subprocess.py:93} INFO -   },
[2025-10-31T09:34:40.844+0700] {subprocess.py:93} INFO -   {
[2025-10-31T09:34:40.844+0700] {subprocess.py:93} INFO -     "ReviewText": "Giao hàng nhanh,giá rẻ, giao đúng size có đế cao 10đ nên mua nha",
[2025-10-31T09:34:40.845+0700] {subprocess.py:93} INFO -     "Price": "NEU",
[2025-10-31T09:34:40.845+0700] {subprocess.py:93} INFO -     "Shipping": "POS",
[2025-10-31T09:34:40.845+0700] {subprocess.py:93} INFO -     "Outlook": "POS",
[2025-10-31T09:34:40.845+0700] {subprocess.py:93} INFO -     "Quality": "POS",
[2025-10-31T09:34:40.845+0700] {subprocess.py:93} INFO -     "Size": "NEU",
[2025-10-31T09:34:40.845+0700] {subprocess.py:93} INFO -     "Shop_Service": "POS",
[2025-10-31T09:34:40.845+0700] {subprocess.py:93} INFO -     "General": "NEU",
[2025-10-31T09:34:40.845+0700] {subprocess.py:93} INFO -     "Others": "NEU"
[2025-10-31T09:34:40.845+0700] {subprocess.py:93} INFO -   }
[2025-10-31T09:34:40.846+0700] {subprocess.py:93} INFO - ]
[2025-10-31T09:34:40.846+0700] {subprocess.py:93} INFO - [Batch 5] 💥 Giả lập sự cố: crash mô phỏng.
[2025-10-31T09:34:40.846+0700] {subprocess.py:93} INFO - 25/10/31 09:34:40 ERROR MicroBatchExecution: Query [id = b7c3087f-04e3-40b7-bcb7-e10b73b540c0, runId = 34192a10-d04a-4462-a332-f9bd5177b193] terminated with error
[2025-10-31T09:34:40.846+0700] {subprocess.py:93} INFO - py4j.Py4JException: An exception was raised by the Python Proxy. Return Message: Traceback (most recent call last):
[2025-10-31T09:34:40.846+0700] {subprocess.py:93} INFO -   File "/home/***/.local/lib/python3.12/site-packages/pyspark/python/lib/py4j-0.10.9.7-src.zip/py4j/clientserver.py", line 617, in _call_proxy
[2025-10-31T09:34:40.846+0700] {subprocess.py:93} INFO -     return_value = getattr(self.pool[obj_id], method)(*params)
[2025-10-31T09:34:40.847+0700] {subprocess.py:93} INFO -                    ^^^^^^^^^^^^^^^^^^^^^^^^^^^^^^^^^^^^^^^^^^^
[2025-10-31T09:34:40.847+0700] {subprocess.py:93} INFO -   File "/home/***/.local/lib/python3.12/site-packages/pyspark/python/lib/pyspark.zip/pyspark/sql/utils.py", line 120, in call
[2025-10-31T09:34:40.847+0700] {subprocess.py:93} INFO -     raise e
[2025-10-31T09:34:40.847+0700] {subprocess.py:93} INFO -   File "/home/***/.local/lib/python3.12/site-packages/pyspark/python/lib/pyspark.zip/pyspark/sql/utils.py", line 117, in call
[2025-10-31T09:34:40.847+0700] {subprocess.py:93} INFO -     self.func(DataFrame(jdf, wrapped_session_jdf), batch_id)
[2025-10-31T09:34:40.847+0700] {subprocess.py:93} INFO -   File "/opt/***/projects/absa_streaming/scripts/consumer_postgres_streaming.py", line 198, in write_to_postgres
[2025-10-31T09:34:40.847+0700] {subprocess.py:93} INFO -     raise Exception(f"Simulated crash at batch {batch_id}")
[2025-10-31T09:34:40.847+0700] {subprocess.py:93} INFO - Exception: Simulated crash at batch 5
[2025-10-31T09:34:40.848+0700] {subprocess.py:93} INFO - 
[2025-10-31T09:34:40.848+0700] {subprocess.py:93} INFO - 	at py4j.Protocol.getReturnValue(Protocol.java:476)
[2025-10-31T09:34:40.848+0700] {subprocess.py:93} INFO - 	at py4j.reflection.PythonProxyHandler.invoke(PythonProxyHandler.java:108)
[2025-10-31T09:34:40.848+0700] {subprocess.py:93} INFO - 	at jdk.proxy3/jdk.proxy3.$Proxy32.call(Unknown Source)
[2025-10-31T09:34:40.848+0700] {subprocess.py:93} INFO - 	at org.apache.spark.sql.execution.streaming.sources.PythonForeachBatchHelper$.$anonfun$callForeachBatch$1(ForeachBatchSink.scala:53)
[2025-10-31T09:34:40.848+0700] {subprocess.py:93} INFO - 	at org.apache.spark.sql.execution.streaming.sources.PythonForeachBatchHelper$.$anonfun$callForeachBatch$1$adapted(ForeachBatchSink.scala:53)
[2025-10-31T09:34:40.848+0700] {subprocess.py:93} INFO - 	at org.apache.spark.sql.execution.streaming.sources.ForeachBatchSink.addBatch(ForeachBatchSink.scala:34)
[2025-10-31T09:34:40.849+0700] {subprocess.py:93} INFO - 	at org.apache.spark.sql.execution.streaming.MicroBatchExecution.$anonfun$runBatch$17(MicroBatchExecution.scala:732)
[2025-10-31T09:34:40.849+0700] {subprocess.py:93} INFO - 	at org.apache.spark.sql.execution.SQLExecution$.$anonfun$withNewExecutionId$6(SQLExecution.scala:125)
[2025-10-31T09:34:40.849+0700] {subprocess.py:93} INFO - 	at org.apache.spark.sql.execution.SQLExecution$.withSQLConfPropagated(SQLExecution.scala:201)
[2025-10-31T09:34:40.849+0700] {subprocess.py:93} INFO - 	at org.apache.spark.sql.execution.SQLExecution$.$anonfun$withNewExecutionId$1(SQLExecution.scala:108)
[2025-10-31T09:34:40.849+0700] {subprocess.py:93} INFO - 	at org.apache.spark.sql.SparkSession.withActive(SparkSession.scala:900)
[2025-10-31T09:34:40.849+0700] {subprocess.py:93} INFO - 	at org.apache.spark.sql.execution.SQLExecution$.withNewExecutionId(SQLExecution.scala:66)
[2025-10-31T09:34:40.849+0700] {subprocess.py:93} INFO - 	at org.apache.spark.sql.execution.streaming.MicroBatchExecution.$anonfun$runBatch$16(MicroBatchExecution.scala:729)
[2025-10-31T09:34:40.849+0700] {subprocess.py:93} INFO - 	at org.apache.spark.sql.execution.streaming.ProgressReporter.reportTimeTaken(ProgressReporter.scala:427)
[2025-10-31T09:34:40.850+0700] {subprocess.py:93} INFO - 	at org.apache.spark.sql.execution.streaming.ProgressReporter.reportTimeTaken$(ProgressReporter.scala:425)
[2025-10-31T09:34:40.850+0700] {subprocess.py:93} INFO - 	at org.apache.spark.sql.execution.streaming.StreamExecution.reportTimeTaken(StreamExecution.scala:67)
[2025-10-31T09:34:40.850+0700] {subprocess.py:93} INFO - 	at org.apache.spark.sql.execution.streaming.MicroBatchExecution.runBatch(MicroBatchExecution.scala:729)
[2025-10-31T09:34:40.850+0700] {subprocess.py:93} INFO - 	at org.apache.spark.sql.execution.streaming.MicroBatchExecution.$anonfun$runActivatedStream$2(MicroBatchExecution.scala:286)
[2025-10-31T09:34:40.850+0700] {subprocess.py:93} INFO - 	at scala.runtime.java8.JFunction0$mcV$sp.apply(JFunction0$mcV$sp.java:23)
[2025-10-31T09:34:40.850+0700] {subprocess.py:93} INFO - 	at org.apache.spark.sql.execution.streaming.ProgressReporter.reportTimeTaken(ProgressReporter.scala:427)
[2025-10-31T09:34:40.851+0700] {subprocess.py:93} INFO - 	at org.apache.spark.sql.execution.streaming.ProgressReporter.reportTimeTaken$(ProgressReporter.scala:425)
[2025-10-31T09:34:40.851+0700] {subprocess.py:93} INFO - 	at org.apache.spark.sql.execution.streaming.StreamExecution.reportTimeTaken(StreamExecution.scala:67)
[2025-10-31T09:34:40.851+0700] {subprocess.py:93} INFO - 	at org.apache.spark.sql.execution.streaming.MicroBatchExecution.$anonfun$runActivatedStream$1(MicroBatchExecution.scala:249)
[2025-10-31T09:34:40.851+0700] {subprocess.py:93} INFO - 	at org.apache.spark.sql.execution.streaming.ProcessingTimeExecutor.execute(TriggerExecutor.scala:67)
[2025-10-31T09:34:40.852+0700] {subprocess.py:93} INFO - 	at org.apache.spark.sql.execution.streaming.MicroBatchExecution.runActivatedStream(MicroBatchExecution.scala:239)
[2025-10-31T09:34:40.852+0700] {subprocess.py:93} INFO - 	at org.apache.spark.sql.execution.streaming.StreamExecution.$anonfun$runStream$1(StreamExecution.scala:311)
[2025-10-31T09:34:40.852+0700] {subprocess.py:93} INFO - 	at scala.runtime.java8.JFunction0$mcV$sp.apply(JFunction0$mcV$sp.java:23)
[2025-10-31T09:34:40.852+0700] {subprocess.py:93} INFO - 	at org.apache.spark.sql.SparkSession.withActive(SparkSession.scala:900)
[2025-10-31T09:34:40.852+0700] {subprocess.py:93} INFO - 	at org.apache.spark.sql.execution.streaming.StreamExecution.org$apache$spark$sql$execution$streaming$StreamExecution$$runStream(StreamExecution.scala:289)
[2025-10-31T09:34:40.852+0700] {subprocess.py:93} INFO - 	at org.apache.spark.sql.execution.streaming.StreamExecution$$anon$1.$anonfun$run$1(StreamExecution.scala:211)
[2025-10-31T09:34:40.852+0700] {subprocess.py:93} INFO - 	at scala.runtime.java8.JFunction0$mcV$sp.apply(JFunction0$mcV$sp.java:23)
[2025-10-31T09:34:40.852+0700] {subprocess.py:93} INFO - 	at org.apache.spark.JobArtifactSet$.withActiveJobArtifactState(JobArtifactSet.scala:94)
[2025-10-31T09:34:40.853+0700] {subprocess.py:93} INFO - 	at org.apache.spark.sql.execution.streaming.StreamExecution$$anon$1.run(StreamExecution.scala:211)
[2025-10-31T09:34:40.866+0700] {subprocess.py:93} INFO - Traceback (most recent call last):
[2025-10-31T09:34:40.866+0700] {subprocess.py:93} INFO -   File "/opt/***/projects/absa_streaming/scripts/consumer_postgres_streaming.py", line 235, in <module>
[2025-10-31T09:34:40.866+0700] {subprocess.py:93} INFO -     query.awaitTermination()
[2025-10-31T09:34:40.866+0700] {subprocess.py:93} INFO -   File "/home/***/.local/lib/python3.12/site-packages/pyspark/python/lib/pyspark.zip/pyspark/sql/streaming/query.py", line 221, in awaitTermination
[2025-10-31T09:34:40.866+0700] {subprocess.py:93} INFO -   File "/home/***/.local/lib/python3.12/site-packages/pyspark/python/lib/py4j-0.10.9.7-src.zip/py4j/java_gateway.py", line 1322, in __call__
[2025-10-31T09:34:40.867+0700] {subprocess.py:93} INFO -   File "/home/***/.local/lib/python3.12/site-packages/pyspark/python/lib/pyspark.zip/pyspark/errors/exceptions/captured.py", line 185, in deco
[2025-10-31T09:34:40.869+0700] {subprocess.py:93} INFO - pyspark.errors.exceptions.captured.StreamingQueryException: [STREAM_FAILED] Query [id = b7c3087f-04e3-40b7-bcb7-e10b73b540c0, runId = 34192a10-d04a-4462-a332-f9bd5177b193] terminated with exception: An exception was raised by the Python Proxy. Return Message: Traceback (most recent call last):
[2025-10-31T09:34:40.869+0700] {subprocess.py:93} INFO -   File "/home/***/.local/lib/python3.12/site-packages/pyspark/python/lib/py4j-0.10.9.7-src.zip/py4j/clientserver.py", line 617, in _call_proxy
[2025-10-31T09:34:40.869+0700] {subprocess.py:93} INFO -     return_value = getattr(self.pool[obj_id], method)(*params)
[2025-10-31T09:34:40.869+0700] {subprocess.py:93} INFO -                    ^^^^^^^^^^^^^^^^^^^^^^^^^^^^^^^^^^^^^^^^^^^
[2025-10-31T09:34:40.869+0700] {subprocess.py:93} INFO -   File "/home/***/.local/lib/python3.12/site-packages/pyspark/python/lib/pyspark.zip/pyspark/sql/utils.py", line 120, in call
[2025-10-31T09:34:40.870+0700] {subprocess.py:93} INFO -     raise e
[2025-10-31T09:34:40.870+0700] {subprocess.py:93} INFO -   File "/home/***/.local/lib/python3.12/site-packages/pyspark/python/lib/pyspark.zip/pyspark/sql/utils.py", line 117, in call
[2025-10-31T09:34:40.870+0700] {subprocess.py:93} INFO -     self.func(DataFrame(jdf, wrapped_session_jdf), batch_id)
[2025-10-31T09:34:40.870+0700] {subprocess.py:93} INFO -   File "/opt/***/projects/absa_streaming/scripts/consumer_postgres_streaming.py", line 198, in write_to_postgres
[2025-10-31T09:34:40.870+0700] {subprocess.py:93} INFO -     raise Exception(f"Simulated crash at batch {batch_id}")
[2025-10-31T09:34:40.870+0700] {subprocess.py:93} INFO - Exception: Simulated crash at batch 5
[2025-10-31T09:34:40.871+0700] {subprocess.py:93} INFO - 
[2025-10-31T09:34:41.360+0700] {subprocess.py:97} INFO - Command exited with return code 1
[2025-10-31T09:34:41.361+0700] {taskinstance.py:441} INFO - ::group::Post task execution logs
[2025-10-31T09:34:41.367+0700] {taskinstance.py:2890} ERROR - Task failed with exception
Traceback (most recent call last):
  File "/home/airflow/.local/lib/python3.12/site-packages/airflow/models/taskinstance.py", line 460, in _execute_task
    result = _execute_callable(context=context, **execute_callable_kwargs)
             ^^^^^^^^^^^^^^^^^^^^^^^^^^^^^^^^^^^^^^^^^^^^^^^^^^^^^^^^^^^^^
  File "/home/airflow/.local/lib/python3.12/site-packages/airflow/models/taskinstance.py", line 432, in _execute_callable
    return execute_callable(context=context, **execute_callable_kwargs)
           ^^^^^^^^^^^^^^^^^^^^^^^^^^^^^^^^^^^^^^^^^^^^^^^^^^^^^^^^^^^^
  File "/home/airflow/.local/lib/python3.12/site-packages/airflow/models/baseoperator.py", line 400, in wrapper
    return func(self, *args, **kwargs)
           ^^^^^^^^^^^^^^^^^^^^^^^^^^^
  File "/home/airflow/.local/lib/python3.12/site-packages/airflow/operators/bash.py", line 243, in execute
    raise AirflowException(
airflow.exceptions.AirflowException: Bash command failed. The command returned a non-zero exit code 1.
[2025-10-31T09:34:41.370+0700] {taskinstance.py:1205} INFO - Marking task as UP_FOR_RETRY. dag_id=absa_streaming_lifecycle_demo11, task_id=deploy_consumer, execution_date=20251031T010000, start_date=20251031T023200, end_date=20251031T023441
[2025-10-31T09:34:41.377+0700] {standard_task_runner.py:110} ERROR - Failed to execute job 9 for task deploy_consumer (Bash command failed. The command returned a non-zero exit code 1.; 4403)
[2025-10-31T09:34:41.396+0700] {local_task_job_runner.py:240} INFO - Task exited with return code 1
[2025-10-31T09:34:41.409+0700] {taskinstance.py:3482} INFO - 0 downstream tasks scheduled from follow-on schedule check
[2025-10-31T09:34:41.410+0700] {local_task_job_runner.py:222} INFO - ::endgroup::
