[2025-10-31T05:37:23.778+0700] {local_task_job_runner.py:120} INFO - ::group::Pre task execution logs
[2025-10-31T05:37:23.792+0700] {taskinstance.py:2073} INFO - Dependencies all met for dep_context=non-requeueable deps ti=<TaskInstance: absa_streaming_lifecycle_demo11.deploy_consumer scheduled__2025-10-30T21:00:00+00:00 [queued]>
[2025-10-31T05:37:23.797+0700] {taskinstance.py:2073} INFO - Dependencies all met for dep_context=requeueable deps ti=<TaskInstance: absa_streaming_lifecycle_demo11.deploy_consumer scheduled__2025-10-30T21:00:00+00:00 [queued]>
[2025-10-31T05:37:23.797+0700] {taskinstance.py:2303} INFO - Starting attempt 3 of 6
[2025-10-31T05:37:23.806+0700] {taskinstance.py:2327} INFO - Executing <Task(BashOperator): deploy_consumer> on 2025-10-30 21:00:00+00:00
[2025-10-31T05:37:23.814+0700] {warnings.py:110} WARNING - /home/***/.local/lib/python3.12/site-packages/***/task/task_runner/standard_task_runner.py:61: DeprecationWarning: This process (pid=30466) is multi-threaded, use of fork() may lead to deadlocks in the child.
  pid = os.fork()

[2025-10-31T05:37:23.815+0700] {standard_task_runner.py:63} INFO - Started process 30468 to run task
[2025-10-31T05:37:23.815+0700] {standard_task_runner.py:90} INFO - Running: ['***', 'tasks', 'run', 'absa_streaming_lifecycle_demo11', 'deploy_consumer', 'scheduled__2025-10-30T21:00:00+00:00', '--job-id', '36', '--raw', '--subdir', 'DAGS_FOLDER/absa_streaming_lifecycle_dag1.py', '--cfg-path', '/tmp/tmpdftcjafg']
[2025-10-31T05:37:23.817+0700] {standard_task_runner.py:91} INFO - Job 36: Subtask deploy_consumer
[2025-10-31T05:37:23.842+0700] {task_command.py:426} INFO - Running <TaskInstance: absa_streaming_lifecycle_demo11.deploy_consumer scheduled__2025-10-30T21:00:00+00:00 [running]> on host be079b239c4c
[2025-10-31T05:37:23.885+0700] {taskinstance.py:2644} INFO - Exporting env vars: AIRFLOW_CTX_DAG_OWNER='***' AIRFLOW_CTX_DAG_ID='absa_streaming_lifecycle_demo11' AIRFLOW_CTX_TASK_ID='deploy_consumer' AIRFLOW_CTX_EXECUTION_DATE='2025-10-30T21:00:00+00:00' AIRFLOW_CTX_TRY_NUMBER='3' AIRFLOW_CTX_DAG_RUN_ID='scheduled__2025-10-30T21:00:00+00:00'
[2025-10-31T05:37:23.886+0700] {taskinstance.py:430} INFO - ::endgroup::
[2025-10-31T05:37:23.886+0700] {subprocess.py:63} INFO - Tmp dir root location: /tmp
[2025-10-31T05:37:23.887+0700] {subprocess.py:75} INFO - Running command: ['/usr/bin/bash', '-c', 'bash -c "timeout 45m /opt/***/projects/absa_streaming/scripts/run_consumer.sh"']
[2025-10-31T05:37:23.897+0700] {subprocess.py:86} INFO - Output:
[2025-10-31T05:37:23.902+0700] {subprocess.py:93} INFO - [Consumer] Starting Spark Structured Streaming job...
[2025-10-31T05:37:23.932+0700] {subprocess.py:93} INFO - /home/***/.local/lib/python3.12/site-packages/pyspark/bin/load-spark-env.sh: line 68: ps: command not found
[2025-10-31T05:37:24.863+0700] {subprocess.py:93} INFO - :: loading settings :: url = jar:file:/home/***/.local/lib/python3.12/site-packages/pyspark/jars/ivy-2.5.1.jar!/org/apache/ivy/core/settings/ivysettings.xml
[2025-10-31T05:37:24.921+0700] {subprocess.py:93} INFO - Ivy Default Cache set to: /home/***/.ivy2/cache
[2025-10-31T05:37:24.922+0700] {subprocess.py:93} INFO - The jars for the packages stored in: /home/***/.ivy2/jars
[2025-10-31T05:37:24.925+0700] {subprocess.py:93} INFO - org.apache.spark#spark-sql-kafka-0-10_2.12 added as a dependency
[2025-10-31T05:37:24.925+0700] {subprocess.py:93} INFO - org.postgresql#postgresql added as a dependency
[2025-10-31T05:37:24.925+0700] {subprocess.py:93} INFO - :: resolving dependencies :: org.apache.spark#spark-submit-parent-634980d4-0aa4-4171-bdbf-acea59a10d2d;1.0
[2025-10-31T05:37:24.925+0700] {subprocess.py:93} INFO - 	confs: [default]
[2025-10-31T05:37:25.044+0700] {subprocess.py:93} INFO - 	found org.apache.spark#spark-sql-kafka-0-10_2.12;3.5.1 in central
[2025-10-31T05:37:25.091+0700] {subprocess.py:93} INFO - 	found org.apache.spark#spark-token-provider-kafka-0-10_2.12;3.5.1 in central
[2025-10-31T05:37:25.115+0700] {subprocess.py:93} INFO - 	found org.apache.kafka#kafka-clients;3.4.1 in central
[2025-10-31T05:37:25.136+0700] {subprocess.py:93} INFO - 	found org.lz4#lz4-java;1.8.0 in central
[2025-10-31T05:37:25.158+0700] {subprocess.py:93} INFO - 	found org.xerial.snappy#snappy-java;1.1.10.3 in central
[2025-10-31T05:37:25.181+0700] {subprocess.py:93} INFO - 	found org.slf4j#slf4j-api;2.0.7 in central
[2025-10-31T05:37:25.204+0700] {subprocess.py:93} INFO - 	found org.apache.hadoop#hadoop-client-runtime;3.3.4 in central
[2025-10-31T05:37:25.233+0700] {subprocess.py:93} INFO - 	found org.apache.hadoop#hadoop-client-api;3.3.4 in central
[2025-10-31T05:37:25.258+0700] {subprocess.py:93} INFO - 	found commons-logging#commons-logging;1.1.3 in central
[2025-10-31T05:37:25.281+0700] {subprocess.py:93} INFO - 	found com.google.code.findbugs#jsr305;3.0.0 in central
[2025-10-31T05:37:25.298+0700] {subprocess.py:93} INFO - 	found org.apache.commons#commons-pool2;2.11.1 in central
[2025-10-31T05:37:25.312+0700] {subprocess.py:93} INFO - 	found org.postgresql#postgresql;42.6.0 in central
[2025-10-31T05:37:25.323+0700] {subprocess.py:93} INFO - 	found org.checkerframework#checker-qual;3.31.0 in central
[2025-10-31T05:37:25.346+0700] {subprocess.py:93} INFO - :: resolution report :: resolve 409ms :: artifacts dl 11ms
[2025-10-31T05:37:25.347+0700] {subprocess.py:93} INFO - 	:: modules in use:
[2025-10-31T05:37:25.347+0700] {subprocess.py:93} INFO - 	com.google.code.findbugs#jsr305;3.0.0 from central in [default]
[2025-10-31T05:37:25.347+0700] {subprocess.py:93} INFO - 	commons-logging#commons-logging;1.1.3 from central in [default]
[2025-10-31T05:37:25.348+0700] {subprocess.py:93} INFO - 	org.apache.commons#commons-pool2;2.11.1 from central in [default]
[2025-10-31T05:37:25.348+0700] {subprocess.py:93} INFO - 	org.apache.hadoop#hadoop-client-api;3.3.4 from central in [default]
[2025-10-31T05:37:25.348+0700] {subprocess.py:93} INFO - 	org.apache.hadoop#hadoop-client-runtime;3.3.4 from central in [default]
[2025-10-31T05:37:25.348+0700] {subprocess.py:93} INFO - 	org.apache.kafka#kafka-clients;3.4.1 from central in [default]
[2025-10-31T05:37:25.349+0700] {subprocess.py:93} INFO - 	org.apache.spark#spark-sql-kafka-0-10_2.12;3.5.1 from central in [default]
[2025-10-31T05:37:25.349+0700] {subprocess.py:93} INFO - 	org.apache.spark#spark-token-provider-kafka-0-10_2.12;3.5.1 from central in [default]
[2025-10-31T05:37:25.349+0700] {subprocess.py:93} INFO - 	org.checkerframework#checker-qual;3.31.0 from central in [default]
[2025-10-31T05:37:25.349+0700] {subprocess.py:93} INFO - 	org.lz4#lz4-java;1.8.0 from central in [default]
[2025-10-31T05:37:25.350+0700] {subprocess.py:93} INFO - 	org.postgresql#postgresql;42.6.0 from central in [default]
[2025-10-31T05:37:25.350+0700] {subprocess.py:93} INFO - 	org.slf4j#slf4j-api;2.0.7 from central in [default]
[2025-10-31T05:37:25.350+0700] {subprocess.py:93} INFO - 	org.xerial.snappy#snappy-java;1.1.10.3 from central in [default]
[2025-10-31T05:37:25.351+0700] {subprocess.py:93} INFO - 	---------------------------------------------------------------------
[2025-10-31T05:37:25.351+0700] {subprocess.py:93} INFO - 	|                  |            modules            ||   artifacts   |
[2025-10-31T05:37:25.351+0700] {subprocess.py:93} INFO - 	|       conf       | number| search|dwnlded|evicted|| number|dwnlded|
[2025-10-31T05:37:25.351+0700] {subprocess.py:93} INFO - 	---------------------------------------------------------------------
[2025-10-31T05:37:25.351+0700] {subprocess.py:93} INFO - 	|      default     |   13  |   0   |   0   |   0   ||   13  |   0   |
[2025-10-31T05:37:25.352+0700] {subprocess.py:93} INFO - 	---------------------------------------------------------------------
[2025-10-31T05:37:25.353+0700] {subprocess.py:93} INFO - :: retrieving :: org.apache.spark#spark-submit-parent-634980d4-0aa4-4171-bdbf-acea59a10d2d
[2025-10-31T05:37:25.354+0700] {subprocess.py:93} INFO - 	confs: [default]
[2025-10-31T05:37:25.362+0700] {subprocess.py:93} INFO - 	0 artifacts copied, 13 already retrieved (0kB/9ms)
[2025-10-31T05:37:25.504+0700] {subprocess.py:93} INFO - 25/10/31 05:37:25 WARN NativeCodeLoader: Unable to load native-hadoop library for your platform... using builtin-java classes where applicable
[2025-10-31T05:37:28.893+0700] {subprocess.py:93} INFO - 25/10/31 05:37:28 INFO SparkContext: Running Spark version 3.5.1
[2025-10-31T05:37:28.893+0700] {subprocess.py:93} INFO - 25/10/31 05:37:28 INFO SparkContext: OS info Linux, 6.14.0-33-generic, amd64
[2025-10-31T05:37:28.893+0700] {subprocess.py:93} INFO - 25/10/31 05:37:28 INFO SparkContext: Java version 17.0.17
[2025-10-31T05:37:28.904+0700] {subprocess.py:93} INFO - 25/10/31 05:37:28 INFO ResourceUtils: ==============================================================
[2025-10-31T05:37:28.904+0700] {subprocess.py:93} INFO - 25/10/31 05:37:28 INFO ResourceUtils: No custom resources configured for spark.driver.
[2025-10-31T05:37:28.905+0700] {subprocess.py:93} INFO - 25/10/31 05:37:28 INFO ResourceUtils: ==============================================================
[2025-10-31T05:37:28.905+0700] {subprocess.py:93} INFO - 25/10/31 05:37:28 INFO SparkContext: Submitted application: Kafka_ABSA_Postgres
[2025-10-31T05:37:28.916+0700] {subprocess.py:93} INFO - 25/10/31 05:37:28 INFO ResourceProfile: Default ResourceProfile created, executor resources: Map(cores -> name: cores, amount: 1, script: , vendor: , memory -> name: memory, amount: 1024, script: , vendor: , offHeap -> name: offHeap, amount: 0, script: , vendor: ), task resources: Map(cpus -> name: cpus, amount: 1.0)
[2025-10-31T05:37:28.920+0700] {subprocess.py:93} INFO - 25/10/31 05:37:28 INFO ResourceProfile: Limiting resource is cpu
[2025-10-31T05:37:28.921+0700] {subprocess.py:93} INFO - 25/10/31 05:37:28 INFO ResourceProfileManager: Added ResourceProfile id: 0
[2025-10-31T05:37:28.949+0700] {subprocess.py:93} INFO - 25/10/31 05:37:28 INFO SecurityManager: Changing view acls to: default
[2025-10-31T05:37:28.950+0700] {subprocess.py:93} INFO - 25/10/31 05:37:28 INFO SecurityManager: Changing modify acls to: default
[2025-10-31T05:37:28.950+0700] {subprocess.py:93} INFO - 25/10/31 05:37:28 INFO SecurityManager: Changing view acls groups to:
[2025-10-31T05:37:28.950+0700] {subprocess.py:93} INFO - 25/10/31 05:37:28 INFO SecurityManager: Changing modify acls groups to:
[2025-10-31T05:37:28.950+0700] {subprocess.py:93} INFO - 25/10/31 05:37:28 INFO SecurityManager: SecurityManager: authentication disabled; ui acls disabled; users with view permissions: default; groups with view permissions: EMPTY; users with modify permissions: default; groups with modify permissions: EMPTY
[2025-10-31T05:37:29.076+0700] {subprocess.py:93} INFO - 25/10/31 05:37:29 INFO Utils: Successfully started service 'sparkDriver' on port 33201.
[2025-10-31T05:37:29.104+0700] {subprocess.py:93} INFO - 25/10/31 05:37:29 INFO SparkEnv: Registering MapOutputTracker
[2025-10-31T05:37:29.132+0700] {subprocess.py:93} INFO - 25/10/31 05:37:29 INFO SparkEnv: Registering BlockManagerMaster
[2025-10-31T05:37:29.145+0700] {subprocess.py:93} INFO - 25/10/31 05:37:29 INFO BlockManagerMasterEndpoint: Using org.apache.spark.storage.DefaultTopologyMapper for getting topology information
[2025-10-31T05:37:29.146+0700] {subprocess.py:93} INFO - 25/10/31 05:37:29 INFO BlockManagerMasterEndpoint: BlockManagerMasterEndpoint up
[2025-10-31T05:37:29.149+0700] {subprocess.py:93} INFO - 25/10/31 05:37:29 INFO SparkEnv: Registering BlockManagerMasterHeartbeat
[2025-10-31T05:37:29.165+0700] {subprocess.py:93} INFO - 25/10/31 05:37:29 INFO DiskBlockManager: Created local directory at /tmp/blockmgr-ad613845-1207-4a29-b307-b1f2117c4377
[2025-10-31T05:37:29.177+0700] {subprocess.py:93} INFO - 25/10/31 05:37:29 INFO MemoryStore: MemoryStore started with capacity 434.4 MiB
[2025-10-31T05:37:29.190+0700] {subprocess.py:93} INFO - 25/10/31 05:37:29 INFO SparkEnv: Registering OutputCommitCoordinator
[2025-10-31T05:37:29.286+0700] {subprocess.py:93} INFO - 25/10/31 05:37:29 INFO JettyUtils: Start Jetty 0.0.0.0:4040 for SparkUI
[2025-10-31T05:37:29.320+0700] {subprocess.py:93} INFO - 25/10/31 05:37:29 INFO Utils: Successfully started service 'SparkUI' on port 4040.
[2025-10-31T05:37:29.346+0700] {subprocess.py:93} INFO - 25/10/31 05:37:29 INFO SparkContext: Added JAR file:///home/***/.ivy2/jars/org.apache.spark_spark-sql-kafka-0-10_2.12-3.5.1.jar at spark://be079b239c4c:33201/jars/org.apache.spark_spark-sql-kafka-0-10_2.12-3.5.1.jar with timestamp 1761863848889
[2025-10-31T05:37:29.346+0700] {subprocess.py:93} INFO - 25/10/31 05:37:29 INFO SparkContext: Added JAR file:///home/***/.ivy2/jars/org.postgresql_postgresql-42.6.0.jar at spark://be079b239c4c:33201/jars/org.postgresql_postgresql-42.6.0.jar with timestamp 1761863848889
[2025-10-31T05:37:29.347+0700] {subprocess.py:93} INFO - 25/10/31 05:37:29 INFO SparkContext: Added JAR file:///home/***/.ivy2/jars/org.apache.spark_spark-token-provider-kafka-0-10_2.12-3.5.1.jar at spark://be079b239c4c:33201/jars/org.apache.spark_spark-token-provider-kafka-0-10_2.12-3.5.1.jar with timestamp 1761863848889
[2025-10-31T05:37:29.347+0700] {subprocess.py:93} INFO - 25/10/31 05:37:29 INFO SparkContext: Added JAR file:///home/***/.ivy2/jars/org.apache.kafka_kafka-clients-3.4.1.jar at spark://be079b239c4c:33201/jars/org.apache.kafka_kafka-clients-3.4.1.jar with timestamp 1761863848889
[2025-10-31T05:37:29.347+0700] {subprocess.py:93} INFO - 25/10/31 05:37:29 INFO SparkContext: Added JAR file:///home/***/.ivy2/jars/com.google.code.findbugs_jsr305-3.0.0.jar at spark://be079b239c4c:33201/jars/com.google.code.findbugs_jsr305-3.0.0.jar with timestamp 1761863848889
[2025-10-31T05:37:29.347+0700] {subprocess.py:93} INFO - 25/10/31 05:37:29 INFO SparkContext: Added JAR file:///home/***/.ivy2/jars/org.apache.commons_commons-pool2-2.11.1.jar at spark://be079b239c4c:33201/jars/org.apache.commons_commons-pool2-2.11.1.jar with timestamp 1761863848889
[2025-10-31T05:37:29.348+0700] {subprocess.py:93} INFO - 25/10/31 05:37:29 INFO SparkContext: Added JAR file:///home/***/.ivy2/jars/org.apache.hadoop_hadoop-client-runtime-3.3.4.jar at spark://be079b239c4c:33201/jars/org.apache.hadoop_hadoop-client-runtime-3.3.4.jar with timestamp 1761863848889
[2025-10-31T05:37:29.348+0700] {subprocess.py:93} INFO - 25/10/31 05:37:29 INFO SparkContext: Added JAR file:///home/***/.ivy2/jars/org.lz4_lz4-java-1.8.0.jar at spark://be079b239c4c:33201/jars/org.lz4_lz4-java-1.8.0.jar with timestamp 1761863848889
[2025-10-31T05:37:29.348+0700] {subprocess.py:93} INFO - 25/10/31 05:37:29 INFO SparkContext: Added JAR file:///home/***/.ivy2/jars/org.xerial.snappy_snappy-java-1.1.10.3.jar at spark://be079b239c4c:33201/jars/org.xerial.snappy_snappy-java-1.1.10.3.jar with timestamp 1761863848889
[2025-10-31T05:37:29.348+0700] {subprocess.py:93} INFO - 25/10/31 05:37:29 INFO SparkContext: Added JAR file:///home/***/.ivy2/jars/org.slf4j_slf4j-api-2.0.7.jar at spark://be079b239c4c:33201/jars/org.slf4j_slf4j-api-2.0.7.jar with timestamp 1761863848889
[2025-10-31T05:37:29.348+0700] {subprocess.py:93} INFO - 25/10/31 05:37:29 INFO SparkContext: Added JAR file:///home/***/.ivy2/jars/org.apache.hadoop_hadoop-client-api-3.3.4.jar at spark://be079b239c4c:33201/jars/org.apache.hadoop_hadoop-client-api-3.3.4.jar with timestamp 1761863848889
[2025-10-31T05:37:29.349+0700] {subprocess.py:93} INFO - 25/10/31 05:37:29 INFO SparkContext: Added JAR file:///home/***/.ivy2/jars/commons-logging_commons-logging-1.1.3.jar at spark://be079b239c4c:33201/jars/commons-logging_commons-logging-1.1.3.jar with timestamp 1761863848889
[2025-10-31T05:37:29.349+0700] {subprocess.py:93} INFO - 25/10/31 05:37:29 INFO SparkContext: Added JAR file:///home/***/.ivy2/jars/org.checkerframework_checker-qual-3.31.0.jar at spark://be079b239c4c:33201/jars/org.checkerframework_checker-qual-3.31.0.jar with timestamp 1761863848889
[2025-10-31T05:37:29.349+0700] {subprocess.py:93} INFO - 25/10/31 05:37:29 INFO SparkContext: Added file file:///home/***/.ivy2/jars/org.apache.spark_spark-sql-kafka-0-10_2.12-3.5.1.jar at file:///home/***/.ivy2/jars/org.apache.spark_spark-sql-kafka-0-10_2.12-3.5.1.jar with timestamp 1761863848889
[2025-10-31T05:37:29.350+0700] {subprocess.py:93} INFO - 25/10/31 05:37:29 INFO Utils: Copying /home/***/.ivy2/jars/org.apache.spark_spark-sql-kafka-0-10_2.12-3.5.1.jar to /tmp/spark-2efbd5cb-7fd8-46e3-8154-3dedd4933a95/userFiles-9fe811fb-ad02-4dad-8761-68a98879cc9f/org.apache.spark_spark-sql-kafka-0-10_2.12-3.5.1.jar
[2025-10-31T05:37:29.357+0700] {subprocess.py:93} INFO - 25/10/31 05:37:29 INFO SparkContext: Added file file:///home/***/.ivy2/jars/org.postgresql_postgresql-42.6.0.jar at file:///home/***/.ivy2/jars/org.postgresql_postgresql-42.6.0.jar with timestamp 1761863848889
[2025-10-31T05:37:29.357+0700] {subprocess.py:93} INFO - 25/10/31 05:37:29 INFO Utils: Copying /home/***/.ivy2/jars/org.postgresql_postgresql-42.6.0.jar to /tmp/spark-2efbd5cb-7fd8-46e3-8154-3dedd4933a95/userFiles-9fe811fb-ad02-4dad-8761-68a98879cc9f/org.postgresql_postgresql-42.6.0.jar
[2025-10-31T05:37:29.361+0700] {subprocess.py:93} INFO - 25/10/31 05:37:29 INFO SparkContext: Added file file:///home/***/.ivy2/jars/org.apache.spark_spark-token-provider-kafka-0-10_2.12-3.5.1.jar at file:///home/***/.ivy2/jars/org.apache.spark_spark-token-provider-kafka-0-10_2.12-3.5.1.jar with timestamp 1761863848889
[2025-10-31T05:37:29.361+0700] {subprocess.py:93} INFO - 25/10/31 05:37:29 INFO Utils: Copying /home/***/.ivy2/jars/org.apache.spark_spark-token-provider-kafka-0-10_2.12-3.5.1.jar to /tmp/spark-2efbd5cb-7fd8-46e3-8154-3dedd4933a95/userFiles-9fe811fb-ad02-4dad-8761-68a98879cc9f/org.apache.spark_spark-token-provider-kafka-0-10_2.12-3.5.1.jar
[2025-10-31T05:37:29.364+0700] {subprocess.py:93} INFO - 25/10/31 05:37:29 INFO SparkContext: Added file file:///home/***/.ivy2/jars/org.apache.kafka_kafka-clients-3.4.1.jar at file:///home/***/.ivy2/jars/org.apache.kafka_kafka-clients-3.4.1.jar with timestamp 1761863848889
[2025-10-31T05:37:29.364+0700] {subprocess.py:93} INFO - 25/10/31 05:37:29 INFO Utils: Copying /home/***/.ivy2/jars/org.apache.kafka_kafka-clients-3.4.1.jar to /tmp/spark-2efbd5cb-7fd8-46e3-8154-3dedd4933a95/userFiles-9fe811fb-ad02-4dad-8761-68a98879cc9f/org.apache.kafka_kafka-clients-3.4.1.jar
[2025-10-31T05:37:29.370+0700] {subprocess.py:93} INFO - 25/10/31 05:37:29 INFO SparkContext: Added file file:///home/***/.ivy2/jars/com.google.code.findbugs_jsr305-3.0.0.jar at file:///home/***/.ivy2/jars/com.google.code.findbugs_jsr305-3.0.0.jar with timestamp 1761863848889
[2025-10-31T05:37:29.370+0700] {subprocess.py:93} INFO - 25/10/31 05:37:29 INFO Utils: Copying /home/***/.ivy2/jars/com.google.code.findbugs_jsr305-3.0.0.jar to /tmp/spark-2efbd5cb-7fd8-46e3-8154-3dedd4933a95/userFiles-9fe811fb-ad02-4dad-8761-68a98879cc9f/com.google.code.findbugs_jsr305-3.0.0.jar
[2025-10-31T05:37:29.373+0700] {subprocess.py:93} INFO - 25/10/31 05:37:29 INFO SparkContext: Added file file:///home/***/.ivy2/jars/org.apache.commons_commons-pool2-2.11.1.jar at file:///home/***/.ivy2/jars/org.apache.commons_commons-pool2-2.11.1.jar with timestamp 1761863848889
[2025-10-31T05:37:29.373+0700] {subprocess.py:93} INFO - 25/10/31 05:37:29 INFO Utils: Copying /home/***/.ivy2/jars/org.apache.commons_commons-pool2-2.11.1.jar to /tmp/spark-2efbd5cb-7fd8-46e3-8154-3dedd4933a95/userFiles-9fe811fb-ad02-4dad-8761-68a98879cc9f/org.apache.commons_commons-pool2-2.11.1.jar
[2025-10-31T05:37:29.376+0700] {subprocess.py:93} INFO - 25/10/31 05:37:29 INFO SparkContext: Added file file:///home/***/.ivy2/jars/org.apache.hadoop_hadoop-client-runtime-3.3.4.jar at file:///home/***/.ivy2/jars/org.apache.hadoop_hadoop-client-runtime-3.3.4.jar with timestamp 1761863848889
[2025-10-31T05:37:29.376+0700] {subprocess.py:93} INFO - 25/10/31 05:37:29 INFO Utils: Copying /home/***/.ivy2/jars/org.apache.hadoop_hadoop-client-runtime-3.3.4.jar to /tmp/spark-2efbd5cb-7fd8-46e3-8154-3dedd4933a95/userFiles-9fe811fb-ad02-4dad-8761-68a98879cc9f/org.apache.hadoop_hadoop-client-runtime-3.3.4.jar
[2025-10-31T05:37:29.400+0700] {subprocess.py:93} INFO - 25/10/31 05:37:29 INFO SparkContext: Added file file:///home/***/.ivy2/jars/org.lz4_lz4-java-1.8.0.jar at file:///home/***/.ivy2/jars/org.lz4_lz4-java-1.8.0.jar with timestamp 1761863848889
[2025-10-31T05:37:29.400+0700] {subprocess.py:93} INFO - 25/10/31 05:37:29 INFO Utils: Copying /home/***/.ivy2/jars/org.lz4_lz4-java-1.8.0.jar to /tmp/spark-2efbd5cb-7fd8-46e3-8154-3dedd4933a95/userFiles-9fe811fb-ad02-4dad-8761-68a98879cc9f/org.lz4_lz4-java-1.8.0.jar
[2025-10-31T05:37:29.404+0700] {subprocess.py:93} INFO - 25/10/31 05:37:29 INFO SparkContext: Added file file:///home/***/.ivy2/jars/org.xerial.snappy_snappy-java-1.1.10.3.jar at file:///home/***/.ivy2/jars/org.xerial.snappy_snappy-java-1.1.10.3.jar with timestamp 1761863848889
[2025-10-31T05:37:29.404+0700] {subprocess.py:93} INFO - 25/10/31 05:37:29 INFO Utils: Copying /home/***/.ivy2/jars/org.xerial.snappy_snappy-java-1.1.10.3.jar to /tmp/spark-2efbd5cb-7fd8-46e3-8154-3dedd4933a95/userFiles-9fe811fb-ad02-4dad-8761-68a98879cc9f/org.xerial.snappy_snappy-java-1.1.10.3.jar
[2025-10-31T05:37:29.408+0700] {subprocess.py:93} INFO - 25/10/31 05:37:29 INFO SparkContext: Added file file:///home/***/.ivy2/jars/org.slf4j_slf4j-api-2.0.7.jar at file:///home/***/.ivy2/jars/org.slf4j_slf4j-api-2.0.7.jar with timestamp 1761863848889
[2025-10-31T05:37:29.409+0700] {subprocess.py:93} INFO - 25/10/31 05:37:29 INFO Utils: Copying /home/***/.ivy2/jars/org.slf4j_slf4j-api-2.0.7.jar to /tmp/spark-2efbd5cb-7fd8-46e3-8154-3dedd4933a95/userFiles-9fe811fb-ad02-4dad-8761-68a98879cc9f/org.slf4j_slf4j-api-2.0.7.jar
[2025-10-31T05:37:29.411+0700] {subprocess.py:93} INFO - 25/10/31 05:37:29 INFO SparkContext: Added file file:///home/***/.ivy2/jars/org.apache.hadoop_hadoop-client-api-3.3.4.jar at file:///home/***/.ivy2/jars/org.apache.hadoop_hadoop-client-api-3.3.4.jar with timestamp 1761863848889
[2025-10-31T05:37:29.412+0700] {subprocess.py:93} INFO - 25/10/31 05:37:29 INFO Utils: Copying /home/***/.ivy2/jars/org.apache.hadoop_hadoop-client-api-3.3.4.jar to /tmp/spark-2efbd5cb-7fd8-46e3-8154-3dedd4933a95/userFiles-9fe811fb-ad02-4dad-8761-68a98879cc9f/org.apache.hadoop_hadoop-client-api-3.3.4.jar
[2025-10-31T05:37:29.423+0700] {subprocess.py:93} INFO - 25/10/31 05:37:29 INFO SparkContext: Added file file:///home/***/.ivy2/jars/commons-logging_commons-logging-1.1.3.jar at file:///home/***/.ivy2/jars/commons-logging_commons-logging-1.1.3.jar with timestamp 1761863848889
[2025-10-31T05:37:29.423+0700] {subprocess.py:93} INFO - 25/10/31 05:37:29 INFO Utils: Copying /home/***/.ivy2/jars/commons-logging_commons-logging-1.1.3.jar to /tmp/spark-2efbd5cb-7fd8-46e3-8154-3dedd4933a95/userFiles-9fe811fb-ad02-4dad-8761-68a98879cc9f/commons-logging_commons-logging-1.1.3.jar
[2025-10-31T05:37:29.425+0700] {subprocess.py:93} INFO - 25/10/31 05:37:29 INFO SparkContext: Added file file:///home/***/.ivy2/jars/org.checkerframework_checker-qual-3.31.0.jar at file:///home/***/.ivy2/jars/org.checkerframework_checker-qual-3.31.0.jar with timestamp 1761863848889
[2025-10-31T05:37:29.426+0700] {subprocess.py:93} INFO - 25/10/31 05:37:29 INFO Utils: Copying /home/***/.ivy2/jars/org.checkerframework_checker-qual-3.31.0.jar to /tmp/spark-2efbd5cb-7fd8-46e3-8154-3dedd4933a95/userFiles-9fe811fb-ad02-4dad-8761-68a98879cc9f/org.checkerframework_checker-qual-3.31.0.jar
[2025-10-31T05:37:29.466+0700] {subprocess.py:93} INFO - 25/10/31 05:37:29 INFO Executor: Starting executor ID driver on host be079b239c4c
[2025-10-31T05:37:29.466+0700] {subprocess.py:93} INFO - 25/10/31 05:37:29 INFO Executor: OS info Linux, 6.14.0-33-generic, amd64
[2025-10-31T05:37:29.466+0700] {subprocess.py:93} INFO - 25/10/31 05:37:29 INFO Executor: Java version 17.0.17
[2025-10-31T05:37:29.470+0700] {subprocess.py:93} INFO - 25/10/31 05:37:29 INFO Executor: Starting executor with user classpath (userClassPathFirst = false): ''
[2025-10-31T05:37:29.471+0700] {subprocess.py:93} INFO - 25/10/31 05:37:29 INFO Executor: Created or updated repl class loader org.apache.spark.util.MutableURLClassLoader@4d9914b for default.
[2025-10-31T05:37:29.479+0700] {subprocess.py:93} INFO - 25/10/31 05:37:29 INFO Executor: Fetching file:///home/***/.ivy2/jars/org.apache.spark_spark-sql-kafka-0-10_2.12-3.5.1.jar with timestamp 1761863848889
[2025-10-31T05:37:29.496+0700] {subprocess.py:93} INFO - 25/10/31 05:37:29 INFO Utils: /home/***/.ivy2/jars/org.apache.spark_spark-sql-kafka-0-10_2.12-3.5.1.jar has been previously copied to /tmp/spark-2efbd5cb-7fd8-46e3-8154-3dedd4933a95/userFiles-9fe811fb-ad02-4dad-8761-68a98879cc9f/org.apache.spark_spark-sql-kafka-0-10_2.12-3.5.1.jar
[2025-10-31T05:37:29.500+0700] {subprocess.py:93} INFO - 25/10/31 05:37:29 INFO Executor: Fetching file:///home/***/.ivy2/jars/org.apache.hadoop_hadoop-client-runtime-3.3.4.jar with timestamp 1761863848889
[2025-10-31T05:37:29.524+0700] {subprocess.py:93} INFO - 25/10/31 05:37:29 INFO Utils: /home/***/.ivy2/jars/org.apache.hadoop_hadoop-client-runtime-3.3.4.jar has been previously copied to /tmp/spark-2efbd5cb-7fd8-46e3-8154-3dedd4933a95/userFiles-9fe811fb-ad02-4dad-8761-68a98879cc9f/org.apache.hadoop_hadoop-client-runtime-3.3.4.jar
[2025-10-31T05:37:29.528+0700] {subprocess.py:93} INFO - 25/10/31 05:37:29 INFO Executor: Fetching file:///home/***/.ivy2/jars/org.apache.hadoop_hadoop-client-api-3.3.4.jar with timestamp 1761863848889
[2025-10-31T05:37:29.542+0700] {subprocess.py:93} INFO - 25/10/31 05:37:29 INFO Utils: /home/***/.ivy2/jars/org.apache.hadoop_hadoop-client-api-3.3.4.jar has been previously copied to /tmp/spark-2efbd5cb-7fd8-46e3-8154-3dedd4933a95/userFiles-9fe811fb-ad02-4dad-8761-68a98879cc9f/org.apache.hadoop_hadoop-client-api-3.3.4.jar
[2025-10-31T05:37:29.545+0700] {subprocess.py:93} INFO - 25/10/31 05:37:29 INFO Executor: Fetching file:///home/***/.ivy2/jars/org.apache.spark_spark-token-provider-kafka-0-10_2.12-3.5.1.jar with timestamp 1761863848889
[2025-10-31T05:37:29.545+0700] {subprocess.py:93} INFO - 25/10/31 05:37:29 INFO Utils: /home/***/.ivy2/jars/org.apache.spark_spark-token-provider-kafka-0-10_2.12-3.5.1.jar has been previously copied to /tmp/spark-2efbd5cb-7fd8-46e3-8154-3dedd4933a95/userFiles-9fe811fb-ad02-4dad-8761-68a98879cc9f/org.apache.spark_spark-token-provider-kafka-0-10_2.12-3.5.1.jar
[2025-10-31T05:37:29.548+0700] {subprocess.py:93} INFO - 25/10/31 05:37:29 INFO Executor: Fetching file:///home/***/.ivy2/jars/com.google.code.findbugs_jsr305-3.0.0.jar with timestamp 1761863848889
[2025-10-31T05:37:29.548+0700] {subprocess.py:93} INFO - 25/10/31 05:37:29 INFO Utils: /home/***/.ivy2/jars/com.google.code.findbugs_jsr305-3.0.0.jar has been previously copied to /tmp/spark-2efbd5cb-7fd8-46e3-8154-3dedd4933a95/userFiles-9fe811fb-ad02-4dad-8761-68a98879cc9f/com.google.code.findbugs_jsr305-3.0.0.jar
[2025-10-31T05:37:29.551+0700] {subprocess.py:93} INFO - 25/10/31 05:37:29 INFO Executor: Fetching file:///home/***/.ivy2/jars/org.lz4_lz4-java-1.8.0.jar with timestamp 1761863848889
[2025-10-31T05:37:29.552+0700] {subprocess.py:93} INFO - 25/10/31 05:37:29 INFO Utils: /home/***/.ivy2/jars/org.lz4_lz4-java-1.8.0.jar has been previously copied to /tmp/spark-2efbd5cb-7fd8-46e3-8154-3dedd4933a95/userFiles-9fe811fb-ad02-4dad-8761-68a98879cc9f/org.lz4_lz4-java-1.8.0.jar
[2025-10-31T05:37:29.554+0700] {subprocess.py:93} INFO - 25/10/31 05:37:29 INFO Executor: Fetching file:///home/***/.ivy2/jars/org.slf4j_slf4j-api-2.0.7.jar with timestamp 1761863848889
[2025-10-31T05:37:29.554+0700] {subprocess.py:93} INFO - 25/10/31 05:37:29 INFO Utils: /home/***/.ivy2/jars/org.slf4j_slf4j-api-2.0.7.jar has been previously copied to /tmp/spark-2efbd5cb-7fd8-46e3-8154-3dedd4933a95/userFiles-9fe811fb-ad02-4dad-8761-68a98879cc9f/org.slf4j_slf4j-api-2.0.7.jar
[2025-10-31T05:37:29.557+0700] {subprocess.py:93} INFO - 25/10/31 05:37:29 INFO Executor: Fetching file:///home/***/.ivy2/jars/org.checkerframework_checker-qual-3.31.0.jar with timestamp 1761863848889
[2025-10-31T05:37:29.557+0700] {subprocess.py:93} INFO - 25/10/31 05:37:29 INFO Utils: /home/***/.ivy2/jars/org.checkerframework_checker-qual-3.31.0.jar has been previously copied to /tmp/spark-2efbd5cb-7fd8-46e3-8154-3dedd4933a95/userFiles-9fe811fb-ad02-4dad-8761-68a98879cc9f/org.checkerframework_checker-qual-3.31.0.jar
[2025-10-31T05:37:29.560+0700] {subprocess.py:93} INFO - 25/10/31 05:37:29 INFO Executor: Fetching file:///home/***/.ivy2/jars/org.apache.commons_commons-pool2-2.11.1.jar with timestamp 1761863848889
[2025-10-31T05:37:29.560+0700] {subprocess.py:93} INFO - 25/10/31 05:37:29 INFO Utils: /home/***/.ivy2/jars/org.apache.commons_commons-pool2-2.11.1.jar has been previously copied to /tmp/spark-2efbd5cb-7fd8-46e3-8154-3dedd4933a95/userFiles-9fe811fb-ad02-4dad-8761-68a98879cc9f/org.apache.commons_commons-pool2-2.11.1.jar
[2025-10-31T05:37:29.562+0700] {subprocess.py:93} INFO - 25/10/31 05:37:29 INFO Executor: Fetching file:///home/***/.ivy2/jars/commons-logging_commons-logging-1.1.3.jar with timestamp 1761863848889
[2025-10-31T05:37:29.563+0700] {subprocess.py:93} INFO - 25/10/31 05:37:29 INFO Utils: /home/***/.ivy2/jars/commons-logging_commons-logging-1.1.3.jar has been previously copied to /tmp/spark-2efbd5cb-7fd8-46e3-8154-3dedd4933a95/userFiles-9fe811fb-ad02-4dad-8761-68a98879cc9f/commons-logging_commons-logging-1.1.3.jar
[2025-10-31T05:37:29.565+0700] {subprocess.py:93} INFO - 25/10/31 05:37:29 INFO Executor: Fetching file:///home/***/.ivy2/jars/org.xerial.snappy_snappy-java-1.1.10.3.jar with timestamp 1761863848889
[2025-10-31T05:37:29.566+0700] {subprocess.py:93} INFO - 25/10/31 05:37:29 INFO Utils: /home/***/.ivy2/jars/org.xerial.snappy_snappy-java-1.1.10.3.jar has been previously copied to /tmp/spark-2efbd5cb-7fd8-46e3-8154-3dedd4933a95/userFiles-9fe811fb-ad02-4dad-8761-68a98879cc9f/org.xerial.snappy_snappy-java-1.1.10.3.jar
[2025-10-31T05:37:29.569+0700] {subprocess.py:93} INFO - 25/10/31 05:37:29 INFO Executor: Fetching file:///home/***/.ivy2/jars/org.postgresql_postgresql-42.6.0.jar with timestamp 1761863848889
[2025-10-31T05:37:29.569+0700] {subprocess.py:93} INFO - 25/10/31 05:37:29 INFO Utils: /home/***/.ivy2/jars/org.postgresql_postgresql-42.6.0.jar has been previously copied to /tmp/spark-2efbd5cb-7fd8-46e3-8154-3dedd4933a95/userFiles-9fe811fb-ad02-4dad-8761-68a98879cc9f/org.postgresql_postgresql-42.6.0.jar
[2025-10-31T05:37:29.571+0700] {subprocess.py:93} INFO - 25/10/31 05:37:29 INFO Executor: Fetching file:///home/***/.ivy2/jars/org.apache.kafka_kafka-clients-3.4.1.jar with timestamp 1761863848889
[2025-10-31T05:37:29.574+0700] {subprocess.py:93} INFO - 25/10/31 05:37:29 INFO Utils: /home/***/.ivy2/jars/org.apache.kafka_kafka-clients-3.4.1.jar has been previously copied to /tmp/spark-2efbd5cb-7fd8-46e3-8154-3dedd4933a95/userFiles-9fe811fb-ad02-4dad-8761-68a98879cc9f/org.apache.kafka_kafka-clients-3.4.1.jar
[2025-10-31T05:37:29.578+0700] {subprocess.py:93} INFO - 25/10/31 05:37:29 INFO Executor: Fetching spark://be079b239c4c:33201/jars/org.apache.commons_commons-pool2-2.11.1.jar with timestamp 1761863848889
[2025-10-31T05:37:29.598+0700] {subprocess.py:93} INFO - 25/10/31 05:37:29 INFO TransportClientFactory: Successfully created connection to be079b239c4c/172.18.0.8:33201 after 14 ms (0 ms spent in bootstraps)
[2025-10-31T05:37:29.601+0700] {subprocess.py:93} INFO - 25/10/31 05:37:29 INFO Utils: Fetching spark://be079b239c4c:33201/jars/org.apache.commons_commons-pool2-2.11.1.jar to /tmp/spark-2efbd5cb-7fd8-46e3-8154-3dedd4933a95/userFiles-9fe811fb-ad02-4dad-8761-68a98879cc9f/fetchFileTemp2116465074512805164.tmp
[2025-10-31T05:37:29.618+0700] {subprocess.py:93} INFO - 25/10/31 05:37:29 INFO Utils: /tmp/spark-2efbd5cb-7fd8-46e3-8154-3dedd4933a95/userFiles-9fe811fb-ad02-4dad-8761-68a98879cc9f/fetchFileTemp2116465074512805164.tmp has been previously copied to /tmp/spark-2efbd5cb-7fd8-46e3-8154-3dedd4933a95/userFiles-9fe811fb-ad02-4dad-8761-68a98879cc9f/org.apache.commons_commons-pool2-2.11.1.jar
[2025-10-31T05:37:29.621+0700] {subprocess.py:93} INFO - 25/10/31 05:37:29 INFO Executor: Adding file:/tmp/spark-2efbd5cb-7fd8-46e3-8154-3dedd4933a95/userFiles-9fe811fb-ad02-4dad-8761-68a98879cc9f/org.apache.commons_commons-pool2-2.11.1.jar to class loader default
[2025-10-31T05:37:29.621+0700] {subprocess.py:93} INFO - 25/10/31 05:37:29 INFO Executor: Fetching spark://be079b239c4c:33201/jars/org.apache.spark_spark-token-provider-kafka-0-10_2.12-3.5.1.jar with timestamp 1761863848889
[2025-10-31T05:37:29.622+0700] {subprocess.py:93} INFO - 25/10/31 05:37:29 INFO Utils: Fetching spark://be079b239c4c:33201/jars/org.apache.spark_spark-token-provider-kafka-0-10_2.12-3.5.1.jar to /tmp/spark-2efbd5cb-7fd8-46e3-8154-3dedd4933a95/userFiles-9fe811fb-ad02-4dad-8761-68a98879cc9f/fetchFileTemp7871221304649620213.tmp
[2025-10-31T05:37:29.623+0700] {subprocess.py:93} INFO - 25/10/31 05:37:29 INFO Utils: /tmp/spark-2efbd5cb-7fd8-46e3-8154-3dedd4933a95/userFiles-9fe811fb-ad02-4dad-8761-68a98879cc9f/fetchFileTemp7871221304649620213.tmp has been previously copied to /tmp/spark-2efbd5cb-7fd8-46e3-8154-3dedd4933a95/userFiles-9fe811fb-ad02-4dad-8761-68a98879cc9f/org.apache.spark_spark-token-provider-kafka-0-10_2.12-3.5.1.jar
[2025-10-31T05:37:29.626+0700] {subprocess.py:93} INFO - 25/10/31 05:37:29 INFO Executor: Adding file:/tmp/spark-2efbd5cb-7fd8-46e3-8154-3dedd4933a95/userFiles-9fe811fb-ad02-4dad-8761-68a98879cc9f/org.apache.spark_spark-token-provider-kafka-0-10_2.12-3.5.1.jar to class loader default
[2025-10-31T05:37:29.626+0700] {subprocess.py:93} INFO - 25/10/31 05:37:29 INFO Executor: Fetching spark://be079b239c4c:33201/jars/com.google.code.findbugs_jsr305-3.0.0.jar with timestamp 1761863848889
[2025-10-31T05:37:29.626+0700] {subprocess.py:93} INFO - 25/10/31 05:37:29 INFO Utils: Fetching spark://be079b239c4c:33201/jars/com.google.code.findbugs_jsr305-3.0.0.jar to /tmp/spark-2efbd5cb-7fd8-46e3-8154-3dedd4933a95/userFiles-9fe811fb-ad02-4dad-8761-68a98879cc9f/fetchFileTemp7561882385892933662.tmp
[2025-10-31T05:37:29.627+0700] {subprocess.py:93} INFO - 25/10/31 05:37:29 INFO Utils: /tmp/spark-2efbd5cb-7fd8-46e3-8154-3dedd4933a95/userFiles-9fe811fb-ad02-4dad-8761-68a98879cc9f/fetchFileTemp7561882385892933662.tmp has been previously copied to /tmp/spark-2efbd5cb-7fd8-46e3-8154-3dedd4933a95/userFiles-9fe811fb-ad02-4dad-8761-68a98879cc9f/com.google.code.findbugs_jsr305-3.0.0.jar
[2025-10-31T05:37:29.630+0700] {subprocess.py:93} INFO - 25/10/31 05:37:29 INFO Executor: Adding file:/tmp/spark-2efbd5cb-7fd8-46e3-8154-3dedd4933a95/userFiles-9fe811fb-ad02-4dad-8761-68a98879cc9f/com.google.code.findbugs_jsr305-3.0.0.jar to class loader default
[2025-10-31T05:37:29.630+0700] {subprocess.py:93} INFO - 25/10/31 05:37:29 INFO Executor: Fetching spark://be079b239c4c:33201/jars/commons-logging_commons-logging-1.1.3.jar with timestamp 1761863848889
[2025-10-31T05:37:29.630+0700] {subprocess.py:93} INFO - 25/10/31 05:37:29 INFO Utils: Fetching spark://be079b239c4c:33201/jars/commons-logging_commons-logging-1.1.3.jar to /tmp/spark-2efbd5cb-7fd8-46e3-8154-3dedd4933a95/userFiles-9fe811fb-ad02-4dad-8761-68a98879cc9f/fetchFileTemp2631553527879529157.tmp
[2025-10-31T05:37:29.632+0700] {subprocess.py:93} INFO - 25/10/31 05:37:29 INFO Utils: /tmp/spark-2efbd5cb-7fd8-46e3-8154-3dedd4933a95/userFiles-9fe811fb-ad02-4dad-8761-68a98879cc9f/fetchFileTemp2631553527879529157.tmp has been previously copied to /tmp/spark-2efbd5cb-7fd8-46e3-8154-3dedd4933a95/userFiles-9fe811fb-ad02-4dad-8761-68a98879cc9f/commons-logging_commons-logging-1.1.3.jar
[2025-10-31T05:37:29.635+0700] {subprocess.py:93} INFO - 25/10/31 05:37:29 INFO Executor: Adding file:/tmp/spark-2efbd5cb-7fd8-46e3-8154-3dedd4933a95/userFiles-9fe811fb-ad02-4dad-8761-68a98879cc9f/commons-logging_commons-logging-1.1.3.jar to class loader default
[2025-10-31T05:37:29.635+0700] {subprocess.py:93} INFO - 25/10/31 05:37:29 INFO Executor: Fetching spark://be079b239c4c:33201/jars/org.apache.spark_spark-sql-kafka-0-10_2.12-3.5.1.jar with timestamp 1761863848889
[2025-10-31T05:37:29.636+0700] {subprocess.py:93} INFO - 25/10/31 05:37:29 INFO Utils: Fetching spark://be079b239c4c:33201/jars/org.apache.spark_spark-sql-kafka-0-10_2.12-3.5.1.jar to /tmp/spark-2efbd5cb-7fd8-46e3-8154-3dedd4933a95/userFiles-9fe811fb-ad02-4dad-8761-68a98879cc9f/fetchFileTemp491710635338644988.tmp
[2025-10-31T05:37:29.637+0700] {subprocess.py:93} INFO - 25/10/31 05:37:29 INFO Utils: /tmp/spark-2efbd5cb-7fd8-46e3-8154-3dedd4933a95/userFiles-9fe811fb-ad02-4dad-8761-68a98879cc9f/fetchFileTemp491710635338644988.tmp has been previously copied to /tmp/spark-2efbd5cb-7fd8-46e3-8154-3dedd4933a95/userFiles-9fe811fb-ad02-4dad-8761-68a98879cc9f/org.apache.spark_spark-sql-kafka-0-10_2.12-3.5.1.jar
[2025-10-31T05:37:29.641+0700] {subprocess.py:93} INFO - 25/10/31 05:37:29 INFO Executor: Adding file:/tmp/spark-2efbd5cb-7fd8-46e3-8154-3dedd4933a95/userFiles-9fe811fb-ad02-4dad-8761-68a98879cc9f/org.apache.spark_spark-sql-kafka-0-10_2.12-3.5.1.jar to class loader default
[2025-10-31T05:37:29.641+0700] {subprocess.py:93} INFO - 25/10/31 05:37:29 INFO Executor: Fetching spark://be079b239c4c:33201/jars/org.lz4_lz4-java-1.8.0.jar with timestamp 1761863848889
[2025-10-31T05:37:29.641+0700] {subprocess.py:93} INFO - 25/10/31 05:37:29 INFO Utils: Fetching spark://be079b239c4c:33201/jars/org.lz4_lz4-java-1.8.0.jar to /tmp/spark-2efbd5cb-7fd8-46e3-8154-3dedd4933a95/userFiles-9fe811fb-ad02-4dad-8761-68a98879cc9f/fetchFileTemp12774587977205216404.tmp
[2025-10-31T05:37:29.644+0700] {subprocess.py:93} INFO - 25/10/31 05:37:29 INFO Utils: /tmp/spark-2efbd5cb-7fd8-46e3-8154-3dedd4933a95/userFiles-9fe811fb-ad02-4dad-8761-68a98879cc9f/fetchFileTemp12774587977205216404.tmp has been previously copied to /tmp/spark-2efbd5cb-7fd8-46e3-8154-3dedd4933a95/userFiles-9fe811fb-ad02-4dad-8761-68a98879cc9f/org.lz4_lz4-java-1.8.0.jar
[2025-10-31T05:37:29.647+0700] {subprocess.py:93} INFO - 25/10/31 05:37:29 INFO Executor: Adding file:/tmp/spark-2efbd5cb-7fd8-46e3-8154-3dedd4933a95/userFiles-9fe811fb-ad02-4dad-8761-68a98879cc9f/org.lz4_lz4-java-1.8.0.jar to class loader default
[2025-10-31T05:37:29.647+0700] {subprocess.py:93} INFO - 25/10/31 05:37:29 INFO Executor: Fetching spark://be079b239c4c:33201/jars/org.checkerframework_checker-qual-3.31.0.jar with timestamp 1761863848889
[2025-10-31T05:37:29.648+0700] {subprocess.py:93} INFO - 25/10/31 05:37:29 INFO Utils: Fetching spark://be079b239c4c:33201/jars/org.checkerframework_checker-qual-3.31.0.jar to /tmp/spark-2efbd5cb-7fd8-46e3-8154-3dedd4933a95/userFiles-9fe811fb-ad02-4dad-8761-68a98879cc9f/fetchFileTemp16714381095618218396.tmp
[2025-10-31T05:37:29.649+0700] {subprocess.py:93} INFO - 25/10/31 05:37:29 INFO Utils: /tmp/spark-2efbd5cb-7fd8-46e3-8154-3dedd4933a95/userFiles-9fe811fb-ad02-4dad-8761-68a98879cc9f/fetchFileTemp16714381095618218396.tmp has been previously copied to /tmp/spark-2efbd5cb-7fd8-46e3-8154-3dedd4933a95/userFiles-9fe811fb-ad02-4dad-8761-68a98879cc9f/org.checkerframework_checker-qual-3.31.0.jar
[2025-10-31T05:37:29.652+0700] {subprocess.py:93} INFO - 25/10/31 05:37:29 INFO Executor: Adding file:/tmp/spark-2efbd5cb-7fd8-46e3-8154-3dedd4933a95/userFiles-9fe811fb-ad02-4dad-8761-68a98879cc9f/org.checkerframework_checker-qual-3.31.0.jar to class loader default
[2025-10-31T05:37:29.652+0700] {subprocess.py:93} INFO - 25/10/31 05:37:29 INFO Executor: Fetching spark://be079b239c4c:33201/jars/org.apache.kafka_kafka-clients-3.4.1.jar with timestamp 1761863848889
[2025-10-31T05:37:29.652+0700] {subprocess.py:93} INFO - 25/10/31 05:37:29 INFO Utils: Fetching spark://be079b239c4c:33201/jars/org.apache.kafka_kafka-clients-3.4.1.jar to /tmp/spark-2efbd5cb-7fd8-46e3-8154-3dedd4933a95/userFiles-9fe811fb-ad02-4dad-8761-68a98879cc9f/fetchFileTemp15588538049009430182.tmp
[2025-10-31T05:37:29.662+0700] {subprocess.py:93} INFO - 25/10/31 05:37:29 INFO Utils: /tmp/spark-2efbd5cb-7fd8-46e3-8154-3dedd4933a95/userFiles-9fe811fb-ad02-4dad-8761-68a98879cc9f/fetchFileTemp15588538049009430182.tmp has been previously copied to /tmp/spark-2efbd5cb-7fd8-46e3-8154-3dedd4933a95/userFiles-9fe811fb-ad02-4dad-8761-68a98879cc9f/org.apache.kafka_kafka-clients-3.4.1.jar
[2025-10-31T05:37:29.672+0700] {subprocess.py:93} INFO - 25/10/31 05:37:29 INFO Executor: Adding file:/tmp/spark-2efbd5cb-7fd8-46e3-8154-3dedd4933a95/userFiles-9fe811fb-ad02-4dad-8761-68a98879cc9f/org.apache.kafka_kafka-clients-3.4.1.jar to class loader default
[2025-10-31T05:37:29.672+0700] {subprocess.py:93} INFO - 25/10/31 05:37:29 INFO Executor: Fetching spark://be079b239c4c:33201/jars/org.xerial.snappy_snappy-java-1.1.10.3.jar with timestamp 1761863848889
[2025-10-31T05:37:29.672+0700] {subprocess.py:93} INFO - 25/10/31 05:37:29 INFO Utils: Fetching spark://be079b239c4c:33201/jars/org.xerial.snappy_snappy-java-1.1.10.3.jar to /tmp/spark-2efbd5cb-7fd8-46e3-8154-3dedd4933a95/userFiles-9fe811fb-ad02-4dad-8761-68a98879cc9f/fetchFileTemp14789217441459195261.tmp
[2025-10-31T05:37:29.676+0700] {subprocess.py:93} INFO - 25/10/31 05:37:29 INFO Utils: /tmp/spark-2efbd5cb-7fd8-46e3-8154-3dedd4933a95/userFiles-9fe811fb-ad02-4dad-8761-68a98879cc9f/fetchFileTemp14789217441459195261.tmp has been previously copied to /tmp/spark-2efbd5cb-7fd8-46e3-8154-3dedd4933a95/userFiles-9fe811fb-ad02-4dad-8761-68a98879cc9f/org.xerial.snappy_snappy-java-1.1.10.3.jar
[2025-10-31T05:37:29.682+0700] {subprocess.py:93} INFO - 25/10/31 05:37:29 INFO Executor: Adding file:/tmp/spark-2efbd5cb-7fd8-46e3-8154-3dedd4933a95/userFiles-9fe811fb-ad02-4dad-8761-68a98879cc9f/org.xerial.snappy_snappy-java-1.1.10.3.jar to class loader default
[2025-10-31T05:37:29.682+0700] {subprocess.py:93} INFO - 25/10/31 05:37:29 INFO Executor: Fetching spark://be079b239c4c:33201/jars/org.apache.hadoop_hadoop-client-api-3.3.4.jar with timestamp 1761863848889
[2025-10-31T05:37:29.683+0700] {subprocess.py:93} INFO - 25/10/31 05:37:29 INFO Utils: Fetching spark://be079b239c4c:33201/jars/org.apache.hadoop_hadoop-client-api-3.3.4.jar to /tmp/spark-2efbd5cb-7fd8-46e3-8154-3dedd4933a95/userFiles-9fe811fb-ad02-4dad-8761-68a98879cc9f/fetchFileTemp7189900464562522737.tmp
[2025-10-31T05:37:29.748+0700] {subprocess.py:93} INFO - 25/10/31 05:37:29 INFO Utils: /tmp/spark-2efbd5cb-7fd8-46e3-8154-3dedd4933a95/userFiles-9fe811fb-ad02-4dad-8761-68a98879cc9f/fetchFileTemp7189900464562522737.tmp has been previously copied to /tmp/spark-2efbd5cb-7fd8-46e3-8154-3dedd4933a95/userFiles-9fe811fb-ad02-4dad-8761-68a98879cc9f/org.apache.hadoop_hadoop-client-api-3.3.4.jar
[2025-10-31T05:37:29.753+0700] {subprocess.py:93} INFO - 25/10/31 05:37:29 INFO Executor: Adding file:/tmp/spark-2efbd5cb-7fd8-46e3-8154-3dedd4933a95/userFiles-9fe811fb-ad02-4dad-8761-68a98879cc9f/org.apache.hadoop_hadoop-client-api-3.3.4.jar to class loader default
[2025-10-31T05:37:29.754+0700] {subprocess.py:93} INFO - 25/10/31 05:37:29 INFO Executor: Fetching spark://be079b239c4c:33201/jars/org.postgresql_postgresql-42.6.0.jar with timestamp 1761863848889
[2025-10-31T05:37:29.754+0700] {subprocess.py:93} INFO - 25/10/31 05:37:29 INFO Utils: Fetching spark://be079b239c4c:33201/jars/org.postgresql_postgresql-42.6.0.jar to /tmp/spark-2efbd5cb-7fd8-46e3-8154-3dedd4933a95/userFiles-9fe811fb-ad02-4dad-8761-68a98879cc9f/fetchFileTemp78013101512837982.tmp
[2025-10-31T05:37:29.757+0700] {subprocess.py:93} INFO - 25/10/31 05:37:29 INFO Utils: /tmp/spark-2efbd5cb-7fd8-46e3-8154-3dedd4933a95/userFiles-9fe811fb-ad02-4dad-8761-68a98879cc9f/fetchFileTemp78013101512837982.tmp has been previously copied to /tmp/spark-2efbd5cb-7fd8-46e3-8154-3dedd4933a95/userFiles-9fe811fb-ad02-4dad-8761-68a98879cc9f/org.postgresql_postgresql-42.6.0.jar
[2025-10-31T05:37:29.761+0700] {subprocess.py:93} INFO - 25/10/31 05:37:29 INFO Executor: Adding file:/tmp/spark-2efbd5cb-7fd8-46e3-8154-3dedd4933a95/userFiles-9fe811fb-ad02-4dad-8761-68a98879cc9f/org.postgresql_postgresql-42.6.0.jar to class loader default
[2025-10-31T05:37:29.761+0700] {subprocess.py:93} INFO - 25/10/31 05:37:29 INFO Executor: Fetching spark://be079b239c4c:33201/jars/org.apache.hadoop_hadoop-client-runtime-3.3.4.jar with timestamp 1761863848889
[2025-10-31T05:37:29.761+0700] {subprocess.py:93} INFO - 25/10/31 05:37:29 INFO Utils: Fetching spark://be079b239c4c:33201/jars/org.apache.hadoop_hadoop-client-runtime-3.3.4.jar to /tmp/spark-2efbd5cb-7fd8-46e3-8154-3dedd4933a95/userFiles-9fe811fb-ad02-4dad-8761-68a98879cc9f/fetchFileTemp8287168598233249982.tmp
[2025-10-31T05:37:29.918+0700] {subprocess.py:93} INFO - 25/10/31 05:37:29 INFO Utils: /tmp/spark-2efbd5cb-7fd8-46e3-8154-3dedd4933a95/userFiles-9fe811fb-ad02-4dad-8761-68a98879cc9f/fetchFileTemp8287168598233249982.tmp has been previously copied to /tmp/spark-2efbd5cb-7fd8-46e3-8154-3dedd4933a95/userFiles-9fe811fb-ad02-4dad-8761-68a98879cc9f/org.apache.hadoop_hadoop-client-runtime-3.3.4.jar
[2025-10-31T05:37:29.923+0700] {subprocess.py:93} INFO - 25/10/31 05:37:29 INFO Executor: Adding file:/tmp/spark-2efbd5cb-7fd8-46e3-8154-3dedd4933a95/userFiles-9fe811fb-ad02-4dad-8761-68a98879cc9f/org.apache.hadoop_hadoop-client-runtime-3.3.4.jar to class loader default
[2025-10-31T05:37:29.923+0700] {subprocess.py:93} INFO - 25/10/31 05:37:29 INFO Executor: Fetching spark://be079b239c4c:33201/jars/org.slf4j_slf4j-api-2.0.7.jar with timestamp 1761863848889
[2025-10-31T05:37:29.923+0700] {subprocess.py:93} INFO - 25/10/31 05:37:29 INFO Utils: Fetching spark://be079b239c4c:33201/jars/org.slf4j_slf4j-api-2.0.7.jar to /tmp/spark-2efbd5cb-7fd8-46e3-8154-3dedd4933a95/userFiles-9fe811fb-ad02-4dad-8761-68a98879cc9f/fetchFileTemp7339162080060820107.tmp
[2025-10-31T05:37:29.924+0700] {subprocess.py:93} INFO - 25/10/31 05:37:29 INFO Utils: /tmp/spark-2efbd5cb-7fd8-46e3-8154-3dedd4933a95/userFiles-9fe811fb-ad02-4dad-8761-68a98879cc9f/fetchFileTemp7339162080060820107.tmp has been previously copied to /tmp/spark-2efbd5cb-7fd8-46e3-8154-3dedd4933a95/userFiles-9fe811fb-ad02-4dad-8761-68a98879cc9f/org.slf4j_slf4j-api-2.0.7.jar
[2025-10-31T05:37:29.926+0700] {subprocess.py:93} INFO - 25/10/31 05:37:29 INFO Executor: Adding file:/tmp/spark-2efbd5cb-7fd8-46e3-8154-3dedd4933a95/userFiles-9fe811fb-ad02-4dad-8761-68a98879cc9f/org.slf4j_slf4j-api-2.0.7.jar to class loader default
[2025-10-31T05:37:29.931+0700] {subprocess.py:93} INFO - 25/10/31 05:37:29 INFO Utils: Successfully started service 'org.apache.spark.network.netty.NettyBlockTransferService' on port 33865.
[2025-10-31T05:37:29.931+0700] {subprocess.py:93} INFO - 25/10/31 05:37:29 INFO NettyBlockTransferService: Server created on be079b239c4c:33865
[2025-10-31T05:37:29.932+0700] {subprocess.py:93} INFO - 25/10/31 05:37:29 INFO BlockManager: Using org.apache.spark.storage.RandomBlockReplicationPolicy for block replication policy
[2025-10-31T05:37:29.935+0700] {subprocess.py:93} INFO - 25/10/31 05:37:29 INFO BlockManagerMaster: Registering BlockManager BlockManagerId(driver, be079b239c4c, 33865, None)
[2025-10-31T05:37:29.936+0700] {subprocess.py:93} INFO - 25/10/31 05:37:29 INFO BlockManagerMasterEndpoint: Registering block manager be079b239c4c:33865 with 434.4 MiB RAM, BlockManagerId(driver, be079b239c4c, 33865, None)
[2025-10-31T05:37:29.938+0700] {subprocess.py:93} INFO - 25/10/31 05:37:29 INFO BlockManagerMaster: Registered BlockManager BlockManagerId(driver, be079b239c4c, 33865, None)
[2025-10-31T05:37:29.938+0700] {subprocess.py:93} INFO - 25/10/31 05:37:29 INFO BlockManager: Initialized BlockManager: BlockManagerId(driver, be079b239c4c, 33865, None)
[2025-10-31T05:37:32.195+0700] {subprocess.py:93} INFO - 🚀 Streaming job started — đang lắng nghe dữ liệu từ Kafka...
[2025-10-31T05:37:33.720+0700] {subprocess.py:93} INFO - [Batch 0] ⚠️ Không có dữ liệu mới.
[2025-10-31T05:37:42.131+0700] {subprocess.py:93} INFO - [INFO] Dùng model mới nhất: /opt/***/models/newer_models/best_absa_1/model.pt
[2025-10-31T05:37:45.353+0700] {subprocess.py:93} INFO - [INFO] Dùng model mới nhất: /opt/***/models/newer_models/best_absa_1/model.pt
[2025-10-31T05:37:48.760+0700] {subprocess.py:93} INFO - [INFO] Dùng model mới nhất: /opt/***/models/newer_models/best_absa_1/model.pt
[2025-10-31T05:37:51.544+0700] {subprocess.py:93} INFO - [INFO] Dùng model mới nhất: /opt/***/models/newer_models/best_absa_1/model.pt
[2025-10-31T05:37:52.657+0700] {subprocess.py:93} INFO - 
[2025-10-31T05:37:52.657+0700] {subprocess.py:93} INFO - [Batch 1] Nhận 2 dòng, hiển thị 5 dòng đầu:
[2025-10-31T05:37:52.658+0700] {subprocess.py:93} INFO - [
[2025-10-31T05:37:52.658+0700] {subprocess.py:93} INFO -   {
[2025-10-31T05:37:52.658+0700] {subprocess.py:93} INFO -     "ReviewText": "Giao hàng nhanh, giao hàng đúng mẫu, hàng đẹp chất lượng vải tốt đáng mua sẽ ủng hộ shop tiếp",
[2025-10-31T05:37:52.658+0700] {subprocess.py:93} INFO -     "Price": "NEG",
[2025-10-31T05:37:52.658+0700] {subprocess.py:93} INFO -     "Shipping": "NEG",
[2025-10-31T05:37:52.658+0700] {subprocess.py:93} INFO -     "Outlook": "NEG",
[2025-10-31T05:37:52.659+0700] {subprocess.py:93} INFO -     "Quality": "NEG",
[2025-10-31T05:37:52.659+0700] {subprocess.py:93} INFO -     "Size": "NEG",
[2025-10-31T05:37:52.659+0700] {subprocess.py:93} INFO -     "Shop_Service": "NEG",
[2025-10-31T05:37:52.659+0700] {subprocess.py:93} INFO -     "General": "NEG",
[2025-10-31T05:37:52.659+0700] {subprocess.py:93} INFO -     "Others": "NEG"
[2025-10-31T05:37:52.659+0700] {subprocess.py:93} INFO -   },
[2025-10-31T05:37:52.659+0700] {subprocess.py:93} INFO -   {
[2025-10-31T05:37:52.659+0700] {subprocess.py:93} INFO -     "ReviewText": "Mik mua size 41 nên hơi rộng mn nên xem sét về size giày nha",
[2025-10-31T05:37:52.660+0700] {subprocess.py:93} INFO -     "Price": "NEG",
[2025-10-31T05:37:52.660+0700] {subprocess.py:93} INFO -     "Shipping": "NEG",
[2025-10-31T05:37:52.660+0700] {subprocess.py:93} INFO -     "Outlook": "NEG",
[2025-10-31T05:37:52.660+0700] {subprocess.py:93} INFO -     "Quality": "NEG",
[2025-10-31T05:37:52.660+0700] {subprocess.py:93} INFO -     "Size": "NEG",
[2025-10-31T05:37:52.660+0700] {subprocess.py:93} INFO -     "Shop_Service": "NEG",
[2025-10-31T05:37:52.660+0700] {subprocess.py:93} INFO -     "General": "NEG",
[2025-10-31T05:37:52.660+0700] {subprocess.py:93} INFO -     "Others": "NEG"
[2025-10-31T05:37:52.660+0700] {subprocess.py:93} INFO -   }
[2025-10-31T05:37:52.660+0700] {subprocess.py:93} INFO - ]
[2025-10-31T05:37:54.901+0700] {subprocess.py:93} INFO - [INFO] Dùng model mới nhất: /opt/***/models/newer_models/best_absa_1/model.pt
[2025-10-31T05:37:57.360+0700] {subprocess.py:93} INFO - [INFO] Dùng model mới nhất: /opt/***/models/newer_models/best_absa_1/model.pt
[2025-10-31T05:37:58.520+0700] {subprocess.py:93} INFO - [Batch 1] ✅ Ghi PostgreSQL thành công (2 dòng).
[2025-10-31T05:38:00.847+0700] {subprocess.py:93} INFO - [INFO] Dùng model mới nhất: /opt/***/models/newer_models/best_absa_1/model.pt
[2025-10-31T05:38:03.583+0700] {subprocess.py:93} INFO - [INFO] Dùng model mới nhất: /opt/***/models/newer_models/best_absa_1/model.pt
[2025-10-31T05:38:05.254+0700] {subprocess.py:93} INFO - [Batch 1] Dữ liệu đã ghi (mẫu):
[2025-10-31T05:38:05.254+0700] {subprocess.py:93} INFO - [
[2025-10-31T05:38:05.255+0700] {subprocess.py:93} INFO -   {
[2025-10-31T05:38:05.255+0700] {subprocess.py:93} INFO -     "ReviewText": "Giao hàng nhanh, giao hàng đúng mẫu, hàng đẹp chất lượng vải tốt đáng mua sẽ ủng hộ shop tiếp",
[2025-10-31T05:38:05.255+0700] {subprocess.py:93} INFO -     "Price": "NEG",
[2025-10-31T05:38:05.255+0700] {subprocess.py:93} INFO -     "Shipping": "NEG",
[2025-10-31T05:38:05.255+0700] {subprocess.py:93} INFO -     "Outlook": "NEG",
[2025-10-31T05:38:05.255+0700] {subprocess.py:93} INFO -     "Quality": "NEG",
[2025-10-31T05:38:05.255+0700] {subprocess.py:93} INFO -     "Size": "NEG",
[2025-10-31T05:38:05.255+0700] {subprocess.py:93} INFO -     "Shop_Service": "NEG",
[2025-10-31T05:38:05.256+0700] {subprocess.py:93} INFO -     "General": "NEG",
[2025-10-31T05:38:05.256+0700] {subprocess.py:93} INFO -     "Others": "NEG"
[2025-10-31T05:38:05.256+0700] {subprocess.py:93} INFO -   },
[2025-10-31T05:38:05.256+0700] {subprocess.py:93} INFO -   {
[2025-10-31T05:38:05.256+0700] {subprocess.py:93} INFO -     "ReviewText": "Mik mua size 41 nên hơi rộng mn nên xem sét về size giày nha",
[2025-10-31T05:38:05.256+0700] {subprocess.py:93} INFO -     "Price": "NEG",
[2025-10-31T05:38:05.256+0700] {subprocess.py:93} INFO -     "Shipping": "NEG",
[2025-10-31T05:38:05.256+0700] {subprocess.py:93} INFO -     "Outlook": "NEG",
[2025-10-31T05:38:05.256+0700] {subprocess.py:93} INFO -     "Quality": "NEG",
[2025-10-31T05:38:05.256+0700] {subprocess.py:93} INFO -     "Size": "NEG",
[2025-10-31T05:38:05.257+0700] {subprocess.py:93} INFO -     "Shop_Service": "NEG",
[2025-10-31T05:38:05.257+0700] {subprocess.py:93} INFO -     "General": "NEG",
[2025-10-31T05:38:05.257+0700] {subprocess.py:93} INFO -     "Others": "NEG"
[2025-10-31T05:38:05.257+0700] {subprocess.py:93} INFO -   }
[2025-10-31T05:38:05.257+0700] {subprocess.py:93} INFO - ]
[2025-10-31T05:38:08.461+0700] {subprocess.py:93} INFO - [INFO] Dùng model mới nhất: /opt/***/models/newer_models/best_absa_1/model.pt
[2025-10-31T05:38:11.284+0700] {subprocess.py:93} INFO - [INFO] Dùng model mới nhất: /opt/***/models/newer_models/best_absa_1/model.pt
[2025-10-31T05:38:14.714+0700] {subprocess.py:93} INFO - [INFO] Dùng model mới nhất: /opt/***/models/newer_models/best_absa_1/model.pt
[2025-10-31T05:38:17.521+0700] {subprocess.py:93} INFO - [INFO] Dùng model mới nhất: /opt/***/models/newer_models/best_absa_1/model.pt
[2025-10-31T05:38:18.713+0700] {subprocess.py:93} INFO - 
[2025-10-31T05:38:18.713+0700] {subprocess.py:93} INFO - [Batch 2] Nhận 10 dòng, hiển thị 5 dòng đầu:
[2025-10-31T05:38:18.713+0700] {subprocess.py:93} INFO - [
[2025-10-31T05:38:18.713+0700] {subprocess.py:93} INFO -   {
[2025-10-31T05:38:18.713+0700] {subprocess.py:93} INFO -     "ReviewText": "Chất lượng sản phẩm khá ok. Giày hơi bị nhăn. Shop tư vấn rất nhiệt tình luôn và đóng gói cẩn thận nữa",
[2025-10-31T05:38:18.714+0700] {subprocess.py:93} INFO -     "Price": "NEG",
[2025-10-31T05:38:18.714+0700] {subprocess.py:93} INFO -     "Shipping": "NEG",
[2025-10-31T05:38:18.714+0700] {subprocess.py:93} INFO -     "Outlook": "NEG",
[2025-10-31T05:38:18.714+0700] {subprocess.py:93} INFO -     "Quality": "NEG",
[2025-10-31T05:38:18.714+0700] {subprocess.py:93} INFO -     "Size": "NEG",
[2025-10-31T05:38:18.714+0700] {subprocess.py:93} INFO -     "Shop_Service": "NEG",
[2025-10-31T05:38:18.714+0700] {subprocess.py:93} INFO -     "General": "NEG",
[2025-10-31T05:38:18.714+0700] {subprocess.py:93} INFO -     "Others": "NEG"
[2025-10-31T05:38:18.714+0700] {subprocess.py:93} INFO -   },
[2025-10-31T05:38:18.715+0700] {subprocess.py:93} INFO -   {
[2025-10-31T05:38:18.715+0700] {subprocess.py:93} INFO -     "ReviewText": "Giày đẹp lắm ạGiao hàng nhanh chóng shop phục vụ rất tốt sẽ ủng hộ shop thêm",
[2025-10-31T05:38:18.715+0700] {subprocess.py:93} INFO -     "Price": "NEG",
[2025-10-31T05:38:18.715+0700] {subprocess.py:93} INFO -     "Shipping": "NEG",
[2025-10-31T05:38:18.715+0700] {subprocess.py:93} INFO -     "Outlook": "NEG",
[2025-10-31T05:38:18.715+0700] {subprocess.py:93} INFO -     "Quality": "NEG",
[2025-10-31T05:38:18.715+0700] {subprocess.py:93} INFO -     "Size": "NEG",
[2025-10-31T05:38:18.715+0700] {subprocess.py:93} INFO -     "Shop_Service": "NEG",
[2025-10-31T05:38:18.716+0700] {subprocess.py:93} INFO -     "General": "NEG",
[2025-10-31T05:38:18.716+0700] {subprocess.py:93} INFO -     "Others": "NEG"
[2025-10-31T05:38:18.716+0700] {subprocess.py:93} INFO -   },
[2025-10-31T05:38:18.716+0700] {subprocess.py:93} INFO -   {
[2025-10-31T05:38:18.716+0700] {subprocess.py:93} INFO -     "ReviewText": "Lót giày rất tệ , ngoài ra thì giày form đẹp đi êm không bị đau chân",
[2025-10-31T05:38:18.716+0700] {subprocess.py:93} INFO -     "Price": "NEG",
[2025-10-31T05:38:18.717+0700] {subprocess.py:93} INFO -     "Shipping": "NEG",
[2025-10-31T05:38:18.717+0700] {subprocess.py:93} INFO -     "Outlook": "NEG",
[2025-10-31T05:38:18.717+0700] {subprocess.py:93} INFO -     "Quality": "NEG",
[2025-10-31T05:38:18.717+0700] {subprocess.py:93} INFO -     "Size": "NEG",
[2025-10-31T05:38:18.717+0700] {subprocess.py:93} INFO -     "Shop_Service": "NEG",
[2025-10-31T05:38:18.717+0700] {subprocess.py:93} INFO -     "General": "NEG",
[2025-10-31T05:38:18.717+0700] {subprocess.py:93} INFO -     "Others": "NEG"
[2025-10-31T05:38:18.718+0700] {subprocess.py:93} INFO -   },
[2025-10-31T05:38:18.718+0700] {subprocess.py:93} INFO -   {
[2025-10-31T05:38:18.718+0700] {subprocess.py:93} INFO -     "ReviewText": "giày đẹp ạ, rất ưng ý, chỉ hợ tiếc là box móp quá trời, nhưung mà hong sao ❤️",
[2025-10-31T05:38:18.718+0700] {subprocess.py:93} INFO -     "Price": "NEG",
[2025-10-31T05:38:18.718+0700] {subprocess.py:93} INFO -     "Shipping": "NEG",
[2025-10-31T05:38:18.718+0700] {subprocess.py:93} INFO -     "Outlook": "NEG",
[2025-10-31T05:38:18.718+0700] {subprocess.py:93} INFO -     "Quality": "NEG",
[2025-10-31T05:38:18.719+0700] {subprocess.py:93} INFO -     "Size": "NEG",
[2025-10-31T05:38:18.719+0700] {subprocess.py:93} INFO -     "Shop_Service": "NEG",
[2025-10-31T05:38:18.719+0700] {subprocess.py:93} INFO -     "General": "NEG",
[2025-10-31T05:38:18.719+0700] {subprocess.py:93} INFO -     "Others": "NEG"
[2025-10-31T05:38:18.719+0700] {subprocess.py:93} INFO -   },
[2025-10-31T05:38:18.719+0700] {subprocess.py:93} INFO -   {
[2025-10-31T05:38:18.720+0700] {subprocess.py:93} INFO -     "ReviewText": "Giày hơi bé so với chân mình, nhìn thì ko đẹp = trên hình lắm, nhưng lỡ mua rồi thì chấp nhận vẫn cho shop 5 sao. Khoảnh khắc tồi tệ nhất trong cuộc đời Là cầu xin nước mắt đừng rơi nữa",
[2025-10-31T05:38:18.720+0700] {subprocess.py:93} INFO -     "Price": "NEG",
[2025-10-31T05:38:18.720+0700] {subprocess.py:93} INFO -     "Shipping": "NEG",
[2025-10-31T05:38:18.720+0700] {subprocess.py:93} INFO -     "Outlook": "NEG",
[2025-10-31T05:38:18.720+0700] {subprocess.py:93} INFO -     "Quality": "NEG",
[2025-10-31T05:38:18.720+0700] {subprocess.py:93} INFO -     "Size": "NEG",
[2025-10-31T05:38:18.720+0700] {subprocess.py:93} INFO -     "Shop_Service": "NEG",
[2025-10-31T05:38:18.720+0700] {subprocess.py:93} INFO -     "General": "NEG",
[2025-10-31T05:38:18.720+0700] {subprocess.py:93} INFO -     "Others": "NEG"
[2025-10-31T05:38:18.720+0700] {subprocess.py:93} INFO -   }
[2025-10-31T05:38:18.721+0700] {subprocess.py:93} INFO - ]
[2025-10-31T05:38:24.208+0700] {subprocess.py:93} INFO - [INFO] Dùng model mới nhất: /opt/***/models/newer_models/best_absa_1/model.pt
[2025-10-31T05:38:27.869+0700] {subprocess.py:93} INFO - [INFO] Dùng model mới nhất: /opt/***/models/newer_models/best_absa_1/model.pt
[2025-10-31T05:38:29.112+0700] {subprocess.py:93} INFO - [Batch 2] ✅ Ghi PostgreSQL thành công (10 dòng).
[2025-10-31T05:38:31.146+0700] {subprocess.py:93} INFO - [INFO] Dùng model mới nhất: /opt/***/models/newer_models/best_absa_1/model.pt
[2025-10-31T05:38:34.012+0700] {subprocess.py:93} INFO - [INFO] Dùng model mới nhất: /opt/***/models/newer_models/best_absa_1/model.pt
[2025-10-31T05:38:35.431+0700] {subprocess.py:93} INFO - [Batch 2] Dữ liệu đã ghi (mẫu):
[2025-10-31T05:38:35.431+0700] {subprocess.py:93} INFO - [
[2025-10-31T05:38:35.432+0700] {subprocess.py:93} INFO -   {
[2025-10-31T05:38:35.432+0700] {subprocess.py:93} INFO -     "ReviewText": "Chất lượng sản phẩm khá ok. Giày hơi bị nhăn. Shop tư vấn rất nhiệt tình luôn và đóng gói cẩn thận nữa",
[2025-10-31T05:38:35.432+0700] {subprocess.py:93} INFO -     "Price": "NEG",
[2025-10-31T05:38:35.432+0700] {subprocess.py:93} INFO -     "Shipping": "NEG",
[2025-10-31T05:38:35.432+0700] {subprocess.py:93} INFO -     "Outlook": "NEG",
[2025-10-31T05:38:35.433+0700] {subprocess.py:93} INFO -     "Quality": "NEG",
[2025-10-31T05:38:35.433+0700] {subprocess.py:93} INFO -     "Size": "NEG",
[2025-10-31T05:38:35.433+0700] {subprocess.py:93} INFO -     "Shop_Service": "NEG",
[2025-10-31T05:38:35.433+0700] {subprocess.py:93} INFO -     "General": "NEG",
[2025-10-31T05:38:35.433+0700] {subprocess.py:93} INFO -     "Others": "NEG"
[2025-10-31T05:38:35.433+0700] {subprocess.py:93} INFO -   },
[2025-10-31T05:38:35.433+0700] {subprocess.py:93} INFO -   {
[2025-10-31T05:38:35.434+0700] {subprocess.py:93} INFO -     "ReviewText": "Giày đẹp lắm ạGiao hàng nhanh chóng shop phục vụ rất tốt sẽ ủng hộ shop thêm",
[2025-10-31T05:38:35.434+0700] {subprocess.py:93} INFO -     "Price": "NEG",
[2025-10-31T05:38:35.434+0700] {subprocess.py:93} INFO -     "Shipping": "NEG",
[2025-10-31T05:38:35.434+0700] {subprocess.py:93} INFO -     "Outlook": "NEG",
[2025-10-31T05:38:35.434+0700] {subprocess.py:93} INFO -     "Quality": "NEG",
[2025-10-31T05:38:35.434+0700] {subprocess.py:93} INFO -     "Size": "NEG",
[2025-10-31T05:38:35.434+0700] {subprocess.py:93} INFO -     "Shop_Service": "NEG",
[2025-10-31T05:38:35.434+0700] {subprocess.py:93} INFO -     "General": "NEG",
[2025-10-31T05:38:35.435+0700] {subprocess.py:93} INFO -     "Others": "NEG"
[2025-10-31T05:38:35.435+0700] {subprocess.py:93} INFO -   },
[2025-10-31T05:38:35.435+0700] {subprocess.py:93} INFO -   {
[2025-10-31T05:38:35.435+0700] {subprocess.py:93} INFO -     "ReviewText": "Lót giày rất tệ , ngoài ra thì giày form đẹp đi êm không bị đau chân",
[2025-10-31T05:38:35.435+0700] {subprocess.py:93} INFO -     "Price": "NEG",
[2025-10-31T05:38:35.435+0700] {subprocess.py:93} INFO -     "Shipping": "NEG",
[2025-10-31T05:38:35.435+0700] {subprocess.py:93} INFO -     "Outlook": "NEG",
[2025-10-31T05:38:35.435+0700] {subprocess.py:93} INFO -     "Quality": "NEG",
[2025-10-31T05:38:35.435+0700] {subprocess.py:93} INFO -     "Size": "NEG",
[2025-10-31T05:38:35.436+0700] {subprocess.py:93} INFO -     "Shop_Service": "NEG",
[2025-10-31T05:38:35.436+0700] {subprocess.py:93} INFO -     "General": "NEG",
[2025-10-31T05:38:35.436+0700] {subprocess.py:93} INFO -     "Others": "NEG"
[2025-10-31T05:38:35.436+0700] {subprocess.py:93} INFO -   }
[2025-10-31T05:38:35.436+0700] {subprocess.py:93} INFO - ]
[2025-10-31T05:38:41.134+0700] {subprocess.py:93} INFO - [INFO] Dùng model mới nhất: /opt/***/models/newer_models/best_absa_1/model.pt
[2025-10-31T05:38:44.519+0700] {subprocess.py:93} INFO - [INFO] Dùng model mới nhất: /opt/***/models/newer_models/best_absa_1/model.pt
[2025-10-31T05:38:47.998+0700] {subprocess.py:93} INFO - [INFO] Dùng model mới nhất: /opt/***/models/newer_models/best_absa_1/model.pt
[2025-10-31T05:38:50.645+0700] {subprocess.py:93} INFO - [INFO] Dùng model mới nhất: /opt/***/models/newer_models/best_absa_1/model.pt
[2025-10-31T05:38:52.102+0700] {subprocess.py:93} INFO - 
[2025-10-31T05:38:52.102+0700] {subprocess.py:93} INFO - [Batch 3] Nhận 10 dòng, hiển thị 5 dòng đầu:
[2025-10-31T05:38:52.102+0700] {subprocess.py:93} INFO - [
[2025-10-31T05:38:52.103+0700] {subprocess.py:93} INFO -   {
[2025-10-31T05:38:52.103+0700] {subprocess.py:93} INFO -     "ReviewText": "Hình ảnh mtc nhận xu thôi. Giao hàng hơi châm.  Giày đẹp . Đóng gói kỹ",
[2025-10-31T05:38:52.103+0700] {subprocess.py:93} INFO -     "Price": "NEG",
[2025-10-31T05:38:52.103+0700] {subprocess.py:93} INFO -     "Shipping": "NEG",
[2025-10-31T05:38:52.103+0700] {subprocess.py:93} INFO -     "Outlook": "NEG",
[2025-10-31T05:38:52.103+0700] {subprocess.py:93} INFO -     "Quality": "NEG",
[2025-10-31T05:38:52.103+0700] {subprocess.py:93} INFO -     "Size": "NEG",
[2025-10-31T05:38:52.103+0700] {subprocess.py:93} INFO -     "Shop_Service": "NEG",
[2025-10-31T05:38:52.103+0700] {subprocess.py:93} INFO -     "General": "NEG",
[2025-10-31T05:38:52.103+0700] {subprocess.py:93} INFO -     "Others": "NEG"
[2025-10-31T05:38:52.103+0700] {subprocess.py:93} INFO -   },
[2025-10-31T05:38:52.104+0700] {subprocess.py:93} INFO -   {
[2025-10-31T05:38:52.104+0700] {subprocess.py:93} INFO -     "ReviewText": "10 ĐIỂM NHÁ, giày đóng gói giá ok lun cái hộp gì mà bự chà bá, mang thấy nhẹ nữa 🥰🥰",
[2025-10-31T05:38:52.104+0700] {subprocess.py:93} INFO -     "Price": "NEG",
[2025-10-31T05:38:52.104+0700] {subprocess.py:93} INFO -     "Shipping": "NEG",
[2025-10-31T05:38:52.104+0700] {subprocess.py:93} INFO -     "Outlook": "NEG",
[2025-10-31T05:38:52.104+0700] {subprocess.py:93} INFO -     "Quality": "NEG",
[2025-10-31T05:38:52.104+0700] {subprocess.py:93} INFO -     "Size": "NEG",
[2025-10-31T05:38:52.104+0700] {subprocess.py:93} INFO -     "Shop_Service": "NEG",
[2025-10-31T05:38:52.104+0700] {subprocess.py:93} INFO -     "General": "NEG",
[2025-10-31T05:38:52.104+0700] {subprocess.py:93} INFO -     "Others": "NEG"
[2025-10-31T05:38:52.104+0700] {subprocess.py:93} INFO -   },
[2025-10-31T05:38:52.105+0700] {subprocess.py:93} INFO -   {
[2025-10-31T05:38:52.105+0700] {subprocess.py:93} INFO -     "ReviewText": "Với giá thành này sp cũng đc cho là ổn",
[2025-10-31T05:38:52.105+0700] {subprocess.py:93} INFO -     "Price": "NEG",
[2025-10-31T05:38:52.105+0700] {subprocess.py:93} INFO -     "Shipping": "NEG",
[2025-10-31T05:38:52.105+0700] {subprocess.py:93} INFO -     "Outlook": "NEG",
[2025-10-31T05:38:52.105+0700] {subprocess.py:93} INFO -     "Quality": "NEG",
[2025-10-31T05:38:52.105+0700] {subprocess.py:93} INFO -     "Size": "NEG",
[2025-10-31T05:38:52.106+0700] {subprocess.py:93} INFO -     "Shop_Service": "NEG",
[2025-10-31T05:38:52.106+0700] {subprocess.py:93} INFO -     "General": "NEG",
[2025-10-31T05:38:52.106+0700] {subprocess.py:93} INFO -     "Others": "NEG"
[2025-10-31T05:38:52.106+0700] {subprocess.py:93} INFO -   },
[2025-10-31T05:38:52.106+0700] {subprocess.py:93} INFO -   {
[2025-10-31T05:38:52.106+0700] {subprocess.py:93} INFO -     "ReviewText": "Tuyệttttttttttttttttttttttttttttttt",
[2025-10-31T05:38:52.106+0700] {subprocess.py:93} INFO -     "Price": "NEG",
[2025-10-31T05:38:52.106+0700] {subprocess.py:93} INFO -     "Shipping": "NEG",
[2025-10-31T05:38:52.107+0700] {subprocess.py:93} INFO -     "Outlook": "NEG",
[2025-10-31T05:38:52.107+0700] {subprocess.py:93} INFO -     "Quality": "NEG",
[2025-10-31T05:38:52.107+0700] {subprocess.py:93} INFO -     "Size": "NEG",
[2025-10-31T05:38:52.107+0700] {subprocess.py:93} INFO -     "Shop_Service": "NEG",
[2025-10-31T05:38:52.107+0700] {subprocess.py:93} INFO -     "General": "NEG",
[2025-10-31T05:38:52.107+0700] {subprocess.py:93} INFO -     "Others": "NEG"
[2025-10-31T05:38:52.107+0700] {subprocess.py:93} INFO -   },
[2025-10-31T05:38:52.107+0700] {subprocess.py:93} INFO -   {
[2025-10-31T05:38:52.107+0700] {subprocess.py:93} INFO -     "ReviewText": "Đẹp, ổn, giá học sinh. Niceeeeeeeeeeeeeeeeeeeeeeeeeeeeeeeeeeeeeee",
[2025-10-31T05:38:52.107+0700] {subprocess.py:93} INFO -     "Price": "NEG",
[2025-10-31T05:38:52.108+0700] {subprocess.py:93} INFO -     "Shipping": "NEG",
[2025-10-31T05:38:52.108+0700] {subprocess.py:93} INFO -     "Outlook": "NEG",
[2025-10-31T05:38:52.108+0700] {subprocess.py:93} INFO -     "Quality": "NEG",
[2025-10-31T05:38:52.108+0700] {subprocess.py:93} INFO -     "Size": "NEG",
[2025-10-31T05:38:52.108+0700] {subprocess.py:93} INFO -     "Shop_Service": "NEG",
[2025-10-31T05:38:52.108+0700] {subprocess.py:93} INFO -     "General": "NEG",
[2025-10-31T05:38:52.108+0700] {subprocess.py:93} INFO -     "Others": "NEG"
[2025-10-31T05:38:52.108+0700] {subprocess.py:93} INFO -   }
[2025-10-31T05:38:52.108+0700] {subprocess.py:93} INFO - ]
[2025-10-31T05:38:57.851+0700] {subprocess.py:93} INFO - [INFO] Dùng model mới nhất: /opt/***/models/newer_models/best_absa_1/model.pt
[2025-10-31T05:39:01.185+0700] {subprocess.py:93} INFO - [INFO] Dùng model mới nhất: /opt/***/models/newer_models/best_absa_1/model.pt
[2025-10-31T05:39:02.441+0700] {subprocess.py:93} INFO - [Batch 3] ✅ Ghi PostgreSQL thành công (10 dòng).
[2025-10-31T05:39:04.531+0700] {subprocess.py:93} INFO - [INFO] Dùng model mới nhất: /opt/***/models/newer_models/best_absa_1/model.pt
[2025-10-31T05:39:07.371+0700] {subprocess.py:93} INFO - [INFO] Dùng model mới nhất: /opt/***/models/newer_models/best_absa_1/model.pt
[2025-10-31T05:39:08.595+0700] {subprocess.py:93} INFO - [Batch 3] Dữ liệu đã ghi (mẫu):
[2025-10-31T05:39:08.596+0700] {subprocess.py:93} INFO - [
[2025-10-31T05:39:08.596+0700] {subprocess.py:93} INFO -   {
[2025-10-31T05:39:08.596+0700] {subprocess.py:93} INFO -     "ReviewText": "Hình ảnh mtc nhận xu thôi. Giao hàng hơi châm.  Giày đẹp . Đóng gói kỹ",
[2025-10-31T05:39:08.596+0700] {subprocess.py:93} INFO -     "Price": "NEG",
[2025-10-31T05:39:08.596+0700] {subprocess.py:93} INFO -     "Shipping": "NEG",
[2025-10-31T05:39:08.596+0700] {subprocess.py:93} INFO -     "Outlook": "NEG",
[2025-10-31T05:39:08.596+0700] {subprocess.py:93} INFO -     "Quality": "NEG",
[2025-10-31T05:39:08.597+0700] {subprocess.py:93} INFO -     "Size": "NEG",
[2025-10-31T05:39:08.597+0700] {subprocess.py:93} INFO -     "Shop_Service": "NEG",
[2025-10-31T05:39:08.597+0700] {subprocess.py:93} INFO -     "General": "NEG",
[2025-10-31T05:39:08.597+0700] {subprocess.py:93} INFO -     "Others": "NEG"
[2025-10-31T05:39:08.597+0700] {subprocess.py:93} INFO -   },
[2025-10-31T05:39:08.597+0700] {subprocess.py:93} INFO -   {
[2025-10-31T05:39:08.597+0700] {subprocess.py:93} INFO -     "ReviewText": "10 ĐIỂM NHÁ, giày đóng gói giá ok lun cái hộp gì mà bự chà bá, mang thấy nhẹ nữa 🥰🥰",
[2025-10-31T05:39:08.597+0700] {subprocess.py:93} INFO -     "Price": "NEG",
[2025-10-31T05:39:08.597+0700] {subprocess.py:93} INFO -     "Shipping": "NEG",
[2025-10-31T05:39:08.598+0700] {subprocess.py:93} INFO -     "Outlook": "NEG",
[2025-10-31T05:39:08.598+0700] {subprocess.py:93} INFO -     "Quality": "NEG",
[2025-10-31T05:39:08.598+0700] {subprocess.py:93} INFO -     "Size": "NEG",
[2025-10-31T05:39:08.598+0700] {subprocess.py:93} INFO -     "Shop_Service": "NEG",
[2025-10-31T05:39:08.598+0700] {subprocess.py:93} INFO -     "General": "NEG",
[2025-10-31T05:39:08.598+0700] {subprocess.py:93} INFO -     "Others": "NEG"
[2025-10-31T05:39:08.598+0700] {subprocess.py:93} INFO -   },
[2025-10-31T05:39:08.598+0700] {subprocess.py:93} INFO -   {
[2025-10-31T05:39:08.598+0700] {subprocess.py:93} INFO -     "ReviewText": "Với giá thành này sp cũng đc cho là ổn",
[2025-10-31T05:39:08.598+0700] {subprocess.py:93} INFO -     "Price": "NEG",
[2025-10-31T05:39:08.598+0700] {subprocess.py:93} INFO -     "Shipping": "NEG",
[2025-10-31T05:39:08.599+0700] {subprocess.py:93} INFO -     "Outlook": "NEG",
[2025-10-31T05:39:08.599+0700] {subprocess.py:93} INFO -     "Quality": "NEG",
[2025-10-31T05:39:08.599+0700] {subprocess.py:93} INFO -     "Size": "NEG",
[2025-10-31T05:39:08.599+0700] {subprocess.py:93} INFO -     "Shop_Service": "NEG",
[2025-10-31T05:39:08.599+0700] {subprocess.py:93} INFO -     "General": "NEG",
[2025-10-31T05:39:08.599+0700] {subprocess.py:93} INFO -     "Others": "NEG"
[2025-10-31T05:39:08.599+0700] {subprocess.py:93} INFO -   }
[2025-10-31T05:39:08.599+0700] {subprocess.py:93} INFO - ]
[2025-10-31T05:39:13.821+0700] {subprocess.py:93} INFO - [INFO] Dùng model mới nhất: /opt/***/models/newer_models/best_absa_1/model.pt
[2025-10-31T05:39:17.336+0700] {subprocess.py:93} INFO - [INFO] Dùng model mới nhất: /opt/***/models/newer_models/best_absa_1/model.pt
[2025-10-31T05:39:20.366+0700] {subprocess.py:93} INFO - [INFO] Dùng model mới nhất: /opt/***/models/newer_models/best_absa_1/model.pt
[2025-10-31T05:39:23.123+0700] {subprocess.py:93} INFO - [INFO] Dùng model mới nhất: /opt/***/models/newer_models/best_absa_1/model.pt
[2025-10-31T05:39:24.438+0700] {subprocess.py:93} INFO - 
[2025-10-31T05:39:24.438+0700] {subprocess.py:93} INFO - [Batch 4] Nhận 10 dòng, hiển thị 5 dòng đầu:
[2025-10-31T05:39:24.439+0700] {subprocess.py:93} INFO - [
[2025-10-31T05:39:24.439+0700] {subprocess.py:93} INFO -   {
[2025-10-31T05:39:24.439+0700] {subprocess.py:93} INFO -     "ReviewText": "Giao hàng nhanh sản phẩm tốt shiper nhiệt tình Hình ảnh chỉ mang tính chất nhận xu",
[2025-10-31T05:39:24.439+0700] {subprocess.py:93} INFO -     "Price": "NEG",
[2025-10-31T05:39:24.439+0700] {subprocess.py:93} INFO -     "Shipping": "NEG",
[2025-10-31T05:39:24.440+0700] {subprocess.py:93} INFO -     "Outlook": "NEG",
[2025-10-31T05:39:24.440+0700] {subprocess.py:93} INFO -     "Quality": "NEG",
[2025-10-31T05:39:24.440+0700] {subprocess.py:93} INFO -     "Size": "NEG",
[2025-10-31T05:39:24.440+0700] {subprocess.py:93} INFO -     "Shop_Service": "NEG",
[2025-10-31T05:39:24.440+0700] {subprocess.py:93} INFO -     "General": "NEG",
[2025-10-31T05:39:24.441+0700] {subprocess.py:93} INFO -     "Others": "NEG"
[2025-10-31T05:39:24.441+0700] {subprocess.py:93} INFO -   },
[2025-10-31T05:39:24.441+0700] {subprocess.py:93} INFO -   {
[2025-10-31T05:39:24.441+0700] {subprocess.py:93} INFO -     "ReviewText": "Giao hàng nhanh,giày đẹp nhưng nếu như dày thêm tí nữa sẽ êm chân hơn",
[2025-10-31T05:39:24.441+0700] {subprocess.py:93} INFO -     "Price": "NEG",
[2025-10-31T05:39:24.441+0700] {subprocess.py:93} INFO -     "Shipping": "NEG",
[2025-10-31T05:39:24.442+0700] {subprocess.py:93} INFO -     "Outlook": "NEG",
[2025-10-31T05:39:24.442+0700] {subprocess.py:93} INFO -     "Quality": "NEG",
[2025-10-31T05:39:24.442+0700] {subprocess.py:93} INFO -     "Size": "NEG",
[2025-10-31T05:39:24.442+0700] {subprocess.py:93} INFO -     "Shop_Service": "NEG",
[2025-10-31T05:39:24.442+0700] {subprocess.py:93} INFO -     "General": "NEG",
[2025-10-31T05:39:24.443+0700] {subprocess.py:93} INFO -     "Others": "NEG"
[2025-10-31T05:39:24.443+0700] {subprocess.py:93} INFO -   },
[2025-10-31T05:39:24.443+0700] {subprocess.py:93} INFO -   {
[2025-10-31T05:39:24.443+0700] {subprocess.py:93} INFO -     "ReviewText": "Chất lượng sản phẩm tuyệt vời. Đóng gói sản phẩm rất đẹp và chắc chắn",
[2025-10-31T05:39:24.443+0700] {subprocess.py:93} INFO -     "Price": "NEG",
[2025-10-31T05:39:24.443+0700] {subprocess.py:93} INFO -     "Shipping": "NEG",
[2025-10-31T05:39:24.444+0700] {subprocess.py:93} INFO -     "Outlook": "NEG",
[2025-10-31T05:39:24.444+0700] {subprocess.py:93} INFO -     "Quality": "NEG",
[2025-10-31T05:39:24.444+0700] {subprocess.py:93} INFO -     "Size": "NEG",
[2025-10-31T05:39:24.444+0700] {subprocess.py:93} INFO -     "Shop_Service": "NEG",
[2025-10-31T05:39:24.444+0700] {subprocess.py:93} INFO -     "General": "NEG",
[2025-10-31T05:39:24.445+0700] {subprocess.py:93} INFO -     "Others": "NEG"
[2025-10-31T05:39:24.445+0700] {subprocess.py:93} INFO -   },
[2025-10-31T05:39:24.445+0700] {subprocess.py:93} INFO -   {
[2025-10-31T05:39:24.445+0700] {subprocess.py:93} INFO -     "ReviewText": "Hàng chất lượng đẹp giao nhanh, đc tặng kèm luôn 1 đôi tất. Rất ưng luôn nha, mn ủng hộ shop nhé",
[2025-10-31T05:39:24.445+0700] {subprocess.py:93} INFO -     "Price": "NEG",
[2025-10-31T05:39:24.445+0700] {subprocess.py:93} INFO -     "Shipping": "NEG",
[2025-10-31T05:39:24.446+0700] {subprocess.py:93} INFO -     "Outlook": "NEG",
[2025-10-31T05:39:24.446+0700] {subprocess.py:93} INFO -     "Quality": "NEG",
[2025-10-31T05:39:24.446+0700] {subprocess.py:93} INFO -     "Size": "NEG",
[2025-10-31T05:39:24.446+0700] {subprocess.py:93} INFO -     "Shop_Service": "NEG",
[2025-10-31T05:39:24.446+0700] {subprocess.py:93} INFO -     "General": "NEG",
[2025-10-31T05:39:24.446+0700] {subprocess.py:93} INFO -     "Others": "NEG"
[2025-10-31T05:39:24.447+0700] {subprocess.py:93} INFO -   },
[2025-10-31T05:39:24.447+0700] {subprocess.py:93} INFO -   {
[2025-10-31T05:39:24.447+0700] {subprocess.py:93} INFO -     "ReviewText": "Giày đẹp quá shop ơi lúc mua ko nghĩ là sản phẩm tốt đến vậy sẽ ủng hộ shop nữa",
[2025-10-31T05:39:24.447+0700] {subprocess.py:93} INFO -     "Price": "NEG",
[2025-10-31T05:39:24.447+0700] {subprocess.py:93} INFO -     "Shipping": "NEG",
[2025-10-31T05:39:24.447+0700] {subprocess.py:93} INFO -     "Outlook": "NEG",
[2025-10-31T05:39:24.448+0700] {subprocess.py:93} INFO -     "Quality": "NEG",
[2025-10-31T05:39:24.448+0700] {subprocess.py:93} INFO -     "Size": "NEG",
[2025-10-31T05:39:24.448+0700] {subprocess.py:93} INFO -     "Shop_Service": "NEG",
[2025-10-31T05:39:24.448+0700] {subprocess.py:93} INFO -     "General": "NEG",
[2025-10-31T05:39:24.448+0700] {subprocess.py:93} INFO -     "Others": "NEG"
[2025-10-31T05:39:24.448+0700] {subprocess.py:93} INFO -   }
[2025-10-31T05:39:24.449+0700] {subprocess.py:93} INFO - ]
[2025-10-31T05:39:29.627+0700] {subprocess.py:93} INFO - [INFO] Dùng model mới nhất: /opt/***/models/newer_models/best_absa_1/model.pt
[2025-10-31T05:39:32.844+0700] {subprocess.py:93} INFO - [INFO] Dùng model mới nhất: /opt/***/models/newer_models/best_absa_1/model.pt
[2025-10-31T05:39:33.839+0700] {subprocess.py:93} INFO - [Batch 4] ✅ Ghi PostgreSQL thành công (10 dòng).
[2025-10-31T05:39:35.860+0700] {subprocess.py:93} INFO - [INFO] Dùng model mới nhất: /opt/***/models/newer_models/best_absa_1/model.pt
[2025-10-31T05:39:38.704+0700] {subprocess.py:93} INFO - [INFO] Dùng model mới nhất: /opt/***/models/newer_models/best_absa_1/model.pt
[2025-10-31T05:39:40.030+0700] {subprocess.py:93} INFO - [Batch 4] Dữ liệu đã ghi (mẫu):
[2025-10-31T05:39:40.031+0700] {subprocess.py:93} INFO - [
[2025-10-31T05:39:40.031+0700] {subprocess.py:93} INFO -   {
[2025-10-31T05:39:40.032+0700] {subprocess.py:93} INFO -     "ReviewText": "Giao hàng nhanh sản phẩm tốt shiper nhiệt tình Hình ảnh chỉ mang tính chất nhận xu",
[2025-10-31T05:39:40.032+0700] {subprocess.py:93} INFO -     "Price": "NEG",
[2025-10-31T05:39:40.032+0700] {subprocess.py:93} INFO -     "Shipping": "NEG",
[2025-10-31T05:39:40.032+0700] {subprocess.py:93} INFO -     "Outlook": "NEG",
[2025-10-31T05:39:40.032+0700] {subprocess.py:93} INFO -     "Quality": "NEG",
[2025-10-31T05:39:40.032+0700] {subprocess.py:93} INFO -     "Size": "NEG",
[2025-10-31T05:39:40.033+0700] {subprocess.py:93} INFO -     "Shop_Service": "NEG",
[2025-10-31T05:39:40.033+0700] {subprocess.py:93} INFO -     "General": "NEG",
[2025-10-31T05:39:40.033+0700] {subprocess.py:93} INFO -     "Others": "NEG"
[2025-10-31T05:39:40.033+0700] {subprocess.py:93} INFO -   },
[2025-10-31T05:39:40.033+0700] {subprocess.py:93} INFO -   {
[2025-10-31T05:39:40.034+0700] {subprocess.py:93} INFO -     "ReviewText": "Giao hàng nhanh,giày đẹp nhưng nếu như dày thêm tí nữa sẽ êm chân hơn",
[2025-10-31T05:39:40.034+0700] {subprocess.py:93} INFO -     "Price": "NEG",
[2025-10-31T05:39:40.034+0700] {subprocess.py:93} INFO -     "Shipping": "NEG",
[2025-10-31T05:39:40.034+0700] {subprocess.py:93} INFO -     "Outlook": "NEG",
[2025-10-31T05:39:40.034+0700] {subprocess.py:93} INFO -     "Quality": "NEG",
[2025-10-31T05:39:40.034+0700] {subprocess.py:93} INFO -     "Size": "NEG",
[2025-10-31T05:39:40.035+0700] {subprocess.py:93} INFO -     "Shop_Service": "NEG",
[2025-10-31T05:39:40.035+0700] {subprocess.py:93} INFO -     "General": "NEG",
[2025-10-31T05:39:40.035+0700] {subprocess.py:93} INFO -     "Others": "NEG"
[2025-10-31T05:39:40.035+0700] {subprocess.py:93} INFO -   },
[2025-10-31T05:39:40.035+0700] {subprocess.py:93} INFO -   {
[2025-10-31T05:39:40.035+0700] {subprocess.py:93} INFO -     "ReviewText": "Chất lượng sản phẩm tuyệt vời. Đóng gói sản phẩm rất đẹp và chắc chắn",
[2025-10-31T05:39:40.036+0700] {subprocess.py:93} INFO -     "Price": "NEG",
[2025-10-31T05:39:40.036+0700] {subprocess.py:93} INFO -     "Shipping": "NEG",
[2025-10-31T05:39:40.036+0700] {subprocess.py:93} INFO -     "Outlook": "NEG",
[2025-10-31T05:39:40.036+0700] {subprocess.py:93} INFO -     "Quality": "NEG",
[2025-10-31T05:39:40.036+0700] {subprocess.py:93} INFO -     "Size": "NEG",
[2025-10-31T05:39:40.036+0700] {subprocess.py:93} INFO -     "Shop_Service": "NEG",
[2025-10-31T05:39:40.036+0700] {subprocess.py:93} INFO -     "General": "NEG",
[2025-10-31T05:39:40.036+0700] {subprocess.py:93} INFO -     "Others": "NEG"
[2025-10-31T05:39:40.036+0700] {subprocess.py:93} INFO -   }
[2025-10-31T05:39:40.036+0700] {subprocess.py:93} INFO - ]
[2025-10-31T05:39:46.242+0700] {subprocess.py:93} INFO - [INFO] Dùng model mới nhất: /opt/***/models/newer_models/best_absa_1/model.pt
[2025-10-31T05:39:49.586+0700] {subprocess.py:93} INFO - [INFO] Dùng model mới nhất: /opt/***/models/newer_models/best_absa_1/model.pt
[2025-10-31T05:39:52.498+0700] {subprocess.py:93} INFO - [INFO] Dùng model mới nhất: /opt/***/models/newer_models/best_absa_1/model.pt
[2025-10-31T05:39:55.181+0700] {subprocess.py:93} INFO - [INFO] Dùng model mới nhất: /opt/***/models/newer_models/best_absa_1/model.pt
[2025-10-31T05:39:56.390+0700] {subprocess.py:93} INFO - 
[2025-10-31T05:39:56.390+0700] {subprocess.py:93} INFO - [Batch 5] Nhận 10 dòng, hiển thị 5 dòng đầu:
[2025-10-31T05:39:56.391+0700] {subprocess.py:93} INFO - [
[2025-10-31T05:39:56.391+0700] {subprocess.py:93} INFO -   {
[2025-10-31T05:39:56.391+0700] {subprocess.py:93} INFO -     "ReviewText": "Sản Phẩm giá tốt chất lượng và ok phù hợp với giá tiền nên mua ok",
[2025-10-31T05:39:56.391+0700] {subprocess.py:93} INFO -     "Price": "NEG",
[2025-10-31T05:39:56.391+0700] {subprocess.py:93} INFO -     "Shipping": "NEG",
[2025-10-31T05:39:56.391+0700] {subprocess.py:93} INFO -     "Outlook": "NEG",
[2025-10-31T05:39:56.391+0700] {subprocess.py:93} INFO -     "Quality": "NEG",
[2025-10-31T05:39:56.391+0700] {subprocess.py:93} INFO -     "Size": "NEG",
[2025-10-31T05:39:56.391+0700] {subprocess.py:93} INFO -     "Shop_Service": "NEG",
[2025-10-31T05:39:56.392+0700] {subprocess.py:93} INFO -     "General": "NEG",
[2025-10-31T05:39:56.392+0700] {subprocess.py:93} INFO -     "Others": "NEG"
[2025-10-31T05:39:56.392+0700] {subprocess.py:93} INFO -   },
[2025-10-31T05:39:56.392+0700] {subprocess.py:93} INFO -   {
[2025-10-31T05:39:56.392+0700] {subprocess.py:93} INFO -     "ReviewText": "Giày cực đẹp nha Lên from khỏi chê Shop gói hàng cẩn thận phải khui 7749 lớp",
[2025-10-31T05:39:56.392+0700] {subprocess.py:93} INFO -     "Price": "NEG",
[2025-10-31T05:39:56.392+0700] {subprocess.py:93} INFO -     "Shipping": "NEG",
[2025-10-31T05:39:56.392+0700] {subprocess.py:93} INFO -     "Outlook": "NEG",
[2025-10-31T05:39:56.393+0700] {subprocess.py:93} INFO -     "Quality": "NEG",
[2025-10-31T05:39:56.393+0700] {subprocess.py:93} INFO -     "Size": "NEG",
[2025-10-31T05:39:56.393+0700] {subprocess.py:93} INFO -     "Shop_Service": "NEG",
[2025-10-31T05:39:56.393+0700] {subprocess.py:93} INFO -     "General": "NEG",
[2025-10-31T05:39:56.393+0700] {subprocess.py:93} INFO -     "Others": "NEG"
[2025-10-31T05:39:56.393+0700] {subprocess.py:93} INFO -   },
[2025-10-31T05:39:56.393+0700] {subprocess.py:93} INFO -   {
[2025-10-31T05:39:56.393+0700] {subprocess.py:93} INFO -     "ReviewText": "Giao hàng hơi lâu, đóng gói hơi sơ sài, giày lên from cũng ổn , có vài lỗi nhỏ nhưng với giá này thì cũng ok",
[2025-10-31T05:39:56.393+0700] {subprocess.py:93} INFO -     "Price": "NEG",
[2025-10-31T05:39:56.393+0700] {subprocess.py:93} INFO -     "Shipping": "NEG",
[2025-10-31T05:39:56.394+0700] {subprocess.py:93} INFO -     "Outlook": "NEG",
[2025-10-31T05:39:56.394+0700] {subprocess.py:93} INFO -     "Quality": "NEG",
[2025-10-31T05:39:56.394+0700] {subprocess.py:93} INFO -     "Size": "NEG",
[2025-10-31T05:39:56.394+0700] {subprocess.py:93} INFO -     "Shop_Service": "NEG",
[2025-10-31T05:39:56.394+0700] {subprocess.py:93} INFO -     "General": "NEG",
[2025-10-31T05:39:56.394+0700] {subprocess.py:93} INFO -     "Others": "NEG"
[2025-10-31T05:39:56.394+0700] {subprocess.py:93} INFO -   },
[2025-10-31T05:39:56.394+0700] {subprocess.py:93} INFO -   {
[2025-10-31T05:39:56.394+0700] {subprocess.py:93} INFO -     "ReviewText": "Giày đẹp nha cả nhà, đóng gói chắc chắn, giao hàng siêu tốc heng",
[2025-10-31T05:39:56.395+0700] {subprocess.py:93} INFO -     "Price": "NEG",
[2025-10-31T05:39:56.395+0700] {subprocess.py:93} INFO -     "Shipping": "NEG",
[2025-10-31T05:39:56.395+0700] {subprocess.py:93} INFO -     "Outlook": "NEG",
[2025-10-31T05:39:56.395+0700] {subprocess.py:93} INFO -     "Quality": "NEG",
[2025-10-31T05:39:56.395+0700] {subprocess.py:93} INFO -     "Size": "NEG",
[2025-10-31T05:39:56.395+0700] {subprocess.py:93} INFO -     "Shop_Service": "NEG",
[2025-10-31T05:39:56.395+0700] {subprocess.py:93} INFO -     "General": "NEG",
[2025-10-31T05:39:56.395+0700] {subprocess.py:93} INFO -     "Others": "NEG"
[2025-10-31T05:39:56.395+0700] {subprocess.py:93} INFO -   },
[2025-10-31T05:39:56.395+0700] {subprocess.py:93} INFO -   {
[2025-10-31T05:39:56.396+0700] {subprocess.py:93} INFO -     "ReviewText": "CL cha nó đi học thì cũng phải biết cách làm ăn của người ta mà còn phải đi",
[2025-10-31T05:39:56.396+0700] {subprocess.py:93} INFO -     "Price": "NEG",
[2025-10-31T05:39:56.396+0700] {subprocess.py:93} INFO -     "Shipping": "NEG",
[2025-10-31T05:39:56.396+0700] {subprocess.py:93} INFO -     "Outlook": "NEG",
[2025-10-31T05:39:56.396+0700] {subprocess.py:93} INFO -     "Quality": "NEG",
[2025-10-31T05:39:56.396+0700] {subprocess.py:93} INFO -     "Size": "NEG",
[2025-10-31T05:39:56.396+0700] {subprocess.py:93} INFO -     "Shop_Service": "NEG",
[2025-10-31T05:39:56.396+0700] {subprocess.py:93} INFO -     "General": "NEG",
[2025-10-31T05:39:56.396+0700] {subprocess.py:93} INFO -     "Others": "NEG"
[2025-10-31T05:39:56.397+0700] {subprocess.py:93} INFO -   }
[2025-10-31T05:39:56.397+0700] {subprocess.py:93} INFO - ]
[2025-10-31T05:39:56.397+0700] {subprocess.py:93} INFO - [Batch 5] 💥 Giả lập sự cố: crash mô phỏng.
[2025-10-31T05:39:56.397+0700] {subprocess.py:93} INFO - 25/10/31 05:39:56 ERROR MicroBatchExecution: Query [id = 172a2c89-99b0-4230-b364-65fcba75fcd0, runId = e5a23649-8201-4634-ac25-267644fa851f] terminated with error
[2025-10-31T05:39:56.397+0700] {subprocess.py:93} INFO - py4j.Py4JException: An exception was raised by the Python Proxy. Return Message: Traceback (most recent call last):
[2025-10-31T05:39:56.397+0700] {subprocess.py:93} INFO -   File "/home/***/.local/lib/python3.12/site-packages/pyspark/python/lib/py4j-0.10.9.7-src.zip/py4j/clientserver.py", line 617, in _call_proxy
[2025-10-31T05:39:56.397+0700] {subprocess.py:93} INFO -     return_value = getattr(self.pool[obj_id], method)(*params)
[2025-10-31T05:39:56.397+0700] {subprocess.py:93} INFO -                    ^^^^^^^^^^^^^^^^^^^^^^^^^^^^^^^^^^^^^^^^^^^
[2025-10-31T05:39:56.398+0700] {subprocess.py:93} INFO -   File "/home/***/.local/lib/python3.12/site-packages/pyspark/python/lib/pyspark.zip/pyspark/sql/utils.py", line 120, in call
[2025-10-31T05:39:56.398+0700] {subprocess.py:93} INFO -     raise e
[2025-10-31T05:39:56.398+0700] {subprocess.py:93} INFO -   File "/home/***/.local/lib/python3.12/site-packages/pyspark/python/lib/pyspark.zip/pyspark/sql/utils.py", line 117, in call
[2025-10-31T05:39:56.398+0700] {subprocess.py:93} INFO -     self.func(DataFrame(jdf, wrapped_session_jdf), batch_id)
[2025-10-31T05:39:56.398+0700] {subprocess.py:93} INFO -   File "/opt/***/projects/absa_streaming/scripts/consumer_postgres_streaming.py", line 154, in write_to_postgres
[2025-10-31T05:39:56.398+0700] {subprocess.py:93} INFO -     raise Exception(f"Simulated crash at batch {batch_id}")
[2025-10-31T05:39:56.398+0700] {subprocess.py:93} INFO - Exception: Simulated crash at batch 5
[2025-10-31T05:39:56.398+0700] {subprocess.py:93} INFO - 
[2025-10-31T05:39:56.398+0700] {subprocess.py:93} INFO - 	at py4j.Protocol.getReturnValue(Protocol.java:476)
[2025-10-31T05:39:56.399+0700] {subprocess.py:93} INFO - 	at py4j.reflection.PythonProxyHandler.invoke(PythonProxyHandler.java:108)
[2025-10-31T05:39:56.399+0700] {subprocess.py:93} INFO - 	at jdk.proxy3/jdk.proxy3.$Proxy32.call(Unknown Source)
[2025-10-31T05:39:56.399+0700] {subprocess.py:93} INFO - 	at org.apache.spark.sql.execution.streaming.sources.PythonForeachBatchHelper$.$anonfun$callForeachBatch$1(ForeachBatchSink.scala:53)
[2025-10-31T05:39:56.399+0700] {subprocess.py:93} INFO - 	at org.apache.spark.sql.execution.streaming.sources.PythonForeachBatchHelper$.$anonfun$callForeachBatch$1$adapted(ForeachBatchSink.scala:53)
[2025-10-31T05:39:56.399+0700] {subprocess.py:93} INFO - 	at org.apache.spark.sql.execution.streaming.sources.ForeachBatchSink.addBatch(ForeachBatchSink.scala:34)
[2025-10-31T05:39:56.399+0700] {subprocess.py:93} INFO - 	at org.apache.spark.sql.execution.streaming.MicroBatchExecution.$anonfun$runBatch$17(MicroBatchExecution.scala:732)
[2025-10-31T05:39:56.399+0700] {subprocess.py:93} INFO - 	at org.apache.spark.sql.execution.SQLExecution$.$anonfun$withNewExecutionId$6(SQLExecution.scala:125)
[2025-10-31T05:39:56.399+0700] {subprocess.py:93} INFO - 	at org.apache.spark.sql.execution.SQLExecution$.withSQLConfPropagated(SQLExecution.scala:201)
[2025-10-31T05:39:56.399+0700] {subprocess.py:93} INFO - 	at org.apache.spark.sql.execution.SQLExecution$.$anonfun$withNewExecutionId$1(SQLExecution.scala:108)
[2025-10-31T05:39:56.400+0700] {subprocess.py:93} INFO - 	at org.apache.spark.sql.SparkSession.withActive(SparkSession.scala:900)
[2025-10-31T05:39:56.400+0700] {subprocess.py:93} INFO - 	at org.apache.spark.sql.execution.SQLExecution$.withNewExecutionId(SQLExecution.scala:66)
[2025-10-31T05:39:56.400+0700] {subprocess.py:93} INFO - 	at org.apache.spark.sql.execution.streaming.MicroBatchExecution.$anonfun$runBatch$16(MicroBatchExecution.scala:729)
[2025-10-31T05:39:56.400+0700] {subprocess.py:93} INFO - 	at org.apache.spark.sql.execution.streaming.ProgressReporter.reportTimeTaken(ProgressReporter.scala:427)
[2025-10-31T05:39:56.400+0700] {subprocess.py:93} INFO - 	at org.apache.spark.sql.execution.streaming.ProgressReporter.reportTimeTaken$(ProgressReporter.scala:425)
[2025-10-31T05:39:56.400+0700] {subprocess.py:93} INFO - 	at org.apache.spark.sql.execution.streaming.StreamExecution.reportTimeTaken(StreamExecution.scala:67)
[2025-10-31T05:39:56.400+0700] {subprocess.py:93} INFO - 	at org.apache.spark.sql.execution.streaming.MicroBatchExecution.runBatch(MicroBatchExecution.scala:729)
[2025-10-31T05:39:56.400+0700] {subprocess.py:93} INFO - 	at org.apache.spark.sql.execution.streaming.MicroBatchExecution.$anonfun$runActivatedStream$2(MicroBatchExecution.scala:286)
[2025-10-31T05:39:56.400+0700] {subprocess.py:93} INFO - 	at scala.runtime.java8.JFunction0$mcV$sp.apply(JFunction0$mcV$sp.java:23)
[2025-10-31T05:39:56.400+0700] {subprocess.py:93} INFO - 	at org.apache.spark.sql.execution.streaming.ProgressReporter.reportTimeTaken(ProgressReporter.scala:427)
[2025-10-31T05:39:56.401+0700] {subprocess.py:93} INFO - 	at org.apache.spark.sql.execution.streaming.ProgressReporter.reportTimeTaken$(ProgressReporter.scala:425)
[2025-10-31T05:39:56.401+0700] {subprocess.py:93} INFO - 	at org.apache.spark.sql.execution.streaming.StreamExecution.reportTimeTaken(StreamExecution.scala:67)
[2025-10-31T05:39:56.401+0700] {subprocess.py:93} INFO - 	at org.apache.spark.sql.execution.streaming.MicroBatchExecution.$anonfun$runActivatedStream$1(MicroBatchExecution.scala:249)
[2025-10-31T05:39:56.401+0700] {subprocess.py:93} INFO - 	at org.apache.spark.sql.execution.streaming.ProcessingTimeExecutor.execute(TriggerExecutor.scala:67)
[2025-10-31T05:39:56.401+0700] {subprocess.py:93} INFO - 	at org.apache.spark.sql.execution.streaming.MicroBatchExecution.runActivatedStream(MicroBatchExecution.scala:239)
[2025-10-31T05:39:56.402+0700] {subprocess.py:93} INFO - 	at org.apache.spark.sql.execution.streaming.StreamExecution.$anonfun$runStream$1(StreamExecution.scala:311)
[2025-10-31T05:39:56.402+0700] {subprocess.py:93} INFO - 	at scala.runtime.java8.JFunction0$mcV$sp.apply(JFunction0$mcV$sp.java:23)
[2025-10-31T05:39:56.403+0700] {subprocess.py:93} INFO - 	at org.apache.spark.sql.SparkSession.withActive(SparkSession.scala:900)
[2025-10-31T05:39:56.403+0700] {subprocess.py:93} INFO - 	at org.apache.spark.sql.execution.streaming.StreamExecution.org$apache$spark$sql$execution$streaming$StreamExecution$$runStream(StreamExecution.scala:289)
[2025-10-31T05:39:56.403+0700] {subprocess.py:93} INFO - 	at org.apache.spark.sql.execution.streaming.StreamExecution$$anon$1.$anonfun$run$1(StreamExecution.scala:211)
[2025-10-31T05:39:56.403+0700] {subprocess.py:93} INFO - 	at scala.runtime.java8.JFunction0$mcV$sp.apply(JFunction0$mcV$sp.java:23)
[2025-10-31T05:39:56.403+0700] {subprocess.py:93} INFO - 	at org.apache.spark.JobArtifactSet$.withActiveJobArtifactState(JobArtifactSet.scala:94)
[2025-10-31T05:39:56.403+0700] {subprocess.py:93} INFO - 	at org.apache.spark.sql.execution.streaming.StreamExecution$$anon$1.run(StreamExecution.scala:211)
[2025-10-31T05:39:56.415+0700] {subprocess.py:93} INFO - Traceback (most recent call last):
[2025-10-31T05:39:56.416+0700] {subprocess.py:93} INFO -   File "/opt/***/projects/absa_streaming/scripts/consumer_postgres_streaming.py", line 191, in <module>
[2025-10-31T05:39:56.416+0700] {subprocess.py:93} INFO -     query.awaitTermination()
[2025-10-31T05:39:56.416+0700] {subprocess.py:93} INFO -   File "/home/***/.local/lib/python3.12/site-packages/pyspark/python/lib/pyspark.zip/pyspark/sql/streaming/query.py", line 221, in awaitTermination
[2025-10-31T05:39:56.416+0700] {subprocess.py:93} INFO -   File "/home/***/.local/lib/python3.12/site-packages/pyspark/python/lib/py4j-0.10.9.7-src.zip/py4j/java_gateway.py", line 1322, in __call__
[2025-10-31T05:39:56.416+0700] {subprocess.py:93} INFO -   File "/home/***/.local/lib/python3.12/site-packages/pyspark/python/lib/pyspark.zip/pyspark/errors/exceptions/captured.py", line 185, in deco
[2025-10-31T05:39:56.418+0700] {subprocess.py:93} INFO - pyspark.errors.exceptions.captured.StreamingQueryException: [STREAM_FAILED] Query [id = 172a2c89-99b0-4230-b364-65fcba75fcd0, runId = e5a23649-8201-4634-ac25-267644fa851f] terminated with exception: An exception was raised by the Python Proxy. Return Message: Traceback (most recent call last):
[2025-10-31T05:39:56.418+0700] {subprocess.py:93} INFO -   File "/home/***/.local/lib/python3.12/site-packages/pyspark/python/lib/py4j-0.10.9.7-src.zip/py4j/clientserver.py", line 617, in _call_proxy
[2025-10-31T05:39:56.419+0700] {subprocess.py:93} INFO -     return_value = getattr(self.pool[obj_id], method)(*params)
[2025-10-31T05:39:56.419+0700] {subprocess.py:93} INFO -                    ^^^^^^^^^^^^^^^^^^^^^^^^^^^^^^^^^^^^^^^^^^^
[2025-10-31T05:39:56.419+0700] {subprocess.py:93} INFO -   File "/home/***/.local/lib/python3.12/site-packages/pyspark/python/lib/pyspark.zip/pyspark/sql/utils.py", line 120, in call
[2025-10-31T05:39:56.419+0700] {subprocess.py:93} INFO -     raise e
[2025-10-31T05:39:56.419+0700] {subprocess.py:93} INFO -   File "/home/***/.local/lib/python3.12/site-packages/pyspark/python/lib/pyspark.zip/pyspark/sql/utils.py", line 117, in call
[2025-10-31T05:39:56.419+0700] {subprocess.py:93} INFO -     self.func(DataFrame(jdf, wrapped_session_jdf), batch_id)
[2025-10-31T05:39:56.420+0700] {subprocess.py:93} INFO -   File "/opt/***/projects/absa_streaming/scripts/consumer_postgres_streaming.py", line 154, in write_to_postgres
[2025-10-31T05:39:56.420+0700] {subprocess.py:93} INFO -     raise Exception(f"Simulated crash at batch {batch_id}")
[2025-10-31T05:39:56.420+0700] {subprocess.py:93} INFO - Exception: Simulated crash at batch 5
[2025-10-31T05:39:56.420+0700] {subprocess.py:93} INFO - 
[2025-10-31T05:39:56.910+0700] {subprocess.py:97} INFO - Command exited with return code 1
[2025-10-31T05:39:56.910+0700] {taskinstance.py:441} INFO - ::group::Post task execution logs
[2025-10-31T05:39:56.917+0700] {taskinstance.py:2890} ERROR - Task failed with exception
Traceback (most recent call last):
  File "/home/airflow/.local/lib/python3.12/site-packages/airflow/models/taskinstance.py", line 460, in _execute_task
    result = _execute_callable(context=context, **execute_callable_kwargs)
             ^^^^^^^^^^^^^^^^^^^^^^^^^^^^^^^^^^^^^^^^^^^^^^^^^^^^^^^^^^^^^
  File "/home/airflow/.local/lib/python3.12/site-packages/airflow/models/taskinstance.py", line 432, in _execute_callable
    return execute_callable(context=context, **execute_callable_kwargs)
           ^^^^^^^^^^^^^^^^^^^^^^^^^^^^^^^^^^^^^^^^^^^^^^^^^^^^^^^^^^^^
  File "/home/airflow/.local/lib/python3.12/site-packages/airflow/models/baseoperator.py", line 400, in wrapper
    return func(self, *args, **kwargs)
           ^^^^^^^^^^^^^^^^^^^^^^^^^^^
  File "/home/airflow/.local/lib/python3.12/site-packages/airflow/operators/bash.py", line 243, in execute
    raise AirflowException(
airflow.exceptions.AirflowException: Bash command failed. The command returned a non-zero exit code 1.
[2025-10-31T05:39:56.920+0700] {taskinstance.py:1205} INFO - Marking task as UP_FOR_RETRY. dag_id=absa_streaming_lifecycle_demo11, task_id=deploy_consumer, execution_date=20251030T210000, start_date=20251030T223723, end_date=20251030T223956
[2025-10-31T05:39:56.926+0700] {standard_task_runner.py:110} ERROR - Failed to execute job 36 for task deploy_consumer (Bash command failed. The command returned a non-zero exit code 1.; 30468)
[2025-10-31T05:39:56.939+0700] {local_task_job_runner.py:240} INFO - Task exited with return code 1
[2025-10-31T05:39:56.951+0700] {taskinstance.py:3482} INFO - 0 downstream tasks scheduled from follow-on schedule check
[2025-10-31T05:39:56.953+0700] {local_task_job_runner.py:222} INFO - ::endgroup::
