[2025-10-29T04:46:22.341+0700] {local_task_job_runner.py:120} INFO - ::group::Pre task execution logs
[2025-10-29T04:46:22.360+0700] {taskinstance.py:2073} INFO - Dependencies all met for dep_context=non-requeueable deps ti=<TaskInstance: absa_streaming_lifecycle_demo1.deploy_consumer manual__2025-10-28T21:46:20.404503+00:00 [queued]>
[2025-10-29T04:46:22.366+0700] {taskinstance.py:2073} INFO - Dependencies all met for dep_context=requeueable deps ti=<TaskInstance: absa_streaming_lifecycle_demo1.deploy_consumer manual__2025-10-28T21:46:20.404503+00:00 [queued]>
[2025-10-29T04:46:22.367+0700] {taskinstance.py:2303} INFO - Starting attempt 1 of 6
[2025-10-29T04:46:22.496+0700] {taskinstance.py:2327} INFO - Executing <Task(BashOperator): deploy_consumer> on 2025-10-28 21:46:20.404503+00:00
[2025-10-29T04:46:22.504+0700] {warnings.py:110} WARNING - /home/***/.local/lib/python3.12/site-packages/***/task/task_runner/standard_task_runner.py:61: DeprecationWarning: This process (pid=631) is multi-threaded, use of fork() may lead to deadlocks in the child.
  pid = os.fork()

[2025-10-29T04:46:22.506+0700] {standard_task_runner.py:63} INFO - Started process 635 to run task
[2025-10-29T04:46:22.506+0700] {standard_task_runner.py:90} INFO - Running: ['***', 'tasks', 'run', 'absa_streaming_lifecycle_demo1', 'deploy_consumer', 'manual__2025-10-28T21:46:20.404503+00:00', '--job-id', '7', '--raw', '--subdir', 'DAGS_FOLDER/absa_streaming_lifecycle_dag1.py', '--cfg-path', '/tmp/tmpni51lr5c']
[2025-10-29T04:46:22.508+0700] {standard_task_runner.py:91} INFO - Job 7: Subtask deploy_consumer
[2025-10-29T04:46:22.616+0700] {task_command.py:426} INFO - Running <TaskInstance: absa_streaming_lifecycle_demo1.deploy_consumer manual__2025-10-28T21:46:20.404503+00:00 [running]> on host 781fdc00a34c
[2025-10-29T04:46:22.750+0700] {taskinstance.py:2644} INFO - Exporting env vars: AIRFLOW_CTX_DAG_OWNER='***' AIRFLOW_CTX_DAG_ID='absa_streaming_lifecycle_demo1' AIRFLOW_CTX_TASK_ID='deploy_consumer' AIRFLOW_CTX_EXECUTION_DATE='2025-10-28T21:46:20.404503+00:00' AIRFLOW_CTX_TRY_NUMBER='1' AIRFLOW_CTX_DAG_RUN_ID='manual__2025-10-28T21:46:20.404503+00:00'
[2025-10-29T04:46:22.751+0700] {taskinstance.py:430} INFO - ::endgroup::
[2025-10-29T04:46:22.752+0700] {subprocess.py:63} INFO - Tmp dir root location: /tmp
[2025-10-29T04:46:22.752+0700] {subprocess.py:75} INFO - Running command: ['/usr/bin/bash', '-c', 'bash -c "timeout 45m /opt/***/projects/absa_streaming/scripts/run_consumer.sh"']
[2025-10-29T04:46:22.764+0700] {subprocess.py:86} INFO - Output:
[2025-10-29T04:46:22.770+0700] {subprocess.py:93} INFO - [Consumer] Starting Spark Structured Streaming job...
[2025-10-29T04:46:22.808+0700] {subprocess.py:93} INFO - /home/***/.local/lib/python3.12/site-packages/pyspark/bin/load-spark-env.sh: line 68: ps: command not found
[2025-10-29T04:46:24.078+0700] {subprocess.py:93} INFO - :: loading settings :: url = jar:file:/home/***/.local/lib/python3.12/site-packages/pyspark/jars/ivy-2.5.1.jar!/org/apache/ivy/core/settings/ivysettings.xml
[2025-10-29T04:46:24.142+0700] {subprocess.py:93} INFO - Ivy Default Cache set to: /home/***/.ivy2/cache
[2025-10-29T04:46:24.143+0700] {subprocess.py:93} INFO - The jars for the packages stored in: /home/***/.ivy2/jars
[2025-10-29T04:46:24.147+0700] {subprocess.py:93} INFO - org.apache.spark#spark-sql-kafka-0-10_2.12 added as a dependency
[2025-10-29T04:46:24.147+0700] {subprocess.py:93} INFO - org.postgresql#postgresql added as a dependency
[2025-10-29T04:46:24.148+0700] {subprocess.py:93} INFO - :: resolving dependencies :: org.apache.spark#spark-submit-parent-b42379f0-296a-4b1b-afb5-f69de7cafffc;1.0
[2025-10-29T04:46:24.148+0700] {subprocess.py:93} INFO - 	confs: [default]
[2025-10-29T04:46:24.299+0700] {subprocess.py:93} INFO - 	found org.apache.spark#spark-sql-kafka-0-10_2.12;3.5.1 in central
[2025-10-29T04:46:24.384+0700] {subprocess.py:93} INFO - 	found org.apache.spark#spark-token-provider-kafka-0-10_2.12;3.5.1 in central
[2025-10-29T04:46:24.419+0700] {subprocess.py:93} INFO - 	found org.apache.kafka#kafka-clients;3.4.1 in central
[2025-10-29T04:46:24.453+0700] {subprocess.py:93} INFO - 	found org.lz4#lz4-java;1.8.0 in central
[2025-10-29T04:46:24.490+0700] {subprocess.py:93} INFO - 	found org.xerial.snappy#snappy-java;1.1.10.3 in central
[2025-10-29T04:46:24.522+0700] {subprocess.py:93} INFO - 	found org.slf4j#slf4j-api;2.0.7 in central
[2025-10-29T04:46:24.562+0700] {subprocess.py:93} INFO - 	found org.apache.hadoop#hadoop-client-runtime;3.3.4 in central
[2025-10-29T04:46:24.593+0700] {subprocess.py:93} INFO - 	found org.apache.hadoop#hadoop-client-api;3.3.4 in central
[2025-10-29T04:46:24.632+0700] {subprocess.py:93} INFO - 	found commons-logging#commons-logging;1.1.3 in central
[2025-10-29T04:46:24.675+0700] {subprocess.py:93} INFO - 	found com.google.code.findbugs#jsr305;3.0.0 in central
[2025-10-29T04:46:24.731+0700] {subprocess.py:93} INFO - 	found org.apache.commons#commons-pool2;2.11.1 in central
[2025-10-29T04:46:24.754+0700] {subprocess.py:93} INFO - 	found org.postgresql#postgresql;42.6.0 in central
[2025-10-29T04:46:24.765+0700] {subprocess.py:93} INFO - 	found org.checkerframework#checker-qual;3.31.0 in central
[2025-10-29T04:46:24.788+0700] {subprocess.py:93} INFO - :: resolution report :: resolve 627ms :: artifacts dl 13ms
[2025-10-29T04:46:24.789+0700] {subprocess.py:93} INFO - 	:: modules in use:
[2025-10-29T04:46:24.789+0700] {subprocess.py:93} INFO - 	com.google.code.findbugs#jsr305;3.0.0 from central in [default]
[2025-10-29T04:46:24.790+0700] {subprocess.py:93} INFO - 	commons-logging#commons-logging;1.1.3 from central in [default]
[2025-10-29T04:46:24.790+0700] {subprocess.py:93} INFO - 	org.apache.commons#commons-pool2;2.11.1 from central in [default]
[2025-10-29T04:46:24.790+0700] {subprocess.py:93} INFO - 	org.apache.hadoop#hadoop-client-api;3.3.4 from central in [default]
[2025-10-29T04:46:24.790+0700] {subprocess.py:93} INFO - 	org.apache.hadoop#hadoop-client-runtime;3.3.4 from central in [default]
[2025-10-29T04:46:24.790+0700] {subprocess.py:93} INFO - 	org.apache.kafka#kafka-clients;3.4.1 from central in [default]
[2025-10-29T04:46:24.791+0700] {subprocess.py:93} INFO - 	org.apache.spark#spark-sql-kafka-0-10_2.12;3.5.1 from central in [default]
[2025-10-29T04:46:24.791+0700] {subprocess.py:93} INFO - 	org.apache.spark#spark-token-provider-kafka-0-10_2.12;3.5.1 from central in [default]
[2025-10-29T04:46:24.791+0700] {subprocess.py:93} INFO - 	org.checkerframework#checker-qual;3.31.0 from central in [default]
[2025-10-29T04:46:24.791+0700] {subprocess.py:93} INFO - 	org.lz4#lz4-java;1.8.0 from central in [default]
[2025-10-29T04:46:24.791+0700] {subprocess.py:93} INFO - 	org.postgresql#postgresql;42.6.0 from central in [default]
[2025-10-29T04:46:24.791+0700] {subprocess.py:93} INFO - 	org.slf4j#slf4j-api;2.0.7 from central in [default]
[2025-10-29T04:46:24.792+0700] {subprocess.py:93} INFO - 	org.xerial.snappy#snappy-java;1.1.10.3 from central in [default]
[2025-10-29T04:46:24.792+0700] {subprocess.py:93} INFO - 	---------------------------------------------------------------------
[2025-10-29T04:46:24.792+0700] {subprocess.py:93} INFO - 	|                  |            modules            ||   artifacts   |
[2025-10-29T04:46:24.792+0700] {subprocess.py:93} INFO - 	|       conf       | number| search|dwnlded|evicted|| number|dwnlded|
[2025-10-29T04:46:24.793+0700] {subprocess.py:93} INFO - 	---------------------------------------------------------------------
[2025-10-29T04:46:24.793+0700] {subprocess.py:93} INFO - 	|      default     |   13  |   0   |   0   |   0   ||   13  |   0   |
[2025-10-29T04:46:24.793+0700] {subprocess.py:93} INFO - 	---------------------------------------------------------------------
[2025-10-29T04:46:24.797+0700] {subprocess.py:93} INFO - :: retrieving :: org.apache.spark#spark-submit-parent-b42379f0-296a-4b1b-afb5-f69de7cafffc
[2025-10-29T04:46:24.798+0700] {subprocess.py:93} INFO - 	confs: [default]
[2025-10-29T04:46:24.808+0700] {subprocess.py:93} INFO - 	0 artifacts copied, 13 already retrieved (0kB/10ms)
[2025-10-29T04:46:25.022+0700] {subprocess.py:93} INFO - 25/10/29 04:46:25 WARN NativeCodeLoader: Unable to load native-hadoop library for your platform... using builtin-java classes where applicable
[2025-10-29T04:46:29.296+0700] {subprocess.py:93} INFO - 25/10/29 04:46:29 INFO SparkContext: Running Spark version 3.5.1
[2025-10-29T04:46:29.296+0700] {subprocess.py:93} INFO - 25/10/29 04:46:29 INFO SparkContext: OS info Linux, 6.14.0-33-generic, amd64
[2025-10-29T04:46:29.296+0700] {subprocess.py:93} INFO - 25/10/29 04:46:29 INFO SparkContext: Java version 17.0.17
[2025-10-29T04:46:29.316+0700] {subprocess.py:93} INFO - 25/10/29 04:46:29 INFO ResourceUtils: ==============================================================
[2025-10-29T04:46:29.317+0700] {subprocess.py:93} INFO - 25/10/29 04:46:29 INFO ResourceUtils: No custom resources configured for spark.driver.
[2025-10-29T04:46:29.317+0700] {subprocess.py:93} INFO - 25/10/29 04:46:29 INFO ResourceUtils: ==============================================================
[2025-10-29T04:46:29.317+0700] {subprocess.py:93} INFO - 25/10/29 04:46:29 INFO SparkContext: Submitted application: Kafka_ABSA_Postgres
[2025-10-29T04:46:29.332+0700] {subprocess.py:93} INFO - 25/10/29 04:46:29 INFO ResourceProfile: Default ResourceProfile created, executor resources: Map(cores -> name: cores, amount: 1, script: , vendor: , memory -> name: memory, amount: 1024, script: , vendor: , offHeap -> name: offHeap, amount: 0, script: , vendor: ), task resources: Map(cpus -> name: cpus, amount: 1.0)
[2025-10-29T04:46:29.339+0700] {subprocess.py:93} INFO - 25/10/29 04:46:29 INFO ResourceProfile: Limiting resource is cpu
[2025-10-29T04:46:29.339+0700] {subprocess.py:93} INFO - 25/10/29 04:46:29 INFO ResourceProfileManager: Added ResourceProfile id: 0
[2025-10-29T04:46:29.378+0700] {subprocess.py:93} INFO - 25/10/29 04:46:29 INFO SecurityManager: Changing view acls to: default
[2025-10-29T04:46:29.378+0700] {subprocess.py:93} INFO - 25/10/29 04:46:29 INFO SecurityManager: Changing modify acls to: default
[2025-10-29T04:46:29.378+0700] {subprocess.py:93} INFO - 25/10/29 04:46:29 INFO SecurityManager: Changing view acls groups to:
[2025-10-29T04:46:29.379+0700] {subprocess.py:93} INFO - 25/10/29 04:46:29 INFO SecurityManager: Changing modify acls groups to:
[2025-10-29T04:46:29.379+0700] {subprocess.py:93} INFO - 25/10/29 04:46:29 INFO SecurityManager: SecurityManager: authentication disabled; ui acls disabled; users with view permissions: default; groups with view permissions: EMPTY; users with modify permissions: default; groups with modify permissions: EMPTY
[2025-10-29T04:46:29.531+0700] {subprocess.py:93} INFO - 25/10/29 04:46:29 INFO Utils: Successfully started service 'sparkDriver' on port 43167.
[2025-10-29T04:46:29.555+0700] {subprocess.py:93} INFO - 25/10/29 04:46:29 INFO SparkEnv: Registering MapOutputTracker
[2025-10-29T04:46:29.580+0700] {subprocess.py:93} INFO - 25/10/29 04:46:29 INFO SparkEnv: Registering BlockManagerMaster
[2025-10-29T04:46:29.591+0700] {subprocess.py:93} INFO - 25/10/29 04:46:29 INFO BlockManagerMasterEndpoint: Using org.apache.spark.storage.DefaultTopologyMapper for getting topology information
[2025-10-29T04:46:29.592+0700] {subprocess.py:93} INFO - 25/10/29 04:46:29 INFO BlockManagerMasterEndpoint: BlockManagerMasterEndpoint up
[2025-10-29T04:46:29.595+0700] {subprocess.py:93} INFO - 25/10/29 04:46:29 INFO SparkEnv: Registering BlockManagerMasterHeartbeat
[2025-10-29T04:46:29.608+0700] {subprocess.py:93} INFO - 25/10/29 04:46:29 INFO DiskBlockManager: Created local directory at /tmp/blockmgr-21714ae6-9bb1-4680-befa-3100cb679441
[2025-10-29T04:46:29.620+0700] {subprocess.py:93} INFO - 25/10/29 04:46:29 INFO MemoryStore: MemoryStore started with capacity 434.4 MiB
[2025-10-29T04:46:29.630+0700] {subprocess.py:93} INFO - 25/10/29 04:46:29 INFO SparkEnv: Registering OutputCommitCoordinator
[2025-10-29T04:46:29.714+0700] {subprocess.py:93} INFO - 25/10/29 04:46:29 INFO JettyUtils: Start Jetty 0.0.0.0:4040 for SparkUI
[2025-10-29T04:46:29.765+0700] {subprocess.py:93} INFO - 25/10/29 04:46:29 WARN Utils: Service 'SparkUI' could not bind on port 4040. Attempting port 4041.
[2025-10-29T04:46:29.771+0700] {subprocess.py:93} INFO - 25/10/29 04:46:29 INFO Utils: Successfully started service 'SparkUI' on port 4041.
[2025-10-29T04:46:29.801+0700] {subprocess.py:93} INFO - 25/10/29 04:46:29 INFO SparkContext: Added JAR file:///home/***/.ivy2/jars/org.apache.spark_spark-sql-kafka-0-10_2.12-3.5.1.jar at spark://781fdc00a34c:43167/jars/org.apache.spark_spark-sql-kafka-0-10_2.12-3.5.1.jar with timestamp 1761687989289
[2025-10-29T04:46:29.802+0700] {subprocess.py:93} INFO - 25/10/29 04:46:29 INFO SparkContext: Added JAR file:///home/***/.ivy2/jars/org.postgresql_postgresql-42.6.0.jar at spark://781fdc00a34c:43167/jars/org.postgresql_postgresql-42.6.0.jar with timestamp 1761687989289
[2025-10-29T04:46:29.802+0700] {subprocess.py:93} INFO - 25/10/29 04:46:29 INFO SparkContext: Added JAR file:///home/***/.ivy2/jars/org.apache.spark_spark-token-provider-kafka-0-10_2.12-3.5.1.jar at spark://781fdc00a34c:43167/jars/org.apache.spark_spark-token-provider-kafka-0-10_2.12-3.5.1.jar with timestamp 1761687989289
[2025-10-29T04:46:29.802+0700] {subprocess.py:93} INFO - 25/10/29 04:46:29 INFO SparkContext: Added JAR file:///home/***/.ivy2/jars/org.apache.kafka_kafka-clients-3.4.1.jar at spark://781fdc00a34c:43167/jars/org.apache.kafka_kafka-clients-3.4.1.jar with timestamp 1761687989289
[2025-10-29T04:46:29.802+0700] {subprocess.py:93} INFO - 25/10/29 04:46:29 INFO SparkContext: Added JAR file:///home/***/.ivy2/jars/com.google.code.findbugs_jsr305-3.0.0.jar at spark://781fdc00a34c:43167/jars/com.google.code.findbugs_jsr305-3.0.0.jar with timestamp 1761687989289
[2025-10-29T04:46:29.803+0700] {subprocess.py:93} INFO - 25/10/29 04:46:29 INFO SparkContext: Added JAR file:///home/***/.ivy2/jars/org.apache.commons_commons-pool2-2.11.1.jar at spark://781fdc00a34c:43167/jars/org.apache.commons_commons-pool2-2.11.1.jar with timestamp 1761687989289
[2025-10-29T04:46:29.803+0700] {subprocess.py:93} INFO - 25/10/29 04:46:29 INFO SparkContext: Added JAR file:///home/***/.ivy2/jars/org.apache.hadoop_hadoop-client-runtime-3.3.4.jar at spark://781fdc00a34c:43167/jars/org.apache.hadoop_hadoop-client-runtime-3.3.4.jar with timestamp 1761687989289
[2025-10-29T04:46:29.803+0700] {subprocess.py:93} INFO - 25/10/29 04:46:29 INFO SparkContext: Added JAR file:///home/***/.ivy2/jars/org.lz4_lz4-java-1.8.0.jar at spark://781fdc00a34c:43167/jars/org.lz4_lz4-java-1.8.0.jar with timestamp 1761687989289
[2025-10-29T04:46:29.803+0700] {subprocess.py:93} INFO - 25/10/29 04:46:29 INFO SparkContext: Added JAR file:///home/***/.ivy2/jars/org.xerial.snappy_snappy-java-1.1.10.3.jar at spark://781fdc00a34c:43167/jars/org.xerial.snappy_snappy-java-1.1.10.3.jar with timestamp 1761687989289
[2025-10-29T04:46:29.804+0700] {subprocess.py:93} INFO - 25/10/29 04:46:29 INFO SparkContext: Added JAR file:///home/***/.ivy2/jars/org.slf4j_slf4j-api-2.0.7.jar at spark://781fdc00a34c:43167/jars/org.slf4j_slf4j-api-2.0.7.jar with timestamp 1761687989289
[2025-10-29T04:46:29.804+0700] {subprocess.py:93} INFO - 25/10/29 04:46:29 INFO SparkContext: Added JAR file:///home/***/.ivy2/jars/org.apache.hadoop_hadoop-client-api-3.3.4.jar at spark://781fdc00a34c:43167/jars/org.apache.hadoop_hadoop-client-api-3.3.4.jar with timestamp 1761687989289
[2025-10-29T04:46:29.804+0700] {subprocess.py:93} INFO - 25/10/29 04:46:29 INFO SparkContext: Added JAR file:///home/***/.ivy2/jars/commons-logging_commons-logging-1.1.3.jar at spark://781fdc00a34c:43167/jars/commons-logging_commons-logging-1.1.3.jar with timestamp 1761687989289
[2025-10-29T04:46:29.804+0700] {subprocess.py:93} INFO - 25/10/29 04:46:29 INFO SparkContext: Added JAR file:///home/***/.ivy2/jars/org.checkerframework_checker-qual-3.31.0.jar at spark://781fdc00a34c:43167/jars/org.checkerframework_checker-qual-3.31.0.jar with timestamp 1761687989289
[2025-10-29T04:46:29.805+0700] {subprocess.py:93} INFO - 25/10/29 04:46:29 INFO SparkContext: Added file file:///home/***/.ivy2/jars/org.apache.spark_spark-sql-kafka-0-10_2.12-3.5.1.jar at file:///home/***/.ivy2/jars/org.apache.spark_spark-sql-kafka-0-10_2.12-3.5.1.jar with timestamp 1761687989289
[2025-10-29T04:46:29.805+0700] {subprocess.py:93} INFO - 25/10/29 04:46:29 INFO Utils: Copying /home/***/.ivy2/jars/org.apache.spark_spark-sql-kafka-0-10_2.12-3.5.1.jar to /tmp/spark-9b5601c3-2604-4329-96a9-2acd26b15b3b/userFiles-aea26ef7-c302-475e-b973-6d5f0f9f07c1/org.apache.spark_spark-sql-kafka-0-10_2.12-3.5.1.jar
[2025-10-29T04:46:29.813+0700] {subprocess.py:93} INFO - 25/10/29 04:46:29 INFO SparkContext: Added file file:///home/***/.ivy2/jars/org.postgresql_postgresql-42.6.0.jar at file:///home/***/.ivy2/jars/org.postgresql_postgresql-42.6.0.jar with timestamp 1761687989289
[2025-10-29T04:46:29.813+0700] {subprocess.py:93} INFO - 25/10/29 04:46:29 INFO Utils: Copying /home/***/.ivy2/jars/org.postgresql_postgresql-42.6.0.jar to /tmp/spark-9b5601c3-2604-4329-96a9-2acd26b15b3b/userFiles-aea26ef7-c302-475e-b973-6d5f0f9f07c1/org.postgresql_postgresql-42.6.0.jar
[2025-10-29T04:46:29.817+0700] {subprocess.py:93} INFO - 25/10/29 04:46:29 INFO SparkContext: Added file file:///home/***/.ivy2/jars/org.apache.spark_spark-token-provider-kafka-0-10_2.12-3.5.1.jar at file:///home/***/.ivy2/jars/org.apache.spark_spark-token-provider-kafka-0-10_2.12-3.5.1.jar with timestamp 1761687989289
[2025-10-29T04:46:29.817+0700] {subprocess.py:93} INFO - 25/10/29 04:46:29 INFO Utils: Copying /home/***/.ivy2/jars/org.apache.spark_spark-token-provider-kafka-0-10_2.12-3.5.1.jar to /tmp/spark-9b5601c3-2604-4329-96a9-2acd26b15b3b/userFiles-aea26ef7-c302-475e-b973-6d5f0f9f07c1/org.apache.spark_spark-token-provider-kafka-0-10_2.12-3.5.1.jar
[2025-10-29T04:46:29.820+0700] {subprocess.py:93} INFO - 25/10/29 04:46:29 INFO SparkContext: Added file file:///home/***/.ivy2/jars/org.apache.kafka_kafka-clients-3.4.1.jar at file:///home/***/.ivy2/jars/org.apache.kafka_kafka-clients-3.4.1.jar with timestamp 1761687989289
[2025-10-29T04:46:29.820+0700] {subprocess.py:93} INFO - 25/10/29 04:46:29 INFO Utils: Copying /home/***/.ivy2/jars/org.apache.kafka_kafka-clients-3.4.1.jar to /tmp/spark-9b5601c3-2604-4329-96a9-2acd26b15b3b/userFiles-aea26ef7-c302-475e-b973-6d5f0f9f07c1/org.apache.kafka_kafka-clients-3.4.1.jar
[2025-10-29T04:46:29.826+0700] {subprocess.py:93} INFO - 25/10/29 04:46:29 INFO SparkContext: Added file file:///home/***/.ivy2/jars/com.google.code.findbugs_jsr305-3.0.0.jar at file:///home/***/.ivy2/jars/com.google.code.findbugs_jsr305-3.0.0.jar with timestamp 1761687989289
[2025-10-29T04:46:29.826+0700] {subprocess.py:93} INFO - 25/10/29 04:46:29 INFO Utils: Copying /home/***/.ivy2/jars/com.google.code.findbugs_jsr305-3.0.0.jar to /tmp/spark-9b5601c3-2604-4329-96a9-2acd26b15b3b/userFiles-aea26ef7-c302-475e-b973-6d5f0f9f07c1/com.google.code.findbugs_jsr305-3.0.0.jar
[2025-10-29T04:46:29.829+0700] {subprocess.py:93} INFO - 25/10/29 04:46:29 INFO SparkContext: Added file file:///home/***/.ivy2/jars/org.apache.commons_commons-pool2-2.11.1.jar at file:///home/***/.ivy2/jars/org.apache.commons_commons-pool2-2.11.1.jar with timestamp 1761687989289
[2025-10-29T04:46:29.829+0700] {subprocess.py:93} INFO - 25/10/29 04:46:29 INFO Utils: Copying /home/***/.ivy2/jars/org.apache.commons_commons-pool2-2.11.1.jar to /tmp/spark-9b5601c3-2604-4329-96a9-2acd26b15b3b/userFiles-aea26ef7-c302-475e-b973-6d5f0f9f07c1/org.apache.commons_commons-pool2-2.11.1.jar
[2025-10-29T04:46:29.832+0700] {subprocess.py:93} INFO - 25/10/29 04:46:29 INFO SparkContext: Added file file:///home/***/.ivy2/jars/org.apache.hadoop_hadoop-client-runtime-3.3.4.jar at file:///home/***/.ivy2/jars/org.apache.hadoop_hadoop-client-runtime-3.3.4.jar with timestamp 1761687989289
[2025-10-29T04:46:29.832+0700] {subprocess.py:93} INFO - 25/10/29 04:46:29 INFO Utils: Copying /home/***/.ivy2/jars/org.apache.hadoop_hadoop-client-runtime-3.3.4.jar to /tmp/spark-9b5601c3-2604-4329-96a9-2acd26b15b3b/userFiles-aea26ef7-c302-475e-b973-6d5f0f9f07c1/org.apache.hadoop_hadoop-client-runtime-3.3.4.jar
[2025-10-29T04:46:29.848+0700] {subprocess.py:93} INFO - 25/10/29 04:46:29 INFO SparkContext: Added file file:///home/***/.ivy2/jars/org.lz4_lz4-java-1.8.0.jar at file:///home/***/.ivy2/jars/org.lz4_lz4-java-1.8.0.jar with timestamp 1761687989289
[2025-10-29T04:46:29.849+0700] {subprocess.py:93} INFO - 25/10/29 04:46:29 INFO Utils: Copying /home/***/.ivy2/jars/org.lz4_lz4-java-1.8.0.jar to /tmp/spark-9b5601c3-2604-4329-96a9-2acd26b15b3b/userFiles-aea26ef7-c302-475e-b973-6d5f0f9f07c1/org.lz4_lz4-java-1.8.0.jar
[2025-10-29T04:46:29.852+0700] {subprocess.py:93} INFO - 25/10/29 04:46:29 INFO SparkContext: Added file file:///home/***/.ivy2/jars/org.xerial.snappy_snappy-java-1.1.10.3.jar at file:///home/***/.ivy2/jars/org.xerial.snappy_snappy-java-1.1.10.3.jar with timestamp 1761687989289
[2025-10-29T04:46:29.852+0700] {subprocess.py:93} INFO - 25/10/29 04:46:29 INFO Utils: Copying /home/***/.ivy2/jars/org.xerial.snappy_snappy-java-1.1.10.3.jar to /tmp/spark-9b5601c3-2604-4329-96a9-2acd26b15b3b/userFiles-aea26ef7-c302-475e-b973-6d5f0f9f07c1/org.xerial.snappy_snappy-java-1.1.10.3.jar
[2025-10-29T04:46:29.856+0700] {subprocess.py:93} INFO - 25/10/29 04:46:29 INFO SparkContext: Added file file:///home/***/.ivy2/jars/org.slf4j_slf4j-api-2.0.7.jar at file:///home/***/.ivy2/jars/org.slf4j_slf4j-api-2.0.7.jar with timestamp 1761687989289
[2025-10-29T04:46:29.856+0700] {subprocess.py:93} INFO - 25/10/29 04:46:29 INFO Utils: Copying /home/***/.ivy2/jars/org.slf4j_slf4j-api-2.0.7.jar to /tmp/spark-9b5601c3-2604-4329-96a9-2acd26b15b3b/userFiles-aea26ef7-c302-475e-b973-6d5f0f9f07c1/org.slf4j_slf4j-api-2.0.7.jar
[2025-10-29T04:46:29.859+0700] {subprocess.py:93} INFO - 25/10/29 04:46:29 INFO SparkContext: Added file file:///home/***/.ivy2/jars/org.apache.hadoop_hadoop-client-api-3.3.4.jar at file:///home/***/.ivy2/jars/org.apache.hadoop_hadoop-client-api-3.3.4.jar with timestamp 1761687989289
[2025-10-29T04:46:29.859+0700] {subprocess.py:93} INFO - 25/10/29 04:46:29 INFO Utils: Copying /home/***/.ivy2/jars/org.apache.hadoop_hadoop-client-api-3.3.4.jar to /tmp/spark-9b5601c3-2604-4329-96a9-2acd26b15b3b/userFiles-aea26ef7-c302-475e-b973-6d5f0f9f07c1/org.apache.hadoop_hadoop-client-api-3.3.4.jar
[2025-10-29T04:46:29.871+0700] {subprocess.py:93} INFO - 25/10/29 04:46:29 INFO SparkContext: Added file file:///home/***/.ivy2/jars/commons-logging_commons-logging-1.1.3.jar at file:///home/***/.ivy2/jars/commons-logging_commons-logging-1.1.3.jar with timestamp 1761687989289
[2025-10-29T04:46:29.871+0700] {subprocess.py:93} INFO - 25/10/29 04:46:29 INFO Utils: Copying /home/***/.ivy2/jars/commons-logging_commons-logging-1.1.3.jar to /tmp/spark-9b5601c3-2604-4329-96a9-2acd26b15b3b/userFiles-aea26ef7-c302-475e-b973-6d5f0f9f07c1/commons-logging_commons-logging-1.1.3.jar
[2025-10-29T04:46:29.874+0700] {subprocess.py:93} INFO - 25/10/29 04:46:29 INFO SparkContext: Added file file:///home/***/.ivy2/jars/org.checkerframework_checker-qual-3.31.0.jar at file:///home/***/.ivy2/jars/org.checkerframework_checker-qual-3.31.0.jar with timestamp 1761687989289
[2025-10-29T04:46:29.874+0700] {subprocess.py:93} INFO - 25/10/29 04:46:29 INFO Utils: Copying /home/***/.ivy2/jars/org.checkerframework_checker-qual-3.31.0.jar to /tmp/spark-9b5601c3-2604-4329-96a9-2acd26b15b3b/userFiles-aea26ef7-c302-475e-b973-6d5f0f9f07c1/org.checkerframework_checker-qual-3.31.0.jar
[2025-10-29T04:46:29.915+0700] {subprocess.py:93} INFO - 25/10/29 04:46:29 INFO Executor: Starting executor ID driver on host 781fdc00a34c
[2025-10-29T04:46:29.915+0700] {subprocess.py:93} INFO - 25/10/29 04:46:29 INFO Executor: OS info Linux, 6.14.0-33-generic, amd64
[2025-10-29T04:46:29.915+0700] {subprocess.py:93} INFO - 25/10/29 04:46:29 INFO Executor: Java version 17.0.17
[2025-10-29T04:46:29.919+0700] {subprocess.py:93} INFO - 25/10/29 04:46:29 INFO Executor: Starting executor with user classpath (userClassPathFirst = false): ''
[2025-10-29T04:46:29.919+0700] {subprocess.py:93} INFO - 25/10/29 04:46:29 INFO Executor: Created or updated repl class loader org.apache.spark.util.MutableURLClassLoader@247bebf1 for default.
[2025-10-29T04:46:29.927+0700] {subprocess.py:93} INFO - 25/10/29 04:46:29 INFO Executor: Fetching file:///home/***/.ivy2/jars/org.apache.spark_spark-sql-kafka-0-10_2.12-3.5.1.jar with timestamp 1761687989289
[2025-10-29T04:46:29.944+0700] {subprocess.py:93} INFO - 25/10/29 04:46:29 INFO Utils: /home/***/.ivy2/jars/org.apache.spark_spark-sql-kafka-0-10_2.12-3.5.1.jar has been previously copied to /tmp/spark-9b5601c3-2604-4329-96a9-2acd26b15b3b/userFiles-aea26ef7-c302-475e-b973-6d5f0f9f07c1/org.apache.spark_spark-sql-kafka-0-10_2.12-3.5.1.jar
[2025-10-29T04:46:29.948+0700] {subprocess.py:93} INFO - 25/10/29 04:46:29 INFO Executor: Fetching file:///home/***/.ivy2/jars/org.apache.hadoop_hadoop-client-runtime-3.3.4.jar with timestamp 1761687989289
[2025-10-29T04:46:29.967+0700] {subprocess.py:93} INFO - 25/10/29 04:46:29 INFO Utils: /home/***/.ivy2/jars/org.apache.hadoop_hadoop-client-runtime-3.3.4.jar has been previously copied to /tmp/spark-9b5601c3-2604-4329-96a9-2acd26b15b3b/userFiles-aea26ef7-c302-475e-b973-6d5f0f9f07c1/org.apache.hadoop_hadoop-client-runtime-3.3.4.jar
[2025-10-29T04:46:29.970+0700] {subprocess.py:93} INFO - 25/10/29 04:46:29 INFO Executor: Fetching file:///home/***/.ivy2/jars/org.apache.hadoop_hadoop-client-api-3.3.4.jar with timestamp 1761687989289
[2025-10-29T04:46:29.983+0700] {subprocess.py:93} INFO - 25/10/29 04:46:29 INFO Utils: /home/***/.ivy2/jars/org.apache.hadoop_hadoop-client-api-3.3.4.jar has been previously copied to /tmp/spark-9b5601c3-2604-4329-96a9-2acd26b15b3b/userFiles-aea26ef7-c302-475e-b973-6d5f0f9f07c1/org.apache.hadoop_hadoop-client-api-3.3.4.jar
[2025-10-29T04:46:29.986+0700] {subprocess.py:93} INFO - 25/10/29 04:46:29 INFO Executor: Fetching file:///home/***/.ivy2/jars/org.apache.spark_spark-token-provider-kafka-0-10_2.12-3.5.1.jar with timestamp 1761687989289
[2025-10-29T04:46:29.986+0700] {subprocess.py:93} INFO - 25/10/29 04:46:29 INFO Utils: /home/***/.ivy2/jars/org.apache.spark_spark-token-provider-kafka-0-10_2.12-3.5.1.jar has been previously copied to /tmp/spark-9b5601c3-2604-4329-96a9-2acd26b15b3b/userFiles-aea26ef7-c302-475e-b973-6d5f0f9f07c1/org.apache.spark_spark-token-provider-kafka-0-10_2.12-3.5.1.jar
[2025-10-29T04:46:29.989+0700] {subprocess.py:93} INFO - 25/10/29 04:46:29 INFO Executor: Fetching file:///home/***/.ivy2/jars/com.google.code.findbugs_jsr305-3.0.0.jar with timestamp 1761687989289
[2025-10-29T04:46:29.989+0700] {subprocess.py:93} INFO - 25/10/29 04:46:29 INFO Utils: /home/***/.ivy2/jars/com.google.code.findbugs_jsr305-3.0.0.jar has been previously copied to /tmp/spark-9b5601c3-2604-4329-96a9-2acd26b15b3b/userFiles-aea26ef7-c302-475e-b973-6d5f0f9f07c1/com.google.code.findbugs_jsr305-3.0.0.jar
[2025-10-29T04:46:29.992+0700] {subprocess.py:93} INFO - 25/10/29 04:46:29 INFO Executor: Fetching file:///home/***/.ivy2/jars/org.lz4_lz4-java-1.8.0.jar with timestamp 1761687989289
[2025-10-29T04:46:29.992+0700] {subprocess.py:93} INFO - 25/10/29 04:46:29 INFO Utils: /home/***/.ivy2/jars/org.lz4_lz4-java-1.8.0.jar has been previously copied to /tmp/spark-9b5601c3-2604-4329-96a9-2acd26b15b3b/userFiles-aea26ef7-c302-475e-b973-6d5f0f9f07c1/org.lz4_lz4-java-1.8.0.jar
[2025-10-29T04:46:29.995+0700] {subprocess.py:93} INFO - 25/10/29 04:46:29 INFO Executor: Fetching file:///home/***/.ivy2/jars/org.slf4j_slf4j-api-2.0.7.jar with timestamp 1761687989289
[2025-10-29T04:46:29.995+0700] {subprocess.py:93} INFO - 25/10/29 04:46:29 INFO Utils: /home/***/.ivy2/jars/org.slf4j_slf4j-api-2.0.7.jar has been previously copied to /tmp/spark-9b5601c3-2604-4329-96a9-2acd26b15b3b/userFiles-aea26ef7-c302-475e-b973-6d5f0f9f07c1/org.slf4j_slf4j-api-2.0.7.jar
[2025-10-29T04:46:29.998+0700] {subprocess.py:93} INFO - 25/10/29 04:46:29 INFO Executor: Fetching file:///home/***/.ivy2/jars/org.checkerframework_checker-qual-3.31.0.jar with timestamp 1761687989289
[2025-10-29T04:46:29.998+0700] {subprocess.py:93} INFO - 25/10/29 04:46:29 INFO Utils: /home/***/.ivy2/jars/org.checkerframework_checker-qual-3.31.0.jar has been previously copied to /tmp/spark-9b5601c3-2604-4329-96a9-2acd26b15b3b/userFiles-aea26ef7-c302-475e-b973-6d5f0f9f07c1/org.checkerframework_checker-qual-3.31.0.jar
[2025-10-29T04:46:30.001+0700] {subprocess.py:93} INFO - 25/10/29 04:46:30 INFO Executor: Fetching file:///home/***/.ivy2/jars/org.apache.commons_commons-pool2-2.11.1.jar with timestamp 1761687989289
[2025-10-29T04:46:30.001+0700] {subprocess.py:93} INFO - 25/10/29 04:46:30 INFO Utils: /home/***/.ivy2/jars/org.apache.commons_commons-pool2-2.11.1.jar has been previously copied to /tmp/spark-9b5601c3-2604-4329-96a9-2acd26b15b3b/userFiles-aea26ef7-c302-475e-b973-6d5f0f9f07c1/org.apache.commons_commons-pool2-2.11.1.jar
[2025-10-29T04:46:30.004+0700] {subprocess.py:93} INFO - 25/10/29 04:46:30 INFO Executor: Fetching file:///home/***/.ivy2/jars/commons-logging_commons-logging-1.1.3.jar with timestamp 1761687989289
[2025-10-29T04:46:30.005+0700] {subprocess.py:93} INFO - 25/10/29 04:46:30 INFO Utils: /home/***/.ivy2/jars/commons-logging_commons-logging-1.1.3.jar has been previously copied to /tmp/spark-9b5601c3-2604-4329-96a9-2acd26b15b3b/userFiles-aea26ef7-c302-475e-b973-6d5f0f9f07c1/commons-logging_commons-logging-1.1.3.jar
[2025-10-29T04:46:30.008+0700] {subprocess.py:93} INFO - 25/10/29 04:46:30 INFO Executor: Fetching file:///home/***/.ivy2/jars/org.xerial.snappy_snappy-java-1.1.10.3.jar with timestamp 1761687989289
[2025-10-29T04:46:30.010+0700] {subprocess.py:93} INFO - 25/10/29 04:46:30 INFO Utils: /home/***/.ivy2/jars/org.xerial.snappy_snappy-java-1.1.10.3.jar has been previously copied to /tmp/spark-9b5601c3-2604-4329-96a9-2acd26b15b3b/userFiles-aea26ef7-c302-475e-b973-6d5f0f9f07c1/org.xerial.snappy_snappy-java-1.1.10.3.jar
[2025-10-29T04:46:30.013+0700] {subprocess.py:93} INFO - 25/10/29 04:46:30 INFO Executor: Fetching file:///home/***/.ivy2/jars/org.postgresql_postgresql-42.6.0.jar with timestamp 1761687989289
[2025-10-29T04:46:30.014+0700] {subprocess.py:93} INFO - 25/10/29 04:46:30 INFO Utils: /home/***/.ivy2/jars/org.postgresql_postgresql-42.6.0.jar has been previously copied to /tmp/spark-9b5601c3-2604-4329-96a9-2acd26b15b3b/userFiles-aea26ef7-c302-475e-b973-6d5f0f9f07c1/org.postgresql_postgresql-42.6.0.jar
[2025-10-29T04:46:30.017+0700] {subprocess.py:93} INFO - 25/10/29 04:46:30 INFO Executor: Fetching file:///home/***/.ivy2/jars/org.apache.kafka_kafka-clients-3.4.1.jar with timestamp 1761687989289
[2025-10-29T04:46:30.020+0700] {subprocess.py:93} INFO - 25/10/29 04:46:30 INFO Utils: /home/***/.ivy2/jars/org.apache.kafka_kafka-clients-3.4.1.jar has been previously copied to /tmp/spark-9b5601c3-2604-4329-96a9-2acd26b15b3b/userFiles-aea26ef7-c302-475e-b973-6d5f0f9f07c1/org.apache.kafka_kafka-clients-3.4.1.jar
[2025-10-29T04:46:30.024+0700] {subprocess.py:93} INFO - 25/10/29 04:46:30 INFO Executor: Fetching spark://781fdc00a34c:43167/jars/org.apache.kafka_kafka-clients-3.4.1.jar with timestamp 1761687989289
[2025-10-29T04:46:30.048+0700] {subprocess.py:93} INFO - 25/10/29 04:46:30 INFO TransportClientFactory: Successfully created connection to 781fdc00a34c/172.18.0.5:43167 after 17 ms (0 ms spent in bootstraps)
[2025-10-29T04:46:30.053+0700] {subprocess.py:93} INFO - 25/10/29 04:46:30 INFO Utils: Fetching spark://781fdc00a34c:43167/jars/org.apache.kafka_kafka-clients-3.4.1.jar to /tmp/spark-9b5601c3-2604-4329-96a9-2acd26b15b3b/userFiles-aea26ef7-c302-475e-b973-6d5f0f9f07c1/fetchFileTemp2870312389676524127.tmp
[2025-10-29T04:46:30.094+0700] {subprocess.py:93} INFO - 25/10/29 04:46:30 INFO Utils: /tmp/spark-9b5601c3-2604-4329-96a9-2acd26b15b3b/userFiles-aea26ef7-c302-475e-b973-6d5f0f9f07c1/fetchFileTemp2870312389676524127.tmp has been previously copied to /tmp/spark-9b5601c3-2604-4329-96a9-2acd26b15b3b/userFiles-aea26ef7-c302-475e-b973-6d5f0f9f07c1/org.apache.kafka_kafka-clients-3.4.1.jar
[2025-10-29T04:46:30.201+0700] {subprocess.py:93} INFO - 25/10/29 04:46:30 INFO Executor: Adding file:/tmp/spark-9b5601c3-2604-4329-96a9-2acd26b15b3b/userFiles-aea26ef7-c302-475e-b973-6d5f0f9f07c1/org.apache.kafka_kafka-clients-3.4.1.jar to class loader default
[2025-10-29T04:46:30.202+0700] {subprocess.py:93} INFO - 25/10/29 04:46:30 INFO Executor: Fetching spark://781fdc00a34c:43167/jars/org.apache.hadoop_hadoop-client-api-3.3.4.jar with timestamp 1761687989289
[2025-10-29T04:46:30.202+0700] {subprocess.py:93} INFO - 25/10/29 04:46:30 INFO Utils: Fetching spark://781fdc00a34c:43167/jars/org.apache.hadoop_hadoop-client-api-3.3.4.jar to /tmp/spark-9b5601c3-2604-4329-96a9-2acd26b15b3b/userFiles-aea26ef7-c302-475e-b973-6d5f0f9f07c1/fetchFileTemp13494422428696786367.tmp
[2025-10-29T04:46:30.799+0700] {subprocess.py:93} INFO - 25/10/29 04:46:30 INFO Utils: /tmp/spark-9b5601c3-2604-4329-96a9-2acd26b15b3b/userFiles-aea26ef7-c302-475e-b973-6d5f0f9f07c1/fetchFileTemp13494422428696786367.tmp has been previously copied to /tmp/spark-9b5601c3-2604-4329-96a9-2acd26b15b3b/userFiles-aea26ef7-c302-475e-b973-6d5f0f9f07c1/org.apache.hadoop_hadoop-client-api-3.3.4.jar
[2025-10-29T04:46:30.808+0700] {subprocess.py:93} INFO - 25/10/29 04:46:30 INFO Executor: Adding file:/tmp/spark-9b5601c3-2604-4329-96a9-2acd26b15b3b/userFiles-aea26ef7-c302-475e-b973-6d5f0f9f07c1/org.apache.hadoop_hadoop-client-api-3.3.4.jar to class loader default
[2025-10-29T04:46:30.808+0700] {subprocess.py:93} INFO - 25/10/29 04:46:30 INFO Executor: Fetching spark://781fdc00a34c:43167/jars/org.checkerframework_checker-qual-3.31.0.jar with timestamp 1761687989289
[2025-10-29T04:46:30.809+0700] {subprocess.py:93} INFO - 25/10/29 04:46:30 INFO Utils: Fetching spark://781fdc00a34c:43167/jars/org.checkerframework_checker-qual-3.31.0.jar to /tmp/spark-9b5601c3-2604-4329-96a9-2acd26b15b3b/userFiles-aea26ef7-c302-475e-b973-6d5f0f9f07c1/fetchFileTemp6683950855629727209.tmp
[2025-10-29T04:46:30.810+0700] {subprocess.py:93} INFO - 25/10/29 04:46:30 INFO Utils: /tmp/spark-9b5601c3-2604-4329-96a9-2acd26b15b3b/userFiles-aea26ef7-c302-475e-b973-6d5f0f9f07c1/fetchFileTemp6683950855629727209.tmp has been previously copied to /tmp/spark-9b5601c3-2604-4329-96a9-2acd26b15b3b/userFiles-aea26ef7-c302-475e-b973-6d5f0f9f07c1/org.checkerframework_checker-qual-3.31.0.jar
[2025-10-29T04:46:30.814+0700] {subprocess.py:93} INFO - 25/10/29 04:46:30 INFO Executor: Adding file:/tmp/spark-9b5601c3-2604-4329-96a9-2acd26b15b3b/userFiles-aea26ef7-c302-475e-b973-6d5f0f9f07c1/org.checkerframework_checker-qual-3.31.0.jar to class loader default
[2025-10-29T04:46:30.815+0700] {subprocess.py:93} INFO - 25/10/29 04:46:30 INFO Executor: Fetching spark://781fdc00a34c:43167/jars/org.postgresql_postgresql-42.6.0.jar with timestamp 1761687989289
[2025-10-29T04:46:30.816+0700] {subprocess.py:93} INFO - 25/10/29 04:46:30 INFO Utils: Fetching spark://781fdc00a34c:43167/jars/org.postgresql_postgresql-42.6.0.jar to /tmp/spark-9b5601c3-2604-4329-96a9-2acd26b15b3b/userFiles-aea26ef7-c302-475e-b973-6d5f0f9f07c1/fetchFileTemp15037206921937558526.tmp
[2025-10-29T04:46:30.847+0700] {subprocess.py:93} INFO - 25/10/29 04:46:30 INFO Utils: /tmp/spark-9b5601c3-2604-4329-96a9-2acd26b15b3b/userFiles-aea26ef7-c302-475e-b973-6d5f0f9f07c1/fetchFileTemp15037206921937558526.tmp has been previously copied to /tmp/spark-9b5601c3-2604-4329-96a9-2acd26b15b3b/userFiles-aea26ef7-c302-475e-b973-6d5f0f9f07c1/org.postgresql_postgresql-42.6.0.jar
[2025-10-29T04:46:30.854+0700] {subprocess.py:93} INFO - 25/10/29 04:46:30 INFO Executor: Adding file:/tmp/spark-9b5601c3-2604-4329-96a9-2acd26b15b3b/userFiles-aea26ef7-c302-475e-b973-6d5f0f9f07c1/org.postgresql_postgresql-42.6.0.jar to class loader default
[2025-10-29T04:46:30.855+0700] {subprocess.py:93} INFO - 25/10/29 04:46:30 INFO Executor: Fetching spark://781fdc00a34c:43167/jars/org.lz4_lz4-java-1.8.0.jar with timestamp 1761687989289
[2025-10-29T04:46:30.857+0700] {subprocess.py:93} INFO - 25/10/29 04:46:30 INFO Utils: Fetching spark://781fdc00a34c:43167/jars/org.lz4_lz4-java-1.8.0.jar to /tmp/spark-9b5601c3-2604-4329-96a9-2acd26b15b3b/userFiles-aea26ef7-c302-475e-b973-6d5f0f9f07c1/fetchFileTemp11430218599043806108.tmp
[2025-10-29T04:46:30.870+0700] {subprocess.py:93} INFO - 25/10/29 04:46:30 INFO Utils: /tmp/spark-9b5601c3-2604-4329-96a9-2acd26b15b3b/userFiles-aea26ef7-c302-475e-b973-6d5f0f9f07c1/fetchFileTemp11430218599043806108.tmp has been previously copied to /tmp/spark-9b5601c3-2604-4329-96a9-2acd26b15b3b/userFiles-aea26ef7-c302-475e-b973-6d5f0f9f07c1/org.lz4_lz4-java-1.8.0.jar
[2025-10-29T04:46:30.897+0700] {subprocess.py:93} INFO - 25/10/29 04:46:30 INFO Executor: Adding file:/tmp/spark-9b5601c3-2604-4329-96a9-2acd26b15b3b/userFiles-aea26ef7-c302-475e-b973-6d5f0f9f07c1/org.lz4_lz4-java-1.8.0.jar to class loader default
[2025-10-29T04:46:30.899+0700] {subprocess.py:93} INFO - 25/10/29 04:46:30 INFO Executor: Fetching spark://781fdc00a34c:43167/jars/org.apache.spark_spark-token-provider-kafka-0-10_2.12-3.5.1.jar with timestamp 1761687989289
[2025-10-29T04:46:30.900+0700] {subprocess.py:93} INFO - 25/10/29 04:46:30 INFO Utils: Fetching spark://781fdc00a34c:43167/jars/org.apache.spark_spark-token-provider-kafka-0-10_2.12-3.5.1.jar to /tmp/spark-9b5601c3-2604-4329-96a9-2acd26b15b3b/userFiles-aea26ef7-c302-475e-b973-6d5f0f9f07c1/fetchFileTemp14172313828121622740.tmp
[2025-10-29T04:46:30.903+0700] {subprocess.py:93} INFO - 25/10/29 04:46:30 INFO Utils: /tmp/spark-9b5601c3-2604-4329-96a9-2acd26b15b3b/userFiles-aea26ef7-c302-475e-b973-6d5f0f9f07c1/fetchFileTemp14172313828121622740.tmp has been previously copied to /tmp/spark-9b5601c3-2604-4329-96a9-2acd26b15b3b/userFiles-aea26ef7-c302-475e-b973-6d5f0f9f07c1/org.apache.spark_spark-token-provider-kafka-0-10_2.12-3.5.1.jar
[2025-10-29T04:46:30.913+0700] {subprocess.py:93} INFO - 25/10/29 04:46:30 INFO Executor: Adding file:/tmp/spark-9b5601c3-2604-4329-96a9-2acd26b15b3b/userFiles-aea26ef7-c302-475e-b973-6d5f0f9f07c1/org.apache.spark_spark-token-provider-kafka-0-10_2.12-3.5.1.jar to class loader default
[2025-10-29T04:46:30.915+0700] {subprocess.py:93} INFO - 25/10/29 04:46:30 INFO Executor: Fetching spark://781fdc00a34c:43167/jars/org.apache.hadoop_hadoop-client-runtime-3.3.4.jar with timestamp 1761687989289
[2025-10-29T04:46:30.918+0700] {subprocess.py:93} INFO - 25/10/29 04:46:30 INFO Utils: Fetching spark://781fdc00a34c:43167/jars/org.apache.hadoop_hadoop-client-runtime-3.3.4.jar to /tmp/spark-9b5601c3-2604-4329-96a9-2acd26b15b3b/userFiles-aea26ef7-c302-475e-b973-6d5f0f9f07c1/fetchFileTemp1795235619268822083.tmp
[2025-10-29T04:46:31.401+0700] {subprocess.py:93} INFO - 25/10/29 04:46:31 INFO Utils: /tmp/spark-9b5601c3-2604-4329-96a9-2acd26b15b3b/userFiles-aea26ef7-c302-475e-b973-6d5f0f9f07c1/fetchFileTemp1795235619268822083.tmp has been previously copied to /tmp/spark-9b5601c3-2604-4329-96a9-2acd26b15b3b/userFiles-aea26ef7-c302-475e-b973-6d5f0f9f07c1/org.apache.hadoop_hadoop-client-runtime-3.3.4.jar
[2025-10-29T04:46:31.552+0700] {subprocess.py:93} INFO - 25/10/29 04:46:31 INFO Executor: Adding file:/tmp/spark-9b5601c3-2604-4329-96a9-2acd26b15b3b/userFiles-aea26ef7-c302-475e-b973-6d5f0f9f07c1/org.apache.hadoop_hadoop-client-runtime-3.3.4.jar to class loader default
[2025-10-29T04:46:31.552+0700] {subprocess.py:93} INFO - 25/10/29 04:46:31 INFO Executor: Fetching spark://781fdc00a34c:43167/jars/org.xerial.snappy_snappy-java-1.1.10.3.jar with timestamp 1761687989289
[2025-10-29T04:46:31.553+0700] {subprocess.py:93} INFO - 25/10/29 04:46:31 INFO Utils: Fetching spark://781fdc00a34c:43167/jars/org.xerial.snappy_snappy-java-1.1.10.3.jar to /tmp/spark-9b5601c3-2604-4329-96a9-2acd26b15b3b/userFiles-aea26ef7-c302-475e-b973-6d5f0f9f07c1/fetchFileTemp7832932339078626846.tmp
[2025-10-29T04:46:31.557+0700] {subprocess.py:93} INFO - 25/10/29 04:46:31 INFO Utils: /tmp/spark-9b5601c3-2604-4329-96a9-2acd26b15b3b/userFiles-aea26ef7-c302-475e-b973-6d5f0f9f07c1/fetchFileTemp7832932339078626846.tmp has been previously copied to /tmp/spark-9b5601c3-2604-4329-96a9-2acd26b15b3b/userFiles-aea26ef7-c302-475e-b973-6d5f0f9f07c1/org.xerial.snappy_snappy-java-1.1.10.3.jar
[2025-10-29T04:46:31.610+0700] {subprocess.py:93} INFO - 25/10/29 04:46:31 INFO Executor: Adding file:/tmp/spark-9b5601c3-2604-4329-96a9-2acd26b15b3b/userFiles-aea26ef7-c302-475e-b973-6d5f0f9f07c1/org.xerial.snappy_snappy-java-1.1.10.3.jar to class loader default
[2025-10-29T04:46:31.610+0700] {subprocess.py:93} INFO - 25/10/29 04:46:31 INFO Executor: Fetching spark://781fdc00a34c:43167/jars/org.slf4j_slf4j-api-2.0.7.jar with timestamp 1761687989289
[2025-10-29T04:46:31.610+0700] {subprocess.py:93} INFO - 25/10/29 04:46:31 INFO Utils: Fetching spark://781fdc00a34c:43167/jars/org.slf4j_slf4j-api-2.0.7.jar to /tmp/spark-9b5601c3-2604-4329-96a9-2acd26b15b3b/userFiles-aea26ef7-c302-475e-b973-6d5f0f9f07c1/fetchFileTemp539475487055826784.tmp
[2025-10-29T04:46:31.611+0700] {subprocess.py:93} INFO - 25/10/29 04:46:31 INFO Utils: /tmp/spark-9b5601c3-2604-4329-96a9-2acd26b15b3b/userFiles-aea26ef7-c302-475e-b973-6d5f0f9f07c1/fetchFileTemp539475487055826784.tmp has been previously copied to /tmp/spark-9b5601c3-2604-4329-96a9-2acd26b15b3b/userFiles-aea26ef7-c302-475e-b973-6d5f0f9f07c1/org.slf4j_slf4j-api-2.0.7.jar
[2025-10-29T04:46:31.632+0700] {subprocess.py:93} INFO - 25/10/29 04:46:31 INFO Executor: Adding file:/tmp/spark-9b5601c3-2604-4329-96a9-2acd26b15b3b/userFiles-aea26ef7-c302-475e-b973-6d5f0f9f07c1/org.slf4j_slf4j-api-2.0.7.jar to class loader default
[2025-10-29T04:46:31.633+0700] {subprocess.py:93} INFO - 25/10/29 04:46:31 INFO Executor: Fetching spark://781fdc00a34c:43167/jars/org.apache.commons_commons-pool2-2.11.1.jar with timestamp 1761687989289
[2025-10-29T04:46:31.633+0700] {subprocess.py:93} INFO - 25/10/29 04:46:31 INFO Utils: Fetching spark://781fdc00a34c:43167/jars/org.apache.commons_commons-pool2-2.11.1.jar to /tmp/spark-9b5601c3-2604-4329-96a9-2acd26b15b3b/userFiles-aea26ef7-c302-475e-b973-6d5f0f9f07c1/fetchFileTemp15647459710910291015.tmp
[2025-10-29T04:46:31.634+0700] {subprocess.py:93} INFO - 25/10/29 04:46:31 INFO Utils: /tmp/spark-9b5601c3-2604-4329-96a9-2acd26b15b3b/userFiles-aea26ef7-c302-475e-b973-6d5f0f9f07c1/fetchFileTemp15647459710910291015.tmp has been previously copied to /tmp/spark-9b5601c3-2604-4329-96a9-2acd26b15b3b/userFiles-aea26ef7-c302-475e-b973-6d5f0f9f07c1/org.apache.commons_commons-pool2-2.11.1.jar
[2025-10-29T04:46:31.637+0700] {subprocess.py:93} INFO - 25/10/29 04:46:31 INFO Executor: Adding file:/tmp/spark-9b5601c3-2604-4329-96a9-2acd26b15b3b/userFiles-aea26ef7-c302-475e-b973-6d5f0f9f07c1/org.apache.commons_commons-pool2-2.11.1.jar to class loader default
[2025-10-29T04:46:31.637+0700] {subprocess.py:93} INFO - 25/10/29 04:46:31 INFO Executor: Fetching spark://781fdc00a34c:43167/jars/org.apache.spark_spark-sql-kafka-0-10_2.12-3.5.1.jar with timestamp 1761687989289
[2025-10-29T04:46:31.638+0700] {subprocess.py:93} INFO - 25/10/29 04:46:31 INFO Utils: Fetching spark://781fdc00a34c:43167/jars/org.apache.spark_spark-sql-kafka-0-10_2.12-3.5.1.jar to /tmp/spark-9b5601c3-2604-4329-96a9-2acd26b15b3b/userFiles-aea26ef7-c302-475e-b973-6d5f0f9f07c1/fetchFileTemp10703731810024997653.tmp
[2025-10-29T04:46:31.639+0700] {subprocess.py:93} INFO - 25/10/29 04:46:31 INFO Utils: /tmp/spark-9b5601c3-2604-4329-96a9-2acd26b15b3b/userFiles-aea26ef7-c302-475e-b973-6d5f0f9f07c1/fetchFileTemp10703731810024997653.tmp has been previously copied to /tmp/spark-9b5601c3-2604-4329-96a9-2acd26b15b3b/userFiles-aea26ef7-c302-475e-b973-6d5f0f9f07c1/org.apache.spark_spark-sql-kafka-0-10_2.12-3.5.1.jar
[2025-10-29T04:46:31.643+0700] {subprocess.py:93} INFO - 25/10/29 04:46:31 INFO Executor: Adding file:/tmp/spark-9b5601c3-2604-4329-96a9-2acd26b15b3b/userFiles-aea26ef7-c302-475e-b973-6d5f0f9f07c1/org.apache.spark_spark-sql-kafka-0-10_2.12-3.5.1.jar to class loader default
[2025-10-29T04:46:31.643+0700] {subprocess.py:93} INFO - 25/10/29 04:46:31 INFO Executor: Fetching spark://781fdc00a34c:43167/jars/com.google.code.findbugs_jsr305-3.0.0.jar with timestamp 1761687989289
[2025-10-29T04:46:31.643+0700] {subprocess.py:93} INFO - 25/10/29 04:46:31 INFO Utils: Fetching spark://781fdc00a34c:43167/jars/com.google.code.findbugs_jsr305-3.0.0.jar to /tmp/spark-9b5601c3-2604-4329-96a9-2acd26b15b3b/userFiles-aea26ef7-c302-475e-b973-6d5f0f9f07c1/fetchFileTemp7125867113817008711.tmp
[2025-10-29T04:46:31.644+0700] {subprocess.py:93} INFO - 25/10/29 04:46:31 INFO Utils: /tmp/spark-9b5601c3-2604-4329-96a9-2acd26b15b3b/userFiles-aea26ef7-c302-475e-b973-6d5f0f9f07c1/fetchFileTemp7125867113817008711.tmp has been previously copied to /tmp/spark-9b5601c3-2604-4329-96a9-2acd26b15b3b/userFiles-aea26ef7-c302-475e-b973-6d5f0f9f07c1/com.google.code.findbugs_jsr305-3.0.0.jar
[2025-10-29T04:46:31.647+0700] {subprocess.py:93} INFO - 25/10/29 04:46:31 INFO Executor: Adding file:/tmp/spark-9b5601c3-2604-4329-96a9-2acd26b15b3b/userFiles-aea26ef7-c302-475e-b973-6d5f0f9f07c1/com.google.code.findbugs_jsr305-3.0.0.jar to class loader default
[2025-10-29T04:46:31.648+0700] {subprocess.py:93} INFO - 25/10/29 04:46:31 INFO Executor: Fetching spark://781fdc00a34c:43167/jars/commons-logging_commons-logging-1.1.3.jar with timestamp 1761687989289
[2025-10-29T04:46:31.648+0700] {subprocess.py:93} INFO - 25/10/29 04:46:31 INFO Utils: Fetching spark://781fdc00a34c:43167/jars/commons-logging_commons-logging-1.1.3.jar to /tmp/spark-9b5601c3-2604-4329-96a9-2acd26b15b3b/userFiles-aea26ef7-c302-475e-b973-6d5f0f9f07c1/fetchFileTemp9968786879384675705.tmp
[2025-10-29T04:46:31.649+0700] {subprocess.py:93} INFO - 25/10/29 04:46:31 INFO Utils: /tmp/spark-9b5601c3-2604-4329-96a9-2acd26b15b3b/userFiles-aea26ef7-c302-475e-b973-6d5f0f9f07c1/fetchFileTemp9968786879384675705.tmp has been previously copied to /tmp/spark-9b5601c3-2604-4329-96a9-2acd26b15b3b/userFiles-aea26ef7-c302-475e-b973-6d5f0f9f07c1/commons-logging_commons-logging-1.1.3.jar
[2025-10-29T04:46:31.652+0700] {subprocess.py:93} INFO - 25/10/29 04:46:31 INFO Executor: Adding file:/tmp/spark-9b5601c3-2604-4329-96a9-2acd26b15b3b/userFiles-aea26ef7-c302-475e-b973-6d5f0f9f07c1/commons-logging_commons-logging-1.1.3.jar to class loader default
[2025-10-29T04:46:31.658+0700] {subprocess.py:93} INFO - 25/10/29 04:46:31 INFO Utils: Successfully started service 'org.apache.spark.network.netty.NettyBlockTransferService' on port 44339.
[2025-10-29T04:46:31.658+0700] {subprocess.py:93} INFO - 25/10/29 04:46:31 INFO NettyBlockTransferService: Server created on 781fdc00a34c:44339
[2025-10-29T04:46:31.659+0700] {subprocess.py:93} INFO - 25/10/29 04:46:31 INFO BlockManager: Using org.apache.spark.storage.RandomBlockReplicationPolicy for block replication policy
[2025-10-29T04:46:31.663+0700] {subprocess.py:93} INFO - 25/10/29 04:46:31 INFO BlockManagerMaster: Registering BlockManager BlockManagerId(driver, 781fdc00a34c, 44339, None)
[2025-10-29T04:46:31.666+0700] {subprocess.py:93} INFO - 25/10/29 04:46:31 INFO BlockManagerMasterEndpoint: Registering block manager 781fdc00a34c:44339 with 434.4 MiB RAM, BlockManagerId(driver, 781fdc00a34c, 44339, None)
[2025-10-29T04:46:31.667+0700] {subprocess.py:93} INFO - 25/10/29 04:46:31 INFO BlockManagerMaster: Registered BlockManager BlockManagerId(driver, 781fdc00a34c, 44339, None)
[2025-10-29T04:46:31.668+0700] {subprocess.py:93} INFO - 25/10/29 04:46:31 INFO BlockManager: Initialized BlockManager: BlockManagerId(driver, 781fdc00a34c, 44339, None)
[2025-10-29T04:46:33.913+0700] {subprocess.py:93} INFO - 25/10/29 04:46:33 WARN ResolveWriteToStream: spark.sql.adaptive.enabled is not supported in streaming DataFrames/Datasets and will be disabled.
[2025-10-29T04:46:34.047+0700] {subprocess.py:93} INFO - 🚀 Streaming job started — đang lắng nghe dữ liệu từ Kafka...
[2025-10-29T04:46:34.157+0700] {subprocess.py:93} INFO - 25/10/29 04:46:34 WARN AdminClientConfig: These configurations '[key.deserializer, value.deserializer, enable.auto.commit, max.poll.records, auto.offset.reset]' were supplied but are not used yet.
[2025-10-29T04:46:35.560+0700] {subprocess.py:93} INFO - [Batch 0] ⚠️ Không có dữ liệu mới.
[2025-10-29T04:46:36.853+0700] {subprocess.py:93} INFO - 25/10/29 04:46:36 WARN KafkaDataConsumer: KafkaDataConsumer is not running in UninterruptibleThread. It may hang when KafkaDataConsumer's methods are interrupted because of KAFKA-1894
[2025-10-29T04:46:37.375+0700] {subprocess.py:93} INFO - 25/10/29 04:46:37 WARN KafkaDataConsumer: KafkaDataConsumer is not running in UninterruptibleThread. It may hang when KafkaDataConsumer's methods are interrupted because of KAFKA-1894
[2025-10-29T04:46:37.375+0700] {subprocess.py:93} INFO - 25/10/29 04:46:37 WARN KafkaDataConsumer: KafkaDataConsumer is not running in UninterruptibleThread. It may hang when KafkaDataConsumer's methods are interrupted because of KAFKA-1894
[2025-10-29T04:47:24.007+0700] {subprocess.py:93} INFO - 25/10/29 04:47:23 WARN NetworkClient: [AdminClient clientId=adminclient-1] Connection to node 1001 (kafka/172.18.0.6:9092) could not be established. Broker may not be available.
[2025-10-29T04:47:24.103+0700] {subprocess.py:93} INFO - 25/10/29 04:47:24 WARN NetworkClient: [AdminClient clientId=adminclient-1] Connection to node 1001 (kafka/172.18.0.6:9092) could not be established. Broker may not be available.
