[2025-10-31T09:09:14.255+0700] {local_task_job_runner.py:120} INFO - ::group::Pre task execution logs
[2025-10-31T09:09:14.277+0700] {taskinstance.py:2073} INFO - Dependencies all met for dep_context=non-requeueable deps ti=<TaskInstance: absa_streaming_lifecycle_demo11.retrain_model scheduled__2025-10-31T01:00:00+00:00 [queued]>
[2025-10-31T09:09:14.285+0700] {taskinstance.py:2073} INFO - Dependencies all met for dep_context=requeueable deps ti=<TaskInstance: absa_streaming_lifecycle_demo11.retrain_model scheduled__2025-10-31T01:00:00+00:00 [queued]>
[2025-10-31T09:09:14.285+0700] {taskinstance.py:2303} INFO - Starting attempt 1 of 2
[2025-10-31T09:09:14.300+0700] {taskinstance.py:2327} INFO - Executing <Task(BashOperator): retrain_model> on 2025-10-31 01:00:00+00:00
[2025-10-31T09:09:14.308+0700] {warnings.py:110} WARNING - /home/***/.local/lib/python3.12/site-packages/***/task/task_runner/standard_task_runner.py:61: DeprecationWarning: This process (pid=338) is multi-threaded, use of fork() may lead to deadlocks in the child.
  pid = os.fork()

[2025-10-31T09:09:14.309+0700] {standard_task_runner.py:63} INFO - Started process 345 to run task
[2025-10-31T09:09:14.310+0700] {standard_task_runner.py:90} INFO - Running: ['***', 'tasks', 'run', 'absa_streaming_lifecycle_demo11', 'retrain_model', 'scheduled__2025-10-31T01:00:00+00:00', '--job-id', '5', '--raw', '--subdir', 'DAGS_FOLDER/absa_streaming_lifecycle_dag1.py', '--cfg-path', '/tmp/tmpod_n2in8']
[2025-10-31T09:09:14.313+0700] {standard_task_runner.py:91} INFO - Job 5: Subtask retrain_model
[2025-10-31T09:09:14.352+0700] {task_command.py:426} INFO - Running <TaskInstance: absa_streaming_lifecycle_demo11.retrain_model scheduled__2025-10-31T01:00:00+00:00 [running]> on host cf6042098ac0
[2025-10-31T09:09:14.413+0700] {taskinstance.py:2644} INFO - Exporting env vars: AIRFLOW_CTX_DAG_OWNER='***' AIRFLOW_CTX_DAG_ID='absa_streaming_lifecycle_demo11' AIRFLOW_CTX_TASK_ID='retrain_model' AIRFLOW_CTX_EXECUTION_DATE='2025-10-31T01:00:00+00:00' AIRFLOW_CTX_TRY_NUMBER='1' AIRFLOW_CTX_DAG_RUN_ID='scheduled__2025-10-31T01:00:00+00:00'
[2025-10-31T09:09:14.415+0700] {taskinstance.py:430} INFO - ::endgroup::
[2025-10-31T09:09:14.415+0700] {subprocess.py:63} INFO - Tmp dir root location: /tmp
[2025-10-31T09:09:14.416+0700] {subprocess.py:75} INFO - Running command: ['/usr/bin/bash', '-c', 'bash -c "set -euo pipefail; python /opt/***/projects/absa_streaming/scripts/retrain.py"']
[2025-10-31T09:09:14.427+0700] {subprocess.py:86} INFO - Output:
[2025-10-31T09:09:20.991+0700] {subprocess.py:93} INFO - /home/***/.local/lib/python3.12/site-packages/huggingface_hub/file_download.py:942: FutureWarning: `resume_download` is deprecated and will be removed in version 1.0.0. Downloads always resume when possible. If you want to force a new download, use `force_download=True`.
[2025-10-31T09:09:20.991+0700] {subprocess.py:93} INFO -   warnings.warn(
[2025-10-31T09:15:13.753+0700] {subprocess.py:93} INFO - /home/***/.local/lib/python3.12/site-packages/transformers/optimization.py:588: FutureWarning: This implementation of AdamW is deprecated and will be removed in a future version. Use the PyTorch implementation torch.optim.AdamW instead, or set `no_deprecation_warning=True` to disable this warning
[2025-10-31T09:15:13.823+0700] {subprocess.py:93} INFO -   warnings.warn(
[2025-10-31T09:20:46.889+0700] {subprocess.py:93} INFO - /opt/***/projects/absa_streaming/scripts/retrain.py:439: DeprecationWarning: datetime.datetime.utcnow() is deprecated and scheduled for removal in a future version. Use timezone-aware objects to represent datetimes in UTC: datetime.datetime.now(datetime.UTC).
[2025-10-31T09:20:46.894+0700] {subprocess.py:93} INFO -   "saved_at": datetime.utcnow().isoformat(),
[2025-10-31T09:20:55.583+0700] {subprocess.py:93} INFO - ==> Khởi động retrain.py (train=TRAIN; VAL chỉ hỗ trợ; quyết định dựa trên TEST cuối).
[2025-10-31T09:20:55.586+0700] {subprocess.py:93} INFO - [Info] F1_macro tốt nhất đã log: 0.0000
[2025-10-31T09:20:55.587+0700] {subprocess.py:93} INFO - [Info] VAL: /opt/***/projects/absa_streaming/data/val_data.csv (rows=936)
[2025-10-31T09:20:55.589+0700] {subprocess.py:93} INFO - [INFO] PostgreSQL rỗng — chưa có model retrain nào, dùng model mặc định.
[2025-10-31T09:20:55.592+0700] {subprocess.py:93} INFO - [INFO] 🔁 Dùng model mặc định: /opt/***/models/best_absa_hardshare.pt
[2025-10-31T09:20:55.595+0700] {subprocess.py:93} INFO - [INFO] Model đang train trên thiết bị: cuda
[2025-10-31T09:20:55.598+0700] {subprocess.py:93} INFO - Bắt đầu train 1 epoch
[2025-10-31T09:20:55.601+0700] {subprocess.py:93} INFO - Bắt đầu train 1 epoch
[2025-10-31T09:20:55.603+0700] {subprocess.py:93} INFO - Bắt đầu train 1 epoch
[2025-10-31T09:20:55.605+0700] {subprocess.py:93} INFO - Bắt đầu train 1 epoch
[2025-10-31T09:20:55.607+0700] {subprocess.py:93} INFO - [Epoch 4] time=34.5s | train_loss=nan | VAL: loss=nan acc=0.9006 f1_macro=0.8356 pre_macro=0.8500 rec_macro=0.8227
[2025-10-31T09:20:55.608+0700] {subprocess.py:93} INFO - Bắt đầu train 1 epoch
[2025-10-31T09:20:55.609+0700] {subprocess.py:93} INFO - Bắt đầu train 1 epoch
[2025-10-31T09:20:55.610+0700] {subprocess.py:93} INFO - Bắt đầu train 1 epoch
[2025-10-31T09:20:55.611+0700] {subprocess.py:93} INFO - Bắt đầu train 1 epoch
[2025-10-31T09:20:55.611+0700] {subprocess.py:93} INFO - [Epoch 8] time=35.7s | train_loss=nan | VAL: loss=nan acc=0.9022 f1_macro=0.8454 pre_macro=0.8502 rec_macro=0.8408
[2025-10-31T09:20:55.611+0700] {subprocess.py:93} INFO - [FINAL TEST] loss=nan | acc=0.8978 | f1_macro=0.8313 | pre_macro=0.8353 | rec_macro=0.8275
[2025-10-31T09:20:55.612+0700] {subprocess.py:93} INFO - [SAVE] Bắt đầu lưu model vào: /opt/***/models/newer_models/best_absa_4/model.pt
[2025-10-31T09:20:55.613+0700] {subprocess.py:93} INFO - [SAVE] Đã lưu file .pt và .json thành công.
[2025-10-31T09:20:55.614+0700] {subprocess.py:93} INFO - [SAVE] TEST f1_macro improved (0.0000 -> 0.8313). Đã cập nhật DB. Saved to: /opt/***/models/newer_models/best_absa_4
[2025-10-31T09:20:55.615+0700] {subprocess.py:93} INFO - ==> Retrain hoàn tất.
[2025-10-31T09:20:57.937+0700] {subprocess.py:97} INFO - Command exited with return code 0
[2025-10-31T09:20:57.965+0700] {taskinstance.py:441} INFO - ::group::Post task execution logs
[2025-10-31T09:20:58.538+0700] {taskinstance.py:1205} INFO - Marking task as SUCCESS. dag_id=absa_streaming_lifecycle_demo11, task_id=retrain_model, execution_date=20251031T010000, start_date=20251031T020914, end_date=20251031T022058
[2025-10-31T09:20:58.733+0700] {local_task_job_runner.py:240} INFO - Task exited with return code 0
[2025-10-31T09:20:59.013+0700] {taskinstance.py:3482} INFO - 0 downstream tasks scheduled from follow-on schedule check
[2025-10-31T09:20:59.015+0700] {local_task_job_runner.py:222} INFO - ::endgroup::
