[2025-10-31T07:49:38.591+0700] {local_task_job_runner.py:120} INFO - ::group::Pre task execution logs
[2025-10-31T07:49:38.603+0700] {taskinstance.py:2073} INFO - Dependencies all met for dep_context=non-requeueable deps ti=<TaskInstance: absa_streaming_lifecycle_demo11.deploy_consumer scheduled__2025-10-30T23:00:00+00:00 [queued]>
[2025-10-31T07:49:38.607+0700] {taskinstance.py:2073} INFO - Dependencies all met for dep_context=requeueable deps ti=<TaskInstance: absa_streaming_lifecycle_demo11.deploy_consumer scheduled__2025-10-30T23:00:00+00:00 [queued]>
[2025-10-31T07:49:38.607+0700] {taskinstance.py:2303} INFO - Starting attempt 3 of 6
[2025-10-31T07:49:38.614+0700] {taskinstance.py:2327} INFO - Executing <Task(BashOperator): deploy_consumer> on 2025-10-30 23:00:00+00:00
[2025-10-31T07:49:38.621+0700] {warnings.py:110} WARNING - /home/***/.local/lib/python3.12/site-packages/***/task/task_runner/standard_task_runner.py:61: DeprecationWarning: This process (pid=11244) is multi-threaded, use of fork() may lead to deadlocks in the child.
  pid = os.fork()

[2025-10-31T07:49:38.622+0700] {standard_task_runner.py:63} INFO - Started process 11246 to run task
[2025-10-31T07:49:38.622+0700] {standard_task_runner.py:90} INFO - Running: ['***', 'tasks', 'run', 'absa_streaming_lifecycle_demo11', 'deploy_consumer', 'scheduled__2025-10-30T23:00:00+00:00', '--job-id', '20', '--raw', '--subdir', 'DAGS_FOLDER/absa_streaming_lifecycle_dag1.py', '--cfg-path', '/tmp/tmp52u8wx9a']
[2025-10-31T07:49:38.623+0700] {standard_task_runner.py:91} INFO - Job 20: Subtask deploy_consumer
[2025-10-31T07:49:38.646+0700] {task_command.py:426} INFO - Running <TaskInstance: absa_streaming_lifecycle_demo11.deploy_consumer scheduled__2025-10-30T23:00:00+00:00 [running]> on host b701d4cdc1cf
[2025-10-31T07:49:38.686+0700] {taskinstance.py:2644} INFO - Exporting env vars: AIRFLOW_CTX_DAG_OWNER='***' AIRFLOW_CTX_DAG_ID='absa_streaming_lifecycle_demo11' AIRFLOW_CTX_TASK_ID='deploy_consumer' AIRFLOW_CTX_EXECUTION_DATE='2025-10-30T23:00:00+00:00' AIRFLOW_CTX_TRY_NUMBER='3' AIRFLOW_CTX_DAG_RUN_ID='scheduled__2025-10-30T23:00:00+00:00'
[2025-10-31T07:49:38.687+0700] {taskinstance.py:430} INFO - ::endgroup::
[2025-10-31T07:49:38.688+0700] {subprocess.py:63} INFO - Tmp dir root location: /tmp
[2025-10-31T07:49:38.688+0700] {subprocess.py:75} INFO - Running command: ['/usr/bin/bash', '-c', 'bash -c "timeout 45m /opt/***/projects/absa_streaming/scripts/run_consumer.sh"']
[2025-10-31T07:49:38.700+0700] {subprocess.py:86} INFO - Output:
[2025-10-31T07:49:38.704+0700] {subprocess.py:93} INFO - [Consumer] Starting Spark Structured Streaming job...
[2025-10-31T07:49:38.734+0700] {subprocess.py:93} INFO - /home/***/.local/lib/python3.12/site-packages/pyspark/bin/load-spark-env.sh: line 68: ps: command not found
[2025-10-31T07:49:39.577+0700] {subprocess.py:93} INFO - :: loading settings :: url = jar:file:/home/***/.local/lib/python3.12/site-packages/pyspark/jars/ivy-2.5.1.jar!/org/apache/ivy/core/settings/ivysettings.xml
[2025-10-31T07:49:39.626+0700] {subprocess.py:93} INFO - Ivy Default Cache set to: /home/***/.ivy2/cache
[2025-10-31T07:49:39.626+0700] {subprocess.py:93} INFO - The jars for the packages stored in: /home/***/.ivy2/jars
[2025-10-31T07:49:39.629+0700] {subprocess.py:93} INFO - org.apache.spark#spark-sql-kafka-0-10_2.12 added as a dependency
[2025-10-31T07:49:39.629+0700] {subprocess.py:93} INFO - org.postgresql#postgresql added as a dependency
[2025-10-31T07:49:39.629+0700] {subprocess.py:93} INFO - :: resolving dependencies :: org.apache.spark#spark-submit-parent-132d26f9-8e40-4350-b686-5dc5bb1f73a2;1.0
[2025-10-31T07:49:39.630+0700] {subprocess.py:93} INFO - 	confs: [default]
[2025-10-31T07:49:39.745+0700] {subprocess.py:93} INFO - 	found org.apache.spark#spark-sql-kafka-0-10_2.12;3.5.1 in central
[2025-10-31T07:49:39.787+0700] {subprocess.py:93} INFO - 	found org.apache.spark#spark-token-provider-kafka-0-10_2.12;3.5.1 in central
[2025-10-31T07:49:39.813+0700] {subprocess.py:93} INFO - 	found org.apache.kafka#kafka-clients;3.4.1 in central
[2025-10-31T07:49:39.831+0700] {subprocess.py:93} INFO - 	found org.lz4#lz4-java;1.8.0 in central
[2025-10-31T07:49:39.847+0700] {subprocess.py:93} INFO - 	found org.xerial.snappy#snappy-java;1.1.10.3 in central
[2025-10-31T07:49:39.860+0700] {subprocess.py:93} INFO - 	found org.slf4j#slf4j-api;2.0.7 in central
[2025-10-31T07:49:39.880+0700] {subprocess.py:93} INFO - 	found org.apache.hadoop#hadoop-client-runtime;3.3.4 in central
[2025-10-31T07:49:39.905+0700] {subprocess.py:93} INFO - 	found org.apache.hadoop#hadoop-client-api;3.3.4 in central
[2025-10-31T07:49:39.931+0700] {subprocess.py:93} INFO - 	found commons-logging#commons-logging;1.1.3 in central
[2025-10-31T07:49:39.944+0700] {subprocess.py:93} INFO - 	found com.google.code.findbugs#jsr305;3.0.0 in central
[2025-10-31T07:49:39.955+0700] {subprocess.py:93} INFO - 	found org.apache.commons#commons-pool2;2.11.1 in central
[2025-10-31T07:49:39.963+0700] {subprocess.py:93} INFO - 	found org.postgresql#postgresql;42.6.0 in central
[2025-10-31T07:49:39.971+0700] {subprocess.py:93} INFO - 	found org.checkerframework#checker-qual;3.31.0 in central
[2025-10-31T07:49:39.989+0700] {subprocess.py:93} INFO - :: resolution report :: resolve 350ms :: artifacts dl 10ms
[2025-10-31T07:49:39.990+0700] {subprocess.py:93} INFO - 	:: modules in use:
[2025-10-31T07:49:39.990+0700] {subprocess.py:93} INFO - 	com.google.code.findbugs#jsr305;3.0.0 from central in [default]
[2025-10-31T07:49:39.990+0700] {subprocess.py:93} INFO - 	commons-logging#commons-logging;1.1.3 from central in [default]
[2025-10-31T07:49:39.990+0700] {subprocess.py:93} INFO - 	org.apache.commons#commons-pool2;2.11.1 from central in [default]
[2025-10-31T07:49:39.991+0700] {subprocess.py:93} INFO - 	org.apache.hadoop#hadoop-client-api;3.3.4 from central in [default]
[2025-10-31T07:49:39.991+0700] {subprocess.py:93} INFO - 	org.apache.hadoop#hadoop-client-runtime;3.3.4 from central in [default]
[2025-10-31T07:49:39.991+0700] {subprocess.py:93} INFO - 	org.apache.kafka#kafka-clients;3.4.1 from central in [default]
[2025-10-31T07:49:39.991+0700] {subprocess.py:93} INFO - 	org.apache.spark#spark-sql-kafka-0-10_2.12;3.5.1 from central in [default]
[2025-10-31T07:49:39.991+0700] {subprocess.py:93} INFO - 	org.apache.spark#spark-token-provider-kafka-0-10_2.12;3.5.1 from central in [default]
[2025-10-31T07:49:39.991+0700] {subprocess.py:93} INFO - 	org.checkerframework#checker-qual;3.31.0 from central in [default]
[2025-10-31T07:49:39.991+0700] {subprocess.py:93} INFO - 	org.lz4#lz4-java;1.8.0 from central in [default]
[2025-10-31T07:49:39.992+0700] {subprocess.py:93} INFO - 	org.postgresql#postgresql;42.6.0 from central in [default]
[2025-10-31T07:49:39.992+0700] {subprocess.py:93} INFO - 	org.slf4j#slf4j-api;2.0.7 from central in [default]
[2025-10-31T07:49:39.992+0700] {subprocess.py:93} INFO - 	org.xerial.snappy#snappy-java;1.1.10.3 from central in [default]
[2025-10-31T07:49:39.992+0700] {subprocess.py:93} INFO - 	---------------------------------------------------------------------
[2025-10-31T07:49:39.993+0700] {subprocess.py:93} INFO - 	|                  |            modules            ||   artifacts   |
[2025-10-31T07:49:39.993+0700] {subprocess.py:93} INFO - 	|       conf       | number| search|dwnlded|evicted|| number|dwnlded|
[2025-10-31T07:49:39.993+0700] {subprocess.py:93} INFO - 	---------------------------------------------------------------------
[2025-10-31T07:49:39.993+0700] {subprocess.py:93} INFO - 	|      default     |   13  |   0   |   0   |   0   ||   13  |   0   |
[2025-10-31T07:49:39.993+0700] {subprocess.py:93} INFO - 	---------------------------------------------------------------------
[2025-10-31T07:49:39.996+0700] {subprocess.py:93} INFO - :: retrieving :: org.apache.spark#spark-submit-parent-132d26f9-8e40-4350-b686-5dc5bb1f73a2
[2025-10-31T07:49:39.996+0700] {subprocess.py:93} INFO - 	confs: [default]
[2025-10-31T07:49:40.003+0700] {subprocess.py:93} INFO - 	0 artifacts copied, 13 already retrieved (0kB/7ms)
[2025-10-31T07:49:40.122+0700] {subprocess.py:93} INFO - 25/10/31 07:49:40 WARN NativeCodeLoader: Unable to load native-hadoop library for your platform... using builtin-java classes where applicable
[2025-10-31T07:49:43.582+0700] {subprocess.py:93} INFO - 25/10/31 07:49:43 INFO SparkContext: Running Spark version 3.5.1
[2025-10-31T07:49:43.582+0700] {subprocess.py:93} INFO - 25/10/31 07:49:43 INFO SparkContext: OS info Linux, 6.14.0-33-generic, amd64
[2025-10-31T07:49:43.582+0700] {subprocess.py:93} INFO - 25/10/31 07:49:43 INFO SparkContext: Java version 17.0.17
[2025-10-31T07:49:43.592+0700] {subprocess.py:93} INFO - 25/10/31 07:49:43 INFO ResourceUtils: ==============================================================
[2025-10-31T07:49:43.593+0700] {subprocess.py:93} INFO - 25/10/31 07:49:43 INFO ResourceUtils: No custom resources configured for spark.driver.
[2025-10-31T07:49:43.593+0700] {subprocess.py:93} INFO - 25/10/31 07:49:43 INFO ResourceUtils: ==============================================================
[2025-10-31T07:49:43.593+0700] {subprocess.py:93} INFO - 25/10/31 07:49:43 INFO SparkContext: Submitted application: Kafka_ABSA_Postgres
[2025-10-31T07:49:43.604+0700] {subprocess.py:93} INFO - 25/10/31 07:49:43 INFO ResourceProfile: Default ResourceProfile created, executor resources: Map(cores -> name: cores, amount: 1, script: , vendor: , memory -> name: memory, amount: 1024, script: , vendor: , offHeap -> name: offHeap, amount: 0, script: , vendor: ), task resources: Map(cpus -> name: cpus, amount: 1.0)
[2025-10-31T07:49:43.608+0700] {subprocess.py:93} INFO - 25/10/31 07:49:43 INFO ResourceProfile: Limiting resource is cpu
[2025-10-31T07:49:43.609+0700] {subprocess.py:93} INFO - 25/10/31 07:49:43 INFO ResourceProfileManager: Added ResourceProfile id: 0
[2025-10-31T07:49:43.639+0700] {subprocess.py:93} INFO - 25/10/31 07:49:43 INFO SecurityManager: Changing view acls to: default
[2025-10-31T07:49:43.639+0700] {subprocess.py:93} INFO - 25/10/31 07:49:43 INFO SecurityManager: Changing modify acls to: default
[2025-10-31T07:49:43.639+0700] {subprocess.py:93} INFO - 25/10/31 07:49:43 INFO SecurityManager: Changing view acls groups to:
[2025-10-31T07:49:43.640+0700] {subprocess.py:93} INFO - 25/10/31 07:49:43 INFO SecurityManager: Changing modify acls groups to:
[2025-10-31T07:49:43.640+0700] {subprocess.py:93} INFO - 25/10/31 07:49:43 INFO SecurityManager: SecurityManager: authentication disabled; ui acls disabled; users with view permissions: default; groups with view permissions: EMPTY; users with modify permissions: default; groups with modify permissions: EMPTY
[2025-10-31T07:49:43.760+0700] {subprocess.py:93} INFO - 25/10/31 07:49:43 INFO Utils: Successfully started service 'sparkDriver' on port 41815.
[2025-10-31T07:49:43.780+0700] {subprocess.py:93} INFO - 25/10/31 07:49:43 INFO SparkEnv: Registering MapOutputTracker
[2025-10-31T07:49:43.801+0700] {subprocess.py:93} INFO - 25/10/31 07:49:43 INFO SparkEnv: Registering BlockManagerMaster
[2025-10-31T07:49:43.811+0700] {subprocess.py:93} INFO - 25/10/31 07:49:43 INFO BlockManagerMasterEndpoint: Using org.apache.spark.storage.DefaultTopologyMapper for getting topology information
[2025-10-31T07:49:43.812+0700] {subprocess.py:93} INFO - 25/10/31 07:49:43 INFO BlockManagerMasterEndpoint: BlockManagerMasterEndpoint up
[2025-10-31T07:49:43.814+0700] {subprocess.py:93} INFO - 25/10/31 07:49:43 INFO SparkEnv: Registering BlockManagerMasterHeartbeat
[2025-10-31T07:49:43.826+0700] {subprocess.py:93} INFO - 25/10/31 07:49:43 INFO DiskBlockManager: Created local directory at /tmp/blockmgr-f3e51712-d7e5-4441-8558-1a8d3e6792a7
[2025-10-31T07:49:43.835+0700] {subprocess.py:93} INFO - 25/10/31 07:49:43 INFO MemoryStore: MemoryStore started with capacity 434.4 MiB
[2025-10-31T07:49:43.844+0700] {subprocess.py:93} INFO - 25/10/31 07:49:43 INFO SparkEnv: Registering OutputCommitCoordinator
[2025-10-31T07:49:43.916+0700] {subprocess.py:93} INFO - 25/10/31 07:49:43 INFO JettyUtils: Start Jetty 0.0.0.0:4040 for SparkUI
[2025-10-31T07:49:43.950+0700] {subprocess.py:93} INFO - 25/10/31 07:49:43 INFO Utils: Successfully started service 'SparkUI' on port 4040.
[2025-10-31T07:49:43.975+0700] {subprocess.py:93} INFO - 25/10/31 07:49:43 INFO SparkContext: Added JAR file:///home/***/.ivy2/jars/org.apache.spark_spark-sql-kafka-0-10_2.12-3.5.1.jar at spark://b701d4cdc1cf:41815/jars/org.apache.spark_spark-sql-kafka-0-10_2.12-3.5.1.jar with timestamp 1761871783578
[2025-10-31T07:49:43.976+0700] {subprocess.py:93} INFO - 25/10/31 07:49:43 INFO SparkContext: Added JAR file:///home/***/.ivy2/jars/org.postgresql_postgresql-42.6.0.jar at spark://b701d4cdc1cf:41815/jars/org.postgresql_postgresql-42.6.0.jar with timestamp 1761871783578
[2025-10-31T07:49:43.976+0700] {subprocess.py:93} INFO - 25/10/31 07:49:43 INFO SparkContext: Added JAR file:///home/***/.ivy2/jars/org.apache.spark_spark-token-provider-kafka-0-10_2.12-3.5.1.jar at spark://b701d4cdc1cf:41815/jars/org.apache.spark_spark-token-provider-kafka-0-10_2.12-3.5.1.jar with timestamp 1761871783578
[2025-10-31T07:49:43.976+0700] {subprocess.py:93} INFO - 25/10/31 07:49:43 INFO SparkContext: Added JAR file:///home/***/.ivy2/jars/org.apache.kafka_kafka-clients-3.4.1.jar at spark://b701d4cdc1cf:41815/jars/org.apache.kafka_kafka-clients-3.4.1.jar with timestamp 1761871783578
[2025-10-31T07:49:43.976+0700] {subprocess.py:93} INFO - 25/10/31 07:49:43 INFO SparkContext: Added JAR file:///home/***/.ivy2/jars/com.google.code.findbugs_jsr305-3.0.0.jar at spark://b701d4cdc1cf:41815/jars/com.google.code.findbugs_jsr305-3.0.0.jar with timestamp 1761871783578
[2025-10-31T07:49:43.977+0700] {subprocess.py:93} INFO - 25/10/31 07:49:43 INFO SparkContext: Added JAR file:///home/***/.ivy2/jars/org.apache.commons_commons-pool2-2.11.1.jar at spark://b701d4cdc1cf:41815/jars/org.apache.commons_commons-pool2-2.11.1.jar with timestamp 1761871783578
[2025-10-31T07:49:43.977+0700] {subprocess.py:93} INFO - 25/10/31 07:49:43 INFO SparkContext: Added JAR file:///home/***/.ivy2/jars/org.apache.hadoop_hadoop-client-runtime-3.3.4.jar at spark://b701d4cdc1cf:41815/jars/org.apache.hadoop_hadoop-client-runtime-3.3.4.jar with timestamp 1761871783578
[2025-10-31T07:49:43.977+0700] {subprocess.py:93} INFO - 25/10/31 07:49:43 INFO SparkContext: Added JAR file:///home/***/.ivy2/jars/org.lz4_lz4-java-1.8.0.jar at spark://b701d4cdc1cf:41815/jars/org.lz4_lz4-java-1.8.0.jar with timestamp 1761871783578
[2025-10-31T07:49:43.977+0700] {subprocess.py:93} INFO - 25/10/31 07:49:43 INFO SparkContext: Added JAR file:///home/***/.ivy2/jars/org.xerial.snappy_snappy-java-1.1.10.3.jar at spark://b701d4cdc1cf:41815/jars/org.xerial.snappy_snappy-java-1.1.10.3.jar with timestamp 1761871783578
[2025-10-31T07:49:43.977+0700] {subprocess.py:93} INFO - 25/10/31 07:49:43 INFO SparkContext: Added JAR file:///home/***/.ivy2/jars/org.slf4j_slf4j-api-2.0.7.jar at spark://b701d4cdc1cf:41815/jars/org.slf4j_slf4j-api-2.0.7.jar with timestamp 1761871783578
[2025-10-31T07:49:43.978+0700] {subprocess.py:93} INFO - 25/10/31 07:49:43 INFO SparkContext: Added JAR file:///home/***/.ivy2/jars/org.apache.hadoop_hadoop-client-api-3.3.4.jar at spark://b701d4cdc1cf:41815/jars/org.apache.hadoop_hadoop-client-api-3.3.4.jar with timestamp 1761871783578
[2025-10-31T07:49:43.978+0700] {subprocess.py:93} INFO - 25/10/31 07:49:43 INFO SparkContext: Added JAR file:///home/***/.ivy2/jars/commons-logging_commons-logging-1.1.3.jar at spark://b701d4cdc1cf:41815/jars/commons-logging_commons-logging-1.1.3.jar with timestamp 1761871783578
[2025-10-31T07:49:43.978+0700] {subprocess.py:93} INFO - 25/10/31 07:49:43 INFO SparkContext: Added JAR file:///home/***/.ivy2/jars/org.checkerframework_checker-qual-3.31.0.jar at spark://b701d4cdc1cf:41815/jars/org.checkerframework_checker-qual-3.31.0.jar with timestamp 1761871783578
[2025-10-31T07:49:43.979+0700] {subprocess.py:93} INFO - 25/10/31 07:49:43 INFO SparkContext: Added file file:///home/***/.ivy2/jars/org.apache.spark_spark-sql-kafka-0-10_2.12-3.5.1.jar at file:///home/***/.ivy2/jars/org.apache.spark_spark-sql-kafka-0-10_2.12-3.5.1.jar with timestamp 1761871783578
[2025-10-31T07:49:43.979+0700] {subprocess.py:93} INFO - 25/10/31 07:49:43 INFO Utils: Copying /home/***/.ivy2/jars/org.apache.spark_spark-sql-kafka-0-10_2.12-3.5.1.jar to /tmp/spark-70600b17-4100-44f6-a748-89e275e50bb8/userFiles-e760afbc-3d3a-43ee-9d95-1fa067b2ac09/org.apache.spark_spark-sql-kafka-0-10_2.12-3.5.1.jar
[2025-10-31T07:49:43.987+0700] {subprocess.py:93} INFO - 25/10/31 07:49:43 INFO SparkContext: Added file file:///home/***/.ivy2/jars/org.postgresql_postgresql-42.6.0.jar at file:///home/***/.ivy2/jars/org.postgresql_postgresql-42.6.0.jar with timestamp 1761871783578
[2025-10-31T07:49:43.987+0700] {subprocess.py:93} INFO - 25/10/31 07:49:43 INFO Utils: Copying /home/***/.ivy2/jars/org.postgresql_postgresql-42.6.0.jar to /tmp/spark-70600b17-4100-44f6-a748-89e275e50bb8/userFiles-e760afbc-3d3a-43ee-9d95-1fa067b2ac09/org.postgresql_postgresql-42.6.0.jar
[2025-10-31T07:49:43.991+0700] {subprocess.py:93} INFO - 25/10/31 07:49:43 INFO SparkContext: Added file file:///home/***/.ivy2/jars/org.apache.spark_spark-token-provider-kafka-0-10_2.12-3.5.1.jar at file:///home/***/.ivy2/jars/org.apache.spark_spark-token-provider-kafka-0-10_2.12-3.5.1.jar with timestamp 1761871783578
[2025-10-31T07:49:43.991+0700] {subprocess.py:93} INFO - 25/10/31 07:49:43 INFO Utils: Copying /home/***/.ivy2/jars/org.apache.spark_spark-token-provider-kafka-0-10_2.12-3.5.1.jar to /tmp/spark-70600b17-4100-44f6-a748-89e275e50bb8/userFiles-e760afbc-3d3a-43ee-9d95-1fa067b2ac09/org.apache.spark_spark-token-provider-kafka-0-10_2.12-3.5.1.jar
[2025-10-31T07:49:43.994+0700] {subprocess.py:93} INFO - 25/10/31 07:49:43 INFO SparkContext: Added file file:///home/***/.ivy2/jars/org.apache.kafka_kafka-clients-3.4.1.jar at file:///home/***/.ivy2/jars/org.apache.kafka_kafka-clients-3.4.1.jar with timestamp 1761871783578
[2025-10-31T07:49:43.994+0700] {subprocess.py:93} INFO - 25/10/31 07:49:43 INFO Utils: Copying /home/***/.ivy2/jars/org.apache.kafka_kafka-clients-3.4.1.jar to /tmp/spark-70600b17-4100-44f6-a748-89e275e50bb8/userFiles-e760afbc-3d3a-43ee-9d95-1fa067b2ac09/org.apache.kafka_kafka-clients-3.4.1.jar
[2025-10-31T07:49:43.999+0700] {subprocess.py:93} INFO - 25/10/31 07:49:43 INFO SparkContext: Added file file:///home/***/.ivy2/jars/com.google.code.findbugs_jsr305-3.0.0.jar at file:///home/***/.ivy2/jars/com.google.code.findbugs_jsr305-3.0.0.jar with timestamp 1761871783578
[2025-10-31T07:49:43.999+0700] {subprocess.py:93} INFO - 25/10/31 07:49:43 INFO Utils: Copying /home/***/.ivy2/jars/com.google.code.findbugs_jsr305-3.0.0.jar to /tmp/spark-70600b17-4100-44f6-a748-89e275e50bb8/userFiles-e760afbc-3d3a-43ee-9d95-1fa067b2ac09/com.google.code.findbugs_jsr305-3.0.0.jar
[2025-10-31T07:49:44.002+0700] {subprocess.py:93} INFO - 25/10/31 07:49:44 INFO SparkContext: Added file file:///home/***/.ivy2/jars/org.apache.commons_commons-pool2-2.11.1.jar at file:///home/***/.ivy2/jars/org.apache.commons_commons-pool2-2.11.1.jar with timestamp 1761871783578
[2025-10-31T07:49:44.002+0700] {subprocess.py:93} INFO - 25/10/31 07:49:44 INFO Utils: Copying /home/***/.ivy2/jars/org.apache.commons_commons-pool2-2.11.1.jar to /tmp/spark-70600b17-4100-44f6-a748-89e275e50bb8/userFiles-e760afbc-3d3a-43ee-9d95-1fa067b2ac09/org.apache.commons_commons-pool2-2.11.1.jar
[2025-10-31T07:49:44.005+0700] {subprocess.py:93} INFO - 25/10/31 07:49:44 INFO SparkContext: Added file file:///home/***/.ivy2/jars/org.apache.hadoop_hadoop-client-runtime-3.3.4.jar at file:///home/***/.ivy2/jars/org.apache.hadoop_hadoop-client-runtime-3.3.4.jar with timestamp 1761871783578
[2025-10-31T07:49:44.005+0700] {subprocess.py:93} INFO - 25/10/31 07:49:44 INFO Utils: Copying /home/***/.ivy2/jars/org.apache.hadoop_hadoop-client-runtime-3.3.4.jar to /tmp/spark-70600b17-4100-44f6-a748-89e275e50bb8/userFiles-e760afbc-3d3a-43ee-9d95-1fa067b2ac09/org.apache.hadoop_hadoop-client-runtime-3.3.4.jar
[2025-10-31T07:49:44.021+0700] {subprocess.py:93} INFO - 25/10/31 07:49:44 INFO SparkContext: Added file file:///home/***/.ivy2/jars/org.lz4_lz4-java-1.8.0.jar at file:///home/***/.ivy2/jars/org.lz4_lz4-java-1.8.0.jar with timestamp 1761871783578
[2025-10-31T07:49:44.022+0700] {subprocess.py:93} INFO - 25/10/31 07:49:44 INFO Utils: Copying /home/***/.ivy2/jars/org.lz4_lz4-java-1.8.0.jar to /tmp/spark-70600b17-4100-44f6-a748-89e275e50bb8/userFiles-e760afbc-3d3a-43ee-9d95-1fa067b2ac09/org.lz4_lz4-java-1.8.0.jar
[2025-10-31T07:49:44.025+0700] {subprocess.py:93} INFO - 25/10/31 07:49:44 INFO SparkContext: Added file file:///home/***/.ivy2/jars/org.xerial.snappy_snappy-java-1.1.10.3.jar at file:///home/***/.ivy2/jars/org.xerial.snappy_snappy-java-1.1.10.3.jar with timestamp 1761871783578
[2025-10-31T07:49:44.025+0700] {subprocess.py:93} INFO - 25/10/31 07:49:44 INFO Utils: Copying /home/***/.ivy2/jars/org.xerial.snappy_snappy-java-1.1.10.3.jar to /tmp/spark-70600b17-4100-44f6-a748-89e275e50bb8/userFiles-e760afbc-3d3a-43ee-9d95-1fa067b2ac09/org.xerial.snappy_snappy-java-1.1.10.3.jar
[2025-10-31T07:49:44.028+0700] {subprocess.py:93} INFO - 25/10/31 07:49:44 INFO SparkContext: Added file file:///home/***/.ivy2/jars/org.slf4j_slf4j-api-2.0.7.jar at file:///home/***/.ivy2/jars/org.slf4j_slf4j-api-2.0.7.jar with timestamp 1761871783578
[2025-10-31T07:49:44.028+0700] {subprocess.py:93} INFO - 25/10/31 07:49:44 INFO Utils: Copying /home/***/.ivy2/jars/org.slf4j_slf4j-api-2.0.7.jar to /tmp/spark-70600b17-4100-44f6-a748-89e275e50bb8/userFiles-e760afbc-3d3a-43ee-9d95-1fa067b2ac09/org.slf4j_slf4j-api-2.0.7.jar
[2025-10-31T07:49:44.031+0700] {subprocess.py:93} INFO - 25/10/31 07:49:44 INFO SparkContext: Added file file:///home/***/.ivy2/jars/org.apache.hadoop_hadoop-client-api-3.3.4.jar at file:///home/***/.ivy2/jars/org.apache.hadoop_hadoop-client-api-3.3.4.jar with timestamp 1761871783578
[2025-10-31T07:49:44.031+0700] {subprocess.py:93} INFO - 25/10/31 07:49:44 INFO Utils: Copying /home/***/.ivy2/jars/org.apache.hadoop_hadoop-client-api-3.3.4.jar to /tmp/spark-70600b17-4100-44f6-a748-89e275e50bb8/userFiles-e760afbc-3d3a-43ee-9d95-1fa067b2ac09/org.apache.hadoop_hadoop-client-api-3.3.4.jar
[2025-10-31T07:49:44.042+0700] {subprocess.py:93} INFO - 25/10/31 07:49:44 INFO SparkContext: Added file file:///home/***/.ivy2/jars/commons-logging_commons-logging-1.1.3.jar at file:///home/***/.ivy2/jars/commons-logging_commons-logging-1.1.3.jar with timestamp 1761871783578
[2025-10-31T07:49:44.042+0700] {subprocess.py:93} INFO - 25/10/31 07:49:44 INFO Utils: Copying /home/***/.ivy2/jars/commons-logging_commons-logging-1.1.3.jar to /tmp/spark-70600b17-4100-44f6-a748-89e275e50bb8/userFiles-e760afbc-3d3a-43ee-9d95-1fa067b2ac09/commons-logging_commons-logging-1.1.3.jar
[2025-10-31T07:49:44.045+0700] {subprocess.py:93} INFO - 25/10/31 07:49:44 INFO SparkContext: Added file file:///home/***/.ivy2/jars/org.checkerframework_checker-qual-3.31.0.jar at file:///home/***/.ivy2/jars/org.checkerframework_checker-qual-3.31.0.jar with timestamp 1761871783578
[2025-10-31T07:49:44.045+0700] {subprocess.py:93} INFO - 25/10/31 07:49:44 INFO Utils: Copying /home/***/.ivy2/jars/org.checkerframework_checker-qual-3.31.0.jar to /tmp/spark-70600b17-4100-44f6-a748-89e275e50bb8/userFiles-e760afbc-3d3a-43ee-9d95-1fa067b2ac09/org.checkerframework_checker-qual-3.31.0.jar
[2025-10-31T07:49:44.077+0700] {subprocess.py:93} INFO - 25/10/31 07:49:44 INFO Executor: Starting executor ID driver on host b701d4cdc1cf
[2025-10-31T07:49:44.078+0700] {subprocess.py:93} INFO - 25/10/31 07:49:44 INFO Executor: OS info Linux, 6.14.0-33-generic, amd64
[2025-10-31T07:49:44.078+0700] {subprocess.py:93} INFO - 25/10/31 07:49:44 INFO Executor: Java version 17.0.17
[2025-10-31T07:49:44.081+0700] {subprocess.py:93} INFO - 25/10/31 07:49:44 INFO Executor: Starting executor with user classpath (userClassPathFirst = false): ''
[2025-10-31T07:49:44.081+0700] {subprocess.py:93} INFO - 25/10/31 07:49:44 INFO Executor: Created or updated repl class loader org.apache.spark.util.MutableURLClassLoader@200c19a2 for default.
[2025-10-31T07:49:44.086+0700] {subprocess.py:93} INFO - 25/10/31 07:49:44 INFO Executor: Fetching file:///home/***/.ivy2/jars/org.apache.spark_spark-sql-kafka-0-10_2.12-3.5.1.jar with timestamp 1761871783578
[2025-10-31T07:49:44.098+0700] {subprocess.py:93} INFO - 25/10/31 07:49:44 INFO Utils: /home/***/.ivy2/jars/org.apache.spark_spark-sql-kafka-0-10_2.12-3.5.1.jar has been previously copied to /tmp/spark-70600b17-4100-44f6-a748-89e275e50bb8/userFiles-e760afbc-3d3a-43ee-9d95-1fa067b2ac09/org.apache.spark_spark-sql-kafka-0-10_2.12-3.5.1.jar
[2025-10-31T07:49:44.101+0700] {subprocess.py:93} INFO - 25/10/31 07:49:44 INFO Executor: Fetching file:///home/***/.ivy2/jars/org.apache.hadoop_hadoop-client-runtime-3.3.4.jar with timestamp 1761871783578
[2025-10-31T07:49:44.117+0700] {subprocess.py:93} INFO - 25/10/31 07:49:44 INFO Utils: /home/***/.ivy2/jars/org.apache.hadoop_hadoop-client-runtime-3.3.4.jar has been previously copied to /tmp/spark-70600b17-4100-44f6-a748-89e275e50bb8/userFiles-e760afbc-3d3a-43ee-9d95-1fa067b2ac09/org.apache.hadoop_hadoop-client-runtime-3.3.4.jar
[2025-10-31T07:49:44.119+0700] {subprocess.py:93} INFO - 25/10/31 07:49:44 INFO Executor: Fetching file:///home/***/.ivy2/jars/org.apache.hadoop_hadoop-client-api-3.3.4.jar with timestamp 1761871783578
[2025-10-31T07:49:44.129+0700] {subprocess.py:93} INFO - 25/10/31 07:49:44 INFO Utils: /home/***/.ivy2/jars/org.apache.hadoop_hadoop-client-api-3.3.4.jar has been previously copied to /tmp/spark-70600b17-4100-44f6-a748-89e275e50bb8/userFiles-e760afbc-3d3a-43ee-9d95-1fa067b2ac09/org.apache.hadoop_hadoop-client-api-3.3.4.jar
[2025-10-31T07:49:44.131+0700] {subprocess.py:93} INFO - 25/10/31 07:49:44 INFO Executor: Fetching file:///home/***/.ivy2/jars/org.apache.spark_spark-token-provider-kafka-0-10_2.12-3.5.1.jar with timestamp 1761871783578
[2025-10-31T07:49:44.131+0700] {subprocess.py:93} INFO - 25/10/31 07:49:44 INFO Utils: /home/***/.ivy2/jars/org.apache.spark_spark-token-provider-kafka-0-10_2.12-3.5.1.jar has been previously copied to /tmp/spark-70600b17-4100-44f6-a748-89e275e50bb8/userFiles-e760afbc-3d3a-43ee-9d95-1fa067b2ac09/org.apache.spark_spark-token-provider-kafka-0-10_2.12-3.5.1.jar
[2025-10-31T07:49:44.133+0700] {subprocess.py:93} INFO - 25/10/31 07:49:44 INFO Executor: Fetching file:///home/***/.ivy2/jars/com.google.code.findbugs_jsr305-3.0.0.jar with timestamp 1761871783578
[2025-10-31T07:49:44.133+0700] {subprocess.py:93} INFO - 25/10/31 07:49:44 INFO Utils: /home/***/.ivy2/jars/com.google.code.findbugs_jsr305-3.0.0.jar has been previously copied to /tmp/spark-70600b17-4100-44f6-a748-89e275e50bb8/userFiles-e760afbc-3d3a-43ee-9d95-1fa067b2ac09/com.google.code.findbugs_jsr305-3.0.0.jar
[2025-10-31T07:49:44.136+0700] {subprocess.py:93} INFO - 25/10/31 07:49:44 INFO Executor: Fetching file:///home/***/.ivy2/jars/org.lz4_lz4-java-1.8.0.jar with timestamp 1761871783578
[2025-10-31T07:49:44.136+0700] {subprocess.py:93} INFO - 25/10/31 07:49:44 INFO Utils: /home/***/.ivy2/jars/org.lz4_lz4-java-1.8.0.jar has been previously copied to /tmp/spark-70600b17-4100-44f6-a748-89e275e50bb8/userFiles-e760afbc-3d3a-43ee-9d95-1fa067b2ac09/org.lz4_lz4-java-1.8.0.jar
[2025-10-31T07:49:44.139+0700] {subprocess.py:93} INFO - 25/10/31 07:49:44 INFO Executor: Fetching file:///home/***/.ivy2/jars/org.slf4j_slf4j-api-2.0.7.jar with timestamp 1761871783578
[2025-10-31T07:49:44.139+0700] {subprocess.py:93} INFO - 25/10/31 07:49:44 INFO Utils: /home/***/.ivy2/jars/org.slf4j_slf4j-api-2.0.7.jar has been previously copied to /tmp/spark-70600b17-4100-44f6-a748-89e275e50bb8/userFiles-e760afbc-3d3a-43ee-9d95-1fa067b2ac09/org.slf4j_slf4j-api-2.0.7.jar
[2025-10-31T07:49:44.141+0700] {subprocess.py:93} INFO - 25/10/31 07:49:44 INFO Executor: Fetching file:///home/***/.ivy2/jars/org.checkerframework_checker-qual-3.31.0.jar with timestamp 1761871783578
[2025-10-31T07:49:44.141+0700] {subprocess.py:93} INFO - 25/10/31 07:49:44 INFO Utils: /home/***/.ivy2/jars/org.checkerframework_checker-qual-3.31.0.jar has been previously copied to /tmp/spark-70600b17-4100-44f6-a748-89e275e50bb8/userFiles-e760afbc-3d3a-43ee-9d95-1fa067b2ac09/org.checkerframework_checker-qual-3.31.0.jar
[2025-10-31T07:49:44.144+0700] {subprocess.py:93} INFO - 25/10/31 07:49:44 INFO Executor: Fetching file:///home/***/.ivy2/jars/org.apache.commons_commons-pool2-2.11.1.jar with timestamp 1761871783578
[2025-10-31T07:49:44.145+0700] {subprocess.py:93} INFO - 25/10/31 07:49:44 INFO Utils: /home/***/.ivy2/jars/org.apache.commons_commons-pool2-2.11.1.jar has been previously copied to /tmp/spark-70600b17-4100-44f6-a748-89e275e50bb8/userFiles-e760afbc-3d3a-43ee-9d95-1fa067b2ac09/org.apache.commons_commons-pool2-2.11.1.jar
[2025-10-31T07:49:44.147+0700] {subprocess.py:93} INFO - 25/10/31 07:49:44 INFO Executor: Fetching file:///home/***/.ivy2/jars/commons-logging_commons-logging-1.1.3.jar with timestamp 1761871783578
[2025-10-31T07:49:44.147+0700] {subprocess.py:93} INFO - 25/10/31 07:49:44 INFO Utils: /home/***/.ivy2/jars/commons-logging_commons-logging-1.1.3.jar has been previously copied to /tmp/spark-70600b17-4100-44f6-a748-89e275e50bb8/userFiles-e760afbc-3d3a-43ee-9d95-1fa067b2ac09/commons-logging_commons-logging-1.1.3.jar
[2025-10-31T07:49:44.150+0700] {subprocess.py:93} INFO - 25/10/31 07:49:44 INFO Executor: Fetching file:///home/***/.ivy2/jars/org.xerial.snappy_snappy-java-1.1.10.3.jar with timestamp 1761871783578
[2025-10-31T07:49:44.151+0700] {subprocess.py:93} INFO - 25/10/31 07:49:44 INFO Utils: /home/***/.ivy2/jars/org.xerial.snappy_snappy-java-1.1.10.3.jar has been previously copied to /tmp/spark-70600b17-4100-44f6-a748-89e275e50bb8/userFiles-e760afbc-3d3a-43ee-9d95-1fa067b2ac09/org.xerial.snappy_snappy-java-1.1.10.3.jar
[2025-10-31T07:49:44.154+0700] {subprocess.py:93} INFO - 25/10/31 07:49:44 INFO Executor: Fetching file:///home/***/.ivy2/jars/org.postgresql_postgresql-42.6.0.jar with timestamp 1761871783578
[2025-10-31T07:49:44.154+0700] {subprocess.py:93} INFO - 25/10/31 07:49:44 INFO Utils: /home/***/.ivy2/jars/org.postgresql_postgresql-42.6.0.jar has been previously copied to /tmp/spark-70600b17-4100-44f6-a748-89e275e50bb8/userFiles-e760afbc-3d3a-43ee-9d95-1fa067b2ac09/org.postgresql_postgresql-42.6.0.jar
[2025-10-31T07:49:44.157+0700] {subprocess.py:93} INFO - 25/10/31 07:49:44 INFO Executor: Fetching file:///home/***/.ivy2/jars/org.apache.kafka_kafka-clients-3.4.1.jar with timestamp 1761871783578
[2025-10-31T07:49:44.159+0700] {subprocess.py:93} INFO - 25/10/31 07:49:44 INFO Utils: /home/***/.ivy2/jars/org.apache.kafka_kafka-clients-3.4.1.jar has been previously copied to /tmp/spark-70600b17-4100-44f6-a748-89e275e50bb8/userFiles-e760afbc-3d3a-43ee-9d95-1fa067b2ac09/org.apache.kafka_kafka-clients-3.4.1.jar
[2025-10-31T07:49:44.162+0700] {subprocess.py:93} INFO - 25/10/31 07:49:44 INFO Executor: Fetching spark://b701d4cdc1cf:41815/jars/commons-logging_commons-logging-1.1.3.jar with timestamp 1761871783578
[2025-10-31T07:49:44.179+0700] {subprocess.py:93} INFO - 25/10/31 07:49:44 INFO TransportClientFactory: Successfully created connection to b701d4cdc1cf/172.18.0.8:41815 after 11 ms (0 ms spent in bootstraps)
[2025-10-31T07:49:44.182+0700] {subprocess.py:93} INFO - 25/10/31 07:49:44 INFO Utils: Fetching spark://b701d4cdc1cf:41815/jars/commons-logging_commons-logging-1.1.3.jar to /tmp/spark-70600b17-4100-44f6-a748-89e275e50bb8/userFiles-e760afbc-3d3a-43ee-9d95-1fa067b2ac09/fetchFileTemp4177420144330788586.tmp
[2025-10-31T07:49:44.195+0700] {subprocess.py:93} INFO - 25/10/31 07:49:44 INFO Utils: /tmp/spark-70600b17-4100-44f6-a748-89e275e50bb8/userFiles-e760afbc-3d3a-43ee-9d95-1fa067b2ac09/fetchFileTemp4177420144330788586.tmp has been previously copied to /tmp/spark-70600b17-4100-44f6-a748-89e275e50bb8/userFiles-e760afbc-3d3a-43ee-9d95-1fa067b2ac09/commons-logging_commons-logging-1.1.3.jar
[2025-10-31T07:49:44.197+0700] {subprocess.py:93} INFO - 25/10/31 07:49:44 INFO Executor: Adding file:/tmp/spark-70600b17-4100-44f6-a748-89e275e50bb8/userFiles-e760afbc-3d3a-43ee-9d95-1fa067b2ac09/commons-logging_commons-logging-1.1.3.jar to class loader default
[2025-10-31T07:49:44.198+0700] {subprocess.py:93} INFO - 25/10/31 07:49:44 INFO Executor: Fetching spark://b701d4cdc1cf:41815/jars/com.google.code.findbugs_jsr305-3.0.0.jar with timestamp 1761871783578
[2025-10-31T07:49:44.198+0700] {subprocess.py:93} INFO - 25/10/31 07:49:44 INFO Utils: Fetching spark://b701d4cdc1cf:41815/jars/com.google.code.findbugs_jsr305-3.0.0.jar to /tmp/spark-70600b17-4100-44f6-a748-89e275e50bb8/userFiles-e760afbc-3d3a-43ee-9d95-1fa067b2ac09/fetchFileTemp2740885667322495646.tmp
[2025-10-31T07:49:44.199+0700] {subprocess.py:93} INFO - 25/10/31 07:49:44 INFO Utils: /tmp/spark-70600b17-4100-44f6-a748-89e275e50bb8/userFiles-e760afbc-3d3a-43ee-9d95-1fa067b2ac09/fetchFileTemp2740885667322495646.tmp has been previously copied to /tmp/spark-70600b17-4100-44f6-a748-89e275e50bb8/userFiles-e760afbc-3d3a-43ee-9d95-1fa067b2ac09/com.google.code.findbugs_jsr305-3.0.0.jar
[2025-10-31T07:49:44.201+0700] {subprocess.py:93} INFO - 25/10/31 07:49:44 INFO Executor: Adding file:/tmp/spark-70600b17-4100-44f6-a748-89e275e50bb8/userFiles-e760afbc-3d3a-43ee-9d95-1fa067b2ac09/com.google.code.findbugs_jsr305-3.0.0.jar to class loader default
[2025-10-31T07:49:44.201+0700] {subprocess.py:93} INFO - 25/10/31 07:49:44 INFO Executor: Fetching spark://b701d4cdc1cf:41815/jars/org.apache.kafka_kafka-clients-3.4.1.jar with timestamp 1761871783578
[2025-10-31T07:49:44.201+0700] {subprocess.py:93} INFO - 25/10/31 07:49:44 INFO Utils: Fetching spark://b701d4cdc1cf:41815/jars/org.apache.kafka_kafka-clients-3.4.1.jar to /tmp/spark-70600b17-4100-44f6-a748-89e275e50bb8/userFiles-e760afbc-3d3a-43ee-9d95-1fa067b2ac09/fetchFileTemp7582659673420352041.tmp
[2025-10-31T07:49:44.211+0700] {subprocess.py:93} INFO - 25/10/31 07:49:44 INFO Utils: /tmp/spark-70600b17-4100-44f6-a748-89e275e50bb8/userFiles-e760afbc-3d3a-43ee-9d95-1fa067b2ac09/fetchFileTemp7582659673420352041.tmp has been previously copied to /tmp/spark-70600b17-4100-44f6-a748-89e275e50bb8/userFiles-e760afbc-3d3a-43ee-9d95-1fa067b2ac09/org.apache.kafka_kafka-clients-3.4.1.jar
[2025-10-31T07:49:44.221+0700] {subprocess.py:93} INFO - 25/10/31 07:49:44 INFO Executor: Adding file:/tmp/spark-70600b17-4100-44f6-a748-89e275e50bb8/userFiles-e760afbc-3d3a-43ee-9d95-1fa067b2ac09/org.apache.kafka_kafka-clients-3.4.1.jar to class loader default
[2025-10-31T07:49:44.221+0700] {subprocess.py:93} INFO - 25/10/31 07:49:44 INFO Executor: Fetching spark://b701d4cdc1cf:41815/jars/org.slf4j_slf4j-api-2.0.7.jar with timestamp 1761871783578
[2025-10-31T07:49:44.221+0700] {subprocess.py:93} INFO - 25/10/31 07:49:44 INFO Utils: Fetching spark://b701d4cdc1cf:41815/jars/org.slf4j_slf4j-api-2.0.7.jar to /tmp/spark-70600b17-4100-44f6-a748-89e275e50bb8/userFiles-e760afbc-3d3a-43ee-9d95-1fa067b2ac09/fetchFileTemp18171016201519695320.tmp
[2025-10-31T07:49:44.222+0700] {subprocess.py:93} INFO - 25/10/31 07:49:44 INFO Utils: /tmp/spark-70600b17-4100-44f6-a748-89e275e50bb8/userFiles-e760afbc-3d3a-43ee-9d95-1fa067b2ac09/fetchFileTemp18171016201519695320.tmp has been previously copied to /tmp/spark-70600b17-4100-44f6-a748-89e275e50bb8/userFiles-e760afbc-3d3a-43ee-9d95-1fa067b2ac09/org.slf4j_slf4j-api-2.0.7.jar
[2025-10-31T07:49:44.225+0700] {subprocess.py:93} INFO - 25/10/31 07:49:44 INFO Executor: Adding file:/tmp/spark-70600b17-4100-44f6-a748-89e275e50bb8/userFiles-e760afbc-3d3a-43ee-9d95-1fa067b2ac09/org.slf4j_slf4j-api-2.0.7.jar to class loader default
[2025-10-31T07:49:44.225+0700] {subprocess.py:93} INFO - 25/10/31 07:49:44 INFO Executor: Fetching spark://b701d4cdc1cf:41815/jars/org.apache.hadoop_hadoop-client-runtime-3.3.4.jar with timestamp 1761871783578
[2025-10-31T07:49:44.225+0700] {subprocess.py:93} INFO - 25/10/31 07:49:44 INFO Utils: Fetching spark://b701d4cdc1cf:41815/jars/org.apache.hadoop_hadoop-client-runtime-3.3.4.jar to /tmp/spark-70600b17-4100-44f6-a748-89e275e50bb8/userFiles-e760afbc-3d3a-43ee-9d95-1fa067b2ac09/fetchFileTemp6371051839756076413.tmp
[2025-10-31T07:49:44.387+0700] {subprocess.py:93} INFO - 25/10/31 07:49:44 INFO Utils: /tmp/spark-70600b17-4100-44f6-a748-89e275e50bb8/userFiles-e760afbc-3d3a-43ee-9d95-1fa067b2ac09/fetchFileTemp6371051839756076413.tmp has been previously copied to /tmp/spark-70600b17-4100-44f6-a748-89e275e50bb8/userFiles-e760afbc-3d3a-43ee-9d95-1fa067b2ac09/org.apache.hadoop_hadoop-client-runtime-3.3.4.jar
[2025-10-31T07:49:44.392+0700] {subprocess.py:93} INFO - 25/10/31 07:49:44 INFO Executor: Adding file:/tmp/spark-70600b17-4100-44f6-a748-89e275e50bb8/userFiles-e760afbc-3d3a-43ee-9d95-1fa067b2ac09/org.apache.hadoop_hadoop-client-runtime-3.3.4.jar to class loader default
[2025-10-31T07:49:44.393+0700] {subprocess.py:93} INFO - 25/10/31 07:49:44 INFO Executor: Fetching spark://b701d4cdc1cf:41815/jars/org.apache.spark_spark-token-provider-kafka-0-10_2.12-3.5.1.jar with timestamp 1761871783578
[2025-10-31T07:49:44.393+0700] {subprocess.py:93} INFO - 25/10/31 07:49:44 INFO Utils: Fetching spark://b701d4cdc1cf:41815/jars/org.apache.spark_spark-token-provider-kafka-0-10_2.12-3.5.1.jar to /tmp/spark-70600b17-4100-44f6-a748-89e275e50bb8/userFiles-e760afbc-3d3a-43ee-9d95-1fa067b2ac09/fetchFileTemp13777477709385365826.tmp
[2025-10-31T07:49:44.394+0700] {subprocess.py:93} INFO - 25/10/31 07:49:44 INFO Utils: /tmp/spark-70600b17-4100-44f6-a748-89e275e50bb8/userFiles-e760afbc-3d3a-43ee-9d95-1fa067b2ac09/fetchFileTemp13777477709385365826.tmp has been previously copied to /tmp/spark-70600b17-4100-44f6-a748-89e275e50bb8/userFiles-e760afbc-3d3a-43ee-9d95-1fa067b2ac09/org.apache.spark_spark-token-provider-kafka-0-10_2.12-3.5.1.jar
[2025-10-31T07:49:44.396+0700] {subprocess.py:93} INFO - 25/10/31 07:49:44 INFO Executor: Adding file:/tmp/spark-70600b17-4100-44f6-a748-89e275e50bb8/userFiles-e760afbc-3d3a-43ee-9d95-1fa067b2ac09/org.apache.spark_spark-token-provider-kafka-0-10_2.12-3.5.1.jar to class loader default
[2025-10-31T07:49:44.396+0700] {subprocess.py:93} INFO - 25/10/31 07:49:44 INFO Executor: Fetching spark://b701d4cdc1cf:41815/jars/org.xerial.snappy_snappy-java-1.1.10.3.jar with timestamp 1761871783578
[2025-10-31T07:49:44.396+0700] {subprocess.py:93} INFO - 25/10/31 07:49:44 INFO Utils: Fetching spark://b701d4cdc1cf:41815/jars/org.xerial.snappy_snappy-java-1.1.10.3.jar to /tmp/spark-70600b17-4100-44f6-a748-89e275e50bb8/userFiles-e760afbc-3d3a-43ee-9d95-1fa067b2ac09/fetchFileTemp18009350359329985479.tmp
[2025-10-31T07:49:44.399+0700] {subprocess.py:93} INFO - 25/10/31 07:49:44 INFO Utils: /tmp/spark-70600b17-4100-44f6-a748-89e275e50bb8/userFiles-e760afbc-3d3a-43ee-9d95-1fa067b2ac09/fetchFileTemp18009350359329985479.tmp has been previously copied to /tmp/spark-70600b17-4100-44f6-a748-89e275e50bb8/userFiles-e760afbc-3d3a-43ee-9d95-1fa067b2ac09/org.xerial.snappy_snappy-java-1.1.10.3.jar
[2025-10-31T07:49:44.405+0700] {subprocess.py:93} INFO - 25/10/31 07:49:44 INFO Executor: Adding file:/tmp/spark-70600b17-4100-44f6-a748-89e275e50bb8/userFiles-e760afbc-3d3a-43ee-9d95-1fa067b2ac09/org.xerial.snappy_snappy-java-1.1.10.3.jar to class loader default
[2025-10-31T07:49:44.405+0700] {subprocess.py:93} INFO - 25/10/31 07:49:44 INFO Executor: Fetching spark://b701d4cdc1cf:41815/jars/org.apache.commons_commons-pool2-2.11.1.jar with timestamp 1761871783578
[2025-10-31T07:49:44.405+0700] {subprocess.py:93} INFO - 25/10/31 07:49:44 INFO Utils: Fetching spark://b701d4cdc1cf:41815/jars/org.apache.commons_commons-pool2-2.11.1.jar to /tmp/spark-70600b17-4100-44f6-a748-89e275e50bb8/userFiles-e760afbc-3d3a-43ee-9d95-1fa067b2ac09/fetchFileTemp9817201214559370802.tmp
[2025-10-31T07:49:44.406+0700] {subprocess.py:93} INFO - 25/10/31 07:49:44 INFO Utils: /tmp/spark-70600b17-4100-44f6-a748-89e275e50bb8/userFiles-e760afbc-3d3a-43ee-9d95-1fa067b2ac09/fetchFileTemp9817201214559370802.tmp has been previously copied to /tmp/spark-70600b17-4100-44f6-a748-89e275e50bb8/userFiles-e760afbc-3d3a-43ee-9d95-1fa067b2ac09/org.apache.commons_commons-pool2-2.11.1.jar
[2025-10-31T07:49:44.408+0700] {subprocess.py:93} INFO - 25/10/31 07:49:44 INFO Executor: Adding file:/tmp/spark-70600b17-4100-44f6-a748-89e275e50bb8/userFiles-e760afbc-3d3a-43ee-9d95-1fa067b2ac09/org.apache.commons_commons-pool2-2.11.1.jar to class loader default
[2025-10-31T07:49:44.408+0700] {subprocess.py:93} INFO - 25/10/31 07:49:44 INFO Executor: Fetching spark://b701d4cdc1cf:41815/jars/org.lz4_lz4-java-1.8.0.jar with timestamp 1761871783578
[2025-10-31T07:49:44.409+0700] {subprocess.py:93} INFO - 25/10/31 07:49:44 INFO Utils: Fetching spark://b701d4cdc1cf:41815/jars/org.lz4_lz4-java-1.8.0.jar to /tmp/spark-70600b17-4100-44f6-a748-89e275e50bb8/userFiles-e760afbc-3d3a-43ee-9d95-1fa067b2ac09/fetchFileTemp17511188348721497520.tmp
[2025-10-31T07:49:44.410+0700] {subprocess.py:93} INFO - 25/10/31 07:49:44 INFO Utils: /tmp/spark-70600b17-4100-44f6-a748-89e275e50bb8/userFiles-e760afbc-3d3a-43ee-9d95-1fa067b2ac09/fetchFileTemp17511188348721497520.tmp has been previously copied to /tmp/spark-70600b17-4100-44f6-a748-89e275e50bb8/userFiles-e760afbc-3d3a-43ee-9d95-1fa067b2ac09/org.lz4_lz4-java-1.8.0.jar
[2025-10-31T07:49:44.413+0700] {subprocess.py:93} INFO - 25/10/31 07:49:44 INFO Executor: Adding file:/tmp/spark-70600b17-4100-44f6-a748-89e275e50bb8/userFiles-e760afbc-3d3a-43ee-9d95-1fa067b2ac09/org.lz4_lz4-java-1.8.0.jar to class loader default
[2025-10-31T07:49:44.413+0700] {subprocess.py:93} INFO - 25/10/31 07:49:44 INFO Executor: Fetching spark://b701d4cdc1cf:41815/jars/org.postgresql_postgresql-42.6.0.jar with timestamp 1761871783578
[2025-10-31T07:49:44.413+0700] {subprocess.py:93} INFO - 25/10/31 07:49:44 INFO Utils: Fetching spark://b701d4cdc1cf:41815/jars/org.postgresql_postgresql-42.6.0.jar to /tmp/spark-70600b17-4100-44f6-a748-89e275e50bb8/userFiles-e760afbc-3d3a-43ee-9d95-1fa067b2ac09/fetchFileTemp11589147597553312083.tmp
[2025-10-31T07:49:44.415+0700] {subprocess.py:93} INFO - 25/10/31 07:49:44 INFO Utils: /tmp/spark-70600b17-4100-44f6-a748-89e275e50bb8/userFiles-e760afbc-3d3a-43ee-9d95-1fa067b2ac09/fetchFileTemp11589147597553312083.tmp has been previously copied to /tmp/spark-70600b17-4100-44f6-a748-89e275e50bb8/userFiles-e760afbc-3d3a-43ee-9d95-1fa067b2ac09/org.postgresql_postgresql-42.6.0.jar
[2025-10-31T07:49:44.419+0700] {subprocess.py:93} INFO - 25/10/31 07:49:44 INFO Executor: Adding file:/tmp/spark-70600b17-4100-44f6-a748-89e275e50bb8/userFiles-e760afbc-3d3a-43ee-9d95-1fa067b2ac09/org.postgresql_postgresql-42.6.0.jar to class loader default
[2025-10-31T07:49:44.419+0700] {subprocess.py:93} INFO - 25/10/31 07:49:44 INFO Executor: Fetching spark://b701d4cdc1cf:41815/jars/org.checkerframework_checker-qual-3.31.0.jar with timestamp 1761871783578
[2025-10-31T07:49:44.419+0700] {subprocess.py:93} INFO - 25/10/31 07:49:44 INFO Utils: Fetching spark://b701d4cdc1cf:41815/jars/org.checkerframework_checker-qual-3.31.0.jar to /tmp/spark-70600b17-4100-44f6-a748-89e275e50bb8/userFiles-e760afbc-3d3a-43ee-9d95-1fa067b2ac09/fetchFileTemp12468703732788267475.tmp
[2025-10-31T07:49:44.420+0700] {subprocess.py:93} INFO - 25/10/31 07:49:44 INFO Utils: /tmp/spark-70600b17-4100-44f6-a748-89e275e50bb8/userFiles-e760afbc-3d3a-43ee-9d95-1fa067b2ac09/fetchFileTemp12468703732788267475.tmp has been previously copied to /tmp/spark-70600b17-4100-44f6-a748-89e275e50bb8/userFiles-e760afbc-3d3a-43ee-9d95-1fa067b2ac09/org.checkerframework_checker-qual-3.31.0.jar
[2025-10-31T07:49:44.423+0700] {subprocess.py:93} INFO - 25/10/31 07:49:44 INFO Executor: Adding file:/tmp/spark-70600b17-4100-44f6-a748-89e275e50bb8/userFiles-e760afbc-3d3a-43ee-9d95-1fa067b2ac09/org.checkerframework_checker-qual-3.31.0.jar to class loader default
[2025-10-31T07:49:44.423+0700] {subprocess.py:93} INFO - 25/10/31 07:49:44 INFO Executor: Fetching spark://b701d4cdc1cf:41815/jars/org.apache.spark_spark-sql-kafka-0-10_2.12-3.5.1.jar with timestamp 1761871783578
[2025-10-31T07:49:44.423+0700] {subprocess.py:93} INFO - 25/10/31 07:49:44 INFO Utils: Fetching spark://b701d4cdc1cf:41815/jars/org.apache.spark_spark-sql-kafka-0-10_2.12-3.5.1.jar to /tmp/spark-70600b17-4100-44f6-a748-89e275e50bb8/userFiles-e760afbc-3d3a-43ee-9d95-1fa067b2ac09/fetchFileTemp18201717722476813687.tmp
[2025-10-31T07:49:44.424+0700] {subprocess.py:93} INFO - 25/10/31 07:49:44 INFO Utils: /tmp/spark-70600b17-4100-44f6-a748-89e275e50bb8/userFiles-e760afbc-3d3a-43ee-9d95-1fa067b2ac09/fetchFileTemp18201717722476813687.tmp has been previously copied to /tmp/spark-70600b17-4100-44f6-a748-89e275e50bb8/userFiles-e760afbc-3d3a-43ee-9d95-1fa067b2ac09/org.apache.spark_spark-sql-kafka-0-10_2.12-3.5.1.jar
[2025-10-31T07:49:44.427+0700] {subprocess.py:93} INFO - 25/10/31 07:49:44 INFO Executor: Adding file:/tmp/spark-70600b17-4100-44f6-a748-89e275e50bb8/userFiles-e760afbc-3d3a-43ee-9d95-1fa067b2ac09/org.apache.spark_spark-sql-kafka-0-10_2.12-3.5.1.jar to class loader default
[2025-10-31T07:49:44.427+0700] {subprocess.py:93} INFO - 25/10/31 07:49:44 INFO Executor: Fetching spark://b701d4cdc1cf:41815/jars/org.apache.hadoop_hadoop-client-api-3.3.4.jar with timestamp 1761871783578
[2025-10-31T07:49:44.427+0700] {subprocess.py:93} INFO - 25/10/31 07:49:44 INFO Utils: Fetching spark://b701d4cdc1cf:41815/jars/org.apache.hadoop_hadoop-client-api-3.3.4.jar to /tmp/spark-70600b17-4100-44f6-a748-89e275e50bb8/userFiles-e760afbc-3d3a-43ee-9d95-1fa067b2ac09/fetchFileTemp8831793715297825161.tmp
[2025-10-31T07:49:44.505+0700] {subprocess.py:93} INFO - 25/10/31 07:49:44 INFO Utils: /tmp/spark-70600b17-4100-44f6-a748-89e275e50bb8/userFiles-e760afbc-3d3a-43ee-9d95-1fa067b2ac09/fetchFileTemp8831793715297825161.tmp has been previously copied to /tmp/spark-70600b17-4100-44f6-a748-89e275e50bb8/userFiles-e760afbc-3d3a-43ee-9d95-1fa067b2ac09/org.apache.hadoop_hadoop-client-api-3.3.4.jar
[2025-10-31T07:49:44.510+0700] {subprocess.py:93} INFO - 25/10/31 07:49:44 INFO Executor: Adding file:/tmp/spark-70600b17-4100-44f6-a748-89e275e50bb8/userFiles-e760afbc-3d3a-43ee-9d95-1fa067b2ac09/org.apache.hadoop_hadoop-client-api-3.3.4.jar to class loader default
[2025-10-31T07:49:44.516+0700] {subprocess.py:93} INFO - 25/10/31 07:49:44 INFO Utils: Successfully started service 'org.apache.spark.network.netty.NettyBlockTransferService' on port 35671.
[2025-10-31T07:49:44.516+0700] {subprocess.py:93} INFO - 25/10/31 07:49:44 INFO NettyBlockTransferService: Server created on b701d4cdc1cf:35671
[2025-10-31T07:49:44.517+0700] {subprocess.py:93} INFO - 25/10/31 07:49:44 INFO BlockManager: Using org.apache.spark.storage.RandomBlockReplicationPolicy for block replication policy
[2025-10-31T07:49:44.519+0700] {subprocess.py:93} INFO - 25/10/31 07:49:44 INFO BlockManagerMaster: Registering BlockManager BlockManagerId(driver, b701d4cdc1cf, 35671, None)
[2025-10-31T07:49:44.521+0700] {subprocess.py:93} INFO - 25/10/31 07:49:44 INFO BlockManagerMasterEndpoint: Registering block manager b701d4cdc1cf:35671 with 434.4 MiB RAM, BlockManagerId(driver, b701d4cdc1cf, 35671, None)
[2025-10-31T07:49:44.522+0700] {subprocess.py:93} INFO - 25/10/31 07:49:44 INFO BlockManagerMaster: Registered BlockManager BlockManagerId(driver, b701d4cdc1cf, 35671, None)
[2025-10-31T07:49:44.523+0700] {subprocess.py:93} INFO - 25/10/31 07:49:44 INFO BlockManager: Initialized BlockManager: BlockManagerId(driver, b701d4cdc1cf, 35671, None)
[2025-10-31T07:49:46.612+0700] {subprocess.py:93} INFO - 🚀 Streaming job started — đang lắng nghe dữ liệu từ Kafka...
[2025-10-31T07:49:48.041+0700] {subprocess.py:93} INFO - [Batch 0] ⚠️ Không có dữ liệu mới.
[2025-10-31T07:49:57.523+0700] {subprocess.py:93} INFO - [INFO] Model tốt nhất trong PostgreSQL: best_absa_2
[2025-10-31T07:49:57.524+0700] {subprocess.py:93} INFO - [INFO] ✅ Dùng model mới nhất từ PostgreSQL: /opt/***/models/newer_models/best_absa_2/model.pt
[2025-10-31T07:50:01.170+0700] {subprocess.py:93} INFO - [INFO] Model tốt nhất trong PostgreSQL: best_absa_2
[2025-10-31T07:50:01.171+0700] {subprocess.py:93} INFO - [INFO] ✅ Dùng model mới nhất từ PostgreSQL: /opt/***/models/newer_models/best_absa_2/model.pt
[2025-10-31T07:50:04.511+0700] {subprocess.py:93} INFO - [INFO] Model tốt nhất trong PostgreSQL: best_absa_2
[2025-10-31T07:50:04.511+0700] {subprocess.py:93} INFO - [INFO] ✅ Dùng model mới nhất từ PostgreSQL: /opt/***/models/newer_models/best_absa_2/model.pt
[2025-10-31T07:50:07.402+0700] {subprocess.py:93} INFO - [INFO] Model tốt nhất trong PostgreSQL: best_absa_2
[2025-10-31T07:50:07.403+0700] {subprocess.py:93} INFO - [INFO] ✅ Dùng model mới nhất từ PostgreSQL: /opt/***/models/newer_models/best_absa_2/model.pt
[2025-10-31T07:50:08.844+0700] {subprocess.py:93} INFO - 
[2025-10-31T07:50:08.844+0700] {subprocess.py:93} INFO - [Batch 1] Nhận 3 dòng, hiển thị 5 dòng đầu:
[2025-10-31T07:50:08.845+0700] {subprocess.py:93} INFO - [
[2025-10-31T07:50:08.845+0700] {subprocess.py:93} INFO -   {
[2025-10-31T07:50:08.845+0700] {subprocess.py:93} INFO -     "ReviewText": "CL cha nó đi học thì cũng phải biết cách làm ăn của người ta mà còn phải đi",
[2025-10-31T07:50:08.845+0700] {subprocess.py:93} INFO -     "Price": "NEG",
[2025-10-31T07:50:08.845+0700] {subprocess.py:93} INFO -     "Shipping": "NEG",
[2025-10-31T07:50:08.845+0700] {subprocess.py:93} INFO -     "Outlook": "NEG",
[2025-10-31T07:50:08.845+0700] {subprocess.py:93} INFO -     "Quality": "NEG",
[2025-10-31T07:50:08.845+0700] {subprocess.py:93} INFO -     "Size": "NEG",
[2025-10-31T07:50:08.846+0700] {subprocess.py:93} INFO -     "Shop_Service": "NEG",
[2025-10-31T07:50:08.846+0700] {subprocess.py:93} INFO -     "General": "NEG",
[2025-10-31T07:50:08.846+0700] {subprocess.py:93} INFO -     "Others": "NEG"
[2025-10-31T07:50:08.846+0700] {subprocess.py:93} INFO -   },
[2025-10-31T07:50:08.846+0700] {subprocess.py:93} INFO -   {
[2025-10-31T07:50:08.846+0700] {subprocess.py:93} INFO -     "ReviewText": "Giày đẹp mang êm chân.lại còn rẻ nữa .shop đóng gói cẩn thân.cho shop 5 ⭐⭐⭐⭐⭐",
[2025-10-31T07:50:08.846+0700] {subprocess.py:93} INFO -     "Price": "NEG",
[2025-10-31T07:50:08.846+0700] {subprocess.py:93} INFO -     "Shipping": "NEG",
[2025-10-31T07:50:08.846+0700] {subprocess.py:93} INFO -     "Outlook": "NEG",
[2025-10-31T07:50:08.847+0700] {subprocess.py:93} INFO -     "Quality": "NEG",
[2025-10-31T07:50:08.847+0700] {subprocess.py:93} INFO -     "Size": "NEG",
[2025-10-31T07:50:08.847+0700] {subprocess.py:93} INFO -     "Shop_Service": "NEG",
[2025-10-31T07:50:08.847+0700] {subprocess.py:93} INFO -     "General": "NEG",
[2025-10-31T07:50:08.847+0700] {subprocess.py:93} INFO -     "Others": "NEG"
[2025-10-31T07:50:08.847+0700] {subprocess.py:93} INFO -   },
[2025-10-31T07:50:08.847+0700] {subprocess.py:93} INFO -   {
[2025-10-31T07:50:08.847+0700] {subprocess.py:93} INFO -     "ReviewText": "Ẹidjr iểuhv r Heidi uwiwvr. Rowiiwrg r rủ",
[2025-10-31T07:50:08.847+0700] {subprocess.py:93} INFO -     "Price": "NEG",
[2025-10-31T07:50:08.848+0700] {subprocess.py:93} INFO -     "Shipping": "NEG",
[2025-10-31T07:50:08.848+0700] {subprocess.py:93} INFO -     "Outlook": "NEG",
[2025-10-31T07:50:08.848+0700] {subprocess.py:93} INFO -     "Quality": "NEG",
[2025-10-31T07:50:08.848+0700] {subprocess.py:93} INFO -     "Size": "NEG",
[2025-10-31T07:50:08.848+0700] {subprocess.py:93} INFO -     "Shop_Service": "NEG",
[2025-10-31T07:50:08.848+0700] {subprocess.py:93} INFO -     "General": "NEG",
[2025-10-31T07:50:08.848+0700] {subprocess.py:93} INFO -     "Others": "NEG"
[2025-10-31T07:50:08.848+0700] {subprocess.py:93} INFO -   }
[2025-10-31T07:50:08.848+0700] {subprocess.py:93} INFO - ]
[2025-10-31T07:50:11.508+0700] {subprocess.py:93} INFO - [INFO] Model tốt nhất trong PostgreSQL: best_absa_2
[2025-10-31T07:50:11.509+0700] {subprocess.py:93} INFO - [INFO] ✅ Dùng model mới nhất từ PostgreSQL: /opt/***/models/newer_models/best_absa_2/model.pt
[2025-10-31T07:50:14.884+0700] {subprocess.py:93} INFO - [INFO] Model tốt nhất trong PostgreSQL: best_absa_2
[2025-10-31T07:50:14.885+0700] {subprocess.py:93} INFO - [INFO] ✅ Dùng model mới nhất từ PostgreSQL: /opt/***/models/newer_models/best_absa_2/model.pt
[2025-10-31T07:50:16.643+0700] {subprocess.py:93} INFO - [Batch 1] ✅ Ghi PostgreSQL thành công (3 dòng).
[2025-10-31T07:50:19.508+0700] {subprocess.py:93} INFO - [INFO] Model tốt nhất trong PostgreSQL: best_absa_2
[2025-10-31T07:50:19.509+0700] {subprocess.py:93} INFO - [INFO] ✅ Dùng model mới nhất từ PostgreSQL: /opt/***/models/newer_models/best_absa_2/model.pt
[2025-10-31T07:50:22.858+0700] {subprocess.py:93} INFO - [INFO] Model tốt nhất trong PostgreSQL: best_absa_2
[2025-10-31T07:50:22.858+0700] {subprocess.py:93} INFO - [INFO] ✅ Dùng model mới nhất từ PostgreSQL: /opt/***/models/newer_models/best_absa_2/model.pt
[2025-10-31T07:50:24.801+0700] {subprocess.py:93} INFO - [Batch 1] Dữ liệu đã ghi (mẫu):
[2025-10-31T07:50:24.802+0700] {subprocess.py:93} INFO - [
[2025-10-31T07:50:24.803+0700] {subprocess.py:93} INFO -   {
[2025-10-31T07:50:24.803+0700] {subprocess.py:93} INFO -     "ReviewText": "CL cha nó đi học thì cũng phải biết cách làm ăn của người ta mà còn phải đi",
[2025-10-31T07:50:24.803+0700] {subprocess.py:93} INFO -     "Price": "NEG",
[2025-10-31T07:50:24.803+0700] {subprocess.py:93} INFO -     "Shipping": "NEG",
[2025-10-31T07:50:24.803+0700] {subprocess.py:93} INFO -     "Outlook": "NEG",
[2025-10-31T07:50:24.804+0700] {subprocess.py:93} INFO -     "Quality": "NEG",
[2025-10-31T07:50:24.804+0700] {subprocess.py:93} INFO -     "Size": "NEG",
[2025-10-31T07:50:24.804+0700] {subprocess.py:93} INFO -     "Shop_Service": "NEG",
[2025-10-31T07:50:24.804+0700] {subprocess.py:93} INFO -     "General": "NEG",
[2025-10-31T07:50:24.805+0700] {subprocess.py:93} INFO -     "Others": "NEG"
[2025-10-31T07:50:24.805+0700] {subprocess.py:93} INFO -   },
[2025-10-31T07:50:24.805+0700] {subprocess.py:93} INFO -   {
[2025-10-31T07:50:24.805+0700] {subprocess.py:93} INFO -     "ReviewText": "Giày đẹp mang êm chân.lại còn rẻ nữa .shop đóng gói cẩn thân.cho shop 5 ⭐⭐⭐⭐⭐",
[2025-10-31T07:50:24.806+0700] {subprocess.py:93} INFO -     "Price": "NEG",
[2025-10-31T07:50:24.806+0700] {subprocess.py:93} INFO -     "Shipping": "NEG",
[2025-10-31T07:50:24.806+0700] {subprocess.py:93} INFO -     "Outlook": "NEG",
[2025-10-31T07:50:24.806+0700] {subprocess.py:93} INFO -     "Quality": "NEG",
[2025-10-31T07:50:24.806+0700] {subprocess.py:93} INFO -     "Size": "NEG",
[2025-10-31T07:50:24.807+0700] {subprocess.py:93} INFO -     "Shop_Service": "NEG",
[2025-10-31T07:50:24.807+0700] {subprocess.py:93} INFO -     "General": "NEG",
[2025-10-31T07:50:24.807+0700] {subprocess.py:93} INFO -     "Others": "NEG"
[2025-10-31T07:50:24.807+0700] {subprocess.py:93} INFO -   },
[2025-10-31T07:50:24.808+0700] {subprocess.py:93} INFO -   {
[2025-10-31T07:50:24.808+0700] {subprocess.py:93} INFO -     "ReviewText": "Ẹidjr iểuhv r Heidi uwiwvr. Rowiiwrg r rủ",
[2025-10-31T07:50:24.808+0700] {subprocess.py:93} INFO -     "Price": "NEG",
[2025-10-31T07:50:24.808+0700] {subprocess.py:93} INFO -     "Shipping": "NEG",
[2025-10-31T07:50:24.809+0700] {subprocess.py:93} INFO -     "Outlook": "NEG",
[2025-10-31T07:50:24.809+0700] {subprocess.py:93} INFO -     "Quality": "NEG",
[2025-10-31T07:50:24.809+0700] {subprocess.py:93} INFO -     "Size": "NEG",
[2025-10-31T07:50:24.809+0700] {subprocess.py:93} INFO -     "Shop_Service": "NEG",
[2025-10-31T07:50:24.809+0700] {subprocess.py:93} INFO -     "General": "NEG",
[2025-10-31T07:50:24.809+0700] {subprocess.py:93} INFO -     "Others": "NEG"
[2025-10-31T07:50:24.810+0700] {subprocess.py:93} INFO -   }
[2025-10-31T07:50:24.810+0700] {subprocess.py:93} INFO - ]
[2025-10-31T07:50:31.373+0700] {subprocess.py:93} INFO - [INFO] Model tốt nhất trong PostgreSQL: best_absa_2
[2025-10-31T07:50:31.374+0700] {subprocess.py:93} INFO - [INFO] ✅ Dùng model mới nhất từ PostgreSQL: /opt/***/models/newer_models/best_absa_2/model.pt
[2025-10-31T07:50:34.051+0700] {local_task_job_runner.py:310} WARNING - State of this instance has been externally set to restarting. Terminating instance.
[2025-10-31T07:50:34.052+0700] {local_task_job_runner.py:222} INFO - ::endgroup::
[2025-10-31T07:50:34.054+0700] {process_utils.py:132} INFO - Sending 15 to group 11246. PIDs of all processes in the group: [11247, 11248, 11249, 11321, 11618, 11788, 11246]
[2025-10-31T07:50:34.054+0700] {process_utils.py:87} INFO - Sending the signal 15 to group 11246
[2025-10-31T07:50:34.055+0700] {taskinstance.py:2607} ERROR - Received SIGTERM. Terminating subprocesses.
[2025-10-31T07:50:34.055+0700] {subprocess.py:104} INFO - Sending SIGTERM signal to process group
[2025-10-31T07:50:34.056+0700] {taskinstance.py:441} INFO - ::group::Post task execution logs
[2025-10-31T07:50:34.065+0700] {taskinstance.py:2890} ERROR - Task failed with exception
Traceback (most recent call last):
  File "/home/airflow/.local/lib/python3.12/site-packages/airflow/models/taskinstance.py", line 460, in _execute_task
    result = _execute_callable(context=context, **execute_callable_kwargs)
             ^^^^^^^^^^^^^^^^^^^^^^^^^^^^^^^^^^^^^^^^^^^^^^^^^^^^^^^^^^^^^
  File "/home/airflow/.local/lib/python3.12/site-packages/airflow/models/taskinstance.py", line 432, in _execute_callable
    return execute_callable(context=context, **execute_callable_kwargs)
           ^^^^^^^^^^^^^^^^^^^^^^^^^^^^^^^^^^^^^^^^^^^^^^^^^^^^^^^^^^^^
  File "/home/airflow/.local/lib/python3.12/site-packages/airflow/models/baseoperator.py", line 400, in wrapper
    return func(self, *args, **kwargs)
           ^^^^^^^^^^^^^^^^^^^^^^^^^^^
  File "/home/airflow/.local/lib/python3.12/site-packages/airflow/operators/bash.py", line 234, in execute
    result = self.subprocess_hook.run_command(
             ^^^^^^^^^^^^^^^^^^^^^^^^^^^^^^^^^
  File "/home/airflow/.local/lib/python3.12/site-packages/airflow/hooks/subprocess.py", line 91, in run_command
    for raw_line in iter(self.sub_process.stdout.readline, b""):
  File "/home/airflow/.local/lib/python3.12/site-packages/airflow/models/taskinstance.py", line 2609, in signal_handler
    raise AirflowTaskTerminated("Task received SIGTERM signal")
airflow.exceptions.AirflowTaskTerminated: Task received SIGTERM signal
[2025-10-31T07:50:34.071+0700] {taskinstance.py:1205} INFO - Marking task as UP_FOR_RETRY. dag_id=absa_streaming_lifecycle_demo11, task_id=deploy_consumer, execution_date=20251030T230000, start_date=20251031T004938, end_date=20251031T005034
[2025-10-31T07:50:34.106+0700] {process_utils.py:80} INFO - Process psutil.Process(pid=11246, status='terminated', exitcode=2, started='07:49:38') (11246) terminated with exit code 2
[2025-10-31T07:50:34.108+0700] {process_utils.py:80} INFO - Process psutil.Process(pid=11248, status='terminated', started='07:49:38') (11248) terminated with exit code None
[2025-10-31T07:50:34.280+0700] {process_utils.py:80} INFO - Process psutil.Process(pid=11249, status='terminated', started='07:49:38') (11249) terminated with exit code None
[2025-10-31T07:50:34.281+0700] {process_utils.py:80} INFO - Process psutil.Process(pid=11618, status='terminated', started='07:49:50') (11618) terminated with exit code None
[2025-10-31T07:50:34.281+0700] {process_utils.py:80} INFO - Process psutil.Process(pid=11321, status='terminated', started='07:49:40') (11321) terminated with exit code None
[2025-10-31T07:50:34.281+0700] {process_utils.py:80} INFO - Process psutil.Process(pid=11788, status='terminated', started='07:50:25') (11788) terminated with exit code None
[2025-10-31T07:50:34.281+0700] {process_utils.py:80} INFO - Process psutil.Process(pid=11247, status='terminated', started='07:49:38') (11247) terminated with exit code None
