[2025-10-29T05:43:03.620+0700] {local_task_job_runner.py:120} INFO - ::group::Pre task execution logs
[2025-10-29T05:43:03.630+0700] {taskinstance.py:2073} INFO - Dependencies all met for dep_context=non-requeueable deps ti=<TaskInstance: absa_streaming_lifecycle_demo1.deploy_consumer scheduled__2025-10-28T21:00:00+00:00 [queued]>
[2025-10-29T05:43:03.634+0700] {taskinstance.py:2073} INFO - Dependencies all met for dep_context=requeueable deps ti=<TaskInstance: absa_streaming_lifecycle_demo1.deploy_consumer scheduled__2025-10-28T21:00:00+00:00 [queued]>
[2025-10-29T05:43:03.634+0700] {taskinstance.py:2303} INFO - Starting attempt 4 of 6
[2025-10-29T05:43:03.640+0700] {taskinstance.py:2327} INFO - Executing <Task(BashOperator): deploy_consumer> on 2025-10-28 21:00:00+00:00
[2025-10-29T05:43:03.646+0700] {warnings.py:110} WARNING - /home/***/.local/lib/python3.12/site-packages/***/task/task_runner/standard_task_runner.py:61: DeprecationWarning: This process (pid=4228) is multi-threaded, use of fork() may lead to deadlocks in the child.
  pid = os.fork()

[2025-10-29T05:43:03.647+0700] {standard_task_runner.py:63} INFO - Started process 4230 to run task
[2025-10-29T05:43:03.647+0700] {standard_task_runner.py:90} INFO - Running: ['***', 'tasks', 'run', 'absa_streaming_lifecycle_demo1', 'deploy_consumer', 'scheduled__2025-10-28T21:00:00+00:00', '--job-id', '8', '--raw', '--subdir', 'DAGS_FOLDER/absa_streaming_lifecycle_dag1.py', '--cfg-path', '/tmp/tmp819kl395']
[2025-10-29T05:43:03.648+0700] {standard_task_runner.py:91} INFO - Job 8: Subtask deploy_consumer
[2025-10-29T05:43:03.671+0700] {task_command.py:426} INFO - Running <TaskInstance: absa_streaming_lifecycle_demo1.deploy_consumer scheduled__2025-10-28T21:00:00+00:00 [running]> on host 6f0586100d56
[2025-10-29T05:43:03.709+0700] {taskinstance.py:2644} INFO - Exporting env vars: AIRFLOW_CTX_DAG_OWNER='***' AIRFLOW_CTX_DAG_ID='absa_streaming_lifecycle_demo1' AIRFLOW_CTX_TASK_ID='deploy_consumer' AIRFLOW_CTX_EXECUTION_DATE='2025-10-28T21:00:00+00:00' AIRFLOW_CTX_TRY_NUMBER='4' AIRFLOW_CTX_DAG_RUN_ID='scheduled__2025-10-28T21:00:00+00:00'
[2025-10-29T05:43:03.710+0700] {taskinstance.py:430} INFO - ::endgroup::
[2025-10-29T05:43:03.710+0700] {subprocess.py:63} INFO - Tmp dir root location: /tmp
[2025-10-29T05:43:03.711+0700] {subprocess.py:75} INFO - Running command: ['/usr/bin/bash', '-c', 'bash -c "timeout 45m /opt/***/projects/absa_streaming/scripts/run_consumer.sh"']
[2025-10-29T05:43:03.721+0700] {subprocess.py:86} INFO - Output:
[2025-10-29T05:43:03.725+0700] {subprocess.py:93} INFO - [Consumer] Starting Spark Structured Streaming job...
[2025-10-29T05:43:03.754+0700] {subprocess.py:93} INFO - /home/***/.local/lib/python3.12/site-packages/pyspark/bin/load-spark-env.sh: line 68: ps: command not found
[2025-10-29T05:43:04.564+0700] {subprocess.py:93} INFO - :: loading settings :: url = jar:file:/home/***/.local/lib/python3.12/site-packages/pyspark/jars/ivy-2.5.1.jar!/org/apache/ivy/core/settings/ivysettings.xml
[2025-10-29T05:43:04.610+0700] {subprocess.py:93} INFO - Ivy Default Cache set to: /home/***/.ivy2/cache
[2025-10-29T05:43:04.611+0700] {subprocess.py:93} INFO - The jars for the packages stored in: /home/***/.ivy2/jars
[2025-10-29T05:43:04.613+0700] {subprocess.py:93} INFO - org.apache.spark#spark-sql-kafka-0-10_2.12 added as a dependency
[2025-10-29T05:43:04.614+0700] {subprocess.py:93} INFO - org.postgresql#postgresql added as a dependency
[2025-10-29T05:43:04.614+0700] {subprocess.py:93} INFO - :: resolving dependencies :: org.apache.spark#spark-submit-parent-137cb03f-0880-4f45-a1b9-6032f0641271;1.0
[2025-10-29T05:43:04.614+0700] {subprocess.py:93} INFO - 	confs: [default]
[2025-10-29T05:43:04.735+0700] {subprocess.py:93} INFO - 	found org.apache.spark#spark-sql-kafka-0-10_2.12;3.5.1 in central
[2025-10-29T05:43:04.790+0700] {subprocess.py:93} INFO - 	found org.apache.spark#spark-token-provider-kafka-0-10_2.12;3.5.1 in central
[2025-10-29T05:43:04.814+0700] {subprocess.py:93} INFO - 	found org.apache.kafka#kafka-clients;3.4.1 in central
[2025-10-29T05:43:04.841+0700] {subprocess.py:93} INFO - 	found org.lz4#lz4-java;1.8.0 in central
[2025-10-29T05:43:04.865+0700] {subprocess.py:93} INFO - 	found org.xerial.snappy#snappy-java;1.1.10.3 in central
[2025-10-29T05:43:04.882+0700] {subprocess.py:93} INFO - 	found org.slf4j#slf4j-api;2.0.7 in central
[2025-10-29T05:43:04.898+0700] {subprocess.py:93} INFO - 	found org.apache.hadoop#hadoop-client-runtime;3.3.4 in central
[2025-10-29T05:43:04.922+0700] {subprocess.py:93} INFO - 	found org.apache.hadoop#hadoop-client-api;3.3.4 in central
[2025-10-29T05:43:04.946+0700] {subprocess.py:93} INFO - 	found commons-logging#commons-logging;1.1.3 in central
[2025-10-29T05:43:04.966+0700] {subprocess.py:93} INFO - 	found com.google.code.findbugs#jsr305;3.0.0 in central
[2025-10-29T05:43:04.982+0700] {subprocess.py:93} INFO - 	found org.apache.commons#commons-pool2;2.11.1 in central
[2025-10-29T05:43:04.995+0700] {subprocess.py:93} INFO - 	found org.postgresql#postgresql;42.6.0 in central
[2025-10-29T05:43:05.006+0700] {subprocess.py:93} INFO - 	found org.checkerframework#checker-qual;3.31.0 in central
[2025-10-29T05:43:05.034+0700] {subprocess.py:93} INFO - :: resolution report :: resolve 404ms :: artifacts dl 16ms
[2025-10-29T05:43:05.035+0700] {subprocess.py:93} INFO - 	:: modules in use:
[2025-10-29T05:43:05.035+0700] {subprocess.py:93} INFO - 	com.google.code.findbugs#jsr305;3.0.0 from central in [default]
[2025-10-29T05:43:05.036+0700] {subprocess.py:93} INFO - 	commons-logging#commons-logging;1.1.3 from central in [default]
[2025-10-29T05:43:05.036+0700] {subprocess.py:93} INFO - 	org.apache.commons#commons-pool2;2.11.1 from central in [default]
[2025-10-29T05:43:05.036+0700] {subprocess.py:93} INFO - 	org.apache.hadoop#hadoop-client-api;3.3.4 from central in [default]
[2025-10-29T05:43:05.036+0700] {subprocess.py:93} INFO - 	org.apache.hadoop#hadoop-client-runtime;3.3.4 from central in [default]
[2025-10-29T05:43:05.037+0700] {subprocess.py:93} INFO - 	org.apache.kafka#kafka-clients;3.4.1 from central in [default]
[2025-10-29T05:43:05.037+0700] {subprocess.py:93} INFO - 	org.apache.spark#spark-sql-kafka-0-10_2.12;3.5.1 from central in [default]
[2025-10-29T05:43:05.037+0700] {subprocess.py:93} INFO - 	org.apache.spark#spark-token-provider-kafka-0-10_2.12;3.5.1 from central in [default]
[2025-10-29T05:43:05.038+0700] {subprocess.py:93} INFO - 	org.checkerframework#checker-qual;3.31.0 from central in [default]
[2025-10-29T05:43:05.038+0700] {subprocess.py:93} INFO - 	org.lz4#lz4-java;1.8.0 from central in [default]
[2025-10-29T05:43:05.038+0700] {subprocess.py:93} INFO - 	org.postgresql#postgresql;42.6.0 from central in [default]
[2025-10-29T05:43:05.038+0700] {subprocess.py:93} INFO - 	org.slf4j#slf4j-api;2.0.7 from central in [default]
[2025-10-29T05:43:05.039+0700] {subprocess.py:93} INFO - 	org.xerial.snappy#snappy-java;1.1.10.3 from central in [default]
[2025-10-29T05:43:05.039+0700] {subprocess.py:93} INFO - 	---------------------------------------------------------------------
[2025-10-29T05:43:05.039+0700] {subprocess.py:93} INFO - 	|                  |            modules            ||   artifacts   |
[2025-10-29T05:43:05.039+0700] {subprocess.py:93} INFO - 	|       conf       | number| search|dwnlded|evicted|| number|dwnlded|
[2025-10-29T05:43:05.040+0700] {subprocess.py:93} INFO - 	---------------------------------------------------------------------
[2025-10-29T05:43:05.040+0700] {subprocess.py:93} INFO - 	|      default     |   13  |   0   |   0   |   0   ||   13  |   0   |
[2025-10-29T05:43:05.040+0700] {subprocess.py:93} INFO - 	---------------------------------------------------------------------
[2025-10-29T05:43:05.042+0700] {subprocess.py:93} INFO - :: retrieving :: org.apache.spark#spark-submit-parent-137cb03f-0880-4f45-a1b9-6032f0641271
[2025-10-29T05:43:05.043+0700] {subprocess.py:93} INFO - 	confs: [default]
[2025-10-29T05:43:05.052+0700] {subprocess.py:93} INFO - 	0 artifacts copied, 13 already retrieved (0kB/10ms)
[2025-10-29T05:43:05.212+0700] {subprocess.py:93} INFO - 25/10/29 05:43:05 WARN NativeCodeLoader: Unable to load native-hadoop library for your platform... using builtin-java classes where applicable
[2025-10-29T05:43:08.645+0700] {subprocess.py:93} INFO - 25/10/29 05:43:08 INFO SparkContext: Running Spark version 3.5.1
[2025-10-29T05:43:08.645+0700] {subprocess.py:93} INFO - 25/10/29 05:43:08 INFO SparkContext: OS info Linux, 6.14.0-33-generic, amd64
[2025-10-29T05:43:08.645+0700] {subprocess.py:93} INFO - 25/10/29 05:43:08 INFO SparkContext: Java version 17.0.17
[2025-10-29T05:43:08.657+0700] {subprocess.py:93} INFO - 25/10/29 05:43:08 INFO ResourceUtils: ==============================================================
[2025-10-29T05:43:08.658+0700] {subprocess.py:93} INFO - 25/10/29 05:43:08 INFO ResourceUtils: No custom resources configured for spark.driver.
[2025-10-29T05:43:08.658+0700] {subprocess.py:93} INFO - 25/10/29 05:43:08 INFO ResourceUtils: ==============================================================
[2025-10-29T05:43:08.658+0700] {subprocess.py:93} INFO - 25/10/29 05:43:08 INFO SparkContext: Submitted application: Kafka_ABSA_Postgres
[2025-10-29T05:43:08.669+0700] {subprocess.py:93} INFO - 25/10/29 05:43:08 INFO ResourceProfile: Default ResourceProfile created, executor resources: Map(cores -> name: cores, amount: 1, script: , vendor: , memory -> name: memory, amount: 1024, script: , vendor: , offHeap -> name: offHeap, amount: 0, script: , vendor: ), task resources: Map(cpus -> name: cpus, amount: 1.0)
[2025-10-29T05:43:08.674+0700] {subprocess.py:93} INFO - 25/10/29 05:43:08 INFO ResourceProfile: Limiting resource is cpu
[2025-10-29T05:43:08.674+0700] {subprocess.py:93} INFO - 25/10/29 05:43:08 INFO ResourceProfileManager: Added ResourceProfile id: 0
[2025-10-29T05:43:08.702+0700] {subprocess.py:93} INFO - 25/10/29 05:43:08 INFO SecurityManager: Changing view acls to: default
[2025-10-29T05:43:08.702+0700] {subprocess.py:93} INFO - 25/10/29 05:43:08 INFO SecurityManager: Changing modify acls to: default
[2025-10-29T05:43:08.703+0700] {subprocess.py:93} INFO - 25/10/29 05:43:08 INFO SecurityManager: Changing view acls groups to:
[2025-10-29T05:43:08.703+0700] {subprocess.py:93} INFO - 25/10/29 05:43:08 INFO SecurityManager: Changing modify acls groups to:
[2025-10-29T05:43:08.703+0700] {subprocess.py:93} INFO - 25/10/29 05:43:08 INFO SecurityManager: SecurityManager: authentication disabled; ui acls disabled; users with view permissions: default; groups with view permissions: EMPTY; users with modify permissions: default; groups with modify permissions: EMPTY
[2025-10-29T05:43:08.823+0700] {subprocess.py:93} INFO - 25/10/29 05:43:08 INFO Utils: Successfully started service 'sparkDriver' on port 36023.
[2025-10-29T05:43:08.841+0700] {subprocess.py:93} INFO - 25/10/29 05:43:08 INFO SparkEnv: Registering MapOutputTracker
[2025-10-29T05:43:08.862+0700] {subprocess.py:93} INFO - 25/10/29 05:43:08 INFO SparkEnv: Registering BlockManagerMaster
[2025-10-29T05:43:08.872+0700] {subprocess.py:93} INFO - 25/10/29 05:43:08 INFO BlockManagerMasterEndpoint: Using org.apache.spark.storage.DefaultTopologyMapper for getting topology information
[2025-10-29T05:43:08.872+0700] {subprocess.py:93} INFO - 25/10/29 05:43:08 INFO BlockManagerMasterEndpoint: BlockManagerMasterEndpoint up
[2025-10-29T05:43:08.874+0700] {subprocess.py:93} INFO - 25/10/29 05:43:08 INFO SparkEnv: Registering BlockManagerMasterHeartbeat
[2025-10-29T05:43:08.887+0700] {subprocess.py:93} INFO - 25/10/29 05:43:08 INFO DiskBlockManager: Created local directory at /tmp/blockmgr-162597cc-07ff-4d4b-a8a1-f461d693c293
[2025-10-29T05:43:08.896+0700] {subprocess.py:93} INFO - 25/10/29 05:43:08 INFO MemoryStore: MemoryStore started with capacity 434.4 MiB
[2025-10-29T05:43:08.906+0700] {subprocess.py:93} INFO - 25/10/29 05:43:08 INFO SparkEnv: Registering OutputCommitCoordinator
[2025-10-29T05:43:08.980+0700] {subprocess.py:93} INFO - 25/10/29 05:43:08 INFO JettyUtils: Start Jetty 0.0.0.0:4040 for SparkUI
[2025-10-29T05:43:09.014+0700] {subprocess.py:93} INFO - 25/10/29 05:43:09 INFO Utils: Successfully started service 'SparkUI' on port 4040.
[2025-10-29T05:43:09.037+0700] {subprocess.py:93} INFO - 25/10/29 05:43:09 INFO SparkContext: Added JAR file:///home/***/.ivy2/jars/org.apache.spark_spark-sql-kafka-0-10_2.12-3.5.1.jar at spark://6f0586100d56:36023/jars/org.apache.spark_spark-sql-kafka-0-10_2.12-3.5.1.jar with timestamp 1761691388640
[2025-10-29T05:43:09.038+0700] {subprocess.py:93} INFO - 25/10/29 05:43:09 INFO SparkContext: Added JAR file:///home/***/.ivy2/jars/org.postgresql_postgresql-42.6.0.jar at spark://6f0586100d56:36023/jars/org.postgresql_postgresql-42.6.0.jar with timestamp 1761691388640
[2025-10-29T05:43:09.038+0700] {subprocess.py:93} INFO - 25/10/29 05:43:09 INFO SparkContext: Added JAR file:///home/***/.ivy2/jars/org.apache.spark_spark-token-provider-kafka-0-10_2.12-3.5.1.jar at spark://6f0586100d56:36023/jars/org.apache.spark_spark-token-provider-kafka-0-10_2.12-3.5.1.jar with timestamp 1761691388640
[2025-10-29T05:43:09.038+0700] {subprocess.py:93} INFO - 25/10/29 05:43:09 INFO SparkContext: Added JAR file:///home/***/.ivy2/jars/org.apache.kafka_kafka-clients-3.4.1.jar at spark://6f0586100d56:36023/jars/org.apache.kafka_kafka-clients-3.4.1.jar with timestamp 1761691388640
[2025-10-29T05:43:09.039+0700] {subprocess.py:93} INFO - 25/10/29 05:43:09 INFO SparkContext: Added JAR file:///home/***/.ivy2/jars/com.google.code.findbugs_jsr305-3.0.0.jar at spark://6f0586100d56:36023/jars/com.google.code.findbugs_jsr305-3.0.0.jar with timestamp 1761691388640
[2025-10-29T05:43:09.039+0700] {subprocess.py:93} INFO - 25/10/29 05:43:09 INFO SparkContext: Added JAR file:///home/***/.ivy2/jars/org.apache.commons_commons-pool2-2.11.1.jar at spark://6f0586100d56:36023/jars/org.apache.commons_commons-pool2-2.11.1.jar with timestamp 1761691388640
[2025-10-29T05:43:09.039+0700] {subprocess.py:93} INFO - 25/10/29 05:43:09 INFO SparkContext: Added JAR file:///home/***/.ivy2/jars/org.apache.hadoop_hadoop-client-runtime-3.3.4.jar at spark://6f0586100d56:36023/jars/org.apache.hadoop_hadoop-client-runtime-3.3.4.jar with timestamp 1761691388640
[2025-10-29T05:43:09.039+0700] {subprocess.py:93} INFO - 25/10/29 05:43:09 INFO SparkContext: Added JAR file:///home/***/.ivy2/jars/org.lz4_lz4-java-1.8.0.jar at spark://6f0586100d56:36023/jars/org.lz4_lz4-java-1.8.0.jar with timestamp 1761691388640
[2025-10-29T05:43:09.039+0700] {subprocess.py:93} INFO - 25/10/29 05:43:09 INFO SparkContext: Added JAR file:///home/***/.ivy2/jars/org.xerial.snappy_snappy-java-1.1.10.3.jar at spark://6f0586100d56:36023/jars/org.xerial.snappy_snappy-java-1.1.10.3.jar with timestamp 1761691388640
[2025-10-29T05:43:09.039+0700] {subprocess.py:93} INFO - 25/10/29 05:43:09 INFO SparkContext: Added JAR file:///home/***/.ivy2/jars/org.slf4j_slf4j-api-2.0.7.jar at spark://6f0586100d56:36023/jars/org.slf4j_slf4j-api-2.0.7.jar with timestamp 1761691388640
[2025-10-29T05:43:09.040+0700] {subprocess.py:93} INFO - 25/10/29 05:43:09 INFO SparkContext: Added JAR file:///home/***/.ivy2/jars/org.apache.hadoop_hadoop-client-api-3.3.4.jar at spark://6f0586100d56:36023/jars/org.apache.hadoop_hadoop-client-api-3.3.4.jar with timestamp 1761691388640
[2025-10-29T05:43:09.040+0700] {subprocess.py:93} INFO - 25/10/29 05:43:09 INFO SparkContext: Added JAR file:///home/***/.ivy2/jars/commons-logging_commons-logging-1.1.3.jar at spark://6f0586100d56:36023/jars/commons-logging_commons-logging-1.1.3.jar with timestamp 1761691388640
[2025-10-29T05:43:09.040+0700] {subprocess.py:93} INFO - 25/10/29 05:43:09 INFO SparkContext: Added JAR file:///home/***/.ivy2/jars/org.checkerframework_checker-qual-3.31.0.jar at spark://6f0586100d56:36023/jars/org.checkerframework_checker-qual-3.31.0.jar with timestamp 1761691388640
[2025-10-29T05:43:09.040+0700] {subprocess.py:93} INFO - 25/10/29 05:43:09 INFO SparkContext: Added file file:///home/***/.ivy2/jars/org.apache.spark_spark-sql-kafka-0-10_2.12-3.5.1.jar at file:///home/***/.ivy2/jars/org.apache.spark_spark-sql-kafka-0-10_2.12-3.5.1.jar with timestamp 1761691388640
[2025-10-29T05:43:09.041+0700] {subprocess.py:93} INFO - 25/10/29 05:43:09 INFO Utils: Copying /home/***/.ivy2/jars/org.apache.spark_spark-sql-kafka-0-10_2.12-3.5.1.jar to /tmp/spark-9931193c-ca5f-40fd-a67a-0e00364a0a8d/userFiles-3e69c913-d6be-45fc-8df0-e8c6fa8005ba/org.apache.spark_spark-sql-kafka-0-10_2.12-3.5.1.jar
[2025-10-29T05:43:09.048+0700] {subprocess.py:93} INFO - 25/10/29 05:43:09 INFO SparkContext: Added file file:///home/***/.ivy2/jars/org.postgresql_postgresql-42.6.0.jar at file:///home/***/.ivy2/jars/org.postgresql_postgresql-42.6.0.jar with timestamp 1761691388640
[2025-10-29T05:43:09.048+0700] {subprocess.py:93} INFO - 25/10/29 05:43:09 INFO Utils: Copying /home/***/.ivy2/jars/org.postgresql_postgresql-42.6.0.jar to /tmp/spark-9931193c-ca5f-40fd-a67a-0e00364a0a8d/userFiles-3e69c913-d6be-45fc-8df0-e8c6fa8005ba/org.postgresql_postgresql-42.6.0.jar
[2025-10-29T05:43:09.051+0700] {subprocess.py:93} INFO - 25/10/29 05:43:09 INFO SparkContext: Added file file:///home/***/.ivy2/jars/org.apache.spark_spark-token-provider-kafka-0-10_2.12-3.5.1.jar at file:///home/***/.ivy2/jars/org.apache.spark_spark-token-provider-kafka-0-10_2.12-3.5.1.jar with timestamp 1761691388640
[2025-10-29T05:43:09.052+0700] {subprocess.py:93} INFO - 25/10/29 05:43:09 INFO Utils: Copying /home/***/.ivy2/jars/org.apache.spark_spark-token-provider-kafka-0-10_2.12-3.5.1.jar to /tmp/spark-9931193c-ca5f-40fd-a67a-0e00364a0a8d/userFiles-3e69c913-d6be-45fc-8df0-e8c6fa8005ba/org.apache.spark_spark-token-provider-kafka-0-10_2.12-3.5.1.jar
[2025-10-29T05:43:09.055+0700] {subprocess.py:93} INFO - 25/10/29 05:43:09 INFO SparkContext: Added file file:///home/***/.ivy2/jars/org.apache.kafka_kafka-clients-3.4.1.jar at file:///home/***/.ivy2/jars/org.apache.kafka_kafka-clients-3.4.1.jar with timestamp 1761691388640
[2025-10-29T05:43:09.055+0700] {subprocess.py:93} INFO - 25/10/29 05:43:09 INFO Utils: Copying /home/***/.ivy2/jars/org.apache.kafka_kafka-clients-3.4.1.jar to /tmp/spark-9931193c-ca5f-40fd-a67a-0e00364a0a8d/userFiles-3e69c913-d6be-45fc-8df0-e8c6fa8005ba/org.apache.kafka_kafka-clients-3.4.1.jar
[2025-10-29T05:43:09.060+0700] {subprocess.py:93} INFO - 25/10/29 05:43:09 INFO SparkContext: Added file file:///home/***/.ivy2/jars/com.google.code.findbugs_jsr305-3.0.0.jar at file:///home/***/.ivy2/jars/com.google.code.findbugs_jsr305-3.0.0.jar with timestamp 1761691388640
[2025-10-29T05:43:09.060+0700] {subprocess.py:93} INFO - 25/10/29 05:43:09 INFO Utils: Copying /home/***/.ivy2/jars/com.google.code.findbugs_jsr305-3.0.0.jar to /tmp/spark-9931193c-ca5f-40fd-a67a-0e00364a0a8d/userFiles-3e69c913-d6be-45fc-8df0-e8c6fa8005ba/com.google.code.findbugs_jsr305-3.0.0.jar
[2025-10-29T05:43:09.063+0700] {subprocess.py:93} INFO - 25/10/29 05:43:09 INFO SparkContext: Added file file:///home/***/.ivy2/jars/org.apache.commons_commons-pool2-2.11.1.jar at file:///home/***/.ivy2/jars/org.apache.commons_commons-pool2-2.11.1.jar with timestamp 1761691388640
[2025-10-29T05:43:09.063+0700] {subprocess.py:93} INFO - 25/10/29 05:43:09 INFO Utils: Copying /home/***/.ivy2/jars/org.apache.commons_commons-pool2-2.11.1.jar to /tmp/spark-9931193c-ca5f-40fd-a67a-0e00364a0a8d/userFiles-3e69c913-d6be-45fc-8df0-e8c6fa8005ba/org.apache.commons_commons-pool2-2.11.1.jar
[2025-10-29T05:43:09.066+0700] {subprocess.py:93} INFO - 25/10/29 05:43:09 INFO SparkContext: Added file file:///home/***/.ivy2/jars/org.apache.hadoop_hadoop-client-runtime-3.3.4.jar at file:///home/***/.ivy2/jars/org.apache.hadoop_hadoop-client-runtime-3.3.4.jar with timestamp 1761691388640
[2025-10-29T05:43:09.067+0700] {subprocess.py:93} INFO - 25/10/29 05:43:09 INFO Utils: Copying /home/***/.ivy2/jars/org.apache.hadoop_hadoop-client-runtime-3.3.4.jar to /tmp/spark-9931193c-ca5f-40fd-a67a-0e00364a0a8d/userFiles-3e69c913-d6be-45fc-8df0-e8c6fa8005ba/org.apache.hadoop_hadoop-client-runtime-3.3.4.jar
[2025-10-29T05:43:09.083+0700] {subprocess.py:93} INFO - 25/10/29 05:43:09 INFO SparkContext: Added file file:///home/***/.ivy2/jars/org.lz4_lz4-java-1.8.0.jar at file:///home/***/.ivy2/jars/org.lz4_lz4-java-1.8.0.jar with timestamp 1761691388640
[2025-10-29T05:43:09.083+0700] {subprocess.py:93} INFO - 25/10/29 05:43:09 INFO Utils: Copying /home/***/.ivy2/jars/org.lz4_lz4-java-1.8.0.jar to /tmp/spark-9931193c-ca5f-40fd-a67a-0e00364a0a8d/userFiles-3e69c913-d6be-45fc-8df0-e8c6fa8005ba/org.lz4_lz4-java-1.8.0.jar
[2025-10-29T05:43:09.086+0700] {subprocess.py:93} INFO - 25/10/29 05:43:09 INFO SparkContext: Added file file:///home/***/.ivy2/jars/org.xerial.snappy_snappy-java-1.1.10.3.jar at file:///home/***/.ivy2/jars/org.xerial.snappy_snappy-java-1.1.10.3.jar with timestamp 1761691388640
[2025-10-29T05:43:09.086+0700] {subprocess.py:93} INFO - 25/10/29 05:43:09 INFO Utils: Copying /home/***/.ivy2/jars/org.xerial.snappy_snappy-java-1.1.10.3.jar to /tmp/spark-9931193c-ca5f-40fd-a67a-0e00364a0a8d/userFiles-3e69c913-d6be-45fc-8df0-e8c6fa8005ba/org.xerial.snappy_snappy-java-1.1.10.3.jar
[2025-10-29T05:43:09.089+0700] {subprocess.py:93} INFO - 25/10/29 05:43:09 INFO SparkContext: Added file file:///home/***/.ivy2/jars/org.slf4j_slf4j-api-2.0.7.jar at file:///home/***/.ivy2/jars/org.slf4j_slf4j-api-2.0.7.jar with timestamp 1761691388640
[2025-10-29T05:43:09.089+0700] {subprocess.py:93} INFO - 25/10/29 05:43:09 INFO Utils: Copying /home/***/.ivy2/jars/org.slf4j_slf4j-api-2.0.7.jar to /tmp/spark-9931193c-ca5f-40fd-a67a-0e00364a0a8d/userFiles-3e69c913-d6be-45fc-8df0-e8c6fa8005ba/org.slf4j_slf4j-api-2.0.7.jar
[2025-10-29T05:43:09.091+0700] {subprocess.py:93} INFO - 25/10/29 05:43:09 INFO SparkContext: Added file file:///home/***/.ivy2/jars/org.apache.hadoop_hadoop-client-api-3.3.4.jar at file:///home/***/.ivy2/jars/org.apache.hadoop_hadoop-client-api-3.3.4.jar with timestamp 1761691388640
[2025-10-29T05:43:09.092+0700] {subprocess.py:93} INFO - 25/10/29 05:43:09 INFO Utils: Copying /home/***/.ivy2/jars/org.apache.hadoop_hadoop-client-api-3.3.4.jar to /tmp/spark-9931193c-ca5f-40fd-a67a-0e00364a0a8d/userFiles-3e69c913-d6be-45fc-8df0-e8c6fa8005ba/org.apache.hadoop_hadoop-client-api-3.3.4.jar
[2025-10-29T05:43:09.100+0700] {subprocess.py:93} INFO - 25/10/29 05:43:09 INFO SparkContext: Added file file:///home/***/.ivy2/jars/commons-logging_commons-logging-1.1.3.jar at file:///home/***/.ivy2/jars/commons-logging_commons-logging-1.1.3.jar with timestamp 1761691388640
[2025-10-29T05:43:09.101+0700] {subprocess.py:93} INFO - 25/10/29 05:43:09 INFO Utils: Copying /home/***/.ivy2/jars/commons-logging_commons-logging-1.1.3.jar to /tmp/spark-9931193c-ca5f-40fd-a67a-0e00364a0a8d/userFiles-3e69c913-d6be-45fc-8df0-e8c6fa8005ba/commons-logging_commons-logging-1.1.3.jar
[2025-10-29T05:43:09.103+0700] {subprocess.py:93} INFO - 25/10/29 05:43:09 INFO SparkContext: Added file file:///home/***/.ivy2/jars/org.checkerframework_checker-qual-3.31.0.jar at file:///home/***/.ivy2/jars/org.checkerframework_checker-qual-3.31.0.jar with timestamp 1761691388640
[2025-10-29T05:43:09.103+0700] {subprocess.py:93} INFO - 25/10/29 05:43:09 INFO Utils: Copying /home/***/.ivy2/jars/org.checkerframework_checker-qual-3.31.0.jar to /tmp/spark-9931193c-ca5f-40fd-a67a-0e00364a0a8d/userFiles-3e69c913-d6be-45fc-8df0-e8c6fa8005ba/org.checkerframework_checker-qual-3.31.0.jar
[2025-10-29T05:43:09.133+0700] {subprocess.py:93} INFO - 25/10/29 05:43:09 INFO Executor: Starting executor ID driver on host 6f0586100d56
[2025-10-29T05:43:09.133+0700] {subprocess.py:93} INFO - 25/10/29 05:43:09 INFO Executor: OS info Linux, 6.14.0-33-generic, amd64
[2025-10-29T05:43:09.134+0700] {subprocess.py:93} INFO - 25/10/29 05:43:09 INFO Executor: Java version 17.0.17
[2025-10-29T05:43:09.136+0700] {subprocess.py:93} INFO - 25/10/29 05:43:09 INFO Executor: Starting executor with user classpath (userClassPathFirst = false): ''
[2025-10-29T05:43:09.136+0700] {subprocess.py:93} INFO - 25/10/29 05:43:09 INFO Executor: Created or updated repl class loader org.apache.spark.util.MutableURLClassLoader@4bce4cca for default.
[2025-10-29T05:43:09.142+0700] {subprocess.py:93} INFO - 25/10/29 05:43:09 INFO Executor: Fetching file:///home/***/.ivy2/jars/org.apache.spark_spark-sql-kafka-0-10_2.12-3.5.1.jar with timestamp 1761691388640
[2025-10-29T05:43:09.153+0700] {subprocess.py:93} INFO - 25/10/29 05:43:09 INFO Utils: /home/***/.ivy2/jars/org.apache.spark_spark-sql-kafka-0-10_2.12-3.5.1.jar has been previously copied to /tmp/spark-9931193c-ca5f-40fd-a67a-0e00364a0a8d/userFiles-3e69c913-d6be-45fc-8df0-e8c6fa8005ba/org.apache.spark_spark-sql-kafka-0-10_2.12-3.5.1.jar
[2025-10-29T05:43:09.156+0700] {subprocess.py:93} INFO - 25/10/29 05:43:09 INFO Executor: Fetching file:///home/***/.ivy2/jars/org.apache.hadoop_hadoop-client-runtime-3.3.4.jar with timestamp 1761691388640
[2025-10-29T05:43:09.171+0700] {subprocess.py:93} INFO - 25/10/29 05:43:09 INFO Utils: /home/***/.ivy2/jars/org.apache.hadoop_hadoop-client-runtime-3.3.4.jar has been previously copied to /tmp/spark-9931193c-ca5f-40fd-a67a-0e00364a0a8d/userFiles-3e69c913-d6be-45fc-8df0-e8c6fa8005ba/org.apache.hadoop_hadoop-client-runtime-3.3.4.jar
[2025-10-29T05:43:09.174+0700] {subprocess.py:93} INFO - 25/10/29 05:43:09 INFO Executor: Fetching file:///home/***/.ivy2/jars/org.apache.hadoop_hadoop-client-api-3.3.4.jar with timestamp 1761691388640
[2025-10-29T05:43:09.184+0700] {subprocess.py:93} INFO - 25/10/29 05:43:09 INFO Utils: /home/***/.ivy2/jars/org.apache.hadoop_hadoop-client-api-3.3.4.jar has been previously copied to /tmp/spark-9931193c-ca5f-40fd-a67a-0e00364a0a8d/userFiles-3e69c913-d6be-45fc-8df0-e8c6fa8005ba/org.apache.hadoop_hadoop-client-api-3.3.4.jar
[2025-10-29T05:43:09.186+0700] {subprocess.py:93} INFO - 25/10/29 05:43:09 INFO Executor: Fetching file:///home/***/.ivy2/jars/org.apache.spark_spark-token-provider-kafka-0-10_2.12-3.5.1.jar with timestamp 1761691388640
[2025-10-29T05:43:09.187+0700] {subprocess.py:93} INFO - 25/10/29 05:43:09 INFO Utils: /home/***/.ivy2/jars/org.apache.spark_spark-token-provider-kafka-0-10_2.12-3.5.1.jar has been previously copied to /tmp/spark-9931193c-ca5f-40fd-a67a-0e00364a0a8d/userFiles-3e69c913-d6be-45fc-8df0-e8c6fa8005ba/org.apache.spark_spark-token-provider-kafka-0-10_2.12-3.5.1.jar
[2025-10-29T05:43:09.189+0700] {subprocess.py:93} INFO - 25/10/29 05:43:09 INFO Executor: Fetching file:///home/***/.ivy2/jars/com.google.code.findbugs_jsr305-3.0.0.jar with timestamp 1761691388640
[2025-10-29T05:43:09.189+0700] {subprocess.py:93} INFO - 25/10/29 05:43:09 INFO Utils: /home/***/.ivy2/jars/com.google.code.findbugs_jsr305-3.0.0.jar has been previously copied to /tmp/spark-9931193c-ca5f-40fd-a67a-0e00364a0a8d/userFiles-3e69c913-d6be-45fc-8df0-e8c6fa8005ba/com.google.code.findbugs_jsr305-3.0.0.jar
[2025-10-29T05:43:09.191+0700] {subprocess.py:93} INFO - 25/10/29 05:43:09 INFO Executor: Fetching file:///home/***/.ivy2/jars/org.lz4_lz4-java-1.8.0.jar with timestamp 1761691388640
[2025-10-29T05:43:09.191+0700] {subprocess.py:93} INFO - 25/10/29 05:43:09 INFO Utils: /home/***/.ivy2/jars/org.lz4_lz4-java-1.8.0.jar has been previously copied to /tmp/spark-9931193c-ca5f-40fd-a67a-0e00364a0a8d/userFiles-3e69c913-d6be-45fc-8df0-e8c6fa8005ba/org.lz4_lz4-java-1.8.0.jar
[2025-10-29T05:43:09.193+0700] {subprocess.py:93} INFO - 25/10/29 05:43:09 INFO Executor: Fetching file:///home/***/.ivy2/jars/org.slf4j_slf4j-api-2.0.7.jar with timestamp 1761691388640
[2025-10-29T05:43:09.194+0700] {subprocess.py:93} INFO - 25/10/29 05:43:09 INFO Utils: /home/***/.ivy2/jars/org.slf4j_slf4j-api-2.0.7.jar has been previously copied to /tmp/spark-9931193c-ca5f-40fd-a67a-0e00364a0a8d/userFiles-3e69c913-d6be-45fc-8df0-e8c6fa8005ba/org.slf4j_slf4j-api-2.0.7.jar
[2025-10-29T05:43:09.196+0700] {subprocess.py:93} INFO - 25/10/29 05:43:09 INFO Executor: Fetching file:///home/***/.ivy2/jars/org.checkerframework_checker-qual-3.31.0.jar with timestamp 1761691388640
[2025-10-29T05:43:09.196+0700] {subprocess.py:93} INFO - 25/10/29 05:43:09 INFO Utils: /home/***/.ivy2/jars/org.checkerframework_checker-qual-3.31.0.jar has been previously copied to /tmp/spark-9931193c-ca5f-40fd-a67a-0e00364a0a8d/userFiles-3e69c913-d6be-45fc-8df0-e8c6fa8005ba/org.checkerframework_checker-qual-3.31.0.jar
[2025-10-29T05:43:09.198+0700] {subprocess.py:93} INFO - 25/10/29 05:43:09 INFO Executor: Fetching file:///home/***/.ivy2/jars/org.apache.commons_commons-pool2-2.11.1.jar with timestamp 1761691388640
[2025-10-29T05:43:09.198+0700] {subprocess.py:93} INFO - 25/10/29 05:43:09 INFO Utils: /home/***/.ivy2/jars/org.apache.commons_commons-pool2-2.11.1.jar has been previously copied to /tmp/spark-9931193c-ca5f-40fd-a67a-0e00364a0a8d/userFiles-3e69c913-d6be-45fc-8df0-e8c6fa8005ba/org.apache.commons_commons-pool2-2.11.1.jar
[2025-10-29T05:43:09.200+0700] {subprocess.py:93} INFO - 25/10/29 05:43:09 INFO Executor: Fetching file:///home/***/.ivy2/jars/commons-logging_commons-logging-1.1.3.jar with timestamp 1761691388640
[2025-10-29T05:43:09.200+0700] {subprocess.py:93} INFO - 25/10/29 05:43:09 INFO Utils: /home/***/.ivy2/jars/commons-logging_commons-logging-1.1.3.jar has been previously copied to /tmp/spark-9931193c-ca5f-40fd-a67a-0e00364a0a8d/userFiles-3e69c913-d6be-45fc-8df0-e8c6fa8005ba/commons-logging_commons-logging-1.1.3.jar
[2025-10-29T05:43:09.202+0700] {subprocess.py:93} INFO - 25/10/29 05:43:09 INFO Executor: Fetching file:///home/***/.ivy2/jars/org.xerial.snappy_snappy-java-1.1.10.3.jar with timestamp 1761691388640
[2025-10-29T05:43:09.203+0700] {subprocess.py:93} INFO - 25/10/29 05:43:09 INFO Utils: /home/***/.ivy2/jars/org.xerial.snappy_snappy-java-1.1.10.3.jar has been previously copied to /tmp/spark-9931193c-ca5f-40fd-a67a-0e00364a0a8d/userFiles-3e69c913-d6be-45fc-8df0-e8c6fa8005ba/org.xerial.snappy_snappy-java-1.1.10.3.jar
[2025-10-29T05:43:09.205+0700] {subprocess.py:93} INFO - 25/10/29 05:43:09 INFO Executor: Fetching file:///home/***/.ivy2/jars/org.postgresql_postgresql-42.6.0.jar with timestamp 1761691388640
[2025-10-29T05:43:09.206+0700] {subprocess.py:93} INFO - 25/10/29 05:43:09 INFO Utils: /home/***/.ivy2/jars/org.postgresql_postgresql-42.6.0.jar has been previously copied to /tmp/spark-9931193c-ca5f-40fd-a67a-0e00364a0a8d/userFiles-3e69c913-d6be-45fc-8df0-e8c6fa8005ba/org.postgresql_postgresql-42.6.0.jar
[2025-10-29T05:43:09.208+0700] {subprocess.py:93} INFO - 25/10/29 05:43:09 INFO Executor: Fetching file:///home/***/.ivy2/jars/org.apache.kafka_kafka-clients-3.4.1.jar with timestamp 1761691388640
[2025-10-29T05:43:09.211+0700] {subprocess.py:93} INFO - 25/10/29 05:43:09 INFO Utils: /home/***/.ivy2/jars/org.apache.kafka_kafka-clients-3.4.1.jar has been previously copied to /tmp/spark-9931193c-ca5f-40fd-a67a-0e00364a0a8d/userFiles-3e69c913-d6be-45fc-8df0-e8c6fa8005ba/org.apache.kafka_kafka-clients-3.4.1.jar
[2025-10-29T05:43:09.214+0700] {subprocess.py:93} INFO - 25/10/29 05:43:09 INFO Executor: Fetching spark://6f0586100d56:36023/jars/org.lz4_lz4-java-1.8.0.jar with timestamp 1761691388640
[2025-10-29T05:43:09.234+0700] {subprocess.py:93} INFO - 25/10/29 05:43:09 INFO TransportClientFactory: Successfully created connection to 6f0586100d56/172.18.0.9:36023 after 12 ms (0 ms spent in bootstraps)
[2025-10-29T05:43:09.236+0700] {subprocess.py:93} INFO - 25/10/29 05:43:09 INFO Utils: Fetching spark://6f0586100d56:36023/jars/org.lz4_lz4-java-1.8.0.jar to /tmp/spark-9931193c-ca5f-40fd-a67a-0e00364a0a8d/userFiles-3e69c913-d6be-45fc-8df0-e8c6fa8005ba/fetchFileTemp609309907298895070.tmp
[2025-10-29T05:43:09.247+0700] {subprocess.py:93} INFO - 25/10/29 05:43:09 INFO Utils: /tmp/spark-9931193c-ca5f-40fd-a67a-0e00364a0a8d/userFiles-3e69c913-d6be-45fc-8df0-e8c6fa8005ba/fetchFileTemp609309907298895070.tmp has been previously copied to /tmp/spark-9931193c-ca5f-40fd-a67a-0e00364a0a8d/userFiles-3e69c913-d6be-45fc-8df0-e8c6fa8005ba/org.lz4_lz4-java-1.8.0.jar
[2025-10-29T05:43:09.251+0700] {subprocess.py:93} INFO - 25/10/29 05:43:09 INFO Executor: Adding file:/tmp/spark-9931193c-ca5f-40fd-a67a-0e00364a0a8d/userFiles-3e69c913-d6be-45fc-8df0-e8c6fa8005ba/org.lz4_lz4-java-1.8.0.jar to class loader default
[2025-10-29T05:43:09.252+0700] {subprocess.py:93} INFO - 25/10/29 05:43:09 INFO Executor: Fetching spark://6f0586100d56:36023/jars/com.google.code.findbugs_jsr305-3.0.0.jar with timestamp 1761691388640
[2025-10-29T05:43:09.252+0700] {subprocess.py:93} INFO - 25/10/29 05:43:09 INFO Utils: Fetching spark://6f0586100d56:36023/jars/com.google.code.findbugs_jsr305-3.0.0.jar to /tmp/spark-9931193c-ca5f-40fd-a67a-0e00364a0a8d/userFiles-3e69c913-d6be-45fc-8df0-e8c6fa8005ba/fetchFileTemp1211685346005054888.tmp
[2025-10-29T05:43:09.253+0700] {subprocess.py:93} INFO - 25/10/29 05:43:09 INFO Utils: /tmp/spark-9931193c-ca5f-40fd-a67a-0e00364a0a8d/userFiles-3e69c913-d6be-45fc-8df0-e8c6fa8005ba/fetchFileTemp1211685346005054888.tmp has been previously copied to /tmp/spark-9931193c-ca5f-40fd-a67a-0e00364a0a8d/userFiles-3e69c913-d6be-45fc-8df0-e8c6fa8005ba/com.google.code.findbugs_jsr305-3.0.0.jar
[2025-10-29T05:43:09.255+0700] {subprocess.py:93} INFO - 25/10/29 05:43:09 INFO Executor: Adding file:/tmp/spark-9931193c-ca5f-40fd-a67a-0e00364a0a8d/userFiles-3e69c913-d6be-45fc-8df0-e8c6fa8005ba/com.google.code.findbugs_jsr305-3.0.0.jar to class loader default
[2025-10-29T05:43:09.255+0700] {subprocess.py:93} INFO - 25/10/29 05:43:09 INFO Executor: Fetching spark://6f0586100d56:36023/jars/org.apache.spark_spark-token-provider-kafka-0-10_2.12-3.5.1.jar with timestamp 1761691388640
[2025-10-29T05:43:09.255+0700] {subprocess.py:93} INFO - 25/10/29 05:43:09 INFO Utils: Fetching spark://6f0586100d56:36023/jars/org.apache.spark_spark-token-provider-kafka-0-10_2.12-3.5.1.jar to /tmp/spark-9931193c-ca5f-40fd-a67a-0e00364a0a8d/userFiles-3e69c913-d6be-45fc-8df0-e8c6fa8005ba/fetchFileTemp5837469711503431728.tmp
[2025-10-29T05:43:09.256+0700] {subprocess.py:93} INFO - 25/10/29 05:43:09 INFO Utils: /tmp/spark-9931193c-ca5f-40fd-a67a-0e00364a0a8d/userFiles-3e69c913-d6be-45fc-8df0-e8c6fa8005ba/fetchFileTemp5837469711503431728.tmp has been previously copied to /tmp/spark-9931193c-ca5f-40fd-a67a-0e00364a0a8d/userFiles-3e69c913-d6be-45fc-8df0-e8c6fa8005ba/org.apache.spark_spark-token-provider-kafka-0-10_2.12-3.5.1.jar
[2025-10-29T05:43:09.258+0700] {subprocess.py:93} INFO - 25/10/29 05:43:09 INFO Executor: Adding file:/tmp/spark-9931193c-ca5f-40fd-a67a-0e00364a0a8d/userFiles-3e69c913-d6be-45fc-8df0-e8c6fa8005ba/org.apache.spark_spark-token-provider-kafka-0-10_2.12-3.5.1.jar to class loader default
[2025-10-29T05:43:09.258+0700] {subprocess.py:93} INFO - 25/10/29 05:43:09 INFO Executor: Fetching spark://6f0586100d56:36023/jars/org.apache.kafka_kafka-clients-3.4.1.jar with timestamp 1761691388640
[2025-10-29T05:43:09.258+0700] {subprocess.py:93} INFO - 25/10/29 05:43:09 INFO Utils: Fetching spark://6f0586100d56:36023/jars/org.apache.kafka_kafka-clients-3.4.1.jar to /tmp/spark-9931193c-ca5f-40fd-a67a-0e00364a0a8d/userFiles-3e69c913-d6be-45fc-8df0-e8c6fa8005ba/fetchFileTemp4800393554206840541.tmp
[2025-10-29T05:43:09.269+0700] {subprocess.py:93} INFO - 25/10/29 05:43:09 INFO Utils: /tmp/spark-9931193c-ca5f-40fd-a67a-0e00364a0a8d/userFiles-3e69c913-d6be-45fc-8df0-e8c6fa8005ba/fetchFileTemp4800393554206840541.tmp has been previously copied to /tmp/spark-9931193c-ca5f-40fd-a67a-0e00364a0a8d/userFiles-3e69c913-d6be-45fc-8df0-e8c6fa8005ba/org.apache.kafka_kafka-clients-3.4.1.jar
[2025-10-29T05:43:09.278+0700] {subprocess.py:93} INFO - 25/10/29 05:43:09 INFO Executor: Adding file:/tmp/spark-9931193c-ca5f-40fd-a67a-0e00364a0a8d/userFiles-3e69c913-d6be-45fc-8df0-e8c6fa8005ba/org.apache.kafka_kafka-clients-3.4.1.jar to class loader default
[2025-10-29T05:43:09.279+0700] {subprocess.py:93} INFO - 25/10/29 05:43:09 INFO Executor: Fetching spark://6f0586100d56:36023/jars/org.slf4j_slf4j-api-2.0.7.jar with timestamp 1761691388640
[2025-10-29T05:43:09.279+0700] {subprocess.py:93} INFO - 25/10/29 05:43:09 INFO Utils: Fetching spark://6f0586100d56:36023/jars/org.slf4j_slf4j-api-2.0.7.jar to /tmp/spark-9931193c-ca5f-40fd-a67a-0e00364a0a8d/userFiles-3e69c913-d6be-45fc-8df0-e8c6fa8005ba/fetchFileTemp4287695976607279273.tmp
[2025-10-29T05:43:09.280+0700] {subprocess.py:93} INFO - 25/10/29 05:43:09 INFO Utils: /tmp/spark-9931193c-ca5f-40fd-a67a-0e00364a0a8d/userFiles-3e69c913-d6be-45fc-8df0-e8c6fa8005ba/fetchFileTemp4287695976607279273.tmp has been previously copied to /tmp/spark-9931193c-ca5f-40fd-a67a-0e00364a0a8d/userFiles-3e69c913-d6be-45fc-8df0-e8c6fa8005ba/org.slf4j_slf4j-api-2.0.7.jar
[2025-10-29T05:43:09.282+0700] {subprocess.py:93} INFO - 25/10/29 05:43:09 INFO Executor: Adding file:/tmp/spark-9931193c-ca5f-40fd-a67a-0e00364a0a8d/userFiles-3e69c913-d6be-45fc-8df0-e8c6fa8005ba/org.slf4j_slf4j-api-2.0.7.jar to class loader default
[2025-10-29T05:43:09.282+0700] {subprocess.py:93} INFO - 25/10/29 05:43:09 INFO Executor: Fetching spark://6f0586100d56:36023/jars/org.checkerframework_checker-qual-3.31.0.jar with timestamp 1761691388640
[2025-10-29T05:43:09.282+0700] {subprocess.py:93} INFO - 25/10/29 05:43:09 INFO Utils: Fetching spark://6f0586100d56:36023/jars/org.checkerframework_checker-qual-3.31.0.jar to /tmp/spark-9931193c-ca5f-40fd-a67a-0e00364a0a8d/userFiles-3e69c913-d6be-45fc-8df0-e8c6fa8005ba/fetchFileTemp14798562079734111690.tmp
[2025-10-29T05:43:09.283+0700] {subprocess.py:93} INFO - 25/10/29 05:43:09 INFO Utils: /tmp/spark-9931193c-ca5f-40fd-a67a-0e00364a0a8d/userFiles-3e69c913-d6be-45fc-8df0-e8c6fa8005ba/fetchFileTemp14798562079734111690.tmp has been previously copied to /tmp/spark-9931193c-ca5f-40fd-a67a-0e00364a0a8d/userFiles-3e69c913-d6be-45fc-8df0-e8c6fa8005ba/org.checkerframework_checker-qual-3.31.0.jar
[2025-10-29T05:43:09.286+0700] {subprocess.py:93} INFO - 25/10/29 05:43:09 INFO Executor: Adding file:/tmp/spark-9931193c-ca5f-40fd-a67a-0e00364a0a8d/userFiles-3e69c913-d6be-45fc-8df0-e8c6fa8005ba/org.checkerframework_checker-qual-3.31.0.jar to class loader default
[2025-10-29T05:43:09.286+0700] {subprocess.py:93} INFO - 25/10/29 05:43:09 INFO Executor: Fetching spark://6f0586100d56:36023/jars/org.apache.hadoop_hadoop-client-runtime-3.3.4.jar with timestamp 1761691388640
[2025-10-29T05:43:09.286+0700] {subprocess.py:93} INFO - 25/10/29 05:43:09 INFO Utils: Fetching spark://6f0586100d56:36023/jars/org.apache.hadoop_hadoop-client-runtime-3.3.4.jar to /tmp/spark-9931193c-ca5f-40fd-a67a-0e00364a0a8d/userFiles-3e69c913-d6be-45fc-8df0-e8c6fa8005ba/fetchFileTemp2232941219750004694.tmp
[2025-10-29T05:43:09.379+0700] {subprocess.py:93} INFO - 25/10/29 05:43:09 INFO Utils: /tmp/spark-9931193c-ca5f-40fd-a67a-0e00364a0a8d/userFiles-3e69c913-d6be-45fc-8df0-e8c6fa8005ba/fetchFileTemp2232941219750004694.tmp has been previously copied to /tmp/spark-9931193c-ca5f-40fd-a67a-0e00364a0a8d/userFiles-3e69c913-d6be-45fc-8df0-e8c6fa8005ba/org.apache.hadoop_hadoop-client-runtime-3.3.4.jar
[2025-10-29T05:43:09.448+0700] {subprocess.py:93} INFO - 25/10/29 05:43:09 INFO Executor: Adding file:/tmp/spark-9931193c-ca5f-40fd-a67a-0e00364a0a8d/userFiles-3e69c913-d6be-45fc-8df0-e8c6fa8005ba/org.apache.hadoop_hadoop-client-runtime-3.3.4.jar to class loader default
[2025-10-29T05:43:09.449+0700] {subprocess.py:93} INFO - 25/10/29 05:43:09 INFO Executor: Fetching spark://6f0586100d56:36023/jars/org.postgresql_postgresql-42.6.0.jar with timestamp 1761691388640
[2025-10-29T05:43:09.450+0700] {subprocess.py:93} INFO - 25/10/29 05:43:09 INFO Utils: Fetching spark://6f0586100d56:36023/jars/org.postgresql_postgresql-42.6.0.jar to /tmp/spark-9931193c-ca5f-40fd-a67a-0e00364a0a8d/userFiles-3e69c913-d6be-45fc-8df0-e8c6fa8005ba/fetchFileTemp2905909289228835918.tmp
[2025-10-29T05:43:09.454+0700] {subprocess.py:93} INFO - 25/10/29 05:43:09 INFO Utils: /tmp/spark-9931193c-ca5f-40fd-a67a-0e00364a0a8d/userFiles-3e69c913-d6be-45fc-8df0-e8c6fa8005ba/fetchFileTemp2905909289228835918.tmp has been previously copied to /tmp/spark-9931193c-ca5f-40fd-a67a-0e00364a0a8d/userFiles-3e69c913-d6be-45fc-8df0-e8c6fa8005ba/org.postgresql_postgresql-42.6.0.jar
[2025-10-29T05:43:09.458+0700] {subprocess.py:93} INFO - 25/10/29 05:43:09 INFO Executor: Adding file:/tmp/spark-9931193c-ca5f-40fd-a67a-0e00364a0a8d/userFiles-3e69c913-d6be-45fc-8df0-e8c6fa8005ba/org.postgresql_postgresql-42.6.0.jar to class loader default
[2025-10-29T05:43:09.459+0700] {subprocess.py:93} INFO - 25/10/29 05:43:09 INFO Executor: Fetching spark://6f0586100d56:36023/jars/org.apache.hadoop_hadoop-client-api-3.3.4.jar with timestamp 1761691388640
[2025-10-29T05:43:09.459+0700] {subprocess.py:93} INFO - 25/10/29 05:43:09 INFO Utils: Fetching spark://6f0586100d56:36023/jars/org.apache.hadoop_hadoop-client-api-3.3.4.jar to /tmp/spark-9931193c-ca5f-40fd-a67a-0e00364a0a8d/userFiles-3e69c913-d6be-45fc-8df0-e8c6fa8005ba/fetchFileTemp16881006441359342949.tmp
[2025-10-29T05:43:09.522+0700] {subprocess.py:93} INFO - 25/10/29 05:43:09 INFO Utils: /tmp/spark-9931193c-ca5f-40fd-a67a-0e00364a0a8d/userFiles-3e69c913-d6be-45fc-8df0-e8c6fa8005ba/fetchFileTemp16881006441359342949.tmp has been previously copied to /tmp/spark-9931193c-ca5f-40fd-a67a-0e00364a0a8d/userFiles-3e69c913-d6be-45fc-8df0-e8c6fa8005ba/org.apache.hadoop_hadoop-client-api-3.3.4.jar
[2025-10-29T05:43:09.526+0700] {subprocess.py:93} INFO - 25/10/29 05:43:09 INFO Executor: Adding file:/tmp/spark-9931193c-ca5f-40fd-a67a-0e00364a0a8d/userFiles-3e69c913-d6be-45fc-8df0-e8c6fa8005ba/org.apache.hadoop_hadoop-client-api-3.3.4.jar to class loader default
[2025-10-29T05:43:09.527+0700] {subprocess.py:93} INFO - 25/10/29 05:43:09 INFO Executor: Fetching spark://6f0586100d56:36023/jars/org.apache.spark_spark-sql-kafka-0-10_2.12-3.5.1.jar with timestamp 1761691388640
[2025-10-29T05:43:09.527+0700] {subprocess.py:93} INFO - 25/10/29 05:43:09 INFO Utils: Fetching spark://6f0586100d56:36023/jars/org.apache.spark_spark-sql-kafka-0-10_2.12-3.5.1.jar to /tmp/spark-9931193c-ca5f-40fd-a67a-0e00364a0a8d/userFiles-3e69c913-d6be-45fc-8df0-e8c6fa8005ba/fetchFileTemp7184087393656850101.tmp
[2025-10-29T05:43:09.528+0700] {subprocess.py:93} INFO - 25/10/29 05:43:09 INFO Utils: /tmp/spark-9931193c-ca5f-40fd-a67a-0e00364a0a8d/userFiles-3e69c913-d6be-45fc-8df0-e8c6fa8005ba/fetchFileTemp7184087393656850101.tmp has been previously copied to /tmp/spark-9931193c-ca5f-40fd-a67a-0e00364a0a8d/userFiles-3e69c913-d6be-45fc-8df0-e8c6fa8005ba/org.apache.spark_spark-sql-kafka-0-10_2.12-3.5.1.jar
[2025-10-29T05:43:09.531+0700] {subprocess.py:93} INFO - 25/10/29 05:43:09 INFO Executor: Adding file:/tmp/spark-9931193c-ca5f-40fd-a67a-0e00364a0a8d/userFiles-3e69c913-d6be-45fc-8df0-e8c6fa8005ba/org.apache.spark_spark-sql-kafka-0-10_2.12-3.5.1.jar to class loader default
[2025-10-29T05:43:09.531+0700] {subprocess.py:93} INFO - 25/10/29 05:43:09 INFO Executor: Fetching spark://6f0586100d56:36023/jars/org.xerial.snappy_snappy-java-1.1.10.3.jar with timestamp 1761691388640
[2025-10-29T05:43:09.531+0700] {subprocess.py:93} INFO - 25/10/29 05:43:09 INFO Utils: Fetching spark://6f0586100d56:36023/jars/org.xerial.snappy_snappy-java-1.1.10.3.jar to /tmp/spark-9931193c-ca5f-40fd-a67a-0e00364a0a8d/userFiles-3e69c913-d6be-45fc-8df0-e8c6fa8005ba/fetchFileTemp12574771948778970085.tmp
[2025-10-29T05:43:09.534+0700] {subprocess.py:93} INFO - 25/10/29 05:43:09 INFO Utils: /tmp/spark-9931193c-ca5f-40fd-a67a-0e00364a0a8d/userFiles-3e69c913-d6be-45fc-8df0-e8c6fa8005ba/fetchFileTemp12574771948778970085.tmp has been previously copied to /tmp/spark-9931193c-ca5f-40fd-a67a-0e00364a0a8d/userFiles-3e69c913-d6be-45fc-8df0-e8c6fa8005ba/org.xerial.snappy_snappy-java-1.1.10.3.jar
[2025-10-29T05:43:09.540+0700] {subprocess.py:93} INFO - 25/10/29 05:43:09 INFO Executor: Adding file:/tmp/spark-9931193c-ca5f-40fd-a67a-0e00364a0a8d/userFiles-3e69c913-d6be-45fc-8df0-e8c6fa8005ba/org.xerial.snappy_snappy-java-1.1.10.3.jar to class loader default
[2025-10-29T05:43:09.540+0700] {subprocess.py:93} INFO - 25/10/29 05:43:09 INFO Executor: Fetching spark://6f0586100d56:36023/jars/commons-logging_commons-logging-1.1.3.jar with timestamp 1761691388640
[2025-10-29T05:43:09.540+0700] {subprocess.py:93} INFO - 25/10/29 05:43:09 INFO Utils: Fetching spark://6f0586100d56:36023/jars/commons-logging_commons-logging-1.1.3.jar to /tmp/spark-9931193c-ca5f-40fd-a67a-0e00364a0a8d/userFiles-3e69c913-d6be-45fc-8df0-e8c6fa8005ba/fetchFileTemp5262991014655547669.tmp
[2025-10-29T05:43:09.541+0700] {subprocess.py:93} INFO - 25/10/29 05:43:09 INFO Utils: /tmp/spark-9931193c-ca5f-40fd-a67a-0e00364a0a8d/userFiles-3e69c913-d6be-45fc-8df0-e8c6fa8005ba/fetchFileTemp5262991014655547669.tmp has been previously copied to /tmp/spark-9931193c-ca5f-40fd-a67a-0e00364a0a8d/userFiles-3e69c913-d6be-45fc-8df0-e8c6fa8005ba/commons-logging_commons-logging-1.1.3.jar
[2025-10-29T05:43:09.543+0700] {subprocess.py:93} INFO - 25/10/29 05:43:09 INFO Executor: Adding file:/tmp/spark-9931193c-ca5f-40fd-a67a-0e00364a0a8d/userFiles-3e69c913-d6be-45fc-8df0-e8c6fa8005ba/commons-logging_commons-logging-1.1.3.jar to class loader default
[2025-10-29T05:43:09.544+0700] {subprocess.py:93} INFO - 25/10/29 05:43:09 INFO Executor: Fetching spark://6f0586100d56:36023/jars/org.apache.commons_commons-pool2-2.11.1.jar with timestamp 1761691388640
[2025-10-29T05:43:09.544+0700] {subprocess.py:93} INFO - 25/10/29 05:43:09 INFO Utils: Fetching spark://6f0586100d56:36023/jars/org.apache.commons_commons-pool2-2.11.1.jar to /tmp/spark-9931193c-ca5f-40fd-a67a-0e00364a0a8d/userFiles-3e69c913-d6be-45fc-8df0-e8c6fa8005ba/fetchFileTemp4217833187090096793.tmp
[2025-10-29T05:43:09.545+0700] {subprocess.py:93} INFO - 25/10/29 05:43:09 INFO Utils: /tmp/spark-9931193c-ca5f-40fd-a67a-0e00364a0a8d/userFiles-3e69c913-d6be-45fc-8df0-e8c6fa8005ba/fetchFileTemp4217833187090096793.tmp has been previously copied to /tmp/spark-9931193c-ca5f-40fd-a67a-0e00364a0a8d/userFiles-3e69c913-d6be-45fc-8df0-e8c6fa8005ba/org.apache.commons_commons-pool2-2.11.1.jar
[2025-10-29T05:43:09.547+0700] {subprocess.py:93} INFO - 25/10/29 05:43:09 INFO Executor: Adding file:/tmp/spark-9931193c-ca5f-40fd-a67a-0e00364a0a8d/userFiles-3e69c913-d6be-45fc-8df0-e8c6fa8005ba/org.apache.commons_commons-pool2-2.11.1.jar to class loader default
[2025-10-29T05:43:09.551+0700] {subprocess.py:93} INFO - 25/10/29 05:43:09 INFO Utils: Successfully started service 'org.apache.spark.network.netty.NettyBlockTransferService' on port 37865.
[2025-10-29T05:43:09.552+0700] {subprocess.py:93} INFO - 25/10/29 05:43:09 INFO NettyBlockTransferService: Server created on 6f0586100d56:37865
[2025-10-29T05:43:09.552+0700] {subprocess.py:93} INFO - 25/10/29 05:43:09 INFO BlockManager: Using org.apache.spark.storage.RandomBlockReplicationPolicy for block replication policy
[2025-10-29T05:43:09.555+0700] {subprocess.py:93} INFO - 25/10/29 05:43:09 INFO BlockManagerMaster: Registering BlockManager BlockManagerId(driver, 6f0586100d56, 37865, None)
[2025-10-29T05:43:09.557+0700] {subprocess.py:93} INFO - 25/10/29 05:43:09 INFO BlockManagerMasterEndpoint: Registering block manager 6f0586100d56:37865 with 434.4 MiB RAM, BlockManagerId(driver, 6f0586100d56, 37865, None)
[2025-10-29T05:43:09.558+0700] {subprocess.py:93} INFO - 25/10/29 05:43:09 INFO BlockManagerMaster: Registered BlockManager BlockManagerId(driver, 6f0586100d56, 37865, None)
[2025-10-29T05:43:09.559+0700] {subprocess.py:93} INFO - 25/10/29 05:43:09 INFO BlockManager: Initialized BlockManager: BlockManagerId(driver, 6f0586100d56, 37865, None)
[2025-10-29T05:43:11.397+0700] {subprocess.py:93} INFO - 25/10/29 05:43:11 WARN ResolveWriteToStream: spark.sql.adaptive.enabled is not supported in streaming DataFrames/Datasets and will be disabled.
[2025-10-29T05:43:11.485+0700] {subprocess.py:93} INFO - 🚀 Streaming job started — đang lắng nghe dữ liệu từ Kafka...
[2025-10-29T05:43:11.560+0700] {subprocess.py:93} INFO - 25/10/29 05:43:11 WARN AdminClientConfig: These configurations '[key.deserializer, value.deserializer, enable.auto.commit, max.poll.records, auto.offset.reset]' were supplied but are not used yet.
[2025-10-29T05:43:13.658+0700] {subprocess.py:93} INFO - 25/10/29 05:43:13 WARN KafkaDataConsumer: KafkaDataConsumer is not running in UninterruptibleThread. It may hang when KafkaDataConsumer's methods are interrupted because of KAFKA-1894
[2025-10-29T05:43:22.854+0700] {subprocess.py:93} INFO - 25/10/29 05:43:22 WARN KafkaDataConsumer: KafkaDataConsumer is not running in UninterruptibleThread. It may hang when KafkaDataConsumer's methods are interrupted because of KAFKA-1894
[2025-10-29T05:43:28.432+0700] {subprocess.py:93} INFO - 
[2025-10-29T05:43:28.432+0700] {subprocess.py:93} INFO - [Batch 0] Nhận 1 dòng, hiển thị 5 dòng đầu:
[2025-10-29T05:43:28.432+0700] {subprocess.py:93} INFO - [
[2025-10-29T05:43:28.432+0700] {subprocess.py:93} INFO -   {
[2025-10-29T05:43:28.432+0700] {subprocess.py:93} INFO -     "ReviewText": "Giày đẹp , nhưng góp ý là cần thay miếng đệm bên trong",
[2025-10-29T05:43:28.432+0700] {subprocess.py:93} INFO -     "Price": "NEU",
[2025-10-29T05:43:28.432+0700] {subprocess.py:93} INFO -     "Shipping": "NEG",
[2025-10-29T05:43:28.433+0700] {subprocess.py:93} INFO -     "Outlook": "POS",
[2025-10-29T05:43:28.433+0700] {subprocess.py:93} INFO -     "Quality": "NEG",
[2025-10-29T05:43:28.433+0700] {subprocess.py:93} INFO -     "Size": "NEG",
[2025-10-29T05:43:28.433+0700] {subprocess.py:93} INFO -     "Shop_Service": "NEG",
[2025-10-29T05:43:28.433+0700] {subprocess.py:93} INFO -     "General": "NEU",
[2025-10-29T05:43:28.434+0700] {subprocess.py:93} INFO -     "Others": "NEU"
[2025-10-29T05:43:28.434+0700] {subprocess.py:93} INFO -   }
[2025-10-29T05:43:28.434+0700] {subprocess.py:93} INFO - ]
[2025-10-29T05:43:28.434+0700] {subprocess.py:93} INFO - [Batch 0] 💥 Giả lập sự cố: crash mô phỏng.
[2025-10-29T05:43:28.437+0700] {subprocess.py:93} INFO - 25/10/29 05:43:28 ERROR MicroBatchExecution: Query [id = ee9f217f-0799-4655-a67b-42d3f313d3da, runId = 02a657d6-20cf-4094-9205-298356f930e4] terminated with error
[2025-10-29T05:43:28.437+0700] {subprocess.py:93} INFO - py4j.Py4JException: An exception was raised by the Python Proxy. Return Message: Traceback (most recent call last):
[2025-10-29T05:43:28.437+0700] {subprocess.py:93} INFO -   File "/home/***/.local/lib/python3.12/site-packages/pyspark/python/lib/py4j-0.10.9.7-src.zip/py4j/clientserver.py", line 617, in _call_proxy
[2025-10-29T05:43:28.437+0700] {subprocess.py:93} INFO -     return_value = getattr(self.pool[obj_id], method)(*params)
[2025-10-29T05:43:28.437+0700] {subprocess.py:93} INFO -                    ^^^^^^^^^^^^^^^^^^^^^^^^^^^^^^^^^^^^^^^^^^^
[2025-10-29T05:43:28.438+0700] {subprocess.py:93} INFO -   File "/home/***/.local/lib/python3.12/site-packages/pyspark/python/lib/pyspark.zip/pyspark/sql/utils.py", line 120, in call
[2025-10-29T05:43:28.438+0700] {subprocess.py:93} INFO -     raise e
[2025-10-29T05:43:28.438+0700] {subprocess.py:93} INFO -   File "/home/***/.local/lib/python3.12/site-packages/pyspark/python/lib/pyspark.zip/pyspark/sql/utils.py", line 117, in call
[2025-10-29T05:43:28.438+0700] {subprocess.py:93} INFO -     self.func(DataFrame(jdf, wrapped_session_jdf), batch_id)
[2025-10-29T05:43:28.438+0700] {subprocess.py:93} INFO -   File "/opt/***/projects/absa_streaming/scripts/consumer_postgres_streaming.py", line 138, in write_to_postgres
[2025-10-29T05:43:28.438+0700] {subprocess.py:93} INFO -     raise Exception(f"Simulated crash at batch {batch_id}")
[2025-10-29T05:43:28.438+0700] {subprocess.py:93} INFO - Exception: Simulated crash at batch 0
[2025-10-29T05:43:28.438+0700] {subprocess.py:93} INFO - 
[2025-10-29T05:43:28.438+0700] {subprocess.py:93} INFO - 	at py4j.Protocol.getReturnValue(Protocol.java:476)
[2025-10-29T05:43:28.438+0700] {subprocess.py:93} INFO - 	at py4j.reflection.PythonProxyHandler.invoke(PythonProxyHandler.java:108)
[2025-10-29T05:43:28.439+0700] {subprocess.py:93} INFO - 	at jdk.proxy3/jdk.proxy3.$Proxy32.call(Unknown Source)
[2025-10-29T05:43:28.439+0700] {subprocess.py:93} INFO - 	at org.apache.spark.sql.execution.streaming.sources.PythonForeachBatchHelper$.$anonfun$callForeachBatch$1(ForeachBatchSink.scala:53)
[2025-10-29T05:43:28.439+0700] {subprocess.py:93} INFO - 	at org.apache.spark.sql.execution.streaming.sources.PythonForeachBatchHelper$.$anonfun$callForeachBatch$1$adapted(ForeachBatchSink.scala:53)
[2025-10-29T05:43:28.439+0700] {subprocess.py:93} INFO - 	at org.apache.spark.sql.execution.streaming.sources.ForeachBatchSink.addBatch(ForeachBatchSink.scala:34)
[2025-10-29T05:43:28.439+0700] {subprocess.py:93} INFO - 	at org.apache.spark.sql.execution.streaming.MicroBatchExecution.$anonfun$runBatch$17(MicroBatchExecution.scala:732)
[2025-10-29T05:43:28.439+0700] {subprocess.py:93} INFO - 	at org.apache.spark.sql.execution.SQLExecution$.$anonfun$withNewExecutionId$6(SQLExecution.scala:125)
[2025-10-29T05:43:28.439+0700] {subprocess.py:93} INFO - 	at org.apache.spark.sql.execution.SQLExecution$.withSQLConfPropagated(SQLExecution.scala:201)
[2025-10-29T05:43:28.439+0700] {subprocess.py:93} INFO - 	at org.apache.spark.sql.execution.SQLExecution$.$anonfun$withNewExecutionId$1(SQLExecution.scala:108)
[2025-10-29T05:43:28.440+0700] {subprocess.py:93} INFO - 	at org.apache.spark.sql.SparkSession.withActive(SparkSession.scala:900)
[2025-10-29T05:43:28.440+0700] {subprocess.py:93} INFO - 	at org.apache.spark.sql.execution.SQLExecution$.withNewExecutionId(SQLExecution.scala:66)
[2025-10-29T05:43:28.440+0700] {subprocess.py:93} INFO - 	at org.apache.spark.sql.execution.streaming.MicroBatchExecution.$anonfun$runBatch$16(MicroBatchExecution.scala:729)
[2025-10-29T05:43:28.440+0700] {subprocess.py:93} INFO - 	at org.apache.spark.sql.execution.streaming.ProgressReporter.reportTimeTaken(ProgressReporter.scala:427)
[2025-10-29T05:43:28.440+0700] {subprocess.py:93} INFO - 	at org.apache.spark.sql.execution.streaming.ProgressReporter.reportTimeTaken$(ProgressReporter.scala:425)
[2025-10-29T05:43:28.440+0700] {subprocess.py:93} INFO - 	at org.apache.spark.sql.execution.streaming.StreamExecution.reportTimeTaken(StreamExecution.scala:67)
[2025-10-29T05:43:28.441+0700] {subprocess.py:93} INFO - 	at org.apache.spark.sql.execution.streaming.MicroBatchExecution.runBatch(MicroBatchExecution.scala:729)
[2025-10-29T05:43:28.441+0700] {subprocess.py:93} INFO - 	at org.apache.spark.sql.execution.streaming.MicroBatchExecution.$anonfun$runActivatedStream$2(MicroBatchExecution.scala:286)
[2025-10-29T05:43:28.441+0700] {subprocess.py:93} INFO - 	at scala.runtime.java8.JFunction0$mcV$sp.apply(JFunction0$mcV$sp.java:23)
[2025-10-29T05:43:28.441+0700] {subprocess.py:93} INFO - 	at org.apache.spark.sql.execution.streaming.ProgressReporter.reportTimeTaken(ProgressReporter.scala:427)
[2025-10-29T05:43:28.441+0700] {subprocess.py:93} INFO - 	at org.apache.spark.sql.execution.streaming.ProgressReporter.reportTimeTaken$(ProgressReporter.scala:425)
[2025-10-29T05:43:28.441+0700] {subprocess.py:93} INFO - 	at org.apache.spark.sql.execution.streaming.StreamExecution.reportTimeTaken(StreamExecution.scala:67)
[2025-10-29T05:43:28.441+0700] {subprocess.py:93} INFO - 	at org.apache.spark.sql.execution.streaming.MicroBatchExecution.$anonfun$runActivatedStream$1(MicroBatchExecution.scala:249)
[2025-10-29T05:43:28.442+0700] {subprocess.py:93} INFO - 	at org.apache.spark.sql.execution.streaming.ProcessingTimeExecutor.execute(TriggerExecutor.scala:67)
[2025-10-29T05:43:28.442+0700] {subprocess.py:93} INFO - 	at org.apache.spark.sql.execution.streaming.MicroBatchExecution.runActivatedStream(MicroBatchExecution.scala:239)
[2025-10-29T05:43:28.442+0700] {subprocess.py:93} INFO - 	at org.apache.spark.sql.execution.streaming.StreamExecution.$anonfun$runStream$1(StreamExecution.scala:311)
[2025-10-29T05:43:28.442+0700] {subprocess.py:93} INFO - 	at scala.runtime.java8.JFunction0$mcV$sp.apply(JFunction0$mcV$sp.java:23)
[2025-10-29T05:43:28.442+0700] {subprocess.py:93} INFO - 	at org.apache.spark.sql.SparkSession.withActive(SparkSession.scala:900)
[2025-10-29T05:43:28.442+0700] {subprocess.py:93} INFO - 	at org.apache.spark.sql.execution.streaming.StreamExecution.org$apache$spark$sql$execution$streaming$StreamExecution$$runStream(StreamExecution.scala:289)
[2025-10-29T05:43:28.442+0700] {subprocess.py:93} INFO - 	at org.apache.spark.sql.execution.streaming.StreamExecution$$anon$1.$anonfun$run$1(StreamExecution.scala:211)
[2025-10-29T05:43:28.443+0700] {subprocess.py:93} INFO - 	at scala.runtime.java8.JFunction0$mcV$sp.apply(JFunction0$mcV$sp.java:23)
[2025-10-29T05:43:28.443+0700] {subprocess.py:93} INFO - 	at org.apache.spark.JobArtifactSet$.withActiveJobArtifactState(JobArtifactSet.scala:94)
[2025-10-29T05:43:28.443+0700] {subprocess.py:93} INFO - 	at org.apache.spark.sql.execution.streaming.StreamExecution$$anon$1.run(StreamExecution.scala:211)
[2025-10-29T05:43:28.456+0700] {subprocess.py:93} INFO - Traceback (most recent call last):
[2025-10-29T05:43:28.457+0700] {subprocess.py:93} INFO -   File "/opt/***/projects/absa_streaming/scripts/consumer_postgres_streaming.py", line 175, in <module>
[2025-10-29T05:43:28.457+0700] {subprocess.py:93} INFO -     query.awaitTermination()
[2025-10-29T05:43:28.457+0700] {subprocess.py:93} INFO -   File "/home/***/.local/lib/python3.12/site-packages/pyspark/python/lib/pyspark.zip/pyspark/sql/streaming/query.py", line 221, in awaitTermination
[2025-10-29T05:43:28.457+0700] {subprocess.py:93} INFO -   File "/home/***/.local/lib/python3.12/site-packages/pyspark/python/lib/py4j-0.10.9.7-src.zip/py4j/java_gateway.py", line 1322, in __call__
[2025-10-29T05:43:28.457+0700] {subprocess.py:93} INFO -   File "/home/***/.local/lib/python3.12/site-packages/pyspark/python/lib/pyspark.zip/pyspark/errors/exceptions/captured.py", line 185, in deco
[2025-10-29T05:43:28.459+0700] {subprocess.py:93} INFO - pyspark.errors.exceptions.captured.StreamingQueryException: [STREAM_FAILED] Query [id = ee9f217f-0799-4655-a67b-42d3f313d3da, runId = 02a657d6-20cf-4094-9205-298356f930e4] terminated with exception: An exception was raised by the Python Proxy. Return Message: Traceback (most recent call last):
[2025-10-29T05:43:28.459+0700] {subprocess.py:93} INFO -   File "/home/***/.local/lib/python3.12/site-packages/pyspark/python/lib/py4j-0.10.9.7-src.zip/py4j/clientserver.py", line 617, in _call_proxy
[2025-10-29T05:43:28.459+0700] {subprocess.py:93} INFO -     return_value = getattr(self.pool[obj_id], method)(*params)
[2025-10-29T05:43:28.459+0700] {subprocess.py:93} INFO -                    ^^^^^^^^^^^^^^^^^^^^^^^^^^^^^^^^^^^^^^^^^^^
[2025-10-29T05:43:28.459+0700] {subprocess.py:93} INFO -   File "/home/***/.local/lib/python3.12/site-packages/pyspark/python/lib/pyspark.zip/pyspark/sql/utils.py", line 120, in call
[2025-10-29T05:43:28.460+0700] {subprocess.py:93} INFO -     raise e
[2025-10-29T05:43:28.460+0700] {subprocess.py:93} INFO -   File "/home/***/.local/lib/python3.12/site-packages/pyspark/python/lib/pyspark.zip/pyspark/sql/utils.py", line 117, in call
[2025-10-29T05:43:28.460+0700] {subprocess.py:93} INFO -     self.func(DataFrame(jdf, wrapped_session_jdf), batch_id)
[2025-10-29T05:43:28.460+0700] {subprocess.py:93} INFO -   File "/opt/***/projects/absa_streaming/scripts/consumer_postgres_streaming.py", line 138, in write_to_postgres
[2025-10-29T05:43:28.460+0700] {subprocess.py:93} INFO -     raise Exception(f"Simulated crash at batch {batch_id}")
[2025-10-29T05:43:28.460+0700] {subprocess.py:93} INFO - Exception: Simulated crash at batch 0
[2025-10-29T05:43:28.460+0700] {subprocess.py:93} INFO - 
[2025-10-29T05:43:28.860+0700] {subprocess.py:97} INFO - Command exited with return code 1
[2025-10-29T05:43:28.860+0700] {taskinstance.py:441} INFO - ::group::Post task execution logs
[2025-10-29T05:43:28.867+0700] {taskinstance.py:2890} ERROR - Task failed with exception
Traceback (most recent call last):
  File "/home/airflow/.local/lib/python3.12/site-packages/airflow/models/taskinstance.py", line 460, in _execute_task
    result = _execute_callable(context=context, **execute_callable_kwargs)
             ^^^^^^^^^^^^^^^^^^^^^^^^^^^^^^^^^^^^^^^^^^^^^^^^^^^^^^^^^^^^^
  File "/home/airflow/.local/lib/python3.12/site-packages/airflow/models/taskinstance.py", line 432, in _execute_callable
    return execute_callable(context=context, **execute_callable_kwargs)
           ^^^^^^^^^^^^^^^^^^^^^^^^^^^^^^^^^^^^^^^^^^^^^^^^^^^^^^^^^^^^
  File "/home/airflow/.local/lib/python3.12/site-packages/airflow/models/baseoperator.py", line 400, in wrapper
    return func(self, *args, **kwargs)
           ^^^^^^^^^^^^^^^^^^^^^^^^^^^
  File "/home/airflow/.local/lib/python3.12/site-packages/airflow/operators/bash.py", line 243, in execute
    raise AirflowException(
airflow.exceptions.AirflowException: Bash command failed. The command returned a non-zero exit code 1.
[2025-10-29T05:43:28.869+0700] {taskinstance.py:1205} INFO - Marking task as UP_FOR_RETRY. dag_id=absa_streaming_lifecycle_demo1, task_id=deploy_consumer, execution_date=20251028T210000, start_date=20251028T224303, end_date=20251028T224328
[2025-10-29T05:43:28.877+0700] {standard_task_runner.py:110} ERROR - Failed to execute job 8 for task deploy_consumer (Bash command failed. The command returned a non-zero exit code 1.; 4230)
[2025-10-29T05:43:28.886+0700] {local_task_job_runner.py:240} INFO - Task exited with return code 1
[2025-10-29T05:43:28.898+0700] {taskinstance.py:3482} INFO - 0 downstream tasks scheduled from follow-on schedule check
[2025-10-29T05:43:28.899+0700] {local_task_job_runner.py:222} INFO - ::endgroup::
